<?xml version="1.0" encoding="UTF-8"?>
<testsuite xmlns:xsi="http://www.w3.org/2001/XMLSchema-instance" xsi:noNamespaceSchemaLocation="https://maven.apache.org/surefire/maven-surefire-plugin/xsd/surefire-test-report-3.0.xsd" version="3.0" name="Sanitytesting.cellannotation" time="18.278" tests="5" errors="0" skipped="0" failures="1">
  <properties>
    <property name="java.specification.version" value="17"/>
    <property name="sun.jnu.encoding" value="UTF-8"/>
    <property name="java.class.path" value="/home/nathan/Desktop/automationtask/CellannotationAPI/target/test-classes:/home/nathan/Desktop/automationtask/CellannotationAPI/target/classes:/home/nathan/.m2/repository/io/rest-assured/rest-assured/5.3.1/rest-assured-5.3.1.jar:/home/nathan/.m2/repository/org/apache/groovy/groovy/4.0.11/groovy-4.0.11.jar:/home/nathan/.m2/repository/org/apache/groovy/groovy-xml/4.0.11/groovy-xml-4.0.11.jar:/home/nathan/.m2/repository/org/apache/httpcomponents/httpclient/4.5.13/httpclient-4.5.13.jar:/home/nathan/.m2/repository/org/apache/httpcomponents/httpcore/4.4.13/httpcore-4.4.13.jar:/home/nathan/.m2/repository/commons-logging/commons-logging/1.2/commons-logging-1.2.jar:/home/nathan/.m2/repository/commons-codec/commons-codec/1.11/commons-codec-1.11.jar:/home/nathan/.m2/repository/org/apache/httpcomponents/httpmime/4.5.13/httpmime-4.5.13.jar:/home/nathan/.m2/repository/org/hamcrest/hamcrest/2.2/hamcrest-2.2.jar:/home/nathan/.m2/repository/org/ccil/cowan/tagsoup/tagsoup/1.2.1/tagsoup-1.2.1.jar:/home/nathan/.m2/repository/io/rest-assured/xml-path/5.3.1/xml-path-5.3.1.jar:/home/nathan/.m2/repository/org/apache/commons/commons-lang3/3.11/commons-lang3-3.11.jar:/home/nathan/.m2/repository/io/rest-assured/json-path/5.3.1/json-path-5.3.1.jar:/home/nathan/.m2/repository/org/apache/groovy/groovy-json/4.0.11/groovy-json-4.0.11.jar:/home/nathan/.m2/repository/io/rest-assured/rest-assured-common/5.3.1/rest-assured-common-5.3.1.jar:/home/nathan/.m2/repository/org/json/json/20230618/json-20230618.jar:/home/nathan/.m2/repository/com/google/code/gson/gson/2.10.1/gson-2.10.1.jar:/home/nathan/.m2/repository/org/testng/testng/7.8.0/testng-7.8.0.jar:/home/nathan/.m2/repository/org/slf4j/slf4j-api/1.7.36/slf4j-api-1.7.36.jar:/home/nathan/.m2/repository/com/beust/jcommander/1.82/jcommander-1.82.jar:/home/nathan/.m2/repository/org/webjars/jquery/3.6.1/jquery-3.6.1.jar:/home/nathan/.m2/repository/com/github/scribejava/scribejava-apis/8.3.3/scribejava-apis-8.3.3.jar:/home/nathan/.m2/repository/com/github/scribejava/scribejava-core/8.3.3/scribejava-core-8.3.3.jar:/home/nathan/.m2/repository/com/github/scribejava/scribejava-java8/8.3.3/scribejava-java8-8.3.3.jar:/home/nathan/.m2/repository/com/fasterxml/jackson/core/jackson-databind/2.14.0/jackson-databind-2.14.0.jar:/home/nathan/.m2/repository/com/fasterxml/jackson/core/jackson-annotations/2.14.0/jackson-annotations-2.14.0.jar:/home/nathan/.m2/repository/com/fasterxml/jackson/core/jackson-core/2.14.0/jackson-core-2.14.0.jar:/home/nathan/.m2/repository/xml-apis/xml-apis/1.0.b2/xml-apis-1.0.b2.jar:/home/nathan/.m2/repository/io/rest-assured/json-schema-validator/5.1.1/json-schema-validator-5.1.1.jar:/home/nathan/.m2/repository/com/github/java-json-tools/json-schema-validator/2.2.14/json-schema-validator-2.2.14.jar:/home/nathan/.m2/repository/com/google/guava/guava/28.2-android/guava-28.2-android.jar:/home/nathan/.m2/repository/com/google/guava/failureaccess/1.0.1/failureaccess-1.0.1.jar:/home/nathan/.m2/repository/com/google/guava/listenablefuture/9999.0-empty-to-avoid-conflict-with-guava/listenablefuture-9999.0-empty-to-avoid-conflict-with-guava.jar:/home/nathan/.m2/repository/org/checkerframework/checker-compat-qual/2.5.5/checker-compat-qual-2.5.5.jar:/home/nathan/.m2/repository/com/google/errorprone/error_prone_annotations/2.3.4/error_prone_annotations-2.3.4.jar:/home/nathan/.m2/repository/com/google/j2objc/j2objc-annotations/1.3/j2objc-annotations-1.3.jar:/home/nathan/.m2/repository/com/github/java-json-tools/jackson-coreutils-equivalence/1.0/jackson-coreutils-equivalence-1.0.jar:/home/nathan/.m2/repository/com/github/java-json-tools/jackson-coreutils/2.0/jackson-coreutils-2.0.jar:/home/nathan/.m2/repository/com/github/java-json-tools/msg-simple/1.2/msg-simple-1.2.jar:/home/nathan/.m2/repository/com/github/java-json-tools/btf/1.3/btf-1.3.jar:/home/nathan/.m2/repository/com/github/java-json-tools/json-schema-core/1.2.14/json-schema-core-1.2.14.jar:/home/nathan/.m2/repository/com/github/java-json-tools/uri-template/0.10/uri-template-0.10.jar:/home/nathan/.m2/repository/org/mozilla/rhino/1.7.7.2/rhino-1.7.7.2.jar:/home/nathan/.m2/repository/com/sun/mail/mailapi/1.6.2/mailapi-1.6.2.jar:/home/nathan/.m2/repository/joda-time/joda-time/2.10.5/joda-time-2.10.5.jar:/home/nathan/.m2/repository/com/googlecode/libphonenumber/libphonenumber/8.11.1/libphonenumber-8.11.1.jar:/home/nathan/.m2/repository/com/google/code/findbugs/jsr305/3.0.2/jsr305-3.0.2.jar:/home/nathan/.m2/repository/net/sf/jopt-simple/jopt-simple/5.0.4/jopt-simple-5.0.4.jar:"/>
    <property name="java.vm.vendor" value="Eclipse Adoptium"/>
    <property name="sun.arch.data.model" value="64"/>
    <property name="java.vendor.url" value="https://adoptium.net/"/>
    <property name="user.timezone" value="Asia/Kolkata"/>
    <property name="os.name" value="Linux"/>
    <property name="java.vm.specification.version" value="17"/>
    <property name="sun.java.launcher" value="SUN_STANDARD"/>
    <property name="user.country" value="IN"/>
    <property name="sun.boot.library.path" value="/home/nathan/.p2/pool/plugins/org.eclipse.justj.openjdk.hotspot.jre.full.linux.x86_64_17.0.7.v20230425-1502/jre/lib"/>
    <property name="sun.java.command" value="/home/nathan/Desktop/automationtask/CellannotationAPI/target/surefire/surefirebooter3374907211708479441.jar /home/nathan/Desktop/automationtask/CellannotationAPI/target/surefire 2023-09-13T16-42-53_838-jvmRun1 surefire2486226272081371092tmp surefire_012691320897500866280tmp"/>
    <property name="jdk.debug" value="release"/>
    <property name="surefire.test.class.path" value="/home/nathan/Desktop/automationtask/CellannotationAPI/target/test-classes:/home/nathan/Desktop/automationtask/CellannotationAPI/target/classes:/home/nathan/.m2/repository/io/rest-assured/rest-assured/5.3.1/rest-assured-5.3.1.jar:/home/nathan/.m2/repository/org/apache/groovy/groovy/4.0.11/groovy-4.0.11.jar:/home/nathan/.m2/repository/org/apache/groovy/groovy-xml/4.0.11/groovy-xml-4.0.11.jar:/home/nathan/.m2/repository/org/apache/httpcomponents/httpclient/4.5.13/httpclient-4.5.13.jar:/home/nathan/.m2/repository/org/apache/httpcomponents/httpcore/4.4.13/httpcore-4.4.13.jar:/home/nathan/.m2/repository/commons-logging/commons-logging/1.2/commons-logging-1.2.jar:/home/nathan/.m2/repository/commons-codec/commons-codec/1.11/commons-codec-1.11.jar:/home/nathan/.m2/repository/org/apache/httpcomponents/httpmime/4.5.13/httpmime-4.5.13.jar:/home/nathan/.m2/repository/org/hamcrest/hamcrest/2.2/hamcrest-2.2.jar:/home/nathan/.m2/repository/org/ccil/cowan/tagsoup/tagsoup/1.2.1/tagsoup-1.2.1.jar:/home/nathan/.m2/repository/io/rest-assured/xml-path/5.3.1/xml-path-5.3.1.jar:/home/nathan/.m2/repository/org/apache/commons/commons-lang3/3.11/commons-lang3-3.11.jar:/home/nathan/.m2/repository/io/rest-assured/json-path/5.3.1/json-path-5.3.1.jar:/home/nathan/.m2/repository/org/apache/groovy/groovy-json/4.0.11/groovy-json-4.0.11.jar:/home/nathan/.m2/repository/io/rest-assured/rest-assured-common/5.3.1/rest-assured-common-5.3.1.jar:/home/nathan/.m2/repository/org/json/json/20230618/json-20230618.jar:/home/nathan/.m2/repository/com/google/code/gson/gson/2.10.1/gson-2.10.1.jar:/home/nathan/.m2/repository/org/testng/testng/7.8.0/testng-7.8.0.jar:/home/nathan/.m2/repository/org/slf4j/slf4j-api/1.7.36/slf4j-api-1.7.36.jar:/home/nathan/.m2/repository/com/beust/jcommander/1.82/jcommander-1.82.jar:/home/nathan/.m2/repository/org/webjars/jquery/3.6.1/jquery-3.6.1.jar:/home/nathan/.m2/repository/com/github/scribejava/scribejava-apis/8.3.3/scribejava-apis-8.3.3.jar:/home/nathan/.m2/repository/com/github/scribejava/scribejava-core/8.3.3/scribejava-core-8.3.3.jar:/home/nathan/.m2/repository/com/github/scribejava/scribejava-java8/8.3.3/scribejava-java8-8.3.3.jar:/home/nathan/.m2/repository/com/fasterxml/jackson/core/jackson-databind/2.14.0/jackson-databind-2.14.0.jar:/home/nathan/.m2/repository/com/fasterxml/jackson/core/jackson-annotations/2.14.0/jackson-annotations-2.14.0.jar:/home/nathan/.m2/repository/com/fasterxml/jackson/core/jackson-core/2.14.0/jackson-core-2.14.0.jar:/home/nathan/.m2/repository/xml-apis/xml-apis/1.0.b2/xml-apis-1.0.b2.jar:/home/nathan/.m2/repository/io/rest-assured/json-schema-validator/5.1.1/json-schema-validator-5.1.1.jar:/home/nathan/.m2/repository/com/github/java-json-tools/json-schema-validator/2.2.14/json-schema-validator-2.2.14.jar:/home/nathan/.m2/repository/com/google/guava/guava/28.2-android/guava-28.2-android.jar:/home/nathan/.m2/repository/com/google/guava/failureaccess/1.0.1/failureaccess-1.0.1.jar:/home/nathan/.m2/repository/com/google/guava/listenablefuture/9999.0-empty-to-avoid-conflict-with-guava/listenablefuture-9999.0-empty-to-avoid-conflict-with-guava.jar:/home/nathan/.m2/repository/org/checkerframework/checker-compat-qual/2.5.5/checker-compat-qual-2.5.5.jar:/home/nathan/.m2/repository/com/google/errorprone/error_prone_annotations/2.3.4/error_prone_annotations-2.3.4.jar:/home/nathan/.m2/repository/com/google/j2objc/j2objc-annotations/1.3/j2objc-annotations-1.3.jar:/home/nathan/.m2/repository/com/github/java-json-tools/jackson-coreutils-equivalence/1.0/jackson-coreutils-equivalence-1.0.jar:/home/nathan/.m2/repository/com/github/java-json-tools/jackson-coreutils/2.0/jackson-coreutils-2.0.jar:/home/nathan/.m2/repository/com/github/java-json-tools/msg-simple/1.2/msg-simple-1.2.jar:/home/nathan/.m2/repository/com/github/java-json-tools/btf/1.3/btf-1.3.jar:/home/nathan/.m2/repository/com/github/java-json-tools/json-schema-core/1.2.14/json-schema-core-1.2.14.jar:/home/nathan/.m2/repository/com/github/java-json-tools/uri-template/0.10/uri-template-0.10.jar:/home/nathan/.m2/repository/org/mozilla/rhino/1.7.7.2/rhino-1.7.7.2.jar:/home/nathan/.m2/repository/com/sun/mail/mailapi/1.6.2/mailapi-1.6.2.jar:/home/nathan/.m2/repository/joda-time/joda-time/2.10.5/joda-time-2.10.5.jar:/home/nathan/.m2/repository/com/googlecode/libphonenumber/libphonenumber/8.11.1/libphonenumber-8.11.1.jar:/home/nathan/.m2/repository/com/google/code/findbugs/jsr305/3.0.2/jsr305-3.0.2.jar:/home/nathan/.m2/repository/net/sf/jopt-simple/jopt-simple/5.0.4/jopt-simple-5.0.4.jar:"/>
    <property name="sun.cpu.endian" value="little"/>
    <property name="user.home" value="/home/nathan"/>
    <property name="user.language" value="en"/>
    <property name="java.specification.vendor" value="Oracle Corporation"/>
    <property name="java.version.date" value="2023-04-18"/>
    <property name="java.home" value="/home/nathan/.p2/pool/plugins/org.eclipse.justj.openjdk.hotspot.jre.full.linux.x86_64_17.0.7.v20230425-1502/jre"/>
    <property name="file.separator" value="/"/>
    <property name="style.color" value="always"/>
    <property name="basedir" value="/home/nathan/Desktop/automationtask/CellannotationAPI"/>
    <property name="java.vm.compressedOopsMode" value="Zero based"/>
    <property name="line.separator" value="&#10;"/>
    <property name="java.vm.specification.vendor" value="Oracle Corporation"/>
    <property name="java.specification.name" value="Java Platform API Specification"/>
    <property name="surefire.real.class.path" value="/home/nathan/Desktop/automationtask/CellannotationAPI/target/surefire/surefirebooter3374907211708479441.jar"/>
    <property name="sun.management.compiler" value="HotSpot 64-Bit Tiered Compilers"/>
    <property name="java.runtime.version" value="17.0.7+7"/>
    <property name="user.name" value="nathan"/>
    <property name="path.separator" value=":"/>
    <property name="os.version" value="6.2.0-31-generic"/>
    <property name="java.runtime.name" value="OpenJDK Runtime Environment"/>
    <property name="file.encoding" value="UTF-8"/>
    <property name="java.vm.name" value="OpenJDK 64-Bit Server VM"/>
    <property name="java.vendor.version" value="Temurin-17.0.7+7"/>
    <property name="localRepository" value="/home/nathan/.m2/repository"/>
    <property name="java.vendor.url.bug" value="https://github.com/adoptium/adoptium-support/issues"/>
    <property name="java.io.tmpdir" value="/tmp"/>
    <property name="java.version" value="17.0.7"/>
    <property name="user.dir" value="/home/nathan/Desktop/automationtask/CellannotationAPI"/>
    <property name="os.arch" value="amd64"/>
    <property name="java.vm.specification.name" value="Java Virtual Machine Specification"/>
    <property name="native.encoding" value="UTF-8"/>
    <property name="java.library.path" value="/usr/java/packages/lib:/usr/lib64:/lib64:/lib:/usr/lib"/>
    <property name="java.vm.info" value="mixed mode"/>
    <property name="java.vendor" value="Eclipse Adoptium"/>
    <property name="java.vm.version" value="17.0.7+7"/>
    <property name="sun.io.unicode.encoding" value="UnicodeLittle"/>
    <property name="java.class.version" value="61.0"/>
  </properties>
  <testcase name="Tileloading" classname="Sanitytesting.cellannotation" time="12.957">
    <system-out><![CDATA[Sending GET request to tile loading 
HTTP/1.1 200 OK
Server: nginx/1.18.0
Date: Wed, 13 Sep 2023 11:12:59 GMT
Content-Type: image/jpeg
Transfer-Encoding: chunked
Connection: keep-alive
X-Powered-By: IIPImage
Cache-Control: max-age=86400
Last-Modified: Tue, 16 Aug 2022 07:39:40 GMT
Content-Disposition: inline;filename="B_118_FB10-SL_357-ST_NISL-SE_1069_lossless.jpg"
Access-Control-Allow-Origin: *
Access-Control-Allow-Origin: *

����&amp#0;&amp#16;JFIF&amp#0;&amp#1;&amp#1;&amp#2;&amp#1;8&amp#1;8&amp#0;&amp#0;��&amp#0;&amp#23;Generated by IIPImage��&amp#0;C&amp#0;&amp#1;&amp#1;&amp#1;&amp#1;&amp#1;&amp#1;&amp#1;&amp#1;&amp#1;&amp#1;&amp#1;&amp#1;&amp#1;&amp#1;&amp#1;&amp#1;&amp#1;&amp#1;&amp#1;&amp#1;&amp#1;&amp#1;&amp#1;&amp#1;&amp#1;&amp#1;&amp#1;&amp#1;&amp#1;&amp#1;&amp#1;&amp#1;&amp#1;&amp#1;&amp#1;&amp#1;&amp#1;&amp#1;&amp#1;&amp#1;&amp#1;&amp#1;&amp#1;&amp#1;&amp#1;&amp#1;&amp#1;&amp#1;&amp#1;&amp#1;&amp#1;&amp#1;&amp#1;&amp#1;&amp#1;&amp#1;&amp#1;&amp#1;&amp#1;&amp#1;&amp#1;&amp#1;&amp#1;&amp#1;��&amp#0;C&amp#1;&amp#1;&amp#1;&amp#1;&amp#1;&amp#1;&amp#1;&amp#1;&amp#1;&amp#1;&amp#1;&amp#1;&amp#1;&amp#1;&amp#1;&amp#1;&amp#1;&amp#1;&amp#1;&amp#1;&amp#1;&amp#1;&amp#1;&amp#1;&amp#1;&amp#1;&amp#1;&amp#1;&amp#1;&amp#1;&amp#1;&amp#1;&amp#1;&amp#1;&amp#1;&amp#1;&amp#1;&amp#1;&amp#1;&amp#1;&amp#1;&amp#1;&amp#1;&amp#1;&amp#1;&amp#1;&amp#1;&amp#1;&amp#1;&amp#1;&amp#1;&amp#1;&amp#1;&amp#1;&amp#1;&amp#1;&amp#1;&amp#1;&amp#1;&amp#1;&amp#1;&amp#1;&amp#1;&amp#1;&amp#1;��&amp#0;&amp#17;&amp#8;&amp#2;j&amp#2;&amp#0;&amp#3;&amp#1;"&amp#0;&amp#2;&amp#17;&amp#1;&amp#3;&amp#17;&amp#1;��&amp#0;&amp#31;&amp#0;&amp#0;&amp#1;&amp#5;&amp#1;&amp#1;&amp#1;&amp#1;&amp#1;&amp#1;&amp#0;&amp#0;&amp#0;&amp#0;&amp#0;&amp#0;&amp#0;&amp#0;&amp#1;&amp#2;&amp#3;&amp#4;&amp#5;&amp#6;&amp#7;&amp#8;	
&amp#11;��&amp#0;�&amp#16;&amp#0;&amp#2;&amp#1;&amp#3;&amp#3;&amp#2;&amp#4;&amp#3;&amp#5;&amp#5;&amp#4;&amp#4;&amp#0;&amp#0;&amp#1;}&amp#1;&amp#2;&amp#3;&amp#0;&amp#4;&amp#17;&amp#5;&amp#18;!1A&amp#6;&amp#19;Qa&amp#7;"q&amp#20;2���&amp#8;#B��&amp#21;R��$3br�	
&amp#22;&amp#23;&amp#24;&amp#25;&amp#26;%&'()*456789:CDEFGHIJSTUVWXYZcdefghijstuvwxyz���������������������������������������������������������������������������&amp#0;&amp#31;&amp#1;&amp#0;&amp#3;&amp#1;&amp#1;&amp#1;&amp#1;&amp#1;&amp#1;&amp#1;&amp#1;&amp#1;&amp#0;&amp#0;&amp#0;&amp#0;&amp#0;&amp#0;&amp#1;&amp#2;&amp#3;&amp#4;&amp#5;&amp#6;&amp#7;&amp#8;	
&amp#11;��&amp#0;�&amp#17;&amp#0;&amp#2;&amp#1;&amp#2;&amp#4;&amp#4;&amp#3;&amp#4;&amp#7;&amp#5;&amp#4;&amp#4;&amp#0;&amp#1;&amp#2;w&amp#0;&amp#1;&amp#2;&amp#3;&amp#17;&amp#4;&amp#5;!1&amp#6;&amp#18;AQ&amp#7;aq&amp#19;"2�&amp#8;&amp#20;B����	#3R�&amp#21;br�
&amp#22;$4�%�&amp#23;&amp#24;&amp#25;&amp#26;&'()*56789:CDEFGHIJSTUVWXYZcdefghijstuvwxyz��������������������������������������������������������������������������&amp#0;&amp#12;&amp#3;&amp#1;&amp#0;&amp#2;&amp#17;&amp#3;&amp#17;&amp#0;?&amp#0;��-ؘ��~DRrI�8�I&amp#7;�&amp#0;&amp#31;��O8b[/�W0�&amp#12;�&amp#25;!V&amp#19;H�k���E�����e�&amp#24;
&amp#5;��R&amp#7;�&amp#8;�k�u�&amp#30;J�?,`�&amp#5;&amp#25;&amp#1;�&amp#8;ϰ���y�$��
	f�(#i��&amp#18;M"F�{�����4�&amp#15;6��H��0w�4��&amp#8;i&amp#25;T�������u�M4ԧ�����Ѕ����h��[yY�ݵT�$jV7m��&amp#4;$�`���&amp#24;��&amp#29;��&amp#17;f&amp#0;&amp#20;2&amp#6;*�	4�*�G�����s�t�Z[�+m,��$���B*��+��8\��9�3�=�`9&amp#7;�&amp#15;n�]���'C�&amp#14;&amp#19;�C��&amp#8;�G# .py�-R��M5�����m�յ��w4��M�Ӝ��b�&amp#25;J.׽�&amp#25;'o-���5KN��M�&amp#22;���yd�ቧ����&amp#18;�k&amp#20;&amp#22;�4�&amp#17;�A&amp#4;0�ʐ�&amp#28;q���&amp#24; �&amp#8;-��U*�K0&amp#24;&amp#5;�L&amp#12;d��&amp#7;,hPX��$+&amp#17;�&amp#12;&amp#15;�&amp#24;$&amp#2;&amp#6;[&amp#27;\&amp#14;AB����&amp#30;�9��9�'�&amp#4;&amp#14;NMU�wm��ݶ�ݷŽ�m\��mɹ7f۳m���o���w�G|pr2zt���&amp#18;&amp#6;x<��\��&amp#18;@�D&amp#1;ɉ�&amp#24;�n�X��&amp#17;��&amp#19;)I0d��a��]�I�&amp#11;�w|q�Q��8 �&amp#14;���G�9��}1�Olc$&amp#14;&amp#1;�&amp#25;/Ii�[�~j����l,��V^Jͦ���}u�]۰���.3�&amp#3;&amp#7;&amp#27;�?�''9�3�j��Z]&amp#15;���mr&amp#1;G�'X�P߼&amp#8;�9&amp#1;�;e��n��`�����C�Ԝc'?.z�t� �?6iy�<�P&amp#1;&amp#28;&amp#2;G�w&amp#30;IRF=q�&amp#27;ɥ���~���c��Ӎ��M4�}�\������Y�Y&amp#25;��M��=��g&amp#5;�&4���&amp#4;�|�$��(&amp#3;F�&amp#26;`]�Wt�=��&amp#0;��2@&amp#27;��&amp#27;�� ���;K)a�&amp#15; >&amp#1;�o���&amp#1;+�n'i&amp#3;$��9�aH&amp#25;bX&amp#25;$�+�'"�&amp#2;2&amp#1;&amp#0;&amp#17;�&amp#7;�&amp#5;A��i+�d��n�OH�}"��k��ܧQ�S�ݭ�)JNɿwޕھ�_v��Wf�� q�&amp#30;	��pH$��>��$&amp#2;&amp#23;h�n&amp#11;&amp#16;��&amp#12;�����'&amp#5;�&amp#11;�e��m�xoL�qԂ���&amp#31;0�7&amp#28;�&amp#27;�:&amp#16;qבӡobrpG9�&amp#0;`&amp#22;�V��v���k����5r&amp#18;V�^�'m-}&amp#23;Ͷ�&amp#0;P&amp#27;B��&amp#1;�|�s�\��p:&amp#15;��&amp#11;��&amp#30;��� ����'v9&amp#25;��&amp#17;�GF&amp#0;� &amp#18;0q����&amp#28;�C��'&amp#4;z&amp#14;?��z&amp#30;;���&amp#0;&amp#21;&amp#29;ﮋ[��=v��v$�ҷK[M��__�W[��ݶ�B�{���q���d��q;��c�k�����y[��,��,��+&amp#22;�Y�I]�Vy&amp#14;�1�&amp#20;~LQ�QF�&amp#20;1F���h
"�&amp#26;&amp#12;$q�ڊ&amp#21;B�
�A&amp#20;㸩��A&amp#15;&amp#17;!и*$̊&amp#21;dO��܊����$d�&amp#20;�\���$z�ɏ_�&amp#0;�&amp#8;���yn�&amp#19;�*mF��+����O{�i*��+N�I�ۗ�r�[-9���mV��p&amp#28;��&amp#29;8�$��&amp#3;�Q�'��T���1�N9,s�睹�&amp#3;��9�_�&amp#27;����ԏB&amp#6;&amp#0;�<�tb�&amp#0;�&amp#1; �&amp#6;z�^y�����8]�&amp#21;��mzZ����7�V�{+yk{�_~��ޢ��8�&amp#6;@f`9�.s�}�&amp#23;&amp#3;=}�nK�&amp#19;�`u$)�F�Pc�px�&amp#17;�&amp#11;c�;&amp#3;�=I# �&amp#6;2ާ�#�&amp#16;I&amp#0;t�}z&amp#2;>���{%�]��ޚy�����Z�VoE擽�m����ejZ&amp#14;��*&���Z�DI�5]6��bbŉE��`��jr1�mc�.j]7FѴx�G�4�.)&amp#4;a��l-,c�D\D���ĭ�V Aجʸ&amp#1;�}N��&amp#31;6ӕa� ����O�&amp#1;l&amp#3;N��s�@��&amp#0;i�&amp#28;&amp#30;�g'�d&amp#3;�Z��&amp#29;>ir;>^i(�;���o��O[�|��q�VI+�[��^־���&amp#19;[�]*&amp#11;�xn&amp#4;2����E(�x�l�1"�&amp#28;��)*��&amp#3;>��>Y������v��@Gh-቙|�d
�$RT�4�`��c��&amp#22;23�&amp#25;&amp#1;�0&amp#1;�=��:��&amp#6;:��&amp#1;&amp#7;���F�!@��&amp#0;&amp#5;��&amp#29;&amp#0;�9<&amp#3;�&amp#6;��rݴ�h��w��;'�w-t#�7��M������=��mr&amp#25;���n�ḇ̆o&�&amp#24;�ͷ�[�y<�&amp#21;�47&amp#16;�<.Ax��9c+${���D&amp#23;0ܦ�b�Q�H.R�&amp#3;<#˟~��СB�X�!f0�2H��Mz&amp#16;&amp#1;&amp#12;o4��.�cG�I#Ff�fth�+J�eVH&amp#18;[�*7���X��.a�bV-$��$*&amp#16;O洆&amp#22;I	�� G&amp#27;�oC&amp#19;:�G����b����.^�nI�$�\䒋W�zI���8���&amp#27;�[JI^��i�����^n-˙��!�����������������8g����&amp#26;&amp#27;�{�i��Ooq&amp#12;�)��7�H���Y&amp#24;��Xxs�:T�ɥxw�v&amp#23;O��,�:&�g<�e&amp#18;�&amp#11;����I^&amp#8;�E�e�$,#"6&amp#0;�ug���m:�#5�ݣ�K����n��y&amp#21;�Q%�����N�&amp#12;�j&amp#5;/�L!�F�7&amp#18;
B�95��[�sqm%��=���&amp#0;c�$�&amp#19;����i&amp#1;�mE���&amp#27;&amp#27;����]2E��%Ѯ.nb��[�2���7V�IJ&amp#18;j-.i'8�Ҍ-&amp#21;��ox�2q���j�3嵝�$�%&amp#27;j�z6һ�\��M��߉��9턱�<�	,��S�Y�asi	[��Z���&amp#22;�"&amp#7;{�q*�E&amp#21;�����\j7�[Y��&amp#28;V3\�q&amp#5;��&amp#22;x/��&amp#20;[i���7�&amp#21;��-����4}GL�,.u+&������	j}j[V�&amp#16;��4�^�hD&amp#23;�$&amp#16;C��)��Kk�2&amp#27;y$����h��oe��؛�] �m&amp#7;'u�i2����gM&amp#15;R/{yyr�&amp#22;���ƕ}xˉ�u+8���Q��&amp#27;�d{Sj�-���=\6
�m�\�F�+�����.y�U�&amp#19;S��J&amp#14;�����&amp#23;Z��z4�&amp#30;emvR���=]�ԓGEkq{$�íݸ�&amp#30;{K�+�M��&amp#23;�&amp#20;�&amp#18;j���O{w-����&amp#11;&amp#29;R�o�Ms(hm��M�˯,c�d�J�|I�&amp#30;���FӓO�]��u�2K�uKh%��\��&amp#5;��Ԓq���乺�&amp#8;��$�ʺ��lb}G^��{�_&amp#12;>���o���&amp#17;��\Y�°�&amp#1;`����fԤ�l/�4kԻ��.d���Z�Kk]54[&amp#11;�&amp#7;�7�&amp#29;�M&amp#11;P��;����&amp#19;���G�Bo	蚞�����V�&���K��&amp#27;O��{;qg}�M�kZ|��i�%���ѫK�3�Cٹ�&amp#0;u��_i*�7r�&amp#26;�V��T�jF2��N�e(I\�9Uv�9Tj<֊s�I�'ʛKK�=��j�����,&amp#11;�&amp#29;'Q}Dh61�zM�&amp#26;d	st����l�͞��>���&amp#2;���`�9�d�$�+�k�6�&amp#27;�&amp#11;�K��3F���ciq.�&amp#22;��1��9/ZY���+8m�K�,��Eh-��E&amp#12;&amp#23;�P~m��x�\�?&amp#11;�+������γӭ��&amp#15;��&amp#22;o&amp#12;��Oa��-�Ý&amp#7;G�����ȼG�h&amp#11;ks��6�q�i֌�wKQֿkKM2�P��O���4&amp#11;!���o�'�_��m�i&amp#17;�Q�R�¾,�f�c�C�����_�&amp#19;&amp#11;�|1�p/.�Gs�?&amp#22;E��N�&amp#12;�(���U��+�&amp#19;S���`�Xǘ�N3�^�,=8��W�M�&amp#21;0r�V�����tg-��e�S��0�\#&amp#25;/�W�8��^�&amp#28;�����ee&amp#20;�wu$~�i��,�&amp#12;v���Cg�[��&amp#16;\�ڼ�kq#�;��5��!��[,�&amp#16;&amp#27;K�g
�c&amp#18;M&amp#30;�<3]ZX]�F�����[<��YBA5�L�"���*�0�O&amp#30;��>&amp#15;�/�o�'Ï&amp#14;]��&amp#0;&amp#21;�'�\\躍��jږ���k��&amp#29;/V�~��x�I���&amp#2;�Zi>+��Ю�:&amp#1;�&amp#23;�����&amp#26;ͅƙ�3]��ß�����&amp#23;&amp#26;&amp#31;�d��"�f�����/&amp#14;��H�^��jV�&amp#30;�c��^յ��MsL�����C��i�f���w\�υ�E�h>(��4�>:�7"���&amp#31;&amp#17;�,�&amp#18;�&amp#5;N�w��8ru�Z���Tg�Yn[&amp#26;��V�J&amp#16;��&amp#8;ԯJ�&amp#8;Nu�c?E��l�*���&amp#23;O޴�5��hZR�&amp#0;p�b=�&amp#6;��.�&amp#20;��iSR��emiih����Z�9e��8C&amp#19;$�&amp#18;�%L��;���i&amp#28;��!i�V&amp#7;r�0F&amp#24;g�bCv<7\c�Aʮ+��!��^&����������&amp#26;����tˋ�;m&�쭵�C����&amp#26;ծ��Z��]j�&amp#2;_�:]��N�s"z厡o{mЍ�3C&amp#20;�E#�K%�w��i��.�^ki7E(��X��'�,�&amp#4;�ԣV&amp#30;�jq�+�XT�H�SRq�'	�N.1R拔ye&amp#23;��ԟ��(JP�e&amp#25;F�R���+i���������&amp#26;$a��E�İT&amp#0;��&amp#25;l&amp#12;&amp#19;�:�q��T
�w�H�&amp#4;�8&amp#31;6&amp#15;#��&amp#31;̞+3�WN&amp#23;&�ݢ��&amp#28;&amp#18;�#dF�&amp#16;��&amp#16;��e�,���2�Fay&�Bʲ+���W&amp#4;�b�$ 7*�I���&amp#27;��
Ք�8��2WI�h�]^��j�7���Z;�~�����o�v��uS��O\�9�3�`&amp#6;&amp#14;B�'&amp#4;����&amp#8;�ՇC��8�&amp#1;$�&amp#7;&amp#25;<&amp#18;8�#,	 ���{��&amp#0;f�I �&amp#7;=8�&amp#14;�&amp#17;��&amp#1;뎠��&amp#27;�&amp#1;*ߖ��v���{twv&amp#23;�uw9z߿W�Ѷ�&amp#25;?x�r&amp#8;'&amp#25;�&amp#14;�'��9�&amp#28;�&amp#7;&amp#14;&amp#7;�O^F&amp#14;qԁ�'&amp#28;&amp#15;\�&amp#25;�jj�[9 m!�&amp#11;��$�$�|��&amp#0;6�&amp#25;��ʃN�g�;`�&amp#0;��&amp#0;&amp#19;��&amp#18;:�����&amp#0;���v~��v�&amp#11;��&amp#0;���v~��v�(&amp#7;�H#&amp#29;{c�&amp#25;�PN&amp#6;q�Gl��$�&amp#4;�g&amp#3;&amp#28;&amp#22;=rq�&amp#29;@&amp#5;q�$��A�1�cp�NA�:�#&amp#6;����&amp#3;8�ϲ��}��8?�t~^���������&amp#0;?-oqz�&amp#30;@#$�2&amp#11;`�I�&amp#21;�GC���&amp#2;���#��8���C&amp#19;���	$�r�&amp#24;'<d&amp#28;����{&amp#14;�$d�(&amp#6;W&amp#4;�g�r&amp#14;AoC��y�&amp#12;&amp#20;������z�&amp#23;��.����w��߲O�m�&amp#20;n�=�&amp#3;�pOL��'���&amp#19;��&amp#3;&amp#4;u���&amp#30;�p��&amp#29;��&amp#14;A�^�.{�&amp#12;@�&amp#0;�p&amp#7;&amp#3;'#&amp#7;4�s!�?*��&amp#6;�Ac�T&amp#3;�p	c�&amp#0;�S��}�������mn�&amp#26;��k������ݶ(&amp#4;g��z�&amp#17;��=�8=rpp͓�d��q���Ќ��$r9 &amp#19;Gb/���{�;gӠ���&amp#7;�8&amp#24;�޸#���Fz�x��޲����7���Ӹ��oYZ��~��������S�g���&amp#7;�^���)z&amp#2;A㧡�Xs�y&amp#0;�{�	�N�&amp#30;�9��r&amp#7;�&amp#6;H�9$��8V&amp#28;}:d|�&amp#28;c�#��&amp#0;$���&amp#23;��޺ZK{+�>�����&amp#0;moV����\-���&amp#12;�FO�&amp#4;m�N&amp#8;<�,&amp#5;�&amp#2;$ &amp#4;e)��b\&amp#16;��2n�c*��0�&amp#29;&amp#29;���@@�<`&amp#30;N1���&amp#14;}H9��;���@��$�J�&amp#7;�&amp#24;�9���<��&amp#7;���[_˿V�x�I���e��o�{-�N��z�&amp#28;&amp#19;�d��\� �#�u��$Ҍ�y�&amp#7;�&amp#14;�&amp#7;&amp#25;��x��&amp#28;b�x&amp#7;�=�&amp#16;&amp#14;Xc&amp#4;���&amp#8;&amp#3;&amp#28;��s58d&amp#14;�㑞N�&amp#4;�q��1��r&amp#8;\R�o���v����o���v���&amp#4;���&amp#31;^&amp#25;�u&amp#28;�&amp#28;&amp#18;q��&amp#1;4�&amp#28;0&amp#14;�r�#&amp#29;&amp#3;�e&amp#1;�&amp#12;8&amp#5;[&amp#31;:�������ul&amp#12;q��\��çq� d�M'\�&amp#28;w�[&amp#28;`��21��&amp#18;I��]���}�&amp#31;��&amp#5;��?&amp#23;��v=��9�<&amp#12;&amp#1;����$�&amp#3;P	���&amp#0;&amp#14;N	�-�zu�	&amp#24;'&amp#6;�2H�F&amp#20;�$z���G�_e 6E&amp#3;�����&amp#0;�[�&amp#1;�&amp#27;G&amp#29;9�&amp#18;&amp#30;�Ϸ}����Տ�۾����Y����X�&amp#0;#ʌ&amp#5;!�[&amp#15;��\r&amp#2;�B�p���Ԡ/<`/���D�&amp#29;&amp#24;�'v{1&amp#12;���y&amp#7;䌌&amp#2;3�&amp#28;�ǜ���r&amp#1;SB���R�#�&amp#17;G&amp#18;&amp#31;5�g�J�&amp#25;@��Ƒ:����ȍ&amp#28;{#i&amp#27;�^���?7��kTɦ�&amp#0;w&amp#22;��&amp#26;�N�]&amp#29;�}Rj��H��&amp#7;&amp#4;&amp#19;В&amp#1;&amp#24;$&amp#19;�A�#p�M
ř��&amp#0;"�l�Ӗ�(�v����b˷&amp#12;�&amp#25;�e&amp#1;��A��� ��&amp#25;���$�&amp#0;&amp#16;h&amp#25;&amp#4;��g�d&amp#6;�&amp#30;w&amp#12;&amp#2;@��I���������_{kg�y��m}�&amp#1;��)8&amp#3;�&amp#2;[&amp#5;�\�&amp#2;px$&amp#12;��d5@^�ύ&amp#22;&amp#24;�ݠ����X�W�A&amp#18;[�Lr�,fv�Su&amp#27;��A&amp#26;C2�,�ʈ��&amp#20;*�*����&amp#21;r�Td&amp#5;
&amp#23;��&amp#0;�&amp#25;&amp#3;�m����9�=�=7`�>S�.&amp#19;'q&amp#20;%��l���-�ޭ��˿m~n����j�Rm�%�&amp#6;&amp#0;.r&amp#0;�bD�&amp#1;$&amp#22;&amp#11;�1&amp#3;��&amp#7;fU�Y��&amp#3;z�d9,��w3�T#o޸&amp#12;��&amp#8;��9�0&amp#22;&amp#3;�&amp#25;$��K&amp#12;&N�m�ꭰ9Q�&amp#12;BF�A�3���3؞����-+���%������i_OMu�������(&amp#29;s�:&amp#14;H&amp#5;�&amp#30;�&amp#12;���&amp#4;�c&C$�&amp#19;j&amp#8;�d��&amp#5;��&amp#12;�^Ce&amp#2;#�?)&amp#15;�6�;���=�A�&amp#29;�&amp#15;s��}N&amp#0;!�.8<���ϫ&amp#28;� &amp#2;3��n&amp#3;�&amp#23;����}-��}&amp#4;����������I4&amp#12;&amp#18;�F:��re'��&amp#24;&amp#0;�+&U@&amp#1;�&amp#24;�-��&amp#17;�۷���0}���&amp#21;��(C#줂&amp#20;����&amp#26;VH"�&amp#24;�����r� �Zk��&����G�=��O+&amp#19;$�<�ށ&amp#20;Q��8�&amp#26;�U�g�R7�D�8Vi�8iXEo&amp#12;&amp#1;���K&amp#20;$&amp#24;�hK�������;i&amp#17;���_��{���ݭ$&amp#28;&amp#29;�� �8ۓ�1�N
䞄�)b��&amp#25;;p3�2Kc'&amp#28;&amp#12;�C�\���&amp#27;!	&amp#25;&amp#24;*s���V%�A�IU�&amp#20;�c��2񌑻�&amp#24;&amp#24;89/�@s��'�A&amp#0;�o��y�u������i�k.�w��h诽��R&amp#5;��׶1ש�&amp#24;�&amp#0;&amp#1;뜜c&amp#0;�U8ݞy&amp#25;=�.&amp#6;3��&amp#29;A&amp#25;�rހ��x8%����ۦN9&amp#28;�H*	p'�px&amp#29;�B@�=�O>��qO��~��Mot���4��Ώ��^�ݭ��&amp#22;גi��E&amp#25;-�&amp#0;��W&amp#1;���&amp#29;Ov&amp#3;,>�;A�����dc-��$��p	&amp#7;&amp#0;�&amp#6;%F2O'�	�[�� �&amp#12;�h��p��8�t8g&amp#29;A�&amp#7;�GF&amp#28;q���E-7�zo�|����W��"���Km���&amp#0;�&amp#1;�y�&amp#0;&amp#2;>��&amp#1;&amp#28;���&amp#1;&amp#28;&amp#19;��&amp#29;s�8�u&amp#0;���x�&amp#25;�<d&amp#2;&amp#8;�;��F8�wa��O�y۷&amp#28;�&amp#14;{��&amp#7;��&amp#25;=p��2q�ȡ|�v]��o7����\]����m9��~��kך�GV�&amp#0;�&amp#29;&amp#15;8�S�pq��2i9����=ry����99%}z~#��&amp#0;���w=i&amp#14;v�&amp#0;�&amp#20;��&amp#12;�d`d���&amp#5;����&amp#0;-M]k����T�T�y�ēZ��|�}z-���:�&amp#27;^��y&amp#29;�S�?�� �&amp#22;&amp#1;Y����Y�&amp#0;
���$�`&amp#6;$�{����P�&amp#5;[##�nP_&amp#7;vO&amp#4;&amp#0;����+��=�Ŀ&amp#7;�kn�;�i����&amp#23;w&amp#22;Z~��� �[G��ַ���iukm��=n�F�&amp#27;%�杢�B�)T��"��:ujR����쬜y��O�N�&amp#20;�Z*r�m���ÙsI��3�&amp#25;�ߗ�SKK�I����r�}��i^*�|Aq���7�j��^��z����Յ�����k�h�\B�1�i�&amp#8;�j�>b�X\��oR;�$ ��Hu��&amp#6;���S�]&amp#19;Um\Ac%���3i:��&amp#5;��&amp#12;q�&amp#0;�鰶�5�{@�x�L�5 ��<�[M�|5�_&amp#12;�h�E���&amp#12;x[G�����b��]&amp#23;@�,�&amp#16;[��$&amp#22;v:n�e�8Ֆ+[x�Vd��5��5�l��ߺ�L���ʘ.c&amp#17;L#;�[&amp#14;�|���X<�6��&amp#30;�I���{&amp#25;��J��e�b��W;���&amp#11;BrJRq�T�\��F&amp#19;���({ѧ)Yͧt��QNQK�1���&amp#27;˕6�Z&amp#11;{{���m��&���8�&amp#4;q,��4�Ї�&amp#24;�������`���y&amp#30;sv�i$��-���[�e�k<�C-�FR�ᅁ��r^3I&amp#5;�m-ĆO7�ԚK-R-Z{����L����Ȏ&amp#23;�k�l��5]Fss<6��;��Y�[&amp#24;����&amp#27;������9u9�4o&amp#12;�^�N�����A��_Y��90隽�^~���&amp#23;2Aw�\__Xڭ��+��d��̞�&amp#7;&amp#5;��sr�p�'(����88����)J1qm75&amp#26;���&amp#30;O��&amp#22;մ���v�R�|�;�w��]Y��2=#V�a��ٮd�8^&amp#25;&amp#2;#j3��nY�!� �kp�,�*�p3�&amp#18;�������&amp#18;y&��]&amp#29;!����&amp#23;��zƩ�1�̓i���&amp#24;��]7D���U�o&amp#22;�xn����F�,Q�w���گ���&amp#0;-�����&amp#0;J��d�o�m`x�<&amp#21;�h�&amp#16;���nt&amp#15;&amp#22;�&amp#0;�?��w�x�kg�ݴ�>��\h�}���i�a����&amp#26;�J����M&amp#27;?8�l��'�-OJ��/�gO��"�4+x5�&amp#19;]k&amp#30;8���&amp#31;&amp#6;��^��&amp#14;�V�a�۔�Ӽ&amp#31;q�=B&amp#8;|=q��^&amp#24;�4]FK&amp#24;5 -�Ͽ�e�q/��xi昉NT�ԥV&amp#24;z5k�r���յl^)a��O&amp#17;&amp#28;&amp#6;&amp#26;�/�U�&amp#28;&amp#29;j��:����?Z�����7(JU&amp#21;>eyƕ✤��9�&amp#24;9r�V�rg�Z���&amp#0;��Zx�X�%&amp#6;��h�}Ě��0��Q�~�&amp#7;�u�&amp#15;�K�zn�&amp#23;�5�ST�\&amp#26;�����ZX�O�7Z&amp#4;��&amp#22;��x��v�1�V��xcK�5�&amp#28;x���/�,5Ho�?��&amp#0;&amp#18;��˯&amp#21;�f�x��x{��&amp#27;]QuK�V&amp#8;ƅeq�]bK�<Ge/��<%�ć�/�c���?�Qo��^'�����x�ƚt��_~�&amp#31;&amp#26;��KQ�&amp#12;ioaiu{�?&amp#8;�6�Ú�ík&amp#26;>�mm����u�_�6�/��&amp#22;kL����k�B����Rо'|Z��O&amp#20;��U�nt�q&��];SX|3y����s[A�j&amp#22;�s��&amp#0;W�.��v�&amp#29;Ojz�Vo2y&amp#30;&amp#11;o�x/�,�&amp#21;AU�Z�,X�&amp#20;��&amp#31;*��*ԭM��w^S�Np�V2�f�5kB�����I�K�&amp#23;��(�q� �F2N��*�I��n��{)]�0��#&amp#27;Z���&amp#31;��&amp#25;?�&amp#31;&amp#6;4<h�&amp#11;~&amp#24;�@���Ok�\�<a�\���&amp#16;�]~�ɦ���(�<?u�]�SP��ڴ�#\�𞿡hzͼ6&amp#12;&amp#30;�Z�a��Ŀ�Q_���&amp#0;Y�Þ&amp#15;�&��_ú&amp#4;~&amp#11;���&amp#3;�s���&amp#16;]'HմM&amp#25;E��&amp#23;�<&amp#15;�{�T���&amp#17;|;�E����x�&amp#24;<%mh���k�W�j�&amp#0;�{kp<Q��&��Kwl�|�zo�t��~�O���ڷ�.��������~%�t��&amp#11;X�ŷv�&amp#22;�i���&amp#15;�zo&amp#0;x��w�Vv�m�&amp#0;�5k;�t+;=;AԵ��M&amp#27;X�m&amp#18;�C����H<9oc�x�N[����_&amp#15;]&amp#29;v�;���8��(��&amp#7;ʰ��,�&amp#11;�������&amp#31;�3U�8sU�&amp#11;&amp#18;����p���&amp#3;�êr�&amp#28;C�U�O��+&amp#27;U�*�?
J�p\�r�TW��Qi9�?~*�l�_������Y�<g��&amp#27;�W��YꚆ��&amp#7;�&amp#23;�t�&amp#15;Y\��Mid�h�/�m��&amp#29;_I��)�X&amp#31;�&amp#18;O&amp#14;h�[Y�x��ɬ.^�&amp#22;x'���&amp#23;����4o�_�U�A&amp#11;�?&amp#19;�&amp#0;����q���h���f��&amp#3;h�&amp#18;��ﵿ&amp#21;[i3x�[��&amp#21;��֓�Z�g��h�Σ�&amp#25;����w�=&amp#27;B���4&amp#4;��5�&amp#19;O���O��,m=��&amp#23;-���R��o5�i���Cԭ��&amp#25;�+�C�GG��&amp#8;t�nI��P�֫�W�&amp#15;�Y��_K�x���Zԭ<_o=��k���2�xS�ZK&amp#20;��ԧ�V�%�휘�K�ִ���R�EF�O^&amp#21;�R���T�G&amp#11;�ºO�J����s�MA�f��N&amp#30;�HV��&amp#21;&�Q���*��F�+���h���{;O�]ߤ�g�
&amp#25;�cxU��	�+j�&amp#18;|&amp#3;o�k;}?I���x?�Z&���&amp#22;r_�e�m?×����{�+G��u����Վ������~�i7՞&amp#29;�&amp#0;��xem<&amp#3;��i�����s&amp#29;�>��&amp#31;�Zޑ�MwF��������}wQ6�W&amp#17;_j�߇_��!�d����-b��&amp#18;x�����&amp#0;?��T���m��%�B�}%.4�/쌞&amp#31;��n�l�E՗þ&amp#27;�J��v�u"�uc��v���V�������&amp#30;���L�5֡���cG��~�d���5�#�mq����Ь\xj��&amp#6;��&amp#17;�f�&amp#29;�֙c}&amp#14;�q��y!&amp#30;^;��+8�����&amp#6;&amp#25;�J��#_&amp#1;V�Z�gAK&amp#17;��,*�T���^�&�j&amp#21;��kR�iɾ�8�U&amp#31;z�"WVջ�r��YI�&amp#20;�N.-5��~g/�&amp#15;�_&amp#16;�&amp#21;x�=&amp#31;G�O�H�߈W���&amp#25;�&amp#20;|eд��&amp#25;|K�k��S��&amp#7;�<8�ZKx�w@�t��&amp#20;xsB�t߈v�u��w�/&amp#7;�_�Zn��wÿ�&amp#31;&amp#21;`�񾏪��Q�u��|Sy�Oo�xg��&amp#0;&amp#16;5=&���&amp#21;X4�#U�4&amp#31;&amp#30;�)񦃫���^�[�&amp#7;I�ǋ�&amp#30;��|9>��3��.��z&amp#24;�ƚU�ƙ��ڇ�u]&amp#5;��C�2xa��LK�6�K��u��\�V&amp#22;�&amp#4;&amp#26;&amp#31;��]wG�&amp#30;�s{��=��f�g��>��&amp#3;�s�y�Y��i�&amp#16;^o�&amp#6;ﮮue�1�&amp#26;���U͖�}}.����i�w�|?�����^i�^[�&amp#29;��������J�����x�����%[�s:�)Ҝ�����&amp#24;���W&amp#24;�	���[�֌d�&amp#26;�e��(֊��o&amp#28;4(P^�&amp#14;#�)T�>�&amp#28;dd�&amp#30;j�u&amp#20;c�&amp#7;jN�&amp#30;�1��=b�&amp#27;������\�<e`����~��.��&amp#29;&amp#5;�r�/&amp#3;�D�6Z/�繎?&amp#14;6�&amp#5;�my��&amp#22;�&amp#27;]����縹K&amp#29;F�kQ�Z��ė��w�&amp#26;��f�o&amp#21;����N�Ú��.��yg�Ǫ>�&amp#14;�em&amp#20;ڎ�t˻�6��Inl$}/�&amp#26;��V���k�s���ڑ-&amp#27;��Ľw¾%��ji�GŚ嬿&amp#20;�&amp#27;�_��ǈ~&amp#15;k�z��x�&amp#26;�W��&amp#23;×Wi��<+i��M?Y�,�x>��&amp#17;�_&amp#23;Xx��&amp#31;&amp#15;�su�M��^���&amp#30;&amp#20;��=#O�{����6��h����֝��b�����4%����=�&amp#7;�z��u�k&amp#29;>���=K$�܊x̷=�e�q8Js�:Բ�F&amp#30;U�N�&amp#0;�&amp#25;m^u�U�j&amp#31;����&amp#19;���8����&amp#26;8Y��f��E5_&amp#5;:�O���V�e8^v�
�Ebb�d�&amp#25;R�Z�%	(�j��ݟ&amp#12;�+]�K�&amp#26;�6�y&amp#28;S�,�J�&amp#5;��������6w��ԗ6ڦ���^&amp#27;7Emn�4sg,w�{�&amp#19;G:�C���gh-&amp#27;�8uBK(9
VEV&amp#14;���&amp#1;����~&amp#5;��&amp#6;��k&amp#31;�_���W�uq��&amp#15;X��&amp#16;�#[�}WI�e�f��Aimq�&�D�{�&amp#0;	[�&amp#0;h��&amp#19;���cR�&amp#30;��/�<&amp#23;e����᦯�x�H�՚��>%���{}2��NԼ?�v��&amp#23;�ޝm����n����ĶZV��Ew���&amp#11;��5%��=⬣&amp#3;��K3�3^&amp#31;���^0xH�2��N0�8l�&amp#11;^�5V��Ua��U%Q�R�:u(�]�l��6&amp#17;�_���/9St�]���Ǜ�s�bcJ���&amp#23;5R��&amp#4;����N�c�:	��&amp#31;��&amp#18;8�&amp#20;��&amp#24;``r�`����9&amp#29;��'�1��2���<7��F�w���1�o�^è��Þ&amp#30;Ҵ]^��M��i�&amp#30;�M��Zn��&amp#17;�i�y�ޥ����Z��r�K]�&amp#5;ާ�E��&amp#18;��<��-<y���
Z[ꍠ�Z�~ ��(5=-^=KI�}&amp#26;8��&amp#14;��#&amp#30;��x�E�&amp#26;����wG�֗ű[Yk�A�`�������&amp#24;�&eN�&amp#23;V1�*�1&amp#18;P�*&amp#21;#K&amp#11;����bg
���0��ΜW5h��_���t�&amp#20;'JQq��p�M�%yӔ�&amp#20;��%v�R�\���Ҡ�c�s���/Rx;x�<��ȡO9'�����u��&amp#30;�&amp#3;9,k����Mx����6��ݤ('���K�-a�e_2Hm����&amp#8;�o.&amp#25;..&amp#12;*&amp#30;Y�X&amp#29;9�1�OFlu#���&amp#19;�&amp#15;BO=���K~&amp#30;����ָ|��&amp#0;ᗧ�}��&amp#26;I&amp#12;�4q�&amp#28;�o(��RPZ)LK(I±h��<s,o�yR�6&amp#8;dv�u<�1�z�2&amp#14;&amp#15;�&amp#14;9�&amp#30;̹�p}�&amp#24;��p̾�&amp#3;&amp#24;��rs�P3��&amp#7;��&amp#0;��y&amp#25;����y'�i���Z�����4��o-]�uV��v �&amp#17;�x&amp#3;
	�=q���&amp#7;�\�.F㎃�PON�<����&amp#4;��ӌu&amp#31;�&amp#30;�&amp#28;g&amp#25;�r3���u��9#'�?��&amp#28;&amp#6;�pI&amp#28;��:-��v��ޚ��:-��v��ޚ�9�鞙�͂}�^&amp#6;3���8���#&amp#24;#�;I&amp#7;>�p0H$�&amp#0;&amp#1;���-�#�&amp#3;�U�d&amp#1;��&amp#6;ܗ4�rz䎸 �&amp#11;s����@'��&amp#0;�?�w��}�^���&amp#7;�&amp#14;���>��v�]���s��78&amp#28;��T�&amp#12;�	,@�&amp#7;��9<��&amp#5;rW<��@�&amp#25;�r&amp#8;&amp#6;�&amp#19;��?1���F{u9�Ƒq�c�&amp#28;s��&amp#24;&amp#0;��=�&amp#25;� &amp#26;^�֯�M-�[����|�&amp#29;������prNq�g�� |�&amp#12;p�j* o�2]�]������P��Pvƌ#E&amp#8;�ix�&amp#30;���R&amp#8;���y9&amp#4;�W��r0�<�9a�'�G^�&amp#28;&amp#30;�i�|��>��Z���U��/g�������a�&amp#17;��3��S�x&amp#7;&amp#24;&amp#3;99�c�4�?6@&amp#31;w>�.&amp#6;F:���#�9&amp#7;"�>��&amp#7;a�&amp#24;&amp#4;����Np3�$��c��&amp#30;�<d�&amp#14;s�&amp#14;:&amp#3;�&amp#16;��������ۻ&amp#5;�K��Mu{u�'�v&amp#28;��s��3�[�3���8��B�d��&amp#31;�K�r}y�&amp#31;w�p&amp#14;q������&amp#31;�&amp#16;}T�&amp#8;�N9&amp#28;���@��=&amp#1;&amp#31;8��Z��u�uv�o�5��.���ߍ��洡�G��o&amp#26;�7v6WK}��4���s�۾�&amp#22;�i.�i&amp#29;����<W�����Z^��2��&amp#26;�ͦ�y��&amp#22;vw&amp#26;ݘ��'�ui&amp#11;L�#�WEeE�&amp#17;��2A&amp#25;H�2B����d3<�үS����&amp#3;&amp#4;gԎ&amp#8;'&amp#29;G�&amp#7;����y� ��,rF�&amp#1;&amp#15;�+;D�#���&amp#26;&amp#15;-�!&amp#28;�	K����"�ȋ�&amp#7;�����6&amp#11;�촻��f�i����l?�Г��>P&amp#7;�H��&amp#29;�8�@&amp#28;�8m9&amp#4;�22A�A<ps�&amp#11;�r&amp#8;�&amp#24;&amp#16;Ny}w�־*�����O&amp#18;�i��fk_��\�7�^���w3�&amp#23;��<F&amp#18;Ѭd�m6�X�E���&amp#11;O&amp#16;iz�-d�u)��>]�W�����r�{0���U����YT .��D։�&amp#23;�Z���d��Wv���;*q���;]Z׳z�������ҽ��WpZ�&amp#18;�*^[%�B����u��6U�����}>�	W}��P���jIn$��E��ߕ&amp#0;&amp#2;8M�&amp#24;��蠱&amp#29;p&amp#23;��{��2&amp#7;Cж:���&amp#7;�BC&amp#0;ǂ�2NInT�&amp#23;�#w&amp#3;��9�I&amp#5;�g�&amp#23;��_~�~]_][�}���W����گU{�t���&amp#15;\�&amp#19;rr:&amp#30;�<�Ӝ�q��2C&amp#28;p�K,��F����i'���UA��y&amp#30;i\����I#<��F���S
�n�&amp#0;VY�*�&amp#16;2y&amp#1;@ޠ�`T�GW1&amp#31;.C&amp#16;K�+�(�e9l��3&amp#0;�D&amp#25;���&amp#3;�^��&amp#0;��]���m맞����Z��y��&amp#27;n&amp#29;�`(��N�&amp#12;H�z�b&amp#8;�n&amp#0;&amp#4;�vw&amp#24;� r&amp#0;�&amp#0;d�(&amp#28;��;@&amp#24;�q�&amp#2;��	��&amp#15;\��e��8S�w/ͼ>]�20s��X�p&amp#7;O�&amp#18;0&amp#1;�N2i��Z�}�ߋ�vZ�[��n�u�����M;�]q�Ga����FN	-&amp#3;&amp#28;&amp#3;����w<g�9���Ę&amp#24;=�#&amp#28;��.	�L�&amp#7;9鑀&amp#14;I�����=�����\�l��kT������+g�׵��������z;I��&amp#1;���&amp#2;H����23�����h�&amp#6;X��&amp#0;20	P̀F2z&amp#28;g<����<v&amp#29;��2Gl�đԶs�S�z��׌��9��&amp#7;�N0+/ÿF�V����m]��kw���N�&amp#19;��M�q�x&amp#28;�G\��z� &amp#16;GN�u(� �cߎ8�&amp#1;�8=NGL&amp#19;F&amp#6;&amp#15;^�&amp#31;m�	��.&amp#7;�99&amp#4;�s��}&amp#15;\s�'=pI&amp#3;�&amp#7;&amp#4;�Mk�+;;����}[������Zvw��v�W��w{��#M�\;:��`R#&amp#11;&amp#15;ʪ�&amp#30;�ъ�����$�l���ƱB�&amp#2;&amp#1;#��s�����&amp#28;&amp#12;�u� ��s�G���N����&amp#6;A9`t>�&amp#24;Ϲ�P2p��3۸&amp#12;ZI�muW�vOn�it��Z�om��K���ŭ/�N��c�&amp#12;�t�&amp#28;�#��~$&amp#2;8&amp#6;�23��0O=����&amp#8;�&amp#12;ry&amp#28;�b]�8�r}�'$��&amp#17;�=r�E$�&amp#12;SO'��
<�"�k��F$b"��I'��_�&amp#24;RI�fD�&amp#30;R�ʵ���-&amp#27;��5z��&amp#27;k����r���wzlۼ�������s�����&amp#7;�b�&amp#0;&amp#28;�&amp#6;9�RI��s�����g�7&amp#26;�&amp#22;�p�f�!�y�4ۿda�CI"D�&amp#1;B&amp#4;�$`�&amp#31;�"#+�=�js�ZU��Mw6�4������ZM��x"�b����giT\�f�j�-��Q-&amp#3;�e�&amp#27;$�I7&amp#21;&amp#20;ڋ��'���&amp#22;�&amp#6;��r\��ͺ����Y�'��������ݺw��6�0��vҧ�k�1>d�&amp#25;aR&amp#28;&amp#31;�&amp#25;,����y�WĐh�!�m.��[&amp#11;�ƿ�&amp#0;A���[&amp#22;�Agui&amp#21;亼�z�7�7V�M��l��￴��.�4�[�M&amp#24;-��o�_ɦj:��E&amp#22;��E�jV�&amp#23;0Ȑ�&amp#1;��Ȯ�|�gis&amp#25;��hm���Um����6��s�o�5�ʹ�P�XK"ܪ]"�ol&amp#24;�Z��sr�	�IvYn�{xd&amp#25;�5�8�(���PU=�I��<�r���h��,��9ZO��iL�j���)8ۖ)E�N�Qm��&amp#27;|K��Y�qV:�LaP&amp#29;����n.dw&amp#18;&amp#5;V'&amp#5;]���I�8�t�(t��L�&amp#6;���z�H��P��!�&amp#4;&�|�#c�&amp#3;#Ӓ��X�īu&amp#24;������&amp#8;�"���H.��e�&amp#26;��&�o�b+[��\-�f�3�Q��fV&amp#12;�&amp#16;D�K\�6d*|�&amp#21;Dۂ&amp#6;&amp#1;�!>[&amp#23;=*-��[wk�Z4ڽ������������[k�g�mt�l��<�U��h�q=��`d�Q���u���.�km	�F��K&amp#25;��;�Z��=[SI4�[�'�Ѵ�L[ĺ~��F�PE��\jQ[E3�c2١1��[p��$���q����<�a���S��,��0�0ݭ�q�j�v�&amp#21;��q]j�����&amp#29;�&amp#18;�#�lm໿���x�lt]7V��$�$R���:ǉ�}CX��4�/��&amp#27;xͮ�j�6�V&amp#18;k��&amp#19;���x���W>&��Q�N��O���ҭ5;]:�����&amp#27;k�oo*ˣ]J�z��B5i%QӔc^U�V�iҜTc)s�^&amp#22;�E&amp#4;��)J&amp#18;��o����Z��^N�|:%w$��4j�F��i�(:����h��}]i�&amp#19;k��m�Ӭ��ZV�e4��&amp#0;�5�[�&amp#26;\�D�.��#��Z+�&amp#27;j&amp#30;$�&amp#11;{m�&amp#30;.���z&amp#23;�&amp#31;&amp#1;��&amp#23;�?�Z&amp#23;��Y�o&amp#25;x�Ʒ&amp#19;i�&amp#29;揬���]k�^/ԙ���M/X�&amp#6;�mm��:U��-��gF�/|?�Zhv��-�����U�k��&amp#31;&amp#26;~6�&amp#0;f��&amp#11;�W\������Fm&amp#11;�&amp#30;7{�{�cY��u�SƓ��&amp#31;��t&amp#31;������w�H��WWW^&amp#25;��c�?ϗ�&amp#3;�G~�ߵ����&amp#15;j�^)���q&amp#7;��
xR}J�@�uM7��/��4áxG���4�&amp#7;�������6�i��6>$�����h�
�S�$���g�y�&amp#29;ѭ,�&amp#11;!�z&amp#21;�Mҭ콦:�&amp#25;W�^�aAU���ܕ:�u:���&amp#20;�<�0��k�&amp#24;�f8|���d�&amp#24;ԓ��2p�)88G&amp#12;�n�A���4�4��h�S���ܿ&amp#20;�&amp#0;��&amp#2;���q���.�-�'����o?i/��DV�jzn��n��&amp#7;�z���c��/
�uO&amp#17;j�msS�O�M|&amp#31;�x�ĚG�o�-�{�x��ֳ�&amp#31;&amp#28;�K���_&amp#19;x�T�DZ���jgĺ&amp#29;�]x�#���k_��WH�ܗ&amp#23;�V���;��U��
5Γyu&�&amp#11;exV�B�$�������K��Ԯ5[�'@�v��k����m�Ggt�5�5��ŭ���(4�&amp#16;-�9�ĺ��o���$�s�?&amp#3;~"�힧��;U��գ��χ���&amp#27;�Lk�����xoS&amp#26;V��M�=�����]V���Z���uȵMgA�g�<!�/�&amp#12;���O�𱣒��΄��x�a����F5�B���B&amp#16;�.D���k�èF�0�xN-|�J��l�R�IV��<���T��r�r�ܯt�')�'i�+?%�����Z��<&amp#25;&amp#30;����t�����%&amp#22;ZF�����_��e�\�&amp#16;n-��f�.�e.���&amp#8;&amp#12;�&amp#15;�j��H���(���&amp#15;x&amp#7;Ğ ����/c{�y�m&amp#31;^��N�4�k/&amp#7;Y�X�awyu�A&amp#22;�{{&�o��`�w&amp#26;��J��������I�D|&amp#7;�<�i�&amp#23;w~4�L}&amp#31;_m&amp#19;N�l�l��<k�Xt+�B��wrk&amp#26;����&�i��(����,v��Nu�&amp#18;K=?Q�y}��&amp#15;#�t˫�&�I����4�&amp#21;l|/u&amp#22;�<֗�0\�z��o}gz5;�H�	�.���&amp#16;\ͯ���4H���ǎ0�]iPP�T�p�iU�f�W&���S�y΅EVq�)S�TaZ&amp#21;�
��԰s��$�v➉'%&amp#7;k�i�;ݶ�4[��&amp#23;�?�CE���_&amp#26;]\kWv&amp#30;#�u��݅���u&amp#31;��D�-ͦ�__���Q���[Ӯf�&amp#21;�&amp#19;.�usi�Ie���]}���&amp#0;&amp#1;iv&amp#7;KӼ;�xr�}	�����--4�&amp#19;�����^Ӈ��}I|+��&amp#14;�qwo��hZ�I&�,&amp#26;��N�c6�,��`�k&amp#30;&amp#28;Ф�t;-*���&amp#26;V���Ϋ�k	g��V��E�����&amp#30;E��&amp#0;j�x�Ch�^.���Z���n��{+~����×&amp#17;.�un���_Y�skkkn�&amp#26;�͕�7���&amp#23;&amp#2;E���-���1�s&amp#3;i�j�O�h˧Es�fs�نd�}f��6�*x^h�&amp#17;��FR�:-��&�T��&amp#24;s���ԣ��N�
.�7�OUv�v��v��k���3�5�&amp#3;�>����Z\Ζ&amp#22;	����GW�J��./���}Ư.�h�fD"h&amp#26;&amp#27;��E�&amp#22;&amp#7;X�&amp#30;-�����&amp#7;������_&amp#12;���ց�h���l��&amp#24;C�Cᙵ]&amp#28;j�Yϯͪi:&amp#15;����l&amp#22;אj�>/��//4�&amp#15;V��R���_}+&amp#26;i��Bݯ��/.,����,/%�@��Y4�&amp#15;Q��ZGN�Q���8%��DWv���O����Gm,/s��&amp#24;�	mN�q<PZZ�v�&amp#29;gT��xm���ӵ;��F�@���W�U�ָ���&amp#22;�Yj�w�E<�&amp#23;�麘�IJs�iW��|���J1��K�U*AsE]S�%J��z=�o�-խx���Mw��k�n-j��Y�/�-�G�u��gN�u�&amp#14;k�o�mޛ��&amp#0;kǨO��z=�Ռ&amp#23;&amp#30; ��4Y�;�32\ç��=&amp#3;M�h�'����&amp#0;������o�o&amp#23;�V�R���5];N���G��ZN�#xZ�h5;ko&amp#8;�x�R�������Z����ڣ\ɤjV��eťپ���_�i�;_�&X/%�����xwQ}b&amp#5;�t�&amp#6;�4�l�9a{ege��&amp#26;�u&amp#29;:M6�7�W[�4ȡo&amp#17;��ɟ'�M��6�8�^(�%�[�+M5�nL�|w:��s�����}�ɩYZ�&amp#22;WsK&�}6���~&amp#31;���۟�ɼE�pXx,D�6���N�<EZ�R�J2t�[ԯ�t�;&�9�J�|�0&amp#20;�&�&amp#30;���iw&amp#20;��#�魜c{Ź2�h��R>�O���P�\�7�5���&amp#23;�w:��&amp#29;��ף�X�&amp#18;5��w�����&amp#26;���Z�&amp#18;�[��~��k&���&amp#5;�uo�&amp#15;���+�X��&amp#8;��Q�kϢ�WZ��Ɓ��C�Xݙ5&amp#11;&amp#11;]*;�b��#��&amp#20;_	i��[��x��&amp#23;�_�:.��C���C}>�m��&amp#27;�&amp#11;��ipYk�����j��T&amp#15;�Zjb&amp#8;�-6���<k&amp#30;�gc�i~&amp#25;���R~F||��|a����5����&amp#0;��E��nmm`:u���i��!�,#�u&amp#31;&amp#18;]�>���&amp#31;&amp#11;��&amp#19;]��چ������k7:T��ߋ �#"�,�<�<,�L&amp#30;6
���*nS����&amp#26;3����_d��&amp#5;&�R�Z~Ӛ��SV�d�y��&amp#17;SI�*�դ��i5}�\��w�~�N�/��3�j�&amp#30;��m��>�U����&amp#7;��A�𾧤h:��m��<Os��ٯ�"���c�x5�&amp#15;���X�x�/&amp#11;�j&amp#19;��~�?�n���Z�o����e�k��u&amp#15;&amp#14;�%��&amp#0;i���&amp#29;?�:������Z��.�h�ڠ��l|+w����&amp#0;]ֵ{mV�4�&amp#14;x�M&amp#26;�X��Ѽ'��&amp#18;��D��mcE�&amp#18;�x�&amp#11;a��&amp#0;&amp#7;藺���/�&amp#29;g\��&amp#30;�o�O&amp#7;n��CӵMG_��&amp#11;?&amp#3;�w�&amp#26;��_�B�_��5n�&��ݥh�!���4�2��M*�}_�Z-���j�W�]�u�w��p���ڴ0X]�x�v�&amp#19;������zΐ/�xw*�\��&amp#3;1�&amp#24;bp�u0��JN�
�"&amp#21;){�u}�&amp#26;s�
8�&%C	��UG:�u��ʦ&amp#14;���'t�t�\ܲ���.�'-&amp#20;[O�&amp#28;O��ψ&amp#18;�Cg���&amp#31;�z���.�&amp#27;�7J����v�_&�?�MF&amp#29;3L�4�#�&amp#15;�|?�i<!�xL��Zo�u&amp#15;&amp#21;�x���ac��zg�:�τ�1x{Eӯ��&amp#27;Ğ&amp#21;��m?Ķ&amp#26;��oy�k&amp#16;�i�j�qӵ;KՕ-��ɺԞm&amp#7;Wѵo&amp#14;��<�&amp#0;�7�T�&������j�߉~&amp#4;�/��#x:�ſ&amp#24;?gI����Ok�����&amp#31;&amp#17;<	���=&amp#23;��>1�5�&amp#4;[&��}#R���7W�5&amp#15;	�4&amp#23;��&amp#29;{Kҡ�\�4q�&amp#17;��V�[Ǔx'B�&amp#0;�&amp#25;b��3����K&amp#29;o^�M�wY���&amp#22;_&amp#19;�&amp#27;+�&amp#15;�:&amp#2;=ϋ�յ	<&amp#15;��z���&�����V�O����|a�U�v;-̲�U¨W�J&amp#18;�L^&amp#26;5&�JX|;�:p��"�"�a�u��K&amp#31;��R�k*���&amp#24;*�t���[�ե8r֌�%&amp#22;�&�?f�U$�gNQ����8G���&amp#18;��&amp#0;��8�5�7^�N�b��&amp#29;V�[-.�Ŗ&amp#26;=��zn��&amp#11;[]7X��>&amp#17;��}+�Mg}��Y뷓�7�&amp#12;�5�?P�{�m>/&amp#26;�"H����E�]�C�O}}{}�h�*xcĖz�Yi&amp#17;����[}o¶Zh��ƛ$�ޠn<=�h�z&���w=���x�Q�a�&amp#0;&amp#8;����cV�ݏ���&amp#11;x�\�l�|e�}V��O�_׼9q��@M����o/n,uO
j�Q�����AӼ[�ϦZy�����&amp#15;k���f��&amp#3;�j>&�w���t}J&amp#27;�V�mv�&amp#31;&amp#15;\O�X�&amp#26;�M�]�Y���Z�&amp#30;:�&amp#0;���Ƥc����>W�2&amp#28;&amp#6;YO&amp#31;_*��Xzx�6q��b+ծ��P�[&amp#25;�üD+ʍ
��ӊ��:�Tq&amp#24;xTI�˳0�+�e	b�N�z0�&amp#23;�Q��G&amp#17;�N��JT�79��8��]{9��sR���Z̺���6-&amp#26;�&amp#0;����h��iב�w&amp#30;D3�m&amp#29;ƙ}�Y�m%���v2�t�u�ʹ�&amp#28;L�&amp#5;�FA9��瓓�9&amp#28;��q�&amp#7;9&amp#0;�&amp#26;���&amp#26;խ총6:-_H��5{m>��T�t�Dj&amp#22;bҼ=qq&amp#29;����[K�&amp#0;	&amp#7;�g�i&amp#26;M���K�_�&amp#22;����w��i"4n�$r)G��d�&amp#24;H&amp#25;&amp#29;&amp#25;J���V� �9&amp#4;��&amp#18;��&amp#29;HAӅhƲ��(:|ҜgO�s�E&amp#8;TRT���U��s��YTO�j�q�E��{��t�(�fғVmIɼ&amp#1;��&amp#3;&amp#31;�s��OP0&amp#14;}z��&amp#0;&amp#0;9�8&amp#7;�&amp#2;���ۑ���[��ѓ���&amp#24;f'���289&amp#24;8Px>ߋun����O~q�&amp#11;&amp#19;��~~�_����v�U�����Q��&amp#30;��v�^	�z�&amp#18;H�&amp#28;�&amp#18;p��H&amp#7;'��''&amp#0;``��-�&amp#31;=&amp#24;㎜&amp#17;��Y�@�z�Î��&amp#5;A&amp#6;T�&amp#15;��x���۠�N{&amp#5;�&amp#14;���o���{����~���޷�g&amp#24;9�Ǯ&amp#6;H&amp#30;��&amp#7;9&amp#11;��%&amp#20;*�#&amp#0;�C1&amp#0;��*��$��&amp#1;�9�&amp#2;��8`d�q�3�s��8���㞤�&amp#18;&amp#1;�@8&amp#24;�8&amp#29;L�R1�}Nў&amp#8;'O�>�7�5Vn��O�>�7�5Vn��S�dq�@&amp#24;`A&amp#14;��&amp#17;ܮW�&amp#21; �#�)&amp#31;89�&amp#0;��&amp#6;p&amp#8;�@݌�R˸2�&amp#7;SG&amp#24;'<�>�R@���9�	���Fq׸ ���,&amp#1;9�9&amp#7; �&amp#6;�1B���]_��z]���&amp#23;������ۣ��M�`&amp#14;	��;&amp#14;�9'���>�9C��8��q�s�&amp#24;�?Lw�&amp#14;~jp�&amp#30;&amp#15;`8<��&amp#25;�<c&amp#0;䟠.YF:g<��F[&amp#29;sߠ䏘�rh�[���&amp#0;���h�//���&amp#14;��&��{�&amp#27;����<�3��N�sI؞�g����:&amp#2;x�:&amp#1;�n%&amp#21;�&amp#6;(��H$&amp#16;�*Ό����&amp#6;&amp#5;r
�e?6�@�&amp#30;>l�&amp#15;N�#����H&amp#4;��M&amp#31;�n�u�&amp#0;&amp#11;�5��[�˯��ֽZ��&amp#0;�&amp#7;&amp#0;`�H�S�FA&amp#24;&amp#3;�2	 � &amp#0;;v�G���&amp#7;�>�&amp#7;'(3�&amp#4;&amp#19;�� ��H`9&amp#24;ܫ�x~p�%���H&amp#16;�|&amp#16;��ʮw�&amp#3;#H��,�ձ�&amp#12;	�&amp#5;��߻����k�a��&amp#0;^������&amp#3;�d�`1����&amp#0;㼂��v`z����x�a@9<�rJ�(&amp#7;&amp#7;&amp#3;�&amp#12;&amp#30;x%�$�=���s�M(� p{&amp#2;G\��&amp#14;è<��-�&amp#20;[G��v���^w&amp#26;������]7z�m��*&amp#20;-n���4�*�n%m�&amp#25;�3,d��f�X�� �W�X���`΄��&amp#6;��FU�eF	2eq&amp#27;n,�&amp#1;q�&amp#20;�9( �C�%��|�8yź8Y�%h�Q&amp#4;&amp#22;��I#��,�q$1��S�]&amp#25;�%����&amp#1;&amp#1;��zd>�A+��UY&amp#14;1�)ܸ.G����~K��Mf���&amp#19;nܱ������ݧ�F�&amp#28;2289#�&amp#28;�&amp#25;���#&amp#1;����K&amp#7;y#k�&amp#3;�iˮ�&amp#20;&amp#0;K�yݻ�&amp#20;��Iz�$X�g&amp#12;�&amp#0;��$m���&amp#29;PA���VHcd�O�&amp#8;�3+O3#O4��B���&amp#20;&amp#12;�6�m�e�&amp#20;_,�Y&amp#0;@d&amp#27;&amp#2;?�&amp#11;&amp#21;&amp#11;�������wk���ע���_M-�ݽRZ�&amp#27;&amp#15;�|�ʞH-���C���&amp#19;����&amp#23;&amp#20;ؑcB&amp#20;���&amp#31;�&amp#5;�i&amp#29;�&amp#1;U�I��%�i,�L�Ny�9�''��&amp#7;�@�;�&amp#28;&amp#28;�ry�&amp#30;�O�&amp#7;�|�&amp#8;�������y^��/^�r&amp#18;����Zj�=�����&amp#14;��&amp#3;�&amp#6;;�P2x&amp#30;�9=2h�&amp#28;a���܂&amp#0;&amp#28;���p�&amp#24;&amp#7;q&amp#29;&amp#11;T�&amp#27;��R&amp#1;&amp#12;�&amp#20; ����z�&amp#25;&amp#28;�Z�T(!rzg$�8,2Y�&amp#22;8\�9-��%A'����?>�wv�Zݽ;�٭tv}��m&2wt�Y&amp#18;&amp#25;n&amp#30;8�D���I�x�t�&�h!&amp#18;L�Q<��.�4�&amp#14;���?)��q�0�&amp#12;�&amp#31;r�&amp#8;bݎ@�J���&amp#28;�?�w&amp#30;�&amp#30;��&amp#31;/̘�9�?1�P���}H�M.�����$����]�>���`�&amp#24;&amp#1;�&amp#5;a�<&amp#18;��%��2:�&amp#12;C�P�R�g�&amp#23;,q���&amp#6;I�7&amp#16;&amp#6;H�&amp#0;8O^�&amp#24;�:���223��&amp#28;d��&amp#4;�&amp#23;�?y�G&amp#4;t# ��'&amp#4;�&amp#20;ҿ^�=Z��뾗N�_��o������mo�&amp#3;����&amp#31;����&amp#31;C�' $&amp#14;:z��X&amp#16;q��m�O&amp#4;�	 ��&amp#28;�8&amp#0;�6�&amp#28;�&amp#24;�2&amp#8;���&amp#14;[$�&amp#5;4&amp#7;�N�c�0�I`��&amp#22;/�����ِq�Â&amp#3;���+�w�۷��o��I&amp#2;��N�vN6�m��m��b8&amp#19;�n�_^�&amp#31;�b&amp#14;0E*g$�?#�&amp#12;On�&amp#28;s���&amp#3;&amp#18;�pz���NO&amp#25;���&amp#0;&amp#2;#&amp#4;��w���	�F&amp#15;��.I�V��]vm���f�ݫ���IY�����[�k5�w{Ik�s��Z�#�t3&amp#2;&amp#20;�&amp#15;�7&amp#25;$�K&amp#12;~�&amp#12;���LF&amp#14;�N@�D~(��&amp#4;���ɶ&amp#19;&amp#6;��3Y�]&amp#24;|�/&amp#30;&amp#27;������&amp#8;�Y�7w&amp#18;$Q�&amp#30;���{&amp#28;�&amp#0;�I=[�^��GR9'��-�����L�)-�K&amp#12;nZ	��&amp#18;]I0̡|��F�Χ�[ӕ&amp#4;��u&amp#27;KYF�7Mk�쭥���u�9&�A_[;h�wzl��}陋�Yx�B�L�&amp#22;ZŶ�i&amp#28;�&amp#22;���I祼�]&�v^��6&amp#22;��Mms&amp#30;�&amp#21;Ë�iV�o'H-$�z&amp#27;���x��w\�-�!$2�&amp#23;q��)L&amp#22;��n��v����h�3=X&amp#26;6�b�&amp#23;�D�,M-���J�p|�)�y�$O>Q&amp#20;�rB�&amp#4;��5�j�ipi֖�����X��v�����{Kt�m����&amp#24;��h&amp#22;�;[XcE�Qe&amp#30;d�m͇���sV�J3���]��:n)�?��&amp#20;ۊVQw&amp#18;�z+�饵�7mz�d��j&amp#26;���X_j�����m=��[���V�n..o�n'������&amp#23;&amp#23;&amp#19;�M&amp#28;ik��i|�ݚ���~#�Դ&amp#29;cO�R�5+&amp#27;�/U��-6{�'U��&amp#8;�����&amp#29;B�-5+&amp#11;�M�O&amp#19;����k`f�%�Y�:��X%�Ͷ����&amp#16;�4P޶�s���"E"$R�&amp#31;��U&amp#17;��&amp#22;97�a�f^�|5&amp#25;��<i������fҡ��խ�t�5&amp#8;f�/cv��bV�D��&amp#4;X���&amp#26;{�4��K���i�p���iӻr���֔���9c&amp#24;B
NNo�JPJ2��Q�䓏3q��m&amp#20;c�N1wz�9IY-��߼�Ay<&amp#22;Jd��Sq4v�Ei&amp#4;�3�Ou!&amp#24;�$�i&amp#25;"&amp#2;k�X&amp#17;ko&amp#21;�܆+o<�v��N������E�H��[E�äe�Hf�F`�&amp#0;���]Bi&amp#4;"��ᢷ�m^]5�Q̣&amp#15;�����,�V{�hm��1���&amp#19;C&amp#12;yR�{�&amp#19;ė9�?�~*x��&amp#26;�y�a�.,nd����X^�zc�o5��]	��O��Z��ĚǕ�j:����֛4&amp#18;�[���-����jcq4�ǚO�A8��I��я�8(�J/��|�b���Ϧ��n�Zj���k^K�&amp#31;&amp#16;&amp#26;_&amp#16;x��;x��j�?&amp#14;�u����x#�> �&amp#21;߇E׈#��Z��|]���7V�&amp#21;�M�3|K��.>&amp#28;x�&amp#11;+�&amp#18;��W������&amp#14;�&amp#0;�������C�&amp#1;l��wß�V�&K/&amp#21;~О.��&amp#29;����n��&amp#22;:&amp#12;~&amp#11;�Ӿ��i�E��`c�G�{'�V��&amp#27;�Ý#K���_�WV&amp#26;������&amp#31;�^&amp#30;��<-�&amp#0;&amp#11;G�6�?�&amp#14;��&amp#26;&amp#29;�5���I�Z^���<-u;in�<C�x3���׊��&amp#22;�o�o������&amp#0;�?�M��?�ڽ������&amp#31;�|-�U�5k&amp#15;&amp#1;�<������C�)�I/��>��X����u�&amp#17;x�]&amp#31;D�φu�
�}k�&amp#31;�?&amp#15;�7��ٷ���y~O�K&amp#11;&amp#26;����֖#&amp#7;Ft�g'9�]L=Xםh�9��*�&amp#19;*�ͫ�t91X�ai8Ҵ��Vz?ݥRQ�k+�]���T��U���&amp#21;�0~�?&amp#17;����=S��.��k>&amp#18;�|?��wQ&amp#22;�&amp#12;�&�5&amp#11;�_Q�4=9u&amp#29;
K�&amp#15;X�f����&�[�5�&amp#17;�z��M��x��.�{��=u^�����v��-����-��&amp#7;�Z�J���6�ko��&amp#21;��Z�D���QӬ��t�&amp#17;\k�y�Kҭ����~&amp#29;iz�&amp#16;��&amp#0;b[&�_G��O�4b�M��-KV�u[�?&amp#11;�j��6~&amp#28;�_�&amp#18;���&amp#26;v�&amp#4;Z&���_P��|C&amp#4;Zq�Y��>&amp#11;_x;O��]�&amp#27;R�n�K�Z��m��5��ޑ�A&amp#14;�g�ţ�E���WP��o-�5�f�O�{M/O&amp#22;�*�O&amp#16;�g�fq�`�{(�:1�G&amp#15;��K��0�(�&amp#16;�a
p�8�j4i��˖�(�׺I��|&amp#26;4�֨ۻ�jU&�j�j�N)ݧd��Ѷҋ��&amp#21;�;i�Ok�o&amp#24;�,����ZM��mBi�t�JI5ւ�N�m�b�4���j�m��P&amp#15;&amp#20;X^�&amp#26;/�t�]V��w?~��tO
��2�Qhq���&amp#22;��ص���2��T��6�sms&amp#30;��&amp#11;S��m-��;&amp#24;Z�D�3C�����ӥ{w����ɢ�wZέup���L����Ӵ�Mcʘ��<��7P2��^ ף0N��V&amp#22;q���ɱ&amp#23;�t�;=&amp#6;F��E��Օ�z)���M��/����&amp#21;�\j/l/���L�4�+�K�j�F�MK��}�+{(&amp#6;ͳ��5�&amp#26;�St�8KN��S�N�jQ�*W�/i&amp#26;��&amp#26;n1�Iʔ�(CۡB&amp#20;ӊ��b�.Ut��i��v����˺���4&amp#24;�O���&amp#24;d�&amp#18;�t&amp#31;&amp#16;���e�o&amp#18;C&amp#30;�`��7���&amp#18;�^�����4���u� K9KM&amp#22;��E�}&&amp#7;x����)���.��5�aF�Ҵ�m3CӼC�j_i׭�7wqKvւ��n䕜\��#Cuw&amp#18;j\�6&amp#17;�i��Z��d&amp#1;���&amp#11;&amp#29;Qo.,t�.-5K&amp#27;��a����T���&amp#18;��IԵ&amp#25;��*+���N{-&amp#21;��䴋�&amp#7;����Q�,R�S�md�I�Ӗ�Y���&amp#18;Y��&amp#26;��_E��q.��5�Vp>��&amp#6;��Kc"��څ��MV�=j�R�>�&amp#20;�ӓ�U�'�QZM�s�K�U$�&amp#15;e:�����{=4[�iyZ�����ީ(���n�(u�3S6��������\�&amp#26;�����5�RH�}��"�H-�u�m��X����������J{(�&amp#11;=`�:v�&amp#29;��iVz���Z��������k���*�T�-�?����z&amp#28;���=H�:�&amp#26;K��ٟQH4Ig�h�����Yh���曧�&amp#0;�K6���5�'Y���#�-���[&amp#8;U<M�j�&amp#2;]�mRM>&amp#29;B�j�;Mz�K��=��kxS��>*���4Yt���-&amp#27;_�Qm�j���&amp#22;�3�j�A%��ζ�N���-�6�v�q{{g�5��/-��W�թKڨ�&amp#8;�(�r���eRx�R��j���q�'&amp#30;T��$�9ƝIU9-V��7��EsE��o��v�-[}�Z(F�v���oC�&amp#23;:��h�6&amp#26;\&amp#3;OwB���_[��B��N�bG�A=���syw�s�j�aq����,�{�e���&amp#23;�&amp#14;��?o�&amp#16;Y�wi&amp#30;�����o"J�Y�Z�j�.�&amp#2;��m/N�ÎE����l�&amp#22;�[��jZ���ݥ��&amp#23;��|�&amp#19;L�&amp#5;��y&amp#6;�=���i5�j�Gome�j�YI�ʴ դ��������!&amp#30;�n�u�V�u�>����b�=F7&amp#30;*���{y���o��+�z�R��J����������Iԃm���^����&amp#30;�U8J0�kBѩ&amp#25;[�=1\Ѷ�j:��4o��{'w�l��צ�Hnl������ӵCgz�?�L�&amp#5;��hH�΋a{skvt;[T������a�iz�ƣc&amp#25;\���ʹI{l%���ϼ�#�t&amp#22;MZ��&amp#0;T��S�K&amp#12;V��e�Z�#G���e��ͮ�&amp#22;�&amp#8;":z&amp#3;ٮ��]i�$�?�-���&amp#22;�X]&amp#25;$�l&�%��s$&amp#31;i�.o�&amp#3;5�Z���&amp#23;�E��;��&amp#16;���j[���٦�=��zLw&amp#30;&amp#29;M ZY��&amp#23;�νu�E���z���n/o4��t�n.�_k�׺��e`E�2�5RPo�sҨ��&amp#24;{7$��&amp#29;F�E��&amp#16;��U�ZuiJ��D�U����[���3^괹V�W�"�ʰ��&amp#8;���&amp#4;&amp#17;��~ٯ��E&amp#29;��ZF-d�����\��˨�z�K&amp#12;:e��o��i��wB+o!����3�-5t&amp#17;�&amp#26;6������M}&amp#20;\ͨ�}�F&amp#4;:���ĺ5ŵ���C%�ͥ��:&amp#22;���zf��^X�?�u&amp#31;_�/w��ʚ�Si&amp#30;!�{_&amp#16;El���+K�2���LE�&amp#27;itkȵ�R`�)��6�P�kmb�q&amp#15;�][^�j��}�/�U���K;�:�͆�J���i-�ƛ��*���y��喩ke�+�?O�X��},Oc5�Rxz��鴢�]))K�BN*�����%
J*��'�㤒\�K�rwn;�&amp#22;�w���o�s�3����O���?�����n&amp#29;&amp#31;�Z���𽭣x�Mf��~,�]w�~1��𕮇��~�\_&amp#19;&��/&amp#21;XA��cI�u��&amp#20;�z��)��]��&amp#30;���Ʒ<�:�w&amp#19;�Y�&amp#30;&amp#31;{�������k��&amp#30;�s}��s��1��?χ&amp#22;Սƕ&amp#5;���������������O���
�˝/L��+�t�s{��v:橫\�q���y&amp#17;m����[W��&amp#0;�7�w�PӼ��/�k&amp#26;�z��o�Z���V��G��4�&amp#23;��b�x�B𿈬�m,�Q��B�Kk=2B�A�-��̾��\k&amp#22;�$�ޫ��f�eo{s��>"�����<�Y�_&amp#12;eJ��_&amp#15;*xLT�$��&amp#19;r�YT��W���&amp#27;ɪ�r�UF�a&amp#31;&amp#26;�#N~�׋NI$��_�&amp#14;��YYE��/V��>3^|"���&amp#29;�&amp#26;v���&��/�u�t��i|/�X��VQ^k:<v��6�4y��{�^�������[i�׍ݕU&amp#31;|9&amp#30;��=s���N:&amp#31;�.�;�&amp#12;�:���[h��@�wz~�o����t�kA�mt�&amp#17;���]�KU�֏u�Yx�Y��5ݧ�?>�u�]_�j���k&amp#26;U��&amp#30;#�~����O{K��ñ��,�o&amp#16;^���!��Ǉ���&amp#7;��E���A�
��m_�G��`�ƥ��Ǟ&amp#4;��mR_&amp#18;x7�^&amp#12;��]N-;�oX��&amp#15;&amp#28;x	��&amp#19;����S��Z��&amp#14;��i:�v:��&amp#14;��k�{O�.nn�c�?&amp#31;��&amp#20;�]��<*,f_�Rķ&amp#31;iIUɣK&amp#31;��5&amp#7;&amp#25;U�&amp#26;u��\=9�n&amp#18;�Tӌ�L�ʧ4�ӌڴ��P�+��MY])7̬�ԭi3�-~�Xj�x�a����ȗL�,��=&amp#14;Gմվ����&amp#27;�.m!�%o&amp#8;y���m��Z.����7���j�E���&amp#23;x&amp#26;��&amp#0;^�Z���&amp#24;o�����3>�g�&���ڨ�4�&amp#21;h)&amp#30;�y��s���Z����E�Y&amp#11;{�����l��Q�I���V&amp#23;7�	��t�">$����&amp#0;	&amp#14;��&amp#29;J�]�4�&amp#11;j�ڧ��4�&amp#14;h&amp#23;�b�F��&amp#0;&amp#8;���Z-��&amp#25;��΅a&amp#3;&amp#27;]i�&amp#29;x����i�g�����މ'�.��&amp#11;Qm&amp#14;��[xoY�&amp#15;x�t�&amp#14;�Ki&amp#29;��:&amp#30;�ntK�&amp#14;���Q������0�R�=
�t���V2t�F�q�F�9Q�$�MƕI8J��(Ú~̣g(��[$�.yE)h�&�Sn&amp#14;q�is�7n&amp#15;ö6���g���n<E?��mq�G�E�&amp#12;5����&amp#14;��R�&�k�7�,<Mm��&amp#30;&amp#28;�I�4�b��MB��������>�е�?�zU���N��\��&amp#5;ޭ&amp#21;խ�ŝ���8W�����kK��@���4n�$ek��&amp#0;x��&amp#26;��o��&amp#0;�W��&amp#23;ľ&amp#17;��9��*��&amp#18;�7���ڨ�a�%�їQ�lon�&amp#21;�k��&amp#11;DҼU�i�)�M&amp#27;ʼ�Ӭ>��n�k��K�-�&amp#11;�N-b�����կuY�KYXYF!����si�;;7������H��-�ʳ˪�o��ZT㉯�zN�XF2U���:�Z2�l,���c
���Т�ՍTb(ץ^՜e9S�)58�8N�j�jt�%%�OK�'�&amp#25;58�&amp#29;�&amp#29;1�&amp#25;�3�&amp#31;���n�N�&amp#0;�Fq�g8�+8�1�z&amp#17;�@��ǩ��rބdr3ס<�e&amp#6;&amp#14;s��&amp#17;�L&amp#1;�&amp#8;�؜&amp#18;A&amp#21;�w�&amp#0;������յ~�7���}z������b�?,d�^q��}��1b�&amp#24;n�p&amp#7;'����n�&amp#1;�w�&amp#24;-�[&amp#4;�����X�&amp#23;9�3�X�&amp#5;&amp#4;�Y�&amp#30;��޽[''&amp#4;q��1�&amp#27;�_ׯ��i�k�l����n�&amp#16;w&amp#30;� c8&amp#27;�^܌�&amp#14;yn&amp#14;9&amp#6;&amp#6;r3�s��7`��&amp#3;���y��&amp#0;�&amp#0;=&amp#20;g&amp#28;rX{9��# ��$�K��g�N��;�}�&amp#0;&amp#29;�S��_N�ۯ��ڽt�����5�_K/7���&amp#24;�?���w&amp#0;2O<�@'�<�H�&amp#14;�&amp#28;��&amp#4;�z&amp#18;q�'&amp#25;��$
&amp#7;Ԟ�&amp#14;8���'8�۟�&amp#16;K &amp#0;��&amp#28;z�99��&amp#8;&amp#7;����_���&amp#0;E�V�b��&amp#23;�+�ҵ�&amp#5;Q�o�d&amp#5;�f m/�	�&amp#15;͍�&amp#7;?�W,&amp#18; &amp#1;�&amp#8;&amp#24;�&amp#31;N�������`��0e%s�!&amp#12;��+$��H��m�U��"�twS���&amp#28;�r�&amp#4;&amp#30;ďC�&amp#25;&amp#3;���Z�&amp#0;]�������&amp#7; u�{&amp#2;F}�@8�s�_�w&amp#4;�zq�O9�1�U�@3���&amp#16;9��폡$�&amp#1;<���w&amp#0;�}8g�9��&amp#8;?.A(�������w�?Mo�W��kOç���~��V�k��=�א~�ry&amp#3;�r;��t&amp#7;.&amp#29;󃎧�r&amp#23;;���lg=x�$�&amp#0;&amp#19;�&amp#29;3�a���㎇<�9&amp#28;����&amp#29;��[&amp#30;�&amp#28;&amp#3;�A&amp#27;K&amp#28;��&amp#15;��&amp#23;�&amp#15;��&amp#21;x�1����9#��zt�&amp#8;&amp#25;&amp#4;&amp#20;&amp#28;&amp#2;1�c�&amp#25;l���w&amp#24;%�&amp#1;�z&amp#2;rx8�&amp#0;��{&amp#6;�S�@>b&amp#12;&amp#2;�끴s����#<���&amp#18;H�����&amp#0;�5���~?���expa���&amp#19;&amp#29;�0眜s� &amp#18;:���R�8��&amp#0;	�&amp#22;W�$&amp#22;&amp#7;#�V�pA1@&amp#15;���ʋ���|���&amp#8;#&amp#24;-�&amp#3;�mݴԫ�|��Ӝ�����BNH��8&amp#4;+3{����5N����w�i*q��=~�&amp#0;+���g{�������&amp#28;��&amp#25;`I<&amp#19;�&amp#27;p&amp#1;�&amp#18;�s�&amp#3;&amp#25;��r�&amp#6;}	�N0	&amp#4;�&amp#6;3Ӡ�&amp#7;&amp#29;H�&amp#7;�&amp#29;y&amp#3;-�,Pw&amp#30;�&amp#7;���$��t�$�W��v��e��V����]�/���F܅\s�rx�g&amp#28;��Ǧz�@
�d���1&amp#0;p]�&amp#3;j�ڠ�&amp#28;n۷s3�i2y�,C*��r&amp#1;8$�p&amp#8;Q�&amp#16;&amp#14;q���&amp#2;��&amp#24;'=Nq�XrC&amp#6;��&amp#7;�&amp#3;�&amp#4;&amp#2;E��˯w��u��v�&amp#29;�zk��ͫm��T�M�p�^Gl�y�&amp#29;:�w#�P&amp#7;&amp#0;�'�&amp#27;�G|�rH&amp#4;��&amp#24;R	*���[9>��ǯ=p&amp#23;&amp#30;��&amp#4;&amp#26;a&amp#14;�&amp#1;�&amp#29;��&amp#7;($�\&amp#23;&amp#31;yT�l���&amp#5;%yk�j�]�.�ݷ�}l�&amp#5;��wK��������kT?�p8���&amp#14;��㞣��sF&amp#7;>���v��S��~a���&amp#19;��s�Lg���&amp#0;g&amp#3;$&amp#14;{d6&amp#11;
C)*���YX6U�$�R&amp#14;&amp#8;#&amp#12;&amp#15; �R	#�lֺoe����O[/;�R[��;z�}&amp#30;�]����U둑��u�s�<��r	c�Io�q�c&amp#28;�rI��&amp#8;`&amp#7;�&amp#8;#i%��&amp#5;\S�'8=&amp#7;R;����<��&amp#30;yi !f�;�&amp#0;&amp#3;9%� &amp#0;&amp#23;�=&amp#6;I&amp#5;��y����_�],ڽ�N���_-~o��r���m�����&amp#25;��&amp#31;�'�ש��&amp#0;�w=	�?��:�&amp#28;&amp#30;��&amp#0;��&amp#14;&amp#15;8�&amp#28;�'�&amp#12;p��&amp#3;����&amp#14;[�'��2	 �SV�z���4��%m{+�j�����Z�k�{m�׫cI&amp#3;�	,�F&amp#17;�&amp#4;&amp#7;c�&amp#2;&amp#20;&amp#16;&amp#8;��&amp#27;�����F0C�=}H�g�prH &amp#4;��������>���&amp#6;
�3Ϧ0&amp#7;l���L&amp#30;[>�=[��VWov���E�z�urM�&amp#21;��ϕ;6�f�ZZ�u�����&amp#28;&amp#19;�&amp#2;y��{�x�3�#��-^�{&amp#30;��-�&amp#12;�=&amp#15;&amp#29;GS�*3�#&amp#7;&amp#3;&amp#4;�pr�� s�NW�Fi&amp#6;Fx�#��s���~��B�n��8���h���i��6��M��Ӳ��e���^����8�&amp#3;��q�^��&�3�:&amp#0;q���H w�&amp#0;&amp#12;�4��뷞��$&amp#17;�����* &amp#24;&amp#30;�c9'�s���<�$`�[����ߦ�]=t&amp#18;��&amp#0;&amp#1;W[�Zj����+�e]��i&amp#12;�)!P�"6�$j��yIT+0_03B�H`x��J�g(���/$���ҵ&amp#27;gM��4�۽j�����ԭ��F�i��F��j&amp#16;Ic&amp#29;��n��&amp#29;�4��t)m}<w�^��Ն{u�&amp#29;�?���&amp#27;�&amp#19;j�&amp#30;&amp#26;���&amp#15;O�յ�&amp#23;O���H���+�Sηx��;��KI��s,p]}�M[LXű��k&amp#8;���{�&amp#19;r���Q_X�:P�R|��S�*ns�QT�ܩ�Ue�U9�rQiM4�~�z���>�K=U���5&amp#15;��+�"��ml�粒���+k&amp#27;&amp#27;�U�����z��aem&amp#12;0ʥe�U�ě��QK{y1�2��&amp#0;ǩ�&amp#31;�&amp#30;&amp#27;�&amp#5;���x��?	�-�eu=���O��W�M;N��G�#��d���/�&amp#31;&amp#15;�mu��3�/&amp#12;j&amp#30;&amp#27;�|I�&amp#15;&amp#4;x�qo4B�P�&amp#5;��u6��=F�9�&amp#21;�m�4����Q���M.�c�&amp#22;���"{�u���5�����YU.D6E�_���&amp#30;K�+�~2�����Zŗ��&amp#12;x����_����.�S���#P���<c&amp#21;���Nҵ]O�z6�q&amp#14;�������O�&amp#11;Mk�~8��G�!��&amp#15;�'����J�,T�r��Q�{ԪU�W��:�&amp#17;&amp#26;��tkS�<�(C�¶;�R�&amp#5;&amp#23;^�&amp#25;%RZ:V�[I��j+�J&amp#18;��Zr�����{�c�K�
E��^%���/أ�Z��>&amp#18;��w^&amp#17;��l�-�&amp#20;pxcĿ&amp#21;|s�[��(���t�縷ӣ�|Eޥ{�j&amp#26;��o����w�����&amp#2;����D�=#Þ&amp#18;�յ���&amp#26;�P״��e��-�+&amp#23;��O&amp#18;?G&amp#26;�moj�&amp#19;��3Z&amp#29;/L��f�G���iZ��~q���C�|J�>!�����-&amp#21;x��Z�Ο�Y\i���7����~�&amp#12;���v�a&amp#31;�.�}Ql��7@�R��u&amp#27;&amp#11;�mmo�n��&amp#7;�_�|�b&amp#31;K��Z&amp#22;~ ���V-=����u��7�q˪���&amp#30;4&amp#27;�5&amp#23;�6��d���eݶ�h�G��-�0�5�a2�U}�0XX���&amp#18;I�&amp#26;��T�1r�8�ӭ��N�j�j��:���&amp#7;5�&amp#19;�,EYT}]���b��4�6�K^��6�ɷ�g�O�����-�c�h�����Zk&amp#17;�wZm����ڗ���|!{euy"^X�7X��u�Ay��x�QӴ�4�'�&amp#22;&amp#22;&amp#30;2��z���f���|�z���&amp#29;���A��֍��3E�a���-�'�u4���5&amp#27;�-Z���Q֯���&���h��&amp#17;&amp#27;�	&amp#5;����5x'\�O��m��/LԵ=&amp#30;�J����l��m/�4[�6&amp#26;&amp#28;׺v�5���z4&amp#26;F���.�*\9ּ�	���'/��_Q�YO&amp#21;j:���&amp#0;K���.�&amp#25;���ۀ �2x����&amp#27;�:�U�!���&amp#22;�5����z6�muwp�G�_���c�F&amp#21;S����FT��J&amp#21;$�IѦ��NP��5V&amp#17;�Z��ʟ��&amp#23;���&amp#26;t��R�RzY)+n���{]Ej���CO��u>�5&amp#11;khn�Σ���-�tˋH�7Pj�\�&amp#22;�%��K��i����&amp#24;��iu��o�h��Y���n�|&amp#29;��׷Z����}��@�V�ͭ[]j�i�A��>/-��S�Y��.��ȵ8m.��&amp#11;&amp#19;&amp#14;���61b����v&amp#23;?l��Ң�m6&amp#11;M&&amp#24;Ch�y�nu�F��^��&amp#2;�=:�L�֮���$2��Z��������$둗�އcc&amp#30;�+���k�-�Ŧ\��,����+]"�&amp#31;�Z�B��&amp#0;�.�骯���&amp#29;sI�~�<E���&amp#6;G�ͱ4�Υ5J5#*�Ҍ�*J.&amp#21;"�U�|Μ�&amp#23;�&amp#25;I���*R�뽫VTb毥���&amp#0;=�&amp#21;����gˣ|��>4�ג�n���"\m>):L��'�Ү�&�<&amp#31;1K1�\��˦k�h�%����g��&amp#22;�}�ƭq�&amp#16;�}�~�&amp#30;<�5oMq�x�W��t[���,�58n�6��f�Gw�j&amp#16;ũ��&amp#31;&amp#11;�V�苬j��&amp#23;Q�_��\x&amp#7;�<[��~;}Z�����&amp#18;&amp#29;7G�[d�&amp#21;ޭ��G�|=q�\i0x���R&amp#15;&amp#20;�jVoy<"ٵD�%��m��b��������O��#��¿&amp#17;|a�W�t�&amp#23;K���&amp#29;(|@�^��_&amp#18;�C�48uw�&amp#0;�#C�&amp#0;�GV��B�X6��MB�g���OM&amp#22;&amp#26;�Ѡ��&amp#4;ߵ�2&amp#14;&amp#23;����|�&amp#17;�exJΖ&amp#14;&amp#25;�i������MR�:�|ʝgv��D�ʵ^ZJ�x��\�&amp#19;V��F5j���Ӧ��&amp#21;'w.Wz*���i��o��9��(��n�[�D�Ѥՠ��&amp#8;|E�/�M:{�:&amp#27;-X�N����q��V&amp#29;v&amp#29;E�As4&amp#18;�4&amp#2;�W�ǋ�=GT��A�;��?ƚM��x�|AN����&amp#31;J�$&amp#26;��p�lsZO�j&amp#7;�z���Ϯh�_i��Zx�!���n,,������A⩮�?��kk)</&amp#28;:&amp#18;��ڠ��_֢�;��&amp#5;Ω���?��/&amp#20;xG֮I�Ͱ�U����my�S�&amp#27;���/&amp#16;�xsU�M��5�&amp#11;9/5U����&amp#11;�&amp#22;[O<6��mR��;�OJV���R�Pզ�&amp#14;��iw�ڲKu�j��O&amp#29;�}*&amp#24;LuHƕ*�O~S�NP������+�I�B>��^�"5$�ے����3'W�s7&amp#25;r寧4���Uk%uf���?e�]V&amp#11;[��3��&amp#0;iH�V�u�i3x2�h�Q����%��ot-ld��&amp#30;$i�&amp#3;%���g�.�c��qr�P��&amp#0;�j�Sh�&amp#31;Q񎩥A��&amp#22;�&amp#7;�!���#Cv�:e���W��z<�&amp#15;o�_Z<���&amp#22;z>�y�&amp#5;G<B�캽���\�W�ٶ��:�9l�K�&amp#16;���Y^i+&�scw�n&amp#18;�F���c�l/m�ƚ�[kW&amp#26;e��a&amp#21;�:S���W�}f&amp#27;'�&amp#3;sk���Y��&amp#5;���I��ݽ��&amp#0;ijr�I��j�&amp#18;&amp#27;�皴骕�&amp#5;�9>�RZ$�)JK�S��&amp#20;�E
��&amp#15;j�i�)�X�G���/��}z6����n���j'[�Oc6��isi�k6��Hu��&amp#3;��>��P�&amp#19;eg{���kgo��-�����qumql4�KD��&amp#25;����&amp#23;����:������gn�w������k�F��c��w�e�ӵ$&amp#6;���J�~�g���Sj����s�Z�&amp#5;�M&amp#22;�����Awqyaw&amp#28;ZE��B�(�\X\Z�ȹ���-u9����I�m&amp#24;�tMe-&amp#26;���&��Cu&amp#19;�D.WM��)�&amp#11;Ǽ�#�溸��ɣ��rYi���Τ&amp#30;�Zi-��
nm��ɩJqU[��Q��%(����$��/�Ҕ[�&amp#14;mV��5�&amp#31;G'�ڽZ]&amp#20;���d3���j�&amp#17;��,z�A&amp#12;�P��xob�t}{�"��N��;��5kY4G���M)�&amp#5;�������^�&amp#0;�6Z��� ��&amp#23;�|�-&amp#3;6��m&amp#17;mo��&amp#27;g�.-�&amp#11;mGB���'c&amp#20;&amp#26;�7Z<Z�éM�-&amp#22;�u;�oR���$�/�F���P�S��&amp#4;��qkp�u&amp#21;��a����ϡ��[GI����/m����--l�6��P&amp#19;�<s�7w���s�/��&amp#26;�&amp#23;Iy�4A���u�m.�Mi[�&amp#23;����x�݅���mg�M�)ʚno�S�,�N�h£�D�.ju=�5$�&amp#8;��'N�j�H&�K{]���X��[�=��.is_'S�?�.|#k�G�;�>]+N�t��<Mws�G=��Cp�&amp#24;O&amp#16;�&amp#22;7z�v�TW�&amp#22;:ޏ{m�x��r�&amp#24;iZ��w&amp#5;���&amp#27;B�.�Q�&amp#29;'N�5O&amp#14;&amp#27;&amp#31;&amp#31;ĭ�&amp#11;&amp#29;&amp#3;D��c�L���k�[C�j&amp#22;�ϦA-櫯�Ie�+��[�Z�k&amp#30;#�Р�&amp#18;��&amp#30;����-��׭.[�P�.�&amp#11;�M^��l���H��&amp#0;��u�&amp#0;&amp#12;�˧�u&amp#31;&amp#11;��PΗ��h�W��&amp#26;���}q��&amp#0;���^&amp#27;���%[^��(&amp#14;��&amp#14;kz?��Y�Z�e&amp#26;�]�4e������\&amp#12;u&amp#15;&amp#4;��$�'�4�&amp#17;tu�֣>���:u�_��a�O8�89��J��֌�S&amp#18;�ԟ�U&amp#20;&amp#20;���3��&amp#8;ӄ=��&amp#24;?'&amp#26;��W�N�H�5Z>ggo�g'&amp#29;"�|��&amp#15;��s��&amp#21;u�tTe�f���ĳj6:Ch��������B��&amp#14;�e�&amp#19;g�M�{��h�&amp#0;�^&amp#29;ҭ粻&amp#14;G�J?&amp#12;~'h/�/�]��Oo�&amp#19;���&amp#0;f&amp#11;�kϓ��&���q�O&amp#14;�?���[�/�紹�t&amp#11;[}WF��d���)�S�iw�&amp#25;��e�q<]qm�o&amp#19;����RԵ˛KW]#B���&amp#0;�!�Pӵ&amp#11;��C����m]��O&amp#26;_������\j�|�=ƕ�궺~�o�2x&amp#31;�����&amp#11;�K�q�E����&amp#0;x~�&amp#0;��&amp#29;��4Xu;��][�~&amp#28;�"׼_��a&amp#19;iZ>���aks&amp#14;�k�&amp#23;J&amp#17;xA|[g�X �;<\���U�,֢�&amp#7;,�&amp#17;8A{:��C,~ެ�J��?gB���J�z�z�cQFu%�^�<D�$���4ݔt�)��r�c�;��~Y/}��=;G�+(/b�k]#�Ե&amp#27;�:�N���f�絿���M�ťƺ��$Zm���&amp#23;Pj�~"���&amp#4;�̟J��[k�&amp#11;&amp#5;�5K�%���W�!�N��y"�)�b��&amp#5;�2�\D�+X弚��ɷ���L<g���u���&amp#15;�G��u�+S���&amp#31;&amp#23;K��r��={��&amp#0;��&amp#6;�����	$��K�E�+q=Η>��i�k�w0�οj�ėӞo�&amp#31;&amp#20;��-ⶹ��y�&amp#29;Z�-G&amp#15;ig�F��h�����5Xu�o �4�&amp#7;���l^=_R�N62��&amp#27;S1�a�����D�ae
.RXz���Z���>��ڪ�F^�n2�/�T�)89&amp#31;K&amp#12;."�z�jP��Br�Jp��*N��܎7K��q��c&amp#14;k���&amp#11;k�"��on���-6��M�Kqj�&amp#31;�>��j&amp#30;&amp#24;�%��l�1&amp#29;��Z�����V��K�u��R�H�ἰ��&amp#15;��߶��~&amp#26;i&amp#26;R��K]%��]&amp#24;-��u2|O�&amp#29;kL�·s&amp#4;��\41�:Ϊ��Q�m��P���d���5���^�|&amp#29;��sS�v���Z��.l��SUд��&amp#18;&amp#3;,z�]ϡ�Ǉ-�e���������~��j���\ȶv6��i<&amp#26;&amp#31;�4&amp#19;�k���닋&amp#11;�i!��&amp#1;%��5�5KYm�t��"��um"+�&amp#18;_&T�WftmF�.L�;�����ь(�&amp#21;�<5�&amp#25;��­*|��F&amp#30;&amp#16;�,<�U�O&amp#15;S��e9�Uu�T��qX5C��s�H�0�u&amp#26;n&amp#18;��R�yi�U'&amp#26;��.Q�n[NH�wˆ&amp#12;F;�;����&amp#8;�&amp#25;�\�riGF���c�3&amp#12;p}@9=9� &amp#18;x�+��Q�m�9�˫�ַ�&amp#8;�Z޸Λ3@g��[/!^�6Y&amp#22;k��30U�I&amp#30;Gc�&amp#0;&amp#6;s�`c=1��n�����'&amp#3;'��jU��:�����S�Q|�I7	r�(�FQrW��m�����:nӋ�Ҕo&amp#22;���$�n��o�۽%#۾3�&amp#16;8,z�#$w �&amp#8;&amp#4;�$�pz��&amp#3;ԓ�c�ۓ��``&amp#16;@:�<t8$�s��&amp#3;��&amp#14;x�&amp#4;�N���\&amp#28;&amp#22;�9����pW�$V��������ܵ{�_���������P:����2[&amp#24;�# &amp#28;&amp#14;�8 &amp#12;�&amp#29;�&amp#15;&amp#0;���$p:`���&amp#28;��2&amp#14;p:�w��&amp#3;��=&amp#7;$�4`���|�H����$��&amp#17;����&amp#23;���-����gO�����������&amp#29;q�q��y<w��Ͽ'4� &amp#30;x�&amp#7;�&amp#15;�&amp#7;#=&amp#7;9�;۫f�&amp#30;:���&amp#7;�=9?��܎v`��A9&amp#3;&amp#4;q�$&amp#30;���ϰ#9�����_�f��_�����VIy&amp#0;�Rx��s� �z&amp#2;���^rGӹ���� �&amp#3;��W&amp#4;&amp#19;�#$�&amp#6;6�&amp#6;&amp#8;��ċ��6�mV<&amp#0;�~&amp#27;*&amp#1;M��:�rx#q�;[;z�x-�w&amp#2;&amp#11;Q�m꺿�[�u��;]&amp#23;����&amp#7;�&amp#28;}т&amp#8;ݸ�2pA&amp#4;c&amp#24;;�H9PTd���@=�z&amp#22;#�y��z�$&amp#12;�ې˟�?��ݺ&amp#28;���&amp#27;He!y$n�&amp#25;&amp#1;��8&amp#4;�;H,��	&amp#4;�&amp#19;�&amp#24;�&amp#3;p&amp#7;}5��v]_��v����ۥ��mo{����m�rT���&amp#28;&amp#18;&amp#23;a&amp#14;6ʛ&amp#31;tn�7&amp#17; 1�s �3�fX��BGp{�&amp#14;�c�8�&amp#17;�	&amp#24;0Z][^�.-fI�gp�E&�Ɇi��+&amp#2;C&amp#0;�&amp#28;1�&amp#1;�cS�3�x&amp#30;�د&amp#0;�p&amp#14;q��rF2�-��{�����5&amp#29;������y~����~�&amp#14;A&amp#7; t�#&amp#28;�{��zc$��D
&amp#6;&amp#1;'&amp#1;@���&amp#0;&amp#24;&amp#25;%�� &amp#18;py&amp#5;�a�AP&amp#1;<&amp#1;�O&amp#3;���&amp#0;���-��h&amp#29;Ns��#&amp#25;&amp#4;�#�����&amp#0;&amp#17;���Z�&amp#0;��kv�[�&amp#31;���kK܂#�!��&amp#17;2&amp#20;��&amp#21;�>c��&amp#28;&amp#18;�s�s�%��03�<�㌷|�ש$�8�&amp#16;[���|��+8y&amp#4;@����&amp#6;ԍ&amp#2;D�#F�9�T�,�&amp#25;'i�&amp#31;1&amp#3;��!�y=���9� g&amp#4;6CS{�y�&amp#0;��<�>����&amp#0;&amp#14;-_XS���;��������$�V�mlm.��aq�@�dz��z5̗&amp#23;&amp#26;n�,W��Tvw�����&amp#6;���w�ZjZ���:��S��ԞB��&amp#29;&amp#1;o�#$�� �&amp#6;&amp#8;�&amp#8;��&amp#24;?x�@�؎1�*J��&amp#7;vH=�i&amp#0;mo��V&amp#27;��l �I&amp#0;�K�����M]���4�y.��=/�mYn�&amp#7;$���<&amp#17;�&amp#6;0x����U���?\�n�Oq�s&amp#4;&amp#18;ok�*��ȑ80�G&amp#25;c&amp#4;3�&amp#12;�F�u&amp#16;�76����m]�ͽ�bbB�&amp#2;@�n��P:�,ߋ&amp#18;&amp#20;&amp#22;#4֋�~i�?6�i]�R�M^���KN�������vӻr� �~�'+�&amp#0;&amp#0;�
��&amp#12;X��eJ&amp#2;�Ç ��&amp#29;9��?��$�&amp#24;U�&amp#25;&amp#0;��&amp#14;G-�0&amp#7;8&amp#24;�ps�����ڡA8&amp#1;W�%���AfrY�3�bX�&amp#3;&amp#18;v�/�m>mt}m���6�;6��X��۳MY��^x&amp#24;��w�y�{�wQ�&amp#6;#=�&amp#24;鸃��`&amp#15;��&amp#1;&amp#0;3pL��&amp#0;_S�q�}3�<R~x�&amp#15;'&amp#30;���'�rt}�����~��[&amp#11;g�����K���&amp#0;�ݻ�ӡ���|~>�9#<d�&amp#1;��&amp#8;��&amp#19;��`��$rFK&amp#2;�bG&amp#1;&amp#23;v&amp#30;W�(O2F��&amp#8;���HUU�U�?&amp#29;�1��&amp#29;&amp#1;�&amp#0;&amp#3;��u�4ռ�uww�w}��W�\�O}������M_�~w{+6 ��c��y�8&amp#24;��ߩ时9��&amp#0;�{�G�<�X�&amp#28;��q�?xu瑎s�`�*i&amp#7;B{|��9��2N3���&amp#28;&amp#18;ykӵ��l���ik�Nܼ�O��m�v���i]�̮���;`����=�'��;&amp#12;�M*�&amp#31;�s����&amp#27;�&amp#3;�&amp#25;�@&amp#4;�Ħ8#8�8��|��8�G#�9&amp#6;&amp#0;#����'&amp#24;��x�&amp#7;N�9q���ۓE�Y]�֋T�ݿ�Mh���M-���~m=6���ڌ&amp#29;��&amp#31;�����c�1�$c<d&amp#25;9&amp#28;������N2v�${�M a����&amp#25;�~3���z���&amp#18;��pzw&amp#3;&amp#7;��8c��N&amp#7;9lu&amp#12;�%���+W�6����K=�������K���E�����&amp#14;&amp#24;�&amp#7;�#&amp#28;��9�#���^� �Lu��=�&amp#15;&amp#7;<&amp#28;��	&amp#7;&amp#12;�&amp#25;��/����� �>�&amp#0;����&amp#1;�z&amp#3;��(r7s�ǃ��=G &amp#7;�I��m�����F�I���5WI;[��Wk{��ٸ+u�Z�I���n	��&amp#29;:&amp#31;�9$Uk�;]B�����+�;�ym��fS$&amp#23;&amp#22;�&amp#17;K&amp#4;���Ĭ�M&amp#20;�F�U��s�ӥ���&amp#11;D&amp#20;12�"wg�ʜ*�Rh�8�F��e&amp#6;$�&amp#17;&amp#23;�"J��&amp#2;\&amp#12;�v��&amp#24;8&amp#7;�����{c��h�4_4ef�Zi��-9kuk8�����o�9	}��&amp#21;���ݶKM��ѵ6|E���v��&amp#0;
�*�v���&amp#27;�&amp#0;&amp#14;G�&amp#0;&amp#8;�Pi&amp#26;̗&amp#26;������_h6�i&amp#5;��z|��&amp#30;��&amp#30;�;�V�F�����&amp#28;������7��&amp#7;i_�g�c��?ק�|G�s����&amp#0;�����}7O��+���:X�4+�J�}JO�FX&���|Ept�W�~&amp#31;��kYW�Wv�Q����&amp#15;����&amp#21;�&amp#23;V�&amp#12;�g��� �'�MOS�މ��&amp#18;_��.�f���Ş&amp#6;����M�5&amp#29;&amp#23;�W2Xj�&amp#23;&amp#26;u��?���&amp#21;OL�5�������{;��(V�w�(.5ψ�&amp#23;6�+�>&amp#24;]Xx�[�WQ���n�s�x�&amp#29;CT�&amp#28;q�z��{�+S�4�e����?�
�4�{�0�yF�a����0���
�|5N&amp#18;̩�|�y�F&amp#24;�5��ϟ&amp#19;AV�B�&��xK&amp#12;sQ��^����/$S�Z��-�?u�s%��9�4�_�/ww��~)��&amp#25;}�M7�q��=	�;���/��e���4w����t+�K[����F��n�O���!�<����u&�e��W���f=&amp#2;�W�l4�&amp#15;M��<@�&amp#28;��F��4�W_��t&amp#6;����	/��Û��5K]r�[ӛ��k�]|���u�&amp#27;W�t�2�����O�>�ú&amp#21;ω��$��<a��KG�n�T��u{Y�}7G����5�7~&amp#30;�&amp#11;����;�߀�t?&amp#18;i^&amp#19;��M�=��ƕ-�O&amp#31;�<Y>���$����&amp#19;��6異5�Ń�&amp#5;��m��oe6�o
���no8S��t�QӠ�&amp#20;ی'J&amp#20;�&amp#21;Z�,�Q�����ϞN3�)b#&amp#7;9��hi$��㺻O�WQZ=]���f����?&amp#4;&amp#27;�+{�4�&amp#18;J���w���i�D����&amp#14;x�_1&amp#24;f��wm�=��&amp#18;����D�U�ӴMKT}J8c���=CK�t�&&amp#24;a/�?��th��7T�5��FL뚻�i�l%�{��&amp#22;B�C��&amp#5;H���9��~&amp#19;���~c�zT&amp#26;N�5͕���Y��VY��-&amp#27;I���{K[%��#0��������<6V�Z�2�&amp#26;L�&amp#0;���&amp#21;�f��:��{mi�A��������t�&amp#5;��u{'��|Ga:�s���B�N&amp#30;'�lm���ֵ9,���V��m��&amp#16;�*�%�Sj��~�Ud��ʊ�&amp#28;��&amp#24;Jrn��yQFM�&amp#7;�Rn0Z-�M�������n�[�rg&amp#5;�O&amp#27;�&amp#30;&amp#19;�����G�j����ܛ�{9Ҵ9�S�O7���i���/me&amp#30;-��8t��E��ם��E�3�x�<&amp#25;�x�6��k��9��>&amp#19;���Ⱦ�Ӭ�E��΍|�&amp#18;�s�O�&amp#0;&amp#8;��tio��4�V&amp#11;?&amp#15;�b=>��M.�W?Z~�&amp#26;i���~ ��[�n4�oi��6�&amp#23;�����J�&amp#22;z\&amp#11;k����k&amp#16;^j�5���<2�P[ڢk�YY|&amp#1;���&amp#4;x&amp#14;&amp#27;-O�&amp#2;���&amp#27;�&amp#23;�wr���x���A�O�,u��&amp#11;]��/g��e&��ƫ�k&amp#23;&amp#22;&amp#16;���#T���4mZO�8&amp#31;'�&amp#12;4*T�V���,*��&amp#30;Z���&amp#8;�\�r���gk֒�GIJnt����z&amp#17;k��%$�N�I����6��M4�a�2fX�?|W�� ���&amp#22;>"�]�_Y4/	\\\I��G�w�/���'��It�e��B��&amp#0;F�O�&�@��쇇�'m��ڮ�&amp#31;�w�&amp#20;'���>&amp#4;~�z`�l�xs��&amp#27;�Wþ&amp#1;�t���&amp#14;��m&amp#22;+��Mg�1�������/&amp#12;�i,'ӭ�{�&amp#26;?&amp#18;x�M��uO&amp#11;�}�o&amp#27;�&amp#0;�q|"���&amp#0;ؓ��(������_&amp#27;|{&amp#31;�~�&amp#5;���-�&amp#14;x&amp#19;Z&amp#23;֞	��}&amp#7;���ii�k�F��&amp#17;�+�җ�Au�&amp#29;C�z6�6�g���/�&amp#0;&amp#5;��ǉu&amp#31;�O��&amp#0;&amp#6;4�:{oxo�����+H��&amp#16;�����?&amp#16;>"閐Gav����&amp#15;&amp#4;�J�}�Y<m���gU:U�ؿ�x��|J���O	�d\;��S�a���&amp#8;�28F&amp#24;ň�U�ZS����iT�*�d��aV&amp#30;��a�J��e�5Z�ԣ^�8NRQ\�����+'�S^��Y��\��^|:�&amp#22;�&amp#28;ԯ��o/����&amp#16;�ƥ�&amp#29;Jk�3U�n��![˻�_	\��s�Oi�k�f�qs�C$��&amp#29;ҵ_��g�&amp#3;I���&amp#25;�+it�4�&amp#12;[�����h�&amp#26;�C��J��l�}&amp#22;�<�k�xu�E>����z���{{�A��u}M�r�i��~�K�&amp#14;�s�[Z�F��&amp#27;S�ў&amp#27;��[K�x��7&amp#19;\_X�i�Q�:����ֳ�v�&amp#22;6�c�[����񨶕�'q�S������u&amp#25;,��H����}4Y���i&amp#14;�&amp#6;�o⅟R��5�D��n�:j�&amp#31;�Q&amp#30;!����ŵ�W��`�&amp#26;�MS��#QQ���8�YӍ�6�x�_oeW�M[�����ݳi�o&amp#22;�+7����;r�}�F��+E��U�����&amp#27;m6K+�]+E[��-�5�������[{�ծ�}nIZ&amp#11;�4�&amp#5;���xnI4�.���uMvYF��[��4��-?@���o6h֭��px���S�=6�{+&amp#11;{[�;̳��~��m&amp#11;E{-vWҏ�xS\�I�4���V���C�mN�H��g��?&amp#17;XC&amp#15;��$��&��&amp#25;�R�4y��"�-�k�n����%�w&amp#21;���&amp#0;lG&amp#5;��Ʋ��ՋU�|1y��.���Z_�{-��Ƈ澡}ez���x�[o&amp#16;k&amp#18;&amp#27;��&amp#14;�������U�)��)�e4��'J�[����Kٻ)U�I�zt�}�&�4m읔zKF��%d����̶l緎�\�W�t&amp#25;e��&amp#27;{ky��OX�mnu}zcc�\Ţ�.�w���v�I��n�ԍ���&amp#29;D���ݦ֧}���o�o�&amp#19;ڴ:�&amp#31;�vM&amp#21;���Z^�&amp#29;�}emc�=�Ͷ�u�����&amp#30;"��y嵮����Ϩ�%ε��K�i����&amp#28;��ڎ�&amp#12;S���\&amp#5;r֖���J/ն���Zƺ��h�t����MͿL����ڎ�~��+�k6�%��&amp#23;ۭ"7:b&amp#27;y��&amp#1;$0A�&amp#27;�N��T�&amp#5;֝%���Y�I|�uJ-5?gY��8(�	�Ѥ�*S�&amp#26;��Y�&amp#20;��U�.���ֳj����擿��tmٻ���&amp#29;&amp#31;[��cq��C�}&&amp#27;���c&amp#12;g_Ң"���O=�[�luX��[P�-��r_j1Y�-��uyh�v�e���s2C&amp#7;�a��]&amp#27;O�T��l��t�F[9g��GӬ�"�&amp#27;=e��.�ɬZͩ%����&amp#26;U턺���&amp#21;�����KM�Ӭ��ף�&amp#23;L����k�&amp#18;[&amp#23;�4��\�M&amp#30;�q&amp#14;�>��\Z���^!�ԟ��u�&amp#11;+\���]�Y�֍g}��]�G&amp#5;���֛��E�&amp#0;�-�]&amp#27;C֯�D!���u�&amp#18;h��9�Ԯu&amp#29;+ZmjA�&amp#8;�hQu%7J�x�G	�A{H{T��8�Ɗ�G&amp#17;znp��Κ�)RrP��m$�&amp#21;��u{^Q�w��%&amp#25;�7k�N�&amp#26;�&amp#7;�^x��^&amp#17;�[�M����:�ܲC�3jZ�Ƹ���&amp#15;.�m�k&amp#22;�h�<&amp#22;&amp#12;�x[Q�a-���\��&amp#29;CS�[����u�O��S_��p������&amp#30;���Sk��wO��uK�="mWH&amp#17;�[j��j�7/i�^�kTե{(�Y��M����<Gw�&amp#14;���	�i6�&amp#28;�|3&amp#29;Α�&amp#15;�&amp#6;��&amp#15;\&amp#26;���xS�U��&amp#0;ji����A&amp#29;��&amp#31;�SI�&amp#15;���F���}��'Ɵ&amp#16;t��ۍ?�&amp#16;k��r�L�4��u�z6��e�m&amp#19;[�g�M2xJ&amp#31;��XhW?���͢i�6:��|E��'�/u�&amp#20;j��\&amp#17;��-˨Q�)K&amp#17;��Vn����Tt�J&amp#14;кu�e��nUya&amp#24;'&amp#24;ʓ��<E^iNb0��|JS���4��&amp#14;/�3��$t&amp#0;4�r����&amp#1;��riz_��=����W�^��\�m����
����u;&amp#29;���M�/^�&amp#22;���?�3YxGK&amp#26;v�m�h��ԗ�|&amp#15;�|q���~/&amp#16;x�L��*-3�&amp#30;&amp#3;���K_&amp#12;x�@�|��i����F��/��']�%����7����/4��&amp#8;�k^&amp#16;�&�&amp#22;�{�I�&amp#0;&amp#4;��A&amp#23;į�2~�zޗ&amp#31;���&amp#11;H���x���&amp#27;]{����+[+mJYǆn4&amp#31;��^���?&amp#11;k��&amp#15;�u�F&amp#29;;M� ��v���5H�&amp#23;xKU�t�������MoX�ơi"k�V�⏈�(�mͭ���u�Z��V�K�&amp#30;�+k�)&amp#30;��v&amp#26;&amp#19;&amp#5;�����<�X�V���x�&amp#25;e,�&amp#18;�QөE浱��T#*&amp#21;&amp#28;�G&amp#11;��N&amp#18;�oܬL}����9we
P��'v�&amp#25;�m'�t�p�\d����I����4��O��@�m/��l�/�[�v�Χ�]\x����&amp#20;ӭ����g�ֵ&amp#27;�/�k{��&amp#23;R�=�GUw�Q�k��&amp#15;⧉|=}�&amp#31;
�]\i�&amp#16;��SO�+�g�������ZV�p���oc�&amp#5;��3oq�5ޗs&amp#29;������i� ��Rc&amp#29;���&amp#16;�X�2�&amp#16;b&amp#12;�&amp#18;V��&amp#12;dJ�<�#�#�$��(!�����vrxs[�&amp#14;�&amp#30;�&amp#15;�$��Ő�x�Rƿq��)5m[��&amp#19;&��_\����Zv�"ͬ]�&�����Yx����R��3&amp#12;K��.��:�l=LN&�'B5`�~&amp#3;&amp#23;��FJx�&amp#18;^֌gF�:r�YV��Z����9T=�\K�I*�c&amp#8;E��7S&amp#17;YSR�'e�(��k^&amp#18;W��4�&amp#19;��hl��=�&amp#30; ֦����\\�?^�t��=�嶢�Zn���}���g�}���x�;�_��h:U�:�jW���x�&amp#0;\���r����D~&���eX�m���`���%���jV�\����d��i�j6�Uݮ��F�'�χ�&amp#12;����6����=֭o�&amp#19;�F&amp#24;�t��5�OKY.<[d�מ!���k&m&�J���i�h?����%�J����,��&amp#11;-cS���u+�.nl��dӬ�-t�dӟWKhe�&amp#23;v�	p�ckei��Ic�=����~I�&amp#25;�?&amp#12;���kѧ����B)ԥ��L[�1��#	a�ѫ�ЫYS�B&amp#20;�kНjt\�J��a2�%ybpmӜ���d�"�J&amp#21;��E&amp#23;	�Q�
���O����&amp#0;wQE�ԩ&amp#31;�-|m&amp#31;�<[&amp#30;�&amp#5;ؐ�y1%�~TZuΑ-��=��ꗍaax7�B�7�}�Ē�&amp#21;�Z��&amp#21;��&amp#7;C�WZ�l�%C&amp#25;��Y�<�&amp#12;�X&amp#24;f�,s(&amp#19;�&amp#28;ηqA4I{o&amp#5;ؚ�=����&amp#27;��]���N��L���J�\�������Q�I�-ݴ�i���@b���o�D���F���&amp#22;���&amp#3;�O�����wM��u>��P&amp#23;�&amp#26;�v�a&amp#14;�g�A`�zd����M&amp#26;����&amp#8;t��&amp#27;P����!��O���|�&amp#17;K1���Z8l�^օ/i	Ξ&M{KSn�G&amp#5;�Ԫ�F�|�B������*S�Ƶ+��nZu&��gF2|���y��..M8F5f���|w�lzr&amp#1;n���&amp#25;�ݜ�^L!�G&amp#4;&amp#2;s�&amp#3;&amp#4;&amp#0;&amp#14;rx&amp#29;��&amp#15;�&amp#30;��&amp#28;�&amp#7;&amp#29;0G&amp#7;�&amp#0;��&amp#15;�9�&amp#0;y��F��t&amp#25;&amp#28;����_�U��-u[��y=z��J�z�ͮ뵭���&amp#14;�`�&amp#3;=Aa����l&amp#18;v�b1]�&amp#28;�ۣܠ�9I�gBG��$�&amp#11;.&amp#14;�pIVl�#�<�p&amp#14;8g�&amp#16;x��8�&amp#3;��$S�C&amp#16;@*&amp#14;&amp#24;r�&amp#30;&amp#14;&amp#24;��&amp#0;&amp#8;&amp#4;��&amp#25;�&���ۿ~���ޚݶ%��~�u뵽5�l\zd�&amp#24;�y��c<�A�&amp#28;dg+��3)P�pP�]�¸r�eq�T(�&amp#0;�I�"H&amp#21;�&amp#1;=;u�9��&amp#0;�x$��鷩��&amp#3; ��s���&amp#24;#��=3�01�:[�����}��W`۳��������&amp#4;�N{��z�'ߜ�j=}�ێ@,FI�ϰ�&amp#4;�2T6
�&amp#2;A+�p�)*H&amp#7;9&amp#7;&amp#12;W,6�&amp#6;⫎��&amp#4;��xt�O�#<�R������VI/��}�&amp#0;�Ud�3�I�Pq��<�&amp#8;�x�&amp#7;PzS}y휒99s��&amp#28;�c�&amp#28;�@&amp#25;�&amp#28;�;�<&amp#19;�G�&amp#30;rG&amp#25;��z~&amp#25;$e��&amp#15;���b&amp#23;&amp#4;�ȼ�&amp#0;�_��o�i&amp#11;����>��&amp#0;+���&amp#23;�&amp#25;�����&amp#3;$d�!GC�K&amp#16;Ĩ���c�ze�B}&amp#0;�1��N��&amp#0;@9�&amp#3;�'��ǯ@	�pI�&amp#25;$P��&amp#15;��y &amp#25;@�9�&amp#31;�&amp#7;�X���������&amp#26;&amp#24;���&amp#6;&amp#23;&amp#14;v��d&amp#27;@���&amp#0;�e��	!�&amp#17;���:``1f�&rY��lr@&amp#24;�&amp#22;�8&amp#27;��&amp#0;�&amp#6;n��#�s�&amp#14;@&amp#4;R`����1�9���&amp#4;��&amp#3;����מ��תm���_�]�����p��mжx�&amp#28;&amp#5;wc�$�&amp#0;��&amp#6;�&amp#25;n�&amp#1;f�L��<�#��S��&amp#1;&amp#30;��&amp#1;��Qm�&amp#17;Q&amp#18;(�&amp#4;`�*�芠&amp#0;&amp#20;�&amp#5;&amp#3;�&amp#4;�=ju!s��q�x�a���=��ܓM�/W�&amp#0;�Mw�o�ڻ]�=iEk{C��������if�wA��&amp#31;�t��c#��
��&amp#7;m�&amp#12;��I&amp#0;��;n�&amp#7;!��
&amp#5;&amp#8;&amp#16;nl&amp#1;���f�@X�rU&amp#2;�r�&amp#4;S��BeU�b;�$rʧʔ'�[̘/�&amp#20;�ʭ&amp#28;2��dI�%)&amp#5;�U�Z�-'v���K���>�v�6䈫��1Y&amp#20;����6�8t
�\�&amp#0;&amp#28;�&amp#20;��~#9&amp#0;&amp#15;�}�B��8^2r&amp#6;I��I)i]&amp#26;	�UH�J�O���M�Rfs"&amp#8;Q�R�6\[&amp#5;fq:����G&amp#28;w�~�&amp#28;&amp#30;��'8k��o����K��k��h&amp#23;ݢW��^���V����m�T!�l�&amp#29;��Y�F&amp#21;&amp#16;��(&amp#29;�&amp#20;C���8��,�&amp#6;2s�<&amp#30;����鞄�&amp#3;�B2N6�&amp#28;u&amp#25;&amp#3;w��q��q� &amp#17;��.�N~����&amp#0;�&amp#28;z�&amp#15;�4+y?�uk��K�m�غۭ��[���{ٴ�t���&amp#12;�,>��&amp#4;�x&amp#25;|�;�߁�&amp#14;����<&amp#28;�[vSk &amp#1;� d,Y
H�Q��巙��&amp#18;)A${&amp#3;��&amp#29;��\e��#�>��=KV��u�Zג��}&amp#22;�&amp#26;ջ����讟M��˽�wi7�����w�}G�$�K����^s���O�^���NO#�O#,7u�&amp#4;gׯR&amp#14;A��'�&amp#0;&amp#28;d�s&amp#2;X���&amp#0;8���&amp#23;��5m_��}�v�W{�M������{����ߐ��y#�x�&amp#3;�N&amp#1;�{��&amp#2;��&amp#24;&amp#7;��۱l��Fr&amp#7;&amp#4;g&amp#0;q�iÿ�3�:���$����&amp#0;��r�|�{�=N{s�&amp#25;kf���f����m�)'v۰����K]�-�պr�&amp#0;�6���y&amp#0;����	&amp#29;001����I$���=z��#��3�L&amp#1;�g�&amp#0;q��&amp#0;rG&amp#7;&amp#24;&amp#7;��c�`=&amp#7;|��J&amp#2;�r@�0A'&amp#0;��w&amp#29;9��g&amp#24;-�[wW���Z��f�n�-���mӺ_;��T��ߧ/�Q&amp#28;&amp#6;r&amp#1;�y���&amp#29;y'�A �&amp#0;I#4����=�&amp#3;��&amp#1;&amp#25;��&amp#16;&amp#27;��nN9$��g�`O'8&amp#7;nH�&amp#0;g�&amp#24;&amp#20;�[-��00N&amp#15;R&amp#1;Q�&amp#12;[&amp#28;�&amp#14;6��w
�{j�����o}t��ݵ�H&amp#22;�V�}��n���\�w�&amp#6;&amp#27;?�&amp#28;p20�8&amp#25;'�Fs��y`XQ�&amp#28;���3����8��&amp#7;&amp#4;�8�&amp#14;&amp#14;N9$&amp#14;2&amp#7;̠(&amp#0;u��I$n#q&amp#7;���v��v�zw�$�x�S�&amp#20;6H�5kYi������z�����m&amp#17;�����Vm���ߜ��q�nR�0&amp#24;��t���C&amp#0;�J�i8&amp#0;&amp#21;᱖�-�p^&amp#24;�`�`YfGW´�&amp#11;oj��HD��fY��
�S�a&amp#12;^[c
z&amp#12;&amp#0;�n���&amp#2;O&amp#24;&amp#3;n&amp#6;z�ܒW-Nx����K%�&amp#23;Q�[mY�(�&amp#18;�^B�&amp#28;#l"a<��YY#��-l�&amp#19;(X��+˚2zZ*6rz���<�N��QW\�����Z��+_�߭��������xZ�W�\&amp#12;x~={���k�ζo5�&amp#11;�ׇt�r}m4&amp#27;��&amp#8;��Ӵ]&amp#30;����B\G��M�j&amp#22;r��l������&amp#7;���i�ڕ��<%�G|;�>#�ůh��7�w��&amp#8;xO�� �X��4=&amp#15;H�F�G�u=N�G���"�'Ԅ�m���"c�H�&amp#31;�E�]?S�o<`t������Q�:��H|I&amp#31;��Yb--l��mw[j�Eύ,�Ko�i&amp#18;˪���5�Ō��F��G�/��'�/��&amp#0;i����������u+�x��b�����&amp#0;	<M�/&amp#19;�z���t�&amp#15;����3/�|c��:���$�n���&amp#11;H��\���V�{��&amp#12;3�&amp#22;SS�3&amp#28;}5J8<f&amp#14;5'��\+᥍�ᱲ��qS��l.&amp#22;�|e']��N&amp#24;i�j�&amp#27;��&amp#28;E:��X�T���)]sYI*��䣥��������m?�ᶿ��^&amp#19;��;q�i�H�#�K���&amp#7;X����`�ZƓ��(����&amp#11;Ic&amp#15;��WW�59�G�h�r]��v�A>��I�j&amp#26;G�N�l��&amp#27;=U���Rմ[�m|E`m��&amp#2;��&amp#16;��&amp#8;�]&amp#29;5&amp#29;M�A.�{�܍+X���E���&amp#6;��^Y����+�����֌&amp#30;&amp#27;�7�$	��������=/_ҼG�+?
E�u��k�W��P��h|&amp#11;�_ƶZ��Ǎ5�&amp#24;���^��{{&amp#24;5k]PA���]?�&amp#17;�OT���u&amp#27;9�&amp#26;ޱi��&amp#22;�t4m&�-/@���u�ۛ�6�����+k/&amp#12;���&amp#31;�پ&amp#26;3�:���)ԧQ��)�ʥJ����H^7�<*^�t%N�)J5//��>U&amp#25;s]�Ik'}�էf�מ2m��O	]��R����`]� ��֛A�t˟;C�V��!�DW����%�j�6����uka-���m�=�V�Zz?�t�/X���[�b�K�&amp#30;	f�=gH�4�`j&amp#31;�&amp#26;t���V�&amp#22;�3#Zj&amp#30;&amp#26;���ե&amp#22;ڦ��X��&amp#29;�i7�_�&amp#31;&amp#7;�+E�Igy���1c�Ck�G��3D��t�v��&amp#29;u&amp#11;�>���E���T:&amp#21;�Z���j�i�Wɣ�c�v&amp#26;ƛr���f����M���u&amp#21;�d��4-*���^b��X\&����i&amp#5;嶷� ib�ԴM&amp#30;;y��&amp#27;�&amp#16;���K�Gy{�.c��0��LjStc��f�F����"r�%J�eEֿ�mҒ�&amp#21;9NpRjK��Ԧ���R�I[���Z���%�n�8�x�����A�&amp#5;���_xk×����/�֒���ZƬ��Ʃ�C��m?U��t�ƺ���O����4��Եm&amp#7;�?h���&amp#31;&amp#4;x�Z�鏦�Z=�唺v���آX*k&amp#22;�&amp#16;E�E�k���^Gnڥ�5ю�I�j0Ks&amp#22;�����O��}��j&amp#24;&amp#30;WE���6��kWv��ַ�7�&amp#12;�0��e&amp#18;[}��&amp#0;S��ִ�B�T�����w�_^ڶ��Y��<+��&amp#17;�V�]}oD��n���VӚ���}+O�uM*�Q��&amp#29;��4�M3S��&amp#30;Ym/u6�Σ&amp#30;�.,.��$�k��5p�\5le'N�)ҕ=*T��BpQ�*����kN|ГO�r�Eԗ����9�rM�Y�h�Oڦ�]���;ٹY��?H���PmcZ��&amp#25;&amp#19;��,�<&amp#31;��&amp#26;7��Z�����UҼ$���<7�_>����}*��&amp#0;�&amp#29;��Җ�J��5�M�;�cZ�u�&amp#18;_��&amp#0;��~��&amp#16;o�Y�&amp#15;�&amp#31;J���<:��|/���7��6�gw�ͯx$��E��O��ԼI�h�X�Ѽ����&amp#8;�[�?S�Ѯ	|w5��<K�~�R�ƫ�&amp#31;&amp#4;Mk�&amp#31;&amp#1;��/����&amp#22;xgTЮ<7����~�N�&amp#11;i��&amp#29;�Ԭ&amp#26;��l⽻��&amp#4;W&amp#26;������|#�ѿk/�k�7&amp#31;&amp#17;��O�O���[�kM�E��m�<U�{��H�-&amp#21;�l��W�gӯ��f�[+C�]�<ڪI7� a��&amp#21;q�E�~I�������asܶ&amp#20;�mVq�,u|,=�yg��ύ��iƞaI��T�M�\��4�q&amp#25;my�k��&amp#31;gQ�v��J�3J�A�S���&amp#26;R�|��&amp#25;��S���K-.�N&amp#22;�&amp#18;Au��^��I-��&amp#23;:a��tH�+] �ڔZ�Eo��.����ŵ��yx�^��&amp#31;��Q�8uk�&amp#24;=��Z~�&amp#14;��[�Z�&amp#29;.]>�V���O�n-m5k==��};P�@�L��i����5K,_�w����&amp#0;e��~)�O5�����V����&amp#29;^�_&amp#14;Y���&amp#2;��H�|-��;I<7i&����Z�����&amp#31;LռKw�����P�<&amp#23;s���u7cD�խn4=SH��X]�&amp#23;�}c�xyO���5��G��k���m�yn"ּ%o�钦�&amp#26;�xw�&amp#18;j�'������1���px|�&amp#5;R�3&amp#1;�aa���&amp#20;�Ԅ�k�RQxz��7	�&amp#19;%R.3�E*�T���}�'*&amp#21;}ʸy�Ԇ�ތ杚��}��Ⱥ�VӍ�&amp#0;T�&amp#16;x��M�xv���M&����f�u���[W�����S&amp#8;�t˸���#��}�E���&amp#14;�u�i�����{O&amp#18;�&amp#29;&�G��G��tƷ��_�#��&amp#12;�=�v��\�6�c��h�M�k���v�������Awa���O�Z��n�4�5�a�i�)}
�Q��M��6��啍�εu����K�\xJ}2��&amp#29;>��&amp#25;SQ�t�&amp#6;�hQ�G��o�o��-xS]ң���&amp#11;&amp#27;��V�,5&amp#29;�#v�&amp#29;�Y�z������&amp#15;�&amp#15;&amp#17;X�zW��A�/�u�H,:v�g5���s̿�q&amp#7;
W�W�Z&amp#16;��z�&amp#29;Jr�%�&amp#11;�N���;N\��:�����d�Q����b�����E$Ӳ[�&��k��Ou8�>T��ͣ\����&amp#26;����j�\&amp#23;�>�yiqkquwŝ�$I&amp#12;��X�֚jؤz�\����s�j���hZ�����঱d���&amp#12;&amp#2;="�A�5���i����&�d��m~�3K�Oq��i5�&amp#11;����2ïI��&amp#14;��o�\Go���7^&amp#23;���N��qhs�i>��x�;�&amp#17;Ekc��Q��z�^����N�i��ܦ�yf.t��&amp#22;W��x�Ú���|'a�c����{�>�����M{M4&amp#11;˛�Y.l�����-n�����������Su�&amp#8;�l�&amp#22;������:N�2Iƫ�%8F�Uj{T���B&amp#14;1��J���R�JP��K�(�[h⮖�&amp#11;[�ֱVm�JI�Ik�ꚮ��]������&amp#0;e��&amp#23;ڍ�����������u��i�]��&amp#21;�0]Zj:=��ɥ�w��ZF���ݚ�K�����SX�w�-�ڶ�mg�j�&amp#4;[&amp#21;Ԭ�C��ޙw�i��z*�> �Dw�&amp#31;���Q��B�&amp#26;�ӃS�&amp#14;�$�p�&amp#21;jX�9ym�O&amp#14;Yi:���&amp#30;�&amp#0;^�g�I�k���]�f]&amp#23;Oѡ���K{���Rc�j�z嗆��{�Ь������&amp#25;x�^�#��Z��\Ӡj�7����Z&amp#23;�7�&amp#30;&amp#29;��Zv�/�<�&amp#14;x|?�x�]��u�i|Ks���F��&amp#22;zF�q�7&amp#11;pmhէ���J�IҧVte*�RR�X��J>�=�+�:��(V��&amp#16;����V*.2�'�Q�'��4�mn����N2|��ηc�\�ܚ��m����W�̍��&amp#18;_E��cP�&amp#5;��iii���h:~��&amp#27;]&amp#15;I���&amp#30;*���֍�Ea&amp#21;�ޕ�&amp#30;?¾&amp#19;Ծ+�c�?�o&amp#12;x��UO&amp#24;]�~&amp#5;��Cԡ����u&amp#27;&amp#27;}*�<#g������}��M{����m&amp#11;6����E��&amp#27;I�<i���&amp#14;��&amp#7;�t�&amp#17;�������M�R�F�tMN�X��"��Oo�C~b��k}G�ѣ����&amp#23;&amp#26;����og�j�&amp#24;�G��&amp#0;�'/씿&amp#7;t&amp#24;�&amp#0;jO�&amp#30;յo&amp#27;:Z���u_&amp#17;x�S�k=[�>&amp#19;moQ����T���|9&�aoo�X�K��K�.�aam�'&amp#16;g�N&amp#21;�1��[G&amp#21;���y.
~�&amp#21;q&amp#24;�ƥ:0�+JXj5&amp#18;�N�����x�����&amp#24;Kͣ	b*Ƅ&amp#31;4o&amp#25;U��P�w�Rw��&amp#18;z�4�i6~�x&amp#19;���|=&amp#23;��ُ�O���~&amp#7;�]����&amp#0;�Z��u&amp#21;��5Ւ5Ɠk��&�s��M��cJ���6�}�����K��{��4�F����3K�t_&amp#19;6���&amp#3;dZG�i��x�N]
�I�:UՎ���R�{+��&amp#17;��}&amp#26;��H��tx��t7�t�Mr�������a��>&amp#31;�&amp#23;�\j�&amp#26;ֱ�_ϫ�z�����%����Ζ�����ƫ=��{���R�g&���a��`�?�-.~��&amp#7;k������T2ͧ^O��<��&amp#3;P��;I&amp#5;���^���>��C�{�&amp#27;���s��8�ҝJ��r��Vx�k��֭*��&amp#28;Ru�9T�UPp�U/g��&amp#30;��ʵ/h��0�8�E����R[]h�n[_�Wj��6�H�>�eg&amp#8;�&amp#11;X�5&amp#11;�U�&amp#30;�+H�YXݥˍN&amp#22;���/4��>ݭ&amp#1;�/���'k+y�&amp#0;4~"k&amp#26;����Amlu��b�`�Ym�t�n�Q������Mby,��C��Ε&amp#19;��Ukg�6]Z+[�ߢ�#��þ&amp#11;�<�&amp#28;����v��n�][�WR�o&amp#18;H�������;�>D:|3Om���[�i&amp#22;��K���/�|-&amp#22;��ύ?&amp#15;�ѭ��&amp#26;���&amp#31;&amp#18;&amp#19;��&amp#30;����+G�<9��Uܮ�co���&amp#27;�Yll�n�K�6&amp#11;kokms{�'�\IO�t�a&amp#21;LE,=\&amp#28;r�V4#(ԭ��&amp#28;&amp#18;�$�Xʽ,&amp#26;�jF.�T��ue��(Ƥ��#�ú��&amp#26;s�&amp#25;<L&amp#20;�I5&amp#28;&&amp#30;�e&amp#22;ӌ�&amp#26;�=��Ӕ��S�׻��&amp#29;G�:&amp#21;����W����&amp#22;~&amp#22;��ӭ5&amp#21;�m&amp#19;Oм1�/	�q]&amp#25;�;9&amp#22;��R�t��V���&amp#0;]�&amp#0;���V�%����އo���&amp#27;{�F}1<=&amp#19;�i�~����6�&amp#30;���h��=Bkd��×Q�ϨgS��Q�S���g��Gt&amp#29;?�S���&amp#3;�&?&amp#23;�W��&amp#31;D���5֩��x��J��|K����g�6z����H����]STO&amp#18;�Z\�:|����]���O�閗Z��ZO���&amp#31;J��.t���f���&�&amp#20;7&amp#26;ZϨϯk&amp#23;�84��}��&amp#1;�WNBڅ֥gw��gop�J>������&amp#23;&˰��8J�'��&amp#28;e\f!Ƣ�<��Qª4�ԩ&amp#24;�P�.3��\�����Bx�����uqUq2�R&amp#15;&amp#23;<%?eA(�B�&amp#5;)Fn�\���:o�J�UR�����Z׏�?�d���I���&amp#26;t-i$��s�&amp#29;v�&amp#22;����M��a6�&amp#30;��nM�K�éYO�&��Z�N�mbn���9�A��&amp#31;&amp#15;�6�&amp#30;&amp#18;C$�&amp#22;��]jм�:��z&amp#28;�x�{?�y��i��^!�-g�M&amp#18;I�ò��p�������7]�G�u�&amp#23;Y�N�{&amp#22;�k�izv�.�6����>��&amp#31;��-ᶎ9`�ҧ���&amp#27;���uK�8jgSf�&amp#31;�&amp#15;��Ů�l׾?���<1���<�'�e�D����m&amp#30;o�Y�7�&amp#11;&���z赗���5���E��~��G&amp#26;Y��p�Q����Ф�'S&amp#21;N�j��ai`k�
X�=x{Oo��:q��	A֓�&amp#30;�Z������cr�.&amp#22;�����7J3�^x�w��T�+:x���5R���YŨ�&amp#23;�&amp#5;� �>*��|Amv����&amp#19;_���C|֯l&amp#28;c�K�H��d�f��&amp#31;.H��^�w�烞x&amp#30;������&amp#4;�y����w�-3_�.4���o��V�i�Ö~&amp#16;�;v�
jVwwzmߝ&amp#28;S^����&amp#4;����%�&amp#26;]>�&amp#0;��k����I�Q��Khm�&amp#19;G&amp#3;��"������)�,� �������&amp#22;̉#��?��X<F&amp#23;&amp#3;B�lD���&amp#20;��s��*��%R
O�i�S��ܓ����N5+T��&amp#19;(խZ�:&amp#11;&amp#15;&amp#6;ܝ&amp#20;u&amp#25;[�1kY&ⵋ��&amp#17;|��&amp#24;�}&amp#7;�>v&amp#7;�FN�&amp#15;&amp#30;�'4�D]�U&amp#1;r&amp#26;FP��aQY�&amp#12;�&amp#5;�P&amp#22;�&amp#8;&amp#21;7m&amp#11;O�x&amp#29;&amp#1;��ܐrq�x��&amp#30;	�&amp#3;#$}G��:&amp#30;��q�$�7^]��yv]u��ֻ�c�yw_}��u���Z���t��t9�ˏ\&amp#30;����6��&amp#7;�g8�&amp#0;&amp#16;O>�t&amp#24;�I9�@p&amp#24;&amp#19;��&amp#29;?�=�\�u�l�n$\sӌ`�z�L����1���&amp#26;_�䶽�&amp#0;���&amp#23;��-���f�pA&amp#0;&amp#30;:��-�H'</�1&amp#0;|�&amp#16;��q��9&amp#0;�=
� &amp#5;&amp#29;� �A&amp#2;�'�&amp#2;��q�&amp#24;�rp>�&amp#6;�3@�М�&amp#15;N&amp#11;&amp#14;�$���)������ۧ�&amp#31;�׽���zߧv
{��)&amp#25;V&amp#24;&amp#31;8&amp#25;&amp#7;&amp#4;w�s��&amp#3; &amp#31;�<�ͱ�&amp#31;^ܜ0�T�&amp#3;��&amp#4;��;��靧��9$�R��y&amp#24;�&amp#28;q��\�r0s���&amp#12;i///��ߍ���^^_=]�&amp#27;���@z&amp#17;�:�&amp#31;L�~Q�s�����O&amp#28;�3�1�&amp#29;s�9��&amp#12;��#4��X&amp#6;&amp#31;)&amp#0;�yS��8$&amp#28;��&amp#16;A$�	Q��&amp#23;&amp#25;����&amp#29;s�@&amp#7;&amp#0;�"����}�n&amp#7;���1��!��N�'�&amp#17;���M &amp#28;rN&amp#7;`q���&amp#15;^	?��=@&amp#0;���&amp#28;�-�&amp#7;?\���&amp#17;���Ǧs��|c=9�x'�b&amp#14;C��������[���=<�Y�ֽ]x&amp#15;�P�O�&amp#25;&amp#0;���?&amp#25; v&amp#12;GL&amp#12;n<�2�&amp#1;�&amp#18;29&amp#0;���s�e&amp#25;�&amp#6;q�X�&amp#2;D��m%��(���D�Y$��H�WL�&amp#0;&amp#11;+o\�&amp#0;-����H&amp#4; &amp#4;&amp#17;�e&amp#18;I��a��&amp#20;&amp#24;��%2ǲ)fC&amp#26;$�q�C&amp#18;�yz�&amp#0;��<��ᮚ�?��}#&amp#11;on�Y_���r��ITu�nn&amp#1;'&amp#29;F��&amp#29;��&amp#18;&amp#7;9`z�cVp�&amp#17;P�&amp#17;1r]�����P��� a#��zG��B��ތ�&amp#28;�f��"�C���B3&amp#18;�>�&amp#11;+&amp#29;�B�w�&amp#7;&amp#3;$&amp#30;��r����&amp#25;f&amp#25;���)//�ٿ�?}���og��.��iwﭭ%�I�
y��&amp#25;�<�e��#�&amp#23;��&amp#25;�m9Ns�u����&amp#14;��0&amp#24;w&amp#7;.PF��&amp#27;&amp#3;�9�&amp#3;��s���&amp#24;&amp#7;v&amp#14;(&amp#3;�&amp#4;qߌ��s�&amp#29;=&amp#15; �&amp#21;��&amp#30;���o��Y_k5&amp#30;���F�澷��z���&amp#21;�1��Q�$.&amp#12;�6��&amp#17;�&amp#2;���F�H;��;����89ا��$曃�� v�&amp#7;�<�y+���$&amp#18;FH�?9$�O=���2��4��(E�E���aw9����f�;eKi �6�-���5��J��W����^��l&amp#18;�}��M��v����� &amp#28;v����&amp#25;�,&amp#1;� �&amp#15;#&amp#7;m &amp#28;&amp#31;S�g&amp#28;s��#�'�&amp#14;�s�p&amp#4;���绶:&amp#28;`���w&amp#7;,d�K|�&amp#24;&amp#0;�&amp#3;&amp#5;`&amp#25;ps�d$&amp#2;Au&amp#15;B��{.�][���m[�KNۯ��of���]$����&amp#6;&amp#15;\�&amp#17;�&amp#8;�8�FW��~f�!��YH��&amp#4;�F[�f&amp#4;&amp#28;&amp#19;Я#&amp#25;�<��&amp#21;��0N99~��' ���H�&amp#7;&amp#3;&amp#3;&amp#0;p0&amp#7;`N8�t�9� SO������쮚;^M;������z���kim�y>Q�'q9S��;H&amp#14;�&amp#11; &amp#1;�Q�3��&amp#18;�W-VB�&amp#16;pdP��&amp#27;�Us Fe�&amp#18;B�&amp#4;'
̎&amp#1;,�&amp#6;��x&amp#7;�RGs��<��&amp#1;�x,	&�&amp#14;��#����~�r9&amp#29;&amp#8;-W&amp#29;4�k&amp#27;�u��]�f�9&���K��X���wK[��}=���q�&amp#2;�?��&amp#24;&amp#4;�f�&amp#27;�G꤁��������&amp#7;���3��s�x�&amp#29;��F�{���&amp#26;����έ�M��Z>�t�ﵭZ&amp#15;[�&amp#28;�&amp#16;^�:���i�&amp#30;��jځ��&amp#6;���l��_>�sag7�Z���me�j�&amp#25;�ׅ�&amp#19;�o&amp#25;����&amp#25;�&amp#19;�W���'�妯g&amp#21;�&amp#0;��}/��<E�}b��J�]4�&amp#12;x&amp#31;�~&amp#25;:֟�h&amp#31;�,������|9�gP�L�&amp#1;S&amp#21;&amp#5;g)��(�1R���֦�EJ2��I�*Q�&amp#23;S��V��&amp#17;m__w����^)�����N�&�|<I"��&amp#18;TV�EW@�<R��H&amp#1;�/&amp#20;���2��"����1&amp#2;���&amp#29;W��I�#�_^ē�>J�m�e�)�c.��Z�&amp#26;��\�&amp#18;Ǣ���M�OǺ1��,�y����	xc�&amp#26;ߊ�9���ݏ����&amp#0;��c��ZO�|O�
j&amp#30;&amp#31;𿎵-2�¯�&amp#23;�&amp#31;&amp#17;>&��:χ&amp#27;�7Z�ͮ��&amp#23;��&�5_&amp#16;��¾(��b��@�D�5M?¾&amp#24;���[�&amp#0;	����&amp#15;��L׭d�e��>&amp#23;�X��-�xxf.�Q����~�&amp#27;�&amp#8;�R�&amp#26;���G�i�T�&amp#26;������jn���IU��̯x��v�2k��&amp#0;&amp#11;vӚ�r���ϰ�#$��W=2K8�29&amp#28;�<�&amp#14;)��>�&amp#27;=2x�&amp#3;`&amp#21;?y�&amp#6;O!�&amp#4;l��>,�5��#Ц񎒷�k&amp#16;xu�$�m.�ĳ�I�A�K^�&amp#25;t]+�&amp#19;�I&amp#30;�&amp#14;��������Zn�&amp#29;��:��k?~&amp#21;T��rǀ��$�bp:��-��d���z�1&amp#20;&amp#20;&amp#29;j&amp#21;���R���8)��sE�+�Zګ��ku��N�Z�lԬ���}�[��y&amp#0;p��&amp#24;&amp#7;����&amp#28;�&amp#0;1���6�@'14m:�lS�.�h�&amp#31;4�&amp#19;$�#��m�Ć9�&amp#24;�b?#�&amp#25;2��c�&amp#23;o�I �&amp#27;�&amp#5;#&amp#7;&amp#24; �G,��&amp#30;H'�&amp#24;�<N� .&amp#0;i&amp#4;��&amp#3;&amp#20;�J�&amp#14;[1ʒ&amp#14;
J&amp#28;+�ջ�X�$�|�s-zz�X�e+�����kW}��5�ݕϑhM&amp#3;�sh�&amp#25;��|5�j�X���A�ﴘ"����Y��z~��K}i-�Ŷ��-F�A��&amp#25;��U�gይCJ�}2��&amp#22;_��=�BЯ|#�Y<;g�/Q�;�K�&amp#4;G�xW�w>/�4&amp#12;Z�;V���&amp#29;:��&amp#0;���K�x'Ě��5��΋��f��&amp#6;���Ē�SP�"�����V�&amp#31;�4�&amp#23;xZ�Z�\�7�tO&amp#22;'�4m2�Ɠ&amp#19;��r/&amp#14;�2�vZ��&amp#26;-����i��z}��4&amp#17;xy�1m.������S_|H�R+�?&amp#26;��>&amp#29;�]ѵ(/a�J��Y�}_��7���4i5}&amp#30;��H���>&amp#20;[�&amp#11;x/U���ݺ�&amp#31;?�p�>8|�&amp#5;R��_&amp#5;S&amp#27;[&amp#1;V1M�^u'?a�5�NX�x�ׄ�Z&amp#20;�S��ө<L1-&amp#20;�x�+KA^ҵ�+�W��r���nO�*�&amp#0;�G���C�ǭy4��[�_&amp#17;<K�|y�㋍&amp#6;�C�7�&amp#30;"�^�n�{MWXk='ú&amp#20;&amp#22;�&amp#30;����b�J�&amp#26;���[&amp#14;?&amp#11;j^&amp#27;��y��u�&amp#14;�&amp#12;�}���JЯRɬ,��mu&amp#21;����,�o��hg��/�h��&amp#22;��i&amp#16;�&amp#0;�A&amp#22;�&amp#21;�a����w����������h�ɮx?I��{�)�\i&amp#14;ͪ��h��>1�w�k������&amp#31;h��etؠ�ƚ��&amp#26;Ʃ5�q�
�&amp#7;��&amp#0;	4&amp#11;��	O�hzׄ��|&amp#23;��i���ͳX�i&amp#26;��ܻ��R&amp#29;%�[&amp#27;�N��\���������kg=�Ma|�8&amp#23;>��|7B&amp#17;�?�rZ&amp#24;Xb&amp#18;�&amp#20;�&amp#24;LLg&amp#12;&amp#14;c&amp#25;8ӌ���JTq>˚&amp#20;�(���U:S���Xy`�u&amp#19;|�kJS������]��_&amp#28;T��(s7%3�t&amp#31;&amp#27;��cL�,4�F�{{�&amp#11;M����'ГY�&amp#26;h��r&amp#27;�&���"���m;BmJ�F�-`Co�麶�3�V�&amp#20;�ռ&amp#27;����&amp#14;�&amp#14;�|9&amp#30;��g��f��k&amp#28;&amp#22;�x�Q�J�ӵ����kc�k�~���&amp#29;�[��Ɲ�\h�d&amp#26;f��z��{�Y��P���M������-*�Z���m#Y�4�+@��z���[�>�����>&amp#31;�Ӣ�muk�&amp#15;�p�ZT:����&amp#22;�gu�^.�ں�&amp#5;վ��!沎s�G���C���g�tҖ��[��\�Э��b��jw�&amp#27;뛽&amp#30;h��wG��b\�W&amp#15;iՓjs��R5!R3�!:j�/N���*�)�(�2�^p��M%d�n�G��n-���%7x��S�7�MG�Ws�7~!�R�,.��|;&amp#20;ln[�&amp#31;ΟR:��r\^O�4�u����5�>+�,%��ͽ����i��&amp#6;�Q����]OW��N��&amp#15;O��P���;&amp#11;�6]L�&amp#17;�.N�a},׊nu��,o��oyr��֘�&amp#24;�U����}oV�J�k-F�æ��&amp#0;�:x��+�MF}7[����� ���Ö��W��&amp#18;��1[9���&amp#14;�[�٭�7���dZ���u&amp#27;;�е&amp#11;�滓OA+xsA&amp#15;v�.���o��j?lG���=gG�s�i���]&amp#26;Tpn4��&amp#31;��j4�S���&amp#26;��cM��U�Ju�&amp#14;d����s��3���JN��ܪ��wVm��wI��G�&amp#31;&amp#20;|&amp#21;>��j׷�w��j&amp#17;X�qe��Y�~+ۏ&amp#23;}���Z�Yj��z�8%妯�[Cg&amp#7;��:�����|F��&amp#0;g��V���π�����tۭ/�^'�K�C�֗�=�C�O�:�=&amp#7;U�E�����ҵ&amp#3;,?�Z��MX_[M��$jVi�u�U�G��.�P{]`�G&��%�����:.���7F]K�Z��v�D&amp#27;j&amp#22;��&amp#5;漼��&amp#22;:n�&amp#22;��iП�&amp#19;�_�.��&amp#22;��׾&amp#3;�F�uo�?&amp#31;�o&amp#15;�6�i����O�z�&amp#0;�|4tȧ&amp#19;�G&amp#6;��|G�Z�R�:���cuis��^/����_���.��pO&amp#14;םe&amp#28;&s���R��a�<nW��&amp#30;�"��i<f&amp#6;�
U%&amp#23;%O&amp#21;f�k>�&amp#31;�a���%'*T�ڳo�֓j7I�vO�^�I��_�?੺��o�����&amp#0;�4��3�z��[	x&amp#15;W�=Z&amp#11;=G��&amp#16;k&amp#23;z���[�mwm=Ɵ�x��XF�o��Zu����Pׅ��'�բ��𿍴�m&amp#23;T�|C*��&amp#11;{(��-�H�ӣ�&amp#6;���^�i�iqkoo��z�ֳ�����������_\��Ŷ���>&amp#31;�Ƒ�a��o�1~О&amp#22;��M���&amp#30;&amp#17;�s㶴��t��K&amp#27;&amp#31;&amp#30;i���Z|z��y�[��&amp#18;�W���z=��ƔtM_R�,���YO&amp#15;ju���&amp#27;�#i��o���_��g�����&amp#26;n�&amp#24;𧈦����K(���t�&amp#18;��"�FIeҼG���X�#�kk_&amp#14;��Þ&amp#11;�&amp#15;&amp#15;�M�9��S�q-j�&amp#6;?)�a0t��p��e��6J�,v&amp#11;&amp#31;J&amp#24;�T�V�S��"1��ҵ):R�&amp#12;fY�����¥^�i95	/i	I�h�2�\��&amp#23;/2N��)&amp#31;&amp#4;�6��YǬ�ŝ��l�c{�i��Zn��_M&amp#22;���:ǊŊ�7ڜ�kZ~�i}�j�k�:}��$V&amp#18;K��i��&amp#31;�W��K{�&amp#5;�^Mu�xkX�4:&amp#30;��}���&amp#18;�0i�<��5&amp#15;&amp#16;���Y�8R���SKM&amp#30;���H�c�h>&amp#28;�N��&amp#19;nx��5��~&amp#31;k&amp#16;xwT���{-��冯c��GM�g��[A�5����Q��m#C��Xo"���O�T�&amp#2;�Z����&amp#0;��&amp#11;o&amp#19;�5�cQ���&amp#31;{�OI���e`<Gsi��P�&amp#0;dx�C�-�=��}+E� Ӭ`]#D��M&amp#3;L���F��P�|Ew�&amp#29;&amp#15;��i*�Fo��T&amp#29;�)���lf&amp#29;G&amp#23;�&amp#5;&amp#26;�&amp#11;^K�~ʵ(���p���Y�ZqΕIA�֣R�N;Ӕ_4e&amp#25;s'(��pn�&amp#26;n-�T��G�z��&amp#0;��Dׂi>&amp#23;��R�@�5�&amp#26;d�&amp#23;����Q&amp#23;�&amp#30;��?q�A�x��&amp#26;)�.�u�H#�F�ėZ`��/hk�&amp#0;&amp#18;|_�^k&amp#11;s�5��o	�qx�&amp#3;���:��ڮ�k&amp#31;��A&amp#19;j7�&amp#15;�&amp#30;�c�j�ue��$���x����-Z����_&amp#14;?&amp#17;&amp#31;Q��{�CN����e��#�@��/&amp#14;h�H��&amp#23;�=E5&amp#11;�l,���;&amp#29;&amp#12;�&amp#23;�F���A5�ԗZ���&amp#26;�&amp#4;�'�M3N�X���,t�&amp#14;�F	k}&amp#30;���$��h�E��j��&amp#0;ki��N�I����5ٮc}6y���t�K&amp#30;*Y&amp#28;t���iԧB�<�B&amp#22;|��p���N�8��!&amp#21;5j�9&amp#28;j��<z�]�7�-uM�Jz�˙IE$�v�����:���W��~&amp#19;�����[%���^����&amp#14;����!�.����ڮ��hS�����b�H��${�i</u�/�4%�o�3ϣ��Kҭ�-&amp#7;^�t+ۻQ��}&amp#1;��վ Ep�	��M�t8<S{a��ڄ0�=���&amp#26;u��t�"���|/�/�&amp#30;*��|=&amp#15;�u�&amp#0;&amp#24;Cx<)se��g��&amp#7;N��]�|1�iI}�A�[�+U�mN�\��%�6Z��$��F������&amp#19;�p�&amp#0;�w�k���<o��H���ň5*+���<+�x'��&amp#31;&amp#15;J�&amp#29;&amp#30;(���&amp#6;5������ZƳ�&amp#11;MF�P����D�V7:ޭ��|I�pn&amp#18;5��J���J&amp#21;��M*�؊�h�TU��u\0�uR&amp#14;&amp#21;���C&amp#11;C&amp#16;�����&amp#1;э|l�&amp#12;<&amp#28;c)%:�/�+I4ۏ�$��QK�֗2Q���3�-i����&amp#0;��NYZ�C�?�`�k^&amp#31;�D�x�Y����G����ÓxcY��{x��u�[�/���+�&amp#30;��M���ؚ�Ϳ�����~&amp#15;x^��+O�>.����kWZm����=�o�<'���Q�K��;�Z{��=oS��.|Mio�&amp#3;ymg�H��&amp#0;c�?�&amp#14;n�I��_&amp#22;/<-&amp#29;��V=w��&amp#21;���z?×�ҵ�]B���&amp#23;�V����h7)&amp#12;ځѴ�MB=oZ����O&amp#5;�&amp#31;��Mv;�jm&amp#22;[&amp#11;�:cf��e��di�Ekt-5yt�&amp#20;�eվϢ�\�Q�&amp#23;&amp#23;�m���U�N�q{��G�o�&amp#23;&amp#29;c��0��k�&amp#16;��STq&amp#19;�&amp#15;����&amp#3;&amp#2;�&amp#26;R�O�s��b��,L}�0��U���<40��&amp#19;sn\Ҝ���'����X��QZ^M��3�%H&amp#7;&amp#0;�*I�|�&amp#24;�&amp#28;�0;n&amp#28;0�P�2�����ʳ+Bc�Y	Q&amp#4;_$���W��[�&amp#26;9I7�Ip�V���]�f��B���@_��&amp#8;&amp#27;A(&amp#24;&amp#0;K1��n�&amp#30;�}�&amp#24;��e&amp#11;#&amp#18;"+o&amp#29;�C&amp#18;<�*��Fo�*B�(�&amp#18;Y&amp#30;Woˣe&amp#25;�{$����^ܭid޷��V�S:&amp#18;��n�ۭ/m/��}&amp#22;�S<��.�&amp#6;���:�łj&amp#17;��{ntƖ�f���&amp#25;����\9�[��&amp#30;��$���&amp#16;��c&amp#19;#y?��&amp#30;��>:���{�2�M�����&amp#31;�<K�_F,��&amp#15;ٽƻ�6�%��ɨi�������n%&amp#16;��u�&amp#29;"&amp#27;K�~�U��<j&amp#26;D>&amp#16;}'Rk닫���#m:�{��*�!��_&amp#16;y�vW0��E-�ʹ׉&amp#28;�7&amp#17;�k��5Ŷ�=S�66�^&amp#22;�lmn>�&amp#12;&amp#26;}�K���v�&amp#18;���Rݹ�D�&������K$�V�t�|ʘHb�S�V�����֎&amp#30;P�%*��g���I�U��x�5!g&amp#4;�4�e)�z&amp#20;�<>
Q�\e�ui����i*�&amp#25;�&amp#21;u&amp#25;>j&amp#18;R�Ԥ�����&amp#3;��,5�&amp#15;&amp#20;x��o&amp#15;ʚ&��.����t�|^|[�x�K�~�j�2��&amp#22;&�L�-n�썍�ݤ�,���]J�O&amp#7;�Q����ia�$E�Z���Yh�6>&amp#22;�����piv�e�W6m-��s=�Υ��5&amp#11;xl�I��ml�uO&amp#6;<�|��&amp#23;7�&amp#26;.�q�h�j��&amp#18;\�&amp#15;�9/��וu-��s&amp#6;�u��w:A�Jֵ9��+hu+Ƃ���Mе�&amp#0;&amp#16;���7s㿳�����&amp#23;�㛝&amp#5;�&amp#11;�f�k�[��z�B{�_Q:T&amp#26;�E&amp#18;뭩��3�&amp#7;:��m%���&�:��3j>&amp#28;��	���u����&amp#17;&amp#28;~[&amp#12;6?ꔫ��{\=|})a�p�hV�G�R��wJ&amp#21;��j�"��F�U1���4��K&amp#1;NT��kFTS�7M*��'�'�
�s��n�&amp#5;&amp#8;Ӕ��-*pM|+�y�i&amp#26;o�<C�i���xqt�w&amp#20;b&���6��.c��.���.�&amp#12;�k<�Q}KLѧ�үo"���k[�[;(4�&amp#26;ͥ�Y��I��i���v&amp#26;��-&amp#22;�]��%�K�:��_�t�&amp#0;&amp#16;�j&amp#22;z��{cydmtX��.eM"[�e��J�M>&amp#25;&�;��l��X�Ij�&amp#23;��[&amp#19;�)5&amp#27;�>ٖ9n`&amp#18;Iqw&amp#5;�r�5�M&��7�?&amp#21;�W�%���,�8b�ĳK&amp#4;S�o�M���O�&amp#24;4˻A�G&amp#12;��7چ��(5)�/%�+��_KM[Q&amp#30;�:�<���bp���z5���&amp#11;&amp#15;JukV�I�J����'M[�r�98a�b�s/&amp#23;&amp#15;J�?&amp#19;(ƭ(��rJ�F�&amp#8;&�K�R���|�>d���)���~&amp#31;�6����v��xz��J�z<Yw����KN�\���&amp#19;ϥKge�� ���Ү-�sl��z&amp#30;�a3[]���p�������M/��K!�hn<�K{�n/<E%ݝ��Y��&amp#19;Ϣȷ&amp#22;����+�(o��T������&amp#0;�{���M��&amp#7;S�aI�K���O��L{�&amp#29;gN�53ug��&amp#26;T�&amp#19;iڝ�j�[��Σ�ͧh�&amp#22;�tm&amp#7;L:\W��6�%������M&amp#15;%������&amp#7;X�T����̓n��Bo5uֆ�&amp#28;�&amp#5;��nd���P�n��爰�V>�)a*�2\U
U���ԫ����:X�\*ם�J5)ԯ&amp#8;ԡ7'&amp#7;�8M&amp#30;�&amp#12;��aV�k*���R)F��ST�&amp#31;w���5(+�t�������6�n`��A�ù��Et�5��&amp#19;>�%��&amp#20;g��X���&amp#22;ai{��&amp#18;�Ky&amp#5;tc�s�~�r2z�r8=0pI9��<&amp#3;�n,����f��y��&�L���i����8[�s-�k&amp#25;5&amp#1;s&amp#0;�����D��&amp#0;�P��W��{�j�գ�]��t&amp#26;+��J�m$&amp#22;�[G0����{�v<�7&amp#25;�#��&amp#15;-�z��x�q�a/W&amp#15;��&amp#26;�*(J*t��'(�QN**7����+n�O��ҝ	ԥQ(Μ����m{�ڵ��Uwf޸�q�GC�0['8��&amp#15;$�#���c&amp#24;&amp#28;&amp#28;�}z�I��@�s�@��'�@��Ӟ}���3�@''&amp#7;׷9;�`�&amp#6;&amp#6;&amp#15;8&amp#27;��b���n�i~�������n�i~�����&amp#24;&amp#28;&amp#14;2&amp#15;#�,ĝ�'8&amp#29;G ���4g�y&amp#27;�&amp#28;���u$r0&amp#0;&amp#0;�&amp#14;y8�V&amp#12;(l&amp#29;�&amp#24;�nUHP��� ��B&amp#5;&amp#14;w�gW`�6�k x�L�W]��G���d%e��H�&amp#4;mde�6����h��n�/e����&amp#5;����M��&amp#0;w���w��B?&amp#5;&amp#25;�&amp#28;�=H�Xd�F0��rA�&amp#14;z�gnNO���&amp#29;	�&amp#7;��%��X���&amp#21;&amp#24;�&amp#5;(|ѲD&amp#11;!tfU�+�-���0d1�P��8�&amp#3;�e~n�&amp#0;�y�:��sB��_��u�}�Z�[&amp#23;ݪ�滯[���څ�Q�u�L&amp#0;}q� �&amp#25;E�$�'&amp#3;8ݞ&amp#12;�0�&amp#0;���&amp#6;9Ps�%&amp#23;�� z&amp#30;K�&amp#14;s��d&amp#12;&amp#16;I��7&amp#30;&amp#1;�q�,&amp#1;�z�s�&amp#0;&amp#2;r	"������f�O�t�_������o�-�bn�8�z�:naӑ���&amp#14;&amp#8;&amp#25;;rD�&amp#8;>�&amp#19;߯r&amp#15;&amp#24;S�g��&amp#4;�i�>�Ԏ&amp#7;pp:�ԏN&amp#6;r2&amp#30;���y&amp#0;g=~o~�&amp#28;&amp#3;�0K&amp#0;&amp#0;.��������&amp#0;&amp#30;����wv��f��z�;�b&amp#5;�&amp#0;3)h�&amp#14;�r���p��&amp#21;� 0e&amp#7; �&amp#1;��ز+&amp#21;hٕX��ބ䲱Fx����f\�Q�&amp#27;�km�D����R$�]]6��&amp#12;����3K,Xybf�8�dBX,�h`&amp#30;���=&amp#11;1'nH���<��8&amp#25;4����&amp#0;۪/�~&amp#29;����uӒ&amp#29;#kYy�-mm���r��!�^F�&amp#22; +���)r����&amp#8;��n[� ;&amp#20;�&amp#30;����&amp#16;&amp#14;N�H&amp#25;ڤn�&amp#21;9v"�&amp#3;s�O�&amp#8;\�&amp#14;����$`�&amp#4;&amp#28;��.B�&amp#27;J�@�1���с,	99�w&amp#2;K�
_����&amp#31;A�/t�'�_y+ok�E��Z��
�#$&amp#16;p&amp#6;&amp#15;&amp#12;:�%�&amp#3;&amp#28;�$n#�A�铑���#&amp#0;�O'&amp#28;&amp#1;�{&amp#30;y\�;�p;�;�&amp#30;�}}O9&�h�p3�3Ǩ�l��&amp#4;c$�ȿ��_G�kmR@��ۣ����]����9/&amp#25;��&amp#18;&amp#6;&amp#15;&amp#4;����'9<�M&&amp#6;=��&amp#19;��I9�<�x=�&amp#3;�۱�&amp#4;�3ӌ�&amp#1;�#��A��&amp#1;��L�_���O%��&amp#19;�����[�����{�+��������ݭ]����v֩��&amp#18;&amp#3;d.3�l&amp#22;!I+��Vl��&amp#1;88jw�N���=q��	8#p&amp#6;����&amp#29;}�8݁߶NH9 e~��&amp#7;�'ۯ&amp#31;Ϯ0N�_?��O����-���$�W�wەY��m]?x&amp#8;&amp#5;Fr&amp#2;�9&amp#12;�;rFv�[8&amp#25;^C&amp#22;&amp#1;��0Q�	Ϧ1��>�c9�����i�88&amp#25;'&amp#24;ݹOW'��q�29%W mc��&amp#0;�'�SV�C��O&amp#19;h��od��[&amp#27;���a&amp#15;�iw����6�cex#�ծ㾿�,永����L��|Em&amp#14;�>��&amp#0;&amp#8;��f_����p�~&amp#21;A�1��Т�.Xs�N+�M6���Nn�1���pڌdݬ����z}���Z���>1|2�x5E�_�--n4Htk�wM�m5?&amp#17;kZ&amp#14;���&amp#0;o.��x�C�ݎ���:&amp#30;�7�u�M/_լ�tk�B��M��}ER���_��?&amp#27;���H�a{w�/��&amp#7;�5�&amp#18;x����{�~#�&amp#26;n���Y�&amp#17;���g���_����O�m&amp#26;o&amp#31;hw�x
�X��4�KŶW�<i���&��,u�&amp#29;CY��\�eܲiW3-ž��&amp#11;��W���H�&amp#26;��Α/�|E��&amp#26;��n��뺞�}�]x�MR���T���&amp#31;�Z��_��&amp#0;&amp#21;5[�OS���&amp#3;��&amp#30; �|5a��j�&amp#7;��'�#���~7]��]��k�x[�6:�j�&amp#30;<[u��kJ�·�1мg��U��&amp#3;�z��?r��iG&amp#15;���(b�Ԩ�j�p8�k����'��N�6t�V.U�&amp#26;�}�&amp#26;�W�S��<�I�2r�Q��2J�jnVM$�n-6���[���&amp#30;|@���	�m�ύ&amp#30;&amp#27;�|a�O&amp#20;xH�^�!Ҽ&amp#29;��GF�����z-����[]k�W�&amp#17;�~���&amp#22;��&amp#24;�Oҵ��&amp#3;Q�'񽮳-�3�&amp#3;��v�|]y��vO&amp#11;|8�&��x��#�&amp#23;��5/&amp#16;l�x�L���P��n�զ�Ð]�[��|u��ro&amp#25;�o�u��{�&amp#28;?i�
|_o&amp#19;7��&amp#28;x#M�F��k�x���7?
~&|s��֑��>?�Z����&amp#26;����o�>&amp#17;�&amp#31;�|&amp#17;�iSj^:�v�>&amp#18;|L�&amp#15;ş��&amp#31;�s�	���I��5�b�W�t�?[{�M⅚��Cá��<ct�lڛZj��)�C�G�o�ko�{�/&amp#14;jV&amp#30;&amp#29;�{�缽�~��axf�&amp#25;e��*�i�0�-�;�&amp#31;g����I��P�q5��V��(V�ZN&amp#24;|elU&amp#5;&amp#16;JR���NQ�fܝ�(����W���&amp#21;&amp#22;w��&amp#23;���&amp#21;��c&amp#6;���7&amp#2;/&amp#16;k7�z\i+�A��w��&amp#22;vז�W��5o&amp#16;�&amp#26;����^'Y,n�N�<c��&amp#21;�&amp#0;n?�縏��-��|e�&amp#19;�b�V�[��<a`�G���'M�τ�i�'ğ5�[N�5�%���t-#ŷw�
&amp#23;þ񭧉<G��&amp#0;���e��&amp#15;��'�Ǐ|3�W&amp#26;�����U��[)-�������x&amp#22;h��r�E��ZM&amp#29;�,��}�&amp#26;&amp#22;��ԏYԮ􇕯9�=��w��{&amp#23;����I�4���ҵ��;Ie�\�Ķ���:�&amp#26;��/5{��V�[}.٭$�/�H�|?��&amp#28;-J��N��!Z�L|-Z�)ӝ&amp#25;7JT�yE�z&amp#21;jP�iAB8g�#
�c%*�4i>�i���%�����i6�ݛ�L�4h��-R�E��{�&amp#7;_�&amp#22;��A�i�&amp#27;�R��4�6���w�Mt�
&amp#11;a��&amp#4;�}��&amp#19;]����������&amp#27;�n��~2�U��_��&amp#28;�W�%�o�'��&amp#0;j6���[M��&amp#28;�"��w��&amp#0;&amp#29;��n���&amp#26;W�>&amp#18;��Ώ�@���<&amp#31;nךn�a�ۖ��&amp#28;�;�~1k��{�&amp#3;A5ѵ+�;K�5�{LԬ|0�R���յ���qw&amp#23;�.--|5�_K���'�ͦi>2��д�w�Z>��O�V_O��&amp#31;&amp#28;�&amp#0;go
k�&amp#0;��[h��&amp#0;&amp#18;|J�P&amp#7;��A����/4�&amp#6;��P�׵MF]&amp#7;�$&amp#23;>>�χ5}`�*_&amp#28;ۿ��]⟶O��G񞕣�&amp#17;�n���&amp#11;��W��8���1&amp#25;��`���&amp#18;Upyo��"��+&amp#23;R&amp#18;�&amp#12;N&amp#29;�x�aa%:���%R0�y�(OY(8�^NRNZ��'�i+���v�[���'����&amp#28;�n��H&amp#7;&amp#0;�=&amp#0;&amp#0;�Re&amp#29;�`s� o#�{&amp#30;����U�7*Al&amp#14;&amp#0;l|��@�8&amp#4;&amp#30;A'�&amp#17;�rZ��X�y�b"�&amp#2;�Gv嶪�&amp#26;+I+��H�<�HV8��e&amp#21;��&amp#20;ݷm�e��Z[{�6����m#�l��ikǻ�o�����ÚG�d�4o&amp#16;Z��hZ��s���z���s��>�&amp#5;�r�ų��y>�ot��|�g�&amp#27;��KK�<̟��W�^&amp#20;��&amp#23;¿&amp#19;O�c����H��F�q���.o���֋�Ko���;@���&amp#6;�ww��&amp#14;Z�Zh�E��-�+�xzi�A��&amp#5;�t�&amp#0;&amp#8;Z�&amp#30;6���n�I���}�x�X�KK�K-&amp#27;@��❴�-j{˰�j����֚Q����g�/-u&amp#29;;F����&amp#31;�/ğ&amp#30;|+�|t��5�|<�F�u&amp#0;<%�i�^x�R�y�Ǩ]iv��^&amp#25;�5&amp#22;������&amp#30;'�&amp#29;�����&amp#24;lu��
��&amp#31;ۺ���w��2��pج�&amp#31;�X|.k��0�Ԯ��އ?��Q���5j^����*7��Q�&amp#15;N��a�{&amp#26;Л�4c$�&amp#23;u�&amp#4;䤭�������oE/��Ԧ��&amp#11;&amp#31;�&amp#26;&amp#0;֓�_�-�I��wZ.���&amp#25;jrZ=���?&amp#14;�%��u�,/�ۯ&amp#18;�Z7�cK-P�Z��&amp#2;Ŭx��Z���ߴ�죢~�&amp#22;�+����M�A���&amp#23;X]Y|V�.�as&amp#14;����w�,�4��Vm"��GR���妜�u�]&amp#6;��/�&amp#17;<&amp#29;�����~���{�i��cľ&amp#28;�|Kwヨy>&amp#26;񿆓�hֵO&amp#12;���&amp#15;xw�ڵ�ߊ�K&amp#27;�G�Iy��&amp#0;�=���j� Ս�&amp#30;#��u�o~�<&amp#21;�={J��&amp#6;��hZg�4}>�T�՗K��Z��sm}qo�jֺ���ZM7�h�F�m�]��o&amp#18;[Z[�wv�\ɦ�����&amp#15;8���W2�a�e�g8*�̿-��8�&amp#15;&amp#16;`�,�/�`hO�O&amp#5;]�o�S��:��&amp#12;&amp#21;Yb0�c&amp#29;���/�ЕL<��TPs��^�	9J\�Sq���yb�n/�3���e�����m&amp#16;kZ�ׇb��ᧂ}&amp#14;�K�:��Q�&amp#30;5:>��]]�z�����Ϧj�H���z�厵c,ڄ&amp#16;���x/\���b?&amp#11;꺔0M��+>�5&amp#11;��ޚ5};�&amp#22;z��mg��&amp#15;�d���|=}����������G[[&amp#27;&amp#28;_���п�φ�&amp#0;mM3S���+_�&amp#31;-�|5�ZX�>*ӧ��l�&��&amp#17;e�Y�]�w~1m
�\Lg�41���&amp#26;Ν&amp#31;���k����V��y���&amp#31;���Q��į&amp#5;\iz���俞{C��"�h�_&amp#15;�&amp#23;?��n��_&amp#27;K;&amp#27;��oo4i
�]�o%�����&�8�&amp#14;���Yf|�&amp#24;�:�i׭
|��,N&amp#30;���&amp#28;&amp#20;)��ʽ&amp#21;&amp#21;*�tkƔ�K�LN&amp#11;&amp#23;���eR�zWWVnV��Rpri>�ZŻk�����+WE����&amp#28;�6�=��os��SM���-���k����&amp#27;�;K�&amp#11;�<?�i�κ�����Mc�6���`�!�&amp#30;�u=��&amp#3;i��gD_&amp#5;^XX�ɬ�v�&amp#27;�;ķѣ�k�<#}a��i���W�&_�&amp#2;j&amp#30;Y�����M&amp#23;S��[�i�"��P���@�Ś&amp#6;��&amp#27;;�
�?��u&amp#29;>�M���P[�O�&���_&amp#20;�q���S�%ӵ�M&amp#14;;��:ͿHc��K�z(�=&���kx���o�����>�ysuo�ދ8����Lү<[i����R�ԲeR��>X��1TgxN��H�R���&amp#20;�f�B&amp#21;c)kn\A�������w���J��+�N�ɸ���ϧ�:m��O��Bnd�|O=�����&�����L��&amp#29;gO���9��Y��S��]&amp#15;��W�5]&amp#31;B��Ee�5&amp#15;���%&amp#29;��&amp#31;�⋭zK�&amp#2;'���&amp#22;k&amp#16;)�~�}y&amp#29;��~&amp#19;XjCP�Hd�O�Zg��&amp#11;�I�'�����n�k�&amp#17;4Mb�~5|/�_��!x�K�m�m&amp#18;�R��V��&amp#14;���&amp#28;�֧m�&amp#19;s����T�,S���e���&amp#26;���闺��&��>�>�c��Z����<��o��&amp#3;�8�&amp#31;��ww&amp#19;h^&amp#30;�W��%�lִ�6&amp#6;��"h��>����YfӮ���x�&amp#26;4��i&amp#26;-��'�5=+�3�w2�?�vq��p�&amp#27;!�b���1t��T���ɲO��&amp#24;��T�ӧN�xT�&amp#21;&amp#21;Yו[�8�Ro���5�8�֌%%%&amp#28;=;)7*�e��N�>T�����*jL������2�����Kgi�&amp#27;�&amp#14;�kw&amp#26;F��K;�=&amp#7;X�u;k��&amp#27;k�\�?V��;&amp#11;&amp#6;�Ѵ�f��ҼM�^�x�o&amp#3;�f���7:�Qs��c�,����&amp#21;��NMN�N�--�&amp#15;&amp#11;�藧E�&amp#15;&amp#16;�ťk�� �<p�����&amp#23;�Z��^&amp#19;�uo&amp#8;�K�j7�F��Ȭ�{���&amp#30;��]WÒ��B����&amp#31;�&amp#16;i�(�������K�'�Q�S���D�u��&amp#18;���X�R�&amp#6;���x��{�>&amp#15;&amp#19;�F�a�k&amp#30;k�/èu��%�Y�R�g¿&amp#23;x^����R�>/���ߍ����H���&amp#28;�lkVvZΙ&amp#14;��D��k��j�&amp#23;��z����y�x&amp#22;���&amp#0;�gY�UW&amp#19;�ex&amp#23;*��C&amp#1;��ad�eQJ*�|F�
1��&amp#24;��R�t�օ8���J�&amp#21;W�U�{(E�&amp#18;�V��&amp#24;�1�~֕)Nvu&amp#31;%����.Y�H��&amp#0;�&amp#29;�sik��N���Ib��7cJ����&amp#6;�&amp#23;�&amp#26;���U��s�;{�2�mr&amp#4;2k&amp#15;�&��(]����/��S���X~&Yx{X���&amp#31;�[�'�uXe��]&amp#11;Y�4�&amp#18;j>&amp#26;��t��!�4&amp#26;U���;.��ZeI�階��&amp#24;���u�:;��&amp#11;����/�&amp#30;	񝾍��?&amp#24;u�
���VO$��kO�t�&amp#15;�-��q.���&amp#0;b�뚦�&amp#22;��A&amp#14;�s�i�>�&amp#21;��>�&amp#14;�eck(I.�^�;��&amp#30;&amp#28;�t/&amp#20;\k:|ZG�<9��Yt&amp#25;b.��Jmͥ����Z~���&amp#26;e�扪Z���&amp#31;�}��[��+�(�O&amp#26;���r�M,.l�
�8J�&amp#23;&amp#7;^����Px�%&amp#7;�:��TjV�՞".4�O&amp#31;N-�&amp#28;)�O&amp#16;�����y�:��Fs�JRJ�:s�9N7Q�y�&amp#4;��	�F/��R��dۏ&amp#25;��.�����Ѯ|S5��&amp#27;|a��&amp#7;��z.����n-<C�x*������r�&amp#26;u�e��i��>$�]nk�Yxfn�@���&amp#0;x:���w��&amp#0;f/&amp#5;_j6�\���x��/�?&amp#23;x+R]N_&amp#22;6�&amp#14;��,Юt�Ƨ-����Iy�<i��v�z�5��/&amp#12;�&��u�GᎷ���&amp#23;�?&amp#23;����>�a.�w�]�7\��G��0A�.���3���&amp#19;�7&amp#26;&�&amp#29;�Ӭ�5�&amp#19;��V�����W�&H��GF����^ז:/�t�|)g�i&amp#16;�[�~&amp#25;��I�&amp#6;����6�&amp#22;�bѮ��u&amp#27;M2���S7Zt/���6&amp#22;z�x���&amp#30;&amp#28;���&amp#30;&x���P�;6�aa(ƶ/
���q��&amp#26;��C&amp#23;^y�2�*q����4�[�Rk&amp#11;j��qT��*&amp#21;�B�&amp#24;ׄ$�&amp#12;C�&amp#8;��T��S���j�S�Ia�)J
�D�˒��ῆ&amp#26;���h�&amp#23;�n����O���i����&amp#15;�,>&amp#30;i&amp#22;�Emi��&amp#7;E/�t����X��&amp#25;j�[��w�]3O���Gյ�&amp#19;K���r��߃_&amp#5;��%��&amp#23;þ&amp#25;��������Z�l��ދ&amp#30;��&amp#11;�&amp#18;G�h&amp#26;.�g��&amp#18;&amp#11;W��&amp#28;�t�&amp#18;	��L�4M[�&amp#23;FM[���&amp#29;��5&amp#8;<5�]:�R��u�kF����&amp#23;&amp#15;&amp#7;���xn�W�.���Z���MZF������i�&amp#6;��4&amp#15;�i^#�5?&amp#15;�%�v�4�F+[�=N+�g�n,�	�]&���W�+�m]'�}2�*����I&amp#20;Q<�m^&amp#30;3&amp#31;��&amp#20;�,n>�6s�/�F&amp#23;�&amp#26;�")�^�Jtha���5S&amp#21;N�"Jx�OmN�gA9I��
P�J&amp#20;��oqs�y]J�����
^;Y�<�/&amp#16;�7�&amp#26;&amp#6;�$vwm{�Yk�Z�\إ�����b�&amp#20;:����&amp#23;�|��$��֛s$q�&�ڵ��W���ػ�W��m_F���Xn�])�H�+���;g��]&amp#16;��X�;�����4{&amp#29;r�k�&amp#11;��&amp#19;N���u�G�^j⮉4zƯ�kP�&amp#18;i��&����k?n[ɴ����3Eoc�]�X%������Kok�.��j1��f�o�&amp#4;�Ɏ&amp#22;�&amp#15;�� �����&amp#26;qn&amp#4;&amp#23;��%䲻�o��
r����hY&amp#2;�&amp#24;�ʣút�����V<Ҵ牋�xIB�4&amp#28;赆�&amp#5;8N>ͩrVS3KI'ե��Q�I��o�ջ���&amp#5;������98$�#
ǃ����~P&amp#25;��^k�|O���,�-�}wI�ĺ���_�;:��|G�&amp#27;_&amp#2;[��Ʊ�r��]6MP�&amp#23;zΙi��E���_��&amp#27;H�W^�{��O&amp#15;�-��y}r��4�EW����]]��V��3Ěk[Oc&amp#5;����&amp#12;7b�&amp#17;�Z��_&amp#23;���S/��&amp#6;��Z����e�$��SJ���Z&amp#7;��&amp#0;�4o&amp#1;\Aq������mk�).�}oPg�G�M[đ&amp#23;6&amp#22;&amp#16;���t��&amp#30;7&amp#23;���O&amp#7;��bj(���Xz5�&�5���S�Z&amp#20;���T�}�9R��Gу��&amp#21;��a���&amp#21;�P�r�۫R0��(��Z��&amp#24;E��vl���>-��&amp#1;�AnR��O���I�#ԥ:�%���8+ii<&amp#26;}��&amp#31;�zl"�M;P�S��4�b�[�4�r[˟�e&amp#17;C&amp#16;T
�&amp#31;Ȩ�b]��&amp#23;n�&amp#28;&amp#2;p�&amp#14;������&amp#7;�v&amp#31;�&amp#24;���Ww�>��k�ǈu����k�6[��&amp#27;y��o����H��F�n�nu��e�����^�6I~8o�&amp#31;�����'Z�~�%����[�&amp#7;\��4_&amp#19;�n�@��&amp#30;��&�I�ִ&amp#23;�Ե��RH�3b���&amp#19;xz�I�]?Z���.&amp#23;��Ɩ&amp#14;U1X���qn�|Τ�
n&amp#24;�RM��a��'J2��(ӏ����V&amp#20;��u)Q^�gZ�/&amp#23;�t=�&amp#15;&amp#12;��AF�UV�V��e�+u�J
+����vd�$u}��T�M�Yw&amp#1;�&amp#6;&amp#27;&amp#20;�&amp#16;v.�&amp#21;X��F����\}�7W��k�ə�W��r��f��I[j@��F$x�,����h� ��~^i�&amp#24;~'�&amp#30;�]#F�&amp#23;���K&amp#11;����[Ƞ֍��دmm�������n��]*&amp#27;gH��m&amp#6;&amp#11;mf�-&amp#18;��;���}&amp#31;��&amp#0;�����K�&amp#27;j&amp#30;&amp#24;�H�TM6}GDK�K�2���k�4�5��g�����[��#�ŋiW�&amp#26;��5��m���q6Y^�0��/&amp#7;<D���&amp#27;F4��tkΌ�*�z��7��H(դ�&amp#18;�&amp#22;��,R�UԦ��&amp#14;?&amp#15;NUW��B<��&amp#19;��RJQ~�t�SX��I'&amp#26;�^�SO��gW�ҭ|ˍN���a�&amp#16;A.�{o&amp#4;2I5֑͜+�+G&amp#27;���M&amp#6;&amp#20;�ڭ�����&amp#18;>&amp#20;�.��-?�&amp#19;j��.海�T�^K9�&amp#23;T���+}6��&amp#31;
��i��&amp#14;�k&amp#4;:д�|Eo��<Kw�i:&�7�ZF����Վ��]/Ų������jZ���6�$w����R�zv�y�B�i:>�&amp#20;v�n�&amp#1;��t���m%�&amp#29;SU��񯆮<A�&amp#11;&amp#17;&amp#22;�}$Zh�&���:��� ��1q���>�g��ᵋF��V�]� �4i'�����u����F���_�X&amp#14;J5p�_��D�G&amp#21;���b>��xe�ên�l<taR�iF���O
�NX��W�ak*U_2J3J&amp#18;��R0r\Μ���8�1|�Σ�V��k�_� ^<�]7���;�&amp#20;&amp#31;&amp#23;�&amp#30;?��k&amp#11;y<=�����tm;��t�:}�Ɵ���~8�.5&amp#29;&amp#30;�u�u��}�\Y&amp#11;�&amp#22;?���M&amp#19;����q&amp#28;о�7�m��{Oe��/-�u&amp#19;y�Ꚏ�q&amp#21;Γiip�&amp#27;}��_����\�M&��&amp#14;xoH���n�FЭ�,�]+W��&amp#7;L�5�7�-"�it�u=_R�4��`�[�SK���/������t�&amp#3;{��&amp#24;��ᬖ>&amp#31;Ӭ�-b�[�;C�m����&amp#22;�:���ǭ�a���ki���^&amp#31;���5�c&amp#14;���-寋<E�X��~W�apR�pRtq9ve&amp#26;8�>&amp#18;�&amp#15;&amp#21;_&amp#14;�{
&amp#18;���N�&amp#31;�&amp#20;gN&amp#20;#R�?e)NT�*����(��7&amp#17;R�pҌ�&amp#12;V&amp#23;����p�Vpu��5*T�g&amp#6;�x��N	NP�J�Ӵ�|&amp#23;�Ա��u�&amp#30;�]�E�,t���i��Kok摤�3i�s���-.�&amp#12;m{�Em�&amp#4;ц���.�m����&amp#16;Uc���Z;Yi���r�~&amp#25;�<Af'��5&amp#11;�R�N���&amp#22;�5�o&amp#11;�c��U�6�.��M�\�W&amp#0;�co���Ķ6>"�.o��&amp#0;&amp#4;����i�z���j�&amp#15;����llR�i�^Ay�&amp#0;	&amp#21;����^�^�������]jk;K=;��eXx�&amp#29;W�ֺu�ͧ����e�j�R�j~&amp#30;�K}:i�-f�]&amp#14;{&amp#19;�\ư��-κҵ&amp#8;5I�&amp#17;k��b����(C	&amp#27;`�#%�T���q�
��as
Q��I((�U�ŧZ�YQxEV�;y�ʝl?�[�6�F&amp#24;�9�d�҄����[�s5&amp#25;Q兜�W&amp#24;JG�:m���&amp#31;k���i2�5�Ž�\%լ��H.&amp#11;&amp#8;�&amp#20;-3J��&amp#19;]���&amp#5;�\&amp#7;�����&amp#20;,h�����2&amp#21;@&amp#24;P��	�8&amp#3;&amp#5;@�&amp#7;&amp#7;&amp#30;h/�MV&amp#29;N���-9���&amp#3;[��f�֚�1~��&amp#8;�˳�&amp#0;&amp#8;�Ҧ��jZM�1����Y.&amp#18;;k#kqs�iWwWv1=��Y_$6���+��-�x#{�m����{�h݊�zְ}�=�I&amp#4;7B��&amp#29;j&amp#19;�v�>&amp#24;�&amp#21;�x�$��mZWR�RQ���_*����&amp#23;׫����l��OH&amp#14;&amp#24;��둟��g�i&amp#24;��&amp#0;�ɤ�&amp#3;��}�	�&amp#27;&amp#25;�G9�+H?�&amp#7;���V�&amp#11;`��9&amp#3;&amp#25;&amp#0;�Q�-�&amp#17;���&amp#28;q�=��3�&amp#0;&amp#7;=��J����&amp#0;��ݰK$��K�������&amp#25;\�&amp#0;�q�����n>�/#&amp#20;�!X���&amp#0;&amp#7;�&amp#12;���~1����w�&amp#31;��l�߹㓎I&amp#4;.N�?&amp#0;q����
�1��
r+��5�M庾���&amp#0;&amp#14;�����]7���7��:�װ��8,A�=&amp#15;<�����e&amp#14;�	�&amp#2;S��Ib&amp#19;��' &amp#5;�zm9&amp#12;(��ӿ_��2H���;�&amp#26;&amp#7;BH�N	�&amp#1;8��\�8l���4�w��su�&amp#0;-U�w׷���7�6��l^���&amp#29;&amp#15;<3&amp#2;O8�;�&amp#23;&amp#24;&amp#4;�H&amp#7;&amp#12;&amp#7;''>�&amp#30;{���Q��������x�Q�	�$�&amp#1;&amp#28;ĥò0.���EE&amp#11;&amp#26;F"E�M�&amp#25;$�Wid��1&amp#26;F��&amp#20;�#yWO�&amp#30;iw���]��{[��������n�-���G#�&amp#31;9۴&amp#17;�?�>[��&amp#21;�|�%wJ&amp#7;_\&amp#1;��0��&amp#7; �y��m�;Nyص��&amp#11;Ao�k&amp#14;�ܽ�Mp,l�&amp#30;8�1��������&amp#12;=��&amp#31;:H�g�G&amp#7;���F���9T2G�?��&amp#25;�2�@r3�0�n&amp#8;ቦ���_M�4�&amp#0;�/���;�5�~�=/��[_��ٻ�}&amp#24;����GP� �#&amp#7;&amp#24;�&amp#28;1$�2�&amp#2;Ij\d�s���+��zv'��&amp#4;&amp#28;n$�8�&amp#7;�&amp#24;&amp#28;���}&amp#1;&amp#25;&amp#4;�3G��<&amp#28;&amp#30;N&amp#24;��)&amp#25;b?&amp#0;&amp#27;��i_���w�wn�������ݛ��t��i�M]� sӿ�~H��;�&amp#16;rr	A��u&amp#29;&amp#15;S�0:&amp#14;�����&amp#18;N)G9����oA�&amp#30;���bz���<0=��&amp#25;�!�I4ֻk��Wn�m�w��I7���[����{����&amp#3;�zc��r&amp#1;&amp#7;��z�H$�:u��&amp#28;un@��I&amp#24;�&amp#7;&amp#7;	��8#�pN�đ�x&amp#0;�A4�C�.[&amp#12;
��Q����u`�x?0;���&amp#8;�:[������ԥ��V��4vOK=,��^���00H��&amp#3;؞�GU8<s�����G|~<�ϯ��qގ����xf&amp#3;�={��Ib&amp#15;_�S�V�r;��y�4/-]����G����ɩ(�-�ݯ�N������_]Q��;��H�&amp#0;&amp#0;�9�&amp#0;$t�88����
B4&�Q��oI��&amp#15;��V�e/���ީ���_��&amp#18;��3�Zݿ�w
xB�^ִO&amp#5;������T3x�I��������c�����M?��&�T�m��5�SP�þ&amp#7;�ߊ|?��|Q⻋ST[&amp#27;�&amp#18;x��&amp#27;=/LѴ-&amp#27;\�w�n,mu�&amp#20;'�t&amp#31;&amp#16;?�<&amp#23;�&amp#31;&amp#27;�&amp#0;�=�]K����7�����]C�����W�$>&amp#4;��&amp#15;�47�&amp#12;5h�&amp#31;�kV:ǃ<Wg࡯�\'�_	Z�%���^,�5="=7W�l�Z��&amp#0;�-��+�~&amp#29;���&amp#6;sR�,&amp#30;[��T��֫R�\D�&amp#23;M��B�:�9۟�V�a���"��V�*�s
��N����ueey6�rq��t�IIiox��&amp#8;�wZV��hڌbI�K&amp#27;}[G�]�j&amp#30;%�M���&amp#15;&amp#14;Z��w&amp#21;Ͷ�&amp#20;�E�c&amp#1;i��&amp#5;ՂY�wzl�}��&amp#12;�X���t��{�&amp#6;_j���%��&amp#0;�|I�x��&amp#30;���&amp#16;�k��&amp#12;6w&amp#26;��v&amp#26;}����&amp#26;&amp#21;;�}�G�h�'���k�����*�$V&amp#23;v&amp#23;,A5)�Դh,5�&amp#6;+��В&amp#31;&amp#16;j:^��O��̶�ሬ�˹�1�xr��x{�W��^x��O�Ռ������V�s&amp#14;��[�6�N��/&amp#25;��v��ok��:�������}�E&amp#30;&amp#11;&amp#17;'��{Wд�>��oeR��&amp#21;0s����9Ru#&amp#23;��F�M�q�?mFX�E4�(�0s�7����Ӻmh���ߛj�Z�ڽS�g3o�M&amp#11;D��5)|7�j�6�&amp#18;k1���M&amp#26;�����u&���'�5G����_&amp#11;i���/Esqy�k��Z�iW�Ѽ9��zbizg�//5�>&amp#7;�|*����-�{&amp#11;�g�zǈ�MV��N����:+�&amp#29;:m&�����tXu����+�cL��5Y�$�����~��X�L���m&��&amp#26;��4��[�z�6��in�fM&amp#30;���O����t�;�V�&amp#22;��~&amp#24;��&amp#3;a�I�x{W����-|"��&amp#25;m.���\��&amp#31;&amp#17;��Y��V���B��/��4�Nk[�^��kbc�Zu+F1������cZ&amp#24;>V�N1�F��QP��9FRVzSQjz�{�w\��m�w��m+�M��}t�&amp#26;�垗}�j�C2Z�ut�_^L�~(��/R�u{��<��
���{�@A�xv����O��a7�p�Z���ZY��&amp#26;(��&k����K�}"�t�&amp#0;
�7�'�&amp#23;�^]K�G��e���kW}&amp#17;R�&amp#0;G�şI��[}v�.��&��-�S���MA�t�o\������xh��VW��Yk�W&amp#23;&amp#26;��>���:����!�g�l�}*�]>C�Acky��%�3�v~#�����5=3K���i&amp#31;F��c&amp#6;a	�%�|˴�S�&amp#6;�s��?N�Z��xʄ0ʜ*�m�Ȫ�t���lL}�:�t�y�&amp#8;�&amp#31;i�%	������&amp#27;v��<��W��[KKݭ��m;�!���jz&amp#14;��[_&amp#12;x��?b{��]WF��_� ִ�3^���mB�U���&amp#27;�;R�5�싋�8�ڕ��j�k�J{9jxsI�5/
xk�m�ǯ�sx&amp#22;�O&amp#8;j�����&amp#0;
k^&amp#25;��/5&amp#15;&amp#3;���?�&amp#29;&amp#7;�>0�&amp#23;į�~?0���uO�������&amp#29;{��&amp#29;�N��^x>,k�W�&amp#19;���&amp#28;���+��&amp#0;h�$��w��Y�&amp#8;|=�K�^9o&amp#1;x��f���
o&amp#7;j�3�|O��rx��Z?�G?�&amp#29;&amp#7;�����&amp#15;R�U��&amp#15;&amp#0;x������&amp#4;��_��{�?Ŀ&amp#22;��sq�i�&amp#20;Ӵ+�&amp#14;�ZMׅ�?&amp#25;Y�V&amp#26;����+Z��1⋋o&amp#7;&amp#31;&amp#30;kz&amp#28;׺��&amp#27;�&amp#19;u�&amp#15;&amp#18;]i�&amp#0;&amp#5;|/&amp#12;z>���A���X�&amp#16;X��&amp#1;��O	G&amp#3;8K&amp#23;��aiԕ*Z{,,)��J�&�&amp#20;+R����S�ZU��|O%&amp#26;1�&amp#16;�*r�VRw��hR~��f��ݣ&amp#21;'(��Rk�\�|߳�&amp#0;&amp#15;>,�&amp#3;�9�k_&amp#22;c񟀴�&amp#5;>
�U��;�S��&amp#0;&amp#26;> Xx/�:��&amp#14;���{M���?��(k�&amp#31;��W��wCЯ�W|4�&amp#18;j�V�Ǉ��|Mq�&amp#11;�1|-��|&amp#26;�%�]���]&��;�in4&amp#29;{��&���U���/]�:�t�z���U���|?�j�&amp#8;���4�����t�n&amp#26;�&amp#29;b:���;�xK�Wڭ��m|&amp#5;�=&amp#22;���Ɖ7�4�&amp#1;ZxkGM'^�W��> &amp#22;:Ǆ|Y�&amp#14;��ŗ���/���+����f�͎��&amp#15;&amp#11;i�WE�W����&amp#23;����&amp#7;�v�0�]��O�<	{u?��9����&amp#22;�s?�.�K���P�&amp#7;�4]wM�4�&amp#14;�<Y��S��F�}�jz����&amp#15;�p��\>*����&amp#26;�&amp#28;55IeU)Fu���<R構�P��U��A¥Zn�&amp#12;F&amp#30;DƳ��#&amp#26;I+�zMk/���Ѽy�e+II?�?&amp#31;�j��x���&amp#11;;�[�&amp#11;��9�a���	,�l�#�����&amp#23;7:t�&amp#27;���A-դ"��R�}2&amp#17;&amp#29;��&amp#1;�&amp#26;E�Ō�&amp#24;��`�����k�)-�ѣ�K[;)c3�q&amp#4;��`�n&amp#3;�Ȓ&amp#16;��&amp#15;���;iߴ�ɼF#2�&amp#26;Eƍ�&amp#21;_C�����z������?&amp#26;��4;�&amp#18;���I�o4_&amp#31;�	6���z�Ώ�ŭ�pk�$Ҭ�|i��[xWK�&amp#8;���g~�V��Z��C&amp#21;ί}oak��w�&amp#8;���[��I��L���&amp#19;s&amp#21;���.4��m6�&amp#15;��xZ�~?&amp#21;��)����Tk(��s�Sw�9��&amp#16;����� �JN+&amp#12;�$�����&amp#22;�kݿ5�rZkӗ�V�7�>i���+h�&amp#16;&amp#19;�~&�s�E�w��bү�|s�:&amp#27;U�<S�\�u�j_&amp#16;t;{kk_�&amp#22;vm!�'��c� ��_h�M���{t�vt[�Z}����ò�{K���Ɲ�jz��mᴰ��uM9u+�s�=
}+R]N���Mm��
x����2j^&amp#14;?y��pM�76�D֏
Gr�&amp#1;&amp#14;�&amp#27;[�/��|���²���&amp#21;��;�yݠ{&amp#25;l5&amp#11;�W_��Ak�M&amp#7;Gլc�R�J7q�J-5&amp#24;�&amp#30;(u&amp#20;���6�&amp#2;\jB��8d���-��>�s&amp#23;���,T��/�f��<:N��쥊�Iӣ&amp#24;ң���Iэ:&amp#20;}�&amp#30;�NL,����NU1���Pr�&amp#29;��ڳ�~���M��MY������'��&amp#24;x'�Οo��[E{��?M��4&amp#15;&amp#21;h&amp#11;�K&amp#15;���!m*��}&amp#23;Q��-�utԮ�{�kJ��|A�xM�ecf��/��?&amp#15;�j�&amp#3;���i&amp#22;�&amp#23;������&amp#25;�/&amp#20;jZ�&amp#22;�)�u)��a_&amp#12;�v�^�y��O�Xi>&amp#26;]#_���&amp#0;�&amp#22;����.�a���
-;@����~���:&amp#27;mwH��.��؉-m����R�t]F;&amp#1;q�ۯ�.���	��fuw�߮��L�o��&amp#6;.��\�:&��a�=&amp#31;�z&amp#28;)��"�[��=.�B��]KN���-n�=+�z��Ј��dG�.]^-&amp#5;&amp#22;�5k�&amp#23;Í&amp#5;��&�����&amp#7;<�CJ�&amp#15;�&amp#31;�UT���Yc2��b4hS�aeK&amp#23;�Ӣ�I�&amp#20;�pt�����W&amp#15;�����e&amp#25;.k�5$�V��Qo��I�{���+�$�&amp#0;&amp#15;�w�o�	�.�=Χ�&amp#31;&amp#30;�&amp#29;�<&amp#23;3��x<&amp#31;�iZ�XM&amp#2;^X�Ao���W���Pm&���x~&amp#28;Y-��`��i���j:t\�����&amp#7;_is�x:���&amp#8;t�_&amp#20;j&amp#22;rOqa��wN��=����?�x�OhVf&amp#29;6��U����P�v�%��%���C�^��>��x�&amp#27;I��]m人�;�[�SA�I&amp#5;��e�P���.��!��{�{�GV���z���G�O���%�����&amp#17;�{F����x
�;�)�k[���"�W�<?pڌͧx��J��v�i�&amp#6;�w��<;'��<5e�ţG<+m�}����&amp#0;H|vA����q\}�V�&amp#12;�&amp#30;�j��OQEVr��J�&amp#23;2�B���&amp#12;&amp#31;��&amp#12;D�
k&amp#22;�Rs�N&amp#15;�p����&amp#8;���e&amp#25;U��K&amp#15;Y^I[��m�7d�F&amp#21;"���q��&amp#15;��?&amp#12;�&amp#23;i&amp#23;&amp#23;��&amp#15;��v�4�֮�_�j&amp#30;&amp#17;�����H|&amp#6;�*�&amp#14;�w{�kz��oxkK��B���]�&amp#31;����&amp#27;u��7��ޭ$&amp#30;����^&amp#23;>$MoƳ���cǚ4zO�tK�&amp#26;��5&amp#7;��w�Ƶ7�&amp#25;�t����x&amp#22;�M��>&amp#19;�x��}
��~%Ѵ�V�X��a�|Ŭx���&amp#31;Ғ��>&amp#3;�f��,u��'Mv&amp#27;�ё<G&amp#30;��K�x���wV�}�kI&amp#7;�l,��j6����U��&amp#26;����&amp#7;���H:�&amp#26;&amp#15;�5]/[��x�Q�t�_&amp#6;����YYhQ��+���:"x����QDN�yo5���qieq&amp#6;�����dߛ�>1xw��K0�f{��Ҋ��c�q&amp#6;&amp#3;&amp#25;��&amp#25;FXZx��&amp#31;_8Ƽ&amp#31;��VUr�x�Nu^&amp#26;��t�T��&amp#26;<&amp#31;�a�Qa���BMF���a��n_f�������EJ2Qr\��p?_�|[��KJ��;�-7��F�eiv�&amp#4;&amp#26;��&amp#0;���W�&amp#26;~�-&amp#26;�E������|�&amp#20;��e�-��������ɩL����&amp#14;�l^�K�����n/�����ԧ���ȵ��&amp#27;ۛ'���T�&amp#23;OYnbUX��u'����&amp#22;��j�M�4��&amp#14;�}o��z�Aԭ<]��Z�s�-B�&amp#0;X��m6�F�<&amp#21;���_����5l"��<C�9��m�-������߇_�&amp#15;�<K��/�5Z?&amp#11;@&amp#4;)��&amp#0;&amp#19;�6�؋{��YNlǉ#��Ү<جΩ5݅żv�~�g<n<L&amp#6;}�&amp#22;&amp#7;/��l��&amp#17;���V�&�&amp#28;UJu��g��N��P�:5U:��V�g%#�&amp#25;�fxH:թsһ�&amp#27;�7.{I9N&amp#20;��wv�]D��S�ho�/�D��.Ͳ*G%��Z��Kq8[9f[+Պ��ʳ�k��&amp#18;Ɖm���˲�$�-�x��+{���I�e�"�&amp#17;OC���K�J��U��U��2\k�&amp#26;��e&amp#29;��x5&amp#27;o&amp#11;��&amp#30;��b�6��j&amp#22;�u���{+]<D&amp#31;L���&amp#2;������{y]���go=��z�&amp#23;&amp#6;����K��f=>��i/m�m?Z�5c�\J�[Hek{Ah�[k�{]J�/�D��{+�����&����Ŕ޼p���o��*(Ó�ޟ59*����b�&amp#6;�M�N3��eV&amp#17;N.J^5��m5v��z�ۺW��m��Wjm��&amp#30;&amp#20;��&amp#30;���-��j&amp#18;��wWm6�s�]%���w&amp#23;��qy,��c�Z,�I&amp#6;��$&amp#30;&amp#30;���G�+&amp#20;�0�T&amp#23;&amp#0;&amp#22;&amp#24;#��Ŋ�rǑ��[h\&amp#18;�&amp#1;ϙ�ڼ�M���&amp#22;]J�-�p$���Y�hb�/���\��4)����sxʬ�-��������&amp#30;�q�%�K&amp#25;�İ�B&amp#27;�&amp#4;��&amp#30;s��{�&amp#4;w�*G�a��h&amp#1;�t1&amp#23;T~*Ա&amp#18;����&amp#17;��y���(��Q��h��ܢ�&�!���m�ԯ}{������[[R3�&amp#4;S���&amp#28;���&amp#2;X���c#�o�|��W'�<)��?�/&amp#29;x&amp#1;4�^���ڎ���|Bu�hx�F��m�;�i<)�_k&amp#18;æ��O���{D:&amp#18;D-�7��&amp#22;&amp#26;]��4�_I����K��@��aD�м�HbY&amp#22;)�RΫ&ҟ*�.�.&amp#29;ԫ46Vr����˨�^%�+�ormLV��s��2[GrГ+�����,&amp#0;��1&amp#31;*��]P���:.��N&amp#16;�.{F�hՌ�+��*���c&amp#15;&amp#4;��x�Z&amp#28;���4��$��i�v��V�k�ͫZE���;�&amp#18;D�b&amp#21;&amp#1;U&amp#21;U&amp#20;0P&amp#24;��&amp#3;��\�l�&amp#7;$���C���&amp#1;��(Bd�1&amp#12;&amp#29;�$�.A��R&amp#11;+ ?1 �*&amp#6;&amp#6;X�U.&amp#8;&amp#24;\)&amp#12;&amp#0;uU/����2�&amp#12;C�&amp#7;&amp#12;0~l&amp#18;&amp#25;�+ʒq��
	;Ie&amp#1;뛮��kt�����f�޷bWM�V����o^T�ߥ�|�M:Xu-OQ�����RD ���m��6z}�ݵ�qG&amp#16;��w�a�&amp#21;���u&amp#21;�ƨ���k$V�࿴z�&amp#23;�&amp#21;Ӽ5���~�q���ð#]Oq&amp#29;ż��sf�t&amp#11;e,s\I<Q��+<����u&amp#27;?�[\]�Ѫ&amp#11;&�8��g�I&amp#12;�*&amp#19;�#9&amp#4;(n&amp#27;&amp#0;&amp#6;bK
�o╝���+�&amp#15;��_j�f��]KQ�l��&amp#27;]F�9!���&amp#20;򥴚t�i����I��0\h��w�m.�5&amp#11;+�aɎu~�>H�R�\&amp#8;J��zr�����R��֧*p�V���&amp#26;��u]�9{eݖ����N*4�:ϙO���*�&amp#4;�.kEr>d���&�)�&amp#22;<<��;����&amp#27;�&amp#14;����&amp#22;rx&amp#14;�X��bц�g�f�k�����˪ꖚl/rl���>��&amp#16;�c�V���t����7��o��>&amp#18;��[ie�K&amp#11;o	��s�>�qw�xq�u'�����z5�+�\�Z�&amp#11;��=&amp#21;5�B&amp#29;n�]N��-&h��h�en����&amp#15;��W��%���&amp#11;�W\�&�u�5��X��Ce>&amp#28;��g�oo3�K{�&amp#21;O�#����Z&amp#27;h��&amp#18;O"Ċ��"h�yJ��m��E��"�`&amp#24;�q�U�%l&amp#5;ES&amp#23;F�&amp#23;&amp#1;J�]*�WN�eQT�U�&amp#19;�FxzӋ�&amp#26;��+X�e*�_&amp#29;�����W%9ST��3jsro�JR��4+�Q�,��srN*J1��J_��Xx�V�F��¾1ӆ��kZu�����P��H�/5t&amp#18;�P�jڜ��ڪ��Ok��&amp#30;&amp#25;��kK]r&amp#29;&��&amp#22;�|Eu�z��i&amp#5;��ڜZ�V&amp#26;��&amp#26;m��m��x��֫m�{�}&amp#31;H��u&amp#15;&amp#11;X��o�����-di&amp#22;zu���#��&amp#26;�_K&amp#29;����w��63_޵���*��Ov�&amp#21;��3&amp#21;�ZL�FW�0#�́Æ����&amp#19;�vx����&amp#0;Ě6��k&amp#31;�F�&amp#0;S�Ҭ.��~�u�&amp#16;x�L�f�8�Ooyc&����&amp#27;8<?��o��&amp#22;��Μl�^��Z�&amp#0;��t�r��q��_C,�q&amp#20;�®_O&amp#23;&amp#28;�&amp#23;��^&amp#24;lM&amp#26;Y}L=l~7&amp#26;U�4��ƺXZp�I���0�����ꡙM%J~��$�Q��Ư+�R|�h¤�&���U�/i&amp#8;�1gY�&j�&amp#0;&amp#16;�<&amp#27;�M&amp#15;�<S��&amp#0;&amp#8;|0>��j~%��X�&amp#22;ڮ���"���,,F�kem�Z����nmOV���&amp#19;H�u?�6z&amp#7;��E�ݭ��ޛ%�ƣv�z�m,֗V���S�&amp#23;V�xm��k	��mm༹Xὰ&amp#7;P�Z���ȸ���o�_&amp#21;x&amp#19;�w�>��_��.�&amp#18;���5���֛�&amp#26;e���i��&amp#24;�4�CP��S��I�Ү<:���宕����e��&amp#6;n��;���/��3B�|Ut���&amp#31;&amp#2;x��ڧ�%���³Ꚛ��&amp#20;\hڄcE��W�4�+��&amp#21;������q��?&amp#17;��&amp#31;&amp#3;[|X�Go&amp#18;�(,�&amp#19;�����T��&amp#18;�!Z�&amp#14;�:O&amp#11;F��)V�V�,>*�Jؿ&amp#21;7I�Tjb%(*ς4�"�EI�76�&amp#25;)I�(V��)���%&amp#8;Ũ��R�m�rz��}A�1�=a���y�����Yi:���^�&amp#20;����-5&���&amp#23;��\��_�J�#X�oZ�R��,��n��&amp#15;&amp#12;���&amp#22;&amp#29;#�w������~&amp#23;���&amp#14;����j:v�&amp#3;���v:�����q�k&amp#18;i�����&amp#26;��&amp#14;�6���k4&amp#23;���t-G��o�t�x���:F���/����"��|;&amp#22;�m&amp#21;��4&amp#23;��_Ů��r�F��c�W�nt��y5&amp#27;k�u]\��-*�盍2�&amp#27;�&amp#12;�j�ܩ&amp#23;��=/B�.�;/&amp#5;�CV���5ֵm&amp#29;&���&amp#6;��zM�t}O�&amp#23;zU���&amp#31;��f��'�4MGNX\&amp#6;&amp#27;&amp#19;F�65qPK&amp#19;O&amp#19;��ί-&amp#24;�+ѭ,�8���>&amp#19;��X�Ԝ+ӥV�c,3�8��&amp#29;1�:Ѝ&amp#26;��e&amp#24;(´"����R.^�&amp#18;��T߱�"��5&amp#23;U�E��3��������:ơ��j�����5׆�4���=:-^�&amp#6;�t�{5Դ��%׮����޽�����&amp#27;-1�F�>��&amp#26;��&amp#30;!����\�Y���z��^j&amp#15;��{&amp#4;&amp#19;ڍ&amp#22;m:����{ۙt}&amp#14;��P�&amp#24;࿒xn��z�υu�?&amp#24;[k7Z�&amp#26;V��o&amp#11;j���&amp#7;�!���J�L��;��G&amp#22;��&amp#25;�Mr�=&amp#2;�Hǆ��&amp#27;D&amp#26;��:���-}CL{k�&amp#15;�ZF�"xgI���д�+�&amp#6;�P�I��:�6w7W��⁩G�i2�Ci��7m���&amp#8;u�GV��o�&amp#31;����bk}w+uhfp�sa�c���\m&amp#26;�㍯����ܰn�V&amp#31;&amp#16;ㄝ:o&amp#17;&amp#26;s�'�R�jR�&amp#24;)�qV�&amp#21;8�B���9�n�*B�"����&amp#14;J�T�;N5�u�F���&amp#24;沉�������V��ӭ�t��,��j0޼�kh.&amp#23;J&amp#2;-%����БXEwR��1�sC�ͦk�RI%��komey���Eo6�-�֜5�p�h�n�j��&amp#2;^G`�F�&amp#23;Y�-)�&amp#31;�N��i2k^&amp#29;��Ķ�Mq4�x\����G��g���a5�M�縂�2-��&amp#25;��{wy��Z=���m�k&amp#25;/�[};�Z���h�&amp#29;�u���k�n�<ہb�Y�VW&amp#26;�RHu+���kv��j&amp#17;�&amp#29;�&amp#25;`���QR�9O&amp#15;�Л�(FU(�*3������5Ztg(�N&amp#11;���sj�f��r�)-&amp#23;7*rw�Rj�K��r|��}ۻ��&amp#19;���NF&amp#7;'<}��&amp#7;&amp#4;&amp#17;�'؂@%�B�ڠd�nNX��	�	!F:�n&amp#1;&amp#24;&amp#12;O��C�R^B�m�&amp#22;F��_��k d�kMB�R&amp#23;&amp#17;�\&amp#24;����Ho�4�&amp#23;{4��&amp#5;�t>�c}c�YY�m������_X_���ug{eu&amp#16;������I-a�9�� ��&amp#7;Ib��uv�kP�''~jw�*E�A���58�Pj�i���58'(9F��W&amp#23;�[Ǫߣ{^˺z?z�:�'�px���lp�s�d&amp#2;GJ;7��s����c�GRI=02��nX.x$)f\���H\��)*&amp#27;nr�&amp#6;&amp#0;&amp#29;&amp#27;&amp#29;��&amp#3;�w7�8�&amp#29;�9&amp#28;�O�&amp#26;u~��������&amp#0;���������&amp#23;�dq�8��$&amp#19;�&amp#0;1�&amp#18;2Nh&amp#0;�g&amp#25;&amp#24;��&amp#3;r{&amp#2;H�@��%w&amp#22;&amp#24;(3�I�T��8&amp#12;�#��&amp#7;��z�&amp#3;�&amp#18;~Q�&amp#29;�w>F2OB0&amp#0;��`N&amp#31;}��4V���P�۷�Em�&amp#0;��;8�&amp#3;9�=H&amp#0;��&amp#8;�p&amp#0;&amp#25;$�9� l�A$�&amp#7;&amp#3;?�����&amp#4;d���PX&amp#16;��3������&amp#24;�8�\���#4ЛT������bON��}��89K�˿yv}��W��b���]���}��ikˬQ��W&amp#0;9	&amp#25;&amp#27;���rI�&amp#30;&amp#0;�&amp#0;g8�&amp#0;��P:�>�&amp#22;�H�q�>��&amp#4;�	�I����@���ۜd�q���X�fE��C�	&amp#27;�I`�g8�&amp#28;��0�{�׵��O>��waO�p��&amp#20;���i��m_E�=&amp#21;�z����ON;��&amp#7;��&amp#3;��'��W�FH&amp#24;Ƿ&amp#28;��
;��u�9����u�&amp#28;�&amp#14;�w�s��&amp#0;�۸?_Z6����&amp#31;����.��=֛ꭦ�V���D�Q�(%J&amp#18;&amp#20;�b��9%X���R0�Y�9��&amp#1;'��&amp#30;�y������&���I&amp#24;X��&amp#22;<��Y�L�&amp#21;i&amp#23;̞��&amp#17;���H&���[�H�Ԍ��N�&amp#29;�Gb1��&amp#31;��9���t٣Ե^�q5�ʋ[8�B��鑻<V�,�-��&amp#31;>�vb�.��Q&amp#12;a�kk~=7]/���gt֭=:h�I��z��w�ۋW�f��?Bp&amp#8;���9�&amp#3;$�iA��&amp#28;�9�ԑצ;�y4w`}&amp#0;�&amp#29;9qۮ}󃜒7W��L��~&amp#4;�&amp#27;�:?��&amp#31;��%�ů�ﵛY|i��C�:&amp#15;�<M�&amp#17;i&amp#30;&amp#12;���ĺΗ�h>&amp#20;�&amp#30;�u��W1Ec�ks�	a|�Մ��1�V&amp#31;&amp#3;��c+��j�&amp#26;�LEW&amp#8;&�5J�g7&amp#24;��R��Q�N��SI�my"��)$�m��l��jͦ�e�&amp#3;�&amp#25;~�'�&amp#27;T��	#��ǔ|T���(��K���[[�JM2��:����B ��4�d��}l&amp#27;�{K�+ye&amp#23;i� \L�\�?j/��⧏5��&amp#14;~+�_�&amp#30;/���&amp#27;Y�Ӵ9���u�.=kJ��u�������Ls~��&�}uoo�]C&amp#19;X�"?d�tk-r�[K��&amp#24;�Kk�B&��Mqmsm��&��M?P��vkk�14.ۑ�&amp#2;k��u�~&amp#30;�w��p��&amp#31;&amp#19;,&*�|&amp#29;Z�Z�u(U�jIP�SjT��ܩO�t�$��ۿ,�ו�M�f�ޮ��V�6�&amp#31;���&amp#15;��!��N�<A&���3��&amp#17;�tx>&amp#18;,u{��<��ĭk㞩�����^(�?j��<;6��|�w���Z&amp#29;C�>+�Q�n_P�th�m4t�w�e�����:��%�[�b�Y]�!����׏�L�������I�����R�'��&amp#2;z��c�i�&amp#3;�2|_�5�?�&amp#18;_�~&amp#26;��_�Iq�Z�j��[����&amp#29;J��{��J�F�B�&amp#29;��i�O&amp#6;��i���x�Oӥ�|&amp#31;��H? <e��VX�E��+�3h:~�a&amp#4;>&amp#30;�i��k��h>&�7����]:�ķ:~��)��ZI��4{ɟ�{_��H<Qi�	�&amp#25;?�Ñe�&amp#1;Ea�&amp#6;�L&amp#22;-Ц�Җ*&amp#20;p�8�
P�&�&amp#20;�8j���^�"�"�:P��9rN^��ɹ]�;�=�M]6���l���>���M/H�kԶ��:M��ky=֗�x�&amp#11;���rh��&amp#0;`�&amp#26;=���&amp#25;��5G�5]*&amp#21;Kg����_Q��n��ێ-�g%��o�;�/�<'��|U-�Mao&amp#31;�5-&amp#15;O{&amp#1;�6�d��:dV:�����f�T�u�&amp#12;-��q/�������_�&���k3\�k��>(Ѵ[T��K��Ht&amp#11;[o&amp#14;�CN�.��u&amp#31;&amp#12;jv�aԉ�׼Atͦߝ6��:k�:����&amp#5;�?�~(�u���O&amp#16;_�oR��u�k�{�]V;�&��Q��E�,��4Mc�&amp#26;-��<I��:&amp#28;Qj&amp#30;&amp#31;������V�E���&amp#0;��&amp#18;�Y���U�	Sp��'V&amp#18;U&amp#20;��&amp#26;�R��,N&amp#22;���&amp#24;)��-X�Ԧ����甠�n�[5��[���S����l��u�&amp#16;��B��&amp#29;Z���&��"�ӎ��Oi&amp#23;�|M,�؎��H�4�lt�[}&��]�M�ػ�N�m�?�H�`��縸�5(c𾥠^Ep���F��w��S��I�x����M�N�5(4�������Y&amp#31;��4� ���`h�g=���[iVzF��^�w>3���kk+[����S��%��,t+t�4�&amp#14;iɧ�3��s}&amp#5;��&amp#23;:��&amp#22;����j�˧��t�6+u�T�/&amp#15;�i�����l�ӭt�&amp#17;j&amp#31;g&amp#26;&amp#29;��&amp#27;�;Z�my�&amp#14;��G4���躤ڇ��=>�?�n�䏲��Q�iJ�(Aգ^�Z���9T�q5�̕j5'+�S���麒��A(����ݻF���ZJ;Y'�ٶ��}~�/&amp#21;��F�����5�N�ó��]�Ee�G&amp#29;�ھ�\��(���&amp#30;���e��;R���S�t&amp#29;3F�&amp#21;���e��j&amp#22;C_�eѮ��M{}9c��I���t��N��@ֵ��&amp#30;-F���~Ԣ;ʒ�_&amp#12;���2��gj��a �4;۟&amp#12;�q��c5��m&amp#5;����ūj7&amp#26;Ϋ3���E6��j>&amp#27;�N��,.�,t�/�Y7��wV�ޥ���j��iZ���h�Զz�Χ&amp#29;��&amp#26;&amp#21;���M7��j6&amp#19;��&amp#14;^i�xON���Y���&amp#22;�>�aw�YpMʥ*S�&amp#25;���,�j�R�&amp#7;&amp#20;�,U)JJ�\�J��J~�&amp#15;8҃Q��1.6���V�����v������z���K�8|6�&amp#28;�煮�&amp#15;q�h������Xף�N��&amp#21;�r�K��&amp#8;t=>;&amp#27;�&amp#15;E�Y<7is�x�e�-uq{�i��R���߇�&amp#24;�ek&amp#31;�4M&amp#19;Y��E��?�iz@2ʺlVW�&amp#17;�&amp#23;&amp#23;�����^��i&amp#29;��zֵt�&amp#27;;&amp#27;'�;-nN�mV�WI��&amp#27;�X�I�E,�#������A5�&amp#16;��&amp#3;~&amp#30;���xn�1�$�ז&amp#22;6�i�Z0��UҼI�>t�ͬ&amp#4;��̾$�7�&amp#25;�.�!b��ݟ�5�K&amp#27;�tҵ����d��$�=�w���4�u'���Z����u���7&amp#15;[	��W�&amp#17;��4�bq&amp#19;���%Nx��Ti*��JW���&amp#22;�)Ҭ�˚�&amp#19;�Q\�E'h�&amp#23;���q�A����&兩^�m�|Eayu&amp#6;�&amp#21;���5�Q����$��4�RK�{Ձ��N�t�o���m�Wg�i� ҖɼGU�V���ey'���&amp#0;&amp#25;h��&amp#27;M&amp#11;o�l^��m&���>��j��kK�&amp#15;��<Q����&amp#29;'Q�֑{�ǡxwZ�R����v���M@�Zv��_�v�-�+ko�kZ��&amp#21;�ǆ�k�/D���&amp#11;k�&amp#18;x~{�+84{���R����ݭ���H���x�X�"k{Dд�&amp#21;��&amp#11;�cP��VӦ�^���ӵ��x��_W�|������ֿ�2�k}�]jv���&amp#5;8S�&amp#26;�#Ma�U�9U�!ӣΩ��Pt*�&amp#19;B�&amp#20;�Q�(ԍ5�|���|%&amp#30;U>[��1�ϛ�r�������m�R�������&amp#21;�%k�<�&amp#31;ß&amp#7;]�x[M�S��Ŧ��[��&amp#11;�&amp#4;ɨ]k���<&amp#25;���]�ټ=w��&amp#15;�wX�&amp#17;c�-?�Z~�����_&amp#14;��&amp#6;��/���>���ך�&amp#16;]i�Ι�jZn���z���;�2y&amp#26;ލ��W~&amp#28;�5�&amp#27;�&amp#7;���zƍ�_���w&amp#22;��&amp#0;
�_�񆇠x�k�&amp#24;���о+��#���S�ψl|&amp#23;��d���W�&amp#3;��ǯ�m&amp#23;�|5��h�&amp#23;�->&amp#28;��@��~8m/�Zu��~&amp#15;��&amp#18;�M��G�t�&amp#27;˸�b�C�\�����ƍ��M���o&amp#18;x�_&amp#8;�ؽ����a㦹�o��C�x&amp#15;�~(��!Zh�&amp#22;>&amp#28;�����=&amp#19;L�&amp#30;&amp#18;�ψ�G�j�ſ���&amp#25;�~}��&amp#29;:�~a�Y]L4�N+&amp#7;*0��՞&amp#31;&amp#17;������+I'K&amp#27;G&amp#17;O&amp#19;��	��(�X��&amp#11;Fu#<�9sr�Z���/h�Y��rٵh'���w�V����:&amp#2;T�˨�s��&amp#3;&amp#12;�,�$&amp#2;N&amp#5;ԗZǇ��×v�ϨX$�V�$��&amp#29;�H���?g��Ē-��#,�G&amp#28;r&amp#0;��Z�����Kx��v�v�}й�����{&amp#27;MF7�����N��j&amp#22;᯴�nl��f�4��jVP��-�R"�p�D�ogU �M)��Ҧ�&amp#18;5H�F�Bm���s&amp#20;g��k{5mS����&amp#29;ԟ//+�N��-N�c}����_g���]\Z�gc&amp#18;-RI-�Imo�ğb��qkye&amp#31;��&amp#11;��&&amp#22;W�&amp#31;�,��!��mg�W�X"�,nl/'�<c�&amp#4;�|1���>&amp#29;״[ֻ��D�E��&amp#17;dv���W�:��&amp#16;h2�&amp#19;;j�}��7���[�&amp#31;���[��^,���y/�uV�Q��֔t���^\ͥ���$��M&amp#22;��^�Z����2��V�б�Zx{�rj�F�sm���56��j&amp#23;���ɯ�&amp#24;m"��x� �O��c)&amp#2;�ҵ�� �q-�a���K�f6��H���Rt��׭��F�&amp#22;�iU�����V���ӦԝXO�&amp#18;�j3U!4�Ы&amp#8;~��k&amp#23;t�VN�O�o[Y4�澖��wj<Ǉ��k&amp#14;x��2G�Ǩ^y�z��_xJVӬtK۟&amp#17;��gm���L6:���&��&amp#14;��~ ��4��Hb�H�m|AqO\�ǅ5Km?U&amp#18;[���zݾ��i�:f��*K)�:`��5?&amp#12;X]�*�\M��&amp#26;���iK
_��Z�i&amp#26;j&amp#17;�
�<�$�f��i,WA�hZH�f6׋ ���f�0"a,�&amp#23;����y���&amp#25;[�7z����&amp#18;k&amp#15;��N��d��75����.�#��|5�+Ms��!���G��x��sH����Q%���i��b���/	����F&amp#19;��IV���)Ԝ�u%��*��sEFU+Px��)
��&amp#26;QҜ�&amp#6;�e4լ�.Y+5�N�ť�����R,���g�<O��Zx�E��:}������"��b�mj�RK}&amp#26;�ʱ��5&�d�o�5&amp#15;&amp#15;âC-ơ�h�i&amp#17;G7��xsÐxd�
&amp#24;5�?J��6���Y�|W���&amp#26;��^j�\�G�x�];X���[-;P������]&amp#17;�7}&amp#4;&amp#26;D&amp#23;-q*^��k��zn��׵�&amp#4;�O��i:.�u��&amp#31;�5�&amp#24;]hz��v�U��"�!��!��&amp#29;�t�&amp#15;�O������Ҽ<��>W&amp#15;��?��3Ě/�O&amp#1;i_4�.�Z�u�&amp#0;&amp#31;i>,��o&amp#2;xwMk�u-?^񎷯i�&amp#20;�>��x�J����SW�[xKE��\����,�X�{�bx+���Y�d�1&amp#24;�*<��ז&amp#21;RU*{9R�	V�O&amp#21;9ES��&amp#26;&amp#21;\�[J
&amp#21;&amp#18;�OO���:R�C&amp#27;V0�+q�cR�si�s�IE�2m��S��h��&amp#0;ß��t��v�E�4�^��e�hW&amp#22;@}��5-'W&amp#23;�&amp#30;7Q�g�麝��ak��Cl�2��&amp#5;4�m纱F��&amp#15;��T�.t�kN��E���/��&amp#27;ឳ��iw6�&amp#11;��֏-�����^!o.g����&amp#14;�{{c᫝l閚��GJ�� �l|C��&amp#20;�n��&amp#15;&amp#24;�cA�.��x,���+�.��h�_�G�ɯZ�q߯��/&amp#18;�Acm����;R����K�&�K�:V��c�K��GV�E�Ž������z����j�=�I�ͨC&amp#22;�&amp#5;����K&amp#23;WMÆ����5�_-�<&amp#29;X֍\.:8��&amp#28;*S���[&amp#15;)���N�Js��\='R/�b)*�P7��y�"&amp#18;�'&amp#17;���*3�*Tb����+B�ҍҩnh��&amp#25;+s?&amp#18;�Ƶ��∼C���f&amp#27;��5+�kL����Yj3i��R���Y7�&amp#22;������W�\���t�{&amp#29;RmN���|9g�i&amp#30;&amp#25;�/<&amp#7;���7��?��<;&amp#14;�&amp#6;��E~n%��&amp#18;�[m!l�$֢�b};K����l/5�����E��с�{4���&amp#28;�{h��:h,4��J�7&amp#30;&amp#31;��&amp#28;6>':[@od��&amp#0;E�M�x���|��M&amp#14;#e&amp#4;����i�ï|-��&amp#5;�-&amp#16;Ǫ���Vӵ�>�}'U��6��h�̷�&amp#21;�f&amp#27;�CH��Ķ:,6Z���o&amp#16;��c���W�~(��&amp#6;�&amp#15;=�<$�4狫&amp#12;&amp#30;&amp#30;�/&amp#14;��T&amp#18;��x|>&amp#30;�7�~�R&amp#21;�Jt�ET�ԣV����^>�G�5�S�)�V��%7*�U��Rqt��&amp#24;�&amp#20;�qW��[��cQ��[�f�{&amp#16;�u�_�jZ��Pj�&amp#14;��_�/���M�վ��\�&amp#14;��&amp#26;M�	�t�����&amp#29;$����/�}���[Y�y-򪵆��j�k�p��iv�����&amp#17;kV&amp#11;q5��&amp#31;�m4׹��[�DZ��p�&amp#26;�&amp#28;z,C��;����t(�&amp#15;&amp#19;���u���&amp#22;�D&amp#23;����5&amp#11;X�R��/bׯ���&amp#27;��k]f��X���:���MR��M0�6�>^��ݮ��0�0Y�Kya$�:����֒+}:���&amp#5;��*Dֶ&amp#26;�&amp#14;|&amp#30;6�g���{J&amp#21;�N_X�7FX�-XrƢ�B*�5V&amp#19;��EN�W��%&amp#24;SfUiK&amp#15;VJQ��u�g&amp#21;S�Շ�����I�k�Q���Jm5��\x���[�SƖz��$��S�Ǎ&amp#26;y%���Km"�-/��oR�U���:&amp#6;���K�������-�;O&amp#8;x�&amp#0;P�b0����-F�J�-<Ec�i> �&amp#19;I���K�;o&amp#18;[�z����Y�6�g�Im<7&amp#22;�DZeԦ{&amp#8;��5���&D��u����>�)��.m�&amp#23;A�-����&amp#21;��#����&amp#29;I�y�88�sǞ&amp#19;����Z-�]���U�FѼ;mp��������N-&amp#18;��Q��&amp#29;�/&amp#17;��&amp#21;���&amp#0;��Z��.��V��B�i��q8w���>I�*&amp#30;�1u�R59]$�*IU��&amp#8;�5��&amp#25;N&amp#17;��w匕�rnJJ�&��RJ�&�'�&amp#19;����)�eo�5�����7W�Z�_�5��nZ�qo��i�7P+@B�&amp#28;$�̍mV�6�=�Α���]�,h&amp#29;&amp#18;C&�d&amp#8;��VB�&amp#19;�ʎ[
&amp#14;&amp#25;&amp#11;���M��)��MR��^)�<c��,]k֚T���\[���]xz� ���/5I &amp#15;��E��f��k&amp#27;��&amp#31;�&amp#23;Zݼ��'�O�/���+��&amp#29;��&amp#14;�V&amp#11;&amp#21;&amp#23;��팲�ٮ�&amp#27;��{c&amp#29;嵴�zzj&amp#26;��&amp#5;���:����YL���u�y�;+��U�(W�B�z�x9NucN��φ�QƢ��r����N�����2��V&amp#19;/�c_�`�9�&amp#15;kQ8�N��a�Y��Քb�&�Qi6}Ҳ��$�k&amp#26;��$d�&amp#30;&amp#4;�3;�:)C�J��X�P�&amp#16;G�&amp#12;�C����&amp#31;�5W��-�O&amp#6;�&amp#7;Dе�{�n���� mZk-r-CJ����<)&amp#23;����6&amp#29;&amp#30;��E�o��>[ۛ��Ň�&amp#31;&amp#30;A/�ۡ�C�H���hZ��&amp#16;�~��&amp#11;��t��o&amp#17;K�_,�[^�&amp#29;?R����W��Gy&amp#14;��jz~�u�xW�n�q�������4��;��+&amp#21;o&amp#6;i� ��-<9�ɧ�&amp#23;�V��ޅ��[�{w�j��q��O2X�xt���ug��`�&amp#24;u��&amp#18;�֫:n^֎"�L5&amp#7;&amp#25;I7��&amp#21;��R�^EZuV&amp#19;NNUjҖ|��O&amp#21;N�)���)A��4��Xά�&amp#24;��I��&amp#16;��&amp#18;�R��iI3��B�&amp#0;&amp#22;�+���R��M��`{��4Z%ޥ��&amp#22;Z���=&amp#14;&amp#29;Vh�T���.�&amp#29;~����T�b�l�&amp#11;k�d��C&amp#1;�&amp#12;�&amp#7;��fM��&amp#0;&amp#8;�1m�&amp#20;漛�W�M&amp#11;�M��t��cX��c�]x�ƞ"���[[�5�&amp#17;�&amp#25;&amp#5;��&�w4&amp#26;^�c&amp#25;�K��&amp#26;��@д+]?H�t�,m-���>�e�rl&amp#7;
&amp#8;$��&amp#23;!&amp#20;�b&amp#20;&amp#18;#?)b�Y['�1�N�&^ƴ�&amp#20;�R���Z�7NUcF�i�j��T�T�&amp#25;8&��%&amp#25;MF��Nt���QV�{6�f�NM.���&amp#4;�k�H5>��b�U��r���&amp#23;1\E,R��&amp#25;!�&amp#22;�و�&amp#25;Rx�֊Eq��I�[��oc/�=z�KO&amp#12;���]���&amp#5;���xR�^��kG�O�&amp#19;Ė�Z;��X�P���+-J���O&amp#17;k�V~&amp#31;�km<G���6���&amp#2;xV&amp#27;i�A��&amp#15;�]�^i�2^j�p�ơcq-���Y�&amp#25;�,�&amp#17;�n�",W�+9&amp#17;n�ݿ?>%�:����/�%�_�&amp#11;^���u�+]�&amp#0;��῎<&amp#21;�h��j:���n��E�u&amp#31;&amp#30;h��w&amp#22;�K��&amp#15;	��[&amp#22;���j&��O�&amp#30;&amp#28;���U�,V&amp#30;�
��b��,=j����<V&amp#19;&amp#23;&amp#12;E,,1�ڍ,3�b0�p�sU��!B�uJ���QS���zZ.Il��O�?u�ӺV�����W�>��&amp#15;C�����O��s7����&amp#15;��W��5�&amp#7;��7��&amp#23;����s�O}mu��ַ�w2K�&amp#12;�vm7T��nWS���V�&amp#15;�J'�<C�&amp#27;��&amp#7;P�����t	c�O��a�;�&amp#14;�B��'����&amp#15;�&amp#11;k&amp#15;&amp#29;k�χ��/�u����&amp#3;����P&amp#29;�&amp#22;���&amp#26;�薅�}O�mݒ]�7�	�<5>����&amp#14;�&amp#25;��Q�������A��&amp#0;&amp#18;��A��<Zt�mB�Q�MO��t�oQ�N�u��&amp#3;�	��c��v�}������k�l-�/ZE����k�4�|?���^���&amp#14;�N��7Z����A��:����K�=b���&amp#0;R״��&amp#8;h�����p&amp#25;�i&amp#30;#���&amp#23;��tq���&amp#21;|-\}j���Х���֖&amp#23;&amp#21;Z�
�q�J�X��"�2�J��&amp#21;B�&amp#8;�^��0�R&amp#20;ܧ�&amp#26;)5>iTt��&amp#24;G�-�	�)^0��&amp#25;z?�i�U�I�o�k�B�L�ß&amp#4;|&amp#23;���&amp#0;&amp#21;|a��u��/���'T�̚��&amp#30;&amp#29;�5�
��z���&amp#27;?�w��x�&amp#29;K�������ǎ��_�&amp#22;�&amp#0;t�h�&amp#14;Ѽ/�/&amp#11;xz��&amp#31;&amp#15;iZͿ����&amp#29;B7�ũ�%ӼI�h���yw&�s�XK�?&amp#15;��[���y&amp#30;&amp#27;��O��/^�x]�&amp#30;�3���_&amp#11;�'�&amp#31;&amp#18;l�+�3�&��iW&amp#26;��u-&amp#31;I�o�oa�]���&amp#31;�k�Wz׌��Uy�C��;��0����k&amp#27;&amp#4;�厗㻟&amp#12;|{��x>#h�<�<w�?
kw>&amp#20;�W��&amp#19;x&amp#22;��&amp#23;1Z�
+�&amp#29;_I�_&amp#27;ݶ�&amp#31;�&amp#18;�B��|Z�&amp#14;���蚣i7:$�.���X��!�"�}�9.+&amp#1;�c�&amp#25;�&amp#11;&amp#23;�γ�\f���Ї�0�*u(�p*tha���&amp#14;�6u���S�T�NXJ��S�#��+­<&&amp#31;&amp#5;^�|�/�hգ*�U1X����N&amp#21;�J��og&amp#4;��a(B1R�c&amp#21;~�����&amp#1;�֛&amp#29;���jQj �����{K&amp#29;N�X�&amp#30;)��5�j&amp#19;��� ���P��&amp#20;�:�G�����:���H:�&amp#23;�Zf���xWW�ӭ<=�jW&amp#26;F��Zh:~�m��n�3��]6�&amp#15;&amp#14;�E&amp#23;��Qsy�i��U�����o&amp#11;ʯ���A���|"���_&amp#22;|2��e��!��&amp#18;&amp#31;&amp#11;�&amp#30;0&amp#26;��&amp#26;T�x[C��i�X��5?&amp#16;�Cs&amp#14;�g�jsx��M��F�&amp#6;���&amp#0;]��?��z0鋯��L𦞞&amp#24;�&amp#23;G�����>(���#O���]&�G���_&amp#16;\ã\I%��з�౲&amp#26;փ=��:���׿��$XXV�V�T�&amp#12;��
�lt�&amp#7;*&amp#16;�qX�&amp#20;i~�1��R�P�YS�'��Z�
�jW��'&�(�y�'dҨ���nR�Rn2���&amp#5;�*�+G��&amp#26;M/�&amp#2;��2Ao���[i�&amp#8;�v6� ���mDhz��&amp#29;��^(Т�&amp#7;���ߟs+�w��Ҡ���G�sS�u-&amp#2;��|%�%��i�����.d��>�=��6�ԥ���&amp#0;A�֮�d�㿺��&amp#29;[Q���6�� ��񞳡��Z׌��m"67�jע�[d�&���m���&amp#27;�	�^�MĖ>"&amp#22;&amp#26;W��&amp#29;1�rN�m�$�&amp#29;��w.���Kxt}Z��w:����6����'�S���7�V����,�P�&amp#22;&amp#30;:�,%hu�ռ;�G��b��+&amp#21;���&amp#6;�}�fy&amp#23;����
Q�N�Hў&amp#6;�eF�JT�*�&amp#26;իשK&amp#17;N&amp#18;T&amp#28;c�&amp#26;&amp#20;�AFuUzt��t�N�����+�f��?4����T���I�yG�|М���k&amp#25;n�#�ūj&amp#18;����o�O-��ٵmb�����V�]Z�Yl��-lt�&amp#19;��>&amp#31;�	 �K�/-�]�&amp#29;V&amp#31;���u����Z���B��]i�f���P!&amp#11;-�w&amp#23;6:��Av���j&amp#2;��9n��uO&amp#27;,���a�E�45&amp#31;�Z	��Q֯4�4�&amp#6;��_&amp#12;^i����6V��o{��jVw��&amp#0;�7s��o>�`�Dx[Z�M��i�&amp#23;��O&amp#17;�^^�Z=��&amp#7;P�&amp#1;q-̷&amp#22;&amp#27;��B�S���,u�}:��&amp#8;t���=��[|�&amp#31;&amp#23;C3���R���L&amp#4;a&amp#26;J�&amp#24;��J�7U��Қ��b(V�C&amp#20;�U~�����v��&amp#19;��&amp#25;S�*��&amp#26;�I�nR��Nt�&��R�x�ٴ�i+�fS����=�|�&amp#15;�8$�NO@(�;�3��d�pH<d�������&amp#30;{�$�9��Pp@$&amp#6;�&amp#14;x��8<��8&amp#30;��&amp#29;�&amp#3;�/��7[|�_y���&amp#27;��/�A߰���r8�@&amp#4;�y��'&amp#4;&amp#19;&amp#24;��=9���&amp#12;�A�oN�!��B�׎�O@?��&amp#3;9��ߧ=	&�F&amp#8;��88'&amp#0;rI�^;rܒ�'�����0�����&amp#0;�"���&amp#28;e�O!�$�GF��&amp#0;R&amp#0;#&amp#0;���8<瞧?�&amp#8;<��IsH8ϮFG�����&amp#6;py&amp#28;&amp#12;�2�q��pv�2&amp#15;&amp#29;2I�;�aK)%������[K��h���������v]uN�Y;�n&amp#8;�&amp#16;�'�&amp#26;�&amp#12;&amp#6;й$�A�&amp#29;���	&amp#21;H1�C*�&amp#16;�x^&amp#6;M���ɖ9ZPH!R'�U�&amp#12;�/�&amp#28;��ڈ&amp#31;)&amp#6;H�(�.&amp#15;&amp#4;&amp#3;��&amp#29;&amp#0;8&amp#4;�;�6Eʖ&amp#12;T�C�&amp#24;;L�k&amp#7;��&amp#4;��<��2��&amp#4;{�^��4������
V�q�X��+��wkG��V�������&amp#28;�&amp#29;��	&amp#1;�<�}�&amp#4;�1p�8'�=��&amp#6;{�H�rz&amp#17;��&amp#30;3��&amp#12;cӓ���{v��&amp#26;N&amp#14;F3���&amp#3;�##���s�&amp#14;Þ2R���խދE�j�7iog}#&amp#20;���o�&amp#5;����-j�0&amp#15;&amp#29;z��&amp#0;h����9&amp#28;�&amp#29;3�ߞ�z��#�&amp#28;0�#X���m&amp#18;6{�A%&amp#17;��YI*q&amp#16;kō�9�c��&�p&amp#23;�p�\&amp#6;��&amp#26;�;�W��&amp#0;���(]&amp#27;=]m�&amp#11;ɮ&amp#17;�&7�5�F��&amp#21;�i,7�_��kksey4&amp#15;|!�Vf��۾�Y�V�=<&amp#30;"Qm%/e$��j�V��^����I�J�r�f�mkn�������e~y/N���������`�����{��%b����'yfd1F��B��;,��&amp#20;�Jg�&amp#28;�&amp#0;&amp#21;&amp#31;�SO�3�~��{��ǟ&amp#12;��b���m|*�Ǉ����^����S�>&amp#25;ьw&amp#23;�bX��мJ�Ɖ����3�O�j2]�Z�����N�����&amp#0;���؇���
K&amp#20;>.���%�ֿ��n�I��h~ͪ&amp#29;+K7>&amp#20;��/&amp#5;ޙ�N��Q����=����Ռ����&amp#31;�:&amp#21;���Yi��&amp#27;�jO�x�{/��'��&amp#18;�#���ѵA�&amp#18;�F�����{�&amp#15;&amp#23;I��:ރa&amp#23;��g�=7P�m5�����&amp#0;F}&amp#29;r�>[ř�l�8X��e1����ژ&amp#26;�j��y�&amp#24;�V�'Z��bia�i�&amp#24;IF�qT�J�*r�v�Z��I�n��ef��RR���M(���?����bԾ"j�?�o&�_�m<&amp#25;r�������&amp#30;&amp#5;��#񙲗@�4�&amp#1;�x�Q�i�#�<3����l!�ּ/�X�E&amp#11;މ5O����������&amp#31;��;/��I��[@�<C�9/�ԥ𾻨�WZχ'��y,u&amp#25;�=E�t�/�Y��{w�&amp#7;&amp#16;�'��/���?�i��7�<G`��,��&�I�KM&�cH��N����_��&amp#24;�,��}&amp#31;F��v&amp#30;&amp#30;}7�&amp#15;�5&amp#24;�=/�&amp#30;&amp#26;������&amp#0;o&amp#25;��ٯ�g��&amp#0;��7���E�&amp#31;&amp#5;|s��z&amp#17;�_��n��&amp#1;x[��'&amp#30;&amp#19;�U�k�&amp#26;�<[�>&amp#30;}&amp#3;Þ!�R����&amp#25;<?�?&amp#19;\]���A�6��&amp#15;�&amp#31;�+g�86��4犎+&amp#23;&amp#28;�&amp#27;.w*X&amp#24;e�yqx�a����%&amp#28;����	�&amp#21;&amp#28;&amp#18;u�1�ƝWys]��ܩ��6���v�q\�JJ�ڿ�k?�^"���C�&amp#23;�4O&amp#18;��5o&amp#18;��w&amp#31;ڷ&amp#26;m��,5�&amp#14;�J��t&amp#29;b�&amp#27;&�&amp#26;��t��A�&amp#5;�R��&amp#30;&amp#31;���$�lu��GP������&amp#19;�&amp#23;��s�O�w�&amp#24;��w&amp#7;�|o�&amp#2;�:F���,Zf����:&�'�4W�&amp#18;Y�{�_&amp#17;��k�&amp#30;5���5��m�	n�C�Ɵ�w��&amp#0;&amp#5;)?�&amp#6;�a�&amp#31;��&amp#25;�&amp#15;��&amp#0;��6^!�&amp#0;����&amp#28;���?&amp#18;xUu_&amp#11;j^&amp#15;���U���=GJ���?&amp#22;�x��VѾ&amp#29;�&amp#30;.�WH��&amp#29;�u_&amp#22;K��:��t����?�/�&amp#15;��&amp#14;<o�V��|S��&amp#11;ĺ��7�[O&amp#8;]X��>!�<Z���&amp#3;��|&amp#31;�&amp#22;�2�7�&amp#22;^&amp#27;ѵ?&amp#16;I��ރ�m7ĺ&amp#6;�p�V��x�S�O�&amp#27;���5�pO&amp#17;��.*�T�f8�C��a�R��e��18|,]&amp#28;F&amp#22;��b0��x:Q�W��F����t(��W0��Uh����.�7)�^�&amp#28;��F�$ԯ��W������}���]'ĚT&amp#26;&amp#12;��K�&amp#14;��mN�Þ&amp#17;��&amp#23;~;{{�Bo&amp#27;���Z&amp#14;���6�J�-/����1h~&amp#21;�&amp#16;ɪx�o��]�&amp#15;&amp#0;�Ŀ�w�&amp#15;&amp#1;�&amp#31;&amp#30;�h-&amp#26;��\���&amp#14;&amp#15;&amp#14;j�&amp#7;|#�x{�w
"Ե�[[�����>���C���&amp#31;�΁�#ឌڏ��_�&amp#31;��&amp#26;��5���&amp#28;�6��o~$���V�~-���&amp#26;��o��&amp#15;i�}�梺֯�j�$ҥ�t�&amp#28;�V��x�_�έ7��-�Mq����"�Cӯ��&amp#31;�}i~&amp#16;&amp#31;�7�ݩx;◉�&amp#31;�)|]g�[7��&amp#26;���&amp#22;;�/&amp#19;���5����&amp#0;���FмS���S�G��.b�.�&amp#31;�K&amp#29;&amp#23;S���Tҡ���?&amp#28;��2�|&amp#31;&amp#7;K&amp#12;��&amp#0;���&amp#29;���\�jbs'��,&amp#20;�S�MՖ&amp#30;8i�&amp#17;*��ʌq�&amp#21;OO��5qT�&amp#6;V�!�'iڛ����\��rr�-��m�f���������&amp#17;��-sI�u����Y������&amp#6;�k˫{�&amp#18;�Q��Zǒ$����&amp#31;&amp#24;h�>�m�&amp#17;>�k�d�&amp#5;���}�զ��z����\����&amp#8;����n�٬�"���Y�y4�5�&amp#22;W&amp#26;�λ�E&amp#29;��a&amp#7;�|&amp#26;�����w^&amp#7;�9�&amp#30;f��躢>���+�&amp#15;��1�Ə���Λ��&amp#0;&amp#22;�o\լ�&xs��&��t��g�&amp#16;��D������&amp#11;L�]Hg]:ݴK�&amp#30;���u+��&amp#31;&amp#17;�|��ZT�T�Ē]������&amp#19;}5���zG��m[N����Z��v���&amp#19;��cvږ�q&amp#31;�&amp#24;�F�:�&amp#22;�h΅:*��tcJUc5&amp#25;�Z��kΫ��B�D��8ӯR�R_CBJj����ەsZڽZW����MJ�������&amp#31;&amp#26;�>&amp#24;��dx&amp#23;Nֵ�t�i�M��&amp#18;]k�[��'ѥ}J�V֥����=B-Bk���o&amp#16;��V��jQj��xG�mq,��ݟ�t�&amp#11;u�&amp#6;&amp#11;{&amp#24;g���4�r��X��'�t�K��v�v�i�օ&amp#29;���E��I���̞$�mn�Maq���	��6н�^&amp#27;�n��.$�4�4�&amp#7;�W�]v�L���/^�$�[��=�^&amp#29;&amp#30;&amp#23;ӭu&amp#8;�&amp#20;x����n6�4��-���/������4�&amp#18;�-6��[o�j����oL�/�=��w��7���46��r˓&amp#19;C&amp#17;Mҡ]ѧ&amp#28;E
��8P�7-&amp#4;�E�s�JU�:���凩:�y�Ŧ�o^TҳO]&amp#26;J���6��5�l�9�ӼIg&amp#21;��7��&amp#11;Aw}&amp#20;q��WgS����6&amp#26;p�C���&amp#17;&amp#27;m2��͵�B���KS�!�t�c�Z�&amp#23;��]�CL�5)�)a�&amp#27;Y�[��KP�<I�^i�Y�z&amp#23;�5��ƣ�x���Y�������f�&amp#11;����T�&�n<�_�Ӵҵi��R�P��?�h�=�:�rݵ���w��m���c�O�h���7i�hRj7��S����Z?ڼۉWV�_c�Zx��^4���o����#��&amp#11;��+�&amp#3;�&amp#12;[M}��8����>��&amp#15;��&amp#0;&amp#2;�]Eu]&amp#14;&amp#31;��A�?��5�&�P�k�_&amp#25;j�&amp#30;��[�����&amp#23;R&amp#16;���f�,6&amp#18;�&|�NJ�P^�&amp#5;��&amp#25;�:ӕ:&amp#24;&amp#24;��mҡ[�Ó��tӒ����m$���n���i�o@���6�a����&amp#22;�9�-<&amp#20;t���(��i��W&amp#23;�\N�z^��&amp#19;L��Ԅ�#����&amp#17;5���}�m&amp#23;�|&amp#29;�x��>9��7��q�o]���Px��4�M7P�_ĭ6&amp#22;j����s�:��&amp#26;&amp#15;��U���Ğ&amp#12;�o�&amp#31;|F�u&amp#15;&amp#7;x�@�,�M�&amp#0;	�����V��/.����
�_�t��O&amp#27;�&amp#23;����?�_�oī&amp#5;�^��^j��&amp#26;�ރ��7�k�X%�f���u����j-r�iV�zD�x�N���K�Kľ=�&amp#31;R�t��ĭ&amp#15;���֯�|0�u$��55]sMO�&amp#30;<���&amp#30;�v7v���m��1��&amp#22;xOR��?�K��&amp#14;]k6w�O&amp#19;^�&amp#23;&amp#26;��3���&amp#8;����b�s�*��R�7&&amp#23;&amp#17;Buc&amp#21;:8lE&amp#7;Z���8F	�\/&��k$��f���rM'&amp#22;ݤ��j��7@�G�+��&amp#31;�&amp#22;��&amp#19;&amp#30;�&amp#6;��xJ�?&amp#21;�Y�)Ѭ �ӧ��������/&amp#31;x�D>#Ե�V��MK�W>&amp#23;�&amp#21;�7�&amp#21;Փ��&amp#27;�/-�Kw�W��o&amp#14;|&amp#26;׾(~�&amp#31;�>�s�h&amp#31;&amp#2;t��&amp#7;_�t�<c��xC��&amp#20;?&amp#16;~&amp#15;�&amp#26;&amp#31;��	,&amp#19;�>7�[��&amp#31;&amp#22;�O�i�&amp#23;���棯xR��.�w�h�ĺ����?&amp#23;x&amp#7;�N����4+&amp#7;��&amp#19;�lGR�a�&amp#0;���>>דR�u�&amp#30;��7��,o�c�6�&amp#23;��&amp#30;|Y�$^'�������Ӵ��gQ􏍿����&amp#0;�&amp#23;�Z���&�z��^&amp#21;�uMu�&amp#30;W٧Im��&amp#0;&amp#17;�~/m?]��T�d֬�&amp#29;c�z$Z����SI�{&amp#15;&amp#14;E�xz�O��.��(qs���&amp#28;�>��0��lv&amp#14;9�#&amp#11;&amp#26;0�S����P�Qʰӭ<41&amp#24;�-9N&amp#14;�gJ&amp#19;�<<��)��t�Y{�����4�3���j*Vn��Ri6���&amp#23;�xk◄<G�&amp#8;|E��%�þ<�tm×Z����K�OJ�|+�&amp#0;	L&amp#19;�&amp#12;x�&amp#29;&amp#27;�z&amp#29;���&amp#5;�֭�=sGҼ_�Ma�Ů�6�v7�S&amp#27;�&amp#30;x�W���;�;@��Sj&amp#6;�GO��]�%�ņ�>����}�&amp#17;�[���&amp#0;lY�xf�O&amp#26;��&amp#21;ރ�1�&amp#31;�#[�&���&amp#8;x&amp#7;O��?��M'�&amp#7;�|&amp#27;g��᷁ll���/&amp#11;�&amp#19;��&amp#31;��W� X���\�T��eoo&amp#29;�����;i:F�sq���m>#x�J�%��i&amp#4;���^j����1Zy&amp#12;�:���[YK�:���ϙmc�&amp#16;lƕw=��&amp#23;&amp#31;/.&amp#31;�X��l�*u�)a㍃�R�&amp#29;�J��d�S&amp#17;B�!&amp#28;]�,7�STe:^�R�2����KF�ͳ��iY�7w�+�h������|5t�:����h&amp#23;&amp#23;Z\Vw���Y�����ui5���>�SS&amp#26;���}&amp#19;¶V&amp#26;U����]>�{wg�X�Zi�z����x�5&amp#21;ծg7&amp#6;ig���E����\@�A+\�Y&amp#24;����)����k��c&amp#23;��&amp#29;���ͩ�7��#L���Z�������&amp#6;�i��΍}u�ꊭ&���Z��&amp#30;�gr.��-&amp#5;�m����6��п�l<=&amp#15;�4�&amp#11;�]��4MT��El,5k�ڜ�Kq��Vw��ֵ�&amp#15;��i��:ׇ�o&amp#16;K��#&amp#26;�ֱ����b���y{&amp#28;RT�&amp#14;
T�ҧ)�&amp#20;!R�#V��Ԫ�~eS���&amp#17;�����&amp#19;�0�Z�k&amp#27;�+�����:�Q��j){&�i��,w�o�%�&amp#28;�B�-&amp#20;�qE+J�&amp#30;�T�Gqv��q)�����V7�o����:h�]:Q��ig5����KO���݊�&amp#11;-?P�6�&amp#18;[��jW&amp#22;1�K��n���Ɲ���Rѥ���_��&amp#4;b;e&amp#22;WV�&amp#28;g��dV�m�X����eE�&amp#8;�o;+&amp#0;&amp#12;&amp#25;���v&amp#30;&amp#31;Ӵۦ��������k&amp#27;y4�InvƷ�&amp#22;6cP��O�9�{K1�\�n�U�Ԧ�?�7�	�5(�	�񋄢�RQ�g&amp#25;I9E�8$��e4�����f���Q�W���h��z�ɴ��mF�R�������5m&amp#2;�5$բ�&amp#8;�ĳ�&amp#8;�X���]N�V�H�����_iK&amp#29;�Ҵ�_\:�]�����M�5�#�J���
_N�)�ޖ��B!y�%/o&amp#24;X�����*�oa���&amp#15;&amp#16;�5�P���i��m}yu<Z-����5֛w&amp#26;ZYks�:��&amp#11;�[4�\iq�a���x��`���ce+m&amp#27;4o$�,���'�Lrȳ̯8g�yD�Ƀ�y&amp#17;�Z\�
&amp#17;�Q�d�&amp#27;�niJJV��mIS�V���&amp#23;8ɷ��ɫk�y_�T����i��n�&amp#12;�'�&amp#30;&amp#6;�~&amp#23;x�[�s�&amp#6;]�M��.&amp#7;�u&amp#31;�~-�����&amp#27;&amp#31;&amp#7;�&amp#4;�]�4�&amp#11;[i��'}r-�r��&amp#26;���;&amp#15;&amp#22;h�1��-�-/�-|&amp#23;���]jڄ�&amp#26;���/n�ۻ����쯡��}&amp#27;L��4�2���0\�6����Ͷ��X����(;݈�U@U&amp#3;&amp#0;&amp#1;�&amp#0;d/�&amp#27;&amp#24;&amp#0;&amp#14;:�&amp#3;�CUy"V��&amp#29;�eW�&amp#22;uaղ&amp#27;&amp#4;����e&amp#27;���ͱبҍj��*&amp#30;�5&amp#28;a��S��Nj�)S�#&amp#16;ܧ(��N��&amp#29;�&amp#22;�F&amp#20;�&amp#24;��[ꮝ����+uս[m�vx��&amp#27;�[�H�&amp#3;�&amp#29;c�J��K�K��7��m6��&amp#27;:�]�.��]'E��S��u&amp#27;&amp#29;�&amp#12;��,uxuF�������|&amp#1;gw�[IC��j-�,Woo��<3������S�5�_Z�m<1�i�u��N�jz}���qcz�]�X�P�wr>��g)#;�"Pμo���
&amp#28;3a�&amp#4;%A�&&amp#3;%������k&amp#31;&amp#21;xS�%���&amp#6;��&}&amp#14;�J���N��M&amp#31;[���U֭�;��j��!_&amp#16;i�&amp#31;_	5���9us{&amp#8;��&amp#28;Z��������Mg�h<�Ӌ2�&amp#29;��Ⳛ�i`�������'��V�xҧ
t�S��֦��i�F�O&amp#15;O&amp#17;&amp#31;m&amp#24;H�r̳&amp#25;��&amp#11;&amp#5;&amp#8;ԟ$���1�)�I�N��1�J+{Ԕ4rQg�W&amp#23;�&amp#30;��M�k1G-�6Omy�\�2i����۠��������Z�֭k5ޛ5����WK�&amp#6;�.�|��O&amp#4;��M�h�&amp#30;�;�&amp#23;�����U}����)�U����ؖ&amp#29;&amp#15;L�<i���N}^�F&amp#19;js�]j���^�&amp#31;�4��Ң��%��3�����&amp#15;��_&amp#15;�E�F����&amp#8;��O&amp#19;��k&amp#11;k�y�&�[�uI,4��/S��lԴ��Z�KkǸ��]bK;_���2���W�}5�4˨.�-;�&amp#19;�&amp#30;'�&amp#14;���&amp#19;j����n�)z��/e�bx�E{M&amp#30;�W����o�]&amp#11;Q�^���
���)�p�&amp#0;&amp#26;�V�q��Xa�&amp#19;�W�&amp#31;&amp#21;��J����RT񑊫K�St�j&amp#24;��xZ�����*�ա�d8�O&amp#23;��y(Ԥ�Ӆ|=E�(�Ǜܔ�&�%.Z���f����<&amp#15;��-k�<ӵ��s�=#�F��x�O&amp#1;�M�&amp#0;�`׵+Ē�&amp#8;庶��細���Ok<Z&����V;+KU�u&amp#11;��K�չ�&amp#22;H�V�)�D�4�&amp#0;&amp#3;kK&�o�^���j7�[E�^\Xk�.��_&amp#18;꺥���#�&amp#27;�3O�]N���Y��)��=2/�:&�ke5���g�ͮ�,lo��/�MB�\.�4&amp#30;&amp#26;�&amp#23;��Ӣ���������&amp#11;v�~�e&�s�&amp#25;���;K��������&amp#30;%Χ�h��&amp#25;��@��k�&amp#3;NҬ���t����,�[x�O&amp#21;�z��ƫ6��X�wg&amp#6;�&amp#28;���༺j��p�&amp#0;6&amp#26;�&amp#28;.iS&amp#11;��a!9G&amp#17;y���ƕ(�Ez&amp#24;�a���b[��S�і&amp#30;�K+�B5k�)�՝	ש<4eF�M}��(S����7*�':q�]?m7Q_��I�*����&amp#31;Z�&��xO�7���&amp#30;#Ԍ�ڰ��&amp#18;���Zmw��g�u+&amp#27;����&amp#14;�5-;Q��|=&amp#6;���:M��p�ݴ�,t��&amp#2;M��z��4�|E�i�����u&amp#31;&amp#14;YA�i:E�� ��V:v�&amp#20;z��&amp#14;�wg�i�r�:e�iVw�h�ҵh��&amp#6;o&amp#15;x�C�<(�&amp#28;:}��&amp#0;�<M&amp#12;��_�|S�<<�i�/������J����L%E��qe��\��/�m&amp#5;��&amp#30;>�I.�?�ZOo&amp#19;��=���&amp#2;�Z,�i�q}����j&amp#22;1Gs=��&amp#23;�&amp#24;��kmV8�kH�o&amp#2;yf&amp#26;�m�T�*&amp#24;ʸ�fx(ԫK�S���&amp#0;W�J^����F&amp#26;t���ԅ)S��LV3
tK&amp#25;^�:&amp#20;c&amp#25;R�7F���:�)ի(M�����|�s8�)�ƣ�&amp#23;�&amp#11;a��΋�x.=OM�η��&amp#12;�>"񕆫cu/�u-&amp#11;@�_&amp#12;k"HE��j�&amp#25;L&amp#19;]-Σ�k�&amp#30;���Θ�T�r����Z��y�&amp#27;y!ѵM&amp#19;D]&amp#14;���k3w�O&amp#4;Wv�}�mJᢖ���7�f��ao�i�Q[�&amp#21;�M7�[�:v�i�x?WmJ�OԬ���z����YA&amp#14;�&amp#22;���j��~�8&amp#27;Q���u�->x��&amp#31;�Z����xNI&amp#30;�N����&amp#31;�Y�?M��1F&amp#30;&amp#11;X!e�
��&amp#21;Q9DfUX�P� �N��&amp#4;j������SJ8z4!
1r����ԝKM�5&amp#20;i��ӄ+��Nu$�fԥ�V���Ro���y�ks%(�rw�4�+sY(�1PI��nB�&amp#12;�&amp#17;��U*�,�a&amp#18;`ad`�&amp#21;&amp#25;*AP�&amp#3;&amp#16;��fo�<c��&amp#26;k&amp#26;��^7�>��x&amp#14;�N��Կ�&amp#6;�/�[E����}���mk�xz��^�I�i����,�ѯ.�&amp#29;�A�^;��%&amp#28;`��U%�/�rVC�!��&amp#12;��9��m�3;fK}���O��X�4�]\\��Cl��&amp#28;~d�&amp#18;Ot��{ke&amp#4;�d���(G�o&amp#2;F��&amp#28;L��'*t�Y�r/uJ�MIK�NQ��K���S��۲���&amp#21;���Wj�Qj�׼o���m���1�xG�V��&amp#22;��vzq����i&�i�7��S���>�5Ưw&amp#16;��#��w_([�&amp#12;��`�ߺ���}&amp#14;�&amp#27;O����&amp#5;�[j&amp#23;֖��ڭ�v�46�Kzm�ye�&amp#26;e�M�_3�3m0"����i�&amp#15;���w�W�#�|}��&amp#0;&amp#8;]�&amp#23;�/|&amp#7;��&amp#25;j&amp#22;Rx���u��&amp#20;V�����]����_�n��M+�0i6z����SB���ҼI�&amp#15;&amp#5;�&amp#6;��*|B�m�|R�>&amp#18;��2��l-�R��:G�u�/j&amp#26;ǂl�a&amp#14;Ż��|��=&amp#6;�mmu�j��&amp#6;�4�&amp#19;iM��,�ʍ&amp#12;m<Uic1��X&amp#25;�qu&amp#21;&amp#28;¶e:�&amp#24;V�ψ�%�%<uK{<mJ8z����(�&amp#23;{t����m�}tJ�{���y�G�&amp#31;&amp#18;���A�c&amp#12;w��=���=>&amp#29;w\�'�����g�x�:&amp#20;��&amp#31;�&amp#21;��d�M�&amp#11;8t�#}i&amp#22;����&amp#29;&&amp#4;�_�^��x���k��&amp#22;���&amp#15;��&amp#20;������j&amp#23;RxsJ�&amp#7;�-&amp#15;QԂx����ڜ�x�D���K$�-��qk��&amp#30;�a��&amp#0;&amp#15;i��&amp#17;<]q�~�Zg��!&amp#22;�oo��uM&amp#7;Y��&amp#11;W��\�&amp#22;���Z;�֞&amp#31;�д��&amp#17;j�^-�o�<C�O�&amp#21;jF�5� �^&amp#14;�ǉ/|&amp#28;|G���k+�gO���/&amp#14;�C�3�o��&amp#30;�<H<N����w^7�`Ca��sE�H��u)�Ƨ�j:7���&amp#4;x&amp#30;+��&amp#0;�w��&amp#1;���&amp#7;�X��yn&amp#2;�&amp#24;b�J��j����ey�&amp#15;&amp#19;I�&amp#29;�&amp#12;f&amp#22;0��gJ8�N��&amp#30;q�&amp#21;)Ӎ&amp#5;)��ʜ��m%�*Ҝ&����&amp#21;&amp#19;��i��5~-~ο&amp#18;�&amp#28;5�&amp#28;|.�6���:��'����Z�[���6�K&amp#8;N����&amp#0;E���4�&amp#24;6��Z�&amp#26;v��=VO&amp#15;k+7�u�&amp#11;T�&amp#31;TӢ�g&amp#15;�&amp#30;&amp#5;�&amp#28;&amp#22;CH�&amp#31;�v�&amp#17;�"x�}b�A�ź�&amp#5;���A�Ҽ=a�Q�
�5}sÚg�<+�x��>4�ҥ��SC��Ox?��+��f����&amp#0;i/&amp#3;Y�Gea�8��X�&amp#30;&amp#26;���X�u&amp#11;�#N��4�+M"����O";C,�W&amp#23;&amp#23;�W��]�i�y��Q?&amp#11;j>&amp#20;�~&amp#20;�L����+&amp#14;���?&amp#19;<C��_&amp#16;&amp#19;�^&amp#27;��5_&amp#8;x�ė&amp#16;iw~,�e��z� 񅿊 ��+ky�i&amp#26;~���ĽF?��m�����Qc�xl&/3�V���Ύq���4�{0t㇖%�Tc[.��cG&amp#17;��p�g�rq��1tj�R�|\�J(UI�&amp#8;��^��*��\���9&amp#28;u�Pnv�^�R�N1�;���?ö�#��"Z&amp#11;O&amp#18;������aK�j[��V���s��~R�i�L���q��Ү�m5-&amp#14;�m�tؓ��į�~ ��3y�	��&amp#25;,WZ�Ӭ�<Yc�Od�&amp#26;���C���i���i����^��$�&amp#29;V�&amp#15;�h7V�喪n�,s��?&amp#21;�-�3��ÿ&amp#21;u}3��>�t�&amp#31;�&amp#26;���(xgG�W�<U��-�Oč/G�<K�A�isk&amp#18;Ɩ2؛�&amp#25;k&amp#23;:���������1W&amp#17;?�&amp#15;&amp#19;\y����m�.��Z�x_�8���n�-5&amp#8;��#V��<_&amp#15;�W�����-���Ǭ�:�&amp#26;/��X�b����&amp#11;����&amp#11;��5��<�2�F�|^&amp#31;&amp#29;[S&amp#17;���&amp#24;�^&amp#18;&amp#21;�*�51T�7��R�:�zu�h��4iСE�&amp#24;�8*P�T�&amp#7;V&amp#20;q4�HS�B�j��X��3^�&amp#21;��	�g:j����I�x����ږ���&amp#14;��.&amp#26;&amp#5;��楨jzſ��[U���n4�{憚&amp#29;���q��'E֮�Ƶgaaw�x�B�uY�|EiӋۭB[�/Q�Yo�&amp#31;V�ӵ�&amp#15;T�KD�I�:]��o4[�&amp#26;'��{�&amp#15;�x�&amp#3;&amp#29;�q&amp#12;�70iv�=��6�{��&amp#20;���	suwq%����<&amp#29;��4��Xj�w��ۦE}�>�5�;�*?&amp#6;�`�S�4ۋ�k؅ť����y�鋽��&amp#5;Ǡ�췧C��52u���D�Җ�&amp#0;V��&amp#14;��&amp#8;t�+(M����m&amp#31;P�c�����&amp#26;}Υ�C6�&amp#12;�
�Vt���cpT�ՠ�J�L<�ө&amp#8;Puj�7&amp#26;Uqu#YT�ҩ(�֜wN&amp#16;S\��&�������Oy4��.�d��#�����Qh����Oе(�ң񞇦B���u��� ծ��~ ]x{I����&amp#21;5ޤtM+Mѵ��c&amp#6;�l�6���B�Ҿ"��-}3Cӄ��~^�c�j�%�,���v-Im�e�E�\��^!�Դ_&amp#6;��/�u#M���.�ږ��+�&amp#0;&amp#11;�&amp#26;n�u'!��&amp#7;�w�Ot�v7R�Ww�&amp#17;�ͅ����q�&amp#25;��_�V��&amp#29;���SCx4�;�7e{{m�h&amp#11;iy�N�z�6�6�q<�]�scmf$��K�еo�SU�����w{-&amp#30;�ðGs&amp#6;�uh�� �-���2m:&amp#5;.<<|e&amp#28;t�F8o��u�b0��.�7�'F4ja��х&amp#8;>L5:Ԧ���*|�����?g(O�I�(ƛ�%>W�'%8��U5r�:�I9;4���m#"LDp�ݼ7W&amp#22;��W͒�R�&amp#12;w���s�)k��i��M�]�VA�&amp#2;H%N@
7d�&amp#11;7�ק�R&amp#1;�&amp#8;&amp#4;��^:�l��^��&amp#0;I��-OT���ͨ�v�Ρ�K���nt-2�Y�l��.��&amp#28;ڼ�&amp#11;\�&amp#19;X�7q�%���F��k$�B�*$e�6U&amp#14;�*�!��GE1:��!�2&amp#22;�Q�E�G�~_&amp#29;������&amp#7;&amp#5;7%&amp#24;�ezu%	F7��&amp#20;�8�E�&amp#24;ssƬL�e��Z�ZK���[�I���d&amp#30;2x<g���#ױ&amp#28;&amp#18;E(�&amp#24;�&amp#6;9&amp#3;�ۻq��$� �u7��O&amp#11;�&amp#15;9$g���'&amp#3; &amp#19;�&amp#17;�S��r:�&amp#3;��&amp#7;$�&amp#0;�NFG&amp#7;<�^z���eׯ�_F�&amp#23;]&amp#15;;.���6��r{��a�a����<&amp#14;��&amp#19;I�Rz�<�&amp#1;l�y&amp#4;�&amp#15;��&amp#4;r�o$�>�?��&amp#0;��&amp#14;����-&amp#29;�Q�ds�C�y�g�&amp#2;9�M&amp#29;&amp#31;�-����l&amp#21;��%k���]5]}�U��&amp#19;��&amp#28;�"&amp#12;&amp#30;�&amp#1;�#�&amp#25;#�q��$�%�8l1&amp#4;��G&amp#7;2s������@&amp#0;�u�&amp#20;�t&amp#16;,r��&amp#15;'���gC&amp#11;@�9&amp#31;p"Y��H&amp#20;)&amp#15;&amp#28;7�&amp#20;���/�t&amp#31;&amp#6;�wX�W��K&amp#29;&amp#27;B�t��KUԵ&amp#11;�[+;;+Tv�Y��緷�xTS,���㌸c�\!:���(J�YՍ(S�e)Τ��&amp#8;B6nR��TR�rm]��S���v�$&amp#18;��]^����T�ީ���A�>��mcL���ุ��Q������&amp#19;I4���F�c�Ri&amp#17;Cl&amp#14;���&amp#18;~x�>!x��R���Z}���Ĵ��&amp#18;��1O���3꺾�%���mo4�&amp#18;-B��{�&amp#24;�ԙͅ��i�7:�Εs����a�|R��s�ž&amp#20;���ph��&amp#23;����2k&amp#23;��5O&amp#16;iZ������d'���|Q��j��G��ͭ��߉tH<&amp#31;�'�ì�&amp#30;�_&amp#18;�m�_��X��3�]Onu&amp#5;�m��&amp#29;6��&amp#23;�n��K��=F[f]V�\�j�A&amp#19;;}�&amp#12;��T�	R�;0�)�K�9J�&amp#6;�\�:4>�^��5MsO&amp#25;$��9N�+��&amp#17;w�oH�Y7����>�m5Mj���I�Y�u&amp#24;�-o&amp#18;&amp#11;��-ᵼ��7~&amp#18;Ң�&amp#27;�&amp#6;��[ӥ�g�Ư~�,�s&amp#4;s�&amp#0;a��t�<3�^��n�F&amp#26;N��Ϧ��K��,�ԺE�&amp#22;ZJ��t]gY�&amp#26;��]&amp#3;Z�䏠I6��<�}��M�I{��sm��x�_��&amp#8;��&amp#15;_�ɬݥ���U��O�_&amp#14;2�z^�.�g~�=̖&amp#23;�Ն�j�eՃjWi�i�1�;��Nv�G�Y��J�N���.�yk���P^j&amp#23;o4�k�M��yk�&amp#24;/���M&amp#23;I����&amp#27;�&amp#14;˦.�uk�_&amp#27;����j&amp#18;�l5?��T��1^�ZX�V�&amp#31;e*�3tjU�&amp#21;(֩+�5�*K&amp#21;W��iM]�٥�+r��Om�KuZ�G/�5��l�J6��i��\��M����&amp#30;&amp#24;4�v�O&amp#15;KenȇVԬ&amp#26;�]>��h�h�c�%����9Ҧ�o/SQ�/!���A=Ω�XEi=���#7�W�e����F_&amp#16;�)gg�x�M!mV��0�ն�,���&amp#29;a���&amp#29;6�}[@��Zi�Y&amp#31;왵�MZ��I��m�����ys��5Ʃ�[��ŨL$ҡ��s�^�Xk�ʞ&���:������[�V�H��[�;Lס��Z�_����&amp#19;���N�&���GZ��垳i6���wjDRj�&amp#22;��(`0غ.&amp#21;U&amp#26;&amp#20;�&amp#21;^�:mՍ�"�j�;T��:��eN�ibi֯)D���&amp#18;v�����u�v�v�m�3��&amp#26;�&amp#5;�u�kK�,�cO�&amp#29;������%�&amp#6;�{a���H�^�&amp#25;�97��?&amp#16;Y�|����}���&amp#0;�~9Ӡ���&amp#20;xK◃�=CM�&amp#31;�'�웯~ɿ�����&amp#31;��ć��&amp#30;
񟇮����毥�^0�ߏ�1��&amp#0;&amp#2;�&amp#17;i>&amp#22;��/�c�N�+�&amp#30;��x;þ&amp#14;��:<7�&amp#17;�K&amp#30;����{����7�Yiv�Tluh&amp#18;�M&amp#19;X�����Jܽ����}=��H�і٬.渰1���&amp#11;&amp#29;N�J�+&amp#21;�8�C;\i��r\XCX�4X��ܚt���6��iv־&amp#22;�Ӭ�&amp#23;�M�Z�����L~�q��J�K�P��@��Y�N&amp#29;��<>9�)�0��&>��S&amp#19;Z&amp#24;jΪ�<<�&amp#17;�&amp#28;$��&amp#29;Z0�4�!&amp#26;5 �hΐ:&amp#17;���|��OGf�&amp#20;�i����-RjNL�����&amp#0;�t|O�g�&amp#27;�/�&amp#31;���χ����%����&amp#8;x��l���|=��[_&amp#16;�>�r�Z�ǭ&amp#6;-~�Þ1�&amp#15;�o4-;O��=�7�ůx~&amp#27;��&amp#0;�o�><i:���_&amp#0;��y���~!��&amp#31;�G��&amp#27;x��׺O��/���^%�c�&amp#3;U���&amp#23;�>'��|U�w��?&amp#11;>&amp#14;�&amp#22;�c�w�v:���|�&��+�w��;���ß&amp#25;t������tI�#�_r��&amp#23;D��v?&amp#21;��&amp#7;N����&amp#0;��?�Za��O&amp#20;�&amp#6;Ck��G��7�N�m{A�ӭ|Gm��xu�M#Q��d�^�$0^izL]&amp#30;�ዯ��&amp#24;�~	|y:/�χ:f��h�|)��������&amp#11;�_&amp#16;x��&amp#17;$�ÿ&amp#25;4��>!���<&amp#17;�&amp#30;��\�n4&amp#29;WŶ����&amp#30;i&amp#16;��wT��癆&amp#6;9l3
�<�&amp#15;�Q��&amp#11;��&amp#18;�&amp#23;<�V��%�3,:���f&amp#24;�;�eN&amp#20;e�`qx�C&amp#27;�����p8���r�X��\馯��O�i�h֒��%&amp#30;e&amp#22;�v�b�&amp#18;��&amp#22;�&amp#4;5�&amp#31;K��/&amp#31;���Ƌ����6�x���*����&amp#23;�&amp#11;տf_&amp#1;��&amp#28;���2�[�&amp#11;�<C�j�&amp#17;������|S�k~&amp#2;�����_�&amp#15;&amp#5;��&amp#1;����&amp#14;��o�?�	�&amp#0;�C��&amp#0;&amp#21;~>��Ɵ&amp#3;4ˈe�&amp#17;C<:�ޅ�&amp#14;C���S���W&���|w�O��.�����;&amp#15;&amp#21;���+&amp#28;iQ�@�&amp#28;�&amp#21;m�&amp#28;�:��}S�����&��Ǿ%�o��>&amp#20;|D����&amp#0;�~&amp#24;k&amp#30;&amp#25;����,�6��o���'�ڕ����&amp#16;�&amp#31;�&amp#19;W�+�c��&amp#0;���\׼}�k}
H�+����!���q���&amp#11;�&amp#30;&amp#12;�l|;�*�F�t�b�����(b�(��8@�qu>�%�Ԯ�72&amp#7;��w�������&amp#27;��V��Y�o[/����1��?�:x�W���N�&amp#28;&amp#22;#&amp#7;��(eo&amp#11;IR�ɉ�N�2�"&amp#24;����&amp#15;&amp#25;F&amp#22;Pm?�Vӎ��ەӳ��r��c���&amp#21;�E����O&amp#16;�k>/���>�K�_�M^]	m�96��|>�&�e��&amp#14;Y��|+��.�?&amp#8;x��������&amp#24;x��&amp#17;<Mk&amp#14;�u�/
�&amp#5;�&amp#15;&amp#26;=����vztӮ��j0��i&amp#30;%��Z��H��I�.�> mB���3����<M��v�L�M��i�U�?Ch?�Q�]�&amp#12;�u����<9y&amp#15;��&amp#30;6��kz&amp#14;�&amp#31;�t�n#�F�}�Cyz4{�')u<:}���\5��|=&amp#29;����&amp#14;�6�&amp#0;��&amp#8;�5����to&amp#28;éǭZ�:N��x-�}&amp#18;��>&amp#31;�&amp#6;�ac����~4���X���#ѼA�ٖ&amp#30;��&amp#0;H��1�|6���˛o�>.�<]}��q&amp#28;�$�a���vU&amp#26;8&amp#28;F&amp#14;3�&amp#26;��-&amp#7;*XJ���R�EG	5
����U	Ɣ&amp#20;\Y�&amp#15;��i^�M>�Y7f�Z�&amp#18;wJK]Y����&amp#27;kx<	&amp#11;��&amp#29;
k&amp#25;d���Gw�]?Q�N��o5&amp#15;&amp#14;X_��Q�B��E�5��N�O�M�;Z�,|]�&amp#27;Hu�&amp#15;Ks��TȲOy�}U��O&amp#15;��rK�m�ɚ�5+���^�t�����{�+����k+(,n��/:&amp#24;� x&amp#15;J���-qO��;&amp#24;�o�H�U�$&amp#26;��&amp#18;B�x|W�:M���Vm:�Xӡ�H�˒M?ŋ&amp#6;�&amp#20;�[�&amp#27;|g��_�oK��ֵ/&amp#8;�wC�Oկ�l�&amp#0;��&amp#23;�&amp#20;w�������Ak��=~�ľ&1��m�=R����[&amp#26;~���e�X��&amp#12;*�)ע�JXhԛ�|B��G�N��5Fs�Sڪ�����*�&amp#21;'&amp#24;ν�H-9�ӳ�It�z�߫�Xj������2��Ў��&amp#11;/��<�I�&amp#11;&amp#29;wV�-.-3�p��s��{�+a�jz��ωn5�>���7�`��:&amp#22;�q��&amp#0;
�j����������/��+&amp#18;��Y�����r&amp#11;m\�jVZe��&amp#26;�����i:Ϋb&ּDc�II5-7S�ێ����M^�@�&amp#14;�m�E�]?�:'�-,lF�}��� �oo�&amp#24;&��E��&amp#27;hl��:��|X�k:����^&amp#5;�a�i��&amp#11;�x�T�E�&amp#22;�<rx�ĺ�a��s���>&amp#30;����/�߅�~&amp#28;O&amp#21;�k�'�G�n�|Y&amp#14;�a�x��v����.&amp#14;|2�Gk����sY�,hF�
����5��J��RR��&amp#20;�ʧ��#�(��&amp#25;V�����0R�<�3�.mR�i�&amp#27;wn�տ��;��یo��ǃ<=�&amp#11;=&amp#3;�ׂ|&amp#23;&amp#22;���:݃.�i��$�3iV^&amp#30;�5&amp#15;&amp#17;��G+j&amp#18;%�v~#��5�&amp#11;�����eWY{�n>v�&amp#14;���6�3���<M�MNg]
&amp#31;&amp#12;�wÚ߉���&amp#31;&amp#22;%�Ֆ���kB�[�&amp#5;��<7����&amp#15;JH�Q�Sֵ/
���&�?L���&amp#0;��&amp#29;O_ռ[&amp#21;υ�4;��,m�����\z��|>&amp#29;�WC�_&amp#24;|P�w����G�5�&amp#23;x����&amp#25;�Q�߇�(��Ծ&amp#22;�k�
�5��~2&amp#15;K�U�/�$�&���o&amp#5;�
�&amp#14;��-Ѵo&amp#11;$g����k&amp#15;�<&amp#21;eb�!��?����&amp#31;&amp#17;�3�x.���-�|-�Y~$���:e���&amp#19;��x�#�&amp#28;����#&amp#29;˅�<��J�slF&UcQah8<myµ>XC&amp#19;:�WR�I{v�V�;Xj�a:��/g&amp#8;�z�8Rm]|m����&amp#28;���\�I7�?�ǀ��3��<��os{�ψ:&amp#31;�&amp#15;&amp#4;xF&amp#25;t��ÿ&amp#16;xHx��_�4�&amp#0;&amp#25;h2A&amp#28;Pk�$����&amp#31;&amp#14;�-&amp#19;ÚX�֧�SQе]oI�τ�A&amp#31;�Z��O��|B�ƍ�&amp#15;&amp#21;&amp#4;�n<Rg����7�Ε�&amp#7;I��4�Ƒ�.�����6��&amp#0;��&amp#29;z+������'K�&amp#18;̚m���&amp#26;ƛa��X�l��&amp#22;m;E{�&amp#31;B_
�j&amp#23;Pj�7&amp#23;�>&amp#29;�,-&�TK�MGR��������Z�&amp#23;�&amp#14;��Yx���5ɓ�&amp#23;&amp#17;�W�&amp#21;߄n�U�`>&amp#24;3�0���x��lB����׶�,���-����Q����K�GRյ&amp#8;�����<c�|�6�1�]9U�Ԟ&amp#19;&amp#11;��:s����ᠤ�N�H�h*��iS�&amp#26;PuiNR���&amp#14;T�i�g̤�nm%ʛ�G�)'&amp#23;�&amp#22;�m������_j�.�5ߊ.&amp#31;Y�<M�&amp#29;F���Lм�&amp#29;$Flc�����J֯c�I ��N�&�&amp#22;�k�A{y&amp#14;�&��i�mf�Y��&amp#30;�o�ˍ;I���-^&amp#15;.&amp#27;����&amp#30;&amp#3;&amp#2;��o&amp#30;�z5K'����kV���Mc�]��"�h�&amp#14;&amp#7;�N����V6�&amp#28;��Q�����k=�Y4k�&amp#0;&amp#17;�&amp#15;>���{Y��+i�a��u&amp#15;&amp#14;��Ɖ�!u�Lڍ��D��Z��/tt&amp#3;��(��?�i�&amp#5;��Σ���l|&m���4���z��&amp#17;�+�6��lo$��`��"h-�&amp#31;"7Ѵ[b�&amp#21;&amp#12;�&amp#5;S&amp#21;V�:��I�_W������T"ӧV�&amp#21;FPI�m�Te	K��&amp#28;9SoF���]��d���w��6�ͯ&amp#17;��
O�XZ�:,�Q_h�</&amp#18;xB�Z���`��ڬ����ڂ�%��g�mf����Mm��b(�wa��hh�����Oa&amp#29;���_�jRk�E�_�CP����a����7�]����r8a�l-��&amp#6;�x.t&amp#27;�����]�Gq��8&amp#30;$�<&amp#23;�y�&amp#7;�tm.�Ok�g�� կ���z��&amp#29;{Z�m&amp#23;F��&amp#8;u{�&amp#12;�^C�Ki�m�4�7^�\��+�_�:d��Ƨ�[&amp#29;>8�/~�aot�Isoi�Co�i�v�L��l����I����&amp#23;:bKqk{�[��_x����c��xz1�&amp#22;t'9�x�Z<�%5)*Uj�&amp#24;�h�IU��$��I8b%$�V�J2R��d��웳�v��^T��Z�z���f��&amp#18;�ksir�:���5���Mt&amp#27;(#���;k˭)'�%�����VzeƑio5��u�V�x�]&amp#2;�O�~&amp#14;k���&amp#0;�o,5/&amp#20;>�u�[{=&amp#15;N��E�x�&amp#20;��`��x�ǚ�����&amp#3;[�.��s�7MТ[��t�WL�U���_�t�6����嬡�&amp#28;��v�iycu|-`�[[�R&amp#27;K�."����&amp#17;���+Z��&amp#29;&amp#2;���զ��6ޛ���*���϶�ݫۭ�Ʊ�B�&amp#24;-p,_\���-&amp#27;/t�}�E�a��h�}v,|�,4�o���r�&#&amp#12;�K&amp#15;��Zn*8�8Z.R\��8NWu&amp#28;&amp#28;b�p���aMI��U%)�;7(��ŷ�\���}lԥuw��֚��grbԵ&amp#29;/Oյ-F=2�_��&amp#5;����kut���Jmfyͭ���YZ��z�M�]wlv�����ƞ&amp#21;�Ӵ�M�贻MU��-�Ļ�Χ{%���I	�|A&amp#14;��#&amp#11;�m�۵�R�f�F�x.�Y<'ÿ&amp#19;<Iu+\�:o�t[M2��Kx�����K�ӵ[�I��GK���&�k�&�K&amp#23;�T�u�$sM:ǪZk&amp#22;����&amp#18;�K�&amp#22;7���l&amp#26;&amp#8;��"�-e�t[�%Ǒ&amp#6;����_es5��ۼN�7&amp#18;�-�s:��&amp#21;��3+�`��:_�J>�t[��R�����iJ�ӏ�4��(�&amp#21;�Vd%&amp#6;�Z����n+�.k�k�����*w�re�&amp#15;��� ��|G�SM�4�z��Uҵ�;�moH�t�F8u&amp#27;=OGԬ�7�,���&amp#22;�6��t��ݧ�����i�)#�<�1��T�Լc�?h�&amp#16;���&amp#28;���'��S:�$o&amp#16;&amp#15;����
�7&amp#26;���Ѵ�wK��O&amp#18;�&amp#26;t���Zޙ�mKO��&amp#31;�f�&amp#24;��u}f+&amp#27;�9u�=^��(�&amp#11;���j��5��JO⯃�&amp#6;�{��&amp#0;&amp#14;j~&amp#7;�o�m&amp#26;&amp#11;��g�S�z������umIu&amp#11;��8n��t�[[�m:{i�-SY[�I��=��^l��&�Qt!ET�j�t����rT�7&amp#25;)F�E^��jt�	)�UN&amp#18;^��:��)�6�$�Ssk��.^]w�����<7&amp#6;�e�M&amp#12;pȭ&amp#18;#$�H�&amp#31;��At#)�&I"�?�F�H�R���&amp#1;�X�'⇁>/�O��im�+��7�&amp#26;�I`.�]k×����G��&amp#25;&amp#22;�O�<S�A�3�Z>�q��񷃅Σ���їF�E׼&amp#25;.�u��j�O�tM&amp#23;�zE��iZ����Z=�%ũ��uk%�lf�&amp#29;�V���ZH�&amp#24;nm㺈&amp#22;Y�I�j����c��|u�Y�X���~&amp#24;��|�'�"�$0x���&amp#22;���3V�e׬���x�#�{�:E��g���A���&amp#4;�6��|w&amp#26;�˫�a��h�8L&amp#12;�X�&amp#12;�&amp#18;�ؙ�X�XZ�&amp#20;j(a_�?��&amp#8;Τ0έj4�׍:o�8V�&�uJ�&amp#7;B&amp#21;1&amp#16;�����N�&amp#29;8޻�'4W��,4aG�ݍYEM�9/��o&amp#18;��N����ְ���O�����;Ym�]�&amp#21;�&amp#30;i�k;m[�@j��.�Ny�A���S�m&��Ś����&amp#0;�%��U�&amp#7;ë-'Z�{��=�&amp#30;&amp#26;&amp#16;i:�rh�G`�p_��B���Q����:5���ycge�=���w&amp#2;;-Q�&amp#0;&amp#31;�G�Y_��������&amp#19;�|w��Y�&amp#15;�=Z�I��[���N���3լb�v��&amp#15;	&amp#11;&amp#11;�	�z��<0a�ӭ��b��:����<e�o�e��v�&amp#30;��x���8�&amp#15;&amp#4;��j��&amp#26;׌u+&amp#27;M&amp#11;B����=��ڕ���ei>�s��^&amp#23;�t�6�&amp#0;V��^���P�5�&amp#24;�_&amp#19;�ׄ8��.+���aʎa���&amp#17;��q���p��Ա&amp#18;�nZ�����Rq���8�&amp#20;*�&amp#19;����i����&amp#22;"&amp#20;��B�&amp#26;T�ۜ�&amp#25;MQ�Q�>zr���&amp#28;��-�(�pu4_�VZ}��umv��&amp#27;]^�&amp#23;Я5���&amp#30;���z&amp#6;��ͥ����&amp#22;6��i�&amp#30;�����ö&amp#6;�}&amp#30;8�{�WF�캣�^+�/�Qx��z7�E��Z���&��N����A��ukm=��Qҵ{&�:t?��&amp#0;����&amp#0;k&amp#27;�U�[�����&amp#22;�R�2�%Hq&amp#18;��&amp#16;�&amp#26;0&amp#14;d\�����(G1�;"�&amp#4;d���!wq&amp#5;��Ʒ�i7Zm��Is�iCM�=�ooma&amp#30;�p/&amp#5;�=����&amp#31;��_�J�o&amp#17;�5�������nO�L6%�צ��}b��Ӌs|�q�iS��:r�e
~�.S�))�rʗ�'��'*|Ӆ��g͢wNI�;�M��٧%&amp#7;'��&�k��&amp#25;5�{�^"�&amp#0;����&�&amp#19;����[�i�P#&amp#17;��o&amp#18;&amp#27;�&amp#31;��E|f��]5���m-�]��x�ľ'��&amp#31;&amp#20;5`�&amp#26;�|9��-6;&amp#29;>�&amp#21;�ꚄP&amp#7;�5��k����&amp#27;�kMN&amp#15;&amp#17;x^}5�#�ϮZ�ڞ��&amp#25;���G�w�2=S�~&amp#14;ԛ]��&amp#25;�u-/[&amp#26;|�m�S'�e�����&amp#14;��ͥ�q6�km�k&amp#22;Q&amp#29;V_&amp#21;�u��*ڄpZ^O��&amp#8;�sŚ�x�D��n�+w��&amp#22;���w��C㛈"��G�.��#Q�5���ԧ����4�*!|��v���up����"�,V>�)Ӗ*&amp#14;�J��ԣ���У�Q��(RT%��NT&amp#29;,*�&amp#20;�֜��ET4W�=u&�a$�ҩ&amp#24;��K�I(�H��%;4���S3>	xC������&amp#24;|D:������xsL�u&amp#27;[�.&amp#24;��N���m�t=b�H�A�O���{&amp#26;][Mk����{Oo�x�^Լ9i�}�&-G[��^ԧ���=&amp#23;Ö�m�έ�y�h�������&amp#12;ׂx��ɳI�ex�ui&amp#4;v��&amp#5;��;h��&amp#24;�&amp#21;#�(ԬQĪ&amp#21;b�5@�6&amp#5;T!Tn&amp#12;��7ŏ�&amp#26;sx&amp#27;X��Ɠ��Z���RӍ�@��y/�I|Ws{&amp#29;��&amp#6;��&amp#7;N���7&amp#23;��ۦ���s%�����\yy&amp#6;W��S���c�eN�LF6n��'&amp#17;�i�&amp#19;��9�X��5VJST�ӊ��&amp#21;*q*�g��:�1����N�P�&amp#8;+�&amp#8;F�E(�5uv��&ۓ|����&amp#22;x��K��k��&amp#22;���n~�k&amp#29;���hZ&�&amp#5;Θ�;?ا����G.��U�Iռ7�&amp#19;�j��!���]3LK�?y�w��)&amp#4;&amp#17;뗚.�s����D�Wvs]�[���E8���ll�.��eޤmu�4�0j�T�SM&amp#20;�]���&amp#31;�:f���~&amp#29;�\Q&amp#30;��C� �j�A��BҮ��@`����w6�i&amp#18;�b�7�&amp#23;ivu�sN�V�n,�.<&amp#21;�}&amp#0;&amp#5;��`B&amp#15;.&amp#11;;o�&amp#20;2��&amp#12;1�ڐ���fd��#C-���&amp#21;�g&amp#4;��kR�����J���&'����k��A�&amp#18;�F�a6��N��4��J����T�V�R���#��&amp#22;۳wM��ݤ�դ�-��8���aH�A�&amp#18;G�4&amp#27;$ݪ,~Z&amp#2;I<&amp#28;�2`1�Lo&amp#12;&amp#23;pO&amp#4;��;��3���&amp#16;h�c�Q��\�&amp#0;�l$R&amp#24;&amp#7;Y&amp#3;��*��"������%t_�[qbņ�R�@Ƀ ,~y���R|&amp#31;��<3�x��.�|m��d�B��a�����T�s6�nu;->�&amp#24;&amp#19;��v�,�{�:-C���&amp#18;��Ŗ噖q�����x�~?&amp#19;V4�P�ӝJ�jڥKB1m�1�)�M�0��)F)���6�}:[g-uOM&amp#23;[�Z;k���y��xW�Sx�|Es��g_�t&amp#24;5�&amp#0;&amp#12;kz&��&amp#23;Ҽ{�&amp#26;͠���Z��ٵ�����>�<&amp#17;&amp#29;����_U����j~�����|+�P߶��|&amp#30;����&amp#17;�z�և�&amp#30;�0��>�����mCH�>&amp#29;G�-K�W��o�l|;�jZ��t/&amp#19;C/��&amp#31;�H�;�i��^��h�$�G�^;��>&amp#3;��
<e��w?&amp#27;?g��c�&amp#18;��8��~�p|5y
�OW��\躗���&amp#31;�^&amp#26;��K�#F���[���5�&amp#7;�R��i�&amp#30;<�&amp#21;�x{�m�F��'&amp#31;&amp#16;>&amp#31;x�|U�3��&amp#11;�O&amp#20;�g�z֝�kV����&amp#18;؟&amp#19;x��z?����C�>&amp#17;���&amp#0;&amp#8;.�"��g��&amp#15;&amp#14;�~"�k��\i&amp#31;��&amp#30;�&amp#15;gG9��2�\s��T��'��`s&amp#12;-jx�x�X/g����"&amp#20;�Y��e�my����&amp#18;�&��Εg�Q�J�*�����.E&amp#23;�V�O��M�J&amp#16;��N&amp#17;��jM��&amp#25;�?�7�֛{u�&amp#23;ê��McZ���Z�7&amp#30;&amp#25;>&amp#2;��W^2�&amp#14;�w�&amp#26;��2ҖMWN�%����&��j�&amp#22;&amp#22;�&amp#24;��_&amp#27;��6Ѵ���&amp#16;|l�?�nu���-�x&amp#26;/�&amp#26;?��it�𽾝w����#\��7�F�Ax���_㋽OJ�$�~&amp#31;h~&amp#15;��|^ڇ��*���3�?վ1h^&amp#1;����U����&amp#27;������u/��&amp#7;~&amp#20;k��h����[�U��&��k&amp#15;&amp#12;i�[�&amp#26;&amp#29;��k�&amp#14;k�&amp#19;�'S�o�o&amp#19;&amp#31;�@|=�&amp#30;���5��_迉�&amp#19;u&amp#29;_I��<K�&amp#27;��&amp#17;�a��&amp#0;&amp#16;x�Ꭿo�{�&amp#11;��+�&amp#0;�&amp#23;&amp#30; �����&amp#23;�q<;&amp#31;��t��U����&amp#6;���!�u�&amp#7;j�&amp#26;�=�� ��Đi�^&����Ϊ�+a�P�����<-u5�̮k/�b��&Y����jU��0��),m&amp#28;7;���a�҄�m��&amp#31;�G&amp#26;|���&amp#17;�J��{6�۔Ԣ�&amp#7;&amp#7;�Ӳk��߿�s]+�/����M��o�^%�T�~$�&amp#5;ޓy�6�'���#&����k0xoð��#G�&amp#26;N�/��9���C��+m�A�xv��&amp#15;b���_Y�m~&amp#18;���s���]������K���:w����7V�=�����&amp#0;m|H�ִ[&amp#6;�Ji�i�&amp#26;v��sĚ6�o�[j&amp#18;��w�x��y&amp#30; �1�i&amp#30;&amp#24;�|&amp#19;m�x;X�Cm��&amp#17;K&��_�X�&amp#8;վ$�g���>&amp#25;����'�<g�(�Z�ƅ&amp#0;Ѵ&amp#15;&amp#19;��S�L��6�5|u��+O&amp#8;��×7��&amp#31;�Z���&amp#30;6�5O&amp#7;j&amp#26;^��^�Z��x7Q�<=e�XjV:m��4�&amp#23;I�-�ε��@t�:�[���Mw�����'*��|W��юq��8E��ҍl�&amp#25;��T����T0��|1�U&amp#12;^9b�sU0��YM*4'G&amp#27;�=&amp#28;>.&amp#24;��e��ԧO&amp#15;&amp#28;mz5�VP�Q�Um]G�&amp#20;�&amp#30;��B���:����R�cI���4o�&amp#30;&amp#14;�7��|;}�Ht�4�����t�>�O��&�k��Z��}����>&amp#27;�t[�*-O�6z��<C��&amp#11;X�=�����<Ko��&amp#31;�5;&amp#11;(4�G@�񶋢��O�<+/�-&�W�Os�]jz'��7��W�&amp#26;����<[�%/��3,&amp#16;^x
&amp#15;��
$��E��m��S�Ս��|Q��&amp#27;�&amp#23;I&amp#14;��?&amp#18;x7��1�&amp#19;h��]��&amp#22;Yχ�&amp#27;(u(t�s��6�'��M&�ź��t-&amp#14;X��>ل�&amp#31;&amp#21;<9�ꗖ�g�<?it��n����{�j����-
w���C�a�ЬuKȦKi��&amp#5;�u&amp#23;�|Y�A`���&amp#7;�Uc�ȱ9^&amp#19;�08�Xl�&amp#21;Z&amp#24;&amp#24;FX�M:Pxj2���Ia�7���Sp�b!C&amp#15;V�(Q���:&amp#20;kS��J3�yҭN�:*��	�9��F&amp#28;򜤜�+G���S��T���&amp#21;�x�����ڋZ[A��]�}��&amp#0;HЮu&amp#31;&amp#15;�7�����5i,�G���].D��&amp#26;֙d����&amp#0;��icG��>�q�Z�&amp#22;gK�nm�o�}R&amp#27;�g��]iZRY�YC��jX�[�a�C&amp#12;���!����Q4��e���yv��gÿ&amp#15;�;�&amp#5;kZ6���&amp#3;_�[kV�ܿ&amp#22;�}6&amp#31;�&amp#22;&amp#30; :�͞���&amp#18;�˽?ŭ�s���x�Y��&amp#5;�a�����5;V���q�nt�&�Ğ&amp#24;���w�@.�%�&amp#29;:�N�Ҏ�#���&amp#0;�ln5=3B��o&amp#17;xsö&amp#3;I�,~ˤ[���&amp#26;��y�izLg�&amp#18;�����&amp#4;�F�3&amp#17;��{��8:5�S�I��T+B��&amp#12;E8�
���J
��s&amp#21;u+kʒn���n��zZ�M$�컏&amp#14;��P�Z{�d4߳h2��Z���[�Ժ���ym^���&amp#26;g�/��d�{��좖W&amp#26;䚅�c��&amp#31;к4��a&amp#3;ʁ_iI&amp#1;Y#!��&amp#17;�U&amp#14;&amp#26;7&amp#6;6Y	�&amp#17;��&amp#23;"�&amp#26;����e���@&amp#23;�ڝ��ٵ�&amp#27;�V&amp#11;CX����5=H�gk�xi���o�z�z&��I�/5���m5�kU��e�V�?�xA�qg�I�&amp#24;|�u��&amp#0;�����$�Y��'�K0Ћ�B���W��t��[װ�b�9o����R�0��"��MՔ��y}�E�鴥�&amp#26;r���N�Z�3n&amp#14;r�v���&amp#26;v\����Vn��K��oyi�E��1����>�rx�rO9''&amp#2;�p7zd&amp#12;���&amp#3;�}�9<&amp#3;�&amp#22;��f� �D�3*�E!��#��71;�d\�s&amp#28;�E�&amp#17;&amp#20;�)&amp#18;S��&amp#7;ۦ�Ü�O&amp#0;w&amp#28;&amp#28;d�_>������_����������Wn���V8��<`&amp#1;��w͕'��u䌌��&amp#1;��&amp#14;���	�y�O;�J�0z&amp#14;�$g&amp#29;&amp#15;=:t��&amp#14;��a���=&amp#11;q��&amp#28;&amp#30;�	#��Ӻ�&amp#0;������p����n���t��xgFM&amp#11;F�͆k�"[�R�'��5=j�&amp#18;�S��Q&��=��̍旐]K3D�5�W&amp#19;�&amp#20;w��&amp#0;&amp#18;�U�_&amp#16;�G��ֹglu&��&amp#15;��|L�v��]�����G���O=��B�T�e%Ő�K�=I�&amp#7;��N�[��I&amp#2; ��&amp#31;Ζ&amp#25;Z&amp#8;�^)&amp#18;&amp#19; i¼n&amp#2;�wI&amp#17;��&amp#28;&amp#22;�^	���7�� h:�h>"��ͥ���\�$�ѣ�e���x�I�&amp#30;�B�.����Z��y�x�I���}F�S�_��+�Xt�&amp#20;��䔰�_TkK��T14�0�a&amp#12;K�V&amp#24;Nu&amp#26;o�Q�G	T�&amp#26;n�:w�&amp#22;&amp#15;&amp#16;��&amp#6;�$���&amp#14;Wݽ&amp#30;�ɷw���Rw�O�|&amp#25;&amp#12;�x^�@���&amp#11;�'�oe2��%���6��C&amp#11;Yǧ�a{g&amp#4;� MJ;�:'��Cu4�i�t<6�&amp#11;�}y��沊[Y�E����$�Ԭ�s&�*_��	���q�--�+&amp#11;}wP��R�!�u�3�k6>?��&amp#26;U�&amp#4;�j�}+�&amp#26;&amp#5;և��Y�{^&amp#26;w�/u�&amp#27;T�K�}_Z�Ӯ5+�&amp#17;E��&amp#20;�&amp#18;�#��^�d��:t�T^��|��'�#2Zۭ��u�ȭ�&amp#27;)����P����[�˙f�H�����t˦����b1M&amp#12;M�5u_&amp#1;,\�&amp#24;ή.�7*)�&amp#17;�:��.�۩&amp#26;ӭ5ZQ�i�.����g&amp#7;�>T�{�l���[?��4�&amp#28;��6�mgi=��-���v�;��E�=�ܷ&amp#22;:$w0�s\H.�-�#]>&amp#21;��%��:����n�&amp#19;�]�ii�&amp#28;��R�&1&amp#20;}B+m3Q&amp#17;Ccv���g.�y&amp#28;���hv�7QY�����F���䀋+�&amp#28;V&amp#4;���~�l�q���i�l7K&amp#20;6w0�yw-��nn���l�[ۯ�����&amp#12;����z}�����²Dګǩ^�{�����{(��G��W����r���^/O�QK&amp#15;�h~&��m�u,ߝSHР���<;m�&amp#28;mJ��&amp#26;<�ܹ}��:s��S�&amp#20;�*U"�&amp#23;MJ���&amp#24;?f����T���ݵ�7ܷ����<I����X���SI�4�5K	fT&amp#6;&amp#24;n����&amp#0;����.$��K�k&amp#21;�=�&amp#19;���&amp#26;%�&amp#23;h���&amp#18;�W�x^+&amp#29;J��G�����]}�gI���7U�.���ڎ�6���j>){�{_��B{&amp#11;&amp#3;s�kV���XE���&amp#21;���?L��N�&amp#24;2jZ���}��ugӭuh�Yl�+]Z),�pZ��G�+�����k�&amp#22;Z�w���{H��$�����m>sig&amp#19;��,W&amp#22;PIqi��of�|՝,od�&amp#5;�P�X$QxV��F�2�t�)�N&amp#30;�&amp#21;/
��)ɪ&amp#16;�(rS��&amp#29;�6Ӵ�j^q�+�f��һj�|��i�n��k+���4������9ck����Xk�]J��\i�6B��K�t��mt-:�U��&amp#19;P�,��Ay�\Gui�\�y&amp#4;�i.�o�^&amp#26;/����&amp#4;7&amp#22;���3\=��\ͧ�*��w��I&amp#21;�΢����M���u�Y�m��x&amp#26;�Q�^��{e��:���&amp#21;h&amp#22;���d��j6�mk�i�>�a�Co$&amp#26;U�ze��gU���Ӟ��\�&amp#23;÷�Wz��y|�Wq臌�͆��Ϩk�F��G�}.��H�/�8�����ODЮ綀YC��&amp#5;�O��4�Sxr�x<1r�f��I�\^�&amp#22;_:�l�J�j?Z�j�ҕ�ӧZ���N��&amp#8;ST*K�n2q�$�xU�޴��z�_�m:���ݷ��M|�t�4�c������F�a��&amp#27;3saqwss�y&amp#22;O,�n��A�y��4�J�E�&amp#26;�����E������uk�ɩ���MN+�J����sw��^j���L�o-<�}&amp#30;&amp#29;^F�|/g�&amp#23;𕴣Q�&amp#6;�tv{&amp#19;���ߧ�����&amp#30;����N��M7X�&amp#30;&amp#19;լR�P��&amp#11;�\�&amp#26;U��t�jv��Z"i&amp#30;"�m>Ѣ�xcT��?�f��&amp#26;�>u�|4ӼS�&amp#21;&amp#18;�A�u�5[��7K�7�n��x��N��f��&amp#27;�&amp#15;Z�v:Ρ>�&amp#15;�m���&amp#1;����=���խ������1T*T�q���:u&amp#20;jN0�z��RuW?$�T�GN\��]y��VP�O}Ԓri;Z*�6�ۓ�����;&�+ß&amp#17;<K������ږ��x�I��X_&amp#8;�_����b��9����&amp#19;ݕ���{L�W�����힇�_Z���z4��;mK�&amp#11;þ$�<_��&amp#15;Ş&amp#23;մ�Þ%�t�&amp#16;xs[�om��}wE�,��4m_J�-^Kk�;V����O��I ���&amp#11;���`��h��8�)k��yt�v��&amp#19;/�5��}��Z��M�4�I5�;��ڝ���QAi�2(�=~�h�����fϏ�&amp#7;�����/���&amp#2;��3�u��&amp#11;�6�e�&amp#19;�&�&amp#0;�v�O�&amp#15;&amp#8;G��b����n5&amp#15;&amp#26;��0X-���M��&amp#18;/��&amp#19;�м1�|y�Ů�&amp#30;�f���j��x����c�ʰujc0��=�aF&amp#21;�8J�&amp#21;)B�s�,UL<��#������Ԗ+&amp#17;N&amp#14;��&amp#3;	��rIY��g����uk%m�}/&amp#27;�����p"�&amp#18;I&amp#27;WpId�&amp#25;��Q&amp#1;b&amp#0; ��&amp#12;���(&amp#12;��Ə�c���k-Vo&amp#22;�R���z���ku�&amp#15;��h�7��HMHxz�Y�&amp#18;ه��_&amp#14;K�^j�?�|ii�xgJ�"��,�t�&amp#20;�>�&amp#15;ks��ୖ����&amp#19;|\�ht��֑�&amp#11;�&amp#17;��&amp#0;&amp#7;�_�:Ciֺ��&amp#14;%��X�wg&amp#6;�}g��𴚋O��oyh.&amp#5;ͨ��&amp#15;�[��&amp#16;�z�&amp#0;��&amp#0;>$���~0��4/&amp#29;k�&amp#11;�&amp#11;�&amp#22;z���,�)��&amp#14;x�M?�&amp#15;�5�R	���7�
g��{[�mJ���į��N&amp#7;�p��;*���T�.H�#)�"�ҫ]�&amp#31;Y�:&amp#20;�Q����¹ʥJ�jЍ9N�V�r����=&amp#28;��twN�w����_��&amp#23;�c?��&amp#5;l�&amp#29;W�z�~'�2������h�&amp#12;&amp#26;׈/|!�Ǡ�z���-S�0ˬ��U�&amp#29;��>&amp#24;�~&amp#29;�q�_&amp#31;&amp#29;Eo�<Qs�x�ͫ�h�-�x������&amp#27;-?E]KX��<?/�t�&amp#15;��w&amp#26;v���r,z���G&amp#14;�5���&amp#29;wR��&amp#0;�&amp#26;���G��H<;y�&amp#11;&����?ڧ��:4&amp#23;��&amp#21;�&amp#22;��դ���&amp#28;��'���- ���K�I����3[�}N�KX.n-��牵&amp#20;��ոń׏��'���j&amp#27;&amp#15;&amp#24;xs�_���hnn<3�[�/��&amp#11;��>?�'�^�}�h���&amp#31;&amp#15;g־&amp#20;x3�h�g��&amp#25;��'�>�g��o�׆�k����_��'����&amp#15;�r>$�:��&amp#11;�&amp#25;n&amp#19;&amp#21;E9*��&amp#11;7�'��p�S��U�O6���J&amp#19;��)ѝ)֤�F�&剮e(Y?g�wf����ݓ|�ֺ�X��ܙ�ګx����u3�[k7&amp#31;h��I�-�t�&amp#16;��iZu���ҵ&amp#20;׬�ɷi2&amp#24;�t��o��+H����7�����ǅ%��$��ƹ�/	��hW~&amp#21;�ԼC{���o�G&amp#19;F�͝׍5���&amp#3;X�5]/�W�5폄��v� �������:&amp#4;�;|4�&amp#0;�E�mW[���`~��2]Z�K�b�������&amp#19;M��"&amp#22;�&amp#30;��&amp#3;M�&Ӵ�&������Z\K.���7L��Sa&amp#22;��&amp#25;a�&amp#11;�w�&amp#23;�&amp#23;A�&amp#6;���&amp#15;�xN{�cT����&amp#15;&amp#29;�jr�����&amp#26;���)kv�'�o��=��j���&amp#23;��m?�`����t�&amp#25;�M*�h��&amp#27;�p�&amp#2;�hd��\˛W&amp#15;8P˱8j&amp#16;���&amp#28;O֖"5#�C&amp#15;QƊT&amp#22;#�N�	�R��*��u(�-&amp#26;|𔖶\��vn��_x�'S�Ե_&amp#24;����&amp#17;�6��i:&amp#21;׈l�]k[Э��O�c��5&amp#11;T�&amp#4;�W&amp#26;&amp#6;�lHm#X�MZ}:{�N�&amp#0;Q0�w&amp#22;/�t=Sɴ����M�k-�ǩXh�n�&amp#14;��E&amp#20;�Mޟi��c��}�C�TӮ� פ�d�+iS"���/�׋����M&amp#15;&amp#16;'�5][�&amp#7;�&amp#7;��Mk\�&amp#4;�&amp#31;�M&amp#5;����_�����N���>��2^�4��i�&amp#24;����/F����􋇺����_�G?�&��<G���o&amp#18;\�z�;�cu�~ѿ���e�����.�&��&amp#0;&amp#11;���[m&amp#22;KK���&amp#28;i� ٨ɯi����&��+��<7�*�&amp#17;��g�*��nR�l�uq&amp#18;XiG�O&amp#27;>8u�B4�:�2�&amp#8;�u&amp#28;�II�&amp#18;����D�8ӕ8(�1x����;iƚ��-W2Wz�s�&amp#30;c��Lo�/�&amp#18;�^&amp#30;�xz�I�?&amp#20;x�S�n�&amp#23;ú���3�&amp#14;x.䳲�Z�xG��ީ�Eo�ǩj:f��7��Q��&amp#3;cX��Q�`���55�f����������öZ|�ok�˯4:���5��|E��&amp#30;&]r&amp#25;u�!�[��J��&amp#7;v��&amp#0;��&amp#6;�&amp#19;����{��WJ�&amp#11;E��66&amp#22;+.�es���}����&amp#26;Σ��յ&amp#29;~��uf֯c�|C'�ԼS7��ԓRմ�K_��t��;������v�F���ռ��&amp#31;��&amp#19;�-���Xk�u�/��WԼA&amp#16;��T���o�b�|�JXH��U��]Zp��¾&&amp#19;���+�T���u�Ky9T�yƍD��ܑj3q��wwi9=n����E�*vrWm&q��&amp#7;�o|I�.�w���g�&amp#18;��P��si�����&amp#14;�}�&amp#11;�k&amp#27;�>�&amp#0;I���y����]CM&amp#26;��-���E��s�j�-;·�&amp#18;_x>&amp#20;�4-kC����w&amp#22;���Mb&�]�&amp#31;�A�n.�����mgO�,ᔙ�[�qv����L���Hg�&amp#19;Db�4�?�0���,$�K+�V٬���O	j�\���!E���K#&amp#11;;��}?G�*��#}^���9�[&amp#11;���tXl�ԗH�n�+�SZ����ψ4�Am�Mmc������Y���&amp#23;�4�t��{�{��V<�׵�&amp#30;.&amp#20;b�:��S����^&amp#19;�*�ժrq�T��<4��J��T�&amp#20;��&amp#0;�u�t��+�mWE%w���j]��[�kZԞ�]^�M��%��:=�ޣ*͡���m���*jZ��w��{i�	�`��,-,t�s$͎�W�l�&amp#5;���n��H�j&amp#22;����?M�Cѭcц��ɯ^�s��]j&amp#23;�~&�a����S�&amp#26;U�Dۿ&amp#14;���U��4���d����&amp#20;��jv�L1�I{�^�:���^j
��Ln&amp#14;�/��u�&amp#14;��&amp#0;	.�/�.t]R�Fh��&amp#16;��m?FԴ�#PӼG�[YH$��MG��1����A�n�����km7O���b}7N[�-�,d�9&amp#29;e&amp#12;D�F1��=9B>�SS�.gJ4�J<�]'8K�Q��j�X$���;.��su�f��_ͥ�
�R�f�V�k���Z�4&amp#26;��a3�&amp#19;�f[G�;I͍�I/����I���aծ&amp#12;&amp#18;]�{�-���Zf�n��5&amp#25;�WM�Ю�﬛X�kmbMj�����u=:�%��&amp#18;��C�-��K5��>��^�XK`Q��i&amp#6;���Lk���kw��/��I���v���j:��0֒+K�fYfM8�B��Zv��f�&amp#15;�tV���K]�b��4�&amp#27;ˉ&amp#14;�ai��H�h�_��N�-ޱy��Z��ַi&amp#7;�uc�O&amp#18;jz=�8�Ɔ�U���&amp#31;��5��Y��&amp#11;���ΫP�j�j����rG�4�:����UYV��N%��=}�j���t�������I��q�V*�>�s�O&amp#29;����]���Zx�MI4�{+\^C.�QDm�S�X&amp#20;.�,&amp#26;��7&amp#19;�xv=?�&amp#30;&amp#15;���M!'��������\ү��_�ψ5�y�&amp#27;)��gms��]�Ka�x��u;�hg��n�������&amp#16;��g�<=�R&amp#11;;{��&amp#28;Zx�B�Ḋ�!�l&amp#6;���G�Ϩ�&amp#29;��&��Ig�i�hךu��}&amp#19;J�s�~&amp#14;������\^�&amp#26;�?�1jS�&amp#15;�/5���5)-/���/&amp#25;�{B�Ӽ?���Z��y��y�����Y���J�Y���T!F��*u*EJ�*a�N�a^��JR�h�J�(�Jp���W&amp#25;�)�j�e39A;���o/y4�'�|�;[G�z�j�����Y�cH��bԬ��	o-�{��-�cԴ��WWѮ&amp#17;�u�V�$ҵkMcOI&amp#30;�N�ӵhn&amp#21;>�p��&amp#15;&amp#12;���*Cūvt�J��Q����z<�}����y&amp#26;��4�jMF�&amp#11;�U�4ۘ��ӯ-.4�&amp#16;��T�~_�W��_��|+o�Z��mOD��:=�&amp#26;��}qe�XM�i&amp#23;�1I=�V�xR��&amp#11;�&amp#6;����5�o�惾ԧ�%���X�&amp#22;36����ۖм^&amp#29;��J�[��eaq���=&amp#24;�YèjZT����&amp#27;]j_`�&amp#22;�K.��|f&amp#27;�U�F���V��EO�U�&amp#29;���x��U#&amp#24;ԧ]I%Rt�a%	ETt�g������&��\m&amp#27;��MJ��_S��_�6�
ڢ�!b��&amp#22;&amp#17;�[O&amp#27;Eu��4O6&amp#7;Iau��&amp#25;�U��9�����n5&���&amp#21;����&amp#23;L�����m/4�O&amp#20;��&amp#27;�G��Y�E�xc������>-��&amp#15;�.�4�Qu?�&amp#16;�	�[�+]K��Y�u��cE�λ�C��V�����bӚ�Qק���F�.��&�k&amp#22;&amp#20;�f��a�x�R���V&amp#23;Z���-~Z�к�����&amp#7;Ėz���k+&amp#22;h>&amp#29;��V:m淲��=<�YZ��x&amp#1;�&amp#29;^[='^ִ&amp#29;&amp#30;s�G�ݿ��g����*���LUZ&amp#28;%��JP���
8��)(S�<�&amp#28;���&amp#14;j�r���&amp#25;F��5�֗�p�&amp#21;<�&amp#11;U59S�>Xr�7S&amp#17;Oi^���-_jե&amp#23;&amp#5;4�=�&amp#31;&amp#5;�	���&amp#16;]˨�7�&amp#22;&amp#23;Iq�w]�5=3O�u�ֵ	��&amp#0;&amp#29;�o&amp#11;���¾&amp#30;��O�l�O&amp#19;x^������-r;&amp#15;&amp#11;C��&amp#11;��mK��~��&amp#11;O�?&amp#22;�,Q�b�KA���&amp#31;^��&amp#0;�m&amp#23;K:n��]&amp#3;ƺ�O�k�K�
x��L�4M/P�&amp#23;�o<M�]]k_`�t&amp#31;&amp#16;��r=#ƟٗZ&amp#31;�_-��ŗ&amp#26;����q��W�&amp#31;���?�e��m��&amp#26;���YuO&amp#18;�z/��&amp#8;&amp#23;[�����M>&amp#27;��R�º��f��z>�-��g�蟼�&amp#8;f�&amp#31;�g��C�V[��I�&amp#24;�c�-$�n%׭��u7&amp#26;��f��&amp#12;�&amp#6;��&amp#29;b�}��lm�G:~]�&amp#6;KK6�&amp#17;J����_[&amp#3;
��!Z8|��&amp#24;YN�"����N&amp#15;�\�(�R��	Δ>ӎ3&amp#26;�&amp#23;�ʔmɊ�Zp�ڕZ&amp#28;�T\�����'&amp#25;�IU���i%)��͞9�<o����K}�k>	���_��7�&amp#7;&amp#18;x�����g&amp#30;��x�]"���R��-]&amp#22;���VHn&amp#18;�^�4�&amp#16;C�h0{ߖ�Y��&amp#1;&amp#5;r^M��r[r�&amp#16;Y|�3&amp#22;��&amp#21;P�廏&amp#22;x�ÿ&amp#15;5/&amp#21;|4�1o�x�[�Ή�i^"ֵ�;ö&amp#26;��&amp#7;�u��j�&amp#20;��y?�<p|U��h�V�<-�M8j�x���&amp#15;����O&amp#14;hW&amp#31;&amp#20;<i�o�-�l�i�����%����&amp#14;��\�i�۲�d}GBO#BmA汴��R��,��[�6�&amp#23;��&���w&amp#31;�4��^_��&amp#12;�&amp#21;N�Zs�aUeZ�lUi�&amp#27;P���N�Ia�W��ʼ�r��e]Q��Nr_�W�N�z�(��P��5E��nn�ema&amp#25;�~���&amp#0;"����i�?�^�&amp#2;�w��&amp#18;�|7�W�<&amp#19;��14�&amp#15;Pִ��m��b��寏�&amp#3;>�w}&amp#6;����/��d��{�&amp#18;=G��&amp#0;
�M�7�&amp#22;7��t�&amp#22;�&amp#23;���qx�F��c�?&amp#21;�z&amp#6;�}�떺������c��&amp#26;G�t��E��|1�+M����u�=gQРp�j&amp#22;&amp#19;�Z&amp#8;4��O&amp#11;��-=�&amp#23;&amp#1;�`�&amp#28;F��&amp#25;&amp#22;�&amp#5;&amp#19;yv�[�B���}�"R��d�BI2�,�M�Ս΁u&amp#4;&amp#22;��"j�&amp#21;�#ү�f&amp#22;�Iqa"�su���_b�U������ֳm�igU�,<Y�z�&amp#0;�5�yl2��&amp#0;WP�IYҥ�&amp#20;�Z5�ϊ�3�srӖ&amp#26;��XЧN�����J��B���B�w�l�����D�Zj�e+%��u��K�$}߼:)Y&amp#8;&amp#0;&amp#22;nX.U��w(e
�_%��T��&amp#0;���x&amp#18;�&�4���<O�-'Aԯg�.���i�e�ke��3O�<7m�kr&amp#15;$Kq�X����+:���&amp#29;�/���&amp#0;�#�)�*C<2���&amp#8;��0�7	 Id��&amp#18;��p&amp#23;η�hO�|�W��a���_I���&amp#30;&amp#29;�|#��R�[}F��٠�/n���&amp#8;<;ui�K�5&amp#11;(�$�5�&amp#27;cm�&amp#0;	&amp#17;���H���ɫ�5|L�J5%&amp#28;%iS��ʃ�ZiԍJmA�V�a'F>씤�&amp#6;�AE�Z��'��o;7ս&amp#23;Wk;���m��<�}Ǆ4&amp#25;#��[Qյg:��/�E/{�4&amp#16;۶�����0@��YOy~�}�ç&amp#29;V�+a|�ߎ~1�&amp#27;ö���&amp#23;&amp#22;�0�&amp#5;����&amp#0;�OC��Tՙ��M6�&amp#11;�t�{���5�GA��4�.��5}WA{��,�&amp#31;V���&amp#0;j�&amp#28;]�xN��:W�t�&amp#12;Z�&amp#30;�{�MY�Z=OJ�o�|%����&amp#26;���&amp#20;7��et���{�cV��+A��jZ&amp#14;�e�K;F&amp#31;&amp#12;x��ǟ����'����|9a&amp#28;�~
�~&amp#5;G���į�V��> ��z4ӽ���⧉-<A�i�>&amp#17;�u��&amp#15;6���8 o&amp#18;]��&amp#11;�'�&amp#15;�|&amp#27;��&amp#23;R�}�g������5�<&amp#6;&amp#2;Q���2�1�<-IG&amp#23;N�E&amp#15;f�TU<-&amp#8;9�
u=�]7FMFRMEs{��Uy$���I�7��D��%v���&amp#15;�����1�;���/&amp#21;,&amp#30;&amp#30;�����&amp#7;x&amp#30;Q�^��L���3����&amp#22;�l,<S�O}�_�]x},�1��߬VW��ßd��������&amp#17;�����&amp#31;&amp#17;��&amp#29;����&amp#30;�};x;��7�f�a�O����m{&amp#14;�oy�hͦ��t&amp#21;\�&amp#31;g���YjZv��i&amp#23;�é�i���8�'��Gj�/��Ŀ��&amp#17;m�&amp#24;|&amp#28;֛H�4&amp#15;��0���/��!�]F��Ɓ�[|-��&amp#31;x��_&amp#17;�im�&amp#30;�����c�?&amp#19;izM����&amp#0;�4o&amp#12;'��k�&amp#3;%��xZ��Lյ�&amp#8;x3X�&amp#23;�A|W��;��&amp#0;�.����4χ�&amp#20;�S��"�u�&amp#0;&amp#16;�j��&amp#29;S^&amp#11;&����U��U�=#������/�O�t�����^&amp#31;��,��7;����1�hQ���L��2�&amp#14;&amp#31;&amp#7;N&amp#15;&amp#5;J�����9�LD0��b&amp#30;h�(F8��(Q�"�&amp#18;��QR������B�m7yE&ݝ��qQM��I�+�/�/�?���<1�O&amp#16;�2���/�� �R��&amp#26;�s�£��~���^ �&amp#15;��<Gs�&amp#21;j�&amp#27;������!�l�&amp#29;B;�V�N�&amp#14;�&amp#7;��&amp#3;����&amp#30;5_�w�Z�����x_���?�C�&amp#26;'��sY���5�����a��1k�&amp#2;Mp��x��D&amp#22;&amp#30;1]��&amp#27;&amp#8;�f�n��&amp#16;G��&amp#15;�&amp#31;�����~�d4=D�O�os&amp#20;�&amp#31;�>&amp#30;x��^)��[}|ǥ�&amp#30;%�W��+�۫+�:K&amp#27;&amp#15;&amp#2;i0�&amp#26;f���z�Ʊ}���3���?��/�z��m�;��z��luo�&amp#26;F��Q�w�|;�>&amp#21;�O{�&amp#15;�&amp#7;�&amp#27;|-�&amp#15;&amp#11;�h�6�|&amp#7;��&amp#28;_��x�M����&amp#26;���&amp#16;�v��k&amp#29;n}?_&amp#26;����s�c�`r
&amp#24;t���,V+&amp#27;_&amp#18;�u���cr��n'6Uc���j2p�a���:��*ԫ�O�V�d���I+%)�IJ��Mj�4Rm�&amp#14;�W�m;�f�c��&amp#6;xs�~&amp#6;Ѵ�&amp#12;i�&amp#28;�&amp#17;��W&amp#26;�&amp#26;7��6�J�<C��&amp#24;��&amp#29;O�6�V>&amp#26;�}�ρ��3���&amp#12;�&amp#29;A�Ϣ��&amp#11;M&amp#27;S�&amp#30;W�6���>&amp#24;}6�᷈�'�O&amp#29;�&amp#30;�|&amp#29;��� ��&amp#31;&amp#19;\|t�]����kVӣ���&amp#26;xCA��&amp#11;{���Uů�IoΧ��_��&amp#18;�&amp#0;�&amp#28;&amp#8;f�&amp#8;�΅�x�Jִ�&amp#31;Yh_�SR�t߈Zg�&amp#15;&amp#17;x��]�:v�e�j�^&amp#30;�&amp#5;��_[���&amp#20;�&amp#25;�5��&amp#0;&amp#8;|/׼&amp#25;�ϋz���ß��&amp#4;���Ay��&amp#23;�}&amp#11;�&amp#7;���+�K��}3^��xkS��/��_&amp#17;j:4���O&amp#14;Ky�;K���)��3X���&amp#30;����&amp#11;=&amp#22;R��-;�h��(�h�T&amp#21;&amp#7;&amp#26;�^&amp#27; �&amp#19;&amp#19;���yb2�y�J&amp#24;�5LD(<*�`W��;&amp#19;
��ԪaeS&amp#29;V8�MYQ�&amp#21;yW���j��&amp#25;{�p�ps�d��WqJ�IM�$��`�h���w�鷲����Y�k��'��Aqecywg�X�}�;6���cc&amp#2;j&amp#4;��4��m-�����c���#�~&amp#19;�u�&amp#19;S���o��R�L�&amp#22;�&amp#21;���d��_i}gqrc�}i�j:��&amp#0;�&amp#8;��/&amp#15;��t�&amp#17;j�#�F��x�kZ~���5��a<�t�heVpV;��M�w0�&amp#11;�&amp#8;^&amp#1;$S_E&amp#5;��&amp#26;��6�[����.�?��&amp#30;��&amp#26;V�mq�&�Gҗ]�]&amp#1;�g��u�c��յ&amp#29;b;(�Э5�q�v�:t��DZ=J�Z��03pN~��g��T)�04qp��#W���)Ԋ�S�&amp#26;���V�iԍ�$��&amp#24;F&amp#21;q&amp#18;�4�R
R�%&amp#22;��ot������\��ѫ&�I��O&amp#6;�&amp#12;5&amp#31;&amp#27;��¾>�ދ��OY�=�xkL�]]�ևa�ϭZK�;kCJ�}��m&amp#31;JmOXе����o��m:m&amp#27;R�K�}g��Ŷ�	����}&amp#23;�:^��k�W¤ӵ&amp#2;�?�|=���Z'����&amp#25;�u}J{�&��ZW��u�E�[�v�t&amp#29;#I��C�����sI����Y�7Q�tM��J+�}&amp#26;���}*�KH�K[�V�M�>�g�Ţ��&amp#22;�M;E�XX� M:�B�&amp#22;&amp#30;!���H�F�s��&amp#29;�w�O�L��*�&amp#24;״O�x&amp#19;����&�y�}�UԼsq�O&amp#15;k�&�I�Z��]�&amp#0;���]~!��Y.���&amp#30;�q����OҳL6&amp#15;�����'����	�(�&amp#21;��¬�a����g_[&amp#18;�
�&amp#23;K&amp#23;RxkU��Z�qxz���V�����]��j5iߞP���&amp#24;��%�Ԗ�&�Q��_&amp#3;�xoP�.��I��|;��#ú����h�&amp#6;�{g�iZ�q5ݔ6�i0k��D���f�+5���!Ե)�}#�7��,���$�����w�~��G&amp#20;v�&amp#8;/ah��Uе&amp#11;��?&amp#15;��,�|��恨,&amp#26;���K�&amp#1;�M�ٸ������q���#���:��t�Z}
��^�&	|&amp#11;�6�y�mCQ�<&amp#23;�&amp#29;>{]6�R�|@�&amp#20;�&amp#4;č&amp#29;&amp#16;�:��M��&amp#15;�k��&amp#23;鮷�~�&amp#4;�Ɲ{�_����&�y�Akv5&amp#27;-#�&amp#18;G�&amp#22;��^�5(.�У�4�sU�5���yla�&amp#30;5�d�&amp#31;�^&amp#30;��&amp#12;^[����&amp#24;6�CZuh�S��0����X�a�&amp#11;&amp#19;(Z��HЮ��HR�&amp#30;��E�Fp��V���72Nu)ٻ$�&amp#23;MK��P�*����.�|A7�}&amp#6;���<1�����&amp#8;u�D{�&amp#0;&amp#16;C��c^�|5{�-����K�&amp#31;V�������+&amp#27;&amp#24;�d��d��=b��
�S��+��i��������m�;C%����GkzJ4:��6�A&amp#28;�$�Gm�5�^+��5$�|7e��&amp#19;iZ��.n&amp#22;��&amp#26;��i&amp#12;�jڭ�����vpMk&amp#3;Z.�o�j��&amp#22;&amp#26;(����ѩh+��� ��ѭ&amp#26;�K��9��&amp#26;<�zE��O���K����7&amp#26;�&amp#17;�q	�Dv�B&amp#5;7�U��Yizc�[�����&amp#19;����S�&amp#23;J3��N����1&amp#24;�E|O��hʯ=IIRS��ԇ,d��&˹�u��um�b��I��J1qIZ)>��S_Ǥ�i���6�gk&amp#8;��&amp#5;��~�k�8�{qw�k��m���q��i�&amp#26;���c=��}q-ʹ�2u&amp#0;gv&amp#14;&amp#15;&amp#24;&amp#30;�H<�:q���&amp#0;�a)&amp#26;3&amp#16;�UK0Di&amp#24;�+d$Q�v 'ʈ&amp#11;�
#R�R(�l&amp#28;�&amp#28;�8'��=�~���k�T��jU�Qu$��&amp#27;r�ܜ�l��v�S�I�)J^������ӷ5���[]�&amp#0;d&amp#16;s�&amp#6;&amp#7;o�w<u$�6H�9i�	W*�c;�f\�����BA*�&amp#29;к�G��&amp#11;np8&amp#7;�&amp#24;9&amp#31;�f���&amp#6;�R&amp#6;�8&�&amp#0;r=1�����zg&amp#25;�Ԝ�7}�9_s}&amp#27;����?�ϣ����&amp#20;׳XK&amp#20;�[�Lkd&amp#23;:��H��T�5�ΰ&amp#17;2���5��j�(&amp#22;�&amp#26;5�K��&�&amp#29;&amp#17;�V�&����_B����u��s&amp#20;��\���Z�i4m&amp#20;��&amp#4;�Om4��&amp#20;�RX^H�&amp#2;7,w�&amp#24;�3�&amp#4;L���&amp#31;$&amp#2;�&amp#31;�&amp#18;rH�&amp#12;���}{����&amp#18;y&amp#25;� �7	Ε_k	�P�	�v�&amp#19;���M=U�OT�y4�iI�g&amp#11;o�&amp#4;����w����r��JO�Ú&amp#20;^&amp#26;]g�7�m���i�&amp#26;.�g=ՙ�v�<���.��cI�ЛM������u&amp#7;�&amp#4;k�Y�R���]~�\՟���:{y�#���>�����]��	�G7�x��+&amp#22;�}ea�j֦�&amp#24;m�V��&amp#26;u���&amp#24;o^���͵���&amp#25;�&amp#31;&amp#27;���N�W��_Wךo&amp#11;�ݲ��Z�޹y���XӤ�����[9nb�ͭ&amp#17;�C��S�k�,�n�&amp#6;x���+[��&amp#29;=�mAe��]
��C�����N����Mj��T�n4�K�1��i��6�f��χ�R��Vӭ&amp#27;��Vx�?תa*֧Z&amp#24;Z�j�wJW�`�&amp#17;�FN�����&amp#15;iSٺ&amp#16;|��VN�5&amp#29;�N�쬬�WV�=.���nM6��Cе}3X�����&amp#26;��c���&amp#15;��A4mm�ܾ�g�4��Z�&amp#23;�<&amp#18;Ag5��6sO��qz�}���۾1����ֵ�Яt�:���W&amp#27;���&amp#27;}U�.5KkI��
&amp#11;{�&amp#16;��<	�K�]�a������&amp#14;�t$ʳ���ݰ[�OM�`���vZ�k}�Ewssu�è[�<7r��M{&amp#12;S��ws{-�&amp#4;���zl���Yk7֚�ì�%ƅ�X.��x�L�����F�s�X��Z�g���F&amp#14;�g}�_X���Dz��j��$Ze���
&amp#30;��&amp#28;hմ�[�UգS٪��{:&amp#23;Q�j��/�4ۦ��4���(�t�g�h�%}���]^�L�#��{�+&amp#24;��TMb+��tخa�f֬Y�hf&amp#23;&amp#16;[��[�X��&amp#28;�]��&amp#31;��ZX\��}oi^quqi��5�u���Kuᛤ�-�'�<?�&amp#0;&amp#8;�p�V?��&amp#27;�I<A:��&amp#22;6V���8&amp#22;&amp#24;���Aoa�_��7&amp#26;sZ���1�����"VԟP&amp#11;&amp#29;ޥ�[Csgwi5�?�	;�;�5&amp#27;�&amp#20;&amp#18;�&amp#0;jyz�����y���d�6zf�ai4z&amp#14;�sῷݛI,���}&amp#2;���᛭&amp#30;{&amp#24;<+0�{�k&amp#8;�&amp#19;Y�XOq��i����&amp#5;P���eW&amp#15;?k��r�&amp#20;�j�kZ���R�E�R�Y{d�&amp#25;Bo٪t��+�����v�W��>���6ܷ����&amp#29;��5�&amp#22;���aqa3�r���&amp#28;Z}��A�[���I0��&amp#7;�h�$��Ty�Z&amp#27;?&amp#15;�&amp#28;&amp#7;�pu{;˹$�:�̞!&amp#26;mŭ���/n&amp#19;P����`��;�&amp#18;�A��[x�]SBH�&amp#11;��4w񘼼[�;mF�T��E��&amp#26;F�&amp#5;���K&amp#6;���m�j�V2C5�[h�W��^�6�-��v��i��iic�ũi�}�t�&amp#6;����l.Rx_I��C�--�d�mLv���N�&amp#27;���[�K��m���#�R�֟cae��׋.��R��4}WL�pч��%h{E*Is�JQu!eNU*P���IΝI]�T�׌�JoX[U{��z[k��O�-mg+I���r}&amp#5;��?P�{}C���K�ֱ&amp#17;^i&amp#23;�&amp#26;Ŧ�bm/��=*�OѬ�u-GS�[�2��R�b��&amp#0;�n~�&�|=�K�k$�&amp#28;z��&amp#17;ִ�\�ŝ��M,چ��h�it����\ɧxz�]KK��Ò�&amp#11;1wu�Ik{&amp#3;X������sYI�x=&�] Ծ�&amp#18;�q&amp#14;V�_е6�u�f�[�+îi��	��iW�tZe�i�v�ky}��N�^Z&amp#11;k;+��&amp#11;mr�Y�&amp#30;!�����]�~;[�6��.����]J�Q&amp#22;Z&amp#29;�/o7�אַn��m&amp#18;�B���ڍ��/�EJT���\�JJNu)�Ҧ�Pte|_,���a���&amp#26;1�&amp#5;:T&amp#29;I���mm�Ž/u�Z��{��t�xYX�U)�3�����F�go��{���Y&amp#16;K&amp#14;��>�9����{+x�&amp#29;%/�/c��X�$����&amp#0;��4�?�&amp#28;�/�f�4�CR�H�&amp#30;�WX���&amp#29;ɸ�%>&amp#27;���������&amp#30;Դ[�&amp#29;7Q��֭.|a�Ov�i&amp#23;mo~&amp#11;�b[� ��ҵ[�&amp#14;[E&amp#4;V�q���g&amp#3;j�o&amp#5;Ŗ�&amp#31;�.4�&amp#21;��x�&amp#29;>MB�]z-i���k[}G�0�����y-��&amp#12;�k-Z��
��&amp#23;&amp#26;m�Ǉ4˟&amp#12;k�n㳷���moWմ�&amp#30;+�4�mB��گ�&amp#22;�S���&amp#11;KL#Z�&amp#26;����5a	ʍX�&amp#15;f�&amp#8;�����R��&amp#28;�r:��U'V��Yˣ���t���m�����Z�/�
�ŏ��&amp#0;��.�4�&amp#21;���z̞*����]�_&amp#24;&amp#4;����pO.�+Lt�M���vE͟�����=V�/&amp#14;���\%��y�io�ؙ�T��[�l�x.'��K��S^�w�y&amp#26;��Ȭ�#��4�⨒��h��&amp#26;W��&amp#19;&amp#11;�_�&amp#30;&amp#31;�Uާ&amp#29;߇����u-B�[�&amp#11;����cCx����Ŷ�&amp#18;kڋ��U��ٴ�K˝;R&amp#23;Q�]7�~~���e	��!���S{�:�&amp#30;���&amp#29;T�Z���[�=&amp#31;T�I�N�t;=VyZ��ц�$��s��T�|EI���.y�ESu#(ƜiS�UFt��8*J
��.v�U&amp#24;E)Z�in���+�O�w�{���V�&�ck��&amp#19;����kx�@�.ť����|;oy�j엺-�o{uj���B�zF�[O�K'������S����k�x������~�WЯ����&amp#15;i���:U�Q���&amp#29;&amp#5;�&amp#27;�j�H<m�]oT�^[]M���m&amp#2;k&amp#27;��"�~�D�o&amp#31;N�4��?��-.�l���x����D�ծ��&amp#6;�S��N�ҧ���n�?&amp#21;�v�i�g��ch����&amp#23;�E���jZ�[x?]�&amp#21;�cB�4�-[H:&amp#11;�+h��&amp#27;�j7e�Դ����^m9�O&amp#18;=���uA6���[�z�&amp#18;U=�6�gR
S�og&amp#6;�B�&amp#26;*1�F��e>ZR�ZT�\=�i�Z&amp#12;��6�K����.f�m�7�8�ۻ<c�v�(��73����S�~#�ags�&amp#27;�5KmF�.�k�C�[mOM&amp#22;Q�Zl������w&amp#20;�v��j����ؒ���]D��ufd�V�5�&amp#31;B�X�-2�U��t�m&amp#22;���_ӭ.5X�����WF����Z��z�6�>���Nz�1��x��~&amp#20;_�&amp#30;!��W�_ÐA}���ú������R�a>,��YI�Y/u&amp#15;�5�6�ym���6������5��&amp#26;���&amp#17;�F�/n-罽�m4�e��~0��찬-�Ks�M�A�^�0��&amp#19;]��4Œ��HY5&amp#11;{�sO�L���+�&amp#26;Ug�O&amp#16;��)C������c%NM�&amp#25;<>%F��{�B�UJ<�&amp#30;Eע��ߚM�v��/F���gŖ�&amp#25;׼G�i����'�m�}O�S&amp#27;��Z~����7>)&amp#30;&amp#25;����y�h�-c5�%��������&amp#23;w�"�&��&amp#18;�K��.�@��Η�/&amp#16;�[]6�c&amp#30;�>����3��%��[�]�&����&amp#26;��q�E���&amp#6;&amp#8;"�u2�M�-OZ������MBy�-&amp#3;��&amp#0;�|w&amp#0;��l�4���[�&amp#22;�4�Yn���j�4&amp#30;&amp#15;��M��~&amp#29;�,c�M>��&amp#27;�&amp#14;��=�尶�&amp#4;x�I����<�&amp#0;�[þ4�����G�/�S�x�-Sů���:���&amp#18;�R��<)�3�S���f����ri�&amp#26;߅5ۈV[��c�S���8^�9p�LF_,]'��U�XXJx�-:r�>'�4(�7*��&amp#30;���.�wz'e+Z�]�5��[5{�����{�v���z&amp#21;ń&amp#26;E������:V�&amp#7;���a�J����$q'�|?�Ǫ��0�q&amp#21;�Z������������?@�i�^�&��f���7I�&amp#18;XF��ߤ:������{ed-,�D^"�y�K{&amp#31;��X��%��5���e�&amp#7;�&amp#11;E�V��&amp#29;[X���7��&amp#12;�|#��#�Z&amp#28;�V���&amp#26;'�u�&amp#31;�:5��ec���&amp#12;&amp#19;�k#ó�¶Z/���u_I��cB����$&amp#23;�������ĺ\�mͫ�s�XX�&amp#7;�&amp#17;��&amp#30;�Q]&amp#11;@����.V�ď��cO�, y`]~�-bo&amp#23;2�B�U����ߔ!YPp�R��
T���I�z��g&amp#20;�Tr�*&amp#16;1��+�i]kf�\׾��w&amp#27;�M6�9&amp#15;&amp#20;x2�K�d��)�[�u��<C&amp#21;��b�K�u&amp#11;*������g�×6֚ݜ�a�������&amp#23;E�,��&amp#21;���N/J���&amp#17;m�y�j7&amp#26;\&amp#23;�E�61N�"=fM>�N�����O<�W�&��i�]�]C<�pi6���o�h�,~�&amp#7;�>&amp#30;Ţ��&amp#7;þ)�>��&amp#27;�=b3s�m9N�=�&amp#31;e&amp#23;�W�/<Q�i��֛�Op�\Mo�x�M�~�}����1��<&amp#18;��Q�Zk�[�&amp#19;ú�|wmp�~&amp#0;�#C��5t�3KmN�V���>*��t�&amp#22;�mtۋ��4��&amp#20;\j�i:γ��X�-�W�O&amp#31;Z&amp#21;�N�%T�R*&amp#21;�N�(V�ԊuR�V��?٧9Ss�&amp#8;G�&amp#20;gU���B���l��i̗��)m�I'{�7�<1g�ț�^&amp#14;�쵙|%�&amp#19;5݅����k	n5]*;��.o4����մ���Mfm>9&amp#22;�][��%֝l��������iZ��mj����ֺ���M:H�G��&amp#24;�&amp#15;�o/��<1�&amp#31;&amp#15;ä�{�2�PX,u�k�.�K�^�c�k6�'��}'W��~,���	d�&amp#29;���h�M}����z���?�^}�-&amp#27;F�u[+7N&amp#18;�ê\A,7�c}3�}&amp#5;���&amp#27;�n��&amp#18;�v����K}�Iv�^�&amp#16;jڇڮ���ƣek&amp#23;��&amp#8;4�&�����&amp#0;ĲH���ڦ�gu��b�×�&�>&amp#20;�cRR�:�Ɣ&剄#,L��&amp#25;{N\Moݸ�WC&amp#17;���t�r9*�)ԓ�&amp#22;�{h��f�q���mު�E����<&amp#21;'�`��7�<C㛝vMo�&amp#1;����ً���a�m&amp#26;&amp#31;&amp#14;�k@�&amp#0;[K���چ��Hַ��ο-����1�<K��{G��u;DѴ��EM�&amp#18;�c��e��Zh6�E큰�Fѥ�[�v�af��F�,��cV�t�D]�&amp#16;ط�.��A�u������&amp#26;��\���,&amp#26;m��6��j+��V:�����}���7&amp#26;���:���&amp#0;𒛤&amp#26;MĶ,a�����[��&amp#26;}����(l�H�L�&amp#0;��z&amp#27;���&amp#19;xoW�/��k�m�4d�la���M��SG��"J�&amp#26;�<Dq.P�����&amp#30;��X�%
�!M9T�¹�BT�)�1���Nu&amp#20;�4�WM��:�n��Wv�Z^�����+�"�����>&amp#8;��Mqt�&amp#16;�&amp#2;�E��U�.g�Y�`&amp#26;\w7&amp#7;I�{-C\M5��k{Y5MI��5�*='O~�Ú��Ι&amp#28;�����\_E<v�q�gЄ����v�o{aj�ݼ�kQXj/wr��mk�����nWG���&amp#0;V�[�F��P�_�5[H5&amp#11;xF�&amp#29;���_Z������Ꚇ���&amp#26;tv&amp#23;&amp#23;S��Z]hWz��&amp#18;Gs�E&amp#5;=#_�t�^7��I]$�_	.&amp#25;�;kK&amp#27;&amp#8;�֬�`�U��m$�+��*�K�[[����-Ib��o&amp#14;WMju*ѭI8ԩ&amp#7;&amp#28;B|�5�NT�jU�MT��u&amp#8;�IF&amp#16;�9r9%&amp#25;&amp#23;��W���T��h���Wm]�ε>�c��/&amp#25;�����&amp#7;�C�[�#y�&amp#15;��6�o�<+&�ud�XCq��j�&amp#27;�w�[��\%��"�����?TkB���&amp#26;��	������f+��F��A(&amp#22;&amp#7;��iO2y&amp#30;t+qj%��~0�lg}?R���k_:(��n/�9/[V���-%��&amp#4;�2E��&amp#26;�kv?cX�&amp#6;��Y����&amp#5;��ܨ>���b֭|3��-�����&amp#23;�ݱ[i-��%��8Rx�#��&amp#26;��CXܽ��D���/���[���5
x	�����\�����hΞ&amp#29;�7e&amp#23;,MH�w��9%&amp#24;�<�)kk�������6��$�i%y;��E��g��7Z�6&amp#17;�v�׺�ֱp-t���C$���ɦ�Ee����//59Ɏ�&amp#8;��}&amp#5;��d�&amp#31;��&amp#29;<Q,^&amp#12;�j�qj&amp#23;�ǈth<Y?�lm�&amp#27;;&amp#18;Xܿ��d�ss����F6�:���:&amp#4;7�i��tv��+�&amp#0;&amp#5;xB&amp#31;�/��څ����ωai~&amp#31;x����H�1hrO��ZZ�kZ��̚]��&amp#22;�>�qe�&amp#31;S�O&amp#14;[jWW~#��j�&amp#30;���?�;P�5u�ޛ��K�&amp#29;N���V�&amp#28;�mq|'$&amp#22;&amp#23;6�A��<S{�G.��Z��J�<Yba�5}?N��X�e���&amp#30;��ڇ�ω��Trl}
.4�ʞ&amp#29;9�Q���eJ�p�T�:Q���XP�V����өR����!Q��&amp#5;�<m&amp#26;�����'&amp#5;N�8�ʬ��&amp#26;n2�4�7'(�X�I8��>&amp#11;I�&amp#25;t�^(~$jzo��&amp#30;x�&amp#0;N��&amp#23;&amp#31;���&amp#30;j�&amp#17;u�~�PԼ&amp#29;m��&amp#27;F�t(�8�~&amp#12;�P�"��M��W�K��աS��:ֽ_��&�u�&amp#31;&amp#0;�&amp#19;�:�&amp#23;K���_��&amp#0;&amp#27;&amp#29;N;O&amp#24;ZkzF������&amp#3;j7�\jv�e�����KmO�wZ|_&amp#16;<&amp#30;�����x\�����?&amp#31;�&amp#19;�z�>&amp#17;��|7�����&amp#26;&amp#6;�����&amp#22;�W�􋛻�&amp#6;x]�4�-&amp#15;ó��E�5K&amp#11;�&amp#11;ɨ�SQ�o�K�xST����ǅ�9�g�;��h���&amp#23;K����\�}}�\�?&amp#12;uOK���^���&amp#14;����&amp#29;��J&amp#6;ì�wG�v�&amp#14;����|A�x��F����u}WJ�l�|&amp#5;����&amp#30;ҫ�R�ryʾ"u�&amp#26;o&amp#17;S&amp#31;��4iVj2������êQ�G&amp#3;&amp#26;��Q���|A�_�V����׌c&amp#5;KV�:n�eOx�t�TT��R���&amp#17;pnT��<}�x_P�&amp#31;�|=�;���߉4K�
���]]Y�]A�O���J�L1�[�d�`Ҵ&amp#27;]&amp#23;�&�z�՞��[ͨɧ#b|8��}���W&amp#30;,�E���&amp#31;�A&amp#28;w���_&amp#20;�Z��&amp#22;�ķ�&amp#21;���\�W2G�[]��M�/&amp#16;�|37����&amp#23;�-yoa��f�to�7�_&amp#5;/|K��V����&amp#15;&amp#22;��}&amp#31;J��^��'M�����?&amp#28;,&amp#31;�_�io�]�&amp#30;7�y��&amp#18;k�&amp#19;�+�:߄4�f𿈵m?�~6�o�f�o�O��&amp#2;�&amp#27;Vo&amp#8;ڝ&amp#23;_�t�S�:����&amp#22;k�-<7q��jPx��Q�;=Z�+��&amp#14;�&amp#6;����&amp#23;�RG}�&amp#30;m�RȲ5W&amp#17;���*b\18j&amp#24;l>'&amp#17;�����:x:&amp#16;�S�������J�&amp#30;p��c:x�N2�&amp#12;&amp#14;&amp#2;�:�(ӝ*m��jW���F:Z��I��W����M'&amp#30;v�������]&amp#23;H�<C��&amp#12;��_i&amp#16;�iq�L�&amp#14;���Y&amp#22;&amp#22;�b�<I�&amp#29;SKҤ�X��j&amp#23;&amp#19;yK40�ĲK&amp#20;�\_�>&amp#7;�/!Ѵ�&amp#17;i���꺖�e�k&amp#22;�ϩ���z^��]�7���qe��6�z����}�5	-]���O��&amp#4;|O�x���&amp#26;��u[�&amp#20;i��_��V���&amp#18;h�a��uXt�&amp#23;H�4i���&amp#17;^�&amp#17;�C�_Y��;N�Z��&amp#26;~���K	����&amp#17;�+s&amp#22;���&amp#8;���sx�P�Q���ǷM�{&amp#1;�&amp#0;&amp#8;���{�&amp#30;�I�����&amp#0;GK+T����&amp#18;�^�ou�=_�V�rp���r�8��.��BIT�����&amp#22;�kǛ�T}�	P��=�H�t�V�Ut�V�R��b!ю���I*X|]Ld���H�*�mK�vr�T��%Z*SJ
��������&amp#7;J�'�nuo�;�x~��&amp#26;֫c&amp#30;��x��&amp#17;͡iI�9t&amp#5;�t�|e��&amp#6;���mOL��u&amp#29;�m�XY��&amp#15;��_&amp#30;]Yy�Q״&amp#24;/f��<=�_&amp#12;j"��-m&amp#30;m[F���7z��Zh� �|U�i�^��]K��ku.��A��q&amp#14;����J���&amp#27;�&amp#23;��柨j�u���O&amp#18;���j�&amp#26;%��m`���m5�&amp#15;x�@�i&amp#5;ƥ�kO��KmR��^Ҵ�m��&amp#19;�O&amp#0;��?&amp#14;>4x7ƞ&amp#7;��m�j���|A�k�&amp#28;A��kv�&amp#14;�5��-�_�?&amp#24;i&amp#30;"�ɼ�5���s�&amp#26;~���_Xu�&amp#14;Xhzֳ��6�T��?E��<Fc*��x|]O��F&amp#26;�s��&amp#11;�0�1X�Eb0�!<-7
��#&amp#15;:J�:2�U��թ��O&*IJִl�]������e&amp#21;��8�5&amp#20;Λ�ׇ�W��xӾ)Ga�{�
�sU�l�+�&amp#26;&amp#14;�������&amp#31;���Q�b��w�v��=/[�k��M&amp#31;P��6zv��C$&amp#26;g�<Cgu�_�k�f�⾭��:��Z��c�&amp#6;�k�J�������!�f��I�&amp#22;]��&amp#22;�/��(�vɢ\��{m&amp#19;Q��5&amp#29;BO&amp#16;x��&amp#26;V�c����{J�Ï&amp#5;����:N���x���^�g�4�F����&amp#30;&amp#12;�ԭ��n5k{+�&amp#11;�m/Q�7�,��֞K�4\�0x���]|C��v)c��s��*�Wy�o��&amp#20;�ZF��=_x�E�aҼ9�\���6���&amp#21;�$�gҼ:�������g�i��#6_m�&amp#24;�،�&amp#7;��&amp#6;
?�]��:��K&amp#20;�K&amp#17;&amp#12;&amp#5;?g&amp#21;&amp#15;gS&amp#19;F5�&amp#28;�
ru�&�&amp#14;Q�wBTފPT�I�^�B�i�&amp#28;,�Rrm�&amp#23;&amp#27;E�\�$�x��.�"�#�+�&amp#11;�k�ֽo�	ᱵ�4��/�_��&amp#15;o��&amp#7;�N��yg�x��:&amp#25;�"��v:&amp#22;�.�&amp#14;����ű�S]��kO��&amp#25;��F��&amp#22;��N���ݪ�O5��y&amp#5;�݅�iz?�,'�&amp#8;�U���,Og�h�{ɪksy�v��Xi���'���]cA�&amp#31;�7:��&amp#14;�&amp#29;F�Mz�k�=CH�/ST�l�&amp#1;&amp#4;pAgu3k6:&amp#21;��e&amp#3;���Eqm>��Iiyn�&amp#7;�|]�t�&amp#22;�Qh&amp#30;$�//����&amp#15;&amp#21;춖&amp#26;^��_j66�~�&amp#4;w��f��j��&amp#22;�4����R����-����7C�᳼�8��1��&amp#29;*х
&amp#19;�&amp#22;�&amp#8;¬h�Q��<2��)TQ��u&amp#20;�g)�rƅ)�DݔT���S�W���zj�n�VNߣ��&amp#0;&amp#8;t]oK��[�GO��x�ռ9m{�Z��j&amp#15;<����Zk?i��Ƀ�qw�Յ�F�ڜqI�	�N���<�����&amp#11;C���;�3�Z%ݎ��iZ��i&amp#30;%�u��3�&amp#16;�V&amp#30;]���:Eέ���70+_j6~&��|Z���'����&amp#14;�m���I{�Q�N�n&amp#14;�&amp#21;�^\��hWzz�q��K&amp#30;��A>����P������A<:3��Yj��p�t�z#&amp#21;����Ԗ���F�8oc�㴋Q��k{9�V�}��Iq&amp#3;,w*�&amp#28;v���o!�ʙ�w¸�LC�)R~ڍER5!	7Y&�״�c)���I�rBS�d�+˙]��RVj��h����OU��ɷ���{�x_�&amp#17;���_jߵ'��M&amp#19;M�<��_k�&amp#12;�>(YCak�o�V76�&�9�q��T�埉��Z�O&amp#5;��Zo�~-Y���&amp#7;�&amp#11;�G�&amp#31;�6�>0�q�?�&amp#30;)�\�m<Oe��E񷈤�o�<O�ȴ&amp#1;��K�k����5�/ټI&amp#23;�|&amp#31;&amp#14;���m.�&amp#23;����׭������?F���&amp#26;�[�lMk��&amp#25;,��n.S�&amp#30;.�k&amp#11;�/��I���O�&amp#29;~6�5��n�K�[X�����&amp#8;�N�C���GMOh�&amp#11;6&amp#23;ַ���L^&amp#30;��c�S\�N��%�����&amp#0;��&amp#11;�G�M��&amp#31;��&amp#19;��Y��m��~����fY^&amp#30;&amp#25;r�&amp#28;V;
�Ӌ���IƵ(�pst��a#*�����Q�*����Τy�d���̣&amp#24;�&amp#28;Ͷ��f�vN�jR��|����&amp#31;ګ�
�����g��I�=V��T�ҡ�t5��&amp#23;���O�5&amp#29;.�R�b�}7M��Ҟ&amp#27;��N+&amp#25;,�<&amp#31;�i������i3i�����+^��]j&amp#26;w�&amp#31;
x�i����ǫ�xrQ`����J���4�OO�V��&amp#22;M&amp#23;Rk�C^Ԭ�5�#��H�Hկ?&amp#31;�i�&amp#27;Z�W���k�&amp#15;Z��Z&amp#30;"�[&amp#25;��&amp#17;�:N�{ku��gR���l�<C}�M��t��4�_t��Ki�&amp#0;&amp#8;�V�&amp#31;�V�&�m�qk�ǩ��i<)���m��O��( �A�]OO�gC�l�d&amp#17;^i�Wv��U���5����<��&amp#22;C�X�&amp#3;���p�|F*�\C����q�k&amp#12;ݥJ4ە9�p��)�U���&amp#5;�8���
�aF4�)��I��u&amp#20;d�&�i�{�)%�[ݿ�k�o�=#���6/4&amp#11;�n4v��o�L&y5�&amp#14;�閗&amp#18;j�YՖCH�R��{H��7��j�&amp#30;$�&amp#27;o�Y�&amp#3;忉�&amp#14;<6�-���U��&amp#0;&amp#8;^Ct�&amp#22;�CD�u;ĳ�j�j�kO&amp#15;x����!���׊�t�ُ�t��%�7z&amp#30;��=���O�o�{��O��Ě���%�u�&amp#2;��U@5Yﮦ��+]GU&amp#26;�ψ-%�4�gL����Ѡ�5��}&amp#25;t�KK�^�Q�������&amp#0;��&amp#3;�Ǉ����B��~!{�
�&amp#30;������Z��]�U���B�:~�}ww`�w2��&amp#24;��$��:�ūA⛿�(�z�&amp#25;�N'&amp#11;^�|/&amp#15;�r����N��&amp#26;ѣ
ʵ&�S��j�.>�r�a&amp#25;Δ�ʕw�`�p��ѯA�m&amp#27;)�M�
�s�T�����&amp#6;����rR�>1�&amp#31;&amp#28;|?�V��Y|?�_�f�P��y��-C�v������&amp#29;o&amp#16;�s�Zd6f��5o&amp#11;O&��[Wկ<!�ä���W��6�&amp#19;�?�O��&amp#23;�&amp#25;�W��:&amp#21;�+��6���7U�<�$��;��&amp#23;�>,����E��͵�QԼ7k��:���&amp#6;������:6�a��xgS�n�&amp#23;&amp#23;�&amp#18;o�W�h�&����mϙ��:h�.��XnSQ�.u�+��ityⴟJ���[�6�&amp#29;��g.���&amp#26;Is'�	 �&amp#7;¯&amp#23;��h��WG�B�l��{Wм]�d��]�����;C��&amp#15;�&amp#29;&amp#19;L���&�q4���φ��4��"�g�<[a�y�Z&amp#25;�K[0�0�|�.������R��[&amp#27;7��)��ό�έl5&amp#26;1�����xH�I�r�0P��:NR�&amp#25;*��c%&amp#31;g.V��^�N1�K��I�JIBS_�1���&amp#20;�&amp#20;&amp#26;E���Z����&amp#29;&amp#25;�[[�&amp#11;�&amp#27;I׮�ũ��&amp#22;v�'�w�l&amp#22;�6si&amp#26;L�i:����B��O������{�{�\D�i�l��c&amp#27;�hf1��K{-?X�&amp#16;����=��6[9CƗ70�=�ƛ&amp#11;ju��&amp#31;&amp#11;k����&amp#28;\Es�������[��M*�H���5�J4����Z�v���������M�&amp#29;��k�Y^j7��}�Z�&amp#23;�k�&amp#24;�t&amp#29;n=&amp#18;��o_�K�&amp#16;���6����֓�`k��������t�&amp#14;&��[�FMCQ&amp#22;:<w&�P�����~c���9�&amp#30;�e�e�&amp#5;R8��xQ�UY�&amp#14;T)ӯ�T�&amp#21;�r�1q�J���T�&amp#31;�AF.>�2�&amp#12;5oeG&amp#16;�<���Q.H�G)�F�ܹ����ǚR��qo�&amp#29;
����e�����)��&amp#3;�x&amp#4;{{&amp#29;����&amp#4;Sı��
DW1�I'��9��l�H�&amp#29;O͝ǫ��F&amp#14;�_\q�v�|�������r\Y��&amp#29;���%�Ҳ����}B��W�,o�T���qo��z��}����-/�&amp#17;w�i�V�=6"f����K&amp#11;ĳ�^l&amp#8;g��۔,��)7F�I�E1��L�*˟&amp#7;&amp#23;Aa�ԥ&amp#21;e&amp#22;��g&amp#23;	%y�q��+Ҕ�&amp#19;�ܥ&amp#27;NJ.V\ko=5~�Z���)����m��Vx���{�&amp#29;�c$��9S�`�0&amp#24;&amp#18;N[�&amp#4;�rz&amp#14;y
8�&amp#3;&amp#25;9$�&amp#28;�&amp#28;&amp#28;&amp#14;��rGp&amp#6;&amp#1;&amp#29;&amp#15;�x9 &amp#28;&amp#28;&amp#17;���8� ���ǩ��o�&amp#23;ӥ��t����n�o�&amp#5;��v�]5���۵�hq�&&amp#15;�'&amp#24;�&amp#12;7&amp#24;' ��y�\�&amp#12;T��&amp#3;&amp#31;� Ny'�9&amp#30;�����q�H�`&amp#15;��lJ�P|�r���bF&amp#2;�9e&amp#4;�T��8��N2�'<���&amp#0;&amp#30;q�({���&amp#0;n��|ֺ;�VT�{/r&amp#11;Ee�[-.Ҽ�m3�&amp#22;��u��5�
�&amp#14;�:��Ƕ&amp#26;�����t�&amp#0;�&amp#26;�֭e�^iq�Kv��������md��ky'��]f�(-���G��&amp#11;Ě��ms&amp#14;�;�=��pߝ.&amp#5;բ�iR�#��o�^jz}����Ϥ�4��x�N��&amp#24;�[��������Ğ?Ҭo��?P�$�&amp#31;�t�d��Zv��ͥ�N�q�A}gq���t-f��&amp#0;Yx#�o�Y[C�����->�O�'�<i&amp#22;��\�Gw��ay���ض�;O�&amp#27;�B�N�յY4{�>ɦ3��6+ܗw�^B5�7Z� �c��)xz�p5���p&amp#24;�J1~�VU%����V�JK��5Nz)B3Za�X�QGb�
��'�Ut��n����m���&amp#20;�q�x����wz��p�j�Z�&amp#26;�i&amp#15;=����w:������C�/-&amp#31;J�����&amp#0;A��.E��&amp#21;����Vz�����-��x�I��p&amp#27;LK���&amp#0;&amp#14;Y��Υ}q���3_h���{�^��q����Ψ&�⿹��n��kk�o��*&amp#26;��擫�z���-=�W0���s�~)����S�P�[���{�i�����쮞�5k�-m5�6H���&amp#30;mF��@��%��n��<׷�~�%����&amp#21;����y&amp#20;zM����Oyku�^hzu���-�m�ү4���ԅ7,�8m%��R	�B�q�*�X��֥R&amp#17;�<��%G�z���7�&amp#12;���vvK]&amp#26;NN�g���wrM��G�?&amp#12;����cHԖk�&amp#18;Ko�^ͫ�&amp#16;�#S�4���u&amp#8;nnd}J�A�-�hbԴ�&amp#6;�l主�4i�􅷏е�&amp#29;�t�cM��4Ok��ڙ&amp#22;��&amp#27;�]�[�1�a�\���&amp#0;�1\Y��`Β][kw�<?i&amp#12;�����&amp#30;,���Z^��&amp#20;������`�:uŴwwp�Mm&amp#14;��ݓ�Y��&amp#27;R&amp#17;�^�׶�&�5��z���Ge&amp#15;��0Y|R𖽨�&amp#30;$�&amp#0;���I�]׉�G�4�$Z��mc�m�=�&amp#27;�>&amp#15;��>&amp#22;i���E��|Ft�>&amp#11;�&amp#19;@����ԼR�5����X��p&amp#21;�P��b�S&amp#15;9��T�W&amp#7;N�l,�F�)O	�����y�:k&amp#17;FP�ԥ&amp#26;���aov���^�]��V��u��I%$��W����o���&amp#6;&amp#25;&amp#16;Ceq��^}&amp#30;���V�]�������:��&amp#27;&amp#24;�X�?<ַs꺕�&amp#16;�I����&amp#31;7��/�i�T�T~&amp#30;�M�Э-l�D:~���&amp#23;�6�%��4�gDY�+���$��]&amp#27;ο���O���J��b������${�K������J�&amp#8;�=�,u&amp#29;&amp#14;�/u&amp#24; �m5&amp#29;'N��&amp#7;�Z�D����&amp#0;�|1�x�C�&amp#21;�&amp#26;�V^(�Y/,�6t�&amp#23;�Z��m~�V����G�L����צ�J[��R[&amp#11;�&amp#18;&amp#7;Ѯ5�9��&amp#18;&amp#11;'�L����ln᷵���&�aS/U�հ؊&amp#19;N���&amp#5;Jr����i{J��8,:��*jP��]&amp#11;S��R�ZZ��Vvv��]��]���W�X�mB&amp#27;�&amp#16;�W��x��&amp#11;h��==bӡ�)ѵ�w���iڔ�*�&amp#14;���Vzְ58��|;��W~&amp#26;�����ڹ𝦡�5�ֿd,u[&amp#25;u$�Ĺ�׭.Z�X�>&amp#16;���m2�4�&amp#23;&amp#26;t��iz5ί�ͩ]藞&amp#23;�S�]c��S&amp#27;O&amp#18;״��|%��7Q�&amp#7;�Yb��M�\Z���&amp#31;��ԯ��Ri�C.�to&amp#19;X�m����n�-�K�B��+~(�V��W?�֒��&amp#21;�Zj7w�&amp#31;�C�&amp#0;g]ߤ'W���t�&amp#11;x�Z�m�ZK=N&amp#11;i5Y�k�O0�_��М�&amp#26;�ѩ5
n����)�AI�¥I:�&amp#18;S�9J�����-ӲwW_z�Vo�wv����t�^��7�^M���ZX&amp#29;R�I�!���T��n<O�c&amp#25;��mB�v�O�5��&amp#25;Ҽ?��w��Iod�3�x-6��]KG���r_ͯ�C&amp#22;��&amp#29;7RS�%�7z��������#Ф����eM[P�ĺͼZ�z|&amp#23;~&amp#18;�+��c������P�����Ě������&amp#25;�&amp#11;]>�u�f�t)����[g�ӹ����᭒Awu&amp#8;�������&amp#19;D���ӵ&amp#31;&amp#29;Egb�&amp#22;�+&amp#25;K{�gĚ�2�k&amp#23;�i��YjQj���c3,&amp#23;��o�e�Q��Ԏ���E���c&amp#20;y�^�/�!7E+��F���N�99�%I�&amp#11;&amp#15;*�P�&amp#26;Q�R\���ݷ����[k���uu��f��^.:N�g���H4�cH�B���u&amp#6;�&amp#25;׬�&amp#0;�m#���F���	&amp#21;�֧is=�&amp#25;5&amp#6;�a��N���|&amp#29;����>2��մmsV�e��J5&amp#29;R���&amp#26;"A�ꚽ��&amp#26;����&amp#6;��x���N�V]&amp#27;L�Mb��&amp#18;�^xj�,SW�k�X��ƍ?]�&amp#27;�&amp#0;��&amp#15;����ե��
K��_����Y�-ϊ����&amp#30;i�;[�GG��羻�Z�F�����o&amp#22;վ+x�Ě&amp#23;��פӯ �P��Ak�k�&amp#23;�D��h���n�-k&amp#31;�g�N��&amp#30;�&amp#12;���ψ�|K�i:ַc&amp#23;��-/P�C�&amp#28;+Κ�a�JX&amp#8;�4��&amp#0;�B8�&amp#18;���	sS�`�)'5,*�S�YBW�UF�&amp#29;ǝ�+;ik����VV�l�v��G��^ �s�B����Z�zս�zN�&amp#31;��2�꺼+i���&amp#0;�n�	o�\���kws%ψ���6���H�"�Ŕ6�����u�o�o&amp#18;�h�0�j&amp#22;&amp#26;&amp#15;�.�çE�&��?�W�/�//oE�Ν{}��GU�:G��VҦ��͜�~&amp#5;��b��]�/<1�+���n9�ݵ��&amp#19;M&��xDAt�z�Β����]&amp#23;QԆ�.�ako�&amp#25;4;_
&amp#15;&amp#18;C<z>�.��iy{{q��Es~���_�&amp#22;��Z���֚f�������&amp#21;օ(&amp#26;|�&amp#26;^�ye�����X]hZ�K�;Z�\���XUS&amp#17;��񸊔��W�{&amp#26;�&amp#27;�%?a���N�:��5j����&amp#7;+Ϋ�;+T�Sn�w��z�+^�>[�'ut�ʙ�\Z\�Wɿ�-���t���&amp#11;���'�v��i1i:Ŗ�4V���4i�����Y��]>����&amp#0;T��E�[��&amp#31;�Z��!�&amp#20;�8��moo%�z����6�o�]�{O{;&amp#20;����iꖖ�l&amp#22;:������W&amp#26;m��:��{r}:�x]�E�iz���[x�[��&amp#27;�&amp#15;]��Ӈ�f�m��/�&amp#17;u%����6�&amp#7;�uM!#���]�&amp#29;7F�>/6W&amp#7;��!�̋PF}@���ޣ�
&amp#29;&amp#30;�L��Y��H�z���&amp#14;�r�^��Gq&amp#20;�ݭ�Σ&amp#20;��k���{y"��&amp#14;�23�эZ�J�k9E�N5!7&amp#14;e&amp#23;9S����&��t�ZiE�B��d����]oߑ��w���&amp#5;����z&amp#20;P|J��Q��&amp#19;N4�;\��&amp#7;�Z�����R�&amp#26;����X�[q���z��i&amp#6;�ai�����OJѴ�OsQ�����Ət�v��M�&amp#5;ҭ5hd����j�&amp#27;����b�QD����&amp#27;(!��F�qo��G�-|�r�.�t&amp#6;��<T�_���=SV��3��Xiz
�\ꋮi���p�Hִ�&amp#4;���h��&amp#0;��/�G�6�b���u�,m�K��mm/
&�&amp#7;����R&amp#27;+�⹐�&amp#15;�o�I�ﴟ&amp#18;^��6�&amp#2;���m6�M7Kд�&amp#19;E�G��&amp#26;��;Z��3�Q8V�(�&amp#19;��эERXz<�ޛ���
Q�)a�N�:�#Z�gQ�*�&amp#21;&amp#30;zUk-��K�h�t�m�Z�$�;޶�6�=�Z3C&amp#3;�'VҠ�4�~��Uմ�?&amp#19;���Ziz}�Đ\���JSD�5���I|&amp#23;4����&amp#23;]�����6�Bԧ��[�nko&amp#21;jv�\�}?�l.�&amp#29;6}N�tk�^�z��&amp#30;�q��s�&amp#14;�OK;&amp#8;nt�*EӴ�'P�ӡ�y�<LIO�o&amp#16;\�.�wm��E����I�ɩ&��i��]CO�;�}6������S���o&amp#16;&amp#11;����9o�����Zx�L��H�n�[&amp#26;]Um,���O�M#V:$r&amp#7;�ѯnŭ�&amp#22;&amp#2;�{&amp#27;�&amp#11;�o=p6�)B�����'&amp#31;o)�VUSp��B|׫�]U��
��V&amp#21;9+')�W}���~��7���ZR8&amp#31;&amp#16;��4��wU����"�m�m/��&amp#15;��T[O&amp#19;&�k�9/�H��'���u]r�K��/n�&amp#0;�-l�&amp#16;5��SC�&amp#28;n�{&amp#6;�u��&amp#18;X\�&amp#22;�oqk��&amp#2;܋���W6�Zzj1[�D�V���	�n�&amp#11;�Q5�:��B��Đj�Cm�ͩj��;Pծt�&amp#15;�\�q�?&amp#16;�
 �u�R4�a��կ.���K���4Y��r���Q���}���9��n��ҼK�i�&amp#1;�u&amp#27;���e�����Xh�����c&amp#15;�|C�&amp#4;�4�:�GӴ�ˋ+�����K��u�&amp#23;:^�i~=�:P�&amp#26;~�N�W�u��l<R�爧R�j��
J&amp#18;�J�UV�R���<D������&amp#27;E5����ݵu���qm�����F�H�-�mM���4]"%��-&amp#23;_�|[�+&amp#31;�Iu��⽴�ӄ�0}��T��o&amp#17;�&amp#16;A&amp#7;�t�mFk��&amp#27;��]&amp#18;�U��]7I�5X�]&amp#26;�&amp#22;�X�T&amp#22;�n��B�M]WN��|A�x_GK&amp#27;qewk&amp#3;i&amp#22;6�;:ψl
뚾��[s�&amp#15;��&amp#25;<&amp#29;m�xr�J[�cF�ּ#'���/�&amp#11;�:y/nn.m�h�'����X^h�Xߴqi�mN4�a��5�^0�G��9mng]:�;�>;���<=&amp#29;�zx����}n�O�]5���4{}>]M���&amp#19;�WZ��5H֓�J1����y(UX�&amp#22;�ʗ���
�T`�G�U"��K&amp#16;�"�ҙ�RwZ�����oT�۽���R�e`�6��Igq���Y}��J�"��&amp#23;������ͤO���[���u&amp#20;�R�el���Z@�ݖ��M�"YCy&amp#29;��wb��Y%��O���<Wy{���-��u��8��ֵk��7K�e��&amp#22;�N�5��^G�G;�Z���&amp#5;�u+Y����.� �K��&amp#16;�}iss>�m��7��o��&amp#22;�&amp#5;�1j/}y{���c�j&amp#26;����/l��]&amp#30;{�%K�	�H�`Ҵ�M��l�mV�=&amp#30;�C�҅��&amp#23;7&amp#23;�t:&amp#12;n�&amp#0;d��YO�Ii���ɅU5&amp#21;�(J�Ji8�9�^�N�ZE��N�Y*��&amp#23;&⢦�6iY�w��i.�������d�?L���ߤ�1^][�p��&amp#22;����&amp#26;�����ηyedno<A�M��&amp#26;��6���x��-�?��m|)w�=&amp#25;.�TXn4�5������&amp#0;�E&amp#20;	&amp#4;&amp#17;jZ�&amp#0;���B5b�ٳI-ε����!��P��&amp#26;^�&amp#8;�����I�[j&amp#23;�~�jE�&amp#22;w&amp#26;��5Y�vw���mյ�3TѬ��&amp#21;��o����S]&amp#27;C����͸�Y�\��� [�
'� :�ں�h&amp#23;�i�Ŷ���<k�޶�=���i�*4�����&amp#22;&amp#27;&amp#24;�`У�R{��6�[ڽ��z��&amp#26;&amp#15;��gJ�Rs�{J��&amp#25;�9Ԛ���^^ڴە)S�6�r'x��]��-u]l�]l�I'�j��&�ⶋ��)�7��z���b��lSŚ森x�O��h�L�~�v��>�ge���T���}q����n�vZ�ڌ_O�2�{�<$�&amp#18;զ}&amp#19;틨�&amp#27;[[K�>?&amp#15;�:���k1�����-"�kĂI~�sk���/��Ѵ듬�5�����y�&amp#29;&amp#23;M����λ��i��'��,�=o��4k=&amp#30;��:D��6�o��o�<:��s���A�_&amp#22;&amp#16;���&amp#17;�&amp#27;&amp#11;�kU��彞�,��0�]�z&amp#20;�	:w�&��,|a��jW�W��u�GP��K��	n�&amp#8;$&amp#26;>�&amp#29;��A��k&amp#31;'&amp#30;���}[&amp#1;	}n�9����Ԯ�i�^΍)�T��V�g*לjU�*�Z|��M_���nx����D��9r��t��ǭ�O����&amp#4;��_&amp#17;x3L��c��&amp#26;�j:6��k�f��&amp#23;�\�n&amp#27;����)��Z׉.n�/�lƫ��iڦ��Y���-?����?n�&amp#26;�m��&amp#0;����x��▅�&amp#14;k�'�<Iye�A��w�'�&amp#30;(��>O���&amp#28;iV&amp#30;&amp#19;�4�&amp#31;�:׋�Ɨa��y��5&amp#11;��[��9&amp#30;�����N~�Z?�&amp#31;&amp#19;K�{� �&amp#7;�&amp#27;�o&amp#14;���j~&amp#28;��<'c��C��x�&amp#20;�&amp#31;�.-|G�&amp#18;_�W&amp#5;|)n�$�<=��I�&amp#14;�c�x�Ş&amp#30;��޿/��4���&amp#24;��&amp#17;����7I&amp#31;&amp#18;�3&amp#12;��s�&amp#18;x7�&amp#30;&amp#15;��:N���SB�nl����n4{[�k�&amp#21;�C�Ie��/�y����-$�x3��&amp#0;��&amp#31;��?
��%�>&amp#21;��θ�&amp#7;����Q�&amp#0;�|=j�$(e0���N���&amp#11;�S�c&amp#12;�&amp#7;V�;X�b��MF&amp#7;&amp#23;^�;&amp#15;��b�Ea�Qu\T�&amp#28;Uu*��u&amp#27;�9Y��{���o{��&amp#17;��&amp#0;&amp#6;�wY��S��&amp#0;Ǿ+��t�&amp#22;?��g¿&amp#8;����"�&amp#14;���&amp#19;Y�}����mw�^"���O��"����&amp#0;&amp#14;ɤx���#�ΐtMb�&amp#0;\�����)��K���?�~&amp#19;��ү|I�xSI_&amp#22;�ZF��F�����OK�&amp#26;��N��:Z�x��&amp#19;꺪�ɧZ=�W�g����A_�?&amp#30;�/�ڵǁ<)�:����_�&amp#27;O�����W�:^�i�]�r�&amp#11;���Ɵ&amp#4;�&amp#15;x��׀�+���(��Ě��&amp#11;�WW�5��'O��&amp#8;~&amp#28;h�-��|&amp#25;�#�&amp#27;�|&amp#17;x&amp#3;�}�/��&amp#22;�K�o�&amp#31;&amp#25;�&amp#21;�&amp#26;xSþ,&amp#26;�7V&amp#30;&amp#22;�&amp#19;�&amp#15;E�<u�Li^$��◄|&amp#11;�x���&amp#15;�n��~(�|I}���G�_&amp#6;�]����&amp#0;5�<&amp#11;���&amp#11;˱�&amp#12;�x<�1��&amp#17;�U\Ej�����f��&amp#20;#G&amp#17;:&amp#15;&amp#7;C&amp#11;�G&amp#19;���,&amp#5;
X�(WǨB�Q�=��4���{	W�Z&amp#20;T*Rq�&amp#20;��Ӥ�:ӌ�)�R�̕I��u'&amp#24;�{J���;�&amp#23;��o|Y��&amp#27;Eе�&amp#16;x�Ʋ�gB�^��i�&amp#7;��&amp#27;�S�>&amp#8;�in<`-��&amp#16;�����&amp#0;&amp#17;���"�&amp#24;�-'&amp#26;��/^�Q�t=&amp#30;]?R���&amp#15;��~&amp#0;�b_�&amp#23;�o��&amp#24;���&amp#0;�~,�W��oR��~!֯��x�M�������\�z�H��I��;�t&amp#5;oj�ω%�/<_�x&amp#7;��&amp#27;�f���>"i~&amp#21;�&amp#23;�ms�:�&amp#19;x[ĺeܟ�o�&amp#21;j�x�u����>&amp#22;��s�I�x&amp#26;�	$е[v������W�4&amp#11;Ϸ�H$�Қ4���Sk&amp#21;�Ca&amp#21;�����=哋w�-#�gW���WE������y�pن"Y�w�V��K�?�/&amp#6;�����q�08�J�GN��X�2��B�:��Y��R���&amp#19;��&amp#28;&amp#14;&amp#18;�'�&amp#30;&3�4��&amp#7;
�譶rp��ewxF�[����]�s�\�Z�3�&amp#7;�E��&amp#21;��W&amp#2;E�&amp#25;�t�/-d�'�,��N�R�ܙ�5hJ�%��&amp#1;�O�!&amp#19;��vL�dP-&amp#30;Q5�2M"�m&amp#18;&amp#8;.Rmѩi�&fd�&amp#2;�{�[����;v�]��&amp#21;����{ƞ��Mi,C|���/ڮ�&amp#4;1^��V�&amp#17;=�ݮ�mm�*H5&amp#11;hg����$Xa&amp#23;k5��n�K&amp#29;��O��k�+��&amp#18;~�wj�H>�7��m�ѧ���%')(���-8�%��M;��~l%&amp#22;�߽{=Zz4�tZ^��}f���^��Osm&amp#5;�����y&amp#11;�YOlgy�	�G&amp#12;W6��X�e���.m�{]SD�Ӓ&amp#11;�z;j���I�����L|&amp#23;�&amp#14;��{[�|9�/�ڞ���\�6:-���g�\�n~&amp#26;�&amp#22;?�����&amp#17;u�&amp#21;|[��i��5��'�<�x��^!�~&amp#4;�n����&amp#23;?e�f�������$���k�,M��o!��m��-�.�'}:w�m2���&amp#6;��|M���Q\Z�:���x��&amp#0;D��[�Ǭ�=�V�&amp#26;ݥ�&amp#31;&amp#16;t&amp#27;�U�լ<_�)���}�j���,�!�Lԟ��&amp#7;�bOw �q9>eG&amp#19;NW�N�*�eE��:�����E�:М�&amp#23;��������1n�.&amp#15;�\�s(��ݺ���Ri��יk�|&��e�G�N��)�4H�m�k�&amp#19;�'�*/�4����U3��&amp#22;�&amp#30;��R���헋<q��k]���&amp#5;Ƒ�Yi_ۭmy��4&amp#15;&amp#23;/�&amp#26;ߊ�=��n�1�&amp#23;H���o&amp#28;�;ß&amp#17;�/�k���&amp#16;�w�<+�]ORӗP�K��j�P���x�n��j�n��x:����&amp#11;]ɦx~���W�+���&amp#15;|>��|T�&amp#2;>4|C��&amp#21;��o��&amp#21;����&amp#16;���O��&amp#18;�s����&amp#22;�x&�ŷ�&amp#8;~&��L�&amp#28;Q�6���Ǌ�����^񎻹��&amp#0;�V�&amp#8;�	~�~4��<G&amp#28;�&amp#8;���&amp#0;&amp#4;����}�ͽ�f+�&amp#0;&amp#14;���m&amp#20;�&amp#28;�v��i�#�k�������&amp#21;���\�&amp#22;�&amp#12;���;.�2ܳ&amp#23;W&amp#23;��ӯ��=x���<Bq�bp��j�q4�&amp#30;�iU����&amp#14;�UZp��#N�HQU�ԓ\֒�v����Zkee�2wZ�4����&amp#11;&amp#27;&amp#15;&amp#30;|G�mR?&amp#15;�xGB��P�f�'�$��;�&amp#19;j�XM4&amp#26;�hZM�v������4y5��&amp#6;���&amp#4;ҷ���|E��<I��{Ŗ���&amp#12;?�&amp#14;���&amp#23;�pj�z�Z�j���t{]F���(R}KO]A5_R�n��;�Q�-5K�+?�o��Ӵ��^;�%�6�����޳�E=�:p�V�A�~�u&amp#0;��J���W�� ��S�U�ψ4�&amp#14;Y�����&amp#12;���&amp#0;�J���&amp#5;�����."Ү4&amp#29;6�&amp#4;���"��&amp#2;X����	WQ�&���M9<��l�%�1��M���&amp#15;�&amp#25;.[����n.���%�a&amp#29;&amp#26;�ۤ�ҡz�&amp#28;�#[�5��k�ܢ�N��)�&amp#23;4���ҡN�NITug&�{){�I�Q�ٿ��Tl�ܿP?g&amp#15;�)N��|W�F���2#w�G.��[O&amp#5;\I��?�YjsC{���k:�}��V&amp#22;zd&amp#22;P�q��{R�ԅ��n��e��&amp#23;�H�4/����F�|Guq`�w&amp#17;�z}Ʊg�x�����j-j<���ԭluX�-���K����ug��ugc�[��=��(��h����D�U��/�K�=gM�ot�&amp#29; �ȵ���r�k5�iַ����Β �$��?l�&amp#11;�V�x&amp#3;�7��it�m&amp#19;�&amp#17;�g]�Ƈ��=Ŭz}�ƛ�;Pҳ&amp#22;��x[ki �&amp#0;�}�����Ay�i>"���;�5�1���.�&amp#20;�B�&amp#2;�7R��9W�q&amp#24;J1��S�IN�J�cR��&amp#14;jp���2�sgZ_W��&amp#14;�������|�t���'̓䕤��3m��&amp#0;]?&amp#19;�&amp#0;�o�g!t��<�&amp#11;]1�m^&amp#8;�Kۗ}&amp#29;�ٵ�6&amp#27;��-���&amp#22;��i�ɦ��,&amp#26;��W�&amp#29;J�/��n&amp#15;&amp#22;Zxk�|���;ˍ#�W&amp#23;~&amp#24;�n.&amp#25;�q�X�Y�^˧$�f��K�l�5&amp#3;u+�K{���P�wtu&amp#11;+mCM�.{�&amp#0;�?�U��|+&amp#5;�3�����K&amp#27;�&amp#19;�/��xt�|�&amp#28;ww&amp#26;���߆-/t�����Vm>�!H�M�KX���-l�e�&amp#0;&amp#5;.���Ko�_&amp#16;���t&&amp#19;hZ/�m���Q�����++�!���,��U��&amp#22;�wZ,0jpJ�����M�C&amp#6;�?��&amp#31;�qԸ� �qXI�G9��҂Rj8�2U&amp#29;)F�q����7?<��J1�/K&amp#17;QS�Vr�����,#V\׵�]����ڹJl�d�5��&amp#18;�i:&amp#20;�%��&amp#22;͠+kV���Y]�zm��&amp#30;�����Vk�6�I��&amp#30;S[mJ+�gX�����V�:&amp#11;ۭgL����=CH�b&amp#18;ꚵ����&amp#0;�����i:�j&amp#26;aӬ^�N&amp#6;�]&amp#30;�U���&amp#0;��A�����t�&��
&amp#11;9�&amp#5;���m�&���Y�/&amp#14;i�&amp#24;)grڶ�g&amp#29;�����!����;�^���meeh,4�&amp#5;��n>��o&amp#1;�۝j[�mCQ�n�� ��S���˺y${;@�Mma��<�j�p.�g{ir��ڑa��?�&amp#31;�MR�'��&amp#6;���s��&amp#26;�pPr���'J�e&amp#29;!&amp#24;FMFG�u�_�uy-U���r�����vnM�힃w�]�ŧJ�%��M����6��܋{&amp#11;�&�{hm���umr)�l�ю��躶�lDZ&amp#3;�O�G�!w���&amp#0;&amp#4;�&amp#0;��<9�;&amp#8;�&amp#21;��֒���osw����/Jլ��%�MoM_&amp#26;�&amp#26;_�u[+�m,����Ky��&amp#21;Ǝf�����nW��[7�k&amp#4;7&amp#17;3�>���&amp#25;"�j��5��V&amp#26;T	%���WV��^Zm�͊�&amp#6;}CH�+mI�&amp#23;�i��]���Sþ(�u�[D���_	����������i�&�t�l�&amp#16;3�LɩYZh�\��O�&amp#15;�ml���1��sW�&amp#28;q�&amp#24;>:ȣ�b�ƅ~Z��8�B&amp#23;�bc%i{:Q���W�|��Qk&amp#15;&amp#6;�*�u$�2Lή&amp#3;&amp#29;+FR�>XU�w��i�8�O���(��R�\�G��x_E�5��^&amp#30;���&���i�ޭ��}��R����ou!e���n'���_J������|D/���&amp#12;�U��&amp#21;�
ڴ��� �&amp#15;��&amp#11;M'J��&amp#23;���&amp#21;՝���τ����&amp#29;S�kwey���P�W�g��&amp#21;�6�&amp#4;zf�r,o�����&amp#7;�
�w�������C]�!]A��"����LҴ�R��&amp#18;{��+B�����&���&amp#29;RH4���&amp#18;�%�Ե)�vj/�&amp#18;��&amp#31;&amp#28;~	~�~&amp#1;ѼQm�x&amp#11;�&amp#30;"��������n�&amp#19;g}c&amp#30;�}�i���Z�l�5�[N���&amp#23;_ֵ&amp#14;���6&amp#26;ǈ%�� �Q�3�&amp#14;&amp#11;��&amp#12;q&amp#21;�c&amp#21;\�)�jq���sU�V���N�Oi&amp#5;&amp#26;t�&amp#26;N+>X{K>I�&amp#17;�~�C&amp#17;���J�״Vv�q�&amp#11;JI�g{����[{�9D�3�&amp#15;�9q�&amp#15;&amp#17;]|&�|Q�^�v:��c��a�5=7R�G���;J�&amp#21;���i&amp#28;�W���{��ς�&amp#28;��͒j�x��W���&amp#23;�$���@?iԡ���&amp#4;�f���C�Ei&amp#22;���&amp#29;^�N�mSD]B&amp#11;&amp#29;N�-:��&amp#18;_I4ȷ�Wz���j�����	�G��&amp#0;٧��x��Q�&amp#14;���&�&amp#29;�i�U���=���Y%��&amp#12;&amp#26;L�S�oq�5��&amp#26;��>�kgs-��z����?П�?�l5߅�W���u�&amp#15;&amp#29;|8}c�:�k�&amp#0;۷pk��m�&amp#26;����S�Ҵ��}sN��5��?�k��z�S�<&amp#15;a=��&amp#26;&amp#8;~+��W��✎�x��ʜsl&amp#4;�a�c��AҞ.&amp#28;���g���8�I�x�M*�Ia�R��vP�7��UEΛ�%k?~�ro�_���_&amp#12;����G8��&amp#7;ï&amp#19;��&amp#6;Y��&amp#29;���E&��j6�ay-mo��o,��-��4�&amp#25;�W�&amp#17;G~�_h�z�����N�em�ǫ��F|i�+O���W���&amp#16;�m&�u��Z��c.�m#��n��&amp#26;��4_&amp#11;�Z�5��V�l�1��֏m�k0M}b�|y�__�&amp#7;��M�H]x��&amp#2;�A_&amp#29;x��z{^�^&amp#31;Ӵ}9�6ӭo�KM)4k�&amp#17;���0x��:��&amp#30;��\��!��4�&amp#31;�~&amp#28;�C�����&amp#29;G��j��4zV�b..����i�h��jV��O&amp#14;�\Y�Ck&amp#20;�=ݽ໱�״y�}b�X���P���kdѣW&amp#19;EI�(ᣃ�%J�:uaK&amp#25;�U��G�Zt'V�:�T�*mb�&amp#24;�\��RNRI%6�d�q���>}tjɾmbܚ���&amp#22;ڼ&amp#19;�4v�2ZN#{]F�Cw��F�#G$SZ\N�\�&amp#5;^X�1��
A:�x?�~s�9 &amp#30;���&amp#28;&amp#12;&amp#28;6|��ַ�&amp#25;Ŗ�&amp#21;��&amp#19;mx�D�����N���/�2K&amp#30;�&amp#6;�i�<W�&amp#18;ͧ�]����]gN��t�x�Ǔ��&amp#23;q�&amp#3;���s�wcצI�Ǉ��K	^�&amp#25;4�u��R���87&amp#25;GGi�PoG�&amp#25;)EI8�&amp#23;̯��Mw���{��v�w^/�H&amp#7;dN����Ns��d��#4�&amp#0;�:����^����9ڵ&amp#20;a�Ϊ���R�i&amp#20;����XƮ��FY7�+�&amp#0;-&amp#21;�&\�v2{���tǮ�pI�݊�{���z��Y^�&amp#14;&amp#26;_ܧk�ѫ��U���n���Z&amp#4;&amp#23;�&amp#25;�_�&amp#0;�z�^�Є [iז6W�ZU�������W���&amp#14;�&amp#15;٭u&amp#27;�ג&amp#5;��{�t���;;I�O��k����'�]x�D&amp#26;ίom6�eg�6�w&amp#21;��z����V���t�������..�&amp#25;"��+�ҵ��k�6&amp#27;���ܼ�	&amp#11;�X)&amp#27;y�`&amp#25;��;X���d�+� ��uԆ�$7>&amp#20;�%����Z&amp#8;��&amp#20;��6����Ie&amp#4;�&amp#30;�1�kY&amp#21;5&amp#8;&amp#26;�&amp#5;�Q6������^o����]Xba[*�MN��^50��S�+�t�EAC�˚�j�B���vV�E��Ւ�wKG%�����E��"U��|I��>&amp#18;�&amp#26;��m~��Ǖmx�&amp#19;]iF�_&amp#12;O&amp#21;����d���d�4��4&amp#30;&amp#25;��oe�l ����U�\�v��)���\�8�Tw��ޏ},k&amp#28;1Y���O����He�Z+k��b�Kc�4�wr~ڰ�]jо����l�Z�i��K���^�E&amp#14;�2j�]Ŗ�&amp#28;&�Y'&amp#23;&amp#22;�:����+jW62ͣF��3j>&amp#26;���u>�ml-�H��&amp#19;jo
[���&amp#11;�n&amp#4;��O&amp#5;Զ�	E�ηQ����I(��qo�����&amp#6;�ciT�E�Ʀ&amp#25;Ԕ�N&amp#18;rQ�?�R�L3s�播^T�&amp#6;�R�E&amp#25;�ƢW�m��&amp#0;�����e&amp#29;l�&amp#12;xK�_�l��L�Ҥ��m2��S�n��J+K���Immo�&amp#7;�4{��E��կ5&amp#11;h��!%���Ej�j�N&�����������u�me���VӴ�*��=oX�׭|Aem��&amp#28;h�,���R��T�v�6�&amp#4;6z����+)��'V�O�|Qc/�/<?��&amp#15;&amp#17;^�uiq�&�~ֳ��%�[��a�cyko��&amp#0;e�qgn�&amp#31;�幷:�wF_&amp#15;���_�N���E��_G�&amp#24;<9u}u�m;�&amp#22;1]�xB�S��5;���n�u;�GģVӧ�Q�&amp#4;��j��^��ioy�O7���3��,Mz&amp#20;�Su�ԧ&amp#12;<�V�"��J�&amp#8;C�{<&amp#12;g[&amp#17;�Q�JT�ʄkJ�5j&amp#30;ƥ�qw�=6�Z]�)�f��ݵ^�����{_��&amp#17;�!��&amp#31;X�.�?����?&amp#30;�Ml�~��]j&amp#22;�P��~%v�w��O�j���7c���&amp#26;&amp#22;���m�x���߶�&amp#21;�i�Ca&amp#15;���-���.%�b�&amp#26;힝&amp#3;ºn�e�Z3&����[��,��?a��[[O��P�&amp#23;���g�8��-���.���cO�ӑn�]&amp#27;IO&ki&amp#27;�&amp#30;&amp#11;��J7w��A��[�i&amp#16;K��˩\�Gq&amp#12;6�2O�x�^ԼOk�G�iZT�=������׉g���]\x����7����5KR��Dԍ���'���Z�X}B&amp#27;�OH�F�u&amp#26;qU(Q�e�Xӧ
��=YӅ\F&W��X~j���xe&amp#26;&amp#14;���#Zs�K&amp#21;�%ɻ�;io=[�U�V���&amp#25;��|A��u&amp#8;\h&amp#26;&amp#22;�sq��]&amp#15;�Z�Ş��O�G6��h��儮�����oU���S�to��_Y�&amp#23;�0��v��&amp#27;�y�o�~&amp#31;�&�/��o�[-*�P������&amp#29;&amp#23;C&amp#11;tZ�Mw@&amp#19;h�c+��jO$����nob��&amp#27;����u&amp#24;���%�]���x���&amp#8;5k}.�&amp#15;&amp#7;iv&amp#26;���nn�a��SN�σ/u&amp#29;&amp#27;\�WR��K���A�x�X[�&amp#16;�ip�Ivٺ&amp#6;��;�ύ�-�4O	x����4�#I���Ӥ�|C���H�����-f�|Ewm�Zj��a���~&amp#20;�ς��&amp#14;,2j�&amp#30;�7ûk]j�&amp#21;���ъ��x:T�t(8a��������"t\�:��	��+&amp#23;W�&amp#11;,TᇛRt��p���R�M�Y-[�յ�j�-R�7�3�|S�EjwZi7&amp#26;'����:֡a�xn��ž!��=-��>&amp#27;�&amp#30;��[h�u���*[�ׇt�OO�M��:/��?&amp#12;J�׷<&amp#30;���E�|H�2���h&amp#7;Q��+{�_���	�jzu�ί����>$�_����&amp#30;)��&amp#17;��&amp#27;@��v�=��a&amp#21;�:�����g�m<3��&amp#23;xV}k_�4ɵ{�;W���j&amp#26;���?&amp#24;j~'�Ş&amp#8;>&amp#23;��|D�&amp#6;�.�a=��&�⋱�x�(���Y�=�zn��=��M[U�6�`-|_��B��J�~���~&amp#25;Ӭ5H�&amp#29;
o&amp#18;oD�Q�.���_&amp#14;���t�R��ě&amp#19;D�×��kC��&amp#24;IB8nY��T�&amp#23;�T'������k�&amp#19;R�h�T�&amp#21;q�jb��5)a�T�*ܝ&amp#17;�&amp#20;^�]&�wWn���&��jJ���&amp#23;��u���J�Y��e���R����U�mJ�T�5.����Itk��B��x�IӴ�OR���/�[.���_i0�&amp#25;q��&amp#11;k�/�|/�O&amp#15;[\�V�k&amp#11;&amp#7;�%�&amp#26;h���;=V��)�a�_&amp#2;k�$�G�<5�Z][k/�&amp#19;�z>��`��t� ��ò|�m�+B�v���i�V�w�J�:����1��&amp#8;�[�&amp#15;��/�%_^�����U�&amp#30;�j�(�m3X�/�+�%е}&�[�[x���]Ʃe�KŞ&amp#27;�b՚O&amp#22;�E�x�J�&amp#12;&amp#17;kZG�,�l�;���&amp#19;��w�j&amp#17;6����i��f�\����&amp#6;?&amp#16;[���Y��9(ʎ[���U�9b1ѥ8S�]ZR��J&amp#14;u%��,㎧:Jr�&amp#25;�*Є�jԹZ����sN��1O��iͯ2>�MG�E��:v�m�k��&amp#18;h���J�<&amp#27;���m&amp#31;R���	5��4�B=GÒi&amp#23;&amp#26;����!ӧ����4��}&amp#14;�_��N�¾"�5&amp#27;M;D�s�&amp#11;�����;MV�u;&amp#27;&X�[p#���K�]��O�H�'��)uXd��Ӧ���uM*�}no3��ό�o�&amp#30;&amp#6;��n5?&amp#15;�Z��u�/&amp#20;[x��w:�����&amp#5;뒝^�B}i�&amp#21;���u�K�S��e����&amp#29;;��� ����i:���p&amp#30;;�~&amp#31;k�\�I��i�&amp#30;.����}[��ܶ�������-G�O��Z��D�&��&amp#23;�:����&amp#15;&amp#8;5ܖ:���&amp#26;{��&amp#27;�����e��&amp#12;;��&amp#16;�J�"&amp#24;�&amp#24;՝*��&amp#17;��&amp#12;E8�xyև��zTҩ9�U{ZT�J%EԋjV�j���T�&amp#0;Ų�%�I����&amp#20;|'�&amp#0;�b}oK�%6�c���Xa���V��b�uO�sW�-��k/���=؞�H��;;u�&amp#29;�<�+|D������8�/
ǨͫE&amp#14;��%��y|%f�-�k&amp#22;&amp#23;��&amp#15;�.�w>�s�ݭΡs����<R&amp#11;+yx�&amp#5;j�&amp#26;��ao��x�Q�b���G�OЮ��-&amp#30;��~&amp#29;����?�j�R�pZ��k��ܶ����&�w����&amp#5;�K-&amp#18;�&amp#0;D��t��}�F&amp#22;&amp#30;&amp#28;��G����i�֞#�h�K�;(<5&amp#29;���&amp#8;/o�&amp#29;&amp#3;C���-�;&amp#6;�a�>?&amp#5;����
��IU�5^���&amp#27;��Jpq��ȝ'�e~gNnr���-QZ)��޳�{뾷��M7w����Mi�iط/kq������ѷҭ,<I���t���&amp#30;�ww��zJ鶯�m&amp#4;�k��{l����]���&amp#0;�&amp#25;��&amp#26;Y&amp#14;%έii���^&amp#27;K{&amp#27;�&amp#3;Q>#���4PuM&amp#26;�&amp#11;�uM8�&amp#0;a�Z�i�&amp#23;z&amp#30;�h���g5Ư&amp#20;V�SN�a���p^�Gm{�=fhb�Q�՝�<k}��Z��n"����o�w�5~�[Ե{�I���W-3�&amp#22;�gq%��E�1tK[�&amp#18;��E�.4qygu���m��H-�M�\Y�{&amp#29;��{N��o.��u&amp#11;+{V������+�=*�N識ʒ�'*���|�&amp#21;9%Y?i&amp#24;�&amp#28;�µ9���=ٯr�jӧ^U*�j��&amp#23;M&amp#30;������h��6֖�Q���5-7G�M)�t�hј�&amp#11;	R;mBMb��H�'�&&amp#23;ZL&amp#23;זK/��&amp#18;�so�7'�.l5=U&{����:����������ڕ�k5�6~&amp#29;�t�K�֗N��H��帟Khu?&amp#19;ꏩ+�ޭe��&amp#23;�t+/}�IҴ=&]?��.��0Ѵ�4�/��?A�ť��|Z&�&amp#27;5�]��F�����u��mo��\�&amp#19;P��Dֵ�5�:;=Qb�Ƈ>���,�t+��:/���[W�|>��@lͽ�kz���� �L���ey�LU^w&amp#27;��9E&ܫ�t��,(�NmF.�c&amp#21;V�%O�BJ4�OK%��^��$���k]�W��l'��&amp#4;Zn�i���-�j˦ťh�&amp#11;�+}^��&amp#22;���N��j6~"��Q�\&amp#26;��o�&amp#29;9m�5s�_&amp#15;\_�}r���4�K���&amp#26;���-&amp#4;}�4m^#�Xo�4�.&amp#31;&amp#16;O�&amp#24;5���ik&amp#6;�ugy-��o��&amp#16;kS��&amp#0;&amp#18;�qͧI�ɨ�Zb���xZ&amp#29;^��O�_���Ge�?
K���{�:�M������������6�VQh�ֵ%�ɢg�z��f���.t�&amp#26;�4o�S�&amp#11;M&mw���x�;ku��&amp#11;�?�K>Į���&��^G|�d{�WG�-��r)�4�GNқP��p��J�-:U%:pu��(ҝ8J>���Wu*˓&amp#15;Z&amp#14;s�c:|�sn�x�j�--��+꒽ܒէ	�^��=OZ6f;��&amp#31;���w�EʥΩ=��#%���k�GF��Ek�N�P���n4����)���d��s��j֚U̖zt&amp#22;���,�;6��h���&amp#30;�>���\O�j�o�<#nu�&amp#16;��&amp#25;&amp#23;&amp#23;QꚄ���M���]Y�+�&amp#0;eEu�ɣ�\��4ִ�W�Z����w��[�wg&amp#5;��gƚ��s��6zu�iZ������&�K�u�.;���6w�WK�h��v�f��x{�~&amp#23;�4�7&amp#19;�G>��/��/[��E��կ<Awgo�Xou9n����Q��u�����q��V�hS����ϕSj�9(�Z���^U+մ&amp#18;�(U�&amp#22;&amp#16;^�p�
ˮ����׵�������C�>��N�����vW&amp#23;&amp#23;�YXۮ�o��&amp#0;�9�Y��\ͩ�0�ۉ"�K�=:&amp#25;�Yu+�&�,��-g��[f�H���PIc��4#w��M*��&amp#22;��ɧ���M����Վ����X\y�CH��ock���4�mB�v�Rk1Z��q�J,��&amp#19;Rm>��U����f��U����kK�w�'����%�&amp#26;�����ͧ�I�^��N��ݏ6��Y�:&�ln-�ts��[�߼&amp#17;�&amp#26;��躁�[e��&amp#12;&amp#3;L{�u�;[��I4&amp#27;�Zo��^�kW��7Ϊ�&amp#23;)Tj4�&amp#29;�K�NQ��9&��?�	Ԫ�LM�t�w�ݟ������5d��xsV�mF��h./�&amp#11;���j&amp#17;&amp#27;-f&amp#11;&amp#11;/&amp#15;�_��(�&amp#23;�@��ƾ����Zv�sq>�}i&amp#18;]�4�6��^"�]߁Ǖ�h�$��8���+]Ӣo&amp#18;��"mD]�j&amp#22;W���5��𷱝#��U����&amp#0;X��׾!��օ&amp#18;�F���N��4k�"&amp#24;&amp#23;�z�}Bx���Z�K���o��A������Xm�ծ�o�&��I��7N�+�6�j>��O�aD�&amp#26;r^$����.��1&�&amp#27;�8�V���&amp#7;��R��&amp#6;�K�leʕ:є��9TJ�%V_�^��p�N5T��M)�Q�+��Sr�ZK8٫Km&amp#21;��+��=�OK5���&amp#5;�&amp#0;���^&amp#26;��|A������oL�޼u�|;����T�v�.�|�Ǯ�x_Z�b�ϵ�.t9��uW����Zk���j��_��^ ���&amp#31;��&amp#19;����&amp#31;&amp#2;E�-/�~!��=o��&amp#23;^&amp#29;��q���x^�B�5'Ӽ+$>&amp#18;�+g�?&amp#29;��qh��P�����U�ǧ��U���&amp#0;&amp#4;Ż�&��&amp#15;��&amp#0;�&amp#23;�/����]�WQ�<E��&amp#8;|vѾ&amp#6;��@y���,��F�<S�WZ���*��ĺ�����#⿇W>&amp#23;��&amp#30;m&�L��|]��&amp#31;e�,��>&amp#16;~�^&amp#3;���?��&amp#31;�?Ï&amp#15;&amp#12;X\i�M��<c��Xhz?�쯼]����&amp#30;%�m�k[]&amp#31;R�n��]��[�"Y��Z��5K+��&amp#0;W��&amp#28;&amp#11;�&amp#24;z���U�~!����qӤ��d%]*�̲�5z������P���&amp#8;a�C&amp#23;V���V
5���M9sEN^�O^E&amp#23;&amp#6;ҏ*溗3����m��ᯁ
?f�2M'Aӭc�4&amp#22;K>�ao&amp#21;�%̚���O&amp#17;k��G�Zx�R�&amp#26;�O�ԯ�.��(4�&amp#3;��&amp#26;�B�`���ח>&amp#12;��&amp#0;���o&amp#20;@�^� �.����KG�L����]~=[S����&amp#16;�5�]�&amp#30;&amp#23;��&amp#0;I�
\i6��.��&amp#17;xKY�f�&amp#21;��"&amp#11;�᫫�N++	5�-��&amp#18;Yǭ<��ˮM&amp#16;���ѭ���Ο&amp#30;��-�W�Ww^&amp#30;>!�x&&amp#11;(<1��WJ���moH��a��RKH��,4��߈&amp#14;���1��#�����wS<&amp#26;冺5�G�o}&amp#5;�&amp#0;�5&amp#27;n�.`�:�&amp#19;�ce��N&amp#11;�*��_h�
uUx���:r����rJ����I�3��r�EEF��\��٫_Tխ�\�7��>l���4�5��~)~Ϛ�&amp#16;��>1����>>|&amp#17;� ����{�>#���	�ׄ�,�_��&amp#18;&amp#26;~����ǅ<&amp#25;g�|S�_���>-����1����?�^&amp#30;���a��&amp#7;��&amp#0;&amp#16;����z_&amp#19;���T~&amp#0;мC{��'��&amp#0;&amp#15;ƻ_	�3��&amp#21;�O�&amp#19;ͯxS��<Ѽ^�5ҴW��&amp#6;Ǩ|G�~&amp#30;~�>,�lu�&amp#18;�~
���o��&amp#29;5o&amp#24;��[�4�~2��⇃�[g�_�&amp#30;����&amp#7;�_�t?��&amp#16;�Ե�nC���B�{-Oº��&amp#22;����&amp#8;�F���x[Y�/����&amp#31;&amp#31;x�D��L��a�/���Ǉ?h߃&amp#31;&amp#29;��>&amp#4;���u���>4�7�|&amp#19;�/GծS��&amp#15;-�&amp#31;�0�^&amp#28;�N��&amp#7;����2��[��:�w��3��uC��&amp#19;]�o�G�&amp#21;Ꮙ�9����F��n%�f�nw��&amp#31;�&amp#3;&amp#31;���+ѕ,&amp#21;�qn&amp#18;�[C&amp#11;
�ڮ��C2���zXl�2�&amp#2;Up��|4V"�&amp#4;�&amp#20;a	Ԧ�̥)Y6�'3S�Y����VP�N�JM���&amp#20;jV�&amp#30;��V���|Q�&amp#19;�L�&amp#0;&amp#6;�&amp#26;��&amp#21;t;S�X�y�&amp#26;xS�.����O
xo]�W&amp#12;�ZW��o��o�^&amp#20;[��[O�x4�&amp#12;<��wT���&amp#0;&amp#3;��j�&amp#11;|/q6�&amp#5;��l|=�X���֗�����6�&amp#30;��c�5d��X5=:���_k&amp#12;.�;I.�;�-���&amp#0;1�1�&amp#23;�_���:x��u�&amp#0;� &amp#30;&amp#27;�&amp#31;��&amp#27;]��តs���o�&amp#30;4�u_��|1��&amp#27;�W����&amp#0;�m&amp#23;�?�_&amp#3;�Z�>0|G�uo��v���&amp#5;h&amp#31;&amp#12;>&amp#7;x*�Q���&amp#23;Ž_�~5�L�x&amp#31;Z�{�RX|I���_&amp#15;�[���|G�|>�&amp#16;����tK/&amp#29;�3��&amp#22;���&amp#0;&amp#6;x�A�����]{�'�Z���&amp#30;�I����uØJU1�A�f?Z�O�a1~��`+c�*���&amp#7;&amp#14;�t�B��X�F�&amp#27;&amp#15;Z�&amp#26;x<&amp#19;��K&amp#15;��~�q&amp#19;�����8ޛ��F�����Rr��"�)B-s��iss$}I�hַ&amp#2;�[���O����Yf��+�n������&amp#11;Ȁ�&amp#24;��cmk&amp#29;�����&amp#12;�,�c>�h��M;ݍB͖(f{5"I%&amp#12;%�&amp#30;${�vy�&amp#6;8��Gw:Ar�qn��{6��t�����i&amp#20;:�齼�-&amp#26;&amp#31;�jw&amp#18;J�z��<a��&amp#5;�e�I�a3��(�.��&amp#20;NW\����=&amp#28;隅����7v���if�|76�z�i�I ��(�ArQ&amp#26;��c�Coh�m4�,&amp#31;5&amp#12;]�4�.Z�F2|�BN*.3ּ�R�2j�]�F�e3��8���O乛��[.mu�&��c�X��&amp#2;gX�2�&amp#14;�m&amp#4;��&amp#18;[ɧ>�&amp#5;�Kyr�Hڜ1��<�۪&amp#11;H�J��N��~H�&amp#22;���[�Z��&amp#23;�&amp#0;�q�BY&amp#17;�g�Ŧݧ��~F�e�������	�&amp#18;ڽŚ��%čl�b;�b��&amp#17;Mt�|�ͥ���=��j�,����k�{&amp#5;��k��*\I��DQt�%���H�&amp#22;�m��$ֲ[I&amp#23;ۥ�k{�`Y����M+M;zP��i�mZ���Ԧ�)FW|�<�wnO�Ԕ�+�IZI�wk�i����n��f��O�&��q���6|m�G�t�O�zf�i�>h�$ҦK/&amp#27;i�&amp#30;��.�k�ėv��6�&amp#15;��&amp#25;-Ժ�&amp#0;��&amp#30;�S��&amp#15;�4&amp#15;&amp#15;j~"��t�l�&amp#28;x�\��|�|&amp#29;�WC��|&amp#21;kq&amp#7;�~&amp#26;x�I�&amp#15;�q�i>&amp#18;��_ĉ�1&amp#7;�>&amp#17;x&amp#27;�&amp#26;����gZ���߄t�&amp#8;j>&���N�?��I�&amp#27;oi�Vz���Z��ۿ���&amp#31;�+}kǲx[,��&amp#5;��x��7S�4�{Rkk&amp#27;�]wTЬu_�ئ�&amp#15;�&amp#6;��&amp#12;�k:^�5	tkE�V��%��A��>.�|&amp#29;w��|E�e�xo�?&amp#11;����׃�'��K��&amp#0;&amp#24;<	�&amp#5;]x��~&amp#19;�5]M�д&amp#15;&amp#11;xK�&amp#30;+�%��e����!&amp#22;z,Z��:/ã�xOR���1��&amp#22;&amp#23;&amp#21;��&amp#30;�,&amp#22;c���a��jbp��P�L>"�&amp#6;�&amp#12;5j4��0X�%:��ӯ9fV���a0&amp#17;�F��y��{Fɧf��w�~웳Ms8�uw�~�~&amp#25;��~&amp#5;�-&amp#26;kmF�^�?��&amp#23;ž$��Ս�iڂ�V�iqjS�&amp#30;���Gy��R=��s��K���Ko&amp#15;�ڪ&amp#15;��B�[�OQ�����/d[���I�k�>�}gP�K]f�j��;�EӮ5�o��w&amp#23;:�*�1�ӯ��&amp#11;��&amp#31;�<e�&amp#23;h�a.����Y��Ŀ�=��&amp#30;�i��iwo`7Z\�	�{H���H���<]&amp#21;���� &amp#18;���qO��xkG:�WWw��@�,o�K�Əgm�&amp#27;�7I�uֶ�&amp#29;Ż��I�[\���&amp#22;���&amp#20;�[����OL{) ������&amp#31;����Z���3y�q���	C&amp#27;��of���)F4�8ӌcN�T�&amp#25;E�5��D�nJ�-�����uf�&amp#27;��v�Vi\�-�+`�&amp#2;[�](xn�&amp#0;M��5����YΝ�&amp#4;�hW���uK;)��a%��y&amp#29;��^��V���s��2���X��Z���U��ZEu6�����T���R��>o�4�&amp#30;�:���P���c�E}�\ȗ���`���8&amp#19;XHc[��4�:�V]7G�~���.�R��m4=b�O�ml/�'h5&amp#29;&amp#23;ᦒ�F�����L���4�&amp#27;6A�k�zj&amp#11;�� x�{&amp#25;/m�x��&amp#18;Yޖҧ�u]r�%���A�Iw�oP�[���}�&amp#0;�&amp#29;�&amp#0;�<e&amp#6;��������f&amp#18;�giN*&amp#18;�4\#&amp#23;7&amp#6;��R拌�ʝ����)�&amp#16;��4|�Փp���'e����ZY���ӓ�~��?&amp#0;?kψ&amp#31;���h�&amp#21;��&amp#26;f��=�x�&amp#26;ž��Y�&amp#19;ۺ�]�BT��@��&amp#30;�U�m2�4���k+Ɔ��I1�8��>'����&amp#8;hZ���e�h&amp#30;}�w&amp#30;���gR�$��D��t8#�%��4&amp#18;���]ǡ�闒i�j�E�-�h�zǈt��Ҵk�rY5k��:tt�l�mRK�'KW���[��&amp#4;�[M�-��u&amp#30;���2�&amp#26;����J��W��&amp#29;B����i2�A�?&amp#4;Z��&amp#0;hѴ{�}&amp#14;�]&amp#11;Q����{k�>/�K�"&amp#27;;��&amp#22;�&amp#30; �y!�^�U��oE�������;,��r9e&amp#26;y�)�q�8�՗��X�&amp#25;JW�V0�M;K��sq�&amp#20;���c~�,+�͇��,�QMY)ߚ0vVW�Z+4����z����[���/���tĚT��4�i�x��ך���z0gH>�%���}�=j�A����Y�w&amp#31;F�GF�{����]&amp#31;�D�&amp#11;��ׂ�O�����:/�.��qn����/��Eݍ��p����G��<A-���J5X&amp#18;I�7��E�k=.��Z��t]c&amp#26;m�ڵ���MO]&amp#22;S�ֵs��ss��gR�&amp#29;}&amp#1;��6��U���\����K4�:���\�i&amp#23;W�^&amp#31;�g��+K�ȳ�5M&���\��_�[�&amp#15;�h��zZ�&amp#26;��P�w�
Rp����Q�NSp��i٩�7j&amp#17;q��EBSj&amp#7;��Δo)k&amp#23;&amp#27;��NJM�.V���-�P��徶���F����Ǩ]�f{�;X��U�������x�_���+MQ����Lҙb��.�&amp#0;�/u)���&amp#7;���~z��&amp#4;Ѷ���':uն�&amp#21;��jm&amp#4;�}��P�t��&amp#4;�󭞝$H!��ng���m&amp#6;Y��/�f���?�Z5�i��K�=`�#OӚ��V�EƓi.�}&amp#2;]Iu�C&amp#6;���ڨ�:/��Eխ4��R����&amp#31;U�o�z&amp#6;���&amp#16;Oiq}ot&amp#19;N�{�sM�^�5ދ*G�K}���e���A�^�&amp#6;h<Qu0�&�e����WM��p��4q�����%&amp#21;9UN��)*�ZRq�_4/)G�&amp#20;�4�I��a���2k޳������f��ݒoM$䜢�|�pnt�g�7&amp#22;z^��&amp#27;]f�SM����&amp#21;կ�B��N���$�����u���譵&amp#7;�J׮_B��KO��Q��Q��&amp#0;�Ǐ?g/&amp#17;��?&amp#3;�/&amp#20;x��ͪ�ݛOӵ�&amp#0;��&amp#12;Ѿէxn�@�:����x�&amp#29;2�&amp#29;"W�'��������&�Ѯt�=<P��>��^�[���6�]��&amp#16;��}^�RԵ�&amp#14;_k6�&amp#19;�u&amp#27;��&amp#6;�m,���&amp#22;����&amp#11;k�Umc[�O�W��b�]���N�y&amp#20;z��V�����v��֏%��&amp#4;ZƳ�&amp#11;K�&���$w�����a�{�3K����/�'�էX#&amp#31;���'C&amp#25;J�|<�F�"�*&amp#30;֞&3�&amp#18;��JR�VT�iϛ�rƺ�&amp#21;&amp#26;����)s���JR��jP�q\��Z���/w�T���7�u��_���?k�&amp#6;��&amp#2;�Ӵ/��&amp#12;Kx<Y�}oH����&amp#27;�-��S��[���y���8g��e:u��g%��&amp#29;�&amp#0;�uD��m����&amp#0;�zG�&amp#15;�?>#����>&amp#19;�΋a��	&amp#6;�!}OX��&amp#0;��!�&amp#29;C�Zh�������úE��:l��}�&amp#11;[�&amp#17;�:���y�?�π_&amp#24;n~
�t�M�i��'�~&amp#19;�~#�&��P����Y��ú9�����&amp#26;�Z��g��u�;��au��&amp#28;��&amp#0;�K���9ѼW�o�o�&amp#20;:���&amp#23;Xx��Z���|7�hZ�Ѣ?&amp#16;|'��&amp#30;4�,��Z�V��ڝ��4�6pڕ���X�\]^iz�C=��Þ,p?���Ж&amp#7;�ǅ��R�"��NX\��"-b(Q�R��s��(fY{�8���N��*���^[���.yr*�ھ�NJ�3QwQ���%���.��>!��^��C�&amp#19;ա����&amp#19;�&amp#26;��ZG���&amp#0;&amp#14;j&amp#17;��\�N�����OƗ^kj�&amp#31;��	�+&amp#23;]�����֩�����5�ޭ���&amp#31;&amp#24;i��c��&amp#27;NԠ�"����W�,�t�)!�Y��էh�����e��jPxz�K[���)���K&amp#29;o\	1��{&amp#31;��Zޫi�&���-&amp#2;����&amp#22;��?&amp#18;�hw�x��3c��WRӠ�W񽆩ou$&amp#30;3�f�f�.<=�O>�&amp#14;�<�&amp#8;�O��K?}��WU�&�4	4K�o�:}��<"����ϥC��7>&amp#29;���T��α�j7:G�|;0���n��:γ�9�3a{�k�"�?&amp#14;�b�W��<�&amp#4;�<%Ie��,6&amp#29;]a�:��V�9ENNr�F���UOi*T)R�*T��G&amp#15;��r��,�R�I:��eU�8U�I�h����&amp#20;��$�&amp#23;���c���&amp#6;�-�|!�j,-@�&amp#27;�oľ&amp#20;�ƣc&amp#30;�p�&amp#6;�֓��3�&amp#30;com&amp#3;�q$2�)�V&amp#3;��Gl�&amp#25;nr&amp#1;8�����I&amp#0;&amp#15;���&amp#22;�4�Tm&amp#3;J�o%&amp#16;�PZ_��1/��,�]gG��uSq�k:�iֺ���D?e7�[��'�k&amp#31;&amp#16;꺪K���=&amp#6;&amp#0;��g�&amp#0;�w&amp#24;&amp#29;q�I��Mx���1�<>//�
�g[&amp#23;&amp#5;��IN4eF��QR�&amp#20;�*��E&amp#21;&amp#26;��	��9[��
�z��^&amp#14;&amp#21;&amp#20;i�BVәI����4�o�>dҒ����R��#�&amp#7;&amp#30;�8����`�Hp&amp#0;n;��{&amp#31;Y;`��&amp#30;x��&amp#21;#$C&amp#17;'&amp#7;&amp#27;&amp#20;&amp#12;�N0�������H�&amp#25;4��&amp#12;��'��ܞI�&amp#3;&amp#29;�bG������S��~&amp#26;�t��&amp#27;Z�&amp#16;W�I��K����o�M�`�&amp#7;�<`}�&amp#7;=&amp#14;9&amp#29;�rx&amp#25;&amp#6;2GR&amp#0;�&amp#28;��ǧR���2>dU�-���&amp#31;�@�ҕ;w0V`X3�V|&amp#0;I
�(#�FOn3򓓁�_�W<�_?�?��ݽJWI۷T�ܫN��۾�K6���Z�<G&amp#4;�&amp#31;��ϧ�YʷS�1#�E����L�y�i������x��^&amp#27;Zў-G[���u-q�`:r���;_j&amp#23;'�/f�֓M�4-.�$2�ԯ�:���	�Xo&ӯf��M��'��&amp#4;���P[�����s�&amp#1;����BV��&amp#27;�&amp#11;��&amp#17;�[���úw�����e��&amp#17;� !̋4L�I&amp#11;y�œ&amp#23;�+�i2I
�k��ci�Ti��&amp#26;q�&amp#7;S&amp#19;F�*b=���KѩR�,L�lҫ$�ܽ��Q��v����ۧ����$�Ʋ�6�}�&amp#7;��m&amp#23;[K�8.��M�l幺���i��&�е�ńp3���]�&amp#1;U��W�0�	vIa��x�i��&amp#23;zTLlt�V���kTH&amp#5;�K=��=��/mV]1l�Q��&amp#0;�>�&amp#29;E������&amp#3;G�톙��&amp#0;ch�Z*jv�x�>�aj�&amp#20;M&amp#31;��&amp#23;�Z*I&amp#18;�+K��&amp#30;��g�����\�fO�[�__5�Sk��&amp#4;�Ο&amp#20;�&amp#22;�n�rV}>&amp#11;�&amp#16;	n5y�;[�#<��&amp#0;&amp#18;iuK	�[���u'�=��jr�qNUZUZ�.E&amp#30;H�EG�&amp#17;�&amp#31;��7�%&amp#20;�o�5��Wz�W��N�'s6��z5�f&amp#27;&amp#24;��D�����_��V�Wo�[_��_�����jZm�����z~�ֺBXZY\��rc\xk�ɬ>�>�&amp#4;:������c���4�C'��&amp#18;V�r.���ݮe+si4I&amp#20;�p�&amp#0;�j�=KN��3$&amp#6;�O����ґ.d�d&amp#23;�n��Hd{�R&amp#19;�)-��y��:�� 
�g�o&amp#17;jZe���WZ}ݜO&��7>&amp#19;�f�-R6��&amp#14;���{&amp#21;��g�;K�&amp#12;�B&amp#29;u��Q�,u��&amp#21;���z��&amp#21;��8ƵhN\Ъ�:�����կ&amp#24;UQ�斕&amp#27;^칧&amp#6;�͵e�٫5k;+_t�욶�k��;^𭆙6���&amp#23;D����ĸ�G>-��Ee��}^�/^-_Xk�W�]�ڭd�v�4�&amp#22;K�4�D��&amp#23;���/��&amp#11;<O�.��_���"-2ц���7Ķ�&amp#30;&amp#14;��&amp#16;A&amp#3;j66&amp#26;�
E&amp#14;�q&amp#28;��Еm�d�K�SF&amp#26;����&amp#0;?�4�/�F�s>��=WE�F�{��	�&amp#8;�&amp#23;/�|%:xI�m�?��{Q7�&amp#30;�/�&amp#18;�-<i|�/���DzUͽ���#���H���7��;¶6��+�WJ�h��1<1�ZY��j�eƭqc{u{�i�`��a���k����{���&amp#27;-6H-.b���Q���&amp#28;�&amp#29;S/�B4���=%J�'�ׯ���S�J&amp#30;�U�U��*Q��WN���&amp#20;�S��T��+�=w��OOy�z�ɥ����3�&�{�hZ֯��v�>/�E�u�'�4O&amp#4;��I{[m&amp#22;&amp#29;&6�u�&amp#31;
|K�N�u{&amp#7;�����[I�|I�Do�-lff֌�Q�xj��H�o�|=�i&amp#30;&amp#17;���/�~/�&amp#23;�z&amp#4;z�ݼ�&amp#19;o&amp#12;��&amp#23;�=ދw�x��7GO���&amp#27;��g\��MWG��d�&��m�վ7�&amp#14;��]x�&amp#8;l-��6��_��5i��k:&amp#22;���>'�W�Y��&amp#31;�Z���On���-��K��Ž�п�b���c��&amp#31;�-|as�x��ޕ`u�5 �E�Ɵ&amp#4;�W��F�Z}6����:&amp#17;��,�ۯ�-j���]������_&amp#18;X����x�EC&amp#25;&amp#28;c�:1�jO&amp#4;�1��&amp#29;:������kJ�8U�UN�:��N�jt��W��Ԛ��[$��$�n��F�l����|�ew5���#&amp#30;&amp#8;��%�\��tz��o��������\��I��.?�=����U���&amp#26;�׊�u�>W��ukI�E=�D�ƭ�k�Z��yc�mKS��&amp#17;k�αw�x�Mд�<a�};L������&amp#1;��cn�!����_j��> ��7�,4�v&amp#31;&amp#29;�t?&amp#16;��&amp#23;�Zh:o�l�?��V&amp#22;זZEύ>&amp#30;�%�mnn.ﮡ�k&amp#14;���&amp#15;ZN�����u&amp#15;��by�4fѴ�F]*&amp#17;�����&amp#29;��㻞-K�&amp#26;E�:g�5;_&amp#15;h�9���D�-�[�t�x��S�]3ĺV�iw��q�,�&amp#30;�^�t�kۗ���>�b'
&amp#20;�	�&amp#15;N�j�U���Ĩү	'^1�O�ԯ*Q��&amp#11;&amp#17;&amp#24;Я&amp#6;�(*T�56�M��oܵ���O��ݶݤ��Og)M/&amp#15;�y�&amp#7;���&amp#27;�&amp#31;T�kh�&amp#22;�ԯl����@�M/�K�~%��4�&amp#17;k)�&amp#19;H񟇼M�h�^'�V5W�|w:o�|I�x���Z������O�d_&amp#17;��[�f��i&amp#26;V��E�i��W�m�����&amp#27;��C�:�Y����/��.�_�շ�u[Y�&amp#29;+N�Փ[&amp#26;��>&amp#26;��&amp#18;&amp#26;%��&amp#27;�&amp#23;hx���ᛍ&amp#17;4&amp#31;&amp#23;h~&amp#3;��6�}h ֬�xoYy|/�-/O��ĺ��a:C&amp#11;C�t��.t&amp#15;&amp#14;�zv��Y{~���|?�{&amp#27;�&amp#25;��A���&amp#23;G�)�{/&amp#18;��&amp#30;��5�"�_&amp#8;뺇��T�"�&amp#20;�Z-��~%��|M�MCŗ��e�&amp#12;�]��&amp#18;���&amp#24;Y���)V�9���|؇���&amp#26;��֥K&amp#15;4�G&amp#21;R�yi�Uj��өVu1u����=&amp#28;�%u&amp#24;��k���v�Ӗ��O�m\��!�_�<A�m7��!�u�;�7~&amp#28;�&amp#26;����:V��Z��&�K��5SS�����&amp#7;ު�h������&amp#11;B�{�&amp#15;�vv�e�k�Rj�e��M���<�
mWK�!�Ւ�&amp#25;�L�����5'��燮-/cռ;t%��'�[ӣ����;�<Y��^��zMĚ�����&amp#27;���&amp#18;&amp#15;&amp#19;j�P�|Ii��> ׬�l�&amp#0;� m&amp#3;@Uִ_
]jS��Z�-���1cg&amp#31;�>���Y�7�&amp#20;�폆�U&amp#3;�Y�����&amp#11;&amp#14;�y�궗z^���M.&amp#8;ݤ&amp#22;��Z��&amp#25;F���I}}5������kg�|�}��^�,uj&amp#20;�)K&amp#17;B�h�1��aZ�hէN�JY~ֺ���(¬�%8I�|��RZ5g�_K�뮭_�N�.��)ck=n��M�4Ʋӯ.t=O�&amp#12;������> ���<˛�&amp#18;�Ix�F���4�b��Z�G����X�t��s��ZkV�q-��ɣ[$&amp#26;���4����B�F�4���b�Q��S��&amp#29;"}?×Z��Ώ��c&amp#21;�&amp#27;ew$W��`@5-&amp#26;m#O������/&amp#14;�&amp#29;��+}���h��Uם�i���o>��ݼ&amp#30;v��jZ���&amp#26;֟��{�zX�&amp#30;���6&amp#5;��W��S�!�t�KQ��l����G��ͥ&amp#27;&amp#21;�I�Η{��&amp#0;ixoQ�u�&amp#27;�k�mN�&amp#0;K���P�ъ�M�w�?b�V��J*���_��U���S�kT��n4Ҕ�Z�>�^�mV�zm��{I���<{qah�_iQ�_��q�$�����mF�&amp#24;&amp#6;��&amp#31;�Fnu]b�5Ж��PMR��x4��&amp#7;�U6����4��P]KR� ����0A��7z����s��i;'���xo5i�P�����U���L�zU�Y�n��d���U�v2Y4�ܰjSAs&amp#22;��&amp#11;{�}{y�ɥ��>!������k�&amp#0;�+K��&amp#6;�&amp#5;���ku���o�f�|?&amp#4;�h�Z�������ؽ����G���is�]���W��]a-��'[K&amp#15;&amp#16; ���G�&amp#30;4pT#_��rTr�W-XrՍK�5]r��J0�)�nhJ&amp#19;����������Gk�v���$�v�L]G��ړ���Y�k�6�����&amp#7;�靈�&amp#26;V�{&amp#14;��7����å��&amp#14;�*�&amp#29;&-FD���Ѭ-�{�j�&amp#26;l3��6������LE���lnᳳ�ĺ�Y����f�-%�P�n�u)cԭ<Y&amp#29;Ř���--�8&amp#18;�[&amp#27;O&amp#15;[���Q59��&amp#19;@�M"&amp#27;�^�^����k���.[��[[x��,�V�}>�}�&amp#31;&amp#23;J��z��!6�M��G}�\M�]k6���׊�M��/�c����S<3E��&amp#17;�,�m7S�4�_O�����O-�&amp#0;T��&�EFR�&amp#14;~��҄�&amp#31;~8���z��~�sS�8�J1r����i��_���k�Z�\l����kq��&amp#11;�����v/k&amp#12;&amp#22;���&amp#12;�ứ�{�ƗK�~��j-yn�F���G&amp#27;�v�t�b����k&amp#26;g������&amp#27;&amp#11;j��F&amp#24;��q���w��A�]�&amp#15;����x��SO;]��W�V�o{&amp#29;���&amp#15;&amp#14;�3�b�6&amp#18;���x./&amp#23;E�_�&amp#30;�&��J�&amp#23;�B��w��6�U޷�YX\]�6:&amp#24;��%̚���K{m��KF���"癝����ﴟ�5ս�͂k�]���ڄ6n�\�J��tcƫ7���KS��WV��-��:�&amp#23;�^��;.�,\�
��s�Fq�^Z0�u*IF�*W��r��Hʄ�J-�J�Jn����잉u�zI����g���;7�T��V&amp#16;�G���Ӭ��[&amp#19;k�'��͍�&amp#11;�X&amp#29;2d�EmKR�ӥ����{�5�&amp#27;���9&amp#23;��Oj��_ɥ�o��WR�!�[��ZH�&amp#14;���;��5&amp#27;�"��k&amp#23;�!�13�:!�����H ����&amp#5;��Y�os�-��f��-�m�Ν&amp#12;&amp#25;��&amp#27;��>�>�Vխ#���n��^�o����}.���&amp#0;�3\�O���&amp#23;���XA-��L^&amp#27;�uI���u���&amp#4;�C&amp#30;��E&amp#12;v֗V�V��W�t�i�d�z�j���2�U���������q~�+�J5"�&amp#23;'S�*u�Z&amp#15;ک�&amp#23;�[�7z���׵��d����^x��&amp#31;&amp#18;�&amp#17;Yk�&amp#30;[�2����&amp#20;�k&amp#24;nu�WKnuIm-&amp#21;��{��Pj�&amp#30;�F����\��5&amp#18;-��3Y�H"6Z�̑�(��N��A;i0�J&amp#19;K�M�������Xeүf&amp#26;�u�ګL�PXLAy����:������k�6�{](��&amp#5;��1^]i��]:�&amp#0;Pk�F�����zC�[��$�&amp#31;�{�&amp#29;A�&amp#8;�Ea�������$�M�[=��q����������D�hz=��&amp#29;*���kæ��V�����ŋ�&amp#20;)�Ir�*Th/�I΢��ɭ&amp#26;T�&amp#23;.yF3��eI*�t�RU&amp#21;{�֖�ͭ&amp#29;��;��]�i��n�+�&amp#24;�Z���xz�\Cymsg�	���P���"����E���֬�-`�P��E�P�&amp#18;�����66�|&amp#15;�j&amp#23;&amp#16;�����y�&amp#14;�$���\4Z&amp#14;�k�5��6�]��vq���Z4�P6����q&amp#7;+�i6?���&amp#26;ǋ�Қ�����M%.���I���]c����e�����u���ޓ�$ڽ�ޛ&amp#20;6Ww--�'��&amp#25;�<&amp#8;�j����g��4&amp#27;=&amp#30;�n�P���,g�4ɤ��-�\�lt� ԍ�����&amp#22;7&amp#22;6ږ���('
J�H��P�*Q�Z�*^�b&amp#30;"tc*�&amp#19;�)�U��eN��RR������t�[mW��v^M^�k4�jF��w�ͬ_�&amp#2;����Lچ�.4�ST���&amp#26;�6�i���^�\�$�w&amp#23;V�&amp#25;����*i:���~����&amp#27;&amp#26;�·&amp#19;i>.�R|:��Π��7?�:z�&amp#26;]��1�ӵ=f���{&amp#29;&amp#18;6y�օ�Q�X��P{&amp#29;u�������hڭ���s&amp#14;����h�^�gl��~�i�Ayc&amp#8;��G&amp#18;�7�V��u6�t,��Z}_O�̚%����j2��1��_Ćk�&amp#31;��4�/���Uе�?[���&amp#28;�Eɳ���4��X|E�	��8�u;�'J�����&amp#0;Z�&amp#22;�=�Zw��Ԏ)Q��:4�4�,[��ڴ#&amp#23;&amp#23;�9�8N){UFp�&amp#8;�bb�Tj&amp#18;�j�5m,�3�V�����mߕ��&amp#30;~џ&amp#12;"��&amp#15;�6��XCcw�ɧx�&amp#11;?&amp#7;��RCj���&amp#24;n�D��&amp#17;]�h��v���kc�&amp#11;xb�V��]W^�칿�IO�&amp#15;�:~�Z��}��_&amp#12;?k-S��&amp#28;�&amp#23;?�1��w�|�7�u/&amp#30;��hV�&amp#21;�������&amp#11;|&amp#11;񷎴�f�Y�O�O��&amp#11;?�&amp#26;e��|C�x�����a�&amp#31;|:�>&amp#16;x��:W�>+Ǡ�!���t�&amp#1;��o��$��&amp#23;Eu��OL�o��a�+�&amp#17;&amp#11;��&amp#11;伵�W���&amp#22;�V�&amp#29;&amp#18;�R��c��&amp#0;&amp#3;~&amp#14;~��&amp#28;[�&amp#15;�&amp#29;�&amp#16;�&amp#30;7������_&amp#19;�<&amp#17;��&amp#0;��&amp#19;�w�&amp#15;�߳���[᛽S�o�~&amp#14;k�����?ï���
���t�&amp#30;j>;��o&amp#22;�.��M&amp#31;Ó�7_�LVn�&amp#14;	�x_&amp#27;��̪��&amp#25;�'&amp#15;(�0XJ9|�5�9Ng:ؚԡ��n&amp#19;&amp#19;F��Jxj��RQ���N�&amp#5;hMW����۶���E(�$ް��J�)�L�&amp#3;��u��ǎ|U�h�*���&amp#31;&amp#19;<S�WB�<s�o&amp#28;xVk_�^?�'����&amp#30;&amp#22;�<M&amp#6;�a{��~�MЬ|Y�����㯈>)����&amp#4;�l~&5�?��&amp#0;�Y�ϊ�&amp#8;�:���zο��&amp#15;�&amp#1;���|&amp#30;���3�:'�>~�^&amp#20;���g7�}&amp#30;��|���!���|"��.��]�&amp#26;���ψ�_�KO&amp#19;xG�~$���|>����~��1�������Z6�ڦ���&amp#6;_�7��&amp#7;�N�o��&amp#0;&amp#15;Z_k&amp#26;���&amp#20;Ia�jz����&amp#23;K��i�9�-:�&amp#0;Q�d�4O&amp#24;x&amp#15;X�O��࿉�&amp#5;�&amp#29;�#~��$����&amp#15;ٻ���&amp#21;����&amp#31;���/�:��u���&amp#14;�#�&amp#21;�П&amp#26;�<�Y����#��R�^��&amp#27;��+��<&amp#17;�x��e�߅�&amp#0;&amp#31;|)��گE����ᅾ��ٻ�_�p�&amp#12;F;&amp#23;�ʱ&amp#28;7���(��s,��հ��y}J4cC0���&amp#26;�X�&amp#30;/&amp#7;�T�{9�,�O&amp#17;N�\;�����N���5!))A�K6�%)Fҵ��t�&amp#29;��v�D�c��r����9�;�+�&amp#30;&amp#29;�G��)!���?��G��~�Z3h�&amp#30;�����3k�xz&amp#3;��jrY�&��w��i�,���6��i~&amp#22;��A&amp#11;j&amp#26;=յŴ�SO&amp#5;͑1�as&amp#4;�K�(o�V���H&amp#0;�,]�&amp#23;	&amp#20;�&amp#18;����&amp#11;�=&amp#8;�c;/��&amp#0;���?&amp#4;i�&amp#5;�5�&amp#26;�&amp#21;�Ѧx_�&amp#31;&amp#17;�O&amp#22;�&amp#27;��&amp#7;�~&amp#29;��>&amp#8;е-&amp#23;�&amp#14;��3F���|.����&�q�&amp#31;I�e�[��V&amp#15;&amp#21;&amp#31;�^%��?	]i���&amp#0;�V&amp#23;ɩAp&amp#31;���e�.�1��I&amp#4;�&amp#22;�gΖ7B&amp#30;&amp#2;��&amp#11;�'�$�Τ��&amp#23;d�\�:�a����U�t�y\�
q���&amp#21;&amp#19;�l."��HW��&amp#21;\Zu��O�,R��V���N-*�Q����#$���ZQmۙ�>T�c��&amp#22;�l�5K�`���;[�V&amp#25;.4��kk�+}g}<q�b,��3[�7�d�P��iR1��x&��k/&amp#15;�av���&amp#22;�%��&amp#18;�l&amp#2;�,-|�b&amp#27;s&amp#26;�K-�q;�&amp#25;mo��Mؒ������Wg4R�uk�Kz&amp#26;X�<���[&amp#21;k++�������&amp#11;��$�`E���N%�R���L͓dfx���&amp#25;c��d:�s�&amp#19;O�k&amp#27;{xถ�9 �[�g����^+��&amp#29;G�7w&amp#23;��Ǉ��F5&amp#20;�v\��W#�^�Q�Z|�P�R�[IA%R��i�j���G������|�&amp#4;WQ]i-���:��qo��n�����u&amp#18;ǧ�c$�x�m}E��:m͓��PkWB5�,�?&amp#30;~&amp#14;�����&amp#0;��&amp#17;&amp#30;��X|:�'��G�x�H�4�H��&amp#23;�K�>$��&amp#3;���x�&amp#15;&amp#23;irk&amp#26;��Ě&amp#15;�Xx��-_�Q�7�Z��[x~�~�-��Wvs_X�S]�&amp#6;��&amp#23;p�˥&amp#27;���PM\Ggsw�\��F�&amp#18;ŦZ��ȭmu+�[����[������9�xG���|c��2o&amp#22;]5����_�u8�&amp#28;i���&amp#25;��x��Z儚�r^�CA�������յY�ϲ�zz��ȟ�x^&amp#21;��YOe:9�UQß�>|^&amp#25;U�t�"|�z�hV���-J�L7�u`��j)kM9*�Z�7o�.�ڷ����v�1�:&amp#30;���s�^��&amp#22;�����x'�'Ž.��=&amp#14;$�����|U����җ�Z֪�-���igJ�ta��.=&amp#22;�`���N�(���~;Ԭ�&amp#26;~��*�>�e&amp#26;.�V���:���M6�Z��&amp#23;���H��W~u����&amp#30;�6�,V�&amp#23;��wxsV���&amp#19;�NKԿ���&amp#20;�&amp#5;��&amp#0;&amp#8;_\[�&amp#5;�������&amp#1;�,�A%ŭۦ�&amp#6;��X����6��4k��&amp#26;&amp#30;��Xj:�����f��$�ծ���T�_�/mdӦ������m�K&��xkI��sk&amp#18;�]h���h�&amp#16;�x��YZ�e����Oѧ����
U*���&amp#30;ʖ&�3,�UZ�*�5�1��/e�T孈�5�T�$�Z0�y��g�<2�QU*�w-&amp#18;����rn�z+��Wt�&amp#16;k6Z݆�5��a�ħQ���m5y��:�&amp#18;��}��=jC��A����ko�G��N��έ�\xgG��P�ux!�O:��}&amp#7;�a��lỿҧ��>��:��w~&amp#30;��Ӯ�nCY_뗞&amp#30;Ӵ�&amp#18;����Ɖ����x�K��i�&amp#5;��_&amp#14;�c��[[�M�-&amp#22;��<=k�>�5��������"��n�=&amp#23;��ǧY�7z��u"����iz&�qxx���&amp#0;���O�s��4O&amp#26;M���SIk&amp#29;�hʗ�]����d�mt&amp#25;��ӯn/<9to58�5�&amp#6;]]�R��[�;
ԪU��&amp#20;�R)Q��O�S�撔\y��NR��
q���M���f�%�&amp#31;w�kR�m九����&�F�l�V��ҡӅ��ү&amp#7;��Οu-��&amp#14;�s{uv/�����Kɞi%�5&amp#25;�d���l��L&amp#17;kzu��xoC�M���&amp#24;m�[M>��&amp#5;���f2�-�<q�z��n��&amp#27;&amp#23;�ΐ�C��&amp#0;b�\�q#�s���q�K�]Z������j�dz��k&amp#21;ާ�	�&amp#26;�i�.�&amp#23;��d�5=(˦�&amp#22;O>�>�?����J�pj�dځ�ӭ�&amp#14;hZ��&amp#6;����Hִ�5�et�����ޭ���M/V����4��u=&amp#31;R�&amp#12;Z֤u}&amp#15;S���{u��wĶɋ�yt�=����eR.���Nn�a
���&��t�M�&amp#14;O�No�IT�Y�7I�7k5'f��ik�&amp#29;����ٸ�=�	�6&amp#22;�&amp#27;mR��[^X�q&amp#14;�{s}6�&amp#4;�E��r��-��Ϸ�i־M�&��\j&amp#26;`t�ӭ㶁n|�h�=��j�V�iӻ�K<�^��k�W�<<u_��i�&amp#26;~���7Z|����~&amp#25;��&amp#27;-7�W�&amp#21;��&amp#23;�5&��{��&amp#29;ՔM-��u;N���K+&amp#27;9��J�W������on&amp#5;��t94X�_q�i�&amp#26;o��ԼS��wU�o&amp#16;iS��&amp#22;�/m��&amp#22;�&amp#21;�xv+a-���_�&amp#26;Tz��igv<as���oo��'F�L���_��Cu&amp#28;� :x�&amp#6;�&amp#22;���1n[��[�t�cRMR��'&amp#24;S�*��$��7%U�n&amp#16;U�N&amp#20;c'.nM������V�r��X�ʯ��T�&�m6�;?���mNq&amp#2;�6�,���\A�i����&amp#27;Ķ&amp#26;H�Y��n��R�M&amp#27;�(.�%�l�,��,�#����&amp#11;qx�z��&amp#21;ޕ�Ŧ=���&amp#1;�@���ծ-.��&�=.S�\&amp#5;Դ����X�Ӥ����ߩ\x�O��ö����]ϥ&���t�SM�I���<9i��i�6�&amp#5;Շ�4a���h�zV���}�$x��o�\k&amp#22;:�&amp#30;)յ6����v�&amp#14;���.�O&amp#24;�~�X�N��C�u{K�Il�i�/&amp#21;Gg&amp#15;�����t��&amp#5;���o	Y��q��N�Z4�9ZTsM(F��&amp#17;�I�&amp#24;�&amp#19;^�IF����`(��/K^������]�~g�Zm$x&amp#5;ޛ&amp#21;���T��ʹ��6��Sx��R��M2�m�9&amp#29;��o��P���!s��i����x�ó��Z��5m&amp#30;�٫���&amp#26;%�ME�|;��"o&amp#18;&�ht�	���&amp#25;��Isqy|ot��z�K��&amp#27;�$У��&amp#17;��6���&amp#0;�&amp#11;�%�YxfM7P��ӎ��Llc�|C�۟&amp#11;���S�&amp#5;������K�iz>�w�h�O=�r\�~kI�&amp#27;�xux|A&amp#12;�!�����Z�S�ԧ��V�c�isj���C5������x��G�6�&amp#22;����^Z��&amp#0;�&amp#7;��l<M��%�&amp#5;&amp#12;mU(��;�8S�G%V)��&amp#29;�\��P�<��sS�	:SK��
�w�ѿ�f�̕�muI���/yI��矉_`����&amp#26;o��f�t9&amp#30;�T&amp#22;^&amp#25;��e������,�!�x����s�i&amp#26;��mm&amp#4;�&amp#21;ֹ.�����ց&amp#31;�&amp#7;�&amp#17;����'ß��߲O��K���&amp#24;�Y|y�\�&amp#23;wz&amp#25;���&amp#29;OO����&�!z����X�1j�]����-5[�.��g�];��,V:=�F�����繗G�@ѧ���N�&amp#19;�Z�[O��,���n9.��n4�&amp#22;kq�{�iڞ��֓=���pzL���9�&amp#17;�&amp#2;�޿��&amp#27;�~&amp#11;־&amp#30;�k�&amp#11;�=&amp#22;���{T���ғ�&amp#17;�gX��֭&amp#1;���&amp#0;��e��&amp#18;hu+]BY�H��%��o&amp#11;c�J�cˍ�&amp#31;�T�p��r~�&amp#30;�>WI`�8�^_y��FW~�ae<.!Uz(�&amp#25;����ܕ�����o��I&���G����5&amp#17;&amp#15;�M��ƿw��;&amp#27;M@C�&amp#15;�&amp#29;gL����h,�k�L�&amp#30;�������&amp#2;�J�K&amp#29;(k?�Z��&amp#23;E�C%��'�|c���j�R�����˦�]&amp#14;k&amp#30;&amp#27;�����_����n|/�&amp#12;�?Y�Ե]f&amp#27;��&amp#0;&amp#14;X���.t��#Y��w��ď&amp#12;��z��O��,���>�Zj�~&amp#25;֬&ִ�^��º������?&amp#6;��+L�ơ�&amp#30;�쵭&amp#19;J����c��z�_Z��M�`�v]��u�D��E��ͽ�օ.�&amp#30;�'��-c��M�_P[+�ӭ�&amp#11;�&amp#16;/�/���0��x�K�n/�+m;E0��&amp#25;�&amp#15;�2�Ë�b��x|N/&amp#1;Nx��*V�q8�-)�g��N�d���֧�C�&amp#17;&amp#26;��UC&amp#17;Mbg�&amp#29;,L*��T�-�&amp#24;�&amp#20;��&amp#15;kR���G&amp#23;yJJ59��*�&amp#19;�J����t?&amp#14;%�~&amp#26;���_6���Xt{)��x�.F�&amp#15;�m�w�_��&amp#0;k�&amp#22;�&amp#3;{�iz�֞!���K�&amp#27;����&amp#26;ݷ��'�&amp#18;Y<�Y��@�5�Ig[d���UӠ��I�����e1O&amp#19;H��&amp#19;[�K�'� �&amp#28;�&amp#23;T��-V&amp#27;X���Z�;Ǹ���5$҇�.$��I�'&amp#16;5з�[��8�(U>�,/=���[¶��^&amp#23;�������V�&�gk��S��i�-���&amp#12;&amp#16;i&amp#26;t���mqe��?b��&amp#8;b���V�(�yg��&amp#24;|6&amp#26;Th�1P�&amp#23;JT�&amp#24;ǒJ��mE*��Y�ՍI9+s�%9��U*T�7:�r�I97&ݛ���VZE[CZ&amp#1;���'	&amp#24;&amp#4;�&amp#14;&amp#17;��#��b[;�p&amp#16;&amp#23;��� ��n&amp#29;�$&amp#16;�\��&amp#14;�1��pbL&amp#18;~D&amp#29;�g&amp#30;���I 䓂i��{�8'�	8<��&amp#15;'<���R�{�[sM^��^�ݶ擴#o䦭�wm_[�;�M�̤/��=��H$.&amp#30;]��mE&amp#11;&amp#25;W�&amp#28;˺E�5DFw����p&amp#8;�@.9&amp#0;����&amp#15;l��Ja����T��&amp#3;�&amp#1;.&amp#2;���X�&amp#5;&amp#3;!PHuU&amp#24;�?&amp#18;q���y9�~�<5O���߮�&amp#0;�\m�;�����﷫WIj�s�{t&amp#30;����&amp#16;v��\��&amp#1;��^s���\d�2x�&amp#23;&amp#7;w��q�@�3�p	���ʌt&amp#28;�?�&amp#14;��&amp#30;~��&amp#28;����&amp#0;�����J�;wI;i���D��nd��lƇJ�&amp#29;{R�&amp#27;U�.-�7F�M&amp#22;v�m'N�I��n&amp#27;Rӑ-&amp#18;�;�Tj�&amp#14;��7W0�&amp#22;����&amp#27;G��l�X[I4s�$s�m��&amp#8;l��Yg��&amp#20;�!&amp#20;�e�Fd�V&amp#17;L�&�A�8�<��&amp#14;ĞÐ7`&amp#30;A� ��&amp#6;r�#��~^y#&amp#31;)$&amp#17;�n���&amp#27;uh��mK��F&amp#16;�F7�8�&amp#16;ME%/v*���)�'&4�v]o��N����d�������&amp#23;�?&amp#25;k�&amp#14;�5&amp#31;����x�@�&amp#19;�&amp#17;˹m.Ty:Ʒ�/�a}X$cN�Z�&amp#22;Z�si�����&amp#22;v��;�ؤ�/�o�^&amp#26;�o�4�&amp#15;�$si��͸�u/&amp#25;E4��r$zՎ�g�Ou��/�&amp#27;�$څ����d�&��{�E5�&amp#15;�����Y�}�;��&amp#6;NO&amp#7;$t�&amp#3;����	ɯ��(~�&amp#30;&amp#11;�f�}��i�zo�'���c,V��u<Ӌȧ�����m>X/#����؛O�f�o&amp#29;�������A�eU0��s�΄)b>���xh�b��g&amp#21;&amp#26;�gS�/��N&amp#24;�jq�N�yV��ӌ�Y����o��N��]j��w�&amp#15;&amp#18;x{�:ֹ�xg��ޥ&amp#22;���w7�Ɵ�k�͏��mb�L��]W��&amp#19;-4&amp#11;��W�x��&amp#26;��f)<Y�;��&amp#29;�0����;X<W���+�&amp#4;�>&��\i:�ş�.��χ<?y��,z��hHmu-/\�����]F{(f״��&amp#27;mKP&amp#22;�3x�E�>=�&amp#23;��Hf׼	�9����>�|;��s�&amp#30;&amp#26;���&amp#6;;�&amp#18;h:e�����K���[8�5�_P�`��y]�;y���t�i&amp#29;��o�&amp#31;&amp#11;�!-��}�����&amp#7;�u������Y�w���ú���뷾&amp#19;��7���&���}&amp#19;@����S��@�ί����&amp#11;>�m6��}��i��&amp#15;Rn�g���j��,$V)F�&amp#24;J�*�*8l�&amp#17;&amp#28;=j3�%F8>hמ&amp#22;X�V-J�y$�Y7��V��&amp#0;���}�M&amp#30;�ڇ��&amp#29;h���J��Y��m>&amp#11;f��ڶ��GO����!��5&amp#11;(l��.�e���Q�4�ٷ&amp#26;5�������&amp#6;�I�Zծ�w�O�[�&amp#15;�:u׀�C��ZN��u�&amp#16;���&amp#29;&amp#22;�NҞ�J:G�4&amp#29;_�7:f��&amp#27;;��&amp#16;Ii�_Z[�&amp#15;��j�}�j��}&amp#19;c��/�&amp#14;��u�&amp#4;��&amp#2;�U�Uޝ��~&amp#11;�&=d�C\����9�E���k6��Y�i��&amp#17;C�^��qf����N/&amp#8;hگ��&amp#17;�+�ڞ���^k�.o?�&�4/��m�lu�Ht�b=&amp#19;�P�g������zߊ�K)��{��h]��[�xLS�&amp#31;&amp#17;�R�u�i�1��[&amp#11;8%8apѫ��V�&amp#26;�ڜ�eB0�XA�_��V���T�i�=Uݷ��MSz�����,l!&amp#19;�ů��.����U�Z��&amp#28;�&amp#27;���	�	�K�GF�c�w������������Ɨ��&amp#0;gGk��pjZf�u�s&amp#12;I���*���&amp#16;x�]�uM"��r�v?&amp#17;<&amp#17;������tm&amp#23;�z=�u+[Hu�&amp#29;SY��5;I�D&amp#26;���P>�&amp#23;�'�&amp#26;_&amp#19;�^-׼W�A��&amp#23;Y�4Z�����k^ӯ�4&amp#27;�沅���&amp#23;�|&amp#21;m��}N���ZE���5&amp#15;&amp#24;�zt���&amp#17;&amp#29;1���<i�&�Z�W�'���7��]&amp#19;N��֮�<&amp#23;gu�Co�/&amp#20;�&�g�K&amp#21;߉4�k[KM6�&amp#0;�W�j�$������i0������&amp#22;��MգO&amp#15;&amp#28;B���K&amp#17;
X�ST僩���Z-8)�U#J��zk&amp#15;*n�&amp#18;v����iY'&amp#30;f�I��w��K�m����x&amp#19;��^��귞&amp#20;���	�!g₍��	I����ڷ�/��K��4�b����QѼM�}b��&amp#15;&amp#24;jZN�u��e-�a&amp#7;��&amp#0;&amp#20;x�&amp#26;����^&amp#22;���4�B��Z��=&amp#15;G���|Ccs��Px4�ե�&amp#23;:N���I���&amp#29;;�&amp#26;�����SkZ�&amp#0;�4�nSO�:݆����[�γ�j���K�&amp#3;\x���ֶ�k�&amp#30;&amp#24;�4�;�&amp#19;��i�Fn5�&amp#11;��&amp#27;��?�v�6�&amp#19;K������
�&amp#31;�&amp#23;~)��&amp#11;�&amp#14;���.��8������o<Aw��?K����vr�i�Q��#@�<=c��D&ԵM&amp#18;��&amp#27;k�R&amp#27;�Z&amp#20;c��E��yr�PX�԰��WR�ԓ�K&amp#15;R�^�V�j)S����P���&amp#25;ԏE6�՟�i������z��{9+ݚ�xsJ�t�nK��<I��h�ǯ���n&amp#11;�6�G׬��&amp#17;����ֺ&amp#6;�}%���&amp#0;l[-�6��&amp#20;ռ-�i��L~&amp#19;�&amp#15;&amp#30;���&amp#6;��?��ޣ�S�@�&amp#26;���:]3K֯�+����Ʒ۬-��&amp#2;&amp#24;m��-��&amp#18;&amp#5;��K{;�[&amp#29;b&amp#29;BZӴ_��/���rxO�&amp#11;��|Q�j��_�-����&amp#27;m&amp#22;�T�A��о��]��z,w���g����5�8��&amp#23;W�5+�&�KT�ցqu�&amp#23;��&amp#30;�'�+ľ&amp#31;�Z��˯�Gg�.�N&amp#23;�&amp#23;�&amp#23;�\&amp#26;}ׄ�W�A�&amp#15;&amp#14;xkZ�M�ѭt�&amp#17;K��^#O&amp#16;E�&amp#29;&amp#31;_楌�У��b����,EZxjp�G&amp#14;�a�14�	я�kƞ&amp#30;��qUc&amp#11;�u�%R1�&amp#29;Is���=U��N�kWdշ�Jͻ&amp#29;ž��C(�߃��&amp#11;C��G��z���&amp#15;&amp#2;�V˥iv�&amp#11;�5&amp#27;M�oƥ�&amp#29;um6�LKM#L�LI<J��V�n�e`_D�m�&amp#0;�k>/�c��&amp#22;G���M&�&amp#0;Z]9���;�hzn�t�&amp#23;���$�p�֯�[�z&amp#23;�d��=>�F����/&amp#18;�Mմ�n53�\}	{�_��>.�����w�vc�w�W�<2��_&amp#4;�<M�xw��W%?���c�&���&amp#30;&amp#4;գ��osm�j&amp#16;[��)s=���Ϗn�/�¿&amp#17;|&amp#7;��&amp#23;�&amp#15;A𮸚E޻��x��#�&amp#15;�<&amp#4;u�&amp#19;Zx��Z&amp#30;��&amp#29;:}g�~*мG���&amp#30;4������_i�h�#�K�?&amp#27;x��r>9�ⳙ�&amp#30;WU�W���e1�&amp#24;a(�&amp#20;��x�X�&amp#24;�4�����G&amp#21;�J��}eҍy3�Y}jT&amp#21;iE҃�l�J&amp#28;�[��]8BR�S�-Ux�hճ����;��&amp#11;�`�>&amp#30;�<1���&amp#0;�.��&amp#26;���1s&amp#4;:&�}��Ŵ�X��I&amp#14;�&amp#8;�c��u-U-Z�FԚMJD�:>�J����m���Hu&amp#11;Y�&amp#27;&amp#0;��&amp#18;��V���&amp#5;�d�&amp#24;�-��v��&amp#23;vv�&������M�&��~yx��O�|'��&amp#11;k�����]_T�m|9���;�&amp#16;x.��5}_J�/�C�x#�e��amk�k&amp#11;�ƚ�m�^�&amp#31;�&amp#5;�swuk�^h��~&i�W��&amp#0;&amp#25;���&amp#30;&amp#16;K�|Y���ᇅ�_&amp#17;�o@�T�w��?�&amp#30;����n}z�J�Ԡ�&��}=���=&amp#15;H����kD]&amp#6;�L���&amp#0;�&amp#7;��&amp#15;O5O�&amp#21;]&amp#6;�لq&amp#24;�
��B�
X��&amp#7;��T��
&amp#21;#��&amp#24;�E]T�qJJ^{���J���M4׺�;����m��7'��Ǐ<K�����&��[�8ЯΏ����&amp#19;�]���H�Ҽ;���|?&amp#29;�"hz&�t&amp#29;&amp#3;�&amp#30;'�LZ���&amp#6;[/&amp#18;jz&amp#7;�t&amp#3;G��&amp#31;�:;G�o��k-n�]X�&amp#17;Z\蚤�l�QŨ�����q-�XKg�&amp#5;�|A�Y<�s귚m惭C���o&�yo&amp#5;x��_&amp#18; ����$>(MQn��&amp#8;#����Q�����t��]}&amp#22;�����&amp#19;�i֥�,���(����?��>�P�m_K��|Cm��&amp#22;ڊj�:�:2jV���Q�&amp#29;V�R����T���k$��)�[=&amp#15;]���ەl�:�s{&amp#31;a%��&amp#21;agAP�8I����e&amp#8;Յ(��Y����'��)ʤhQ�%<8�%+���{sGWw�rի�w&amp#21;&amp#23;�{�Z��Ŷ�<<�x�EԼW�{�4Vbk5�l�F�,�^i&amp#11;�&amp#16;Gomq�x�j:�~#��=&amp#30;�&amp#0;W�&amp#5;��n4�&amp#5;��v��Ѵh�u&amp#29;&amp#26;&amp#24;��ja���K�K�n��u&amp#25;a�5�:�#�\�&�%�76&amp#18;����C�F�K�/�&amp#31;&amp#7;ɧk:l�W��5Ci}�f��O�-o��Λ���塳��\7�i�X�S�4�S閚&amp#7;��&amp#27;�,��h��>'�@��W�t�6 �G�-�O�N��:���F�[u�ֳ&amp#22;�&amp#4;W���&amp#29;)�l5�&amp#16;jZ���v�VY/&amp#23;��9�&amp#31;eV&amp#14;�y{EVI�tનT�	Є(�|�.0K�j7mΥ7ZY�7~[��iwm��wս&amp#27;�o7H�d���[A-̖�t�&amp#26;\�V���tnm.&amp#5;�R����G�����ɃK�5hg���������M���l�71�x���X�.S˖o&amp#17;�=����J]&&amp#7;m&amp#26;�"��i�lzF�sn���ܱ�&amp#1;��Һ��_�&amp#27;KÑiډ�W����P�6��H��6�N�!���Y�o&amp#8;�ö��&amp#24;����I�5ۻxu&amp#27;k�&amp#24;4����G�&amp#6;b���J�[����}K�ϪZ�z����;D���5&amp#24;���&amp#15;�,��:��&amp#25;�Z�l%��<@%0YE;�y	���
q����R�U?z�*��ڪ�&amp#23;$���5S�r��>B`��{��_�����;��ec���/n��}4�&amp#24;l��C�C{{��6��ŭ]<��[Nm��5�,��������X\�ڃ42C�^�ޥ�|/�u���&amp#15;�FK�m&amp#22;&amp#29;:�RH�&amp#23;���g��g�I~����"���J�WӴ��b�Y����&amp#22;�N�&amp#20;vp2XϮ�.�;E�&amp#11;&amp#18;�A���Z����������ZU�1��j�P��q&amp#16;�����ZL����k�V�����4;�z�K}7P�7&amp#16;5����WT��[3#�1�&amp#29;[C��Ť�֛�Ft�m7�&amp#17;�SR����6�U�K��&amp#26;��ѡO
��h�ү�:tڔ�S�sF��4��)B�U*S��R
Q�Z�n���Z�-�k]�kG{�~&amp#23;º��x3BW�5�&amp#15;>&amp#31;����&amp#0;��/�'���F.���b&amp#18;j���&amp#28;�RG+��2�A�u?&amp#20;���e���N&amp#27;X#��f�J�ӥ��M&amp#7;I��d�c׼;-ŵ��c&amp#21;����&amp#27;+8��?_�43y���M�&amp#29;:������O&amp#14;���yk�>��]Y�����O&amp#5;އ��x�Q&amp#30;&amp#18;�]��4�U���}{��[���UՇ�t�O�&amp#18;�h���C�Y鯯�E��pI&amp#23;�l��&amp#2;�&amp#29;:)�+�m3�0C��:}����j�TZ&amp#30;��x�N�<�R��M�5�`מ�M�{��u�(��MB��S&amp#17;���U�*��:q�&amp#25;Iҍi��BTy��Sk&amp#22;��KK��)m����Y{���qOX����xSG]62+JԵ)�k(|��Ӯ��K����&amp#22;��ćK�>�{x�6���\i�f��>�u�_&amp#20;�)|!�C�_�ϊ�O&amp#2;�/�t�&amp#31;��ίy�ZZ��x~[}&amp#14;�k&amp#17;��֏��sp�]֭&amp#22;�&amp#12;1jz���t�-:�[�cm/�h�0���:��4��;�&amp#28;j7&amp#23;��ish7&amp#16;�i�?�lo翲�}>��R�&amp#5;��w�R��^ͨxc@V��E��G�A��_�Q��W?�&amp#15;�T|_�߄:'�O�Zm����o�����&amp#31;�&amp#8;|]��׉</�&amp#15;&amp#26;i�&amp#29;5�&amp#26;�&amp#0;��&amp#0;�kM3�^&amp#21;�6�反��m�|J�.t/��
׼	�B}̣,��	��&amp#6;yS&amp#31;K'�j��e�P����u��z�&amp#23;&amp#7;&amp#26;	��������1٭jx&amp#26;Q��!ԯ��V¶#�rB1S�U�0���hrsNM��Ǚ;EJN�*-)I}/�<�>$��>9�4��~<| �w�a��&amp#0;&amp#8;�!��?&amp#6;5O�&amp#18;��-~�&amp#0;◆�/^��7�~0�K��Z��oco�&amp#8;<Q�@|5�L���mt_�V>.�u9��m|'��&amp#23;��&amp#11;�r��e�{�	�|'��տ&amp#21;�X�>��??L��O��&amp#18;�����x��V&amp#16;]�~�F�|Y�?&amp#25;j��s&amp#22;����&amp#29;ͽ��yy'�4�7H��D����&amp#0;&amp#5;@�����B��<w��!���&amp#15;��߃h�&amp#0;�&amp#6;[}/�_&amp#22;>/뗺&amp#21;�&amp#23;�?��6��&amp#29;��9u�m_��k���j�%�Яd��I"׼&amp#5;?�&amp#8;|&amp#7;����?&amp#6;x&amp#11;I��M7þ&amp#18;�}&amp#23;��/�x�L�L�'��!��P�&amp#6;������e��m�.<B�Y���M�|]�����&��x��-�1�s<4r� ��V_K�r�^3&amp#19;&amp#30;&amp#31;�����цgRq�&amp#31;���&amp#22;�Y�:5�*���J8�~&amp#11;&amp#11;���&amp#7;O�&amp#6;�[&amp#16;�)ӧ�jҌc�+�*R�QVj�8ʤ5~��.Y�'Q�&amp#17;�x�Ė&amp#30;*�<}�-r[�&amp#16;iVW�5��ƹ�hZ�j&amp#23;&amp#30;&amp#22;��|&amp#7;��sR���6�z��ך�&amp#26;��u;��<U��N����M&amp#15;�w��߷O�&amp#19;��?�N�&amp#23;�O&amp#23;]i�/�&amp#15;�W��ͯÿ�&amp#30;.�Cm&amp#21;ϊ>.���ǟ&amp#12;g�|&amp#19;�&amp#20;Z�&amp#30;;�W�|q���&amp#0;&amp#20;<E��&amp#0;&amp#19;_��/���_�ق��&amp#16;G��u}&amp#15;�]|Eg�jϢ�{L{��u���B��:N�}|֚m�j�z���+/챥�ϩh�&amp#25;��,�95M?QԴ=&amp#2;�{}Sŷ&amp#31;'~��&amp#4;�~��&amp#31;��:�4�&amp#31;�>&amp#31;x���&amp#0;&amp#15;>&amp#24;|R�&amp#16;��l~(�I�&amp#7;ğ&amp#22;�;�=�|>����&amp#30;�xw�'�8��&amp#27;��A�&amp#31;�~&amp#25;�&amp#25;�&amp#31;�o���&amp#2;_��&amp#22;|{��������'�~&amp#26;�����&amp#5;���gZ�&amp#7;&amp#19;���!J�hѭ'Q%������*U(��\&amp#29;8be<<1�WR�aKlU)5Q�Q�-��Swj��M����z6�&amp#22;�����n��|[���۬�&amp#19;���5׼1�H��w��7�!&amp#26;���M_���6��x��:'�g�~=k&amp#8;�&amp#15;	|cּ#y�xk@�B����&amp#3;��&amp#0;�|S��KL���%���&amp#11;���
��5?&amp#17;i�.�&amp#14;��iQ��^�^��º���[ˣI�?&amp#15;�&amp#22;� �$�,^.�Ege.�6�i�}�K�&amp#18;X떗�Z*�&amp#7;�:�&amp#30;���b�R��m��&amp#19;?g��&amp#8;�jZύ���&amp#31;
xoǾ&amp#27;���v��.k�~1�O�7�>$�C��<&amp#5;�&amp#15;Ǻ����&amp#0;��ĝ;^����>&amp#1;x�7�&amp#28;�&amp#0;�s'��f&amp#31;&amp#7;[�I��&amp#14;k�.�mq�m;�6^+��t�&amp#30;};·&amp#30;&amp#8;�|W��A�x�Z�����zE��m"��ڌ'K:n��ܭΜ~o�:xlF&amp#15;.�`�Tja0��4h�&amp#5;&amp#28;>&��g[&amp#17;<$�ҧJ&amp#21;�&amp#22;t',K�&amp#26;��*T�W&amp#25;Z���
\��Vw�ut�$Ժ5&amp#27;J܏d�R��+7�W���&amp#29;6K�LWF����1\ꖱ�������&amp#21;�&amp#23;�ޤ:t�&amp#18;�i7J-�u&amp#4;���h�X'^'QX.#����)-.%��T�/���G�M��H5�.$��P��\i;��&amp#0;�p�6n�z}���z���f"U?�be�7Hd&amp#1;0�b���q&amp#22;��?�b�VY&amp#2;��^&amp#21;&amp#22;�.4�)��iwW���|�&amp#27;]���>��K�Xu}R�������%���X�ӣ��s=��x�)��['.e&amp#21;'�R&amp#19;���ы�{A;F𔹣&amp#23;Qݮd�T�_�4����%��h�ڭ��k]MR�ʼ�����>�Լ�E&amp#4;�&amp#8;�h&mF+��V��%�&amp#24;&amp#16;�jֿh����:�&amp#19;~g~�~&amp#24;Ե&amp#29;_�v0\"��d��,&amp#15;&amp#15;i�7��G��~��������8�&amp#26;���dr<;�h�4�7R[I᛿Ӌˉ����6��i;I=�<&amp#12;���z&amp#29;b&amp#17;��<�h�b�H�'Y�&amp#4;H�A&amp#2;/�&amp#31;�^���&amp#16;�&amp#22;̗Z��&amp#21;���q����Z�fkk�&amp#27;Vҭ4�vK��V�^��_�V��&amp#6;�{&amp#14;�c�%��&amp#29;FI�1�x�L��&amp#23;�1&amp#21;��&amp#6;&amp#22;t���O�t��&amp#30;y��T�,�u!9F�&amp#20;\W=�}��&8y�I��{;E�'k�[G��i��&amp#20;[i����s7�<#���;u��Ƶ�&amp#29;.&amp#11;&amp#31;
j�:��>&amp#28;��&amp#17;|P�ڴ�5ޓ&amp#23;�Cj~&amp#31;�t��&amp#15;x���'�tk&amp#31;&amp#4;�~"��&amp#12;�&amp#28;������o���/�~&amp#15;�f��jO�>%�f��_�k��i��������k&amp#22;C�I5�׶6�Y���\[ͪ\�,��^��h??d�/&amp#18;x:��&amp#15;���&amp#31;	����o�?&amp#18;���]j�"��E���8�߁f�5�O]�N�6�}�7ý3H�Ь���&amp#26;�C�։�x�C���G�����}&amp#2;T��>1k�ͩ�4�	��_��"mig��VFӵ&amp#24;<>��Y����:U�6&amp#22;&amp#26;k�q&amp#14;�j&amp#18;�N��/'������&amp#17;�q�&amp#29;Pu�V&amp#19;�`*Ы&amp#20;�V�+��T�&��$�R����IB��Zr�/��U�A+����	�&amp#25;-vP�WvWm+\��úk�&amp#5;���x�&amp#27;Kx��n��7��LZG���B�Ɵ�0^�&amp#30;&amp#16;d���5&amp#11;&amp#18;���n���ƿv�³�}&�[�ӣ�MԮ��R&amp#16;k�Z�y��>[Q��Q&amp#22;&amp#22;��&amp#22;��x�ľ&amp#30;:�ޓ&amp#4;&amp#17;���&&amp#24;!h�}&amp#6;�^&amp#16;�uq�xjk-gR��.&ٴ���Io�G�����Zm��cs�][�Y��&amp#0;�P�oo��&amp#26;�w&amp#17;���Yiw��^�K�7L���.���&amp#19;R��ŕ�/��k��oU��L����&amp#21;�^,�KxD:&amp#0;�6��M��ko��&amp#26;M�����&amp#0;�ү:^ڝYՒ僓�&amp#24;J&amp#14;����&amp#19;)(S�R���(�U)8N&amp#15;��g�q��������J߻W���9;�$��S��&amp#31;Dm&amp#23;O�x�T��ti4�BO&amp#17;ǥ�Mk��Veյ&amp#11;]GM6ֺu���H�𖽥ˤ@-������C���%��y
�c&amp#20;+��A,_G��&amp#16;i&amp#12;��U5i�u&amp#17;o'���McE�f�Ε��>�wwstn�6���iZ����4�o&amp#18;ح�ɨ�J����&amp#7;7�����J���ծ�.M��'�&amp#19;R�!n���XԿ�4�Mb�TMB�>OG��m~�Z�I�nu;�D��&amp#8;'�/ͽ���K�mWN�E��F�ӴI��KN��%��^&amp#24;��^�&amp#0;�zmѺ��Ii��u%Z����/?qR��*�j�rʊ�c&amp#26;o�u��qT�J/&amp#17;M�e�VЏ+M��MI˥�wM��&��]��N'�Yi�$�g5�]��V�zJ�&amp#15;�j&amp#17;��#>��i��}CF��&amp#22;r���Z�z9���X�	�num2���TO\Ѿ�o���^��r�n���W���j_�z-�j��I'�Ӵٚ���LӴ�Bu&amp#21;Եk;�,�K�]"�I��It+��l����L&amp#22;���xwLi��&amp#25;��7E��\�z�E��{85V���`Ҵ�u�&amp#0;��&amp#18;&amp#27;&amp#11;�t���5�?k�4�{{��յ�'I��Qӭ-���&amp#27;J��l&7���X�5�������u)�[&amp#17;&amp#30;�c<�f�qvu:�/;&amp#31;Z�ՔeZrn&amp#18;j�'̝;��R���)TN��K���M&amp#20;��P�&amp#23;�*Z)$�y�������Y(���&�mʋ�ݾ�6���?PK�U��HkӨ�s�����^���ֱ��?��Yx���)&amp#14;�e.�y�&amp#6;��$���J�<�&�ol.�=k�k&amp#26;&amp#6;�=����	-�;6��5�&amp#11;�Unm�ѵ&amp#14;��K+{[�.&amp#24;|Gw&amp#22;�||%�ͩ^j�[���&amp#25;^�M"�F���,Z�R���/4&amp#29;&amp#2;�G�4��l��&amp#19;^���&amp#23;�����t�+;�>�+�^[��%��|A��:����#���w&�3k�eG��l쭴{K]&amp#23;LЭ��RI�����+O&amp#12;h���G�\C6�y&amp#2;^kz=�ӥ�<Uc}�Z��*�o�5���)��)%&amp#28;=H�<��j�&amp#5;�!)VnT?{&amp#14;i.Z��p4�&amp#31;�qi9I-\�����r>U~ovM]E&amp#28;��met���c�k�m&amp#5;�����VMm,-�h�N�Ė'D&amp#3;D�����c�Eo�[G�i��`�����&amp#15;^���vZ��_Ķ��Z��&���pkw�'�$2�z�Z&amp#21;�:{�767v&amp#22;��]����ϧh�u�Ꚇ���w/x��z��&amp#30;�v�N�ښ���ç^�C[դ�]>�&amp#11;�CQ���5)��o�m%{k)m�&amp#30;��&amp#4;���}�G��Wg��iu&amp#29;T_A&amp#5;��b�]\�[&amp#11;N�$�,�"�.��i�Z	{&amp#31;&amp#15;�e�˨G&amp#12;&amp#26;e�ڿ�db�A������%���*���3�s���Jr��iN)585&amp#5;]8�R��q�8�75N����t���7mSѽ]�Rj�ߖ�i��v����Z�Z�}O��?ڳ_Zj~&amp#31;��c��)c��6��퍇�����k85]sM����N��&amp#8;�&amp#20;^ �{᧾��CTפ��f�m�jz>��X5���鯦&amp#24;,#���&amp#0;&amp#18;�&amp#26;�Z���k;u@������&amp#0;eѥO&amp#19;O��Ω������jj&amp#17;��^>�wg���5�X�r��]^xZ��\_i&amp#31;g��֭�&amp#24;5�Z�B������u[{�����&amp#28;׫�C��w&amp#23;�f��+��&amp#15;	x�����Z��)���H4&amp#31;&amp#15;x���宇i����VZ��.��:���h,eK�S&amp#5;9FO�
��&amp#28;jFj�)(�rrM'5y(�E�!5	(Q~�H�&amp#20;Ե��I�6�$�n�M�_zW��/�&amp#0;�Gk�&amp#29;���'�&amp#15;�&amp#26;��&amp#0;�/~&amp#25;ɪ�c�n���WZ&amp#5;���������N��/&amp#17;�,��&amp#0;����w�>�j�[�k֚����>���S� �&amp#29;֡a��&amp#17;��f��&amp#28;���&amp#18;�R=��*&amp#11;�&amp#0;&amp#20;����]'�廹ז�A�촻6K�)�/�{�&amp#17;��e�h&amp#17;����%m�&amp#15;��&amp#25;|=�h�&amp#24;�'�ᯊ�e��-��KK�4�&amp#7;j�k��RM2]V�Q�5&amp#29;C2�&amp#16;���&amp#29;���&amp#30;��_xran�҆��&amp#29;W_�l��|vV:N��闚N������~���X�&amp#27;�A'i��|O��&amp#0;eZ�v��/��,d�&amp#0;M7���&amp#23;� �+$�LUL�&amp#3;,uLf&amp#30;/	��V40��aMK&amp#25;Z�{�T��<C�g��W�_�U�"�g�d0����bk�Ti�w���8�7&amp#24;��4�/��~T�$�&amp#6;z5��g�j:�k�&amp#30;ӵ��&amp#11;�o�hr�ƛ���k��iW�t&amp#26;]���K&amp#4;�&amp#15;z��7��Ē�=&amp#18;�R�&amp#23;��ɥz&amp#23;�gi�%&amp#12;�m��9��&amp#23;Ogs&amp#20;�&amp#23;
t��&amp#25;x�m6&amp#25;o.o5	/&amp#26;���QKˋ}B�+��I䴖&amp#23;?&amp#20;�*���M���'��&amp#20;��Ŀ&amp#2;��&amp#4;�֫%��t�&amp#27;��&amp#18;<e�f�V�ӵ[�cG���c��.��Zi&amp#22;��׋-tmcS֙�şb|&amp#29;��&amp#27;�|9е&amp#15;���C�)�<@�&amp#27;��&amp#0;g��������i5�[�2���Q��n"�Z��㽸�V��=V�V����Ʊy^/,����NU*c#U֧N1�8*��&amp#26;P��ө&amp#8;a��\5&amp#8;�)�4��7J&amp#20;%>�܎0�R�T �&amp#23;)>]&amp#23;3i���;V�o&amp#30;YE�u4z&amp#12;;��Si`�F�v��&amp#28;&amp#18;����&amp#18;���`�<㌞��<t,8�&amp#18;Nx��&amp#3;�2&amp#19;�� u�:�&amp#30;G�&amp#24;�r>���S�p�9�9�&amp#24;%��&amp#3;��&amp#29;�#��k�{��O�
���޵��KZk�4�&amp#26;i�fֺ_{����P)�� c8��n&amp#3;�<������&amp#8;&amp#25;@O�A�{��9=z�&amp#12;rH&amp#24;U,&amp#11;�&amp#24;&amp#5;@;�,&amp#14;�&amp#27;@&amp#7;w&amp#24;�&amp#12;m��p&amp#23;ס8��&amp#29;�&amp#28;�<�&amp#4;�8=7&amp#21;�������&amp#30;��羽����kt�I��&amp#1;&amp#24;9�&amp#24;��9�{c��pM(8�y��9��p{s���9&amp#24;,P&amp#0;&amp#11;c��s�I&amp#25;&amp#29;��&amp#24;={�9&amp#25;)�NA�Aʌ&amp#16;p&amp#7;&amp#7;9?{��88&amp#0;Q�/���aߦ�v�$���;&��ɻ�����&amp#29;&amp#7;&amp#4;�pH<�&amp#1;\�&amp#4;�P2r3J&amp#1;�&amp#14;1����ӫd&amp#18;����$�&amp#28;`� &amp#16;8&amp#28;��px��(&amp#25;�&amp#7;#��=	&amp#29;�9�H�&amp#30;&amp#1;$�?��7���-�&amp#5;�}mmu�������߫m���sӧ�&amp#0;_&amp#7;9�&amp#20;�#����-���$��@rюp&amp#15;&amp#3;&amp#25;�&amp#29;	��<{��&amp#2;p�0A�˴&amp#3;����u�G&amp#24;$���8&amp#1;X&amp#17;[g��}u��kKl����Tv}������ݛ�����K��/|&amp#16;�Ž"��P���Y����Mg�V��K};Zӵ�kMJ��ZF�\�걥�v�iZ�&amp#0;.a���/�&amp#15;�&amp#30;�&amp#31;����&amp#5;R�T�&amp#15;��ľ&amp#25;�ӵ&amp#29;$��j�3�f�R��#��&amp#19;�&amp#26;Š����R���.<S�x^�I��-eƁy�&amp#27;&amp#6;�m>���{S��ZF�qg&amp#21;դ�qZj׾!���ke��t6�R�W���\�����&amp#5;�&amp#22;&amp#23;���jP�j&amp#12;����z&amp#12;c&amp#25;&amp#24;&amp#29;��&amp#3;���A?cüi��&amp#20;�����0^�N8lg�q�4�oFP�&amp#11;?r��*��T���񷛊�W}&amp#21;컻�[]%��w�ڿঋ�moMּ&amp#1;�xR�D_�C��+�)�&amp#31;&amp#17;���k�|W��2&amp#15;
K�ŧ�i�^���Ŧ��	u[ۭ&amp#15;V��O�4u�*��D�ӣ|FӮt�_B񏇮��V��<C�s��iz��&amp#21;���_&amp#16;�&amp#26;V���&amp#27;=D�hsA�]��i�mΫ&amp#23;���-�x�T�k��&amp#0;&amp#0;~&amp#15;�D�^o&amp#18;x#K7�$Kq�k�Rϡx��[T�K;��cG������=:��=䳬�}���x��Q��|��&amp#15;� ��4G��^!���&amp#25;56�&amp#6;��R���mm��5;�-j�-B����T��Q��Q۪���ho�?K�5�BO����'�<:�ib2|e&�K&amp#21;z�U&amp#8;Nuq7�&�!:�Xʓ���У��RQ�&amp#15;:���%}y���Z�蓽��Rw�W�mk&amp#31;�_&amp#6;�GZ�-��T�y�Z�&amp#29;V�4�/&amp#18;xfo&amp#2;�I�~��j:o�4M&amp#30;�T&amp#17;�&amp#26;�shPi����#X�&amp#17;�v:���h�����v�y[_��%Ҟ��>&amp#15;�&amp#7;�tɠ�ӵ&amp#31;�	�7����cst�&amp#16;��&amp#23;�lA�&amp#5;���jZՍν�[����&��5;O�u&amp#18;~&amp#30;-�~+�om�i��W�T�&amp#30;�s�\x6$��'D��/�ºƋz��!�V&amp#22;�&amp#18;��������[}&amp#14;�ki���<7�]kD������ƛ&amp#31;�ึִ�&amp#15;��A�{�C�k�)|1��ꫪ�k>&amp#30;���g}J���F�ew"i�%������&amp#24;�D�&amp#24;죉)b�V�r�,.&amp#27;&amp#17;C&amp#18;��Z�7�<L𪴣F����֜�5Z�!Q�*Z4֭��V�몿et�|�-l���~&amp#19;|X��}��8�u&amp#29;3L�E���&amp#21;<;�<�+��,��[_���+�i�W���?&amp#15;h���~#����^��o�lu+u��U����3�Z��Y�u�&amp#18;&amp#8;�|G��j��&amp#26;���W�5�V�8���I�i�m��������<'��Z��V�M�e����7Z����&amp#23;�?&amp#26;[��&amp#30;���xP�׈<#��Yjz���u����&amp#27;�XSF���=&amp#15;M�.����ƍy����.�mw�a�?��?YO��&amp#17;�u&amp#27;�&amp#19;E���~/��$���^�?���G��KkiuKEkɼ7��W&amp#18;>�,t�u��&amp#25;.�Ȧ�0Q�p�X���ң&amp#12;&amp#20;�!Z�!�sT��&amp#31;&amp#21;���N&amp#24;y֯S��&amp#11;T�'5B�#�)��+[N���Z--ukk{;�vq�g��=�&amp#24;k�W�&amp#22;�w�^A&amp#22;���o�+[�վ�q�ݫ�x����=v{�Qu4_&amp#29;��&amp#28;������텤�&amp#0;ں�kRs�W�w�>&amp#27;�6�m}�j']�4-W^��m�����'��M&amp#19;��&amp#23;v�}��&amp#29;:mN&amp#29;b-nmEu�&amp#18;�[$�i&amp#30;�o~o�&amp#24;|9��&amp#14;\I�j~>��&amp#23;Կ�,�H5ƶ�{I�}&amp#15;�0���&amp#20;&amp#30;&amp#24;��m&amp#18;�&amp#25;-o�x�bӯ���o�M%ƻ'��%�o�]&amp#11;Y�&amp#23;�&amp#31;&amp#12;��������&amp#26;��<#�#5���j�f���S�&amp#31;�&amp#30;&amp#27;��M�����&amp#30;2Ҽq&amp#28;�ky&amp#23;���-���Z�e�;+cr�:��i�m�,![&amp#22;�B��
^�4�<|�5V.�jӡN�%)Fu����&amp#29;�ƥU.K�Ñ�i6��%&amp#14;i�޲�۲�-�y�߾&amp#21;||&amp#31;&amp#18;<)u?�4��I&amp#31;�a���&amp#22;���\�zU���-�?�&amp#18;�&amp#0;N�&amp#22;�1�y�:���-��#w�s�_&amp#15;����o/���y&amp#6;��8��6�!�Z-ͧ��O&amp#7;�&amp#0;f�in4'mB�umu�o&amp#17;�i��&amp#30;'�Q��T�</�&amp#30;�H�u?&amp#20;kz��淪�i��_&amp#8;|1���#i�櫣�y��^*���[��Y�f�'�$�]�WZe��ƛ��&amp#6;��Jיt�!0���Cb��Z�����ŚN�wjn�4��y.#_��-&amp#14;�Sx�^Dn,���n��&amp#0;��$��uM>;KFI�&amp#17;&amp#5;ōž��i�?�$����c+�R�:r�>lN&amp#30;�!������걔&amp#21;J��JQ�D�G&amp#19;R5+֫QE9�g�K��TU��C��Z�d�z&amp#19;�&amp#8;k=&amp#14;��±�Z��&amp#30;�gc{�O&amp#16;j>&֝��d�t��G��ǿT����J��t�&amp#24;�5x5�&amp#18;�H���gO&amp#19;���-�'�V��&amp#27;7�}��#��F�����T�����U��\����Ho�|-4�#&amp#26;���8�'���&amp#23;o�Y����r��&amp#18;����:�z��%���k6�1�M&amp#26;y�ˢ�2M���?�&amp#23;�p]�gsm4:��I&amp#23;�}"q�<�e����Zϊu&amp#1;������&amp#31;&amp#11;X�,��&�6�k�2&amp#15;&amp#16;�r�|/s�:�k�k��7�g�`��n������j&amp#26;e4p�lU8��&amp#20;�&amp#21;%*��Ɔ2�e�s�&amp#26;x�O��s�c&�A��Q�IEIN&amp#19;�q�2�˙��7�Iۭ�W���;�&amp#15;�^�xn?&amp#18;Y�Zi~&amp#22;ӗY�.��VG�5�-&amp#26;]^Su���ڟ	�:CC�Yκ�z��$�&amp#22;:���=7��[\K'�����m[W�sj7V�i��V�&��x��7&amp#26;��&amp#6;�/^�l�J�n�s��&amp#14;���&amp#29;���߉��1b���=&amp#18;;=v=OO�[G�j�ږ�e��.��Zi&amp#22;:U���+�OX�t�&amp#19;�v&amp#23;�:>�sw����P�c����O׵[-&amp#28;}&amp#4;t��&amp#2;��Zx�Z��m4�r_&amp#21;��q��V�K��&amp#15;@��5&amp#27;���f�ѿu+ZM��h��v��G��o&amp#18;�N�F&amp#19;&amp#15;��Q��&amp#5;'&amp#28;?�T�#RS��RU�&amp#24;N�W�״�MR�Gܣ�xµ����v���&����.��gX�GSG�W�_�=&amp#18;���Y麿�<_��K�iZ,�Ri����M{��-oN��ٳ)u��{��j7z8���	�xcL���%���Yڷ��Ю����n%��n�]r��ҭ�����]��i��E�i�W&amp#26;F�>�&amp#22;�%�̚��)�xgT��+_&amp#21;C�k�iriϧ��k�)E�Z����ˢk&amp#15;m����z6�-����ŕψc�u�JK��4�m�o���e���&amp#26;$S���W�|&amp#27;᥷��4�ui����o,&amp#27;K��4�/.�[뇵���N�v��7�7�Zdz&amp#31;�c�\���ϣ�&amp#26;d�1��*Q�&amp#28;%:��&amp#26;ժS�[[����&amp#5;'N��&amp#26;
T�5��&amp#31;v��J&amp#21;i´��ꬔm�vݓvv󊶎��վ&amp#30;x&amp#16;|??&amp#17;�a�&amp#27;�&amp#18;���_�&յ�&amp#21;��;�&amp#15;&amp#3;h^&amp#30;ѭ��/���&amp#0;
�gU�&amp#22;��&amp#25;��ÿ&amp#7;ɤ��=wO�t�&amp#31;�>9�|s�'V�L}U>&amp#31;iV.|X���&�oia��&amp#30;&amp#27;����<y5��h�ZЧ�Ӯ.'�Ԭ�,��X�u&amp#11;	���&amp#18;���v��&amp#14;�q<qZ&amp#14;WA񋶇�j&amp#23;�&amp#26;�:����_��A�i&amp#23;6w&amp#19;��5���vVM%����5Ċ/md�"�ӭ&amp#30;Fd�u���m/H��P���m���K�T�N��&amp#26;|�Z��i��Zxzx��}���+�+U���&amp#31;`}"�PҤ�<M������Z���b%8�u%�KN�&amp#30;�p��ƄiS����ӥC&amp#11;G�&amp#24;EF&amp#20;)QT�9@T�&amp#21;��d�n����ݻ��O�m�v����o
5���l&amp#18;�֍�&amp#27;R�!֓I�,���O��#���Ҵ����Ñ�wŶzM�ű׬e��~�u&amp#21;�ϕp�6SY�6W�T��Km�;�F&amp#27;yo�ӎ�s{;��J����N����]j�b��!�4X�ak�τnt/&amp#21;/�#����\_A{&�u&amp#20;�g&amp#2;[��CVmrk�&amp#11;X�usu��Zh�&amp#23;G�Fݼ�&amp#2;I��&amp#7;ö�Z�����_6�W��J��Ե&amp#8;&amp#22;{{kx/�n㻽���t�&amp#23;�!�km&amp#31;E���!:���:\�	g�m� �Ы*2���:&amp#17;��:�ظBу�q�[�T�M9J�*�Z�&amp#18;�駫��Z&amp#22;�muw�����}�m�4^$�O�.4k�7��4�&amp#18;�V�&�F���n&amp#29;2����
&amp#31;&amp#6;i�>&amp#30;&amp#22;^6�&�&amp#14;�&amp#29;�wZ�YE�h&amp#19;j7W6����:f��qq�jQiv�&amp#31;��kM:C��>m*�]j)�=>�U�<Gz���h��M_U��Z�&amp#27;��Gwy}���&amp#0;&amp#27;]j��g�&amp#6;��i�@<0��h�}ǈd�-��S�d�~�&amp#16;x�}:������es�x���&amp#26;#�)��U��<9ibdtծ4MJi-��X�x&amp#7;I�[�}GO��B�b�u�[I��-�Ze��zΏ�x[M��u&amp#18;XX��^�&amp#14;�wv��z����N��h���F��(өB�mG	EN��eR8�&amp#25;�o�k�T��NX�&amp#24;hќ(:�%]�F*���o�լ��u�����)�~>|5��&amp#31;���(�巊�&amp#31;&amp#5;x�]_�Z��&amp#31;�4�&amp#27;��mx�LҴ���犭���$�4{{�u&amp#31;�z&amp#14;��x��M3L����SLվ&amp#20;���~�_&amp#6;�b�&amp#11;�=�&amp#0;a?	K&amp#7;��a&amp#15;�4o���x6�]�k�s�?�a�J��{/�&amp#26;d&amp#30;&amp#17;��s�&amp#19;k&amp#18;t�g�/��&amp#15;�%���x�Y�eܷ&amp#19;|K���/��]&amp#25;5��;�o&amp#16;�s�[\�R���M����5�ڭŧ���)���&amp#0;^�&amp#31;N��=.��K��Ҵ�&amp#25;%֟U�&amp#5;׋c��մ����m
3�����9c�h&amp#26;]�7�4�[G�φ?�|;�k�&amp#18;@�/���ƫ��q�ŢG<:&amp#14;��_k?�����Y��0�&amp#26;X�&&amp#27;7���3�6S�«�?�)ԩB�d�9¶*�
�Z�*��b!&amp#24;FQ����F&amp#21;0q�6�8I�t��&amp#27;R�愧&amp#24;9'Ȥ�&amp#27;8{��FQ�ߍ��&amp#31;����ٛ������Ú���-���w�<E��I�j�&amp#20;|o&amp#31;��[&amp#7;�w�5}B-p��&amp#26;����4�H���&amp#0;�{G�e��mt?��&^�9���/4�{O&amp#18;����'ѭb���mNk�+�&amp#18;ˉ5[&amp#21;:&amp#21;��qg�\ͧZ��4&]j���&amp#14;�6�$�������<5�+P:.����^H�&amp#22;>!��6�}.��i�dsG�ԲKk]l���;[���v�u�J	t��/mxO&amp#24;Y�'��x��J���&amp#5;�ާ�X�Z��4��n-/,^�K��-n��}~���>&amp#23;�/t���=R�&amp#0;�:��7��|��no���'&amp#19;_&amp#17;��N��%VUjד�jP��<gY৆~ά��&amp#20;!+8ҏe*1�IB�c&amp#24;�J1�b�&amp#24;���]��զۻ|牤����}�w�ڽ��<Aq�ks:1|�}����i�H4�t��͌S/�<q4�s�gO�4�MRo&amp#22;��]3�R�&amp#18;����牼0��&amp#31;���_��/�
K�i��&amp#16;<?�/��x��������{�&amp#22;�&amp#0;H�7�,ˏ&amp#17;��&amp#31;&amp#27;�&amp#30;"�|&amp#27;�}&amp#18;��w&amp#26;&amp#6;�wb�2���&amp#26;�Ƴw�Y�sY�V�\O&amp#19;꺼��Lwz]ޟ�hVͣi�:ƫ�E��;�s��&amp#27;=i��SQ���e�����&amp#30;ۊ�Ũ����o���?�Z���8��&amp#25;�Y~&amp#28;G�;I�&amp#0;�"��:g��_�i3i^&amp#31;��&amp#30;���7O�d��6�s�(|>t���+9�ὤ)R��ԋ��&amp#19;��v���<��EJq���St�I_
��4�UDa]%N���Q��i�$��z�7{��{��>d��_	�&amp#0;����<s�&amp#15;&amp#0;��c�U�&amp#15;�?�>,�&amp#21;Ӭ!�&amp#7;�)�"��F��&amp#23;�<}�ut�&amp#11;�I����&amp#5;5�*����j�&amp#27;�o��a���u&amp#15;��	�m�&amp#23;x���&amp#0;�/�-�kş&amp#14;�&amp#26;�W់u��&amp#19;ˡǫi��(�&amp#5;�ݯ��_u��Z��/��&amp#20;��Kw�&amp#16;x�K�&amp#14;�w�����M&amp#3;Y{���M��|&amp#16;�|;��?�����|3��ï&amp#14;jڏ��9��&amp#15;�n�闖�&amp#15;�.�t�x�Ǻޟ�h?&amp#16;5O&amp#0;�����W�,��Z�&amp#7;����O��m�s�&amp#22;��G�&amp#16;�U��G�&amp#31;P�K����^&amp#12;�.Ƌgm��i��&amp#26;L���Zxx���&amp#12;&amp#7;O���l􉯧���x����&amp#8;�?�x��O&amp#29;�c�v&amp#16;��&amp#3;��)��&amp#7;&amp#28;6&amp#23;R�'5�p�&amp#17;�O&amp#7;F�*&amp#21;_��&amp#22;�IR�ʕZs�,K��R�(స���{U���:U�M;�;�A]IE�I�(�5믾&amp#17;�gh̒H�#�(�ˎ�&amp#0;ȑ-�&amp#29;�&amp#28;�&amp#12;s�m&amp#19;�&amp#20;�[�sj�Mi&amp#12;�M�]}�[��ut��]T&amp#11;���緛V�i &amp#21;�́,���o&amp#1;��œ�&amp#22;&amp#5;/<ˏY1�Q��&amp#24;��2F��F���%wQj�&amp#7;{1Yb ��x	&amp#18;��&amp#0;>E��\k�&amp#22;�4��t�tO&amp#17;O��\YGok(�i໵�M��~;-%��f��&amp#11;[{m~���R�j��F��~_�Ƥ���&amp#23;2T)M�t�ѧ&amp#21;iK�9������(����9&amp#26;�&amp#27;~Oe�����ڨ�=ݎ�]=��&amp#6;��A%��&amp#5;��Z�:o�n�6Vm!1�1����lml��=ޣ&amp#20;qZ��&amp#18;Ki?�_�&amp#12;zf��υ�n��&amp#27;M&amp#11;A���,t+�GD�&���ּ/�]k&amp#26;&��H��h��Ǡ&amp#29;&amp#25;�v��mN����V�4����6�^�B��S[�W0*�&amp#19;E&amp#22;�&amp#12;��(��œ5�����<&amp#15;s$�-�Z�xo�/~8����o��&amp#29;�ޟ5��7��Y�&�A�&amp#31;����cQ�&amp#21;d��k&amp#22;���5�6��p�]_���Ggw�C��&amp#29;Q�&amp#0;o��ɷ	�M'*Q��9�&amp#7;�_Y�iF&amp#21;h��&amp#28;���7�R�XŊ���t{Z�K�}tӽ���y��mGE�է��h�&amp#21;�m�]K��&amp#25;�ǚ.�e�������&amp#29;>:��?&amp#15;�h�F�#h&amp#30;&amp#20;�&amp#0;��G���S���tY5!-��<.�eͽ?_���'�j��&amp#23;Z���&amp#11;&amp#29;J��^&amp#26;���/���ݶ���ޝ-�Em&amp#5;�:M͝�j�&amp#23;�&amp#30;�eg&amp#11;i&amp#22;&amp#26;t�=�{&amp#15;��?&amp#6;�&amp#19;_����&amp#21;]�_������&amp#15;��-ou&amp#3;�r��|9�ox�I��ҕ�y4�����&amp#25;��4�R&amp#29;+F:���h��z������&amp#0;&amp#5;)�Ə�F�k"��y��[��q&amp#30;�,V&amp#22;Z����i6�f�uuyy����o&amp#5;����\&�o.�e��_�_ͨ[�[�&amp#0;C�7��~ �&amp#5;%휫�&amp#0;�&amp#25;eeU�U1&amp#24;&amp#12;�	����(�O&amp#19;S&amp#14;�H�K&amp#15;&amp#26;T)�9*r�3ȹP�E&amp#26;�f������6��k޿+�JL�&amp#15;��&amp#6;��X�W&amp#22;Z&amp#14;���V�&amp#29;b���G}{����e��^i3麽��c���uY��l&amp#22;�N�Ֆ5ѵ۽V&amp#27;z��&amp#1;&amp#23;w^
}&amp#29;�j&amp#12;�%�u]&amp#31;ŗ��h�u��&amp#6;��i0��]ǮE�i�:�����4�u���O&amp#17;�m&�q&amp#7;�/��&amp#0;h��څ�桦i�>%�>�3]^���{��-�ê٦�=��j>&ԁ�t�F�d&amp#23;2&�m{����%���愺e�kד�M�YK��ȗ�:&amp#28;r�i��w��q�\Y�]h:��ec�=ON���X�g&amp#7;�&amp#29;x�U4�)�t��M�&amp#14;&amp#30;�I^��i�(�S��:\�Q��:k�N>�&amp#11;[��I?���-����Y-T���:Kq���:��x���:L�݄�T�z���j�^b���;��ҭ滂�xv�}R��Ŵ&amp#30;&amp#24;��-���n,�?c�Yi�"�.�[{�&amp#14;�)�F��&amp#26;�M�]�&amp#26;|�B��7ڽ���������Ƨy6�p5&amp#29;OP�K�_�����q���Xk&amp#22;�P[�O�8u&amp#11;�'�:rIq2�Oo.�a&amp#22;��h���ZM&amp#22;�ms�&amp#0;	&amp#21;���Z}������&amp#30;77J�uĦ[$�׮-��R&amp#22;�6�g�4�&];P�fI���skm�k�hob��n�V��U���gv&amp#25;�T`�Ο%)�Pp��G�Su�F)ҫ)��1jU*��V�&amp#7;R�j�&amp#20;י5)�q��j����[���I4�W��&amp#27;$��#�&amp#3;k�L�ֳwq�ϬX&amp#23;ү�e���"�0C}�i&amp#27;t&amp#11;��Դ-6ܭ��s&amp#22;�r�&amp#30;�&amp#18;�&��Y���&amp#30;��xzK&amp#27;&amp#0;�&amp#23;��Z��l&amp#22;;[YZ�V���&amp#29;��h�3^YEu��xQ�z��+_&amp#14;Z�&amp#19;�W6��W:d6��5��i�v�i��ʩ�i���&amp#23;v�6�M�j^&amp#30;�,/�	k�&amp#24;&amp#24;�����{�:&amp#11;��}^]/Z�4��5��Quo�k��+-ޗ�M_N�t˘��o5&amp#6;�I��񝾯gm���I&amp#5;��&amp#31;��&amp#18;�v�������T��,V&amp#11;�&amp#11;�&amp#26;��Ezr��R��)Y�	ҕ8M�Г��)��Nj
&amp#18;�&amp#20;�
P��yB��oT�IJ�v��nJ\��1O��-��+I��n������<'.�uK�2���P���\լ��&amp#25;���&amp#6;�w��&amp#23;�.�u-/P�Ԗ՞]&amp#15;Aҥ7�&amp#29;��#s�RëM~�&amp#23;:Y�����[xb*�UԤ�&amp#30;���5KKO&amp#21;^隥�Դ�m5��^_&amp#14;��[3U�ź0���&amp#0;��wF���&amp#16;hWwZ>�o���~�񧆮t�&amp#22;W6�kz��׈��d���eh.umj�O�i:=��mͷ�/u�m&amp#15;YѴ-?Y�K��3M�G��G&amp#6;�-�&amp#30;&amp#24;���~&amp#5;�t-'Q�&amp#7;�,|�&amp#0;&amp#18;�"(m��&amp#23;:L-�M&amp#15;P�<K{�i��3j�趚&amp#30;�&amp#29;��xXw	¯���&amp#8;5iJ�v���:*U&amp#26;��N��v��'&amp#30;XƵ�+}&amp#22;9BQz%%��o�M6��{$�n�{��9J��<U��z6��=B�&amp#11;&amp#5;�ҵC�Zj~'�]&amp#22;v������&amp#30;��v�immi����xn݇�&amp#18;�D�T�&�4�&amp#5;��t����dM��2ߴ�S��}޽��GL�<&amp#24;��M7���;Ɨ6����&amp#29;GĂ?
[���)�&amp#0;��5ٮu��&amp#11;��&amp#31;�<&amp#5;�Oþ&amp#14;���o��֕�xg^�5�&amp#26;��׌.4t�&amp#30;��(g�u�&amp#15;x�ᮥ��6���=&amp#7;�:����&amp#2;���-f�᷂/�yemg�&amp#31;&amp#17;x��X��> x����&amp#26;W�<3����&amp#22;�&amp#30;&amp#23;�|M>��+�&amp#5;|i��j��B�X��U�&amp#31;&amp#11;���<_&amp#20;x��S�uk�m&amp#22;��-&amp#31;B��ۯ�G�k&amp#22;�ټ�1x����Y}|=)P�e��έ&amp#26;�����_g&amp#23;&amp#28;>#&amp#3;Z&amp#23;�Z�U,D&amp#30;&amp#26;�&amp#30;��.&amp#24;�J*-�JM8�Y]Y��6�n꭪\�jӑ�im�k�kK��\[��k��ןG񆚞g�tء�&amp#27;F���&amp#31;�2�)�ìA���*�K�|&amp#15;s�x�͞�[���kK��oV�&amp#6;�c&amp#22;�����:4^�&amp#21;�&amp#0;��7���Z�S���]崞 m[ͺ�luk��օs�izD&amp#26;����+8a����%����]��u&amp#8;4MKW�|/pl48-5'���&amp#18;X�Kcc&amp#20;���il��4x��X��w���6�&amp#21;�p&amp#30;\�"�&amp#28;^&amp#21;���[P����~*���F�C����խ�//-�ūj��O��?�
��O�_I�д��.&���_G�=L5IEVO�B&amp#20;��*��0����K�:��럞-�4�t�9p�U*F&amp#25;T��z�tW�3�r���/.�M��=�}��&amp#11;�m&amp#14;����K��Ծ�&amp#15;�l�(xz&amp#8;4�R��D�t&amp#7;�>�a���&amp#22;&amp#26;։�_�闾"Ӯ5_9��})�o4{�tu�F���j_�w��&amp#0;&amp#19;xsF�G�<1%τ��|{��)�<&amp#21;4�g���<&amp#6;,��"�vqk:}���=J�D��K#�&amp#14;���&amp#30;&amp#16;�u-Q�����[�	�&amp#0;s�ؿo�&amp#26;N�jlN����R���!su&amp#29;���{�
1y��W�v�a5ƛ������?&amp#6;���-�����quwm�&amp#15;x'��!�/�ό�&amp#7;ă�&amp#15;&amp#17;�o�h�:5փ�i|%=��5&amp#25;��&amp#15;
xj�����,�.n//Ɔu��M!�u��5{���c�<=��&amp#0;9}"&amp#20;�&amp#0;�&amp#28;�&amp#19;E�,>&amp#11;$�s��U�N�&X<&amp#30;i�&amp#18;����I�S��&amp#7;
Ϟ?���ƝG
3����,>"���9ԝ&amp#28;<b�R�QP�#�n�NS���
&amp#14;IJW�5�&amp#18;�C@�u�/O����&amp#15;�&amp#7;�&amp#26;���-.��_&amp#21;��R���&amp#15;�^.�Q�_���9g�]KS��&amp#0;D�`|'�&amp#8;x#�z&amp#4;^3�����.{&amp#29;G�7z��돻|	gyc�&amp#14;=J	�u)�!��[K�-�[M_W�}[U�-iken&amp#18;���kh����&amp#24;�Xc�%U��|&amp#25;��:j�&amp#8;��&amp#0;Wқ�6�=�|&amp#21;�=&amp#11;Q�f��&amp#5;,v�&amp#26;&amp#5;��hמ&amp#27;�O�����'��<g�j>&amp#23;���b�&amp#22;��j���&amp#15;�|&amp#7;��z���׫K=���|ag&amp#21;��V�Iy���1�&amp#6;���,VvVP-��iiyhR&amp#18;�kq&amp#11;�su)k�?
�GQ��&amp#27;R�%��ʻ�X����&amp#17;W
�7&amp#5;&amp#26;tiPj.&amp#21;&amp#26;�Ӫ�<R�H,EN�$��d���֜n����ۿ%����&amp#20;�u&amp#8;�&amp#28;v�D�˶4+&amp#20;�&amp#0;V&amp#25;�̮��&amp#2;l���3$^kE&amp#2;��H�y�瑌��OL�8�l�'��d9�&amp#12;���&amp#0;���$q�_��H&amp#7;\�^��㞼(��&amp#24;��	��k��]w��m򶚻�]��&amp#0;&amp#14;/or&amp#22;��������o�&amp#1;�z�^{�Q�&amp#15;�&amp#3;��9!A�&amp#28;w�&amp#29;&amp#15;�g�&amp#28;&amp#31;|�$�4�&amp#4;�뷶H�[&amp#7;�H�&amp#4;��&amp#16;�ţ&amp#7;?�~S���v�&amp#25;&amp#7;�$�@&�뭶���?^�.ޥ���h�z���ݽ����ͱ7&amp#28;&amp#18;9��&amp#27;�&amp#11;��T&amp#30;&amp#15;C�
�A9&amp#0;���m6����%�&amp#17;�6�`&amp#16;rw6p&amp#20;&amp#14;H�=1�&amp#4;q��&amp#30;z�0N&amp#14;&amp#3;&amp#18;&amp#14;8�����&amp#7;&amp#3;#�#��r���u~_��ݴ��]&amp#18;����&amp#18;��G'v�!1��O���6x��&amp#11;��d�h�nz�{&amp#14;[&amp#25;��۩�&amp#6;'��۟���ORF&amp#8;�G&amp#24;$�K�&amp#15;S��v�&amp#16;1�L�1���@�;_��껦&amp#29;���Ӫ]�k���ou^��&amp#27;&amp#0;&amp#30;P�A&amp#1;xn���%�&amp#4;&amp#2;&amp#0;�&amp#14;ܻ&amp#30;��w=2ç&amp#7;�q�<�p���z�u��S��2&amp#8;�'&amp#28;�1�����I'=r-<�&amp#0;�޶��u�5d���M��[�}5�Gx��&�M�[ͨ��.��VV7�|	&amp#22;��C�4&amp#26;�֕w<�Z<W���&amp#23;�K�Z-���X�j:e�����umc�x�����dn$�$����@-�&amp#4;(�1����&amp#28;&amp#28;�8᱒A�z&amp#28;���Q��&amp#7;r�9���W<���v&amp#29;G&amp#24;&amp#4;&amp#19;�@&amp#25;f!��+$��ݭ����u���ս&amp#23;m��m~��w��@3�px�OR&amp#1;?78���&amp#14;N&amp#23;&amp#3;�Q��&amp#28;���8�ܞ@�\&amp#2;rI&amp#4;.&amp#7;\u9�&amp#7;&amp#7;;F	&amp#4;��d���YT+1$r&amp#7;ʪ&amp#11;�\�&amp#3;� *�X�-�b��$�v��z=�[��ݕ߼޺��K飵�����ޖ뭬.&amp#6;&amp#14;00&amp#6;&amp#14;@�H&amp#3;�28#&amp#24;-�����&amp#16;|+�w�G���<)�Ū�^Yj3x��K���Bu-?r�j�Ck���m&amp#17;Lq�����ɶ�)-Y�>���&amp#8;&amp#5;O&amp#4;&amp#16;q���=0H�9&amp#4;�'����{`q�,8���&amp#0;�&amp#29;Hc[P�[&amp#15;?i��V��kN��	^��ӽ�gf�W�&amp#26;�;�m&amp#19;�[I�����W��~��&amp#6;��$�*Ւ&amp#8;t��&amp#29;x*�	4溴��u&amp#11;&amp#8;5d��}&amp#2;�X}A5[��-&amp#6;�yo�{/=-�on/.�'���v�4o�;ᖃs&amp#0;�>"�i�Ҵ�k&amp#11;M&amp#19;A��łi�-���w��t۹<5&������k&amp#26;���K�˩&amp#25;u[�m:��N�Ѭ�>��^H�޽O��&amp#25;&amp#28;�&amp#8;�1ז&amp#1;I,0>n_&amp#3;�'���6࠱Ã�P�"�N�:y�5§$�&amp#26;�]e)AJ*���&amp#24;�B5?�&amp#26;n�5%M�2QJ�%&amp#29;�H�ٻ�]of��욼yu����Y�/�&amp#21;��	�=ST�MoY�|'�Ϥ�[�]��&amp#27;O���&amp#28;��ݦ�}�2h&amp#22;wZ&amp#14;�u&amp#12;�hҴ��v�D���qi�y�~��;�}�KO��&amp#16;�߅�g-&��U�~&amp#12;|=��!��(֠��-%ܷ�&amp#21;�u՚��&amp#26;ܭ�+?�IdғV����m���&amp#21;&amp#27;=>�ķ�&amp#7;��&amp#31;��&amp#15;&amp#6;x���7&amp#30;o�lt}+Y�������4�
j�)�е&amp#17;�m-����;fծ�;���)56�R&amp#26;^�i�j�k~&amp#16;��&amp#0;����&amp#3;Q���&amp#31;�u�;Z��yo���G�j�U�&amp#23;�&amp#17;%��i��,N�5q��K{�;�I��{mGR���(?b��&amp#21;O0�gx�0��Hb)��&amp#12;���Q�Br¬mh�T�҅%<iO�؉r��F��Rs���J�����.U&amp#25;8�>^hE[�����������&amp#1;�&amp#31;�++�gk���V��i&amp#31;j��!Q}��xn���5��k����u��m6���+[&amp#11;-3Q�]WZ{��g�&amp#15;�jj\�wZ&amp#30;�&amp#30;�`�s,��j&amp#18;i&amp#19;N��v��]����$���U�&amp#26;}�헉SNi�k)-n��	�5O&amp#21;��&amp#23;^&amp#14;������������d���-4_&amp#17;�i���#ҵy5;�&amp#15;��iciw&amp#6;���m�?�G��?F���o�x���]�פ�صݤ&amp#27;�|Es=��7W�啮��&amp#8;��[&amp#3;N��U�շ���&amp#17;�ht��hlm�?��Ep�7�	�*���%�G�Ǔ���&amp#26;P�cN4�J2pS�d�(���q�Q�8E4�Q.�U'�i-_+�m��y_V��Ͷ��\���&amp#31;Q�,lWXկ5hnmn�&amp#23;S�u��hm-���k�(�)�k3�jsjz��&amp#23;z&amp#30;�y&amp#20;3��ݬ&amp#22;������&�no6u;[_&amp#29;h6z���}c>������kqcw��x<N�����Xũ��&amp#22;�e�M%�
η6�&amp#27;��"�,_K��H��4=J�H�m���#ҼM&amp#19;�ͩ�����";�tMpkO�/&amp#15;h�_�&amp#29;n�"��E&amp#14;��G��~!���Z���jOk���&amp#0;�׵D������������`��-T�v!�&amp#12;v�o�&amp#6;���j�w:~��&amp#30;��_i&amp#26;F���}N}?N�ƞ&amp#26;�u�:4�Ư��Bq�9�&amp#17;J&amp#16;����s�4�JWj��/e?�JP�&amp#23;:��&amp#25;&amp#27;��BQm���唢߽&�̥x�%v���i����&amp#22;�kob�SEe�a5]R&amp#24;.t��Ԯ��Yf��O&amp#15;�&amp#24;�5�'�����MӴ[�}>&amp#14;˧���Hl;�!��&amp#6;���͚�ѳݤ�4�D&amp#22;V�L��t�'�u�o`��t} ^�^$62X���ZC���.�lp�<1aq&amp#28;?��/�4�&amp#15;&amp#8;�Is����T���&amp#25;�O���&amp#22;&amp#27;�7R�K���R-&amp#23;S����X�~�ya=��t�&amp#19;P� ش�e���[5��}Z)�&amp#30;�Y�&amp#24;&�é���-���5��&�'�u�&amp#16;�d�H4C6�6�k���	���#V��sr��E*�u�T��)rՄ]9Ԝ)N&amp#18;�2��i�Q�U�sT��o��E6���I����7}l�2��ྻ�&amp#28;��7��D�&amp#29;
&amp#11;Y^��K����Ě��ZX7����]��-��՝��f�d�=�w&amp#23;_)��^���<9s���KV���&amp#26;�&amp#26;ܗ?��^��č"&amp#29;&amp#27;G�5&amp#24;��?Y��D��t���X�|:�`Ũˣ���R�&amp#29;ߎ�A�j:I��pkze���&amp#14;��A�^K�&amp#11;k{T�ku��Zm;��x_�a�?&amp#16;G�Aio��&amp#7;X�^�i�jz�����3���O�:Ϗ�%�o��D�ށ���j6&amp#30;%Mfy�Y�u?&amp#16;�V���Z��|k�&amp#11;�o5�2���Jͨ޴�)�Z��:&amp#6;�'��yMF�Z�&amp#28;]\Ez���l
2�J�u&amp#20;b�a�ψ�K�F^Ɯ}�S�"U�j'3zI�(�^S��&amp#24;��mK�h��ҕ�&amp#0;�1|c���[�A��Ľz_&amp#14;�j&amp#30;&amp#29;�tC��ڮ�ss��%��&amp#8;|<h�Gma{+�qy}�{M&amp#2;+��e�M_W�-�����s�����,�&amp#0;��&amp#12;h&amp#16;x�·Z��&amp#15;&amp#16;k�&amp#26;���&amp#8;X�&amp#7;P�mj���Z�&amp#23;�ˠx�T�5@��Ů�m�ɬX\�u&amp#27;��0X�]]]y��&amp#15;�k��c��[�����>&amp#31;���0���)�&amp#27;h&amp#19;>-����M&amp#15;L��m���_�������W��1�f��G��&amp#30;[x��>$о,����OO&amp#15;x/I�G�&?��&amp#0;d?&amp#4;�	�lߏ��L��5{m&amp#23;��֙㙯>&amp#11;=ǈ�&amp#19;�&amp#0;�G�x���&amp#20;�?���O�g�t�3�&amp#22;��h�&amp#19;&�?���&amp#29;�Z��*(>&amp#23;�m�xo²&amp#31;&amp#12;�_�㰞&amp#30;�8\�&amp#17;d&amp#28;q�x�&amp#28;x�|I�dX:U8s/�)�
&amp#25;&amp#30;+1�W�[&amp#3;Nu���>7&amp#25;W&amp#17;&amp#8;a'J�&amp#30;p�I҃󣊭RJ4'��
���Ƽ���.i)V�&��u�;�I�sX�럶����'~ξ&amp#15;���è-�,�xa|Y��&amp#20;�+��&amp#0;ŋ�&amp#0;�VSǮx&amp#31;��������?�{&amp#28;�E����o��/������&amp#29;/ᗉ��s�&amp#4;\z���K���º��?kχ&amp#23;&amp#30;&amp#23;���C��qm�6��K��&amp#11;x�W��&amp#0;��'�&amp#15;H:��:���M����a��&amp#0;&amp#8;x�?&amp#26;x&amp#19;ǶZw�&amp#27;C��~&amp#23;����&amp#2;��&amp#25;^	ngo.9&amp#17;V�TV�y�ȶA�Uia��*-�3!ydT�9��%|I�v^�;�=�9���ǌ|m�x&amp#7;ÿ&amp#11;5}#�_�n�I��x��&amp#4;&amp#30;&amp#18;��F���:���g�A�XɦY�s[���&amp#15;&amp#8;�Z޳?�l�C���/��1q&amp#14;kK!�p�Q���َ&amp#15;&amp#15;���a1&amp#24;��/�U�V����5��bs:��oN�!�&amp#7;RU�>�xZxjmЇt!:_�����a��څ'&amp#21;ͯ#�&amp#28;�s&��y������_�&amp#30;#�5g�ZO�&�C]&amp#18;��W���\��}7�^&amp#26;� ��W�t+�mb6�D���j�5���kz#i2���8��&amp#31;�v�������Ծ�i&amp#20;^"Ӥ���HԼ+s{e�xr��P�/b�ό#��n�&amp#19;P���=#N�����ag��������K��g����Z��u	x�H�}�&amp#15;
G�\xU��߄<A�\k��������5M&amp#30;���7�!�;����&amp#14;M&amp#23;L�,ⴵmb�R��M'Vԯ�S&amp#21;��u��.�i�Kuo�KM&amp#2;�M�X���&amp#26;&amp#4;��ؕԭg�dM&amp#15;�"X,u�M|��5&amp#27;�&amp#22;�jz��Ѯ��q&amp#24;&amp#26;�&amp#26;��t�23�U*&amp#19;|�'R�jN��V�Մ�G٨�}^��F�iKԦ�4䒔tz6��&�����:��$��l��4�&amp#12;\xb��R���F�&amp#31;��R���K�M&amp#30;?ö&amp#26;e����,�j���:&amp#18;x_Y�l����4��m6�������]���p�`��)�^x�A�2�U�&amp#23;&amp#30;��;�ǵӮ'��<+&�e�\�\��:q�D����Z��h	c&amp#29;�&amp#26;֢�&amp#25;&amp#19;�j����.l����ˍGN�.��Oė�,�w�xS���$��&amp#17;HD��H,/|O,&amp#18;�M<�\>���&amp#7;&amp#23;�&amp#15;�w&amp#30;$�FmO���څ�x�a�(Y�M��Rӭ�.<G(�R3&amp#11;Id�l�_&amp#15;��d��&amp#22;�#�Ï�&amp#31;Z�N�g}��Z5�W�
j3r�'��n�X՗,&amp#29;)ʄ�F�9�jqR\��0�H��&amp#5;&amp#21;�v�&amp#23;m�d���ߖ�+�����:�;�|a�&amp#11;+&amp#15;&amp#20;XZCw�]]ڽ֑���<6����&amp#27;K�k�����&amp#23;&amp#3;S��O&amp#8;��V�k�kQ��g�,S�&amp#29;WRH./�-�&amp#8;%Ӧ�����h�7��6&amp#18;�e-ߊ&amp#7;�f�YiGȲ��Ӧ��;�&amp#0;L.�&amp#0;�oƵi�G�i6ڭ�
�]���+mC�w�ŭ���j�n��MgU��l�&amp#11;�&amp#27;�m&amp#2;In�W�Z�����-f�&amp#27;Ky^��t�&amp#12;Yh�&amp#21;�������T�|Ko��;�5"�L��C>*ӵ�a|Mi�Ku&amp#12;�cq��-W�0�&amp#20;2�{ŏ%��7�&amp#8;���J4[�;L���D$��H�eVxx�\&�Ц�����ʦ.&amp#21;�N\�N&amp#21;�5&amp#24;Ɣ�&amp#25;b}�i¶"U�&amp#17;vR��5kZֿN�W��uw{%&amp#21;R��-OQ�u���;E2}��&amp#0;Y�R�:���F&amp#29;B-kHԵ&amp#25;�&amp#18;�Y�+�oc��$�,���˨<Ey&amp#22;�����;�gU���xs���&��|W�F��/&amp#11;��h�)վ*�|!�����&amp#21;|&amp#12;�<&amp#23;�O&amp#23;�^�N�����Ꮛ�&amp#23;��j��qxhjp��o�&amp#29;&amp#11;Eo&amp#22;���><��,<Yf5�^�R����O�5�&amp#8;�6Z�����&amp#21;����mF��Ιx�&amp#25;i,4&amp#15;&amp#21;�I�j6�p�&amp#30;+��$:&amp#12;>��&amp#6;���&amp#26;&amp#23;�-sL����&amp#22;��&amp#0;&amp#15;�!�_���/�&amp#15;&amp#8;�S�g��c������&amp#31;h�&amp#0;&amp#4;n4������Eƃ�F����&amp#23;���&amp#22;�A�U�#F��u_�B5Ms9T�K�օJuw&amp#12;<'B�x�0xZT�*&amp#21;(�W��chK&amp#17;)^��S�{Xӫ(�\��)SqN��곴��N+�w��揜��nL���qӬ<C�?D����q�&amp#31;�:�ηy����&amp#0;
��?��O&amp#28;��&�>&amp#31;x���&amp#0;
<}�h^&amp#30;��>4��_�|y��<��y���ȥ𧇠��&amp#26;v���&amp#0;�^&amp#30;��|&amp#25;�^&amp#30;�n#���mb&amp#23;�d&amp#23;��6��+z�sk�jP���]Ay�YIa�&amp#24;/&amp#22;;ȭ��KY&amp#17;ⵓg�&amp#15;���&amp#27;A���݃�&amp#0;ex����Q�f�K_&amp#6;x
�t&amp#27;�v(5&amp#31;&amp#21;h�&�5->�UX��&amp#31;��c���<'yu����?&amp#7;˫A�{+/�X��<��4�v�ěR4��
�&amp#28;Q�&amp#28;l��H�`�L�o�y(����ŕ�+9�3&amp#25;U��m���&amp#28;<#R?R�h�P�p�R�W��\:�6\��(֭Q^�WR��MZn�&amp#27;&amp#15;MIG&amp#11;IBSj)ԭ)ԝj�*pj<�B<�v�o;4�gdy����&amp#0;y�VH�"�˒�̷�H�&amp#2;&amp#24;�u&amp#27;����������Y����^��L�o#����@��ZN�"��[��Y&amp#26;�{K�h�>d�tV�SiW6&amp#26;��۱�,̱�6&amp#17;%H�ˇd���Q��6��&amp#22;��Y>`�3&amp#20;Ǔ߽��i&amp#17;��ۢ��}��&amp#27;�v�Ssa�&amp#25;��F�!"���&amp#7;��U��嵞�����d�K����˝��&amp#17;i)(sT�MEF�&amp#27;V慪{��Jjj��&amp#5;Q.i>97&amp#26;r��&amp#0;&amp#12;Z[�yY��܏�sF��H�&amp#5;�ЪG&amp#18;A&�n�d�c,�1\�&amp#29;���S��p�3�к��&amp#17;�s&amp#23;���#���/�[b����V��F[�&amp#15;��&amp#0;&amp#15;e:u��km���T𼰢����w&amp#22;z�����^&amp#22;�V��v��&amp#22;��&amp#0;��Ϳ�&amp#23;����k���A&amp#29;����G�s�@�"��ai�O�-OR��&amp#16;[��O�5���-��3��5&amp#29;.��?&amp#3;tm^8�t&amp#11;&amp#21;xfo&amp#21;���\�#M&amp#23;����xGS�t�;Y�o��V�5�&amp#26;}Ə����?���`��j��E�&amp#18;?��(��&amp#25;���U�8C���a��9BҔT�WqT�G�F~�p�9)(�f��WO�֭�&amp#7;{�e�o]���G�-Y�&amp#31;��7��f���iߴ&amp#23;�࿗^�/�|9�ݝo��ԼG�j�=ι&amp#20;Q����&amp#26;g�R&amp#5;�΃��xquٵ=/_�,<K�x�J��,�&amp#0;��x��Ɵ�&amp#15;��->K��?&amp#14;x�:b����F�Zĺ����>�����:���t6��ͺ_[Z%�����Y�l�&amp#0;�-i��&amp#6;�M]sB&amp#19;�&amp#31;�&amp#31;����xs])o�x���&amp#15;��4����I��&amp#0;l�Ρ�&amp#16;My�hmk�A�ˈ��A�ɢ.�{���ے_�����&amp#25;�����|;?�SW��t�u�*O&amp#8;�=MB�57��O�/&amp#15;&amp#29;'[�&amp#6;�e]B�}Wį4�&amp#18;����A�'
5�B�Srs�O�k�O�2����/h����g9ҭB)�F&amp#21;f��J��^^&amp#30;{&��R�B���%���3��[Yk�xsv�o����w77&amp#23;���&amp#31;��Ѯ��WJ�Ԣ�&amp#22;��O���]&amp#7;^�X�H�B��.�}'��N�-Ə�<V:.�6�i&amp#22;�Χ}qu�ZZ\�*�%��^k&amp#23;&amp#2;]&amp#8;5�����柧&amp#25;a�&��Y�&amp#6;����.�5��&amp#30;�&amp#29;媛�K]V�S��-F�&amp#31;��&amp#8;e����v7>f�/<i�&amp#12;x{S��Q�kM&amp#26;�&amp#0;A�&amp#5;�ˤH�6�a��cL��&amp#30;�������xb��h&amp#5;��wzb���Q�ɪ�h������q�&amp#24;��4}
�Z�&amp#30;�H�ō������ZΣ��qg4pARS�z��VS�9Q�����=��	���)��p�����N&amp#17;�&amp#23;�7&amp#31;d�<m&amp#21;&amp#25;E�-n�)+�b��o�K5w&�P��Z��֬�?&amp#20;�}��&amp#24;|?�E��8o�=DM%��&amp#21;��5�I=���]��?�f���P����&amp#19;��:�/��Z%�i:��q�ŧ�ۦ��v�kuk�j�&amp#24;�W�ԍ�&amp#26;n���:e��D���4v&amp#30;&amp#25;��&amp#0;���ze�i׺}ޓ=�����|/�i�&amp#26;V�&amp#14;��&amp#27;7�4����na��ǒ�m�=(���u��&amp#18;;�:	�x��C��R_i��Z\��"yz&amp#25;����&amp#0;�5����K��[�	k{�Gc�Ŧ�ZH�;C�;�gD���J�mmuV�&amp#31;&amp#22;L��ucoew.�s&amp#15;>!Ԋ�&amp#21;&amp#21;G�I�S��0�&amp#8;է&amp#25;ET�c&amp#28;D`ڌ&amp#18;���a&amp#24;*&amp#14;�|��&amp#27;;�7&amp#27;}����v��ԝ�懲rr�����f�s�_x���-'G�ӯf����}��Μ���&amp#30;�Y�&amp#29;������Ϩ^h&amp#31;iѵ-?R��E��a�;�g�隃Zū�����]��T�r�zh��&amp#20;�k��jV�x�l�����&amp#31;��zLWZ~��&amp#11;���&amp#22;1�ZyĘY�O&amp#4;Z�w&amp#23;_lkhuQ�&amp#0;	-���Ҹ�,����u��uM;Ě~�y�}��MՉ�V�M��|G{`���G�ëx����'{�&amp#11;=&amp#15;��h��o�#�y.��ǧ���&amp#19;�k�%��&amp#23;z&amp#27;[�s��=&amp#21;�汛I��"�<aq�I�T�^u�F��F3�(ƕ:*j�4�F����ViJ��&amp#15;�8�R稧�*\�F2|񻌕۔�4�Q�N�]���U�௳�&amp#15;&amp#2;�^A���m$�N:���e�&amp#14;�y}�����X�]cN�&amp#0;�k�od/"�����k�͖�a&amp#30;�&amp#6;���jItox��&amp#27;�#��sk��:����leK&amp#31;&amp#8;�?��E��Sj&amp#18;������K�/��&amp#15;U�յ�y"�&amp#4;�ZZ�ǧhK�t��]�yO�^&�{&�ZMV�F��f}"'��ö}[ķ6z&amp#21;ω�i�r.���&�w�Z�i�ȧӂ麶�g���~+��v�c��AHb�ot�,5�7U���c�5�Ŀe�!����=&amp#14;{ѭ4��qxcQ�����K�"]5|�&amp#21;�%F5�Iԧ7&amp#26;*1t�ٮgQ�:����T�K&amp#8;QT�h:*0�V~�&amp#14;J&amp#18;�_&amp#11;��깓�~[����Qջ�O�I��7\].�.,���B�K;KFO
��v�v���k�Y\K���%��&amp#29;z=2y��.V=F�Q��-��c/K&amp#22;��hQ��]�٭���*�SѴ�ce�7�l.4�&amp#12;]"Gz�iz/��ǎt�-t�ֲ�\{&amp#8;&��W�h��55O&amp#12;�&amp#15;�l&amp#17;�zx�<0�D�m��u�֬�u�{K�K�&amp#26;&amp#3;i+e���Y�C�h&amp#22;&amp#31;��h�T�[���Y�5{����w�&amp#16;�|&amp#21;g�G�k�x5�y&amp#31;�z�&amp#22;�0���GW�y�k�&�]�g�P�]&amp#15;A�խ4&�-*I|??���&amp#29;b�={Y�/o;ө&amp#25;,E59({.Z���(�.���
�&amp#5;	�&amp#26;ӄ�U��D����h�ҽ�m�T�~�b�~[�\����2x��:d�:O��,���&amp#0;x"�&amp#29;^��#�Ï��sw��j&amp#19;�\��kK�&amp#16;j�&amp#24;�7��|I�]�>����:�v��y���\�.umN����vWPY��%��&amp#22;���ִ�&amp#26;�����I�E�=;��&�⵰���>�7�Բ]��7V��5�KT��C�xONկ��Wmm����>����!�|k���)�uH�t�%�&amp#12;&amp#26;ށ�x�m&amp#30;}&amp#27;T�����[��W��&�&amp#14;�����&amp#15;]�����t��O�4]2&amp#27;=@A�[��Y�&amp#28;Ӵh�3w�h&amp#23;m�;귈u��%���&amp#16;\�.�&amp#31;��=&amp#7;f&amp#18;��,�EN��F1V��tg&amp#8;ʒ��r��J�cV�gQԩ&amp#30;Z��*��q|�����U9'��֖J�羯�&amp#28;��a�i�����geup��|kW��g�V��\��F6����jv���=�ƍt,�&amp#27;[&amp#23;K&�MB�&amp#0;���ο�5�������/&amp#16;�:&amp#7;ǟ&amp#17;�>Ӵ�[N�&amp#31;��&amp#3;�&amp#22;R&amp#11;]C~�x�����&amp#2;�޳���u��	��Ŵ��b�d&amp#22;W�!����=:������5��K�&amp#0;����l�{+a�x��I���5��=���jw&amp#26;��&amp#16;���&amp#16;�Iq�������AkK�n<]���&amp#29;&amp#26;+i/n��U���0�|{���M����/&amp#14;x&amp#27;�g��پդ�6&amp#26;	ѵ�&amp#19;t�U�VM&amp#7;Z��/���w�iZ&amp#12;z��k�j6Z-ͺ���|�Bѩ[&amp#25;����b8&amp#18;�&amp#20;�S�V��c3���.H*���&amp#17;F����)�Ui�N&amp#14;}y&amp#20;�Q�\�4��r�"�:1�\Ҕz��g-&amp#20;n�ѣ�?\�u&amp#29;j8t;+N&amp#15;&amp#16;�_D�cyy��چ�����&amp#18;�Skd5�N�_Ҽ=�K��&amp#24;�|!&amp#23;�o����K^��4�u_&amp#18;���&amp#20;Q�&amp#25;�4ځ��������X�b�?��[t�&amp#25;Y٤.��O&amp#7;_�&amp#31;&amp#28;xCM���<W��>&ե�'��&amp#16;۽U��&amp#27;?&amp#17;x��W-a�Z]��\ط�l��N&amp#16;[�~��&amp#31;+R�i�U7�#��3�s�&amp#14;�'��I'�&amp#21;���1T����&amp#18;���&amp#8;rJ�j�&amp#30;&amp#11;&amp#3;N�ES��p�&amp#14;��9&amp#19;��(�:j��s���I��$۷ړ�ݵ��5���WMݺ��"A��q�&amp#31;+.&amp#7;S�=� ��s�R�&amp#7;��y��K��;N?&amp#14;r��&amp#20;8&amp#17;/$�����&amp#8;~G'���w&amp#1;��F� �Ϧ&amp#8;&amp#31;�w�#>ǰ&amp#28;�����^��uO���bi��ǿ$,���=��K]�ڶ�v�c��I&amp#1;&amp#3;�<7&amp#1;T&amp#22;b&amp#8;l(�&amp#18;@&amp#0;�4�&amp#23;��&amp#23;�����a�&amp#0;�&amp#2;@ c&amp#4;��`&amp#27;p�)*�����#�&amp#18;�P&amp#19;�Kc$n'�U&amp#12;�0Dw.&amp#4;&amp#0;�9&amp#29;3����&amp#30;3���2&amp#7;'&amp#6;���+�%t/���M&amp#26;���~e!&amp#7;&amp#4;�?�1��s��ԶA&��s���=x'�����=�&amp#20;���p1���&amp#22;��y��;� =}3�灖�&amp#30;��s�&���n��g����պvZ+�y���ݟ��&amp#0;jHh䑞�GQ��&amp#1;#���=pI^y9�&amp#28;�=��&amp#31;N��&amp#4;&amp#19;@&amp#7;q9�1�&amp#22;�9' ��&amp#28;����&amp#4;&amp#27;Hʜ�&amp#1;&amp#4;&amp#16;A&amp#4;��!���&amp#4;zw�/��v����^Z���6���tK_��e{�ii��^�'�&amp#28;{�;��w�}�M,���ʪ�,�p�&amp#6;�$�&amp#0;&amp#1;,s�&amp#1;� n�w�ӯ<d��zg�&amp#28;�0&amp#19;���'�#<��8���䓸�M�&amp#0;/9w}���~�	j�Vj�iѥ}]���o6/@qߞ�x dq�00[��ݍ��:�$�rx�-�:��q�1�d���� s�1�s�s�=�&amp#25;&amp#24;!�&amp#24;&amp#28;�2&amp#7;S���ϩ&amp#0;�'&amp#28;&amp#14;:��-6�?-��T��V����ֺ�4]�Ք$����&amp#24;�瓞���$&amp#6;ܼ�䧙$�r�G&amp#20;N&amp#12;��[#{�M��'�&amp#27;����Q&amp#22;i�E&amp#28;�<P[��:`�<��A&amp#28;c#�g��ryc��A����q�H5J�n���[�z��+�V�m��j�����}�W�4�N���&�&amp#16;�&amp#1;�&amp#7;�$�yʏ~TsH��9�&amp#6;H&amp#4;&amp#19;�&amp#3;�'88#�'&amp#3;<���b:&amp#31;�n�=&amp#14;{��M&amp#0;&amp#12;&amp#30;��A�rs��&amp#30;�&amp#7;&amp#25;&amp#7;&amp#25;I��[ylמ���v�Y�=�ח�Gw���m�w�@~��#nA�<���'�A&amp#24;&amp#27;�&amp#20;ќ7=p&amp#6;&amp#7;9�&amp#28;��N1����Z���G~?&amp#12;�&amp#28;g��&amp#28;g�D�EIJ"��e#���&amp#21;��9S��&amp#15;����
��ә��}&amp#30;���'{������ԥ�}��K]b�v[���o{��&amp#0;�^7��&amp#0;�&amp#28;��~/�r�u&amp#14;��G�>[;=
;�դ�>��&amp#29;r���+��n'&amp#18;�z&amp#15;�t��\3ͧj��X�h6��Gsmt�i�Kx��i�j��@nd��Z�֩&amp#20;�h�K���[��7�LK��KL�[�i�&amp#14;�ke�[�Or��o�+��-׾.jz���,��(�+-94�g�k6�ޏu���j6Z�������B+M7&amp#31;ii�Z]y���;Km%<3k7�x�[&amp#20;����-�����@�x���Z��j�h��&amp#28;^ �C�'�$&amp#22;�WQj��^&amp#21;��&amp#27;�Y4��Z���mC�&amp#0;Bd��u0�	�4ږY��&amp#25;Z��b�q0�N�'&amp#23;<3��m&amp#8;Τ%9ΕF�9��r�([�J��|����մ��M��7��&amp#30; �w���1|%��t��d��e�ܐh&amp#19;�ZmE����n��j�k&amp#22;W�&amp#22;�c.��n�)0�>&amp#30;�yy��Ogþ9�,/��֟M� �Y�Ylt�&amp#25;�H-�|%ku&amp#12;^*MgC�&�n|N�#���%�?&amp#15;hzL&amp#22;Z�]{K��&amp#5;֞�&amp#18;|3��i?�&amp#14;�4��t&amp#23;{�[K�k�GE׵&amp#29;f��uէ�H>&amp#28;k�*�D]&amp#21;uo���s�%���&amp#22;�k�N���)�-�σN�����&amp#20;E�YZ[j:��o�w�5��f�!�լt{&amp#11;{����T&amp#23;���m՘�7&amp#26;��J��&�&amp#15;�Q���ӌiQ�[�O���ㅝ)T�4kJ3�(R��q<���/i&amp#26;s�Q��:#&amp#20;���I�/wf��7o��]I��.��:=���L"&amp#26;l�Z#��ͪZ�����5�R�×�Z�r�ֺ�����]�wN��L��I&amp#30;�HԴì[6���}K��&amp#20;���4]oK��S�h.�%]&amp#18;�&amp#27;K&}e��H��C����b�n��Yk:Ε,&amp#23;3&amp#25;�_]G`�N�6��[�&amp#14;�s]�.`ҵ-:��^{}&�N��U����t{�&amp#12;�KIӵi$ho�$�S3^\ϭj6v���+&amp#5;Ƿ^-��cm����Y�[[�&amp#29;ٶ�UЭ�tK�KZ�Q�4ɢ�����v�LW�����U�&amp#29;WM��]O&amp#15;���F�:4����JQ|�p�ӎ&amp#22;�kҼ&amp#21;���U���#K�G��V�Vnrj&amp#26;��龯��V�k�w��&�d�w&amp#26;]��a|5++&amp#27;]z���&amp#2;h�����w�$���H�&amp#17;Ky���&amp#11;��L���&amp#0;h�����.t�&amp#27;����Ӻ&amp#23;vp[^;�s�:LZ5�ǈ��-o5k����SJ���Y��F�&amp#14;�챏&amp#15;�6�&amp#19;���ᛣ��X��Z�P���i�@��%�ο�J���&amp#0;�&amp#19;ĺ��a��en&amp#17;5m:���]As��&amp#23;JԢ��<�%�<85�>���ٰ����k�n�<!{�jZ=��&amp#16;�����w&amp#15;�<1��}{E��L��;��Zj&amp#23;:
'�%Yt�&amp#15;�GBɥi&amp#26;?&amp#28;����`���7&amp#7;	�Nx)�&amp#24;Ҩ�&amp#8;�YO&amp#19;R��I�m&amp#20;��6���9o���Ӿ�t�t����g�|j����&amp#31;¿&amp#15;5=w�&amp#26;&amp#6;��#��?��t�}W�z��+�vy<-��&amp#30;&amp#14;I|A�6=WR��C��G�uMB�O��$�&amp#23;���&amp#25;� Z�&amp#0;�ȶ|&amp#31;�����g��||A�m�È~&amp#24;|V�&amp#15;��go���������7��Ρ��
�&amp#20;�&amp#31;&amp#12;k&amp#23;&amp#17;~#|(�o
x��o��M~&amp#15;&amp#8;���&amp#31;&amp#23;>&amp#27;x&amp#27;�z��k�&amp#1; ���'�&amp#31;�~"��ŏ�)��#|7�&amp#15;�}�(�C�&amp#15;�|1u��s�w~>�~1-����^2�5޹��x{ŷ^4��k���?�u{y�&amp#31;�>+�c�h>&amp#25;�u�&amp#18;��υ>&amp#17;���
&amp#31;&amp#21;��c�vi^/�𷈵�w����O�>&amp#7;�u����9~&amp#30;���6���e}��x^�X��o�CS���Y:^���vK��;&amp#31;�Y%l�3�f&amp#25;�; �r�\&amp#31;&amp#22;f8L$%�b3|�&amp#24;�K��&amp#30;�b�a'K5�`q&amp#11;&amp#19;�g&amp#21;q��&amp#3;&amp#3;�XgYa&amp#30;&amp#19;&amp#15;��]e�v��V�T�i�Jt�K�5e	J�g$�
V�W&amp#23;9%&amp#24;�����G��?&amp#16;�?j_�?��;o�Z&amp#22;�c�_&amp#5;~�&amp#26;��m&amp#15;]�s���,|9���K4&amp#15;&amp#15;k&amp#31;	��+�&amp#30;
�Ѭt��?�����I��������s�W���&amp#19;���&amp#23;��&amp#19;�-���&amp#22;���&amp#0;�(�&amp#11;�&amp#6;��(��h�� ���.�o<1��C����&amp#24;�V������x'��&amp#16;������Z����m2ntx�K<M�\&amp#11;�&amp#30;��&amp#17;{�T�ᲿW�J�t�F��=[�6�����i&amp#26;��n�&amp#16;��}CQ���&amp#28;�!�4�&amp#6;^�xeu�sG�t;�&amp#11;��&amp#0;�7���A��;�&amp#2;�G�A�6��&amp#30;�9<&amp#17;�s�&amp#30;)��Sľ&amp#27;�����>&amp#30;���_
�ac�]Zj�����)4�&amp#22;j����N��f�&�.��&amp#16;�U��O��r&amp#14;&amp#21;�'���c�q&amp#17;�`��$&������T�aq��):X���-|V2�&�&amp#22;�:��g&amp#29;���<5HBQ�^�&amp#29;�U�R�Z<��I'x���&amp#17;��Nօ�t�O�&amp#31;� �|&amp#31;�]'Z�-�e�o&amp#14;x�&amp#29;&amp#7;�vc�&amp#22;�&amp#7;�4�mZ&amp#29;&amp#23;\ӄ򦟭�x�Z��\��[�.-�H������&amp#0;��~�?&amp#15;>2x��_������i�&amp#0;�"|4�����#ƾ&amp#25;����_&amp#2;�R�x}�],^\���]�c�&amp#23;x&amp#7;�C�U̱j�!�`�|E�}7M�Pu��zw�O��J�G�o�5�,~�:�:��&amp#29;߈t_�&amp#21;|&amp#7;��&amp#0;��|&���&amp#5;�i�%����-�|1w�����_P��Ŀ�z��t�V��7��I⿇�&amp#25;��ϊ�&amp#21;^�~z�k?�����S��C���	gk7Ə�Z-��|q�k���!�Ë;�{S��&amp#30;��&amp#7;�5&amp#15;&amp#22;�&amp#17;<q�\<&amp#26;�zƵ�O&amp#8;&amp#25;��&amp#3;�&amp#19;�F��&amp#31;xU�_&amp#8;p�9�>.�#�ua���R���l��J�r�8�اO+�(bk�üF&amp#7;&amp#27;�������zt�e��zx�M<.a�֧O&amp#28;T�O/��T�gO�њI�E��2W���R��jC�M�\���&amp#18;~�W�&amp#1;�&amp#5;��>&amp#5;|L��~&amp#8;x�F����&amp#31;&amp#21;YG?��O�㰞/&amp#31;x&amp#14;�O�4+���.����kWռ*�v���P�5��>���g�(�!��A�Gi�=7Jc�X.�-Lp_\پ���&amp#24;�&amp#14;� �G�&Ҟ�]��5+=U�4��];H���O���G�o�&amp#19;k���G��&amp#4;�?&amp#1;~!�x��&amp#31;�7�o&amp#12;��?�~&amp#0;׿�5�<s���&amp#3;��ǀ5�&amp#0;&amp#16;��&amp#7;�%��&amp#22;K_&amp#18;�z���&amp#18;�&amp#17;�Ժ�S���/�Ѯ�W�}�4�&amp#26;�6��&amp#8;�&amp#23;1]-����k&amp#19;K�^�ڋj�,l��֫-��N�Aѵ�<S��qxbk���&amp#31;��ϊ5�'��x�Y�&amp#14;!��s�Ug���F�&amp#12;t�aiׯ��j�&amp#12;djR��m,E(ƪ̫NR�^ΥI�Xd�,$�8sP�Q���Rm)9|<�֋�N<�H�[��ǘ��i��ZK+k2��E[ּ&amp#23;&amp#26;���v�V�+�cM�TӠ�&amp#18;���j:���6#O�;}��ޕ�]�Y�}���i,�Z�OQ�|-�x>�P{_�x��^&amp#29;���&amp#17;i�?�����Z^j�&amp#0;���خ.��<4M&amp#14;��V0���`�״�/��c�O��p�&amp#11;{���aә�=�]XK�]���N4mcL���&amp#24;W\�/4�sU���QӴ�4�)lm�y�|)�\y���j�q���]�*�_	ʶ�-Փj2j��&amp#26;����h� �Rԭ�K��&amp#18;�A�×�Z&amp#28;:&amp#4;W:7�'���Gw&amp#29;�&amp#6;&amp#27;&amp#21;Fx9T���#��M֪��T�ƣ�ܣZ��B�&amp#5;�y8Ռd�&amp#25;�B&amp#22;�_5�+W�V��)�-�&孵Z�kC�~&amp#15;Ң��z~��E�->:�h�s��k-���/o|&amp#11;5��n���^[iQi�^��Yjr�E%�&amp#19;i���X�&amp#15;+��&amp#27;�Q[i֚��f�����퇉4i5��W�w&amp#26;��&amp#5;��]GQ�]&amp#27;U�t���Q&amp#27;��*}N�#C����z�D�.�m'ú0���B�t�{ːf��&amp#17;ͣ]�&amp#19;��[�f�K�5�&amp#16;x���O�t�?��>&�Q���&amp#12;i��6:|�O�&amp#3;��/&amp#26;h:O�u�>�u/&amp#15;���<Q{�i�:G��]�sS�����]&amp#31;D��&amp#16;x�W�&��gѴm&amp#6;��&amp#21;o?�o4���&amp#17;>&amp#31;x���:'�����
5q��|T0�&amp#15;mV2N�&amp#24;+ν�IJ�Jt&amp#28;�Gߢ�UsP�':�#���V0S�4�n�ފ��7鶱wv��x����&amp#7;W�S�&amp#15;&amp#8;�1�&amp#14;��&amp#20;��ٯ5�&amp#14;Xi&amp#30;#��&amp#6;��V?&amp#12;�x~
xC^�|I�mwXм9�[�'Úv��&amp#17;|@�<a�/Ún��|&amp#26;�3�﫿���&amp#11;4;�_���~O�>*?&amp#16;o<5�f&amp#15;&amp#3;x��&amp#30;5���&amp#18;��WK��{=���&amp#23;��&amp#5;���&amp#15;�����&amp#29;W�M�&amp#15;&amp#28;�KG�&amp#20;���0�&amp#31;Q��ό5&amp#15;�/&amp#14;Aa�K���|U�/Ǟ&amp#0;��|5�{U���χ�/��	�����D�o&amp#28;/�(>'�&amp#18;��&amp#23;�&amp#31;&amp#15;��?&amp#16;��1ң�o��I�&amp#20;��.��&amp#7;��
������&amp#30;�&amp#0;j�&amp#0;�;a	�&amp#17;�=��u�7_�&amp#29;֗�kB��G��4_&amp#3;xw�Z���x_J���&amp#4;�:�@�L�*��Ӿ&amp#24;x/WҼ&amp#17;�x��&amp#15;&amp#20;x���-=c��>��&amp#18;��P���&amp#7;��b2�el.&amp#18;�)��qu��X*�*N�&amp#14;&amp#24;ڐ��Ƣ�a��)�,4�NXiV�-b<�oV�iI�*wqJ��wVJ1�vv~�M���&amp#17;W���E��v�&amp#0;Ɵ&amp#18;�#��;{H�A�&amp#25;�&amp#27;)�m&amp#27;V��mm���!b�&amp#29;;BӦ���\&amp#26;v�d�n�{��z�����u��h�z'���o��_��=/P����4�&amp#14;j&amp#19;h�������מ��&amp#18;�#E�&amp#5;��:e�敧�&amp#29;����4d�f���&amp#0;Oմ�t˘�����_&amp#8;j�%��&amp#28;�/B�&amp#29;ތ|/�x�E��&amp#22;���O��!�ѵ�&amp#11;�:�^&amp#31;�&amp#15;&amp#16;&amp#15;&amp#17;^�{�h5-?Qo&amp#14;�=��������m"�÷&amp#23;~�&amp#28;��ѕd 4lKD&amp#24;��@wƉ)�VB��VgVV&amp#19;?�&m<]&amp#12;�5+���N�&amp#22;8\5Z4�&amp#8;ahAУ�p��h�����(�T�&amp#12;G��Jq�e}��o}�]����V[�'��!�|O�i�V�+���&amp#18;j7&amp#23;���w�h�xu峒�&amp#23;{k�&amp#26;����w1jځ����C�Ik���qu�����;�������T�u��M㉴�^���x��=񞚶�6>n�&amp#29;������E���mj��R�-&amp#3;Jky��ﺵ�6�������m&amp#18;[ۈ&amp#4;SI6�m�"��&amp#1;��X&amp#4;6Ћ���&amp#6;$��Y�Ҿ9�k���/O־�g��ŗ�Ē.�&amp#29;2u��MZO!�C&amp#21;���&amp#19;yu'�s���o�4J£&amp#1;9Vx��0W�&amp#14;gN�
1��&amp#28;]�J4��P��*�i{��JpR�+F'nK+�(���oW{�wW����gY'�e&amp#23;���&amp#4;mq+\&amp#8;�[u�P��d�൓�K��iՒH�K�&amp#22;���\�˿��&amp#0;�u<����k6��]j��?�������1mwQ���&amp#8;&amp#6;���[C&amp#21;�62i׾&��.5[�;t�5M&amp#14;&amp#25;��D_��F)&amp#2;2��v���\�&amp#30;`�[\Gq2�k
���<�^��I&amp#26;\���&amp#17;ʳ-�pǧI���a|E}&amp#3;���/�ףO�&amp#31;�&amp#30;(�V�!�J���|C����&amp#0;&amp#18;�+i�m׊5.+m&amp#19;G��~&amp#26;iֲ�&amp#29;֛3�j&amp#18;���O��ukJ��&amp#2;�V|A��*^�t(㱕oRT�&amp#26;&amp#24;L&amp#30;2�&���^1�{YJ��58�xFN���N�~�Z=�4�ے�kk��ә&amp#28;��-N�����ͪk&amp#26;����lK�&amp#12;�n�����@����T�o��&amp#19;��'FI��&amp#3;�&amp#23;:W�-�&amp#29;GX�&amp#16;&amp#31;&amp#19;x�O�o>��K&amp#31;��&amp#0;�k��ߴ��H�7���h~<��^�8FӯVOx{HӴ�kQ��[��Q�&amp#5;֣��QA���i����j&amp#26;v�wq!�&amp#15;����A�o�|5�Mz�&amp#0;N��|O�W�z�V��Ew'�f�ۥ|2��&amp#7;ƺ��&amp#23;�f��z�
�&amp#20;w�~��zKiqm�^���&amp#0;:w�͇�~(���&amp#26;V�����?�&amp#26;��l��^�hlZ�b&amp#16;�èŪX�����^k+�&amp#27;���mo�`��&amp#18;�hao�?��#���&amp#0;Zx�&amp#27;F5�&amp#24;
9<��&amp#22;�&amp#30;��T�Le
�*��m{ye�qq�&amp#31;*Ru*�Ӥ�&amp#12;��B�׽[�F���U&amp#22;��Ϛ�U޾��+��:��p�ZcV��L��7w���G�˧_�&amp#22;��^YŨ�0xg�z~�y���&amp#26;��֖�-�4�&amp#0;&amp#11;i�&amp#0;g��&amp#26;ֱ�/�y&amp#6;��&amp#29;B��n5]G�P�Z\O}e�ͫ�R�Zi����W��L��~�u�[��ym��&amp#23;:�W�5��X�>�a��<9q&amp#22;���3�i1%���ce{��X��%�i���sK��N�����}N�D�%�Ҷ�'�5&amp#27;ޒ&amp#15;&amp#17;E�;��"��-&amp#22;�-Z�@��Ӵ�oG&amp#26;o�5��n��.,-tI�u�d�ԓ_^&amp#11;�&amp#27;�}mnF�&amp#3;Zh��z���ۨ�7������-�S���R8�khF�7��%&amp#23;z�QG�$�W3ӕ]�4�&amp#22;���W�\ڮd��S�i"^Y���>���>���R� -�&amp#29;B��&amp#8;mŬW7�V����x&��&amp#4;Gs&amp#21;��i�K�N��WEn�i��H-��Յ�����^�}���&amp#23;k�\j&amp#15;&amp#31;���&amp#31;�63}��JY4�?H��.��&amp#19;�&amp#22;Q�}B�L�i�֡�H�<Cu=Ƨ�x���j&amp#23;������H��}_Ė�5֖�(ӯ&amp#26;�Kl[j�^Mg&amp#29;�v�u|罊\�&amp#17;K��v/�Xu�n�\ɫAg2躄���0i&amp#22;&amp#26;��&amp#12;zͮ�q����5H4�&amp#21;i�V���q�5��7�&amp#21;��Υ&amp#25;^Q��.jѫokQ��1�$�:T�:qIN�)��J�ܖ&amp#16;���oM&�wn��ݤ��}n���8��A.���\�&�u-KX��&amp#19;�S�ѩ�����+yk&amp#29;�͎�6��A��&amp#29;?C�4˔�亵&amp#30;KE�kvGF���~�}&amp#28;7�jte���v&amp#22;&amp#26;� �wG�7�cg������&amp#12;&amp#17;^\�7��\iwpMo��Z?���5����_O��/�k�fmJ9�dK�/&amp#17;[k:��5��.�Iծ|C�h&amp#26;��&amp#14;�,&amp#8;��&amp#26;����[M&amp#1;�YV�m&amp#20;��J}WT�h-���&amp#14;i��>&amp#12;�V0=��+I��W�kK)�G�]�˪�f���&amp#4;���&amp#26;C���{֍&amp#23;O�t��^&amp#16;R�Ϋ��8�*MN&amp#20;�c*4b�&amp#24;ӵ(A{x��t�溗�	9����'�W��.�O�M��7��Z=���ڲ���cT�&amp#14;���[[_�ۍ&amp#31;S�&amp#0;���R:|&amp#18;��us}aq��C�B�=*D&amp#18;�5&amp#25;o!�ut��2����mJ��n��a�;�m��w�Oӵi���&amp#31;^�����>�ڭ���&amp#26;�����ӆ�s�ލ&amp#30;�&amp#0;��&amp#0;�sï�=?Y��-nnt&amp#24;&amp#19;�94�/�X�&amp#31;X��!}&amp#26;�&amp#0;P��t����i%��F�ƍ�Ak��R�ow�s5��&amp#26;���ck&amp#21;�-��6sh&amp#26;:k��4^%X�K�%.�&amp#18;�Úƀn5+�#IՖV�@�n�ki�k&amp#23;:�O����&amp#24;B���������Tj�(�m�v�U*Tܫ�1�8���]Jr�z�[����&�q�=ޏ�[;�z<��q2,�&amp#29;6&amp#16;iڦ���ip�&amp#22;�&amp#30;�{��Q5&amp#25;�&amp#29;6��R�Z:��/-�]R��_�U��&amp#11;�^�4��i!��ׯ�V���u&amp#31;&amp#1;Zxn��&amp#31;&amp#5;���Z��I�,�uy��j�s�:&amp#5;���yg!��&amp#6;��]Oo�ũA����&amp#17;��H�!&amp#30;%���<&amp#3;�g'��&amp#29;DZ]�&amp#17;��|o����&amp#1;��q�i�$��N:黿�u��?��-.��a}�O���&amp#23;���RN+F��u�`Ӭ��ê��R��Z��{�/�&amp#8;l�=s�i���1A�]ܿ�c�]cB�X�|#&amp#5;��m?��=>\���F�"��ҥF�Ҕ�
�����&amp#15;g	F0J����*�z���FP�^�ЛQ�b��+��&amp#0;&amp#21;�&amp#23;�մ���m��b�-������5�ߊ��M��垝�-Z�S�oD�m����_jpϩ^[i��&amp#2;]3O�a�X����m&amp#3;Ai��+�&amp#29;V���sj:u�x��.���7W:^�s�i�����jz�j3nj&amp#26;6��&amp#28;��#��G�uu�5�2�&amp#27;���J�&amp#0;H�㽰�M�K�-�t��e�Ƨ�i�U��t�ht9���6�&amp#28;&amp#19;޶�gk�&amp#11;&amp#14;ɫj&amp#19;��&amp#22;&amp#26;mΓys&amp#4;&amp#28;��&�E�ڍ���h�ڝ��}u�h�K���/�P�u�&amp#19;�^&amp#28;��+k����&amp#2;͵&amp#27;K��.��J�T�5ީ�]{�\uJΚ投K�֯V4���h�J�F�E.W&amp#26;��&amp#30;�.�J�=t���Wj<��n�i�s8��Vi��mKW��&amp#23;�x{�&amp#31;�-v��{&amp#11;[��&amp#14;g��&amp#11;��TK{��-�&amp#22;7&amp#19;xi4��O&amp#15;鶖�43���&amp#23;���JYH�[����▇�x#��[���]υ~2�z/����ơ���V&amp#30;&amp#21;҂����&amp#0;�i�u�&amp#11;j:����G�GR�麕����S����i�,6Ri&amp#18;�����L�\��&amp#22;�m{u��&amp#20;hq[�iRK�B4�b״�5/&amp#18;�F�&amp#5;�×ZM����w������+|M�'�X�9�[�Nk��[I����t�J����_&amp#12;|qi=ޡh�&amp#19;�7n�\�&amp#26;���f&amp#25;#mKH}B�#�C}tߝx��xz�;���(�&amp#25;&amp#23;&amp#24;�(�RU�*4��}	ҭN��J�%��j�(�0���k*���t�&amp#23;&amp#12;F&amp#22;jOᴥ8�J-$��R��I��S�y�]3Y����4�&h���&amp#14;kz���E���;Q&amp#6;��j~&amp#30;���m1������t�C�&amp#26;��gm&amp#22;����&amp#30;&amp#17;�қ�c�g�&amp#17;�/�a�&amp#24;8�p�xe��&amp#24;!O#&amp#7;$c �|��r��&amp#27;��VD�[x��_&amp#18;�&amp#26;�ݖ�u�?&amp#24;'ß�V#��&����'�Œ\�}�-&amp#21;&amp#19;M�|g���_�[&amp#29;P�GS��&amp#28;&amp#12;}�m&amp#25;=I�&amp#14;�y��&amp#7;g^E ���bj`�$�7��&amp#29;J
*1�Z��Z�(�&amp#18;�.XΣP�)J5i�:ϖ��&amp#3;�q�Hߙ)�&amp#15;v⮣.��|2�����i2���"0��#�N&amp#7;\&amp#2;9�&amp#7;a�&amp#25;���J�bQ&amp#27;�8�&amp#12;͹��� f$��uC�,NI,Y� �(�#!#P��
�&amp#3;� ���&amp#25; �&amp#8;�&amp#20;&amp#14;IQ��&amp#20;&amp#16;&amp#0;�O �v&amp#20;��&amp#29;�<&amp#16;y�&amp#30;���_樯k����ڶ�S�#��&amp#14;���[k���ݮ����0�XE�6�&amp#4;�&amp#27;��&amp#29;�̒D�m,,�.��C,&amp#18;B��&amp#4;7)r��}�g�rO�#����&amp#7;&amp#29;ϩ�I�F�T�&amp#1;&amp#30;^&amp#20;F�[ ��&amp#27;�����F	_�,�&amp#0;?�����O/�A<&amp#28;c&amp#7;w�-�
�Iu�{[K�}��y���f������w{�����M��&amp#22;v��Z[Y@�-&amp#21;�&amp#16;[D�www�M&amp#28;&amp#8;#�繼��tEi��'���Bg��I�Y&amp#26;�H���:&amp#15;R&amp#15;S�������&amp#23;�;c&amp#28;�r[�&amp#29;O~&amp#6;��&amp#20;{�?N�p=&amp#7;8Ps�ry&amp#12;�.)%e��m&amp#21;���e��5Nڂ��ݶ�����މ��g}��=�à�۾:��϶&amp#20;�N�����I&amp#28;��&amp#3;�&amp#24;=�_RiGS� �@&amp#1;���}G@s�mF&amp#15;=8�ub:&amp#19;�&amp#27;�{c�����??O�Q%彔o�V�N�����h�\��<u�[�y��&amp#1;���� �rz`&amp#15;S��&amp#25;$�i��z���0čܢ��&amp#29;�&amp#12;�aI&amp#11;�y n �K&amp#5;&amp#6;�&amp#0;9 ���&amp#25;�#���낻q�4���T��k�~�_��8�Z��[�gv���ͥ�?�~��N>�y���&amp#17;I�&amp#30;F&amp#6;9��d�O=&amp#14;OE&amp#24;�&amp#14;&amp#1;(�7*x�˒&amp#8;���F&amp#8;�&amp#12;��&amp#6;&amp#8;&amp#28;3(R]�?O�����$`�u�]�M�mu��+�P�Z��V�{6������w�&amp#23;���g&amp#4;u�3�bI&amp#28;q�G&amp#30;�$��T`�=��&amp#24;���=�Orǿ&amp#20;��&amp#29;c.�GVuB�{"&amp#21;We\�(����`&amp#25;&amp#16;1$��dc&amp#31;���}=3ӓ�\m����]9�ݭt��K�:�-�u�������~J�wvh&amp#24;�&amp#12;`&amp#17;���&amp#18;&amp#15;~�{���˟�8#8&amp#24;&amp#3;��:��H&amp#4;&amp#16;&amp#7;˕ �In&amp#14;&amp#15;׎&amp#7;P��&amp#4;&amp#12;g�&amp#18;rE &amp#7;&amp#14;��dp�&amp#25;&amp#25;/�w&amp#7;&amp#25;&amp#29;�&amp#5;Gɕ#4ҽ�����'n��ӿK+�\KN�|���mh�6ܯ���Vڜ�&amp#6;3����q&amp#7;&amp#4;&amp#6;�(ʃ�&amp#17;�@%���&amp#27;��8�#����&amp#2;��D�P��4��,r&amp#21;	'�!��W&	���&amp#30;2�ne/&amp#30;�&amp#12;��bE�aq�S�ʼ��&amp#4;Hf&amp#12;�Nf�g��o���&��ͱ���xΝ`b�-cus-����-}&amp#29;���&amp#6;�&amp#31;M���}2;�&amp#15;�ɤa&amp#23;J�����&amp#31;z�|�%e&amp#22;Օ���ch�{�TԄ�V����Vm����I^�ٴ��&amp#3;�����_���&amp#29;xV�V�mSS���e��t�4۫&amp#27;&amp#27;X4�3Zҭ�&amp#8;�Ak|�&��]&amp#15;Y�u&amp#24;�k$֬�Km.q��u�O&amp#21;E{���H����&amp#29;6��J�.�e��/�u&amp#31;&amp#21;�/k&amp#21;���u��t�] ��]#P���*	n&amp#22;��&amp#26;f����?Quk��=>�h,��Z8$��d�D3�YR&amp#24;��&amp#26;�)&amp#25;���#K&amp#28;@&amp#24;��e�	�����/&amp#21;j�&amp#26;��O�&amp#6;j�ڑ�Nq����n�y��|��ܶ�&amp#14;�����&�%��^�ZԮJ,zg�Bɦ�G�~��X�5h����`�(�&amp#17;G0X�S�U��a_&amp#15;��LSU(ե9Z&amp#20;(���4�{*�⪳]&amp#30;��7�ֻzYh����!�𾘚E�i��</��'Q�e��Z�&amp#22;�I��7Zib�ե�M���&amp#11;8�;}E�y�l���&amp#25;f�&amp#29;/�A�xZi��i&amp#22;z�Ӭt�*�y�R֤���e=�o���kv2X��Kq:�ZU�΋x�&amp#0;�^&amp#31;��$�Ѵ{[&amp#31;5�<m�ɤh7~&amp#5;񕏊&amp#30;��J���<%�I-n4�|>�Y��hZe���&amp#0;&amp#8;�_��W&amp#26;�ҍ���&amp#7;�,u].Mr��koY����&amp#11;�m�㴹���JH&amp#18;���D%�&amp#17;A}u/��&amp#5;�m���l�7z&amp#3;%��&amp#0;�|��u�&amp#18;=�ζ�&amp#0;g*X�&amp#20;(�b)թ���B3��T�(Ք]j���UN+J���:�&amp#14;S�3HT�m�%�������^_4�f��`[�N�&amp#5;����im�F��I�ู�3�G{��i=��.���z����&amp#17;�5)�Y-4�&amp#21;^i_h˺h帚��­%�����@�x�j&amp#26;��&amp#6;����R�ag�A�ɣO+�Wze���|:^��×&amp#17;�M&amp#26;�k��?&amp#16;]�6�&amp#22;�4ד�,�q�$�&amp#18;jVW6κ���Y�2�^\��EƗr�M}	��.�!�����&amp#31;�Ee�-��&amp#2;xB&amp#29;Z(�;&amp#25;���������������ˤMo�\Ǥh�g�-�t�^{&amp#11;3�iCM�KwaiT�֍&amp#26;&amp#23;��B*�"S�:4�R��U+W�W<���,&amp#19;�&amp#21;��R&��>o�mjI��餕ﳺI�����Ght&amp#31;&amp#12;,W&amp#22;o>�&amp#30;�&�&amp#4;&amp#14;n<3��|=��iZ��{&amp#21;����#�jW:X֛Qִ�+k+��5(|{��&amp#18;l<)���ƭ_Ķ�����ú��-�E߂�8"���^�:e��g��6��څσ&amp#8;��'�5&amp#3;�/&amp#16;���}��W�<x��x��R�-u-f&amp#29;;�W:η�\��Y���N�5[��i~!���_X4�t�&amp#15;^hڧ�u	�z޵����G�[H&amp#8;���_�e|W���?&amp#30;d��d�<>&amp#1;�}�y��h�V�&amp#23;&amp#18;[��f�&amp#21;߈�K'��/l4�*�����Ӵ�#��i�7�-�}n&amp#15;$�a�U
�h�e��r�&amp#24;���8�XZ���UK&amp#21;R�uF&amp#14;	AԦ�������H���]�zT���sQ���S��'wv�v��ƿ&amp#4;x&amp#14;��9�&amp#0;�.~Ϗ�xQ������c���ái�&amp#26;��K���+O��&amp#25;�`���ڛx{P�|mo�Om��qƍ�s�xN��ð�����Y�_ٴڤ&amp#19;Kca&amp#3;�^��Ğ+���F��t�k����/���&amp#27;��+T��������_&amp#20;��{\�=���ң�<:<s�o���O�k�&amp#23;|&amp#6;�O&amp#21;M���K�'��U���:��j�)Mj��&amp#7;�u&amp#31;&amp#16;�|��ŷ�o»��!��jo���B;�&amp#17;���Ŧ���kZ�&amp#7;Q�%���z�֥o7�>&amp#27;j&amp#26;���6V�;��6�&amp#5;���k�&amp#0;	&amp#14;���&amp#0;&amp#17;x"��RҴ�]]�{�C�[\�zdZ�����]�p乪�ibW&amp#17;�%j��9W�q&amp#7;&amp#26;fؘb&amp#21;5&amp#25;Yd�2{7:�XJ*���Ay�&amp#8;F�qN\�ʥ&amp#26;&amp#16;���C&amp#15;J6m-b�J�K�ܽ�Ԉ<C��֑m-<C�k�iZ͎��vz&amp#14;�↾�:&amp#14;��i�����Đ�\ϦJ���si),�h�W:��&amp#0;�Q��&amp#19;��V���&amp#25;��."ӡ�C��+�>o&amp#16;�%�|&`���I�{�-��k&amp#15;�%��&amp#14;�k�k~ ������&amp#18;�&amp#0;P�Ԫ�i�Z��?���y�&amp#29;J�\��e���c�K[HSPM1��@t�4�r����{M>&amp#29;SP�m�&amp#11;ˆ�)�	��"�&amp#29;��<6�6:Ο�隵�&amp#17;�&amp#20;jV�K&amp#23;R&amp#11;;�_�~�D��~�u&amp#30;���{o����&amp#23;	�On50~n��4���ܹy�&amp#8;rS勔\�"S�F�֣�?�Ғ�4�U�_�G&amp#17;	��im�ܟڽ�i��%ufڑcH���&amp#19;�� �7��%�����֟�[^�o�Z&amp#17;��{�&amp#0;j�ͥ^�~%��υ�O�k�\�m�� �4}&amp#14;&amp#29;kW���!��������&amp#21;~�V&amp#26;&amp#31;į��6��?&amp#0;<-�x�&amp#15;&amp#19;�&amp#2;���;�&amp#11;R��U�ό~&amp#18;|m�>�{��&amp#26;��߇���&amp#11;����N�&amp#31;�R�Z_&amp#6;�^���'�f�~/�~��xC�zޙ�ܿ���&amp#23;6��j&amp#26;��iw�&amp#0;m�Z6���ZN���\[ϩjw�A���W�t8�.�g&amp#19;Oy�^^T���4�c���u�-r�K�<[�&amp#16;h�՗��7&amp#15;{��gKԴ�SI��4�F&amp#11;�&amp#7;�b&amp#15;&amp#16;[���_˪O�Ǫ5��e����&amp#31;�X��X�x|��C+��R��U(a�T*Ƥc&amp#12;ejt�^o&amp#15;�Tk5O&amp#31;A��&amp#12;$f�a�Tqo�&amp#27;\�%v��&amp#31;�&amp#22;�n�򎉸�$�&amp#29;Z�q�����W�F��t�������x���Q�xc�&amp#7;��ګច?��&amp#0;�&amp#19;�zo�<=�ϥ?�t�&amp#0;&amp#25;�C�֠��e�Ǆ��&amp#5;�������&amp#7;[�F���~&amp#11;��j��t/&amp#6;��?&amp#5;�	?��h&amp#1;�����:�u&amp#11;��_����x�_&amp#22;�WGMb�J�u���&amp#29;{B���O�^6&amp#18;[�~&amp#29;�&amp#21;���&amp#27;�f�G��a&amp#28;�v�m�/�~&amp#22;~��	�&amp#30;"���5�zl�&amp#2;�n�&amp#31;&amp#26;�&amp#16;\i�Z��φ_��9��Hԣ��u/&amp#1;ť�&amp#22;ڪIeuy�&amp#7;A�=��f��-�%�}�&amp#0;�[k�&amp#0;&amp#25;m�n���x&amp#16;�v�f�&amp#12;S��|S�&amp#11;�l&amp#27;8���K�6�֚�����N��l�,5&amp#27;y�c&amp#26;��먯�SϳL��<��u�q&amp#30;G��L��>�gW&amp#23;�SX�M&amp#21;��1�p8,f&amp#29;J&amp#21;jW���&amp#29;�kԫ����&amp#31;�p�RJ&amp#14;SK���>T�*K�\�	��>^W+���UIA����h�{��,��s�7���/�_��އk�&amp#15;&amp#3;|V�����g�&amp#29;&amp#31;J�4�&amp#22;K&amp#11;/&amp#17;x&amp#31;ŉ&amp#7;��!o6�8�u&amp#29;;��&amp#24;���O��&amp#27;˭CD��-�W��o>"G�]{�&amp#4;:'�-7�6�"���;�}�j&amp#30; �A�[�O&amp#17;i�&amp#7;�&�~/�OL�~&amp#12;�oD���1������&amp#31;&amp#17;��~$��&amp#29;�;�&amp#30;&����o�������-�&amp#26;&amp#7;�&amp#25;�&amp#23;�ƌ�:���9�˿&amp#23;X&amp#24;<A��B�M�
�ľ&amp#23;�{�&amp#15;&amp#27;�y_S��]:I#�#���KX&amp#19;��&amp#7;�|}�M&amp#26;�MO��=��l57��Z-��u[�l#׭&amp#6;��~&amp#12;���I}{�躍��V&amp#23;v&amp#23;�F���q��&amp#18;�����q8:RTp�j�-N���؜\iڍH9G&amp#7;���g8(Х�ʼ�ԪS��tq��W��(�Yh�&amp#11;?��Ws��|�9Z髟$�d�&amp#25;��&amp#22;i&amp#22;�	�y�=<U���~$�,�;}=�����چ��^|@��ς~&amp#28;��~&amp#29;��^&amp#15;�[z<&amp#29;�[����ǆ�5�7ⶵ�&amp#11;��_�>&amp#25;|J��&amp#31;&amp#25;�+L�+�&amp#15;�:v��]_៎�t�&amp#31;��&amp#11;|C��&amp#22;�&amp#1;�Ӵ{�|-�]V��&amp#26;M��ȿ�uo�~"�牾&amp#25;�3I�&amp#31;�/&amp#22;ͨx.��o��~&amp#21;��H�/~��d߇�i�e��|&amp#23;'�H�,�/s�xs��-��K�xA�&amp#22;���n�&amp#20;5Է��g��K����hz$�7w����h����^��cA�Ӡ�&amp#15;&amp#14;��LӼz�w/-�ը�N��G�Z�?2�&��&amp#26;�=Z-B�(t�CQ�7&amp#6;&amp#27;[+{~�<aG*�N&amp#24;<V+1��X�i{&amp#28;&amp#30;&amp#19;&amp#2;�2
�1�	K&amp#19;]Ά*�)�T�S����b�_��q��&amp#24;rrMY+��m�M.Um�ģ����vM��u��<]�7Q��/�c𭖽��F�F>?��&amp#6;��xn[�&amp#14;�'H1|7�v�'�/4;M\�S��k?&amp#30;���� ���{����]�����{����o/���Ω�_x�&amp#0;�W�˵Ƒ�&amp#16;�R�z���G����.��?
�$���W&amp#26;V���֒�&amp#26;^��&amp#27;Ovkֺ�e��i�++&amp#18;&amp#27;H�;˵7jL&amp#26;�YF�e�[[�{=*����{{��˫;�&�:��t=>�U�=՝����6��]�?�4�&amp#23;K���V��Ogo&amp#12;vv��&amp#28;o%�ů�t� ������z��o&amp#19;��+�F�հ�T�K&amp#5;�J2����&amp#26;n.u]7&amp#23;uN�HaeVQ�	V��t��w}�����z����hixKOX|~@�Ǘ�_&amp#8;j63j�kk��'��߆.mM��F!%��&amp#7;��#���&amp#29;b}SG&amp#23;��6������&amp#0;]Ե&amp#3;il�����E��&amp#15;"��y?{}&amp#21;�I&amp#2;\�F&amp#22;�.�Y�=���3�&���&amp#7;&amp#27;������ZƩ�[Yx�ŷCY�t�www{%�[�M&amp#31;K�����&amp#23;��&amp#22;��Lhm�&amp#26;4W�^_iV��rҷ�<j&amp#17;�jN&amp#20;ypȒ���&amp#30;\9T&amp#17;�1+<�L��H�G��??�kB�-�N5�Ѕ&amp#26;<�W�YB��Q��R.�JJ��t]9�F��l�d�Kv���E���ۧv� �?�4����B��9�O���&amp#8;��d�u�j���B�&amp#5;��}.=H�&���WЛ�/N�ԯ�i&amp#29;��4�Y����>&amp#29;��"d��H%?c�-�$}:X��]6[&amp#27;_:�;!&amp#20;�[��4�q4��������1b˹��g�a&amp#30;��j6��iqe5��j�]x�K[&amp#24;�� 6���u�i&amp#2;�&amp#27;�1�n�&amp#22;�x�ê5��%��K���ݡy���%�̺}�0y�f�XZ][I h���y���S��񧹊�]9id��Х��Y�T�!))�j5����F�\�sTT��䓓�X�t�*Q
�&amp#15;٪i��&amp#27;Zm�zFRi���q���*S�����%mA��K{�5).4ɴ�#��-5���aqesqyk��Kog��&amp#6;�U�L�C�\�NfW����5���;�!&amp#26;�6��N�w�&amp#6;��&amp#26;ޝ�}Et-._�����F����-�χ�t��&amp#0;&amp#15;i�:��׌ome�<4�qy�&amp#27;��_�֔E	�hn#g�D���
�&amp#20;@��ZOu���4�&amp#23;N�����4�s&amp#8;��d5�G�A�v^&����KT]>�M�]���G��Ե��&amp#27;h��?��Mr�&amp#11;�&amp#29;/R�G���⭎�5��3���o��Hn�����&amp#31;&amp#15;�ʾq�u&amp#20;gN�G�+�&amp#17;rU&amp#30;&amp#14;�*&amp#17;õ+'*Ҋk�p�gZ���*�^&amp#19;�Q���ҝ�kE;��7��}�h�o<S�&amp#31;��/�|[e�5����&amp#12;�j�P��b�ҼG�O&amp#19;���㍾�����&amp#0;Q���&amp#31;&amp#26;��V�.|Q-��&amp#19;�&amp#26;��}�&amp#15;��M[E��&amp#29;���	�=KP�&amp#22;��_��6���E�i����e��Z��K�R��w�k�����{�έ�R�X{{�����|['�?؃����[S�|I�_&amp#21;Ǧ�4���+��SxĚ&amp#15;��G�&amp#31;&amp#6;�OQ�L�5	�/�K��~&amp#5;��-spu�-:o&amp#22;]Y]�&amp#29;���Ŧ�����N𥧉E��n�i5���j��e;�i&amp#30;e�_���gm��k��2�z���Z��eb����YR�Y��&amp#7; �\ʫ���&amp#5;J41&amp#21;%R�֩屫Aׇ�����}jQ�8{c&amp#27;�\�&amp#30;W�ﱔ�&amp#27;rѤ�I^��j�v��[*pj�Wo^ni��P�4�&amp#15;�^kk�Ku�K-��ֺPյ;�6&amp#15;��R�Z����މ�鶖wZ�&amp#26;��<�&amp#18;]&amp#22;ms˫x��&��j��Y����xB���>��o�-�=.�&amp#0;Ïk�k�i�(-�mcV�gI��h5%ѿ�����:���֌4��F��{k]mu;�4߷hw&amp#23;��w��������i�]��..�ym��&�&amp#0;�WW�st�!�Ѯ|p/*^[�Y�i&amp#22;����.�8�m�m��x��O��:�w�q%�+���^�k���J�V��q�Z��5��S��NYNN�y��V���	)Rq��B<����V�ZN�*�3��Q���^咺K߲i�J�nJItn�~�m����m��r�p�&amp#18;�&amp#14;�
Os��j�֖�ꚍ�:��6��D�wZ��Rh����a{i;X��w���Cỻh�,�w����e������VmY��%��&amp#22;&amp#22;7zl��]����iPi���i&amp#8;��&amp#22;=cUҵ-B��kI����E��i��F��-�5�.�A�4���.����s_��j&amp#26;߈廵�Mg%���&amp#29;a���/��k���&amp#21;�w`�f)$�|&amp#22;�26�}�\j�]�6��'ڬ��mu&amp#11;&amp#19;&amp#4;v&amp#8;���&amp#3;B`������{{���&amp#4;�&amp#31;aכu&amp#20;�FQ�&amp#22;����5EZ3Ҭ���2�G&amp#24;�ʫn8gRQ��&amp#24;&�\�v����%�yֱZ�����&amp#29;7R����&amp#0;�/4MSM�&amp#22;s��&amp#28;[&amp#27;؎�kp����hڀ��--&amp#22;i��I�kZ��֥D���]������襤��7&amp#22;�1�iV&amp#26;F����E��&amp#6;�o����i0�{����k���7����:w�a��֫&amp#5;��G��&amp#18;����Z���V~%����=MR�G����r�֟e��&amp#19;J��&amp#11;&amp#11;k�&amp#11;[i���o&amp#28;�Ōvb�&amp#0;H��e&amp#17;��cK3j���&amp#22;�ڍ��Y�N�D��}�nR�j:݅�����=3I�u&amp#4;���P�n�9f�4+�Y�6�n�&amp#11;&amp#22;mZ������7(�NTܭV�T�>jj��j�����	�T�*k��v�w����'&�}�n[4�m��ުm�i#������&amp#4;�[�+�:]�׈�&amp#31;&amp#17;L�^�&amp#23;�n�Ku�&amp#19;\��}>xm��/&amp#14;&amp#1;�Ţ�6&amp#26;&amp#29;ޡ�U�L��:Y4&amp#11;&amp#27;ɼI�=s_ִ���7�n��[�jr�&�m�jf�IO&amp#4;�&�}q�&amp#8;ob֮�&amp#5;��.���E���<9�A�6}J���o&amp#21;x�}&amp#18;��^�yg������X�E��������Z�x���5}and���&amp#31;C��]�&[��&amp#7;�[-%�xD�6zm�\Z�V1^�$&amp#23;+/����]]�9#��e�]�-m��Y��[�-��m��j�x؊�/	'V��!%�&amp#24;N&amp#16;��gZt��C���/$�\i4�Nq�G��K��2�����V�q�j��ܷ�]Tn�+����Hk:=�Ք&amp#22;^^������&amp#17;.�c=����&amp#11;�&amp#23;��&amp#30;���}<F&amp#11;�B�P���zv�e��|l5�[=C�&amp#15;}�3B�U�/u�5�u&amp#15;&amp#20;^jv�6���k���wa&amp#5;��c��r�Y���2x��Z���tEѴF�]&amp#23;W�O	yz[��>&amp#31;��&amp#25;�y��^�a�&amp#0;	&amp#7;�4�}
�O�&amp#3;K���j"�&amp#23;����o;C��K��;O�����	����Po�S�O�,>���yR;�&��K�&amp#22;7��m�Y&amp#25;΀��0&amp#11;���a&amp#28;�.��5&amp#21;+-�˨�geH��&amp#5;:�yA$�9ӄ��&amp#20;��&amp#20;�V�Q�s8(BIғ���eR�WNrz����Ԭ��JM�]�}&amp#18;��M�]SG�ot���5ߟ�O&amp#22;�nL:��&amp#26;|F�&amp#11;K�[[���}&����3&amp#29;^&amp#29;L��mv�ڭԓ�i7����y�Y"�W�&amp#6;��5�rk�&amp#30;��h�%�ư�Z��a�M?N��&amp#27;�5&amp#1;i6��YjW&amp#22;Z���h��>��������Z�����%֕�C&amp#6;��k��1h�(�&amp#26;v�&amp#6;�e�܍Et=C�&amp#3;J���Ӗ�X��_&amp#12;��x�R���Y�������-ond��*Eoa=к�ԭm.d]>��+8"ҭt��.[��&amp#11;�&amp#30;�^ֵ�x�us&amp#23;��&amp#2;�C&amp#16;jã	UO&amp#15;V�J�!&amp#21;Q�H��ь)88�p�&amp#21;VS���T�4�����*T�\&amp#30;�{��9urwR�򕬯&amp#22;��9s4�����X�&amp#11;}[�:RG&amp#11;�i&amp#16;X��&amp#29;�|%o&amp#22;�d�M�&amp#24;$�׮�}G�ZR�wo&amp#5;��}�K&amp#20;�&amp#26;�-&amp#6;��^���o�&amp#14;�Z�<A�S���u����&amp#22;��Ǎ�u�+y4M3^�PM&amp#29;�&amp#20;鶖��&amp#3;�k�^B��x��R���G�t�?&amp#11;��zu��oa�g�<�kt��u�sG���{&amp#8;�=Q�u�M=��[&amp#6;���ѭ�;o�-̍&amp#14;�F�u��O}��m�,&amp#31;�&amp#30;&amp#30;��OڗJ�4�&amp#30;i�&amp#31;Ҽ1�&amp#30;.����֥�&amp#25;�9�K&amp#31;&amp#3;��.�&amp#27;��4{&amp#27;h����&amp#26;��W�js���&amp#23;���u?&amp#11;:h��&amp#29;��&amp#8;O*��[�=�&amp#19;'���U0��~�S&amp#1;��(Y�i*��֥&amp#28;>&q抅&amp#25;T�N�=��*���+��\2�R�AJ���m�F>�b�k��]�y|"�4&amp#17;�O&amp#24;x�F]GL�_��+��>&amp#23;��5(�GԼ3�?�&amp#18;�φ�--�-5'���<-y�V�P�&amp#6;��=&amp#15;�ڜ���&amp#26;DI�&amp#1;Ss8U�B+H&amp#20;&amp#2;ʍ#"��̨Y�WqU-/M����&amp#1;X��8�5�r�T�ּ[��u&amp#24;5�F�����Ė�뷚&amp#20;Z}ݼ&amp#16;�cG�Σ���>&amp#30;����6ˢ�Y뚍�ǉ�o&amp#17;�}�c'8�q�u���p8'&amp#7;�&amp#8;��&amp#12;ϙc�4�U�t=�&amp#23;������Xh�F3��%&amp#26;	R���N���ۜ${)�y�e&�W���V���}^�&amp#29;��&amp#2;&amp#21;��ˌt�#؞&amp#6;Tdg8b7&amp#19;�H�`�f�VI&amp#2;��$w�Z@&amp#31;j���xаQ#�R2�Yb%J�C���&amp#20;�&amp#22;&amp#14;G'���P�&amp#0;|�99fo�&amp#5;%�&amp#28;drx&amp#31;ͺ&amp#18;&amp#8;�&amp#3;�&amp#0;�A&amp#7;5�����&amp#0;ۧ������u&amp#8;��a�ֿ��u���V�S&amp#20;m:F��Fn&amp#18;'�XRm��s<0<����&amp#12;L�	hQ�R�a�'&amp#3;&amp#27;FAݜ�&amp#11;��I$&amp#1;�I�&amp#6;O�Y�&amp#4;�zc9�=F���9$&amp#14;@�0I&amp#25;V`�Ts�pڠy���&amp#24;!����&amp#0;&amp#20;��{z��D���[e-/��Kk���]��[���&amp#23;��&amp#3;霞&amp#1;��pFGL�a�������u=���2p&amp#1; ��&amp#27;�&amp#0;�����&amp#0;����L�#ל&amp#30;s�&amp#4;�&amp#28;�3Ӿ1�94���z�&amp#26;��n���輖�O�ݻ^������&amp#25;ݐ9�<&amp#15;N&amp#14;F	&amp#28;����&amp#22;��٤2]&amp#8;e6��K$&amp#22;�r�)�.%�&amp#25;��	%�&�8f�"gd�R��)eP�͵T&amp#15;��&amp#29;�I�&amp#18;&amp#7;^��&amp#18;r	_�����&amp#0;���&amp#20;�o���;-n�׺��V�f�j��i�wa���&amp#14;0p&amp#1;a��&amp#28;dg�y<����$��&amp#30;����<&amp#15;�=I&amp#25;9����&amp#24;f&amp#25;�u�?N9$�s�N3��&amp#7;�&8 q�S�&amp#27;yl|�O?����&amp#0;4�6�շ�OG�[�t��괺Z�&�`}��+��&amp#28;����&amp#24;&amp#25;����v&amp#28;}7&amp#14;��&amp#19;�>��HbS��=1���&amp#29;�?�	����G&amp#24;���&amp#7;�z��&amp#11;c &amp#2;�$_宺j���}��emuw������[��2&amp#20;�A �@=2�ubw&amp#15;�&amp#19;��&amp#0;��t'&amp#3;��=8�}��zr&amp#0;&amp#25;�R&amp#12;|�.7&amp#21;�GRA+�A�&amp#1;@�HP&amp#6;F&amp#24;��r�&amp#17;��Q��V���vvɩ^i�&amp#19;�&amp#23;z�©{uc�\�Z�Νi<�Iml'�5&amp#25;�-� �R��&amp#30;��viwJ��������w���&amp#23;_�����k��ew��2{��c�NG�����&amp#25;&amp#7;�	�RTzr:v pX��p&amp#14;pwp�&amp#1;�&amp#3;&amp#30;��&amp#0;q�U&amp#30;�&amp#0;S�����&amp#14;FI#&A��NG� 7&amp#20;.�����{�}��K��Ǚ�[�߻�k��]������&amp#15;_ˌc�&amp#16;O&amp#31;�&amp#14;9a�@jk0�]�[n0&amp#23;9'.&amp#2;�&amp#3;�&amp#17;�@��N�d�����&amp#17;��=:���sU�"�X��"�p�~�,����)�&amp#6;�&amp#1;�-�R&amp#1;&amp#30;b�I&amp#25;<��!j�M�W�w}5i+�7g�J�Rz�����5��{;�u�&amp#0;���>%���4��&amp#20;��:cGi������U�n��ɭ4�&amp#3;O�ѓ\���C�N++�W]��[i��gw�i-l��D���:.�|&��a�_&amp#14;jZ&����&amp#11;&amp#17;i&amp#30;��jE��B��4�-Yf�^[M:�Y��,�1i%��~<;e�6�-���&amp#3;�O���.��k&amp#29;w�7�N��iڔ�?��?ۮ�Gխln/#��������U��ҵK=Y�FWӗD�V������&amp#23;�Lxg��f���w���]g^�.�o��&amp#0;&amp#11;C�yu����&amp#8;��N�'�4�z�&amp#27;�&amp#3;�?���w_�v�W�om�{]&amp#27;T�/��7��C�>'�?jȰ\	��b��&amp#15;�c0t&amp#22;#&amp#31;�b���f&amp#24;�ukT�ʪӼ��T��\6&amp#11;�Q�:�#jU=��*y���Ӳ����z[^g-�ֽ���&amp#23;�����އ}��W�:�V�{e�-6��M�,u&amp#11;��JYu&amp#7;΅4�-d��ӆ�,pݴ�x�J&amp#15;��x�&amp#0;��-G�&amp#6;����'���3XYh&amp#26;���&amp#16;�jilo���ͮ�x�Lit_&amp#16;iW�����x�H�]/�&amp#15;>��hv�&amp#17;x��&amp#28;ߊ�&amp#0;�O_��&amp#20;&amp#31;�&amp#11;�&amp#16;x��+�J�÷�)���&amp#26;�C��!��?�o��&amp#21;׮<&amp#25;&amp#31;��&amp#17;�%�e��&amp#15;�:�����&amp#14;�s���[���u�毥x���}�~&amp#4;��O��&amp#26;��&_&amp#6;��&amp#15;_�X�&amp#29;�}k�&amp#30;=��_&amp#15;�A�Q�&amp#15;&amp#16;[\�!�񮳤��[�?�&amp#24;��<1�-?�&amp#31;&amp#17;�m�m&amp#3;C�����g�&amp#30;�c`�t&amp#31;&amp#3;P�a��S�k,v.�&amp#26;�j��T���g[�4kWx�ELM:8Ϭa&amp#19;u#&amp#8;ѧZ4�*8��)^\��V��6�M�&amp#26;�\�]��ԯ&amp#11;�&amp#15;V�����䴂3L�[&&amp#30;��P�c��?&amp#19;k&amp#19;�cb<5���V��&amp#0;&amp#8;߈5&amp#24;��c��:F�Y\�A��]x�&amp#0;��1�EM.��w#X��ƻc����]��Y�[�t��kvw&amp#26;Ǉu&amp#27;&amp#31;����M!t�,�2'�|;�ٝ>&amp#24;�X5m`��k����&amp#16;|!��^&amp#19;[m[M�&amp#5;����m#�&amp#26;V��\���&amp#26;�Z%�$k�?�b���I�&amp#23;����⦡w�i7&amp#17;�hz�&amp#12;�&amp#5;�?��<w��ɦ:~��&amp#25;mt&amp#27;�&amp#19;�ˮ�vrX�����K�o\�I�l��&amp#11;&amp#27;(-5&amp#27;�&amp#14;j�l�<G�\i�&amp#15;�?AJ8���"�*�+&amp#4;�b}��`�&amp#15;m&�ѥ��&amp#25;�T&amp#28;�ҍH�IT��)Z49�k^<�qZ>���ۋ����n�+���&amp#25;��	�+?&amp#11;���[���&amp#29;F�=B����Y�־�x"���m����H���'�4�{�+ΓX�V�N���6&amp#11;&���?5~�~>���b���&amp#19;�h�&amp#21;ևy����,���]�>'���~-{&amp#3;�x&amp#24;C}��1xR�C�Σ&amp#21;��j:���[�&amp#4;\��<B&amp#23;E���&amp#14;j��f�&amp#15;	��&amp#19;_�������-��q��R�'�&�n|O�)u&amp#24;4�{��h��4�KH���
G���&amp#31;��8�S��&amp#11;a��R�&amp#19;Fҵ}R�.�"O�~	�-��&amp#0;𦝪���*_�&amp#19;�~%��<-�xo�S�&amp#16;i�&amp#12;3������?Vе�k�3&amp#19;��fx|^7&amp#17;�VW�a1�h��8{*xLn&amp#27;&amp#17;&amp#6;�՝%
�40�z0���Rt�J�J�&amp#15;NYViЫ&amp#6;��I�mFM�e8;4�����j�m�.f3���e�&amp#0;ß���1���&amp#30;�g↛�+�	�&amp#0;�&amp#31;���&amp#23;���&amp#0;
�K�Ӿ1�^$�<[�j&amp#15;�?&amp#30;k&amp#26;_��"A�i�%&amp#22;�&amp#30;�׆����W�g��cc�j�,����&amp#17;x��S�Y�/�W^&amp#24;��$��Z]���&amp#0;]h+�A�?&amp#22;麯�lt�Ѭ���N�^
���T��ڍ���>1�m��/c}C�<&amp#1;�&amp#18;j~-���&amp#0;f�ٯJ����[�&amp#31;&amp#25;�!j�x/����&amp#1;~ھ&amp#25;���-�^9�f������ú�����&amp#18;�&amp#26;7�R�J��%
�:��&amp#29;+Y�~"k�_����&amp#31;�_����ٶ��>&amp#11;�S�{?&amp#2;�&amp#20;����Y����[�&amp#14;�5��ݝ���=_��+ԃi�D~-��ωc�1ipjv&amp#26;��n���#���ޖa�p�&amp#23;"��&amp#17;��gY*�2�N&amp#20;`�7&amp#5;�湴�|C���ca��e�a�`��C#�����
�Z�Q�9q��){D��N��_Y�rʭ:|��'&amp#14;z�����e&amp#5;w&amp#30;Z|�R{�����&amp#0;?U��K�o5-7�>)���6ֺ<2�6��X>�~t=/J�W�4�&amp#30;�WС����w�N�:-�e�ŃN�Ը�Z&amp#31;��(K_&amp#15;�.�&amp#30;��&amp#0;&amp#21;5O	�q�Kec��&amp#15;N���P��\�&amp#30;��h�~���+�xz&amp#17;&�ይWU��a6���&amp#14;��k^.��o&amp#12;\�ZU��{\��v&amp#18;�W�?
��J�ʽ��&amp#20;7G�wksf�$��&amp#6;����o�&amp#11;g��4mN]>&amp#24;#�Ǻ&amp#29;�d�&amp#18;<%�Mce&��Z�&amp#18;�k���acq�&amp#25;��|=��&amp#26;v�u��ڜ&amp#26;֝�k6z����&amp#18;M_F�P�P�5&amp#11;��o�ɬkc��g��-F�e&amp#24;\T�9Ɩ!R�R�5
�2xZ�W�w�h:j���8�Qt��&amp#5;&amp#7;ng)t���{�Om/��k�;6����H�/,�����&amp#19;�&amp#12;z���]�&amp#30;&amp#29;��4��׬��}n+&amp#15;&amp#18;�Xjz����S�O&amp#20;�����SP�]kG�I��&amp#31;^����r�HԼI�e��a�-SL�&amp#30;�P��&amp#15;��E�'�җA�m������&amp#6;��h�&amp#25;�=zx���m�Zh���u�{.���'B�[�77�(�#���>��5���}&amp#23;V���Ԛ��\����]YyPŤ��U��L���"Ӯ�����+��&amp#30;*�[�Ժ��ƕ&amp#5;�𾛩Zǧ�&amp#11;M�-:�V�űY�&amp#12;i�&amp#31;��u��o��V/&amp#16;K�k�����;/&amp#14;��_#�cqX���T�&amp#28;�R��&amp#20;���q5���C&amp#15;��
u)�͆�R_�&amp#30;F�OS&amp#17;&amp#24;ŵN�����ז�M�k&amp#27;$�N�zk�'�>6xg�7�][�&amp#0;b�\_k�&amp#26;7�y�Yͩ�Fi�E/�u�(���&amp#6;�����Y����Q�Ak�h��Z�ҭ��^�i�2����5�v1��]��N����&amp#6;�&amp#3;��/��,&����˵6PG��$�$�mT��Dxu>P�|9��&amp#27;X�u�Z�[�6�=^�-f�t��H�&amp#16;[�>�o�K�A,�&amp#6;��j&amp#17;y6zV�ot�&&amp#29;#I���&amp#30;�ᆖ�&amp#31;���^�B��4�&amp#25;4+6��滊�Z�l"�y�_\���i6ɧȚ�xu"U���B��mz?��r|�R�W�ʽ(R����ys�j��V5�NKsΜjsA�6�h.eJ�Ikv��E���{l��ݶ�_@©�\j�A�kRhq�^���m��E�F�H&amp#24;�y�-*����S�&amp#29;N]?�Oa-���y&amp#2;Z&�"hY��\k?i�����\ڲ]�-�&amp#5;n�Ikm�Z^A&amp#29;�&amp#23;M�N�����������L�k�?J��Z?��<&amp#21;k��]�[5�[[�3���_���d�k�,�P����i�@����H�+{�?P��+Y�I��5&amp#11;���Y���/��NӦ�&amp#18;�&amp#14;�&amp#22;�o.��6�[i�v�|I��$�+�f�����e����O����c&amp#31;���T��N1���&amp#26;t+K���IO�nn&amp#28;��7&amp#21;9�S�w&amp#25;�k&amp#30;w&�=&amp#19;��iջ�˫{�^�s&amp#29;&amp#30;��V�%�&�|�ߥ�̰E��&amp#8;�1X_iZ~�okiw�%���ٵ&amp#27;ĺg�X`�&amp#6;���&amp#21;�־O�y	��I�=^�&amp#8;R���K�N��Y��FKk&amp#27;��Ci-����mf�&amp#16;ivOx�&amp#17;���6�j��L׼�R1�[�G.��G}rWLմk�&amp#22;��Ɋ�·E��<K{'��^G-���^��Dkk)��Kw4��I�-��&amp#12;�&amp#21;�Ɖ~�����m&amp#29;���~&amp#26;T��M�Ў���2�Ͼt�5&amp#29;.'���&amp#6;�&�ӌ&amp#26;���&amp#21;	F&amp#15;NWI_���&amp#22;�&amp#24;�JJr��55j;�++.�n�}{F�;����M]��E���nc��;��z���~󭞏��B�����U�5I/������Yjmc%�徽x,aЮ�$&amp#19;x��:&�.�w��z���Mz����G�B��%3h��&amp#14;�q��߉._K����Cco&amp#27;�V��&amp#31;ۆ�XU�+��&amp#22;�u�f&amp#31;&amp#11;�oM�5_&amp#25;�J���-uMN�MF&amp#29;'�v���&amp#26;�������&amp#27;Y|C}.�e&amp#21;�v��C&amp#15;�m�O&amp#17;Zi&amp#30;&amp#18;�����&amp#0;�t?��&amp#29;�����1&amp#26;+�cUԯ.f��I�$ioy�k�rJ���z�[���&amp#0;E&amp#22;qæ�C&amp#30;�&amp#14;�k&amp#30;�ʴ�&amp#20;*�O�F�:��ԥ5�F�ܚ��tꪔ�4�&amp#26;&amp#28;�T��cV_ã��R�&amp#21;w��KO9߮�|��iY_�D2&amp#29;�K�&amp#15;!&amp#25;#�QnRI��	��&amp#11;H�6�1X�BEey&amp#24;ˁ�_F�e�GU�;k���j��	�q\]����F���,�+�dx�-E����&amp#21;���M*ZH�Hڪ\bFM�O-�S&amp#3;;B�)�YD�d�\��$��&amp#26;�������>�CԔ��K��1~-.u&amp#27;&amp#15;������!4�k��J����&amp#19;P��;ө.�gwg7��&amp#19;���&amp#25;YN*s�'(�i$�8Ҝe��&amp#8;�Oy;�)Y�&amp#20;��ڲkF�יZ����2IKDۺ1�)c�����t�<Oy������Q�&amp#0;F�NҧӼ�&amp#17;�~*��S�we/�&amp#21;�v�k�R=VF��B�^$�k��%�3Osc7�&amp#12;1��Hm'��Ӗ�]��p������+�&amp#25;�����T��&amp#19;��.M�}�^�2y��h�X�Qk��"�n#Yu&amp#24;���"����V��&amp#22;ڂ]@|�R�-^e��������峱&amp#11;r��y�{&amp#17;�y�!��&amp#22;d�&amp#26;�������{p&amp#5;����&amp#27;�!��!mld��a�R�&amp#17;J���YJu%�R-Ԕ�)r���NT�P�a&amp#24;�ʨ�&amp#14;t�L�񥲊������We��rѴ�|�&amp#12;8-+B/.&amp#24;G+\�`[asn�
&amp#8;"�hB�&amp#26;�4�&amp#19;F���{&amp#19;&amp#11;&amp#3;m&amp#29;~I|X�ς5�ڏ�M���h&amp#26;���>&amp#28;���zƋ�ۻqe�]���^&amp#17;&amp#23;�&amp#24;�t�|?�Ǭ���T�v���[O�(,o|]�&amp#23;C�G�N��x�C����&amp#21;��ȒCw,��&amp#24;\<��nV��[��-��&amp#21;/-��H���s=�H{�o�M��?i&amp#15;&amp#27;���&amp#7;�<Q�&amp#30;��P�������O&amp#15;x��&���|&amp#19;jz��#�u�?
�R?&amp#12;>{W&amp#26;猵y-�<B���?B�:���α&amp#16;�*r��ՒN�0�y&amp#30;#&amp#15;�eBNJUkR��hR��ʮ�V��o
�IEYI�ieụS����I%���|�������jr|I�3��N֖��
x!/,5&amp#8;�����W:ƣ&amp#23;���4;&amp#29;KK��X�4�O�vZ֯͝&amp#21;�;Z}2K2�k��/���&amp#8;�:���W�i֚���g��5�&amp#5;߇f�&amp#26;�8��5{&amp#31;�-s����C²[&amp#4;��&amp#24;M"+��k�+K�e�խ�m�[�M���8x�UE֤�-�.5�
Ks��;2x3��&amp#0;&amp#16;n�M&amp#26;�O�c�|3�&amp#25;�<I&amp#6;��&amp#8;u&amp#11;�f�KmwV��4�<)m�E���i�&��mKHx��=��l�Ʃ,WqN�K{qoi&amp#30;��6���^��hg�î]F�L7��\������d�=��*V���a+�ti�'�ƹb�w�8�U���^*7�'	�JUc&amp#26;ի��骳�VZ�R�M�nZrq�W�O�1����e&amp#24;Hλ���lt�=*��&amp#0;�W�jvMue�i��z&amp#2;� �K���5}F�]<O�h&amp#26;&amp#29;7T�*i:��5I<5y��K���S^뵖��Z�ި���F�4�B�G}&amp#15;OM&amp#11;X��L��R�x�Ğ&amp#29;�����&amp#26;&��jF�O���_]0���j?ڰ��Mdo�]�ɭ\Ms�\h&amp#19;�x���z��u_&amp#20;X��~(��<;uq�/Y���5��]Zhc�&amp#22;�w�R4�B55��W�y�����}��'�t;�q4W&amp#16;��_�զ�����q�o>���6�F�<2\���JY4�&amp#27;M�Ѵ�B��ъ��$d�׻*��g�j9�P�&amp#5;&amp#24;r��	Ӵ��uh�$��|�iA�׺�W���w���Rz����c���J;�&amp#19;IӴ�;&amp#31;&amp#11;�@�ൂ&amp#11;�km&amp#30;{�-v&amp#25;mu&amp#27;s���=��&amp#22;�&amp#17;7&amp#11;x��?���&amp#5;���qko�}V&amp#30;���M���X4}+GMn�K���P��6+MB�;&amp#8;nd�%m&amp#11;_K�F��&amp#24;����5]&amp#30;�&amp#24;滇U� ����k��Ho�+�gOԭln,.t;)m-b�m�9d���_����&amp#0;:ki�q}f�6W&amp#30;!���Ҷۭ&amp#30;&amp#14;��&amp#30;)�l�-m�=�/�f��4�#P���Y�f�4�2��(�����X�����&�&amp#6;����X��O��p}�T�&amp#18;B�6�7
q�t��&�ҧ)JUf�֭:r��nUT���MN��K:	]�Vە�.KXE�&amp#20;�V�bݛ���&amp#27;=]&amp#31;N��tq�j�y���>�wm=��}fd��HФx�|�}�����`������k{[�L�&amp#26;>�$�m�����Z��&amp#26;��n�Ww"x��[&amp#11;�&amp#0;&amp#16;�~ ���Zh�-xo`��_�k+&amp#11;�;M+R���&amp#29;kR����X�e�g�]��'��5&amp#24;Z�{�.]!��ǥ\å&��_[��=��'Ҵm%�R]-�-�3Lѭnnlo�&amp#22;�jз�5ֿ�ڝ&amp#22;4մ�.�����ﵿ	��ent�6��[���xj�P��{��t�?N�&amp#22;��B�>��&amp#16;ں^��b�Ԧ�&amp#25;�S�VM�,E:s�'$��1䜣
�������SS�NQ�J7��OD����ˢWN��{���#oE���/qm�=cM�<5��W�&amp#24;�}���on��&amp#31;̼M2�o&amp#16;�&amp#0;�E&amp#31;��H�=kwg&amp#15;�t�&amp#16;�k��.��}v���&amp#14;o&amp#26;ڶ՚ͮ�[��ŧ�:/��-&amp#14;8Py:>�&amp#4;�E���x��R����D:6�&amp#12;:Ϊ�&amp#29;��_QӟD��4�[N�b�U[K��e��f�Oկ%�t�wS�4�&amp#22;O&amp#26;&��öV&amp#26;��}7��z]�̺^�q��[���/��x��(�9�随�o=&amp#15;�VZtp[jv&amp#22;�6zkkZ'�V���]�ͣYx���_�(t�cXЯ&amp#18;���\�RI�v�����kM㛦��^6T�V�H�u����*�&amp#29;I)�&amp#15;J�a&amp#23;���^�pr�՚��O&amp#15;8R���ݣk{�iɽ&amp#20;ғW|��KEd�I�&�.<9{�xO�-c&amp#4;��&amp#3;O�$д�
(f&amp#26;>���z6�iu�[��Mi`��t�D�;�^m&amp#26;&amp#27;�b�&amp#18;-&amp#30;�i���Y��3k'�4۹��M�֍���Zf���&amp#16;4��&amp#30;���#ҧ�k��m&amp#12;i&amp#30;&amp#22;��,V>&amp#24;��;����}
?m���&amp#5;��������z$WWCN�T��&amp#2;�c���{JK;�Ci{%����#�G-�����+6:]����|&amp#27;r��^�����-�[�Q.��h���c�j6:���&amp#29;*��&amp#8;����Q&amp#23;��\wQ[�j��m����-�&amp#15;&amp#8;\|�<�1�����V�ӕ8֔ �T��?�x{HEJ�9�9T�N����:]��m&amp#24;�-�[�rM;h۷�z���Rg��&�s����Yɧ;x��S��r���z��ui&amp#29;��&amp#26;U�&amp#27;;��&amp#27;}#N�Ҵ�mmw��&amp#11;�2�C�闚֒Zi�&amp#26;f��R�u_&amp#16;[I/�&amp#19;×��j�&amp#30;�u�v�_&amp#16;�s�&amp#26;����/�.t�9.��$�u)&amp#15;�.�}R��EY|S���>!��m5mj(o�5Hn�&amp#29;�վ��������I��j��i�&amp#26;�n�u�7#R�F��p%��&amp#28;3���K����u�Y�<=m��k&amp#3;ĺ���&amp#3;U�E�����n_\�u&amp#27;�	�&amp#30;&amp#23;�=R�&amp#0;R�յ�&amp#19;\�i/u�����X'����O&amp#7;*}&&amp#15;&amp#20;�tiS�EN���jΥ&amp#23;&amp#26;s�Z���V��Ñʢp�e&amp#8;�j��&amp#26;�%��d�S�*�I�e(��������i�✾#��k�;�ң�&amp#23;Ze�[ǫ7��|?�-F9��F�?�[xyl�kK��&amp#26;��k&amp#14;�im}&amp#23;�4��x&amp#15;�:�ơ%�����|\�w�&amp#27;����}&amp#15;L�nn>&amp#3;�&amp#31;�m���Z��տ���H��&amp#0;&amp#12;��.��������{&amp#19;��N��z�|2�&amp#1;�Ե+/o�&amp#17;~A|x�|C�X�&amp#19;�&amp#21;���O�=(!�O	�7��;�Cmy�Xx{Ğ&amp#22;��-<Am&amp#21;Ǉ�n5�&amp#15;�{�H<K��;U����j^&amp#19;�m��&amp#31;�?ك�-���&amp#22;~�&amp#31;&amp#21;&amp#27;�Z����%����&amp#3;Q𾋩�&amp#19;�/��>�,�-&amp#11;�&amp#23;WzTɡ��&amp#0;�Aw���i�m�7����xwWMN�K�<A�]�^)�ˡ��&amp#6;33�>&amp#11;��T)<5j��u,>&amp#27;4�Ӎj8
·�jeT��((ҕUQΖ&amp#30;3���&amp#18;q���#�Z�2wM+Ԅ���))=�^�nNL��ս�ao�j&amp#23;Z��@ k�B&amp#17;&amp#14;�x�Kp�w�,v�Pi\B"}@YX�i���6�cm����oq�&amp#1;�1�&amp#17;��'���w�I#9�PB�6�g���&amp#0;.N&amp#20;�&amp#0;$�m89j|�	VRUX�cr�2e&amp#14;�t݅&amp#0;�̽6�&amp#19;���g>yԛJ.RrI$�nM�(���Ek-��l�&amp#22;�颶�T޷���ͮ�։�F&amp#1;
p�&amp#21;Epd�v ���a&amp#8;r�T4�P#o&amp#18;?�,&amp#12;�s�&amp#0;=�yl�ߦ1�z&amp#18;I�&amp#17;C�1��)&amp#22;rx&amp#7;&amp#28;�q���&amp#0;PM<+g�$t&amp#12;3��͓�x,A&amp#4;�&amp#8;�8m���/_����[���#&amp#4;�~꾫���]X��N�*�&amp#24;&amp#27;���&amp#0;Q����&amp#0;\�"�ל�99�V#�&amp#7;&amp#30;��I ���oa�`&amp#25;��2I�,�����$`�2A�O8���q�&amp#12;&amp#29;������2	&amp#25;���m=|�o�{;ں��/G�[_����J)�&amp#24;&amp#4;�&amp#15;l� �&amp#25;�P&amp#12;&amp#19;��f��8�8��g��&amp#3;�p&amp#0;&amp#31;19%&amp#20;����&amp#11;��K�	�}�۠�&amp#4;�@&amp#0;/�&amp#3;$d�s�@'&amp#3;�&amp#0;&amp#29;�&amp#0;&amp#25;&amp#25;QG������[���+��}�oK��7}#~����^�&amp#29;�Ԍ��##�&amp#29;�K&amp#29;&amp#15;$&amp#30;@�&amp#24;��&amp#1;�z���#'�-&amp#5;�l���03��?3&amp#16;psЏ�r@
]�@&amp#24;�&amp#3;#&amp#31;/���NH'&amp#3;&amp#11;��܂��&amp#23;�};��z���qꓷv��W=m�zm��'c�&amp#28;&amp#12;d�&amp#28;&amp#0;3�g9$p:&amp#29;Ÿ�����&amp#3;��&amp#30;Fx g�7&amp#28;��Ӏ���&amp#19;�7&amp#28;&amp#30;����v�#8h&amp#7;�ܝ�&amp#6;T&amp#0;&amp#5;��uf�&amp#23;nNF��@
@���&amp#0;��}^�<�wvWiZ�[�v�wm;'{�&amp#29;�{j�3&amp#23;�NF:&amp#14;�?4���g &amp#1;��&amp#18;&amp#25;�9�\���Ԏ�w!qנ�pK7�&amp#5;Ò઺&amp#0;&amp#25;�2�);��峯��]Ѥ�K�n�,��&amp#0;&amp#6;&amp#7;���&amp#28;�v��s��<�&amp#29;�W���KϮ�z�k�M�we{�&amp#29;w�~��$ &amp#4;/\�&amp#0;&amp#4;���9����p��&amp#31;^q����&amp#14;~�z�I�1�8��x�G9��A%GC�׿ж	��&amp#7;�F@$�}<����M�}&amp#23;M4�����������]�=5I.gq99&amp#29;s�&amp#16;Nqϱ�?�&amp#14;P0S�&amp#27;�1ِ&amp#25;�
��L�*��1�)e&amp#4;��p9݀p&amp#27;&amp#7;(G8&amp#7; �n\&amp#30;���&amp#3;9&amp#6;��S��c�fn2r&amp#0;���<1����-w�ߕ4�wnmvi�.����6�'�m촳�Ww}�K�Z��ٶ�&amp#1;�ob;�&amp#14;['�rz���=&amp#15;�Qs�&amp#14;	�&amp#12;@ &amp#30;X&amp#19;�̀p
���&amp#25;bNi#p�&amp#25;w`����b2�REGS�&amp#12;�����\��#Iu{&amp#20;�#�&amp#28;�W�L�בjZu���o�j�z���kx,�&�]g�&amp#17;�KJԬ�-7D�m�T5&amp#11;�&���F&amp#15;�Nn	r��Jo���Ii&amp#8;F�rod�'�.��e�k�m�?u��gvܛ�kE1ܤk&amp#16;i�0�=��l�y<��Q�Y�Yn&amp#30;K��D3&amp#28;&amp#2;��F&amp#5;̗I�-�S����Æ�	"'d&amp#2;�Su&amp#27;@.�����--�&amp#7;�����&amp#31;�pk&amp#22;:d�N���:���wh<C�i�V�q��M/���t`��&amp#11;&amp#25;����m�mF���M��[��.��m-d���Q��&amp#15;���:������q���:K�u'&amp#30;xV�d�g&amp#15;h�R.�5 �&amp#26;u,�(*��Ғ�Ji��
ܭ��^��&amp#26;]����MZG%e��cHӭ�)e��>�&amp#11;}�J�&amp#29;��ceo��Y\[&�a~�[�:f�{�&amp#17;��zx�O�c�N�E������?8����&amp#3;�N�n�&amp#18;����4mS��&amp#31;�?
�zׂ~)xsA�V�McG�|{�[�&amp#27;źU��k��+i>&��[����kmJ�&amp#11;��Vs,r����%��d�;�2�`�7�׶�&amp#0;f1���:�̼��CL��'�7�&amp#15;�0���dw�&amp#3;N&amp#24;F���&amp#24;�I1&amp#30;�x�P&.��I%n�>?&amp#23;����62�,SSs�
��_�T��?i&amp#25;��R0�[�*�J3rR�4�M٥m.���.��_�~�z���Y���&amp#18;&amp#27;�v�_�&amp#11;ϊ>&amp#25;��|K�x��� ��y�]w�:����CW��T�5&amp#11;�&amp#24;��x�<O�O&amp#22;�w&amp#26;��qa��z�Ŏ��{�⽿ѡ�ҡ�C�O&amp#4;��m׆�k]G�w�]\h�&amp#16;��|E�2jz�m&amp#6;��Ǣl�&amp#29;��+J�Z��e<Zds=޴���o�K��ma������&amp#26;{h��/W&amp#22;7&amp#23;Zu�G,&amp#23;�&�}�]�^���	�Q��]Z��\��W��&amp#8;��&amp#23;�׊� �A��&amp#30;����I𞇢�{MO&amp#27;�@����W�:��f<A�x?¾+��|-�j�x&amp#31;Y�u+�{�.&amp#14;��x���旮�k?&amp#16;�;�����&amp#23;�&amp#29;k�9�L~&amp#23;&amp#11;�~�&amp#17;��U�R�RU}�a'&amp#26;�u�*��ER���&amp#26;w�AT��P�ч,)�.�B)^\���k{];���ݹ��C��&amp#0;���Eo&amp#22;|7���,�&amp#12;�]�͌���&amp#6;��&amp#20;X�~+��Ew&amp#15;�u]eg�?�KK&amp#11;�Z������/�,��&amp#27;r��ܖ&amp#22;ӷ�n����{�&amp#0;&amp#16;�&amp#11;�.?��Riޭ��,�M�.�n���5	n&amp#23;E���P���G����č&amp#3;�Շ��>���&amp#23;�%�'S�𥟃|[�o]h6�'�5�g�/&amp#25;��c�s�i�&amp#14;�mgT��߉4{��3L�YU�&amp#6;�i&amp#21;��������<�N�&amp#6;����ǁ|Ok�x��~9��ï&amp#4;��Zն�k�G%��K�'V�2�i^&amp#23;ף�&amp#11;�k�b�ƅc&amp#6;�֗�m���W��Rk&amp#23;��b�eG&amp#21;��R���>�F&amp#21;�&amp#31;&amp#17;����Շ/$�_U�NQ���+CRIӒ�:�T�*�JJ��WK�mg�̛�M9FH�]W�&amp#31;&amp#14;-.4&amp#31;	��&amp#23;��Ŗw�_�l<5�����a��חv��&amp#2;�����?�`�h�H�L�<&amp#17;kʺ~���7�|h�&amp#19;�ޕ�&amp#0;	&amp#23;��F�:��Z��[�>
��*Z�i�&amp#15;&amp#17;�έa�&amp#0;&amp#8;5��-5�&amp#14;�Z��&amp#26;�&amp#0;���?⍟���&amp#0;�>�O𖐶�w��|��/�i�_P����&amp#23;\��kg�&amp#1;K�O&amp#16;˭���m�Cie��h�*׭���gR�њ�Q�?&amp#17;�&�^�6�'���m�G�-h|�&amp#0;�{�cV��)[��[��Ҽ&amp#11;�+9�&amp#3;�{�oþ5֮-5߄�-�;&amp#27;D���&amp#31;�u=^S�	�5��ψ�m&amp#7;�~&amp#12;&amp#26;&amp#6;��&amp#15;���&amp#2;��\7&amp#14;幝&amp#12;>+/�'����`���J&amp#24;��&amp#21;�Nr���c�&amp#28;��&amp#26;x�0����u#R�j��S������'&amp#25;[�I9)r�&amp#21;{5�JW�n2���g�&amp#6;��xqt�Ny|L��&amp#22;�ϥkR�{&amp#14;��B�K=Ԗz�����z%���&amp#26;Y&amp#11;�I<r�ٶ:��跎���nt+۝;¶&amp#23;&amp#26;�Z/�d0�6��Ю��^_�-���{�I/'�I��&amp#11;F+(uk�&�I��l..,�%�[����>&amp#6;� �mօ�&amp#27;+��{X���e�t�&amp#0;�M?EK�]W_ԇ��SZ�Դ�q&amp#14;�o�&amp#27;�,t˝v�Vծu}3����ZV��Kf��Xu�/��C�WR�&amp#22;��%�kk�u-OR�Ҭ��K�������"�&amp#31;�gT����&amp#27;&amp#17;���u<^"�&amp#19;�,Uj����V���-Z��	(ʍ9+�U�F2R�'B�s�&amp#7;9t�M$tk�vro[��of��z6��?&amp#15;�<G�|:𦵭Zx7D�0�$���B�n<G�[�i���gjt˯&amp#1;&amp#31;&amp#21;�Z&amp#21;��x^�[�&amp#18;[\��&amp#16;ǧY\�q=�I���彼Ӷ�ͪ4چ��c&amp#24;���&amp#8;�V�&amp#24;^�S&amp#26;��=����?�%��[�����.�m��&amp#27;�����5;�n�H�&amp#27;���/4]&amp#22;++��)���&amp#18;��k��k36�&��k-&amp#26;��MJ�R�{���&amp#7;J�����T������}KF�.���&amp#7;O��5�#E����j���<[�x&amp#7;Q�&amp#6;����F��4�&amp#16;xkR���|[g����&amp#30;�q�&amp#31;���&amp#22;I�&amp#2;�R�uǃ|;e�g�����iG&amp#15;F��V�=�Jq�F֩R�)U���SPpªX�ʿ�#����S���m��[�ϕk/�7)I4�ey]�'�&amp#23;'��wĺ&amp#5;��-<	��B�����^�_��|3�i�&amp#23;��V���n}V���>��O�)t�&amp#6;�&amp#26;ƍw��zF��,'L���ǖ��U�~��Q�纋_�&amp#16;]j�u���K}H_]��7�j:]���ڭ��/�lc��P��3��&amp#6;��-7P�G�&amp#27;K_;�<&amp#25;�izV�ug��x��Ğ$���5����&amp#19;��n�U�h���&amp#23;�u+{�n�X}'��&amp#20;����K&amp#8;���7A�2\6�����B���?�#g�ԥ��5}6��[&amp#31;&amp#24;[[�~{{�S�T�j6�m&amp#23;��f�J�u!wms����r��a�ٵ�&amp#26;��F�gR�')]�5UGG&amp#12;�R5]*�4���ٸ��Q�&amp#25;B���ʌg��/E���~��ݨWm�+�ht�ot�?P��<A�[�X�e&amp#11;�^�s$�[i�&amp#5;�ϥ&amp#27;٦m$i�P�썋j�Ϫj���&amp#5;���{D��:��q�[�R����j&amp#22;	ip�}�����ӥ���G��Z�����D��̴]bK�lܛ�&amp#14;��3o{{i�G��&amp#19;Z%������b4&amp#16;]�h:�B]&amp#23;T���ԵEy`�3Y�;L�#���_�ѷ��n��������A��Fo�&amp#29;:��R�,>ժ4��k�[����I�oM������ce%ضԵK�f��J;{�&amp#25;��>~��8T�I���攜���a)ӧN+�JTܤ�IBRj&amp#14;&amp#14;9l��[;{�%(�d��[�v�I�$�qi�~��_��y��VM"�&amp#0;P�&amp#14;��k&amp#17;����A�\[j�&amp#26;V���&amp#29;���6�RX��k��&amp#5;�zE��z~�m�Ku&amp#5;�םy��&amp#24;�MAͫص����������zz[�&amp#23;6���H�a&amp#6;������ϑ����&amp#26;V���k&amp#22;Wp&amp#12;�-e`Ю���y1]\iv�W+c��Z֚�[�E�_���c�o���՘�R�u��&amp#24;��o4�o&amp#25;jW&amp#30;&amp#24;��ᗇ�>#��M���ke�/
�&amp#26;��&amp#0;�l�&amp#29;W^}W�&amp#26;�ݧ�=���YM�[�!��K&amp#29;散�Z��ky'�a�5��m=4�&amp#15;_�x�J0��q&amp#24;�
8|+�&amp#21;Rԥ:��&amp#4;�HZ�jJ�iQ��iUt(G&amp#19;�O��.mB�6����f�����&amp#0;����Ͽ&amp#12;f�&amp#31;�|E{���-�-��N&amp#22;�����&amp#17;�t��i���&amp#6;�d4K�j&amp#27;&amp#29;+V���<Ikam0�����&amp#12;i&amp#31;B70�&amp#24;�1�f��ȋ4e��&amp#0;�&amp#7;�/&amp#27;�F�R��&amp#22;$�>3�e����&amp#17;YٔH�]��U�7;m/��Y&amp#21;�;4&amp#6;R��x�&amp#26;�8&amp#18;40�$l�Y�4y��Z�U�A'q�&amp#27;�&amp#24;<M�c[2�b1x�^u�9(EEB�$�%*p�a&amp#21;N�Z�TTo���II���m,���]z���}o�&amp#28;�=�-
H�1����gq�0�I�8乲��&amp#11;��Dw&amp#31;h�6�P��."&amp#18;y���kN5;m&amp#18;�&amp#12;����Cqo&amp#14;�&amp#29;�ش˙����'M&amp#17;K��O&amp#25;?e���:��~-n-D7&amp#25;&amp#31;&amp#20;��-��
�HK�}J� ԚY&amp#12;7ֺf�{����-�����Ӥ��[[�ӭ�9um&amp#22;����/��e��x��&amp#15;&amp#12;��i�M&amp#27;÷�[�Wֱj&amp#17;�j�O��&amp#11;&amp#29;��&amp#27;��Y&amp#25;/t}"�d��I��tK[[)�O&amp#5;G,4p�=��&amp#30;&��R����Ri(Un�K�T�)Q��QAϒ���U�J��*�>W&amp#24;�M�t��z'nnf���k�ZM��&amp#23;6�&amp#22;��^�{)�յ�Y���C���uI<;��"�&amp#15;ix�&amp#23;&amp#22;:n�u{&amp#12;$E�s�n�	��=,�Jl �	&amp#12;f&amp#8;XΉv�[݋p&amp#22;�	���昨� ȋ�e�>�&amp#12;��s,,��m6�+4����i�ٺ|:u��D�������kX5i�b�H���b[)���m���x�&amp#22;��i�B�%ŉ�U����]:�lq�#�.L�&amp#17;a�g&amp#2;���)�5(�Zkh�&amp#7;�F1rQ�j1�h�98�F&amp#17;q���c�%)��&amp#24;^R�R�&amp#20;u�ގ�6����k�}4[5k9y��&amp#30;�����:�D����&amp#6;��_�o��1�kV�&amp#17;�ZM��ւ�JZT�kK{mײ�0[���}=������;Y��&amp#0;����sB�-&amp#19;W���M&amp#31;��&amp#18;�.t��&amp#3;x��?&amp#19;ɥ_|H�Rѵ��OV�n�w�\�>�&amp#11;�&amp#22;�&amp#25;�ߊ��$�&amp#29;NV�����E��<Q���T&amp#22;�z喱��>-�τ�졻]c�:n�i�����&amp#27;����&amp#11;S���D�s�&amp#27;Z��ou�&amp#5;�N�C���v���ř>(�}��&amp#11;�xs�w�&�^�y�[}N�\��"���.�uu�j�j��:��&amp#19;�V��6��jڏ���3A���Mq��\%G&amp#29;��15��J��2R�㇆U����l,ҋ���8�N�=��`%^V�Fum�ckr��Kޒ�&amp#26;z.iT�ۚwJЏ��V�tWo¾&amp#30;Z閾&amp#28;�9죾�4�:A�x5ɴ��&amp#18;�U�[��'���k�[@��?�j�����&amp#17;�;��&amp#19;H��ώa�T]%�B�ʸ�D[5�ԵM��Ӽicogsy6�$Z�[!�˨�&amp#12;��a&amp#27;^�&amp#20;��$qY%����^�@�&amp#24;�<3g�&amp#12;�CQ������N���k�&amp#30;�[=>�L���P��<5c��Z<��[��i�&amp#29;2-.�V�.5�5)&amp#31;P�&amp#4;�a�]&amp#22;��մ�x�[TӦ�&amp#7;���).O�t}&k]&amp#26;+�sP��X�k}3K��H���-�yd����&amp#0;���V&amp#24;�W�R�=Z�;MӕH:ʴc���=�:��;�5Zr�
p�J�&amp#30;|!�N&amp#17;�r�&amp#11;^[��J�wZ(��ŭum�M&ٟB��&amp#29;Ti�M�����U�,�.&amp#22;��e���e:\0E��y$�{+��K�i�ڕ��:��&amp#27;�jB��O����/4}j(�t;C{����&amp#26;U��&amp#18;K{��m��ݵ��j7���k}2�]��?&amp#17;Mcwk��;P��Ӽ=�-+N�&amp#7;��f�&amp#26;E桨�Ia�ϩ��l���MwH�> ��Ε�MsP�I��.����m"�Z)����V���O�il��nlY-��&amp#29;F�N�]SU�u������㾳��E���5: ���o�c�����2j:>��[�]z�n&amp#2;�&u�/&amp#21;S&amp#16;�&amp#25;F.&amp#23;�®���O���)r���#:rT��w�q8��]&amp#30;��w�p���\�w��E�%�߼xs@��V�֯��,#���.�s�]Oks�K&�c�G2Z.�<�<hv�&amp#25;��Ԉ���<E&amp#12;&amp#23;�ɡ�%���4}&amp#30;&amp#27;li6�S\M����U���i&amp#0;����qi}m2ꉨ�&amp#19;Y�&amp#25;�X�k[�e��I���V7�}��&amp#0;V��&amp#31;R�]SF��<1{t�TQIiy�����8Ե}"��P��ۥ�[i���&amp#18;E6�a&amp#3;&amp#27;�f��&amp#15;Y/�&amp#8;�&amp#26;)Ӎ���Xj:&amp#21;�[۾��Y�׷w��Z��X�/4�#�Xu�4�|Amcr�m�-�����ѧ��<�u��hb!��&amp#8;�(�4j�D�j:Q�/9AF�T��&amp#18;�&amp#5;(�r�N/�&amp#8;�जS��rk��)+���d���޶Rqe�+�/n��l��&amp#11;Kϵ����5���ìj�z?�4�&�{�&amp#27;y�,�Bڞ��XIq&amp#29;�����x�&amp#7;�&amp#12;i���>��j�&amp#11;Y�&amp#11;���Ț}�G&amp#26;��z��ɦ��5+VR<H��m����ņ��O�iW�&amp#26;&amp#5;���5պ��֑���-4��
<�2��&amp#31;�ƽa�j:���SH�䳹2�:Ϋ&amp#8;�.�����:�Q�t��-|U&amp#7;��'G�F�yi�xR�{M &�o�n��E�n!�G�ӗQ�����&amp#6;դ�4�%a�JȊ�T�7�N�&amp#30;��[x���lt`�EC��j{&amp#31;޼:�&橾iTi�&amp#14;nҠ�FiҵZ�U��)Srj���zsZ�֕���ay�E��6���(5�;����&amp#16;Y�&amp#15;&amp#30;-�Ƶi�=���j�+�;MR���hW&amp#23;&amp#23;�j�m�̺5��A&amp#17;�G���H&amp#22;/q���&amp#28;��Ӵ�i��E���R[��]�Zõ�mkU'O6B��RMV{[�[Q���G�{+y�k�J�u-r��&amp#17;��:N��I{���&amp#25;-�o�o�%�&amp#31;ٟh�Q�t�S�SX���_�9��|C�\[�[I�xp�?U���N���F����t�������ub�Uԍ��v�~)�|��&amp#22;��P����&amp#30;��u&amp#29;;N���RW�e��-.5/�3,ʕI�T�8R��P�p��:n����by#�r�)��N��s�)ԩ�Ң�&amp#31;{YY&�]��ը����Q�ӕ�wB�&amp#12;:��]>�����%%����OY"��/&amp#29;�V����&amp#11;]&amp#31;�vp�?�4��[�(L�m��c?-�e�MѴ�/_��-Y���!���\Ҵ�/4&amp#8;&�.bK&amp#22;�94�>�{�zC�9o.�=R&amp#19;sio-�ޗ�����E�~ �.��xv��fIE��y���kw:&amp#4;�$&amp#30;+m:m.�[�>�[K&amp#11;;�g�����&amp#29;����s��&amp#30;��I��s%̈́b+m#V��ԯ�&��K&amp#26;U��{o&amp#28;6�VR&amp#11;o&amp#16;[j&�C�˫�[�&amp#22;W&amp#19;ZZ����&amp#15;�P�UX���MƄe
�&amp#18;�-^wJ��I�N�Nq�t�&amp#25;S�i�;NP��&amp#23;��R�M.k;r�.k���5gg��v�Z>[�T6���k�46:��&amp#5;��h�`�\x�M�n�s&amp#15;�o5�k'�-��mP��m�����PI��71^���z����&amp#16;j~+�����k��-�M&amp#30;��MԬ�F��Z�x�I�t����W�G����&amp#18;��PԬ��5|7�k�&amp#26;��z�����&amp#0;&amp#25;&amp#23;J}{þ&��T�-ަ�淨�s��&amp#26;o��/�SH��Lh忻���;�Mq&amp#29;棦غ�7��:���O��'�R���OƓc<�o��3h/���妣&amp#6;���Z�O���U}�j�&amp#31;�&amp#17;j:��a��/]��tA���&amp#30;�t�cX&amp#23;^&amp#23;?�p�&amp#22;*&amp#24;X�7��ۧ8�Zt�U�{5*Ԫ��N0u��ƪ�:��&amp#26;6�+%	�Wh�{��K�����FM�.h���r~%�C�G�~+Y�j����|c�]L�麆��X�uq,�[�Mm���&amp#14;���.��T�:%���2����n����W|&amp#17;�֟�O��&amp#15;t-2����J���u	��u(t�]"�&amp#27;(�+�;->���8	��;&amp#11;K&amp#4;y&amp#25;,l��H�&amp#31;�g�H�M}tO�:6��:��&amp#18;|&amp#19;{��&amp#26;|w&amp#23;����/��&amp#0;&amp#2;i��Ʊ&���j:w����<;y����W�����&amp#16;��$?���&amp#15;&amp#5;�]!�k�w�4ɭ�]&amp#16;M5�Ų�m%�))=ɊH��t�&amp#22;�6�a��0����1�p�&amp#0;&amp#5;`p�8|7�3z��t�cN�)P�(�T�B1�N�mV�:p�"�֕9�:��ӗ%�q&amp#19;w��i'Q�>k:�y.k����PZ��.��@�Ӟ@#x��q�O$&amp#1;���&amp#5;#���=x$��8�<�&amp#7;m4&amp#12;����&amp#7;S��&amp#14;�&amp#25;�<u�@�/8ǯl&amp#1;݁�89&amp#7;�&amp#16;I੯���
�[m��=w�U{�S��=&amp#23;v��'綪�&amp#17;&amp#18;bU�I�8<&amp#28;mr&amp#11;/&amp#4;c�=W�3��&amp#7;&amp#3;h�q�g%�&amp#24;`�&amp#3;w��&amp#2;	 )�p(X��h�&amp#0;�N&amp#2;�&amp#25;,rs��O����&amp#28;�p��$�#Y&amp#30;8�g&amp#0;�xa{�&amp#28;r62�6�W����e�����^��uO���j��ַ�)�i�T�=�W�K�k��r&amp#6;~b&amp#14;Ap&amp#1;&amp#12;�'i�&amp#0;���&amp#22;&amp#12;
� 2��VʀT�&amp#12;$&amp#12;&amp#8;'�R&amp#1;&amp#28;����O*��z���<&amp#18;1�E��&amp#1;$&amp#19;H&amp#20;�r&amp#3;p:&amp#18;1���#��&amp#3;'��@-���������GD�O�u���Z�k��F������e��[��8<u&amp#7;�9&amp#5;��&amp#14;��&amp#18;p1�p&amp#24;����u�!A-�Q��� &amp#14;�#�&amp#15;s�t&amp#7;&amp#25;�&amp#26;&amp#2;󟔑�g�;�&amp#28;�&amp#6;ޠs�&amp#15;���wW������	$��&amp#5;�}wZ_��lnq�<d(�8&amp#31;1�@bpOF�/&amp#27;��R�=�=r~��� �	�� &amp#28;&amp#6;&amp#21;	�&amp#5;�B�F&tfH�&amp#17;#¬&amp#17;�F[%&amp#17;�5g�PΣ ��"�/�:�&amp#3;��Ө&amp#25;&amp#7;�23�y&���+�&amp#0;]�֫͵��yY�ߛ^��ݷ$��[�&amp#3;9P	�E��<&amp#12;&amp#12;&amp#30;Ö''&amp#3;�O`:&amp#18;I&amp#25;Ǳ=��mƗ��3�p@�9n���@�x�^&amp#3;e�&amp#14;GRx�GP[&amp#3;�$&amp#19;��v��&amp#23;�t�~���{7�`�g��i�r�����[����9��&amp#30;����<��8�@&amp#24;9��&amp#28;&amp#14;;&amp#16;&amp#7;�1�rI�a�&amp#0;�H�?���z��&amp#17;�[�8lq�-�K&amp#5;�&amp#7;�npq��&amp#1;�?�=�� c%�/n�=.����ս���V�ow[>��������&amp#14;��1��Cd&amp#17;��&amp#24;��2U��$7A�&amp#21;'' �&amp#3;'9&amp#25;=�ch�)6�r?<&amp#30;�`8�q�q�&amp#28;��rTt��w����~�����&amp#1;���O�ٻ���].�ڳm?=,��ݺ�]��Z٥vҲ�3��?7��O=��)&amp#23;&amp#3;'���9&amp#5;�@&amp#28;&amp#14;��u;	�&amp#24;&2&amp#14;9�ר;���=@�	�&amp#8;�&amp#27;�|c�q��&amp#3;<�(�9&amp#29;2Nrյ��z�o}߽{mv���&amp#4;�[�)|��o��Mu�[1��,C&amp#5;f&amp#1;L��A�&amp#0;&amp#19;�*K2n�&amp#21;�����~5~���ڟ&amp#14;�!�Z��|]���V�RI.�&amp#23;�&amp#23;��2Ү�5/&amp#15;xBk&amp#31;&amp#21;�&amp#31;�?&amp#20;�&amp#18;����w7�����&amp#26;W�G�t�?C�&amp#22;��3A�L�,��ٞ���=s���&amp#28;&amp#2;}�&amp#17;�&amp#21;Zk;K�&amp#11;umop#fh��G'�^9a��z��x�X�&&amp#25;�w����}?	�&amp#31;���<t���6�:N�l&c���J�jJt��
��^��&amp#23;F���&amp#6;ܥJ���Z�%&amp#27;[�m�����ݫ]J�&amp#0;�&amp#31;�w�%��'���&amp#27;�[�^!�ѴM&amp#2;����6�&amp#22;�/��Q�j7&amp#6;�u&amp#29;+�~&amp#16;�ο�&amp#5;]��m��&amp#30;�埌�oA�S�ޫe&amp#5;�Sx�Z�3Tc*�&�Q#�&amp#26;�DF)&amp#25;�B�H�&amp#22;�d�bq&amp#22;ɖ&amp#18;�&amp#19;}�)d&amp#22;�&amp#30;&amp#21;���?��$����\�s"D�ʺ����[�,Ry�f�ܳ�4{.Q��U�A&amp#8;����&amp#11;-&amp#30;�A����-��GO��&amp#27;Rt�>U����T��xa�&amp#26;�ȷ�t�H�}N���&amp#31;'N�L��ﭱ�&amp#12;�&amp#3;�f�1�VSK)�V�y�&amp#20;%�G��&amp#21;%^�8I�ӕf�VTh�O�5�)FRqi'g}�+KF�w����=.������&amp#25;&amp#0;&amp#30;�ӦX&amp#12;s���&amp#0;�&amp#12;��*	��q&amp#23;�&amp#18;�a�;�U�!f���(Rp]&amp#24;���&amp#17;�WR&amp#29;w��v2�1ܠ�b�&amp#23;y&amp#14;ۂ�*��#k8T.�����~%x#�?&amp#16;|q��D��5?&amp#24;�:��%���G�������~4�W��ͦ�&amp#4;&amp#23;2]iW����\j�v��@n������x$���(ЫZ&amp#21;�N��G&amp#11;J5�&amp#18;�e%F��G&amp#15;&amp#26;�&amp#28;]�	V�F��&���B�����^7���j)_v�����Q�ꋻQ�&amp#15;����GRK�[�k]���[��&amp#30;��;�gq&amp#12; H���j�����&�m㹼���o���
C�M]x,X~Ͽ&amp#12;/�Kk��/q���]��e����4��x�K�4�uMJ��X���i��4�ӽ��?G]SD���&amp#29;ſ��M�3L�e���>3ԥ�[?&amp#4;�&amp#23;���2�F.56�u��T�Zk[&amp#8;/c&amp#26;}��u���-&amp#4;�2��7��?��&amp#29;}�'x��&amp#30;=�&amp#16;��]�5��8��/m|7qv�Q�署�7����a�o&amp#12;j1_.��[���&amp#18;�.nu;�>��;�&amp#15;�&amp#3;�F&amp#25;���y�eS&amp#1;�Ռ�P�^ƶc^&amp#11;��W�SXZ&amp#17;UT�j5*�qn��#��Ti{&amp#26;oޝ���x�.qoK�N�+�\����E�U��e����&amp#23;�8Ү<o��k�%K].��j&amp#30;&amp#4;�5x4�&amp#20;��E����&amp#0;&amp#16;�<E��vshڷ��[�&amp#15;i�&amp#18;�&amp#27;&amp#24;�ku~=+��&amp#0;����ÇS���A&amp#31;�_�w&amp#18;[|=����|5��^&�&amp#23;��մ�&amp#6;���g�l|k�j^/���&amp#30;��&amp#23;X��&amp#31;�Eg�&amp#0;�v�F�և�X�K��{�B�+W0&amp#11;{�m&amp#15;�&amp#21;��&amp#14;���&amp#30;�o.,�5��i&amp#26;m�ޟ�i�W��7�����6��]j&amp#18;�@[=&amp#7;K�&amp#22;� �g�o�&amp#17;?h�/&amp#3;E&amp#23;�cҢӭ�5�����A����]e��x���&amp#26;�z��:|:����}&amp#19;_��/��(m�u�%/�Y&amp#14;�&���d�*�v+&amp#25;�T���P���&amp#25;F1�U*��!sB4�Iԧ��&amp#21;Z��zj���uU_k��ԧV4�Kޔ�&amp#5;�5�t�^��j��4���~�|;�ď��&amp#14;��~�Y���_��g�&amp#27;&amp#24;�y��->��B�5&amp#29;k�Wڷ��x�&amp#29;�υn.5_&amp#27;Z�֟&amp#21;�9y�떖�ci&amp#26;&amp#14;��}+��z.��x3�~2�,~#��<!���k���_�z펑�]J�O�|%a�I��&amp#22;|7�EѼI�=V&amp#27;Mf�÷�$���_xgL�N�@յ&amp#8;`�c�^&amp#26;�u-��aӴ��h��[�ZZZߵ��Zд�&amp#23;Ѭ���[��Kak�����m}6�$֫v��?&amp#29;�'�M_G���&amp#0;��%��Zo�d�H�5E�&amp#4;&amp#26;����T�G��ҼA�Zi��߇�=:�����:&���sy��i�p�?̘|�	��eB�&amp#22;�&amp#2;��b����1��p�%�*��֩8J&amp#14;rn�j�x�������s�&amp#24;��+(E�u��]��;6�'�ܾ[����ϋ&amp#26;׀tf�<gv�/��'q��[���|&amp#25;�&amp#17;�ڎ�&amp#22;���xw�k�&amp#31;&amp#16;j^&amp#28;�N��j&�-!�"���2���[����~��&amp#5;����e{�[�:_��y4&amp#27;&amp#25;���&amp#19;X.����ZL&amp#26;���=/P�o��]^y584{�<&amp#25;q=֛qkwmm�[ihm�&amp#0;&amp#31;n�*x�H�|W���^8�޳&amp#14;���>&amp#26;�?�>#k�����u�^h�ׁ5%�#x��MN5�4&amp#29;'E�u&amp#15;&amp#8;�b&amp#27;�&amp#28;xv�U��&amp#15;�&amp#26;�������&amp#14;��6��j77^&amp#20;׼B�$;�&�l&amp#24;_&amp#23;����N��M&amp#12;�^�w�z&amp#12;�Ms&amp#5;�u���T�7O�Ե	�;Y>���&amp#24;a��7�p�\V.Q�&amp#26;teK��իN�1xybc&amp#26;��*�R�J�[*��+a�8���֕T�T]�(F�'̷�פn��mS��&amp#18;�e�<9s��;ᖅ�jV�~��h~-�v��m+�&amp#26;F���bSky~�������
5;}r&amp#11;_i����&amp#8;n_G�4�&amp#3;�&amp#26;v�^��>>>:�_����)&amp#22;��_[k3D����h�ױjVVڅǈ�^��w��AW4��Ƥ|A�mVy��oͶ����^&amp#28;��m6��R�ң][O�V�&amp#29;&amp#30;��oQ&amp#18;�b�C�m5�C]�����:��&amp#14;�&amp#23;�:&amp#24;��.--$�[]&amp#30;�n;X����<C�h&amp#19;�ޥ���D�lK�BҵO�px6���ЪG��/W�� �ǎK2�_�n��NEԵ8&amp#12;�A�k:&amp#21;��a�B�G��a}�j��jҪ���^�!%&amp#7;�^��&amp#26;1�IT�%(�uj�A�^MI�A]k&amp#21;w;�u��[Wz�k��,&amp#18;.��)�o �S���L���&amp#17;����>l_�&amp#16;[ݶ�uޣy�6&amp#23;&amp#17;j�a���ѧY&amp#30;����k�k�G{�j&amp#11;�b�P��-:��:ƥ�&amp#6;�6p%��&��]�[�X6�k<��dזZ���Z&amp#29;v�|��mkRE&amp#22;^"Mq��(ntq�h�&amp#23;�-ng�oV�H���2�Vt�Ks�j�&amp#14;�&amp#6;�6�h��5����,&amp#29;�����&amp#26;N��i�V�0�,���G�s�_�&amp#26;ӽ�����Ͱ��&amp#7;�uI&amp#31;@�[JST�uqjt�4�QO���㏇&amp#19;��N^�N�z��:n4�U_y���Q�(^J3���Ei:��Hʩ�2K_y�m��l�Z��wWnM&amp#29;^��K?&amp#19;�x�/��a�|/�-7O��ú��������j&amp#26;|z&amp#20;�Y݋�?�����ӣ���������l-��o:�CSyb���쬼1i&amp#20;z~�=�g�kK&amp#27;W��w����7�"�&amp#12;7:�������6:T�N�}���^^&amp#31;F>-�s�~&amp#12;����H�!�&amp#12;��D��Ι���h���o�E�D��z�Z֙yi��&amp#31;�����4��&amp#22;&amp#16;闚Ά��o��&amp#18;�׺&amp#23;�>$&amp#11;(u�&amp#14;;K�����C�q����S���&amp#26;�ϧ�M{g-�co��wV�ݬZǈ�o&amp#17;k6>&amp#15;���&amp#12;n#&amp#3;�櫈�J��&amp#24;(a)օLtf�ӕ?gFN
�,S��=��MS���.tҝYWg[����j�oow�&amp#20;ti6��&amp#0;xc��7&amp#26;&amp#30;�w��ំ�1�Q&amp#26;���k&amp#11;�!�[�j���:?��ll5m&amp#27;L�����Mo�Zf�w��~�M&amp#19;K��9�>��'�&amp#8;���&amp#11;m.���m&amp#4;QAo&amp#5;���ik&amp#12;1�٭��&amp#17;đ�&amp#16;�&amp#17;�&amp#8;&amp#20;Gira������l�J��X)��c
�&amp#4;$��+4chd��&amp#22;duW1[�&amp#27;�I~�&amp#18;�fi%%&amp#26;Xe�I���6'�0��&amp#5;&amp#11;	X��^3&amp#26;|&g�T̫9{:xz0r�Ti�k��S�RM�V�g.j�TiAͿeJ�%
EE$�]V��v���suwi&�d��&amp#21;ǖ"G&O>5�X���&amp#20;+�:&amp#22;&amp#4;&amp#18;Le&amp#21;Ab�1�ٷ�r�D�9a&amp#17;�����*��&amp#27;&amp#8;DXR7o��*&amp#17;6���+I&amp#30;גM��&amp#17;rC4�7&amp#5;&amp#3;&amp#30;[���̀U�&amp#27;&amp#1;�k&amp#26;�̈́&amp#26;��m&amp#20;���K{!o
��ò�Q�&amp#18;�eek-�����E&amp#2;����$�G��-^{���%&amp#8;��D�QNRv�j0�W3���*�m�&amp#20;�Zw&amp#8;��&amp#27;o&amp#21;v��r�����o�o�*9�<Os&amp#7;���{�����֯��m�0�������]I-���7�Q&amp#21;�/��&amp#27;顴�-��~�h��j-��&amp#18;���+�R���U��Ե7��Uԯ���+qqb�T&amp#22;zl�E�RK���a&amp#12;RG?�j�{��Y��n����X�\�wZV�w.�aku���|-�/�������u=6�g��X"&amp#15;g����:&amp#4;�&amp#30;�goo�?*�D��Zۥ���q=��[.m���5��z�&amp#16;=���E-��&amp#21;��e�ãס�xlM&amp#12;.*���R���n2jM��)TP��+J<�&amp#17;��wQ9'R2��&amp#7;e̢�ROg$�N�7&amp#23;�i�vڻ|ҫ2G&amp#18;�`��.~�&amp#16;&amp#15;h�,�#B�'�V�7)u&amp#31;�&amp#23;�%���&amp#0;iT%���5D�ͭ����౴&amp#15;t�����$&amp#30;e���<��k�w�Aw&�io&amp#20;�:��m�&amp#25;.b�]��4�(C
���&amp#18;W&amp#18;L�%�;G&amp#4;�"D�&amp#8;�XX��aqn�5����B��~0h&amp#15;�&amp#14;�x~���&amp#11;�w�^&amp#7;�n�.���u�&amp#1;'���=�Λw����E�۠Ӽ?���u�bE���`��B�����2�ٶe��(R�Yb�&amp#20;i�C�R�?iUԬ�ekQ�	�m�&amp#26;j��f���)rFrm{�Y��%w�3I%ݽӓ?3�!�V�u���ZA�Zi6&���{�&amp#20;6���&amp#26;�&amp#0;���>(�g����?o&amp#31;��ԟ_��&amp#24;�K/�t�E��o&amp#14;�<�&amp#15;����&amp#22;�U���&amp#27;ᾀ��&amp#11;���������;��t�<Ey�j�曪�1\�Z\z���>����P�/�4�&]Y%�T{����?�?k&amp#11;�2�V�q�+ú%΋s�����g�I�� �=�Z��4&amp#1;��&amp#7;�&amp#26;���M�^�:��<&amp#23;�k{/&amp#17;��&amp#22;zo��Uku��ۃm�C6�7�%����v�~��b�����5MCSX�&amp#24;��|micfn�LO�]]�&amp#31;mm
͗J�e���l��+\�&amp#31;V�����&amp#21;<&amp#6;H�Ӄ�&amp#28;�ai�7&amp#27;��l9�2�s�s��&amp#22;"���^�hӭG&amp#23;9�W�ԉ���瘝�޾�g4��*O���4y�/v�z��;�&amp#31;M:���o&amp#17;�<�j^%�-N����&amp#11;}*�&amp#11;�&amp#25;4��3E���D�H��Q&amp#24;����&amp#23;����&amp#0;b��GL��n�E{&amp#5;��&amp#28;�&amp#20;}g�k&amp#5;վ�&amp#29;ރaw��>&amp#31;�NM&amp#7;�h�ږ��.�����h�&amp#18;�&��M��E���&amp#19;R:�v5..n�&amp#11;&amp#11;���%���y`�kk]&amp#5;"�O�f��К+��o�{�,���&amp#11;��[��W�^)[M:&amp#29;]����&amp#25;�ֱ.���&amp#23;����i�<6V�P��m���&amp#22;�w�&amp#29;�&amp#18;x���&amp#29;Zvѡ�໸���Pӣ�/<9u&amp#23;��x:���&amp#17;tӇ�����&amp#26;
&amp#21;$�e:p�(ӄ]j���rƭ7&amp#23;J|���M�sY�%}e6Ԯ���n	%��N�FL<{�/���<z&amp#14;�}�m`ۿ����Rj��sy{i�}&amp#11;M&amp#26;<&amp#30;&amp#31;ִ�oT��K�&amp#16;YOj��i��?&amp#23;5��(�Ĳ&amp#14;&amp#23;Ğ&amp#6;�����O&amp#15;|F�<&amp#19;�kvv~4Ь|Ew���a�j:���[&amp#6;��Kh$�ӳc�)ϗ��ʞ&amp#21;�&amp#26;֙9�d�f&amp#31;�v�����>:|Q�t�&amp#16;|a����U�8��'���&amp#18;<ke��&amp#0;
�zY�����_�^�ɸ�v�ssg?�a�$ѵ�|1��|]�&amp#15;�}��|Q���3���x�C�~��&amp#23;�Y�'��]�̖>"�>�ge�&amp#0;&amp#8;�j0���RF���Ou���Ⲿ�ӭtۥ�~&amp#31;�|�&amp#25;��ȲL&amp#22;&amp#23;&amp#21;�ex\l�l�VQUq8
XgG&amp#5;&amp#8;*ta��W&amp#29;��&amp#25;V�u�x�S&amp#8;aa[&amp#21;S��`�ʒ�Z��V��*4,��RrR�Fܛ��JO�o��e�ܜQ��2�u�&amp#12;�gB�>|��&amp#11;��&amp#6;�&amp#6;�&amp#30;�c&amp#12;���i7:ͷ���O�4�K�f�&amp#0;I�m�ks�����]s�?@Kq}�+��cZ�$&amp#23;���x�%�-�B{����N���b�����J���&amp#15;�����J՚�V֯�����K_;��M&amp#19;LӴ+�$0�w��&amp#0;lE<0E�js�.��n��"Y�kx��6���[(-�n.��{F����Q���z��|-&amp#5;�&amp#3;��5+��D����Y�u�U4��ׯ�Q��Q��j&amp#26;��7�ĺ���&amp#22;+x.�pCk�Kg�Z�?)�bh{\N5�&amp#20;�9M¼(�NT+b%8��ӓ����i�ӭN��������Ӕ(���&amp#17;i���\[k�[H�=Z��I����&amp#16;u&amp#15;2��K�:���]��v&amp#26;��$���&amp#15;&amp#23;_Aic��xc�
�4�o&amp#18;Z�z�kGFӴ]o��ͧ�Q��&amp#31;��D�����&amp#17;��ƻK�kU�&amp#18;H�֎�&amp#8;�x�{�"o&amp#15;�&amp#23;_�V��Ď�-z�U�R&amp#7;�!�&��4�&amp#27;&amp#27;ۍyt��&amp#31;&amp#2;xV�;&amp#27;K�&amp#23;&amp#18;Z[�V:|�ڍ�&amp#29;�}"&amp#31;&amp#11;XX�G{�5e��:g�n�>٦5ĉ�ZjZ��cq��G�&amp#22;2��w&amp#22;1%���-,�&amp#17;�/Z���PKh��{;]F�&amp#6;�-Z��&amp#29;WO�i���CV�����&amp#26;���&amp#0;����Υ,'��B3�S���-H�K�8r��1��hRS�&amp#8;*m�(/k&amp#11;�vr��+FM��uy+�)I�{K��i�^�m�YE&amp#17;��/���d��S��[���X��f����te���-u�&amp#28;ϥ���Ai&amp#21;�&amp#0;�"{F�^�mma�N�����&amp#18;��YY�V�&amp#26;�S�[&amp#11;��i�&amp#16;��[	��A�-���_[�+���cj�	��&amp#5;��ZM֩����[Zͪ_�َ�&amp#27;;c&amp#7;Z�����Xl/�-.향>�&amp#20;V�]�޵q�%�&amp#30;MŸ&amp#18;&amp#11;�uy&amp#8;g�t�M,��ma�L�;]?Ű��mz�6�&amp#6;6�ZM�ڄ���&amp#26;t�v��&amp#11;��rA�Ugy�$� �?rw���&amp#16;�ɭ5&amp#21;�(J*���R�:�.�`�&amp#29;��Z�T���o����M�׽x�j�>s��f��h�Ӿ�g��&amp#21;��YA{n&amp#27;M!.�&m?V��&amp#22;�uhֶ&amp#26;n��4S,ڂ�z�Z���Gg&amp#22;��&amp#30;#[Ь,�Ms�Z�ڌ���V�{a���e����0��x�˧E�kS]h��b���Z��!&amp#20;sݬ����SJ��%��K��BKD�״&amp#3;O��#�&amp#27;iZ3j^~��i--�&amp#22;�Z��&amp#31;h���$��m,��O&amp#25;]iZ������:����&amp#3;K�-�M&amp#26;&amp#27;{�?�&amp#19;�7V��Z&amp#21;�ޣx��&amp#26;�ւ�&amp#27;&amp#27;M)�?�\�&amp#11;]J{X��&amp#21;+,MZ�Ug&amp#26;�%NU*&amp#19;�����$�*�i;SV�Ni^PNR�MY[�Z�+6�+}����j��K��&amp#5;�i����rl���4���j�KY&amp#18;�U����? iw��&amp#26;}���R��kǫk&amp#31;�7W������&amp#18;��O&amp#17;�&amp#30;�|C����vgJ�$ե��6��&amp#24;�;��&amp#26;����~��1�]'U�^KhN�ou��&amp#31;G��?�t�V�Gҵ��q��Ʀ�}'U����O&amp#5;��:v��������C�Ͷ�u&amp#4;z_�opl�@��]5�𦯪�&amp#7;Q��)W^��3�z���tѡ��s7�5��B&amp#11;O�&amp#22;qj&amp#26;���j�&amp#22;��Z�&amp#26;�-�?w�Xj�3/���E�N�f���Ԭ|I���?&amp#6;��<%)B��Ԕ�&amp#5;:3�r�V�e:��7��&amp#4;�&amp#21;*rn��8*QIx��j�{�r�t�x�Y5��{tI[���π|1q�O���k����wS���*�k&amp#6;���-4&amp#7;k������~ M&amp#6;�}�{�3�����&amp#26;��&amp#26;��}��^.ԑ�f���ي4�&amp#22;$R�Ĉ��0U�&amp#6;&amp#8;���(&amp#24;�e&amp#4;n&amp#7;%��_�&amp#0;&amp#4;��&amp#15;�o�&amp#19;�&amp#21;��'���7�5�&amp#0;���Q�[�}C\񍖑�%Ž�C��:&amp#4;�I�BMm�hږ�y��-m&amp#6;�ֺ�v�Ң�7�'&amp#12;C&amp#17;���&amp#12;nc�&amp#16;���k&amp#29;̀KI_�x����O���W���(:�K�o1���M4���¬"�5��-¤c4�̶&amp#28;�jJ�&amp#0;ğ�J1�t�{��&amp#0;�J��L&amp#23;��<&amp#30;��'�8$d��g�	�&amp#0;����v��г��I\�B���&amp#0;��4�&amp#12;�c ��$�`�A�''&amp#4;�4&amp#12;��8<&amp#28;��&amp#15;=�;A�1��A�������~'����Ă,yI��&amp#20;&amp#18;?&amp#16;��Cs���e��2$�񲣣��#&amp#5;de`�+pU��d&amp#21;� �L��Jr&amp#15;����p�����ӎ�&amp#21; ����&amp#14;~n��9�g�>n�=���&amp#0;�T���^�
_Í���w���t��w�vJ��&amp#28;g�H&amp#0;�1��&amp#7;s���R��9*1��&amp#3;��~�<g����i&amp#23;�\��&amp#17;ߎ��ČpI�	f&amp#12;@jn&amp#15;8��=NO/���|�&amp#6;&amp#7;A�&amp#1;���>�&amp#0;���RK]�Q��OMo�K�[��N^���A��yf&amp#7;��&amp#4;�g�w&amp#12;����&amp#0;t������A�g�q�&amp#4;�j�Aʕl&amp#1;���w��C0�*&amp#15;&amp#25;&amp#24;$�y�z��Os�x�_RFI������&amp#11;;ikyu�=��߮�����&amp#18;&amp#6;�m��v�&amp#1;�}&amp#15;�8$d&amp#6;&amp#8;��c,q�	b[��&amp#18;I'���&amp#28;&amp#18;~�/L�F09&amp#0;�NJ�A�F�&amp#3;��y�&amp#20;&amp#0;&amp#0;&amp#25;#'�f��9bOQ��߂B������/1$���{�ݫi�O5���`s�s�����rO8�Ќ&amp#16;1�2&amp#18;y��&amp#17;���خ	'��9&amp#28;��v9$&amp#14;é8 1�ppH��##q�&amp#3;p��&amp#24;�&amp#18;0�w���@&amp#7;��X&amp#2;Ìc<��X��Z�w���Q�z�Z�'�ގ��uK�ڻwms����&amp#12;x��G;�&amp#7;�&amp#0;I�?O�;z��&amp#28;��&amp#18;&amp#5;!�Q�������z���2I&amp#20;a��&amp#28;�}&amp#27;�&amp#28;�I={g,r�֗K�O���׵���3I��������}Sz+���i�&amp#15;˜�̎>a�Nx�<�I�	&��#�'ݰs�G=�&amp#6;^s��X�X�Hd&amp#27;&�\�<�9x&Yc&amp#5;��&h٢&amp#2;h&amp#24;�.!�-�c��I#i�@��2O&amp#3;�78��'�Q�&amp#6;��W��ͷ�k�ӵ��|�D��IY��G���7���Z��w00zs���q�{c�O&amp#3;��9U��}:&amp#17;�&amp#4;�&amp#19;�9�O^&amp#14;N&amp#19;�&amp#15;��&amp#4;�{`��p&amp#14;s��9���2?.{�&amp#28;&amp#12;1-h��Z�}5M?-֫�i\[��|��m,ߝ���;��KT&amp#0;d��&amp#24;�&amp#11;&amp#12;&amp#6;*�ʍ��&amp#0;�*3�g�Ib��&amp#6;q��ћ9�8�&amp#30;�8 ����?�g�'�q�O%q�9P8`9�&amp#14;��0��s�&amp#30;&amp#7;r7&amp#26;&amp#22;��k��j�;���u��W���k٫��]�w�uݶ��F&amp#14;1���pG&amp#28;��&amp#4;&amp#28;c&amp#0;�	\�W��&amp#23;O��&amp#19;x�_華M�h�ƺ&amp#5;�1[ɨG�?&amp#0;���&amp#3;jz@�t�]kB񇆴-oC��ŴZՎ�-�0���`��2:&amp#3;�3�=&amp#23;&amp#7;�N3�$���$��g�������=&amp#22;�X�.�{&amp#19;c&�m&amp#14;�s��i���&amp#2;��Mk��:��9��5&amp#8;mt{��.��mrۧ&amp#1;^xlf&amp#23;&amp#17;J�҆'Z.U}�r�^&amp#19;��s�b����5ys�Q���e5ukk�u{z���m诵�z#�}��C����w/F�̛���&amp#0;5�&amp#31;�<&amp#23;s�[�G�&amp#31;&amp#22;x��&amp#31;&amp#20;5�?���֚&amp#4;Wz׆5&amp#31;�&amp#26;<�k�� �4�&amp#29;	oS���(�_&amp#17;떰�E�j~&amp#28;]&amp#27;×���&amp#26;���iW?HX뚦��]k&amp#31;&amp#17;���&amp#28;�-SS�D����KL]>&amp#21;�zo�Y�][H�&�\�&amp#6;�/�>ݢA���}��&amp#0;�4MK^�]7W������ڟ
�&amp#28;x��G�t�J���&amp#2;�&��7��=29��&amp#19;���n��?�[�i&��^k�ޫe��"&amp#27;��&amp#31;_���V���J�$��o��&amp#30;?&amp#23;����hB�,�P�e&amp#8;8��+&amp#17;M�`��߬�&amp#30;�mӔ�{&amp#25;Juy��g��&amp#18;�Ӥ��N��d��j-F�ٿ�+��&amp#0;&amp#29;�&amp#29;n>!�f_�zW������v&amp#30;)񵮝&amp#30;�.��y��t�&amp#26;&amp#4;��&amp#23;61�h�\�&amp#3;����Og�ӼC��u��v�-���&amp#29;ޱ���>&amp#28;���0xf�J��u]Z��_B}6E����k�&amp#18;�s�G-���Cv�]��$�&amp#3;A�N/u+��mc�&amp#26;����&��������>*�&amp#22;�}k��r�ڝ���5y�S�x��t�-g:蹶o&amp#11;i&amp#26;�f���|B5[�;úK�_ö��������+�-4�
�&amp#6;����Qa&amp#5;���&amp#7;�m��l����;�&amp#7;Q&amp#22;�]�]Z���&amp#22;�<u�3��ܿ�|9���{#�eTaFT�8U&amp#25;�5&amp#26;x���8�qTۍ%��$�&amp#24;��&amp#20;��&amp#24;N\�&amp#15;�rs�:���j�K��|��ᾉ9)]6���f���Ɖ�]�hc[���F��&amp#23;>>�_�����ۿ&amp#24;j�&amp#31;�4���+�?��^!צ�?�������^jz��izޣs��xG�<C��&amp#7;��&amp#0;��'i0]�:我i�g�(���b�i���Z����ޗ��zU���i�ǵ&amp#7;W��_IC�_�}&amp#1;-���e`P?�5[{mKCO&amp#26;h��躦��\_xG�GI��|7��ÿ�&amp#5;�:ƽ�k�����_�>&amp#26;�#�&amp#20;PZYJ<��&amp#23;rC&amp#12;����I���=f��[s���N�4��9����]�6WwB}&amp#31;�I�5���t�&amp#18;��d4��\�/��05�:�jөF�:�R��jFT��]ʕ�)�Q�2�V�"��©�YK����J
&amp#14;2�k�Ǜ��Z�r�m'-�S��\���7��{�Z&amp#14;��)���z&amp#28;3&amp#15;&amp#15;]%ލme�u����$����:+iw�)��˦h�&amp#23;�7m}ce&amp#11;�����h�&amp#30;���0��&amp#31;ÿ&amp#3;j��8��X���t�&amp#0;�&amp#31;&amp#15;��/�si��o�&amp#14;�c�'\��Z�J�c�L��2xd�㨭5mj�Kү���_ȿ�w�d?	�Ym��&amp#27;�\��C�zn����V����u�7�i�}rk닛kH�e���W�|Oqi,��eM�������&amp#15;�?&amp#17;|1��c�/�&amp#29;?[��rx���[F�⟁F�g�\kz6�k��&amp#0;a�?Y���|W{��_�֐���Ǘ�&amp#26;�ዋ&amp#29;sF��s�&amp#26;��|aR�&amp#6;&amp#20;�C&amp#26;�K(�%�&amp#15;�}a�~7&amp#22;�R�-:��ҩW�4�*U�c0Ԓ�R�(J&amp#24;�4����&amp#26;���{�=tqU&amp#26;R^��d�q��>&amp#12;�<e�x�K�����&amp#29;�Ǌ�&amp#25;u��{�&amp#18;x�[��&amp#23;�&amp#18;���m���&amp#25;��햋⟈�&amp#26;e���_a�<E}�M�k^%�5��m�~��&amp#14;�ɴ]&�L�BM;S𦟤�M&amp#28;wGF��K��z��&amp#29;ާ�,1Zhz~�c�=SF��m{\�����:�&amp#0;�.b{{�mO㾁�S�i���LO���<S����&amp#27;�>&amp#12;��ǉ��#�k�m/�&amp#23;�&amp#19;|!�-?��&amp#31;�l�t�Z�弗�&amp#23;��i&amp#7;�&amp#23;Vo&amp#6;��c��/���&amp#23;�&amp#31;&amp#27;�;�|&amp#17;���Cּ)k&amp#30;�6�spo��4�ڙ�u�sOA�&amp#29;'U֧�:�����&amp#18;���hV���ޗ�h���&amp#26;��&amp#12;�&amp#7;U��Ч���a����0��4��R�&amp#11;&amp#25;��j��Uj�pԱ�L={׭K��&amp#11;VX�JR�O��&amp#25;Rq�iΝ&amp#7;
T�ݹ/vUS�� �f�.V�Jqpss�4���^�W�]&amp#6;���4�"����Oy��&amp#5;��:D�zh�kwe&amp#5;ޘ�d�cs{oq���]h�&amp#15;���+&amp#11;ǏYx��&amp#31;^��� �iq���C�M1mo���i�çC{�]X�����������������A4�&amp#29;C�&amp#23;Z����&amp#0;iXO=�+��b��&amp#25;��h��r���a��j&amp#11;��l~Ѫ�V77:\�&amp#0;��]x~�Vՠ��c������	��K��uޟ�폈�&amp#27;�Ƒcyk�&amp#17;��z�&amp#0;O&amp#26;���u��k2�\��MgNM&amp#30;�eƗ&amp#22;�&amp#14;��];O�|Qbڏ��YN+2�h�X(ΥyN��
q��J�59b�jP�JN&amp#20;�ӛ�>zn2��*)�&amp#21;Q&amp#25;8Ƥ��QO}�y��d��{��r>˹��I�m_�gH�[&amp#11;�&amp#6;�e&amp#30;���b�N��<A�jw��3O���e��n<3i��s�Q�	5%{��B�O7��~��&amp#28;����Ǟ8�D�&amp#26;폆����.��M6�}fmkN���-���O&amp#7;�j��&amp#26;N��kZC��"�})"����I�&amp#0;9�&amp#0;e���&amp#24;�&amp#31;��&amp#22;�]�&amp#15;�&amp#22;Z���&amp#0;��_su/�WT�<su�}dj^1��<L��7�x3K��t&amp#23;��Y����IӦM&amp#31;�&amp#2;���D�b����<=c�O�zW��&amp#31;cq}�O�F|=�?&amp#15;�-4&amp#22;Wz�������Ek}8�t;]&amp#17;#�&���)�,��?��~�y��^&amp#24;�sl&amp#21;Yҫ��a�&amp#24;j8�4k�T��&amp#24;�lkJs�&amp#24;ZUi�
xZ0�Tkʧ��)�Mџ��ܺ����򼚲ik}6���OE
�6�#�&amp#27;|�HV %Y&amp#29;�D�4�v�4�J&amp#22;B&amp#3;4�s3O���ԭ���i������M�R�P]Oe&amp#20;�=����;�*[4�&amp#16;Xi6S%�м����{{+�J.�<�&amp#18;��7�� V�^%i&amp#26;&amp#25;:.d�0��lT��$�a�f���:&amp#6;��K�&amp#16;�&amp#22;�n�����&���s&amp#6;�/��&amp#11;�6��_Z^�隆��ؿt[�z����ua5��i�_h�|��&amp#0;:�8��h�P�*՛^���2uk�&amp#23;%�/g&amp#22;����ѩ{���S�J�5*(E%y���;�E��w��t��<A�&amp#14;�L��&amp#26;F����o&amp#7;���m&amp#7;ð�[�z��r �4�-2&amp#11;أ�����5&amp#27;-&amp#6;&amp#11;��.�b�&amp#27;{��쯮&amp#26;Ň�&amp#0;�5�&amp#0;�nXmF�4�	��q�&amp#26;<&amp#26;d�ƣ��&amp#30;&amp#30;��m>&amp#17;���n�}KO����X���QG��sw�^O����&amp#0;&amp#12;��y�xCL��wo.��{ټS'��9��&amp#0;ij�k7�֖�s�h�&amp#28;����F�M��5�O��y/��m5e&amp#18;��<��|a�&amp#0;&amp#8;&amp#31;¿&amp#18;j~=Լ&amp#21;��{X�u&amp#29;;�~&amp#11;�t��$>+��%I��xsW�<(u�7O�#�4MXx7L�𦱨�k�$�&amp#22;����!���c�����u�V�:�j��&amp#14;Y`�TU%&amp#24;V�(�s�c�F�:r�z��¬#79���Q�Z�x(Ԝ#*t�N|ѯR.0��:i&�:����NSS�'&amp#22;�֎��I�LOqq4V�;�-&amp#23;� ����B컧&amp#27;�e� �p&amp#12;�fS
=�t��Ilmn�K���Or�Au%���[�4���0]=���Qi��4ϟ*&amp#21;{�-k�χ�)�珵X�@|&amp#25;y�&amp#7;&amp#31;&amp#22;�n��_&amp#31;d]^�C����^>�i5ʲYk��}�����&amp#29;j+!��\Ce?�uOe�m��-�7�&amp#27;�&amp#14;_Əc&amp#29;�&amp#18;Nu&amp#29;A$��`բ[vh�`�&amp#27;E[�&amp#7;QI�m���M�4y��-:�__,�G5��N�"&amp#20;�YF�od�NX}%&amp#12;F&amp#25;�J5�R���Fn3���jԔ�.J�iad�9S��W4c+�&amp#19;�ӧR�Ji�\�7&amp#8;�Qm�t١h�oz5'Ӧ�S�l���Iⱎ&amp#11;;Y��6�"KI� ����&amp#27;c�K�+iږ�f�z�̑��z'���:&amp#5;��/��G��z���&amp#3;Pѵ�&amp#11;�E���k�L�i���&amp#22;�c�\_XMe�i�mg.�|d���������̚�2�&amp#7;�IpBG����-�A,�����;��K=�&amp#19;&amp#8;���9⸋Ȧ��m��@��n�l-�]f7s�<k&amp#27;�g!�C��ѓ���4l�%���ҥ&amp#26;T�N&amp#16;Q�&amp#31;�&amp#17;�bܥRW����i�j��v�V3����*��M�>U{o��+�$����v��S���&amp#12;�s�"�&amp#27;�F�݌Y�9���i�(b.#���8�y1^�<�mw=������G��K��`����f����MKS�&amp#31;��&amp#2;�Yk&amp#29;'�&amp#30;)�,�mGB����&amp#0;k:���g��Yg��&amp#23;^k�~&amp#31;ѯ�%�&amp#19;�ڥ���=r�&amp#11;_��&amp#0;j�2�Q�|&amp#29;�s�O&amp#7;�o&amp#25;�W��A���&amp#26;��<5���K'�.�I5&amp#29;-,o��tǳ�춳�x��J>%�އ�[H�滣����U���;���&amp#30;�eƃ�|:𞑩_�x��&amp#26;�&amp#26;g�<k��"��7�mZ��F��I��.�&�>&amp#15;Hc�`���Z����o���ׄ�#��D�\�2���R�&amp#25;M�*�r�N�Z����
�#4����
�&amp#31;��&amp#19;�O&amp#25;&amp#8;K&amp#11;N�����(ӕ8{ӽ���s�����&amp#20;�%�rt��"���&amp#19;����'�^2���ľ)���<_��J�&amp#8;4�&amp#18;��5żw�������Y��&amp#12;�6��&amp#29;*+MN�[MPj&amp#31;i�fдk�+&amp#11;&amp#8;�]>���W��V�9�|]�����&���&amp#27;]�����X��E8�����~&amp#31;񶑢��_K���ْj�%֛y�h�m�啼zĳ�i�k&amp#26;�������[�����VZ|D�.�&amp#30;�mu�]�h��}�T���֦�&amp#29;��:5��&amp#23;�W��/ ��HCf�1\iڼ�Lv6Z�Ͷ��Z���i�'��ԗJ��B�A�<syaq�7Eӫ��(Q�F2Tᅣ(ҡN�`�э4�)J�i�&amp#24;Z&amp#20;�ԣJ|�W�ʩS��|���*NR�4��ݛ�s�K�Y]yo�<e��]����XA��&amp#11;�����x��u��{X���.5�<J��Cw�[G���K�&amp#29;t�s�:�&amp#22;sx���y�9?f&amp#18;k�&amp#0;&amp#17;4��&amp#7;�֚�5�&amp#23;��w�~��ͫ&amp#29;S�B�&amp#0;Z�����m&amp#14;�&amp#23;6:n�5&amp#27;F��&amp#17;���j��.��ñ�x�O&amp#14;�:���&amp#0;����_���������&amp#15;��&amp#24;��=�x�]Jm7D>4�nfѧ�>&amp#24;�E�A$�]ST�A�m&amp#21;n4�^��&amp#25;�Vҵ�SC�_�_&amp#20;�5�+�&amp#12;�_�|U���z���&amp#23;S�f�᥼&amp#26;�4�R��J�|&amp#7;�&amp#29;RH Վ���Zj�>&amp#24;���3�e�Y�ͷ�t)<&amp#15;����&amp#0;&amp#19;8�&amp#19;���7&amp#7;��<��&amp#28;&g^�J����X�AG&amp#5;x����δkW�ҕ7<=\6
�~���(q��,L��5&amp#12;=&amp#27;ʄZ�b�Bs^Ѧ�iFJ2wi��MƝ��o�m�Hx�o����&amp#5;Ֆ��˸�w&amp#18;�Fگ��S�iz6���t���k�o&amp#15;C~��ZuǄ~&amp#21;�?O�U�e凁�&amp#8;|7a&amp#31;�&amp#15;�_�&amp#31;��&amp#12;|?�}&amp#15;�&amp#30;*��t9�U{�x��_�D�)��5=bk�&amp#22;��R�P�u�+X�����&amp#0;f��O&amp#15;�����t&amp#29;.��7�{�?&amp#21;��h׿&amp#17;�7x�P���&amp#31;���N�D����u���&amp#11;���ϣ[�&amp#23;�-&amp#19;W�E���ZjB����o�l&amp#29;W]���|C��^4�ڌ����_&amp#19;�V:u��^�gcwi�.�t�'X�4ȗR��M���4��kY���t���m��X����=ܓ"��^I��FT19�+�W�<|�Q����5ɇ�<-jr�&amp#30;����4�&amp#26;��b䡆�&amp#8;��.��f�&amp#26;Pn&amp#24;jj&amp#28;�E�i55���ۊ��J&amp#26;�NR�<&amp#19;����yu}%����+K[�H��5K&amp#5;�"�+ռ�5[���&amp#20;&amp#27;SJ�&����:i�lt����ӵ=2�&amp#0;R_��	^�,u7����\Zk�&amp#22;�ͩx�İ�E��X�&amp#22;K+;��׼?&amp#3;\�_i�r*xwAԵ&amp#24;�&amp#29;F�A�Ϝ|8�t��Ϥ�h�W&amp#26;���]�&amp#0;f=��|I&amp#22;��O=׍d��m[6� ��/��|$�I��Z�i�}{�-&amp#15;�^&amp#25;�]#K�͊�v�E���g�.t��۹%��&amp#29;m�+˩5K�-F���][F�&amp#5;�rYD����.����n���&amp#0;�n&ΥR���H���*o���yc
�&amp#31;j��*4)SQP��'9Eʛu*�8Z7���|�&ޮ6��j�o&amp#31;r�n��4�'R�#R��|)�_���f�7zdWW�l2�hQ_�%ޭ�h�x���k6�>��i&amp#31;��k�y��ud�-|&amp#31;?]�=�&amp#26;�Z��7�6&amp#22;�&amp#5;��m��s$�N�i�,2�=��}kk&amp#0;��%����[&amp#29;7L���8m��H��G�C�-���&amp#3;l&��4�:���ڝη>�&amp#6;�m>�&amp#5;�6��j7&amp#22;�/��s�����K}i�\M�g�=�GR�j&amp#26;mե��ޛ-�Ƣ�w�V���k�+�X��G�MV�����٭n&&amp#23;z��&amp#23;O�5|J�<oM�k��PQ��ڌ��*/,%VNR�����j�� ��I�&amp#22;��ڶ�<��7�V������&amp#29;7T��K�&amp#27;y���u+x≴��5]/�:�ƥqs5͛j&amp#22;Zαb�퍦�k�j&amp#11;f�v���ӤڇO����}|�xWH:T����RH��@��lu;�E�7�\&amp#24;,�I����t<G�&amp#11;˛�I����K(t�rŴ�u�"�?�b֭����CX[^�kVsjk�O�k&amp#18;+K�Α^#٬�]+X�+VeI.&amp#26;&amp#3;&amp#12;s.���<��L�$6�����&amp#21;Ɯ�j&amp#23;&amp#23;��ɪ�֗�u�̶��֗_�v&amp#26;=��ĭ��&amp#27;��S�n*N��R��Z<��I�Tp�)Ӣ�ydԩ�Jr��n��N�{�w&amp#27;ޭ����k]��Z5ys�t�b�f��L�����G�ݳ��GU��('�%o&amp#16;�[Cymiu	���$��kK�5�{[[�<&amp#8;�K�6���3@��&amp#3;�x.=&amp#22;�S���M���C��|Uyk4�&amp#26;͎��Χk&amp#26;騬tˣ=����y ����^#���sj�~��ds����B���T�:������Wk������s�K%�X�ucy%��k%͇����K�!�C��林&amp#26;w�g�������״}F��&amp#30;:�Ԛ,&amp#26;n�&amp#22;�&amp#7;�"ҵ=c�&amp#26;v�-�ηk&amp#31;�M�ׄ�Htk�;p��UFR�T}�&amp#27;��,J�W�T�N&amp#14;7��]X/�8�iJ�st���$㭷J:ZKMU��d�&amp#21;u&amp#29;&amp#27;Iٵ$�B��&amp#22;�c��&amp#30;&amp#20;_&amp#18;^�0��r����wc�x:��A��N�h5GK�R�&amp#6;�n���ku��&amp#17;jrEp&amp#26;�Z��&amp#31;�>4�4�?V���BM*���^&amp#24;�4ˍ&amp#19;S�=��&amp#7;J�b��x��N��i�nu&amp#30;&amp#29;&amp#23;G��g�#�+Ӭ&amp#19;H�&amp#11;���k���;x�{�cW���Ə�&amp#0;&amp#8;����ܾ�n5�[�:��6vvzn�uK-V�����k[i��=f8t&amp#19;i}g�7��k]���^#�|&amp#15;���M�׼O��h��x�Q�z���{&amp#11;�-#�;ú&amp#14;���j��������M0�^]x�Ě��Z��Z�ڛEp�]J�&amp#6;��ի�8������N��&amp#24;(֭.hR�iƔjFJ&amp#21;%N~δ\�&amp#17;�sêܧRPQ������I�߫V���N+����&amp#0;�Q�v�~�ڇ�D�w�H���&amp#20;A&amp#31;�b�����GС�����&amp#29;CL&amp#22;��&amp#25;����&amp#27;m'C�KT�4�&amp#18;;&amp#25;m/��>R&amp#8;��i&amp#24; �Q�&amp#8; &amp#12;&amp#16;y� `��&amp#0;�?��G�_�&amp#14;~&amp#23;hv�}���|)�h���鶺F�&amp#28;��0�?�4�8��ӭZXȊ�%�&amp#12;{#2H��7���s�3��s&amp#30;psЎA�� �J�,��ږy�&amp#25;�kA�����&amp#23;S	̟2���!���YƄ#�_�JZ�T �ф$���)﬽�n�Z���IY;�&amp#28;���t�&amp#0;y�H�?�㌓��&amp#4;�7&amp#3;�p9�rGs�O&amp#25;'�܊&amp#7;q�y�'��p>�w$&amp#28;�P&amp#8;&amp#30;�g&amp#3;��2��rI�}r	����>v�mm{���sk�����k߶�Ӛ&amp#8;�b@s��&amp#8;�&amp#7;8a�&amp#16;N~�_A���׀rs��&amp#8;&amp#31;{&amp#7;$�����&amp#28;�&amp#31;�c&amp#31;��0y&amp#24;��$u�I<���&amp#5;ë{�&amp#7;�&amp#3;��{&amp#30;���&amp#7;��#��]4��O=?&amp#29;o�T����q�{�����/m&amp#27;��&amp#23;���&amp#24;�&amp#24;�,:&amp#22;�&amp#29;H9�22{&G$�&amp#31;)�r&amp#6;&amp#6;�Nw&amp#12;&amp#1;��}�&amp#28;1+��&amp#4;`�&amp#15;&amp#29;��&amp#5;�rrzc9&amp#3;�䆪��FK��$3&amp#25;3���9��;T�&amp#24;R���{~�&amp#0;[�e}�KT�$�y۾�i�����&amp#15;L�}&amp#11;v9�Q�I�&amp#3;�(+�`&amp#22;&amp#24;(�B���&amp#22;�&amp#7;%&amp#31;n�^��&amp#6;	&amp#4;�98=&amp#7;&amp#7;&amp#4;&amp#15;�I�=x�9�G&amp#25;9�&amp#12;䜞���������ԀK���ߝ����w�W��{k�vފ��f�^���d��`�Է��p��z&amp#18;3�i�&amp#22;&amp#12;�������ܤ)�=	#9���7R�!��̀&amp#15;��&amp#16;I&amp#7;&amp#4;�L���'&amp#25;#&�go$&amp#19;��&amp#6;2r����&amp#3;<����&amp#0;X�O?_W��z[M&amp#4;���_++��&amp#27;�K���j&amp#6;&amp#11;���8�&amp#0;�7&amp#29;�spIn9�&amp#20;c&amp#5;zv�N7c�&amp#12;�&amp#14;3�gВ&amp#1;;�4q��Ӂ��1&amp#0;&amp#28;�H&amp#29;	�W &amp#1;Iۂ	�=qӨ&amp#30;�&amp#0;^99'&amp#6;���~r�_&ֽ^�[W��]j��+o�ٲ�{�&��ď�zd�ù&amp#25;&amp#28;�X�&amp#27;�8�>�&amp#7;P	#�8�8�#r�&amp#20;1��e���O�&amp#3;&amp#15;��&amp#0;&amp#5;C|�&amp#7;x&amp#12;9' �;�NA_~@<r3�&amp#18;A<c��A�}���M�g���z���_ݷwm,8p��8&amp#3;$sս�'��I<&amp#15;\&amp#24;;H&amp#29;x�Rxf&amp#3;��H�	9&�c&amp#24;�>�x�&amp#30;���y��d�4g*î&amp#14;&amp#15;&amp#12;��bF&amp#15;&amp#4;r	&amp#0;�R��P��oD�]w�F�/ܺ W��i�~mj��o;[�3&amp#23;&amp#24;&amp#24;�&amp#0;&amp#12;�-�g ��Op�&amp#8;k�<'�&amp#23;�LL^c;	���$io�2<e&amp#1;w��Q��h�H&amp#25;�&&amp#28;&amp#14;p}{&amp#14;	��ۃ���4&amp#0;&amp#0;�c�&amp#7;&amp#28;�bI�A$��ǒwe�^mw��Rv��վ�Uw����{Y�jO]]ݷ�I'{��ddv�ya�����&amp#0;h&amp#29;&amp#8;�&amp#28;�<�=&amp#0;&amp#28;s��<�P:7��^�;��;�&amp#19;���H:&amp#31;�N	��s���89#&amp#25;$.(Z_o�}�k��譵�}n
������ik|���M�˂3�#�=�N�#&amp#7;��NO4(�����H#q���8$&amp#0;G8&amp#4;��&amp#31;�#���>� ��9&amp#3;&amp#20;�8Ǡ�&amp#30;8|v�t �&amp#14;Xd�&amp#20;��vo�KMU���˵�`��o�J�U�{tm.�ZZ��>&Lc����	�g�&amp#0;����ۢ�:��o�]��I�suc���L��&amp#21;������%�Ѽ!-�x�Z�/��Fӥ�r?�?�>��/&amp#30;�&amp#7;��&amp#26;k&amp#23;��<�Ҿ"�7�۾Ӯe�.���ڧ��&amp#25;i�:.���&amp#26;&amp#7;�4]&amp#18;�N�&amp#0;��A���mM��4&amp#23;����&amp#21;������<g�&amp#15;�&amp#12;u��^'&amp#12;e����\iRG��V&amp#23;	=�v/mn�Σ�i�˭�%��R&amp#11;۴��mLY�ǟ�I?��&amp#22;j�&amp#0;&amp#19;|c�����B��QԵ}_��!�o��Y��K�&amp#11;�&amp#24;^>�6�{�x����o&amp#15;xsT�&amp#19;J��B�Y�l�%��:&amp#14;�uag���&amp#0;�&amp#30;&amp#3;��&amp#12;Uz��*�:��ꓥ�x�F�&amp#22;c^2NT��'8a����nW��M
���x��c&�}�^��O[��+�d�v��vi�7�|����u=7�wW^*��-N��L�㱴K���NYn��u���y���Rk;M&amp#31;�z�HԒ=;Y�Ŏ�7�$�]����m���&amp#22;��&amp#14;��ǆ-u�f\X�]�k�&amp#23;�&amp#30;���&amp#19;��V&amp#26;-��k?���WN��MBm&amp#11;K����&amp#11;�}c�ms&amp#23;&amp#26;^�6���5��&amp#22;�wmwg�ΖZ�Zn�ay&amp#5;���V����`�γ2jڥΡ�;�X��M��&amp#11;-�6���zj7&amp#23;&amp#23;�&amp#31;�N�&amp#27;O����~&amp#30;��O�B�����&amp#6;��k���n46�Y���hvq�x����_��x?Y��&amp#11;&amp#25;����Z0�&amp#21;
�Bq�8ɧ(Ss��SSp�u-8:���Y^T�[Q��&amp#8;��&amp#23;nU��W��ܭ��G&amp#22;�M�'��泪��@��3�;-b�V��&amp#0;������e�~<���g�Z&amp#29;�ީm�&amp#24;lt��&amp#28;&amp#15;�j�&amp#0;�&amp#26;>��[���?S�&amp#7;���ۭ&amp#15;[��(|_��&amp#16;x��&amp#0;L�պP����e�/�#��\I����M&amp#22;V&amp#26;��N��i�M�&amp#23;:m���Z���i�����g���5�c\�^��kK3���k�l��֚��u��[V���Ci�&amp#6;��N�&amp#22;ko⨴=4+�y��l��r}WG��)���W^�I�S��_P�,�}E�%o	�&amp#15;M}wy�i�\�M�h�&amp#0;�:���	�Ԯ�]Y��լ��_&amp#17;��zP������ѧN&amp#28;�!Q�P�'�b*�V�J�F.^�T�RTۅ8C&amp#16;���W�&amp#26;��w�i����o�Q�.��K;�{+���ɺ�4�����4�[L���O�_&amp#7;\�n�WO�E����&amp#14;�o&amp#28;&amp#26;V��[�&amp#16;+R�������&amp#0;&amp#16;è_�ɠϨ\\j�����OO����m&amp#11;U�umWZ�̞&amp#2;6v�&amp#18;����iuM&amp#7;SӤ&amp#23;:g������iWT�#�&amp#6;�4&amp#22;>"�uMR�N����f&amp#26;~������&amp#29;.h��"�B��lSX�M6�U�o�4�WS��?���=�Z\%��s�Xx���\\���v������Mim��$2���&amp#0;�>�/&amp#0;�WÖڒi&amp#26;���ss�y<�E�ծ�}�����z~��ͬ�xjZ��e�����&amp#29;�^&amp#30;}6��4�w[&amp#25;x���|!�q�Ru�\<�Mթ�^�ҕf��JSxz.�X�~�Qs�J)_���\�e$��.h)r�I(����O�_h�&amp#30;}[��&amp#6;�g�o���O��G��z?��&amp#31;&amp#26;�g�k&amp#23;�������em�Go�&amp#15;&amp#11;���&amp#26;���&amp#23;Jѵ_
j&amp#19;�Z_���7>�.��X&amp#27;/&amp#14;\��R�~Q�A��W��O����O�~&amp#28;�>,�x�o�g]�y%ޡ����o&amp#19;i��O^��χ�&amp#0;�&amp#31;�&amp#0;�u�K]?T�����&amp#27;���F�&amp#27;��Vmc�^=�Ծ���T�~&amp#15;\��K�׿&amp#15;�m&amp#18;�V�5v�&amp#0;��P��u��t�c�֟&amp#16;&amp#19;Ğ&amp#25;�F��7�&amp#0;&amp#8;&amp#21;γem૝&amp#18;�����Oq�hw7ZO�f���&amp#1;���&amp#15;������������&amp#30;,���&amp#31;&amp#30;x���6��O&amp#15;�N�&amp#21;�?&amp#16;|7w��.�-�Է�'��&amp#29;a��|^��Ϻ��&amp#26;&amp#5;׍�&amp#19;��1�_�>-�s�?2˰5�&amp#28;&amp#6;&amp#2;�7&amp#19;�}{.�c��L$���li՝Z�}�&amp#31;c�1i�kBtjU�L$�$��&amp#23;&amp#15;���5(�UeM��S�3��'+�7�	��|�䕜�&amp#14;ys����|a��t�cF�4[�m_[�d�v�.�y�\x��H��O&amp#26;c��e}oK��u&amp#27;Y�.t�/\����&amp#29;&amp#30;��TX�����	�ߍ&amp#31;�o&amp#6;�&amp#30;&amp#26;&amp#26;�Ǌ��cF��&amp#4;v�_&amp#17;�&amp#19;jry�u���kαCa&amp#29;�Ei{g%�Yꯩ���W�T��|I��t�&amp#23;����&amp#0;&amp#26;A�5֋����&amp#26;��y,��w�:��&amp#11;&�&amp#26;��&amp#0;�v��c�}l�&amp#31;&amp#19;]xF+�V}f�&amp#31;&amp#6;��&amp#27;��f��&amp#23;xSM��1Yi�&amp#16;���Oou>������Q��ght�I��>�����m^}In-l��˻�����&amp#11;&amp#23;���N+�S��V�zr��K&amp#19;	�揳�(b&amp#28;)קR�*w��N�\59ƴ_<#*Nt���ʵ�k��Mh���2����ѕ����&amp#0;&d&amp#31;&amp#7;����o&amp#14;����&amp#26;W��!�>���&amp#0;e�ڎ�&amp#7;������͠jqZ���Ѵ��&amp#7;ĝ&amp#31;X�%O&amp#14;�&amp#30;(�l��@��\W�Y��&amp#17;tm.���&amp#25;Mퟆ�?��7&amp#26;���B�CI浱�򯦰�M����Y�Z��H��#&amp#20;�������m𾛢x���|)��&amp#19;R��5o&amp#29;x���]{O�:���&amp#24;<Aom)��&amp#22;/&amp#11;�j&amp#22;�]�&amp#15;X&�&amp#20;��_n�h�W�&amp#3;E{r�a�yW��K�ɯ&amp#26;;��.��<���&amp#4;x�	!tI����&amp#17;&amp#20;&amp#8;&amp#18;b������>��%
Xj&amp#20;���MU�&amp#25;V�I����)�Z�ڼ�&amp#31;e8�)Ns�	S�����x�����־���\������8�&amp#3;�����|�7�2�p�%�v�]�p-��K�y&amp#11;���&amp#19;�p"�m&amp#23;�^��|y�|U���S�i�)�ϧx�C��~&��b����??�-t}v�@][�b���}/Ķ�"�$^&amp#31;������h�=֞d����&amp#31;&amp#22;i�2�P��_ĺ����zV�&amp#22;��x?P�N�/_J��R�ռ]}e��Zv�tmBO&amp#17;Eo�jZ���]_��;-z-;P���_��1en&amp#27;P�4��&amp#27;jM�x�Ǧ�I�&amp#4;^7�𶟠����W^)�u���&amp#25;RKkko&amp#12;�&amp#29;k�:~�&amp#12;&amp#23;i�kR������[������U(���&amp#25;^Χ���ۊV�%&amp#15;e����S�M,<��ԧ8�g/�a��&amp#23;���~�&amp#12;�ӊk��%w99K��2�j����R���C񍯋�-&amp#3;�z&��I����&amp#11;�J;;H��L��&amp#27;�&amp#18;�[)&�x�k�&amp#18;g�im-ծ�&amp#11;[-4__A���&amp#29;е��-<s�iח�&amp#26;h�z_Z�jv&amp#26;��&��$&amp#3;Tk&amp#27;+[&amp#27;�GP�σN�[=OV��ԡ�Sm��܋&amp#27;�����V��6&amp#17;-��qX�!.�a&amp#30;�+޴�&amp#24;5&amp#11;?;_т,1å��7I�;�W&amp#23;����R=/N�&amp#8;�l�"���&amp#25;���[&amp#27;�,�-FR&amp#22;&amp#24;��l�D&amp#30;m��Q��n�owo&amp#4;��M^�&amp#31;(�HEf�&amp#22;"�*�*&amp#17;��J����N���O��S�4���{x�����ʧ9�&amp#15;&amp#23;O�|��N�`�7&amp#27;K���(�I+m��W,�5��K^&amp#8;�u&amp#11;g��I���&amp#27;x���垧q"\����]�q&amp#4;�j2�m&amp#19;Y��Io��&amp#6;��'�;&amp#5;f�H-��k4�.#�&amp#27;5�bx1t�w&amp#27;C��'��m&amp#20;&amp#3;N��ng�X$q&amp#21;�-��SX�&amp#12;���ْL�M&amp#4;�K&amp#25;��!���p�,mo,�� �&amp#20;:ݥɮp�I&amp#12;��oco ��mB�f���;=FA#0���ͥ�n%���q	�Ō��&amp#8;#�I���)S�=&amp#24;^&amp#20;鸸ŵiA�3R����Q�VqJU.ۂ��owy=~w�r�w绻�廳z&amp#19;��`\^�+��s�4��`�����M��)<�&amp#23;QO&amp#18;H���i`��	���&amp#1;&amp#30;&amp#31;��6���&amp#23;:��&amp#29;gŷ�:����)|N�W�&amp#26;&amp#24;��woge��F���֟&amp#22;����d/5&amp#29;&amp#15;G���ƺ΅���|z���&amp#31;�Em4�Z&amp#15;&amp#17;��V�]_K�E�ʦ�m�&amp#29;ON�%�5����xwG�յ�m&amp#27;C}Z�{�sY�&amp#30;&amp#27;�������&amp#4;_��&amp#28;?ho�z���٤&amp#26;_�hO&amp#16;�(��&amp#30;���&amp#31;&amp#8;�&amp#2;�[&amp#29;��}y�x~�9�&amp#27;^�&amp#30;��kQ=���Ϋ����}&amp#28;��߀d��7��&amp#7;1�*�1��3�\�8Ԝ��r0��9]������&amp#27;�W����)��T���j�&amp#25;$���&amp#21;�6��u��Z��SR����&amp#31;��ƛM[W�&amp#23;�?&amp#17;�����N�s�Y~7x���&amp#26;*��L^"�&amp#25;g�3��]��p�}wd�&amp#25;�t�&amp#0;
ͨX�W���_����[֠�g�1�xwE���&amp#17;�z���&amp#6;����&amp#28;�u&amp#16;k��&amp#18;wմ�I�U&amp#14;��xV�A��5���Ӿ���58<C&amp#28;�&amp#29;cIѵ7��M�f�&amp#5;����F��[��u]*&amp#11;������v���&amp#23;7&amp#23;z���&amp#30;&amp#27;�ot}?]���^�5y����&amp#26;�[Œɥ�7&amp#30;!����Q���n~К&amp#12;�&amp#26;�е)�!���u&amp#31;O&amp#26;O���=�b�&amp#8;��#�:TQ�O�j&amp#26;�Ƥ���'��_��e�
XjW�R�ҭV�H�UŸ�V&amp#24;xQ��&amp#31;��>\&amp#30;&amp#31;ߎ&amp#31;&amp#11;N�a*�aV5<ԛ�I�98�1I4�&amp#5;'ʛrJ֒u&amp#30;�Rz�^J?&amp#25;Gqo�Kq&amp#30;�&amp#27;Xk0\X&amp#29;~Xa����h#Ӵ/7C�&��5�%��G���g&amp#15;�&amp#27;Ú͆�&amp#22;�l5Y�C��]&amp#3;�&amp#7;��&amp#25;�&amp#7;|&amp#23;,���kX�ַ⛛=&amp#31;�J�&amp#16;�&amp#30;*�<A�jz�[����&amp#26;�x~8<7{j�.�a��N�C��O&amp#15;���#��[Yi�&amp#16;IƷ���&amp#27;-&amp#7;��|'P�����i�5ޏk&amp#22;��7&amp#26;U��t{KKh�]OF�-���&amp#2;&amp#11;�
�&amp#11;�GS���&amp#0;�}��&amp#11;�/&amp#14;���m&amp#7;G��<E
^�e��o|O��_m��&amp#24;�&amp#24;[_^�隌V���|M}s��ږ��7���=���&amp#31;}�^'�\&amp#31;&amp#1;��\�&amp#29;�yc��c�*�S��	N�qUiU�ܨ`��7J���lk�a&amp#21;L,T�99^2��N�ϖ*��-,�|�i/�͵-T9�y��������_�O��&amp#15;&amp#24;hz&amp#12;�߇4�&amp#15;J��N��x"���&amp#23;�*�-��v��u�&amp#27;Y��U���&amp#19;K}3ė&amp#17;��&amp#30;&amp#24;��+�&amp#20;�����Z"蟈_��Ƹ�&amp#0;j_������cM�G�<	��_[ֵ�2��:��w�&amp#27;m"��9�k�&amp#18;�R�.�;�iz�������\��v�i��1_x���֗0���
}�X�&amp#22;���'�WO��&amp#6;�&amp#29;���o4�j&amp#15;��&amp#23;F��+�&amp#14;�_&amp#26;���Q���c��7~&amp#19;�c�i�ZI�Y��|C���Tӵ&amp#29;?FO��&amp#3;xsM���l�VЬVچ�a&amp#21;���Oame,>%�ԅ���&amp#28;�"�4�+N�ƣ�[���=��/�P�.�~7®&amp#28;�F�7Ď#�j��z��&amp#0;dF��N�&amp#27;&amp#5;Rr�LMWȧ*�3�4��T�����zR�S���N&amp#19;�pT&amp#21;��I�iZ.K�B6[&�&amp#27;,\Rj&amp#18;gKc�Aa&amp#6;�����R�Kay�h�Ŗ���F_&amp#26;�W�-���^�G-�����;�[����wH�&amp#24;4�>�T�Pь&amp#8;m���&amp#2;�-��Wf�7�%ӭ$�84k�A�O�B�O���mE�����\i&amp#30; ��t�<M&amp#30;��}B��OҴ�dx�P��-��&amp#15;�&amp#26;�R?�:��Zk;g���&amp#29;&amp#7;R��@/�MGJ���>�R�����r�]��m�խ�鏮Y^�7&amp#19;&amp#8;��@�<&amp#3;�8uk;=f��Y"մ�K�WP&amp#23;VwS�2iZ�����{��&amp#3;U���N�G�4�o��h��&amp#2;���[�����&amp#30;*��<<�G&amp#16;���B�E�&amp#8;S�8ӗ�%M�\�T�V&amp#18;��ڟ��R��&amp#12;<��&amp#19;��ˤym�wx';s&���D��nQU&amp#25;���Ö։`R��d�їQ�[c;j��ro*o>��ĺrKl�kYi�ZZj&amp#18;K&amp#22;�����m}�����nd��P��Xo!����u+[3aml&amp#26;���V3&amp#22;�r�&amp#27;��FԮ�|=e}6�s��6����0\�S�RԵ�6�rD��ɧ"�Q�[��/�]|\�&amp#11;c�����t�hl����a�in5&amp#24;V�(5&amp#31;E&amp#26;V�nڍ����|�rXǭ�-ņ��_=�[��&amp#26;���M��H���m&amp#5;��&amp#18;�d]8�@���c��ҽI�R����M({X���JK���Q�W�&amp#27;�J�r�׻J	Fɥk7����VV|ͫ�wqr�r,h��-���&amp#28;�ho|׳�oj׌&[h#�nR��l�u��6��x~&amp#15;&amp#18;�H�w�5	�]Y�k�e���w=��i��Z4�e���L�xb	4�� {����,��.�r�]�m����7i<��&amp#22;��v�����&amp#0;af���G��J���&amp#2;Ke�ܶ�&amp#22;�^5�hW��&���R���&amp#17;�&amp#29;N&amp#27;&amp#27;&amp#27;&amp#24;��5&amp#2;�}&amp#22;�eouoeeun����k��ˋv���k뉮�F�&amp#20;%��E�m�ԭXK&amp#21;��&amp#11;�Y��m��i�&amp#21;�0�X��Ƥ`��y�qu&amp#28;��.W���+���RNSs�h-�e&amp#23;��K�N�MZ�{'&amp#27;�՝��[�R3m}/�-�I�]:Guk���_�?�t���X�ƺ&amp#14;�c#k&amp#16;ZZ>�-վ�u&amp#14;��z~�qoe��X�uu��:CY�i��s�����?���&amp#4;�>���jo&��_��֌.t��I&amp#6;�z��67Zk鶍��_�-�����Y�	g�IT�ҭ.n/f��u&amp#19;&amp#5;��G�jҴ������$[}N�nmm��a���&amp#5;��rj�&amp#19;H�,�m��4�{i�"������&amp#14;&amp#11;�\�˪�&amp#4;�kw��խ�$�ig<W�<�S^�EM{9St�Q��&amp#8;ִ9��&amp#25;{G�'U�J���.hZ/u�iu�*~�ɻ٧k�Y��Ԏ3R�c����$�|=m�ipk��&amp#26;�in�x�}6;k�?[��&amp#14;�o&amp#30;��$&amp#26;L�&amp#29;2K=&amp#22;[�yip������&amp#31;��O�-4Ko&amp#11;��9�&amp#30;!�5x��cw|�j&amp#19;j&amp#30;.�R�&amp#26;e���z��\�kw��i�f�n���O�7����=F�T��|K�&����2�&amp#26;uՅ�&amp#26;��w=�v>&amp#27;&amp#26;��ԗ��M���J[&amp#27;徚�>��Mv��ztqY_�;�Fx���_�#�v�E���w:u��"k�_��(���tM
[;��&amp#1;'�5[�ՠ�<E⯶1Ѵ=&amp#31;úh��K�S��w+�c��j3�E�:�є]�:8���^�ԭJU#(;��&amp#17;&amp#20;�F��y��(ӕ�m$���t�WO{_F�չh|y�
�P&amp#23;�M����n�&�q�_[j:F���&amp#30;;���&amp#4;��oa&amp#30;��&amp#11;;�:&amp#29;B���S&amp#26;-�Z�屴��u�{O�'G��~'�ޞ2���/&amp#4;|&amp#8;���*�m.Y4�:&amp#15;&amp#29;�i&amp#30;*����&amp#26;&amp#14;�y	Ӥ��Q� {�o[��.t�7U�_@���巅�W�|&amp#30;&amp#19;��&amp#7;�&amp#31;�o�l�[&amp#29;'WH��[���,Z����/V�Q�|E,�&amp#0;ٗV&amp#26;5���h&amp#30;&amp#26;��X�O�����9o�&amp#11;�	��9h&amp#0;~&amp#0;���&amp#26;>��x�����&amp#17;|s����kWz���go�[�&amp#7;J���#��t[km*��
��H����P�t�7L���a�K�>#\)��a&amp#24;7&amp#12;v}��I��%%��G&amp#17;��y���C	&amp#26;��)΍\]&amp#8;9{5&amp#22;��-'<O-ӌ&amp#28;jOލ՛PVNV�����Z����^9��v&amp#0;�s�&amp#6;샏b3�K�;�z�ˀs�� c�g<pĳr�ۑ�&amp#25;E=±�O'���s��p<ry8�22q��$d�&amp#11;���ʚ�&������u=�����?��QG&amp#0;�&amp#19;��&amp#4;��^q�3���u9>�!s�&amp#16;&amp#0;�1�g&amp#4;&amp#19;��%H&amp#15;'9��	=s�#=H&amp#28;&amp#14;3�RHbS&amp#29;�:&amp#3;�q����<&amp#18;:&amp#12;��&amp#12;���/��׷Mlһ�&amp#4;��[���&amp#29;��+¸�}&amp#2; �Nq���&amp#7;'&amp#1;yc����F�&amp#23;'$g�>��#&amp#0;���	�^G"��&amp#1;&amp#18;c'�q�y�me�23��&amp#7;&amp#5;�&amp#8;-R&amp#1;����眳&amp#30;��&amp#30;�p2&amp#0;������PT�&amp#0;�&amp#15;����D�߷�W��U�&amp#28;sӱ�&amp#31;6;��s�NH�&amp#24;��wH	�����&amp#3;*H�8��대�@�(&amp#31;{&amp#7;�(�<��&amp#1;ӌ&amp#0;�&amp#7;�FFN)&amp#2;n9l����Nr[-�	&amp#7;�&amp#3;+��0'kR)l�&amp#18;���}o{y$ݛkWq���qז��&amp#6;y8�`&amp#28;��y�&amp#7;��&amp#14;=?_�9�&amp#3;��&amp#29;0s���9�9��&amp#25;�&amp#26;f]Ѽ�&amp#8;w&amp#16;&amp#11;&amp#1;"��AWT�n�&amp#23;&amp#0;&amp#7;FBrĕ1�����}���b�]vJ���}����%{�W�$&amp#31;nON�ԓ�#�99'&amp#20;��&amp#29;�7$c�89&amp#14;z�&amp#3;�$�{��J���o\&amp#12;&amp#16;G\�e���r~��nM*�>�/Nz�&amp#28;����~�&amp#29;�׿��W�?���ų[���ik}U���6�M	�g&amp#28;p����A&amp#27;���&amp#4;&amp#22;� �&amp#1;�c&amp#7;��^N&amp#6;I&amp#7;&amp#31;)팑�ke��끑��&amp#24;�&amp#0;�{a�&amp#4;`�0�i&amp#15;���������rI$��&amp#22;9�jڭ��M������K�&amp#0;��u&amp#4;d�&amp#7;�H�.r&amp#1;&amp#7;h$�aN�2s�&amp#4;�c��z&amp#16;:�&amp#3;'�d�&amp#0;��}{&amp#2;s�zc&amp#4;&amp#15;�9�i{&amp#17;Ǹ�&amp#7;&amp#4;�>��D��s���k�w������bV��[�_�O[�ϫ&amp#19;&amp#0;&amp#6;�� p	9�Q�8=2O&amp#29;؁��F&amp#20;���,	,��vc�&amp#18;��
�uW�
&amp#17;&amp#0;�&amp#15;��#�&amp#7;��&amp#7;���=GE&amp#7;&amp#3;4�&amp#24;a���:�~��О�H$0"�={-t[�{k��}A]�m���]�v���wu}�HN&amp#2;�8�<u�ē��&amp#28;�]A&amp#2;��c�&amp#7;N�nG'<u&amp#24;�,pN&amp#14;S�8�}r:�Q�Ԝ��N&amp#1;��&amp#7;��u�&amp#0;��=	9�S�i�f���J�R��&amp#21;���}>'�K�&amp#30;�&amp#19;��[��o75w�G9��g�&amp#19;�u�Q��#&amp#4;�}G>�����&amp#7;�R~�GRi&amp#7;&amp#25;&amp#28;��w&amp#25;a�&amp#15;=3��&amp#29;prP&amp#15;NI=�&amp#31;�&amp#6;&amp#6;Oq����ԭ5kK]=ߺ��M����ӲA�[�ʿ5�[_�Gշ��+[Y�i=��mt�ݥ����&amp#23;�p�2XYiʚ}����i6���	&amp#31;O�#������im�V�5K٬&amp#19;�ߦ&amp#20;�����E�S�&amp#25;&amp#3;�8&amp#30;O9��=x&amp#31;��&amp#7;&amp#28;�&amp#12;'���p_���ӓ� d�I�[���߮�����[[�o���K}V��^�8�[Y��1���&amp#0;&amp#5;M�ĺ?�o&amp#6;�5��ծu��&amp#29;�O�bA���%�&amp#30;&amp#24;M;�z��	��h��J&�Χc�h��j&amp#22;WZ���Z���&amp#1;qgc��.�&amp#14;��/&amp#3;h��>%�lon� Zhڞ�e&amp#27;��u�X�ͪ붳�z�ɻ��4�}	�nl���4-&amp#22;��"�����&amp#20;�ǚ&amp#23;��6|7_&amp#25;x>�U���.�;���&amp#31;&amp#20;����O����O&amp#12;����&amp#30;&amp#30;�&amp#29;�]���&amp#15;t�&amp#22;j&amp#1;<5�K�&amp#15;�K���!��R�^�\y?���m&amp#23;X�&amp#5;��t?�&�}�\i�˨�Z�5�&amp#27;R6�&amp#26;�&amp#30;&amp#2;��:dV&amp#23;��V�^5������L�:ω�K;[�s_&amp#31;�\&amp#11;
<7��]��&amp#21;)ל���g|<��1�+&amp#19;J*�ZR��8��F�'C���V�*.��g�W��v�mK�	�JJ&amp#22;��M�'h�KNk^��=_��&�+/&amp#15;j���i�$}?�&amp#23;��Q��j�:���'�`��F��t�6�������h�hZ-�Gukpϣ^Y�>,�6�`��w�x�+;�+)#��,�}b��[[OJ�w�/jZ։;�`��W��Y�j&amp#30;!��Z�7�@�Ύ�U��[�</�i�&amp#8;�$��:���Ν&amp#20;�_Gg��|g�Oi&amp#22;��A[[&amp#27;�+Q����P��(�M2��C���.��(�;���&amp#19;x���iv���y&amp#0;���o�&amp#25;b𥆽o�xb��U�乂����M.�l��x,u�GU�.����&amp#30;����_L���&amp#30;/&amp#21;R��GJ�xӭZTҤ��>LE(�I)ң&amp#26;6�VNR�9F�HUr�P��\�ѵ&amp#21;~m9�&amp#27;];7�kU������~&amp#30;�&amp#17;�V�&amp#28;�t�+�&amp#15;\�\�E��Ɨ�j�~#�����ڥ���?%|7���&�=�~&amp#28;�����~&�&amp#30;�om/�"_&amp#8;���SG�eđ�^&�ú�ٵ�n"���oc+�W�&amp#18;ɨ��&amp#31;&amp#18;��&amp#29;&����WڄrCm�x~]3Yӵ����&amp#29;7Cҵ?��?��}'H�/�|3�Im�/&amp#21;ì\�s[�L����yc�k&amp#22;V�h~9&amp#26;ό����Ή�I�]h�V�&amp#14;���'�z����O�u-&amp#27;����X�M7Y�u9�t�&amp#11;u�:7�t�&amp#15;S��ƫ�)u8.�6�Z(�-oto�j�Y���,����|�&amp#25;:��a:��&amp#7;�T�JjҡS��V�)Q�%hVp�ܿO&amp#25;Ts|�҂i���Ro_{�VM9]Y���5���T�&amp#6;�6���&amp#30;-��/�|S��z�&amp#0;��o&amp#18;��������&amp#22;�ψ��l���Y��e�`եЭ�`x/,�4vӵX��KAxD��7��3�����j&amp#26;�&amp#29;&amp#15;�cY��dMf�BM&amp#7;[�}jt֟MK?�����K!qyc�G�)��|	�'�A>�����&amp#31;&amp#8;x�k�2��S��f�i���k�}�k����3u6�n�+&amp#29;2�MwA�@����.���n��j&amp#26;֬�ޙ�i&amp#31;&amp#15;��=V�-:ͼcm�و&���� �Ү�=t,�/&amp#21;^���l�&amp#24;�����c�4�b��R��V�u-w�x�G��M���	C&amp#29;��pU�*p�a�άcJ&amp#19;��%
.�Ӽ�&amp#15;k�J
o��U)�*w��&amp#23;=&amp#26;�M��5,�Ir��6���p哵�%wx��&amp#29;�����4�3�7���&amp#28;�U��Xе�'[�<&amp#23;�;�KK�����4&amp#18;��K:��q�gy��J���P����W��m1�8�c�����ſ��熾&amp#28;i�&amp#29;$��-����|2�;�x�����>%�&amp#24;���q����&amp#27;�> X���&amp#31;&amp#16;�&amp#25;<c���]S���z&amp#28;�ş�> �?&amp#19;�]�����?`?���9�o��&amp#25;�]��u�&amp#5;��x���&amp#0;T��??�~ ��\ҵ}G\��}��z����>��F���J�l��3E�/&amp#26;��ݿ�&amp#26;G�&amp#15;��(���s�_&amp#14;/.�&amp#15;��&amp#30;&amp#31;��<o��&amp#15;Z�_�����4мm�&amp#29;OŞ&amp#4;�Ι��
��^��Ӽo�����:&amp#14;���;ᧉ�-��&amp#0;�d�ϊ<3�ш�����(ȳ<ʥ,&amp#5;|&amp#23;-ju��&amp#24;&amp#12;�&amp#11;&amp#31;��&amp#2;�&&amp#22;?Z�:�}|eX{&amp#8;J��N�&amp#24;�]�*K�0�cQB�>&amp#26;�N�u�J��J;;�t���ߓ�&amp#1;:ǉ�._��&amp#23;tϏ~/��M�ï�~7�ks��v���0�o�}&amp#14;&amp#29;&amp#27;ľ,�#�I�gĿ��&amp#16;5φ~%�5��<=���&amp#20;�
xW�0�~+��&amp#22;�S�|d��9�7�&amp#30;&amp#1;���/&amp#24;x&amp#15;S��?�k&amp#29;G��-��eƥ��.&amp#31;Y����&amp#11;y$�o�x&amp#6;�J�&amp#29;�^&amp#21;���5m7�Z��h��&amp#26;��>��E�3x��Vz&amp#12;�G�~6�B��O��E}�&amp#31;�>0�&amp#14;��&amp#22;�W�K�&amp#27;�]��|q�x�&amp#0;ᆥ��|,�����ܿ����-'�^&amp#1;����k�-&�P���W�?	j��!�&amp#28;�~,���&amp#0;��W��&amp#27;��&amp#0;h�
�;��9_����>&amp#26;�/�-?�p_�2��?&amp#14;�&amp#15;�qa�|S�~/|D�&amp#5;��_Úԏ�&amp#15;&amp#19;�~&amp#20;_~3�X��&amp#28;i�yN_�̰5p�(b�yv#&amp#28;�&amp#11;.y��K��&amp#7;����0&amp#24;��t�����u`��p�&amp#15;&amp#23;��0�ܩ��pT�TTjA�ƌ�Z&amp#31;X�+���V�)*�\�I�6�r|�2�&amp#15;{��&amp#0;���&amp#21;�j&amp#21;�[^��^&amp#19;񾕣�&amp#17;&��T�|zmƓ��}%��&amp#30;���U쬭g�n��bѴ&amp#29;SW��+;g��G����gY�qs&amp#5;��7?iK�&amp#26;�&amp#12;L$��Xe�E���3o&amp#26;�(G&amp#18;ږ���_-�&amp#22;��ψ�E��"��t&amp#15;��&amp#15;��ƺ������t&amp#31;&amp#31;ç[j��&amp#16;�7�&amp#26;������kW�-���[?�|;=��#��i��M�.{&amp#29;&amp#19;R��Ӣ��&amp#26;X4˸��7B�K��H�Y$���&amp#11;��'���_T�kR�>�/����G1�[&amp#29;B�Z�&amp#31;X�O��!Fs�:j&amp#21;�ԣ8��ER��~�&amp#15;&amp#26;&amp#14;�%&amp#8;T~�U#:1�&amp#20;&amp#29;>m4in��m;�K����j�ms9t��5��L�&amp#0;l�����WK-[P�&amp#23;�,�a&amp#29;�K�I�&amp#21;3�&amp#22;��&amp#27;2�&amp#18;��&amp#21;�ho�m�&amp#14;&amp#29;&amp#19;K��-4�{K$�ZXGi�Zڈ�V�)`�J�g&amp#28;����%��ӣ�&amp#8;��R�+Hc�Dv��aw���P]�<Vi&amp#4;��@�,&amp#28;�`��[k�{��S%��4�[L`�[�[���w���P�����q=��"�/G�om$L�c��N�_�7����Z��tn���&amp#29;VKdY#�&amp#29;&amp#25;7R��y�	N
N<��P������4���R���j�$۷M�\���߫j�voa��u&amp#8;c&amp#18;@��֍=�qܧ��&amp#19;4-mb&amp#26;��Ksa,Kq��4��\؁n�3M$U.�5�m&amp#11;�&amp#18;���Ь&amp#11;&amp#20;�<�!�g���m&amp#20;�Y�2٬�uz��Gq"Y�+\�&amp#21;��]J4�����4V�\�sws��a���e}B!wp���Kf�4�\[�����Z�~GU�4�[ͭ��U��-.�Y�u}KU�F�4(�n\��r��&amp#11;[���+-��iqiv2]�-ݽ�\&amp#27;�ha&amp#28;���'7&amp#24;�PP�i��P�#r���}�ܜ_,SrR&amp#19;ikt�m]�&amp#6;��mwz����L��\]&amp#20;[�F�E:��\y���XE�؆gk�3ʓ�@�&amp#24;���X�G���3�d6��]&amp#27;���{�/&amp#18;�Bդ�&amp#28;z��5&amp#31;_�&amp#0;�O��ٵ]B�&amp#19;X�n�&amp#22;��͵��z&amp#20;�v��v����~i�ү,m��i��&amp#27;��o&amp#27;��!�+�x��&amp#30;&amp#1;���?�|�g��&amp#4;���/&amp#4;x�C�ml�+I�F��xz��B�t�&amp#16;��&amp#0;�Ei���x�T�����|'�^����#����>�&amp#23;�e���3L�׋�&amp#15;&amp#3;�E��7�4�&amp#0;�Rk���{�i&amp#30; ��i{���&amp#26;H�eՅ���o�V�͟��Am&amp#22;�q�H|&amp#21;�IcY�&amp#0;m�o&amp#12;�b���ٝ&amp#8;Ք��W��9C&amp#5;��Վ"�&amp#31;&amp#17;��Q���.&amp#16;�&amp#23;,�/iYr�r*�:��Jؔ�+6�����$��&amp#0;���&amp#22;��t�J.똱�&amp#15;�ǉ���<%��}�_&amp#31;��H���&amp#27;x��W���|O�i�"��m,&amp#30;�H�-�&amp#15;&amp#22;�Ū�6��t:��>&amp#23;i���&amp#30;�<sy�&amp#15;��>&amp#25;�Η�-8}�Q���&amp#6;��kؼi�-q�K�&amp#19;k:���h����W������_č�=WǺm��5&amp#25;i�&amp#23;Q�kw6�ۯ-�_&amp#0;_xb��7��&amp#29;��ҋ^�J�E��i-�|}��&amp#14;\�m&�uke��r��W�]^��m��x��I��<G�i:&amp#21;�����\x������|G�x\js^ͧj>-�M;Q�.����w�������>/�I�6��=cZk�&amp#15;j7��l&amp#15;��=N���k	���i�&
�#NO�&amp#21;W���&amp#17;V1��&amp#21;��]:t!I�XJ&amp#16;��*�r�R����&amp#23;�^֢I�F&amp#17;��AMsr����3ong(���&amp#0;	T~&amp#28;�ӵg}R���&amp#26;T0i3xZ]D������z��w�V7�5���k&amp#23;&amp#23;Z�sCuzlnl��N�q&amp#6;��x�&amp#0;į&amp#27;[x>�ÑxIu&amp#27;&amp#29;WH��Ṿ���.��2Y�ڞ�a����&amp#0;J�UQi��l�I- ����C�6��i��&amp#0;&amp#17;5&amp#15;7���&amp#29;�&amp#29;>��q��&amp#11;�O&amp#5;���Ʃ&�&�}����`�u&amp#27;�kQ��.�].����z�������w���Gg�&amp#25;�&amp#28;~�&amp#30;>�g��9�&amp#15;⍍��6��-&amp#19;��&amp#14;�&amp#30;�'���uI5;X�!�x�o�-���z&amp#7;�-�m7M&amp#22;�'�$WV����^&amp#23;���&amp#23;�۝s
�g
�3��:t�<K�
�JQ���MG����	ӂ�Iթ9�&amp#20;a:��W�WK�Ue����r&amp#7;�&amp#21;ڊsk�^כ�ae)I-���&amp#31;�N_��T�V��&amp#31;&amp#26;�+���Y�T�_��_&amp#20;�.��&amp#0;&amp#8;V��&amp#11;&amp#15;&amp#14;X��U��֭c��&amp#29;gS�{K���&amp#11;=>&amp#11;�b��:��l�u)4�&amp#27;�o���á~�&amp#31;��X��&amp#17;�V�?�u9�O��-�|q�!e���D�4(m�ƿ&amp#18;�`4�&amp#0;&amp#12;�&amp#22;�U��|-�]�wz��}�.��o&amp#4;�&amp#30;���&amp#7;���&amp#24;���P���&amp#28;���Qկ&X��n5��縼�{U�o����?��_���9"ԥѭ�}+K�O&amp#19;�W�e�&amp#26;�&amp#0;�&amp#25;�F�{��&amp#0;m��ƍ��[k&amp#31;&amp#7;4�&amp#21;��hs�ZK���&amp#3;Y}KķW&amp#30;4�@��S�^��h�&amp#26;�5	|?�=����&amp#27;m�YæϢ�&amp#23;�&�~Ȱ9��&amp#28;m_=Εj|&amp#31;�Ԇ&�cYa�����&amp#31;&amp#1;)�&amp#21;o�*�&amp#7;N����G�qX�5%&amp#28;Ƅ:g*y~&amp#27;�ӳ��N0��JM�Y��䢥Q���F2Iӿ������_�~(��&amp#25;�}C]��̷���&amp#16;�^&amp#31;�·��7>&amp#27;�ׂ#��n��W�&amp#14;�&amp#18;h���&amp#15;=����o|�>��&amp#15;&amp#19;�'�x&amp#7;J�L> �֭$���tY&amp#11;���^��i����iw�]�M6��&amp#29;�����ki�ΓH�����t�B�h��;|�&amp#3;x&amp#11;P��"�,c�A�ũ��ߥ�h��Ƙ��jz&amp#29;���[�__�OJY/nu�&amp#0;&amp#5;��v�q.�u&amp#11;���5M[���&amp#1;���:����X�n�x��^&amp#31;��H�&amp#6;��ZC��~'m&amp#26;�Y�h���F�']������.v�E&amp#5;����T�����7���ס�T�C&amp#11;���p�9�N�,58ԧ
4�S��aJ)�֩(^�&amp#26;.&amp#20;ۚ8��&amp#26;qR�s���$��ܝ���wW�c�;�Ş����&amp#23;PO��V[}wM���Z~���|j6z6��_��e��Yj�&amp#29;_P���a�]&amp#14;x���y&amp#3;i�1ӥD�-��&amp#19;Fѵ&amp#29;&amp#12;x~&amp#27;I4�KP&amp#19;&amp#8;d&amp#16;xj���&amp#22;{&amp#8;m�+}R�&�,��rj^&amp#12;��Gk��j&amp#30;&amp#31;������[&amp#1;�&amp#11;&amp#12;�	h��l񆡢���$����.���&amp#0;ɣ&amp#7;&amp#26;���9��g_�ԭ��m@�v�iv�D0��(��O��4���I�0��z���#��&amp#22;�y{���X�1�~�)&amp#28;�)� MF-_RXu���ht_�Y�5����kvZ���&amp#0;7gy�lmz�q��^�&amp#18;�tjRr��	ѓ�W/h�����x�(J&amp#17;�&amp#28;'/��Ҍ ����is[[{��v��*���,h�&amp#4;l��z�ͮ�gs&amp#5;�������jͯǯ	oέ��}:�X��Mqe�����#K�D��]>�z++Ƿ��Q��[��&amp#14;�p�&amp#27;��o.��.�H�K��������:�ϥ�&amp#2;	�:��u�*\�63Q�`{;I���Qu�av�&amp#30;&���X���=��2�dlu�:aw����$��p�g&amp#24;6-v�vu��i�W���TOk�G&amp#5;��WO���m���&amp#1;��Z_�v�piK��u�	`�o.5&amp#27;�&amp#22;=F}R&amp#11;�j�?��N<՜�&amp#21;	I'̩��mԔkSsI?k7&amp#11;s^sn��Tc^]t���R|׍��k�D�&amp#23;.^]S�M'�q���&amp#5;����g5��ŭ���\����G&amp#20;3d��M5����t�G���P��m�Sl�!M8lXi�T�771M`d&amp#8;<��&amp#3;�呉c�[�}c&amp#4;�
9��,>ҷr��ܵȺ&amp#26;�k��k���ە��qa��ҙ���t�K�k�d��m:��}�^\<s�Q-�&amp#20;�,�4�+;;�&amp#26;�:(&amp#29;�.l/7Y�˭^Ad-��J�.&��[�9n �P�W�[M���"�Q���NK�t�[6o2��eZ�4�(7&amp#21;&amp#7;�M��NZ���Nt�΢ݩ���8:�I4��M���o��j��o��t�1m������Zm��i<���֧&amp#28;���&amp#23;6�Y\Oc����uŭ���Ω|�O&amp#4;zmƩ����$鏨N��_^��r5t��.�IMN���&amp#27;&amp#27;yt�ښ�:=�j��_�m%�B�Y&amp#6;�q%���&amp#23;&amp#26;5�z����+��t��&amp#21;n��Y��y ���&amp#19;XIm,vq�E&amp#28;�&amp#29;CI�����o�=�֙{od5&amp#24;��?&amp#16;��&amp#26;V�g|nn�4˵&amp#22;&amp#26;�y#W6�<�siP�&amp#0;aǤh�k&amp#30;��[i6z���&amp#6;�c�i��z��se}7n&amp#6;
�����'I5&amp#22;�Gޜ�,��Bԩ�N<�i�&amp#20;���\�|�|�[Y7���#�[�-E���9'&amp#27;�2��sog���dz�����XBe�?�"�&�<�&amp#22;�&amp#29;�y�Nu�/&amp#17;&amp#24;�����[�B�J�ǋ�����V���g��5MS���tx���&amp#31;&amp#1;_\�j[�$h�&amp#27;&amp#11;߈^)�ķs���z����ac���F���6�`�X> K�Y���~���~&h:_ۡ���/l&amp#26;��Q���&amp#23;��&amp#25;���a���Q��~'��4&amp#29;#K���6�P���A{$�&amp#15;qo}l�~vx�^��Լ9�_&amp#7;�3ZXjzjX�cA�c��:&amp#6;�bt�&amp#31;O�tMH��&amp#6;�so�&amp#3;Tկ<s&amp#4;��*�Y��]���V���V&amp#31;�>&amp#31;�S�����J�$cR�jT��J�5��&amp#25;��R����&amp#24;�&amp#24;�>εe�&amp#28;U*q�x��8�t�S�wwrmtK즵j�fӓ���'�����&amp#0;�W���.��8��&amp#24;x&amp#7;�ݮ�w��o&amp#14;x?�:&amp#14;�������@��]b[S����t-s�&amp#16;_�G��"��o�|5mv&amp#31;VӵQ�RG&amp#26;ā#U�&amp#17;UU&amp#21;@E@6����"&amp#14;&amp#0;&amp#28;*�P&amp#6;�>0��g��g����>&amp#31;ԧ�o<]�[��&amp#23;��&amp#23;�8�Z�&amp#6;��x��K�!�o&���m�����o:&amp#29;`Y�G?�n�/&amp#22;ɬkW&amp#31;i&amp#0;Fzz�1�&amp#7;&amp#30;��`�&amp#0;&amp#16;�$&amp#26;�n�c�'��Y��
��&amp#23;�2��&amp#30;IQ�)ӯ��b�۫FU������s��痥���^I)Դ��W.Xk��&amp#20;���3[j����' &amp#28;&amp#1;��9��9瓐Ip��GoB{��N�i&amp#7;�&amp#27;F;���w<&amp#1;���py d&amp#18;&amp#8;&amp#25;�l&amp#3;��&amp#15;��:&amp#3;�&amp#25;;�&amp#14;pG�8봊���������������F@�9�v8�ǎ3�&amp#19;Ӡ���&amp#4;�Sߞ��&amp#0;��&amp#29;s����h&amp#7;�&amp#8;�`��&amp#2;Td~&amp#3;�&amp#28;&amp#19;��$&amp#28;&amp#30;Nx�x��v&amp#30;��&amp#4;&amp#1;O����W���Kh�>�O�m^޿=-��Z&amp#28;�K���&amp#23;v;᳌��
��&amp#4;�S�W&amp#28;�d�|w�9&amp#29;H8&amp#4;� �&amp#22;Ɋ&amp#28;�1�&amp#28;�h;��	�&amp#27;��{��7&amp#18;CT���&amp#24;&amp#3;&amp#7;&amp#25;� ��&amp#24;����C�^��uO?O�o�SO�F�&amp#0;�ޖOeg{o���]�&amp#8;-��&amp#6;;g�s�''&amp#3;&amp#12;&amp#1;�&amp#27;����pH���x&amp#4;&amp#14;p�\drpq�*�p_Q���X�0[�@&amp#3;����P:g&amp#12;02GR:��[�&amp#28;���9$&amp#19;I}�����=�&amp#0;�蕮��%�M�E����'��D&amp#27;A&amp#27;�|��8����~^�&amp#16;&amp#20;�B�&amp#4;�21p9�&amp#7;<���[=����.&amp#15;N�~��zv�&amp#1;�F&amp#14;&amp#15;&amp#7;�9���J;�&amp#15;ďV�I$&amp#12;�#ؐI
M	Yik$���߫��bV���ӳ^KN�9Yj�&amp#30;�����&amp#1;��&amp#28;&amp#31;�L��L&amp#14;�t�'8��&amp#24;9��$�I��&amp#27;r���&amp#6;A&amp#28;���&amp#3;�!�$��&amp#29;zc���Q�z�&amp#7;=���4���~O���'�d��[��^�6�Um&amp#22;�&amp#14;�;�&amp#21;8��9&amp#25;&amp#0;&amp#19;���r� &amp#12;rs���$dw��x�z&amp#0;&amp#15;@=q�$�ˀ&amp#1;�&amp#0;�8&amp#24;&amp#28;�X�8��^sדI�&amp#14;{&amp#17;�sԐO ~?78&���������M�/�T��{����{&�M��&amp#2;��&amp#28;&amp#28;|�~|&amp#18;����a��	� �/���&amp#0;&amp#25;&amp#4;��0&amp#6;&amp#20;�GL�&amp#4;r��<���&amp#7;�s��&amp#6;&amp#0;&amp#25;�&amp#15;9!�)�&amp#15;&amp#25;�	����&amp#15;L���H��O�m=wZ���Z�m&�����u�M����{{��da�{&amp#3;���.&amp#7;$�23�A�9;�)�Fq�&amp#30;1��&amp#28;&amp#30;��&amp#30;��ԇ4&amp#0;p8�@x&amp#24;&amp#31;|p	$�s�g&amp#0;��&amp#8;h�� ���u#�c�d&amp#2;�9&amp#7;q�*Ǝ���k��߮��'���-��D�k��z&amp#6;x��c'&amp#0;� ���r}02C&amp#6;&amp#20;�&amp#15;c�:���=N�q�^[�A��&amp#3;`rq��	&amp#28;�x<g�3��B��G����&amp#28;猎:&amp#16;8 &amp#16;)���+j���M������$���ov��'f�i��0Kg'�@���s�u���y&amp#3;&amp#20;!�{&amp#17;�8?�x��&amp#15;Ӝ��q�:&amp#12;v�<�O��s�r9$�&amp#0;py���9�&amp#1;Ͽ@zq�&amp#0;���m����ͫ;kۤ�a��OK%w�%gk�릖ջ�27w�&amp#12;&amp#31;L��&amp#30;ÏL�I"�3�9��?x�q����?t�&amp#0;&amp#1;�<w&amp#25;���&amp#7;��&amp#6;0O&amp#28;v�y?�&amp#27;&amp#3;�?yp&amp#0; �8&amp#28;�H����H��vD���&amp#0;&amp#15;~�-���ʹ���:��j�G�z������]��<wa����m&amp#19;V�H�'�;���&amp#11;�	5����uo&amp#25;F��w�I&amp#7;��W�>��}��k�j��o&����_Z�j��&amp#31;��Q��&amp#27;=c�5&amp#27;&amp#11;M{S���w:���.��tm+X�m.l4{�;E�m^�m>�&amp#29;.]V�߾�{�A�k&amp#23;z��&amp#23;�&amp#19;G�~&amp#30;��~:�&amp#22;z���&amp#8;~&amp#28;�8:.�}&amp#30;�u?�|3��֚�����Xh�k&amp#23;�4wp^�Z����B��E�Xx�]�&amp#18;\M�1�&amp#27;�J�x'Z�/�t��E5�&amp#0;&amp#26;k���A��mk&amp#22;&amp#16;�&amp#31;&amp#18;2��j2�_�ͪ$6v��Wh.��&amp#18;�OҠ�5[���&amp#30; ���p&amp#30;W�R���&amp#0;c�4����q1��N��hӫ)�s��Xה%�S��1��&amp#31;#�:�ֳ�r\���;���&amp#5;edӻ�m��{}�5����70h�M�R�\��!i-u&��&amp#8;�Ү/#�]��%����Ƣ�O��O&amp#17;���$6pG&amp#15;�x��:����5-&amp#2;�}KL���K�&amp#0;G����TU�4��5�[R�<��VK#���Siz̶��8�&amp#27;�C�`��f]B�R�m�.&amp#30;8`�-�&amp#22;w:{C�ꖺ5�Ŧ�&amp#20;�gR���hm��;�B��&amp#0;d�����&amp#31;&amp#31;�&amp#14;�7z��u���>���,���&amp#12;�~�������W&amp#22;�P��G4�1�m��e�)�\iz��Mk��4_�e��B�#&amp#26;�ϑ�¤��&amp#18;��F�7
�ӓU*��7/c��$�&amp#24;���N&amp#15;�{�z��mt��d��i��&amp#28;���&amp#31;&amp#26;\k�Z>�&amp#22;��ĺ��&amp#18;]J��sB�ƻ�:�N�>����&amp#0;�Yn�%����$j�Ieu�Ms�H�u�O���#ukq�&amp#11;��?��4}S^&amp#26;�R��&amp#3;C�u��&amp#19;Z�׉m�)��3X�t&amp#24;�&amp#14;���hW�M�M���F�n�&amp#22;w���|f��-<6t�&amp#15;i���&amp#19;Yk&amp#26;N�c$v��Km��&amp#22;zo�5-r�.�m#iڊJl�&����-O�p闓��ݲ�y��&amp#20;�P�5/&amp#8;Ab?�.���5���5�x&mKÉc�e�Aq�h�l�7&amp#26;ͽΟ&amp#4;67�杧ͩkWrj�?��S2�_&amp#7;���)C�2q�gRT�
�/:r��­8�&amp#19;唪I{(�:��Cɫ&amp#25;Ӝ֖�Mw�6�E�oX�Y|7���Ś]��������&amp#18;�ŭ�e�v&amp#26;;Z�i>&amp#26;�;�}&amp#25;%�&amp#26;��:&amp#14;�g�jzm����_��۾�u��]���]|��m&amp#6;mBo&amp#16;X���֯&amp#15;�<=&amp#29;ݓ���X����~�a&amp#20;�lW1�ױk&amp#26;��&amp#19;K�O&amp#26;�&amp#26;���t�Z�x�&amp#26;��&amp#0;Q|@���&amp#27;�_Y�����G�\�|;�M�&amp#15;����SV����&amp#21;�M&amp#15;�5]WG��5��&amp#12;�DV7&amp#26;����:Ǉ�;�&amp#11;�7:T� o&amp#15;��>�&amp#5;����,�&amp#4;��&amp#15;��i{�>�&amp#21;�u?�e�Ҟ�X��|M�'�w�4?&amp#15;6�,zx�R�!�w,�ʝ*&amp#21;�7&amp#21;��&amp#25;ԩ*j���wi&�Ԅ&amp#20;>?�99¼����ыs�MߖV\�|̮ͥ앛wշ&amp#4;�ѹ�&amp#30;�B��_�	&amp#23;���}I|k&amp#22;���&amp#20;W��&amp#30;&amp#25;[�(t&amp#29;+L���o|5&amp#6;��[Y͠�&amp#12;ol&amp#18;�Z����&amp#15;%���xe}�M�Di_&amp#3;���[��&amp#30;&amp#11;�{��M�;���_�<)m}4�&amp#21;t?����/t/��&amp#14;c�m?���,��s�Zǉl����2ִ�Q��x?�6��w����&amp#0;���}i$ӆ��&amp#0;	^�y��������&amp#12;�&amp#26;��;E&amp#14;����ϣ��&amp#12;v�kw�v�iy&amp#12;�jB��\�����1h^.��mе�Yi��1Ѿ1hڏ�,�V�D�4&amp#15;&amp#28;�&amp#30;#�����i,�6�N�|_��K�l>&amp#31;��L��+?��w�~-Ե�i��֟�������</<l[��r�1W�,*�:�T�[&amp#21;*U)�N���
R�����&amp#30;Д�/C*��9);�:�G���h�쓕�jZs)s>W~�|lѦ��ךW�_
|f��&amp#6;����_�_��&amp#21;��?&amp#22;<=s&�k⋋�S�&amp#31;&amp#17;>&amp#27;��&amp#25;���|@֭�7�@�i&amp#30;&amp#8;�_�~)��⯃�&amp#7;�?�>&amp#27;��&^?�ۺ��|/���&amp#23;����w��*�&amp#12;&amp#29;&amp#27;௎|?i�_&amp#18;�&amp#21;xSĚ���>&amp#0;��&amp#0;���Z�޹����B�+Z�\�.4��|-�&amp#18;��Ğ5mf��?&amp#17;u/Ώ�?�?�~<j�&amp#24;�c}���]�ã��Z���/&amp#23;xcJ��&amp#1;u�/�&amp#30;&amp#5;�浣�i�!�&amp#21;��>&amp#31;x���S���&amp#30;+�V��<&amp#25;��_Y����&amp#20;�,���	��������G��&amp#3;�]S��&amp#30;5�|&amp#25;&amp#23;�?&amp#6;�|&amp#30;���&amp#0;�-�M���]��|>Ӯ���e�GA�.�&amp#15;�&amp#15;&amp#17;�6��&amp#0;�4���&amp#26;�&amp#1;�&amp#27;���!��/��
����rl�&amp#29;W&amp#27;�eY�&amp#15;&amp#1;^�
�'&amp#27;��b��xxV���&amp#21;�ң��&amp#31;&amp#3;����&amp#26;X,��m_&amp#15;O,������&amp#21;G&amp#11;Z_IGݗ;q��ʤ�&amp#21;)�6�j�e8TQJ�M6�%t��]�&amp#0;��&amp#25;�&amp#31;�o��&amp#0;&amp#29;&amp#3;T7~&amp#17;��ş&amp#0;i�n��_&amp#16;�c��&amp#27;�|;s�xG�>$�����]s�6�v�&amp#15;�&amp#30;&amp#11;_��7�u��> ��j�&amp#30;&amp#21;��/��&amp#19;�|���8�\��0�0���9��c�:V�u�&amp#31;�V:��&amp#19;�wŚ����7�ȋQ�jzf����A���E&amp#6;��A>��^X��2�W�~1�F���\����߇�&amp#4;~-x>o
���~%��/�|Iu�&amp#26;�&amp#23;>&amp#5;���8�G�/�&amp#30; �~ |:�<3��*�W�n�&amp#29;$Zg�#���5���Ч���;�<׼��|q�|&amp#23;�&amp#31;�v�<G����}ks&amp#29;�n<!%�ְ�&amp#31;)�=[S�g�|9��^�"�����9���&amp#23;��<��������>\�&amp#31;��Ξ.�&amp#15;���cr�|sHS�J&amp#24;��*�k4�&amp#26;�f65kҭ��K	�x
|�3
ٌ+���=��(�V�_�T��9Y�&amp#5;N\�j��+(J�&amp#23;��G&amp#20;�&amp#22;'�X���[{��.���⸹&amp#25;5��Fk`�4P�&amp#20;�m*��Ke�Z��&amp#2;����&amp#22;&amp#24;#�&���6x�,&amp#0;�I^��i<ǙJ��&amp#23;wH-�Ai5�&amp#6;BKj��Ŀ&amp#15;<&amp#8;�&amp#15;&amp#18;��L����&amp#5;��-�K��&amp#11;u}&amp#21;�ϧX�+j�&amp#12;wZ�O�jqFmt�S.��]Y�Gw����&amp#0;&amp#16;�6i&amp#26;&amp#23;��G���NO&amp#3;xyl�䱛X���__��&amp#11;I��5Y5If�
�i�s�&amp#27;;�$��P�����&amp#0;[��k[�c'��౹���j�Yѧ	�&amp#11;�N��GAK��T��秇�E&amp#20;��(���.�&amp#27;��W��VM[K�Z�_M.������I�xv���>$&amp#26;&amp#25;�N��G�ޫ�蚪��&amp#20;�׵?�M��º��&amp#26;]~3}�K�n&amp#31;�7&amp#23;+z4&amp#31;
j�ĺ&amp#20;R�z~տ&amp#18;�M.�|q�B��O&amp#14;xB�{��3�/��_&amp#14;�&amp#26;Ƴ�&amp#15;&amp#15;�inm�Equet�0��.�եK{;M&amp#14;��ZM���=[D��>���&amp#15;�)a�,��_���&amp#19;iV�&amp#7;�z^���GH���^����h֚_�t�#$�����n&amp#29;:������5�AҴ�,t&amp#29;C����hji�O&amp#30;�����:�f��/&amp#16;�&amp#22;�����&amp#16;j�֧�jPūj6V6>&amp#25;�m�u&amp#31;&amp#22;�ƻq��h�$��t�?P����4ؼ%&amp#17;�����&amp#8;�T+��4R���U8��8�޼&amp#28;_�tS��2�bb����|�&amp#18;U&amp#29;:�T�W&amp#5;\J��?y+��q�~k{��&�^�I{�rR�=��_�&amp#17;���nK&amp#15;&amp#6;Y��(�7��P����K�Λ{&amp#12;�j��6��iZ׉n"�<+�}]��&amp#26;;O&amp#28;�&amp#17;[�+ừ+�&amp#31;O�&�m���N��x&amp#31;���~&amp#17;E���/l4�y���h�?���L�^&amp#21;�Z�7^"q����+!wy&amp#29;���l��^�i�&amp#20;�&amp#30;&amp#27;�&amp#27;{�_ÚƱc�]ZKo����k&amp#28;�o&amp#5;��&amp#1;�M�I�ɢ���7�QI&amp#18;���u�	����:&amp#29;F��6�:_&amp#20;k�&amp#23;Լ'�kWqK�[j&amp#16;���k�:&amp#6;�c�A�Y^j~&amp#1;��6�,u���&���7KҴֆ�i�&amp#18;f+�&amp#11;��&amp#0;���&amp#5;����k&amp#3;�P����S�N�&amp#28;�J�=�Yԗ��'[&amp#19;^�?d�Zէ]K��a*�\xog:����*��.t�I;F)�6��I�]���|W�Xx��mKO��I�5;�&amp#11;kRY��xoH�`5/&amp#17;���K��u{�fKm8j�W&amp#26;֟���PiV����&amp#21;��'y��&amp#0;�~%I�I"[��S�	#�-���c�ꖺlZͷ��m&amp#22;�İ�w���M�C&amp#0;���Э&amp#29;��ەЬ�;g&amp#29;��w��Z&amp#15;��(�Z�5��o&amp#27;K��i~&amp#23;���^���qY��e�Xִ�OOӵ&amp#27;���FO&amp#16;&amp#11;�Mv:h7V��:����K�o�&amp#0;g�b��&�^&amp#29;���~ �[A� �,�}MYn�&amp#11;�6�5-c�7&amp#23;S_�f�[��zd \�O�MBI�&amp#29;&amp#27;Úշ�m5�&amp#26;�\MĜ7��	f9�J&amp#31;Z�ya�4yib10�-9T�Jk���G��&amp#14;4���ο��
��U�&amp#18;p���ҋ�$�VJֵܤ�W\�O�N�<;�%��/��&amp#18;�kƿ&amp#18;���^��&amp#8;�E�σ����4o'�mK����&amp#31;&amp#24;��$� ���&amp#0;&amp#15;�z���>��o&amp#26;��.E�Σss&amp#22;��x���YԾ&amp#30;�˾&amp#6;��.�wk{�ͤO)��5?N�&amp#0;B��%�&amp#21;�����[�W��&amp#0;�@_&amp#16;��_�e{==&amp#30;MF�]W�7�F�u��Q����3�>����i&amp#16;����&amp#0;�&amp#30;'�6�&amp#14;��x_J��S�u&amp#25;����&amp#11;[�t�7L�Q�?�&amp#12;�m���'���C&amp#4;o&��&amp#15;&amp#29;�L������&amp#0;iω?�'�.WFҵD��]�-�xZ��Yo&amp#21;x���wkk�\���N��=+�:o�'���;��&amp#0;O�υg�$W�%��5}gZ_&amp#19;��Ϙ<��<tϥ��g�pv&amp#17;���N&amp#14;�&amp#12;E&amp#26;ucS�8JJTf�R7�%)�j�8���T(�3��z9m&amp#25;B&amp#11;�&amp#16;�l�nI�g'�碓�ax���h��i��&amp#19;�?�-ϊ|&amp#29;�_&amp#16;�6�&amp#5;ֵk����&amp#26;^�u&amp#4;&amp#31;&amp#19;l&amp#14;�z&amp#23;B���R&amp#24;�¯&amp#4;xOY��_&amp#15;�nh./<S���:��u;�&amp#0;&amp#31;j>(��&amp#6;�/J��1g&amp#6;��[xv�Q��Ѯ/uMelm����B=~1��0�Z&amp#21;��yk�����sG�&amp#18;}�^�i&amp#5;߅~�M�&amp#5;�s]�&amp#5;��&amp#21;�S@l촡;&amp#25;��/&amp#12;Z&amp#20;(�z4�&amp#23;�Z�&amp#26;�Z��Z�63y�Q�m��kp�k.�/�>&amp#3;�6��&amp#25;4��˸��=����^,�t۫�&��O&amp#19;�&amp#23;zݲi���~)�47����&amp#12;��h���Ow���g�6[o�%S'�|�9VIJ�&amp#11;+�΄��Jj�j��:��쩺�=�J��&amp#23;&amp#26;&amp#20;��&amp#27;&amp#15;&amp#26;Xjx&amp#12;4|�BujJ�Kά�+�\�W��n�3�����۔��&�a�;�&amp#15;�V�����-&amp#21;��&amp#0;[j�&amp#20;���v+�x�������4m.3�ˬ[k&amp#16;��O
�_A��Pj׏c%���_&amp#15;|0�L�\j&amp#26;f�4�Ea�jvz7��.l��uh�����Z�K����T�I&amp#22;�&amp#6;�E�'�mV�MLO��<�Yi���Ϋtm��=]�nE������C�]�m��^$���A�6�&amp#29;��a}���7V��&amp#20;��&amp#26;o�-4�sI�Ӿ����HY,lmt�.�Jf&amp#22;��W&amp#16;K|>�%�����n�S�t�B��T�M�YXi���kqi&amp#3;���}_��6~��x|;����,b�N�u&amp#27;Q���:s��&amp#28;\�&amp#22;��i��X\;����ݳnZ?yuvkKk+�ŷ̮O�&amp#22;���W��ð����w��b�O&amp#15;K�H�&amp#27;y潴H��q�&amp#23;��-N���&amp#20;�j���x�׻��i�_Mk&amp#14;����Mc{�i�j�&amp#26;e��#���T{���l�'�ѵkۻ�*��&amp#11;�&��n��&�4��[��M�j&amp#23;�J��y}u&amp#0;��[����t/⺹�^��ѵ�&amp#27;YD���wb�����q&amp#28;1j1���-*����:�K�T�S��ԭ4)u)���5)d���c[&amp#27;�4ؠ���H<��b��,��_M�i�������&amp#28;F)�U�/v��j|���� �\cx/ݫ�t�یb�J�ש&amp#24;����U���d�����Z���ZzLJ]��Ir�ݎ��_�i'Ssu�5��'�HG�s�=�&amp#26;��Z]�st�SE&amp#20;v�����'�^�n����j2Z][�W��&amp#17;.�b��\����m5�&amp#6;��bԯdg����D����K-��oy5���ɮ�/�ek�d����$�ϖ��&amp#11;�i�LE��q�SX^Y�ĢXD&amp#22;&�ՠ���`�N�[M��JU�P�U4;�DZ&amp#12;�Q���i���sa�%���&amp#15;�]!�/a�_&amp#26;Rm��B�'FO���d�&amp#30;e+?vN2|�Qp��^ҷ��.�ɧ&amp#24;�n��+�]R�3N�It{��}GIԒ&amp#24;�����&amp#5;�b��&amp#12;Mu5��}c�iQ]�s<�X�&amp#30;&amp#28;��ծ.e�V��L�{W���V�n�J����x-ͭ�w&amp#23;&amp#6;�&amp#24;o&amp#26;&amp#25;c�M�)m���"����&amp#5;�e&amp#22;�]i��4&amp#22;���e�Ο����qw=�rM�b�����o!��&amp#18;K}Ao.&amp#4;V��6�-��-֥k<s�W��h�Il��$�f���;H���Ue��9�c�Xo��R����"Ֆ�D��[�.��&amp#25; (���s&amp#24;�_%II�sF�J&amp#21;
O�r��W�SG���)�&amp#16;�7�������ov��&amp#22;�VZ������.�ki6���+l�ւ�K��a&amp#2;&amp#11;{�&amp#11;E���X;^Y�QC&amp#0;���s&amp#21;׆��7�&amp#22;�\M7�&amp#17;�isḼg�O��Ww�-�����]SO��Tҭ����[C�_iQN����-曬ɣ]��i&amp#22;Mq&amp#21;��}C�vP����ƚ�xoH��g����.��ٳ�Y��o'���8-��ݖ��DbVԴ�Z&amp#21;��!���'�ߎ���&amp#16;ji���<�����u�>����W�О��f���-�԰hz��鏥Moa�&amp#7;�lm�l.�?o�?&amp#7;d�X�&amp#5;9֢�&amp#6;��aʩ*�Z��Z�R��&amp#20;������9c&amp#24;�<�U^H�]�����Ǚ%&amp#20;յV��˫V��|P���&amp#23;�����}[E���uO&amp#12;����&amp#23;zf���&amp#17;;j��O�X��Z=&amp#30;�N�=��&amp#23;�x���]�÷�[?���L?���|�����^&amp#14;��&amp#0;�&amp#29;��};�:\�B����&amp#28;xsN&amp#22;�&amp#23;��&amp#28;\i�V63=��&�cm&amp#5;ť�����Ao&��a4ˍ&amp#23;��&amp#7;^���'�+�&amp#31;���K��x�R�߆�I��&amp#16;�k6>&amp#23;𞋯i��J�&amp#14;��hZ��<A����&amp#15;&amp#26;��4������A��&amp#28;^7���Y�&amp#2;�&amp#14;xc�?��&amp#0;&amp#7;|.�z�A��&amp#8;�6ZE���&amp#11;�69n�/�9e[x���&amp#0;V���Ԥs��:&amp#11;��m���c��Ԯ&amp#22;�&amp#0;Wp
&amp#24;|�<�
4�&amp#6;԰Y"��b'	�Q�*b�&amp#8;a�G���­hT�/cF^~&amp#6;��+��Nt��z��rn*�V��wٷmZ��^@&amp#21;@�&amp#0;&amp#25;%�B���&amp#30;��&amp#1;b�˸��H� &amp#14;�{&amp#28;&amp#28;��F	)��Nz&amp#28;s�s&amp#3;�:)<v<�!iq�N&amp#15;_~�a��&amp#28;���m&amp#4;�H?������;=ZZ��������vz��kuv&amp#12;a�7&amp#28;d�&amp#31;9'�&amp#0;��>��&amp#1;4��1�&amp#28;�9&amp#3;�s����FyQ�p}1��,&amp#7;&amp#27;�z�@��Ɂ����C}���H�vs���&amp#18;Z���&amp#0;���K�mn����&amp#0;���K�mn�΃&amp#0;z&amp#30;��'�sے3��� 0�g&amp#7;���Ԍ��&amp#29;�# �y�������H&amp#31;uO_���x &amp#12;/&amp#27;pw�I#
s�c&amp#25;�{�{��&amp#6;=3����$��=m��n�&amp#23;�}|����U�i�`Q���H��&amp#0;R3��&amp#14;T�p�s�jD&amp#5;A��9�&amp#4;����&amp#14;A8�*�Q���mʈU&amp#19;8&amp#8;�s��Kd�Nz��8$chɝs��y�'հq�d�r&amp#24;&amp#28;&amp#12;&amp#3;�h{���R�����m6�ZS��Ч�;^��������&amp#2;Hm�$��,B�����$&amp#3;��0�8&amp#7;&amp#24;.&amp#28;n�H�'�&amp#14;&amp#7;�ol&amp#3;��4�2&amp#8;#�&amp#24;'� �z�c��&amp#8;&amp#3;"�c&amp#4;��&amp#3;����H&amp#7;&amp#25;�8�@<&amp#19;�)~����&amp#0;���r/��}&amp#30;�\�]vv�}��Wn��&amp#14;�y��u�v�&amp#14;F&amp#3;d��&amp#17;�c��'9�=8�pO&amp#4;���V&amp#3;9��=&amp#3;6&amp#7;RrF=�2@'%y&amp#25; �`s�-��z`�O-�&amp#28;����&amp#0;��&amp#0;5�1[t������u羚+��&amp#24;珗� ���\r8&amp#24;=2&amp#20;&amp#6; �d&amp#14;I�b&amp#1;�%���N8$�&amp#0;&amp#4;�&amp#16;&amp#3;5#&amp#21;Evw&amp#1;QK3�&amp#0;�&amp#6;�,�p&amp#2;��,O&amp#0;&amp#18;�H&�0%�#&amp#5;s�@�̀	�&amp#29;{t� �O�u�~�z-��ͫjCKM-}5��V��^Is]��&amp#0;d��&amp#29;���H-���G�&amp#6;1؂q�K��&amp#8; �&amp#7;����s�@�&amp#14;�z��8$&amp#30;N&amp#7;&amp#28;q�N&amp#8;�����A�S*��&amp#0;
�0OʡF��H&amp#11;���&amp#3;q$慧���+u]�m騖�w]7V}-wgt���&amp#31;\q�n���8&amp#7;���`K�zg$u^q���####&amp#28;g'�&amp#16;Ho&amp#28;���u�&amp#0;�pW&amp#29;�&amp#12;�M.?�8>�=��?&amp#2;zrl�k�]��~.��&amp#2;�������z���Zt��F��8ϯB:&amp#22;�y�ӌ&amp#18;��&amp#20;&amp#12;m����y98�&amp#25;&amp#24;'#�&amp#28;�Z�r8�&amp#7;#9�V��3��s�&amp#4;я�C�Fs�&amp#28;c�۾p6��&amp#18;O�&amp#30;}���6�³է{rۿ[iw�ߪ��l�z�&amp#24;&amp#28;g�s�9�g9 �&amp#0;�g�9=?��S���;G�&amp#25;㖥��&amp#0;&amp#31;Bz��;�R(��O8�	�˞&amp#15;'�&amp#25;�N3�v&amp#12;��k�z�W�]R߳[��K�{$�ӽ��[�ϗV���&amp#0;_L��ӂ��&amp#7;׎���A�&amp#7;�s��&amp#22;9����9�#�d����瓻&amp#28;��&amp#3;�'���&amp#28;&amp#16;	�&amp#29;��o랙�n�&amp#7;9��O�.��[t�G�\��6��;vZ����4�Nm[W&amp#1;��&amp#29;����#&amp#28;t&amp#7;#<t��`&amp#14;}&amp#14;Fq��&amp#14;6�v��&amp#8;�þI<�� &amp#22;lt&amp#3;��<�$&amp#3;������&amp#12;\`�;��FK�O�K����{{��k��v&amp#4;���KW�&amp#0;n��ɶ�ۖ�����g��m_�&amp#30;1�&amp#14;���&amp#22;�L�?�?�,t&amp#23;}~I��m��&amp#0;�4]kK�4=[Uk[k�4}/�z��}�x�H&amp#26;Σ�C�}Int�
��ǰk7�3Oa�kx&amp#23;R{y?��Ԭ?��=5�W�^xi4�?&amp#16;Ϫ\O����cS�t�=��w'��c�jW�V&amp#21;�&amp#15;�&amp#20;�n����m�m&amp#14;�}_�7�-{C}^��&amp#1;�&amp#11;a��u��[�ۍ2�&amp#27;��&amp#8;jz���_�z��w�i���W1�k�ˏ�?c�t��n�M7I:o��I&amp#18;��W&amp#23;�k�&amp#17;>���]���V�6o�>����~#���m7B��C[k�x_IїN�u�&amp#0;�|滭��V��d9D"��J�px5&amp#24;F&amp#21;�:������J���J|Μ��O*�Q�MF�JRRn���n��E��[K�f}puJ�&amp#0;O��$���V֭5(-'�;���r&K��K@���tM?M�΢4�=],�4�R��&amp#15;&amp#14;]ݮ���:�	-�&amp#28;��_ȗW-�Y�GJ�T�乹�,2_�&amp#29;���v��d�w�\�&amp#5;���&amp#22;�}sK6����&amp#21;�A�i�&amp#22;�pd�8-�[�I&��LYuI�&amp#22;����G���w�ӣ�;�˦��O0j(�&amp#17;M&amp#29;�\E��i���X$&amp#18;Z����i��w&amp#23;>Y�/��]r��MX�'}&amp#4;��%����
j�wS_�w��~9N�r�&amp#26;P�9�O�&amp#14;))՛\���&amp#24;�&amp#5;ˬ�&amp#7;&amp#26;U&amp#26;�*^�$����Vz$�I��+�n�Q����W�{h,���&amp#16;�@��qm��İ����K�{O�u+y��t�&amp#28;k6M��Z���&amp#25;��𝦩���.��]&amp#15;L�����旌�5;�&amp#6;j�"�u՜^(�ϋ|3��E+�)/ټI��rhu4�&amp#16;\_��jV�&amp#18;]�WvZ�ͦ��&amp#16;�WE:~������&amp#6;�W���v� /�Z}�&amp#29;	��OQ�V��&amp#0;�!�@�4�ok_��&amp#0;��f��jzmՔ�6&amp#26;�֗���]^&amp#29;C�O�&amp#29;�]���鯫h7�����a��&amp#29;��d�m]n�<#`����'�mf�?�4�&amp#0;&amp#12;]����&amp#23;&amp#30;)��]j6Ӵ�?j�z���Iާ&"��N0�R��Q�N5kF7�=��
pT�*��$k9�+&amp#24;����qJ^��w�K�6�ѹ-[~�I��K�o��]�XB�i&amp#16;�� m&amp#19;��&amp#29;����ay�@4�f�K�ǰ�uO�M��&amp#6;��[mF���&amp#22;�o���闷~$�t����E&amp#7;�x���U&amp#31;�t�&amp#4;�&amp#27;O�S��uk+�[&amp#31;&amp#5;G��>�����n���&amp#27;[?�&amp#27;O�}T�w��,���v�&amp#15;�Ҽkax�+��{��w�,&amp#22;&amp#26;ֵ�y�ͤ_j�u��A�kZ]�Ĥ�_U�񾡧�L|C�h&amp#23;�H�6��.n!����t�g7~&amp#29;��{[��m��.���.$Ԗ�Ún��j��������&amp#23;�5�R���4�&��]Ҵh���8t[M3Hմ�&amp#17;j���9\��*��#:u*%R�y0���ǖ~�&amp#17;�Sȣ>U9�9V��FR���V�R��SPM.k�y;�[KF�k�Ѩ�+&amp#31;&amp#6;|$|Q�N�B&amp#29;SA��g�,���:L&amp#26;��&amp#29;普�&amp#7;F�|%���K�k&amp#26;Ư�xv����z��i�K�&����{�&amp#11;-U�&amp#0;�k�&amp#4;���>>���&amp#30;&amp#23;�t�&amp#20;]��^���m�ށ�,ڿ�|'q��dj]�ͩ��^x�XMF�����$�N�&�p�Mͪ>��Oo&amp#3;k^:��5�&amp#21;�&amp#31;��&amp#24;�/얚��f�g-�y#Y_I����Э4����%u�Qm��A������۟�����7�<zW¯&amp#23;�&amp#11;U�<=��<9�iv�.�����70Zi~&amp#27;O&amp#16;_4rh�V����K&amp#29;&�V�&amp#17;is7�4&amp#11;&amp#11;��&amp#16;k&amp#30;&amp#3;��G�&amp#25;�/&amp#21;�&amp#28;?��\kV˰�l\�Ө��i�U��
��.hStt��\"��J&amp#30;֡��0��mr�I�I���&amp#27;�$�pn�n����->%K�[�?&amp#22;~&amp#26;�F����i�}&amp#11;��&amp#15;�~��B�L�O&amp#8;x�_	��_&amp#17;�e��x��W�mtE�o��&amp#11;V��&amp#0;�s�&amp#18;?&amp#27;�����
4Y>9�&amp#27;�&amp#15;�to�M:?�&amp#31;�/�K-WW�����t��>��Zɥ�����k&amp#20;zƍq5��j�&amp#6;�is&amp#24;���H�]?Z���Q�o�_&amp#11;_�:�����Qi��S�_&amp#3;�ae�xr�S���[/��R�k�#��1xB&amp#27;&amp#7;��I>��&amp#5;�i~&amp#5;�^��&amp#27;�:&amp#31;��M�ꗞ&amp#23;�g&�&amp#15;��&amp#31;&amp#30;��(��#��&amp#18;o&amp#26;�!����&amp#22;x&amp#27;�2E�|I�4G^�e}&amp#14;�s�-W���o�~.	|5M&amp#27;D�|/�k_&amp#5;�Yu&amp#11;M3Ó[�ax���񦱡&amp#31;��&amp#7;�t&amp#31;���R���Ztk�Y�&amp#14;9���uk9`��c��S�O1�Ԗ'&amp#19;���p��̺UjT��&amp#26;��cqTp؊�i}<a�)�&amp#17;&amp#23;&amp#26;m�.�ch�R��&amp#25;�ˑA�&amp#18;u�֩���d�?&amp#23;��-�fxoO�G��&amp#19;���&amp#15;<q�^�Ү�m3�&amp#31;��~&amp#26;�M���&amp#23;��4��&amp#27;��&amp#0;&amp#12;l��&amp#30;|@��r5	-|Ek?�|&amp#19;��F��J�<5�M+�&amp#26;U��"��/�&amp#31;�~&amp#17;^��I�&amp#5;χ�&amp#23;�&amp#7;⏍<9�&amp#12;�9�ֳ�|M����9�&amp#17;k:�V/�&amp#20;�>&amp#22;�εc�&amp#31;&amp#24;��D�n5�g�D�<=�]7^���e���'���}oE���6|Eּ!�\j&amp#26;>��lK��m�m&����&amp#26;d��依�؝3W�5�3WK)�mN=GK�4zs����xѴ-WG�5[[&amp#22;�Ccq��Z���ߛ]3ź�����3���&amp#27;�{�K}F�k�&�Q��F������y|2}��2x��2�f�^YM�1t��b�d�l�&amp#24;�e�X�:�Sê8:��)�*�L�8�t�W���a_&amp#23;9��1U�&amp#25;K�W'97�g8Bz�t�N
R���줊&amp#31;&amp#16;>$�O�&amp#26;^�oo�x�5�&amp#8;H���|[�[��&�)i�1������~(�.o���I�4&amp#27;{�Яl��4�&amp#31;�&amp#30;,��ѵR��&amp#0;5_�O�M�|k��l"������=���z]����&amp#12;�'�d�<8l5)u�;�Z���Yh�&amp#30;*լu=&amp#26;�T���+U�O�L��꺦��q���v��&amp#7;D>&amp#16;լ%��&amp#6;���-˻j0x���&amp#29;Z(4�`��=KF�|Gm{~u]<[�z�Pǩ+i��W�>_���&amp#12;��^)�λ�i�&amp#0;&amp#15;����慪Z�x_M��M��[_��� � ���I�����V}&amp#15;T�tM&amp#21;E��5ޡ{i��&amp#8;���	l+f��~&amp#22;9�8AF�:�&amp#17;rFrW���X�2��U=�\���Sê��¬���cZTң&amp#30;d�S���WQ��>e�y�v�Ӵ��>U��ȵ��V�֯b�Ķ \&amp#24;5�u+���K�����Z�j�u��d:*��k��4��}��Z�hWo�����:�:_�t�&amp#26;	�|5�=
&amp#25;��z���KK;����������֡&amp#28;W��67^ �ud�K������~;[&amp#29;$C������&amp#0;i��gÚ.���&amp#30;&amp#30;���4}&amp#7;]��������⟷Φ&amp#11;{{�#X�)u�&amp#26;���]��F�m��z}�i&amp#22;�&amp#26;Ǩ}����%���kן�_&amp#19;�K�h��j���>&amp#30;���q���n4�K�Wr�Xj:rj�XX�Aoa�����[C��Z闦�x�[��&amp#6;�)�|n}��&amp#25;~�+&amp#11;:�ֽ�HrEG&amp#15;J���G&amp#15;:�-#R�$�����ZpT�-ʟ3Po��JV�������M�����&amp#0;/�<Q�{M&amp#19;D�|3�ƺ�����h�rK���&amp#14;ex/]�42�X/?�%�|A}s�Yj�&amp#19;�k4qh�t&amp#30;5�қX�����w��~9�i���?&amp#16;e��G���c&amp#22;�}�3R�&�q�X��>�q�Z�ٛºm�ޱ����53�42��&amp#14;�}��;ĖO���:�&amp#0;�>�&amp#26;x&amp#26;���&amp#30;&amp#27;�E��V������W���.�Y����&��&�}��&amp#0;l��v����S�ơ��T���]N�Q�Ɠ�+��������&amp#0;���Z�n4�&amp#15;&amp#17;&��,�&amp#19;[\�iP�|nu&amp#24;㸞�N�͕�:�����&�W�O�;�����&amp#8;�&amp#0;&amp#16;�&amp#31;a'S*�|�&amp#19;��b&amp#20;�q���q�ȧ^o�ӣJUp�YB��Yb�S�����P��꧖�y�f�&amp#20;��.jp��&amp#20;�Ҩ�֑ә�I�6�������G�&��}&amp#31;I��58&amp#23;�V���T����;Q��j)o�x��Y{�&amp#15;M����t��}{��7�6^&amp#29;��~!��&amp#19;�����k�d�\���c�Y�_M���5-��=3N�<g��Ky��X�!�c^�ڟ�&amp#31;X��G�u���7&amp#30;&amp#8;��U�/�&amp#29;SMԵ&amp#15;&amp#18;�~N�տ�V�k�O�&�Y�&amp#22;-+�Z}�晤�ڵ���~&amp#7;&amp#17;�Z���h��l�SU������ZG�kI4/	Z��H��6�yu�5���~ti�E��&amp#21;i&amp#30;+���&amp#31;&amp#23;x�R�k��0�5&amp#15;�]�h���čo�^���m&amp#15;H�5��=%�tx��B�Aմ��t�!��a��>&amp#12;��� �*�<R��U,D���I	Ԟa^&amp#18;�Sޯ*�#��&amp#21;!��:����F��<6"��!S&amp#25;
jT0qNQ�T�Q�eu&amp#20;�����5m(�Pi��&amp#27;~0������-�sgw���zU��|9�K&amp#11;�=oó�����Y�5�&amp#16;��S��[�?�|m�j��*���o>�ki6�t�luw�%ƻ�h�f��"�BhPZ�iZ��E�E%ǆf�B��&amp#15;&amp#14;�E�&amp#26;v��-�޵l.�&amp#27;M_Qm'���x��S��&amp#5;����ͯK&amp#23;���\�^�m��]j:e��V�u���}&amp#2;�DKm15[��M&amp#15;T��_��������5�K=S[е}WZ�.�	�h_�O��&amp#0;&amp#14;�<]�E}�h:����&amp#30;������jM&amp#18;�[��\����������Q����B�þ&amp#23;֣��&amp#23;>&amp#31;���N�t(b���\�3��-�p�L��<.S����&amp#26;&amp#19;tc&�>Z�5�J�j���֩
���+�\�R���&��E�U�jU[�skD��Ҳ傂��V�c%��F�>&amp#28;^x�R&amp#22;&amp#22;ZLrxsW���&amp#11;&amp#29;&amp#30;�k���&amp#5;����դ�/&amp#27;R�����l��W�&amp#23;��冥�J�&amp#21;֋����&amp#26;��_&amp#1;�9�m&amp#22;�;;8&amp#18;���F��9�ڊ�7�"�[&amp#11;�._&amp#18;Ũjvv
-��U���L��V(-�c��&amp#31;�.&amp#30;�߅~&amp#19;�61jp�j'KAuc�k7�W���z��g��#��{(���ү�&amp#4;�����f�I&amp#22;�t5H�.��M�'�2����� ������L��+=6-Z�����q[k�ڸ��P)v��-��}"+&amp#15;�4&amp#23;������O<o�F��J���֪ԭ8^n<���N*2���J�s�>"؇��ܪM��kW��NZ&��I�kY�Ih��[�g��t��-�Mz�&amp#30;���&amp#31;&amp#19;��x��N���<=k�Ed�i����D&amp#22;&amp#19;j����C��'�V��&amp#28;{&amp#17;XIi�=Qe_!.�.5+�=�Z&amp#24;��}6�k&amp#11;�������&amp#29;2�B��؋�+�..�&amp#18;���W��j�֭te���R����T��J�B�Ȭ�&amp#28;z&amp#29;ƭ��:A���&amp#27;�m.f�hu&amp#29;5�[[�McR��t�?L��U�c�m��#[�}v�P�i�˓*����^�&amp#8;��4[��&amp#27;�����}>	������;�5/��k&amp#16;�|\\�'��Տ�N���}gJT�.HS�;э����Pt!IO��R���F�I���K;����d����l�`y���/�K�-E�MJ�]^�)|Ѭ�&amp#31;����~�el�RJ�z̷&amp#22;���ƙ�&amp#25;�&amp#29;ml�ܺ��&amp#11;���O֥�.4�ytK/�&�&amp#20;����yto!&amp#22;z���Y�ݾ�4��F=;W����	�n�&amp#15;N�.��������-n.�L��r��H�Z�N��ZH�>��h�c�&amp#28;��Q/{m&amp#4;SG&amp#4;w��J�5��d&amp#19;�v%��k2������5	�Ym嵎��K�N�X��#��'�-�om�d�]r�_&amp#18;nR���NU&amp#21;UJSk�S��vVm[�P�)��s��)�R��J�]��&amp#20;�Rv������z�QNћi�u&amp#1;qo�_ZI-���y��&amp#19;�v���}w����������u1�S&amp#26;���ac!׳����}2�[y"�DZ\�"��v&amp#23;V�e���?���#����)�T{	��R�]2	V��nB�&amp#18;[{��K&amp#24;��%ɰ&amp#23;���d��m,n'��+5���c)&amp#28;&amp#27;m�o�]�rf��g��-�իj���k+[v���͊;[[[f��+ȯ��U�i�WP���&amp#15;�&amp#25;��]�}w&amp#29;�rN�ߓٯv.ы���&amp#0;d���*B&amp#20;��&amp#27;�R�l�d��e&amp#24;r�Ss}�������>��m+ɮ�,�٫]��&amp#21;�&amp#1;t��ڭ%̶&amp#11;�&amp#11;�&amp#23;�_�&amp#25;��-��kB���x�M.���^��ĲC�����UӴ&amp#11;7_�P&amp#11;,����[�-n�����}.�T�&amp#31;&amp#23;p���t�&amp#26;�=!o�,"C&amp#31;��&amp#15;sd65�Wl��H����y#��M:�Hη�&amp#29;.���٧��d�&amp#2;�#Q� Ӧ�&amp#8;�pi�D˯&amp#11;=R/�|w�&amp#31;E�����}�i:���&amp#15;&amp#18;\[Ii&amp#20;�&amp#19;Eoq�Ū��&amp#26;�'�l�K����������o�]2�M��m�+���2���+&amp#17;&amp#25;F��j��&amp#5;&amp#25;�&amp#18;愩:��̠ۧ�%�&amp#27;8���V*-)+�&amp#21;�n�]��ѻ��oC�>4�c�<?�xo�:&��&amp#0;d�&amp#2;_\&amp#15;&amp#18;Ky��[@<&amp#19;o���cy��WWI{�i���=��l�0ֵkn��w&amp#18;�&amp#22;7&amp#23;�O��o&amp#21;j�>�%�&amp#26;&amp#30;�l�.��&amp#14;�i�Og�:���:֚��KH�k˻O&amp#16;���jV�5�wz�V�&amp#1;��H&amp#18;M3�~*����&amp#21;ƅ��&amp#22;7�徱�+?&amp#19;j�&amp#31;���M��lo�&amp#29;;I�t�=lo<S�ͧj��pxkAҼigw�h�^\�k�i����xO����fmg����.��&amp#21;�aw�o�/�t&amp#29;K��vZN��A'�|7&amp#7;�o�&amp#5;+�Z��^j&amp#23;6&amp#17;�ڷ����kZn���&amp#16;^i6Z~�'��-�xc�G&���c���R��˨�&amp#25;�������&amp#21;)�)�R��q8��С
�*N0��&amp#24;�q>~�i�*�4}�q�S��֜��*�Zﭮ��^e�i�&amp#0;&amp#4;�����O�5��Wǐ��⯌�&���B�^M�xKN��c�.��{mT�{k�&amp#18;_XX>��"9-t�'��}�����\\��&amp#5;$�r����Q��[�m'	��N�T0Ww�mm`��&amp#27;Kh�&amp#27;kx��(�6�c�l�4\�Ј9'v00J�V9�&amp#4;&amp#0;8 �Չ`AR&amp#0;&amp#0;*�&amp#14;�N[!@��+�&��~���?i����	�O	���,6&amp#22;���hь!9��Vju�7Rro�(Q�
1�&amp#11;Z)s4����'�j�MٷkY7�&amp#29;�'�&amp#24;����Վ;u�&amp#4;�Q��;�?L�&amp#15;\��'��&amp#20;&amp#14;�&amp#0;1�8&amp#28;u��'����&amp#15;&amp#27;C*���&amp#15;Lgsr	<�8&amp#29;z��-|��;n�W�K��޻t��O]���_���/&amp#28;�=3�&amp#17;�qc��&amp#25;&amp#25;�NT��Ü����G���Ӧ&amp#14;y8�ݑ�`�6�z&amp#12;��q����&amp#8;&amp#25;8�&amp#31;t�u&amp#24;�p[�����N[�_���}���u�m���&amp#20;&amp#1;�Ӡ�8�<����GR&amp#0;���&amp#0;u&amp#28;�&amp#3;לt&amp#28;&amp#2;OLn8�&amp#1;�n&amp#4;�@&amp#29;Fr&amp#14;:g&amp#29;r1��G'��&amp#0;���];���%�� &amp#21;&amp#25;�0F@$�~������5���oW��������3&amp#26;s�&amp#0;&amp#16;	���Il��8�+&amp#12;�R&amp#8;$n�8 &amp#2;:�2s���d&amp#16;rT�RR6&amp#27;�ؤd&amp#0;J�`��&amp#27;� ���&amp#25;[$��eF́��1a�&amp#12;K&amp#18;C&amp#18;&amp#27;�>cӜ�0&amp#0;����&amp#0;�T
i�C�&amp#17;v���_[m��&�N��&amp#24;���&amp#7;�>�}ރ=H�,�F0q�&amp#29;>�p&amp#0;b09'�y�B�&amp#24;�rFG&amp#25;�&amp#28;`��'�H�NV�2�&amp#1;���T)�VbG!�a�$&amp#2;&amp#1;&amp#27;X2���~~�ޭݷwoKu�UgoEm5Z{֊&amp#23;&amp#25;&amp#25;&amp#4;�g&amp#4;���s������&amp#26;�g �&amp#24;?{&amp#7;��&amp#15;�3ؓ�&amp#1;��`�^�`s��&amp#17;�<g�$�t&amp#0;҂A�&amp#3;����n8���d&amp#1;G��������w{��۹���wv궳w�cA\�1��8aד�9&amp#1;�C&amp#16;GB8&amp#29;iG9�lg���&amp#28;rI�&amp#7;=��I��{d����&amp#1;��&amp#1;'<�pI�i0&amp#14;:��n�Ǟzex��9&amp#3;$��5����m6����4�֖rK���EV��˹�&amp#16;&amp#24;�����+�&amp#5;&amp#0;B:'���ܕ<Ӊ]�X}�&amp#0;&amp#24;$&amp#18;C&amp#28;&amp#18;&amp#1;*0���$/'4����s��'<&amp#3;�H�A99��s��``���|&amp#14;zt�s�9��f������w�L��4՚^ZY��[��wm_A�p@=A�$�z&amp#3;�����t�4(m�'�ރ�&amp#28;�If�<�q��Wu&amp#25;$ɷ�&amp#14;&amp#8;#&amp#27;�V&amp#4;䟛��#��NsK���s�뷱c�x<�x&amp#25;�&amp#3;�J��^�p�W�M>oMv[k�[������&amp#8;ϱ˞O`A�?1�$r�/.�&amp#23;pR9"�&amp#29;�$<��F���*�?����&amp#30;P&amp#27;k&amp#28;�~WR7&amp#21;&amp#28;�&amp#1;���c$u&amp#7;���&amp#11;)%��;&amp#3;.����&amp#1;�&amp#25;�;s��ߜ&amp#18;NK_��>�l߯~�Y]&amp#23;��/&֫[��zo���&amp#28;:&amp#28;�zg�8=F8�&amp#29;y��&amp#0;�8&amp#4;&amp#14;;&amp#14;I�_���&amp#25;&amp#24;���yj���0*	&amp#0;&amp#1;�iel��ySЌ&amp#0;F�y�&amp#12;&amp#0;�N1��:��<c��$�yj���m��W[ٽ/k��i&��Z��=�kꞶ�M����&amp#14;��h�\���<�&amp#30;:t8�&amp#3;����&amp#29;&amp#14;;��IQ�q�0GBI|���r0pi7&amp#1;�����$&amp#3;���&amp#30;䁸&amp#5;�r����Z�m����Z�&amp#27;���w`���t}�K���NZ��w�&amp#12;�I���NI�=r1�@�84�_Ӟ���&amp#0;���<��&amp#31;.h&amp#28;�1�|�&amp#4;pO>��rG4����&amp#7;#��3�z��&amp#1;�9�4iv�(����Wm&amp#20;m=[N�W�����⺽<�}޷Ro���&amp#0;��x(i߶ׅ|Y��]=���&amp#21;�N��M*��}^�&amp#15;&amp#8;x��J�&amp#22;zU������W:���x^&amp#27;��2�����k�&amp#30;��	]��{�x�N��͖�&amp#6;�&amp#22;�2&amp#24;�忸�.���N�b���J&amp#17;G�u����L����Ws�k&amp#26;��W�&amp#0;&amp#5;��K�&amp#31;��-��f��A��b���&amp#19;���9�]'S�����OQO&amp#23;�WC��&amp#24;�Y�&amp#7;�5~�[��&���l�Z��&amp#31;&amp#14;j�-�/��&amp#26;֦���q&amp#12;�&amp#26;ơ��w&amp#22;&amp#30;&amp#21;ּ?&amp#23;��&amp#26;䶺��+Ԯ�|C�k�%����:���]�&amp#29;OM�_O&amp#23;��&amp#22;��(���o���՞g��A�?�P�iIԥO&amp#3;��0��(Jj7�O&amp#7;&amp#24;՜�����8��x�&amp#0;��Uk�U+;Y�E6��J�˼�����-&amp#22;�&amp#15;E�j1�z�Eqm�ߴ�G�&amp#22;{��?�iZz�]�/5&amp#29;*KK;{�|��!&amp#18;��&amp#27;�&amp#23;Zf�5V��t&amp#8;&amp#30;�#�e�S$q��{K��&amp#18;�O��&yV�VMJ��X�&amp#12;z%�)������8��<�e��&amp#4;���&amp#16;]�f�}'O�;x㷹մ�&amp#19;Y���&amp#16;ǫ�׭���m9"�I�Z�Y�������χ�#�����f[y�&amp#26;cl.���&amp#26;������+K�p�%�iu>�4}N�m�����Q1M{o��XK�K&amp#28;���
U\�
�AJr��j���J����iڣ�n�(�)84���~�&amp#29;�m���od����J�ٽ���%%�&amp#23;���A�����ouM^k��&amp#11;m9��Jm-���ԡ�&amp#14;�4�&amp#20;^�KB�o�կ��g�qϨ��&amp#21;��P[}��_�W�ͽ���4o-5y/�K�\k&amp#22;�&amp#29;&amp#30;�&amp#11;[4ּM�/&amp#15;�l��G[��<9io�x���M]&amp#18;1��}��F����m�K�Yu�+����&amp#15;�q��B�t;��"��U�&amp#0;�R�w>'�->�\ӥԤ�&amp#22;Z}�� O&amp#11;�����>&amp#18;��z�b��&amp#31;����k&amp#15;�Ʃ�x����&amp#20;7�D����j>!��ݧ�5�<)}���E��/��"�N�F���U�|I��3x�R�޻�k�&amp#23;�M��&amp#5;IҔ!�#^t�N��IЫ8��W��*qJ�&amp#31;g&amp#21;N��)�S�n5��&amp#22;�O;&amp#23;���KI���5�������i��[�߉֚����M��~�.�&amp#5;��|&amp#19;w&amp#21;Ԟ1մ�&amp#4;i���x*��o��dk_&amp#19;hv�yc�B`�t��&amp#26;Y�[�&amp#17;���N�|&amp#19;}���Ï�]��<&amp#25;����6��>��&amp#19;ZIu&amp#14;�&amp#28;q&amp#15;XxoD�tIb��-4&amp#27;���&amp#14;�n/��F��5&amp#27;	_L���:��k�Z~��&amp#29;&�R��7&amp#30;&amp#24;�n���&amp#15;�y��&amp#16;˨�u�|G���gf���o���M�&amp#30;&amp#30;�V�t��&amp#11;��i/s�4�;V�uO&amp#6;�7�R&amp#31;��&amp#0;�g�<O��&amp#29;ͥ�|)�&amp#16;_�6GN�n#�.5a���J��`&amp#16;<͢��Z��msu��&amp#26;�����f�Ե�]>�t�K&amp#21;S"��e��8�9v.8&amp#28;Dc:5�Q�Tp��Ng&amp#26;���IԫS�J�2Q�'&amp#15;&QR�FR����Ԗ�-*���[5����I���&amp#0;�/���_G�Nu&amp#20;Ҽ7g�&amp#6;��-�f���+&amp#22;�,r�s&amp#21;�w��ͩ]&amp#11;5&amp#17;&amp#22;dҐOs�[��][N�e�/�@���&amp#26;���7�i���M3@���3��0�!�M��uMoV�~&amp#30;^��s����|&amp#11;��i�1�5��?&amp#14;E7�n�{+�&amp#7;ދx-��K�&amp#7;�oŽrq��>�aa��>>�K��>&amp#17;���&amp#19;@�ž5і}*m&amp#31;\��&amp#0;��5�;�	�Mc�~%�P��.<&amp#11;+7�|M�j	��&amp#3;h&amp#23;F�a�&amp#26;&amp#23;�m&amp#27;L�u�#Q�&amp#30;���?&amp#24;�|&amp#29;&amp#7;��&amp#6;��}^}OX֦��^+�o&amp#16;�&amp#22;����&amp#31;&amp#11;Zj��]/^�L�&��Y�	�3�q���|\x�;�=�m(8c%W	
���N�7[&amp#17;&amp#23;*�Y�eJ&amp#24;���ʬ���j�&amp#17;�����T�i������Ǚr����'(&�|�NP���zƓ�3H��������&amp#31;�d�_�46���]&amp#27;@��߅^&amp#7;����?&amp#22;��[?&amp#6;�&amp#30;&amp#29;�AᏉ:��t9|5����O��A�`��{M�Ğ&amp#2;��FM?ė&amp#30;&amp#27;�&amp#11;e��&amp#27;�o��&amp#4;��oc�oI�5o&amp#11;C�&amp#15;&amp#22;�/��`�&amp#22;���-WS�&amp#22;�/<3��A�uɴ&amp#29;&amp#7;P�D�4����s⎯�_&amp#22;��v���&amp#0;&amp#15;y�&amp#22;�&amp#28;��tv�Zm���&amp#19;E��m3�zƑmc$_&amp#14;��&amp#0;&amp#25;k�'���wԞ!��<Q�O&amp#6;i-���_��&amp#27;Yiz���_A�w�}W�&amp#31;&amp#5;�%�X׿�G�^��~&amp#7;�<Xt�&amp#14;�|S����+&amp#15;&amp#20;j&amp#22;�&amp#16;|/���&amp#31;&amp#15;/���&amp#26;ωo<_}��C��&amp#0;�y�x��t�&amp#16;<�1�x+]�f�\x�/&amp#23;h7&amp#30;�>�!��0�ኔ}�.��e�q�)�ٕ&amp#12;&amp#21;<'>2X�/��b1�\%z����&amp#16;a�.�&amp#26;�&amp#12;����J3�&amp#24;TR�&amp#8;�*PR��W��8�.��iIKY5&amp#5;&amp#5;v�U^���1x&amp#15;���?����f�]��U�B[�&amp#29;t�/�3B���<E{���
K�{�&amp#3;F�|&amp#26;'���m&amp#22;�t�&amp#22;I��.�&amp#7;�4)<M�x��ڏ��N���mz&amp#31;&amp#17;��&amp#0;5�|&amp#31;�\$z���&amp#25;t�x>&amp#28;�&amp#21;�&amp#21;�F}N�I���z^��ǥiV�:w��},�&amp#0;�흯t�����>&amp#14;�˿&amp#15;~&amp#14;M�^iڏ��g��:b�&amp#31;��s���ZƗ��&amp#3;¾&amp#29;�N��G�|?����o&��]��Eqs���&amp#24;�"�o����E`$��&F,��"G���&amp#12;���~l&amp#23;TS�e&amp#0; ��&amp#25;�R�㰵�&amp#12;~&r������14)��<>3&amp#18;��&amp#20;%	sΞ&amp#3;�XZ��B&amp#21;�R�YF0M��Z4�=`�&amp#24;-��)E�6ݝ��{rŶ�g罯���]����	���$Wzl�v�-�&amp#12;v/cu&amp#20;��S�w��K�^��55�/�ht�MB�&amp#6;�T���V���|U�]�&amp#5;���&amp#12;�s&amp#18;��C&amp#4;�>$����&amp#5;��ak?������:��%��&amp#31;&amp#19;ZæEaon4۽F�mr&amp#15;�
��&amp#24;�1��$ �&amp#18;F[�3�&amp#16;AR_&amp#28;��qw_&amp#17;�&amp#5;e{&amp#30;�&amp#23;��=K^���T��擪i���o��{��潳�`�{����md��T�aҭ^��0�&amp#18;�&amp#22;q&amp#5;w?�R�ί',>&amp#30;�����9�&amp#30;�t���n�%&amp#6;�'UN*�x*4��m$���ץ�U��J��~��&amp#17;����&amp#6;�]j&amp#26;ƭ��{۫�&��C�4;ۻ�F�Xu+�c�&amp#15;&amp#20;�g쓛K��o&amp#20;�m�&amp#4;�.��i=ř�xt���&amp#0;&amp#3;t9�Xt�&amp#19;�0�&amp#28;&amp#22;&amp#15;������C&��0���X�&amp#15;&amp#21;x�YM&amp#31;@2Z�qjj�6�qx-�x\W�&amp#31;&amp#30;�o�&amp#4;|/�f��j�֗���t��)u�m�K�&amp#16;�t&amp#26;۲�&amp#25;��&amp#22;�qi�i�&amp#15;�V���ωz&amp#24;�����&amp#20;x{N�ޝw�?��@�D~<|t�/�c�_�k?
4MZ�Q��|S�ꚞ���&amp#20;��'�u���}3��kg�xN�I��&amp#15;�5�#�:3�6&amp#14;..��/�l��F��&amp#31;��+��&amp#16;*T���W�eQ�#��V��R�G'&amp#8;�&amp#16;�
�Ty&amp#15;���J��P�*4�N�橊�PW�T�d��\��j-�}���_&amp#27;NMI?ݟ���
�?�6�$��.�Đ�����&amp#29;�&amp#29;wA�>!x�MF����X�u&amp#4;����ÿ
�\ǫ�׺��Ϋq����X�m�[ɢ?��g�o�/�z�&amp#0;�~>�O&amp#7;�N���6���&amp#0;
�Iwmw�^k��U��<Y�gU��&amp#0;����֙}&amp#22;��-g[�3��-X�V�Z&amp#22;��O�ZW���u���&amp#21;�����|c�떞$�TԴ=g]է�=&amp#15;Oմ�&amp#3;]��յ;����t�~&amp#23;�>&amp#19;ֵ+�*�O*j������&amp#11;H��[&amp#24;<7��kQ�|C�X6���{M&amp#31;�:D6&amp#23;:n�4�/�<Ck��j�����J�k�j&amp#12;t�wZ�&amp#19;W�0/�����&amp#7;�&amp#15;&amp#14;0ҧ�a�;7P�����F&amp#28;�c
���^�<M*q��y�\��g��,=)��ԥ�<�V�i9VmRN)A7�$�ی�&amp#22;��c�qV���\���_&amp#15;|;�x��Gм7i�-!�K}+T���&amp#0;U�t�O�&amp#23;w�>��=gM��<zU���n�4k�].��ֱ�m�����o&amp#16;_�o�xJI�;��&amp#21;��z��j�i7�&amp#19;f&amp#25;�=&amp#5;��uk{}:�5Dj:��+�&amp#25;�=��lړ�t��k}b�W�&amp#30;�L�&amp#5;|8������s����&amp#27;{O&amp#7;�5�<+�XX�i�&amp#26;��'PIt�&amp#31;��:n�t�7���7�WS��ז��&amp#22;��Y.&amp#27;��&amp#0;��&amp#14;� ��t�?K֥�|9�I�^]K��GR�lo��&amp#5;�����R��w7�t�pZZIouai&amp#27;_��jI�kZ�&amp#26;��&amp#31;&amp#19;q\iƓ�y�P�s�&�$�LO�m���<ʜ�V�
p�&amp#26;PU�jҒ�C�N�,Z��J0I��ỵ�m��+j�4��/&amp#11;�&amp#20;�u�Ph�,o��#RՒ��N�1A5�����+�&amp#26;��&amp#29;�ko��&amp#18;Aq�]@�Eݝ��&amp#5;���&amp#18;���&amp#0;&amp#11;i��J&amp#27;��?�_\j&amp#26;Λ�j&amp#26;���j��&amp#27;�&amp#0;.�&amp#27;��:>�r��&amp#19;E��i�$�m�4(_P�E�6���f=�&amp#19;L>&amp#28;}+Q�l�Я4]&amp#18;�Kєir��w&amp#29;;�oskwg%��w�j�&amp#22;�CZ^�s��o�ZϯMw�{�&amp#11;�mOq��kF&amp#4;Y�:F�&amp#7;�=�z��6�����&amp#0;l[O$����>)�>�qw�\Oyy��M�����-��M3M�5�_���߆f��\e�&s������EҔ�R�Z����(NS��9^2�<kׅj&amp#20;g?_&amp#15;��T��(���+��[�V��ӊg?�Ky&amp#21;��&amp#16;M��y:��&amp#5;��t��&amp#29;4Io&�6��j/��gwp���˨������_��#��Ѵ�Bn��:=�&amp#23;-mcuk��ir}�N�F��\�{���XJu&amp#22;�R��xm�4�w\�[��R:�t{�mc]�^/&amp#14;�$-{w�Mmm��m��<^ ��PYm�M���.�yoyo�L��S�.��&amp#4;�&amp#29;��'[�Li&amp#7;Gic��Z��w�<������׈l5T���=>��&amp#1;,zY�[Kk!&amp#21;�:Cw?�u�h�}����b��&amp#22;��i�M�1R��&amp#21;Vt��&amp#22;����[�9N�U��&amp#24;Ӄ�N��=����m��l�zE�e&amp#24;�&amp#25;7%v�&amp#18;+]>�Th��KE�I��[�&amp#6;�7�o��u�.���<�ik�\i�y��L�&amp#30; ��Ӭ�=J��$Z�K�魟P��4�ׄ�j���&amp#23;6���&amp#29;ަ��	ᵱ��8n��fY_X�����d�&amp#20;Q��;�nL+ya<�r[A}��]�Kk�i�P�������J�^�{wkcu�x���"�,��K�Km&amp#4;z���h�w����Wh�:>�hU����&amp#26;t�Y.m���&amp#20;k&amp#23;1�{,�pAuw?�)�*�#&amp#21;9���8s)�r�ʢppv����]&�98�vvW�c�z���mj�z����Շ^�MJ���[4�iq2&amp#25;�\��m������/���?hմ=&amp#27;Ē2iZk�&amp#31;���}U����&amp#18;ܺ0Kt�&amp#11;$����b'�&amp#22;��W.�Ri�k%ݬ�3J�&amp#18;M&amp#21;���`��Q&amp#4;���h�&amp#24;�&amp#27;KW�f���L�k)Υ�xSB�K�7T��ԧ�Y4I��8-b�&amp#1;��iyu"�[��i	侣}�&amp#27;y,N���w�}��gociu&amp#30;�����glmݼI�f�Y[�+p��VWw����&amp#7;��i�e�K�	57�ѧ�&amp#31;�O������'Vq�&amp#24;A�I�
&amp#18;��&amp#21;
�r�p�5f�z�m�I&�IY&�ݯ���ͦ&amp#25;m.��z`���;K�.�*��N������L�]��k�-��g��r�}&amp#5;�R�&amp#14;ٳ��,�w�5;�K�5�x&amp#22;�EG�����T�3&�o{�Bg����۾7r�&amp#0;f]F&amp#19;O�%}F�X9��Э�M��D�?��z��i�&amp#17;�ȷ�i��g�a����t�a6�o�C��j���R�&amp#6;��X��]����B}SP�nu����U���6��/�#q�j:7���������5=���.�-^�y5&amp#29;6����_^���˥^q�R�益���%>T���M�(*�&amp#23;S��J�H:��q�֌�J׵�k��v�嵭��ݶ�rz2����E����x�]&amp#31;H���o��Z�&amp#23;�:Ɵ��66��&amp#22;�����U��5[i�Gկ������[R�����?�������y���Zk���&amp#22;GL���u{=Ff�㴷��>c�֬�c���Q����-BKg��_&amp#5;I�?&amp#23;>>��ñ��O��t{�&amp#22;�}^(���]J���>#��mwXմ-B���ѯ�m&amp#19;T�F�s
[�6v�:槥���\�ߙ�ZΫ�m_]�O�	j�1�u�&amp#17;�f��Z���L�&amp#26;���k�9��-���&amp#12;Cpu;4�V�qa�&amp#27;ëo{�k�歧hB���&amp#15;��&amp#26;u�Ldh�&amp#20;��F�YS����j�Z��Jq�N&amp#20;��E&amp#27;�R�t�7
|����"ײ�r��&amp#26;�<ɾ[[���w�I�kɷ�>&amp#22;𯌿hO��&amp#12;�#�S�u&amp#31;&amp#21;x�&amp#27;?&amp#26;�x�\��𦏥&amp#8;�&�&amp#14;�����O��G�t�&amp#4;X�Z&amp#15;&amp#15;Ciq�&amp#29;?�V�&amp#31;�<�n-.����%�ß&amp#5;�&amp#29;�>&amp#4;�֝&amp#6;�i��[$�&amp#25;�.丼�=��&amp#23;�QCq�He,V�h o)�1m&amp#20;J�&amp#15;�`O����e�k&amp#6;���ӼC�c�;u_&amp#19;��csss�Gy&amp#19;Ko��&amp#15;k^ ��&amp#18;�д+G�L�u)mnu&amp#7;�MB�H����?Ac@�s��	�n�2�&amp#6;'g�&amp#20;�NX����&amp#23;��&amp#16;(�N>�I�O�&amp#16;2j��:��c�cy�&amp#26;��F0��&amp#30;&amp#16;�a����9�&amp#21;�F��C/�{&amp#8;J�_�U�z�B�j-������[T�8d�&amp#4;�%H��$�#��l�'9c�&amp#0;&amp#20;���y=I9a��^���#���&amp#0;|�#�`t&amp#31;y��q�&amp#1;��d���h<&amp#18;&amp#6;1�w�&amp#5;����8�s�T&amp#19;���N�_-�{���u�Z;ۘ�U��3�{�}&amp#29;�׮�����=�~N	&amp#3;�8&amp#3;&amp#28;q�0I&amp#4;�&amp#0;�r;�&amp#12;��� �9�͍��&amp#1;9&amp#28;��'��2@&amp#4;v �	�ၞG�&amp#14;z��&amp#8;�c=&amp#7;@&amp#20;������&amp#0;�{����>�w�&amp#0;�z�v�&amp#2;A�x�#p�&amp#0;Y��#�E��&amp#25;' �r��\�'9��^���@�&amp#14;X�&amp#30;���d�&amp#6;O&amp#0;��c�'&amp#28;�&amp#25;�\�d��p�7&amp#16;�H�&Q�vH��"�&amp#18;"H�TIY�&amp#23;�;�����^�k�&amp#31;}{/?���&amp#31;��z��q��&amp#24;�&amp#0;rO�ב�2&amp#7;�EW�>�s��8�\�G&amp#7;$&amp#0;	&amp#7; &amp#28;`�1�H㎧�Np2s�;��r&amp#15;��rN0&amp#8;&amp#4;&amp#2;&amp#12;��&amp#0;�GL�&amp#1;x&amp#7;�m���]�i�z]�&amp#22;��/�۶����xX4JS&amp#31;��#'�>	�&amp#7; ����䰧�&amp#4;&amp#31;�&amp#28;���xi&amp#1;=&amp#20;��&amp#24;��&amp#4;2����&amp#18;&amp#12;@*�(U�#'!I&amp#24;br�#�wn&amp#25; &amp#6;.C��2���i<��ed#=2AV����1�n��V��&amp#5;S��u��R��~XY�=tZ]o��[��r�$����&amp#28;�0&amp#6;&amp#15;' ���bW%@&amp#30;���R2~l�2v�䞢�7&amp#18;�&amp#14;8��9�z���&amp#1;'"�dg��&amp#2;&amp#6;76&amp#1;&amp#27;���&amp#24;�&amp#2;X��m/�W����5�w�KE��}�i���m�&amp#14;�@8�N>g�8��}��&amp#1;�H8n�����pFG&amp#5;O&amp#29;I��&amp#4;&amp#26;U&amp#25;<&amp#30;�`d�2���&amp#4;`��$�#��s�&amp#30;���8&amp#28;�x��8���*	k����v���4�z�v���������|�q�0A�&amp#14;x &amp#22;�&amp#8;=q�	�&amp#28;
^G&amp#7;���}[����&amp#19;���@&amp#0;&amp#4;q�1�>b�zc,&amp#6;8&amp#3;��,Ɯ&amp#1;��_\�=N&amp#7;�@�`��:��o�������%�9k���ݴ�vi�&amp#31;�?&amp#31;�9�׎��^rI?&amp#12;�&amp#0;���={�&amp#19;G&amp#31;����^q��94�g8�N� �8�&amp#30;&amp#6;&amp#1;��OBV����}�����v��*6��Kl���g���Wi˙&amp#12;&amp#7;9&amp#25;8=s��&amp#4;��n{�G&amp#24;&amp#4;�&amp#2;�$珗&amp#11;�&amp#0;� ��@+�&amp#21;�&amp#1;y&amp#5;����sϡ��9�r~�&amp#1;&amp#0;&amp#2;Fh �x�=8'&amp#31;�8�l��9+B���m�Z�^�&amp#0;��nm�mu嵝�&amp#31;M��&amp#28;&amp#3;&amp#28;��&amp#20;�w&amp#0;�&amp#14;A9e&amp#24;��&amp#8;&amp#24;�7&amp#2;��&amp#16;K�K:&amp#23;&amp#7;��W*v	&amp#26;x�e����T��&amp#1;g\�
M�&amp#14;8#&amp#28;{�n8#�S�r*%���K&amp#6;I&amp#17;�29��&amp#28;��e^\� &\�v��pVݿ=��~�zl���-&amp#30;�vW���k��o���d�A�&amp#31;�&amp#25;b2&amp#8;&amp#3;&amp#24;&amp#4;c�NA<�&amp#29;&amp#15;����&amp#6;x�ב�;�&amp#23;�w��&amp#11;s�8=��[��h��&amp#7;8㌓�^�u����*��[[/�[g����[����k;%~���_zm]nӺ�`�<��&amp#28;r[�؜q�rNJ�3�dq�O#vs����=�'�8;�=�rry=r&amp#1;&amp#29;��&amp#29;��&amp#20;&amp#18;&amp#15;#�	�<�y�&amp#30;q�p8�`e�-z-5w�����[��I\#տ-�&���kj�W[�&amp#28;&amp#12;����d�<�O^O$g4�ܒ{����&amp#7;��>a�H&�&amp#21;Qv�UU&amp#1;U@*�F�
&amp#0;&amp#0;&amp#0;&amp#20;&amp#0;&amp#6;&amp#0;&amp#3;�9`c�&amp#15;A���n��&amp#8;�$Эg~��gmt�}��&amp#0;-&amp#29;�GF��w��{h�]�VZ4~,�&amp#0;�k�g_�?&amp#4;�mm�[�w�&amp#23;��ecnn/��ћĞ&amp#23;�>���ŵ��=��4�D���d�_&amp#20;G���/l-m_P_ʏ�����\h�Y���Z*jm�iCK��E��\�/�Ѭ��_�v�3�&amp#31;\��t-&amp#23;Pqw$:~�$�X�<&amp#21;up&�S���
��}S��&amp#31;�&amp#29;GD����|&amp#3;�x+�]�V�&amp#21;�S��&amp#25;��ėw��I&amp#27;YizRB�γ�Asu��j&amp#22;v�V��K����|+���5&amp#15;&amp#12;xO�:&amp#22;����-�Ԯ��_�&�<kk��;}&amp#3;���m���t	u&amp#31;&amp#19;j0�/�u�Y<%��\h�&amp#30;&amp#25;����&amp#15;����<3�&amp#30;u)%�晦&amp#18;���ʩ��ӡ�U$�V0���^&amp#20;�&amp#26;sSr�&amp#20;�ڈ�~�&v���:R^�jn;%k^&amp#23;j�WZ�s/��W����>+�GL�K&amp#26;[�,��?F֡��'�4�n,'����	&amp#18;�DҴ�|G.�e�_�\�j�:U��ǧ&amp#30;����4&amp#31;�/&amp#14;]�@5d&amp#26;e��Mm>�o&amp#29;�-��v�6�kk�][�&amp#26;v�[&amp#11;���+H�L�S&amp#22;�6W�M���c�_�t&amp#29;g@���uM%���&amp#12;i�:����>-���ֱ�&amp#7;��뻟&amp#17;��I��_��]�.��Ե�!�Aoy��i�V�q7����~�мq����-���&amp#6;�y4ڥń�e�Q[Z�i��h7:��&amp#26;&amp#16;�ߊ��9�;MZ�=F�]��uAqq_&amp#7;�du��mJ��GBSU!*�xR�&amp#20;�b&amp#28;iT�)]:�Rt�Nr�(��5&�3��h�&amp#18;\��$�����Gv�i�'~�G_&amp#25;�:���Z�uexu)�M=֧�iwR����\�w^���&amp#22;�j&amp#22;گ��&amp#19;&amp#12;���A�_�"^�V�&amp#16;���R^W��3���Ӽ@��w�]�l��um&amp#19;Y��E�>��M.��&amp#11;�~�&amp#24;��-KJ���
���i�N��&amp#31;&amp#21;7i�!���\�&amp#31;�^>�Ӯ7�w�kv�I��ƃ�YG&amp#4;�\���<Oy6��Iq�[Os��jSJ�6�&amp#12;�l��&amp#26;ɻ3�Z�۟��&amp#30;&amp#15;�<1?���$ҵA���E��PҚawy�˨5͍��w�Z�&amp#23;z_�Sg��KO&amp#21;�x{D�WM�&amp#11;xuV�����&amp#15;�9�IT�&amp#25;9B�.u	?k&amp#23;:��g*\�Ft�£�N�+�aM�ũ��.��ԻZ�+k�w�Ӓ{j����U�����<W��&amp#22;��&amp#30;���&amp#17;����E4H�� Y�&amp#23;��I%����m|C{i�KI|U��&amp#15;�[xsP���X��L�_��&amp#0;&amp#20;m�������&amp#0;�&amp#17;�q��&amp#16;hz�%��&amp#6;�&amp#21;��e�xwZ�uۯ&amp#16;�=�w�ķz�ݞ�-�&amp#26;}�߄���XӴ�&amp#3;W��&amp#29;�P��{6�i�k�M�\�&amp#17;�&amp#29;�Ʃosc<�&amp#0;��&amp#14;� մ(>סEa�X�&amp#30;���&��׷:[h~&amp#12;&amp#27;�,tώ�0I���$:&amp#14;��=ut�&amp#24;����R�X4�SVե�&amp#22;��x���K��Z��6��&amp#31;&amp#4;�x~�I�����&amp#23;�/'�&amp#22;���z����&amp#12;�P�&amp#23;&amp#15;z�isV�(���:�䏳\ӜS�R����[��:'�V)E�h٦��.X�]�u�I_FڳW?}?b��:/���&amp#14;>/�>��?&amp#20;|&amp#12;�n�����v&amp#26;-���ľ&amp#24;��&amp#23;Z���i�G�6Ԯ/4�&amp#17;\�_j�x{�>����\�^�a����&amp#21;�KJ�a����^&amp#24;M+�����O�Z&amp#5;���&amp#17;�7�&amp#24;��~&amp#31;���^<�^��ޛ˝&amp#27;BK?�ZV��Z-CO�&amp#7;��E��G[&amp#8;�����&amp#0;�N|b��w�\�5�m&amp#22;&amp#22;�/��� YxkY�,�f��&��i�~�&amp#21;֩��>�y�k��^���z9�͵��C{k�h�Ў���&amp#19;F�SGԵ%���&amp#23;�o<?���eݶ��"��u��&amp#26;o��'��M׭�L��� ]Zf��U��&amp#29;6��f�����7���N�?$���fg�����2�S��2�aܥ�X:�q�jӝ(U�^&amp#26;�|�&amp#29;&amp#28;djF�����)Vx|E&amp#25;�&amp#6;]��l2Q�eQ.I6��hɦ��̔���8r��zMiλ�&amp#29;x��6��&amp#0;�~ K���oV�e����4&amp#29;O@񶝮j�'��/ea�2�O���Fڿ�4o&amp#5;]�/ǭῊ�~��˧A��C�m��<cy����&amp#0;�~3�/�m.t&amp#31;&amp#25;�&amp#26;��W�&amp#17;�&amp#31;�^&amp#24;��4+��&amp#31;�>&amp#28;kZǃ��&amp#11;�&amp#30;&amp#22;ּ)�3��&amp#20;��Ǉ�U�7�5�&amp#22;�Q�&amp#26;l�ͮ��K��&amp#21;�#���u�x��Z&amp#31;�����w��cg�&amp#28;�E��W_�uo�K�&amp#21;�����,��/�E��ǎ|U/ö�+��GN��?�W	>!�&amp#8;�"�|M���@���;�玼;���?�v�!Ѽa���G�~%_k������,��O&amp#16;|-�}�m~&amp#29;K�h�WZ�&amp#0;��_��wU��s����j&amp#30;(��uq��&amp#31;����SB�e�ȳ&amp#7;��	���&amp#25;��U��R�%(c�YU|�sx<4�S���&amp#15;&amp#5;[&amp#23;J�
9v/)�(*�#��q��R�
����B��&amp#17;Ty�CU&amp#21;Z&amp#20;R��&amp#21;�9Պ�'7
�v���?��Z�&amp#0;�w> �!��_K�&amp#0;����&amp#23;����&amp#31;X�n<A��&amp#23;���&amp#15;&amp#11;k��ڴ&amp#23;&amp#22;�_��&amp#3;{�&amp#27;9f����&amp#31;���F_&amp#16;j���&amp#30;)��;iV��nu�%͏��f���Ԡ:���g����%�MK�F�&amp#11;�n���tպ�mJ��%3W����3����&amp#29;��6�ºw���&amp#16;�k&amp#31;&amp#14;�FԴ�G�~0�7�u-&amp#0;|>��J�/_M�.~*��������>��&amp#29;6�A��'�|&amp#5;�kͩ�R��&amp#0;��Q��4�&amp#19;�Z񵾙�x�Ś&amp#31;��u;cmua��y�}6�].�D�.G��h���k>"�Mzw�.�k5���s��i�%�|�n&amp#31;�=<]z&amp#21;kT�t���T���n�.&amp#21;��T�*?��&amp#24;�MHBTiկ&amp#28;.&amp#22;s��Hy5gi�K;�f��~$쓒w��Uߺ���&amp#30;C����#F���&amp#20;|r�E֡�����gQ�;���K��!�k�n�� �F���\��?�z�Z�����5���Yho��a�&amp#1;���
����[�������K�	<'�y�#�/&amp#12;�Z3}�jW&amp#22;�׃��{&amp#8;.������F����T�&amp#27;I��5]"�F��խ<�����n�>|A_&amp#8;�_T��L>0�D���&amp#14;�%���A����Zx�S���iױk7&amp#11;2�	i��Z{4�ܺ�.��>&amp#31;�F��=3D�<-�$���&amp#18;�S�P^�Z��o��u�a�mu��xWI���^��x;��wsؾ�kg��>&amp#24;�c��P�m3�'��
r|�-�m�8G���8\V&amp#31;*n&amp#20;��&amp#4;&amp#20;����)Ɲj��MsBW���ѭ&amp#26;؉�&amp#7;�_&amp#21;9��К�M�U&amp#19;攬�<T�|�Z��N��*�9&amp#20;h~9�'�5mSǺ��q�ɮ�&amp#26;��:�����mt=J�&amp#31;&amp#18;Y�6��j�����cψ��J��H�E��1�}KG��֭�����&amp#20;Ѭ�C����
��M�v��4�:&��I&amp#2;���jWw~!����%���#g&amp#14;�� �nM֣�Y�]�&amp#7;x/S���xn-YlL�&amp#26;��M�Ee��{X{h�&amp#26;y���m>k��=F��O��,�u-?I����]s^��]&amp#11;�p���A<w��o.u�S�zt��v&amp#30;"��^��&amp#20;��5mf�&amp#8;oG�4&amp#29;2-&amp#3;Y�Zin�֥�˥ɥ�6�֛&amp#21;�����g&amp#16;�(R��&amp#28;6&amp#30;�*v��J	�ӊ\��8�Tԩ)T�&amp#5;�N4��g�&amp#26;j&amp#14;rn�I�v�+J�m�ͦ���*��"���kC�ׇ���&amp#5;ƹ��i&amp#30;�5Ψ�V�u�5��u&amp#25;ot��l4iu����{�*��&amp#11;��&amp#15;&amp#18;�xr[[}*���_��&amp#14;|C�Mt��MG�&amp#18;�&amp#18;�{&amp#22;��k�&amp#26;����T�÷w�dV�&amp#0;i��[�M�h��]\�&amp#26;��-�Ωᕹ�դ_���;L�|%�Eid�,�7&amp#8;���k�&_&amp#14;����^&amp#23;�ޭms��iV~&amp#17;�K^�>&amp#16;ѼMk��-{�3D�&amp#27;_�R�+K�&amp#22;��/��#�k-&amp#21;.�`Ӽm������_�^��W0��/�K�^�;�'�&amp#26;�͕�"?�d�]cT&amp#26;��(�{�ӡ��=�eF�Jt�YFqt�RITX��U���P�S�^Ru�T���U��U#(J+�&amp#17;�YNWOX�֍��I7'g'&amp#22;��[�N�O�>&amp#25;x&�G���&amp#0;	�K�C��I`�p�ϩ��p���ec�-&��@��O&amp#17;&amp#11;&amp#27;�k�:�X�}KWԎ�>�&amp#23;�,�?&amp#14;&amp#31;p
M�մ�&amp#17;��.�o^�-CG��K�"զ��Ӯ����֮bk��&amp#31;�8�aԣ��H��&amp#30;!����}KG]Z}&amp#7;@�{��iv3�;J].&amp#29;7LmV�N|�}�Em���2��V���Z��G&amp#5;�Oa��Qxx��i�M����m%��s�(.,o�Z�YZ�VMkqq}&amp#20;w�Eo�'��K=:��&amp#29;&amp#25;��5;�"����N�������N�x��!�EޥY=h9a�79Ԍ!��BW�"�"&amp#28;�P���т�>X��k��M+�M.e��OWg&amp#23;����&amp#26;J��&amp#11;�鬭m��X/���&amp#0;&amp#8;����5�����b�F:���w���٤��d��"�үn��K�_oF��Z����Ŷ�-c��=&�(u&amp#29;&amp#30;y�%�n���T�դ�u;�t�k}&amp#23;[�&�O��_ӯ�ԭc����V����&amp#29;����0���n-t�&amp#22;�o��ҵ[}B�&amp#6;�+$1\����S�l[Wx4e��Nk&amp#25;&amp#7;m�i��W:&amp#16;ѤT� Mf&amp#25;�
����__Gf�jp�w&amp#26;r\������,چ�k*h��kc&amp#20;�v��X�L�H5Z6䚧S��Q�N4�๗��&amp#21;��ʬ[���Sݗ7\"�&amp#25;^7�*����$��v��J�i�]�M���iWvɣǣXX�m��+���]Hm���&amp#18;����ui&amp#27;�&amp#0;cE��sx�~�sy6���-ե�[�Mu&amp#20;Z������[h�c&amp#29;��漻����u��,�������級U��7���N���&amp#5;�}��%�ƛvb�Z{*YXX�S���Q3]-��@-絶�ŤAd ��4V1��2�&amp#14;�Ӌ&amp#23;��M6�&amp#2;D׉-�V�h&amp#22;v�S4�K>����Ks�֗�����F���&amp#28;�'��I�i�ˑҋr��N\�m�T�f�[Q����ۂ�&amp#25;�*z'f�w����Z�이�];�s$���{[���gN���&amp#0;�<;f�7�}c�&amp#8;������p&amp#8;�ặ�u�;O״�u��D��&amp#23;rX��w&amp#17;�&amp#2;3vV]2a{&amp#12;/�M�&amp#27;�9�+Z��osl���[���x��Ao-��۰�i��W&amp#23;cI�_K�:k�&amp#6;=&amp#2;&amp#29;Q��4}:��&amp#22;H&amp#27;Q��x�kx�Zk�K�<؛G�Z��R��m1I��t�{�B<<�M�᱙��ӭn�&amp#27;����R����g����Th�&��"�m�P���:t����&amp#23;V��+Ud��2�2JK�Z�Ƨ3婤&amp#27;�x��I��!{�i=4w�w��>�w��z警�gcr�ֈ�:�����˺&amp#22;��K{�]6��+�VS�D��؛&amp#2;��Q�ũ���&�!��#�,Ɠ.�ge.�xn$�L��k��u&amp#27;&amp#11;���,�b��SӬSX�WԴ�����N��]/C��4{y�9&amp#25;&amp#7;�-�[&amp#29;SY�58u_�ɦ�Ճ\_.��.��i�&amp#26;��W�t��q�+�t�2�奒[�9m�4�{X�i���c�^&amp#8;������&amp#28;�#:�w��ݮ�y�h�����k���6R^h�yc�E������Z���&amp#11;k)���&��&amp#21;���p�Zu�N.
&amp#21;���&amp#28;�7V	)��3����&amp#23;+娪=8jbaM6欚R�6k�J�^g�Y��%���u�j�i�&amp#30;��x�FTҬ�!���.��%��뚼ھ��k�K�h�"��&amp#16;�i��=��<��{w��������&amp#0;�&amp#31;&amp#24;5&amp#15;&amp#21;kW�� xDZx�L�<9�x�e���u&amp#29;/_�&amp#19;R�5?&amp#15;Yh�k��R�G\���<=yq�i�ç��LS�2&amp#11;&amp#29;&amp#26;^'�W�o&amp#18;|DԴM>y�H�&amp#30;��Xk�&amp#30;���M+A�K]r���VrZk:����i�&amp#28;���N��ߚ-[���|vV�6�����&amp#11;�>.|N��&amp#15;�&amp#31;��A�&amp#23;�-�.���&amp#31;&amp#20;\���}��5��t{)</��&amp#26;�ɩ��U��&amp#0;�&amp#30;�m⼲�|+mm��X�~)�J�Uψ'���6�WB�a��p�*Ҡ���䣄��q��Jx�&amp#5;J�1�&amp#4;�]U�iR��[���F1���%>W%h$۩%+k&amp#11;�87.m}�;�4�;U���&amp#0;�n"�<%ᛏ&amp#24;x��>��i&amp#30;&amp#11;��h�u�&amp#25;Xj&amp#23;&amp#22;Qh�4��Ѽc�gĚ���_&amp#11;k&amp#26;f����&amp#0;f�Bi/<q�ǯ�&amp#30;&amp#30;���?|�����OHf�|A�c�̰x��ߌ�/u&amp#27;9���X��6���y��&amp#7;�o~Η1^\%�&amp#26;��&amp#25;�&amp#22;��\E�iQ�ZS��~��&amp#29;~�&amp#30;&amp#14;��n��y�d�Z���\k΍&amp#28;���'�4�K]�.G�|=&���j�[A&amp#12;�>��\\E&amp#31;�uۭcS�tM&amp#31;Ï�h0~�����g &amp#17;�8,&amp#15;B9 &amp#0;I�0�&amp#16;F[��&amp#19;<[�i���	�t2j���㜥���B���%)7���B.�#�&amp#0;k��ͨR�J/�˲�d��������,���w����%{6��ʛ��&amp#24;�Fwd�~P	a�9l�&amp#6;&amp#8;!@�@��&amp#18;1R��N&amp#23;&amp#24;��rF�q��s�؜�&amp#3;����`��r&amp#7;��	�s@�ǎ�'&amp#5;�&amp#25;&amp#25;&amp#25;&amp#7;��'9&amp#28;����;뢳���E+�]m&amp#6;{&amp#26;��g}7��D���ۖ@&amp#1;��Fs�&amp#16;1���n'�ק#�"�&amp#29;}x���$�q��zd�FX���2��r&amp#25;����&amp#30;� &amp#2;�&amp#17;&amp#17;&amp#7;9ـ�&amp#1;MI�u&amp#28;��[���H&amp#29;2Os�fz=WN�����{Z�.�UӦ�����ֻi&amp#7; &amp#30;�&amp#2;{�H&amp#25;&amp#25;�&amp#0;d��GR�rOS��s�Pwq�_^��&amp#6;p)21Ǹ8��n���O�&amp#25;�&amp#1;���g89�9�&amp#12;�:�E������붮��֛_���ڻ����s�y&amp#5;���$&amp#2;rP@�&amp#18;n&amp#4;�&amp#26;�	��if3��%��&amp#0;��+anRXfF�i�k���㷎8.&amp#4;�K&amp#20;�>�s�n8�K�zw�߳&amp#30;�&amp#18;B&amp#1;9猞	��q��G>�&amp#28;g&amp#6;����Ϸ�i����v}�=&amp#27;M�z&amp#15;^&amp#8;&amp#3;�&amp#19;מ���䑖,��b�̱$�&amp#16;ʑJ�G&amp#28;�F��W�&amp#6;�5`v;C&amp#19;:�v�&amp#15;�Ā&amp#12;�0&amp#0;$&amp#2;	9��ۆ?67s�E7(&amp#14;�������-�&amp#4;t$&amp#17;�K`&amp#0;Hj�����]��������&amp#24;H0�0&amp#19;d{A�#&amp#4;�=����B��׫&amp#16;I���p_'&amp#25;����I$&amp#22;�b���O&amp#25;��B@;����$�r[�q��X�&PO͑�8&amp#4;�&amp#19;�&amp#25;�&amp#30;&amp#7;�&amp#25;<g&amp#28;�&amp#15;yz�&amp#0;��&amp#5;I.Hu�)�k$ݬ�oG��7��&amp#7;�&amp#31;�9&amp#25;��' �q��y'' �Ǟz�&amp#28;&amp#3;����&amp#1;�h&amp#0;��G� 8Ry'#8�&amp#31;� ��'�Ӟ&amp#3;8&amp#25;��&amp#24;��pK&amp#28;�	��&amp#0;���&amp#0;�]J[?��m{�yt��[��&amp#17;&amp#23;$���&amp#24;<`�����&amp#27;y�&amp#1;��`rs�&amp#7;&amp#25;&amp#24;&amp#28;�Ǒ�&amp#19;���&amp#4;6cUە�&amp#11;����8&amp#24;�.X�&amp#24;�I�$��LrF?_��89$�NG˒&amp#7;4ן�ݫn�Y��t�&amp#31;wU�g%go$�����6'rq�&amp#0;&amp#22;&amp#28;&amp#30;&amp#11;&amp#0;&amp#15;&amp#28;��`t&amp#4;�^I\c�FFr9�#�&amp#31;�	&amp#25;&amp#3;�#4��l�S�'�ޞ��,)F0܎���~�=�&amp#14;	�q�E&amp#11;���^�t���w&amp#4;�[kuz��WZ��kt���v�'�&amp#14;;e�z�:w�$�&amp#19;�U��m���o/.m��,�����hඵ��^[����t�&amp#24; �3$�H�8���0Dbg>�g&amp#3;�8�9$�{���'&amp#3;4�����<���q�q�����2�&amp#18;E��&amp#26;��+_�������^�kn���v�+�t�YI�9&amp#7;�&amp#28;��&amp#30;��qІ8� �2:�v���&amp#12;�����ri�����#v2&amp#1;ے2&amp#1;9�&amp#20;g����9R&amp#15;�9&amp#0;�&amp#28;�_��w&amp#14;@�s�.��&amp#22;�����עWo�t���&amp#0;u�߿��'ͻ�&amp#11;�
��[#i��&amp#6;&amp#14;W&amp#4;&amp#29;�C&amp#2;��f*T&amp#31;�uA�@�&amp#28;�~�;�&amp#0;a�d&amp#29;ˏ���緩����&amp#0;s���r�m#���3�&amp#24;����&amp#6;q�c��Zm~�}ޯ���]�	}��w�{���k�v�&/;x�x$�O\&amp#2;8��b�g?5&amp#0;�&amp#30;�&amp#6;;wl�y���pNi&amp#7;C�s�S��c�v��&amp#1;�˒�4'9�>��ns���&amp#30;�&amp#25;?)&amp#20;w�w�{��ݛw����y�Z���}�i��.���
��&amp#25;�[&amp#19;;�ƛvɟ�J��&amp#18;e&amp#0;HU&amp#4;j�9�&amp#28;�&amp#7;��c#$�����&�1��Ϟ�뎃'&amp#3;�Tt�� �$z�&amp#25;\�$0�&amp#8;&amp#20;���]u��^�[���v�מ�D�������ַF�ڴ�;�&amp#0;��&amp#29;�?���J>]��&amp#0;3׃�'�n��&amp#6;�z&amp#30;��&amp#7;<�޸#���&amp#8;��c��zg��&amp#23;��A&amp#28;&amp#17;�9�'p�Z�y[{^�����U���HV����n��Ͷ�7�'�4�&amp#0;�&amp#31;&amp#15;�i�}SOӵK&amp#31;&amp#21;xg[�nt�b7�I�MGO��[}R&amp#24;��k	^H��&amp#8;V�-̑�r&amp#2;�����_&amp#11;x��c���߅&amp#26;��&amp#26;u����<U��B-+�����o���&amp#26;j6^8��M6�����x��,<??�m��������&amp#23;&amp#26;���|4�ܠ����&amp#0;��s��g9 d��_��&amp#0;�S��R?��Ή�
�&amp#30;&amp#31;���&amp#22;�m�����A�&Ԯ�&amp#21;�H񅍶��E���4���&amp#18;�5&amp#29;&amp#14;�D�5����#6������\oC��VG�U�2�����N�&amp#23;&amp#31;��xzҋ�D�V&amp#30;֌�&amp#24;ƿ7�Q�&amp#8;�G&amp#14;2��S����N�/挛�tj͸�vO���������ڞ���F	���7�d#�G�/�Ϗ%�i�M&amp#30;��zH�w�5+�sQ��sL�J]CQ�n�H��}>+}oH񶧧}��C��q�͠��˿�4��/K�ω$�<I��_�w�{&amp#21;���I ծ/t�&amp#19;�j&amp#27;v��<H�&amp#11;U�|2�*ӎ���O��&amp#0;&amp#15;���&amp#23;�/&amp#22;�&amp#22;��O��z��|;�&amp#25;�%&amp#29;���&amp#5;{��Y�&amp#31;&amp#20;K�ZZYxO@���R��t��=-���յ&amp#27;&amp#15;xR�L��ӧ���^.�|g��m7E�&amp#6;�a�aj&amp#23;���c]	>�i��w���6�cy�]�r�z&amp#12;�����uυ��n�����h�����&amp#14;&amp#27;���Z��%��&amp#28;,����N4%I�NVR�pqu!&amp#24;sT�W&amp#15;&amp#24;BQ�(�u<�u������̤�4���msZ2z'𴜹��I���L�Ԛ����O&amp#16;�TY�#[���~&amp#21;�t�&amp#22;ɭh�&amp#30;�g&amp#21;�χ&amp#18;�&amp#15;&amp#18;>�9��Q��Ϡ�Zv��&��_�?�]?_�kK]J�����t�3V��Q��-��3�&amp#21;�B#�ҼI��[�d�f&amp#26;��&amp#0;�嶶�� �g�&amp#3;·�M�%�&amp#30;��&amp#27;��ͦ����� �V��8�_&amp#16;�V�k�&amp#24;|$u&amp#6;��&amp#5;Ƥmt��k����&amp#29;-�����&amp#5;�4�a�t&amp#27;�&amp#24;�m��ߘ��קע�Z�O��>���&amp#26;��l5�&amp#0;˩��A���]��=v�^&amp#26;o�c��&amp#22;z��&amp#22;}&amp#31;Q��t��>&amp#15;���&amp#5;l&&�\�U+EF�79ƪ��rB&amp#16;��:���aVSj5�[��iՔ5u&amp#19;����+^�����T������_�v���&amp#7;O���揤x������l<&amp#7;�h����/�D!�2ū]X��-&amp#3;G&amp#22;z߈|!�^��v�&amp#21;ǈ�@�M�{&amp#29;+�&amp#26;A�{�7&amp#30; ����&�q�xU�4:,^0��;�wNu����S���u�&amp#17;o5����޸�)��,<>�^�����W�T��?Uk��݌p�z��2]�x�-&amp#29;��}cD����Z��Z�w&amp#30;&amp#30;𥎧��wŗ>&amp#16;�tk��mu)#�|5��&amp#31;m�&amp#3;�hPx&amp#23;��_&amp#5;5����i���gI�CXOcq�|A����?���[?��A��z��&amp#26;��5�&amp#27;�&amp#29;kJ���b��x&X��[%�h�T�*�P�IJ�*���$�(Τӕk�\��ܥ5R��F�&amp#26;��]�v�M$������&amp#30;Xk�t�&amp#6;�rk��~1��U�k@�����P���UеKMwB� M&�Yi��Ka�izn�%��b���8�ԭt��MB�A��G���&amp#0;�|[e��~�_&amp#23;l>>~��&amp#18;�.��&amp#25;�uMb��u�&amp#18;j&amp#26;մ��&amp#0;ڟZ�c�t�KP���޺�6S>�,ztv&amp#26;�Z>�yv��%��/�Ѩ-ֱ�j�D�����;y�?�_&amp#22;�&amp#22;PI�Yx�&amp#27;kk&amp#31;\]�=Ժ�����o{w;_�&amp#19;�&amp#20;� �V�U��5���&amp#0;�#��K���(���&amp#26;x��ڴv��:'��tk�RK�)t�V_&amp#15;\ǭCm�Y.����������N��Yxv�Y����'�G&amp#12;C=�g4)��W"t+((�uk`�),M&amp#25;%&amp#25;6�Ϊ��gM.W.W8��U�*���ƣM{�Jwz��S�?y�:;8��zeΉ��&amp#31;�q�u��<}����Έ��&amp#0;��	4�&amp#2;\�&amp#27;&amp#29;G[�~&amp#15;x�U�ӵ��&amp#14;x*�Q	c��z��I�y��G�֝��?��,�u߀�����5�����_&amp#20;h�&amp#18;�&amp#23;���&amp#27;�<M�-��&amp#0;h��v��;Ӭ�o!�ӭ�&amp#27;mC\�-�����-R�[_&amp#16;[XiZ��g\&amp#7;�|&amp#25;��F&amp#21;����8����;�ow�|7&amp#14;�&amp#5;���xG�/��/i&amp#22;�&amp#6;��\���F[��.l���&amp#26;]���u��m�����MK�Տ�/&amp#3;�cIա���/��'��&amp#29;����Z��	���'��k�O�|Ma��&amp#31;&amp#25;���X���A�}&amp#0;�hb�[D��f��iZ��-
��\~++��}u��c��Ue���C&amp#15;*�&amp#29;x)Us���&amp#12;f&amp#7;&amp#18;���S�4\g(��)�������۩���h�4�����r��I'J�Y��7ʚ�<���&amp#27;���&amp#0;&amp#19;u�&amp#18;�&amp#23;K�|&amp#31;����%�]փ���&amp#3;�4�-o�="_&amp#7;���ڦ��iZͯ�u�?M���ƛ&amp#5;��/��<e��}�Q�|Q�J���
I�V�>&amp#26;�&amp#30;��x~�f����&amp#0;�Sñ��&amp#31;&amp#20;���ꚭơ�j���&amp#22;�k��x�H��&amp#8;�?ewx�~���6�{�\��5��w�5Ѿ&amp#28;��V�N�4M?L�<;��&amp#12;ؾ��]k�&amp#7;&amp#22;V�&amp#19;�4�&amp#30;�����]k&amp#26;���Fx/�&amp#23;���]cŗzY���_s�_��f��h��~ j���&amp#15;�V�2��V�L���&amp#23;&amp#21;Ƴ���Yf�$M�&amp#16;Mg&amp#14;�<=a�n��?�n�e�l!�u3&amp#29;ƭ�Ec��'�>&amp#24;��&amp#30;(�	�qP��&amp#14;&amp#23;�
x8T�a��B&amp#24;���I)ޥZ�*<F&�=JPU+��&amp#14;J���MIP��NMN�Jn�\�jj/�N�)Z&amp#26;ss(���O�&amp#27;�sJI��O&amp#16;j���6z���i�U�뙯t"O&amp#14;J/��=g��9�+x�t�ê���j7�-��ӚW��!�k�m�&amp#26;���}�E��v&amp#26;-ܞ/�����&�m�&amp#15;&amp#16;�^&amp#30;���>�q�[x}џJ���Q�*�a�M|&amp#19;&amp#25;��&amp#3;��L�$�%��L�,sZ��eն���x�&amp#23;W�T�����ז:=��j&amp#23;�Z&amp#12;Z&amp#20;�PI<7o4�)Ҵ�}t�&amp#17;[�]�;&amp#6;��i��&amp#26;���i~&amp#31;��Ƌwo��{�zޕ:�>��Y�&amp#27;�wm&amp#14;�&amp#5;��&amp#31;�t�-N�i�!&amp#20;ZN��_&amp#17;M&amp#15;��&amp#11;��w�Qfؚ��)R䓤ښq��ڣ�Mӫ+�PN~�Q��
rw��%//&amp#8;���i�%��KY��t��ݷ��ԧlx�&amp#17;��Sh^�W�#��&amp#30;!�"��&amp#6;��K�u�&amp#14;.��asmw=���U�m|�gI�����_]�˫ɩh�o�w���GW�|M�����}JK�&amp#6;�Zռ5��{۟&amp#23;��~��k�慪M�Ci{����J�g���ĺ֯~�����oO���<P#�+K�A�=��.�i��eY��E�o&amp#8;�z��&amp#3;�nf���&amp#28;6�Z~��&amp#11;�+ú�b����N�g�[�J�fh����&amp#25;�I��+�iiZsiZQIu&amp#19;�`����H��x�R��]�۲�jJt�5&amp#31;&amp#16;鏧K&amp#29;���6&amp#11;���s&amp#23;�g5�F�Hҧ�����&amp#11;J�a#&amp#24;P��ܥ
ХN�Jo��L;���%%Z�L,�ۿĮ�o���&amp#21;=-y4�t��5�zօ�x�L�5=?A�4}&amp#5;��|G��K�����E׵&amp#31;	뺝����9�j��/��5&amp#8;n5�&amp#15;&amp#12;��8t�_J���{$��}s�&amp#8;x[L��SJ�JҾǧ�s��x6�GЭ�Q�Z�u+�x.xl���|Gqi�/�of�&amp#31;c�/5&amp#27;�=��~?&amp#26;�e���֫�Yj:~��E&amp#12;�6���'Q�5&amp#7;��&amp#23;�,t�xx�C&amp#26;x���N�&amp#30;*�|?&amp#31;��&amp#11;�7L�kK��t�&amp#18;\}&amp#19;�챾�&amp#5;��W��E��:B�0iV�GU�����Tv�d&amp#23;^!���Ӭ��&amp#12;&amp#23;Rؖ&amp#30;!�SP�4+���g=ƺҝ&amp#26;3�-'�'���8��ԕG:�QN&amp#19;�78Մ�J&amp#21;+��&amp#30;�&amp#30;&amp#22;�r�ѮWg���&amp#21;d���I��5&amp#24;�'�xwG�k�7�&amp#26;tr[���ç���_U���+O�&amp#15;X�v��o��Ɠ�h�&amp#28;K�:�]%�ı&amp#29;�m|C�&amp#7;�����v��ϡZh�7�N�X�|<��^O�&amp#27;V7Z��k����O��Y&amp#4;�&amp#17;&amp#21;��&amp#26;&amp#4;�6��7kc4��0B��o4],Z�--Ϋ��&amp#11;&amp#3;c,�ѓ����k&amp#25;�K�{��&amp#16;��j�:懧i��&amp#17;�&amp#26;f�.�&amp#16;�4�Me�&amp#5;�X%�Kb#�淆��,jv'KI�m�Z&amp#15;&amp#12;G&amp#12;b&amp#19;��&amp#26;dP�s_Ah�A&amp#1;i&amp#31;�V��:��&amp#27;t�iʥ9��c	&�uQG�J�G&amp#7;>jt�J�t�'RO�r���>f���WoK�?潯i(&amp#26;::ꏤ��v�gb'���kmd�.���Z&amp#23;�����&amp#25;������^&amp#26;�&amp#0;���[�B�H��.�����&amp#5;���;&amp#23;cyo�]A&amp#5;�k�S̼�"}V�9F���4BMR��K-M/�&amp#27;Y-nI{kv�/�\&amp#29;"��K[�7PӞ'�N�����ot�-,V�k&amp#11;�&amp#23;��7V7�&amp#21;���\��X\4�:��ɥ�7&amp#23;��M>��M��0�4k[k�%�&amp#30;�`��S�A3�a&amp#28;&I��)m�9/-�&amp#17;Y�.t��b{g&amp#23;&amp#15;�x���'N�5J&amp#14;R���&amp#5;��8�U8Ǒr�Sr����O�
L�4����V�6�j�M�v���Gg+�n	'Ҵ�6+F�ɬ���4�m-Ɯ��Ag&amp#4;&amp#17;�A�[{�d���e.�&amp#26;l��e5�Z&amp#27;=>n2�V�m?�&amp#30;[WԮ,���&amp#11;{?숯n�<�5��&amp#22;�lb��&amp#11;Im��F�&amp#22;����&amp#22;��4v7&amp#22;�VI�$&amp#23;&amp#27;�I&amp#28;�V���I!�����R}9�{)m~�oq��/5�	T\�k&amp#26;E��z�Zm�6��V:x����V��=KO��Ҵ��&amp#14;�{&amp#30;���퍛[ϩ\�Đۣۦ�i`������h&amp#5;���׈$���Kk���Ҍ�4��(�҂Qw�?d��u=�Tj8{K���E)��ԫȝ���J�y�&amp#0;���kU��v���_&amp#20;]xz{}E&amp#18;)�Ŏ��&amp#24;�2�˯j���Eygw<�zCk%�PY�f�&amp#23;��?N��4�_M��-+ͼMy�Yi&amp#31;؅m�9o��H5&amp#11;+�&�����5&amp#11;�5�����������y��+���z���m�ӭ���.�V�Ɨ�+^�>!_&amp#15;�&amp#30;&amp#31;�RԴ�?&amp#21;�&amp#22;&amp#26;-�!�Q{k{�&amp#5;����+��Y�&amp#11;O��&amp#18;�h&amp#6;����v��Z��&amp#0;��&amp#26;�/&amp#24;,��Rx�QҴ{�âi�,�5{��"4�a�mU5K�#��n��$L��&amp#14;���6&amp#6;��&amp#5; ����q�&amp#28;9õ�&amp#12;L)R\��)�֢��'&amp#26;��+(���^i�҇�C��9�<�S�1&amp#24;�EJ�l�Z+$���&�x_fڒ~��7�6��A&amp#20;&amp#23;&amp#26;��m7��˷յ�7ů�x�B���ouXn�=}5$ӓG��	e�=�W����+o��&amp#0;�G�&amp#23;\��Ko�ϊ�&amp#23;ωu{�&amp#30;%���M֫&amp#31;����|9�xr�&amp#0;�:&amp#30;�ew�_[k��k&amp#19;�WCѵ-&amp#15;K�4���X׵&amp#25;<3u�&amp#29;KV��vu�f<��'�O&amp#18;Z&amp#4;���'�ѯ�MS�Wľ"�u&amp#11;d��|=�h&amp#23;:��c��P�]ni����׉~&amp#25;	��O&amp#22;x�V�W��W�6ֆ���/��&amp#0;&amp#4;���9�3�g�&amp#5;&amp#31;�'ÍZ�&amp#20;��+A��&amp#30;&amp#12;�<l�r��&amp#6;o&amp#19;]xwV���4�=$�VWb]R���Mk��y��j+�k�~�
&amp#28;-�&amp#25;G��&amp#16;b�a!&amp#8;F�&amp#18;4�*َ*�j������'&amp#6;�)Ќ)���ch�&amp#17;�p��"^2x�l��%);�k�&amp#8;�~*Rwzٷ�y��,��r���&amp#16;�e���O7��?�;m&amp#7;ᯆ|egw�|Zh�N�.tϷx�W���?&amp#17;�#Ś���x�V�n4]&amp#18;&amp#25;l4� �x�V���úg�/?���w�1�5�-iW��_&amp#11;�Vz��5��߈4�)���J�����U�_=���&amp#11;&amp#19;&amp#12;0�.���&amp#20;�5��W�b��r}&amp#23;�?��&amp#15;�i��?&amp#12;x+C��-&amp#30;�4�&amp#11;&amp#29;:����5&amp#12;�&amp#27;Kha����&amp#30;I���&amp#24;l��Y���&amp#30;iwv���8&amp#28;�{��F9&amp#7;$��9��n=�O6��ج&amp#30;_&amp#26;�7&amp#15;NP�r�5�)�&amp#20;e9}g3���EZ�&amp#23;�pIa�9AB�4\��`��xXsO��t��&amp#31;�Y+C~X�d�n�v�&amp#19;��:q��c��N&amp#14;&amp#1;;I$g�ԑK��&amp#8;�&amp#7;R;�&amp#6;z�u�&amp#4;s��&amp#15;��v�&amp#30;����&amp#28;�@9&amp#1;�\��&amp#0;g�&amp#7;&amp#25;�������&amp#2;rFKr(��������n[���o{[Ko��*n��-��܎&amp#7;=ry�&amp#28;p&amp#1;�8&amp#7;&amp#25;��&amp#20;����&amp#31;���y�<g�rv��G\��&amp#18;&amp#8;&amp#24;�8&amp#28;�q���&amp#28;��Z9f�&amp#2;�&amp#16;v&amp#12;4�&amp#27;h$�(e,B�/&amp#0;&amp#22;,·Nѿ޶m�|6���&amp#2;���}�;h�^�w����6���8��ߓ�&amp#8;�#&amp#7;<� �&amp#7;�`&amp#30;&amp#8;&amp#7;�;�&amp#25;��y�H&amp#5;z�r2NM(&amp#29;q�@q��78�=2&amp#8;��;�&amp#24;����9�&amp#14;O��&amp#28;�����D�_���&amp#0;euO����v]/�[�^�/��VI�&amp#7;&amp#7;� &amp#28;�&amp#8;��$&amp#19;���y���&amp#12;�3�@��d��lg�&amp#11;pA&�&amp#3;�0H��˜�3��$���;I�v
��DFfDG��&amp#0;��"��?�vF�v$(Fr������]_��龩\��&amp#0;'w}u~������w&amp#14;A9&amp#24;=� �Nz�ǹ#�&amp#0;%�U�98�&amp#18;;�b2&amp#8;��&amp#2;&amp#6;&amp#8;#(�.	������n	b&amp#7;��q#&amp#4;�܀� rI�&amp#4;z�0Nq��&amp#3;�&amp#7;&amp#5;�w����Qw����QA$c� ��<&amp#18;q���B&amp#1;9�0&amp#5;&amp#4;���U#{�<)%C&amp#19;���ͅWg&amp#8;�w8p1�`�&amp#0;��&amp#28;&amp#18;>c�&amp#0;�&amp#1;c���Nv�&amp#14;�䓸�}&amp#14;{&amp#19;�I4���V��z;�_vޭ]'�n�����N��޷�pA�)?�C�&amp#25;��Ǩ��@N	$�N�l
�wp!~Q��&amp#6;Iʓ�*=�&amp#18;&amp#14;I�&amp#12;l_�d$d&amp#18;N�&amp#14;�pHc��y&amp#25;��J&amp#8;&amp#0;�I�ל&amp#22;&amp#24;'<g &amp#2;{���C��_��~~~]5ԚZB)$;�K��[�ھ�B��;��ӡ;G8�>V�&amp#2;�X�av�07&amp#16;W9�a�=@ p�7>,\��&amp#0;�_�Qπ_&amp#15;�/�&amp#30;%�G�>&amp#26;|5�>-x���1��M�����j~&amp#29;�H�&amp#17;eKK�>W��)<�v�x��&amp#4;�<���Y&amp#26;6�f&amp#17;|���y�"�&amp#5;6�" q�C�&amp#3;&amp#3;&amp#0;�5&amp#16;�7>�B|�����3�m����W���4j�]�Wӳ�g}��i;ٓ�&amp#19;�&amp#15;Lc&amp#0;&amp#17;� zs��0��:&amp#3;��&amp#28;��Kc���&amp#7;B6�c4�e;��&amp#27;@f�2w0$�#p�Rwr2^;���R:�<�zqۨ���z�����_;��0Vߦ�ޚ_��O����R^3�&amp#28;u��&amp#14;{&amp#17;&amp#29;2O=H�W�s����c�&amp#28;s��R=����Ls�0&amp#15;��,@#��&amp#25;��&amp#25;$&amp#26;L}�&amp#8;��9���>�zd�&amp#28;�_���ݽ6��N�t��ukϫ]^�Ϧ�N��:�{���߰�#4��9�����@ �������ӌg�yf��&amp#17;��<9�4�d��&amp#28;��&amp#25;��&amp#25;�>��S���_/�{��n&amp#11;[���m�]����쯣�&amp#1;�� &amp#16;&amp#8;&amp#27;@��8nG�q�&amp#15;E�b���&amp#24;�&amp#28;�-�&amp#1;��'&amp#29;��H��&amp#28;u&amp#24;&amp#28;���#=z&amp#28;���eX�c�<��&amp#30;���&amp#19;��9=~nNy��>�~�ڵ��w�׾��)���殽|���m�&amp#0;&amp#1;��N2@��^�~� g'��&amp#3;�0s�&amp#18;&amp#11;7#&amp#7;���&amp#29;2I�AӞ&amp#14;&amp#7;v&amp#31;��Q�~Qל��&amp#5;&amp#24;�&amp#8;&amp#7;9�&amp#14;7&amp#17;�bN	9&amp#28;�:�&amp#0;&amp#3;�i���m~M�k�����u�m���G����f��&amp#27;&amp#11;���A�&amp#14;y`qӿ��&amp#30;r	 &amp#25;��y�^�s��:��Fy-I�&amp#27;$�c<&amp#31;��&amp#28;&amp#0;yQ����t&amp#28;���L&amp#14;r}X&amp#3;�s�'vs��]o�����Kk�ĕ�O�[�ɾ���m&amp#0;���J������;��&amp#3;fp
�&amp#25;�&amp#3;&amp#3;��8�݉�&amp#28;&amp#30;�&amp#3;9?5&amp#27;~f��&amp#0;(9 &amp#15;�&amp#6;�g&amp#29;&amp#21;J��� &amp#16;��&amp#1;�z&amp#1;�'>��`&amp#31;N�u&amp#4;������t}n�E&amp#31;^��Rj�~ItK[�}�^���ۓ&amp#1;�}&amp#7;=x�@����<�&amp#5;�@m�f��?��&amp#28;&amp#0;>Pv�ש,Xf�0F&amp#7; u��&amp#30;�&amp#29;��{�M&amp#11;�}�=H���$s�&amp#30;�p2~b�-�v�l춺Z��Z�{�j�[H���o���&amp#11;Y��<�T�m���c��ː�[��a2�w�&amp#23;&&amp#22;����ֲ�!E-�����uKK�?P�.�/�Z���e&amp#6;	��I����&amp#1;�.!���&amp#0;9&amp#1;v�&amp#27;����&amp#1;c��������&amp#25;�˝�&amp#4;��&amp#30;�=6��-�&amp#28;��&amp#7;$�<Ӌ�Z�&amp#29;��\Z�ũ]8����4ս�5.f-�k;�Z�M]������W�����&amp#0;&amp#4;��/�-k&amp#22;�t�X.��/&amp#18;.��[�A���C�ĺ���������y&amp#17;���ic:�7�lڄ�&amp#2;�I�;;�&amp#15;)�&amp#0;���&amp#2;>8~�&amp#22;F�}���^&amp#3;׮�[z���B�5;�`_&amp#16;Ik�K-#Y���,��;�Ms?�%���^&amp#23;��<I��&amp#14;�z�U�ѿ��&amp#24;b�-��r��PII#!�\	&amp#6;�$$��J&amp#22;]�X�#�c�
G�&amp#2;��&amp#7;5&amp#17;�&amp#29;F&amp#31;&amp#18;ف��c�&�׉4{=B�E����Im<��&amp#23;Vp�_�͝��͝���\�>�&amp#31;�~&amp#21;x��ey�&amp#3;�����y&amp#22;&O&amp#26;x��&amp#1;:�\���U8�&amp#17;�ܪM�(Zue8�D�G���#(N�%%V6w����Y��W�R�+D���&amp#30;�qu��]Wὖ��&amp#25;|5�'��i2���P�����'�nlm�&amp#12;��
Io5�Yǋ4�&amp#17;j�0�z�&amp#0;ۯ�&amp#31;��&amp#8;o&amp#20;Gi�]K��ޔɡ�&amp#23;6�&amp#19;ֵ��,�Y�&amp#29;�˽J&amp#11;-N-&amp#19;��xk�V&amp#26;��om�V׺g��]g^е�m&amp#22;�}
=?A]S]�7�&amp#0;&�oľ-���&amp#23;��=���u&amp#31;&amp#29;>��ͯ��^&���w&amp#4;�&amp#22;�E�w��&amp#27;�Z�&amp#0;�[U�����ֵo&amp#17;��&amp#17;�k&amp#17;�Š��z��M�,W~&amp#31;�|&amp#5;⹴/�A�ou�{+&amp#15;&amp#26;k�&amp#30;&amp#25;�&amp#30;��5���g�Ŗ��֣&amp#12;��&amp#26;u��t=&amp#19;F����&��a�-�&amp#1;�����늵�o&amp#25;�&amp#21;p�*U\��'F&amp#21;1�Y��JR�P��&amp#18;�SsUZ�B1�榜'���n��j�)��+n�礜RM�)3���|=��&amp#11;=kW�Ҡ���_&amp#20;O���>$��A�sΚ���׷��c�&amp#30;&amp#2;�U�ܞ&amp#23;6�R}3�?�vv�6��υ���&amp#26;����V&amp#29;;U���&amp#3;M�ǀ��&amp#0;�&amp#29;��k&amp#7;�V^"��.-5�/&amp#18;[x&amp#19;MռO6����hZ���cw�&amp#8;�Y�[y�C�&amp#31;	h�S�Mu���n���&amp#19;�~&amp#19;�o&amp#8;��I�R���&amp#17;�&amp#0;iZ�~�F�{��&amp#21;���&amp#17;Ҭ�;&�a?�<=-�x�^�|-��zn�i�M6�[&amp#31;4�|a��h�:&amp#22;z���\^xR�H�x4�c&amp#14;�&amp#31;��i�C���~&amp#18;�ԡ����/ش˝G�&amp#30;&amp#29;�&amp#26;����&amp#30;$�����L����j�t��h�)J��Ӛ�&amp#15;o*j�/���Qxy�N5�7S���yU�^&amp#3;s�m{^	I[F�{7�&amp#27;]�ھ�Gh&����TW�
��m��xZ-6��絽���|?&amp#14;���z��,R��I��&amp#8;�&amp#11;˯&amp#16;�j6�Y\�&amp#26;���h���&amp#6;�,��#�~8�~&amp#29;�R�ߍ4�2��&amp#0;E�&amp#0;��ὼ:��j�^i�6�&amp#29;��%W��&amp#28;��4&amp#14;��y���u&amp#27;}O�zε���&amp#23;��h��ŷ�?`�&amp#16;�i�-Ɨ��K�t&amp#27;�>6����Ң�F����E������'������u&amp#8; ��%�g�.^����oG�֗��闭&amp#21;���k2�f�&amp#29;�,��
mJ�C���|Mq�A�E�Ky$�&amp#31;\�t-#]���.�ԍ����C⛫���R�<$�Z��&amp#24;��Q�hԒ�����Ԕ����I��q�*+ߍ�J�&amp#8;9&�ӗ�W�&amp#20;y�ҳ���jVq��R?&amp#16;<U��G��|Y��&amp#23;pj^1�E���x.8u��)��_�ږ��&amp#6;���j��^�QY�n�i���Kn�v�z�V:F�&amp#7;�i�kx���&amp#23;�?� ��-�u�xSB������6��~&amp#19;�[�\�R�i�����m7�m��.�&amp#15;�B].-;Z��W��&amp#27;��ޫេ&amp#22;�	|Y�H|Q�C�z�ý&amp#4;E㫽+C��d�&amp#15;�{�i|O�M'�&amp#17;�zJ�&amp#23;�f��Gy��u�&amp#16;k&amp#26;֩���&amp#29;��FK&amp#3;���&amp#28;x{��&amp#28;���&amp#8;X�^��{�|:ׯtoh�oi��&amp#31;	�ߌ�j�&amp#6;��t{[�"���2h:
x�[�&amp#3;L�]�:���{�9�=;Y�&amp#19;�,&amp#5;\&amp#21;G���j�/���%w�a�P���0�~_콶&amp#23;�TXJ��fU��*u�|4ㆫ,eH8�~&amp#14;v�Uz*��AƜ�&amp#25;>w&amp#25;IƢI��X��8ԩ&amp#25;Ť��E�<W࿇&amp#31;&amp#21;��&amp#2;����&amp#30;&amp#14;&amp#31;�F����&amp#23;�~#�,�=K�cS�񯌼Q�j�%�Դ&amp#27;�O]�mť֍�x��?&amp#14;��&amp#24;�[i�O��f��v>1׭?*?�&amp#31;&amp#14;��&amp#0;&amp#0;|SҢ����k&amp#15;&amp#18;�7�QMK��t˽CC�w��&amp#30;&amp#20;Y�Y�мM�I��[�&amp#30;qo&amp#30;���K�ï\���j�����&amp#4;��?����5�N���oŹ<7�[�<c�&amp#17;x�R��&amp#0;�|S�M&amp#11;�?�/&amp#25;�V:&amp#3;_�~&amp#25;��&amp#0;�Y��&amp#15;i�x��^(��3�@��5����WI�&amp#31;�
w&amp#30;��K&amp#11;&amp#5;����&amp#27;&amp#8;<[yy�&amp#0;&amp#8;���%�z,���eyt]oL�.�&amp#27;���&amp#27;=&amp#27;bxb��G�w7&amp#6;�&amp#15;��/���얔q��N/&amp#27;�UY��40xu]Ҥ�e���&amp#0;W���1p�&amp#28;<1�j�u��&amp#20;*N��9�&amp#11;&amp#15;&amp#23;5QQ���1�eM��s�S���&amp#8;�w��w$��ݥ4�I�_&amp#7;�z����4,\�Y�z6�&amp#20;�֓&amp#19;i�W����X����>x5�f��f�V���I�O&amp#11;ض�&amp#28;^&amp#30;��&amp#0;О&amp#15;�愞&amp#30;�&amp#0;��K�-�K�5Ư��67V�7�ͭ�Ⱥ&����WZbͩ&amp#0;��_io=��/H7�{�&amp#30;5ϑ�FYR+m/�I7�5��M&amp#16;�Z<�%&amp#26;�&amp#0;��.�ڕ�����&amp#23;�`�c�4�eg�iɥ��s�,~&amp#8;���K�g�Gў&amp#26;�&amp#31;��ﴭw_��M�Z�u��j:�Z>��=&amp#2;&amp#31;&amp#18;xO�4��&amp#26;��&amp#19;�j����>&amp#27;�t��3����R�u�&amp#26;��l�h¬i�&amp#21;$�:��7U�J&amp#16;�a&amp#8;�3��9�){g*r�&amp#8;W§*����Q��ݝ�����t��I'&amp#23;�Ҍ޶I��&amp#15;�&amp#29;�y�K�&}"�L�5;�ms��&amp#7;������Skz��<��
�=�ð�ZBxW�Z���Nas�j�&amp#23;����e������:v�����׏��\��\Դ�uH��&amp#0;���,u&amp#24;�M&amp#30;�X���&amp#0;���&amp#7;�&amp#2;[C���^�Z��[i4�	|;��5&amp#22;K�!�ީ��f��^&amp#29;��|7��k"��[������WS`�>����&amp#31;�<S��&amp#3;O�/n$�-R��&amp#31;iա��l>&amp#31;M��ÿ�M����m�{+-wG�����&amp#22;�&amp#4;�Zf�<&amp#26;��t&amp#27;�&&amp#27;]G�_��*}&amp#18;&amp#11;'��L�o�&amp#15;&amp#20;6�'�-��ϳ�S��T�8Bn&amp#16;T�&amp#7;(�&amp#19;��)^&amp#16;��VΟ%)V�AU��2�$��I-TW���}R�ov��WN)>h���r���U�����/.��R�&amp#26;*j-���֭��:K&amp#11;[ٯL�jV�&amp#29;���K���Q��-����M?�P}�4��=�i��Ai&amp#16;��ũ_&amp#8;#O�_i���o&amp#28;&amp#26;��&amp#28;�V���9 ��+]&amp#30;&amp#27;�x/ȳi,�Gmrt��ѣѴؼ����t�b&amp#7;�m+¶�.�e�[:x�O&amp#20;Z�9�;�D�K])�^�]��������E}ru�9�5����#�&amp#18;&amp#3;&amp#12;�G�j7z��&amp#26;O�m-���ِ��RѮྈ�/T���&�&amp#6;��&amp#27;�k�&�\�V��T���z���S��N�q^Ϟ<�Jq���B�ZO�k&�m(NT��9?J�*��NZ6��h�h�&amp#27;�u�s���w��_붚6���K��'�&F��#���b����p^݋kCgc=�ι�Muycwc�i�oy���Z��sJ��&amp#11;mJռAm�jׇN��P�k;[Y��������S���5��d�&amp#26;&amp#2;\�$��kml��hmm�Ꮓ����j3h�v�&amp#12;��U��r��{mS�q�*�/�&amp#31;P:F�WT���X$д�WL�6�l��{�4�cz��sg��i&amp#23;�-6��f��]i��z�i�K�k^!�2kv7�˩^^��&amp#0;d����H�.K\j6�m�:�?�t=�"�>�Fq�'*q��*sR�S��%&amp#24;�&amp#24;I5J&amp#11;�R�iN�h�X�ͷ&amp#27;]i�6�(��Vڽ�N7V�9�¶�-|�K�&amp#0;�J�n�����#�����٣����&amp#27;kh'���+�.-B������&amp#8;n�մ�m5�H�u�h�8-,��v�m��"���&amp#26;�'�ӥ�&amp#22;�M�[2��I��MG˻���TMj~J�.�V�T�ώ��O�[�WM�[�<k��#qp��v:,�O)7���w�l7p.�&amp#20;�4WR��b9V���mޭ&amp#30;�i�SҖ=S]��6��S>���&amp#30;�D2Mq5�,�&amp#5;��敥�6�X.��7esm�^o��������YFV���JPT�*�P��7V�:1r���F�J
5�9B
�%V��ںM�����S�}&amp#21;�֋FԗG���&amp#6;�N�&amp#27;�	4��]Y�5K]W�ӵ�t=&amp#18;�jV&amp#15;�G{��\2&amp#11;���g�;K=.�M>[{�ak�'N̾����w�&amp#0;ڷ�=�&amp#0;��亪�jK;&amp#27;]&amp#11;L��}J���&amp#0;Ëd��!�yb�x���\��%��-�o-���&amp#27;GѼ+�^�׮�����_W�-,�t�'K�o4��$פ�}B���&amp#24;���&amp#31;�"	��"���������&amp#28;�&amp#1;�d���}r��VPG�$�&amp#26;&amp#29;��u�Z����	&amp#14;�k.�,�(� ���&amp#18;�����O&amp#26;-��<1j�&amp#26;5����Et����8W&amp#19;�8S�
�&amp#20;*Ts�&amp#26;^�2�Fq�Y'9Sqp�QB�.�J���&amp#24;�W~M|g*|�-��GT�i+�W�(�v��ܤ�O���D[���Io���u�&amp#12;yzޙ+[�w&amp#30;&amp#23;����Y�&amp#16;����^�d���G�{i<?o�I$�-uk&amp#24;����͕���Ƿ��_�w�&amp#30;&amp#7;��m{ų�|7��j&amp#30;%Ӯ&amp#5;km#T�-<!�A�=*=#����&amp#16;kW>&amp#23;�����-�t�<Oa�	.q5o&amp#16;&amp#11;?�����'���4k&amp#25;��/&amp#20;&amp#31;&amp#17;�&amp#26;������EҢ�����1�F�w&amp#26;Z�V�xk��j��x��3���լm��s���&amp#0;&amp#4;�������.ߋ&amp#30;&amp#28;ӿ�i��E��ɨ�j���h�&amp#22;�^ŢYZ����v)i.�}qs}a�܍CPյk[&amp#8;�|?&amp#4;&amp#23;:����o�xk��&amp#27;R1�w:T��Ԅ��u�w�ˈ��%Qbq8�xi*T凄h«�^n&amp#22;�\mW&amp#21;�l�敹SsW\Е�kF.Wo���w�?a&amp#15;�&M�«��)��pi&amp#30;.�����o�2A$�&amp#23;�5)u-GQԮ-�&amp#30;8��&amp#29;@\���kw���b��&amp#27;D�&���^��&amp#0;f!� �a�&amp#18;(�D�4�&amp#4;q�(eDD&amp#7;&amp#8;��&amp#21;#&amp#24;TB&amp#17;x&amp#21;'�&amp#28;�c��ܜ�&amp#0;��BA�&amp#12;й �&amp#25;�x���'8�'&amp#31;�ڿ������.�+f��.U�M�4��rap�b�%&amp#12;-&amp#4;�hSV�v\�*:�*Nug6}N&amp#27;K&amp#11;O��VI����w�n�n��K���/#�:d&amp#28;g���8�2GA�6E��l&amp#0;8�&amp#0;o���@}I�&amp#2;r&amp#1;&amp#25;�|c���&amp#1;��&amp#0;�H$&amp#22;&amp#23;��Ӱ�&amp#0;k=qϷ~��?7ѽ7��{�n�����M���&amp#19;�&amp#0;�z=�ӭ��}-nV�&amp#31;�o�}���w' &amp#23;&amp#14;	��&amp#3;��&amp#12;������䌌�t'&amp#25;��#,29�&amp#30;���P	��qՀ>�z&amp#19;�$&amp#28;w]-{+�����d������ײ����m�[N�ڵ!G&amp#0;㧯N��$��#܎�d�bF&amp#7;&amp#29;=�{�&amp#25;��&amp#25;8<�A�x�'���&amp#17;���:�ߨ�<��I&amp#7;�8�zc�pN[ �F(]v��߭��^뮂]^�&amp#22;˿�K��K$/L���'<�O&amp#4;�9<gn&amp#6;$&8'��;�,s�I,,�H�5���q&amp#27;2�&amp#1;,&amp#18;��,g&amp#20;�r&amp#1;"�Ԙ&amp#24;�G&amp#4;&amp#28;c�z&amp#30;��rG��&amp#3;�q�A���NO&amp#27;��&amp#14;FsՆJV���_]5}�N_�OWeq[U�����}-�7v�-����7&amp#16;{��l3��2�Ӝv�&amp#25;'��H�&amp#19;���an�1�������d���+��'&amp#24;&amp#24;��&amp#24;'&amp#24;&amp#25;&amp#25;�<&amp#30;��8&amp#25;=A�_~�In�]�v�X颽(�I�۲OW��<��.�pr:t�ӂǑ��t�&amp#4;�&amp#0;i:g&amp#29;��<g&amp#28;&amp#12;㌑���s���&amp#3;�&amp#3;��FN:`��:&amp#28;�rX`��"&amp#8;��&amp#28;�&amp#14;\s��&amp#31;��z�&amp#25;"�e�o�޻�����J��7��]���~�&amp#25;�����
6&amp#0;&amp#23;q&amp#6;L9S��p\���Fp&amp#17;��&R$���*&amp#27;&amp#24;2#oR&amp#1;'-&amp#27;(�H��&amp#5;&amp#21;�G&amp#11;�@&amp#1;B�&amp#3;&amp#0;&amp#5;&amp#25;&amp#1;G&amp#24;�&amp#1;&amp#24;�&amp#0;�9�ӹ9��1��9ヌ&amp#28;��pK&amp#16;	*�_彼�^��.�`�˷��M��׻�+��&amp#0;�Ou^póuRr	&amp#3;,&amp#14;HbpAߙ&amp#0;��8&amp#24;'&amp#4;����0rv����Ajl_�T��؀t��8�#��&amp#0;{'���&amp#0;��&amp#7;&amp#29;&amp#15;R[8�\v�9 g ��/_�������w�v�p��Ǻ���m���G&amp#28;>&amp#31;�8��|R}
���|*<&amp#14;�"S8�&amp#30;&amp#20;&amp#26;���z?�f6�$���9|��,���K&amp#21;��G^�s���s�@���&amp#0;!�F�&amp#8;qNS�&amp#28;��&amp#12;9&amp#7;��&amp#6;�;�s���i`��&amp#27;&amp#25;Q�GfbͰd*��rǐ��T&amp#27;�$��_{u}�&amp#0;���KWw�Im��Z�K�e�{�V/P�>n6�&amp#8; &amp#23;�0p&amp#21;��'&amp#5;��rKQշ� �d+&amp#0;H��t�d�&amp#8;�'v&amp#14;A&amp#20;ԅ�i���q*ī&amp#3;<~L&amp#6;#"��V5�<��zdw9Q�b�
�ԻL��!W�>@}�F&amp#3;*IR���3�V&amp#28;ద��o׵�[���հ[5��v�=ڶ��k��ܐc���9��&amp#7;ی&amp#30;03��4��x'#�ze����=Gl�/��&amp#6;	$&amp#2;ye9&amp#3;&amp#3;<&amp#28;�d&amp#28;��&amp#16;\��[][�soq&amp#11;[�[�&amp#18;Mos&amp#12;�,R�M&amp#11;���ȬVt�&amp#12;f)&amp#27;�&amp#5;<�Mm���_��;��Qk�mu���M���u���Nn��&amp#29;}�z�zu�&amp#7;�RO\v&amp#3;�FNOC�9&amp#3;���#&amp#4;8�&amp#25; &amp#15;�$&amp#12;�rO9&amp#25;>�&amp#14;��&amp#28;.3����K&amp#14;6���,�'��N�����t���8�,��MSIuO_yo���&amp#8;���8��&amp#28;v9�\��Gb&amp#14;?�&amp#14;;d��~�A�r7&amp#26;1�����`�;�8���&amp#3;@� &amp#30;�ϯ!�>��q�0	"٭�d�n��E�ӫz4�J���w{[�Gf��#�{&amp#19;���&amp#15;&amp#25;�����4��&amp#25;�&amp#30;�:&amp#22;�&amp#14;~��99&amp#0;&amp#17;@�$����&amp#0;l�s����&amp#4;�(~P@&amp#4;��&amp#1;&amp#1;��&amp#4;���2Kd�&amp#14;&amp#6;[�&amp#23;���=u�=uJ�͂zkn�7��e��j�٠&amp#24;�&amp#11;��&amp#0;�0�$c&amp#28;��0&amp#8;�&amp#7;p剦Ƥ&amp#6;&amp#5;�|͂B+&amp#1;�V&amp#11;�&amp#5;@&amp#27;W#v�&amp#3;�>]�&amp#7;�H�&amp#25;�99&amp#28;�&amp#25;����ߡݸ�@�L&amp#14;�&amp#0;6�&amp#30;	 &amp#1;��A�s���$�.�Vߪ���&amp#0;&amp#7;kj�&amp#4;�Zl��������&amp#27;��1�&amp#14;�.ާ�1�py� &amp#28;��@ ��s���`�&amp#18;x&amp#28;����&amp#4;S���p$&amp#21;&amp#7;&amp#24;���'����k&amp#3;��܃�Nr8�9'��&amp#28;t=x�J���������d&amp#11;K��wѴ��W\���Yj��&amp#7;&amp#29;ی&amp#30;1�&amp#5;��u$�3�x�ɠq���}��&amp#28;�Bz�y&amp#29;&amp#8;��'���/�&amp#28;&amp#28;|ޝ&amp#24;p9��w��ةX�G�،�.�&amp#1;�&amp#28;�K�`Y�&amp#5;S&amp#26;�&amp#25;&amp#25;��������N�������&amp#11;�_�mf�վM;������l\�y�3���&amp#7;9�8���&amp#28;�M&amp#0;���&amp#0;v�A&amp#25;V�&amp#24;&amp#18;	�R�H�&amp#7;#�C���G8,G&amp#24;&amp#7;�����_C�I�$/�&amp#22;��q��=d&amp#25;<�&amp#18;&amp#23;���8,rZw��u���[ݵ�H��Tĝ��Z����kg{8��&amp#25;&amp#4;瑁��&amp#8;�l�� ����#&amp#4;�Y:ލa�.�IԡIm�P.J+�r&amp#6;-�{Ԫ�&amp#4;��>�p&amp#1;��u���z���N&amp#7;O|`d�Ǝp@>����q��&amp#14;GP7r&amp#8;$�9�&amp#19;S��e&amp#25;Fq�vjQ��q�Ҿ��޽]-n�i�����Kk�[����n��&amp#15;���&amp#0;�ek&amp#26;��g���WR��_�x5[�]i�&amp#15;&amp#14;k���������֏�M
��^(��&amp#15;a%��$&amp#26;&amp#23;�&������&amp#26;q�&amp#21;��=��L�&amp#23;�ng�v�&amp#29;��^��7>&amp#23;��{�&amp#11;A���G��!�B�&amp#20;���Z���&amp#29;w��&amp#27;��&amp#19;�V��i��Yj�'�� �&amp#6;�$&amp#31;��:�<�O=ϰ�>�&amp#2;2	?:|a��>&amp#18;|n�&amp#22;�1�ޕw&amp#19;}�;Ż�4�An-�b�O&amp#4;f�&amp#23;��%��N��8d6E��u�MF;=R&amp#31;�8/��vU����.&amp#31;�OB�h��#ȱ�h�O�ӕ5&amp#5;&amp#28;L �&amp#5;N5d�zI���y�p	�΋Q��x�F�ѻ����[ٷ�}Z�����i�XG�]&amp#26;��-F?�Z[�zF�6��&amp#29;OB��φ�����-DP^x�)e�o�M�i�cr5;��&amp#27;�c���-8[�Zi�&amp#19;�Iյ[&amp#20;�&amp#30;�&amp#14;��X&amp#6;��kZݥ���Y�>9�Z�Ҽ+�f�5�F��9�&amp#29;5%��W�&amp#27;Ś&amp#4;���&amp#0;�����
��[��9���/&amp#20;&amp#22;�ZV���&amp#26;E���&amp#0;&amp#16;�4�Z��|{�����Z���=w�C,�����6��K��k3Aj�������_�/����N�5�7��&amp#17;t�&amp#14;�x��Pмa�K&amp#27;�7L�_&amp#16;5&amp#31;&amp#23;j�>&amp#11;�ƙk�[��x��:g�֋i=���mZ��&amp#30;5����~!��4<X�'�up&amp#31;Z��x�c�N&amp#21;a9a�UN����&amp#21;U�ʛU+��J.�jVJ*&amp#19;�&amp#3;&amp#19;Q(4��j*R��������gh���e�3�!|&amp#31;�&amp#31;��Ě^��k�P�߈n#�Sx���T��[K�X���B�&amp#4;&amp#3;K��!�4{俸���5mJ7�-�֬,|{��L���f&amp#31;&amp#24;k�����އ&amp#23;�����k��ZV����'�\�n����&amp#23;���P&amp#26;<&amp#26;Ǉ!��Z8��F��jW~&amp#15;6CQM&o�#���T�׬>&amp#23;�¯&amp#3;ZjsO~g�Ɠ;�����=ƌ�xm����&amp#0;�k�&amp#22;�J�4��D�&amp#29;֥���.�|��|;&amp#7;��ܳ|Y�'���M3����&amp#21;�&amp#31;�?ß����Q�O	\��&amp#11;�<M�&amp#25;���T^&amp#29;_&amp#23;k�6�a���7�&amp#23;�����f���&amp#15;
���RҎ��/#2�&amp#11;&amp#23;ĕ)d�u&amp#26;&amp#25;]&amp#12;^*&amp#24;g�ԭ*�&amp#3;&amp#14;WV�}�6��
n>چ&amp#23;&amp#25;�a&amp#6;�ԧ&amp#5;&amp#25;R��<�����3�%&amp#5;5&amp#24;�t�w亓�&amp#18;~��d�r������ލ�W�?&amp#7;b���K��;W�Mb���&amp#26;f�y�}&amp#5;4}_Rּ&amp#29;&amp#19;\�ڕ�w�&amp#11;-v�&amp#15;&amp#1;\iZe����-��-gT�tT�&amp#29;��~�>-�&amp#31;	��G[�5�?HO&amp#17;Ěm�y�-sP񏈼)��&amp#17;x��7&amp#26;?�t/&amp#16;�C�t�
jzg�|={}��3H�&amp#14;�.�?��?{�h�&amp#31;%�;��g��W�&amp#23;�3h&amp#18;�i_
�^0��7��Q&amp#20;~�<=�Z��~&amp#28;�$�&amp#14;�uK	<)���GD���4�3L��w~:�n|M�?&amp#3;�Ɵ�U���9����&amp#26;��&amp#27;m<Y}�U𦁨G���%�-���l�c�&amp#29;:kYt�&amp#17;�&amp#16;�W�:��{mf��G��0��u�&amp#22;w�u�&amp#30;���^'�&amp#12;/&amp#7;��T�C;�W��<ƺ��ԫ[7��t�a��Ya�O&amp#25;���1&amp#21;e��,=JU+�ïc9��&amp#21;�5VI�>ޜ�.nY�&amp#24;�8�ޒN�w��w�e'&amp#25;[�χ��X|N�&amp#15;�죿���&amp#29;ׅ?g��&amp#20;��_�O�u�V��w&amp#23;|I�&amp#23;�q���	|A㟊�PXx�u�"MB�&amp#0;O��&amp#21;]�>)�u�������~$���&amp#26;��&amp#29;�C𮉧&amp#8;�Qm?�����&amp#19;�&amp#23;�N�<�LWqY�mz��a&amp#22;��Z�����q��@~����/��>8|G�{{�x��L��u�é�8�����g�>&amp#18;�\x&amp#18;�k�&amp#0;&amp#12;Z�(��|%c>���&amp#30;�&amp#14;]�V�^2��|S�]����&amp#18;�������&amp#25;��&amp#22;��\\5���;śV�&amp#22;(�-�;�+���&amp#22;ڿ�5��.��&amp#0;�>+ү��L�,5�&amp#23;jz��&amp#0;�<-&��&amp#8;<Ue��&amp#0;9�|q,.!a�c&amp#22;A�TeNr�J��:5k�yYN������HF�HJ&amp#19;�&amp#5;9�,k�J5�&amp#25;�Px�;���/k%�r���#e'�2nIJG�>&amp#24;ӯ5m&amp#26;k�-H@O�|;`�}�M&amp#22;���&amp#30;+��&amp#15;.(`�״��d���,#Ӭ�%��kc�ϦˠZ��i&amp#31;Nh��^XjZ�g�H���O&amp#14;�Wq&amp#20;�S�_&amp#16;��O&amp#27;>���zu�zm����Ǆ&amp#31;J���,k>&amp#27;�漲6�}��kk�ǈ��H��&amp#23;�z&amp#14;�a%��s�h���&amp#29;���nn�[��&amp#20;��V�o��<9�./&amp#20;���M&amp#4;�����>�L��Խ�)�N�&amp#22;���&amp#27;x�"�f�mg�iQ߅����]�&amp#0;�S���H&amp#6;���:$�&amp#16;�&amp#29;9��>�&amp#22;��x�K��&amp#30;����>"��W:s�xF�}�4��(�QS�&amp#5;Jru&amp#21;(M9օ6�N�>J<�'�U�U%�A�	-m�ܥ{��&amp#23;�G��܊wm.�B�<0�&amp#26;�&amp#5;��wquq��߶�m�M����#O��W��.[�.���-/M��5=KO��i:��m}�K���WX�5F�&amp#23;Ὅ��&amp#31;��?�ږ�5�^/&amp#16;�{&amp#17;k&amp#31;��?Q�t��3�j^&amp#30;�M"���h��P<ɨx��6�� �Ѵ�<[&amp#15;�6�)k�h�����A&amp#20;&amp#22;{��4�jsY�h�5�ƹ�����qi�m�s{�j2�j:&amp#17;���/�MOK}2�V��.�k&amp#14;��۶����Z[=��$�&amp#0;h}f;o���:��>�&amp#5;���z��r��h��j�vW:��i�H���%�/<9o}���&amp#11;&amp#25;���O��u��9*�a7F�&amp#29;sÖ��EI���&amp#24;{I��2N�i�=&amp#17;�b�U&amp#27;-&amp#18;�\��6��+�V��O���)��#�z]Ě��d���j7�T�k�cgxb���)e�ڹ��ؽ&amp#23;�h1i����r�Y�zw�tk-&amp#21;n���4��^�-&amp#18;�c&amp#11;&amp#30;�/t;v0?�$�&amp#26;��[&amp#27;&amp#8;�{tH4���{]N&amp#29;[M[t]&amp#15;Mho~�&amp#27;|#&amp#7;��'&amp#29;�ޙ}q�&amp#6;���ğf&amp#30;"����}~��J��J�P��mc��A��@i�-'�wV��M�&amp#11;�WA���oz&amp#31;&amp#18;c�&amp#5;���&amp#24;׬�]ؼ&amp#22;Wڞ����f�&amp#28;RI�꺦��5�&amp#30;_�l��v--$ҭŮ��Y��I&amp#11;�S��8�5U�֡RN&amp#14;�T��U�&amp#23;	SUgiΥUV���hZ2u*ʥju%�
�i�5�x�7�7^��o�}�d���-ӿ���&amp#15;��}.}OJ���$Ӭ5���K&amp#25;��&amp#26;�[&amp#25;V;�Z�R�R���ׇ&amp#23;W��{�� �E���_[xz�P���b��t[�}R�&amp#25;罴�㱴&amp#22;w���V���&amp#24;�E�坾��]��Z_�1.�i$�&amp#29;��Cye���O������o��a��߳�&amp#16;C�;�^�u����+�&amp#24;uYu�;�ZtJ��&amp#29;'S�׵/
�.�e�E�kC�wZ�&amp#0;�l�=�Xxv_"�~?j&amp#30;d�@���_��jO��}�Zϧi�Z��o�][B&amp#22;+-G@����&amp#31;M��3�i^!��E�Xi�&amp#23;�Y��`xO6�7(F0�&amp#23;�)��R��&amp#25;*��&amp#21;���
�J��*P��q"�"4��4��IZ�s=4Mٽ]�w[�}�|Gg�ĽӴ��{-&amp#14;&amp#19;�i�&amp#26;����K�G�A���h&amp#11;mc��Ϩ�&amp#12;�&amp#26;4P[�.�s�D<=h���&amp#29;��x��:����k5����%ƍq����:��Zޟ�M�hZ]�����G�|=m�Ij��݆��x&amp#18;=:�ĳ|J�y>'���|-u�&amp#27;����KD�U�ž!����iͧ��/a�iS�i̚&amp#12;&amp#22;~-Լ;&amp#6;�{�]�&amp#29;?[&amp#7;��4�^�O{_���t�&amp#0;&amp#20;j�~s���]���&amp#30;�V�߳���U&amp#6;��}2��5����&amp#14;x����L��_&amp#11;|*����L�H��{?&amp#18;X��$��H���e�W�"��2��$��t�Y�k�asI�R&amp#24;Z��]&amp#12;[��ƻ�J51ғ�J2��2iԎ&amp#26;t#R��3��&�J3�
3t�rJm4�(�j}���{��vi'�&amp#18;�%x�ƞ&amp#27;����{�|A-�&amp#26;n��k[�=K@�&amp#14;�&amp#24;���w76z�֯-�7wv2j:�%Ιy&amp#30;��jv��&amp#27;�돦�&amp#14;��ᆟ�_Z���V��&��꺭�����{ks��?�%���/��g�g�w�i��f�s�j��V�}E!��a�m-<e��&amp#31;��&amp#22;x&amp#27;��&amp#23;�%����}+H�u-w�׺&amp#14;��kvg���&amp#19;�&amp#26;~��Yُ����ma�i1��R�t�Z{�&amp#12;�a��&amp#0;�&amp#31;�<�&amp#27;������>&amp#27;�&amp#28;|N��=J�X�D&amp#26;e�&amp#5;�����yN�is&amp#3;�4��]#Үu&amp#16;d]sF����l��8��<:�iK&amp#29;*u1қ���&amp#29;&amp#7;NU+�Rt�,D#5&amp#5;��&amp#24;'���8�u%
X��uc���W�T���IB�i]$��nF�iɻ�%��QM7矰&amp#15;�&amp#19;�O��zO�&amp#31;�&amp#19;A�&amp#15;�&amp#18;��k��2��c&amp#23;�4�V�;s�حԷ&amp#22;�P�Ok�}X�D�P7W���QX^x�j����&amp#30;�&amp#1;�8<�&amp#29;�Uy8�>b2A�&amp#4;&amp#17;�&amp#0;gط���&amp#4;&amp#30;FA�.&amp#15;?�&amp#15;�H�R8�Fހd�&amp#0;&amp#27;q7&amp#20;f�]���3��ڽO�Ч&amp#4;�C&amp#11;����a��b�&amp#26;Ti�M��4��*�u&amp#27;���6&amp#30;�&amp#26;����&amp#29;}�y��3{ݭ�N˝Y��&amp#0;9�8�3�&amp#14;I�!z&amp#30;�#$&amp#29;&amp#15;9�0pFGϒy���p	"��	&amp#25;��c8�'&amp#0;&amp#28;d����@xns�=zo�z���O�&amp#2;�~uo���^�������G-��릷}Ҿ��n���&amp#29;�&amp#3;�&amp#4;�&amp#0;&amp#15;\t%��+�9�&amp#0;{�3J8�ߏPNH<�:�&amp#7;8瑌�&amp#25;���&amp#3;��8'��;t&amp#4;�93��H�p&amp#24;�X`�&amp#2;qݎ0&amp#1;&amp#14;�&amp#0;,U�ROm/�f��=�}y�V�IZ��[>�&amp#0;.�'}o�vb�&amp#28;��&amp#15;a�瞼&amp#30;x&amp#31;{q&amp#29;&amp#15;U&amp#24;$�>� s�t<&amp#3;��<py��8��u&amp#25;�9�&amp#0;�g��NH&amp#0;9��{�&amp#27;<�&amp#0;���<&amp#1;�Ѳ/^�O�kM��-�M6/^�O�kM��-�M6�����A�&amp#30;��N3Ԟ��&amp#0;����3�&amp#1;|&amp#12;�&amp#18;&amp#23;��}I�U�&amp#23;�y�_~&amp#15;L���z�;� �r;��$�����A<&amp#28;����w�ۯ���&amp#23;�u�^�?;�&amp#3;&amp#0;7 �;�����$zg���&amp#0;�A�F&amp#0;&amp#3;�0&amp#15;�~X��&amp#4;&amp#1;�){&amp#30;}�ؒH<c۹�&amp#14;&amp#14;&amp#3;�A�&amp#28;`{��� �&amp#15;�nK&amp#18;h�n��O�W�n�٭���o�&amp#0;T6r&amp#1;&amp#28;u&amp#25;�K��OS�&amp#3;$g9 n�U&amp#3; `��v�-�1�89�r�&amp#12;��	9�&amp#8;&amp#29;r��I��s�r	��Q�A�89&amp#4;�F�t�s�`O'&amp#25;�]W꺵����t�R��}�u�����Z��+����u�^X�@-��y&amp#3;��A���&amp#24;�ћ=y�&amp#0;�&amp#24;铆�>�#8��8�9ny&amp#25;&amp#25;&amp#3;&amp#7;�&amp#3;�@fN�l,&amp#27;�&amp#24;&amp#0;&amp#14;&amp#31;�l�J��x�C&amp#16;NA,&amp#5;�V��^j��ګ���V��^j޾�]���y��1��	$�ߐ&amp#23;�98*iW�I&amp#5;q��B�2�#kc�w/!�L`��ԃ�#'&amp#28;&amp#18;A�K�rN&amp#15;NG~��&amp#18;�A,2r&amp#2;&amp#30;���
�&amp#6;�&amp#25;���&amp#7;΍�˸����y�[�j�g}�[�_�k4��mn�&amp#4;
ʄ|�&amp#2;F����&amp#25;J���9&amp#6;F,����1@��W�8��&amp#1;��&amp#30;3�<�py����&amp#15;�($&amp#31;�9�r�0=Nr{&amp#12;�p�,	%�g����Fy<�Ì�S��&amp#14;2T�=���&amp#0;�T_��5v�T����&amp#8;+�k$����y��v0�3(&amp#1;�R�H�YW�r�NJ&amp#2;��&amp#16;	v��[f�y�&amp#21;�����+��K���k��,~�d����&�h�e��M�ZGeoq�[ɧ���gQK�˭&���T�F��+��+&amp#2;W&amp#12;�&amp#2;�&amp#1;&amp#31;&amp#3;!]�2��)Wi9&amp#28;�&amp#4;r&amp#15;�s�&amp#15;\� ���2U����]}/��կ����kn�����{s$�i&amp#1;���T6&amp#8;&amp#4;��7�&amp#1;*&amp#25;K&amp#5;8 d&amp#31;�9!#�B�mc�/$j�&amp#27;>rͳs2����&amp#27;�ߺ]�&amp#22;p���&amp#7;&amp#4;�&amp#28;�&amp#19;ۂN&amp#6;&amp#8;9&amp#4;`t<�U�&amp#24;�&amp#0;&amp#8;�~r3��3�R���&amp#4;&amp#0;\���?�N��.������k�������uч���8&amp#25;��0X&amp#14;O9݁�&amp#8;�ą��>��N1�&amp#4;��u�#&amp#7;rq��zv�y$&amp#30;8�&amp#24;9�䓒�&amp#1;���&amp#0;&amp#1;�&amp#12;��9��&amp#30;���v�+��m~v]��k�b���_G�J�>�][F�&amp#0;&amp#6;ؾ� &amp#30;�&amp#28;�l&amp#28;�#<�2y$(�`��&amp#14;	��-��$&amp#30;��N8�S�S��&amp#3;&amp#0;�o��&amp#30;���&amp#7;��.8=�~`	�~n&amp#7;~�&amp#4;�&amp#28;�.ߟ�_��&amp#26;�	o��o��^��駥��W&amp#26;	ۻ&amp#7;�&amp#31;Æ�$pG�>�$�&amp#15;�&amp#31;�o�&amp#8;Ԫȧ
s"���F!�N�&amp#31;&amp#4;&U�<ȨUHids�B&amp#25;�`�i&amp#29;�?�&amp#17;BĤF�)����G����aYc�<�b2�c2��9�&amp#19; V�A�����`�~�1��o+��_���lkf��͝���N��ef����!�&amp#0;>�
&amp#5;l�ߘ�᱃o¨P�ԫ&amp#22;%
��ee�
řT(&amp#7;q=0�	$��&amp#0;$��2I�&amp#3;H�㜜&amp#16;3��&amp#25;?7\&amp#2;Fz�8�&amp#28;�� dt��v&amp#29;3�&amp#14;�x&amp#16;Nh��ߦ�w�{5ي��]��յ��{ە4�ѫ�n�r&amp#8;&amp#0;g�aԨݞ8<�A�ے�&amp#5;H�&amp#27;FH��|c���*}F;&amp#22;�R&amp#3;&amp#28;�?�3G"�6�RH��ۙ$�7d3�L#x^g�Ha���&amp#24;|^�&amp#28;&amp#29;�x&amp#3;�q�	�&amp#8;�	�=Wns�&amp#30;]{���_��֩j�-�_[|[7n�_o���&amp#0;��g&amp#25;���|��&amp#1;9����A&����R2q���˓ԒN@ &amp#1;�&amp#29;&amp#24;�/&amp#0;&amp#2;z�����&amp#17;�=&amp#15;\g��y�&amp#4;J'��4��&amp#8;�L�&amp#22;8$�x�-^S&amp#4;S3\J&�&amp#24;���&amp#4;&amp#17;��$V֪���^�ھ�W�����W&amp#30;�����ֳ�]5��ww&amp#22;5!&amp#18;6y$eU&amp#30;c�&amp#15;!B&amp#20;��Tq�&amp#29;��*���;#
&amp#8;&amp#18;&amp#12;c�&amp#30;:�#�&amp#15;�&amp#28;�s��L\��0��A!���H�y��Aø�I=�H�&amp#27;�#8bA&amp#4;&amp#14;�&amp#6;n@&��o�K[��+��w�MvW拐�����w实�w��&amp#16;&amp#8;t$�@&amp#7;&amp#12;T���*�U��ݸ&amp#28;�*�SM\�)R��&amp#24;M�&amp#1;ɏ&amp#4;8���~�&amp#3;7� t&amp#12;#�d����T�d&amp#17;�+�&amp#5;��W&amp#18;G&amp#16;�����qs+�&amp#19;&amp#5;�&amp#17;�s+&amp#21;�ak�&amp#4;u*���P1��$��'�y&amp#25;&amp#7;$�&amp#14;s���[�]������g�SU��-v���=5�]�{��&amp#0;;�H&amp#0;&amp#0;1���l���&amp#0;&amp#12;c�~bAZ^A?�P&amp#8;&amp#4;&amp#22;��&amp#27;'��u�&amp#5;'L��&amp#7;&amp#0;���A &amp#2;~��&amp#6;I8&amp#4;��&amp#0;�&amp#26;&amp#8;�&amp#19;�uF&amp#11;*���Y�������r��&amp#28;�m�Tt��J���$����i��P�vnMuվ���kE�^�;Z�rc�����8�*:�&amp#3;�&amp#2;rrp�+&amp#18;&amp#18;&amp#7;$�d&amp#12;�FX�&amp#0;��䓁�,z擂I&amp#25;�88�&amp#15;Q�c<&amp#3;�U�g &amp#5;ˏ��&amp#1;O�+��&amp#12;0��|e��&amp#7;&amp#5;�-mg�kӪZ]��_���&amp#4;����[�տ�������&amp#30;��oe&amp#17;����i�Z��S[h^�KH��F;�&amp#21;����V�&amp#25;|�n$�x�&�I&amp#15;��&amp#28;�&amp#7;&amp#7;�|?��ٯ�R����q&amp#21;���izU��⦜�T�ѽK�E�&�����ﯵ�f&amp#29;;W�o��ۡj�����&amp#0;��쿋&amp#28;&amp#19;��&amp#23;]д�&amp#0;&amp#17;i�a}�@�;�+�+�V&amp#23;�&amp#23;k{�6�&amp#25;�2ǝ��s&amp#12;�&amp#23;��s�궗zU�����J�&amp#20;�&amp#27;1��X	V�T�F\��T&�F�9��Q�&amp#25;F-(�8^��:NPwJ�L=OiF\�"�M�'&amp#23;u(�)'iu���~e%(ş��&amp#20;5��&amp#4;&amp#30;0��_&amp#12;��SN��]{W��Q��뺮��ލJ/&amp#0;���_&amp#26;�&amp#16;_�w7�Xi���ƕ&amp#23;��5%��z�����4&amp#29;3U�]w��Gý6/��%�֚=�|!�^i��&amp#0;&amp#15;�4k&amp#31;Y����uO&amp#15;���&amp#22;�����O��a��&amp#0;&amp#29;�>�������M�'��&amp#26;�/��&amp#14;��&amp#29;ƶ2�jWzjw��&amp#18;Zxf}:�NMHǬO�i�6:���^�>�&amp#5;��_Y�Za��OUծe�m3��x&amp#11;O�u����)����l4?&amp#18;x�R�Y��I�k�Ǫ�$��g�w[����Ɵ�-[Lׯ�?�\���~&amp#1;�&amp#24;ּA�9&amp#27;��.����&amp#15;�JѯO��T�0���&amp#28;�3�)ѭ[&amp#21;C����P�IQk&amp#17;���j[&amp#15;Sۼ3�M�JtjJ�gt�M��8�F\�vW�`�V��8B1��i:��e�g��&amp#0;�^,�s�o^���|6���&amp#0;&amp#21;o&񥇋<7��
xxZ�v&amp#23;�(�/��I�ä|'�W�l�%�&amp#26;��&amp#3;�x�^&amp#26;n���I�j�&��jSi����=��\<k�*���5�?M�5]gI�-<9�x��ڴ�g��|1�W�$�V��k��&�&amp#7;�&amp#18;x�ņ�QmKŚrJ$��=&amp#30;��?��)�&amp#19;��&amp#23;FӴ�&amp#30;�&amp#0;�6�.��-&���J&amp#29;7�Z-��<=��&amp#0;&amp#20;�et�g�Q�&amp#31;�<^��z��4Mw�&amp#15;&amp#7;�&amp#7;���%�+)��}&amp#11;�ڏ�WĞ&amp#7;��&amp#14;��[���ۦ�i`�o�5=&amp#19;G�A�𶻩��[��]y&amp#28;�ڶ�m&amp#14;�wiepo&amp#18;�&amp#17;�&amp#15;&amp#21;>k�AfY�#��S&amp#3;EG3˧V�&&amp#11;�G&amp#7;_&amp#4;�q�&amp#18;�[&amp#28;5W��F�
�u:t�9�&amp#17;V5��*4h�R4�����7&amp#24;(�ZIN��&amp#28;�'v��t�3�>�Ro�=&amp#27;�1�&amp#31;��|?eg����&amp#31;��&amp#29;&amp#31;�&amp#17;t&amp#31;�Fu��z�Lֵ1&amp#21;�Ù5&amp#24;�^/��,��&amp#0;�|&amp#29;c{�&amp#6;j:V���&amp#0;&amp#16;x��R���_&amp#8;����_�M��?����ౢ���K��DZA�I���-u=&amp#23;T��u��}���O�S����"�E���ű�Y�j&amp#2;&amp#27;{�&amp#16;�����&amp#26;&amp#15;��&amp#0;&amp#15;����]&amp#18;��^%�u/&amp#12;@�&amp#29;Ҭ|e��b�]F���!�<I�k�)��o��e�&amp#24;<G��i�室�Aw���&amp#23;V���/��h�&amp#0;�{�^&Ӿ&amp#30;�G�>��~;��4�&amp#6;���a�#�~3ִ�R�K�MKB��o&amp#17;��KQ�𽿊t�o���9�h&amp#22;�&amp#22;��w�ĺ��&amp#28;��{1�f&amp#25;�M�ɱ�l?&amp#17;��l>&amp#26;t1���cp�*��~�&amp#19;RR�:u)W�kŨBT��B�l<�ԧ�ק&amp#24;F��MʍI9O�J��|���(�_���[�%��&amp#1;���5�<[&amp#22;�{�ٛQ���YS__&amp#14;��k&amp#30;#�4&amp#27;�&amp#24;Y�ci�I.��7Q�60h׶�M>����&amp#0;&amp#16;[���h�=��4�OB��o���/&amp#16;\�&amp#0;aA�\.��Z���&amp#0;���&amp#27;M3N�0�R���->+�;K{�CM��R�/���a����{�4?�W����o�h5o����umGD�_�	�&�F��tI�){��ms[���
���^ �K=&amp#19;G�.��x�\�I�u�&amp#19;�R�wW���&amp#0;%�K�&amp#0;�s�VѮ�^�&amp#25;�#��-�W���ZO�[M��>&amp#28;��J�O�%��џN����R�ǖ���cku�?&amp#11;�w�^�*��x��c�O&amp#5;�s��gM�&amp#15;R�6�Z&amp#24;_���T��T�'9a�&amp#29;EV&amp#21;`�K�T��*)Yyk&amp#15;:|��Z&amp#23;R����m[�<��+8�{��v��>_��NH�JkQ��&amp#15;�i�&amp#20;��ִ�&amp#14;Mg�}V��&amp#23;�.��H�y�=��VZ}�
�m��&amp#12;޺&amp#4;��d;��5;_���-���1�Z�m��}�@�����U����K��Ǐ[�&amp#21;��qu&amp#6;���ڈ��Z�}t=oU���,r|U�1�Ӟ&amp#24;�u�&amp#15;�/�V�Am��&amp#23;�_�1x��H��$&amp#26;흴�&amp#15;.4�&amp#19;N���o�h�&amp#15;�[��&amp#27;_&amp#15;6����xz�=&amp#28;s��,��h�Mշ&amp#28;�:�V��M�<!�M/Ś~�jtq%ޭj��ͭͮ�{s�x�����%��&amp#17;k:Ջx��]��O���\�&amp#23;�����ڍ�3�*X�<�s�&amp#14;��M�&amp#17;9I�8NU��&amp#20;��8R�)S3���e�!(���ѿ~I+8��5f�����gd<W`�eֹ�iV�}�&amp#29;&amp#26;o�֚��l&amp#27;T�P��&amp#4;7��埆��t����OѬ�A��{�n�S�fӴ�4�td��&amp#29;�^��&amp#29;.�]wH�u�&amp#22;��Eo"Y�:}oUС�4K}*���};A�����&amp#11;�OGђk=&amp#27;I�l,|+��!��|&amp#25;���xJ&amp#31;&amp#17;��&amp#0;&amp#3;>'6��iVzD�i��&amp#23;�ݵ&�Ћ�<'�&#�P�Z&amp#14;�g�&amp#5;[K�����B��&amp#16;ɠ&amp#27;��&amp#0;&amp#19;��&amp#29;Z�&amp#0;�?e�&amp#0;�C�&amp#30;&amp#30;ռ?��&amp#21;�_�N��;X&amp#22;�����&amp#23;��Ο�k:�Χ5��).��[��&amp#0;&amp#16;]�&amp#6;��R�o��=��[�z�o���%z9&amp#5;&amp#25;V��Ͳ�4p��R����&amp#7;&amp#28;,"�&amp#20;۝?i�p~�Ф���!R�i�N0n��q2���R�=&amp#19;�a/zO�$���m쬢�m�@��J����v�H�&amp#21;��,zΫ���P��&amp#11;-{X��W���@ԼW-��$^#�,<a��\\I�Z��r���&amp#26;����}KPk�d��M%&amp#12;6�n�&amp#28;mw�E5{)��&amp#15;�.�o���!a�};K�4e���k��7O��~4�5m+�&amp#3;�*>2|Q&amp#30;$ӼY�&amp#6;x:}&+�'^��=�/&amp#29;��ƚf��h�^�Xk���q�[�:�G�Ԭ��}&amp#15;Om^��~�&amp#16;k���d�χ&amp#19;��G/��&amp#12;����<Q�&amp#16;��sim�K�a�,��J��.&������}%��+ۯ&amp#18;���m!����Y�_��|D��'�H�3�c�t�xa�8J�[�Rj�aO&amp#17;�&amp#22;&amp#29;��q�=:�2��ޥI�Q:=�?&amp#23;&amp#5;&amp#15;`�����+-%+�~u�kۗI�'u{e�&amp#0;�#%����Ǩ�oQ���.��&amp#4;��t�D]ZO���y&amp#14;��-B��ne��<M&amp#24;�4�m�k:���V�%Mr��S�z�ߵBUi��l��&amp#24;���y�;&amp#30;Y&amp#16;'�Lfi&amp#14;ܛu�Ί�+ı�&amp#19;?��,�5����{a�O&amp#14;i:&amp#23;��i�ϧiZU�Ω6�ڇٮ5&amp#27;�&amp#27;&amp#11;I��j&amp#19;,otd&amp#17;��X�i���&amp#0;)&amp#29;�=01�$�r>nNH#;z濑x�p�S�9�u��V�&amp#27;&amp#22;�
�2�8a��u�MF3�xt��MQT�Ӕ\������xR�M�+�;]�m��}[����f�#���&amp#29;�&amp#7;I�&amp#30;���+��&amp#25;�<K��ou�k�&amp#26;&amp#30;�g��7��q&amp#21;���wmm&amp#28;ڍ�&amp#16;�M&amp#12;:��Kz��Il�&amp#2;&amp#2;�{&amp#17;���z����H&amp#25;$&amp#2;N&amp#6;{�`��u �s�`g&amp#7;&amp#4;�$��G|t&amp#31;3`s�8&amp#28;�&amp#27;�'&amp#28;��J�k�*ժV�aN�]Y�|���)�Jm�&amp#8;F)F+݌m&amp#8;�y�����K]^�+��ޚ�n����f�d&amp#28;}3��`9��&amp#0;g��`�&amp#0;3�&amp#11;d��x�Q�&amp#28;�H&amp#14;�<�=�>��󞄂9=y ��`u$���==&amp#6;&amp#0;'��;�'8�k�u_���w�+��Z�g�U}uz�+uխm���6�q�z&amp#17;�pz�&amp#14;&amp#8;=s��&amp#7;r&amp#8;4�u9�C�lc$&amp#30;x�{�&amp#27;��f&amp#29;��N��s��c=	�#��&amp#6;&amp#15;=���~y<g�<���p�����9_i}�n��wR&amp#5;�n��ת}��{�4p9�H��R�C�㜕9&amp#7;nh&amp#7;����&amp#31;S&G&amp#25;���&amp#25;8݂NE �.O#&amp#28;t�[���&amp#8;&amp#7;�yU��:t��&amp#15;ON��$�&amp#27;��O]]��}[�t�v�&amp#14;��{'���o�ݺ]���P~�9��&amp#27;�<g���a�`�5&amp#3;�}G<�����#�v!&amp#7;&amp#3;��:u'&amp#4;&amp#1;�����d&amp#28;�A"&amp#12;��P&amp#7;&amp#25;�&amp#6;@�9�&amp#3;�&amp#27;�;�~Zz����&amp#23;�j�!}����o���v�&amp#23;��P1�&amp#0;��Ԏ�N9&amp#0;�&amp#19;�i&amp#25;&amp#17;���]Y6�8eu`����2����C0�&amp#1;�Q����1�Q�&amp#14;1�
z�A����ĂpB��&amp#0;��NF&amp#20;1�T&amp#16;I&amp#3;
T&amp#2;�Q�v�{����/▼����g��E~����B/ ��&amp#14;	##&amp#4;��gn&amp#8;$d�p�,sN�N�&amp#0;�&&amp#3;�H��O&amp#0;q����&amp#30;��9�=�&amp#31;�[�4&amp#5;&amp#25;�ՇN&amp#14;~b&amp#1;�'$�H�&amp#4;���4->V��֯U���w-mk�O��O�wz�僚�][i�<u&amp#24;�l�z��&amp#1;�9��d1�&amp#25;<&amp#14;�&amp#28;���&amp#14;����y&amp#28;Ӏ&amp#7;?E��&amp#25; � c=x�ɤ&amp#24;�q�&amp#29;{�9�z�g�rI��&amp#5;E���Ͽ���K&amp#11;O�w}���u��z�]F8�9'&amp#25;�'&amp#28;������~R&amp#8;&amp#0;c ��&amp#31;0�FW����aH�&amp#12;E�,��y9�&amp#27;��1���9� &amp#2;�Ny=Aʅ=&amp#28;|�p�?
~RB&amp#23;���Z��&amp#0;+[����y�{�&amp#23;㥭�.������۲��&amp#29;�&amp#7;'&amp#0;&amp#31;���Cg��&amp#31;)&amp#24;�8#�&amp#3;&amp#7;$z�0{��߶2s�GA��&amp#31;1�1��[&amp#29;�&amp#3;&amp#1;���E5[p9�&amp#6;a���+��䜃�b�;Ð�t&amp#23;�����[����ڻ�tv򿦖릺����E&amp#7;6�8��<��`�np��&amp#30;��&amp#6;K�&amp#14;@&amp#30;�&amp#31;b��N}H&amp#28;�&amp#19;�������&amp#8;�)�A&amp#25;l�0�&amp#25;�&amp#0;�`�܆^&amp#11;�EX�a2;!&amp#25;S�&amp#15;�y&amp#20;�&amp#2;H&amp#15;�&amp#31;�e�$&amp#18;(&amp#20;������߼~mY�nRO���xB��OV������n��&amp#3;�����$�&amp#19;����
�.&amp#6;�6�� ��pO=��&amp#28;&amp#16;J昲�&amp#21;a�&amp#14;O̼a�l&amp#25;��q�NA+��&amp#23;�f1�&amp#12;&amp#22;B�&amp#18;DV&amp#6;U_-&amp#24;�&amp#23;dm ��w�0�b&amp#23;�7n믧�����_M���K��z]8��up=s� p&amp#15;&amp#28;�g�2
���&amp#25;�\Es;��{H��ei��&amp#19;p|�ا�Эյջ[j&amp#16;��wl���&amp#22;���S�ݵ��v� &amp#28;m�&amp#14;��Y��	&amp#4;�!�=rw&amp#16;7&amp#23;.~���&amp#24;���0q�&amp#25;<�&amp#19;�>�ӧU�յ�����n�k����&amp#0;lI����ٗg���&amp#31;�gM����fӯc�)&amp#16;�B�&amp#24;f���k�����&amp#23;&amp#17;�,�M%�w^u��&amp#17;]Ay
���SӜ{��n޾�&amp#3;5�d�v��V:4�v���7�]C�Ck&amp#12;��&amp#16;�w-Υn�&amp#29;���iD�&amp#23;��I��9�o��}%.u�26�ʡw(��fg�&amp#4;`�!E�r�#&amp#12;�&amp#0;"�3���,��[7��Ѷ�u�&amp#22;����nחe���4WvM�$�'��&amp#7;�nx>�`~x&amp#27;�^ݏn��s뎟�Aɣ�'��#��נ��@�j�ͼӵ�E�]Y�k���-����!&amp#21;�F��,��KW�X�&amp#25;�^��Koo&amp#26;_-�\�%-7��۵��՟��m�O���6����Z��n� g&amp#3;�:&amp#28;�&amp#28;c&amp#7;����c&amp#2;�d&amp#2;I&amp#29;&amp#7;�&amp#25;`N	�&amp#12;p}O_�$&amp#25;&amp#27;�&amp#1;׌���8��&amp#19;���!�&amp#20;���8��8�3�L&amp#17;��&amp#22;��_�V��yo�m�&amp#17;�K�{>�~��z�&amp#7;&amp#0;&amp#19;��&amp#25;���� &amp#19;�	�9��Aӎ1� ���=�G�=�sI��&amp#1;�x�9�����Pè�;�;��&amp#7;�G'Ԟ�&amp#7;���"�o%��Z]�^��M����Ҿ��OEf�M_��渀&amp#12;&amp#19;�!G|&amp#16;�A�8�$n�I#$�4�8&amp#28;&amp#1;�&amp#28;�&amp#5;��rG'��:�&amp#1;��Ǡ�G�=z&amp#30;;�8�U�;��m.�����&�X�D�&amp#11;�y�x�xd&amp#5;Y&amp#25;7��ȍ&amp#20;����L��-����郎�՝��ѵ`K~��[6��v��ؔ�;»&F�`&amp#23;*C>�\�3�&amp#3;�&amp#5;I&amp#0;&amp#21;���ӵ&amp#27;&amp#29;R��a)�@��A<7&amp#22;��2\�Z��k�鷑A}�_�;�K�4�J���&amp#24;��n���s�&amp#12;�>��F@�=�`�&amp#20;&amp#14;{�pF	�9&amp#28;���&amp#27;&amp#0;�U&amp#31;0RI��wv���ޠ���Ky_]�n��蛳Ս&amp#4;�`&amp#21;J�9fb&amp#27;pa�*�!��3,&amp#20;,r&amp#6;�&amp#23;��<��:���x�&amp#0; t�&amp#3;��a���&amp#4;�q��&amp#28;�g,&amp#0;�q��&amp#0;�O��:�%�Z�v��k�m{���Knݐ�շ����&amp#0;=�ۭ��&amp#8;��u�&amp#0;�A,;&amp#18;G��FX�4�&amp#30;q�&amp#4;&amp#28;�q��bH�3� n9&amp#4;�Ȫ&amp#21;[�&amp#12;d&amp#1;�u�#&amp#24;&amp#0;&amp#14;x#�prO*&amp#20;+9&amp#0;�Y�Ӗ8
&amp#14;s�p1Ԑ�r@4+;��O}U޺_k]����qm�ݮ��]um�ϥ�르��m&amp#0;&amp#22;&amp#25;�&amp#24;&amp#29;�&amp#6;q*�&amp#0; 0�9RHRA �V)�%�&amp#30;`&amp#12;� \��6�) ��#gQ�3*o&amp#4;*�p#��	&amp#12;��Q��@`F�I&amp#25;�Aa�@�䃴�d&amp#3;���$�m��sn�9����j����Ӗ�~��m[�{t����=U�A�&amp#25;�O-�&amp#22;&amp#4;���&amp#5;�L&amp#14;NH&amp#28;��H��*�O&amp#0;n
C7&amp#4;&amp#18;G���x�&amp#25;Q��T Vr&amp#20;|�&amp#0;3��.�2���&amp#1;&amp#0;,9&amp#28;&amp#22;&amp#24;9&amp#20;�&amp#27;!����\z�C`�&amp#4;c��d�6&amp#31;rR��gu}v�Kmu���i&��W���&amp#11;�{4�t�&amp#15;�#�px�&amp#31;œ�A�x��I-�\&amp#14;O�O#��&amp#28;���<&amp#18;���NI��C>{�&amp#31;{#�7&amp#28;&amp#30;M&amp#3;&amp#3;w_�&amp#12;r�T`&amp#17;�c�&amp#31;.v�&amp#3;qw �f"���k&amp#27;i���޺h��]��4�k�6z�o]ޖK�˿(;mFm��&amp#11;|���&amp#5;�&amp#8;��O&amp#3;
��,1��8&amp#26;��tn&amp#25;"����y�g�&amp#18;2��e%����#[��&amp#29;�&amp#8;�j0]B��+D苝�݉�H {r&amp#1;��&amp#24;9<�7&amp#28;�d&amp#29;>���3�\t&amp#29;;&amp#2;�9&��Z�e�F�Jr�l�'&amp#23;��i�{h��Ԟ��f�ӽ����7���6NH��K�-��z}���#���Z֤�&amp#5;���!��P�歪[^Ies�&amp#15;&amp#19;j3j��h�&amp#23;���V�k�Okι}�^ZO�x*�Z���4�/L����g���ZM&amp#17;"���]>	�o.&�j&amp#26;���=Cj��$p�ϧ��&amp#0;\J&amp#12;��4~�2A�H�&amp#3;�&amp#29;H&amp#29;	&amp#3;<t<��&amp#1;$�&amp#29;Ǹ�8��q�&amp#29;����&amp#4;���&amp#12;梩͎�j�}��&amp#5;N�eU��ϒ�i��j�1�V�9J�&amp#20;`�t������3n�߬�m%v��G+�9|��&amp#3;�u�����&amp#14;x������œ\.�}��Չ���u�&amp#2;5=lY�mgc�A��ԃO�/��,&amp#18;[�u��&amp#15;�xC�W𧅵M5�߇�&amp#31;��4H�e�N��9�X�S�i�9��Լmc�&amp#8;�i�-n��K)"��u�&amp#20;�������u��p_x���bp�Ā��bGʸbK&amp#19;���'��&amp#2;H$�\�&amp#7;��3�{�prx���=4x�6���&amp#22;�^ZR|�*�i�ԔaNU��]~�T�&amp#26;n�&amp#28;j8EE�PJ-(��v�X�\��&amp#0;f��;�g{L�[E�gu�wm���&amp#15;��,g����Αw�&amp#5;i�F�h�E�xg�&amp#2;��KӴ˗��y���n&�{�t����ӣ�&amp#30;CJ�w�k-K�^)Ҵ�&amp#23;������&amp#23;���[Ħ�Ѵ&amp#7;��[�?&amp#16;���R��ou��I�&amp#11;�􅳎��E�𖋬Ϩ%}��&amp#30;:v�&amp#3;տ���GRH�&amp#0;&amp#5;p�rrB�&amp#20;�,y8$nl�c�&amp#18;&amp#24;���&amp#17;�a��*^ڮ"4���[&amp#17;���Ӆ&amp#5;AƷ�&amp#23;��b�9�u'O��N�!�Ms.[��-E*p�]�����wm;Y�GUh��&amp#14;��k7�~��麝ŕ��'&amp#22;���5���hl�.�<5��&amp#31;w�c&amp#1;m&amp#8;�m"���
˧��5��_&amp#19;A&amp#20;�}爴�&amp#0;&amp#29;|3�t�2O��_R���l�����=wX&amp#28;xI�+a�5��&amp#23;&amp#18;��M6�m&amp#20;	�G�ڤ�&amp#7;�0��A&amp#7;�ᶂ&amp#24;;C&amp#28;1�&amp#7;�-�&amp#26; @w�đ��Y��	�I�-�&amp#22;�"�͵�1ÿ1*6�cD";h�;e�M��x�&amp#12;e�%i�v�HJ&amp#24;V�&amp#24;�-��E(E':xuNXx��ڭ*�g�&amp#25;8ӏ.*���)�ͭl��Nן;�v�ZI&��y���l|9��&amp#26;]N_��ύmu�&amp#27;W���[k�&amp#17;���:��l���#�V���5��nl�,�Cs����1~ѯj�&amp#25;�/�?I�/�m�j�i)���<&amp#16;i֚t֖Z�I&amp#7;ۮ���W��>&amp#19;�&amp#23;&amp#26;��T�����[�uk&�{&amp#21;�&amp#26;���q�j�Z���{(e�Mơws��&amp#17;jq�mΥa��i&amp#28;ɪ붋cf5�?Oӭu�&amp#26;���]>�h	D��};�&amp#30;	��%6�s�O�M.�r�Wo}z�%��p�d��Mw*Z�Y�Cy�Mw}&amp#14;�ee��u&amp#29;�>Q�����g&amp#12;mlN2�N�9Ӣ�Џ���&amp#31;cE�
S�uS��S䗻N��SE8�I�&amp#17;�Sի�KW�z�r�^��'&amp#21;�TǍ�K�&amp#28;Ip�)Ж(�u���m,�E&amp#20;����ic������M�	q�i�lw����u)�G=ڐT&amp#17;��&amp#2;&amp#3;++c'&amp#27;��2����&amp#4;��Ⴙ8�{v����;u���&amp#7;i4���&amp#28;����Ƕ?S־f�W_�ʕ(N*ҕ(F�j^riʜmN2I��8�rr�Fԙ�U�Wm{��E���I;�f�m���&amp#22;�;�rs�sǯ|&amp#28;&amp#28;�&amp#7;�����&amp#14;�&amp#3;�&amp#15;b�#�3�&amp#18;�&amp#20;3m&amp#0;1`���~�&amp#6;a�s�<&amp#2;r0�F@&amp#20;�&amp#17;�t��#�&amp#25;&amp#28;���&amp#3;&amp#25;<�q��=o���k][_&��c�������}.��5{��둑���9��I�{&amp#30;3�Į&amp#0;&amp#12;�q�s��㴱�&amp#25;�=�9=X���۞�#8�&amp#0;,{���y �F;��&amp#25;&amp#24;���<�89$&amp#2;3��>W��]��Z���[zv�ھ��mmZm��0&amp#14;?&amp#0;=}Xg�3��ӎpsJ:&amp#31;�}�'9&amp#31;��9�ld�i9�=���e��R{�9,Fh&amp#25;��&amp#29;��Nz&amp#12;rz�O<�y&amp#18;�t�՟[���&amp#0;&amp#12;޶Չz��ۿ���}��V;<0&amp#28;��Ԑ:��v&amp#7;�I&amp#7;%&amp#0; 1&amp#3;�&amp#18;	鏘�z��=�<ү&amp#25;�NG�p_�&amp#1;�&amp#0;&amp#7;<��ı&amp#20;�����d}~��=q�eG|Ж��F��6�nV�į�M�gӣ6�m^ܿ|�T�&amp#1;��&amp#1;��&amp#7;&amp#5;��x�&amp#7;���&amp#3;�%G&amp#25;��Nq���$��<�&amp#28;&amp#14;�4�&amp#24;&amp#14;��=z08��x&amp#24;�9�<�rrrr9�&amp#3;9�q�N&amp#7;&amp#29;3��K��Z��}__]��uײ��{��&amp#0;]&amp#23;t.88�&amp#30;�����c�:���>fLc9&amp#29;q�&amp#4;�=9�&amp#14;܌����&amp#14;&amp#1;�{&amp#3;���y�O&amp#25;&amp#7;� �G�&amp#0;[��o��&amp#29;�y$���u���o~�����&amp#23;[t��il��;7�=X����rF&amp#14;9&amp#7;����&amp#14;I$�,)�A�&amp#3;�&amp#7;&amp#0;�	&amp#25;?�NI$�)v\�lb&amp#6;S!�}ッ��&amp#1;$erX&amp#6;!|�&amp#7;���&amp#25;#&amp#16;�O.A+&amp#25;ZB����&amp#24;�&amp#17;&amp#21;V&amp#19;&amp#27;���/*�q&amp#8;C�~ZkoO;�E����bޖ�]��w�zl�W��s<c&amp#7;'>��9nG\d&amp#5;&amp#25;�$��ӇN�z&amp#16;O%���&amp#28;�;��M&amp#4;��<`��0O9�rs��&amp#15;$��&amp#14;&amp#0;#��&amp#28;&amp#2;�s����&amp#3;��M.ֵ�Z=6��{��5��Z�Ih��߅��q	8$s�'h�I'#&amp#5;�&amp#0;�&amp#28;&amp#12;�w&amp#0;	�y�&amp#0;�&amp#2;�s�V&amp#29;Af��Il&amp#12;0����u&amp#7;&amp#28;�z`u<�c��Pq����&amp#24;,y�&amp#11;��&amp#23;&amp#5;�&amp#25;%�&amp#14;�B����X]W�����7���7f���Kiݻ�o��&amp#0;�Vn�<�o�U�tӥjP�cg�ݦ�0�&amp#26;V�=���si�&amp#30;]��&�I����Rk�:�O0j�J麅��j���&amp#27;A�d�&amp#12;�yI#,	&amp#28;cka�;�&amp#28;�J8&amp#7;��&amp#14;&amp#0;9� s�&amp#28;���&amp#25; �pi��$y�&amp#7;Q&amp#11;���&amp#12;���c�P���Rx�$
�þ?�4�	D�O&amp#24;6������`���GۣN���J�;�	;�<&amp#0;A�A�&amp#27;�0O&amp#29;�@�@'qB�&amp#26;&amp#18;J��2O&amp#27;����s�`&amp#2;��f`�&��&amp#16;��*p�7&amp#12;���_1X�&amp#5;�&amp#12;8�.rZ�*ī/%pH�
�ʳ���$PX0V�&amp#5;p�&amp#14;��zﵓ��ۮ�&amp#18;Z��o��i���Y������@P&amp#7;�&amp#27;&amp#7;/�����1��&amp#4;&amp#0;�0%]F��V&amp#6;1���~q&&amp#24;3g��&amp#0;&amp#11;������@
�]�&amp#16;�6c&amp#0;��&amp#8;&amp#4;yHy&amp#25;�a&amp#25;�<���#'�r�U[���\���&amp#1;��&amp#1;�:����u�L���i�$��r�]�[���Z�B��F=}���}���?[��}N�x&amp#31;6ѻz8��d�WUf���|�&amp#5;Z6eej�&amp#25;!@��&amp#12;��&amp#24;�&amp#23;&amp#28;&amp#12;��1&amp#0;��hDBA(���RTe[&amp#18;��'$6�FG8$d�I��N� &amp#16;w&amp#2;&amp#8;&amp#24;#q&amp#28;�{&amp#19;��#��Z���?>��m�"�O���_�l|�ߛ�&amp#26;&amp#14;wz&amp#12;&amp#14;Ð['&amp#29;�&amp#0;���&amp#4;&amp#18;�#j�l�靬y%1���&amp#6;&amp#7;_��0����&amp#19;�\�������&amp#0;��O9}-���v���M�������v���w������c�&amp#4;rH4���@��&amp#1;���ԟN��l<�y�1ǜ�;$99<�&amp#1;�<�F��&amp#6;&amp#28;vܼv��G&amp#30;�&amp#2;=&amp#14;9$n'F�*��7��&amp#31;"��W�&amp#21;ׯ]ƃ�2����w;pY�&amp#25;#&amp#4;���9&amp#1;� &amp#2;��׏��Ղ�v&amp#7;גrs�����&amp#0;&amp#2;>�&amp#0;���y�W���Ѥ�s�&amp#3;&amp#30;�rqȶ~N?�6�������Ťo�m4�&amp#0;?^��8w&amp#24;Ǹ?P{�'<s�9 �&amp#7;&amp#28;�N=�A��������&amp#31;̓߹����9b��d>�0&amp#15;��&amp#15;&amp#28;��&amp#7;뎤d�{�&amp#0;_��W}���{=o�q�t&amp#3;=&amp#0;�&amp#29;&amp#12;�&amp#31;~�&amp#29;1���&amp#5;�v��@;N&amp#24;�dV�&amp#0;��\��%w�&amp#16;&amp#8;�	�O=��&amp#31;����&amp#29;$�&amp#0;r#���&amp#19;�=���֟�g۷�����Vk����i&amp#27;4&amp#3;�g���&amp#12;&amp#0;&amp#1;|&amp#1;��&amp#25;�=w�&amp#2;�&amp#2;&amp#7;@�=�;+���&amp#25;�6
�&amp#23;%�S"�+�&amp#11;&amp#5;l&amp#18;&amp#26;�@&amp#29;;��܁�O��㌞��&amp#2;� &amp#30;s�=�S�=A�s�P�ӽ��r_�o���.�˕}�˻�&amp#5;����&amp#7;&amp#29;��&amp#28;�&amp#26;@&amp#0;�'�ې&amp#8;&amp#4;���Pp}F&amp#7;�9nG͜�8$�	&amp#20;���{���� �sגb��f#�$�#�����hM���m���Uq��ﵿ����Q�*���'����%���F��&amp#2;��CK�ۀ'&amp#30;�&amp#29;&amp#11;g��&amp#12;&amp#14;�$q���P2&amp#14;&amp#7;nq�ϟ�h��d�r&amp#14;��A�~���~�����:y�~/]E�[ӧ�~/�(�z��&amp#0;&amp#31;�1�&amp#25;��q!h&amp#28;g<��q�R&amp#0;&amp#3;'���=x&amp#4;&amp#0;&amp#2;���&amp#0;��@�w&amp#29;z&amp#30;��'��&amp#15;�+Y�<I�(~�^#�&amp#22;��k����&amp#3;ඳ����ާ��ZΧ��·�����w�\^jZ��wq=�����]��M=���M$�1w���^���V&amp#23;����w��Zjڻ��&amp#28;7,21��ddd&amp#16;&amp#0;�H&amp#28;���N촶&amp#3;��&amp#20;g$����NG�>S���I9N~&amp#16;�׎{�&amp#0;��y��~��&amp#0;B>�&amp#0;�'�9i����E��&amp#29;�_A�e�f�-Zzy����w�&amp#1;�&amp#14;9R&amp#15; �F[&amp#4;`��2A�&amp#3;�4�8��&amp#12;&amp#19;��p&amp#15;Q�F3�q�&amp#30;&amp#11;&amp#23;����?SA�?&amp#15;�&amp#7;��}�4����U��-n��u&amp#4;�{in�Uv�����5�M�j&amp#26;u���qi��LzF�&����&amp#16;�rZx��M&amp#19;]җA�_T�5+�4�{�N���K��&amp#15;]&amp#26;���As���y�K�Kc&amp#28;0<�9�?y��&amp#0;���ry#�����}M&amp#30;\`<�&amp#16;H�Q�
7�������P�&amp#21;RHR�G%�q��^rw߯*ﾎ�͵��V�V�Zj�~�I�{�7�>�w&amp#22;���)��Z���Hֵ&amp#11;�&amp#20;�?�ƃ�^iw�&amp#31;�����mq���9uo&amp#19;C�_�:,�F���0Yxo�1��]�u)�!a��&amp#12;��=��S��z�߱#��0I?��&amp#0;���Ƒ{�?��}z�g�nI&amp#25;&ɾ�]t�V����Z��)�I5��F�ݾ��uշ���&amp#7;�rTc �&amp#22;+��&amp#12;�b&amp#7;$��,j8fI�gA*��xv�&amp#4;��M�����&amp#28;�D�&tw��&amp#3;&amp#5;�&;�i&amp#30;�Hgi�ӱ+����u&amp#25;�&amp#0;>��M?u�����_�G�9��I��y.�/���{�v���e+}��W�Wv�&amp#15;^3׮G�<&amp#14;&amp#20;����&amp#14;2O&amp#6;�'&amp#4;��~{�&amp#7;&amp#29;z�&amp#24;�H�&amp#4;&amp#18;��F|�9�&amp#30;&amp#15;q�H8����J��&amp#0;�D�&amp#0;о����45k���o���&amp#4;����﴾�l�����&amp#1;��&amp#12;��G&amp#24;�'&amp#30;�$&amp#16;YF�&amp#4;�:zs�s��<�� &amp#12;�v�&amp#0;��&amp#0;�L��߯ԞjH����Y=�&amp#0;��h�迭�&amp#0;����Z�&amp#31;�#FV,&amp#3;&amp#2;U�\)RCmf&amp#25;&amp#0;��i��&amp#24;18*Z'��� �!|�&amp#18;x�2�>T�&amp#25;cR%&amp#27;KIknĸ�&amp#16;�&amp#4;a�J%�����Ӕ&amp#12;7��&amp#25;&amp#15;�p&amp#15;�&amp#28;�d��<�m>]֗SR�[����7�ݖZ�(�[�&amp#0;���ܫcee�����m�����Q��YY[�miko&amp#18;��&amp#27;kh&amp#17;"�&amp#4;\*E&amp#26;,h&amp#2;�@���]z��:g&amp#29;���O&amp#28;`��&amp#31;����9�����&amp#0;2OԞ�]�96ܷ��w�rwm��n��ݷvŢ�N�i�߷���&amp#14;s�8&amp#24;>����`&amp#0;	=G$�&amp#20;fڮ�&amp#25;��¨��in&amp#16;1ے6�&amp#25;��\�M&amp#7;�}q�n�z�&amp#1;�`v�y���c��>���I�*�&amp#0;־^~_u�E �������n�Hf={zg�&amp#14;p0y}��ƑT*�&amp#5;�s�1f<���I<��Cq�IP3,`&amp#21;l���w�&amp#15;Ӟ2R0&amp#14;��ӯ�?�
�=^�u}]�^���&amp#22;�^V}u���}�������ߖ�N{&amp#30;y$��[�&amp#30;���<�$g&amp#29;r1�rC&amp#14;�&amp#2;&amp#31;���&amp#31;��Dz�&amp#0;^瞤ƽ&amp#15;��&amp#0;�R{�A�rq�{~&amp#31;z���oWeqm/�w�_]}&amp#30;�~B�&amp#1;��y�Հ��1��䓓J8&amp#7;=NpA>��NX(�0	�,J����&amp#0;&amp#1;�&amp#0;ژ��&amp#0;>��;~&amp#31;�6?���Mj��{uJN��^]��~CZ���M�+�������&amp#3;d&amp#30;&amp#15;899�I=	ʜ&amp#17;�p@��C&amp#18;�1�y#&amp#24;�&amp#24;9ol�S�3��$&amp#26;O_��&amp#0;_���N�v�8��g����&amp#26;+�K(������}B�r�NW�[�K���{��\p��&amp#25;x�S��p:疦�&amp#8;c��&amp#6;rry8�g&amp#0;r@�L��iNr���wH3��~���&amp#0;�/���>����}�Iouku�[+�I�y���&amp#0;O�������&amp#14;�&amp#12;��9&amp#28;��p9��`&amp#3;���ϩ�ry98&amp#28;}s�����+��A�>�~&amp#24;&amp#25;8�&amp#23;����
A��}{�%e�K��&amp#22;�~~��n�%n�b�t�oG��&amp#0;.�>ޙ����Ԟ3б���_^�c�&amp#7;&amp#25;�2&amp#20;��&amp#0;w��\:��G�>z�&amp#0;��O9oo�&amp#15;��&amp#17;��׹��L�o��ӛ���{�J������������X&amp#7;&amp#3;�=�����&amp#0;A&amp#25;� �r(�&amp#7; v&amp#25;'q�&amp#25;�I�1�&amp#5;�)�/��Ԑz�&amp#1;�`s���3�&amp#29;{�&amp#0;�ǯ��=h�o����m^���K~?��&amp#0;&amp#27;j�n��26�&amp#21;�cƻ�##�&amp#8;�ѪJ&amp#24;)&amp#27;�&�&amp#18;�?����H8'&amp#29;&amp#12;��A�#��t&amp#25;$`�H@&amp#25;&amp#0;&amp#0;>n�&amp#29;\�߹$�rrI$���&amp#7;�&amp#0;e>�&amp#0;�'�rH��&amp#23;�5�����[[y��&amp#0;6���~��w4��L�����+��5��@��)it�|M�fAu&amp#29;��.&amp#30;(�ͮ�3&amp#25;R8��</<&amp#18;s�=�pF9ʂ��6�&amp#20;�w�?��팁�N��<��X������F��7&amp#21;Wb���&amp#5;���&amp#2;͌�į���&amp#0;�/����B���ӮO&amp#28;�&amp#30;s��&amp#3;�<&amp#3;ɂ�'���+[���Io"[�yQ��idI�&amp#27;�&amp#3;�.q&amp#12;�9�B&amp#18;\&amp#20;b&amp#3;>ZY����Cdd��23۷\d�y����&amp#29;�g>�wS���4��뺷T�����]���kI�_�m٭�{�6�z�X��
]]></system-out>
    <system-err><![CDATA[SLF4J: Failed to load class "org.slf4j.impl.StaticLoggerBinder".
SLF4J: Defaulting to no-operation (NOP) logger implementation
SLF4J: See http://www.slf4j.org/codes.html#StaticLoggerBinder for further details.
]]></system-err>
  </testcase>
  <testcase name="Ep1Loading" classname="Sanitytesting.cellannotation" time="0">
    <failure message="1 expectation failed.&#10;Expected status code &lt;200&gt; but was &lt;404&gt;.&#10;" type="java.lang.AssertionError"><![CDATA[java.lang.AssertionError: 
1 expectation failed.
Expected status code <200> but was <404>.

	at Sanitytesting.cellannotation.Ep1Loading(cellannotation.java:35)
]]></failure>
    <system-out><![CDATA[Sending POST request to ep1 loading 
]]></system-out>
  </testcase>
  <testcase name="Ep4Loading" classname="Sanitytesting.cellannotation" time="2.415">
    <system-out><![CDATA[Sending POST request to ep4 loading 
HTTP/1.1 200 
Server: nginx/1.18.0
Date: Wed, 13 Sep 2023 11:13:01 GMT
Content-Length: 2931121
Connection: keep-alive
x-request-id: 1bdbe32e-664b-4d7c-89ed-2c641117ede4
access-control-allow-origin: *
access-control-allow-methods: GET, POST, PUT, OPTIONS
access-control-allow-headers: X-Custom-Header
Pragma: no-cache
Cache-Control: no-cache; no-store, must-revalidate, private
Expires: Thu, 01 Jan 1970 00:00:00 UTC
Access-Control-Allow-Origin: *

{
  "image_mask": "b'iVBORw0KGgoAAAANSUhEUgAAAgAAAAIACAYAAAD0eNT6AAAo1UlEQVR4nO3dwZUjO46FYZ06vWpn2pHxYuwaL9qRcWbWs8iuyqxMKUQyQOJe4P+W3a9SJABSECMUejwAAADg4b//9c9///e//vnv7HEAADz9yh4AAADdKHyI+0fkH/s9mf/53//7r8i/G0F5bL/NjDFjHqsxdIg9MOJULbNmPhCHcSuxCm0AnnFK4K6xOsVAyUrcRv8NOYG70zXsvGYUx67wIS60AVAK7neRY9tVTMrxezzWx6c+L2DUqVpmzXy4ioPim3r0mNRPhVtSuHYD/EY9jiNWZ4zG+U4+onMZ8fcUx3Rl+yWAiui0AKw6+clV8VNyFMU5dTsVlnGi4wSAu17tQTv2JvY7XOEEAAC+2fnJ+eSnuo6fICufekQr0wCMJpui0MJiBT6orAHWZB9lGgD0w0aFXagpX465y9rLaADww8lidFyso2hQEO1ETVGvr1Vb0zQAsFVlEQLoLeO5AdtxByqyUYOAhpm1yLpdcxW3Z/9fmxOA2c6IZ34DAJzMvo9sbQB4U0M2avBvFRvOinOqaCY/5DLes5i2OQGYLSie+Z2PjR3wwFr11KYBAKI4b3aOY36n4pyeca47aKIBgKyKG92OTZw3BmSj9jyVbADYELETdYUMmXXHnvqce1yONQDugYImt7pyf7Z8ZVm15FbDqKPkCQALCcjFm1ot5PE54lKQ4kMoFMe0qtJc8Bw5BvQtnwDs7vBH/n6FTxkV5gB8Rz0D+v5qAHgz+qA4f8UxreIO+FjEAJVQz+csnwDsTs7I369QIBXmAMBH9hts9uvjAK4B5sUg43Xvvib1AlyLWiPZay379We5jXdGyW8BAACey/7kfef1OT0ANlPpeFXGgdfIEU6i3mKVPAGgS+yL3ANnZKw1fp49lkUD0C0p2VTirDIORSprIuP1VeYOLyt1U73WnjYAq5NWCVb26++gElt1xAc4o+JaqzinKxYnAN2SArwzuiYqNo6V5vJKxbxlW4ll9fg/bQBWJ109WJmIbQ9s/MTgjtnYEet77sYvO/4WJwBV7Ex2diFBE/WgYXZ9kjc8E73P0wAAQtj4icEds7Ej1vfcjR/xR3snvtvL94cBfMWe8Hj8yh4AgDlsXGcRb1RlfQlA+bp3xe+c7hrfifmqxVQ911ecxw78Rv0GPwcA57jkyGWcTlyfz+GqUtzu1EK3Ouow3/QTgHdBvvr/le+md/jOKXcm51GP5el1B+C80OcA4ByXHLmMM4LqJwa18XRQsRbU5rJbt/niBm4UAjXgZWe+utTCrnmO/t0ucd4l/RJAJNWuGz1Qd5+6r8Wu88a6jKcKlmoAMrHgsVP3N9QdRmJJ3K99jUtkrLgvaY/vOSrVADwrBhbwPs6xdR67A+IKzMm48bxUAwBUpfzVv8rNVMU5PRORQ/VYVa7TUd/nXr4BqPyrWNljdorVd85jd5ZdswA+/WgAFBaowhhmOY75nYpzUrE7tidzRn3465DDDnOcVf4EYJRjcTiOGfp2NieVapYGGQCaqPKd43fzqDLP3WbiREyhSOIE4EQnTbcOjGGNjCFOmtjrx0k0AICDKhtK9DyqbLhc+jinSs24G2oAKtywRKEBQH2Oe31WQ7TtBKBDh9dhjpjTsSbezdUlJurjq4RYr4tcT0MNAMlCZS5vUABqYu9JcnV3Lnfu9qCc55GxKY8/W1ZsyAkccBMg7N39BE/3jXccTokcxghj6l2tyvhUxqHgRCyI9z2R8auaC4d5PRujw7hXVJ3X43F2bpwAwB6feLBbRo3NfqJnHeAVTocKq9wNV0OuMKpjreyec8eYPh6v5/2Pr//B40GHAB/ULH6rWAsuc7mKfcW8OHoVfy4BFDCzuFiQuYj7Guq2jqtc7s4v9fO3Pw0AgdmLDSwescRv1EKeq9i75aXbPs0JQDNdCvu7bgv7qwpzPz32CjFTRUx1TDcAjgtDYcyrr60wdgDoQG2f3b3/cwIwgDfhs3bEu3PuOs99lUvMZtcKexm+mm4AHAvHccy/OY+9q+6b7Mz8u8cK17rXx+6TY04ABjgWn/PCcRzzDs453G1nbJziPjtGhznhHBoAAU4bjgrlmCmO6aSZ+XePFa5Vq49T+9bo36cBKKrawumI67qv7ZxrpzgCAIx1fbwpAMiovBFfza3yvAHcE713vPs3HfajqDn+ihjMKJXEqIwDQBzW9aeTsXCK+8hYdzQlqrgHIFDla4eVHvcJ4JzovePdv+mwH3WYIwAAAIAVrseTAPY6eg+Ai+4bZvf5AzuwrqCGewCA4rhe2JPj8yGuxqw0nypjoQF4QiGppzwrnk7zB05hXaE1jsD0ROckK8c7Xpd6hTLq82/EYx4nAM3NfipROvpSQUwAAOXRZf9UOSZ35lY5LiuIx4ducVCeLycAmMKn3J+ISQ+c9NRHjoFGlLtzaKlWK9XmE6Hb7wzInADQeZ0xG2elvCiNBf041h1rZk63OIU1ABQaHFGvULZzX61+A/CO8brMfZTMCUC1wKqajbNSXpTGAjg4vWbcmgQAAapdGwMwr/M+4Dj3PycASp2b0ljQz476c6vpkfG6zWm30XhExU0x/itjUZiHwhh2ezZHmUsAqzokzkHHxUujAOC3lmt25tiDx7ViBx4/7Gllrp3iA+xmfwKg0HXxqS1XVtwV7swGIrCH+VvJ4e0GYObFKC4PbAY4YaW+dtQk9zugq5cNQNWC57uh/VStZbxGzucQJ38rObS/BHCFTWBN1Cch4g8HI/VJDaOilw1AVsHvftNgIX/q8gZdfX53VawD17nsykXFHOO+0o8CVhpLFdzzsYfi+gGAx+PR71eSgJNYP+cRc3QXdgKQ/cmFT1BwVq1uWY94hrrQMtwAkDB/3MDni3zE4zo7dnKoB4tvAYwEMirIDkkD1KmtH9b1tVPxIf57zebRogFAjA438FXd6KvNpyJyhK+oB+Aw5Ru7ToxNef6OiCcq+V7PnAAgVPYncLpuKMteH9ChUAvtHgWMcRE1QB19OhED4hxLLZ6sJ9zxvW44AUAoNibgNYX1QROhgfgfwDU8oC/W/09RMVn9O+REBycAQCA+XUEdtQkbdItwQr0Cce6sJ9bie5wAYAmfdJ8jHpjBOkIm+QaAhQFAEW/e+92JLXnBMI6LkG1XDVLbexBXuJM/AcAZfJrxRe5ydIw3tVYLDcB/UNDItqsGqe3aeFMGAGEcF2OX7O/1V+Yck5GxtzoBoFM+zyHmDmMEXqFu57HmP7RqAFS5FaPbeE+5iguxgjpq9CfnmIyMvVUD4JxMVw4xdxijO5pGKKEO8Zbz9R9ASdW1VHVe6GH6BOBEJ1/lNYAo7vXqOu4K3GsH+7S6BDCLBQPgCnsESul6pNV13i7ID6JQS+jmVc3/OvVCAACgMBoAH+QKwAr2jhrC7wHgmlhN1W4kqjYfAJjFTYCNRb/53X1T5U25HnL6U2ZMol6bfH7KyGfUa9IAiFPZQLNff8RMrEbnoxL/HSrPrZsduaQ+6ktrACiuevhUge/I6U+ZMXH8lKouY34rrymVD24iAYC62OO1kI/GSD6wbmX9OK45xzE7Uolz+HMAnEQnQSWpESrNBQDw0497AKSuEzRxIubkE6PYA35aiYVj/BzH7Eglzq2/BRCdBJWkRsicy+k3oOpveNXnh3HuteA+fjU/GgACe96dmLMgEC2ilhTrUnFMd1SbjzKHWK+MsfUJADSdXmTKizpC9flhnHstuI+/HW4m81E5VxFzqxwfF0o5UBrLTl3mqSwqB9//jsS3ABQKbHQMCmMFAKAEhTdVGgAAQAbeV94gQPcRQwDQk7U3cxMgUjjcVeuCWELVydp0XgdZY7ZpAN4FyDn5X+2ch3tscFaVNZWF+EHBVR3aNACo5e7P8bK5fqoYA/Jbw8n88RPf88o0AFWSWWUe8NepFne8KXSKH3RRhwC2qXBzaYU5oJ+7dVvmBAD3cCyGzq7qnrWBnTLr62kDQMH7xsB13LsQj+ci40Js+2A9fVKIxd2b4zkBwOPxiCtihUUBbW414jJOxDhdn9TXBK7VaSM/8arF1H0+7uPHtZ35VasdTgACuX2y2aHz3DM41pzTWNEP9Yklat3dildzqDC3isiLDnKB02Zr7vt/zwlAIDpHnEbNIYLjSRJwXKUuv9JcAGW71tqu34lHD5wACKMrB+5jHb1XMTbk/T0agEmKxbRa6NFzYcEBz+1aE6y1877vc8773nID4DxpF8QWuC9yHbHvnXUn3uToPU4AClAp9NPjYDPORfxR0bu6/v6/O9f/cgOwa9JsKgBUsS+dRbxfi3iv5ASgqQqNlvPYKyD+qIi6voGvk2h4lwfyFIM4ghqAulc1+vIEoMInRLxGXs9gHQFjWCvnhV8CIHn7jSwU8nAGd5iDfEHd9M8BU9TAfawjOMpoRmdei2Y5BjcBGrpb9I6Lx3HMsyrPDYAeGgC00qGRiEKs+sr8mvfuS5zU9ScagIYcC99xzNDBpo/qqPFBfG0H7u7UcMf67zhn9LJS45wAACiPT0U9dP4UfHvOO7tkOnAA8Dayj2fu9bzPzOEEoIjOne+duZ+OW+c8Abuxrub81QDsDB6J0cebE+6ihmobyatS7ivWY+Sc7E8ATiVYvZAyx5Udmzuve3rMqvUzIzvfV5TH9njoj88VcV1j3wAgDotHy91NTf1pbpjDm9y877GqEMPIsds3AKcSmV0wyte5s2ODs5Tzrf44WeXYOSOua+wbAEBN1BtL9r+HlrtPzwPx+Y4GwITTdW7AgfppQYYu88QHGgAgGJsnTqPmnqOhAQ7jYRwAFDjsRZmP9eYEAJfooGMRz78RD+xEXV2jAUA4Fl0e3lBzvYs/+cF3mfd30QDgEhtVLPd4Rr+BucfjJJfmwWWcO7jNnQYApbgtwGgq8+6ah3fz7RaPV6Lqg9/yuIcGAFOqLQDMIe97Xa0vl9i7jHOHznNHAw531Z5GTBDlbi1RizXtyisnAIKUP2UrjgmogvUFNEcXDwD9nN77OQEQxKeAWpRPdACsu1rbDuueBgC3zRb6ysJwWEzw41RXTmPFmtO5pQEoiI1iza64qeWB+riPGOLxuM6/Q23QAOCtd5vdbKGvLAyHxYQYJ99cnY5u1caTYSY3qnlUQgNQEAW/pkvcusxzJ2II4KjoO0T5tgEA9PUrewAAAHzFhxO0QbEDdbCe//YuHs/+f2J4BvcAABtwAxKyOdeg601+imO6QgMgwKVYgCuqm9/pcanNPxu/kIi2OMpCF6q1rjou4JRXa4ATAMjJ/iSZ/fqnRc1XNV6q45rRrSZxBg3AZk4Llk0GwC7V9hen+bwa49EGQDlgymPrJjsH2a9/Wrf5fuew9lXH5hC7yu7GnxOAZq4KhkUMxOHN8W/V4lBtPmiAG6KAM1hrAAAcwpvu34gHrvx5FDCFgm6uar7zeug8d6CTNvcArFyP230NT/0aofr4MhEbTV3z8aoe1eJRbd24z+dPA+A6AdSQsZCuXmvHOFw2C/XxVeFSD/BHrUFah2PnDnOM0CVOXeaJfDK1JjMQAJLYI/4WEQ9imkM97m3uAQAyVTmCOzEP9xhVNZv7KjVf2fEGgGIAgHHf98yVN1b23XGRjQtxF6J+HPNV9Fjv/j2n2N3Vaa7wQ33e8y5+SvEdGcud8XIJ4AWOrwCMOL1XsCftRXwvnOqOsruw7NeHL2on1+n4k2+4+nECENXNun+Cdh03oMR9HxjR9ZkRDmPM5BCf6UsAHHN5GCk+hwJ1RDxzEX9892yvW93/Ku2bPxqAqEmN/B1OGwB/FX5ietdX3Fb3Joe4OYwxk0N8uAmwqJHicyjQbBnNJQ0tnCnU7/cxzDSn78ZfaV2mNgAnTxsA7FFh/e36hF4hNjhnR/N0tCHjjlg44TGr/uPvhnzVtSO3V3+TSwDJ7Ds+DCMvcEcN77Ujrld/M7wBoDD2YgHG4nGf/uOvYnRtn7zBWh3fdrqHE4Bkpzu+zrI3AvLiLbt+FMzMnXj9dDcm0TGlATCT9dARt8XsNt4KlGKuNJZRkWON+FsOMdz1bSeHuUf40wB0mTD6orZxB/Uzp3q8Mn6VcVtMFe4sVRhDdcS4L3IPxKmwnv6cAFTv1jriVAfADuwtNeYudQ9AhYCqI8b5sjbPirnnjQjVnKzprQ0AizMXcQfwTsa17N06vffcmavUCQDW7Cz2TgvpFGIZh1h6YT9572RstjYAJLkfpQWuNJZVFeZQgWseRsbtNqcRFef0yp25cgJQwM5i77SQoE39Tbji8zSidZ23KtsGoPtCUqWUD6WxrKowhwpc8+A67ooU37NsG4CuFIsIOEG95nc9la4r9rr9fjQAM0HPTNCu16TokIG6g2sNuI47wszcFeMjcQLQuYBmEaM41J0G8oBnqIcmKjxSEfvsqg/qTgN5wAnU2U8SJwB0elq6fCLjbm0NxLgm1tCcjHhJNADAldkFwcYDxHBYS6NjVJ5DlvINgEMBqyFWxGCG4xqbHbPjHLMRqzkZ8SrfAERiE/BAfuBOZa/Jfv0RDmNsr8INGBXmACAON6jCGScAE+g0P0R/OlH5tANEuVvTrAWccKwB6FjQvLHhGerinN2xJofYbWcNcwKAadGFqLiJ8iaNO6gbADBV+Rps1twqx3S3jrGLmvO7v9Mxtr9xAvDg0x5+ohbAvgA0MNIBdu4STyMfUECNobqyJwDuv9IEYA+eHAd8ONYAuB+nvRq3+7wU0bQBwH5hDYDaG6HKOIBRamuoKuILfLB+DoDChslmAiCawt6G+sIaAAoVuGdkDfHGoINcaJnJB7n7IHET4GoyuievExZsXXdyW7Uuqs0nU9UaifCnASBI14gPFCjUH2vhQ/f5q5nJB7n7IHECUC0ZbJDxiGVdd3JLXeCdyBqptrf/aQCqTCjCsySfjk+1QkMdHNXP6Tx3aJM4AbgSuXhOLUQWOqCDN2BEqVZD8g1ABoUkK4wBiNK5njvPHcBBp55fznPSeyHfQI6da+/Xjj96AhsSAAAN0QBgVafa6TRXINKdteOy7mzvAeC6GoBo3DCId1xr5Nm4QxoA14DAS1SddfplR+e5KObjakx3x/vu3yvGo7IOz6dIOQGgkIF5rJt1o7EjtnjHtUZkxu1yfeQEYoFR1Mq6LrHrMs+qTucv5bcAZDoRYFHGp3HWzTpiB/w0dQmAI8h4p2JJ7oD61NY3+85zr+JyOk78FgDaGd2Urv471gs64439nIj96pWpE4DRP0xxnDUSb3KBETNrl3WOd6rURnStq8TF9jkAwKrRxaeySFfw5oydqKtzOuxXT3FHK/DTyLpg7dxXKYaV5qLGObacAAAFlfs08AYnHhh1slbU6/JoAzAbDNWgoQ/FBaw0lsoqxbnSXNQ4x/ZpA5C16SlutgD0Vdgz2P/OxIBnd3w6egKgHgx1bBDnEWsAJ7C/45LzzSYYR57PIt5QkFGH3ARohM4QGLf7ExWf2Oqr/oj80AaABQHcd2f9cIfzPPfxA6s4ATBWZQMGdti9Llh39ZFjyOLaJYAZEXsG+04d8icAfMp9jee1A/uwdlCdfAMADWyG2lTyozIOPBeRF3I7Tn09yDcAqoFzQfxQzalNlbWDV9Tf2AEpXDecUyleV3NZmadbbBhvPVViJH8CoIbOD8jF2qvDdT91Gy+CVOn8ACAb+ykAAJhC83Dfr+wBAJHYFIC9qq2xzPlkxzLkHgDX6zgAoIb9dAzxEZHdxQDdsOZqeJZHcotTpk8AnnWnzzoxutg+yDUQh3Wkp+oe1+JrgNHJU/nFtapFuVuFuDmPHZ+q5zFzrVVY57tNNwCjwXQL+o5i6VKAd+fXJU7ASa7rSnHcJ8dycv5lTgCughYdyJPFcPVaSgvECXEbc3cjyt7Is18fubEn7++VaQDu2lEsFOAY4gTEc11X3RvG7Ne3wJ2yeDzO1AG1pom8IFLHeuIEAGXNdPQq3T+AHKz9RR1+0eu3XeN2jYeymZgS/77IPbriBABlzXT0dP85HE5eHMYIvHJVvyENwMrCcF1Mu8btGo+dHDdeLjv4If7oyuIE4NVGObqBstECmhzWpMMYkbPPR77mrvFf/T2LBgCvVW5uHOfEZQcoq7xfjHKMwa4xWzQArybNUwkBAI9Hzn4Z+ZquD9wK1/2u3O7zV0IukOFV3VGP+O5OTVicAHRTppMTV65zTlQlllXmgT7u1KpkA3BnQixgRKKOPrCuzpq97El+9qkcW8kGADih4oLOUiWWfKMIAAJx3RJVUMuohBMAYCOHT4wOY1RBjFAJDcACNsxr3+NDnPDMnXXEGsQI6uQaDYAQirUeh1w6jBEA3nK+Ruc89hVR8+0WN/RBbXtxyxcnAJusfJrnk5g+TmkAZNix95RrANiY94sqxKhcuX11y/1HS3DOznxVqwmF+bjFslwDcNJVwbkVAsaM5nXHZqSwwXVHDup6llulfO8Yw5EGwOEnEzHOLfZq43X/0RJcc9mjZsbnMCflsamSOgFwKLKvXMZZWVTNRNfejtrIqje3dbkTMTjrZO11PMk90gAo/GSikyobbpV5nEK8NNzNQ8Xr9u41ydp6TuoEgORglvIn9iqIDbJQeybcvv9YATHHXdVqqNp8gJ1+ZQ/AycrmwoYErGP9AM9FrI2wSwAc1Zz3Pebu17kcnw3vHnPXcT8ez2OfOR/VG1IVVJzTV6rzezeuywZAdVJZVuJA7PB4sJZeeRcX4nUONeple544ftNBLrxVyl/kXE7HpVIeojnGxnHMSi5PAHiKGVTN1NNK7ak9F+D0+jn1euwHOshFP1JfA3RyekNmcdbl1hy7jPMZ57FXp/oDars/bGQ61gC4BAQedm8SavV6+jTO7cTihIpzQm+cACzqvAmwEcYijoDuOjh1IpGxr9IAAAucm6Cs56q72zGnysfLiLMr938aAIoLo1RrpFoNV5sPgNcy1jknALCy401R9eajqjo0NqNzpOYw4lnuI9bRnwaA4oI71RpeXaiq81Fwd/Pr0IQA7wyfAHRfMN3nr2JH/MnpWR3i3WGOmKP2bJHHI/gSgOubpOu44YG6inf3prmrf89+gBmR9XK69oYbgO6Lofv8V2RupLtemzcHYI7Lj3ztfi3FPSP0WwCKExzhOm4FvCEiUmQ9rf4NahkzIuslrfb4UYUeovNM3SAS9XQW8e6NbwHgFuoGkRzqafaUglOyGirmkecAJMkqJjatc4hhD873m1CbGrL2ChoAQ7yxPEdccEL08xyoWw/k54uRa0dcX9ojO67Zr//K6XGtvl5W/FTzpupUvMgLsnACYMilEz39/ViXuFTEp9h1xAxAOZGfbPiUpI38wA01ixYodCAP60/T7rw45J1LAAVUOn6tNBfEojYQiTp60QCw0GpRzGPFGlOZk8o4OuDeFLzikHdOAA7ZuSkrFFrU/BTmooI38r9V+k2J3a/z6u9RU/jqaQMQ+bAY14JzHfcdJ+dcMa4qc1IZRwfEGs44ATik+kZRsQnMRrzyncrB7Ou8W1Oz/3s1K3tOx33qVgMwEijXYLqO+46OcwZOUH5zUR4bIMfh6x3fOY4ZeqijNcpxUx5bN6dz0e4SAN0uTqh8fwzmreT4VH1Qf97u1MlyA9B583L8cQ+lscBXhzpSXL/wcad++DXAzVjU8XZvmGobctR3v1XmA01u9aG2Tru4E+/lBoAkv0Zs8rAJ+cvO4cjrZo8RMXbk0akm2p0AIF63a5Rq44EulUYhahxXfyd7jt+pxF4ZDQBSRS9SPr35O5mX1Vqgdu5RWYPZr5+NBiCRyiIAHg/qcQeVWJ5ssFU4jVUK3ws9gzhr2pEXh1w7jBFAHE4AEtGhQkmlenQ5zXAZJ3zM1NStHwMCKqr6i40AgMY45u2BPCMCdVTbr+wBjKAIoWZ3TVLzOYg7VJyoRe4BaMbtKJprpGuI1xnV67PqvDp6VqsWDYBjEd7ZGKpvKgruxnj1342+LrnPQdyhYqYWV/cziwZgF95o9ZGbefwS4TnEDy6e1WpaA1B9A7ozL/eYOORW+TnzQIZT6/bV6zjsG6pWY9b6BODEEQt6UagTfokQKhTWA15LawAoiLrI7Tw2yjOI82unYvLqdcjJea1PAGZQnPd12Hyz59YhxvBBHWr7qwFg8wBysObOIM7n8H6iT/IEgMK5RzV+u786t4NqLF/hvhagvtm1++q//6sBYCMAgD52NoG8n5xHU1+EyiNJVcZRCTHV1ik/nebawWw+JS8BAAD2y/6kqPqJ9eS4Il+LJwFu8C5BO4pFZUGojCOCymaz+zq9yjxdEbdP1FJtPAkQABBuZI9X3f9Pjks1Bltx7QmqqE3gPtZRnF2x5EmAQKKskzBO4PRUy0mVeVRmcw9AtcWxYvevvJ243uyQR+WxAegnak/6vv/aNACAQ/MwS/FXCSvG2QHx1kD938B1nznEaxyxOoM490TeP3SKAycAsEFHfgZfOURnu47bFYU3AMqTVUS8AB8Om/qqinNydLLGphqAysUPDdTYPafjR568sL7OcYix5M8BV/pqlEpMI1SaC7CC2sduJ2ts6gSA4v/Em+EexPMelfixPjSRjw/U5wfJnwNW/GqU0t/cwfmxnRWobEgq4wAcqa2fd+PhWwCLVBL8jlpBntZ9/lkc4129Vu7Or1J8KswhAg0AHo/H3gVRaePYRSU2KuMAVMzsX2rrJ208nR6mgGuVamF0LpXmjNqo1WuV48MJALa724WOduCcNAD3Ra8j93XpOu4R2xqAykFDLTuO+E7Vv2pzdPV67m8I1SjngVrZ62UDoBB4hTEgn9qbLjx1309G5x8dn67xdpB+CaDiz8nCi3MtqTZHfJ20vhN7MbWy18sGQCHwCmPATzRhcNS9XtXnz75yXvoJwGyyM4qDwoSrTrXbaa4KiLO/9AagIpWNaNc4sucFoB72lfNoAAZQmGepNFAVZMUwIoezf4N6mcda6217A9CxwFTmqjIOADkyGrEMas8ucIjZ4yH6c8DojfrzF5FD6mC/TjHm/e2Nyo88BADsp/o+ojouIFTnQleYu8IYgCy76r/Luto5z+9/m5sAF3GcBAA/sSc+x3vGBPVuT318qojbGdXjXH1+qEexZjkBWEQX94nOFvDDuj2LOMPaqw5WsbNdUWUe6Geldql3P9E5e3oCULEzrDgnFcS0z/etX3Eee1ddc0WtfrK/BNA1mRnzrv7T0N1qCHVQuz2Q52+6HmN1m3e3+aKGinVbcU6PR8/LKEsnAEqfuhXGkKHKvEdrqcp8AQdKezz2sb8EgDknFjabBzoYqfOKa6DinB6PtXmp/PbAqqUGwH3S0EHuY3VfU93nH4X49cAJQDMnFnaFzePqjYQ3GTwe5N+Fw3rNGltqA5CdEIfCAGZ0r+Vu82cPu88hhrNjHP3v/zQADkHIoBoX1XHdsWNOq3+z23Vd9FVxL/mq6rwitL4EQGEAcJa9h1VoHhzGHvkBpjT372W6j/8kxVgpjgnYpWq9V53Xd61PAAA3u64FAiuoq0+Oa61cA+AU/Gfcx//V7gWhGKvZMTluGh2Rp15U8ry77so1AJWxCYFrgVB2d49y3uMcx0wDcINzsZ6gGhelvCmMAe/xPAhk2F1bLxsAilsPuYAq9gs8Hvfzf6p+qNcPlicAKsnLfv1ZPN3uQ4c5Yr93ddRpTWU6FeeK+XzZAFSaJOZlFTt3uXtSij81gXeojQ+WJwAkbw1Pt5vHmwlWUTNnnIqzcz7Zx4x1eSiFoqjYk0N0Qa3reZUT2ROAzI6Fbgm/udfASC1T738jHqjmVS3LNgD4NLMRuVy7z5QxVoe4dOJUr6pexZCbI33INgCZxUFhooqRWh75bzpt2h3mCGAjroOhktV6Zh1AFbUpfAKgpNOnHwfk4zxirYU1gAg0AJuwMIG964A3Qdxxp26q1B4NwAD3JN+lVuwq4wCysAZqO7XnWjUAam9E0PWqVp7979SVp2r5og73ioxvlRxZNQDIUaXYAUDFVUPCnmtm9I5S7jwFACi8F3ACAGzEsW5f5B5XFOqCBiDIaDJ3JZ3NBsBvd/cD9pMeaAAeczeM4TXi9ROxiBNZXydqldzjisJ+SQNQBJtNfQobBjzcrRFqDBikcDNHRypxPzUOlfmucB57NGIBFUsnAO6fRNzHj55O1OudtcG6ArxwCSCA8oZXeVNWmZPKOJRlxOhE7a+8Bj+XG696zHbNb6kBUP8k8k7VIoEftY3rzjhU5gDA3Ox1Mq6rwRF1CwA37d5I7/59NnoAOKvrvjs677R7AKKPPjl+BHpRu3wCjFKpXW4CHMT3ajFLZZEDXXVde13nfVTX4yWMoT56Iu9w0e4EgE9ldanlVmUcDkZzp5ZjwMn39dOuAYjEJrQHm/w5xHrcaKyIJVy0awBYnHWRW1/Zv6YJRFBvqFXHhS+4hgjMYc1AgVsd2pwAqHdWwHezNUuNA2d1/zq6TQPQiVsRQZ9Tc7Hj+fonOMW4G5rx52wagOqJQD2zNTvz33fZoICdWD8NuF2XcaIWW7Xx7NJlnjiHmurH5gQAwCc+uQAAMIFPORpO54G8Az/9yh4AAOCcDs1QhzlG4BIAWsk+Os++eS/79X87/frZ8wUU8ChgA3c2aZUN/qsdY1KcJ+Cgw5rpMMcI9g0AbwRwkl2n2a+/SmWd831yOPteh/YNQEWvNouRzURxo9kxJsV5quBNB110rvWIuds3AHTitZAnPHOiHnY02NQxsozUs30D0AmbSU+zTdFqnbg3X+7jx7zOuY6Ye5sGIKpQ2GT2Iq7IQu2hEup5A75fCgAAXqJRwAjqBECWsCcBKm5kimN6PHTHBShgfWCUQ60oj7HNPQCndbz+wv0R8zrHKqNeOtRohzkqinpGxMn8hTUAisWmOKbH4/24lBbwrrEozXG3TnON4LQ+qnGLbcY4T30r5wROABBmd6G7bU7Z1B8pnZHHzNo5Vb+sjxxRz4g4mT+pBoAN/oPSw412/e1OOe401xOI5z7PYsu+/LdKcZBqAIArlRbeCXfiRazjEVO0tvtuSIW7LRXGgNqoMSiIrsOTdc0a+hD2NcDdSBhOoM48zOSJnObI+sBHvscdvQTQ4eYXhTGo45riPVlxI2/4KroOTtYVNQwkWenQ6erzkYO9iK83x/xxEyCOU+i++TQ7j1gB9yntPeUbAKVgO1D97jj524t1kq/rzzhX4fiwtKcNAAWF6qhtf+xTfVTKtfwcVq9lOF4DcUOMgQ+shT7I9R5PTwD4cQ7s9i7vrnVxctyrrxU5xsw8udUG1pHrPULvASBJ+xFjVLe7qdj5910b168qzAFj0m8CpMhiuH2ifjcOlXHOcvguc+QYXfOE89T2IAg0AO4oauCa2s+nOv541nd842ac+h6dOT6bBmA0SOrJ3qXqJ+oMXWsIZ3Wrsy7zdGLTAJywsiA7FXW3DQsxqJd4xHSceqzUx9cGXzW5Nhof4ggABbG51xWVW2rkLBozOKtSl47z4BIAwkUdaXHJAZkq11/luWGSY+eC+qhLZFKqv+ixKM0NeTgBwCWe9HYOn8q0VM5D5bmNYr39pwHoHAAAUKeyR/OmCSuZR10cs2GX6rVVfX6v3Jn3iZh1zUtVXAIAgMMyPklHvOadf8vpgSE6vueIC4BVGfvHu9fcPSb2zBiRceQE4HG+M519vcqdc+W54b2u+e94U2326+Ontw0ASXuucly6bcrd5gs8Q/17sMwTxz8+uuWq23zhiTrFqle1wyUA/GDZYd7gdiOWq9W5n4rZyOt0zl8WYr7PsQaA5AHAutU9lDdQbMm925GU23gB4K6O+97snDvG6PH4dgJAp5iL+AP3Ka6j0THtGLtSHKDl1iUAt8LiWm9vUTlR/9poJqexOruKc1YOlHI/OwaFMa+4G/O/GoCuQVDhPn7gjqh1rLiORseUMfaZuEfkqMp+XYHVtwCcCsdhjN1E5eR0bp1qyWmszq7inJUDcn9eq5h3vVEDAAAAAIDb/h9yxwkqqfrhJAAAAABJRU5ErkJggg=='",
  "centroids": [
    [
      89.44036697247707,
      4.697247706422019
    ],
    [
      99.78125,
      3.21875
    ],
    [
      110.171875,
      1.734375
    ],
    [
      180.6,
      4.026666666666666
    ],
    [
      358.28169014084506,
      3.507042253521127
    ],
    [
      424.05882352941177,
      3.1176470588235294
    ],
    [
      431.25742574257424,
      5.425742574257426
    ],
    [
      442.44,
      4.253333333333333
    ],
    [
      19.0,
      3.0
    ],
    [
      58.753846153846155,
      3.1846153846153844
    ],
    [
      167.35955056179776,
      4.719101123595506
    ],
    [
      190.54736842105262,
      4.273684210526316
    ],
    [
      479.54901960784315,
      2.5784313725490198
    ],
    [
      153.0,
      3.5268817204301075
    ],
    [
      332.0962343096234,
      3.8619246861924688
    ],
    [
      416.44117647058823,
      6.801470588235294
    ],
    [
      24.91549295774648,
      4.084507042253521
    ],
    [
      67.35443037974683,
      4.506329113924051
    ],
    [
      77.8639455782313,
      5.190476190476191
    ],
    [
      367.5660377358491,
      4.084905660377358
    ],
    [
      468.10227272727275,
      5.295454545454546
    ],
    [
      488.6388888888889,
      5.907407407407407
    ],
    [
      508.0,
      4.0
    ],
    [
      139.63970588235293,
      3.948529411764706
    ],
    [
      376.0869565217391,
      7.0144927536231885
    ],
    [
      406.09183673469386,
      6.1938775510204085
    ],
    [
      451.046875,
      6.71875
    ],
    [
      499.0740740740741,
      3.765432098765432
    ],
    [
      50.503311258278146,
      8.317880794701987
    ],
    [
      215.34640522875816,
      12.0
    ],
    [
      316.71666666666664,
      6.416666666666667
    ],
    [
      60.35294117647059,
      8.941176470588236
    ],
    [
      241.08173076923077,
      6.586538461538462
    ],
    [
      326.1111111111111,
      9.866666666666667
    ],
    [
      349.02836879432624,
      7.971631205673759
    ],
    [
      355.625,
      8.875
    ],
    [
      395.6687116564417,
      4.595092024539877
    ],
    [
      389.962962962963,
      10.37037037037037
    ],
    [
      437.0571428571429,
      9.957142857142857
    ],
    [
      160.08620689655172,
      10.53448275862069
    ],
    [
      175.78,
      11.36
    ],
    [
      133.05309734513276,
      12.442477876106194
    ],
    [
      364.327868852459,
      12.180327868852459
    ],
    [
      422.3404255319149,
      14.638297872340425
    ],
    [
      482.0,
      11.337662337662337
    ],
    [
      500.015873015873,
      13.198412698412698
    ],
    [
      507.9,
      14.514285714285714
    ],
    [
      58.9277108433735,
      15.542168674698795
    ],
    [
      411.13157894736844,
      14.342105263157896
    ],
    [
      23.19148936170213,
      14.595744680851064
    ],
    [
      70.22137404580153,
      15.106870229007633
    ],
    [
      305.6,
      16.4
    ],
    [
      460.2442748091603,
      12.244274809160306
    ],
    [
      464.48818897637796,
      20.590551181102363
    ],
    [
      252.05128205128204,
      16.96153846153846
    ],
    [
      402.8196721311475,
      17.75409836065574
    ],
    [
      96.93333333333334,
      15.14074074074074
    ],
    [
      167.2983870967742,
      17.274193548387096
    ],
    [
      363.6753246753247,
      18.844155844155843
    ],
    [
      53.06122448979592,
      20.571428571428573
    ],
    [
      184.61581920903956,
      14.903954802259888
    ],
    [
      205.37078651685394,
      18.719101123595507
    ],
    [
      220.62962962962962,
      19.0
    ],
    [
      241.3,
      19.5
    ],
    [
      157.88288288288288,
      23.396396396396398
    ],
    [
      394.5882352941176,
      20.372549019607842
    ],
    [
      26.75,
      21.3125
    ],
    [
      176.7058823529412,
      21.205882352941178
    ],
    [
      323.2228260869565,
      21.092391304347824
    ],
    [
      14.80281690140845,
      24.471830985915492
    ],
    [
      278.1758241758242,
      22.087912087912088
    ],
    [
      353.4178082191781,
      21.636986301369863
    ],
    [
      106.03030303030303,
      23.393939393939394
    ],
    [
      38.58064516129032,
      24.096774193548388
    ],
    [
      87.69565217391305,
      27.934782608695652
    ],
    [
      96.14876033057851,
      24.867768595041323
    ],
    [
      162.29268292682926,
      27.0
    ],
    [
      421.25714285714287,
      25.285714285714285
    ],
    [
      3.219178082191781,
      25.438356164383563
    ],
    [
      69.05050505050505,
      23.95959595959596
    ],
    [
      117.0,
      27.136363636363637
    ],
    [
      241.75,
      25.5
    ],
    [
      381.8395061728395,
      26.691358024691358
    ],
    [
      457.5813953488372,
      27.069767441860463
    ],
    [
      22.527272727272727,
      27.21818181818182
    ],
    [
      47.339285714285715,
      24.732142857142858
    ],
    [
      176.76785714285714,
      25.821428571428573
    ],
    [
      428.50515463917526,
      28.97938144329897
    ],
    [
      133.74371859296483,
      29.13065326633166
    ],
    [
      146.5529411764706,
      27.96470588235294
    ],
    [
      167.6822429906542,
      29.411214953271028
    ],
    [
      413.0154639175258,
      26.2319587628866
    ],
    [
      106.25352112676056,
      32.063380281690144
    ],
    [
      180.15384615384616,
      30.974358974358974
    ],
    [
      363.4756097560976,
      27.9390243902439
    ],
    [
      53.780701754385966,
      30.596491228070175
    ],
    [
      238.54761904761904,
      31.92063492063492
    ],
    [
      272.36082474226805,
      29.09278350515464
    ],
    [
      443.4457831325301,
      31.06024096385542
    ],
    [
      5.013333333333334,
      32.18666666666667
    ],
    [
      19.0625,
      32.0625
    ],
    [
      248.59459459459458,
      33.351351351351354
    ],
    [
      301.39240506329116,
      31.40506329113924
    ],
    [
      358.0833333333333,
      33.27777777777778
    ],
    [
      399.99107142857144,
      30.625
    ],
    [
      452.3888888888889,
      30.77777777777778
    ],
    [
      456.2432432432432,
      31.945945945945947
    ],
    [
      492.97777777777776,
      35.03333333333333
    ],
    [
      41.84090909090909,
      31.954545454545453
    ],
    [
      91.6219512195122,
      35.3780487804878
    ],
    [
      228.8021978021978,
      34.75824175824176
    ],
    [
      293.0,
      34.5
    ],
    [
      372.9,
      34.62
    ],
    [
      464.4189189189189,
      34.804054054054056
    ],
    [
      114.0625,
      35.0625
    ],
    [
      384.5,
      34.5
    ],
    [
      269.29824561403507,
      39.0
    ],
    [
      480.7962962962963,
      34.31481481481482
    ],
    [
      161.95,
      37.06666666666667
    ],
    [
      346.3414634146341,
      35.890243902439025
    ],
    [
      237.01754385964912,
      38.91228070175438
    ],
    [
      395.2977099236641,
      40.06870229007634
    ],
    [
      47.06666666666667,
      39.49333333333333
    ],
    [
      86.5,
      39.5
    ],
    [
      99.62962962962963,
      39.0
    ],
    [
      186.83050847457628,
      37.440677966101696
    ],
    [
      329.2456140350877,
      38.64912280701754
    ],
    [
      380.5546218487395,
      40.831932773109244
    ],
    [
      508.6039603960396,
      45.02970297029703
    ],
    [
      222.46268656716418,
      39.95522388059702
    ],
    [
      319.2888888888889,
      43.007407407407406
    ],
    [
      447.0,
      37.440677966101696
    ],
    [
      455.77272727272725,
      40.5
    ],
    [
      5.271428571428571,
      40.042857142857144
    ],
    [
      32.89705882352941,
      41.5
    ],
    [
      110.30555555555556,
      40.02777777777778
    ],
    [
      249.62962962962962,
      40.75308641975309
    ],
    [
      432.3961038961039,
      43.12337662337662
    ],
    [
      40.88636363636363,
      41.27272727272727
    ],
    [
      68.12949640287769,
      41.69064748201439
    ],
    [
      262.39622641509436,
      41.490566037735846
    ],
    [
      278.33613445378154,
      44.0672268907563
    ],
    [
      211.85593220338984,
      42.19491525423729
    ],
    [
      82.77777777777777,
      43.044444444444444
    ],
    [
      139.15126050420167,
      39.36974789915966
    ],
    [
      190.0,
      46.5
    ],
    [
      234.17518248175182,
      45.36496350364963
    ],
    [
      342.0593220338983,
      42.42372881355932
    ],
    [
      400.0,
      43.5
    ],
    [
      422.86538461538464,
      43.59615384615385
    ],
    [
      483.5860215053763,
      44.586021505376344
    ],
    [
      499.15315315315314,
      44.945945945945944
    ],
    [
      328.3939393939394,
      45.28787878787879
    ],
    [
      51.990990990990994,
      44.5045045045045
    ],
    [
      56.6875,
      46.34375
    ],
    [
      143.48684210526315,
      46.03947368421053
    ],
    [
      403.76190476190476,
      45.833333333333336
    ],
    [
      66.68235294117648,
      48.8235294117647
    ],
    [
      127.76666666666667,
      41.28333333333333
    ],
    [
      246.19117647058823,
      47.220588235294116
    ],
    [
      273.82608695652175,
      47.17391304347826
    ],
    [
      386.4146341463415,
      47.048780487804876
    ],
    [
      443.5806451612903,
      47.096774193548384
    ],
    [
      152.35467980295567,
      40.6256157635468
    ],
    [
      261.7063492063492,
      50.65873015873016
    ],
    [
      82.91509433962264,
      49.33018867924528
    ],
    [
      111.38333333333334,
      48.6
    ],
    [
      135.84615384615384,
      49.19230769230769
    ],
    [
      284.66129032258067,
      48.11290322580645
    ],
    [
      493.34134615384613,
      55.87019230769231
    ],
    [
      4.537037037037037,
      49.138888888888886
    ],
    [
      203.38167938931298,
      51.213740458015266
    ],
    [
      222.77777777777777,
      49.79738562091503
    ],
    [
      253.0084745762712,
      51.855932203389834
    ],
    [
      346.62068965517244,
      51.275862068965516
    ],
    [
      33.05882352941177,
      52.450980392156865
    ],
    [
      335.4014598540146,
      50.47445255474452
    ],
    [
      414.7913043478261,
      53.834782608695654
    ],
    [
      37.83098591549296,
      49.36619718309859
    ],
    [
      273.38709677419354,
      53.354838709677416
    ],
    [
      241.45,
      57.84285714285714
    ],
    [
      437.44848484848484,
      52.92727272727273
    ],
    [
      22.65024630541872,
      55.354679802955665
    ],
    [
      212.43636363636364,
      55.054545454545455
    ],
    [
      281.75,
      55.44444444444444
    ],
    [
      482.0,
      54.5
    ],
    [
      9.365853658536585,
      54.90243902439025
    ],
    [
      58.79245283018868,
      52.75471698113208
    ],
    [
      64.18181818181819,
      57.86363636363637
    ],
    [
      193.0,
      56.89333333333333
    ],
    [
      79.17647058823529,
      55.09803921568628
    ],
    [
      312.16129032258067,
      57.03225806451613
    ],
    [
      323.0,
      53.694117647058825
    ],
    [
      506.3448275862069,
      60.252873563218394
    ],
    [
      51.892857142857146,
      59.11607142857143
    ],
    [
      71.2542372881356,
      57.144067796610166
    ],
    [
      359.81592039800995,
      60.02985074626866
    ],
    [
      371.7692307692308,
      58.30769230769231
    ],
    [
      152.0,
      59.5
    ],
    [
      177.0,
      58.5
    ],
    [
      232.81415929203538,
      57.14159292035398
    ],
    [
      257.0,
      59.5
    ],
    [
      276.0,
      59.11864406779661
    ],
    [
      376.5,
      59.5
    ],
    [
      298.280701754386,
      63.70175438596491
    ],
    [
      330.4190476190476,
      58.91428571428571
    ],
    [
      342.90140845070425,
      57.04225352112676
    ],
    [
      11.705882352941176,
      59.72549019607843
    ],
    [
      220.42391304347825,
      61.83152173913044
    ],
    [
      306.5633802816901,
      62.971830985915496
    ],
    [
      430.9047619047619,
      59.888888888888886
    ],
    [
      485.18,
      59.94
    ],
    [
      85.00943396226415,
      59.339622641509436
    ],
    [
      113.03592814371258,
      61.16167664670659
    ],
    [
      408.5,
      62.5
    ],
    [
      420.39130434782606,
      61.08695652173913
    ],
    [
      444.6849315068493,
      61.657534246575345
    ],
    [
      2.937984496124031,
      62.906976744186046
    ],
    [
      124.65573770491804,
      63.442622950819676
    ],
    [
      175.6,
      62.6
    ],
    [
      401.3131313131313,
      62.82828282828283
    ],
    [
      413.9375,
      63.9375
    ],
    [
      57.74803149606299,
      66.33070866141732
    ],
    [
      90.85074626865672,
      64.44776119402985
    ],
    [
      326.8615384615385,
      65.27692307692308
    ],
    [
      12.65625,
      66.640625
    ],
    [
      452.72,
      64.94666666666667
    ],
    [
      488.67241379310343,
      66.70689655172414
    ],
    [
      104.3225806451613,
      66.38709677419355
    ],
    [
      165.3132530120482,
      67.62650602409639
    ],
    [
      249.58139534883722,
      65.52713178294573
    ],
    [
      73.37967914438502,
      67.76470588235294
    ],
    [
      288.04285714285714,
      68.01428571428572
    ],
    [
      118.4949494949495,
      69.55555555555556
    ],
    [
      186.82608695652175,
      65.73188405797102
    ],
    [
      213.4747474747475,
      68.88888888888889
    ],
    [
      277.9148936170213,
      68.44680851063829
    ],
    [
      325.0,
      69.0
    ],
    [
      231.30588235294118,
      69.12941176470588
    ],
    [
      302.42857142857144,
      69.57142857142857
    ],
    [
      380.2962962962963,
      67.88888888888889
    ],
    [
      476.8719512195122,
      70.16463414634147
    ],
    [
      502.51785714285717,
      68.125
    ],
    [
      174.9875,
      70.4875
    ],
    [
      368.0301204819277,
      67.1987951807229
    ],
    [
      145.7792207792208,
      73.15584415584415
    ],
    [
      416.80898876404495,
      73.64044943820225
    ],
    [
      424.07142857142856,
      68.21428571428571
    ],
    [
      97.696,
      70.864
    ],
    [
      138.35294117647058,
      73.36764705882354
    ],
    [
      307.44444444444446,
      74.39682539682539
    ],
    [
      374.30357142857144,
      74.48214285714286
    ],
    [
      429.95238095238096,
      73.71428571428571
    ],
    [
      437.6764705882353,
      73.36274509803921
    ],
    [
      27.955223880597014,
      74.55223880597015
    ],
    [
      83.21481481481482,
      73.94814814814815
    ],
    [
      241.01960784313727,
      71.88235294117646
    ],
    [
      466.9268292682927,
      74.4390243902439
    ],
    [
      494.5681818181818,
      73.14772727272727
    ],
    [
      401.4260355029586,
      74.94082840236686
    ],
    [
      409.969696969697,
      73.98484848484848
    ],
    [
      61.028985507246375,
      74.71014492753623
    ],
    [
      444.0769230769231,
      74.44871794871794
    ],
    [
      69.51086956521739,
      78.1086956521739
    ],
    [
      133.28985507246378,
      78.91304347826087
    ],
    [
      347.1333333333333,
      78.43333333333334
    ],
    [
      420.93617021276594,
      79.7872340425532
    ],
    [
      427.26190476190476,
      79.11904761904762
    ],
    [
      453.4717948717949,
      74.96410256410256
    ],
    [
      497.18518518518516,
      79.16666666666667
    ],
    [
      148.38983050847457,
      81.42372881355932
    ],
    [
      249.7972972972973,
      77.87837837837837
    ],
    [
      375.3731343283582,
      79.31343283582089
    ],
    [
      383.1551724137931,
      85.08620689655173
    ],
    [
      413.08730158730157,
      83.63492063492063
    ],
    [
      462.54347826086956,
      79.17391304347827
    ],
    [
      140.25581395348837,
      82.13953488372093
    ],
    [
      128.92307692307693,
      80.6923076923077
    ],
    [
      178.27777777777777,
      81.0
    ],
    [
      209.79679144385025,
      82.96256684491979
    ],
    [
      262.258064516129,
      90.03225806451613
    ],
    [
      264.2758620689655,
      83.48275862068965
    ],
    [
      279.0064102564103,
      83.17307692307692
    ],
    [
      367.97777777777776,
      81.97777777777777
    ],
    [
      435.52272727272725,
      81.75
    ],
    [
      171.58415841584159,
      86.16831683168317
    ],
    [
      347.4230769230769,
      83.0
    ],
    [
      27.055118110236222,
      81.77952755905511
    ],
    [
      124.72527472527473,
      86.71978021978022
    ],
    [
      199.15662650602408,
      81.3132530120482
    ],
    [
      360.4130434782609,
      87.19565217391305
    ],
    [
      473.4673913043478,
      83.1304347826087
    ],
    [
      331.97333333333336,
      84.38666666666667
    ],
    [
      452.0,
      84.47222222222223
    ],
    [
      34.65217391304348,
      86.5
    ],
    [
      192.33898305084745,
      85.66101694915254
    ],
    [
      376.26984126984127,
      86.39682539682539
    ],
    [
      460.0,
      85.5
    ],
    [
      6.452702702702703,
      95.24324324324324
    ],
    [
      136.3,
      86.8
    ],
    [
      146.5,
      89.82978723404256
    ],
    [
      395.4117647058824,
      87.23529411764706
    ],
    [
      18.375,
      87.7
    ],
    [
      349.14406779661016,
      90.5
    ],
    [
      467.8443113772455,
      89.8443113772455
    ],
    [
      404.5,
      88.5
    ],
    [
      439.81609195402297,
      87.58620689655173
    ],
    [
      218.09859154929578,
      90.07042253521126
    ],
    [
      271.29411764705884,
      90.07352941176471
    ],
    [
      300.0328947368421,
      92.78947368421052
    ],
    [
      367.11290322580646,
      90.01612903225806
    ],
    [
      417.11764705882354,
      90.79411764705883
    ],
    [
      2.6338028169014085,
      90.66197183098592
    ],
    [
      197.74285714285713,
      90.27142857142857
    ],
    [
      207.0,
      91.58620689655173
    ],
    [
      287.5,
      92.69736842105263
    ],
    [
      339.075,
      90.3125
    ],
    [
      507.71153846153845,
      90.21153846153847
    ],
    [
      48.08641975308642,
      91.28395061728395
    ],
    [
      177.22448979591837,
      91.77551020408163
    ],
    [
      330.125,
      94.61458333333333
    ],
    [
      16.176470588235293,
      92.88235294117646
    ],
    [
      27.313432835820894,
      92.55223880597015
    ],
    [
      37.791666666666664,
      90.54166666666667
    ],
    [
      55.59756097560975,
      96.1219512195122
    ],
    [
      81.08771929824562,
      93.28070175438596
    ],
    [
      228.01818181818183,
      91.56363636363636
    ],
    [
      321.59090909090907,
      94.97727272727273
    ],
    [
      386.4078947368421,
      93.39473684210526
    ],
    [
      310.09166666666664,
      95.875
    ],
    [
      450.6923076923077,
      90.53846153846153
    ],
    [
      499.57142857142856,
      93.64285714285714
    ],
    [
      133.5,
      94.7
    ],
    [
      151.71698113207546,
      96.43396226415095
    ],
    [
      185.92857142857142,
      95.02678571428571
    ],
    [
      10.75,
      99.51785714285714
    ],
    [
      60.64705882352941,
      95.38235294117646
    ],
    [
      356.3875,
      97.0875
    ],
    [
      127.27777777777777,
      97.12962962962963
    ],
    [
      234.97549019607843,
      101.13725490196079
    ],
    [
      257.86486486486484,
      97.04054054054055
    ],
    [
      18.77777777777778,
      98.48148148148148
    ],
    [
      36.38095238095238,
      97.76190476190476
    ],
    [
      226.05882352941177,
      98.76470588235294
    ],
    [
      378.7625,
      97.9375
    ],
    [
      140.78512396694214,
      96.9504132231405
    ],
    [
      500.39622641509436,
      102.86792452830188
    ],
    [
      123.0,
      101.0
    ],
    [
      134.28125,
      101.28125
    ],
    [
      319.84,
      99.68
    ],
    [
      41.66257668711656,
      102.90184049079754
    ],
    [
      50.0,
      100.64285714285714
    ],
    [
      68.7536231884058,
      102.18840579710145
    ],
    [
      219.73224043715848,
      104.29508196721312
    ],
    [
      278.4791666666667,
      100.21875
    ],
    [
      412.06451612903226,
      100.95161290322581
    ],
    [
      314.2105263157895,
      102.5
    ],
    [
      328.35714285714283,
      104.10714285714286
    ],
    [
      386.33962264150944,
      102.32075471698113
    ],
    [
      339.8142076502732,
      101.04918032786885
    ],
    [
      471.8453608247423,
      101.42268041237114
    ],
    [
      508.0,
      104.92035398230088
    ],
    [
      180.1014492753623,
      103.78260869565217
    ],
    [
      6.531645569620253,
      106.26582278481013
    ],
    [
      135.85714285714286,
      106.0
    ],
    [
      244.72527472527472,
      104.7032967032967
    ],
    [
      479.48333333333335,
      105.61666666666666
    ],
    [
      148.47560975609755,
      105.3048780487805
    ],
    [
      152.91666666666666,
      106.5
    ],
    [
      312.0,
      108.0
    ],
    [
      381.15492957746477,
      107.1830985915493
    ],
    [
      439.9809523809524,
      110.24761904761905
    ],
    [
      399.09302325581393,
      108.53488372093024
    ],
    [
      40.0,
      110.0
    ],
    [
      364.57037037037037,
      106.63703703703703
    ],
    [
      56.57575757575758,
      108.20454545454545
    ],
    [
      212.5609756097561,
      109.92682926829268
    ],
    [
      348.5416666666667,
      105.60833333333333
    ],
    [
      424.95,
      110.15
    ],
    [
      142.52,
      111.15
    ],
    [
      335.5842696629214,
      112.57303370786516
    ],
    [
      352.97701149425285,
      111.83908045977012
    ],
    [
      413.8082191780822,
      108.08904109589041
    ],
    [
      66.78873239436619,
      113.6056338028169
    ],
    [
      369.10769230769233,
      115.26923076923077
    ],
    [
      227.09333333333333,
      113.98666666666666
    ],
    [
      456.1693548387097,
      116.20967741935483
    ],
    [
      211.83561643835617,
      118.21917808219177
    ],
    [
      387.07659574468084,
      116.91914893617022
    ],
    [
      130.55392156862746,
      114.24509803921569
    ],
    [
      152.36065573770492,
      117.27049180327869
    ],
    [
      193.23353293413174,
      117.55089820359281
    ],
    [
      218.4878048780488,
      116.89024390243902
    ],
    [
      396.3061224489796,
      114.0
    ],
    [
      59.58139534883721,
      117.18604651162791
    ],
    [
      141.92957746478874,
      118.30985915492958
    ],
    [
      249.68041237113403,
      113.98969072164948
    ],
    [
      503.22857142857146,
      116.65714285714286
    ],
    [
      97.56849315068493,
      118.76712328767124
    ],
    [
      446.95522388059703,
      117.55223880597015
    ],
    [
      241.3507462686567,
      114.67910447761194
    ],
    [
      282.1276595744681,
      119.8936170212766
    ],
    [
      336.1212121212121,
      120.15151515151516
    ],
    [
      4.920863309352518,
      123.79136690647482
    ],
    [
      12.448979591836734,
      121.6938775510204
    ],
    [
      37.320754716981135,
      121.94339622641509
    ],
    [
      377.3378378378378,
      121.3108108108108
    ],
    [
      62.5,
      121.5
    ],
    [
      66.95121951219512,
      123.39024390243902
    ],
    [
      71.77777777777777,
      120.88888888888889
    ],
    [
      317.38461538461536,
      123.78846153846153
    ],
    [
      20.0,
      124.0
    ],
    [
      127.07894736842105,
      125.84210526315789
    ],
    [
      170.06944444444446,
      123.875
    ],
    [
      234.74545454545455,
      121.61212121212121
    ],
    [
      506.9344262295082,
      123.0
    ],
    [
      179.47863247863248,
      128.23931623931625
    ],
    [
      398.1774193548387,
      125.90322580645162
    ],
    [
      465.0,
      127.0
    ],
    [
      138.02777777777777,
      126.59722222222223
    ],
    [
      147.16326530612244,
      127.61224489795919
    ],
    [
      280.75,
      127.125
    ],
    [
      494.2522522522523,
      127.43243243243244
    ],
    [
      104.90625,
      128.609375
    ],
    [
      200.36666666666667,
      128.96666666666667
    ],
    [
      349.61224489795916,
      127.44897959183673
    ],
    [
      122.21782178217822,
      131.9009900990099
    ],
    [
      190.17171717171718,
      126.92929292929293
    ],
    [
      255.93103448275863,
      128.58620689655172
    ],
    [
      391.8627450980392,
      128.86274509803923
    ],
    [
      407.06206896551726,
      129.33793103448275
    ],
    [
      507.32142857142856,
      129.375
    ],
    [
      380.2,
      127.9
    ],
    [
      30.782122905027933,
      129.5977653631285
    ],
    [
      163.57142857142858,
      127.82539682539682
    ],
    [
      370.02941176470586,
      128.40196078431373
    ],
    [
      388.0,
      131.5
    ],
    [
      83.20779220779221,
      132.88311688311688
    ],
    [
      134.41666666666666,
      132.81666666666666
    ],
    [
      330.51677852348996,
      131.43624161073825
    ],
    [
      343.5593220338983,
      131.54237288135593
    ],
    [
      478.9237288135593,
      131.4406779661017
    ],
    [
      4.164383561643835,
      133.43835616438355
    ],
    [
      165.71830985915494,
      134.0281690140845
    ],
    [
      261.4782608695652,
      133.72173913043477
    ],
    [
      315.63235294117646,
      135.8235294117647
    ],
    [
      499.51807228915663,
      135.03614457831324
    ],
    [
      63.034013605442176,
      132.6122448979592
    ],
    [
      97.42857142857143,
      133.57142857142858
    ],
    [
      193.35227272727272,
      134.95454545454547
    ],
    [
      380.6136363636364,
      134.25
    ],
    [
      249.25510204081633,
      134.10204081632654
    ],
    [
      300.6363636363636,
      137.54545454545453
    ],
    [
      367.75384615384615,
      135.73846153846154
    ],
    [
      428.9074074074074,
      134.92592592592592
    ],
    [
      112.32867132867133,
      135.33566433566435
    ],
    [
      278.17857142857144,
      135.60714285714286
    ],
    [
      490.4,
      137.725
    ],
    [
      24.65909090909091,
      137.52272727272728
    ],
    [
      131.0983606557377,
      137.88524590163934
    ],
    [
      186.94545454545454,
      137.43636363636364
    ],
    [
      335.7613636363636,
      137.26136363636363
    ],
    [
      458.91875,
      135.75625
    ],
    [
      508.280701754386,
      137.0
    ],
    [
      33.75,
      138.875
    ],
    [
      76.5,
      138.5
    ],
    [
      393.4424778761062,
      137.95575221238937
    ],
    [
      482.0652173913044,
      139.7173913043478
    ],
    [
      123.8135593220339,
      140.28813559322035
    ],
    [
      241.81220657276995,
      141.64788732394365
    ],
    [
      263.0054347826087,
      142.7391304347826
    ],
    [
      42.94285714285714,
      140.1238095238095
    ],
    [
      66.38157894736842,
      138.92105263157896
    ],
    [
      174.625,
      143.80625
    ],
    [
      203.4814814814815,
      137.49382716049382
    ],
    [
      158.25,
      141.79166666666666
    ],
    [
      435.6241610738255,
      141.75838926174498
    ],
    [
      445.58878504672896,
      143.49532710280374
    ],
    [
      50.714285714285715,
      142.55102040816325
    ],
    [
      294.5,
      143.38709677419354
    ],
    [
      343.8727272727273,
      142.63636363636363
    ],
    [
      505.0,
      142.13793103448276
    ],
    [
      100.62121212121212,
      142.86868686868686
    ],
    [
      168.26923076923077,
      143.07692307692307
    ],
    [
      322.28767123287673,
      144.24657534246575
    ],
    [
      408.56140350877195,
      141.046783625731
    ],
    [
      116.36220472440945,
      147.14173228346456
    ],
    [
      5.641025641025641,
      147.07179487179488
    ],
    [
      130.10204081632654,
      146.0408163265306
    ],
    [
      273.8333333333333,
      145.25
    ],
    [
      481.50877192982455,
      146.03508771929825
    ],
    [
      496.55737704918033,
      145.44262295081967
    ],
    [
      254.0,
      147.0
    ],
    [
      329.6949152542373,
      146.1864406779661
    ],
    [
      463.7692307692308,
      147.8846153846154
    ],
    [
      504.1320754716981,
      147.71698113207546
    ],
    [
      386.1864406779661,
      152.35593220338984
    ],
    [
      44.323232323232325,
      149.15151515151516
    ],
    [
      148.81666666666666,
      148.01666666666668
    ],
    [
      184.04545454545453,
      147.6439393939394
    ],
    [
      240.07894736842104,
      150.71052631578948
    ],
    [
      285.04918032786884,
      148.0
    ],
    [
      396.57798165137615,
      147.69724770642202
    ],
    [
      453.13432835820896,
      148.6417910447761
    ],
    [
      476.5,
      149.5
    ],
    [
      70.22377622377623,
      147.32167832167832
    ],
    [
      83.6,
      150.38333333333333
    ],
    [
      233.1818181818182,
      149.5
    ],
    [
      333.9375,
      149.9375
    ],
    [
      508.5,
      151.0
    ],
    [
      132.36,
      151.96
    ],
    [
      138.7123287671233,
      151.83561643835617
    ],
    [
      339.8974358974359,
      151.89743589743588
    ],
    [
      496.1304347826087,
      151.47826086956522
    ],
    [
      76.82608695652173,
      153.7391304347826
    ],
    [
      127.05660377358491,
      153.45283018867926
    ],
    [
      346.04477611940297,
      153.6865671641791
    ],
    [
      439.15354330708664,
      154.59448818897638
    ],
    [
      313.3316062176166,
      154.02072538860102
    ],
    [
      368.56774193548387,
      153.70967741935485
    ],
    [
      113.0,
      155.0
    ],
    [
      147.0948275862069,
      155.73275862068965
    ],
    [
      424.5952380952381,
      156.47619047619048
    ],
    [
      14.173913043478262,
      156.06521739130434
    ],
    [
      36.35251798561151,
      158.8705035971223
    ],
    [
      175.4,
      157.30666666666667
    ],
    [
      453.55045871559633,
      157.36697247706422
    ],
    [
      461.3,
      155.15
    ],
    [
      465.5609756097561,
      155.9268292682927
    ],
    [
      216.9189189189189,
      161.42162162162163
    ],
    [
      271.89516129032256,
      157.54032258064515
    ],
    [
      6.060402684563758,
      161.26174496644296
    ],
    [
      103.92125984251969,
      154.3228346456693
    ],
    [
      332.1041666666667,
      156.125
    ],
    [
      126.28571428571429,
      159.42857142857142
    ],
    [
      495.14864864864865,
      158.1216216216216
    ],
    [
      20.223300970873787,
      160.14563106796118
    ],
    [
      208.22058823529412,
      160.58823529411765
    ],
    [
      430.75,
      163.03571428571428
    ],
    [
      506.2628205128205,
      160.28205128205127
    ],
    [
      419.125,
      161.27083333333334
    ],
    [
      227.78688524590163,
      162.45901639344262
    ],
    [
      337.2133333333333,
      160.45333333333335
    ],
    [
      109.50442477876106,
      162.5132743362832
    ],
    [
      412.38194444444446,
      165.49305555555554
    ],
    [
      445.0258620689655,
      165.94827586206895
    ],
    [
      118.72380952380952,
      160.17142857142858
    ],
    [
      125.5,
      164.5
    ],
    [
      170.6417910447761,
      164.044776119403
    ],
    [
      238.83116883116884,
      167.54545454545453
    ],
    [
      390.58762886597935,
      163.44845360824743
    ],
    [
      188.05454545454546,
      165.43636363636364
    ],
    [
      421.56756756756755,
      165.40540540540542
    ],
    [
      263.93023255813955,
      165.6046511627907
    ],
    [
      314.05454545454546,
      166.43636363636364
    ],
    [
      499.5,
      166.99193548387098
    ],
    [
      61.333333333333336,
      167.37333333333333
    ],
    [
      253.35849056603774,
      167.73584905660377
    ],
    [
      436.0,
      168.0
    ],
    [
      3.4444444444444446,
      169.55555555555554
    ],
    [
      114.5,
      170.16666666666666
    ],
    [
      145.56589147286823,
      172.85271317829458
    ],
    [
      177.70760233918128,
      170.39766081871346
    ],
    [
      405.0,
      169.1949152542373
    ],
    [
      276.52054794520546,
      171.73972602739727
    ],
    [
      348.5,
      172.5
    ],
    [
      440.375,
      171.425
    ],
    [
      131.3495145631068,
      171.07766990291262
    ],
    [
      220.77450980392157,
      170.27450980392157
    ],
    [
      363.5238095238095,
      173.08333333333334
    ],
    [
      48.310344827586206,
      172.63793103448276
    ],
    [
      192.64102564102564,
      170.67948717948718
    ],
    [
      444.0,
      173.0
    ],
    [
      493.51020408163265,
      171.9387755102041
    ],
    [
      26.08695652173913,
      169.6195652173913
    ],
    [
      247.14666666666668,
      173.12
    ],
    [
      269.8474576271187,
      172.3050847457627
    ],
    [
      396.71794871794873,
      169.98717948717947
    ],
    [
      434.2,
      172.6
    ],
    [
      74.7394366197183,
      172.40140845070422
    ],
    [
      213.5744680851064,
      175.4468085106383
    ],
    [
      231.00666666666666,
      173.98666666666668
    ],
    [
      308.23664122137404,
      172.15267175572518
    ],
    [
      370.1515151515151,
      175.3030303030303
    ],
    [
      496.0681818181818,
      178.8068181818182
    ],
    [
      121.75903614457832,
      174.0
    ],
    [
      319.1138211382114,
      174.8780487804878
    ],
    [
      440.22222222222223,
      177.13333333333333
    ],
    [
      481.91818181818184,
      178.8272727272727
    ],
    [
      106.79411764705883,
      174.2843137254902
    ],
    [
      244.43119266055047,
      180.26605504587155
    ],
    [
      288.5,
      179.0
    ],
    [
      330.39267015706804,
      176.72774869109946
    ],
    [
      348.17808219178085,
      180.31506849315068
    ],
    [
      136.0,
      179.5
    ],
    [
      149.86111111111111,
      178.29166666666666
    ],
    [
      388.26174496644296,
      176.96644295302013
    ],
    [
      268.5253164556962,
      181.9873417721519
    ],
    [
      101.20930232558139,
      185.86046511627907
    ],
    [
      180.44927536231884,
      182.05797101449275
    ],
    [
      220.10091743119267,
      179.73394495412845
    ],
    [
      278.5238095238095,
      182.8
    ],
    [
      340.3821138211382,
      180.77235772357724
    ],
    [
      363.2857142857143,
      181.97619047619048
    ],
    [
      432.85470085470087,
      182.34188034188034
    ],
    [
      460.94594594594594,
      182.05405405405406
    ],
    [
      209.94444444444446,
      184.19444444444446
    ],
    [
      356.5405405405405,
      183.0
    ],
    [
      372.3197969543147,
      184.2741116751269
    ],
    [
      468.6190476190476,
      181.9047619047619
    ],
    [
      140.33870967741936,
      183.82258064516128
    ],
    [
      405.82894736842104,
      181.21052631578948
    ],
    [
      414.38461538461536,
      182.51923076923077
    ],
    [
      490.9032258064516,
      184.58064516129033
    ],
    [
      170.63392857142858,
      188.71428571428572
    ],
    [
      484.7105263157895,
      186.1578947368421
    ],
    [
      117.16216216216216,
      189.7927927927928
    ],
    [
      217.609756097561,
      187.0487804878049
    ],
    [
      363.0967741935484,
      188.16129032258064
    ],
    [
      145.5,
      188.0
    ],
    [
      157.48,
      188.78666666666666
    ],
    [
      253.3490566037736,
      189.18867924528303
    ],
    [
      417.1404958677686,
      194.80165289256198
    ],
    [
      464.78723404255317,
      187.08510638297872
    ],
    [
      471.70588235294116,
      187.2058823529412
    ],
    [
      137.16101694915255,
      190.42372881355934
    ],
    [
      195.1891891891892,
      189.04054054054055
    ],
    [
      320.3378378378378,
      188.75675675675674
    ],
    [
      439.26881720430106,
      190.2258064516129
    ],
    [
      325.69642857142856,
      190.35714285714286
    ],
    [
      428.0,
      190.20967741935485
    ],
    [
      97.18348623853211,
      194.62385321100916
    ],
    [
      127.54430379746836,
      192.49367088607596
    ],
    [
      293.4418604651163,
      190.86046511627907
    ],
    [
      107.21052631578948,
      192.05263157894737
    ],
    [
      334.8201438848921,
      189.9208633093525
    ],
    [
      341.0,
      194.5
    ],
    [
      468.88,
      195.07
    ],
    [
      275.46086956521737,
      196.35652173913044
    ],
    [
      362.1,
      198.11333333333334
    ],
    [
      409.0625,
      194.9375
    ],
    [
      431.64406779661016,
      195.4406779661017
    ],
    [
      313.11267605633805,
      196.18309859154928
    ],
    [
      375.1604938271605,
      195.88888888888889
    ],
    [
      197.48076923076923,
      198.59615384615384
    ],
    [
      214.2,
      195.86666666666667
    ],
    [
      257.73333333333335,
      198.28333333333333
    ],
    [
      422.3225806451613,
      193.09677419354838
    ],
    [
      88.30872483221476,
      197.8523489932886
    ],
    [
      463.0,
      199.14814814814815
    ],
    [
      165.67777777777778,
      198.51111111111112
    ],
    [
      400.99319727891157,
      200.66666666666666
    ],
    [
      506.991452991453,
      197.24786324786325
    ],
    [
      124.21904761904761,
      201.2095238095238
    ],
    [
      131.8,
      199.8
    ],
    [
      343.18333333333334,
      201.05
    ],
    [
      411.27272727272725,
      199.3939393939394
    ],
    [
      496.1038961038961,
      200.9090909090909
    ],
    [
      27.698795180722893,
      200.33734939759037
    ],
    [
      66.84615384615384,
      200.96703296703296
    ],
    [
      376.5,
      203.28
    ],
    [
      308.43636363636364,
      203.05454545454546
    ],
    [
      191.5,
      204.275
    ],
    [
      198.57692307692307,
      204.23076923076923
    ],
    [
      261.97297297297297,
      204.21621621621622
    ],
    [
      321.2477064220183,
      200.61467889908258
    ],
    [
      370.2625,
      205.3375
    ],
    [
      219.71186440677965,
      206.07627118644066
    ],
    [
      395.08247422680415,
      209.7319587628866
    ],
    [
      2.5636363636363635,
      204.94545454545454
    ],
    [
      58.763888888888886,
      205.90277777777777
    ],
    [
      71.96551724137932,
      205.98275862068965
    ],
    [
      95.55223880597015,
      205.86567164179104
    ],
    [
      135.23376623376623,
      205.12987012987014
    ],
    [
      412.962962962963,
      205.03703703703704
    ],
    [
      28.141592920353983,
      208.23893805309734
    ],
    [
      206.44117647058823,
      205.5686274509804
    ],
    [
      293.2857142857143,
      207.32142857142858
    ],
    [
      378.8723404255319,
      208.0
    ],
    [
      464.4297520661157,
      205.91735537190084
    ],
    [
      351.99029126213594,
      206.25242718446603
    ],
    [
      361.3414634146341,
      208.0
    ],
    [
      472.8723404255319,
      208.0
    ],
    [
      506.26506024096386,
      206.81927710843374
    ],
    [
      162.34782608695653,
      206.55434782608697
    ],
    [
      268.26582278481015,
      209.9873417721519
    ],
    [
      407.68888888888887,
      209.95555555555555
    ],
    [
      218.45454545454547,
      209.54545454545453
    ],
    [
      365.60869565217394,
      210.5
    ],
    [
      138.13953488372093,
      211.74418604651163
    ],
    [
      453.5,
      210.26666666666668
    ],
    [
      497.09032258064514,
      211.34193548387097
    ],
    [
      70.5,
      212.0
    ],
    [
      197.97058823529412,
      211.66666666666666
    ],
    [
      280.95,
      214.1
    ],
    [
      337.0769230769231,
      212.1153846153846
    ],
    [
      445.1212121212121,
      211.45454545454547
    ],
    [
      4.6106870229007635,
      214.3053435114504
    ],
    [
      122.6867469879518,
      211.6024096385542
    ],
    [
      12.989690721649485,
      213.58762886597938
    ],
    [
      38.84057971014493,
      213.44927536231884
    ],
    [
      59.52808988764045,
      211.75280898876406
    ],
    [
      213.96581196581195,
      213.66666666666666
    ],
    [
      309.25821596244134,
      213.21596244131456
    ],
    [
      22.0,
      214.5
    ],
    [
      102.51485148514851,
      211.92079207920793
    ],
    [
      322.48275862068965,
      216.35172413793103
    ],
    [
      358.3611111111111,
      214.90277777777777
    ],
    [
      471.70588235294116,
      214.3235294117647
    ],
    [
      488.0508474576271,
      211.88135593220338
    ],
    [
      118.0,
      215.8
    ],
    [
      200.5,
      217.33333333333334
    ],
    [
      399.6744186046512,
      214.7674418604651
    ],
    [
      442.5,
      215.8684210526316
    ],
    [
      453.5,
      217.23076923076923
    ],
    [
      31.17721518987342,
      216.29113924050634
    ],
    [
      49.38562091503268,
      216.44444444444446
    ],
    [
      96.67,
      220.34
    ],
    [
      127.99056603773585,
      215.58490566037736
    ],
    [
      334.6862745098039,
      216.98039215686273
    ],
    [
      447.82758620689657,
      215.27586206896552
    ],
    [
      461.64516129032256,
      215.3548387096774
    ],
    [
      192.81944444444446,
      219.98611111111111
    ],
    [
      219.9090909090909,
      220.17045454545453
    ],
    [
      273.11764705882354,
      216.66176470588235
    ],
    [
      405.94117647058823,
      217.73529411764707
    ],
    [
      20.767441860465116,
      219.32558139534885
    ],
    [
      209.0,
      219.87234042553192
    ],
    [
      257.9310344827586,
      219.58620689655172
    ],
    [
      365.3243243243243,
      219.6216216216216
    ],
    [
      396.0,
      220.0
    ],
    [
      432.69354838709677,
      221.93548387096774
    ],
    [
      438.06451612903226,
      217.80645161290323
    ],
    [
      484.51162790697674,
      218.27906976744185
    ],
    [
      505.26612903225805,
      218.04032258064515
    ],
    [
      108.26016260162602,
      221.45528455284554
    ],
    [
      117.21621621621621,
      220.56756756756758
    ],
    [
      187.55172413793105,
      222.24137931034483
    ],
    [
      229.49193548387098,
      217.84677419354838
    ],
    [
      355.43636363636364,
      221.05454545454546
    ],
    [
      331.4492753623188,
      222.94202898550725
    ],
    [
      344.99014778325125,
      216.51724137931035
    ],
    [
      441.45,
      221.7
    ],
    [
      476.2016129032258,
      222.4758064516129
    ],
    [
      492.873417721519,
      222.25316455696202
    ],
    [
      35.22282608695652,
      225.45108695652175
    ],
    [
      129.9268292682927,
      223.5609756097561
    ],
    [
      138.75925925925927,
      223.19444444444446
    ],
    [
      182.22727272727272,
      223.6818181818182
    ],
    [
      275.078431372549,
      223.45098039215685
    ],
    [
      407.0731707317073,
      222.5609756097561
    ],
    [
      374.37735849056605,
      221.91509433962264
    ],
    [
      454.38235294117646,
      223.26470588235293
    ],
    [
      2.5098039215686274,
      224.7843137254902
    ],
    [
      124.69444444444444,
      225.27777777777777
    ],
    [
      310.1136363636364,
      223.8181818181818
    ],
    [
      391.04545454545456,
      223.84848484848484
    ],
    [
      119.0,
      226.0
    ],
    [
      485.62068965517244,
      227.88505747126436
    ],
    [
      148.75,
      230.71621621621622
    ],
    [
      304.52,
      227.56
    ],
    [
      398.96078431372547,
      226.40196078431373
    ],
    [
      136.63013698630138,
      229.43835616438355
    ],
    [
      221.3013698630137,
      227.93150684931507
    ],
    [
      251.54285714285714,
      225.35
    ],
    [
      385.56,
      228.54666666666665
    ],
    [
      438.3695652173913,
      228.3913043478261
    ],
    [
      497.05555555555554,
      228.88888888888889
    ],
    [
      113.52,
      229.58666666666667
    ],
    [
      412.0496894409938,
      229.2173913043478
    ],
    [
      463.7456140350877,
      224.30701754385964
    ],
    [
      183.390625,
      230.609375
    ],
    [
      299.5,
      231.83333333333334
    ],
    [
      330.44444444444446,
      230.88888888888889
    ],
    [
      376.525,
      230.475
    ],
    [
      23.42,
      228.9
    ],
    [
      232.33333333333334,
      230.71428571428572
    ],
    [
      339.03105590062114,
      231.27329192546583
    ],
    [
      475.58730158730157,
      232.66666666666666
    ],
    [
      46.61666666666667,
      232.51666666666668
    ],
    [
      108.5945945945946,
      233.56756756756758
    ],
    [
      191.15116279069767,
      235.3953488372093
    ],
    [
      273.744966442953,
      239.65771812080536
    ],
    [
      348.78195488721803,
      231.78947368421052
    ],
    [
      423.0,
      233.0
    ],
    [
      15.398963730569948,
      234.74093264248705
    ],
    [
      401.85483870967744,
      234.19354838709677
    ],
    [
      68.61111111111111,
      234.88888888888889
    ],
    [
      355.45098039215685,
      234.07843137254903
    ],
    [
      443.64406779661016,
      236.51694915254237
    ],
    [
      4.426229508196721,
      234.9344262295082
    ],
    [
      169.9479768786127,
      236.6242774566474
    ],
    [
      289.44444444444446,
      235.15555555555557
    ],
    [
      318.15,
      239.0625
    ],
    [
      407.4390243902439,
      237.9268292682927
    ],
    [
      433.4117647058824,
      238.9485294117647
    ],
    [
      464.17721518987344,
      234.65822784810126
    ],
    [
      483.24074074074076,
      237.85185185185185
    ],
    [
      33.25806451612903,
      235.80645161290323
    ],
    [
      133.93846153846152,
      237.46153846153845
    ],
    [
      198.9672131147541,
      237.55737704918033
    ],
    [
      226.0989010989011,
      234.35164835164835
    ],
    [
      283.02222222222224,
      245.28148148148148
    ],
    [
      56.425414364640886,
      239.38674033149172
    ],
    [
      181.22727272727272,
      238.92424242424244
    ],
    [
      75.26262626262626,
      240.83838383838383
    ],
    [
      330.5882352941176,
      239.89705882352942
    ],
    [
      358.88157894736844,
      240.56578947368422
    ],
    [
      392.7888198757764,
      238.40993788819875
    ],
    [
      26.5,
      241.70833333333334
    ],
    [
      336.4166666666667,
      241.70833333333334
    ],
    [
      87.77464788732394,
      243.11267605633802
    ],
    [
      161.5,
      242.0
    ],
    [
      342.44262295081967,
      242.55737704918033
    ],
    [
      489.7878787878788,
      243.0
    ],
    [
      174.57971014492753,
      247.0144927536232
    ],
    [
      221.61467889908258,
      243.60550458715596
    ],
    [
      312.6,
      243.2
    ],
    [
      362.4761904761905,
      245.8095238095238
    ],
    [
      65.05825242718447,
      246.80582524271844
    ],
    [
      141.54225352112675,
      242.54929577464787
    ],
    [
      198.0,
      244.26865671641792
    ],
    [
      253.37333333333333,
      245.10666666666665
    ],
    [
      327.3448275862069,
      246.98275862068965
    ],
    [
      441.126582278481,
      245.58227848101265
    ],
    [
      449.37735849056605,
      245.8679245283019
    ],
    [
      74.74509803921569,
      247.66666666666666
    ],
    [
      165.77272727272728,
      247.87878787878788
    ],
    [
      54.93181818181818,
      248.6818181818182
    ],
    [
      317.2119205298013,
      248.4437086092715
    ],
    [
      423.1559139784946,
      245.3709677419355
    ],
    [
      18.53787878787879,
      250.31060606060606
    ],
    [
      26.485148514851485,
      249.53465346534654
    ],
    [
      80.77777777777777,
      249.17777777777778
    ],
    [
      227.70454545454547,
      250.75
    ],
    [
      335.08125,
      252.01875
    ],
    [
      170.08333333333334,
      253.05555555555554
    ],
    [
      435.35820895522386,
      252.16417910447763
    ],
    [
      47.92,
      251.70666666666668
    ],
    [
      236.1139240506329,
      252.45569620253164
    ],
    [
      269.94871794871796,
      254.23076923076923
    ],
    [
      345.1517857142857,
      256.1517857142857
    ],
    [
      441.57142857142856,
      253.14285714285714
    ],
    [
      446.69767441860466,
      252.06976744186048
    ],
    [
      102.60606060606061,
      256.95757575757574
    ],
    [
      289.765625,
      253.8125
    ],
    [
      358.030303030303,
      251.0151515151515
    ],
    [
      2.888888888888889,
      254.82222222222222
    ],
    [
      33.45054945054945,
      253.1978021978022
    ],
    [
      74.64814814814815,
      254.07407407407408
    ],
    [
      85.18487394957984,
      255.67226890756302
    ],
    [
      282.4782608695652,
      256.5217391304348
    ],
    [
      313.98198198198196,
      257.036036036036
    ],
    [
      40.888888888888886,
      257.0
    ],
    [
      69.43636363636364,
      256.94545454545454
    ],
    [
      116.72448979591837,
      259.88775510204084
    ],
    [
      304.9029850746269,
      253.32835820895522
    ],
    [
      460.2686567164179,
      255.4179104477612
    ],
    [
      142.0,
      259.0
    ],
    [
      489.4766355140187,
      259.1775700934579
    ],
    [
      59.5359477124183,
      257.3529411764706
    ],
    [
      248.9318181818182,
      261.5
    ],
    [
      266.2244897959184,
      259.18367346938777
    ],
    [
      470.3243243243243,
      261.68468468468467
    ],
    [
      189.92,
      261.26
    ],
    [
      324.52866242038215,
      262.1910828025478
    ],
    [
      455.41379310344826,
      261.0689655172414
    ],
    [
      17.830985915492956,
      263.2112676056338
    ],
    [
      46.65346534653465,
      260.980198019802
    ],
    [
      235.15,
      264.95
    ],
    [
      295.3883495145631,
      263.29126213592235
    ],
    [
      332.8484848484849,
      263.1515151515151
    ],
    [
      339.3207547169811,
      263.0566037735849
    ],
    [
      461.390625,
      262.34375
    ],
    [
      195.4318181818182,
      263.45454545454544
    ],
    [
      206.41592920353983,
      266.04424778761063
    ],
    [
      314.5806451612903,
      264.16129032258067
    ],
    [
      355.5621301775148,
      263.43195266272187
    ],
    [
      363.36842105263156,
      263.05263157894734
    ],
    [
      96.09803921568627,
      265.11764705882354
    ],
    [
      113.04926108374384,
      269.1773399014778
    ],
    [
      372.89285714285717,
      265.625
    ],
    [
      484.8545454545455,
      265.0181818181818
    ],
    [
      2.8421052631578947,
      266.7631578947368
    ],
    [
      11.926829268292684,
      267.4390243902439
    ],
    [
      122.0,
      267.5
    ],
    [
      408.41379310344826,
      267.0689655172414
    ],
    [
      29.897297297297296,
      264.35675675675674
    ],
    [
      39.90909090909091,
      271.46753246753246
    ],
    [
      171.67763157894737,
      263.8618421052632
    ],
    [
      458.6714285714286,
      269.35714285714283
    ],
    [
      199.8095238095238,
      268.0
    ],
    [
      398.93333333333334,
      268.8666666666667
    ],
    [
      478.8076923076923,
      267.9230769230769
    ],
    [
      507.68161434977577,
      262.42152466367713
    ],
    [
      21.16,
      269.6
    ],
    [
      489.7142857142857,
      268.031746031746
    ],
    [
      189.77380952380952,
      268.8452380952381
    ],
    [
      271.175,
      269.775
    ],
    [
      465.14084507042253,
      271.9718309859155
    ],
    [
      499.0674846625767,
      268.83435582822085
    ],
    [
      237.72881355932202,
      271.93220338983053
    ],
    [
      246.73863636363637,
      270.1363636363636
    ],
    [
      260.74444444444447,
      269.3777777777778
    ],
    [
      472.45762711864404,
      272.5593220338983
    ],
    [
      378.3272727272727,
      271.2181818181818
    ],
    [
      27.65909090909091,
      273.8863636363636
    ],
    [
      200.08333333333334,
      273.9166666666667
    ],
    [
      306.24,
      272.0285714285714
    ],
    [
      327.5083333333333,
      271.9583333333333
    ],
    [
      5.352941176470588,
      274.02521008403363
    ],
    [
      35.142857142857146,
      274.5
    ],
    [
      107.16,
      275.42
    ],
    [
      355.0,
      274.0
    ],
    [
      420.0,
      274.5
    ],
    [
      445.344262295082,
      272.8032786885246
    ],
    [
      483.4848484848485,
      275.3787878787879
    ],
    [
      311.7471264367816,
      277.6666666666667
    ],
    [
      456.0948275862069,
      277.37068965517244
    ],
    [
      244.9532710280374,
      278.2429906542056
    ],
    [
      321.06060606060606,
      276.8484848484849
    ],
    [
      335.0566037735849,
      277.3207547169811
    ],
    [
      19.49122807017544,
      278.9956140350877
    ],
    [
      271.2647058823529,
      278.8235294117647
    ],
    [
      397.95522388059703,
      280.9179104477612
    ],
    [
      138.50641025641025,
      282.0705128205128
    ],
    [
      229.67021276595744,
      276.968085106383
    ],
    [
      40.42168674698795,
      281.95180722891564
    ],
    [
      242.91780821917808,
      282.2328767123288
    ],
    [
      327.93617021276594,
      281.8936170212766
    ],
    [
      120.56,
      281.53333333333336
    ],
    [
      472.17543859649123,
      282.17543859649123
    ],
    [
      111.96491228070175,
      279.9824561403509
    ],
    [
      276.8466666666667,
      282.97333333333336
    ],
    [
      380.21666666666664,
      280.8722222222222
    ],
    [
      462.9166666666667,
      283.8125
    ],
    [
      154.72820512820513,
      284.54358974358973
    ],
    [
      281.6,
      284.8
    ],
    [
      301.89830508474574,
      283.8813559322034
    ],
    [
      389.0689655172414,
      284.41379310344826
    ],
    [
      288.375,
      284.2291666666667
    ],
    [
      345.51020408163265,
      284.04761904761904
    ],
    [
      416.64375,
      285.8625
    ],
    [
      76.48181818181818,
      285.42727272727274
    ],
    [
      230.92307692307693,
      284.90384615384613
    ],
    [
      357.90697674418607,
      289.77906976744185
    ],
    [
      180.0,
      288.3692307692308
    ],
    [
      431.53333333333336,
      287.44
    ],
    [
      12.605263157894736,
      291.4868421052632
    ],
    [
      161.88636363636363,
      293.5113636363636
    ],
    [
      189.1,
      292.6181818181818
    ],
    [
      238.49056603773585,
      290.15723270440253
    ],
    [
      397.53125,
      288.6796875
    ],
    [
      480.4736842105263,
      288.34736842105264
    ],
    [
      17.5,
      289.0
    ],
    [
      22.638297872340427,
      291.98936170212767
    ],
    [
      449.44117647058823,
      288.7647058823529
    ],
    [
      104.34,
      292.58
    ],
    [
      145.0,
      291.0
    ],
    [
      352.4782608695652,
      290.2391304347826
    ],
    [
      458.05839416058393,
      291.2919708029197
    ],
    [
      77.2,
      292.7
    ],
    [
      111.93846153846154,
      292.53846153846155
    ],
    [
      485.75,
      293.0
    ],
    [
      66.60189573459715,
      293.7298578199052
    ],
    [
      408.3965517241379,
      292.6034482758621
    ],
    [
      421.2824427480916,
      293.9312977099237
    ],
    [
      87.38167938931298,
      293.8167938931298
    ],
    [
      176.1139240506329,
      296.1645569620253
    ],
    [
      279.5081967213115,
      294.55737704918033
    ],
    [
      311.08196721311475,
      294.95081967213116
    ],
    [
      50.31944444444444,
      294.52777777777777
    ],
    [
      263.1166666666667,
      294.5833333333333
    ],
    [
      439.64885496183206,
      292.7328244274809
    ],
    [
      46.0,
      296.5
    ],
    [
      57.013698630136986,
      292.958904109589
    ],
    [
      183.8095238095238,
      297.25396825396825
    ],
    [
      201.30769230769232,
      296.7307692307692
    ],
    [
      212.31612903225806,
      300.31612903225806
    ],
    [
      303.0833333333333,
      296.0833333333333
    ],
    [
      451.0945945945946,
      295.8243243243243
    ],
    [
      375.28225806451616,
      293.93548387096774
    ],
    [
      17.25581395348837,
      298.8139534883721
    ],
    [
      76.36206896551724,
      298.37931034482756
    ],
    [
      194.79310344827587,
      297.8103448275862
    ],
    [
      321.20754716981133,
      298.8301886792453
    ],
    [
      98.68085106382979,
      298.4255319148936
    ],
    [
      223.675,
      300.21875
    ],
    [
      505.1544715447154,
      299.4552845528455
    ],
    [
      329.81159420289856,
      299.30434782608694
    ],
    [
      435.39285714285717,
      301.89285714285717
    ],
    [
      47.0,
      301.125
    ],
    [
      57.666666666666664,
      301.1666666666667
    ],
    [
      167.85882352941175,
      300.3764705882353
    ],
    [
      30.763636363636362,
      298.6363636363636
    ],
    [
      266.3301886792453,
      306.6792452830189
    ],
    [
      288.9512195121951,
      299.780487804878
    ],
    [
      380.1276595744681,
      302.6808510638298
    ],
    [
      445.0232558139535,
      302.1279069767442
    ],
    [
      464.6,
      301.72
    ],
    [
      483.0487804878049,
      301.650406504065
    ],
    [
      490.93333333333334,
      302.76666666666665
    ],
    [
      497.38,
      303.36
    ],
    [
      37.31372549019608,
      304.84313725490193
    ],
    [
      112.88372093023256,
      302.69767441860466
    ],
    [
      191.3953488372093,
      305.5
    ],
    [
      257.9205298013245,
      309.81456953642385
    ],
    [
      358.55384615384617,
      304.16923076923075
    ],
    [
      41.61842105263158,
      301.7368421052632
    ],
    [
      324.9375,
      305.09375
    ],
    [
      364.8529411764706,
      304.88235294117646
    ],
    [
      101.84,
      303.56
    ],
    [
      332.9268292682927,
      307.7235772357724
    ],
    [
      52.41237113402062,
      306.10309278350513
    ],
    [
      153.25,
      308.18333333333334
    ],
    [
      200.62857142857143,
      304.7047619047619
    ],
    [
      274.4778761061947,
      305.53982300884957
    ],
    [
      370.5,
      306.61290322580646
    ],
    [
      204.54330708661416,
      313.61417322834643
    ],
    [
      457.99152542372883,
      306.2542372881356
    ],
    [
      77.23404255319149,
      310.21276595744683
    ],
    [
      149.57894736842104,
      310.89473684210526
    ],
    [
      216.08333333333334,
      309.9166666666667
    ],
    [
      141.62589928057554,
      314.68345323741005
    ],
    [
      287.4220779220779,
      310.34415584415586
    ],
    [
      302.7857142857143,
      310.5952380952381
    ],
    [
      52.75,
      312.7236842105263
    ],
    [
      99.66176470588235,
      311.0882352941176
    ],
    [
      177.57142857142858,
      312.42857142857144
    ],
    [
      360.6020408163265,
      312.6938775510204
    ],
    [
      440.96666666666664,
      310.3
    ],
    [
      86.5,
      313.5
    ],
    [
      159.98425196850394,
      312.07086614173227
    ],
    [
      383.16831683168317,
      314.23762376237624
    ],
    [
      250.6206896551724,
      314.5
    ],
    [
      435.61038961038963,
      314.4415584415584
    ],
    [
      491.0287356321839,
      313.8103448275862
    ],
    [
      214.01470588235293,
      315.3235294117647
    ],
    [
      221.7450980392157,
      314.54901960784315
    ],
    [
      394.81481481481484,
      316.6574074074074
    ],
    [
      468.5191256830601,
      312.3551912568306
    ],
    [
      185.2136752136752,
      314.4188034188034
    ],
    [
      235.45714285714286,
      315.62857142857143
    ],
    [
      332.3265306122449,
      315.9183673469388
    ],
    [
      341.04545454545456,
      316.40909090909093
    ],
    [
      424.0375,
      317.83125
    ],
    [
      451.0,
      315.5
    ],
    [
      456.258064516129,
      315.2903225806452
    ],
    [
      18.10810810810811,
      320.2882882882883
    ],
    [
      25.024390243902438,
      316.4634146341463
    ],
    [
      79.4375,
      315.5
    ],
    [
      194.42105263157896,
      317.53684210526313
    ],
    [
      265.46268656716416,
      317.8358208955224
    ],
    [
      410.5508474576271,
      322.04237288135596
    ],
    [
      35.0,
      317.14285714285717
    ],
    [
      101.5,
      318.1111111111111
    ],
    [
      151.67741935483872,
      318.1505376344086
    ],
    [
      176.37037037037038,
      317.3703703703704
    ],
    [
      227.40625,
      318.125
    ],
    [
      325.45762711864404,
      318.66101694915255
    ],
    [
      288.8888888888889,
      323.82828282828285
    ],
    [
      364.1914893617021,
      318.93617021276594
    ],
    [
      495.1666666666667,
      321.2857142857143
    ],
    [
      504.45,
      322.525
    ],
    [
      111.23684210526316,
      320.0
    ],
    [
      256.1489361702128,
      320.40425531914894
    ],
    [
      308.0625,
      320.0625
    ],
    [
      44.33720930232558,
      316.8953488372093
    ],
    [
      303.5,
      322.0
    ],
    [
      339.7647058823529,
      322.1058823529412
    ],
    [
      115.38461538461539,
      322.88461538461536
    ],
    [
      208.96808510638297,
      322.0531914893617
    ],
    [
      296.5593220338983,
      321.3220338983051
    ],
    [
      357.86206896551727,
      322.05172413793105
    ],
    [
      442.2720588235294,
      318.88235294117646
    ],
    [
      466.2682926829268,
      322.7073170731707
    ],
    [
      75.53658536585365,
      321.719512195122
    ],
    [
      88.990990990991,
      321.0450450450451
    ],
    [
      163.0,
      322.5
    ],
    [
      178.2,
      322.2857142857143
    ],
    [
      218.5157894736842,
      323.89473684210526
    ],
    [
      432.95652173913044,
      324.39130434782606
    ],
    [
      174.66666666666666,
      325.04761904761904
    ],
    [
      185.4578313253012,
      325.3975903614458
    ],
    [
      316.6764705882353,
      324.41911764705884
    ],
    [
      387.9909090909091,
      323.7090909090909
    ],
    [
      7.873684210526315,
      323.87368421052633
    ],
    [
      78.52727272727273,
      326.6545454545454
    ],
    [
      269.7169811320755,
      324.20754716981133
    ],
    [
      278.7733333333333,
      327.08
    ],
    [
      419.17808219178085,
      326.9178082191781
    ],
    [
      468.8723404255319,
      326.8936170212766
    ],
    [
      26.625766871165645,
      325.4601226993865
    ],
    [
      141.2281879194631,
      328.4765100671141
    ],
    [
      198.0731707317073,
      325.1829268292683
    ],
    [
      225.94594594594594,
      326.7567567567568
    ],
    [
      234.74757281553397,
      325.19417475728153
    ],
    [
      262.7551020408163,
      325.2244897959184
    ],
    [
      106.96470588235294,
      324.54117647058825
    ],
    [
      253.55737704918033,
      327.55737704918033
    ],
    [
      483.8301886792453,
      328.35849056603774
    ],
    [
      331.6641791044776,
      327.1865671641791
    ],
    [
      352.3897058823529,
      329.3382352941176
    ],
    [
      457.55828220858893,
      326.4539877300613
    ],
    [
      179.8846153846154,
      330.9230769230769
    ],
    [
      206.64705882352942,
      329.2647058823529
    ],
    [
      342.22972972972974,
      331.31081081081084
    ],
    [
      490.79545454545456,
      329.22727272727275
    ],
    [
      2.5,
      330.0
    ],
    [
      231.8909090909091,
      330.7818181818182
    ],
    [
      285.1764705882353,
      331.11764705882354
    ],
    [
      363.76258992805754,
      329.58273381294964
    ],
    [
      495.1224489795918,
      331.9795918367347
    ],
    [
      172.15555555555557,
      331.9555555555556
    ],
    [
      217.33620689655172,
      332.30172413793105
    ],
    [
      318.0833333333333,
      332.0833333333333
    ],
    [
      74.54716981132076,
      333.2641509433962
    ],
    [
      193.59016393442624,
      331.8196721311475
    ],
    [
      302.9030303030303,
      332.46666666666664
    ],
    [
      451.0188679245283,
      335.3018867924528
    ],
    [
      424.484693877551,
      335.1173469387755
    ],
    [
      484.35483870967744,
      334.35483870967744
    ],
    [
      10.330275229357799,
      333.95412844036696
    ],
    [
      19.011494252873565,
      334.2413793103448
    ],
    [
      65.0204081632653,
      334.7142857142857
    ],
    [
      182.09859154929578,
      335.49295774647885
    ],
    [
      292.8421052631579,
      336.4970760233918
    ],
    [
      311.5,
      334.0
    ],
    [
      409.5,
      335.0
    ],
    [
      465.34831460674155,
      334.55056179775283
    ],
    [
      475.0740740740741,
      333.5925925925926
    ],
    [
      2.5945945945945947,
      336.56756756756755
    ],
    [
      144.864406779661,
      336.52542372881356
    ],
    [
      151.25,
      335.70454545454544
    ],
    [
      204.0185185185185,
      335.7037037037037
    ],
    [
      325.38775510204084,
      334.2142857142857
    ],
    [
      384.55757575757576,
      337.1393939393939
    ],
    [
      215.01333333333332,
      339.85333333333335
    ],
    [
      94.89285714285714,
      339.14285714285717
    ],
    [
      333.51162790697674,
      338.04651162790697
    ],
    [
      337.88235294117646,
      339.44117647058823
    ],
    [
      345.6666666666667,
      338.62666666666667
    ],
    [
      459.75,
      338.90384615384613
    ],
    [
      124.38059701492537,
      337.1119402985075
    ],
    [
      221.71698113207546,
      341.0377358490566
    ],
    [
      353.9375,
      340.1041666666667
    ],
    [
      359.94871794871796,
      339.43589743589746
    ],
    [
      482.42857142857144,
      339.57142857142856
    ],
    [
      14.433962264150944,
      341.9433962264151
    ],
    [
      134.24137931034483,
      339.94827586206895
    ],
    [
      179.11320754716982,
      340.8679245283019
    ],
    [
      207.52564102564102,
      341.70512820512823
    ],
    [
      327.78846153846155,
      341.63461538461536
    ],
    [
      141.24705882352941,
      341.29411764705884
    ],
    [
      151.29032258064515,
      342.1290322580645
    ],
    [
      251.95652173913044,
      341.9347826086956
    ],
    [
      5.035714285714286,
      346.5285714285714
    ],
    [
      23.551724137931036,
      341.1034482758621
    ],
    [
      274.6794871794872,
      342.8205128205128
    ],
    [
      109.28089887640449,
      340.4719101123595
    ],
    [
      170.95945945945945,
      342.1216216216216
    ],
    [
      245.5,
      346.2682926829268
    ],
    [
      345.2692307692308,
      344.53846153846155
    ],
    [
      471.626213592233,
      344.7669902912621
    ],
    [
      113.26315789473684,
      345.88421052631577
    ],
    [
      121.91666666666667,
      344.625
    ],
    [
      164.08333333333334,
      345.0833333333333
    ],
    [
      299.06666666666666,
      345.05
    ],
    [
      374.8059701492537,
      347.4029850746269
    ],
    [
      447.45454545454544,
      343.16883116883116
    ],
    [
      90.76744186046511,
      347.8837209302326
    ],
    [
      211.5,
      346.0
    ],
    [
      231.42948717948718,
      347.56410256410254
    ],
    [
      354.2625,
      347.1
    ],
    [
      380.2173913043478,
      347.0652173913044
    ],
    [
      146.86363636363637,
      347.27272727272725
    ],
    [
      158.26785714285714,
      346.98214285714283
    ],
    [
      328.5,
      347.0
    ],
    [
      336.95402298850576,
      346.8965517241379
    ],
    [
      153.0,
      349.0
    ],
    [
      15.038461538461538,
      348.15384615384613
    ],
    [
      24.023809523809526,
      348.1666666666667
    ],
    [
      497.2093023255814,
      352.0077519379845
    ],
    [
      70.525,
      348.75
    ],
    [
      346.1904761904762,
      350.26190476190476
    ],
    [
      366.68345323741005,
      349.51079136690646
    ],
    [
      438.78846153846155,
      349.4807692307692
    ],
    [
      451.54761904761904,
      349.7142857142857
    ],
    [
      122.25641025641026,
      351.37179487179486
    ],
    [
      131.95348837209303,
      348.40697674418607
    ],
    [
      385.15625,
      350.8229166666667
    ],
    [
      414.49484536082474,
      357.8298969072165
    ],
    [
      77.90384615384616,
      351.5
    ],
    [
      359.44444444444446,
      352.1111111111111
    ],
    [
      484.05594405594405,
      351.6363636363636
    ],
    [
      214.3939393939394,
      352.8787878787879
    ],
    [
      223.32456140350877,
      352.5964912280702
    ],
    [
      268.43956043956047,
      351.96153846153845
    ],
    [
      469.52272727272725,
      353.6136363636364
    ],
    [
      14.595744680851064,
      353.98936170212767
    ],
    [
      60.402061855670105,
      352.37113402061857
    ],
    [
      85.6867469879518,
      353.87951807228916
    ],
    [
      145.83125,
      354.35625
    ],
    [
      259.8861788617886,
      358.4227642276423
    ],
    [
      325.961038961039,
      353.2207792207792
    ],
    [
      334.875,
      355.0833333333333
    ],
    [
      403.92857142857144,
      354.76785714285717
    ],
    [
      439.59090909090907,
      356.8181818181818
    ],
    [
      448.2083333333333,
      355.28125
    ],
    [
      169.94594594594594,
      354.009009009009
    ],
    [
      180.8139534883721,
      355.6279069767442
    ],
    [
      205.72164948453607,
      354.50515463917526
    ],
    [
      320.46153846153845,
      357.35897435897436
    ],
    [
      396.85,
      356.775
    ],
    [
      160.01910828025478,
      357.29936305732485
    ],
    [
      293.29605263157896,
      355.50657894736844
    ],
    [
      378.56363636363636,
      356.94545454545454
    ],
    [
      189.375,
      357.625
    ],
    [
      344.3306451612903,
      356.9758064516129
    ],
    [
      95.25,
      358.4895833333333
    ],
    [
      218.0,
      359.0
    ],
    [
      5.165517241379311,
      359.3724137931035
    ],
    [
      197.15942028985506,
      359.5507246376812
    ],
    [
      310.47407407407405,
      360.8888888888889
    ],
    [
      501.0,
      360.0
    ],
    [
      124.16939890710383,
      362.6393442622951
    ],
    [
      246.5421686746988,
      362.8192771084337
    ],
    [
      352.15277777777777,
      360.9861111111111
    ],
    [
      487.5733333333333,
      363.2
    ],
    [
      168.39622641509433,
      364.0188679245283
    ],
    [
      206.22131147540983,
      363.2295081967213
    ],
    [
      324.89115646258506,
      363.95238095238096
    ],
    [
      41.0,
      363.5
    ],
    [
      101.55681818181819,
      365.6818181818182
    ],
    [
      230.45901639344262,
      363.672131147541
    ],
    [
      336.5,
      364.0
    ],
    [
      392.61224489795916,
      362.2244897959184
    ],
    [
      30.322222222222223,
      367.5444444444444
    ],
    [
      74.8132530120482,
      368.1385542168675
    ],
    [
      507.53968253968253,
      364.95238095238096
    ],
    [
      63.875,
      366.375
    ],
    [
      86.59887005649718,
      365.9039548022599
    ],
    [
      220.63333333333333,
      365.84444444444443
    ],
    [
      245.1875,
      366.3125
    ],
    [
      254.5,
      366.5
    ],
    [
      498.22727272727275,
      365.5568181818182
    ],
    [
      190.58677685950414,
      365.9917355371901
    ],
    [
      419.7,
      367.5
    ],
    [
      212.56923076923076,
      368.7692307692308
    ],
    [
      408.9230769230769,
      368.0769230769231
    ],
    [
      413.5,
      367.5
    ],
    [
      226.82758620689654,
      369.1896551724138
    ],
    [
      316.55555555555554,
      369.44444444444446
    ],
    [
      387.9230769230769,
      367.61538461538464
    ],
    [
      149.57142857142858,
      367.04464285714283
    ],
    [
      200.8108108108108,
      372.2972972972973
    ],
    [
      244.30769230769232,
      370.12820512820514
    ],
    [
      37.85849056603774,
      372.08490566037733
    ],
    [
      117.5,
      372.0
    ],
    [
      187.66176470588235,
      376.79411764705884
    ],
    [
      407.7894736842105,
      371.94736842105266
    ],
    [
      481.5221238938053,
      375.646017699115
    ],
    [
      494.5,
      372.5
    ],
    [
      500.58620689655174,
      373.1034482758621
    ],
    [
      506.75,
      372.94642857142856
    ],
    [
      3.9391304347826086,
      371.37391304347824
    ],
    [
      136.6086956521739,
      374.5
    ],
    [
      155.61904761904762,
      370.76190476190476
    ],
    [
      255.17142857142858,
      372.85714285714283
    ],
    [
      169.15217391304347,
      372.0869565217391
    ],
    [
      197.5,
      378.0
    ],
    [
      221.4390243902439,
      374.0731707317073
    ],
    [
      384.4222222222222,
      373.55555555555554
    ],
    [
      102.14285714285714,
      374.8285714285714
    ],
    [
      232.48,
      376.0133333333333
    ],
    [
      73.54794520547945,
      376.2191780821918
    ],
    [
      81.83050847457628,
      376.20338983050846
    ],
    [
      245.35042735042734,
      376.1623931623932
    ],
    [
      392.0128205128205,
      376.15384615384613
    ],
    [
      454.76666666666665,
      375.93333333333334
    ],
    [
      407.3137254901961,
      377.03921568627453
    ],
    [
      416.69620253164555,
      375.1898734177215
    ],
    [
      30.283783783783782,
      377.6621621621622
    ],
    [
      325.8453038674033,
      374.56906077348066
    ],
    [
      490.6607142857143,
      378.05357142857144
    ],
    [
      116.6076923076923,
      380.5615384615385
    ],
    [
      156.45774647887325,
      380.88732394366195
    ],
    [
      224.6346153846154,
      379.28846153846155
    ],
    [
      254.94545454545454,
      379.43636363636364
    ],
    [
      355.7913043478261,
      379.97391304347826
    ],
    [
      131.05882352941177,
      380.30882352941177
    ],
    [
      171.45985401459853,
      381.7664233576642
    ],
    [
      42.588235294117645,
      380.88235294117646
    ],
    [
      107.05084745762711,
      380.66101694915255
    ],
    [
      144.74489795918367,
      380.3061224489796
    ],
    [
      387.7741935483871,
      382.247311827957
    ],
    [
      453.327868852459,
      381.655737704918
    ],
    [
      20.463768115942027,
      382.6231884057971
    ],
    [
      261.3859649122807,
      381.6140350877193
    ],
    [
      332.2072072072072,
      384.2882882882883
    ],
    [
      471.3703703703704,
      383.14814814814815
    ],
    [
      508.327868852459,
      380.8688524590164
    ],
    [
      244.27329192546583,
      385.16149068322983
    ],
    [
      272.4845360824742,
      383.9381443298969
    ],
    [
      446.9922480620155,
      387.49612403100775
    ],
    [
      485.4142857142857,
      384.1142857142857
    ],
    [
      67.95798319327731,
      386.4873949579832
    ],
    [
      139.2,
      386.3857142857143
    ],
    [
      380.0571428571429,
      385.0285714285714
    ],
    [
      468.0652173913044,
      388.6304347826087
    ],
    [
      3.1267605633802815,
      386.3521126760563
    ],
    [
      11.73015873015873,
      385.9047619047619
    ],
    [
      78.92349726775956,
      387.7049180327869
    ],
    [
      88.87323943661971,
      386.3943661971831
    ],
    [
      96.94949494949495,
      382.80808080808083
    ],
    [
      164.03125,
      385.53125
    ],
    [
      395.53246753246754,
      389.2857142857143
    ],
    [
      37.75833333333333,
      386.375
    ],
    [
      278.0625,
      387.9375
    ],
    [
      504.7647058823529,
      388.4019607843137
    ],
    [
      226.9568345323741,
      388.1223021582734
    ],
    [
      457.8675496688742,
      390.0927152317881
    ],
    [
      120.79746835443038,
      389.39240506329116
    ],
    [
      130.97029702970298,
      388.51485148514854
    ],
    [
      214.2754491017964,
      391.6646706586826
    ],
    [
      184.39705882352942,
      389.1029411764706
    ],
    [
      260.2307692307692,
      388.8290598290598
    ],
    [
      323.50515463917526,
      389.1546391752577
    ],
    [
      379.1304347826087,
      389.4782608695652
    ],
    [
      153.57236842105263,
      390.32236842105266
    ],
    [
      193.2962962962963,
      393.77777777777777
    ],
    [
      409.8972602739726,
      392.7054794520548
    ],
    [
      179.76470588235293,
      392.19607843137254
    ],
    [
      240.08163265306123,
      393.1530612244898
    ],
    [
      285.1927710843373,
      393.33734939759034
    ],
    [
      385.375,
      391.0208333333333
    ],
    [
      389.6521739130435,
      392.5
    ],
    [
      6.442477876106195,
      394.95575221238937
    ],
    [
      22.52238805970149,
      391.2238805970149
    ],
    [
      204.05882352941177,
      391.9117647058824
    ],
    [
      250.0,
      393.35714285714283
    ],
    [
      278.14285714285717,
      393.57142857142856
    ],
    [
      424.69565217391306,
      393.04347826086956
    ],
    [
      307.368,
      397.176
    ],
    [
      32.76923076923077,
      395.0897435897436
    ],
    [
      39.21739130434783,
      394.7391304347826
    ],
    [
      44.984848484848484,
      395.5151515151515
    ],
    [
      169.4041095890411,
      392.9178082191781
    ],
    [
      315.9512195121951,
      394.6585365853659
    ],
    [
      73.44444444444444,
      397.02222222222224
    ],
    [
      379.4054054054054,
      394.5945945945946
    ],
    [
      399.8857142857143,
      395.4142857142857
    ],
    [
      419.2554744525547,
      396.985401459854
    ],
    [
      85.0,
      398.0
    ],
    [
      119.73913043478261,
      398.4347826086956
    ],
    [
      141.42592592592592,
      396.14814814814815
    ],
    [
      165.0625,
      399.9375
    ],
    [
      248.16666666666666,
      397.96666666666664
    ],
    [
      295.8157894736842,
      399.0
    ],
    [
      278.94202898550725,
      399.5507246376812
    ],
    [
      376.0483870967742,
      400.0806451612903
    ],
    [
      470.4655172413793,
      400.94827586206895
    ],
    [
      3.5,
      401.5
    ],
    [
      24.673267326732674,
      400.3069306930693
    ],
    [
      384.3333333333333,
      399.0444444444444
    ],
    [
      405.17699115044246,
      402.05309734513276
    ],
    [
      443.6808510638298,
      401.74468085106383
    ],
    [
      393.5492957746479,
      400.77464788732397
    ],
    [
      434.3265306122449,
      400.7142857142857
    ],
    [
      454.1004784688995,
      400.60287081339715
    ],
    [
      213.57142857142858,
      403.42857142857144
    ],
    [
      485.59722222222223,
      403.3611111111111
    ],
    [
      508.57142857142856,
      403.5
    ],
    [
      38.05263157894737,
      405.10526315789474
    ],
    [
      117.0,
      403.5
    ],
    [
      180.83255813953488,
      403.706976744186
    ],
    [
      427.5652173913044,
      403.04347826086956
    ],
    [
      475.5744680851064,
      404.4468085106383
    ],
    [
      78.28346456692914,
      404.1102362204724
    ],
    [
      156.54794520547946,
      405.0068493150685
    ],
    [
      195.51315789473685,
      407.2236842105263
    ],
    [
      246.10416666666666,
      405.2916666666667
    ],
    [
      302.2432432432432,
      405.94594594594594
    ],
    [
      110.60714285714286,
      409.09285714285716
    ],
    [
      139.09638554216866,
      407.12048192771084
    ],
    [
      145.16071428571428,
      406.125
    ],
    [
      383.30434782608694,
      406.1847826086956
    ],
    [
      390.26666666666665,
      411.37333333333333
    ],
    [
      210.88235294117646,
      408.5
    ],
    [
      274.52,
      408.36
    ],
    [
      464.03061224489795,
      410.1173469387755
    ],
    [
      492.2456140350877,
      407.64912280701753
    ],
    [
      5.614035087719298,
      408.64912280701753
    ],
    [
      13.384615384615385,
      411.15384615384613
    ],
    [
      227.9,
      408.94444444444446
    ],
    [
      344.92857142857144,
      410.734693877551
    ],
    [
      370.86206896551727,
      407.5
    ],
    [
      397.27272727272725,
      410.54545454545456
    ],
    [
      445.22727272727275,
      408.6515151515151
    ],
    [
      170.7669172932331,
      409.83458646616543
    ],
    [
      48.69892473118279,
      409.89247311827955
    ],
    [
      58.37777777777778,
      408.9888888888889
    ],
    [
      451.97058823529414,
      410.8235294117647
    ],
    [
      482.376,
      412.136
    ],
    [
      160.53333333333333,
      411.98333333333335
    ],
    [
      335.0403225806452,
      412.3225806451613
    ],
    [
      31.0,
      413.0
    ],
    [
      149.05,
      412.95
    ],
    [
      124.63414634146342,
      412.3231707317073
    ],
    [
      205.85714285714286,
      414.3469387755102
    ],
    [
      244.3695652173913,
      413.9673913043478
    ],
    [
      308.4259259259259,
      413.8333333333333
    ],
    [
      441.8181818181818,
      414.8636363636364
    ],
    [
      490.9807692307692,
      415.84615384615387
    ],
    [
      72.17901234567901,
      416.28395061728395
    ],
    [
      449.6304347826087,
      415.67391304347825
    ],
    [
      110.98076923076923,
      416.36538461538464
    ],
    [
      385.1948051948052,
      416.90909090909093
    ],
    [
      502.2824074074074,
      415.27314814814815
    ],
    [
      52.189473684210526,
      418.12631578947367
    ],
    [
      163.55,
      416.05
    ],
    [
      184.27619047619046,
      416.7047619047619
    ],
    [
      2.893617021276596,
      416.8723404255319
    ],
    [
      63.22018348623853,
      415.1743119266055
    ],
    [
      198.2662721893491,
      414.15384615384613
    ],
    [
      400.60869565217394,
      417.5
    ],
    [
      175.6153846153846,
      418.96153846153845
    ],
    [
      368.54545454545456,
      415.75
    ],
    [
      454.0,
      418.8787878787879
    ],
    [
      467.57575757575756,
      419.0
    ],
    [
      488.5,
      420.03846153846155
    ],
    [
      100.6951219512195,
      418.5487804878049
    ],
    [
      330.0,
      420.0
    ],
    [
      420.64827586206894,
      421.2896551724138
    ],
    [
      6.785714285714286,
      423.8452380952381
    ],
    [
      79.5,
      422.38709677419354
    ],
    [
      134.7906976744186,
      425.1744186046512
    ],
    [
      189.63855421686748,
      422.5903614457831
    ],
    [
      212.24705882352941,
      418.88235294117646
    ],
    [
      236.81714285714287,
      419.22857142857146
    ],
    [
      107.14285714285714,
      421.82142857142856
    ],
    [
      151.92763157894737,
      420.17763157894734
    ],
    [
      248.83333333333334,
      419.68888888888887
    ],
    [
      335.672131147541,
      422.37704918032784
    ],
    [
      446.16101694915255,
      423.0
    ],
    [
      123.54285714285714,
      424.9357142857143
    ],
    [
      309.2281879194631,
      425.93288590604027
    ],
    [
      45.355932203389834,
      424.06779661016947
    ],
    [
      164.43589743589743,
      425.1923076923077
    ],
    [
      224.27966101694915,
      420.8728813559322
    ],
    [
      274.5,
      423.8970588235294
    ],
    [
      343.93333333333334,
      424.05
    ],
    [
      404.3538461538462,
      421.75384615384615
    ],
    [
      176.91044776119404,
      425.94029850746267
    ],
    [
      200.56692913385828,
      426.5590551181102
    ],
    [
      116.76756756756757,
      429.2432432432432
    ],
    [
      130.2156862745098,
      424.52941176470586
    ],
    [
      257.24175824175825,
      428.1208791208791
    ],
    [
      433.6219512195122,
      424.8719512195122
    ],
    [
      459.8503937007874,
      424.48818897637796
    ],
    [
      506.57377049180326,
      426.25409836065575
    ],
    [
      38.641975308641975,
      428.1111111111111
    ],
    [
      105.29411764705883,
      427.55882352941177
    ],
    [
      218.8840579710145,
      427.60869565217394
    ],
    [
      248.94545454545454,
      428.56363636363636
    ],
    [
      405.35,
      427.65
    ],
    [
      413.0065359477124,
      429.84313725490193
    ],
    [
      69.0625,
      428.09375
    ],
    [
      189.84,
      429.66
    ],
    [
      325.9122807017544,
      428.35087719298247
    ],
    [
      447.3188405797101,
      431.04347826086956
    ],
    [
      73.92173913043479,
      432.3652173913043
    ],
    [
      318.5681818181818,
      429.1931818181818
    ],
    [
      399.5438596491228,
      429.7543859649123
    ],
    [
      86.16666666666667,
      431.5925925925926
    ],
    [
      146.2087912087912,
      429.5769230769231
    ],
    [
      280.4357142857143,
      431.1142857142857
    ],
    [
      366.3,
      432.1
    ],
    [
      137.22033898305085,
      434.4406779661017
    ],
    [
      43.09090909090909,
      435.0779220779221
    ],
    [
      193.9607843137255,
      435.5686274509804
    ],
    [
      266.88194444444446,
      430.05555555555554
    ],
    [
      355.5,
      435.5
    ],
    [
      443.0,
      435.91525423728814
    ],
    [
      486.5263157894737,
      434.7578947368421
    ],
    [
      173.55474452554745,
      432.44525547445255
    ],
    [
      182.05454545454546,
      435.56363636363636
    ],
    [
      188.0,
      435.5
    ],
    [
      303.92391304347825,
      433.7173913043478
    ],
    [
      462.0,
      433.82191780821915
    ],
    [
      479.09090909090907,
      436.1818181818182
    ],
    [
      71.0701754385965,
      440.5964912280702
    ],
    [
      82.95714285714286,
      437.15714285714284
    ],
    [
      92.04166666666667,
      437.05555555555554
    ],
    [
      216.5,
      438.0220588235294
    ],
    [
      65.78461538461538,
      440.4
    ],
    [
      343.2307692307692,
      438.09615384615387
    ],
    [
      374.6511627906977,
      439.3255813953488
    ],
    [
      114.93548387096774,
      439.9516129032258
    ],
    [
      318.8369565217391,
      440.5326086956522
    ],
    [
      81.16666666666667,
      442.0625
    ],
    [
      235.77380952380952,
      441.63690476190476
    ],
    [
      260.7758620689655,
      443.44827586206895
    ],
    [
      282.3243243243243,
      442.7027027027027
    ],
    [
      479.64,
      440.44
    ],
    [
      147.01333333333332,
      440.3466666666667
    ],
    [
      175.74117647058824,
      442.6588235294118
    ],
    [
      209.04347826086956,
      442.6521739130435
    ],
    [
      299.0,
      440.60504201680675
    ],
    [
      336.84375,
      444.125
    ],
    [
      13.864406779661017,
      443.91525423728814
    ],
    [
      61.76923076923077,
      443.7435897435897
    ],
    [
      390.44,
      439.46666666666664
    ],
    [
      490.6730769230769,
      444.4166666666667
    ],
    [
      50.502024291497975,
      446.19838056680163
    ],
    [
      74.53125,
      447.203125
    ],
    [
      38.1578947368421,
      445.62280701754383
    ],
    [
      120.68235294117648,
      444.83529411764704
    ],
    [
      224.0,
      445.5
    ],
    [
      275.5967741935484,
      443.8467741935484
    ],
    [
      349.5806451612903,
      442.64516129032256
    ],
    [
      357.02830188679246,
      444.8018867924528
    ],
    [
      440.9074074074074,
      447.18518518518516
    ],
    [
      165.81856540084388,
      452.0506329113924
    ],
    [
      311.8715596330275,
      444.61467889908255
    ],
    [
      434.1328125,
      444.546875
    ],
    [
      30.15,
      448.5
    ],
    [
      90.45283018867924,
      447.9119496855346
    ],
    [
      215.72641509433961,
      449.9056603773585
    ],
    [
      303.83720930232556,
      448.09302325581393
    ],
    [
      300.06451612903226,
      451.6774193548387
    ],
    [
      478.5,
      448.92241379310343
    ],
    [
      60.15384615384615,
      451.4102564102564
    ],
    [
      79.45283018867924,
      450.9433962264151
    ],
    [
      290.0983606557377,
      451.0
    ],
    [
      341.8421052631579,
      450.25
    ],
    [
      502.7415730337079,
      447.42134831460675
    ],
    [
      508.31481481481484,
      451.9259259259259
    ],
    [
      256.4032258064516,
      452.61290322580646
    ],
    [
      331.4691358024691,
      452.962962962963
    ],
    [
      442.56060606060606,
      456.6060606060606
    ],
    [
      179.96703296703296,
      451.8901098901099
    ],
    [
      468.67045454545456,
      453.92045454545456
    ],
    [
      42.557377049180324,
      455.55737704918033
    ],
    [
      101.96296296296296,
      454.48148148148147
    ],
    [
      215.6153846153846,
      455.90384615384613
    ],
    [
      227.79166666666666,
      455.81666666666666
    ],
    [
      306.65555555555557,
      454.9222222222222
    ],
    [
      448.025,
      455.975
    ],
    [
      454.1,
      456.7
    ],
    [
      238.7983870967742,
      457.08870967741933
    ],
    [
      250.71666666666667,
      456.18333333333334
    ],
    [
      314.8731343283582,
      460.42537313432837
    ],
    [
      339.76666666666665,
      456.53333333333336
    ],
    [
      387.578125,
      458.140625
    ],
    [
      180.6,
      458.4
    ],
    [
      57.36363636363637,
      458.8831168831169
    ],
    [
      293.8777777777778,
      456.4
    ],
    [
      144.47619047619048,
      458.968253968254
    ],
    [
      153.8423913043478,
      463.4728260869565
    ],
    [
      188.859649122807,
      460.6842105263158
    ],
    [
      252.73239436619718,
      462.9154929577465
    ],
    [
      381.94871794871796,
      461.5897435897436
    ],
    [
      438.1333333333333,
      461.93333333333334
    ],
    [
      116.0,
      463.0
    ],
    [
      220.81720430107526,
      462.39784946236557
    ],
    [
      298.88524590163934,
      464.0
    ],
    [
      344.26666666666665,
      464.4761904761905
    ],
    [
      101.0,
      463.2962962962963
    ],
    [
      332.6340206185567,
      464.7886597938144
    ],
    [
      495.6508875739645,
      465.1360946745562
    ],
    [
      508.3076923076923,
      462.74725274725273
    ],
    [
      48.54814814814815,
      464.1259259259259
    ],
    [
      107.4054054054054,
      465.1081081081081
    ],
    [
      164.88505747126436,
      466.2988505747126
    ],
    [
      174.44776119402985,
      463.8731343283582
    ],
    [
      286.62745098039215,
      460.5686274509804
    ],
    [
      58.78431372549019,
      466.88235294117646
    ],
    [
      307.25688073394497,
      467.22935779816515
    ],
    [
      323.0,
      466.6296296296296
    ],
    [
      76.58333333333333,
      468.375
    ],
    [
      233.3228346456693,
      467.2755905511811
    ],
    [
      245.08695652173913,
      465.75
    ],
    [
      259.6923076923077,
      467.6025641025641
    ],
    [
      432.64444444444445,
      465.75555555555553
    ],
    [
      86.70873786407768,
      470.9514563106796
    ],
    [
      147.90625,
      472.765625
    ],
    [
      503.75757575757575,
      466.7878787878788
    ],
    [
      55.5,
      471.0
    ],
    [
      93.08163265306122,
      471.42857142857144
    ],
    [
      136.5654761904762,
      473.13690476190476
    ],
    [
      224.24444444444444,
      470.8888888888889
    ],
    [
      301.96078431372547,
      473.70588235294116
    ],
    [
      18.775,
      471.9375
    ],
    [
      158.12790697674419,
      473.5348837209302
    ],
    [
      373.9172932330827,
      472.3308270676692
    ],
    [
      407.31654676258995,
      478.58273381294964
    ],
    [
      432.48387096774195,
      471.0
    ],
    [
      473.5,
      471.5
    ],
    [
      485.63380281690144,
      472.5633802816901
    ],
    [
      101.20967741935483,
      473.9758064516129
    ],
    [
      171.72222222222223,
      474.7936507936508
    ],
    [
      262.9753086419753,
      474.39506172839504
    ],
    [
      316.4177215189873,
      472.1645569620253
    ],
    [
      388.5,
      473.5
    ],
    [
      467.4193548387097,
      472.4516129032258
    ],
    [
      479.5,
      472.5
    ],
    [
      42.508620689655174,
      478.33620689655174
    ],
    [
      247.6054054054054,
      474.4756756756757
    ],
    [
      287.2352941176471,
      472.8235294117647
    ],
    [
      347.5,
      474.0
    ],
    [
      419.06140350877195,
      477.18859649122805
    ],
    [
      461.46153846153845,
      473.24615384615385
    ],
    [
      35.357142857142854,
      475.6190476190476
    ],
    [
      111.22413793103448,
      475.62068965517244
    ],
    [
      196.875,
      478.3125
    ],
    [
      293.9462365591398,
      471.73118279569894
    ],
    [
      446.4140127388535,
      477.4331210191083
    ],
    [
      190.20430107526883,
      481.26344086021504
    ],
    [
      393.1666666666667,
      475.3888888888889
    ],
    [
      84.20930232558139,
      477.4186046511628
    ],
    [
      399.09615384615387,
      477.5
    ],
    [
      431.22222222222223,
      478.1296296296296
    ],
    [
      437.9032258064516,
      478.98387096774195
    ],
    [
      217.0909090909091,
      473.6363636363636
    ],
    [
      237.06451612903226,
      477.9516129032258
    ],
    [
      302.7906976744186,
      478.9767441860465
    ],
    [
      27.92,
      477.37
    ],
    [
      157.16129032258064,
      479.5806451612903
    ],
    [
      313.6179775280899,
      478.7752808988764
    ],
    [
      51.20192307692308,
      477.40384615384613
    ],
    [
      170.42857142857142,
      480.42857142857144
    ],
    [
      355.8490566037736,
      480.42138364779873
    ],
    [
      267.22222222222223,
      479.6111111111111
    ],
    [
      258.1857142857143,
      482.0857142857143
    ],
    [
      293.906432748538,
      486.3157894736842
    ],
    [
      477.2105263157895,
      481.50375939849624
    ],
    [
      487.73,
      482.56
    ],
    [
      5.828571428571428,
      483.54285714285714
    ],
    [
      56.07142857142857,
      482.64285714285717
    ],
    [
      132.13186813186815,
      482.07142857142856
    ],
    [
      303.94827586206895,
      483.86206896551727
    ],
    [
      467.3139534883721,
      480.5
    ],
    [
      369.89473684210526,
      482.9736842105263
    ],
    [
      426.6862745098039,
      483.84313725490193
    ],
    [
      32.30434782608695,
      485.39130434782606
    ],
    [
      147.69747899159663,
      482.8067226890756
    ],
    [
      158.38333333333333,
      485.4
    ],
    [
      212.85897435897436,
      485.13461538461536
    ],
    [
      253.31578947368422,
      485.44736842105266
    ],
    [
      19.22222222222222,
      484.8740740740741
    ],
    [
      108.75,
      484.0
    ],
    [
      340.66101694915255,
      486.33898305084745
    ],
    [
      389.0285714285714,
      486.65714285714284
    ],
    [
      80.93333333333334,
      488.55
    ],
    [
      239.12121212121212,
      485.010101010101
    ],
    [
      272.70873786407765,
      485.9611650485437
    ],
    [
      317.56716417910445,
      486.13432835820896
    ],
    [
      351.58666666666664,
      489.02666666666664
    ],
    [
      411.64285714285717,
      487.0
    ],
    [
      441.98148148148147,
      488.8888888888889
    ],
    [
      114.58620689655173,
      487.2413793103448
    ],
    [
      281.53333333333336,
      488.24
    ],
    [
      481.4468085106383,
      488.4255319148936
    ],
    [
      122.488,
      487.808
    ],
    [
      166.63953488372093,
      485.22093023255815
    ],
    [
      366.25,
      488.64130434782606
    ],
    [
      52.019417475728154,
      489.3009708737864
    ],
    [
      67.0,
      490.6519607843137
    ],
    [
      139.0,
      490.0
    ],
    [
      197.6338028169014,
      489.83098591549293
    ],
    [
      42.785714285714285,
      489.3809523809524
    ],
    [
      131.5,
      492.0
    ],
    [
      149.63247863247864,
      491.35042735042737
    ],
    [
      396.20382165605093,
      496.79617834394907
    ],
    [
      12.711409395973154,
      492.8859060402685
    ],
    [
      241.3783783783784,
      492.6756756756757
    ],
    [
      362.5,
      494.3478260869565
    ],
    [
      382.0,
      493.5
    ],
    [
      467.98979591836735,
      492.7244897959184
    ],
    [
      1.9672131147540983,
      494.11475409836066
    ],
    [
      251.15540540540542,
      492.02027027027026
    ],
    [
      327.5,
      493.5
    ],
    [
      417.6759259259259,
      492.51851851851853
    ],
    [
      56.28260869565217,
      497.5108695652174
    ],
    [
      136.3846153846154,
      495.38461538461536
    ],
    [
      167.12781954887217,
      493.8872180451128
    ],
    [
      447.6885245901639,
      495.9016393442623
    ],
    [
      87.58571428571429,
      497.1142857142857
    ],
    [
      105.88235294117646,
      500.6470588235294
    ],
    [
      371.6216216216216,
      497.9189189189189
    ],
    [
      411.50714285714287,
      498.8642857142857
    ],
    [
      294.15384615384613,
      497.44615384615383
    ],
    [
      356.8936170212766,
      497.02127659574467
    ],
    [
      379.39285714285717,
      498.39285714285717
    ],
    [
      387.8636363636364,
      499.8909090909091
    ],
    [
      493.4845360824742,
      499.03092783505156
    ],
    [
      238.3125,
      497.5357142857143
    ],
    [
      350.8269230769231,
      498.75
    ],
    [
      65.0,
      500.0
    ],
    [
      227.96031746031747,
      495.7936507936508
    ],
    [
      288.46875,
      500.03125
    ],
    [
      506.7080745341615,
      502.0807453416149
    ],
    [
      8.03125,
      499.5625
    ],
    [
      78.26950354609929,
      499.4255319148936
    ],
    [
      133.55737704918033,
      501.55737704918033
    ],
    [
      160.9318181818182,
      500.95454545454544
    ],
    [
      363.16,
      502.74
    ],
    [
      15.652849740932643,
      505.25906735751295
    ],
    [
      93.5909090909091,
      500.84090909090907
    ],
    [
      99.14285714285714,
      506.3775510204082
    ],
    [
      193.09722222222223,
      501.97222222222223
    ],
    [
      220.8918918918919,
      503.55405405405406
    ],
    [
      297.85714285714283,
      503.9795918367347
    ],
    [
      26.585798816568047,
      502.5266272189349
    ],
    [
      59.76377952755905,
      505.59055118110234
    ],
    [
      377.5,
      504.0
    ],
    [
      425.68027210884355,
      503.265306122449
    ],
    [
      283.5217391304348,
      503.95652173913044
    ],
    [
      187.97894736842105,
      507.37894736842105
    ],
    [
      332.2692307692308,
      503.16923076923075
    ],
    [
      356.54430379746833,
      506.1392405063291
    ],
    [
      403.0483870967742,
      507.06451612903226
    ],
    [
      438.5532994923858,
      505.4263959390863
    ],
    [
      233.57142857142858,
      507.4117647058824
    ],
    [
      309.57142857142856,
      506.33862433862436
    ],
    [
      366.0,
      507.0
    ],
    [
      373.48387096774195,
      507.7258064516129
    ],
    [
      413.5981308411215,
      508.02803738317755
    ],
    [
      496.9193548387097,
      507.2096774193548
    ],
    [
      3.3452380952380953,
      506.5238095238095
    ],
    [
      43.911764705882355,
      509.05882352941177
    ],
    [
      49.76190476190476,
      508.1666666666667
    ],
    [
      86.1304347826087,
      507.5913043478261
    ],
    [
      205.5487804878049,
      507.7256097560976
    ],
    [
      276.8207547169811,
      507.9811320754717
    ],
    [
      291.8169014084507,
      508.76056338028167
    ],
    [
      323.8129496402878,
      503.863309352518
    ],
    [
      346.9830508474576,
      506.27966101694915
    ],
    [
      385.4367816091954,
      508.08045977011494
    ],
    [
      396.0851063829787,
      508.1276595744681
    ],
    [
      450.125,
      505.90909090909093
    ]
  ],
  "boxes": [
    [
      0,
      84,
      11,
      96
    ],
    [
      0,
      95,
      8,
      111
    ],
    [
      0,
      104,
      5,
      119
    ],
    [
      0,
      176,
      13,
      186
    ],
    [
      0,
      352,
      13,
      364
    ],
    [
      0,
      420,
      9,
      430
    ],
    [
      0,
      425,
      15,
      440
    ],
    [
      0,
      437,
      12,
      447
    ],
    [
      0,
      17,
      7,
      22
    ],
    [
      0,
      55,
      8,
      64
    ],
    [
      0,
      156,
      14,
      178
    ],
    [
      0,
      186,
      10,
      196
    ],
    [
      0,
      472,
      8,
      492
    ],
    [
      0,
      148,
      9,
      161
    ],
    [
      0,
      316,
      13,
      346
    ],
    [
      0,
      411,
      18,
      425
    ],
    [
      0,
      20,
      11,
      30
    ],
    [
      0,
      64,
      12,
      72
    ],
    [
      0,
      72,
      12,
      85
    ],
    [
      0,
      361,
      11,
      377
    ],
    [
      0,
      464,
      11,
      473
    ],
    [
      0,
      481,
      13,
      495
    ],
    [
      0,
      505,
      9,
      512
    ],
    [
      0,
      128,
      12,
      148
    ],
    [
      3,
      372,
      12,
      381
    ],
    [
      0,
      400,
      12,
      411
    ],
    [
      0,
      446,
      13,
      460
    ],
    [
      0,
      495,
      10,
      505
    ],
    [
      0,
      44,
      21,
      57
    ],
    [
      5,
      204,
      21,
      224
    ],
    [
      0,
      313,
      11,
      322
    ],
    [
      5,
      57,
      13,
      66
    ],
    [
      0,
      231,
      15,
      254
    ],
    [
      7,
      323,
      14,
      330
    ],
    [
      0,
      344,
      16,
      359
    ],
    [
      6,
      353,
      13,
      359
    ],
    [
      0,
      386,
      15,
      406
    ],
    [
      6,
      386,
      16,
      396
    ],
    [
      6,
      433,
      15,
      442
    ],
    [
      9,
      152,
      14,
      169
    ],
    [
      8,
      173,
      16,
      180
    ],
    [
      7,
      126,
      18,
      142
    ],
    [
      9,
      356,
      17,
      370
    ],
    [
      10,
      419,
      19,
      426
    ],
    [
      7,
      474,
      16,
      491
    ],
    [
      5,
      495,
      21,
      512
    ],
    [
      10,
      504,
      20,
      512
    ],
    [
      11,
      52,
      24,
      65
    ],
    [
      8,
      404,
      22,
      417
    ],
    [
      9,
      19,
      24,
      29
    ],
    [
      8,
      61,
      21,
      79
    ],
    [
      13,
      302,
      21,
      310
    ],
    [
      5,
      454,
      19,
      470
    ],
    [
      15,
      455,
      30,
      474
    ],
    [
      13,
      248,
      22,
      257
    ],
    [
      12,
      397,
      24,
      410
    ],
    [
      8,
      85,
      27,
      106
    ],
    [
      11,
      162,
      28,
      177
    ],
    [
      15,
      356,
      26,
      369
    ],
    [
      16,
      50,
      25,
      57
    ],
    [
      5,
      175,
      23,
      193
    ],
    [
      14,
      201,
      24,
      211
    ],
    [
      16,
      217,
      23,
      225
    ],
    [
      15,
      237,
      23,
      245
    ],
    [
      14,
      155,
      37,
      162
    ],
    [
      15,
      391,
      24,
      401
    ],
    [
      18,
      23,
      25,
      30
    ],
    [
      19,
      171,
      25,
      182
    ],
    [
      11,
      317,
      32,
      332
    ],
    [
      13,
      8,
      36,
      21
    ],
    [
      18,
      273,
      27,
      284
    ],
    [
      15,
      345,
      32,
      362
    ],
    [
      19,
      104,
      27,
      110
    ],
    [
      22,
      36,
      28,
      42
    ],
    [
      23,
      84,
      35,
      93
    ],
    [
      16,
      90,
      34,
      103
    ],
    [
      22,
      159,
      34,
      169
    ],
    [
      22,
      419,
      30,
      424
    ],
    [
      21,
      0,
      31,
      8
    ],
    [
      20,
      62,
      29,
      77
    ],
    [
      23,
      110,
      35,
      126
    ],
    [
      24,
      234,
      28,
      251
    ],
    [
      21,
      375,
      34,
      388
    ],
    [
      24,
      455,
      31,
      462
    ],
    [
      21,
      17,
      35,
      28
    ],
    [
      19,
      45,
      30,
      51
    ],
    [
      22,
      172,
      30,
      183
    ],
    [
      25,
      421,
      34,
      436
    ],
    [
      22,
      125,
      37,
      149
    ],
    [
      24,
      142,
      33,
      152
    ],
    [
      22,
      160,
      40,
      174
    ],
    [
      17,
      405,
      37,
      422
    ],
    [
      27,
      98,
      42,
      117
    ],
    [
      27,
      176,
      36,
      185
    ],
    [
      23,
      357,
      34,
      371
    ],
    [
      23,
      46,
      41,
      59
    ],
    [
      28,
      223,
      42,
      247
    ],
    [
      24,
      265,
      34,
      282
    ],
    [
      27,
      439,
      36,
      449
    ],
    [
      25,
      0,
      38,
      11
    ],
    [
      29,
      16,
      36,
      23
    ],
    [
      30,
      246,
      37,
      253
    ],
    [
      28,
      294,
      36,
      308
    ],
    [
      27,
      349,
      39,
      369
    ],
    [
      25,
      393,
      36,
      407
    ],
    [
      25,
      451,
      35,
      454
    ],
    [
      25,
      454,
      36,
      461
    ],
    [
      30,
      489,
      41,
      498
    ],
    [
      22,
      35,
      39,
      50
    ],
    [
      28,
      84,
      42,
      99
    ],
    [
      32,
      220,
      42,
      237
    ],
    [
      32,
      290,
      38,
      297
    ],
    [
      31,
      368,
      39,
      380
    ],
    [
      24,
      453,
      44,
      470
    ],
    [
      32,
      111,
      39,
      118
    ],
    [
      32,
      381,
      38,
      389
    ],
    [
      33,
      264,
      51,
      278
    ],
    [
      30,
      478,
      40,
      486
    ],
    [
      33,
      159,
      42,
      166
    ],
    [
      32,
      341,
      41,
      352
    ],
    [
      35,
      231,
      44,
      242
    ],
    [
      36,
      388,
      49,
      407
    ],
    [
      35,
      44,
      49,
      52
    ],
    [
      37,
      84,
      43,
      90
    ],
    [
      36,
      96,
      43,
      104
    ],
    [
      34,
      182,
      43,
      192
    ],
    [
      35,
      326,
      44,
      333
    ],
    [
      34,
      374,
      49,
      389
    ],
    [
      35,
      503,
      54,
      512
    ],
    [
      36,
      219,
      45,
      227
    ],
    [
      35,
      314,
      59,
      326
    ],
    [
      33,
      442,
      42,
      454
    ],
    [
      37,
      452,
      45,
      461
    ],
    [
      37,
      0,
      44,
      11
    ],
    [
      38,
      29,
      46,
      38
    ],
    [
      35,
      107,
      43,
      116
    ],
    [
      37,
      245,
      46,
      255
    ],
    [
      38,
      424,
      54,
      445
    ],
    [
      36,
      38,
      47,
      44
    ],
    [
      38,
      58,
      49,
      80
    ],
    [
      36,
      259,
      46,
      266
    ],
    [
      39,
      270,
      54,
      288
    ],
    [
      36,
      205,
      49,
      218
    ],
    [
      38,
      78,
      46,
      89
    ],
    [
      34,
      132,
      47,
      148
    ],
    [
      42,
      188,
      51,
      195
    ],
    [
      40,
      225,
      52,
      243
    ],
    [
      33,
      337,
      51,
      351
    ],
    [
      42,
      398,
      46,
      403
    ],
    [
      41,
      419,
      47,
      428
    ],
    [
      35,
      477,
      57,
      494
    ],
    [
      34,
      493,
      55,
      505
    ],
    [
      36,
      322,
      52,
      334
    ],
    [
      35,
      46,
      51,
      62
    ],
    [
      44,
      53,
      49,
      61
    ],
    [
      40,
      139,
      52,
      148
    ],
    [
      43,
      397,
      48,
      411
    ],
    [
      44,
      62,
      54,
      73
    ],
    [
      31,
      121,
      52,
      135
    ],
    [
      39,
      241,
      57,
      252
    ],
    [
      44,
      271,
      51,
      278
    ],
    [
      44,
      383,
      51,
      390
    ],
    [
      45,
      441,
      51,
      447
    ],
    [
      29,
      144,
      51,
      162
    ],
    [
      40,
      257,
      61,
      268
    ],
    [
      45,
      76,
      55,
      90
    ],
    [
      45,
      108,
      53,
      116
    ],
    [
      47,
      133,
      52,
      139
    ],
    [
      43,
      282,
      54,
      288
    ],
    [
      44,
      488,
      70,
      499
    ],
    [
      43,
      0,
      59,
      10
    ],
    [
      47,
      195,
      58,
      215
    ],
    [
      38,
      214,
      58,
      233
    ],
    [
      39,
      247,
      62,
      260
    ],
    [
      48,
      343,
      56,
      351
    ],
    [
      49,
      30,
      57,
      37
    ],
    [
      38,
      330,
      63,
      340
    ],
    [
      49,
      398,
      60,
      429
    ],
    [
      45,
      31,
      57,
      42
    ],
    [
      51,
      270,
      60,
      278
    ],
    [
      50,
      235,
      67,
      248
    ],
    [
      44,
      431,
      65,
      446
    ],
    [
      48,
      14,
      66,
      35
    ],
    [
      52,
      209,
      59,
      217
    ],
    [
      52,
      278,
      61,
      287
    ],
    [
      51,
      479,
      59,
      486
    ],
    [
      49,
      6,
      60,
      12
    ],
    [
      47,
      54,
      59,
      62
    ],
    [
      53,
      62,
      66,
      68
    ],
    [
      53,
      189,
      62,
      198
    ],
    [
      50,
      76,
      59,
      86
    ],
    [
      55,
      307,
      60,
      316
    ],
    [
      47,
      320,
      61,
      327
    ],
    [
      52,
      500,
      75,
      512
    ],
    [
      53,
      46,
      72,
      58
    ],
    [
      48,
      66,
      65,
      78
    ],
    [
      53,
      352,
      70,
      370
    ],
    [
      56,
      369,
      63,
      376
    ],
    [
      56,
      151,
      64,
      154
    ],
    [
      56,
      175,
      62,
      180
    ],
    [
      52,
      227,
      66,
      239
    ],
    [
      56,
      254,
      64,
      261
    ],
    [
      55,
      273,
      64,
      280
    ],
    [
      57,
      374,
      63,
      380
    ],
    [
      58,
      296,
      72,
      302
    ],
    [
      51,
      321,
      65,
      337
    ],
    [
      50,
      340,
      63,
      349
    ],
    [
      53,
      6,
      66,
      17
    ],
    [
      54,
      210,
      72,
      232
    ],
    [
      58,
      301,
      70,
      313
    ],
    [
      53,
      427,
      67,
      439
    ],
    [
      54,
      480,
      65,
      490
    ],
    [
      50,
      77,
      67,
      93
    ],
    [
      56,
      105,
      70,
      127
    ],
    [
      59,
      406,
      67,
      412
    ],
    [
      58,
      412,
      66,
      426
    ],
    [
      57,
      441,
      67,
      449
    ],
    [
      52,
      0,
      74,
      9
    ],
    [
      60,
      121,
      68,
      129
    ],
    [
      57,
      174,
      66,
      179
    ],
    [
      58,
      396,
      69,
      407
    ],
    [
      61,
      411,
      68,
      418
    ],
    [
      59,
      53,
      76,
      64
    ],
    [
      61,
      87,
      69,
      96
    ],
    [
      62,
      322,
      71,
      334
    ],
    [
      63,
      8,
      71,
      18
    ],
    [
      59,
      447,
      69,
      459
    ],
    [
      63,
      485,
      71,
      493
    ],
    [
      61,
      99,
      71,
      111
    ],
    [
      64,
      160,
      74,
      173
    ],
    [
      60,
      244,
      75,
      260
    ],
    [
      62,
      63,
      74,
      89
    ],
    [
      64,
      284,
      73,
      293
    ],
    [
      63,
      113,
      79,
      128
    ],
    [
      59,
      179,
      72,
      197
    ],
    [
      65,
      208,
      74,
      220
    ],
    [
      65,
      273,
      72,
      282
    ],
    [
      67,
      323,
      72,
      328
    ],
    [
      65,
      226,
      74,
      238
    ],
    [
      67,
      300,
      73,
      306
    ],
    [
      59,
      375,
      75,
      387
    ],
    [
      65,
      465,
      76,
      491
    ],
    [
      53,
      499,
      76,
      508
    ],
    [
      66,
      171,
      76,
      180
    ],
    [
      61,
      354,
      74,
      377
    ],
    [
      67,
      143,
      81,
      152
    ],
    [
      67,
      411,
      82,
      427
    ],
    [
      59,
      418,
      75,
      432
    ],
    [
      63,
      89,
      77,
      108
    ],
    [
      68,
      131,
      79,
      144
    ],
    [
      69,
      301,
      80,
      312
    ],
    [
      71,
      368,
      78,
      380
    ],
    [
      70,
      426,
      81,
      433
    ],
    [
      63,
      433,
      80,
      443
    ],
    [
      71,
      24,
      79,
      33
    ],
    [
      70,
      74,
      79,
      94
    ],
    [
      65,
      236,
      78,
      247
    ],
    [
      72,
      464,
      78,
      471
    ],
    [
      68,
      484,
      77,
      507
    ],
    [
      66,
      394,
      84,
      410
    ],
    [
      67,
      407,
      81,
      414
    ],
    [
      69,
      56,
      79,
      67
    ],
    [
      67,
      441,
      84,
      448
    ],
    [
      74,
      62,
      83,
      77
    ],
    [
      76,
      126,
      84,
      139
    ],
    [
      76,
      342,
      82,
      353
    ],
    [
      77,
      417,
      83,
      431
    ],
    [
      77,
      423,
      82,
      432
    ],
    [
      65,
      447,
      83,
      461
    ],
    [
      77,
      492,
      84,
      505
    ],
    [
      77,
      143,
      88,
      153
    ],
    [
      72,
      244,
      84,
      256
    ],
    [
      77,
      364,
      83,
      385
    ],
    [
      80,
      380,
      92,
      389
    ],
    [
      79,
      403,
      91,
      429
    ],
    [
      73,
      458,
      84,
      468
    ],
    [
      77,
      136,
      89,
      145
    ],
    [
      80,
      125,
      83,
      132
    ],
    [
      77,
      174,
      86,
      183
    ],
    [
      69,
      203,
      92,
      217
    ],
    [
      81,
      254,
      99,
      273
    ],
    [
      80,
      256,
      92,
      272
    ],
    [
      76,
      269,
      90,
      288
    ],
    [
      80,
      362,
      87,
      373
    ],
    [
      78,
      429,
      86,
      441
    ],
    [
      79,
      167,
      94,
      178
    ],
    [
      81,
      344,
      86,
      353
    ],
    [
      73,
      17,
      88,
      39
    ],
    [
      81,
      114,
      95,
      136
    ],
    [
      78,
      193,
      89,
      205
    ],
    [
      82,
      353,
      96,
      368
    ],
    [
      76,
      467,
      91,
      481
    ],
    [
      80,
      328,
      90,
      337
    ],
    [
      83,
      447,
      88,
      457
    ],
    [
      84,
      31,
      90,
      39
    ],
    [
      82,
      189,
      90,
      197
    ],
    [
      83,
      372,
      93,
      381
    ],
    [
      83,
      457,
      89,
      464
    ],
    [
      85,
      0,
      110,
      14
    ],
    [
      84,
      134,
      91,
      139
    ],
    [
      84,
      142,
      99,
      155
    ],
    [
      84,
      388,
      93,
      404
    ],
    [
      85,
      15,
      92,
      22
    ],
    [
      85,
      343,
      99,
      360
    ],
    [
      81,
      459,
      100,
      479
    ],
    [
      86,
      401,
      92,
      409
    ],
    [
      82,
      435,
      93,
      445
    ],
    [
      84,
      212,
      97,
      225
    ],
    [
      86,
      268,
      95,
      276
    ],
    [
      85,
      294,
      102,
      307
    ],
    [
      85,
      363,
      96,
      372
    ],
    [
      86,
      412,
      101,
      426
    ],
    [
      85,
      0,
      99,
      6
    ],
    [
      85,
      191,
      94,
      204
    ],
    [
      89,
      203,
      94,
      213
    ],
    [
      86,
      284,
      100,
      291
    ],
    [
      84,
      335,
      96,
      346
    ],
    [
      87,
      504,
      94,
      512
    ],
    [
      86,
      41,
      96,
      63
    ],
    [
      89,
      174,
      96,
      182
    ],
    [
      86,
      326,
      105,
      335
    ],
    [
      86,
      14,
      101,
      22
    ],
    [
      86,
      22,
      100,
      35
    ],
    [
      83,
      33,
      95,
      42
    ],
    [
      92,
      49,
      104,
      64
    ],
    [
      91,
      75,
      96,
      88
    ],
    [
      85,
      218,
      98,
      237
    ],
    [
      91,
      316,
      105,
      327
    ],
    [
      89,
      383,
      99,
      391
    ],
    [
      88,
      304,
      102,
      317
    ],
    [
      83,
      440,
      96,
      462
    ],
    [
      87,
      493,
      102,
      512
    ],
    [
      91,
      131,
      99,
      137
    ],
    [
      93,
      148,
      101,
      156
    ],
    [
      84,
      180,
      105,
      192
    ],
    [
      94,
      7,
      106,
      18
    ],
    [
      93,
      58,
      99,
      64
    ],
    [
      93,
      352,
      102,
      362
    ],
    [
      92,
      121,
      104,
      132
    ],
    [
      94,
      228,
      113,
      247
    ],
    [
      93,
      254,
      102,
      263
    ],
    [
      95,
      15,
      103,
      23
    ],
    [
      95,
      33,
      102,
      41
    ],
    [
      96,
      222,
      104,
      229
    ],
    [
      91,
      373,
      104,
      383
    ],
    [
      87,
      137,
      108,
      148
    ],
    [
      98,
      495,
      112,
      507
    ],
    [
      98,
      120,
      105,
      127
    ],
    [
      97,
      130,
      109,
      139
    ],
    [
      98,
      317,
      103,
      323
    ],
    [
      94,
      33,
      113,
      51
    ],
    [
      98,
      47,
      105,
      54
    ],
    [
      94,
      58,
      112,
      79
    ],
    [
      96,
      211,
      114,
      229
    ],
    [
      89,
      271,
      110,
      287
    ],
    [
      98,
      408,
      105,
      417
    ],
    [
      98,
      308,
      106,
      320
    ],
    [
      99,
      325,
      110,
      333
    ],
    [
      98,
      383,
      108,
      390
    ],
    [
      95,
      333,
      110,
      349
    ],
    [
      97,
      466,
      109,
      483
    ],
    [
      96,
      501,
      114,
      512
    ],
    [
      100,
      176,
      109,
      185
    ],
    [
      102,
      0,
      111,
      12
    ],
    [
      103,
      133,
      110,
      139
    ],
    [
      100,
      240,
      110,
      250
    ],
    [
      102,
      476,
      110,
      484
    ],
    [
      100,
      142,
      113,
      157
    ],
    [
      102,
      149,
      111,
      157
    ],
    [
      105,
      307,
      112,
      318
    ],
    [
      103,
      376,
      111,
      388
    ],
    [
      105,
      434,
      120,
      447
    ],
    [
      106,
      396,
      112,
      404
    ],
    [
      107,
      38,
      114,
      43
    ],
    [
      96,
      355,
      112,
      377
    ],
    [
      98,
      48,
      115,
      64
    ],
    [
      107,
      210,
      114,
      216
    ],
    [
      99,
      340,
      113,
      359
    ],
    [
      107,
      421,
      114,
      430
    ],
    [
      106,
      135,
      116,
      150
    ],
    [
      106,
      329,
      119,
      343
    ],
    [
      107,
      343,
      116,
      360
    ],
    [
      98,
      403,
      116,
      424
    ],
    [
      108,
      63,
      119,
      73
    ],
    [
      111,
      360,
      123,
      377
    ],
    [
      110,
      223,
      119,
      232
    ],
    [
      111,
      446,
      127,
      462
    ],
    [
      107,
      209,
      125,
      217
    ],
    [
      108,
      377,
      127,
      398
    ],
    [
      101,
      125,
      128,
      138
    ],
    [
      111,
      144,
      126,
      159
    ],
    [
      111,
      186,
      124,
      204
    ],
    [
      111,
      214,
      124,
      226
    ],
    [
      109,
      392,
      119,
      403
    ],
    [
      114,
      55,
      122,
      65
    ],
    [
      115,
      137,
      123,
      148
    ],
    [
      104,
      243,
      121,
      256
    ],
    [
      110,
      498,
      127,
      512
    ],
    [
      112,
      89,
      128,
      110
    ],
    [
      114,
      443,
      122,
      452
    ],
    [
      104,
      235,
      126,
      249
    ],
    [
      117,
      279,
      124,
      286
    ],
    [
      117,
      334,
      124,
      339
    ],
    [
      117,
      0,
      133,
      12
    ],
    [
      118,
      8,
      127,
      19
    ],
    [
      119,
      34,
      126,
      42
    ],
    [
      117,
      374,
      127,
      382
    ],
    [
      120,
      60,
      124,
      66
    ],
    [
      120,
      60,
      126,
      76
    ],
    [
      118,
      65,
      125,
      76
    ],
    [
      121,
      314,
      128,
      322
    ],
    [
      121,
      16,
      128,
      25
    ],
    [
      122,
      123,
      132,
      132
    ],
    [
      120,
      166,
      129,
      175
    ],
    [
      112,
      226,
      129,
      243
    ],
    [
      119,
      502,
      127,
      512
    ],
    [
      122,
      172,
      140,
      185
    ],
    [
      122,
      394,
      130,
      404
    ],
    [
      124,
      463,
      131,
      468
    ],
    [
      122,
      134,
      131,
      144
    ],
    [
      123,
      140,
      134,
      153
    ],
    [
      122,
      277,
      133,
      285
    ],
    [
      121,
      487,
      134,
      503
    ],
    [
      123,
      95,
      136,
      112
    ],
    [
      123,
      196,
      138,
      205
    ],
    [
      123,
      343,
      134,
      355
    ],
    [
      127,
      116,
      138,
      131
    ],
    [
      123,
      185,
      132,
      198
    ],
    [
      126,
      254,
      132,
      259
    ],
    [
      125,
      386,
      134,
      400
    ],
    [
      123,
      398,
      138,
      413
    ],
    [
      126,
      503,
      135,
      512
    ],
    [
      122,
      374,
      133,
      387
    ],
    [
      122,
      18,
      137,
      41
    ],
    [
      122,
      160,
      134,
      173
    ],
    [
      119,
      362,
      135,
      378
    ],
    [
      130,
      386,
      134,
      391
    ],
    [
      130,
      75,
      138,
      91
    ],
    [
      124,
      129,
      142,
      140
    ],
    [
      119,
      324,
      143,
      338
    ],
    [
      128,
      340,
      136,
      348
    ],
    [
      125,
      474,
      138,
      485
    ],
    [
      130,
      0,
      138,
      10
    ],
    [
      130,
      159,
      141,
      172
    ],
    [
      128,
      254,
      139,
      270
    ],
    [
      125,
      309,
      147,
      325
    ],
    [
      131,
      494,
      141,
      505
    ],
    [
      126,
      57,
      144,
      75
    ],
    [
      131,
      95,
      137,
      101
    ],
    [
      130,
      184,
      141,
      201
    ],
    [
      129,
      373,
      138,
      389
    ],
    [
      127,
      242,
      139,
      256
    ],
    [
      132,
      296,
      145,
      307
    ],
    [
      131,
      362,
      140,
      375
    ],
    [
      132,
      424,
      139,
      436
    ],
    [
      125,
      103,
      143,
      121
    ],
    [
      131,
      274,
      142,
      283
    ],
    [
      132,
      485,
      148,
      497
    ],
    [
      133,
      20,
      143,
      30
    ],
    [
      134,
      128,
      143,
      135
    ],
    [
      134,
      183,
      141,
      192
    ],
    [
      131,
      330,
      144,
      343
    ],
    [
      124,
      450,
      144,
      465
    ],
    [
      133,
      505,
      142,
      512
    ],
    [
      136,
      32,
      143,
      38
    ],
    [
      136,
      74,
      142,
      80
    ],
    [
      132,
      388,
      147,
      400
    ],
    [
      135,
      477,
      146,
      487
    ],
    [
      134,
      120,
      145,
      129
    ],
    [
      135,
      231,
      149,
      256
    ],
    [
      135,
      253,
      151,
      273
    ],
    [
      137,
      36,
      146,
      54
    ],
    [
      135,
      62,
      144,
      72
    ],
    [
      135,
      169,
      156,
      181
    ],
    [
      128,
      199,
      145,
      207
    ],
    [
      137,
      153,
      148,
      165
    ],
    [
      134,
      428,
      152,
      450
    ],
    [
      140,
      437,
      149,
      455
    ],
    [
      139,
      47,
      147,
      55
    ],
    [
      140,
      291,
      148,
      299
    ],
    [
      134,
      334,
      152,
      351
    ],
    [
      137,
      495,
      146,
      512
    ],
    [
      131,
      94,
      152,
      110
    ],
    [
      139,
      167,
      147,
      171
    ],
    [
      140,
      319,
      150,
      327
    ],
    [
      131,
      399,
      149,
      420
    ],
    [
      140,
      108,
      156,
      123
    ],
    [
      139,
      0,
      156,
      16
    ],
    [
      142,
      122,
      151,
      141
    ],
    [
      138,
      270,
      153,
      280
    ],
    [
      142,
      475,
      153,
      486
    ],
    [
      142,
      493,
      150,
      501
    ],
    [
      145,
      252,
      150,
      257
    ],
    [
      141,
      325,
      153,
      338
    ],
    [
      145,
      460,
      152,
      468
    ],
    [
      143,
      500,
      154,
      512
    ],
    [
      146,
      380,
      157,
      398
    ],
    [
      145,
      37,
      158,
      54
    ],
    [
      143,
      142,
      153,
      155
    ],
    [
      136,
      178,
      156,
      194
    ],
    [
      147,
      232,
      154,
      244
    ],
    [
      144,
      277,
      155,
      298
    ],
    [
      142,
      391,
      154,
      403
    ],
    [
      145,
      449,
      153,
      458
    ],
    [
      147,
      474,
      153,
      480
    ],
    [
      138,
      63,
      158,
      78
    ],
    [
      147,
      80,
      155,
      88
    ],
    [
      146,
      229,
      154,
      240
    ],
    [
      147,
      331,
      154,
      338
    ],
    [
      148,
      506,
      155,
      512
    ],
    [
      149,
      130,
      157,
      135
    ],
    [
      148,
      135,
      157,
      144
    ],
    [
      147,
      337,
      158,
      344
    ],
    [
      150,
      493,
      154,
      500
    ],
    [
      149,
      72,
      158,
      85
    ],
    [
      150,
      124,
      158,
      131
    ],
    [
      149,
      343,
      159,
      350
    ],
    [
      147,
      430,
      164,
      450
    ],
    [
      144,
      305,
      165,
      324
    ],
    [
      148,
      361,
      160,
      379
    ],
    [
      152,
      110,
      159,
      117
    ],
    [
      151,
      138,
      161,
      155
    ],
    [
      151,
      417,
      165,
      430
    ],
    [
      153,
      11,
      160,
      18
    ],
    [
      152,
      31,
      167,
      43
    ],
    [
      152,
      169,
      166,
      180
    ],
    [
      146,
      447,
      167,
      459
    ],
    [
      147,
      458,
      161,
      469
    ],
    [
      153,
      463,
      160,
      469
    ],
    [
      155,
      206,
      170,
      228
    ],
    [
      150,
      262,
      168,
      280
    ],
    [
      154,
      0,
      172,
      15
    ],
    [
      148,
      97,
      165,
      115
    ],
    [
      152,
      329,
      160,
      337
    ],
    [
      156,
      123,
      163,
      130
    ],
    [
      154,
      491,
      163,
      500
    ],
    [
      153,
      13,
      165,
      27
    ],
    [
      157,
      204,
      165,
      213
    ],
    [
      158,
      428,
      169,
      436
    ],
    [
      151,
      499,
      171,
      512
    ],
    [
      157,
      417,
      169,
      425
    ],
    [
      159,
      224,
      167,
      233
    ],
    [
      155,
      331,
      165,
      342
    ],
    [
      152,
      106,
      173,
      116
    ],
    [
      156,
      401,
      177,
      420
    ],
    [
      160,
      435,
      177,
      451
    ],
    [
      151,
      113,
      168,
      124
    ],
    [
      162,
      123,
      168,
      129
    ],
    [
      160,
      167,
      169,
      175
    ],
    [
      162,
      236,
      178,
      243
    ],
    [
      156,
      384,
      174,
      402
    ],
    [
      162,
      185,
      170,
      192
    ],
    [
      162,
      419,
      169,
      425
    ],
    [
      162,
      258,
      170,
      270
    ],
    [
      163,
      311,
      171,
      318
    ],
    [
      157,
      490,
      178,
      505
    ],
    [
      164,
      57,
      172,
      67
    ],
    [
      164,
      244,
      175,
      266
    ],
    [
      166,
      434,
      171,
      439
    ],
    [
      166,
      0,
      174,
      8
    ],
    [
      168,
      112,
      173,
      118
    ],
    [
      167,
      138,
      183,
      153
    ],
    [
      160,
      169,
      182,
      186
    ],
    [
      162,
      400,
      178,
      410
    ],
    [
      164,
      272,
      180,
      281
    ],
    [
      168,
      345,
      176,
      353
    ],
    [
      166,
      434,
      177,
      447
    ],
    [
      163,
      124,
      181,
      139
    ],
    [
      164,
      211,
      178,
      231
    ],
    [
      170,
      358,
      179,
      375
    ],
    [
      169,
      45,
      177,
      53
    ],
    [
      163,
      186,
      177,
      198
    ],
    [
      171,
      443,
      176,
      446
    ],
    [
      169,
      489,
      178,
      501
    ],
    [
      164,
      15,
      177,
      37
    ],
    [
      168,
      244,
      181,
      251
    ],
    [
      166,
      264,
      177,
      275
    ],
    [
      162,
      394,
      177,
      401
    ],
    [
      167,
      432,
      176,
      438
    ],
    [
      166,
      65,
      179,
      84
    ],
    [
      173,
      210,
      179,
      218
    ],
    [
      164,
      226,
      185,
      237
    ],
    [
      164,
      303,
      179,
      317
    ],
    [
      174,
      365,
      179,
      376
    ],
    [
      174,
      490,
      188,
      502
    ],
    [
      164,
      113,
      181,
      131
    ],
    [
      166,
      311,
      183,
      325
    ],
    [
      173,
      437,
      182,
      447
    ],
    [
      169,
      472,
      188,
      493
    ],
    [
      165,
      102,
      184,
      114
    ],
    [
      168,
      241,
      188,
      251
    ],
    [
      176,
      286,
      183,
      292
    ],
    [
      169,
      321,
      186,
      342
    ],
    [
      176,
      344,
      189,
      353
    ],
    [
      177,
      133,
      183,
      140
    ],
    [
      168,
      144,
      183,
      156
    ],
    [
      166,
      379,
      184,
      401
    ],
    [
      174,
      261,
      192,
      276
    ],
    [
      179,
      97,
      195,
      109
    ],
    [
      178,
      177,
      187,
      185
    ],
    [
      171,
      212,
      185,
      226
    ],
    [
      177,
      273,
      191,
      288
    ],
    [
      174,
      335,
      189,
      346
    ],
    [
      178,
      361,
      189,
      367
    ],
    [
      176,
      426,
      193,
      439
    ],
    [
      178,
      457,
      187,
      466
    ],
    [
      181,
      207,
      188,
      214
    ],
    [
      175,
      352,
      191,
      361
    ],
    [
      176,
      366,
      196,
      380
    ],
    [
      180,
      467,
      185,
      472
    ],
    [
      177,
      134,
      191,
      148
    ],
    [
      176,
      402,
      186,
      411
    ],
    [
      174,
      410,
      194,
      422
    ],
    [
      182,
      488,
      188,
      494
    ],
    [
      181,
      164,
      200,
      178
    ],
    [
      183,
      481,
      189,
      495
    ],
    [
      185,
      109,
      199,
      125
    ],
    [
      185,
      214,
      194,
      224
    ],
    [
      185,
      361,
      192,
      366
    ],
    [
      186,
      142,
      191,
      150
    ],
    [
      184,
      146,
      198,
      168
    ],
    [
      181,
      247,
      197,
      259
    ],
    [
      184,
      414,
      208,
      421
    ],
    [
      180,
      458,
      192,
      470
    ],
    [
      181,
      469,
      192,
      476
    ],
    [
      181,
      129,
      199,
      148
    ],
    [
      186,
      190,
      193,
      201
    ],
    [
      184,
      316,
      194,
      326
    ],
    [
      182,
      436,
      198,
      444
    ],
    [
      185,
      317,
      196,
      331
    ],
    [
      185,
      426,
      199,
      432
    ],
    [
      188,
      89,
      201,
      109
    ],
    [
      189,
      121,
      197,
      136
    ],
    [
      177,
      287,
      205,
      299
    ],
    [
      188,
      103,
      197,
      112
    ],
    [
      181,
      329,
      198,
      346
    ],
    [
      193,
      338,
      197,
      345
    ],
    [
      190,
      460,
      201,
      476
    ],
    [
      189,
      270,
      205,
      281
    ],
    [
      189,
      354,
      205,
      369
    ],
    [
      192,
      406,
      199,
      413
    ],
    [
      189,
      427,
      200,
      436
    ],
    [
      190,
      306,
      202,
      319
    ],
    [
      192,
      371,
      201,
      381
    ],
    [
      196,
      191,
      202,
      206
    ],
    [
      189,
      206,
      201,
      220
    ],
    [
      194,
      254,
      206,
      263
    ],
    [
      186,
      420,
      207,
      426
    ],
    [
      190,
      81,
      205,
      100
    ],
    [
      197,
      460,
      202,
      467
    ],
    [
      194,
      161,
      204,
      171
    ],
    [
      192,
      395,
      211,
      409
    ],
    [
      190,
      495,
      206,
      512
    ],
    [
      195,
      120,
      210,
      131
    ],
    [
      196,
      129,
      205,
      137
    ],
    [
      198,
      339,
      205,
      348
    ],
    [
      192,
      407,
      204,
      416
    ],
    [
      197,
      492,
      206,
      501
    ],
    [
      196,
      23,
      206,
      33
    ],
    [
      198,
      58,
      207,
      75
    ],
    [
      198,
      372,
      211,
      382
    ],
    [
      200,
      305,
      207,
      313
    ],
    [
      200,
      187,
      209,
      197
    ],
    [
      201,
      197,
      208,
      201
    ],
    [
      201,
      260,
      209,
      265
    ],
    [
      195,
      316,
      208,
      328
    ],
    [
      195,
      365,
      214,
      376
    ],
    [
      201,
      208,
      214,
      228
    ],
    [
      202,
      391,
      219,
      400
    ],
    [
      201,
      0,
      210,
      7
    ],
    [
      202,
      55,
      211,
      64
    ],
    [
      200,
      67,
      211,
      76
    ],
    [
      203,
      91,
      210,
      101
    ],
    [
      197,
      130,
      214,
      140
    ],
    [
      203,
      410,
      209,
      416
    ],
    [
      203,
      20,
      213,
      38
    ],
    [
      201,
      201,
      211,
      213
    ],
    [
      204,
      292,
      213,
      296
    ],
    [
      205,
      376,
      212,
      383
    ],
    [
      200,
      455,
      213,
      475
    ],
    [
      200,
      342,
      212,
      360
    ],
    [
      205,
      358,
      214,
      367
    ],
    [
      205,
      470,
      212,
      477
    ],
    [
      200,
      502,
      213,
      512
    ],
    [
      198,
      159,
      214,
      169
    ],
    [
      205,
      262,
      215,
      274
    ],
    [
      204,
      403,
      216,
      416
    ],
    [
      207,
      216,
      214,
      221
    ],
    [
      207,
      363,
      215,
      369
    ],
    [
      208,
      135,
      216,
      142
    ],
    [
      207,
      450,
      215,
      458
    ],
    [
      199,
      491,
      221,
      504
    ],
    [
      210,
      67,
      215,
      75
    ],
    [
      208,
      189,
      216,
      208
    ],
    [
      208,
      277,
      223,
      287
    ],
    [
      210,
      335,
      216,
      340
    ],
    [
      209,
      440,
      215,
      449
    ],
    [
      202,
      0,
      227,
      9
    ],
    [
      206,
      117,
      219,
      128
    ],
    [
      205,
      9,
      224,
      21
    ],
    [
      210,
      35,
      218,
      44
    ],
    [
      205,
      53,
      217,
      66
    ],
    [
      206,
      206,
      222,
      225
    ],
    [
      202,
      303,
      224,
      316
    ],
    [
      213,
      18,
      217,
      27
    ],
    [
      204,
      94,
      219,
      111
    ],
    [
      203,
      316,
      225,
      333
    ],
    [
      212,
      352,
      220,
      368
    ],
    [
      209,
      466,
      222,
      479
    ],
    [
      205,
      486,
      220,
      491
    ],
    [
      213,
      116,
      219,
      121
    ],
    [
      215,
      190,
      222,
      207
    ],
    [
      210,
      393,
      220,
      404
    ],
    [
      213,
      440,
      220,
      446
    ],
    [
      214,
      450,
      221,
      458
    ],
    [
      211,
      22,
      220,
      41
    ],
    [
      207,
      40,
      222,
      62
    ],
    [
      215,
      91,
      227,
      107
    ],
    [
      207,
      121,
      223,
      134
    ],
    [
      210,
      330,
      225,
      340
    ],
    [
      207,
      445,
      220,
      450
    ],
    [
      207,
      458,
      221,
      468
    ],
    [
      216,
      184,
      227,
      198
    ],
    [
      216,
      212,
      227,
      229
    ],
    [
      210,
      268,
      223,
      279
    ],
    [
      215,
      402,
      221,
      411
    ],
    [
      217,
      17,
      223,
      26
    ],
    [
      217,
      206,
      224,
      213
    ],
    [
      217,
      256,
      223,
      261
    ],
    [
      217,
      362,
      224,
      369
    ],
    [
      217,
      394,
      224,
      399
    ],
    [
      216,
      427,
      229,
      443
    ],
    [
      214,
      436,
      222,
      441
    ],
    [
      213,
      481,
      225,
      488
    ],
    [
      211,
      497,
      226,
      512
    ],
    [
      215,
      98,
      228,
      115
    ],
    [
      215,
      115,
      225,
      122
    ],
    [
      219,
      180,
      228,
      194
    ],
    [
      208,
      222,
      225,
      236
    ],
    [
      218,
      352,
      225,
      360
    ],
    [
      219,
      328,
      228,
      336
    ],
    [
      207,
      338,
      226,
      353
    ],
    [
      220,
      437,
      225,
      445
    ],
    [
      217,
      471,
      230,
      483
    ],
    [
      211,
      488,
      232,
      499
    ],
    [
      220,
      26,
      234,
      48
    ],
    [
      221,
      127,
      227,
      134
    ],
    [
      214,
      131,
      234,
      145
    ],
    [
      221,
      179,
      227,
      187
    ],
    [
      221,
      271,
      227,
      280
    ],
    [
      220,
      404,
      226,
      411
    ],
    [
      213,
      367,
      228,
      388
    ],
    [
      221,
      450,
      227,
      458
    ],
    [
      220,
      0,
      230,
      6
    ],
    [
      221,
      122,
      230,
      132
    ],
    [
      221,
      307,
      229,
      314
    ],
    [
      217,
      383,
      232,
      397
    ],
    [
      224,
      117,
      229,
      122
    ],
    [
      222,
      482,
      235,
      491
    ],
    [
      223,
      144,
      240,
      155
    ],
    [
      222,
      298,
      235,
      313
    ],
    [
      217,
      391,
      235,
      410
    ],
    [
      224,
      131,
      239,
      141
    ],
    [
      224,
      217,
      233,
      226
    ],
    [
      217,
      247,
      234,
      261
    ],
    [
      225,
      381,
      233,
      391
    ],
    [
      225,
      432,
      231,
      444
    ],
    [
      225,
      495,
      233,
      500
    ],
    [
      224,
      106,
      236,
      122
    ],
    [
      220,
      401,
      237,
      422
    ],
    [
      217,
      457,
      232,
      471
    ],
    [
      222,
      177,
      238,
      195
    ],
    [
      228,
      297,
      236,
      303
    ],
    [
      229,
      327,
      234,
      334
    ],
    [
      227,
      371,
      233,
      383
    ],
    [
      222,
      17,
      237,
      31
    ],
    [
      225,
      227,
      239,
      238
    ],
    [
      223,
      331,
      240,
      347
    ],
    [
      224,
      470,
      239,
      482
    ],
    [
      229,
      43,
      237,
      51
    ],
    [
      231,
      106,
      237,
      113
    ],
    [
      229,
      186,
      241,
      196
    ],
    [
      232,
      262,
      251,
      280
    ],
    [
      221,
      343,
      244,
      357
    ],
    [
      229,
      420,
      238,
      427
    ],
    [
      224,
      7,
      243,
      26
    ],
    [
      230,
      397,
      241,
      410
    ],
    [
      232,
      65,
      239,
      73
    ],
    [
      231,
      352,
      239,
      360
    ],
    [
      230,
      436,
      242,
      451
    ],
    [
      226,
      0,
      242,
      12
    ],
    [
      227,
      159,
      245,
      177
    ],
    [
      231,
      287,
      240,
      293
    ],
    [
      235,
      310,
      245,
      325
    ],
    [
      235,
      405,
      242,
      411
    ],
    [
      232,
      429,
      251,
      442
    ],
    [
      227,
      458,
      241,
      469
    ],
    [
      234,
      473,
      244,
      490
    ],
    [
      229,
      26,
      241,
      39
    ],
    [
      234,
      130,
      242,
      139
    ],
    [
      231,
      194,
      243,
      204
    ],
    [
      225,
      220,
      242,
      230
    ],
    [
      235,
      278,
      253,
      292
    ],
    [
      231,
      47,
      248,
      69
    ],
    [
      234,
      177,
      244,
      193
    ],
    [
      234,
      68,
      249,
      83
    ],
    [
      236,
      327,
      245,
      335
    ],
    [
      235,
      353,
      248,
      366
    ],
    [
      233,
      383,
      243,
      408
    ],
    [
      240,
      23,
      244,
      32
    ],
    [
      238,
      335,
      246,
      339
    ],
    [
      240,
      83,
      252,
      94
    ],
    [
      240,
      158,
      245,
      166
    ],
    [
      239,
      339,
      247,
      347
    ],
    [
      239,
      486,
      248,
      494
    ],
    [
      242,
      169,
      255,
      180
    ],
    [
      234,
      216,
      253,
      229
    ],
    [
      240,
      310,
      248,
      317
    ],
    [
      242,
      359,
      250,
      366
    ],
    [
      242,
      60,
      253,
      71
    ],
    [
      234,
      132,
      249,
      150
    ],
    [
      241,
      190,
      250,
      204
    ],
    [
      239,
      247,
      249,
      260
    ],
    [
      241,
      322,
      256,
      334
    ],
    [
      242,
      436,
      251,
      447
    ],
    [
      242,
      446,
      253,
      453
    ],
    [
      245,
      69,
      252,
      85
    ],
    [
      243,
      159,
      256,
      173
    ],
    [
      246,
      52,
      253,
      59
    ],
    [
      241,
      309,
      259,
      326
    ],
    [
      235,
      415,
      254,
      430
    ],
    [
      242,
      14,
      259,
      24
    ],
    [
      244,
      23,
      258,
      34
    ],
    [
      246,
      78,
      254,
      85
    ],
    [
      248,
      225,
      255,
      232
    ],
    [
      245,
      329,
      261,
      345
    ],
    [
      250,
      168,
      257,
      174
    ],
    [
      248,
      432,
      257,
      440
    ],
    [
      246,
      38,
      258,
      54
    ],
    [
      248,
      230,
      257,
      242
    ],
    [
      250,
      268,
      259,
      273
    ],
    [
      251,
      337,
      263,
      354
    ],
    [
      251,
      440,
      257,
      444
    ],
    [
      247,
      444,
      257,
      450
    ],
    [
      251,
      89,
      264,
      115
    ],
    [
      251,
      285,
      258,
      295
    ],
    [
      244,
      355,
      258,
      364
    ],
    [
      252,
      0,
      260,
      7
    ],
    [
      245,
      29,
      261,
      39
    ],
    [
      250,
      67,
      260,
      79
    ],
    [
      247,
      79,
      262,
      92
    ],
    [
      251,
      277,
      265,
      290
    ],
    [
      252,
      309,
      266,
      321
    ],
    [
      254,
      34,
      261,
      47
    ],
    [
      254,
      66,
      261,
      74
    ],
    [
      254,
      109,
      269,
      125
    ],
    [
      242,
      299,
      265,
      309
    ],
    [
      252,
      454,
      261,
      466
    ],
    [
      257,
      140,
      262,
      145
    ],
    [
      256,
      481,
      263,
      498
    ],
    [
      248,
      53,
      266,
      71
    ],
    [
      255,
      240,
      267,
      256
    ],
    [
      253,
      264,
      264,
      272
    ],
    [
      255,
      466,
      271,
      476
    ],
    [
      258,
      187,
      266,
      194
    ],
    [
      252,
      317,
      271,
      331
    ],
    [
      259,
      453,
      264,
      459
    ],
    [
      259,
      12,
      270,
      23
    ],
    [
      255,
      35,
      266,
      55
    ],
    [
      261,
      230,
      272,
      243
    ],
    [
      256,
      284,
      274,
      306
    ],
    [
      259,
      331,
      267,
      336
    ],
    [
      260,
      336,
      267,
      344
    ],
    [
      256,
      453,
      266,
      467
    ],
    [
      259,
      191,
      268,
      201
    ],
    [
      258,
      200,
      277,
      213
    ],
    [
      260,
      311,
      270,
      321
    ],
    [
      256,
      347,
      274,
      366
    ],
    [
      261,
      361,
      266,
      367
    ],
    [
      258,
      85,
      275,
      108
    ],
    [
      260,
      103,
      278,
      125
    ],
    [
      263,
      365,
      268,
      381
    ],
    [
      261,
      481,
      270,
      494
    ],
    [
      264,
      0,
      270,
      7
    ],
    [
      265,
      9,
      271,
      16
    ],
    [
      264,
      120,
      272,
      125
    ],
    [
      265,
      406,
      270,
      412
    ],
    [
      256,
      22,
      273,
      40
    ],
    [
      266,
      34,
      279,
      44
    ],
    [
      255,
      166,
      272,
      179
    ],
    [
      266,
      451,
      278,
      466
    ],
    [
      264,
      197,
      272,
      204
    ],
    [
      266,
      395,
      273,
      404
    ],
    [
      261,
      474,
      275,
      485
    ],
    [
      247,
      501,
      278,
      512
    ],
    [
      266,
      14,
      273,
      27
    ],
    [
      265,
      484,
      272,
      496
    ],
    [
      263,
      185,
      274,
      197
    ],
    [
      260,
      263,
      276,
      282
    ],
    [
      263,
      462,
      278,
      470
    ],
    [
      257,
      493,
      279,
      505
    ],
    [
      269,
      233,
      276,
      245
    ],
    [
      267,
      238,
      276,
      253
    ],
    [
      261,
      257,
      277,
      266
    ],
    [
      269,
      469,
      277,
      477
    ],
    [
      267,
      373,
      277,
      383
    ],
    [
      270,
      23,
      277,
      33
    ],
    [
      271,
      197,
      277,
      204
    ],
    [
      264,
      298,
      283,
      319
    ],
    [
      267,
      318,
      280,
      336
    ],
    [
      266,
      0,
      280,
      14
    ],
    [
      272,
      33,
      278,
      38
    ],
    [
      273,
      103,
      279,
      112
    ],
    [
      271,
      352,
      278,
      359
    ],
    [
      272,
      417,
      278,
      424
    ],
    [
      270,
      439,
      277,
      455
    ],
    [
      268,
      471,
      281,
      495
    ],
    [
      274,
      307,
      285,
      321
    ],
    [
      272,
      450,
      287,
      465
    ],
    [
      275,
      235,
      286,
      253
    ],
    [
      274,
      318,
      280,
      329
    ],
    [
      274,
      332,
      282,
      339
    ],
    [
      272,
      10,
      287,
      35
    ],
    [
      275,
      269,
      283,
      275
    ],
    [
      275,
      388,
      287,
      408
    ],
    [
      273,
      133,
      293,
      147
    ],
    [
      271,
      225,
      284,
      236
    ],
    [
      278,
      35,
      286,
      48
    ],
    [
      279,
      238,
      286,
      250
    ],
    [
      278,
      320,
      286,
      337
    ],
    [
      278,
      116,
      286,
      126
    ],
    [
      277,
      464,
      290,
      483
    ],
    [
      276,
      107,
      284,
      119
    ],
    [
      276,
      269,
      295,
      285
    ],
    [
      276,
      368,
      289,
      394
    ],
    [
      280,
      460,
      288,
      467
    ],
    [
      279,
      144,
      293,
      166
    ],
    [
      284,
      278,
      287,
      286
    ],
    [
      280,
      299,
      289,
      306
    ],
    [
      282,
      387,
      288,
      392
    ],
    [
      270,
      281,
      296,
      296
    ],
    [
      280,
      335,
      293,
      356
    ],
    [
      280,
      408,
      294,
      425
    ],
    [
      281,
      71,
      291,
      83
    ],
    [
      281,
      227,
      289,
      235
    ],
    [
      283,
      354,
      299,
      362
    ],
    [
      284,
      175,
      292,
      187
    ],
    [
      283,
      428,
      293,
      436
    ],
    [
      286,
      9,
      302,
      17
    ],
    [
      288,
      155,
      304,
      171
    ],
    [
      285,
      185,
      308,
      197
    ],
    [
      281,
      230,
      298,
      251
    ],
    [
      284,
      388,
      294,
      408
    ],
    [
      283,
      476,
      295,
      489
    ],
    [
      287,
      16,
      292,
      20
    ],
    [
      287,
      17,
      300,
      28
    ],
    [
      285,
      448,
      294,
      452
    ],
    [
      288,
      97,
      300,
      115
    ],
    [
      288,
      142,
      295,
      149
    ],
    [
      285,
      349,
      296,
      356
    ],
    [
      282,
      453,
      301,
      466
    ],
    [
      291,
      74,
      297,
      81
    ],
    [
      289,
      108,
      297,
      117
    ],
    [
      289,
      481,
      297,
      490
    ],
    [
      283,
      58,
      304,
      75
    ],
    [
      289,
      405,
      297,
      413
    ],
    [
      287,
      410,
      299,
      432
    ],
    [
      287,
      81,
      300,
      97
    ],
    [
      291,
      169,
      302,
      182
    ],
    [
      289,
      274,
      301,
      287
    ],
    [
      292,
      306,
      302,
      316
    ],
    [
      289,
      43,
      302,
      55
    ],
    [
      291,
      258,
      299,
      268
    ],
    [
      286,
      431,
      300,
      447
    ],
    [
      294,
      43,
      300,
      50
    ],
    [
      288,
      53,
      300,
      61
    ],
    [
      292,
      176,
      308,
      187
    ],
    [
      295,
      199,
      301,
      205
    ],
    [
      293,
      206,
      311,
      220
    ],
    [
      294,
      300,
      300,
      307
    ],
    [
      286,
      447,
      301,
      456
    ],
    [
      285,
      370,
      301,
      383
    ],
    [
      295,
      15,
      303,
      21
    ],
    [
      295,
      73,
      303,
      81
    ],
    [
      294,
      192,
      303,
      199
    ],
    [
      295,
      318,
      305,
      326
    ],
    [
      295,
      96,
      303,
      103
    ],
    [
      294,
      213,
      310,
      236
    ],
    [
      294,
      495,
      306,
      512
    ],
    [
      296,
      324,
      305,
      337
    ],
    [
      297,
      430,
      307,
      442
    ],
    [
      300,
      44,
      304,
      50
    ],
    [
      299,
      55,
      305,
      61
    ],
    [
      296,
      164,
      306,
      173
    ],
    [
      289,
      23,
      309,
      40
    ],
    [
      300,
      261,
      320,
      271
    ],
    [
      292,
      283,
      306,
      294
    ],
    [
      298,
      370,
      309,
      389
    ],
    [
      296,
      439,
      310,
      453
    ],
    [
      295,
      461,
      308,
      472
    ],
    [
      296,
      478,
      308,
      490
    ],
    [
      300,
      488,
      306,
      494
    ],
    [
      300,
      494,
      307,
      502
    ],
    [
      302,
      34,
      309,
      42
    ],
    [
      298,
      106,
      309,
      121
    ],
    [
      295,
      188,
      312,
      196
    ],
    [
      302,
      250,
      320,
      265
    ],
    [
      300,
      355,
      309,
      363
    ],
    [
      293,
      34,
      311,
      46
    ],
    [
      302,
      323,
      309,
      328
    ],
    [
      302,
      362,
      310,
      370
    ],
    [
      296,
      97,
      309,
      105
    ],
    [
      302,
      327,
      314,
      339
    ],
    [
      300,
      46,
      316,
      60
    ],
    [
      305,
      148,
      314,
      158
    ],
    [
      299,
      196,
      312,
      206
    ],
    [
      294,
      270,
      317,
      282
    ],
    [
      303,
      367,
      311,
      375
    ],
    [
      306,
      195,
      326,
      212
    ],
    [
      300,
      452,
      315,
      464
    ],
    [
      306,
      74,
      315,
      81
    ],
    [
      309,
      148,
      314,
      152
    ],
    [
      308,
      214,
      313,
      219
    ],
    [
      307,
      134,
      326,
      149
    ],
    [
      300,
      278,
      320,
      297
    ],
    [
      303,
      294,
      319,
      312
    ],
    [
      308,
      47,
      318,
      58
    ],
    [
      304,
      97,
      321,
      105
    ],
    [
      310,
      175,
      316,
      181
    ],
    [
      309,
      355,
      318,
      370
    ],
    [
      308,
      438,
      315,
      444
    ],
    [
      310,
      83,
      318,
      91
    ],
    [
      299,
      155,
      325,
      166
    ],
    [
      307,
      379,
      321,
      392
    ],
    [
      311,
      247,
      319,
      255
    ],
    [
      311,
      431,
      319,
      443
    ],
    [
      306,
      486,
      324,
      501
    ],
    [
      308,
      208,
      325,
      220
    ],
    [
      309,
      217,
      321,
      229
    ],
    [
      312,
      387,
      325,
      401
    ],
    [
      304,
      461,
      320,
      477
    ],
    [
      308,
      179,
      321,
      195
    ],
    [
      314,
      230,
      320,
      240
    ],
    [
      313,
      328,
      322,
      337
    ],
    [
      314,
      336,
      319,
      348
    ],
    [
      308,
      416,
      328,
      435
    ],
    [
      314,
      449,
      318,
      454
    ],
    [
      313,
      454,
      319,
      460
    ],
    [
      315,
      12,
      327,
      27
    ],
    [
      314,
      21,
      321,
      29
    ],
    [
      312,
      76,
      319,
      84
    ],
    [
      313,
      186,
      324,
      201
    ],
    [
      314,
      262,
      323,
      270
    ],
    [
      310,
      405,
      337,
      419
    ],
    [
      314,
      32,
      322,
      39
    ],
    [
      315,
      98,
      322,
      106
    ],
    [
      312,
      147,
      324,
      159
    ],
    [
      315,
      174,
      321,
      181
    ],
    [
      314,
      224,
      323,
      232
    ],
    [
      315,
      322,
      323,
      330
    ],
    [
      318,
      283,
      333,
      296
    ],
    [
      316,
      360,
      325,
      369
    ],
    [
      315,
      488,
      328,
      501
    ],
    [
      317,
      499,
      331,
      512
    ],
    [
      317,
      108,
      326,
      119
    ],
    [
      315,
      249,
      327,
      260
    ],
    [
      317,
      305,
      324,
      312
    ],
    [
      309,
      34,
      325,
      55
    ],
    [
      319,
      301,
      325,
      311
    ],
    [
      319,
      332,
      327,
      347
    ],
    [
      320,
      112,
      327,
      120
    ],
    [
      317,
      205,
      328,
      214
    ],
    [
      318,
      293,
      326,
      301
    ],
    [
      318,
      355,
      327,
      362
    ],
    [
      309,
      433,
      327,
      450
    ],
    [
      319,
      463,
      330,
      472
    ],
    [
      318,
      69,
      327,
      88
    ],
    [
      313,
      81,
      327,
      100
    ],
    [
      320,
      161,
      326,
      166
    ],
    [
      320,
      174,
      327,
      184
    ],
    [
      317,
      214,
      330,
      224
    ],
    [
      322,
      431,
      328,
      436
    ],
    [
      320,
      170,
      329,
      180
    ],
    [
      321,
      181,
      331,
      191
    ],
    [
      318,
      308,
      331,
      326
    ],
    [
      319,
      382,
      329,
      395
    ],
    [
      317,
      0,
      331,
      13
    ],
    [
      323,
      71,
      333,
      84
    ],
    [
      317,
      265,
      329,
      275
    ],
    [
      324,
      273,
      335,
      286
    ],
    [
      323,
      415,
      332,
      424
    ],
    [
      324,
      466,
      331,
      473
    ],
    [
      315,
      18,
      332,
      38
    ],
    [
      321,
      132,
      336,
      155
    ],
    [
      320,
      194,
      330,
      204
    ],
    [
      323,
      223,
      332,
      229
    ],
    [
      316,
      226,
      332,
      242
    ],
    [
      320,
      260,
      331,
      267
    ],
    [
      316,
      100,
      331,
      117
    ],
    [
      324,
      250,
      332,
      258
    ],
    [
      325,
      481,
      333,
      488
    ],
    [
      320,
      323,
      336,
      340
    ],
    [
      320,
      345,
      337,
      362
    ],
    [
      315,
      449,
      337,
      464
    ],
    [
      327,
      178,
      336,
      186
    ],
    [
      326,
      203,
      332,
      212
    ],
    [
      327,
      338,
      337,
      349
    ],
    [
      326,
      487,
      335,
      498
    ],
    [
      327,
      0,
      334,
      6
    ],
    [
      325,
      226,
      334,
      241
    ],
    [
      328,
      282,
      335,
      290
    ],
    [
      323,
      356,
      340,
      373
    ],
    [
      328,
      492,
      336,
      499
    ],
    [
      328,
      167,
      337,
      178
    ],
    [
      327,
      202,
      338,
      227
    ],
    [
      330,
      316,
      335,
      321
    ],
    [
      329,
      69,
      339,
      81
    ],
    [
      324,
      186,
      338,
      203
    ],
    [
      325,
      296,
      347,
      312
    ],
    [
      331,
      448,
      341,
      456
    ],
    [
      327,
      416,
      347,
      435
    ],
    [
      333,
      480,
      338,
      491
    ],
    [
      327,
      6,
      344,
      16
    ],
    [
      325,
      13,
      343,
      29
    ],
    [
      331,
      61,
      338,
      71
    ],
    [
      332,
      174,
      339,
      188
    ],
    [
      328,
      283,
      346,
      302
    ],
    [
      330,
      308,
      339,
      316
    ],
    [
      332,
      407,
      339,
      413
    ],
    [
      328,
      458,
      342,
      471
    ],
    [
      325,
      470,
      341,
      481
    ],
    [
      334,
      0,
      340,
      7
    ],
    [
      333,
      138,
      343,
      151
    ],
    [
      333,
      148,
      340,
      155
    ],
    [
      333,
      200,
      340,
      209
    ],
    [
      329,
      321,
      345,
      333
    ],
    [
      330,
      376,
      344,
      397
    ],
    [
      334,
      212,
      349,
      219
    ],
    [
      337,
      92,
      342,
      99
    ],
    [
      334,
      330,
      345,
      337
    ],
    [
      336,
      334,
      343,
      341
    ],
    [
      335,
      341,
      343,
      351
    ],
    [
      336,
      456,
      343,
      464
    ],
    [
      330,
      118,
      344,
      131
    ],
    [
      337,
      218,
      345,
      226
    ],
    [
      336,
      351,
      344,
      361
    ],
    [
      337,
      357,
      343,
      364
    ],
    [
      337,
      480,
      343,
      486
    ],
    [
      339,
      11,
      346,
      19
    ],
    [
      334,
      130,
      346,
      138
    ],
    [
      339,
      172,
      346,
      186
    ],
    [
      334,
      201,
      350,
      214
    ],
    [
      338,
      324,
      346,
      332
    ],
    [
      335,
      138,
      347,
      147
    ],
    [
      340,
      148,
      345,
      155
    ],
    [
      339,
      249,
      346,
      256
    ],
    [
      340,
      0,
      353,
      12
    ],
    [
      336,
      21,
      346,
      28
    ],
    [
      339,
      270,
      348,
      280
    ],
    [
      333,
      102,
      347,
      120
    ],
    [
      338,
      165,
      348,
      177
    ],
    [
      341,
      240,
      351,
      253
    ],
    [
      343,
      342,
      348,
      349
    ],
    [
      338,
      460,
      352,
      486
    ],
    [
      339,
      107,
      353,
      118
    ],
    [
      339,
      118,
      349,
      130
    ],
    [
      343,
      161,
      349,
      168
    ],
    [
      342,
      295,
      349,
      304
    ],
    [
      344,
      369,
      353,
      388
    ],
    [
      336,
      438,
      351,
      460
    ],
    [
      343,
      79,
      353,
      101
    ],
    [
      343,
      210,
      350,
      214
    ],
    [
      340,
      222,
      354,
      240
    ],
    [
      343,
      349,
      354,
      361
    ],
    [
      345,
      376,
      351,
      387
    ],
    [
      343,
      139,
      352,
      152
    ],
    [
      343,
      152,
      352,
      167
    ],
    [
      345,
      326,
      350,
      332
    ],
    [
      342,
      332,
      353,
      343
    ],
    [
      347,
      151,
      352,
      156
    ],
    [
      346,
      13,
      352,
      18
    ],
    [
      342,
      19,
      355,
      30
    ],
    [
      347,
      485,
      360,
      507
    ],
    [
      347,
      67,
      353,
      79
    ],
    [
      347,
      344,
      355,
      350
    ],
    [
      340,
      360,
      359,
      377
    ],
    [
      346,
      436,
      354,
      443
    ],
    [
      345,
      446,
      354,
      455
    ],
    [
      347,
      118,
      356,
      128
    ],
    [
      344,
      127,
      355,
      137
    ],
    [
      345,
      377,
      360,
      393
    ],
    [
      349,
      402,
      365,
      424
    ],
    [
      348,
      75,
      356,
      82
    ],
    [
      349,
      358,
      356,
      362
    ],
    [
      348,
      476,
      357,
      494
    ],
    [
      348,
      209,
      360,
      220
    ],
    [
      345,
      217,
      360,
      232
    ],
    [
      341,
      261,
      363,
      276
    ],
    [
      351,
      466,
      357,
      474
    ],
    [
      345,
      8,
      363,
      21
    ],
    [
      345,
      56,
      359,
      65
    ],
    [
      350,
      79,
      358,
      92
    ],
    [
      347,
      138,
      362,
      156
    ],
    [
      350,
      254,
      368,
      266
    ],
    [
      349,
      318,
      360,
      332
    ],
    [
      350,
      328,
      362,
      341
    ],
    [
      352,
      400,
      359,
      409
    ],
    [
      353,
      437,
      361,
      443
    ],
    [
      349,
      443,
      361,
      455
    ],
    [
      345,
      164,
      365,
      177
    ],
    [
      354,
      174,
      359,
      186
    ],
    [
      348,
      197,
      360,
      212
    ],
    [
      353,
      318,
      361,
      325
    ],
    [
      352,
      392,
      363,
      402
    ],
    [
      350,
      153,
      366,
      167
    ],
    [
      345,
      290,
      368,
      302
    ],
    [
      354,
      375,
      361,
      383
    ],
    [
      355,
      186,
      362,
      195
    ],
    [
      348,
      336,
      366,
      351
    ],
    [
      352,
      88,
      364,
      104
    ],
    [
      356,
      215,
      363,
      222
    ],
    [
      353,
      0,
      366,
      12
    ],
    [
      356,
      193,
      364,
      202
    ],
    [
      351,
      306,
      373,
      318
    ],
    [
      357,
      498,
      364,
      505
    ],
    [
      353,
      117,
      374,
      131
    ],
    [
      360,
      239,
      369,
      257
    ],
    [
      351,
      345,
      365,
      359
    ],
    [
      357,
      480,
      375,
      494
    ],
    [
      359,
      166,
      370,
      172
    ],
    [
      358,
      196,
      368,
      217
    ],
    [
      357,
      315,
      373,
      333
    ],
    [
      360,
      38,
      368,
      45
    ],
    [
      360,
      98,
      375,
      108
    ],
    [
      360,
      227,
      368,
      235
    ],
    [
      360,
      333,
      369,
      341
    ],
    [
      358,
      390,
      368,
      396
    ],
    [
      363,
      26,
      375,
      36
    ],
    [
      362,
      63,
      378,
      86
    ],
    [
      359,
      502,
      371,
      512
    ],
    [
      364,
      61,
      370,
      68
    ],
    [
      358,
      78,
      379,
      94
    ],
    [
      357,
      217,
      378,
      228
    ],
    [
      364,
      244,
      369,
      248
    ],
    [
      363,
      251,
      371,
      259
    ],
    [
      358,
      491,
      370,
      509
    ],
    [
      360,
      183,
      372,
      199
    ],
    [
      364,
      416,
      372,
      424
    ],
    [
      365,
      204,
      376,
      217
    ],
    [
      365,
      406,
      376,
      412
    ],
    [
      365,
      412,
      371,
      416
    ],
    [
      361,
      222,
      376,
      234
    ],
    [
      366,
      313,
      374,
      321
    ],
    [
      362,
      382,
      373,
      394
    ],
    [
      361,
      145,
      376,
      155
    ],
    [
      368,
      198,
      380,
      204
    ],
    [
      367,
      241,
      374,
      249
    ],
    [
      361,
      32,
      382,
      45
    ],
    [
      370,
      115,
      375,
      121
    ],
    [
      366,
      181,
      389,
      198
    ],
    [
      370,
      405,
      375,
      411
    ],
    [
      369,
      476,
      388,
      488
    ],
    [
      369,
      491,
      377,
      499
    ],
    [
      370,
      499,
      377,
      504
    ],
    [
      370,
      503,
      377,
      512
    ],
    [
      366,
      0,
      380,
      12
    ],
    [
      371,
      131,
      379,
      143
    ],
    [
      364,
      152,
      376,
      160
    ],
    [
      370,
      252,
      376,
      259
    ],
    [
      366,
      166,
      376,
      175
    ],
    [
      373,
      195,
      384,
      201
    ],
    [
      371,
      219,
      378,
      225
    ],
    [
      371,
      381,
      377,
      389
    ],
    [
      372,
      100,
      379,
      106
    ],
    [
      371,
      228,
      381,
      240
    ],
    [
      372,
      70,
      382,
      78
    ],
    [
      373,
      78,
      380,
      87
    ],
    [
      368,
      237,
      382,
      253
    ],
    [
      373,
      382,
      380,
      399
    ],
    [
      373,
      450,
      379,
      458
    ],
    [
      374,
      404,
      381,
      412
    ],
    [
      371,
      412,
      380,
      423
    ],
    [
      373,
      27,
      384,
      35
    ],
    [
      364,
      315,
      382,
      337
    ],
    [
      373,
      485,
      384,
      498
    ],
    [
      371,
      109,
      390,
      125
    ],
    [
      376,
      149,
      389,
      166
    ],
    [
      374,
      219,
      386,
      231
    ],
    [
      376,
      252,
      384,
      259
    ],
    [
      375,
      349,
      385,
      363
    ],
    [
      374,
      124,
      384,
      140
    ],
    [
      376,
      162,
      390,
      182
    ],
    [
      377,
      39,
      386,
      47
    ],
    [
      373,
      101,
      387,
      114
    ],
    [
      374,
      137,
      389,
      150
    ],
    [
      379,
      378,
      388,
      398
    ],
    [
      379,
      449,
      386,
      459
    ],
    [
      375,
      4,
      388,
      31
    ],
    [
      377,
      254,
      387,
      268
    ],
    [
      379,
      325,
      391,
      339
    ],
    [
      382,
      463,
      386,
      477
    ],
    [
      376,
      504,
      386,
      512
    ],
    [
      379,
      233,
      394,
      255
    ],
    [
      380,
      265,
      391,
      283
    ],
    [
      379,
      441,
      395,
      454
    ],
    [
      380,
      482,
      389,
      490
    ],
    [
      377,
      64,
      395,
      73
    ],
    [
      383,
      135,
      391,
      145
    ],
    [
      383,
      377,
      388,
      385
    ],
    [
      384,
      464,
      398,
      478
    ],
    [
      382,
      0,
      392,
      8
    ],
    [
      383,
      7,
      390,
      17
    ],
    [
      380,
      72,
      398,
      89
    ],
    [
      377,
      84,
      398,
      94
    ],
    [
      374,
      94,
      392,
      101
    ],
    [
      383,
      162,
      390,
      168
    ],
    [
      384,
      392,
      397,
      404
    ],
    [
      376,
      30,
      392,
      48
    ],
    [
      385,
      275,
      392,
      282
    ],
    [
      384,
      497,
      396,
      512
    ],
    [
      381,
      221,
      396,
      233
    ],
    [
      381,
      444,
      398,
      465
    ],
    [
      385,
      117,
      395,
      126
    ],
    [
      384,
      124,
      393,
      142
    ],
    [
      386,
      203,
      401,
      224
    ],
    [
      385,
      181,
      394,
      189
    ],
    [
      385,
      252,
      395,
      273
    ],
    [
      385,
      317,
      397,
      332
    ],
    [
      388,
      376,
      392,
      383
    ],
    [
      383,
      142,
      399,
      164
    ],
    [
      382,
      186,
      406,
      201
    ],
    [
      387,
      401,
      405,
      417
    ],
    [
      386,
      175,
      397,
      188
    ],
    [
      388,
      235,
      400,
      246
    ],
    [
      387,
      281,
      402,
      289
    ],
    [
      387,
      382,
      397,
      389
    ],
    [
      384,
      387,
      399,
      392
    ],
    [
      390,
      0,
      403,
      14
    ],
    [
      388,
      13,
      398,
      35
    ],
    [
      389,
      202,
      396,
      207
    ],
    [
      390,
      247,
      397,
      254
    ],
    [
      392,
      276,
      396,
      282
    ],
    [
      389,
      422,
      397,
      431
    ],
    [
      391,
      301,
      408,
      318
    ],
    [
      391,
      28,
      400,
      38
    ],
    [
      392,
      38,
      399,
      43
    ],
    [
      392,
      41,
      400,
      50
    ],
    [
      384,
      162,
      403,
      177
    ],
    [
      392,
      311,
      398,
      321
    ],
    [
      390,
      72,
      404,
      76
    ],
    [
      392,
      376,
      399,
      383
    ],
    [
      392,
      396,
      400,
      405
    ],
    [
      389,
      414,
      405,
      431
    ],
    [
      395,
      82,
      402,
      89
    ],
    [
      389,
      116,
      409,
      124
    ],
    [
      392,
      138,
      401,
      145
    ],
    [
      397,
      162,
      404,
      169
    ],
    [
      393,
      245,
      401,
      253
    ],
    [
      391,
      287,
      409,
      304
    ],
    [
      396,
      275,
      404,
      284
    ],
    [
      393,
      373,
      406,
      382
    ],
    [
      397,
      464,
      407,
      479
    ],
    [
      399,
      0,
      405,
      8
    ],
    [
      395,
      17,
      405,
      35
    ],
    [
      394,
      379,
      404,
      390
    ],
    [
      393,
      397,
      409,
      411
    ],
    [
      398,
      440,
      405,
      449
    ],
    [
      394,
      389,
      405,
      402
    ],
    [
      398,
      427,
      406,
      440
    ],
    [
      394,
      441,
      408,
      467
    ],
    [
      400,
      210,
      407,
      218
    ],
    [
      401,
      479,
      409,
      495
    ],
    [
      398,
      506,
      410,
      512
    ],
    [
      399,
      29,
      417,
      49
    ],
    [
      400,
      115,
      408,
      120
    ],
    [
      396,
      171,
      413,
      190
    ],
    [
      400,
      423,
      407,
      433
    ],
    [
      402,
      472,
      408,
      480
    ],
    [
      395,
      71,
      415,
      88
    ],
    [
      397,
      147,
      412,
      167
    ],
    [
      403,
      191,
      412,
      201
    ],
    [
      401,
      240,
      413,
      252
    ],
    [
      402,
      298,
      411,
      307
    ],
    [
      402,
      105,
      419,
      120
    ],
    [
      401,
      135,
      413,
      144
    ],
    [
      401,
      142,
      413,
      149
    ],
    [
      402,
      377,
      414,
      390
    ],
    [
      405,
      383,
      421,
      394
    ],
    [
      406,
      207,
      413,
      217
    ],
    [
      401,
      270,
      416,
      282
    ],
    [
      403,
      455,
      419,
      476
    ],
    [
      404,
      489,
      413,
      496
    ],
    [
      402,
      0,
      416,
      13
    ],
    [
      408,
      10,
      415,
      17
    ],
    [
      404,
      224,
      415,
      233
    ],
    [
      404,
      340,
      417,
      350
    ],
    [
      402,
      368,
      413,
      377
    ],
    [
      405,
      393,
      420,
      404
    ],
    [
      406,
      439,
      413,
      458
    ],
    [
      401,
      161,
      417,
      178
    ],
    [
      405,
      44,
      419,
      57
    ],
    [
      403,
      53,
      419,
      63
    ],
    [
      409,
      449,
      414,
      457
    ],
    [
      406,
      475,
      420,
      489
    ],
    [
      409,
      156,
      416,
      166
    ],
    [
      405,
      329,
      420,
      345
    ],
    [
      409,
      28,
      418,
      35
    ],
    [
      409,
      145,
      418,
      155
    ],
    [
      404,
      117,
      421,
      135
    ],
    [
      411,
      202,
      418,
      210
    ],
    [
      408,
      240,
      420,
      249
    ],
    [
      405,
      300,
      420,
      316
    ],
    [
      412,
      439,
      419,
      446
    ],
    [
      410,
      486,
      424,
      496
    ],
    [
      408,
      66,
      426,
      83
    ],
    [
      413,
      445,
      421,
      457
    ],
    [
      413,
      108,
      421,
      115
    ],
    [
      413,
      381,
      422,
      390
    ],
    [
      405,
      494,
      427,
      512
    ],
    [
      414,
      48,
      425,
      59
    ],
    [
      410,
      158,
      419,
      169
    ],
    [
      411,
      180,
      425,
      194
    ],
    [
      414,
      0,
      421,
      7
    ],
    [
      404,
      56,
      424,
      70
    ],
    [
      405,
      188,
      424,
      209
    ],
    [
      414,
      398,
      422,
      404
    ],
    [
      412,
      166,
      426,
      186
    ],
    [
      407,
      367,
      422,
      372
    ],
    [
      417,
      451,
      422,
      458
    ],
    [
      415,
      464,
      424,
      472
    ],
    [
      418,
      486,
      423,
      493
    ],
    [
      411,
      96,
      426,
      106
    ],
    [
      417,
      327,
      424,
      334
    ],
    [
      416,
      410,
      432,
      431
    ],
    [
      414,
      0,
      432,
      15
    ],
    [
      419,
      76,
      427,
      84
    ],
    [
      419,
      131,
      438,
      140
    ],
    [
      418,
      181,
      427,
      196
    ],
    [
      410,
      208,
      428,
      219
    ],
    [
      408,
      228,
      431,
      245
    ],
    [
      419,
      103,
      426,
      111
    ],
    [
      412,
      144,
      427,
      162
    ],
    [
      409,
      243,
      433,
      253
    ],
    [
      417,
      328,
      428,
      342
    ],
    [
      418,
      439,
      429,
      456
    ],
    [
      416,
      117,
      436,
      132
    ],
    [
      418,
      301,
      436,
      316
    ],
    [
      418,
      37,
      432,
      52
    ],
    [
      419,
      158,
      434,
      173
    ],
    [
      410,
      218,
      431,
      229
    ],
    [
      420,
      271,
      429,
      279
    ],
    [
      421,
      340,
      428,
      349
    ],
    [
      415,
      399,
      427,
      412
    ],
    [
      422,
      170,
      429,
      188
    ],
    [
      420,
      194,
      435,
      208
    ],
    [
      416,
      110,
      441,
      125
    ],
    [
      418,
      128,
      436,
      135
    ],
    [
      421,
      250,
      436,
      263
    ],
    [
      419,
      426,
      431,
      442
    ],
    [
      417,
      453,
      432,
      470
    ],
    [
      421,
      501,
      434,
      512
    ],
    [
      423,
      35,
      440,
      44
    ],
    [
      424,
      101,
      432,
      111
    ],
    [
      423,
      215,
      434,
      223
    ],
    [
      425,
      246,
      433,
      253
    ],
    [
      425,
      403,
      431,
      408
    ],
    [
      423,
      408,
      440,
      420
    ],
    [
      424,
      62,
      432,
      75
    ],
    [
      427,
      185,
      433,
      196
    ],
    [
      418,
      323,
      438,
      332
    ],
    [
      427,
      440,
      437,
      453
    ],
    [
      426,
      63,
      442,
      82
    ],
    [
      421,
      313,
      437,
      323
    ],
    [
      419,
      394,
      435,
      409
    ],
    [
      429,
      82,
      436,
      93
    ],
    [
      420,
      139,
      442,
      157
    ],
    [
      422,
      273,
      440,
      286
    ],
    [
      430,
      365,
      436,
      369
    ],
    [
      431,
      134,
      439,
      142
    ],
    [
      428,
      40,
      441,
      48
    ],
    [
      432,
      191,
      440,
      198
    ],
    [
      420,
      259,
      439,
      277
    ],
    [
      432,
      352,
      440,
      360
    ],
    [
      432,
      439,
      440,
      448
    ],
    [
      431,
      478,
      440,
      493
    ],
    [
      428,
      164,
      439,
      188
    ],
    [
      432,
      179,
      440,
      186
    ],
    [
      433,
      186,
      439,
      191
    ],
    [
      428,
      299,
      440,
      310
    ],
    [
      428,
      455,
      441,
      469
    ],
    [
      433,
      476,
      439,
      484
    ],
    [
      436,
      69,
      449,
      75
    ],
    [
      430,
      78,
      442,
      90
    ],
    [
      433,
      88,
      442,
      97
    ],
    [
      428,
      208,
      447,
      226
    ],
    [
      435,
      61,
      450,
      69
    ],
    [
      432,
      337,
      448,
      349
    ],
    [
      436,
      372,
      444,
      378
    ],
    [
      437,
      111,
      444,
      120
    ],
    [
      435,
      312,
      449,
      326
    ],
    [
      439,
      76,
      445,
      91
    ],
    [
      437,
      223,
      449,
      247
    ],
    [
      434,
      253,
      456,
      267
    ],
    [
      437,
      276,
      451,
      290
    ],
    [
      439,
      477,
      443,
      484
    ],
    [
      434,
      143,
      445,
      153
    ],
    [
      435,
      172,
      451,
      181
    ],
    [
      439,
      205,
      447,
      214
    ],
    [
      430,
      290,
      447,
      308
    ],
    [
      437,
      331,
      448,
      342
    ],
    [
      441,
      10,
      448,
      19
    ],
    [
      436,
      59,
      450,
      68
    ],
    [
      429,
      385,
      450,
      401
    ],
    [
      434,
      483,
      455,
      500
    ],
    [
      436,
      41,
      459,
      58
    ],
    [
      442,
      70,
      454,
      82
    ],
    [
      437,
      30,
      457,
      45
    ],
    [
      438,
      114,
      449,
      128
    ],
    [
      442,
      221,
      450,
      228
    ],
    [
      433,
      271,
      452,
      284
    ],
    [
      433,
      345,
      451,
      359
    ],
    [
      437,
      351,
      451,
      363
    ],
    [
      442,
      437,
      457,
      449
    ],
    [
      444,
      155,
      462,
      177
    ],
    [
      435,
      304,
      452,
      318
    ],
    [
      434,
      429,
      459,
      442
    ],
    [
      446,
      27,
      452,
      34
    ],
    [
      442,
      81,
      456,
      103
    ],
    [
      445,
      207,
      457,
      227
    ],
    [
      445,
      300,
      452,
      308
    ],
    [
      446,
      294,
      459,
      308
    ],
    [
      443,
      474,
      456,
      484
    ],
    [
      448,
      55,
      456,
      67
    ],
    [
      448,
      76,
      455,
      84
    ],
    [
      447,
      287,
      456,
      294
    ],
    [
      444,
      333,
      455,
      350
    ],
    [
      440,
      496,
      457,
      512
    ],
    [
      447,
      503,
      458,
      512
    ],
    [
      449,
      253,
      457,
      261
    ],
    [
      449,
      327,
      458,
      337
    ],
    [
      451,
      437,
      466,
      446
    ],
    [
      447,
      175,
      462,
      185
    ],
    [
      449,
      463,
      458,
      477
    ],
    [
      452,
      39,
      460,
      47
    ],
    [
      450,
      96,
      460,
      109
    ],
    [
      453,
      212,
      460,
      220
    ],
    [
      447,
      222,
      466,
      236
    ],
    [
      445,
      301,
      462,
      316
    ],
    [
      451,
      446,
      461,
      452
    ],
    [
      455,
      452,
      459,
      458
    ],
    [
      453,
      232,
      462,
      247
    ],
    [
      451,
      245,
      461,
      260
    ],
    [
      451,
      306,
      470,
      324
    ],
    [
      452,
      334,
      460,
      347
    ],
    [
      455,
      383,
      464,
      393
    ],
    [
      456,
      178,
      461,
      184
    ],
    [
      454,
      54,
      465,
      62
    ],
    [
      448,
      288,
      462,
      299
    ],
    [
      455,
      141,
      464,
      149
    ],
    [
      457,
      144,
      474,
      162
    ],
    [
      457,
      183,
      464,
      196
    ],
    [
      460,
      246,
      469,
      259
    ],
    [
      458,
      380,
      466,
      385
    ],
    [
      458,
      435,
      467,
      442
    ],
    [
      461,
      114,
      466,
      119
    ],
    [
      455,
      215,
      470,
      228
    ],
    [
      459,
      291,
      470,
      305
    ],
    [
      455,
      340,
      473,
      350
    ],
    [
      462,
      98,
      466,
      106
    ],
    [
      456,
      324,
      474,
      342
    ],
    [
      455,
      486,
      475,
      503
    ],
    [
      456,
      505,
      471,
      512
    ],
    [
      457,
      42,
      474,
      56
    ],
    [
      456,
      99,
      472,
      113
    ],
    [
      461,
      159,
      475,
      170
    ],
    [
      458,
      163,
      471,
      184
    ],
    [
      448,
      280,
      468,
      296
    ],
    [
      461,
      53,
      474,
      63
    ],
    [
      462,
      300,
      476,
      313
    ],
    [
      463,
      320,
      471,
      327
    ],
    [
      465,
      71,
      475,
      84
    ],
    [
      462,
      227,
      474,
      241
    ],
    [
      462,
      235,
      471,
      254
    ],
    [
      460,
      255,
      478,
      267
    ],
    [
      461,
      430,
      471,
      440
    ],
    [
      465,
      82,
      481,
      91
    ],
    [
      468,
      145,
      479,
      152
    ],
    [
      456,
      500,
      475,
      512
    ],
    [
      469,
      54,
      474,
      58
    ],
    [
      466,
      91,
      479,
      101
    ],
    [
      467,
      127,
      480,
      146
    ],
    [
      468,
      221,
      475,
      228
    ],
    [
      471,
      298,
      477,
      308
    ],
    [
      468,
      14,
      477,
      24
    ],
    [
      470,
      153,
      478,
      165
    ],
    [
      462,
      368,
      482,
      379
    ],
    [
      468,
      401,
      491,
      413
    ],
    [
      466,
      428,
      476,
      440
    ],
    [
      468,
      470,
      476,
      478
    ],
    [
      468,
      482,
      478,
      490
    ],
    [
      469,
      95,
      482,
      109
    ],
    [
      470,
      163,
      483,
      179
    ],
    [
      471,
      256,
      480,
      271
    ],
    [
      468,
      310,
      477,
      325
    ],
    [
      471,
      386,
      477,
      392
    ],
    [
      468,
      465,
      478,
      471
    ],
    [
      470,
      478,
      476,
      482
    ],
    [
      472,
      39,
      487,
      50
    ],
    [
      469,
      234,
      484,
      257
    ],
    [
      470,
      284,
      477,
      294
    ],
    [
      471,
      345,
      478,
      351
    ],
    [
      469,
      410,
      489,
      429
    ],
    [
      469,
      458,
      478,
      466
    ],
    [
      473,
      32,
      481,
      39
    ],
    [
      472,
      106,
      482,
      116
    ],
    [
      474,
      194,
      483,
      201
    ],
    [
      465,
      289,
      479,
      300
    ],
    [
      472,
      436,
      489,
      455
    ],
    [
      472,
      183,
      490,
      202
    ],
    [
      471,
      387,
      481,
      398
    ],
    [
      472,
      82,
      482,
      89
    ],
    [
      474,
      396,
      482,
      403
    ],
    [
      475,
      425,
      483,
      437
    ],
    [
      474,
      434,
      486,
      445
    ],
    [
      462,
      211,
      482,
      228
    ],
    [
      475,
      233,
      482,
      242
    ],
    [
      477,
      299,
      485,
      309
    ],
    [
      471,
      18,
      483,
      37
    ],
    [
      478,
      154,
      483,
      162
    ],
    [
      472,
      308,
      485,
      321
    ],
    [
      469,
      47,
      485,
      58
    ],
    [
      478,
      168,
      484,
      174
    ],
    [
      472,
      346,
      489,
      368
    ],
    [
      476,
      264,
      484,
      272
    ],
    [
      478,
      248,
      488,
      267
    ],
    [
      476,
      285,
      497,
      303
    ],
    [
      476,
      471,
      492,
      486
    ],
    [
      470,
      482,
      492,
      493
    ],
    [
      479,
      0,
      489,
      12
    ],
    [
      476,
      52,
      488,
      61
    ],
    [
      475,
      122,
      490,
      143
    ],
    [
      481,
      300,
      488,
      309
    ],
    [
      476,
      460,
      487,
      473
    ],
    [
      480,
      367,
      488,
      373
    ],
    [
      481,
      423,
      488,
      431
    ],
    [
      480,
      21,
      492,
      45
    ],
    [
      472,
      140,
      490,
      154
    ],
    [
      482,
      155,
      490,
      163
    ],
    [
      479,
      201,
      493,
      225
    ],
    [
      483,
      247,
      489,
      261
    ],
    [
      478,
      14,
      491,
      31
    ],
    [
      479,
      106,
      490,
      113
    ],
    [
      483,
      337,
      491,
      345
    ],
    [
      483,
      383,
      495,
      401
    ],
    [
      483,
      74,
      496,
      88
    ],
    [
      479,
      231,
      491,
      246
    ],
    [
      477,
      266,
      493,
      279
    ],
    [
      482,
      313,
      491,
      323
    ],
    [
      483,
      343,
      497,
      360
    ],
    [
      484,
      409,
      491,
      416
    ],
    [
      483,
      437,
      499,
      451
    ],
    [
      480,
      107,
      494,
      119
    ],
    [
      484,
      276,
      493,
      287
    ],
    [
      485,
      479,
      493,
      485
    ],
    [
      480,
      118,
      496,
      128
    ],
    [
      478,
      161,
      492,
      173
    ],
    [
      481,
      360,
      497,
      372
    ],
    [
      483,
      46,
      494,
      62
    ],
    [
      484,
      58,
      504,
      76
    ],
    [
      487,
      136,
      494,
      143
    ],
    [
      488,
      190,
      493,
      207
    ],
    [
      481,
      37,
      493,
      47
    ],
    [
      490,
      130,
      495,
      134
    ],
    [
      483,
      142,
      497,
      159
    ],
    [
      486,
      390,
      506,
      406
    ],
    [
      486,
      4,
      503,
      27
    ],
    [
      489,
      238,
      497,
      246
    ],
    [
      491,
      360,
      499,
      366
    ],
    [
      491,
      380,
      497,
      385
    ],
    [
      486,
      464,
      500,
      476
    ],
    [
      487,
      0,
      502,
      5
    ],
    [
      484,
      242,
      498,
      261
    ],
    [
      490,
      325,
      498,
      331
    ],
    [
      485,
      409,
      498,
      425
    ],
    [
      492,
      51,
      506,
      64
    ],
    [
      488,
      132,
      505,
      142
    ],
    [
      486,
      159,
      502,
      179
    ],
    [
      492,
      444,
      501,
      452
    ],
    [
      493,
      84,
      502,
      92
    ],
    [
      495,
      99,
      512,
      117
    ],
    [
      490,
      367,
      504,
      378
    ],
    [
      493,
      404,
      505,
      423
    ],
    [
      492,
      291,
      506,
      301
    ],
    [
      491,
      352,
      503,
      361
    ],
    [
      496,
      376,
      502,
      384
    ],
    [
      494,
      382,
      506,
      395
    ],
    [
      495,
      488,
      504,
      500
    ],
    [
      489,
      232,
      503,
      249
    ],
    [
      495,
      348,
      503,
      355
    ],
    [
      498,
      63,
      503,
      68
    ],
    [
      488,
      215,
      504,
      235
    ],
    [
      494,
      282,
      506,
      293
    ],
    [
      494,
      501,
      512,
      512
    ],
    [
      497,
      6,
      504,
      12
    ],
    [
      491,
      71,
      505,
      90
    ],
    [
      498,
      130,
      506,
      138
    ],
    [
      498,
      158,
      505,
      165
    ],
    [
      497,
      360,
      512,
      369
    ],
    [
      496,
      6,
      512,
      25
    ],
    [
      496,
      89,
      505,
      98
    ],
    [
      500,
      93,
      512,
      104
    ],
    [
      499,
      187,
      507,
      199
    ],
    [
      501,
      215,
      507,
      230
    ],
    [
      501,
      294,
      508,
      302
    ],
    [
      495,
      19,
      512,
      34
    ],
    [
      498,
      54,
      512,
      69
    ],
    [
      501,
      375,
      508,
      381
    ],
    [
      496,
      419,
      512,
      435
    ],
    [
      501,
      280,
      508,
      288
    ],
    [
      500,
      182,
      512,
      197
    ],
    [
      491,
      327,
      512,
      337
    ],
    [
      501,
      351,
      512,
      361
    ],
    [
      503,
      400,
      512,
      407
    ],
    [
      494,
      428,
      512,
      450
    ],
    [
      501,
      215,
      512,
      250
    ],
    [
      500,
      299,
      512,
      319
    ],
    [
      503,
      363,
      512,
      370
    ],
    [
      502,
      370,
      512,
      380
    ],
    [
      503,
      407,
      512,
      424
    ],
    [
      497,
      490,
      512,
      506
    ],
    [
      499,
      0,
      512,
      9
    ],
    [
      507,
      41,
      512,
      48
    ],
    [
      506,
      43,
      512,
      54
    ],
    [
      504,
      77,
      512,
      96
    ],
    [
      502,
      191,
      512,
      217
    ],
    [
      502,
      269,
      512,
      287
    ],
    [
      504,
      285,
      512,
      300
    ],
    [
      492,
      319,
      512,
      331
    ],
    [
      496,
      341,
      512,
      356
    ],
    [
      502,
      379,
      512,
      393
    ],
    [
      504,
      392,
      512,
      400
    ],
    [
      496,
      445,
      512,
      456
    ]
  ],
  "number_ret": 1742,
  "labels": [
    [
      0,
      0,
      0,
      0,
      0,
      0,
      0,
      0,
      0,
      0,
      0,
      0,
      0,
      0,
      0,
      0,
      0,
      9,
      9,
      9,
      9,
      9,
      17,
      17,
      17,
      17,
      17,
      17,
      17,
      17,
      0,
      0,
      0,
      0,
      0,
      0,
      0,
      0,
      0,
      0,
      0,
      0,
      0,
      0,
      0,
      0,
      0,
      0,
      0,
      29,
      29,
      29,
      29,
      29,
      29,
      10,
      10,
      10,
      10,
      10,
      10,
      10,
      10,
      10,
      18,
      18,
      18,
      18,
      18,
      18,
      18,
      18,
      19,
      19,
      19,
      19,
      19,
      19,
      19,
      19,
      19,
      19,
      19,
      19,
      19,
      1,
      1,
      1,
      1,
      1,
      1,
      1,
      1,
      1,
      1,
      1,
      2,
      2,
      2,
      2,
      2,
      2,
      2,
      2,
      3,
      3,
      3,
      3,
      3,
      3,
      3,
      3,
      3,
      3,
      3,
      3,
      3,
      3,
      3,
      0,
      0,
      0,
      0,
      0,
      0,
      0,
      0,
      0,
      24,
      24,
      24,
      24,
      24,
      24,
      24,
      24,
      24,
      24,
      24,
      24,
      24,
      24,
      24,
      24,
      24,
      24,
      24,
      24,
      14,
      14,
      14,
      14,
      14,
      14,
      14,
      14,
      14,
      14,
      14,
      14,
      14,
      11,
      11,
      11,
      11,
      11,
      11,
      11,
      11,
      11,
      11,
      11,
      11,
      11,
      11,
      11,
      11,
      4,
      4,
      4,
      4,
      4,
      4,
      4,
      4,
      4,
      12,
      12,
      12,
      12,
      12,
      12,
      12,
      12,
      12,
      12,
      0,
      0,
      0,
      0,
      0,
      0,
      0,
      0,
      0,
      0,
      0,
      0,
      0,
      0,
      0,
      0,
      0,
      0,
      0,
      0,
      0,
      0,
      0,
      0,
      0,
      0,
      0,
      0,
      0,
      0,
      0,
      0,
      0,
      0,
      0,
      33,
      33,
      33,
      33,
      33,
      33,
      33,
      33,
      33,
      33,
      33,
      33,
      33,
      33,
      33,
      33,
      0,
      0,
      0,
      0,
      0,
      0,
      0,
      0,
      0,
      0,
      0,
      0,
      0,
      0,
      0,
      0,
      0,
      0,
      0,
      0,
      0,
      0,
      0,
      0,
      0,
      0,
      0,
      0,
      0,
      0,
      0,
      0,
      0,
      0,
      0,
      0,
      0,
      0,
      0,
      0,
      0,
      0,
      0,
      0,
      0,
      0,
      0,
      0,
      0,
      0,
      0,
      0,
      0,
      0,
      0,
      0,
      0,
      0,
      0,
      0,
      0,
      0,
      0,
      0,
      0,
      0,
      0,
      31,
      31,
      15,
      15,
      15,
      15,
      15,
      15,
      15,
      15,
      15,
      15,
      15,
      15,
      15,
      15,
      15,
      15,
      15,
      15,
      15,
      15,
      15,
      15,
      15,
      15,
      15,
      15,
      15,
      15,
      15,
      15,
      35,
      35,
      35,
      35,
      35,
      35,
      35,
      35,
      5,
      5,
      5,
      5,
      5,
      5,
      5,
      5,
      5,
      5,
      20,
      20,
      20,
      20,
      20,
      20,
      20,
      20,
      20,
      20,
      20,
      20,
      20,
      0,
      0,
      0,
      0,
      0,
      0,
      0,
      0,
      0,
      37,
      37,
      37,
      37,
      37,
      37,
      37,
      37,
      37,
      37,
      37,
      37,
      37,
      37,
      37,
      37,
      37,
      37,
      37,
      37,
      26,
      26,
      26,
      26,
      26,
      16,
      16,
      16,
      16,
      16,
      16,
      16,
      16,
      16,
      6,
      6,
      6,
      6,
      6,
      6,
      6,
      6,
      6,
      6,
      7,
      7,
      7,
      7,
      7,
      7,
      7,
      7,
      7,
      7,
      8,
      8,
      8,
      8,
      8,
      8,
      8,
      27,
      0,
      0,
      0,
      0,
      0,
      0,
      0,
      0,
      0,
      0,
      0,
      0,
      0,
      0,
      0,
      0,
      0,
      0,
      21,
      21,
      21,
      21,
      21,
      21,
      13,
      13,
      13,
      13,
      13,
      13,
      13,
      13,
      13,
      13,
      13,
      13,
      13,
      13,
      13,
      13,
      13,
      13,
      13,
      13,
      22,
      22,
      22,
      28,
      28,
      28,
      28,
      28,
      28,
      28,
      28,
      28,
      28,
      23,
      23,
      23,
      23,
      23,
      23,
      23
    ],
    [
      0,
      0,
      0,
      0,
      0,
      0,
      0,
      0,
      0,
      0,
      0,
      0,
      0,
      0,
      0,
      0,
      0,
      9,
      9,
      9,
      9,
      9,
      17,
      17,
      17,
      17,
      17,
      17,
      17,
      17,
      0,
      0,
      0,
      0,
      0,
      0,
      0,
      0,
      0,
      0,
      0,
      0,
      0,
      0,
      0,
      0,
      0,
      0,
      0,
      29,
      29,
      29,
      29,
      29,
      29,
      10,
      10,
      10,
      10,
      10,
      10,
      10,
      10,
      10,
      18,
      18,
      18,
      18,
      18,
      18,
      18,
      18,
      19,
      19,
      19,
      19,
      19,
      19,
      19,
      19,
      19,
      19,
      19,
      19,
      19,
      1,
      1,
      1,
      1,
      1,
      1,
      1,
      1,
      1,
      1,
      1,
      2,
      2,
      2,
      2,
      2,
      2,
      2,
      2,
      3,
      3,
      3,
      3,
      3,
      3,
      3,
      3,
      3,
      3,
      3,
      3,
      3,
      3,
      3,
      0,
      0,
      0,
      0,
      0,
      0,
      0,
      0,
      0,
      0,
      0,
      24,
      24,
      24,
      24,
      24,
      24,
      24,
      24,
      24,
      24,
      24,
      24,
      24,
      24,
      24,
      24,
      24,
      24,
      14,
      14,
      14,
      14,
      14,
      14,
      14,
      14,
      14,
      14,
      14,
      14,
      14,
      11,
      11,
      11,
      11,
      11,
      11,
      11,
      11,
      11,
      11,
      11,
      11,
      11,
      11,
      11,
      11,
      4,
      4,
      4,
      4,
      4,
      4,
      4,
      4,
      4,
      12,
      12,
      12,
      12,
      12,
      12,
      12,
      12,
      12,
      12,
      0,
      0,
      0,
      0,
      0,
      0,
      0,
      0,
      0,
      0,
      0,
      0,
      0,
      0,
      0,
      0,
      0,
      0,
      0,
      0,
      0,
      0,
      0,
      0,
      0,
      0,
      0,
      0,
      0,
      0,
      0,
      0,
      0,
      0,
      0,
      33,
      33,
      33,
      33,
      33,
      33,
      33,
      33,
      33,
      33,
      33,
      33,
      33,
      33,
      33,
      33,
      0,
      0,
      0,
      0,
      0,
      0,
      0,
      0,
      0,
      0,
      0,
      0,
      0,
      0,
      0,
      0,
      0,
      0,
      0,
      0,
      0,
      0,
      0,
      0,
      0,
      0,
      0,
      0,
      0,
      0,
      0,
      0,
      0,
      0,
      0,
      0,
      0,
      0,
      0,
      0,
      0,
      0,
      0,
      0,
      0,
      0,
      0,
      0,
      0,
      0,
      0,
      0,
      0,
      0,
      0,
      0,
      0,
      0,
      0,
      0,
      0,
      0,
      0,
      0,
      0,
      0,
      0,
      31,
      31,
      15,
      15,
      15,
      15,
      15,
      15,
      15,
      15,
      15,
      15,
      15,
      15,
      15,
      15,
      15,
      15,
      15,
      15,
      15,
      15,
      15,
      15,
      15,
      15,
      15,
      15,
      15,
      15,
      15,
      15,
      35,
      35,
      35,
      35,
      35,
      35,
      35,
      35,
      5,
      5,
      5,
      5,
      5,
      5,
      5,
      5,
      5,
      5,
      20,
      20,
      20,
      20,
      20,
      20,
      20,
      20,
      20,
      20,
      20,
      20,
      0,
      0,
      0,
      0,
      0,
      0,
      0,
      0,
      0,
      0,
      37,
      37,
      37,
      37,
      37,
      37,
      37,
      37,
      37,
      37,
      37,
      37,
      37,
      37,
      37,
      37,
      37,
      37,
      37,
      37,
      26,
      26,
      26,
      26,
      26,
      16,
      16,
      16,
      16,
      16,
      16,
      16,
      16,
      16,
      6,
      6,
      6,
      6,
      6,
      6,
      6,
      6,
      6,
      6,
      7,
      7,
      7,
      7,
      7,
      7,
      7,
      7,
      7,
      7,
      8,
      8,
      8,
      8,
      8,
      8,
      8,
      27,
      0,
      0,
      0,
      0,
      0,
      0,
      0,
      0,
      0,
      0,
      0,
      0,
      0,
      0,
      0,
      0,
      0,
      0,
      21,
      21,
      21,
      21,
      21,
      21,
      13,
      13,
      13,
      13,
      13,
      13,
      13,
      13,
      13,
      13,
      13,
      13,
      13,
      13,
      13,
      13,
      13,
      13,
      13,
      13,
      22,
      22,
      22,
      28,
      28,
      28,
      28,
      28,
      28,
      28,
      28,
      28,
      28,
      23,
      23,
      23,
      23,
      23,
      23,
      23
    ],
    [
      0,
      0,
      0,
      0,
      0,
      0,
      0,
      0,
      0,
      0,
      0,
      0,
      0,
      0,
      0,
      0,
      0,
      9,
      9,
      9,
      9,
      9,
      17,
      17,
      17,
      17,
      17,
      17,
      17,
      17,
      0,
      0,
      0,
      0,
      0,
      0,
      0,
      0,
      0,
      0,
      0,
      0,
      0,
      0,
      0,
      0,
      0,
      0,
      29,
      29,
      29,
      29,
      29,
      29,
      29,
      10,
      10,
      10,
      10,
      10,
      10,
      10,
      10,
      10,
      18,
      18,
      18,
      18,
      18,
      18,
      18,
      18,
      19,
      19,
      19,
      19,
      19,
      19,
      19,
      19,
      19,
      19,
      19,
      19,
      19,
      1,
      1,
      1,
      1,
      1,
      1,
      1,
      1,
      1,
      1,
      1,
      2,
      2,
      2,
      2,
      2,
      2,
      2,
      2,
      3,
      3,
      3,
      3,
      3,
      3,
      3,
      3,
      3,
      3,
      3,
      3,
      3,
      3,
      0,
      0,
      0,
      0,
      0,
      0,
      0,
      0,
      0,
      0,
      0,
      0,
      0,
      0,
      24,
      24,
      24,
      24,
      24,
      24,
      24,
      24,
      24,
      24,
      24,
      24,
      24,
      24,
      24,
      24,
      14,
      14,
      14,
      14,
      14,
      14,
      14,
      14,
      14,
      14,
      14,
      14,
      11,
      11,
      11,
      11,
      11,
      11,
      11,
      11,
      11,
      11,
      11,
      11,
      11,
      11,
      11,
      11,
      11,
      4,
      4,
      4,
      4,
      4,
      4,
      4,
      4,
      4,
      12,
      12,
      12,
      12,
      12,
      12,
      12,
      12,
      12,
      12,
      0,
      0,
      0,
      0,
      0,
      0,
      0,
      0,
      0,
      0,
      0,
      0,
      0,
      0,
      0,
      0,
      0,
      0,
      0,
      0,
      0,
      0,
      0,
      0,
      0,
      0,
      0,
      0,
      0,
      0,
      0,
      0,
      0,
      0,
      0,
      0,
      33,
      33,
      33,
      33,
      33,
      33,
      33,
      33,
      33,
      33,
      33,
      33,
      33,
      33,
      33,
      0,
      0,
      0,
      0,
      0,
      0,
      0,
      0,
      0,
      0,
      0,
      0,
      0,
      0,
      0,
      0,
      0,
      0,
      0,
      0,
      0,
      0,
      0,
      0,
      0,
      0,
      0,
      0,
      0,
      0,
      0,
      0,
      0,
      0,
      0,
      0,
      0,
      0,
      0,
      0,
      0,
      0,
      0,
      0,
      0,
      0,
      0,
      0,
      0,
      0,
      0,
      0,
      0,
      0,
      0,
      0,
      0,
      0,
      0,
      0,
      0,
      0,
      0,
      0,
      0,
      0,
      0,
      31,
      31,
      15,
      15,
      15,
      15,
      15,
      15,
      15,
      15,
      15,
      15,
      15,
      15,
      15,
      15,
      15,
      15,
      15,
      15,
      15,
      15,
      15,
      15,
      15,
      15,
      15,
      15,
      15,
      15,
      15,
      15,
      35,
      35,
      35,
      35,
      35,
      35,
      35,
      5,
      5,
      5,
      5,
      5,
      5,
      5,
      5,
      5,
      5,
      5,
      20,
      20,
      20,
      20,
      20,
      20,
      20,
      20,
      20,
      20,
      20,
      20,
      0,
      0,
      0,
      0,
      0,
      0,
      0,
      0,
      0,
      0,
      37,
      37,
      37,
      37,
      37,
      37,
      37,
      37,
      37,
      37,
      37,
      37,
      37,
      37,
      37,
      37,
      37,
      37,
      37,
      37,
      26,
      26,
      26,
      26,
      26,
      16,
      16,
      16,
      16,
      16,
      16,
      16,
      16,
      16,
      6,
      6,
      6,
      6,
      6,
      6,
      6,
      6,
      6,
      6,
      7,
      7,
      7,
      7,
      7,
      7,
      7,
      7,
      8,
      8,
      8,
      8,
      8,
      8,
      8,
      8,
      8,
      27,
      0,
      0,
      0,
      0,
      0,
      0,
      0,
      0,
      0,
      0,
      0,
      0,
      0,
      0,
      0,
      0,
      0,
      0,
      21,
      21,
      21,
      21,
      21,
      21,
      13,
      13,
      13,
      13,
      13,
      13,
      13,
      13,
      13,
      13,
      13,
      13,
      13,
      13,
      13,
      13,
      13,
      13,
      13,
      13,
      22,
      22,
      22,
      28,
      28,
      28,
      28,
      28,
      28,
      28,
      28,
      28,
      28,
      23,
      23,
      23,
      23,
      23,
      23,
      23
    ],
    [
      0,
      0,
      0,
      0,
      0,
      0,
      0,
      0,
      0,
      0,
      0,
      0,
      0,
      0,
      0,
      0,
      0,
      9,
      9,
      9,
      9,
      9,
      17,
      17,
      17,
      17,
      17,
      17,
      17,
      17,
      0,
      0,
      0,
      0,
      0,
      0,
      0,
      0,
      0,
      0,
      0,
      0,
      0,
      0,
      0,
      0,
      29,
      29,
      29,
      29,
      29,
      29,
      29,
      29,
      29,
      10,
      10,
      10,
      10,
      10,
      10,
      10,
      10,
      10,
      18,
      18,
      18,
      18,
      18,
      18,
      18,
      18,
      19,
      19,
      19,
      19,
      19,
      19,
      19,
      19,
      19,
      19,
      19,
      19,
      19,
      1,
      1,
      1,
      1,
      1,
      1,
      1,
      1,
      1,
      1,
      2,
      2,
      2,
      2,
      2,
      2,
      2,
      2,
      2,
      3,
      3,
      3,
      3,
      3,
      3,
      3,
      3,
      3,
      3,
      3,
      3,
      0,
      0,
      0,
      0,
      0,
      0,
      0,
      0,
      0,
      0,
      0,
      0,
      0,
      0,
      0,
      0,
      0,
      24,
      24,
      24,
      24,
      24,
      24,
      24,
      24,
      24,
      24,
      24,
      24,
      24,
      24,
      24,
      14,
      14,
      14,
      14,
      14,
      14,
      14,
      14,
      14,
      14,
      11,
      11,
      11,
      11,
      11,
      11,
      11,
      11,
      11,
      11,
      11,
      11,
      11,
      11,
      11,
      11,
      11,
      11,
      11,
      4,
      4,
      4,
      4,
      4,
      4,
      4,
      4,
      4,
      12,
      12,
      12,
      12,
      12,
      12,
      12,
      12,
      12,
      12,
      0,
      0,
      0,
      0,
      0,
      0,
      0,
      0,
      0,
      0,
      0,
      0,
      0,
      0,
      0,
      0,
      0,
      0,
      0,
      0,
      0,
      0,
      0,
      0,
      0,
      0,
      0,
      0,
      0,
      0,
      0,
      0,
      0,
      0,
      0,
      0,
      33,
      33,
      33,
      33,
      33,
      33,
      33,
      33,
      33,
      33,
      33,
      33,
      33,
      33,
      33,
      0,
      0,
      0,
      0,
      0,
      0,
      0,
      0,
      0,
      0,
      0,
      0,
      0,
      0,
      0,
      0,
      0,
      0,
      0,
      0,
      0,
      0,
      0,
      0,
      0,
      0,
      0,
      0,
      0,
      0,
      0,
      0,
      0,
      0,
      0,
      0,
      0,
      0,
      0,
      0,
      0,
      0,
      0,
      0,
      0,
      0,
      0,
      0,
      0,
      0,
      0,
      0,
      0,
      0,
      0,
      0,
      0,
      0,
      0,
      0,
      0,
      0,
      0,
      0,
      0,
      0,
      0,
      31,
      31,
      31,
      15,
      15,
      15,
      15,
      15,
      15,
      15,
      15,
      15,
      15,
      15,
      15,
      15,
      15,
      15,
      15,
      15,
      15,
      15,
      15,
      15,
      15,
      15,
      15,
      15,
      15,
      15,
      15,
      15,
      35,
      35,
      35,
      35,
      35,
      35,
      5,
      5,
      5,
      5,
      5,
      5,
      5,
      5,
      5,
      5,
      5,
      5,
      20,
      20,
      20,
      20,
      20,
      20,
      20,
      20,
      20,
      20,
      20,
      25,
      25,
      25,
      25,
      0,
      0,
      0,
      0,
      0,
      0,
      0,
      0,
      37,
      37,
      37,
      37,
      37,
      37,
      37,
      37,
      37,
      37,
      37,
      37,
      37,
      37,
      37,
      37,
      37,
      37,
      26,
      26,
      26,
      26,
      26,
      26,
      16,
      16,
      16,
      16,
      16,
      16,
      16,
      16,
      16,
      6,
      6,
      6,
      6,
      6,
      6,
      6,
      6,
      6,
      6,
      7,
      7,
      7,
      7,
      7,
      7,
      7,
      7,
      8,
      8,
      8,
      8,
      8,
      8,
      8,
      8,
      8,
      27,
      0,
      0,
      0,
      0,
      0,
      0,
      0,
      0,
      0,
      0,
      0,
      0,
      0,
      0,
      0,
      0,
      21,
      21,
      21,
      21,
      21,
      21,
      21,
      21,
      21,
      13,
      13,
      13,
      13,
      13,
      13,
      13,
      13,
      13,
      13,
      22,
      22,
      22,
      22,
      22,
      22,
      22,
      22,
      22,
      22,
      22,
      22,
      28,
      28,
      28,
      28,
      28,
      28,
      28,
      28,
      28,
      28,
      23,
      23,
      23,
      23,
      23,
      23,
      23
    ],
    [
      0,
      0,
      0,
      0,
      0,
      0,
      0,
      0,
      0,
      0,
      0,
      0,
      0,
      0,
      0,
      0,
      0,
      9,
      9,
      9,
      9,
      9,
      17,
      17,
      17,
      17,
      17,
      17,
      17,
      17,
      0,
      0,
      0,
      0,
      0,
      0,
      0,
      0,
      0,
      0,
      0,
      0,
      0,
      0,
      0,
      0,
      29,
      29,
      29,
      29,
      29,
      29,
      29,
      29,
      29,
      10,
      10,
      10,
      10,
      10,
      10,
      10,
      10,
      10,
      18,
      18,
      18,
      18,
      18,
      18,
      18,
      18,
      19,
      19,
      19,
      19,
      19,
      19,
      19,
      19,
      19,
      19,
      19,
      19,
      19,
      1,
      1,
      1,
      1,
      1,
      1,
      1,
      1,
      1,
      1,
      2,
      2,
      2,
      2,
      2,
      2,
      2,
      2,
      2,
      3,
      3,
      3,
      3,
      3,
      3,
      3,
      3,
      0,
      0,
      0,
      0,
      0,
      0,
      0,
      0,
      0,
      0,
      0,
      0,
      0,
      0,
      0,
      0,
      0,
      0,
      0,
      0,
      0,
      0,
      24,
      24,
      24,
      24,
      24,
      24,
      24,
      24,
      24,
      24,
      24,
      24,
      24,
      24,
      14,
      14,
      14,
      14,
      14,
      14,
      14,
      14,
      14,
      14,
      11,
      11,
      11,
      11,
      11,
      11,
      11,
      11,
      11,
      11,
      11,
      11,
      11,
      11,
      11,
      11,
      11,
      11,
      4,
      4,
      4,
      4,
      4,
      4,
      4,
      4,
      4,
      4,
      12,
      12,
      12,
      12,
      12,
      12,
      12,
      12,
      12,
      12,
      0,
      0,
      0,
      0,
      0,
      0,
      0,
      0,
      0,
      0,
      0,
      0,
      0,
      0,
      0,
      0,
      0,
      0,
      0,
      0,
      0,
      0,
      0,
      0,
      0,
      0,
      0,
      0,
      0,
      0,
      0,
      0,
      0,
      0,
      0,
      0,
      33,
      33,
      33,
      33,
      33,
      33,
      33,
      33,
      33,
      33,
      33,
      33,
      33,
      33,
      33,
      0,
      0,
      0,
      0,
      0,
      0,
      0,
      0,
      0,
      0,
      0,
      0,
      0,
      0,
      0,
      0,
      0,
      0,
      0,
      0,
      0,
      0,
      0,
      0,
      0,
      0,
      0,
      0,
      0,
      0,
      0,
      0,
      0,
      0,
      0,
      0,
      0,
      0,
      0,
      0,
      0,
      0,
      0,
      0,
      0,
      0,
      0,
      0,
      0,
      0,
      0,
      0,
      0,
      0,
      0,
      0,
      0,
      0,
      0,
      0,
      0,
      0,
      0,
      0,
      0,
      0,
      0,
      31,
      31,
      31,
      31,
      15,
      15,
      15,
      15,
      15,
      15,
      15,
      15,
      15,
      15,
      15,
      15,
      15,
      15,
      15,
      15,
      15,
      15,
      15,
      15,
      15,
      15,
      15,
      15,
      15,
      15,
      15,
      15,
      35,
      35,
      35,
      35,
      35,
      35,
      35,
      35,
      35,
      5,
      5,
      5,
      5,
      5,
      5,
      5,
      5,
      20,
      20,
      20,
      20,
      20,
      20,
      20,
      20,
      20,
      20,
      25,
      25,
      25,
      25,
      25,
      25,
      25,
      25,
      0,
      0,
      0,
      0,
      0,
      0,
      0,
      37,
      37,
      37,
      37,
      37,
      37,
      37,
      37,
      37,
      37,
      37,
      37,
      37,
      37,
      26,
      26,
      26,
      26,
      26,
      26,
      26,
      26,
      26,
      16,
      16,
      16,
      16,
      16,
      16,
      16,
      16,
      16,
      6,
      6,
      6,
      6,
      6,
      6,
      6,
      6,
      6,
      7,
      7,
      7,
      7,
      7,
      7,
      7,
      7,
      8,
      8,
      8,
      8,
      8,
      8,
      8,
      8,
      8,
      8,
      27,
      27,
      27,
      27,
      27,
      0,
      0,
      0,
      0,
      0,
      0,
      0,
      0,
      0,
      0,
      0,
      0,
      21,
      21,
      21,
      21,
      21,
      21,
      21,
      21,
      21,
      13,
      13,
      13,
      13,
      13,
      13,
      13,
      13,
      13,
      22,
      22,
      22,
      22,
      22,
      22,
      22,
      22,
      22,
      22,
      22,
      22,
      22,
      28,
      28,
      28,
      28,
      28,
      28,
      28,
      28,
      28,
      28,
      23,
      23,
      23,
      23,
      23,
      23,
      23
    ],
    [
      0,
      0,
      0,
      0,
      0,
      0,
      0,
      0,
      0,
      0,
      0,
      0,
      0,
      0,
      0,
      0,
      0,
      9,
      9,
      9,
      9,
      9,
      17,
      17,
      17,
      17,
      17,
      17,
      17,
      0,
      0,
      0,
      0,
      0,
      0,
      0,
      0,
      0,
      0,
      0,
      0,
      0,
      0,
      0,
      0,
      0,
      29,
      29,
      29,
      29,
      29,
      29,
      29,
      29,
      29,
      10,
      10,
      10,
      10,
      10,
      10,
      10,
      10,
      32,
      18,
      18,
      18,
      18,
      18,
      18,
      18,
      18,
      19,
      19,
      19,
      19,
      19,
      19,
      19,
      19,
      19,
      19,
      19,
      19,
      19,
      1,
      1,
      1,
      1,
      1,
      1,
      1,
      1,
      1,
      1,
      2,
      2,
      2,
      2,
      2,
      2,
      2,
      2,
      2,
      2,
      2,
      2,
      2,
      2,
      2,
      2,
      0,
      0,
      0,
      0,
      0,
      0,
      0,
      0,
      0,
      0,
      0,
      0,
      0,
      0,
      0,
      0,
      0,
      0,
      0,
      0,
      0,
      0,
      0,
      0,
      24,
      24,
      24,
      24,
      24,
      24,
      24,
      24,
      24,
      24,
      24,
      24,
      24,
      14,
      14,
      14,
      14,
      14,
      14,
      14,
      14,
      14,
      14,
      11,
      11,
      11,
      11,
      11,
      11,
      11,
      11,
      11,
      11,
      11,
      11,
      11,
      11,
      11,
      11,
      11,
      11,
      11,
      4,
      4,
      4,
      4,
      4,
      4,
      61,
      61,
      4,
      12,
      12,
      12,
      12,
      12,
      12,
      12,
      12,
      12,
      12,
      0,
      0,
      0,
      0,
      0,
      0,
      0,
      0,
      0,
      0,
      0,
      0,
      0,
      0,
      0,
      0,
      0,
      0,
      0,
      0,
      0,
      30,
      30,
      30,
      30,
      30,
      0,
      0,
      0,
      0,
      0,
      0,
      0,
      0,
      0,
      0,
      0,
      33,
      33,
      33,
      33,
      33,
      33,
      33,
      33,
      33,
      33,
      33,
      33,
      33,
      33,
      0,
      0,
      0,
      0,
      0,
      0,
      0,
      0,
      0,
      0,
      0,
      0,
      0,
      0,
      0,
      0,
      0,
      0,
      0,
      0,
      0,
      0,
      0,
      0,
      0,
      0,
      0,
      0,
      0,
      0,
      0,
      0,
      0,
      0,
      0,
      0,
      0,
      0,
      0,
      0,
      0,
      0,
      0,
      0,
      0,
      0,
      0,
      0,
      0,
      0,
      0,
      0,
      0,
      0,
      0,
      0,
      0,
      0,
      0,
      0,
      0,
      0,
      0,
      0,
      0,
      0,
      0,
      31,
      31,
      31,
      31,
      31,
      31,
      15,
      15,
      15,
      15,
      15,
      15,
      15,
      15,
      15,
      15,
      15,
      15,
      15,
      15,
      15,
      15,
      15,
      15,
      15,
      15,
      15,
      15,
      15,
      15,
      15,
      15,
      35,
      35,
      35,
      35,
      35,
      35,
      35,
      35,
      5,
      5,
      5,
      5,
      5,
      5,
      5,
      20,
      20,
      20,
      20,
      20,
      20,
      20,
      20,
      20,
      20,
      20,
      25,
      25,
      25,
      25,
      25,
      25,
      25,
      25,
      25,
      0,
      0,
      0,
      0,
      0,
      0,
      0,
      0,
      37,
      37,
      37,
      37,
      37,
      37,
      37,
      37,
      37,
      37,
      37,
      37,
      37,
      26,
      26,
      26,
      26,
      26,
      26,
      26,
      26,
      26,
      16,
      16,
      16,
      16,
      16,
      16,
      16,
      16,
      16,
      6,
      6,
      6,
      6,
      6,
      6,
      6,
      7,
      7,
      7,
      7,
      7,
      7,
      7,
      7,
      7,
      7,
      8,
      8,
      8,
      8,
      8,
      8,
      8,
      8,
      8,
      8,
      27,
      27,
      27,
      27,
      27,
      27,
      0,
      0,
      0,
      0,
      0,
      0,
      0,
      0,
      0,
      53,
      53,
      21,
      21,
      21,
      21,
      21,
      21,
      21,
      21,
      21,
      13,
      13,
      13,
      13,
      13,
      13,
      13,
      13,
      22,
      22,
      22,
      22,
      22,
      22,
      22,
      22,
      22,
      22,
      22,
      22,
      22,
      22,
      28,
      28,
      28,
      28,
      28,
      28,
      28,
      28,
      28,
      46,
      23,
      23,
      23,
      23,
      23,
      23,
      23
    ],
    [
      0,
      0,
      0,
      0,
      0,
      0,
      0,
      0,
      0,
      0,
      0,
      0,
      0,
      0,
      0,
      0,
      0,
      9,
      9,
      9,
      9,
      9,
      17,
      17,
      17,
      17,
      17,
      17,
      17,
      0,
      0,
      0,
      0,
      0,
      0,
      0,
      0,
      0,
      0,
      0,
      0,
      0,
      0,
      0,
      29,
      29,
      29,
      29,
      29,
      29,
      29,
      29,
      29,
      29,
      29,
      10,
      10,
      10,
      10,
      10,
      10,
      10,
      32,
      32,
      18,
      18,
      18,
      18,
      18,
      18,
      18,
      18,
      19,
      19,
      19,
      19,
      19,
      19,
      19,
      19,
      19,
      19,
      19,
      19,
      19,
      1,
      1,
      1,
      1,
      1,
      1,
      1,
      1,
      1,
      1,
      2,
      2,
      2,
      0,
      0,
      0,
      0,
      0,
      0,
      0,
      0,
      0,
      0,
      0,
      0,
      0,
      0,
      0,
      0,
      0,
      0,
      0,
      0,
      0,
      0,
      0,
      0,
      0,
      0,
      0,
      0,
      0,
      0,
      0,
      0,
      0,
      0,
      0,
      0,
      0,
      24,
      24,
      24,
      24,
      24,
      24,
      24,
      24,
      24,
      24,
      0,
      0,
      24,
      14,
      14,
      14,
      14,
      14,
      14,
      14,
      14,
      14,
      14,
      11,
      11,
      11,
      11,
      11,
      11,
      11,
      11,
      11,
      11,
      11,
      11,
      11,
      11,
      11,
      11,
      11,
      11,
      11,
      4,
      4,
      4,
      4,
      4,
      4,
      61,
      61,
      61,
      12,
      12,
      12,
      12,
      12,
      12,
      12,
      12,
      12,
      12,
      0,
      0,
      0,
      0,
      0,
      0,
      0,
      0,
      0,
      0,
      0,
      0,
      0,
      0,
      0,
      0,
      0,
      0,
      0,
      0,
      30,
      30,
      30,
      30,
      30,
      30,
      0,
      0,
      0,
      0,
      0,
      0,
      0,
      0,
      0,
      0,
      0,
      0,
      0,
      0,
      33,
      33,
      33,
      33,
      33,
      33,
      33,
      33,
      33,
      33,
      33,
      0,
      0,
      0,
      0,
      0,
      0,
      0,
      0,
      0,
      0,
      0,
      0,
      0,
      0,
      0,
      0,
      0,
      0,
      0,
      0,
      0,
      0,
      0,
      0,
      0,
      0,
      0,
      0,
      0,
      0,
      0,
      0,
      0,
      0,
      0,
      0,
      0,
      0,
      0,
      0,
      0,
      0,
      0,
      0,
      0,
      0,
      0,
      0,
      0,
      0,
      0,
      0,
      0,
      0,
      0,
      0,
      0,
      0,
      0,
      0,
      0,
      0,
      0,
      0,
      0,
      0,
      0,
      31,
      31,
      31,
      31,
      31,
      31,
      31,
      31,
      15,
      15,
      15,
      15,
      15,
      15,
      15,
      15,
      15,
      15,
      15,
      15,
      15,
      0,
      15,
      15,
      15,
      15,
      15,
      15,
      15,
      15,
      15,
      35,
      35,
      35,
      35,
      35,
      35,
      35,
      35,
      36,
      36,
      36,
      36,
      36,
      36,
      5,
      5,
      20,
      20,
      20,
      20,
      20,
      20,
      20,
      20,
      20,
      20,
      20,
      25,
      25,
      25,
      25,
      25,
      25,
      25,
      25,
      25,
      0,
      0,
      0,
      0,
      0,
      0,
      0,
      0,
      0,
      38,
      37,
      37,
      37,
      37,
      37,
      37,
      37,
      37,
      37,
      26,
      26,
      26,
      26,
      26,
      26,
      26,
      26,
      26,
      26,
      26,
      16,
      16,
      16,
      16,
      16,
      16,
      16,
      16,
      16,
      16,
      6,
      6,
      6,
      6,
      6,
      7,
      7,
      7,
      7,
      7,
      7,
      7,
      7,
      7,
      39,
      39,
      39,
      39,
      39,
      8,
      8,
      8,
      8,
      8,
      8,
      8,
      27,
      27,
      27,
      27,
      27,
      27,
      27,
      27,
      27,
      27,
      27,
      27,
      27,
      53,
      53,
      53,
      53,
      21,
      21,
      21,
      21,
      21,
      21,
      21,
      21,
      21,
      13,
      13,
      13,
      13,
      13,
      13,
      13,
      13,
      22,
      22,
      22,
      22,
      22,
      22,
      22,
      22,
      22,
      22,
      22,
      22,
      22,
      22,
      28,
      28,
      28,
      28,
      28,
      28,
      28,
      46,
      46,
      46,
      23,
      23,
      23,
      23,
      23,
      23,
      23
    ],
    [
      0,
      0,
      0,
      0,
      0,
      0,
      0,
      0,
      0,
      0,
      0,
      0,
      0,
      0,
      0,
      0,
      0,
      0,
      0,
      0,
      17,
      17,
      17,
      17,
      17,
      17,
      17,
      0,
      0,
      0,
      0,
      0,
      0,
      0,
      0,
      0,
      0,
      0,
      0,
      0,
      0,
      0,
      0,
      0,
      29,
      29,
      29,
      29,
      29,
      29,
      29,
      29,
      29,
      29,
      29,
      29,
      10,
      10,
      10,
      10,
      10,
      32,
      32,
      32,
      18,
      18,
      18,
      18,
      18,
      18,
      18,
      18,
      19,
      19,
      19,
      19,
      19,
      19,
      19,
      19,
      19,
      19,
      19,
      19,
      19,
      1,
      1,
      1,
      1,
      1,
      1,
      1,
      1,
      1,
      1,
      2,
      2,
      2,
      0,
      0,
      0,
      0,
      0,
      0,
      0,
      0,
      0,
      0,
      0,
      0,
      0,
      0,
      0,
      0,
      0,
      0,
      0,
      0,
      0,
      0,
      0,
      0,
      0,
      0,
      0,
      0,
      0,
      0,
      0,
      0,
      0,
      0,
      0,
      0,
      0,
      42,
      42,
      42,
      24,
      24,
      24,
      24,
      24,
      24,
      24,
      0,
      0,
      0,
      14,
      14,
      14,
      14,
      14,
      14,
      14,
      14,
      14,
      11,
      11,
      11,
      11,
      11,
      11,
      11,
      11,
      11,
      11,
      11,
      11,
      11,
      11,
      11,
      11,
      11,
      11,
      11,
      11,
      11,
      4,
      4,
      4,
      4,
      4,
      61,
      61,
      61,
      12,
      12,
      12,
      12,
      12,
      12,
      12,
      12,
      12,
      12,
      0,
      0,
      0,
      0,
      0,
      0,
      0,
      0,
      0,
      0,
      0,
      0,
      0,
      0,
      0,
      0,
      0,
      0,
      0,
      30,
      30,
      30,
      30,
      30,
      30,
      30,
      0,
      0,
      0,
      0,
      0,
      0,
      0,
      0,
      0,
      0,
      0,
      0,
      0,
      0,
      33,
      33,
      33,
      33,
      33,
      33,
      33,
      33,
      33,
      33,
      33,
      0,
      0,
      0,
      0,
      0,
      0,
      0,
      0,
      0,
      0,
      0,
      0,
      0,
      0,
      0,
      0,
      0,
      0,
      0,
      0,
      0,
      0,
      0,
      0,
      0,
      0,
      0,
      0,
      0,
      0,
      0,
      0,
      0,
      0,
      0,
      0,
      0,
      0,
      0,
      0,
      0,
      0,
      0,
      0,
      0,
      0,
      0,
      0,
      0,
      0,
      0,
      0,
      0,
      0,
      0,
      0,
      0,
      0,
      0,
      0,
      0,
      0,
      0,
      0,
      0,
      0,
      31,
      31,
      31,
      31,
      31,
      31,
      31,
      31,
      31,
      15,
      15,
      34,
      34,
      34,
      34,
      34,
      34,
      15,
      15,
      15,
      15,
      15,
      0,
      0,
      15,
      15,
      15,
      15,
      15,
      15,
      15,
      35,
      35,
      35,
      35,
      35,
      35,
      35,
      35,
      35,
      36,
      36,
      36,
      36,
      36,
      36,
      5,
      5,
      20,
      20,
      20,
      20,
      20,
      20,
      20,
      20,
      20,
      20,
      20,
      25,
      25,
      25,
      25,
      25,
      25,
      25,
      25,
      25,
      0,
      0,
      0,
      0,
      0,
      38,
      38,
      38,
      38,
      38,
      38,
      37,
      37,
      37,
      37,
      37,
      37,
      37,
      37,
      26,
      26,
      26,
      26,
      26,
      26,
      26,
      26,
      26,
      26,
      26,
      16,
      16,
      16,
      16,
      16,
      16,
      16,
      16,
      16,
      16,
      6,
      6,
      6,
      6,
      6,
      7,
      7,
      7,
      7,
      7,
      7,
      7,
      7,
      39,
      39,
      39,
      39,
      39,
      39,
      39,
      39,
      8,
      8,
      8,
      8,
      8,
      27,
      27,
      27,
      27,
      27,
      27,
      27,
      27,
      27,
      27,
      27,
      27,
      27,
      53,
      53,
      53,
      53,
      21,
      21,
      21,
      21,
      21,
      21,
      21,
      21,
      21,
      13,
      13,
      13,
      13,
      13,
      13,
      13,
      45,
      22,
      22,
      22,
      22,
      22,
      22,
      22,
      22,
      22,
      22,
      22,
      22,
      22,
      22,
      28,
      46,
      28,
      28,
      28,
      28,
      28,
      46,
      46,
      46,
      23,
      23,
      23,
      23,
      23,
      23,
      23
    ],
    [
      0,
      0,
      0,
      0,
      0,
      0,
      0,
      0,
      0,
      0,
      0,
      0,
      0,
      0,
      0,
      0,
      0,
      0,
      0,
      0,
      17,
      17,
      17,
      17,
      17,
      17,
      17,
      0,
      0,
      0,
      0,
      0,
      0,
      0,
      0,
      0,
      0,
      0,
      0,
      0,
      0,
      0,
      0,
      0,
      0,
      29,
      29,
      29,
      29,
      29,
      29,
      29,
      29,
      29,
      29,
      29,
      29,
      32,
      32,
      32,
      32,
      32,
      32,
      32,
      18,
      18,
      18,
      18,
      18,
      51,
      18,
      18,
      19,
      19,
      19,
      19,
      19,
      19,
      19,
      19,
      19,
      19,
      19,
      19,
      19,
      1,
      1,
      1,
      1,
      1,
      1,
      1,
      1,
      1,
      1,
      57,
      57,
      57,
      0,
      0,
      0,
      0,
      0,
      0,
      0,
      0,
      0,
      0,
      0,
      0,
      0,
      0,
      0,
      0,
      0,
      0,
      0,
      0,
      0,
      0,
      0,
      0,
      0,
      0,
      0,
      0,
      0,
      0,
      0,
      0,
      0,
      0,
      42,
      42,
      42,
      42,
      42,
      42,
      24,
      24,
      24,
      24,
      24,
      24,
      0,
      0,
      0,
      0,
      0,
      0,
      14,
      14,
      14,
      14,
      14,
      14,
      11,
      11,
      11,
      11,
      11,
      11,
      11,
      11,
      11,
      11,
      11,
      11,
      11,
      11,
      11,
      11,
      11,
      41,
      41,
      41,
      41,
      41,
      41,
      4,
      4,
      4,
      4,
      61,
      61,
      61,
      61,
      12,
      12,
      12,
      12,
      12,
      12,
      12,
      12,
      12,
      0,
      0,
      0,
      0,
      0,
      0,
      0,
      0,
      0,
      0,
      0,
      0,
      0,
      0,
      30,
      30,
      0,
      30,
      30,
      30,
      30,
      30,
      30,
      30,
      30,
      30,
      0,
      0,
      0,
      0,
      0,
      0,
      0,
      0,
      0,
      0,
      0,
      0,
      0,
      33,
      33,
      33,
      33,
      33,
      33,
      33,
      33,
      33,
      33,
      33,
      33,
      33,
      33,
      33,
      33,
      0,
      0,
      0,
      0,
      0,
      0,
      0,
      0,
      0,
      0,
      0,
      0,
      0,
      0,
      0,
      0,
      0,
      0,
      0,
      0,
      0,
      0,
      0,
      0,
      0,
      0,
      0,
      0,
      0,
      0,
      0,
      0,
      0,
      0,
      0,
      0,
      0,
      0,
      0,
      0,
      0,
      0,
      0,
      0,
      0,
      0,
      0,
      0,
      0,
      0,
      0,
      0,
      0,
      0,
      0,
      0,
      0,
      0,
      0,
      0,
      0,
      0,
      31,
      31,
      31,
      31,
      31,
      31,
      31,
      31,
      31,
      15,
      34,
      34,
      34,
      34,
      34,
      34,
      34,
      0,
      15,
      15,
      15,
      15,
      0,
      0,
      0,
      15,
      15,
      15,
      15,
      15,
      15,
      35,
      35,
      35,
      35,
      35,
      35,
      35,
      35,
      35,
      36,
      36,
      36,
      36,
      36,
      36,
      5,
      5,
      20,
      20,
      20,
      20,
      20,
      20,
      20,
      20,
      20,
      20,
      20,
      25,
      25,
      25,
      25,
      25,
      25,
      25,
      25,
      25,
      0,
      0,
      0,
      0,
      0,
      38,
      38,
      38,
      38,
      38,
      38,
      37,
      37,
      37,
      37,
      37,
      37,
      37,
      37,
      26,
      26,
      26,
      26,
      26,
      26,
      26,
      26,
      26,
      26,
      26,
      49,
      16,
      16,
      16,
      16,
      16,
      16,
      16,
      16,
      16,
      16,
      16,
      16,
      6,
      6,
      7,
      7,
      7,
      7,
      7,
      7,
      7,
      39,
      39,
      39,
      39,
      39,
      39,
      39,
      39,
      39,
      8,
      8,
      8,
      8,
      27,
      27,
      27,
      27,
      27,
      27,
      27,
      27,
      27,
      27,
      53,
      53,
      53,
      53,
      53,
      53,
      53,
      53,
      21,
      21,
      21,
      21,
      21,
      21,
      21,
      21,
      21,
      0,
      45,
      45,
      45,
      45,
      45,
      45,
      45,
      22,
      22,
      22,
      22,
      22,
      22,
      22,
      22,
      22,
      22,
      22,
      22,
      22,
      22,
      28,
      46,
      28,
      28,
      28,
      28,
      46,
      46,
      46,
      46,
      23,
      23,
      23,
      23,
      23,
      23,
      23
    ],
    [
      0,
      0,
      0,
      0,
      0,
      0,
      0,
      0,
      0,
      0,
      0,
      0,
      0,
      0,
      0,
      0,
      0,
      0,
      0,
      50,
      50,
      50,
      50,
      50,
      50,
      17,
      17,
      0,
      0,
      0,
      0,
      0,
      0,
      0,
      0,
      0,
      0,
      0,
      0,
      0,
      0,
      0,
      0,
      0,
      0,
      0,
      29,
      29,
      29,
      29,
      29,
      29,
      29,
      29,
      29,
      29,
      29,
      32,
      32,
      32,
      32,
      32,
      32,
      32,
      18,
      18,
      18,
      18,
      18,
      51,
      51,
      51,
      19,
      19,
      19,
      19,
      19,
      19,
      19,
      19,
      19,
      19,
      19,
      19,
      1,
      1,
      1,
      1,
      1,
      1,
      1,
      1,
      1,
      1,
      1,
      57,
      57,
      57,
      0,
      0,
      0,
      0,
      0,
      0,
      0,
      0,
      0,
      0,
      0,
      0,
      0,
      0,
      0,
      0,
      0,
      0,
      0,
      0,
      0,
      0,
      0,
      0,
      0,
      0,
      0,
      0,
      0,
      0,
      42,
      42,
      42,
      42,
      42,
      42,
      42,
      42,
      42,
      42,
      24,
      24,
      24,
      24,
      24,
      24,
      0,
      0,
      0,
      0,
      0,
      0,
      0,
      0,
      0,
      0,
      40,
      40,
      40,
      40,
      40,
      40,
      40,
      40,
      40,
      40,
      40,
      40,
      40,
      40,
      40,
      11,
      11,
      11,
      11,
      41,
      41,
      41,
      41,
      41,
      41,
      4,
      4,
      4,
      61,
      61,
      61,
      61,
      61,
      61,
      12,
      12,
      12,
      12,
      12,
      12,
      0,
      0,
      0,
      0,
      0,
      0,
      0,
      0,
      0,
      0,
      0,
      0,
      0,
      0,
      0,
      0,
      30,
      30,
      30,
      30,
      30,
      30,
      30,
      30,
      30,
      30,
      30,
      30,
      30,
      30,
      0,
      0,
      0,
      0,
      0,
      0,
      0,
      0,
      0,
      0,
      0,
      33,
      33,
      33,
      33,
      33,
      33,
      33,
      33,
      33,
      33,
      33,
      33,
      33,
      33,
      33,
      33,
      0,
      0,
      0,
      0,
      0,
      0,
      0,
      0,
      0,
      0,
      0,
      0,
      0,
      0,
      0,
      0,
      0,
      0,
      0,
      0,
      0,
      0,
      0,
      0,
      0,
      0,
      0,
      0,
      0,
      0,
      0,
      0,
      0,
      0,
      0,
      0,
      0,
      0,
      0,
      0,
      0,
      0,
      0,
      0,
      0,
      0,
      0,
      0,
      0,
      0,
      0,
      0,
      0,
      0,
      0,
      0,
      0,
      0,
      0,
      0,
      0,
      0,
      31,
      31,
      31,
      31,
      31,
      31,
      31,
      31,
      31,
      15,
      34,
      34,
      34,
      34,
      34,
      34,
      34,
      0,
      0,
      15,
      15,
      15,
      0,
      0,
      0,
      0,
      15,
      15,
      15,
      15,
      15,
      35,
      35,
      35,
      35,
      35,
      35,
      35,
      35,
      35,
      36,
      36,
      36,
      36,
      36,
      36,
      5,
      5,
      20,
      20,
      43,
      43,
      43,
      43,
      43,
      43,
      43,
      0,
      0,
      25,
      25,
      25,
      25,
      25,
      25,
      25,
      25,
      25,
      0,
      0,
      0,
      0,
      0,
      38,
      38,
      38,
      38,
      38,
      38,
      37,
      37,
      37,
      37,
      37,
      37,
      37,
      37,
      37,
      37,
      37,
      26,
      26,
      26,
      26,
      26,
      26,
      26,
      26,
      49,
      16,
      16,
      16,
      16,
      16,
      16,
      16,
      16,
      16,
      16,
      16,
      16,
      16,
      7,
      7,
      7,
      7,
      7,
      7,
      0,
      0,
      39,
      39,
      39,
      39,
      39,
      39,
      39,
      39,
      39,
      8,
      8,
      8,
      0,
      27,
      27,
      27,
      27,
      27,
      27,
      27,
      27,
      53,
      53,
      53,
      53,
      53,
      53,
      53,
      53,
      53,
      53,
      21,
      21,
      21,
      21,
      21,
      21,
      21,
      21,
      21,
      0,
      45,
      45,
      45,
      45,
      45,
      45,
      45,
      45,
      45,
      45,
      45,
      22,
      22,
      22,
      22,
      22,
      22,
      22,
      22,
      22,
      22,
      46,
      46,
      28,
      28,
      28,
      28,
      46,
      46,
      46,
      46,
      46,
      46,
      46,
      46,
      46,
      46,
      46
    ],
    [
      0,
      0,
      0,
      0,
      0,
      0,
      0,
      0,
      0,
      0,
      0,
      0,
      0,
      0,
      0,
      0,
      0,
      0,
      0,
      50,
      50,
      50,
      50,
      50,
      50,
      50,
      17,
      0,
      0,
      0,
      0,
      0,
      0,
      0,
      0,
      0,
      0,
      0,
      0,
      0,
      0,
      0,
      0,
      0,
      0,
      0,
      0,
      29,
      29,
      29,
      29,
      29,
      29,
      29,
      29,
      29,
      29,
      32,
      32,
      32,
      32,
      32,
      32,
      32,
      32,
      32,
      18,
      18,
      51,
      51,
      51,
      51,
      51,
      19,
      19,
      19,
      19,
      19,
      19,
      19,
      19,
      19,
      19,
      19,
      1,
      1,
      1,
      1,
      1,
      57,
      57,
      57,
      57,
      57,
      57,
      57,
      57,
      57,
      0,
      0,
      0,
      0,
      0,
      0,
      0,
      0,
      0,
      0,
      0,
      0,
      0,
      0,
      0,
      0,
      0,
      0,
      0,
      0,
      0,
      0,
      0,
      0,
      0,
      0,
      0,
      0,
      0,
      0,
      42,
      42,
      42,
      42,
      42,
      42,
      42,
      42,
      42,
      42,
      24,
      24,
      24,
      24,
      24,
      24,
      0,
      0,
      0,
      0,
      0,
      0,
      0,
      0,
      40,
      40,
      40,
      40,
      40,
      40,
      40,
      40,
      40,
      40,
      40,
      40,
      40,
      40,
      40,
      40,
      40,
      11,
      11,
      11,
      11,
      41,
      41,
      41,
      41,
      41,
      41,
      41,
      4,
      4,
      61,
      61,
      61,
      61,
      61,
      61,
      61,
      61,
      61,
      61,
      61,
      0,
      0,
      0,
      0,
      0,
      0,
      0,
      0,
      0,
      0,
      0,
      0,
      0,
      0,
      0,
      0,
      0,
      30,
      30,
      30,
      30,
      30,
      30,
      30,
      30,
      30,
      30,
      30,
      30,
      30,
      30,
      0,
      0,
      0,
      0,
      0,
      0,
      0,
      0,
      0,
      0,
      0,
      33,
      33,
      33,
      33,
      33,
      33,
      33,
      33,
      33,
      33,
      33,
      33,
      33,
      33,
      33,
      33,
      0,
      0,
      0,
      0,
      0,
      0,
      0,
      0,
      0,
      0,
      0,
      0,
      0,
      0,
      0,
      0,
      0,
      0,
      0,
      0,
      0,
      0,
      0,
      0,
      0,
      0,
      0,
      0,
      0,
      0,
      0,
      0,
      0,
      0,
      0,
      0,
      0,
      0,
      0,
      0,
      0,
      0,
      0,
      0,
      0,
      0,
      0,
      0,
      0,
      0,
      0,
      0,
      0,
      0,
      0,
      0,
      0,
      0,
      0,
      0,
      0,
      0,
      0,
      0,
      0,
      31,
      31,
      31,
      31,
      31,
      31,
      15,
      34,
      34,
      34,
      34,
      34,
      34,
      34,
      0,
      0,
      15,
      0,
      0,
      0,
      0,
      0,
      0,
      0,
      15,
      15,
      15,
      15,
      35,
      35,
      35,
      35,
      35,
      35,
      35,
      35,
      35,
      36,
      36,
      36,
      36,
      36,
      36,
      5,
      5,
      20,
      20,
      43,
      43,
      43,
      43,
      43,
      43,
      43,
      0,
      0,
      0,
      25,
      25,
      25,
      25,
      25,
      25,
      25,
      0,
      0,
      0,
      0,
      0,
      0,
      38,
      38,
      38,
      38,
      38,
      38,
      37,
      37,
      37,
      37,
      37,
      37,
      37,
      37,
      37,
      37,
      37,
      26,
      26,
      26,
      26,
      26,
      26,
      26,
      26,
      49,
      49,
      16,
      16,
      16,
      16,
      16,
      16,
      16,
      16,
      16,
      16,
      16,
      16,
      44,
      7,
      7,
      7,
      7,
      7,
      0,
      0,
      39,
      39,
      39,
      39,
      39,
      39,
      39,
      39,
      39,
      8,
      8,
      8,
      0,
      0,
      0,
      0,
      0,
      0,
      27,
      27,
      27,
      53,
      53,
      53,
      53,
      53,
      53,
      53,
      53,
      53,
      53,
      53,
      21,
      21,
      21,
      21,
      21,
      21,
      21,
      0,
      0,
      0,
      0,
      0,
      0,
      45,
      45,
      45,
      45,
      45,
      45,
      45,
      45,
      45,
      45,
      45,
      45,
      45,
      22,
      22,
      22,
      0,
      46,
      46,
      46,
      46,
      46,
      46,
      46,
      46,
      46,
      46,
      46,
      46,
      47,
      47,
      47,
      47,
      47
    ],
    [
      0,
      0,
      0,
      0,
      0,
      0,
      0,
      0,
      0,
      0,
      0,
      0,
      0,
      0,
      0,
      0,
      0,
      0,
      0,
      50,
      50,
      50,
      50,
      50,
      50,
      50,
      50,
      50,
      0,
      0,
      0,
      0,
      0,
      0,
      0,
      0,
      0,
      0,
      0,
      0,
      0,
      0,
      0,
      0,
      0,
      0,
      0,
      0,
      29,
      29,
      29,
      29,
      29,
      29,
      29,
      29,
      29,
      32,
      32,
      32,
      48,
      48,
      48,
      48,
      48,
      51,
      51,
      18,
      51,
      51,
      51,
      51,
      51,
      19,
      19,
      19,
      19,
      19,
      19,
      19,
      0,
      0,
      0,
      0,
      0,
      57,
      57,
      57,
      57,
      57,
      57,
      57,
      57,
      57,
      57,
      57,
      57,
      57,
      0,
      0,
      0,
      0,
      0,
      0,
      0,
      0,
      0,
      0,
      0,
      0,
      0,
      0,
      0,
      0,
      0,
      0,
      0,
      0,
      0,
      0,
      0,
      0,
      0,
      0,
      0,
      0,
      0,
      42,
      42,
      42,
      42,
      42,
      42,
      42,
      42,
      42,
      42,
      42,
      24,
      24,
      24,
      24,
      0,
      0,
      0,
      0,
      0,
      0,
      0,
      0,
      0,
      0,
      40,
      40,
      40,
      40,
      40,
      40,
      40,
      40,
      40,
      40,
      40,
      40,
      40,
      58,
      58,
      58,
      58,
      11,
      11,
      11,
      11,
      41,
      41,
      41,
      41,
      41,
      41,
      41,
      61,
      4,
      61,
      61,
      61,
      61,
      61,
      61,
      61,
      61,
      61,
      61,
      61,
      0,
      0,
      0,
      0,
      0,
      0,
      0,
      0,
      0,
      0,
      0,
      0,
      0,
      0,
      0,
      0,
      0,
      30,
      30,
      30,
      30,
      30,
      30,
      30,
      30,
      30,
      30,
      30,
      30,
      30,
      30,
      0,
      0,
      0,
      0,
      0,
      0,
      0,
      0,
      0,
      0,
      0,
      0,
      0,
      33,
      33,
      33,
      33,
      33,
      33,
      33,
      33,
      33,
      33,
      33,
      33,
      33,
      33,
      0,
      0,
      0,
      0,
      0,
      0,
      0,
      0,
      0,
      0,
      0,
      0,
      0,
      0,
      0,
      0,
      0,
      0,
      0,
      0,
      0,
      0,
      0,
      0,
      0,
      0,
      0,
      0,
      0,
      0,
      0,
      0,
      0,
      0,
      0,
      0,
      0,
      0,
      0,
      0,
      0,
      0,
      0,
      0,
      0,
      0,
      0,
      0,
      0,
      0,
      0,
      0,
      0,
      0,
      0,
      0,
      0,
      0,
      0,
      0,
      0,
      0,
      0,
      0,
      0,
      0,
      0,
      0,
      0,
      0,
      69,
      15,
      34,
      34,
      34,
      34,
      34,
      34,
      34,
      0,
      0,
      0,
      0,
      0,
      0,
      0,
      0,
      0,
      0,
      0,
      0,
      15,
      15,
      35,
      35,
      35,
      35,
      35,
      35,
      35,
      35,
      35,
      35,
      36,
      36,
      36,
      36,
      36,
      5,
      5,
      43,
      43,
      43,
      43,
      43,
      43,
      43,
      43,
      43,
      0,
      0,
      0,
      0,
      25,
      25,
      25,
      25,
      25,
      0,
      0,
      0,
      0,
      0,
      0,
      0,
      38,
      38,
      38,
      38,
      38,
      38,
      38,
      38,
      38,
      38,
      37,
      37,
      37,
      37,
      37,
      26,
      26,
      26,
      26,
      26,
      26,
      26,
      26,
      26,
      26,
      49,
      49,
      49,
      49,
      49,
      16,
      16,
      16,
      16,
      16,
      16,
      16,
      44,
      44,
      44,
      0,
      7,
      7,
      7,
      7,
      0,
      0,
      39,
      39,
      39,
      39,
      39,
      39,
      39,
      39,
      39,
      8,
      0,
      0,
      0,
      0,
      0,
      0,
      0,
      0,
      27,
      0,
      0,
      53,
      53,
      53,
      53,
      53,
      53,
      53,
      53,
      53,
      53,
      53,
      53,
      53,
      53,
      53,
      53,
      0,
      0,
      0,
      0,
      0,
      0,
      0,
      0,
      45,
      45,
      45,
      45,
      45,
      45,
      45,
      45,
      45,
      45,
      0,
      0,
      0,
      22,
      22,
      22,
      0,
      46,
      46,
      46,
      46,
      46,
      46,
      46,
      46,
      46,
      46,
      46,
      47,
      47,
      47,
      47,
      47,
      47
    ],
    [
      0,
      0,
      0,
      0,
      0,
      0,
      0,
      0,
      0,
      0,
      0,
      0,
      0,
      0,
      0,
      0,
      0,
      0,
      0,
      50,
      50,
      50,
      50,
      50,
      50,
      50,
      50,
      50,
      0,
      0,
      0,
      0,
      0,
      0,
      0,
      0,
      0,
      0,
      0,
      0,
      0,
      0,
      0,
      0,
      0,
      0,
      0,
      0,
      29,
      29,
      29,
      29,
      29,
      29,
      29,
      29,
      29,
      32,
      32,
      48,
      48,
      48,
      48,
      48,
      48,
      51,
      51,
      51,
      51,
      51,
      51,
      51,
      51,
      51,
      51,
      51,
      51,
      51,
      51,
      0,
      0,
      0,
      0,
      0,
      0,
      0,
      57,
      57,
      57,
      57,
      57,
      57,
      57,
      57,
      57,
      57,
      57,
      57,
      0,
      0,
      0,
      0,
      0,
      0,
      0,
      0,
      0,
      0,
      0,
      0,
      0,
      0,
      0,
      0,
      0,
      0,
      0,
      0,
      0,
      0,
      0,
      0,
      0,
      0,
      0,
      0,
      0,
      42,
      42,
      42,
      42,
      42,
      42,
      42,
      42,
      42,
      42,
      42,
      42,
      42,
      42,
      42,
      0,
      0,
      0,
      0,
      0,
      0,
      0,
      0,
      0,
      0,
      0,
      0,
      0,
      0,
      0,
      0,
      0,
      40,
      40,
      40,
      40,
      40,
      40,
      58,
      58,
      58,
      58,
      58,
      11,
      11,
      11,
      41,
      41,
      41,
      41,
      41,
      41,
      41,
      61,
      4,
      61,
      61,
      61,
      61,
      61,
      61,
      61,
      61,
      61,
      61,
      61,
      0,
      0,
      0,
      0,
      0,
      0,
      0,
      0,
      0,
      0,
      0,
      0,
      0,
      0,
      0,
      0,
      0,
      30,
      30,
      30,
      30,
      30,
      30,
      30,
      30,
      30,
      30,
      0,
      0,
      0,
      0,
      0,
      0,
      0,
      0,
      0,
      0,
      0,
      0,
      0,
      0,
      0,
      0,
      0,
      0,
      33,
      33,
      33,
      33,
      33,
      33,
      33,
      33,
      33,
      33,
      33,
      33,
      33,
      33,
      33,
      33,
      0,
      0,
      0,
      0,
      0,
      0,
      0,
      0,
      0,
      0,
      0,
      0,
      0,
      0,
      0,
      0,
      0,
      0,
      0,
      0,
      0,
      0,
      0,
      0,
      0,
      0,
      0,
      0,
      0,
      0,
      0,
      0,
      0,
      0,
      0,
      0,
      0,
      0,
      0,
      0,
      0,
      0,
      0,
      0,
      0,
      0,
      0,
      0,
      0,
      0,
      0,
      0,
      0,
      0,
      0,
      0,
      0,
      0,
      0,
      0,
      0,
      0,
      0,
      0,
      0,
      0,
      0,
      69,
      69,
      34,
      34,
      34,
      34,
      34,
      34,
      34,
      0,
      0,
      0,
      0,
      0,
      0,
      0,
      0,
      0,
      0,
      0,
      0,
      0,
      15,
      35,
      35,
      35,
      35,
      35,
      35,
      35,
      35,
      35,
      35,
      36,
      36,
      36,
      36,
      36,
      5,
      43,
      43,
      43,
      43,
      43,
      43,
      43,
      43,
      43,
      0,
      0,
      0,
      0,
      0,
      0,
      0,
      0,
      0,
      0,
      0,
      0,
      0,
      0,
      0,
      0,
      0,
      38,
      38,
      38,
      38,
      38,
      38,
      38,
      38,
      38,
      38,
      37,
      37,
      37,
      56,
      56,
      56,
      56,
      56,
      49,
      49,
      49,
      49,
      49,
      49,
      49,
      49,
      49,
      49,
      49,
      49,
      16,
      16,
      16,
      16,
      44,
      44,
      44,
      44,
      44,
      44,
      0,
      7,
      7,
      7,
      7,
      0,
      0,
      39,
      39,
      39,
      39,
      39,
      39,
      39,
      39,
      39,
      0,
      0,
      0,
      0,
      0,
      0,
      0,
      0,
      0,
      27,
      0,
      0,
      53,
      53,
      53,
      53,
      53,
      53,
      53,
      53,
      53,
      53,
      53,
      53,
      53,
      53,
      53,
      0,
      0,
      0,
      0,
      0,
      0,
      0,
      0,
      0,
      0,
      45,
      45,
      45,
      45,
      45,
      45,
      45,
      45,
      45,
      0,
      0,
      0,
      22,
      22,
      0,
      0,
      46,
      46,
      46,
      46,
      46,
      46,
      46,
      46,
      46,
      47,
      47,
      47,
      47,
      47,
      47,
      47,
      47
    ],
    [
      0,
      0,
      0,
      0,
      0,
      0,
      0,
      0,
      0,
      0,
      0,
      0,
      0,
      0,
      0,
      0,
      0,
      70,
      0,
      50,
      50,
      50,
      50,
      50,
      50,
      50,
      50,
      50,
      0,
      0,
      0,
      0,
      0,
      0,
      0,
      0,
      0,
      0,
      0,
      0,
      0,
      0,
      0,
      0,
      0,
      0,
      0,
      0,
      29,
      29,
      29,
      29,
      29,
      29,
      29,
      29,
      48,
      48,
      48,
      48,
      48,
      48,
      48,
      48,
      48,
      51,
      51,
      51,
      51,
      51,
      51,
      51,
      51,
      51,
      51,
      51,
      51,
      51,
      51,
      0,
      0,
      0,
      0,
      0,
      0,
      0,
      57,
      57,
      57,
      57,
      57,
      57,
      57,
      57,
      57,
      57,
      57,
      57,
      57,
      57,
      57,
      0,
      0,
      0,
      0,
      0,
      0,
      0,
      0,
      0,
      0,
      0,
      0,
      0,
      0,
      0,
      0,
      0,
      0,
      0,
      0,
      0,
      0,
      0,
      0,
      0,
      0,
      42,
      42,
      42,
      42,
      42,
      42,
      42,
      42,
      42,
      42,
      42,
      42,
      42,
      42,
      0,
      0,
      0,
      0,
      0,
      0,
      0,
      0,
      0,
      0,
      0,
      0,
      0,
      0,
      0,
      0,
      0,
      40,
      40,
      40,
      40,
      40,
      40,
      40,
      58,
      58,
      58,
      58,
      58,
      58,
      58,
      11,
      41,
      41,
      41,
      41,
      41,
      41,
      41,
      61,
      61,
      61,
      61,
      61,
      61,
      61,
      61,
      61,
      61,
      61,
      61,
      0,
      0,
      0,
      0,
      0,
      0,
      0,
      0,
      0,
      0,
      0,
      0,
      30,
      30,
      30,
      30,
      30,
      30,
      30,
      30,
      30,
      30,
      30,
      30,
      30,
      30,
      30,
      30,
      30,
      30,
      0,
      0,
      0,
      0,
      0,
      0,
      0,
      0,
      0,
      0,
      0,
      0,
      0,
      0,
      0,
      0,
      33,
      33,
      33,
      33,
      33,
      33,
      33,
      33,
      33,
      33,
      55,
      55,
      55,
      55,
      55,
      55,
      55,
      55,
      0,
      0,
      0,
      0,
      0,
      0,
      0,
      0,
      0,
      0,
      0,
      0,
      0,
      0,
      0,
      0,
      0,
      0,
      0,
      0,
      0,
      0,
      0,
      0,
      0,
      0,
      0,
      0,
      0,
      0,
      0,
      0,
      0,
      0,
      0,
      0,
      0,
      0,
      0,
      0,
      0,
      0,
      0,
      0,
      0,
      0,
      52,
      52,
      52,
      52,
      52,
      52,
      52,
      0,
      0,
      0,
      0,
      0,
      0,
      0,
      0,
      0,
      0,
      0,
      0,
      69,
      69,
      69,
      69,
      34,
      34,
      34,
      34,
      0,
      0,
      0,
      0,
      0,
      0,
      0,
      0,
      0,
      0,
      0,
      0,
      0,
      0,
      0,
      35,
      35,
      35,
      35,
      35,
      35,
      35,
      35,
      35,
      35,
      35,
      35,
      35,
      35,
      35,
      43,
      43,
      43,
      43,
      43,
      43,
      43,
      43,
      43,
      43,
      0,
      0,
      0,
      0,
      0,
      0,
      0,
      0,
      0,
      0,
      0,
      0,
      0,
      0,
      0,
      0,
      0,
      0,
      0,
      0,
      38,
      38,
      38,
      38,
      38,
      38,
      38,
      37,
      37,
      56,
      56,
      56,
      56,
      56,
      56,
      56,
      49,
      49,
      49,
      49,
      49,
      49,
      49,
      49,
      49,
      49,
      49,
      16,
      16,
      16,
      16,
      44,
      44,
      44,
      44,
      44,
      44,
      0,
      0,
      7,
      7,
      0,
      0,
      0,
      0,
      39,
      39,
      39,
      39,
      39,
      39,
      39,
      0,
      0,
      0,
      0,
      0,
      0,
      0,
      0,
      0,
      0,
      0,
      0,
      0,
      53,
      53,
      53,
      53,
      53,
      53,
      53,
      53,
      53,
      53,
      53,
      53,
      53,
      0,
      0,
      0,
      0,
      0,
      0,
      0,
      0,
      0,
      0,
      0,
      0,
      45,
      45,
      45,
      45,
      45,
      45,
      45,
      45,
      45,
      0,
      0,
      0,
      0,
      0,
      0,
      0,
      46,
      46,
      46,
      46,
      46,
      46,
      46,
      46,
      46,
      47,
      47,
      47,
      47,
      47,
      47,
      47,
      47
    ],
    [
      0,
      0,
      0,
      0,
      0,
      0,
      0,
      0,
      0,
      0,
      0,
      0,
      0,
      0,
      0,
      0,
      0,
      70,
      70,
      50,
      50,
      50,
      50,
      50,
      50,
      50,
      50,
      50,
      0,
      0,
      0,
      0,
      0,
      0,
      0,
      0,
      0,
      0,
      0,
      0,
      0,
      0,
      0,
      0,
      0,
      0,
      0,
      0,
      29,
      29,
      29,
      29,
      29,
      29,
      48,
      48,
      48,
      48,
      48,
      48,
      48,
      48,
      48,
      48,
      48,
      51,
      51,
      51,
      51,
      51,
      51,
      51,
      51,
      51,
      51,
      51,
      51,
      51,
      0,
      0,
      0,
      0,
      0,
      0,
      0,
      0,
      0,
      0,
      0,
      0,
      0,
      0,
      0,
      0,
      57,
      57,
      57,
      57,
      57,
      57,
      57,
      57,
      57,
      0,
      0,
      0,
      0,
      0,
      0,
      0,
      0,
      0,
      0,
      0,
      0,
      0,
      0,
      0,
      0,
      0,
      0,
      0,
      0,
      0,
      0,
      0,
      42,
      42,
      42,
      42,
      42,
      42,
      42,
      42,
      42,
      42,
      42,
      42,
      42,
      42,
      42,
      0,
      0,
      0,
      0,
      0,
      0,
      0,
      0,
      0,
      0,
      0,
      0,
      0,
      0,
      0,
      0,
      65,
      65,
      65,
      65,
      65,
      58,
      58,
      58,
      58,
      58,
      58,
      58,
      58,
      58,
      58,
      58,
      41,
      41,
      41,
      41,
      41,
      41,
      61,
      61,
      61,
      61,
      61,
      61,
      61,
      61,
      61,
      61,
      61,
      61,
      61,
      0,
      0,
      0,
      0,
      0,
      0,
      0,
      0,
      0,
      0,
      0,
      62,
      62,
      62,
      62,
      62,
      30,
      30,
      30,
      30,
      30,
      30,
      30,
      30,
      30,
      30,
      30,
      30,
      30,
      30,
      0,
      0,
      0,
      0,
      0,
      0,
      0,
      0,
      0,
      0,
      0,
      0,
      0,
      0,
      0,
      0,
      0,
      0,
      33,
      33,
      33,
      33,
      33,
      33,
      33,
      0,
      55,
      55,
      55,
      55,
      55,
      55,
      55,
      55,
      55,
      0,
      0,
      0,
      0,
      0,
      0,
      0,
      0,
      0,
      0,
      0,
      0,
      0,
      0,
      0,
      0,
      0,
      0,
      0,
      0,
      0,
      0,
      0,
      0,
      0,
      0,
      0,
      0,
      0,
      0,
      0,
      0,
      0,
      0,
      0,
      0,
      0,
      0,
      0,
      0,
      0,
      0,
      0,
      0,
      0,
      52,
      52,
      52,
      52,
      52,
      52,
      52,
      52,
      0,
      0,
      0,
      0,
      0,
      0,
      0,
      0,
      0,
      0,
      0,
      69,
      69,
      69,
      69,
      69,
      0,
      0,
      0,
      0,
      0,
      0,
      0,
      0,
      0,
      0,
      0,
      0,
      0,
      0,
      0,
      0,
      0,
      0,
      0,
      35,
      35,
      35,
      35,
      35,
      35,
      35,
      35,
      35,
      35,
      35,
      43,
      43,
      43,
      43,
      43,
      43,
      43,
      43,
      43,
      43,
      43,
      43,
      43,
      0,
      0,
      0,
      0,
      0,
      0,
      0,
      0,
      0,
      0,
      0,
      0,
      0,
      0,
      0,
      0,
      0,
      0,
      0,
      0,
      0,
      0,
      0,
      0,
      0,
      0,
      38,
      37,
      56,
      56,
      56,
      56,
      56,
      56,
      56,
      56,
      56,
      49,
      49,
      49,
      49,
      49,
      49,
      49,
      49,
      49,
      49,
      16,
      16,
      16,
      16,
      44,
      44,
      44,
      44,
      44,
      44,
      0,
      0,
      7,
      7,
      0,
      0,
      0,
      0,
      0,
      39,
      39,
      39,
      39,
      39,
      0,
      0,
      0,
      0,
      0,
      0,
      0,
      0,
      0,
      0,
      0,
      0,
      0,
      0,
      53,
      53,
      53,
      53,
      53,
      53,
      53,
      53,
      53,
      53,
      53,
      53,
      53,
      0,
      0,
      0,
      0,
      0,
      0,
      0,
      0,
      0,
      0,
      0,
      0,
      45,
      45,
      45,
      45,
      45,
      45,
      45,
      45,
      45,
      0,
      0,
      0,
      0,
      0,
      0,
      0,
      46,
      46,
      46,
      46,
      46,
      46,
      46,
      46,
      46,
      47,
      47,
      47,
      47,
      47,
      47,
      47,
      47
    ],
    [
      0,
      0,
      0,
      0,
      0,
      0,
      0,
      0,
      0,
      0,
      0,
      0,
      0,
      0,
      0,
      0,
      0,
      70,
      70,
      70,
      50,
      50,
      50,
      50,
      50,
      50,
      50,
      50,
      0,
      0,
      0,
      0,
      0,
      0,
      0,
      0,
      0,
      0,
      0,
      0,
      0,
      0,
      0,
      0,
      0,
      0,
      0,
      0,
      29,
      29,
      29,
      29,
      29,
      48,
      48,
      48,
      48,
      48,
      48,
      48,
      48,
      48,
      48,
      48,
      48,
      51,
      51,
      51,
      51,
      51,
      51,
      51,
      51,
      51,
      51,
      51,
      51,
      0,
      0,
      0,
      0,
      0,
      0,
      0,
      0,
      0,
      0,
      0,
      0,
      0,
      0,
      0,
      0,
      0,
      57,
      57,
      57,
      57,
      57,
      57,
      57,
      57,
      57,
      57,
      57,
      0,
      0,
      0,
      0,
      0,
      0,
      0,
      0,
      0,
      0,
      0,
      0,
      0,
      0,
      0,
      0,
      0,
      0,
      0,
      0,
      0,
      42,
      42,
      42,
      42,
      42,
      42,
      42,
      42,
      42,
      42,
      42,
      42,
      42,
      42,
      0,
      0,
      0,
      0,
      0,
      0,
      0,
      0,
      0,
      0,
      0,
      0,
      0,
      0,
      0,
      0,
      65,
      65,
      65,
      65,
      65,
      65,
      58,
      58,
      58,
      58,
      58,
      58,
      58,
      58,
      58,
      58,
      58,
      58,
      41,
      41,
      41,
      41,
      61,
      61,
      61,
      61,
      61,
      61,
      61,
      61,
      61,
      61,
      61,
      61,
      61,
      61,
      0,
      0,
      0,
      0,
      0,
      0,
      0,
      0,
      0,
      0,
      62,
      62,
      62,
      62,
      62,
      62,
      62,
      62,
      30,
      30,
      30,
      30,
      30,
      30,
      30,
      30,
      30,
      30,
      30,
      30,
      30,
      0,
      0,
      0,
      0,
      0,
      0,
      0,
      0,
      0,
      0,
      0,
      0,
      0,
      0,
      0,
      0,
      0,
      0,
      0,
      0,
      0,
      64,
      0,
      0,
      0,
      55,
      55,
      55,
      55,
      55,
      55,
      55,
      55,
      55,
      0,
      0,
      0,
      0,
      0,
      0,
      0,
      0,
      0,
      0,
      0,
      0,
      0,
      0,
      0,
      0,
      0,
      0,
      0,
      0,
      0,
      0,
      0,
      0,
      0,
      0,
      0,
      0,
      0,
      0,
      0,
      0,
      0,
      0,
      0,
      0,
      0,
      0,
      0,
      0,
      0,
      0,
      0,
      0,
      0,
      52,
      52,
      52,
      52,
      52,
      52,
      52,
      52,
      0,
      0,
      0,
      0,
      0,
      0,
      0,
      0,
      0,
      0,
      0,
      69,
      69,
      69,
      69,
      69,
      69,
      69,
      69,
      69,
      0,
      0,
      0,
      0,
      0,
      0,
      0,
      0,
      0,
      0,
      0,
      0,
      0,
      0,
      0,
      0,
      35,
      35,
      35,
      35,
      35,
      72,
      72,
      72,
      72,
      72,
      59,
      59,
      59,
      59,
      59,
      59,
      59,
      59,
      43,
      43,
      43,
      43,
      43,
      0,
      0,
      0,
      0,
      0,
      0,
      0,
      0,
      0,
      0,
      0,
      0,
      0,
      0,
      0,
      0,
      0,
      0,
      0,
      0,
      0,
      0,
      0,
      0,
      0,
      0,
      38,
      66,
      56,
      56,
      56,
      56,
      56,
      56,
      56,
      56,
      56,
      56,
      49,
      49,
      49,
      49,
      49,
      49,
      49,
      49,
      49,
      49,
      16,
      16,
      16,
      44,
      44,
      44,
      44,
      44,
      44,
      0,
      0,
      0,
      0,
      0,
      0,
      0,
      0,
      0,
      0,
      0,
      0,
      0,
      0,
      0,
      0,
      0,
      0,
      0,
      0,
      0,
      0,
      0,
      0,
      0,
      0,
      0,
      0,
      0,
      53,
      53,
      53,
      53,
      53,
      53,
      53,
      53,
      53,
      53,
      53,
      53,
      54,
      54,
      54,
      54,
      54,
      54,
      54,
      0,
      0,
      0,
      0,
      0,
      0,
      45,
      45,
      45,
      45,
      45,
      45,
      45,
      45,
      0,
      0,
      0,
      0,
      0,
      0,
      0,
      46,
      46,
      46,
      46,
      46,
      46,
      46,
      46,
      46,
      47,
      47,
      47,
      47,
      47,
      47,
      47,
      47
    ],
    [
      0,
      0,
      0,
      0,
      0,
      0,
      0,
      0,
      0,
      0,
      0,
      0,
      0,
      0,
      0,
      0,
      0,
      70,
      70,
      70,
      70,
      50,
      50,
      50,
      50,
      50,
      50,
      50,
      50,
      0,
      0,
      0,
      0,
      0,
      0,
      0,
      0,
      0,
      0,
      0,
      0,
      0,
      0,
      0,
      0,
      0,
      0,
      0,
      29,
      29,
      29,
      60,
      48,
      48,
      48,
      48,
      48,
      48,
      48,
      48,
      48,
      48,
      48,
      48,
      48,
      51,
      51,
      51,
      51,
      51,
      51,
      51,
      51,
      51,
      51,
      51,
      51,
      0,
      0,
      0,
      0,
      0,
      0,
      0,
      0,
      0,
      0,
      0,
      0,
      0,
      0,
      0,
      0,
      0,
      57,
      76,
      57,
      57,
      57,
      57,
      57,
      57,
      57,
      57,
      57,
      0,
      0,
      0,
      0,
      0,
      0,
      0,
      0,
      0,
      0,
      0,
      0,
      0,
      0,
      0,
      0,
      0,
      0,
      0,
      0,
      0,
      0,
      0,
      42,
      42,
      42,
      42,
      42,
      42,
      42,
      42,
      42,
      42,
      42,
      0,
      0,
      0,
      0,
      0,
      0,
      0,
      0,
      0,
      0,
      0,
      0,
      0,
      0,
      0,
      0,
      0,
      65,
      65,
      65,
      65,
      65,
      65,
      58,
      58,
      58,
      58,
      58,
      58,
      58,
      58,
      58,
      58,
      58,
      58,
      58,
      61,
      61,
      61,
      61,
      61,
      61,
      61,
      61,
      61,
      61,
      61,
      61,
      61,
      61,
      61,
      61,
      61,
      0,
      0,
      0,
      0,
      0,
      0,
      0,
      0,
      0,
      62,
      62,
      62,
      62,
      62,
      62,
      62,
      62,
      62,
      30,
      30,
      30,
      30,
      30,
      30,
      30,
      30,
      63,
      63,
      63,
      63,
      63,
      63,
      63,
      0,
      0,
      0,
      0,
      0,
      0,
      0,
      0,
      0,
      0,
      0,
      0,
      0,
      0,
      0,
      0,
      0,
      0,
      64,
      64,
      0,
      0,
      0,
      55,
      55,
      55,
      55,
      55,
      55,
      55,
      55,
      55,
      0,
      0,
      0,
      0,
      0,
      0,
      0,
      0,
      0,
      0,
      0,
      0,
      0,
      0,
      0,
      0,
      0,
      0,
      0,
      0,
      0,
      0,
      0,
      0,
      0,
      0,
      0,
      0,
      0,
      0,
      0,
      0,
      0,
      0,
      0,
      0,
      0,
      0,
      0,
      0,
      0,
      0,
      0,
      0,
      0,
      52,
      52,
      52,
      52,
      52,
      52,
      52,
      52,
      0,
      0,
      0,
      0,
      0,
      0,
      0,
      0,
      69,
      69,
      69,
      69,
      69,
      69,
      69,
      69,
      69,
      69,
      69,
      69,
      0,
      0,
      0,
      0,
      0,
      0,
      0,
      0,
      0,
      0,
      0,
      0,
      0,
      0,
      0,
      0,
      0,
      72,
      72,
      72,
      72,
      72,
      72,
      72,
      72,
      72,
      59,
      59,
      59,
      59,
      59,
      59,
      59,
      59,
      59,
      59,
      59,
      59,
      43,
      0,
      0,
      0,
      0,
      0,
      0,
      0,
      0,
      0,
      0,
      0,
      0,
      0,
      0,
      0,
      0,
      0,
      0,
      0,
      0,
      0,
      0,
      0,
      0,
      0,
      0,
      66,
      66,
      56,
      56,
      56,
      56,
      56,
      56,
      56,
      56,
      56,
      56,
      56,
      56,
      56,
      49,
      49,
      49,
      49,
      49,
      49,
      49,
      16,
      16,
      44,
      44,
      44,
      44,
      44,
      44,
      44,
      0,
      0,
      0,
      0,
      0,
      0,
      0,
      0,
      0,
      0,
      0,
      0,
      0,
      0,
      0,
      0,
      0,
      0,
      0,
      0,
      0,
      0,
      0,
      0,
      0,
      0,
      0,
      0,
      0,
      0,
      53,
      53,
      53,
      53,
      53,
      53,
      53,
      53,
      54,
      54,
      54,
      54,
      54,
      54,
      54,
      54,
      54,
      54,
      0,
      0,
      0,
      0,
      0,
      0,
      0,
      0,
      0,
      0,
      0,
      0,
      0,
      0,
      0,
      0,
      0,
      0,
      0,
      0,
      0,
      46,
      46,
      46,
      46,
      46,
      46,
      46,
      46,
      46,
      47,
      47,
      47,
      47,
      47,
      47,
      47,
      47
    ],
    [
      0,
      0,
      0,
      0,
      0,
      0,
      0,
      0,
      0,
      0,
      0,
      0,
      0,
      0,
      0,
      0,
      0,
      70,
      70,
      70,
      70,
      50,
      50,
      50,
      50,
      50,
      50,
      50,
      50,
      0,
      0,
      0,
      0,
      0,
      0,
      0,
      0,
      0,
      0,
      0,
      0,
      0,
      0,
      0,
      0,
      0,
      0,
      0,
      29,
      29,
      29,
      60,
      60,
      48,
      48,
      48,
      48,
      48,
      48,
      48,
      48,
      48,
      48,
      48,
      51,
      51,
      51,
      51,
      51,
      51,
      51,
      51,
      51,
      51,
      51,
      51,
      51,
      0,
      0,
      0,
      0,
      0,
      0,
      0,
      0,
      0,
      0,
      0,
      0,
      0,
      0,
      0,
      0,
      0,
      57,
      76,
      57,
      57,
      57,
      57,
      57,
      57,
      57,
      57,
      57,
      0,
      0,
      0,
      0,
      0,
      0,
      0,
      0,
      0,
      0,
      0,
      0,
      0,
      0,
      0,
      0,
      0,
      0,
      0,
      0,
      0,
      0,
      0,
      0,
      0,
      42,
      42,
      42,
      42,
      0,
      0,
      0,
      0,
      0,
      0,
      0,
      0,
      0,
      0,
      0,
      0,
      0,
      0,
      0,
      0,
      0,
      0,
      0,
      0,
      0,
      0,
      65,
      65,
      65,
      65,
      65,
      65,
      58,
      58,
      58,
      58,
      58,
      58,
      58,
      58,
      58,
      58,
      58,
      58,
      58,
      61,
      61,
      61,
      61,
      61,
      61,
      61,
      61,
      61,
      61,
      61,
      61,
      61,
      61,
      61,
      61,
      0,
      0,
      0,
      0,
      0,
      0,
      0,
      0,
      0,
      0,
      62,
      62,
      62,
      62,
      62,
      62,
      62,
      62,
      62,
      62,
      30,
      30,
      30,
      30,
      30,
      30,
      63,
      63,
      63,
      63,
      63,
      63,
      63,
      63,
      0,
      0,
      0,
      0,
      0,
      0,
      0,
      0,
      0,
      0,
      0,
      0,
      0,
      0,
      0,
      0,
      0,
      0,
      64,
      64,
      0,
      0,
      0,
      55,
      55,
      55,
      55,
      55,
      55,
      55,
      55,
      55,
      0,
      0,
      0,
      0,
      0,
      0,
      0,
      0,
      0,
      0,
      0,
      0,
      0,
      0,
      0,
      0,
      0,
      0,
      0,
      0,
      0,
      0,
      0,
      0,
      0,
      0,
      0,
      0,
      0,
      0,
      0,
      0,
      0,
      0,
      0,
      0,
      0,
      0,
      0,
      0,
      0,
      0,
      0,
      0,
      0,
      52,
      52,
      52,
      52,
      52,
      52,
      52,
      52,
      0,
      0,
      0,
      0,
      0,
      0,
      0,
      69,
      69,
      69,
      69,
      69,
      69,
      69,
      69,
      69,
      69,
      69,
      69,
      69,
      69,
      69,
      0,
      0,
      0,
      0,
      0,
      0,
      0,
      0,
      0,
      0,
      0,
      0,
      0,
      0,
      0,
      0,
      72,
      72,
      72,
      72,
      72,
      72,
      72,
      72,
      72,
      72,
      72,
      72,
      59,
      59,
      59,
      59,
      59,
      59,
      59,
      59,
      59,
      0,
      0,
      0,
      0,
      0,
      0,
      0,
      0,
      0,
      0,
      0,
      0,
      0,
      0,
      0,
      0,
      0,
      0,
      0,
      0,
      0,
      0,
      0,
      0,
      0,
      0,
      66,
      66,
      56,
      56,
      56,
      56,
      56,
      56,
      56,
      56,
      56,
      56,
      56,
      56,
      56,
      49,
      49,
      49,
      49,
      49,
      49,
      49,
      92,
      16,
      44,
      44,
      44,
      44,
      44,
      44,
      44,
      0,
      0,
      0,
      0,
      0,
      0,
      0,
      0,
      0,
      0,
      0,
      0,
      0,
      0,
      0,
      0,
      0,
      0,
      0,
      0,
      0,
      0,
      0,
      0,
      0,
      0,
      0,
      0,
      0,
      0,
      0,
      53,
      53,
      53,
      53,
      53,
      53,
      53,
      54,
      54,
      54,
      54,
      54,
      54,
      54,
      54,
      54,
      54,
      0,
      0,
      0,
      0,
      0,
      0,
      0,
      0,
      0,
      0,
      0,
      0,
      0,
      0,
      0,
      0,
      0,
      0,
      0,
      0,
      0,
      46,
      46,
      46,
      46,
      46,
      46,
      46,
      46,
      46,
      46,
      47,
      47,
      47,
      47,
      47,
      47,
      47
    ],
    [
      0,
      0,
      0,
      0,
      0,
      0,
      0,
      0,
      0,
      0,
      0,
      0,
      0,
      0,
      0,
      0,
      0,
      70,
      70,
      70,
      70,
      50,
      50,
      50,
      50,
      50,
      50,
      50,
      67,
      67,
      0,
      0,
      0,
      0,
      0,
      0,
      0,
      0,
      0,
      0,
      0,
      0,
      0,
      0,
      0,
      0,
      0,
      0,
      29,
      29,
      60,
      60,
      60,
      60,
      60,
      60,
      60,
      48,
      48,
      48,
      48,
      51,
      51,
      51,
      51,
      51,
      51,
      51,
      51,
      51,
      51,
      51,
      51,
      51,
      51,
      51,
      51,
      0,
      0,
      0,
      0,
      0,
      0,
      0,
      0,
      0,
      0,
      0,
      0,
      0,
      0,
      0,
      0,
      76,
      76,
      76,
      57,
      57,
      57,
      57,
      57,
      57,
      57,
      57,
      57,
      57,
      0,
      0,
      0,
      0,
      0,
      0,
      0,
      0,
      0,
      0,
      0,
      0,
      0,
      0,
      0,
      0,
      0,
      0,
      0,
      0,
      0,
      0,
      0,
      0,
      0,
      0,
      0,
      0,
      0,
      0,
      0,
      0,
      0,
      0,
      0,
      0,
      0,
      0,
      0,
      0,
      0,
      0,
      0,
      0,
      0,
      0,
      0,
      0,
      0,
      0,
      65,
      65,
      65,
      65,
      65,
      65,
      58,
      58,
      58,
      58,
      58,
      58,
      58,
      58,
      58,
      58,
      58,
      58,
      58,
      58,
      58,
      61,
      61,
      61,
      61,
      61,
      61,
      61,
      61,
      61,
      61,
      61,
      61,
      61,
      61,
      0,
      0,
      0,
      0,
      0,
      0,
      0,
      0,
      0,
      0,
      62,
      62,
      62,
      62,
      62,
      62,
      62,
      62,
      62,
      62,
      30,
      30,
      30,
      30,
      30,
      30,
      63,
      63,
      63,
      63,
      63,
      63,
      63,
      63,
      0,
      0,
      0,
      0,
      0,
      0,
      0,
      0,
      0,
      0,
      0,
      0,
      0,
      64,
      64,
      64,
      64,
      64,
      64,
      64,
      0,
      0,
      0,
      55,
      55,
      55,
      55,
      55,
      55,
      55,
      55,
      55,
      0,
      0,
      0,
      0,
      0,
      0,
      0,
      0,
      0,
      0,
      0,
      0,
      0,
      0,
      0,
      0,
      0,
      0,
      0,
      71,
      71,
      71,
      71,
      71,
      71,
      71,
      0,
      0,
      0,
      0,
      0,
      0,
      0,
      0,
      0,
      0,
      0,
      0,
      0,
      0,
      0,
      0,
      0,
      0,
      0,
      52,
      52,
      52,
      52,
      52,
      52,
      52,
      52,
      0,
      0,
      0,
      0,
      0,
      0,
      0,
      69,
      69,
      69,
      69,
      69,
      69,
      69,
      69,
      69,
      69,
      69,
      69,
      69,
      69,
      69,
      0,
      0,
      0,
      0,
      0,
      0,
      0,
      0,
      0,
      0,
      0,
      0,
      0,
      0,
      0,
      0,
      72,
      72,
      72,
      72,
      72,
      72,
      72,
      72,
      72,
      72,
      72,
      72,
      59,
      59,
      59,
      59,
      59,
      59,
      59,
      59,
      59,
      0,
      0,
      0,
      0,
      0,
      0,
      0,
      0,
      0,
      0,
      0,
      0,
      0,
      0,
      0,
      0,
      0,
      0,
      0,
      0,
      0,
      0,
      66,
      66,
      66,
      66,
      66,
      66,
      56,
      56,
      56,
      56,
      56,
      56,
      56,
      56,
      56,
      56,
      56,
      56,
      56,
      49,
      49,
      49,
      49,
      92,
      92,
      92,
      92,
      92,
      44,
      44,
      44,
      44,
      44,
      0,
      0,
      0,
      0,
      0,
      0,
      0,
      0,
      0,
      0,
      0,
      0,
      0,
      0,
      0,
      0,
      0,
      0,
      0,
      0,
      0,
      0,
      0,
      0,
      0,
      0,
      0,
      0,
      0,
      0,
      0,
      0,
      0,
      53,
      53,
      53,
      53,
      53,
      53,
      53,
      53,
      54,
      54,
      54,
      54,
      54,
      54,
      54,
      54,
      0,
      0,
      0,
      0,
      0,
      0,
      0,
      0,
      0,
      0,
      0,
      0,
      0,
      0,
      0,
      0,
      0,
      0,
      0,
      0,
      0,
      0,
      46,
      46,
      46,
      46,
      46,
      46,
      46,
      46,
      46,
      46,
      47,
      47,
      47,
      47,
      47,
      47,
      47
    ],
    [
      0,
      0,
      0,
      0,
      0,
      0,
      0,
      0,
      0,
      0,
      0,
      0,
      70,
      70,
      70,
      70,
      70,
      70,
      70,
      70,
      70,
      50,
      50,
      50,
      50,
      67,
      67,
      67,
      67,
      67,
      0,
      0,
      0,
      0,
      0,
      0,
      0,
      0,
      0,
      0,
      0,
      0,
      0,
      0,
      0,
      0,
      86,
      86,
      29,
      29,
      60,
      60,
      60,
      60,
      60,
      60,
      60,
      48,
      48,
      48,
      48,
      51,
      51,
      51,
      51,
      51,
      51,
      51,
      51,
      51,
      51,
      51,
      51,
      51,
      51,
      51,
      51,
      0,
      0,
      0,
      0,
      0,
      0,
      0,
      0,
      0,
      0,
      0,
      0,
      0,
      76,
      76,
      76,
      76,
      76,
      76,
      57,
      57,
      57,
      57,
      57,
      57,
      57,
      57,
      57,
      57,
      73,
      0,
      0,
      0,
      0,
      0,
      0,
      0,
      0,
      0,
      0,
      0,
      0,
      0,
      0,
      0,
      0,
      0,
      0,
      0,
      0,
      0,
      0,
      0,
      0,
      0,
      0,
      0,
      0,
      0,
      0,
      0,
      0,
      0,
      0,
      0,
      0,
      0,
      0,
      0,
      0,
      0,
      0,
      0,
      0,
      0,
      0,
      0,
      0,
      0,
      65,
      65,
      65,
      65,
      65,
      65,
      58,
      58,
      58,
      58,
      58,
      58,
      58,
      58,
      58,
      58,
      58,
      58,
      58,
      58,
      68,
      68,
      61,
      61,
      61,
      61,
      61,
      61,
      61,
      61,
      61,
      61,
      61,
      61,
      0,
      0,
      0,
      0,
      0,
      0,
      0,
      0,
      0,
      0,
      0,
      62,
      62,
      62,
      62,
      62,
      62,
      62,
      62,
      62,
      62,
      0,
      30,
      30,
      30,
      30,
      30,
      63,
      63,
      63,
      63,
      63,
      63,
      63,
      63,
      0,
      0,
      0,
      0,
      0,
      0,
      0,
      0,
      0,
      0,
      0,
      0,
      0,
      64,
      64,
      64,
      64,
      64,
      64,
      64,
      0,
      0,
      0,
      55,
      55,
      55,
      55,
      55,
      55,
      55,
      55,
      55,
      0,
      0,
      0,
      0,
      0,
      0,
      0,
      0,
      0,
      0,
      0,
      0,
      0,
      0,
      0,
      0,
      71,
      71,
      71,
      71,
      71,
      71,
      71,
      71,
      71,
      71,
      0,
      0,
      0,
      0,
      0,
      0,
      0,
      0,
      0,
      0,
      0,
      0,
      0,
      0,
      0,
      0,
      0,
      0,
      0,
      0,
      52,
      52,
      52,
      52,
      52,
      52,
      52,
      0,
      0,
      0,
      0,
      0,
      0,
      0,
      69,
      69,
      69,
      69,
      69,
      69,
      69,
      69,
      69,
      69,
      69,
      69,
      69,
      69,
      69,
      0,
      0,
      0,
      0,
      0,
      0,
      0,
      0,
      0,
      0,
      0,
      0,
      0,
      0,
      0,
      0,
      72,
      72,
      72,
      72,
      72,
      72,
      72,
      72,
      72,
      72,
      72,
      72,
      59,
      59,
      59,
      59,
      59,
      59,
      59,
      59,
      59,
      0,
      0,
      0,
      0,
      0,
      0,
      0,
      0,
      0,
      0,
      0,
      0,
      0,
      0,
      0,
      0,
      0,
      0,
      0,
      0,
      0,
      0,
      66,
      66,
      66,
      66,
      66,
      66,
      56,
      56,
      56,
      56,
      56,
      56,
      56,
      56,
      56,
      56,
      56,
      56,
      56,
      49,
      49,
      49,
      92,
      92,
      92,
      92,
      92,
      92,
      92,
      92,
      92,
      0,
      0,
      0,
      0,
      0,
      0,
      0,
      0,
      0,
      0,
      0,
      0,
      0,
      0,
      0,
      0,
      0,
      0,
      0,
      0,
      0,
      0,
      0,
      0,
      0,
      0,
      0,
      0,
      0,
      0,
      0,
      0,
      0,
      0,
      0,
      54,
      54,
      54,
      54,
      54,
      54,
      54,
      54,
      54,
      54,
      54,
      54,
      54,
      54,
      54,
      0,
      0,
      0,
      0,
      0,
      0,
      0,
      0,
      0,
      0,
      0,
      0,
      0,
      0,
      0,
      0,
      0,
      0,
      0,
      0,
      0,
      0,
      0,
      46,
      46,
      46,
      46,
      46,
      46,
      0,
      0,
      0,
      0,
      0,
      0,
      47,
      47,
      47,
      47,
      47
    ],
    [
      0,
      0,
      0,
      0,
      0,
      0,
      0,
      0,
      0,
      0,
      0,
      0,
      70,
      70,
      70,
      70,
      70,
      70,
      70,
      70,
      70,
      50,
      50,
      50,
      50,
      67,
      67,
      67,
      67,
      67,
      0,
      0,
      0,
      0,
      0,
      0,
      0,
      0,
      0,
      0,
      0,
      0,
      0,
      0,
      0,
      0,
      86,
      86,
      29,
      29,
      60,
      60,
      60,
      60,
      60,
      60,
      60,
      48,
      48,
      48,
      0,
      0,
      80,
      80,
      80,
      80,
      80,
      80,
      80,
      80,
      80,
      80,
      51,
      51,
      51,
      51,
      51,
      0,
      0,
      0,
      0,
      0,
      0,
      0,
      0,
      0,
      0,
      0,
      0,
      0,
      76,
      76,
      76,
      76,
      76,
      76,
      76,
      76,
      57,
      57,
      57,
      57,
      57,
      57,
      57,
      73,
      73,
      0,
      0,
      0,
      0,
      0,
      0,
      0,
      0,
      0,
      0,
      0,
      0,
      0,
      0,
      0,
      0,
      0,
      0,
      0,
      0,
      0,
      0,
      0,
      0,
      0,
      0,
      0,
      0,
      0,
      0,
      0,
      0,
      0,
      0,
      0,
      0,
      0,
      0,
      0,
      0,
      0,
      0,
      0,
      0,
      0,
      0,
      0,
      0,
      0,
      65,
      65,
      65,
      65,
      65,
      65,
      58,
      58,
      58,
      58,
      58,
      58,
      58,
      58,
      58,
      68,
      68,
      68,
      68,
      68,
      68,
      68,
      68,
      68,
      68,
      61,
      61,
      61,
      61,
      61,
      61,
      61,
      61,
      61,
      0,
      0,
      0,
      0,
      0,
      0,
      0,
      0,
      0,
      0,
      0,
      62,
      62,
      62,
      62,
      62,
      62,
      62,
      62,
      62,
      62,
      0,
      30,
      0,
      0,
      0,
      30,
      63,
      63,
      63,
      63,
      63,
      63,
      63,
      63,
      0,
      0,
      0,
      0,
      0,
      0,
      0,
      0,
      0,
      0,
      0,
      0,
      0,
      64,
      64,
      64,
      64,
      64,
      64,
      64,
      0,
      0,
      0,
      0,
      55,
      55,
      55,
      55,
      55,
      55,
      55,
      55,
      0,
      0,
      0,
      0,
      0,
      0,
      0,
      0,
      0,
      0,
      0,
      0,
      0,
      0,
      0,
      0,
      71,
      71,
      71,
      71,
      71,
      71,
      71,
      71,
      71,
      71,
      71,
      0,
      0,
      0,
      0,
      0,
      0,
      0,
      0,
      0,
      0,
      0,
      0,
      0,
      0,
      0,
      0,
      0,
      0,
      0,
      0,
      52,
      52,
      52,
      52,
      52,
      52,
      0,
      0,
      0,
      0,
      0,
      0,
      0,
      0,
      69,
      69,
      69,
      69,
      69,
      69,
      69,
      69,
      69,
      69,
      69,
      69,
      69,
      69,
      0,
      0,
      0,
      0,
      0,
      0,
      0,
      0,
      0,
      0,
      0,
      0,
      0,
      0,
      0,
      0,
      72,
      72,
      72,
      72,
      72,
      72,
      72,
      72,
      72,
      72,
      72,
      72,
      72,
      72,
      59,
      59,
      59,
      59,
      59,
      59,
      59,
      0,
      0,
      0,
      0,
      0,
      0,
      0,
      0,
      0,
      0,
      0,
      0,
      0,
      0,
      0,
      0,
      0,
      0,
      0,
      0,
      0,
      0,
      66,
      66,
      66,
      66,
      66,
      66,
      66,
      56,
      56,
      56,
      56,
      56,
      56,
      56,
      56,
      56,
      56,
      56,
      56,
      49,
      49,
      92,
      92,
      92,
      92,
      92,
      92,
      92,
      92,
      92,
      92,
      0,
      0,
      0,
      0,
      0,
      0,
      0,
      0,
      0,
      0,
      0,
      0,
      0,
      0,
      0,
      0,
      0,
      0,
      0,
      0,
      0,
      0,
      0,
      0,
      0,
      0,
      0,
      0,
      0,
      0,
      0,
      0,
      0,
      0,
      0,
      54,
      54,
      54,
      54,
      54,
      54,
      54,
      54,
      54,
      54,
      54,
      54,
      54,
      54,
      0,
      0,
      0,
      0,
      0,
      0,
      0,
      0,
      0,
      0,
      0,
      0,
      0,
      0,
      0,
      0,
      0,
      0,
      0,
      0,
      0,
      0,
      0,
      0,
      46,
      46,
      46,
      46,
      46,
      46,
      0,
      0,
      0,
      0,
      0,
      0,
      0,
      0,
      0,
      0,
      0
    ],
    [
      79,
      79,
      79,
      79,
      79,
      79,
      0,
      0,
      0,
      0,
      0,
      0,
      70,
      70,
      70,
      70,
      70,
      70,
      70,
      70,
      70,
      85,
      85,
      50,
      50,
      67,
      67,
      67,
      67,
      67,
      0,
      0,
      0,
      0,
      0,
      0,
      0,
      0,
      0,
      0,
      0,
      0,
      0,
      0,
      0,
      86,
      86,
      86,
      86,
      86,
      60,
      60,
      60,
      60,
      60,
      60,
      60,
      48,
      48,
      0,
      0,
      0,
      80,
      80,
      80,
      80,
      80,
      80,
      80,
      80,
      80,
      80,
      80,
      0,
      0,
      0,
      0,
      0,
      0,
      0,
      0,
      0,
      0,
      0,
      0,
      0,
      0,
      0,
      0,
      0,
      76,
      76,
      76,
      76,
      76,
      76,
      76,
      76,
      57,
      57,
      57,
      57,
      57,
      57,
      73,
      73,
      73,
      73,
      0,
      0,
      0,
      0,
      0,
      0,
      0,
      0,
      0,
      0,
      0,
      0,
      0,
      0,
      0,
      0,
      0,
      0,
      0,
      0,
      0,
      0,
      0,
      0,
      0,
      0,
      0,
      0,
      0,
      0,
      0,
      0,
      0,
      0,
      0,
      0,
      0,
      0,
      0,
      0,
      0,
      0,
      0,
      0,
      0,
      0,
      0,
      0,
      65,
      65,
      65,
      65,
      65,
      65,
      58,
      58,
      58,
      58,
      58,
      58,
      58,
      58,
      58,
      68,
      68,
      68,
      68,
      68,
      68,
      68,
      68,
      68,
      68,
      61,
      61,
      61,
      61,
      61,
      61,
      61,
      61,
      61,
      0,
      0,
      0,
      0,
      0,
      0,
      0,
      0,
      0,
      0,
      0,
      62,
      62,
      62,
      62,
      62,
      62,
      62,
      62,
      62,
      62,
      0,
      0,
      0,
      0,
      0,
      0,
      63,
      63,
      63,
      63,
      63,
      63,
      63,
      63,
      0,
      0,
      0,
      0,
      0,
      0,
      0,
      0,
      0,
      0,
      0,
      0,
      64,
      64,
      64,
      64,
      64,
      64,
      64,
      64,
      0,
      0,
      0,
      0,
      55,
      55,
      55,
      55,
      55,
      55,
      55,
      55,
      0,
      0,
      0,
      0,
      0,
      0,
      0,
      0,
      0,
      0,
      0,
      0,
      0,
      0,
      0,
      0,
      71,
      71,
      71,
      71,
      71,
      71,
      71,
      71,
      71,
      71,
      71,
      0,
      0,
      0,
      0,
      0,
      0,
      0,
      0,
      0,
      0,
      0,
      0,
      0,
      0,
      0,
      0,
      0,
      0,
      0,
      0,
      0,
      0,
      0,
      0,
      0,
      0,
      0,
      0,
      0,
      0,
      0,
      0,
      0,
      0,
      69,
      69,
      69,
      69,
      69,
      69,
      69,
      69,
      69,
      69,
      69,
      69,
      0,
      0,
      0,
      0,
      0,
      0,
      0,
      0,
      0,
      0,
      0,
      0,
      0,
      0,
      0,
      0,
      0,
      0,
      72,
      72,
      72,
      72,
      72,
      72,
      72,
      72,
      72,
      72,
      72,
      72,
      72,
      59,
      59,
      59,
      59,
      59,
      59,
      59,
      59,
      0,
      0,
      0,
      0,
      0,
      0,
      0,
      0,
      0,
      0,
      0,
      0,
      0,
      0,
      0,
      0,
      83,
      83,
      0,
      0,
      0,
      0,
      66,
      66,
      66,
      66,
      66,
      66,
      66,
      66,
      56,
      56,
      56,
      56,
      56,
      56,
      56,
      56,
      56,
      56,
      56,
      49,
      92,
      92,
      92,
      92,
      92,
      92,
      92,
      92,
      92,
      0,
      0,
      0,
      0,
      0,
      0,
      0,
      0,
      0,
      0,
      0,
      0,
      0,
      0,
      0,
      0,
      0,
      0,
      0,
      0,
      0,
      0,
      0,
      0,
      0,
      0,
      0,
      0,
      0,
      0,
      0,
      0,
      0,
      0,
      0,
      0,
      0,
      54,
      54,
      54,
      54,
      54,
      54,
      54,
      54,
      54,
      54,
      54,
      54,
      54,
      0,
      0,
      0,
      0,
      0,
      0,
      0,
      0,
      0,
      0,
      0,
      0,
      0,
      0,
      0,
      0,
      0,
      0,
      0,
      0,
      0,
      0,
      0,
      0,
      0,
      0,
      0,
      0,
      0,
      0,
      0,
      0,
      0,
      0,
      0,
      0,
      0,
      0,
      0,
      0,
      0,
      0
    ],
    [
      79,
      79,
      79,
      79,
      79,
      79,
      79,
      0,
      0,
      0,
      0,
      0,
      70,
      70,
      70,
      70,
      70,
      70,
      70,
      70,
      70,
      85,
      85,
      50,
      50,
      67,
      67,
      67,
      67,
      67,
      0,
      0,
      0,
      0,
      0,
      0,
      74,
      74,
      74,
      74,
      74,
      74,
      109,
      0,
      0,
      86,
      86,
      86,
      86,
      86,
      60,
      60,
      60,
      60,
      60,
      60,
      60,
      48,
      48,
      0,
      0,
      0,
      0,
      80,
      80,
      80,
      80,
      80,
      80,
      80,
      80,
      80,
      80,
      80,
      0,
      0,
      0,
      0,
      0,
      0,
      0,
      0,
      0,
      0,
      0,
      0,
      0,
      0,
      0,
      0,
      0,
      76,
      76,
      76,
      76,
      76,
      76,
      76,
      76,
      76,
      76,
      57,
      57,
      57,
      73,
      73,
      73,
      73,
      0,
      0,
      0,
      0,
      0,
      0,
      0,
      0,
      0,
      0,
      0,
      0,
      0,
      0,
      0,
      0,
      0,
      0,
      0,
      0,
      89,
      89,
      89,
      89,
      89,
      89,
      89,
      0,
      0,
      0,
      0,
      0,
      0,
      0,
      0,
      0,
      0,
      0,
      0,
      0,
      0,
      0,
      0,
      0,
      0,
      0,
      0,
      0,
      65,
      65,
      65,
      65,
      65,
      65,
      58,
      77,
      58,
      58,
      58,
      58,
      58,
      58,
      91,
      91,
      91,
      91,
      87,
      87,
      87,
      68,
      68,
      68,
      68,
      68,
      61,
      61,
      61,
      61,
      61,
      61,
      61,
      61,
      0,
      0,
      0,
      0,
      0,
      0,
      0,
      0,
      0,
      0,
      0,
      62,
      62,
      62,
      62,
      62,
      62,
      62,
      62,
      62,
      0,
      0,
      0,
      0,
      0,
      0,
      0,
      0,
      63,
      63,
      63,
      63,
      63,
      63,
      63,
      0,
      0,
      0,
      0,
      0,
      0,
      0,
      0,
      0,
      0,
      0,
      0,
      0,
      0,
      64,
      64,
      64,
      64,
      64,
      64,
      0,
      0,
      0,
      0,
      0,
      0,
      0,
      0,
      0,
      0,
      0,
      0,
      0,
      0,
      0,
      0,
      0,
      0,
      0,
      0,
      0,
      0,
      0,
      0,
      0,
      0,
      0,
      0,
      71,
      71,
      71,
      71,
      71,
      71,
      71,
      71,
      71,
      71,
      71,
      0,
      0,
      0,
      0,
      0,
      0,
      0,
      0,
      0,
      0,
      0,
      0,
      0,
      0,
      0,
      0,
      0,
      0,
      0,
      0,
      0,
      0,
      0,
      0,
      0,
      0,
      0,
      0,
      0,
      0,
      0,
      0,
      0,
      0,
      69,
      69,
      69,
      69,
      69,
      69,
      69,
      69,
      69,
      69,
      69,
      0,
      0,
      0,
      0,
      0,
      0,
      0,
      0,
      0,
      0,
      0,
      0,
      0,
      0,
      0,
      0,
      0,
      0,
      0,
      72,
      72,
      72,
      72,
      72,
      72,
      72,
      72,
      72,
      72,
      72,
      72,
      72,
      72,
      59,
      59,
      59,
      59,
      59,
      59,
      59,
      0,
      0,
      0,
      0,
      0,
      0,
      0,
      0,
      0,
      0,
      0,
      0,
      0,
      0,
      0,
      0,
      83,
      83,
      83,
      0,
      0,
      0,
      66,
      66,
      66,
      66,
      66,
      66,
      66,
      66,
      66,
      56,
      56,
      56,
      56,
      56,
      56,
      56,
      56,
      56,
      56,
      92,
      92,
      92,
      92,
      92,
      92,
      92,
      92,
      92,
      92,
      78,
      78,
      78,
      78,
      0,
      0,
      0,
      0,
      0,
      0,
      0,
      0,
      0,
      0,
      0,
      0,
      0,
      0,
      0,
      0,
      0,
      0,
      0,
      0,
      0,
      0,
      0,
      0,
      0,
      0,
      0,
      0,
      0,
      0,
      0,
      0,
      54,
      54,
      54,
      54,
      54,
      54,
      54,
      54,
      54,
      54,
      54,
      54,
      54,
      0,
      0,
      0,
      0,
      0,
      0,
      0,
      0,
      0,
      0,
      0,
      0,
      0,
      0,
      0,
      0,
      0,
      0,
      0,
      0,
      0,
      0,
      0,
      0,
      0,
      0,
      0,
      0,
      0,
      0,
      0,
      0,
      0,
      0,
      0,
      0,
      0,
      0,
      0,
      0,
      0,
      0,
      0
    ],
    [
      79,
      79,
      79,
      79,
      79,
      79,
      79,
      79,
      0,
      0,
      0,
      0,
      70,
      70,
      70,
      70,
      70,
      70,
      70,
      70,
      70,
      85,
      85,
      50,
      50,
      67,
      67,
      67,
      67,
      0,
      0,
      0,
      0,
      0,
      0,
      0,
      74,
      74,
      74,
      74,
      74,
      74,
      109,
      0,
      0,
      86,
      86,
      86,
      86,
      86,
      86,
      60,
      60,
      60,
      60,
      60,
      60,
      48,
      96,
      0,
      0,
      0,
      0,
      80,
      80,
      80,
      80,
      80,
      80,
      80,
      80,
      80,
      80,
      80,
      80,
      0,
      0,
      0,
      0,
      0,
      0,
      0,
      0,
      0,
      75,
      75,
      75,
      75,
      75,
      75,
      75,
      75,
      76,
      76,
      76,
      76,
      76,
      76,
      76,
      76,
      76,
      76,
      76,
      57,
      73,
      73,
      73,
      73,
      73,
      0,
      0,
      81,
      81,
      81,
      81,
      81,
      81,
      81,
      81,
      81,
      81,
      0,
      0,
      0,
      0,
      0,
      0,
      0,
      89,
      89,
      89,
      89,
      89,
      89,
      89,
      89,
      0,
      0,
      0,
      0,
      0,
      0,
      0,
      0,
      0,
      0,
      0,
      0,
      0,
      0,
      0,
      0,
      0,
      0,
      0,
      0,
      65,
      65,
      65,
      65,
      65,
      65,
      58,
      77,
      77,
      77,
      77,
      77,
      77,
      91,
      91,
      91,
      91,
      91,
      87,
      87,
      87,
      68,
      68,
      68,
      68,
      68,
      87,
      0,
      0,
      0,
      0,
      0,
      0,
      0,
      0,
      0,
      0,
      0,
      0,
      0,
      0,
      0,
      0,
      0,
      0,
      0,
      62,
      62,
      62,
      62,
      62,
      62,
      62,
      62,
      0,
      0,
      0,
      0,
      0,
      0,
      0,
      0,
      0,
      0,
      0,
      0,
      0,
      0,
      0,
      0,
      0,
      0,
      0,
      0,
      0,
      0,
      0,
      0,
      0,
      0,
      0,
      0,
      0,
      0,
      0,
      0,
      0,
      0,
      0,
      0,
      0,
      0,
      0,
      0,
      0,
      0,
      0,
      0,
      0,
      0,
      0,
      0,
      0,
      0,
      0,
      0,
      0,
      0,
      0,
      0,
      0,
      0,
      0,
      0,
      0,
      0,
      0,
      71,
      71,
      71,
      71,
      71,
      71,
      71,
      71,
      71,
      71,
      71,
      0,
      0,
      0,
      0,
      0,
      0,
      0,
      0,
      0,
      0,
      0,
      0,
      0,
      0,
      0,
      0,
      0,
      0,
      0,
      0,
      0,
      0,
      0,
      0,
      0,
      0,
      0,
      0,
      0,
      0,
      0,
      0,
      0,
      0,
      69,
      69,
      69,
      69,
      69,
      69,
      69,
      69,
      69,
      69,
      0,
      0,
      0,
      0,
      0,
      0,
      0,
      0,
      0,
      0,
      0,
      0,
      0,
      0,
      0,
      0,
      0,
      0,
      0,
      0,
      72,
      72,
      72,
      72,
      72,
      72,
      72,
      72,
      72,
      72,
      72,
      72,
      72,
      95,
      95,
      95,
      95,
      95,
      59,
      59,
      59,
      0,
      0,
      0,
      0,
      0,
      0,
      0,
      0,
      0,
      0,
      0,
      0,
      0,
      0,
      0,
      0,
      83,
      83,
      83,
      0,
      0,
      0,
      66,
      66,
      66,
      66,
      66,
      66,
      66,
      66,
      66,
      66,
      56,
      56,
      56,
      56,
      56,
      56,
      92,
      92,
      92,
      92,
      92,
      92,
      92,
      92,
      92,
      92,
      92,
      92,
      78,
      78,
      78,
      78,
      78,
      0,
      0,
      0,
      0,
      0,
      0,
      0,
      0,
      0,
      0,
      0,
      0,
      0,
      0,
      0,
      0,
      0,
      0,
      0,
      0,
      0,
      0,
      0,
      0,
      0,
      0,
      0,
      0,
      0,
      0,
      0,
      54,
      54,
      54,
      54,
      54,
      54,
      54,
      54,
      54,
      54,
      54,
      54,
      54,
      54,
      0,
      0,
      0,
      0,
      0,
      0,
      0,
      0,
      0,
      0,
      0,
      0,
      0,
      0,
      0,
      0,
      0,
      0,
      0,
      0,
      0,
      0,
      0,
      0,
      0,
      0,
      0,
      0,
      0,
      0,
      0,
      0,
      0,
      0,
      0,
      0,
      0,
      0,
      0,
      0,
      0,
      0,
      0
    ],
    [
      79,
      79,
      79,
      79,
      79,
      79,
      79,
      79,
      0,
      0,
      0,
      70,
      70,
      70,
      70,
      70,
      70,
      70,
      70,
      70,
      70,
      85,
      85,
      67,
      67,
      67,
      67,
      67,
      67,
      0,
      0,
      0,
      0,
      0,
      0,
      0,
      74,
      74,
      74,
      74,
      74,
      74,
      109,
      109,
      0,
      86,
      86,
      86,
      86,
      86,
      86,
      96,
      60,
      60,
      60,
      60,
      60,
      96,
      96,
      0,
      0,
      0,
      0,
      80,
      80,
      80,
      80,
      80,
      80,
      80,
      80,
      80,
      80,
      80,
      80,
      0,
      0,
      0,
      0,
      0,
      0,
      0,
      0,
      0,
      75,
      75,
      75,
      75,
      75,
      75,
      75,
      75,
      76,
      76,
      76,
      76,
      76,
      76,
      76,
      76,
      76,
      76,
      76,
      57,
      73,
      73,
      73,
      73,
      73,
      0,
      0,
      81,
      81,
      81,
      81,
      81,
      81,
      81,
      81,
      81,
      81,
      0,
      0,
      0,
      0,
      0,
      0,
      0,
      89,
      89,
      89,
      89,
      89,
      89,
      89,
      89,
      0,
      0,
      0,
      0,
      0,
      0,
      0,
      90,
      90,
      90,
      90,
      90,
      90,
      90,
      90,
      0,
      0,
      0,
      0,
      0,
      65,
      65,
      65,
      65,
      65,
      65,
      58,
      77,
      77,
      77,
      91,
      91,
      91,
      91,
      91,
      91,
      91,
      91,
      87,
      87,
      87,
      68,
      68,
      87,
      87,
      87,
      87,
      0,
      0,
      0,
      0,
      0,
      0,
      0,
      0,
      0,
      0,
      0,
      0,
      0,
      0,
      0,
      0,
      0,
      0,
      0,
      0,
      0,
      0,
      0,
      0,
      0,
      0,
      0,
      0,
      0,
      0,
      0,
      0,
      0,
      0,
      0,
      0,
      0,
      0,
      0,
      0,
      0,
      0,
      0,
      0,
      0,
      0,
      0,
      0,
      0,
      0,
      0,
      0,
      0,
      0,
      0,
      82,
      82,
      82,
      82,
      82,
      82,
      82,
      82,
      82,
      82,
      82,
      82,
      82,
      0,
      0,
      0,
      0,
      0,
      0,
      0,
      0,
      0,
      0,
      0,
      0,
      0,
      0,
      0,
      0,
      0,
      0,
      0,
      98,
      98,
      0,
      71,
      71,
      71,
      71,
      71,
      71,
      71,
      71,
      71,
      71,
      71,
      0,
      0,
      0,
      0,
      0,
      0,
      0,
      0,
      0,
      0,
      0,
      0,
      0,
      0,
      0,
      0,
      0,
      0,
      0,
      0,
      0,
      0,
      0,
      0,
      0,
      0,
      0,
      0,
      0,
      0,
      0,
      0,
      0,
      0,
      69,
      69,
      69,
      69,
      69,
      69,
      69,
      69,
      69,
      69,
      0,
      0,
      0,
      0,
      0,
      0,
      0,
      0,
      0,
      0,
      0,
      0,
      0,
      0,
      0,
      0,
      0,
      0,
      0,
      72,
      72,
      72,
      72,
      72,
      72,
      72,
      72,
      72,
      72,
      72,
      72,
      72,
      72,
      95,
      95,
      95,
      95,
      95,
      59,
      59,
      59,
      0,
      0,
      0,
      0,
      0,
      0,
      0,
      83,
      83,
      83,
      83,
      83,
      83,
      0,
      0,
      0,
      83,
      83,
      83,
      0,
      0,
      0,
      0,
      0,
      0,
      0,
      0,
      0,
      0,
      0,
      0,
      0,
      0,
      0,
      0,
      0,
      0,
      92,
      92,
      92,
      92,
      92,
      92,
      92,
      92,
      92,
      92,
      92,
      92,
      92,
      78,
      78,
      78,
      78,
      78,
      0,
      0,
      0,
      0,
      0,
      0,
      0,
      0,
      0,
      0,
      0,
      0,
      0,
      0,
      0,
      0,
      0,
      0,
      0,
      0,
      0,
      0,
      0,
      0,
      0,
      0,
      0,
      0,
      0,
      0,
      0,
      84,
      84,
      84,
      84,
      84,
      84,
      54,
      54,
      54,
      54,
      54,
      54,
      54,
      114,
      0,
      0,
      0,
      0,
      0,
      0,
      0,
      0,
      0,
      0,
      0,
      0,
      0,
      0,
      0,
      0,
      0,
      0,
      0,
      0,
      0,
      0,
      0,
      0,
      0,
      0,
      0,
      0,
      0,
      0,
      0,
      0,
      0,
      0,
      0,
      0,
      0,
      0,
      0,
      0,
      0,
      0,
      0
    ],
    [
      79,
      79,
      79,
      79,
      79,
      79,
      79,
      79,
      100,
      100,
      70,
      70,
      70,
      70,
      70,
      70,
      70,
      70,
      70,
      70,
      70,
      85,
      85,
      85,
      85,
      85,
      85,
      85,
      0,
      0,
      0,
      0,
      0,
      0,
      0,
      0,
      74,
      74,
      74,
      74,
      74,
      74,
      109,
      109,
      0,
      86,
      86,
      86,
      86,
      86,
      86,
      96,
      96,
      96,
      96,
      96,
      96,
      96,
      96,
      0,
      0,
      0,
      0,
      80,
      80,
      80,
      80,
      80,
      80,
      80,
      80,
      80,
      80,
      80,
      80,
      80,
      0,
      0,
      0,
      0,
      0,
      0,
      0,
      0,
      75,
      75,
      75,
      75,
      75,
      75,
      75,
      75,
      76,
      76,
      76,
      76,
      76,
      76,
      76,
      76,
      76,
      76,
      76,
      57,
      73,
      73,
      73,
      73,
      73,
      73,
      81,
      81,
      81,
      81,
      81,
      81,
      81,
      81,
      81,
      81,
      81,
      0,
      0,
      0,
      0,
      0,
      0,
      0,
      89,
      89,
      89,
      89,
      89,
      89,
      89,
      89,
      89,
      89,
      89,
      89,
      89,
      89,
      90,
      90,
      90,
      90,
      90,
      90,
      90,
      90,
      90,
      90,
      0,
      0,
      0,
      0,
      65,
      65,
      65,
      65,
      65,
      65,
      58,
      77,
      77,
      77,
      91,
      91,
      91,
      91,
      91,
      91,
      91,
      91,
      87,
      87,
      87,
      87,
      87,
      87,
      87,
      87,
      87,
      0,
      0,
      0,
      0,
      0,
      0,
      0,
      0,
      0,
      0,
      0,
      0,
      0,
      0,
      0,
      0,
      0,
      0,
      0,
      0,
      0,
      0,
      0,
      0,
      0,
      0,
      0,
      0,
      0,
      0,
      0,
      0,
      0,
      0,
      0,
      0,
      0,
      0,
      0,
      0,
      0,
      0,
      0,
      0,
      0,
      0,
      0,
      0,
      0,
      0,
      0,
      0,
      0,
      0,
      0,
      82,
      82,
      82,
      82,
      82,
      82,
      82,
      82,
      82,
      82,
      0,
      0,
      0,
      0,
      0,
      0,
      0,
      0,
      0,
      0,
      0,
      0,
      0,
      0,
      0,
      0,
      0,
      0,
      0,
      0,
      98,
      98,
      98,
      98,
      98,
      98,
      71,
      71,
      71,
      71,
      71,
      71,
      71,
      71,
      71,
      71,
      0,
      0,
      0,
      0,
      0,
      0,
      0,
      0,
      0,
      0,
      0,
      0,
      0,
      0,
      0,
      0,
      0,
      0,
      0,
      0,
      0,
      0,
      0,
      0,
      0,
      0,
      0,
      0,
      0,
      0,
      0,
      0,
      0,
      0,
      69,
      69,
      69,
      69,
      69,
      69,
      69,
      69,
      69,
      0,
      0,
      0,
      0,
      0,
      0,
      0,
      0,
      0,
      0,
      0,
      0,
      0,
      0,
      0,
      0,
      0,
      0,
      0,
      0,
      0,
      0,
      0,
      0,
      0,
      0,
      72,
      72,
      72,
      72,
      95,
      95,
      95,
      95,
      95,
      95,
      95,
      95,
      95,
      59,
      59,
      0,
      0,
      0,
      0,
      0,
      0,
      0,
      0,
      83,
      83,
      83,
      83,
      83,
      83,
      83,
      83,
      83,
      83,
      83,
      83,
      0,
      0,
      0,
      0,
      0,
      0,
      0,
      0,
      0,
      105,
      105,
      105,
      105,
      105,
      105,
      105,
      105,
      105,
      92,
      92,
      92,
      92,
      92,
      92,
      92,
      92,
      92,
      92,
      92,
      92,
      92,
      78,
      78,
      78,
      78,
      78,
      0,
      88,
      88,
      88,
      88,
      88,
      88,
      88,
      88,
      88,
      0,
      0,
      0,
      0,
      0,
      0,
      0,
      0,
      0,
      0,
      0,
      0,
      0,
      0,
      0,
      0,
      0,
      0,
      0,
      106,
      107,
      84,
      84,
      84,
      84,
      84,
      84,
      54,
      54,
      54,
      54,
      54,
      114,
      114,
      114,
      0,
      0,
      0,
      0,
      0,
      0,
      0,
      0,
      0,
      0,
      0,
      0,
      0,
      0,
      0,
      0,
      0,
      0,
      0,
      0,
      0,
      0,
      0,
      0,
      0,
      0,
      0,
      0,
      0,
      0,
      0,
      0,
      0,
      0,
      0,
      0,
      0,
      0,
      0,
      0,
      0,
      0,
      0
    ],
    [
      79,
      79,
      79,
      79,
      79,
      79,
      79,
      79,
      100,
      100,
      70,
      70,
      70,
      70,
      70,
      70,
      70,
      70,
      70,
      85,
      85,
      85,
      85,
      85,
      85,
      85,
      85,
      0,
      0,
      0,
      0,
      0,
      0,
      0,
      0,
      0,
      74,
      74,
      74,
      74,
      74,
      74,
      109,
      109,
      109,
      86,
      86,
      86,
      86,
      86,
      86,
      96,
      96,
      96,
      96,
      96,
      96,
      96,
      96,
      0,
      0,
      0,
      0,
      0,
      0,
      0,
      0,
      80,
      80,
      80,
      80,
      80,
      80,
      80,
      80,
      80,
      80,
      0,
      0,
      0,
      0,
      0,
      0,
      0,
      75,
      75,
      75,
      75,
      75,
      75,
      75,
      75,
      75,
      76,
      76,
      76,
      76,
      76,
      76,
      76,
      76,
      76,
      76,
      57,
      73,
      73,
      73,
      73,
      73,
      73,
      81,
      81,
      81,
      81,
      81,
      81,
      81,
      81,
      81,
      81,
      81,
      0,
      0,
      0,
      0,
      89,
      89,
      89,
      89,
      89,
      89,
      89,
      89,
      89,
      89,
      89,
      89,
      89,
      89,
      89,
      89,
      89,
      90,
      90,
      90,
      90,
      90,
      90,
      90,
      90,
      90,
      90,
      0,
      0,
      0,
      65,
      65,
      65,
      65,
      65,
      65,
      77,
      58,
      77,
      77,
      77,
      91,
      91,
      91,
      91,
      91,
      91,
      87,
      87,
      87,
      87,
      87,
      87,
      87,
      87,
      87,
      87,
      87,
      0,
      0,
      0,
      0,
      0,
      0,
      0,
      0,
      0,
      0,
      0,
      0,
      0,
      0,
      0,
      0,
      0,
      0,
      0,
      0,
      0,
      0,
      0,
      0,
      0,
      0,
      0,
      0,
      0,
      0,
      0,
      0,
      0,
      0,
      0,
      0,
      0,
      0,
      0,
      0,
      0,
      0,
      0,
      0,
      0,
      0,
      0,
      0,
      0,
      0,
      0,
      0,
      82,
      82,
      82,
      82,
      82,
      82,
      82,
      82,
      82,
      82,
      82,
      82,
      82,
      0,
      0,
      0,
      0,
      0,
      0,
      0,
      0,
      0,
      0,
      0,
      0,
      0,
      0,
      0,
      0,
      0,
      0,
      0,
      0,
      98,
      98,
      98,
      98,
      98,
      98,
      98,
      71,
      71,
      71,
      71,
      71,
      71,
      71,
      71,
      71,
      0,
      0,
      0,
      0,
      0,
      0,
      0,
      0,
      0,
      0,
      0,
      0,
      0,
      0,
      0,
      0,
      0,
      0,
      0,
      0,
      0,
      0,
      0,
      0,
      0,
      0,
      0,
      0,
      0,
      0,
      0,
      0,
      0,
      0,
      69,
      69,
      69,
      69,
      69,
      69,
      69,
      69,
      69,
      0,
      0,
      0,
      0,
      0,
      0,
      0,
      0,
      0,
      0,
      0,
      0,
      0,
      0,
      0,
      0,
      0,
      0,
      0,
      0,
      0,
      0,
      0,
      0,
      0,
      0,
      72,
      72,
      72,
      72,
      95,
      95,
      95,
      95,
      95,
      95,
      95,
      95,
      95,
      95,
      0,
      0,
      0,
      0,
      0,
      0,
      0,
      0,
      0,
      0,
      83,
      83,
      83,
      83,
      83,
      83,
      83,
      83,
      83,
      83,
      83,
      0,
      0,
      0,
      0,
      0,
      0,
      0,
      0,
      0,
      105,
      105,
      105,
      105,
      105,
      105,
      105,
      105,
      92,
      92,
      92,
      92,
      92,
      92,
      92,
      92,
      92,
      92,
      92,
      92,
      92,
      92,
      78,
      78,
      78,
      78,
      78,
      88,
      88,
      88,
      88,
      88,
      88,
      88,
      88,
      88,
      88,
      0,
      0,
      0,
      0,
      0,
      0,
      0,
      0,
      0,
      0,
      0,
      0,
      0,
      0,
      0,
      0,
      0,
      0,
      0,
      106,
      107,
      84,
      84,
      84,
      84,
      84,
      84,
      54,
      54,
      54,
      54,
      114,
      114,
      114,
      114,
      0,
      0,
      0,
      0,
      0,
      0,
      0,
      0,
      0,
      0,
      0,
      0,
      0,
      0,
      0,
      0,
      0,
      0,
      0,
      0,
      0,
      0,
      0,
      0,
      0,
      0,
      0,
      0,
      0,
      0,
      0,
      0,
      0,
      0,
      0,
      0,
      0,
      0,
      0,
      0,
      0,
      0,
      0
    ],
    [
      79,
      79,
      79,
      79,
      79,
      79,
      79,
      79,
      100,
      100,
      70,
      70,
      70,
      70,
      70,
      70,
      70,
      70,
      85,
      85,
      85,
      85,
      85,
      85,
      85,
      85,
      0,
      0,
      0,
      0,
      0,
      0,
      0,
      0,
      0,
      0,
      0,
      0,
      0,
      0,
      0,
      74,
      109,
      109,
      109,
      86,
      86,
      86,
      86,
      86,
      86,
      96,
      96,
      96,
      96,
      96,
      96,
      96,
      96,
      0,
      0,
      0,
      0,
      0,
      0,
      0,
      0,
      80,
      80,
      80,
      80,
      80,
      80,
      80,
      80,
      80,
      80,
      0,
      0,
      0,
      0,
      0,
      0,
      0,
      75,
      75,
      75,
      75,
      75,
      75,
      75,
      75,
      75,
      76,
      76,
      76,
      76,
      76,
      76,
      76,
      76,
      76,
      76,
      93,
      93,
      93,
      93,
      93,
      93,
      93,
      93,
      81,
      81,
      81,
      81,
      81,
      81,
      81,
      81,
      81,
      81,
      0,
      0,
      0,
      0,
      89,
      89,
      89,
      89,
      89,
      89,
      89,
      89,
      89,
      89,
      89,
      89,
      89,
      89,
      89,
      89,
      89,
      90,
      90,
      90,
      90,
      90,
      90,
      90,
      90,
      90,
      90,
      0,
      0,
      0,
      65,
      65,
      65,
      65,
      77,
      77,
      77,
      58,
      77,
      77,
      77,
      91,
      91,
      91,
      91,
      91,
      91,
      87,
      87,
      87,
      87,
      87,
      87,
      87,
      87,
      87,
      87,
      94,
      0,
      0,
      0,
      0,
      0,
      0,
      0,
      0,
      0,
      0,
      0,
      0,
      0,
      0,
      0,
      0,
      0,
      0,
      0,
      0,
      0,
      0,
      0,
      0,
      0,
      0,
      0,
      0,
      0,
      0,
      0,
      0,
      0,
      0,
      0,
      0,
      0,
      0,
      0,
      0,
      0,
      0,
      0,
      0,
      0,
      0,
      0,
      0,
      0,
      0,
      0,
      82,
      82,
      82,
      82,
      82,
      82,
      82,
      82,
      82,
      82,
      82,
      82,
      0,
      0,
      0,
      0,
      0,
      0,
      0,
      0,
      0,
      0,
      0,
      0,
      0,
      0,
      0,
      0,
      0,
      0,
      0,
      0,
      0,
      0,
      98,
      98,
      98,
      98,
      98,
      98,
      98,
      98,
      98,
      98,
      0,
      0,
      0,
      0,
      0,
      0,
      0,
      0,
      0,
      0,
      0,
      0,
      0,
      0,
      0,
      0,
      0,
      0,
      0,
      0,
      0,
      0,
      0,
      0,
      0,
      0,
      0,
      0,
      0,
      0,
      0,
      0,
      0,
      0,
      0,
      0,
      0,
      0,
      0,
      0,
      0,
      69,
      69,
      69,
      69,
      69,
      69,
      69,
      69,
      0,
      0,
      0,
      0,
      0,
      0,
      0,
      0,
      0,
      0,
      0,
      0,
      0,
      0,
      0,
      0,
      0,
      0,
      0,
      0,
      0,
      0,
      0,
      0,
      0,
      0,
      72,
      72,
      72,
      72,
      95,
      104,
      95,
      95,
      95,
      95,
      95,
      95,
      95,
      95,
      0,
      0,
      0,
      0,
      0,
      0,
      0,
      0,
      83,
      83,
      83,
      83,
      83,
      83,
      83,
      83,
      83,
      83,
      83,
      83,
      83,
      0,
      0,
      0,
      0,
      0,
      0,
      0,
      0,
      0,
      105,
      105,
      105,
      105,
      105,
      105,
      105,
      105,
      92,
      92,
      92,
      92,
      92,
      92,
      92,
      92,
      92,
      92,
      92,
      92,
      92,
      92,
      92,
      78,
      78,
      78,
      78,
      88,
      88,
      88,
      88,
      88,
      88,
      88,
      88,
      88,
      88,
      0,
      0,
      0,
      0,
      0,
      0,
      0,
      99,
      99,
      99,
      99,
      99,
      99,
      0,
      0,
      0,
      0,
      0,
      0,
      106,
      107,
      84,
      84,
      84,
      84,
      84,
      84,
      54,
      54,
      54,
      54,
      114,
      114,
      114,
      114,
      0,
      0,
      0,
      0,
      0,
      0,
      0,
      0,
      0,
      0,
      0,
      0,
      0,
      0,
      0,
      0,
      0,
      0,
      0,
      0,
      0,
      0,
      0,
      0,
      0,
      0,
      0,
      0,
      0,
      0,
      0,
      0,
      0,
      0,
      0,
      0,
      0,
      0,
      0,
      0,
      0,
      0,
      0
    ],
    [
      79,
      79,
      79,
      79,
      79,
      79,
      79,
      79,
      100,
      100,
      70,
      70,
      70,
      70,
      70,
      70,
      70,
      85,
      85,
      85,
      85,
      85,
      85,
      85,
      85,
      85,
      0,
      0,
      0,
      0,
      0,
      0,
      0,
      0,
      0,
      0,
      0,
      0,
      0,
      0,
      0,
      109,
      109,
      109,
      109,
      86,
      86,
      86,
      86,
      86,
      86,
      96,
      96,
      96,
      96,
      96,
      96,
      96,
      96,
      0,
      0,
      0,
      0,
      0,
      0,
      0,
      0,
      80,
      80,
      80,
      80,
      80,
      80,
      80,
      80,
      80,
      80,
      0,
      0,
      0,
      0,
      0,
      0,
      0,
      75,
      75,
      75,
      75,
      75,
      75,
      75,
      75,
      75,
      110,
      76,
      76,
      76,
      76,
      76,
      76,
      76,
      93,
      93,
      93,
      93,
      93,
      93,
      93,
      93,
      93,
      93,
      93,
      93,
      93,
      93,
      81,
      81,
      81,
      81,
      81,
      81,
      0,
      0,
      0,
      0,
      89,
      89,
      89,
      89,
      89,
      89,
      89,
      89,
      89,
      89,
      89,
      89,
      89,
      89,
      89,
      89,
      89,
      90,
      90,
      90,
      90,
      90,
      90,
      90,
      90,
      90,
      90,
      0,
      0,
      0,
      65,
      65,
      65,
      65,
      77,
      77,
      77,
      77,
      91,
      91,
      91,
      91,
      91,
      91,
      91,
      91,
      91,
      87,
      87,
      87,
      87,
      87,
      87,
      87,
      87,
      87,
      94,
      94,
      0,
      0,
      0,
      0,
      0,
      0,
      0,
      0,
      0,
      0,
      0,
      0,
      0,
      0,
      0,
      0,
      0,
      0,
      0,
      0,
      0,
      0,
      0,
      0,
      0,
      0,
      0,
      0,
      0,
      0,
      0,
      0,
      0,
      0,
      0,
      0,
      0,
      0,
      0,
      0,
      0,
      0,
      0,
      0,
      0,
      0,
      0,
      0,
      0,
      0,
      97,
      97,
      97,
      97,
      97,
      97,
      97,
      97,
      97,
      97,
      97,
      97,
      97,
      0,
      0,
      0,
      0,
      0,
      0,
      0,
      0,
      0,
      0,
      0,
      0,
      0,
      0,
      0,
      0,
      0,
      0,
      0,
      0,
      0,
      0,
      98,
      98,
      98,
      98,
      98,
      98,
      98,
      98,
      98,
      98,
      98,
      0,
      0,
      0,
      0,
      0,
      0,
      0,
      0,
      0,
      0,
      0,
      0,
      0,
      0,
      0,
      0,
      0,
      0,
      0,
      0,
      0,
      0,
      0,
      0,
      103,
      103,
      103,
      0,
      0,
      0,
      0,
      0,
      0,
      0,
      0,
      0,
      0,
      0,
      0,
      0,
      69,
      69,
      69,
      69,
      69,
      69,
      69,
      69,
      0,
      0,
      0,
      0,
      0,
      0,
      0,
      0,
      0,
      0,
      0,
      0,
      0,
      0,
      0,
      0,
      0,
      0,
      0,
      0,
      0,
      0,
      0,
      0,
      0,
      0,
      72,
      72,
      104,
      104,
      104,
      104,
      95,
      95,
      95,
      95,
      95,
      95,
      95,
      95,
      0,
      0,
      0,
      0,
      0,
      0,
      0,
      0,
      0,
      0,
      0,
      0,
      83,
      83,
      83,
      83,
      83,
      83,
      83,
      0,
      0,
      0,
      0,
      0,
      0,
      0,
      0,
      0,
      0,
      0,
      105,
      105,
      105,
      105,
      105,
      105,
      105,
      105,
      92,
      92,
      92,
      92,
      92,
      92,
      92,
      92,
      92,
      92,
      92,
      92,
      92,
      92,
      92,
      78,
      78,
      78,
      78,
      88,
      88,
      88,
      88,
      88,
      88,
      88,
      88,
      88,
      88,
      0,
      0,
      0,
      0,
      0,
      99,
      99,
      99,
      99,
      99,
      99,
      99,
      99,
      99,
      99,
      0,
      0,
      0,
      0,
      106,
      107,
      84,
      84,
      84,
      84,
      84,
      84,
      54,
      54,
      114,
      114,
      114,
      114,
      114,
      114,
      0,
      0,
      0,
      0,
      0,
      0,
      0,
      0,
      0,
      0,
      0,
      0,
      0,
      0,
      0,
      0,
      0,
      0,
      0,
      0,
      0,
      0,
      0,
      0,
      0,
      0,
      0,
      0,
      0,
      0,
      0,
      0,
      0,
      0,
      0,
      0,
      0,
      0,
      0,
      0,
      0,
      0,
      0
    ],
    [
      79,
      79,
      79,
      79,
      79,
      79,
      79,
      100,
      100,
      100,
      70,
      70,
      70,
      70,
      70,
      70,
      70,
      101,
      101,
      101,
      101,
      101,
      101,
      85,
      85,
      85,
      0,
      0,
      0,
      0,
      0,
      0,
      0,
      0,
      0,
      0,
      0,
      0,
      0,
      0,
      0,
      109,
      109,
      109,
      109,
      86,
      86,
      86,
      86,
      86,
      86,
      96,
      96,
      96,
      96,
      96,
      96,
      96,
      96,
      0,
      0,
      0,
      0,
      0,
      0,
      0,
      0,
      0,
      0,
      0,
      0,
      0,
      0,
      0,
      0,
      0,
      0,
      0,
      0,
      0,
      0,
      0,
      0,
      0,
      75,
      75,
      75,
      75,
      75,
      75,
      75,
      75,
      75,
      110,
      110,
      76,
      76,
      76,
      76,
      76,
      93,
      93,
      93,
      93,
      93,
      93,
      93,
      93,
      93,
      93,
      93,
      93,
      93,
      93,
      93,
      93,
      81,
      81,
      81,
      81,
      81,
      81,
      0,
      0,
      0,
      89,
      89,
      89,
      89,
      89,
      89,
      89,
      89,
      89,
      89,
      89,
      89,
      89,
      89,
      89,
      89,
      89,
      90,
      90,
      90,
      90,
      90,
      90,
      90,
      90,
      90,
      90,
      0,
      164,
      164,
      65,
      65,
      65,
      65,
      77,
      77,
      77,
      77,
      77,
      91,
      91,
      91,
      91,
      91,
      91,
      91,
      91,
      0,
      87,
      87,
      87,
      94,
      94,
      94,
      94,
      94,
      94,
      94,
      0,
      0,
      0,
      0,
      0,
      0,
      0,
      0,
      0,
      0,
      0,
      0,
      0,
      0,
      0,
      0,
      0,
      0,
      0,
      0,
      0,
      0,
      0,
      0,
      0,
      0,
      0,
      0,
      0,
      0,
      0,
      0,
      0,
      0,
      0,
      0,
      0,
      0,
      0,
      0,
      0,
      0,
      0,
      0,
      0,
      0,
      0,
      0,
      0,
      0,
      97,
      97,
      97,
      97,
      97,
      97,
      97,
      97,
      97,
      97,
      97,
      97,
      97,
      97,
      0,
      0,
      0,
      0,
      0,
      0,
      0,
      0,
      0,
      0,
      0,
      0,
      0,
      0,
      0,
      0,
      0,
      0,
      98,
      98,
      98,
      98,
      98,
      98,
      98,
      98,
      98,
      98,
      98,
      98,
      98,
      98,
      98,
      98,
      0,
      0,
      0,
      0,
      0,
      0,
      0,
      0,
      0,
      0,
      0,
      0,
      0,
      103,
      103,
      103,
      103,
      103,
      103,
      103,
      103,
      103,
      103,
      103,
      103,
      103,
      103,
      0,
      0,
      0,
      0,
      0,
      0,
      0,
      0,
      0,
      0,
      0,
      69,
      69,
      69,
      69,
      69,
      69,
      69,
      0,
      0,
      0,
      0,
      0,
      0,
      0,
      0,
      0,
      0,
      0,
      0,
      0,
      0,
      0,
      0,
      0,
      0,
      0,
      0,
      0,
      0,
      0,
      0,
      0,
      0,
      0,
      72,
      72,
      104,
      104,
      104,
      104,
      104,
      95,
      95,
      95,
      95,
      95,
      95,
      95,
      0,
      0,
      0,
      0,
      0,
      0,
      0,
      0,
      0,
      0,
      0,
      0,
      83,
      83,
      83,
      83,
      83,
      83,
      83,
      0,
      0,
      0,
      0,
      0,
      0,
      0,
      0,
      0,
      0,
      0,
      105,
      105,
      105,
      105,
      105,
      105,
      105,
      105,
      92,
      92,
      92,
      92,
      92,
      92,
      92,
      92,
      92,
      92,
      92,
      92,
      92,
      92,
      92,
      92,
      78,
      78,
      78,
      88,
      88,
      88,
      88,
      88,
      88,
      88,
      88,
      88,
      88,
      88,
      88,
      0,
      0,
      0,
      99,
      99,
      99,
      99,
      99,
      99,
      99,
      99,
      99,
      99,
      0,
      0,
      0,
      0,
      106,
      107,
      84,
      84,
      84,
      84,
      84,
      84,
      54,
      114,
      114,
      114,
      114,
      114,
      114,
      114,
      0,
      0,
      0,
      0,
      0,
      0,
      0,
      0,
      0,
      0,
      0,
      0,
      0,
      0,
      0,
      0,
      0,
      0,
      0,
      0,
      0,
      0,
      0,
      0,
      0,
      0,
      0,
      0,
      0,
      0,
      0,
      0,
      0,
      0,
      0,
      0,
      0,
      0,
      0,
      0,
      0,
      0,
      0
    ],
    [
      79,
      79,
      79,
      79,
      79,
      100,
      100,
      100,
      100,
      100,
      100,
      70,
      70,
      70,
      70,
      70,
      101,
      101,
      101,
      101,
      101,
      101,
      101,
      85,
      85,
      85,
      0,
      0,
      0,
      0,
      0,
      0,
      0,
      0,
      0,
      0,
      0,
      0,
      0,
      0,
      109,
      109,
      109,
      109,
      109,
      109,
      109,
      109,
      109,
      109,
      96,
      96,
      96,
      96,
      96,
      96,
      96,
      96,
      96,
      0,
      0,
      0,
      0,
      0,
      0,
      0,
      0,
      0,
      0,
      0,
      0,
      0,
      0,
      0,
      0,
      0,
      0,
      0,
      0,
      0,
      0,
      0,
      0,
      0,
      75,
      75,
      75,
      75,
      75,
      75,
      75,
      75,
      75,
      110,
      110,
      76,
      76,
      76,
      76,
      76,
      93,
      93,
      93,
      93,
      93,
      93,
      93,
      93,
      93,
      93,
      93,
      93,
      93,
      93,
      93,
      93,
      81,
      81,
      81,
      81,
      81,
      81,
      81,
      81,
      81,
      89,
      89,
      89,
      89,
      89,
      89,
      89,
      89,
      89,
      89,
      89,
      89,
      89,
      89,
      89,
      89,
      89,
      90,
      90,
      90,
      90,
      90,
      90,
      90,
      90,
      90,
      90,
      164,
      164,
      164,
      65,
      65,
      65,
      65,
      77,
      77,
      77,
      77,
      77,
      91,
      91,
      91,
      91,
      91,
      91,
      91,
      91,
      0,
      0,
      0,
      0,
      94,
      94,
      94,
      94,
      94,
      94,
      94,
      0,
      0,
      0,
      0,
      0,
      0,
      0,
      0,
      0,
      0,
      0,
      0,
      0,
      0,
      0,
      0,
      0,
      0,
      0,
      0,
      0,
      0,
      0,
      0,
      0,
      0,
      0,
      0,
      0,
      0,
      0,
      0,
      0,
      0,
      0,
      0,
      0,
      0,
      0,
      0,
      0,
      97,
      97,
      97,
      97,
      97,
      97,
      97,
      97,
      97,
      97,
      97,
      97,
      97,
      97,
      97,
      97,
      97,
      97,
      97,
      97,
      97,
      97,
      102,
      102,
      102,
      102,
      0,
      0,
      0,
      0,
      0,
      0,
      0,
      0,
      0,
      0,
      0,
      0,
      0,
      0,
      0,
      0,
      98,
      98,
      98,
      98,
      98,
      98,
      98,
      98,
      98,
      98,
      98,
      98,
      98,
      98,
      98,
      0,
      0,
      0,
      0,
      0,
      0,
      0,
      0,
      0,
      0,
      0,
      0,
      0,
      0,
      103,
      103,
      103,
      103,
      103,
      103,
      103,
      103,
      103,
      103,
      103,
      103,
      103,
      0,
      0,
      0,
      0,
      0,
      0,
      0,
      0,
      0,
      0,
      0,
      69,
      69,
      69,
      69,
      69,
      69,
      69,
      0,
      0,
      0,
      0,
      0,
      0,
      0,
      0,
      0,
      0,
      0,
      0,
      0,
      0,
      0,
      0,
      0,
      0,
      0,
      0,
      0,
      0,
      0,
      0,
      0,
      0,
      0,
      72,
      72,
      104,
      104,
      104,
      104,
      104,
      104,
      95,
      95,
      95,
      95,
      95,
      95,
      95,
      95,
      95,
      95,
      0,
      0,
      0,
      0,
      0,
      0,
      0,
      0,
      83,
      83,
      83,
      83,
      83,
      83,
      83,
      0,
      0,
      0,
      0,
      0,
      0,
      0,
      0,
      0,
      0,
      0,
      105,
      105,
      105,
      105,
      105,
      105,
      105,
      105,
      92,
      92,
      92,
      92,
      92,
      92,
      92,
      92,
      92,
      92,
      92,
      92,
      92,
      92,
      92,
      92,
      88,
      88,
      88,
      88,
      88,
      88,
      88,
      88,
      88,
      88,
      88,
      88,
      88,
      88,
      88,
      0,
      0,
      0,
      99,
      99,
      99,
      99,
      99,
      99,
      99,
      99,
      99,
      99,
      0,
      0,
      0,
      106,
      106,
      107,
      84,
      84,
      84,
      84,
      84,
      84,
      84,
      114,
      114,
      114,
      114,
      114,
      114,
      114,
      0,
      0,
      0,
      0,
      0,
      0,
      0,
      0,
      0,
      118,
      118,
      118,
      118,
      0,
      0,
      0,
      0,
      0,
      0,
      0,
      0,
      0,
      108,
      108,
      108,
      108,
      108,
      108,
      0,
      0,
      0,
      0,
      0,
      0,
      0,
      0,
      0,
      0,
      0,
      0,
      0,
      0,
      0
    ],
    [
      100,
      100,
      100,
      100,
      100,
      100,
      100,
      100,
      100,
      100,
      100,
      70,
      70,
      70,
      70,
      70,
      101,
      101,
      101,
      101,
      101,
      101,
      101,
      85,
      85,
      85,
      0,
      0,
      0,
      0,
      0,
      0,
      0,
      0,
      0,
      0,
      0,
      0,
      0,
      0,
      109,
      109,
      109,
      109,
      109,
      109,
      109,
      109,
      96,
      96,
      96,
      96,
      96,
      96,
      96,
      96,
      96,
      96,
      96,
      0,
      0,
      0,
      0,
      0,
      0,
      0,
      0,
      0,
      0,
      0,
      0,
      0,
      0,
      0,
      0,
      0,
      0,
      0,
      0,
      0,
      0,
      0,
      0,
      0,
      75,
      75,
      75,
      75,
      75,
      75,
      75,
      75,
      75,
      110,
      110,
      76,
      76,
      76,
      76,
      76,
      93,
      93,
      93,
      93,
      93,
      93,
      93,
      93,
      93,
      93,
      93,
      93,
      93,
      93,
      93,
      93,
      93,
      81,
      81,
      81,
      81,
      81,
      81,
      81,
      81,
      81,
      159,
      89,
      89,
      89,
      89,
      89,
      89,
      89,
      89,
      89,
      89,
      89,
      89,
      89,
      89,
      89,
      89,
      90,
      90,
      90,
      90,
      90,
      90,
      90,
      90,
      90,
      164,
      164,
      164,
      65,
      65,
      65,
      65,
      77,
      77,
      91,
      91,
      91,
      91,
      91,
      91,
      91,
      91,
      91,
      91,
      0,
      0,
      0,
      0,
      0,
      0,
      94,
      94,
      94,
      94,
      94,
      94,
      94,
      0,
      0,
      0,
      0,
      0,
      0,
      0,
      0,
      0,
      0,
      0,
      0,
      0,
      0,
      0,
      0,
      0,
      0,
      0,
      0,
      0,
      0,
      0,
      0,
      0,
      0,
      0,
      0,
      0,
      0,
      0,
      0,
      0,
      0,
      0,
      0,
      0,
      0,
      0,
      97,
      97,
      97,
      97,
      97,
      97,
      97,
      97,
      97,
      97,
      97,
      97,
      97,
      97,
      97,
      97,
      97,
      97,
      97,
      97,
      97,
      97,
      97,
      102,
      102,
      102,
      102,
      0,
      0,
      0,
      0,
      0,
      0,
      0,
      0,
      0,
      0,
      0,
      0,
      0,
      0,
      0,
      0,
      0,
      98,
      98,
      98,
      98,
      98,
      98,
      98,
      98,
      98,
      98,
      98,
      98,
      98,
      98,
      98,
      0,
      0,
      0,
      0,
      0,
      0,
      0,
      0,
      0,
      0,
      0,
      0,
      0,
      0,
      103,
      103,
      103,
      103,
      103,
      103,
      103,
      103,
      103,
      103,
      103,
      103,
      0,
      0,
      0,
      0,
      0,
      0,
      0,
      0,
      0,
      0,
      0,
      0,
      0,
      0,
      0,
      0,
      0,
      69,
      0,
      0,
      0,
      0,
      0,
      0,
      0,
      0,
      0,
      0,
      0,
      0,
      0,
      0,
      0,
      0,
      0,
      0,
      0,
      72,
      72,
      72,
      72,
      72,
      72,
      72,
      72,
      72,
      72,
      104,
      104,
      104,
      104,
      104,
      104,
      95,
      95,
      95,
      95,
      95,
      95,
      95,
      95,
      95,
      95,
      113,
      0,
      0,
      0,
      0,
      0,
      0,
      0,
      83,
      83,
      83,
      0,
      0,
      0,
      0,
      0,
      0,
      0,
      0,
      0,
      0,
      0,
      0,
      0,
      0,
      0,
      105,
      105,
      105,
      105,
      105,
      105,
      105,
      105,
      105,
      92,
      92,
      92,
      92,
      92,
      92,
      92,
      92,
      92,
      92,
      92,
      92,
      92,
      92,
      92,
      88,
      88,
      88,
      88,
      88,
      88,
      88,
      88,
      88,
      88,
      88,
      88,
      88,
      88,
      88,
      0,
      0,
      0,
      99,
      99,
      99,
      99,
      99,
      99,
      99,
      99,
      99,
      99,
      0,
      0,
      0,
      106,
      106,
      107,
      107,
      107,
      107,
      107,
      107,
      107,
      114,
      114,
      114,
      114,
      114,
      114,
      114,
      114,
      0,
      0,
      0,
      0,
      0,
      0,
      0,
      0,
      0,
      118,
      118,
      118,
      118,
      118,
      0,
      0,
      0,
      0,
      0,
      0,
      0,
      108,
      108,
      108,
      108,
      108,
      108,
      108,
      108,
      0,
      0,
      0,
      0,
      0,
      0,
      0,
      0,
      0,
      0,
      0,
      0,
      0,
      0
    ],
    [
      100,
      100,
      100,
      100,
      100,
      100,
      100,
      100,
      100,
      100,
      100,
      70,
      70,
      70,
      70,
      70,
      101,
      101,
      101,
      101,
      101,
      101,
      101,
      85,
      85,
      85,
      0,
      0,
      0,
      0,
      0,
      0,
      0,
      0,
      0,
      0,
      0,
      0,
      0,
      109,
      109,
      109,
      109,
      109,
      109,
      109,
      109,
      109,
      96,
      96,
      96,
      96,
      96,
      96,
      96,
      96,
      96,
      96,
      96,
      0,
      0,
      0,
      0,
      0,
      0,
      0,
      0,
      0,
      0,
      0,
      0,
      0,
      0,
      0,
      0,
      0,
      0,
      0,
      0,
      0,
      0,
      0,
      0,
      0,
      75,
      75,
      75,
      75,
      75,
      75,
      75,
      75,
      75,
      110,
      110,
      76,
      76,
      76,
      76,
      76,
      93,
      93,
      93,
      93,
      93,
      93,
      93,
      93,
      93,
      93,
      93,
      93,
      115,
      115,
      115,
      115,
      115,
      115,
      81,
      81,
      81,
      159,
      159,
      159,
      159,
      159,
      159,
      89,
      89,
      89,
      89,
      89,
      89,
      89,
      89,
      89,
      89,
      89,
      89,
      89,
      89,
      89,
      89,
      90,
      90,
      90,
      90,
      90,
      90,
      90,
      90,
      164,
      164,
      164,
      164,
      65,
      65,
      65,
      65,
      77,
      91,
      91,
      91,
      91,
      91,
      91,
      91,
      91,
      91,
      91,
      91,
      0,
      0,
      0,
      0,
      0,
      0,
      0,
      0,
      94,
      94,
      94,
      94,
      94,
      0,
      0,
      0,
      0,
      0,
      0,
      0,
      0,
      0,
      0,
      0,
      0,
      0,
      0,
      0,
      0,
      0,
      0,
      0,
      0,
      0,
      0,
      0,
      0,
      0,
      0,
      0,
      0,
      0,
      0,
      0,
      0,
      0,
      0,
      0,
      0,
      0,
      0,
      111,
      111,
      111,
      111,
      111,
      111,
      111,
      111,
      111,
      111,
      111,
      111,
      111,
      111,
      111,
      97,
      97,
      97,
      97,
      97,
      97,
      97,
      97,
      97,
      102,
      102,
      102,
      102,
      0,
      0,
      0,
      0,
      0,
      0,
      0,
      0,
      0,
      0,
      0,
      0,
      0,
      0,
      0,
      0,
      0,
      98,
      98,
      98,
      98,
      98,
      98,
      98,
      98,
      98,
      98,
      0,
      0,
      0,
      0,
      0,
      0,
      0,
      0,
      0,
      0,
      0,
      0,
      0,
      112,
      112,
      112,
      112,
      112,
      112,
      112,
      103,
      103,
      103,
      103,
      103,
      103,
      103,
      103,
      103,
      103,
      103,
      0,
      0,
      0,
      0,
      0,
      0,
      0,
      0,
      0,
      0,
      0,
      0,
      0,
      0,
      0,
      0,
      0,
      0,
      0,
      0,
      0,
      0,
      0,
      0,
      0,
      0,
      0,
      0,
      0,
      0,
      0,
      0,
      0,
      0,
      120,
      120,
      120,
      120,
      120,
      120,
      120,
      104,
      104,
      104,
      104,
      104,
      104,
      104,
      104,
      104,
      104,
      104,
      104,
      104,
      104,
      104,
      95,
      95,
      95,
      95,
      95,
      95,
      113,
      113,
      113,
      0,
      0,
      0,
      0,
      0,
      0,
      83,
      83,
      116,
      116,
      116,
      116,
      116,
      116,
      116,
      116,
      0,
      0,
      0,
      0,
      105,
      105,
      105,
      105,
      105,
      105,
      105,
      105,
      105,
      105,
      105,
      105,
      105,
      105,
      92,
      92,
      92,
      92,
      92,
      92,
      92,
      92,
      92,
      92,
      0,
      0,
      0,
      0,
      88,
      88,
      88,
      88,
      88,
      88,
      88,
      88,
      88,
      88,
      88,
      88,
      88,
      88,
      88,
      0,
      0,
      0,
      99,
      99,
      99,
      99,
      99,
      99,
      99,
      99,
      99,
      99,
      0,
      0,
      106,
      106,
      106,
      107,
      107,
      107,
      107,
      107,
      107,
      107,
      114,
      114,
      114,
      114,
      114,
      114,
      114,
      114,
      0,
      0,
      0,
      0,
      0,
      0,
      0,
      0,
      0,
      118,
      118,
      118,
      118,
      118,
      118,
      0,
      0,
      0,
      0,
      0,
      0,
      108,
      108,
      108,
      108,
      108,
      108,
      108,
      108,
      0,
      0,
      0,
      0,
      0,
      0,
      0,
      0,
      0,
      0,
      0,
      0,
      0,
      0
    ],
    [
      100,
      100,
      100,
      100,
      100,
      100,
      100,
      100,
      100,
      100,
      100,
      70,
      70,
      0,
      0,
      0,
      101,
      101,
      101,
      101,
      101,
      101,
      101,
      85,
      85,
      0,
      0,
      0,
      0,
      0,
      0,
      0,
      0,
      0,
      0,
      0,
      0,
      0,
      109,
      109,
      109,
      109,
      109,
      109,
      109,
      109,
      109,
      96,
      96,
      96,
      96,
      96,
      96,
      96,
      96,
      96,
      96,
      96,
      96,
      0,
      0,
      0,
      0,
      0,
      0,
      0,
      0,
      0,
      0,
      0,
      0,
      0,
      0,
      0,
      0,
      0,
      0,
      0,
      0,
      0,
      0,
      0,
      0,
      0,
      75,
      75,
      75,
      110,
      110,
      110,
      110,
      110,
      110,
      110,
      110,
      76,
      76,
      76,
      76,
      93,
      93,
      93,
      93,
      93,
      93,
      93,
      93,
      93,
      93,
      93,
      93,
      115,
      115,
      115,
      115,
      115,
      115,
      115,
      0,
      81,
      81,
      159,
      159,
      159,
      159,
      159,
      159,
      159,
      89,
      89,
      89,
      89,
      89,
      89,
      89,
      89,
      89,
      89,
      89,
      89,
      89,
      89,
      89,
      89,
      89,
      89,
      89,
      89,
      89,
      164,
      164,
      164,
      164,
      164,
      164,
      164,
      65,
      65,
      65,
      77,
      119,
      119,
      119,
      119,
      119,
      91,
      91,
      91,
      91,
      91,
      0,
      0,
      0,
      0,
      0,
      0,
      0,
      0,
      0,
      94,
      94,
      94,
      94,
      94,
      94,
      0,
      0,
      0,
      0,
      0,
      0,
      0,
      0,
      0,
      0,
      0,
      0,
      0,
      0,
      0,
      0,
      0,
      0,
      0,
      0,
      0,
      0,
      0,
      0,
      0,
      0,
      0,
      0,
      0,
      0,
      0,
      0,
      0,
      0,
      0,
      0,
      0,
      111,
      111,
      111,
      111,
      111,
      111,
      111,
      111,
      111,
      111,
      111,
      111,
      111,
      111,
      111,
      97,
      97,
      97,
      97,
      97,
      97,
      97,
      97,
      97,
      102,
      102,
      102,
      102,
      102,
      102,
      0,
      0,
      0,
      0,
      0,
      0,
      0,
      0,
      0,
      0,
      0,
      0,
      117,
      117,
      117,
      117,
      98,
      98,
      98,
      98,
      98,
      0,
      0,
      0,
      0,
      0,
      0,
      0,
      0,
      0,
      0,
      0,
      0,
      0,
      0,
      0,
      0,
      0,
      112,
      112,
      112,
      112,
      112,
      112,
      112,
      103,
      103,
      103,
      103,
      103,
      103,
      103,
      103,
      103,
      103,
      103,
      0,
      0,
      0,
      0,
      0,
      0,
      0,
      0,
      0,
      0,
      0,
      0,
      0,
      0,
      0,
      0,
      0,
      0,
      0,
      0,
      0,
      0,
      0,
      0,
      0,
      0,
      0,
      0,
      0,
      0,
      0,
      0,
      148,
      120,
      120,
      120,
      120,
      120,
      120,
      120,
      120,
      120,
      104,
      104,
      104,
      104,
      104,
      104,
      104,
      104,
      104,
      104,
      104,
      104,
      104,
      104,
      104,
      104,
      104,
      95,
      95,
      95,
      113,
      113,
      113,
      113,
      113,
      113,
      113,
      113,
      113,
      83,
      83,
      116,
      116,
      116,
      116,
      116,
      116,
      116,
      116,
      0,
      0,
      0,
      0,
      105,
      105,
      105,
      105,
      105,
      105,
      105,
      105,
      105,
      105,
      105,
      105,
      105,
      105,
      0,
      0,
      0,
      92,
      92,
      92,
      92,
      92,
      92,
      0,
      0,
      0,
      0,
      0,
      0,
      0,
      0,
      0,
      0,
      0,
      0,
      0,
      0,
      0,
      0,
      0,
      0,
      0,
      88,
      0,
      0,
      0,
      99,
      99,
      99,
      99,
      99,
      99,
      99,
      99,
      99,
      99,
      132,
      132,
      106,
      106,
      106,
      107,
      107,
      107,
      107,
      107,
      107,
      107,
      114,
      114,
      114,
      114,
      114,
      114,
      114,
      114,
      0,
      0,
      0,
      0,
      0,
      0,
      0,
      0,
      0,
      118,
      118,
      118,
      118,
      118,
      118,
      0,
      0,
      0,
      0,
      0,
      108,
      108,
      108,
      108,
      108,
      108,
      108,
      108,
      108,
      0,
      0,
      0,
      0,
      0,
      0,
      0,
      0,
      0,
      0,
      0,
      0,
      0,
      0
    ],
    [
      100,
      100,
      100,
      100,
      100,
      100,
      100,
      100,
      70,
      70,
      70,
      70,
      70,
      0,
      0,
      0,
      101,
      101,
      101,
      101,
      101,
      101,
      101,
      85,
      0,
      0,
      0,
      0,
      0,
      0,
      0,
      0,
      0,
      0,
      0,
      0,
      0,
      0,
      109,
      109,
      109,
      109,
      109,
      109,
      109,
      109,
      96,
      96,
      96,
      96,
      96,
      96,
      96,
      96,
      96,
      96,
      96,
      96,
      96,
      0,
      0,
      0,
      0,
      0,
      0,
      0,
      0,
      0,
      0,
      0,
      0,
      0,
      0,
      0,
      0,
      0,
      0,
      0,
      0,
      0,
      0,
      0,
      0,
      0,
      75,
      75,
      110,
      110,
      110,
      110,
      110,
      110,
      110,
      110,
      110,
      110,
      110,
      110,
      110,
      93,
      93,
      93,
      93,
      93,
      93,
      93,
      93,
      93,
      93,
      93,
      93,
      115,
      115,
      115,
      115,
      115,
      115,
      115,
      0,
      0,
      81,
      159,
      159,
      159,
      159,
      159,
      159,
      159,
      159,
      89,
      89,
      89,
      89,
      89,
      89,
      89,
      89,
      89,
      89,
      145,
      145,
      145,
      145,
      145,
      145,
      145,
      145,
      145,
      164,
      164,
      164,
      164,
      164,
      164,
      164,
      164,
      65,
      65,
      65,
      119,
      119,
      119,
      119,
      119,
      119,
      119,
      91,
      91,
      91,
      91,
      0,
      0,
      0,
      0,
      0,
      0,
      0,
      0,
      0,
      94,
      94,
      94,
      126,
      126,
      126,
      126,
      126,
      0,
      0,
      0,
      0,
      0,
      0,
      0,
      0,
      0,
      0,
      0,
      0,
      0,
      0,
      0,
      0,
      0,
      0,
      0,
      0,
      0,
      0,
      0,
      0,
      0,
      0,
      0,
      0,
      0,
      0,
      0,
      0,
      0,
      0,
      111,
      111,
      111,
      111,
      111,
      111,
      111,
      111,
      111,
      111,
      111,
      111,
      111,
      111,
      111,
      111,
      97,
      97,
      97,
      97,
      97,
      97,
      97,
      97,
      97,
      102,
      102,
      102,
      102,
      102,
      102,
      102,
      0,
      0,
      0,
      0,
      0,
      0,
      0,
      0,
      0,
      0,
      0,
      117,
      117,
      117,
      117,
      117,
      117,
      117,
      117,
      117,
      117,
      117,
      117,
      0,
      0,
      0,
      0,
      0,
      0,
      0,
      0,
      0,
      0,
      0,
      0,
      0,
      0,
      112,
      112,
      112,
      112,
      112,
      112,
      112,
      103,
      103,
      103,
      103,
      103,
      103,
      103,
      103,
      103,
      103,
      103,
      0,
      0,
      0,
      0,
      0,
      0,
      0,
      0,
      0,
      0,
      0,
      0,
      0,
      0,
      0,
      0,
      0,
      0,
      0,
      0,
      0,
      0,
      0,
      0,
      0,
      0,
      0,
      0,
      0,
      0,
      0,
      148,
      148,
      120,
      120,
      120,
      120,
      120,
      120,
      120,
      120,
      120,
      120,
      120,
      104,
      104,
      104,
      104,
      104,
      104,
      104,
      104,
      104,
      104,
      104,
      104,
      104,
      104,
      104,
      104,
      113,
      113,
      113,
      113,
      113,
      113,
      113,
      113,
      113,
      113,
      113,
      113,
      128,
      116,
      116,
      116,
      116,
      116,
      116,
      116,
      116,
      0,
      0,
      0,
      0,
      105,
      105,
      105,
      105,
      105,
      105,
      105,
      105,
      105,
      105,
      105,
      105,
      105,
      105,
      0,
      0,
      0,
      0,
      92,
      92,
      92,
      0,
      0,
      0,
      0,
      0,
      0,
      0,
      0,
      0,
      0,
      0,
      0,
      0,
      0,
      0,
      0,
      0,
      0,
      0,
      0,
      0,
      0,
      0,
      0,
      0,
      99,
      99,
      99,
      99,
      99,
      99,
      99,
      99,
      99,
      132,
      132,
      132,
      106,
      106,
      106,
      107,
      107,
      107,
      107,
      107,
      114,
      114,
      114,
      114,
      114,
      114,
      114,
      114,
      114,
      114,
      0,
      0,
      0,
      0,
      0,
      0,
      0,
      0,
      0,
      118,
      118,
      118,
      118,
      118,
      118,
      0,
      0,
      0,
      0,
      0,
      108,
      108,
      108,
      108,
      108,
      108,
      108,
      108,
      108,
      0,
      152,
      0,
      0,
      0,
      0,
      0,
      0,
      0,
      0,
      0,
      0,
      0,
      0
    ],
    [
      100,
      100,
      100,
      100,
      100,
      100,
      100,
      100,
      70,
      70,
      70,
      70,
      70,
      0,
      0,
      0,
      101,
      101,
      101,
      101,
      101,
      101,
      101,
      0,
      0,
      0,
      0,
      0,
      0,
      0,
      0,
      0,
      0,
      0,
      0,
      0,
      0,
      0,
      109,
      109,
      109,
      109,
      109,
      109,
      123,
      123,
      123,
      123,
      123,
      123,
      123,
      123,
      154,
      96,
      96,
      96,
      96,
      0,
      0,
      0,
      0,
      0,
      0,
      0,
      0,
      0,
      0,
      0,
      0,
      0,
      0,
      0,
      0,
      0,
      0,
      0,
      0,
      0,
      0,
      0,
      0,
      0,
      0,
      0,
      110,
      110,
      110,
      110,
      110,
      110,
      110,
      110,
      110,
      110,
      110,
      110,
      110,
      110,
      93,
      93,
      93,
      93,
      93,
      93,
      93,
      93,
      93,
      93,
      93,
      136,
      93,
      115,
      115,
      115,
      115,
      115,
      115,
      115,
      0,
      0,
      0,
      159,
      159,
      159,
      159,
      159,
      159,
      159,
      159,
      159,
      89,
      89,
      89,
      89,
      89,
      89,
      89,
      89,
      145,
      145,
      145,
      145,
      145,
      145,
      145,
      145,
      145,
      145,
      164,
      164,
      164,
      164,
      164,
      164,
      164,
      164,
      65,
      65,
      164,
      119,
      119,
      119,
      119,
      119,
      119,
      119,
      91,
      91,
      91,
      91,
      0,
      0,
      0,
      0,
      0,
      0,
      0,
      0,
      0,
      0,
      0,
      94,
      126,
      126,
      126,
      126,
      126,
      126,
      126,
      0,
      0,
      0,
      0,
      0,
      0,
      0,
      0,
      0,
      0,
      0,
      0,
      0,
      0,
      0,
      0,
      0,
      0,
      0,
      0,
      0,
      0,
      0,
      0,
      0,
      0,
      0,
      0,
      0,
      0,
      0,
      111,
      111,
      111,
      111,
      111,
      111,
      111,
      111,
      111,
      111,
      111,
      111,
      111,
      111,
      111,
      111,
      111,
      97,
      97,
      121,
      97,
      97,
      97,
      97,
      97,
      97,
      97,
      102,
      102,
      102,
      102,
      102,
      102,
      0,
      0,
      0,
      0,
      0,
      0,
      0,
      0,
      0,
      0,
      0,
      117,
      117,
      117,
      117,
      117,
      117,
      117,
      117,
      117,
      117,
      117,
      0,
      0,
      0,
      0,
      0,
      0,
      0,
      0,
      0,
      0,
      0,
      0,
      0,
      0,
      0,
      112,
      112,
      112,
      112,
      112,
      112,
      112,
      103,
      103,
      103,
      103,
      0,
      0,
      0,
      0,
      0,
      0,
      0,
      0,
      0,
      0,
      0,
      0,
      0,
      0,
      0,
      0,
      0,
      0,
      131,
      131,
      0,
      0,
      0,
      0,
      0,
      127,
      127,
      127,
      127,
      127,
      127,
      127,
      0,
      0,
      0,
      0,
      0,
      148,
      148,
      148,
      120,
      120,
      120,
      120,
      120,
      120,
      120,
      120,
      120,
      120,
      120,
      104,
      104,
      104,
      104,
      104,
      104,
      104,
      104,
      104,
      104,
      104,
      104,
      104,
      104,
      104,
      104,
      113,
      113,
      113,
      113,
      113,
      113,
      113,
      113,
      113,
      113,
      113,
      128,
      128,
      116,
      116,
      116,
      116,
      116,
      116,
      116,
      116,
      0,
      0,
      0,
      0,
      105,
      105,
      105,
      105,
      105,
      105,
      105,
      105,
      105,
      105,
      105,
      105,
      0,
      0,
      0,
      0,
      0,
      0,
      0,
      0,
      92,
      0,
      0,
      0,
      0,
      0,
      0,
      0,
      0,
      0,
      0,
      0,
      0,
      0,
      0,
      0,
      0,
      0,
      0,
      0,
      0,
      0,
      0,
      0,
      0,
      0,
      0,
      99,
      99,
      99,
      99,
      99,
      99,
      99,
      99,
      132,
      132,
      132,
      132,
      132,
      132,
      107,
      107,
      107,
      107,
      107,
      114,
      114,
      114,
      114,
      114,
      114,
      114,
      114,
      114,
      114,
      0,
      0,
      0,
      0,
      0,
      0,
      0,
      0,
      0,
      118,
      118,
      118,
      118,
      118,
      118,
      118,
      118,
      0,
      151,
      151,
      108,
      108,
      108,
      108,
      108,
      108,
      108,
      108,
      108,
      0,
      152,
      0,
      0,
      0,
      0,
      0,
      0,
      0,
      0,
      0,
      0,
      129,
      129
    ],
    [
      100,
      100,
      100,
      100,
      100,
      100,
      0,
      0,
      0,
      0,
      0,
      0,
      0,
      0,
      0,
      0,
      0,
      0,
      0,
      0,
      0,
      0,
      0,
      0,
      0,
      0,
      0,
      0,
      0,
      0,
      0,
      0,
      0,
      0,
      0,
      0,
      0,
      0,
      109,
      109,
      109,
      109,
      109,
      139,
      123,
      123,
      123,
      123,
      123,
      123,
      123,
      123,
      154,
      96,
      96,
      96,
      96,
      0,
      0,
      0,
      0,
      0,
      0,
      0,
      0,
      0,
      0,
      0,
      0,
      0,
      0,
      0,
      0,
      0,
      0,
      0,
      0,
      0,
      0,
      0,
      0,
      0,
      0,
      0,
      110,
      110,
      110,
      110,
      110,
      110,
      110,
      110,
      110,
      110,
      110,
      110,
      110,
      125,
      125,
      125,
      125,
      125,
      125,
      125,
      93,
      93,
      93,
      93,
      93,
      136,
      93,
      115,
      115,
      115,
      115,
      115,
      115,
      115,
      0,
      0,
      0,
      0,
      159,
      159,
      159,
      159,
      159,
      159,
      159,
      159,
      159,
      89,
      89,
      89,
      89,
      89,
      89,
      145,
      145,
      145,
      145,
      145,
      145,
      145,
      145,
      145,
      145,
      145,
      164,
      164,
      164,
      164,
      164,
      164,
      164,
      164,
      65,
      65,
      164,
      119,
      119,
      119,
      119,
      119,
      119,
      119,
      91,
      91,
      91,
      91,
      0,
      0,
      0,
      0,
      0,
      0,
      0,
      0,
      0,
      0,
      0,
      0,
      126,
      126,
      126,
      126,
      126,
      126,
      126,
      126,
      126,
      126,
      0,
      0,
      0,
      0,
      0,
      0,
      0,
      0,
      0,
      0,
      0,
      0,
      0,
      0,
      0,
      0,
      0,
      0,
      0,
      143,
      0,
      0,
      0,
      0,
      0,
      0,
      0,
      130,
      130,
      130,
      130,
      130,
      130,
      111,
      111,
      111,
      111,
      111,
      111,
      111,
      111,
      111,
      111,
      111,
      111,
      121,
      121,
      121,
      97,
      97,
      97,
      97,
      97,
      97,
      97,
      102,
      102,
      102,
      102,
      102,
      102,
      0,
      0,
      0,
      0,
      0,
      0,
      0,
      0,
      0,
      0,
      141,
      141,
      117,
      117,
      117,
      117,
      117,
      117,
      117,
      117,
      117,
      117,
      117,
      117,
      0,
      0,
      0,
      0,
      0,
      0,
      0,
      0,
      0,
      0,
      0,
      0,
      0,
      112,
      112,
      112,
      112,
      112,
      112,
      112,
      0,
      0,
      0,
      0,
      0,
      0,
      0,
      0,
      0,
      0,
      0,
      0,
      0,
      0,
      0,
      0,
      0,
      131,
      131,
      0,
      131,
      131,
      131,
      131,
      0,
      0,
      0,
      0,
      0,
      127,
      127,
      127,
      127,
      127,
      127,
      127,
      153,
      0,
      0,
      0,
      0,
      148,
      148,
      148,
      120,
      120,
      120,
      120,
      120,
      120,
      120,
      120,
      120,
      120,
      120,
      104,
      104,
      104,
      104,
      104,
      104,
      104,
      104,
      104,
      104,
      104,
      104,
      104,
      104,
      104,
      104,
      104,
      113,
      113,
      113,
      113,
      113,
      113,
      113,
      128,
      128,
      128,
      128,
      128,
      116,
      116,
      116,
      116,
      116,
      116,
      116,
      116,
      0,
      0,
      0,
      122,
      122,
      122,
      122,
      122,
      122,
      122,
      122,
      122,
      122,
      122,
      122,
      0,
      0,
      0,
      0,
      0,
      0,
      0,
      0,
      0,
      92,
      0,
      0,
      0,
      0,
      0,
      0,
      0,
      0,
      0,
      0,
      0,
      0,
      0,
      0,
      0,
      0,
      0,
      0,
      0,
      0,
      0,
      0,
      0,
      0,
      0,
      0,
      0,
      0,
      132,
      132,
      132,
      132,
      132,
      132,
      132,
      132,
      132,
      132,
      132,
      114,
      114,
      114,
      114,
      114,
      114,
      114,
      114,
      114,
      114,
      114,
      114,
      114,
      114,
      114,
      114,
      0,
      0,
      0,
      0,
      0,
      0,
      0,
      0,
      0,
      0,
      118,
      118,
      118,
      118,
      118,
      118,
      118,
      151,
      151,
      151,
      108,
      108,
      108,
      108,
      108,
      108,
      108,
      108,
      108,
      0,
      152,
      0,
      0,
      0,
      0,
      0,
      0,
      0,
      0,
      0,
      129,
      129,
      129
    ],
    [
      100,
      100,
      100,
      134,
      134,
      134,
      134,
      134,
      134,
      134,
      0,
      0,
      0,
      0,
      0,
      0,
      0,
      0,
      0,
      0,
      0,
      0,
      0,
      0,
      0,
      0,
      0,
      0,
      0,
      0,
      0,
      0,
      0,
      0,
      0,
      109,
      109,
      109,
      109,
      109,
      109,
      109,
      139,
      139,
      123,
      123,
      123,
      123,
      123,
      123,
      123,
      123,
      154,
      154,
      96,
      96,
      96,
      0,
      0,
      0,
      0,
      0,
      0,
      0,
      0,
      0,
      0,
      0,
      0,
      0,
      0,
      0,
      0,
      0,
      0,
      0,
      0,
      0,
      0,
      0,
      0,
      0,
      0,
      0,
      124,
      124,
      124,
      124,
      124,
      124,
      110,
      110,
      110,
      110,
      110,
      110,
      125,
      125,
      125,
      125,
      125,
      125,
      125,
      125,
      93,
      93,
      93,
      93,
      93,
      136,
      93,
      115,
      115,
      115,
      115,
      115,
      115,
      115,
      0,
      0,
      0,
      0,
      0,
      159,
      159,
      159,
      159,
      159,
      159,
      159,
      159,
      159,
      145,
      145,
      145,
      145,
      145,
      145,
      145,
      145,
      145,
      145,
      145,
      145,
      164,
      164,
      164,
      164,
      164,
      164,
      164,
      164,
      164,
      164,
      164,
      164,
      164,
      164,
      164,
      119,
      119,
      119,
      119,
      119,
      119,
      119,
      91,
      91,
      91,
      91,
      0,
      0,
      0,
      0,
      0,
      0,
      0,
      0,
      0,
      0,
      0,
      0,
      0,
      126,
      126,
      126,
      126,
      126,
      126,
      126,
      126,
      126,
      0,
      0,
      0,
      0,
      0,
      0,
      0,
      0,
      0,
      0,
      0,
      0,
      0,
      143,
      143,
      143,
      143,
      143,
      143,
      143,
      143,
      143,
      0,
      0,
      0,
      0,
      0,
      130,
      130,
      130,
      130,
      130,
      130,
      130,
      130,
      111,
      111,
      111,
      111,
      121,
      121,
      121,
      121,
      121,
      121,
      121,
      121,
      121,
      121,
      121,
      97,
      97,
      97,
      97,
      137,
      137,
      137,
      137,
      137,
      137,
      137,
      137,
      0,
      0,
      0,
      0,
      0,
      0,
      0,
      0,
      0,
      141,
      141,
      141,
      117,
      117,
      117,
      117,
      117,
      117,
      117,
      117,
      117,
      117,
      117,
      0,
      0,
      0,
      0,
      0,
      0,
      0,
      0,
      0,
      0,
      0,
      0,
      0,
      112,
      112,
      112,
      112,
      112,
      112,
      112,
      0,
      0,
      0,
      0,
      0,
      0,
      0,
      0,
      0,
      0,
      0,
      0,
      0,
      0,
      0,
      0,
      0,
      131,
      131,
      131,
      131,
      131,
      131,
      131,
      0,
      0,
      0,
      0,
      131,
      127,
      127,
      127,
      127,
      127,
      127,
      127,
      153,
      0,
      0,
      0,
      0,
      148,
      148,
      148,
      148,
      148,
      120,
      120,
      120,
      120,
      120,
      120,
      120,
      120,
      120,
      104,
      104,
      104,
      0,
      0,
      0,
      0,
      0,
      0,
      0,
      0,
      0,
      0,
      0,
      0,
      0,
      0,
      0,
      0,
      113,
      113,
      113,
      113,
      128,
      128,
      128,
      128,
      128,
      128,
      116,
      116,
      116,
      116,
      116,
      116,
      116,
      116,
      0,
      122,
      122,
      122,
      122,
      122,
      122,
      122,
      122,
      122,
      122,
      122,
      122,
      122,
      122,
      122,
      122,
      0,
      0,
      0,
      0,
      0,
      0,
      0,
      0,
      0,
      0,
      0,
      0,
      0,
      0,
      0,
      0,
      0,
      0,
      0,
      0,
      0,
      0,
      0,
      0,
      0,
      0,
      0,
      0,
      0,
      0,
      0,
      0,
      0,
      0,
      0,
      0,
      0,
      132,
      132,
      132,
      132,
      132,
      132,
      132,
      132,
      132,
      133,
      133,
      133,
      133,
      133,
      133,
      133,
      114,
      114,
      114,
      114,
      114,
      114,
      114,
      114,
      114,
      114,
      0,
      0,
      0,
      0,
      0,
      0,
      0,
      0,
      0,
      0,
      118,
      118,
      118,
      118,
      118,
      118,
      151,
      151,
      151,
      151,
      108,
      108,
      108,
      108,
      108,
      108,
      108,
      108,
      108,
      152,
      152,
      0,
      0,
      0,
      0,
      0,
      0,
      0,
      0,
      129,
      129,
      129,
      129
    ],
    [
      134,
      134,
      134,
      134,
      134,
      134,
      134,
      134,
      134,
      134,
      134,
      0,
      0,
      0,
      0,
      0,
      0,
      0,
      0,
      0,
      0,
      0,
      0,
      0,
      0,
      0,
      0,
      0,
      0,
      135,
      135,
      135,
      135,
      135,
      135,
      135,
      109,
      109,
      109,
      109,
      109,
      109,
      139,
      139,
      123,
      123,
      123,
      123,
      123,
      123,
      123,
      123,
      154,
      154,
      154,
      154,
      96,
      0,
      140,
      140,
      140,
      140,
      140,
      140,
      140,
      140,
      140,
      140,
      140,
      140,
      140,
      140,
      0,
      0,
      0,
      0,
      0,
      0,
      0,
      0,
      0,
      0,
      0,
      144,
      124,
      124,
      124,
      124,
      124,
      124,
      110,
      110,
      110,
      110,
      110,
      110,
      125,
      125,
      125,
      125,
      125,
      125,
      125,
      125,
      93,
      93,
      93,
      93,
      93,
      136,
      136,
      115,
      115,
      115,
      115,
      115,
      115,
      115,
      0,
      0,
      0,
      0,
      0,
      159,
      159,
      159,
      159,
      159,
      159,
      159,
      159,
      159,
      159,
      145,
      145,
      145,
      145,
      145,
      145,
      145,
      145,
      145,
      145,
      145,
      164,
      164,
      164,
      164,
      164,
      164,
      164,
      164,
      164,
      164,
      164,
      164,
      164,
      164,
      164,
      119,
      119,
      119,
      119,
      119,
      119,
      119,
      91,
      91,
      0,
      0,
      0,
      0,
      0,
      0,
      0,
      0,
      0,
      0,
      0,
      0,
      0,
      0,
      0,
      126,
      126,
      126,
      126,
      126,
      126,
      126,
      126,
      126,
      0,
      0,
      0,
      0,
      0,
      0,
      0,
      0,
      0,
      0,
      0,
      0,
      0,
      143,
      143,
      143,
      143,
      143,
      143,
      143,
      143,
      143,
      0,
      0,
      0,
      0,
      173,
      130,
      130,
      130,
      130,
      130,
      130,
      130,
      130,
      111,
      111,
      111,
      111,
      121,
      121,
      121,
      121,
      121,
      121,
      121,
      121,
      121,
      121,
      121,
      97,
      97,
      97,
      137,
      137,
      137,
      137,
      137,
      137,
      137,
      137,
      137,
      137,
      0,
      0,
      0,
      0,
      0,
      0,
      0,
      0,
      141,
      141,
      141,
      117,
      117,
      117,
      117,
      117,
      117,
      117,
      117,
      117,
      117,
      117,
      117,
      0,
      0,
      0,
      0,
      0,
      0,
      0,
      0,
      0,
      0,
      0,
      0,
      0,
      0,
      0,
      0,
      0,
      0,
      0,
      0,
      0,
      0,
      0,
      0,
      0,
      0,
      0,
      0,
      0,
      0,
      0,
      0,
      0,
      0,
      0,
      0,
      131,
      131,
      131,
      131,
      131,
      131,
      131,
      131,
      131,
      131,
      131,
      131,
      127,
      127,
      127,
      127,
      127,
      127,
      127,
      153,
      177,
      0,
      0,
      0,
      148,
      148,
      148,
      148,
      148,
      120,
      120,
      120,
      120,
      120,
      120,
      120,
      120,
      120,
      104,
      104,
      0,
      0,
      0,
      0,
      0,
      0,
      0,
      0,
      0,
      0,
      0,
      0,
      0,
      0,
      0,
      0,
      0,
      113,
      113,
      113,
      128,
      128,
      128,
      128,
      128,
      128,
      128,
      128,
      128,
      128,
      128,
      128,
      128,
      128,
      128,
      122,
      122,
      122,
      122,
      122,
      122,
      122,
      122,
      122,
      122,
      122,
      122,
      122,
      122,
      122,
      122,
      122,
      122,
      0,
      0,
      0,
      0,
      0,
      0,
      0,
      0,
      0,
      0,
      0,
      0,
      0,
      0,
      0,
      0,
      0,
      138,
      138,
      138,
      138,
      138,
      138,
      138,
      138,
      138,
      138,
      138,
      138,
      0,
      0,
      0,
      0,
      0,
      0,
      0,
      132,
      132,
      132,
      132,
      132,
      132,
      132,
      132,
      0,
      133,
      133,
      133,
      133,
      133,
      133,
      133,
      133,
      114,
      114,
      114,
      114,
      114,
      114,
      114,
      114,
      114,
      0,
      0,
      0,
      0,
      0,
      0,
      0,
      0,
      0,
      0,
      118,
      118,
      118,
      118,
      151,
      151,
      151,
      151,
      151,
      151,
      108,
      108,
      108,
      108,
      108,
      108,
      108,
      108,
      108,
      152,
      152,
      0,
      0,
      0,
      0,
      0,
      0,
      0,
      129,
      129,
      129,
      129,
      129
    ],
    [
      134,
      134,
      134,
      134,
      134,
      134,
      134,
      134,
      134,
      134,
      134,
      0,
      0,
      0,
      0,
      0,
      0,
      0,
      0,
      0,
      0,
      0,
      0,
      0,
      0,
      0,
      0,
      0,
      0,
      135,
      135,
      135,
      135,
      135,
      135,
      135,
      135,
      135,
      139,
      139,
      139,
      139,
      139,
      139,
      123,
      123,
      123,
      123,
      123,
      123,
      123,
      123,
      154,
      154,
      154,
      154,
      96,
      0,
      140,
      140,
      140,
      140,
      140,
      140,
      140,
      140,
      140,
      140,
      140,
      140,
      140,
      140,
      0,
      0,
      0,
      0,
      0,
      0,
      0,
      0,
      0,
      0,
      144,
      144,
      124,
      124,
      124,
      124,
      124,
      124,
      110,
      110,
      110,
      110,
      110,
      110,
      125,
      125,
      125,
      125,
      125,
      125,
      125,
      125,
      93,
      93,
      93,
      136,
      136,
      136,
      136,
      136,
      136,
      0,
      0,
      0,
      0,
      0,
      0,
      0,
      0,
      0,
      0,
      159,
      159,
      159,
      159,
      159,
      159,
      159,
      159,
      159,
      159,
      145,
      145,
      145,
      145,
      145,
      145,
      145,
      145,
      145,
      145,
      145,
      164,
      164,
      164,
      164,
      164,
      164,
      164,
      164,
      164,
      164,
      164,
      164,
      164,
      164,
      164,
      119,
      119,
      119,
      119,
      119,
      119,
      119,
      91,
      0,
      0,
      0,
      0,
      0,
      0,
      0,
      0,
      0,
      0,
      0,
      0,
      0,
      0,
      0,
      0,
      0,
      126,
      126,
      126,
      126,
      126,
      126,
      126,
      126,
      0,
      0,
      0,
      0,
      0,
      0,
      0,
      0,
      0,
      0,
      0,
      0,
      0,
      0,
      143,
      143,
      143,
      143,
      143,
      143,
      143,
      143,
      143,
      143,
      143,
      143,
      173,
      130,
      130,
      130,
      130,
      130,
      130,
      130,
      130,
      111,
      111,
      111,
      111,
      121,
      121,
      121,
      121,
      121,
      121,
      121,
      121,
      121,
      121,
      121,
      97,
      97,
      160,
      137,
      137,
      137,
      137,
      137,
      137,
      137,
      137,
      137,
      137,
      174,
      0,
      0,
      0,
      0,
      0,
      0,
      0,
      141,
      141,
      141,
      117,
      117,
      117,
      117,
      117,
      117,
      117,
      117,
      142,
      142,
      142,
      142,
      142,
      142,
      142,
      142,
      142,
      142,
      142,
      0,
      0,
      0,
      0,
      0,
      0,
      0,
      0,
      0,
      0,
      0,
      0,
      0,
      0,
      0,
      0,
      0,
      0,
      0,
      0,
      0,
      0,
      0,
      0,
      0,
      0,
      0,
      0,
      0,
      131,
      131,
      131,
      131,
      131,
      131,
      131,
      131,
      131,
      131,
      131,
      131,
      127,
      127,
      127,
      127,
      127,
      127,
      127,
      153,
      177,
      177,
      0,
      148,
      148,
      148,
      148,
      148,
      148,
      148,
      120,
      120,
      120,
      120,
      120,
      120,
      120,
      120,
      0,
      0,
      0,
      0,
      0,
      0,
      0,
      0,
      0,
      0,
      0,
      0,
      0,
      0,
      0,
      0,
      0,
      0,
      0,
      0,
      0,
      0,
      128,
      128,
      128,
      128,
      128,
      128,
      128,
      128,
      128,
      128,
      128,
      128,
      128,
      128,
      122,
      122,
      122,
      122,
      122,
      122,
      122,
      122,
      122,
      122,
      122,
      122,
      122,
      122,
      122,
      122,
      0,
      0,
      0,
      0,
      0,
      0,
      0,
      0,
      0,
      0,
      0,
      0,
      0,
      0,
      0,
      0,
      0,
      0,
      0,
      0,
      138,
      138,
      138,
      138,
      138,
      138,
      138,
      138,
      138,
      138,
      138,
      138,
      138,
      138,
      0,
      0,
      0,
      0,
      0,
      132,
      132,
      132,
      132,
      132,
      132,
      132,
      132,
      0,
      133,
      133,
      133,
      133,
      133,
      133,
      133,
      133,
      133,
      114,
      114,
      114,
      114,
      114,
      114,
      114,
      114,
      114,
      0,
      0,
      0,
      0,
      0,
      0,
      0,
      0,
      0,
      118,
      118,
      151,
      151,
      151,
      151,
      151,
      151,
      151,
      151,
      108,
      108,
      108,
      108,
      108,
      108,
      108,
      108,
      152,
      152,
      152,
      0,
      0,
      0,
      0,
      0,
      0,
      0,
      129,
      129,
      129,
      129,
      129
    ],
    [
      134,
      134,
      134,
      134,
      134,
      134,
      134,
      134,
      134,
      134,
      134,
      0,
      0,
      0,
      0,
      0,
      0,
      0,
      0,
      0,
      0,
      0,
      0,
      0,
      0,
      0,
      0,
      0,
      0,
      135,
      135,
      135,
      135,
      135,
      135,
      135,
      135,
      135,
      139,
      139,
      139,
      139,
      139,
      139,
      123,
      123,
      123,
      123,
      123,
      123,
      123,
      123,
      154,
      154,
      154,
      154,
      96,
      0,
      140,
      140,
      140,
      140,
      140,
      140,
      140,
      140,
      140,
      140,
      140,
      140,
      140,
      140,
      140,
      140,
      140,
      140,
      140,
      140,
      0,
      0,
      0,
      144,
      144,
      144,
      124,
      124,
      124,
      124,
      124,
      124,
      110,
      110,
      110,
      110,
      110,
      110,
      125,
      125,
      125,
      125,
      125,
      125,
      125,
      125,
      93,
      93,
      0,
      136,
      136,
      136,
      136,
      136,
      136,
      136,
      136,
      136,
      0,
      0,
      0,
      0,
      0,
      0,
      0,
      159,
      159,
      159,
      159,
      159,
      159,
      159,
      159,
      159,
      159,
      159,
      145,
      145,
      145,
      145,
      145,
      145,
      145,
      145,
      145,
      145,
      156,
      156,
      156,
      156,
      164,
      164,
      164,
      164,
      164,
      164,
      164,
      164,
      164,
      164,
      164,
      119,
      119,
      119,
      119,
      119,
      119,
      119,
      0,
      0,
      0,
      0,
      0,
      0,
      0,
      0,
      0,
      0,
      0,
      0,
      0,
      0,
      0,
      0,
      0,
      0,
      0,
      0,
      0,
      126,
      126,
      126,
      126,
      126,
      0,
      0,
      0,
      0,
      0,
      0,
      0,
      0,
      0,
      0,
      0,
      0,
      0,
      0,
      143,
      143,
      143,
      143,
      143,
      143,
      143,
      143,
      143,
      143,
      143,
      143,
      173,
      130,
      130,
      130,
      130,
      130,
      130,
      130,
      130,
      111,
      111,
      111,
      147,
      147,
      147,
      121,
      121,
      121,
      121,
      121,
      121,
      121,
      121,
      121,
      97,
      160,
      160,
      137,
      137,
      137,
      137,
      137,
      137,
      137,
      137,
      137,
      137,
      174,
      174,
      165,
      0,
      141,
      141,
      141,
      141,
      141,
      141,
      141,
      117,
      117,
      117,
      117,
      117,
      117,
      117,
      117,
      142,
      142,
      142,
      142,
      142,
      142,
      142,
      142,
      142,
      142,
      142,
      142,
      0,
      0,
      0,
      0,
      0,
      0,
      0,
      0,
      0,
      0,
      0,
      0,
      0,
      0,
      0,
      0,
      0,
      0,
      0,
      0,
      0,
      0,
      0,
      0,
      0,
      0,
      0,
      0,
      131,
      131,
      131,
      131,
      131,
      131,
      131,
      131,
      131,
      131,
      131,
      131,
      127,
      127,
      127,
      127,
      127,
      127,
      127,
      153,
      177,
      177,
      177,
      148,
      148,
      148,
      148,
      148,
      148,
      148,
      148,
      120,
      120,
      120,
      120,
      120,
      120,
      120,
      0,
      0,
      0,
      0,
      0,
      0,
      0,
      0,
      0,
      0,
      0,
      0,
      0,
      0,
      0,
      0,
      0,
      0,
      0,
      0,
      0,
      0,
      128,
      128,
      128,
      128,
      128,
      128,
      128,
      128,
      128,
      128,
      128,
      128,
      128,
      128,
      122,
      122,
      122,
      122,
      122,
      122,
      122,
      122,
      122,
      122,
      122,
      122,
      122,
      122,
      122,
      122,
      0,
      0,
      0,
      0,
      0,
      0,
      0,
      0,
      0,
      0,
      0,
      0,
      0,
      0,
      0,
      0,
      0,
      0,
      0,
      0,
      0,
      138,
      138,
      138,
      138,
      138,
      138,
      138,
      138,
      138,
      138,
      138,
      138,
      138,
      138,
      138,
      138,
      138,
      138,
      132,
      132,
      132,
      132,
      132,
      132,
      0,
      0,
      0,
      133,
      133,
      133,
      133,
      133,
      133,
      133,
      133,
      133,
      0,
      0,
      114,
      114,
      114,
      114,
      114,
      114,
      114,
      0,
      0,
      0,
      0,
      0,
      0,
      0,
      0,
      0,
      151,
      151,
      151,
      151,
      151,
      151,
      151,
      151,
      151,
      151,
      108,
      108,
      108,
      108,
      108,
      108,
      152,
      152,
      152,
      152,
      152,
      0,
      0,
      0,
      0,
      0,
      0,
      0,
      129,
      129,
      129,
      129,
      129
    ],
    [
      134,
      134,
      134,
      134,
      134,
      134,
      134,
      134,
      134,
      134,
      134,
      0,
      0,
      0,
      0,
      0,
      0,
      0,
      0,
      0,
      0,
      0,
      0,
      0,
      0,
      0,
      0,
      0,
      0,
      135,
      135,
      135,
      135,
      135,
      135,
      135,
      135,
      135,
      139,
      139,
      139,
      139,
      139,
      139,
      123,
      123,
      123,
      123,
      123,
      123,
      123,
      123,
      154,
      154,
      154,
      154,
      154,
      154,
      140,
      140,
      140,
      140,
      140,
      140,
      140,
      140,
      140,
      140,
      140,
      140,
      140,
      140,
      140,
      140,
      140,
      140,
      140,
      140,
      140,
      0,
      0,
      144,
      144,
      144,
      124,
      124,
      124,
      124,
      124,
      124,
      0,
      0,
      0,
      0,
      0,
      110,
      125,
      125,
      125,
      125,
      125,
      125,
      125,
      125,
      93,
      0,
      0,
      136,
      136,
      136,
      136,
      136,
      136,
      136,
      136,
      136,
      0,
      0,
      0,
      0,
      0,
      0,
      0,
      159,
      159,
      159,
      159,
      159,
      159,
      159,
      159,
      159,
      159,
      159,
      145,
      145,
      145,
      145,
      145,
      145,
      145,
      145,
      145,
      145,
      156,
      156,
      156,
      156,
      164,
      164,
      164,
      164,
      164,
      164,
      164,
      164,
      164,
      164,
      164,
      119,
      119,
      119,
      119,
      119,
      119,
      0,
      0,
      0,
      0,
      0,
      0,
      0,
      0,
      0,
      0,
      0,
      0,
      0,
      0,
      0,
      0,
      0,
      0,
      0,
      0,
      0,
      0,
      126,
      126,
      126,
      126,
      126,
      0,
      0,
      0,
      0,
      0,
      0,
      0,
      0,
      0,
      0,
      0,
      0,
      0,
      0,
      0,
      0,
      143,
      143,
      143,
      143,
      143,
      143,
      143,
      143,
      143,
      143,
      173,
      130,
      130,
      130,
      130,
      130,
      130,
      130,
      130,
      111,
      147,
      147,
      147,
      147,
      147,
      147,
      147,
      147,
      147,
      147,
      121,
      121,
      121,
      121,
      97,
      160,
      160,
      137,
      137,
      137,
      137,
      137,
      137,
      137,
      137,
      137,
      137,
      174,
      174,
      165,
      165,
      141,
      141,
      141,
      141,
      141,
      141,
      141,
      117,
      117,
      117,
      117,
      117,
      117,
      142,
      142,
      142,
      142,
      142,
      142,
      142,
      142,
      142,
      142,
      142,
      142,
      142,
      142,
      142,
      0,
      0,
      0,
      0,
      0,
      0,
      0,
      0,
      0,
      0,
      0,
      0,
      0,
      0,
      0,
      0,
      0,
      0,
      0,
      0,
      0,
      0,
      0,
      0,
      0,
      0,
      0,
      0,
      131,
      131,
      131,
      131,
      131,
      131,
      131,
      131,
      131,
      131,
      131,
      153,
      127,
      127,
      127,
      127,
      127,
      127,
      153,
      177,
      177,
      177,
      148,
      148,
      148,
      148,
      148,
      148,
      148,
      148,
      148,
      148,
      148,
      148,
      148,
      148,
      0,
      0,
      0,
      0,
      0,
      0,
      0,
      0,
      0,
      0,
      0,
      0,
      0,
      0,
      0,
      0,
      0,
      0,
      0,
      0,
      0,
      0,
      0,
      128,
      128,
      128,
      128,
      128,
      128,
      128,
      128,
      128,
      128,
      128,
      128,
      128,
      128,
      122,
      122,
      122,
      122,
      122,
      122,
      122,
      122,
      122,
      122,
      122,
      122,
      122,
      122,
      122,
      122,
      0,
      0,
      0,
      0,
      0,
      0,
      0,
      0,
      0,
      0,
      0,
      0,
      0,
      0,
      0,
      150,
      150,
      150,
      150,
      150,
      150,
      150,
      138,
      138,
      138,
      138,
      138,
      138,
      138,
      138,
      138,
      138,
      138,
      138,
      138,
      138,
      138,
      138,
      132,
      132,
      132,
      132,
      132,
      132,
      0,
      0,
      0,
      0,
      133,
      133,
      133,
      133,
      133,
      133,
      133,
      133,
      133,
      0,
      0,
      114,
      114,
      114,
      114,
      114,
      114,
      114,
      0,
      0,
      0,
      0,
      0,
      0,
      0,
      0,
      151,
      151,
      151,
      151,
      151,
      151,
      151,
      151,
      151,
      151,
      151,
      151,
      151,
      151,
      151,
      151,
      152,
      152,
      152,
      152,
      152,
      152,
      152,
      152,
      152,
      152,
      0,
      0,
      0,
      129,
      129,
      129,
      129,
      129
    ],
    [
      134,
      134,
      134,
      134,
      134,
      134,
      134,
      134,
      134,
      134,
      134,
      0,
      0,
      0,
      0,
      0,
      0,
      0,
      0,
      0,
      0,
      0,
      0,
      0,
      0,
      0,
      0,
      0,
      0,
      135,
      135,
      135,
      135,
      135,
      135,
      135,
      135,
      135,
      139,
      139,
      139,
      139,
      139,
      139,
      123,
      123,
      123,
      123,
      123,
      123,
      123,
      123,
      154,
      154,
      154,
      154,
      154,
      154,
      140,
      140,
      140,
      140,
      140,
      140,
      140,
      140,
      140,
      140,
      140,
      140,
      140,
      140,
      140,
      140,
      140,
      140,
      140,
      140,
      140,
      140,
      0,
      144,
      144,
      144,
      124,
      124,
      124,
      124,
      124,
      124,
      0,
      0,
      0,
      0,
      0,
      0,
      0,
      125,
      125,
      125,
      125,
      125,
      125,
      125,
      0,
      0,
      0,
      136,
      136,
      136,
      136,
      136,
      136,
      136,
      0,
      0,
      0,
      0,
      0,
      0,
      0,
      0,
      0,
      159,
      159,
      159,
      159,
      159,
      159,
      159,
      159,
      159,
      159,
      159,
      159,
      145,
      145,
      145,
      145,
      145,
      145,
      145,
      145,
      156,
      156,
      156,
      156,
      156,
      164,
      164,
      164,
      164,
      164,
      164,
      164,
      164,
      164,
      164,
      164,
      164,
      0,
      0,
      0,
      0,
      0,
      0,
      0,
      0,
      0,
      0,
      0,
      0,
      0,
      0,
      0,
      0,
      0,
      0,
      0,
      0,
      0,
      0,
      0,
      0,
      0,
      0,
      0,
      126,
      146,
      146,
      146,
      146,
      0,
      0,
      0,
      0,
      0,
      0,
      0,
      0,
      0,
      0,
      0,
      0,
      0,
      0,
      0,
      0,
      143,
      143,
      143,
      143,
      143,
      143,
      143,
      143,
      143,
      143,
      173,
      130,
      130,
      130,
      130,
      130,
      130,
      130,
      130,
      147,
      147,
      147,
      147,
      147,
      147,
      147,
      147,
      147,
      147,
      147,
      121,
      121,
      121,
      121,
      147,
      160,
      160,
      137,
      137,
      137,
      137,
      137,
      137,
      137,
      137,
      137,
      137,
      174,
      174,
      165,
      165,
      141,
      141,
      141,
      141,
      141,
      141,
      141,
      117,
      117,
      117,
      117,
      117,
      117,
      142,
      142,
      142,
      142,
      142,
      142,
      142,
      142,
      142,
      142,
      142,
      142,
      142,
      142,
      142,
      142,
      0,
      0,
      0,
      0,
      0,
      0,
      0,
      0,
      0,
      0,
      0,
      0,
      0,
      0,
      0,
      0,
      0,
      0,
      0,
      0,
      0,
      0,
      0,
      0,
      0,
      0,
      0,
      131,
      131,
      131,
      131,
      131,
      131,
      131,
      131,
      131,
      131,
      131,
      153,
      153,
      127,
      127,
      127,
      127,
      127,
      153,
      177,
      177,
      177,
      177,
      148,
      148,
      148,
      148,
      148,
      148,
      148,
      148,
      148,
      148,
      148,
      0,
      0,
      0,
      0,
      0,
      0,
      0,
      0,
      0,
      0,
      0,
      0,
      0,
      0,
      0,
      0,
      0,
      0,
      0,
      0,
      0,
      0,
      0,
      0,
      0,
      128,
      128,
      128,
      128,
      128,
      128,
      128,
      128,
      128,
      128,
      128,
      128,
      128,
      128,
      122,
      122,
      122,
      122,
      122,
      122,
      122,
      122,
      122,
      122,
      149,
      149,
      149,
      149,
      149,
      0,
      0,
      0,
      0,
      0,
      0,
      0,
      0,
      0,
      0,
      0,
      0,
      0,
      0,
      0,
      0,
      150,
      150,
      150,
      150,
      150,
      150,
      150,
      150,
      150,
      138,
      138,
      138,
      138,
      138,
      138,
      138,
      138,
      138,
      138,
      138,
      138,
      138,
      138,
      138,
      138,
      0,
      0,
      0,
      0,
      0,
      0,
      0,
      0,
      133,
      133,
      133,
      133,
      133,
      133,
      133,
      133,
      133,
      0,
      0,
      114,
      114,
      114,
      114,
      114,
      114,
      114,
      0,
      0,
      0,
      0,
      0,
      0,
      0,
      151,
      151,
      151,
      151,
      151,
      151,
      151,
      151,
      151,
      151,
      151,
      151,
      151,
      151,
      151,
      151,
      152,
      152,
      152,
      152,
      152,
      152,
      152,
      152,
      152,
      152,
      152,
      0,
      0,
      0,
      129,
      129,
      129,
      129,
      129
    ],
    [
      171,
      171,
      171,
      134,
      134,
      134,
      134,
      134,
      134,
      134,
      134,
      0,
      0,
      0,
      0,
      0,
      0,
      0,
      0,
      0,
      0,
      0,
      0,
      0,
      0,
      0,
      0,
      0,
      0,
      135,
      135,
      135,
      135,
      135,
      135,
      135,
      135,
      135,
      139,
      139,
      139,
      139,
      139,
      139,
      123,
      123,
      154,
      154,
      154,
      154,
      154,
      154,
      154,
      154,
      154,
      154,
      154,
      154,
      154,
      154,
      154,
      154,
      140,
      140,
      140,
      140,
      140,
      140,
      140,
      140,
      140,
      140,
      140,
      140,
      140,
      140,
      140,
      140,
      144,
      144,
      144,
      144,
      144,
      144,
      144,
      144,
      144,
      144,
      144,
      0,
      0,
      0,
      0,
      0,
      0,
      0,
      0,
      0,
      0,
      0,
      0,
      0,
      0,
      0,
      0,
      0,
      0,
      0,
      0,
      0,
      0,
      0,
      0,
      0,
      0,
      0,
      0,
      0,
      0,
      0,
      0,
      0,
      0,
      159,
      159,
      159,
      159,
      159,
      159,
      159,
      159,
      159,
      159,
      159,
      159,
      145,
      145,
      145,
      145,
      145,
      145,
      145,
      145,
      156,
      156,
      156,
      156,
      156,
      164,
      164,
      164,
      164,
      164,
      164,
      164,
      164,
      164,
      164,
      164,
      164,
      164,
      0,
      0,
      0,
      0,
      0,
      0,
      0,
      0,
      0,
      0,
      0,
      0,
      0,
      0,
      0,
      0,
      0,
      0,
      0,
      0,
      0,
      0,
      0,
      0,
      0,
      0,
      0,
      146,
      146,
      146,
      146,
      0,
      0,
      0,
      0,
      0,
      0,
      0,
      0,
      0,
      0,
      0,
      0,
      0,
      0,
      0,
      0,
      143,
      143,
      143,
      143,
      143,
      143,
      143,
      143,
      143,
      143,
      173,
      173,
      130,
      130,
      130,
      130,
      130,
      130,
      130,
      147,
      147,
      147,
      147,
      147,
      147,
      147,
      147,
      147,
      147,
      147,
      147,
      121,
      121,
      121,
      147,
      160,
      160,
      137,
      137,
      137,
      137,
      137,
      137,
      137,
      137,
      137,
      137,
      174,
      174,
      165,
      165,
      141,
      141,
      141,
      141,
      141,
      141,
      141,
      117,
      117,
      117,
      117,
      142,
      142,
      142,
      142,
      142,
      142,
      142,
      142,
      142,
      142,
      142,
      142,
      142,
      169,
      169,
      169,
      169,
      169,
      0,
      0,
      0,
      0,
      0,
      0,
      0,
      0,
      0,
      0,
      0,
      0,
      0,
      0,
      0,
      0,
      0,
      0,
      0,
      0,
      0,
      0,
      0,
      0,
      0,
      0,
      0,
      131,
      131,
      131,
      131,
      131,
      131,
      131,
      131,
      131,
      131,
      131,
      153,
      153,
      153,
      127,
      127,
      127,
      127,
      153,
      177,
      177,
      177,
      177,
      148,
      148,
      148,
      148,
      148,
      148,
      148,
      148,
      148,
      148,
      148,
      0,
      0,
      0,
      0,
      0,
      0,
      0,
      0,
      0,
      0,
      0,
      0,
      0,
      0,
      0,
      0,
      0,
      0,
      0,
      0,
      0,
      0,
      0,
      0,
      0,
      0,
      0,
      128,
      128,
      128,
      128,
      128,
      128,
      128,
      128,
      128,
      128,
      128,
      128,
      128,
      122,
      122,
      122,
      122,
      122,
      122,
      122,
      122,
      122,
      149,
      149,
      149,
      149,
      149,
      157,
      157,
      0,
      0,
      0,
      0,
      0,
      0,
      0,
      0,
      0,
      0,
      0,
      0,
      0,
      0,
      150,
      150,
      150,
      150,
      150,
      150,
      150,
      150,
      150,
      138,
      138,
      138,
      138,
      138,
      138,
      138,
      138,
      138,
      138,
      138,
      138,
      138,
      138,
      138,
      138,
      138,
      0,
      0,
      0,
      0,
      0,
      0,
      0,
      133,
      133,
      133,
      133,
      133,
      133,
      133,
      133,
      0,
      0,
      0,
      114,
      114,
      114,
      114,
      114,
      114,
      114,
      0,
      0,
      0,
      0,
      0,
      0,
      0,
      151,
      151,
      151,
      151,
      151,
      151,
      151,
      151,
      151,
      151,
      151,
      151,
      151,
      151,
      151,
      151,
      152,
      152,
      152,
      152,
      152,
      152,
      152,
      152,
      152,
      152,
      152,
      0,
      0,
      0,
      129,
      129,
      129,
      129,
      129
    ],
    [
      171,
      171,
      171,
      171,
      171,
      171,
      171,
      171,
      171,
      171,
      0,
      0,
      0,
      0,
      0,
      0,
      0,
      0,
      0,
      0,
      0,
      0,
      0,
      0,
      0,
      0,
      0,
      0,
      0,
      135,
      135,
      135,
      135,
      135,
      135,
      135,
      135,
      135,
      139,
      139,
      139,
      139,
      139,
      139,
      123,
      123,
      154,
      154,
      154,
      154,
      154,
      154,
      154,
      154,
      154,
      154,
      154,
      154,
      154,
      155,
      155,
      154,
      140,
      140,
      140,
      140,
      158,
      158,
      158,
      140,
      140,
      140,
      140,
      140,
      140,
      140,
      140,
      140,
      144,
      144,
      144,
      144,
      144,
      144,
      144,
      144,
      144,
      144,
      144,
      0,
      0,
      0,
      0,
      0,
      0,
      0,
      0,
      0,
      0,
      0,
      0,
      0,
      0,
      0,
      0,
      0,
      0,
      0,
      0,
      0,
      0,
      0,
      0,
      0,
      0,
      0,
      0,
      0,
      0,
      0,
      0,
      0,
      0,
      159,
      159,
      159,
      159,
      159,
      159,
      159,
      159,
      159,
      159,
      159,
      159,
      145,
      145,
      145,
      145,
      145,
      145,
      145,
      145,
      156,
      156,
      156,
      156,
      156,
      164,
      164,
      164,
      164,
      164,
      164,
      164,
      164,
      164,
      164,
      164,
      164,
      164,
      0,
      0,
      0,
      0,
      0,
      0,
      0,
      0,
      0,
      0,
      0,
      0,
      0,
      0,
      0,
      0,
      0,
      0,
      0,
      0,
      0,
      0,
      0,
      0,
      0,
      0,
      0,
      146,
      146,
      146,
      146,
      0,
      0,
      0,
      0,
      0,
      0,
      0,
      0,
      0,
      0,
      0,
      0,
      0,
      0,
      0,
      0,
      143,
      143,
      143,
      143,
      143,
      143,
      143,
      143,
      143,
      143,
      173,
      173,
      130,
      130,
      130,
      130,
      130,
      130,
      147,
      147,
      147,
      147,
      147,
      147,
      147,
      147,
      147,
      147,
      147,
      147,
      147,
      147,
      147,
      147,
      147,
      160,
      160,
      137,
      137,
      137,
      137,
      137,
      137,
      137,
      137,
      137,
      137,
      174,
      174,
      165,
      165,
      141,
      141,
      141,
      141,
      141,
      141,
      141,
      117,
      117,
      117,
      117,
      142,
      161,
      161,
      161,
      161,
      161,
      142,
      142,
      142,
      142,
      142,
      142,
      142,
      169,
      169,
      169,
      169,
      169,
      0,
      0,
      0,
      0,
      0,
      0,
      0,
      0,
      0,
      0,
      0,
      0,
      0,
      0,
      0,
      0,
      0,
      0,
      0,
      0,
      0,
      0,
      0,
      0,
      0,
      0,
      0,
      131,
      131,
      131,
      131,
      131,
      131,
      131,
      131,
      131,
      131,
      131,
      153,
      153,
      153,
      153,
      153,
      153,
      153,
      153,
      177,
      177,
      177,
      177,
      177,
      148,
      148,
      148,
      148,
      148,
      148,
      148,
      148,
      148,
      148,
      0,
      0,
      0,
      0,
      0,
      0,
      0,
      0,
      0,
      0,
      0,
      0,
      0,
      0,
      0,
      0,
      0,
      0,
      0,
      0,
      0,
      0,
      0,
      0,
      0,
      0,
      0,
      0,
      128,
      128,
      128,
      128,
      128,
      128,
      128,
      162,
      162,
      162,
      162,
      162,
      122,
      122,
      122,
      122,
      122,
      122,
      122,
      0,
      157,
      149,
      149,
      149,
      149,
      149,
      157,
      157,
      0,
      0,
      0,
      0,
      0,
      0,
      0,
      0,
      0,
      0,
      0,
      0,
      0,
      0,
      150,
      150,
      150,
      150,
      150,
      150,
      150,
      150,
      150,
      138,
      138,
      138,
      138,
      138,
      138,
      138,
      138,
      138,
      138,
      138,
      182,
      182,
      182,
      182,
      182,
      182,
      182,
      0,
      0,
      0,
      0,
      0,
      0,
      0,
      133,
      133,
      133,
      133,
      133,
      133,
      133,
      0,
      0,
      0,
      0,
      0,
      0,
      0,
      0,
      0,
      0,
      0,
      0,
      0,
      0,
      0,
      0,
      0,
      151,
      151,
      151,
      151,
      151,
      151,
      151,
      151,
      151,
      151,
      151,
      151,
      151,
      151,
      151,
      170,
      170,
      170,
      170,
      170,
      152,
      152,
      152,
      152,
      152,
      152,
      152,
      0,
      0,
      0,
      129,
      129,
      129,
      129,
      129
    ],
    [
      171,
      171,
      171,
      171,
      171,
      171,
      171,
      171,
      171,
      171,
      0,
      0,
      0,
      0,
      0,
      0,
      0,
      0,
      0,
      0,
      0,
      0,
      0,
      0,
      0,
      0,
      0,
      0,
      0,
      0,
      135,
      135,
      135,
      135,
      135,
      135,
      135,
      179,
      179,
      179,
      179,
      179,
      139,
      139,
      123,
      123,
      154,
      154,
      154,
      154,
      154,
      154,
      154,
      154,
      155,
      155,
      155,
      155,
      155,
      155,
      155,
      154,
      140,
      140,
      158,
      158,
      158,
      158,
      158,
      158,
      140,
      140,
      140,
      140,
      140,
      140,
      166,
      166,
      144,
      144,
      144,
      144,
      144,
      144,
      144,
      144,
      144,
      144,
      144,
      0,
      0,
      0,
      0,
      0,
      0,
      0,
      0,
      0,
      0,
      0,
      0,
      0,
      0,
      0,
      0,
      0,
      0,
      0,
      0,
      167,
      167,
      167,
      167,
      167,
      167,
      0,
      0,
      0,
      0,
      0,
      0,
      0,
      0,
      0,
      159,
      159,
      159,
      159,
      159,
      159,
      159,
      159,
      159,
      159,
      159,
      145,
      145,
      145,
      145,
      145,
      145,
      156,
      156,
      156,
      156,
      156,
      156,
      156,
      164,
      164,
      164,
      164,
      164,
      164,
      164,
      164,
      164,
      164,
      164,
      164,
      164,
      164,
      0,
      0,
      0,
      0,
      0,
      0,
      0,
      0,
      0,
      0,
      0,
      0,
      0,
      0,
      0,
      0,
      0,
      0,
      0,
      0,
      0,
      0,
      0,
      0,
      0,
      0,
      146,
      146,
      146,
      146,
      0,
      0,
      0,
      0,
      0,
      0,
      0,
      0,
      0,
      0,
      0,
      0,
      0,
      0,
      0,
      0,
      143,
      143,
      143,
      143,
      143,
      143,
      143,
      143,
      143,
      143,
      173,
      173,
      173,
      173,
      173,
      173,
      173,
      147,
      147,
      147,
      147,
      147,
      147,
      147,
      147,
      147,
      147,
      147,
      147,
      147,
      147,
      147,
      147,
      147,
      147,
      160,
      160,
      160,
      160,
      160,
      160,
      160,
      160,
      160,
      137,
      137,
      137,
      174,
      174,
      165,
      165,
      141,
      141,
      141,
      141,
      141,
      141,
      141,
      117,
      117,
      117,
      117,
      142,
      161,
      161,
      161,
      161,
      161,
      161,
      142,
      142,
      142,
      142,
      142,
      142,
      169,
      169,
      169,
      169,
      169,
      0,
      0,
      0,
      0,
      0,
      0,
      0,
      0,
      0,
      0,
      0,
      0,
      0,
      0,
      0,
      0,
      0,
      0,
      0,
      0,
      0,
      0,
      0,
      0,
      0,
      0,
      0,
      0,
      131,
      131,
      131,
      131,
      131,
      131,
      131,
      153,
      153,
      153,
      153,
      153,
      153,
      153,
      153,
      153,
      153,
      153,
      177,
      177,
      177,
      177,
      177,
      148,
      148,
      148,
      148,
      148,
      148,
      148,
      148,
      148,
      0,
      0,
      0,
      0,
      0,
      0,
      0,
      0,
      0,
      0,
      0,
      0,
      0,
      0,
      0,
      0,
      0,
      0,
      0,
      0,
      0,
      0,
      0,
      0,
      0,
      0,
      0,
      0,
      0,
      0,
      0,
      0,
      128,
      128,
      128,
      128,
      162,
      162,
      162,
      162,
      162,
      162,
      122,
      122,
      122,
      122,
      0,
      0,
      0,
      157,
      149,
      149,
      149,
      149,
      149,
      157,
      157,
      157,
      157,
      157,
      157,
      157,
      157,
      0,
      0,
      0,
      0,
      0,
      0,
      0,
      0,
      150,
      150,
      150,
      150,
      150,
      150,
      150,
      150,
      150,
      138,
      138,
      138,
      138,
      138,
      138,
      138,
      138,
      138,
      138,
      182,
      182,
      182,
      163,
      163,
      163,
      163,
      163,
      163,
      0,
      0,
      0,
      0,
      0,
      0,
      0,
      0,
      0,
      0,
      0,
      0,
      0,
      0,
      0,
      0,
      0,
      0,
      0,
      0,
      0,
      0,
      0,
      0,
      0,
      0,
      0,
      0,
      0,
      0,
      151,
      151,
      151,
      151,
      151,
      151,
      151,
      151,
      151,
      151,
      151,
      151,
      151,
      151,
      151,
      170,
      170,
      170,
      170,
      170,
      152,
      152,
      152,
      152,
      152,
      152,
      152,
      0,
      0,
      129,
      129,
      129,
      129,
      129,
      129
    ],
    [
      171,
      171,
      171,
      171,
      171,
      171,
      171,
      171,
      171,
      171,
      0,
      0,
      0,
      0,
      0,
      0,
      0,
      0,
      0,
      0,
      0,
      0,
      0,
      0,
      0,
      0,
      0,
      0,
      0,
      0,
      0,
      179,
      179,
      179,
      179,
      179,
      179,
      179,
      179,
      179,
      179,
      179,
      0,
      139,
      123,
      123,
      154,
      154,
      154,
      154,
      154,
      154,
      154,
      155,
      155,
      155,
      155,
      155,
      155,
      155,
      155,
      154,
      140,
      158,
      158,
      158,
      158,
      158,
      158,
      158,
      158,
      140,
      140,
      140,
      140,
      140,
      166,
      166,
      166,
      166,
      166,
      166,
      166,
      166,
      166,
      166,
      166,
      166,
      166,
      166,
      0,
      0,
      0,
      0,
      0,
      0,
      0,
      0,
      0,
      0,
      0,
      0,
      0,
      0,
      0,
      0,
      0,
      0,
      167,
      167,
      167,
      167,
      167,
      167,
      167,
      0,
      0,
      0,
      0,
      0,
      0,
      0,
      0,
      0,
      0,
      0,
      159,
      159,
      159,
      159,
      159,
      159,
      159,
      159,
      145,
      145,
      145,
      145,
      145,
      156,
      156,
      156,
      156,
      156,
      156,
      156,
      156,
      156,
      164,
      164,
      164,
      164,
      164,
      164,
      164,
      164,
      0,
      0,
      0,
      0,
      0,
      0,
      0,
      0,
      0,
      0,
      0,
      0,
      0,
      0,
      0,
      0,
      0,
      0,
      0,
      0,
      0,
      0,
      0,
      0,
      0,
      0,
      0,
      0,
      0,
      0,
      0,
      0,
      146,
      146,
      146,
      146,
      0,
      0,
      0,
      0,
      0,
      0,
      0,
      0,
      0,
      0,
      0,
      0,
      0,
      0,
      0,
      0,
      143,
      143,
      143,
      143,
      143,
      143,
      143,
      143,
      143,
      143,
      173,
      173,
      173,
      173,
      173,
      173,
      173,
      147,
      147,
      147,
      147,
      147,
      147,
      147,
      147,
      147,
      147,
      147,
      147,
      147,
      147,
      147,
      147,
      147,
      147,
      160,
      160,
      160,
      160,
      160,
      160,
      160,
      160,
      160,
      174,
      174,
      174,
      174,
      174,
      165,
      165,
      165,
      165,
      165,
      165,
      165,
      165,
      165,
      117,
      117,
      117,
      117,
      142,
      161,
      161,
      161,
      161,
      161,
      161,
      161,
      142,
      142,
      142,
      142,
      169,
      169,
      169,
      169,
      169,
      169,
      0,
      0,
      0,
      0,
      0,
      0,
      0,
      0,
      0,
      0,
      0,
      0,
      0,
      0,
      0,
      0,
      0,
      0,
      0,
      0,
      0,
      0,
      0,
      0,
      0,
      0,
      0,
      0,
      0,
      0,
      131,
      131,
      131,
      131,
      153,
      153,
      153,
      153,
      153,
      153,
      153,
      153,
      153,
      153,
      153,
      177,
      177,
      177,
      177,
      177,
      177,
      148,
      148,
      148,
      148,
      148,
      148,
      148,
      148,
      148,
      0,
      0,
      0,
      0,
      0,
      0,
      0,
      0,
      0,
      0,
      0,
      0,
      0,
      0,
      0,
      0,
      0,
      0,
      0,
      0,
      0,
      0,
      0,
      0,
      0,
      0,
      0,
      0,
      0,
      0,
      0,
      0,
      128,
      128,
      128,
      128,
      162,
      162,
      162,
      162,
      162,
      162,
      122,
      122,
      122,
      122,
      0,
      0,
      0,
      157,
      157,
      157,
      157,
      157,
      157,
      157,
      157,
      157,
      157,
      157,
      157,
      157,
      157,
      0,
      0,
      0,
      0,
      0,
      0,
      0,
      0,
      150,
      150,
      150,
      150,
      150,
      150,
      150,
      150,
      150,
      138,
      138,
      138,
      138,
      138,
      138,
      138,
      138,
      138,
      138,
      182,
      182,
      182,
      163,
      163,
      163,
      163,
      163,
      163,
      0,
      0,
      0,
      0,
      0,
      0,
      0,
      0,
      0,
      0,
      0,
      0,
      0,
      0,
      0,
      0,
      0,
      0,
      0,
      0,
      0,
      0,
      0,
      0,
      0,
      0,
      0,
      0,
      0,
      0,
      151,
      151,
      151,
      151,
      151,
      151,
      151,
      151,
      151,
      151,
      151,
      151,
      151,
      151,
      170,
      170,
      170,
      170,
      170,
      170,
      152,
      152,
      152,
      152,
      152,
      152,
      152,
      0,
      0,
      129,
      129,
      129,
      129,
      129,
      129
    ],
    [
      171,
      171,
      171,
      171,
      171,
      171,
      171,
      171,
      171,
      171,
      0,
      0,
      0,
      0,
      0,
      0,
      0,
      0,
      0,
      0,
      0,
      0,
      0,
      0,
      0,
      0,
      0,
      0,
      0,
      0,
      0,
      0,
      179,
      179,
      179,
      179,
      179,
      179,
      179,
      179,
      179,
      179,
      0,
      0,
      123,
      123,
      154,
      154,
      154,
      154,
      154,
      154,
      154,
      155,
      155,
      155,
      155,
      155,
      155,
      155,
      155,
      188,
      158,
      158,
      158,
      158,
      158,
      158,
      158,
      158,
      158,
      158,
      140,
      140,
      140,
      140,
      166,
      166,
      166,
      166,
      166,
      166,
      166,
      166,
      166,
      166,
      166,
      166,
      166,
      166,
      0,
      0,
      0,
      0,
      0,
      0,
      0,
      0,
      0,
      0,
      0,
      0,
      0,
      0,
      0,
      0,
      0,
      0,
      167,
      167,
      167,
      167,
      167,
      167,
      167,
      167,
      0,
      0,
      0,
      0,
      0,
      0,
      0,
      0,
      0,
      0,
      0,
      159,
      159,
      159,
      159,
      159,
      159,
      159,
      159,
      168,
      168,
      168,
      168,
      156,
      156,
      156,
      156,
      156,
      156,
      156,
      156,
      156,
      164,
      164,
      164,
      164,
      164,
      164,
      164,
      164,
      0,
      0,
      0,
      0,
      0,
      0,
      0,
      0,
      0,
      0,
      0,
      0,
      0,
      0,
      0,
      0,
      0,
      0,
      0,
      0,
      0,
      0,
      0,
      0,
      0,
      0,
      0,
      0,
      0,
      0,
      0,
      0,
      146,
      146,
      146,
      146,
      0,
      0,
      0,
      0,
      0,
      0,
      0,
      0,
      0,
      172,
      172,
      172,
      0,
      0,
      0,
      0,
      143,
      143,
      143,
      143,
      143,
      143,
      143,
      143,
      143,
      143,
      173,
      173,
      173,
      173,
      173,
      173,
      173,
      173,
      173,
      173,
      147,
      147,
      147,
      147,
      147,
      147,
      147,
      147,
      147,
      147,
      147,
      147,
      147,
      147,
      147,
      160,
      160,
      160,
      160,
      160,
      160,
      160,
      160,
      174,
      174,
      174,
      174,
      174,
      174,
      165,
      165,
      165,
      165,
      165,
      165,
      165,
      165,
      165,
      165,
      117,
      117,
      117,
      142,
      161,
      161,
      161,
      161,
      161,
      161,
      161,
      142,
      142,
      142,
      142,
      169,
      169,
      169,
      169,
      169,
      169,
      0,
      0,
      0,
      0,
      0,
      0,
      0,
      0,
      0,
      0,
      0,
      0,
      0,
      0,
      0,
      0,
      0,
      0,
      0,
      0,
      0,
      0,
      0,
      0,
      0,
      0,
      0,
      0,
      0,
      0,
      131,
      131,
      131,
      131,
      193,
      153,
      153,
      153,
      153,
      153,
      153,
      153,
      153,
      177,
      177,
      177,
      177,
      177,
      177,
      177,
      177,
      148,
      148,
      148,
      148,
      148,
      148,
      148,
      148,
      148,
      148,
      0,
      0,
      0,
      0,
      0,
      0,
      0,
      0,
      0,
      0,
      0,
      0,
      0,
      0,
      0,
      0,
      0,
      0,
      0,
      0,
      0,
      0,
      0,
      0,
      0,
      0,
      0,
      0,
      0,
      0,
      0,
      128,
      128,
      128,
      128,
      162,
      162,
      162,
      162,
      162,
      162,
      0,
      0,
      122,
      122,
      0,
      0,
      0,
      157,
      157,
      157,
      157,
      157,
      157,
      157,
      157,
      157,
      157,
      157,
      157,
      157,
      157,
      0,
      0,
      0,
      0,
      0,
      0,
      0,
      0,
      0,
      0,
      0,
      0,
      0,
      0,
      0,
      138,
      138,
      138,
      138,
      138,
      138,
      138,
      138,
      138,
      182,
      182,
      182,
      182,
      182,
      182,
      163,
      163,
      163,
      163,
      163,
      163,
      0,
      0,
      0,
      0,
      0,
      0,
      0,
      0,
      0,
      0,
      0,
      0,
      0,
      0,
      0,
      0,
      0,
      0,
      0,
      0,
      0,
      0,
      0,
      0,
      0,
      0,
      0,
      0,
      0,
      0,
      151,
      151,
      151,
      151,
      151,
      151,
      151,
      151,
      151,
      151,
      151,
      170,
      170,
      170,
      170,
      170,
      170,
      170,
      170,
      170,
      152,
      152,
      152,
      152,
      152,
      152,
      152,
      0,
      0,
      129,
      129,
      129,
      129,
      129,
      129
    ],
    [
      171,
      171,
      171,
      171,
      171,
      171,
      171,
      171,
      171,
      171,
      0,
      0,
      0,
      0,
      0,
      0,
      0,
      0,
      0,
      0,
      0,
      0,
      0,
      0,
      183,
      183,
      183,
      183,
      183,
      183,
      183,
      183,
      183,
      183,
      179,
      179,
      179,
      179,
      179,
      179,
      179,
      179,
      0,
      0,
      0,
      123,
      154,
      154,
      154,
      154,
      154,
      154,
      154,
      155,
      155,
      155,
      155,
      155,
      155,
      155,
      188,
      188,
      158,
      158,
      158,
      158,
      158,
      158,
      158,
      158,
      158,
      158,
      158,
      196,
      196,
      140,
      166,
      166,
      166,
      166,
      166,
      166,
      166,
      166,
      166,
      166,
      166,
      166,
      166,
      166,
      0,
      0,
      0,
      0,
      0,
      0,
      0,
      0,
      0,
      0,
      0,
      0,
      0,
      0,
      0,
      0,
      0,
      0,
      167,
      167,
      167,
      167,
      167,
      167,
      167,
      167,
      0,
      0,
      0,
      0,
      0,
      0,
      0,
      0,
      0,
      0,
      0,
      159,
      159,
      159,
      159,
      159,
      159,
      159,
      168,
      168,
      168,
      168,
      168,
      156,
      156,
      156,
      156,
      156,
      156,
      156,
      156,
      156,
      164,
      164,
      164,
      164,
      164,
      164,
      164,
      164,
      0,
      0,
      0,
      0,
      0,
      0,
      0,
      0,
      0,
      0,
      0,
      0,
      0,
      0,
      0,
      0,
      0,
      0,
      0,
      0,
      0,
      0,
      0,
      0,
      0,
      0,
      0,
      0,
      0,
      0,
      0,
      0,
      146,
      146,
      146,
      146,
      0,
      0,
      0,
      0,
      172,
      172,
      172,
      172,
      172,
      172,
      172,
      172,
      172,
      172,
      172,
      172,
      172,
      172,
      172,
      172,
      172,
      143,
      143,
      143,
      143,
      143,
      173,
      173,
      173,
      173,
      173,
      173,
      173,
      173,
      173,
      173,
      173,
      173,
      173,
      173,
      173,
      147,
      147,
      147,
      147,
      147,
      147,
      147,
      147,
      147,
      160,
      160,
      160,
      160,
      160,
      160,
      160,
      160,
      174,
      174,
      174,
      174,
      174,
      174,
      174,
      165,
      165,
      165,
      165,
      165,
      165,
      165,
      165,
      165,
      165,
      117,
      117,
      117,
      142,
      161,
      161,
      161,
      161,
      161,
      161,
      161,
      142,
      142,
      142,
      142,
      169,
      169,
      169,
      169,
      169,
      169,
      0,
      0,
      0,
      0,
      0,
      0,
      0,
      0,
      0,
      0,
      0,
      0,
      0,
      0,
      0,
      0,
      0,
      0,
      0,
      0,
      0,
      0,
      0,
      0,
      0,
      0,
      0,
      0,
      0,
      0,
      131,
      131,
      131,
      193,
      193,
      193,
      193,
      193,
      193,
      153,
      153,
      153,
      153,
      177,
      177,
      177,
      177,
      177,
      177,
      177,
      177,
      148,
      148,
      148,
      148,
      148,
      175,
      175,
      175,
      175,
      175,
      175,
      175,
      0,
      0,
      0,
      0,
      0,
      0,
      0,
      0,
      0,
      0,
      0,
      0,
      0,
      0,
      0,
      0,
      0,
      0,
      0,
      0,
      0,
      0,
      0,
      0,
      0,
      0,
      0,
      0,
      0,
      0,
      0,
      128,
      128,
      162,
      162,
      162,
      162,
      162,
      162,
      0,
      0,
      122,
      0,
      0,
      0,
      0,
      0,
      0,
      0,
      0,
      0,
      0,
      0,
      0,
      0,
      0,
      0,
      0,
      0,
      0,
      0,
      0,
      0,
      0,
      0,
      0,
      0,
      0,
      0,
      0,
      0,
      0,
      0,
      0,
      138,
      138,
      138,
      138,
      138,
      138,
      138,
      138,
      182,
      182,
      182,
      182,
      182,
      182,
      182,
      182,
      163,
      163,
      163,
      163,
      163,
      163,
      0,
      0,
      0,
      0,
      0,
      0,
      0,
      0,
      0,
      0,
      0,
      0,
      0,
      0,
      0,
      0,
      0,
      0,
      0,
      0,
      0,
      0,
      0,
      0,
      0,
      0,
      0,
      0,
      0,
      0,
      151,
      151,
      151,
      151,
      151,
      151,
      151,
      151,
      151,
      151,
      151,
      170,
      170,
      170,
      170,
      170,
      170,
      170,
      170,
      170,
      152,
      152,
      152,
      152,
      152,
      152,
      152,
      152,
      129,
      129,
      129,
      129,
      129,
      129,
      129
    ],
    [
      171,
      171,
      171,
      171,
      171,
      171,
      171,
      171,
      171,
      187,
      187,
      0,
      0,
      0,
      0,
      0,
      0,
      183,
      183,
      0,
      0,
      0,
      0,
      0,
      183,
      183,
      183,
      183,
      183,
      183,
      176,
      176,
      176,
      176,
      176,
      179,
      179,
      179,
      179,
      179,
      179,
      179,
      0,
      0,
      0,
      0,
      154,
      154,
      154,
      154,
      154,
      154,
      154,
      154,
      154,
      154,
      154,
      154,
      154,
      188,
      188,
      188,
      158,
      158,
      158,
      158,
      158,
      158,
      158,
      158,
      158,
      158,
      158,
      196,
      196,
      196,
      166,
      166,
      166,
      166,
      166,
      166,
      166,
      166,
      166,
      166,
      166,
      166,
      166,
      166,
      0,
      0,
      0,
      0,
      0,
      0,
      0,
      0,
      0,
      0,
      0,
      0,
      0,
      0,
      0,
      0,
      0,
      0,
      167,
      167,
      167,
      167,
      167,
      167,
      167,
      167,
      0,
      0,
      0,
      0,
      0,
      0,
      0,
      0,
      0,
      0,
      0,
      159,
      159,
      159,
      159,
      159,
      159,
      159,
      168,
      168,
      168,
      168,
      168,
      156,
      156,
      156,
      156,
      156,
      156,
      156,
      156,
      156,
      164,
      164,
      164,
      164,
      164,
      164,
      164,
      164,
      0,
      0,
      0,
      0,
      0,
      0,
      0,
      0,
      0,
      0,
      0,
      0,
      0,
      0,
      0,
      0,
      0,
      0,
      0,
      0,
      0,
      0,
      0,
      0,
      0,
      0,
      0,
      0,
      0,
      0,
      0,
      0,
      146,
      146,
      146,
      146,
      146,
      146,
      146,
      172,
      172,
      172,
      172,
      172,
      172,
      172,
      172,
      172,
      172,
      172,
      172,
      172,
      172,
      172,
      172,
      172,
      172,
      172,
      173,
      173,
      173,
      173,
      173,
      173,
      173,
      173,
      173,
      173,
      173,
      173,
      173,
      173,
      173,
      173,
      173,
      173,
      173,
      147,
      147,
      147,
      147,
      147,
      147,
      147,
      147,
      160,
      160,
      160,
      160,
      160,
      160,
      160,
      160,
      160,
      174,
      174,
      174,
      174,
      174,
      174,
      174,
      165,
      165,
      165,
      165,
      165,
      165,
      165,
      165,
      165,
      165,
      165,
      0,
      117,
      142,
      161,
      161,
      161,
      161,
      161,
      161,
      161,
      142,
      142,
      142,
      142,
      169,
      169,
      169,
      169,
      169,
      169,
      0,
      0,
      0,
      0,
      0,
      0,
      0,
      0,
      0,
      0,
      0,
      0,
      0,
      0,
      0,
      0,
      0,
      0,
      0,
      0,
      0,
      0,
      0,
      0,
      0,
      0,
      0,
      0,
      0,
      0,
      131,
      131,
      131,
      193,
      193,
      193,
      193,
      193,
      193,
      153,
      153,
      153,
      153,
      177,
      177,
      177,
      177,
      177,
      177,
      177,
      177,
      148,
      148,
      148,
      148,
      175,
      175,
      175,
      175,
      175,
      175,
      175,
      175,
      0,
      0,
      0,
      0,
      0,
      0,
      0,
      0,
      0,
      0,
      0,
      0,
      0,
      0,
      0,
      0,
      0,
      0,
      0,
      0,
      0,
      0,
      0,
      0,
      0,
      0,
      0,
      0,
      0,
      0,
      0,
      0,
      162,
      162,
      162,
      162,
      162,
      162,
      162,
      0,
      0,
      0,
      0,
      0,
      0,
      0,
      0,
      0,
      0,
      0,
      0,
      0,
      0,
      0,
      0,
      0,
      0,
      0,
      0,
      0,
      0,
      0,
      0,
      0,
      0,
      0,
      0,
      0,
      0,
      0,
      0,
      0,
      0,
      0,
      178,
      178,
      178,
      138,
      138,
      138,
      182,
      182,
      182,
      182,
      182,
      182,
      182,
      182,
      182,
      182,
      163,
      163,
      163,
      163,
      163,
      163,
      0,
      0,
      0,
      0,
      0,
      0,
      0,
      0,
      0,
      0,
      0,
      0,
      0,
      0,
      0,
      0,
      0,
      0,
      0,
      0,
      0,
      0,
      0,
      0,
      0,
      0,
      0,
      0,
      0,
      0,
      151,
      151,
      151,
      151,
      151,
      151,
      151,
      151,
      151,
      151,
      151,
      170,
      170,
      170,
      170,
      170,
      170,
      170,
      170,
      170,
      152,
      152,
      152,
      152,
      152,
      152,
      152,
      152,
      129,
      129,
      129,
      129,
      129,
      129,
      129
    ],
    [
      171,
      171,
      171,
      171,
      171,
      171,
      171,
      171,
      171,
      187,
      187,
      0,
      0,
      0,
      0,
      0,
      0,
      183,
      183,
      183,
      0,
      0,
      0,
      0,
      183,
      183,
      183,
      183,
      183,
      183,
      176,
      176,
      176,
      176,
      176,
      176,
      176,
      179,
      179,
      179,
      179,
      179,
      0,
      0,
      0,
      0,
      154,
      154,
      154,
      154,
      154,
      154,
      154,
      154,
      154,
      188,
      188,
      188,
      188,
      188,
      188,
      188,
      158,
      158,
      158,
      158,
      158,
      158,
      158,
      158,
      158,
      158,
      158,
      196,
      196,
      196,
      191,
      166,
      166,
      166,
      166,
      166,
      166,
      166,
      166,
      166,
      166,
      166,
      166,
      166,
      213,
      0,
      0,
      0,
      0,
      0,
      0,
      0,
      0,
      0,
      0,
      0,
      0,
      0,
      0,
      0,
      0,
      0,
      167,
      167,
      167,
      167,
      167,
      167,
      167,
      167,
      0,
      0,
      0,
      0,
      0,
      0,
      0,
      0,
      0,
      0,
      0,
      159,
      159,
      159,
      159,
      159,
      159,
      168,
      168,
      168,
      168,
      168,
      168,
      156,
      156,
      156,
      156,
      156,
      0,
      0,
      0,
      0,
      164,
      164,
      164,
      164,
      164,
      0,
      164,
      164,
      0,
      0,
      0,
      0,
      0,
      0,
      0,
      0,
      0,
      0,
      0,
      0,
      0,
      0,
      0,
      0,
      0,
      0,
      0,
      0,
      0,
      0,
      0,
      0,
      0,
      0,
      0,
      0,
      0,
      0,
      0,
      0,
      146,
      146,
      146,
      146,
      146,
      146,
      146,
      172,
      172,
      172,
      172,
      172,
      172,
      172,
      172,
      172,
      172,
      172,
      172,
      172,
      172,
      172,
      172,
      172,
      172,
      172,
      173,
      173,
      173,
      173,
      173,
      173,
      173,
      173,
      173,
      173,
      173,
      173,
      173,
      173,
      173,
      173,
      173,
      173,
      173,
      147,
      147,
      147,
      147,
      147,
      147,
      147,
      181,
      181,
      181,
      181,
      181,
      181,
      181,
      160,
      160,
      160,
      174,
      174,
      174,
      174,
      174,
      174,
      174,
      165,
      165,
      165,
      165,
      165,
      165,
      165,
      165,
      165,
      165,
      165,
      0,
      117,
      142,
      161,
      161,
      161,
      161,
      161,
      161,
      161,
      142,
      142,
      142,
      142,
      169,
      169,
      169,
      169,
      169,
      169,
      0,
      0,
      0,
      0,
      0,
      0,
      0,
      0,
      0,
      0,
      0,
      0,
      0,
      0,
      0,
      0,
      0,
      0,
      0,
      0,
      0,
      0,
      0,
      0,
      0,
      0,
      0,
      0,
      0,
      0,
      131,
      131,
      193,
      193,
      193,
      193,
      193,
      193,
      193,
      153,
      153,
      153,
      153,
      177,
      177,
      177,
      177,
      177,
      177,
      177,
      177,
      177,
      148,
      207,
      207,
      175,
      175,
      175,
      175,
      175,
      175,
      175,
      175,
      0,
      0,
      0,
      0,
      0,
      0,
      0,
      0,
      0,
      0,
      0,
      0,
      0,
      0,
      0,
      0,
      0,
      0,
      0,
      0,
      0,
      0,
      0,
      0,
      0,
      0,
      0,
      0,
      0,
      0,
      0,
      0,
      0,
      0,
      162,
      162,
      162,
      162,
      162,
      0,
      0,
      0,
      0,
      0,
      0,
      0,
      0,
      178,
      178,
      178,
      178,
      178,
      178,
      178,
      178,
      178,
      178,
      178,
      178,
      178,
      178,
      178,
      178,
      178,
      178,
      178,
      178,
      178,
      178,
      178,
      178,
      178,
      178,
      178,
      178,
      178,
      178,
      138,
      138,
      138,
      182,
      182,
      182,
      182,
      182,
      182,
      182,
      182,
      182,
      182,
      182,
      182,
      182,
      182,
      182,
      163,
      0,
      0,
      0,
      0,
      0,
      0,
      0,
      0,
      0,
      0,
      0,
      0,
      0,
      0,
      0,
      0,
      0,
      0,
      0,
      0,
      0,
      0,
      0,
      0,
      0,
      0,
      0,
      0,
      0,
      0,
      151,
      151,
      151,
      151,
      151,
      151,
      151,
      151,
      151,
      151,
      151,
      170,
      170,
      170,
      170,
      170,
      170,
      170,
      170,
      170,
      152,
      152,
      152,
      152,
      152,
      152,
      152,
      152,
      129,
      129,
      129,
      129,
      129,
      129,
      129
    ],
    [
      171,
      171,
      171,
      171,
      171,
      171,
      171,
      171,
      171,
      187,
      187,
      187,
      0,
      0,
      0,
      0,
      0,
      183,
      183,
      183,
      0,
      0,
      0,
      183,
      183,
      183,
      183,
      183,
      183,
      183,
      176,
      176,
      176,
      176,
      176,
      176,
      176,
      179,
      179,
      179,
      179,
      179,
      0,
      0,
      0,
      0,
      0,
      0,
      0,
      0,
      0,
      0,
      0,
      0,
      188,
      188,
      188,
      188,
      188,
      188,
      188,
      188,
      158,
      158,
      158,
      158,
      158,
      158,
      158,
      158,
      158,
      158,
      158,
      196,
      196,
      196,
      191,
      191,
      166,
      166,
      166,
      166,
      166,
      166,
      166,
      166,
      166,
      166,
      166,
      213,
      213,
      0,
      0,
      0,
      0,
      0,
      0,
      0,
      0,
      0,
      0,
      0,
      0,
      0,
      0,
      0,
      0,
      0,
      167,
      167,
      167,
      167,
      167,
      167,
      167,
      167,
      0,
      0,
      0,
      0,
      0,
      0,
      0,
      0,
      0,
      0,
      0,
      159,
      159,
      159,
      159,
      159,
      159,
      168,
      168,
      168,
      168,
      168,
      168,
      156,
      156,
      156,
      156,
      156,
      0,
      0,
      0,
      0,
      0,
      0,
      0,
      0,
      0,
      0,
      0,
      0,
      0,
      0,
      0,
      0,
      0,
      0,
      0,
      0,
      0,
      0,
      0,
      0,
      0,
      0,
      0,
      0,
      0,
      0,
      0,
      0,
      0,
      0,
      0,
      0,
      0,
      0,
      0,
      0,
      0,
      0,
      0,
      0,
      0,
      0,
      0,
      0,
      0,
      0,
      0,
      172,
      172,
      172,
      172,
      172,
      172,
      172,
      172,
      172,
      172,
      172,
      172,
      172,
      172,
      172,
      172,
      172,
      172,
      172,
      172,
      173,
      173,
      173,
      173,
      173,
      173,
      173,
      173,
      173,
      173,
      173,
      173,
      173,
      173,
      173,
      173,
      173,
      173,
      147,
      147,
      147,
      147,
      147,
      147,
      147,
      181,
      181,
      181,
      181,
      181,
      181,
      181,
      160,
      160,
      160,
      174,
      174,
      174,
      174,
      174,
      174,
      174,
      165,
      165,
      165,
      165,
      165,
      165,
      165,
      165,
      165,
      165,
      165,
      0,
      0,
      180,
      180,
      180,
      180,
      180,
      180,
      180,
      142,
      142,
      142,
      142,
      142,
      169,
      169,
      169,
      169,
      169,
      169,
      0,
      0,
      0,
      0,
      0,
      0,
      0,
      0,
      0,
      0,
      0,
      0,
      0,
      0,
      0,
      0,
      0,
      0,
      0,
      0,
      0,
      0,
      0,
      0,
      0,
      0,
      0,
      0,
      0,
      0,
      131,
      131,
      193,
      193,
      193,
      193,
      193,
      193,
      193,
      153,
      153,
      206,
      177,
      177,
      177,
      177,
      177,
      177,
      177,
      177,
      177,
      177,
      207,
      207,
      207,
      175,
      175,
      175,
      175,
      175,
      175,
      175,
      175,
      0,
      0,
      0,
      0,
      0,
      0,
      0,
      0,
      0,
      0,
      0,
      0,
      0,
      0,
      0,
      0,
      0,
      0,
      0,
      0,
      0,
      0,
      0,
      0,
      0,
      0,
      0,
      0,
      0,
      0,
      0,
      0,
      0,
      0,
      0,
      0,
      0,
      0,
      0,
      0,
      0,
      0,
      0,
      0,
      0,
      0,
      0,
      0,
      0,
      0,
      0,
      0,
      0,
      178,
      178,
      178,
      178,
      178,
      178,
      178,
      178,
      178,
      178,
      178,
      178,
      178,
      178,
      178,
      178,
      178,
      178,
      178,
      178,
      178,
      178,
      178,
      178,
      138,
      138,
      138,
      182,
      182,
      182,
      182,
      182,
      182,
      182,
      182,
      182,
      182,
      182,
      182,
      182,
      182,
      182,
      0,
      0,
      0,
      0,
      0,
      0,
      0,
      0,
      0,
      0,
      0,
      0,
      0,
      0,
      0,
      0,
      0,
      0,
      0,
      0,
      0,
      0,
      0,
      0,
      0,
      0,
      0,
      0,
      0,
      0,
      0,
      151,
      151,
      186,
      186,
      186,
      186,
      186,
      186,
      186,
      151,
      151,
      170,
      170,
      170,
      170,
      170,
      170,
      170,
      170,
      170,
      152,
      152,
      152,
      152,
      152,
      152,
      129,
      129,
      129,
      129,
      129,
      129,
      129,
      129,
      129
    ],
    [
      218,
      218,
      218,
      171,
      171,
      171,
      171,
      171,
      171,
      187,
      187,
      187,
      0,
      0,
      183,
      183,
      183,
      183,
      183,
      183,
      183,
      183,
      183,
      183,
      183,
      183,
      183,
      183,
      183,
      183,
      176,
      176,
      176,
      176,
      176,
      176,
      176,
      179,
      179,
      179,
      179,
      179,
      0,
      0,
      0,
      0,
      0,
      0,
      0,
      0,
      0,
      0,
      0,
      0,
      188,
      188,
      188,
      188,
      188,
      188,
      188,
      188,
      158,
      158,
      158,
      158,
      158,
      158,
      158,
      158,
      158,
      158,
      196,
      196,
      196,
      196,
      191,
      191,
      191,
      166,
      166,
      166,
      166,
      166,
      166,
      166,
      166,
      166,
      166,
      213,
      213,
      0,
      0,
      0,
      0,
      0,
      0,
      0,
      0,
      0,
      0,
      0,
      0,
      0,
      0,
      0,
      0,
      0,
      167,
      167,
      167,
      167,
      167,
      167,
      167,
      0,
      0,
      0,
      0,
      0,
      0,
      0,
      0,
      0,
      0,
      0,
      0,
      0,
      0,
      0,
      0,
      0,
      0,
      0,
      0,
      0,
      0,
      0,
      0,
      0,
      0,
      0,
      0,
      0,
      0,
      0,
      0,
      0,
      0,
      0,
      0,
      0,
      0,
      0,
      0,
      0,
      0,
      0,
      0,
      0,
      0,
      0,
      0,
      0,
      0,
      0,
      0,
      0,
      0,
      0,
      0,
      0,
      0,
      0,
      0,
      0,
      0,
      0,
      0,
      0,
      0,
      0,
      0,
      0,
      0,
      0,
      0,
      0,
      0,
      0,
      0,
      0,
      0,
      0,
      0,
      0,
      172,
      172,
      172,
      172,
      172,
      172,
      172,
      172,
      172,
      172,
      172,
      172,
      172,
      184,
      184,
      184,
      184,
      184,
      184,
      184,
      173,
      173,
      173,
      173,
      173,
      173,
      173,
      173,
      173,
      173,
      173,
      173,
      173,
      173,
      173,
      173,
      173,
      201,
      201,
      201,
      201,
      201,
      201,
      181,
      181,
      181,
      181,
      181,
      181,
      181,
      181,
      181,
      160,
      160,
      174,
      174,
      174,
      174,
      174,
      174,
      174,
      165,
      165,
      165,
      165,
      165,
      165,
      165,
      165,
      165,
      165,
      165,
      0,
      0,
      0,
      180,
      180,
      180,
      180,
      180,
      180,
      142,
      142,
      142,
      185,
      142,
      169,
      169,
      169,
      169,
      169,
      169,
      0,
      0,
      0,
      0,
      0,
      0,
      0,
      0,
      0,
      0,
      0,
      0,
      0,
      0,
      0,
      0,
      0,
      0,
      0,
      0,
      0,
      0,
      0,
      0,
      0,
      0,
      0,
      0,
      0,
      0,
      131,
      131,
      193,
      193,
      193,
      193,
      193,
      193,
      193,
      206,
      206,
      206,
      177,
      177,
      177,
      177,
      177,
      177,
      177,
      177,
      177,
      177,
      207,
      207,
      207,
      175,
      175,
      175,
      175,
      175,
      175,
      175,
      175,
      0,
      0,
      0,
      0,
      0,
      0,
      0,
      0,
      0,
      0,
      0,
      0,
      0,
      0,
      0,
      0,
      0,
      0,
      0,
      0,
      0,
      0,
      0,
      0,
      0,
      0,
      0,
      0,
      0,
      0,
      0,
      0,
      0,
      0,
      0,
      0,
      0,
      0,
      0,
      0,
      0,
      0,
      0,
      0,
      0,
      0,
      0,
      0,
      0,
      0,
      0,
      0,
      0,
      0,
      178,
      178,
      178,
      178,
      178,
      178,
      178,
      178,
      178,
      178,
      178,
      178,
      178,
      178,
      178,
      178,
      178,
      178,
      178,
      178,
      178,
      178,
      178,
      138,
      138,
      138,
      182,
      182,
      182,
      182,
      182,
      182,
      182,
      182,
      182,
      182,
      182,
      182,
      182,
      182,
      0,
      0,
      0,
      0,
      0,
      0,
      0,
      0,
      0,
      0,
      0,
      0,
      0,
      0,
      0,
      0,
      0,
      0,
      0,
      0,
      0,
      0,
      0,
      0,
      0,
      0,
      0,
      0,
      0,
      0,
      0,
      0,
      151,
      151,
      186,
      186,
      186,
      186,
      186,
      186,
      186,
      151,
      151,
      170,
      170,
      170,
      170,
      170,
      170,
      170,
      170,
      170,
      152,
      152,
      152,
      194,
      194,
      194,
      194,
      194,
      194,
      129,
      129,
      129,
      129,
      129,
      129
    ],
    [
      218,
      218,
      218,
      218,
      171,
      171,
      171,
      171,
      187,
      187,
      187,
      187,
      208,
      208,
      183,
      183,
      183,
      183,
      183,
      183,
      183,
      183,
      183,
      183,
      183,
      183,
      183,
      183,
      183,
      183,
      176,
      176,
      176,
      176,
      176,
      176,
      176,
      179,
      179,
      179,
      179,
      179,
      0,
      0,
      0,
      0,
      0,
      0,
      0,
      0,
      0,
      0,
      0,
      195,
      195,
      195,
      195,
      195,
      188,
      188,
      188,
      188,
      189,
      158,
      158,
      158,
      158,
      196,
      196,
      196,
      196,
      196,
      196,
      196,
      196,
      196,
      191,
      191,
      191,
      191,
      191,
      166,
      166,
      166,
      166,
      166,
      166,
      166,
      166,
      213,
      213,
      0,
      0,
      0,
      0,
      0,
      0,
      0,
      0,
      0,
      0,
      0,
      0,
      0,
      0,
      0,
      0,
      0,
      0,
      0,
      0,
      0,
      0,
      0,
      0,
      0,
      0,
      0,
      0,
      0,
      0,
      0,
      0,
      0,
      0,
      0,
      0,
      0,
      0,
      0,
      0,
      0,
      0,
      0,
      0,
      0,
      0,
      0,
      0,
      0,
      0,
      0,
      0,
      0,
      0,
      0,
      0,
      0,
      0,
      0,
      0,
      0,
      0,
      0,
      0,
      0,
      0,
      0,
      0,
      0,
      0,
      0,
      0,
      0,
      0,
      0,
      0,
      0,
      0,
      0,
      0,
      0,
      0,
      0,
      0,
      0,
      0,
      0,
      0,
      0,
      0,
      0,
      0,
      0,
      0,
      0,
      0,
      0,
      0,
      0,
      190,
      190,
      190,
      190,
      190,
      190,
      190,
      172,
      172,
      172,
      172,
      172,
      172,
      172,
      172,
      172,
      172,
      172,
      172,
      184,
      184,
      184,
      184,
      184,
      184,
      184,
      184,
      173,
      173,
      173,
      173,
      173,
      173,
      173,
      173,
      173,
      173,
      173,
      201,
      201,
      201,
      201,
      201,
      201,
      201,
      201,
      201,
      201,
      201,
      181,
      181,
      181,
      181,
      181,
      181,
      181,
      181,
      181,
      160,
      160,
      174,
      174,
      174,
      174,
      174,
      174,
      174,
      174,
      174,
      165,
      165,
      165,
      165,
      165,
      165,
      165,
      165,
      165,
      0,
      0,
      0,
      0,
      180,
      180,
      180,
      180,
      180,
      142,
      142,
      142,
      185,
      185,
      185,
      169,
      169,
      169,
      169,
      169,
      0,
      0,
      0,
      0,
      0,
      0,
      0,
      0,
      0,
      0,
      0,
      0,
      0,
      0,
      0,
      0,
      0,
      0,
      0,
      0,
      0,
      0,
      0,
      0,
      0,
      0,
      0,
      0,
      0,
      0,
      131,
      131,
      193,
      193,
      193,
      193,
      193,
      193,
      193,
      206,
      206,
      206,
      177,
      177,
      177,
      177,
      177,
      177,
      177,
      177,
      177,
      177,
      207,
      207,
      207,
      175,
      175,
      175,
      175,
      175,
      175,
      175,
      175,
      0,
      0,
      0,
      0,
      0,
      197,
      197,
      197,
      197,
      197,
      197,
      197,
      197,
      197,
      197,
      197,
      0,
      0,
      0,
      0,
      0,
      0,
      0,
      0,
      0,
      0,
      0,
      0,
      0,
      0,
      0,
      0,
      0,
      0,
      0,
      0,
      0,
      0,
      0,
      0,
      0,
      0,
      0,
      0,
      0,
      0,
      0,
      0,
      0,
      0,
      0,
      0,
      0,
      178,
      178,
      178,
      178,
      178,
      178,
      178,
      178,
      178,
      178,
      178,
      178,
      178,
      178,
      178,
      178,
      178,
      178,
      178,
      178,
      178,
      178,
      178,
      178,
      178,
      211,
      138,
      182,
      182,
      182,
      182,
      182,
      182,
      182,
      182,
      182,
      182,
      0,
      0,
      0,
      0,
      0,
      0,
      0,
      0,
      0,
      0,
      0,
      0,
      0,
      0,
      0,
      0,
      0,
      0,
      0,
      0,
      0,
      0,
      0,
      0,
      0,
      0,
      0,
      0,
      0,
      0,
      0,
      0,
      0,
      0,
      0,
      0,
      151,
      151,
      186,
      186,
      186,
      186,
      186,
      186,
      186,
      151,
      151,
      170,
      170,
      170,
      170,
      170,
      170,
      170,
      170,
      170,
      152,
      152,
      243,
      194,
      194,
      194,
      194,
      194,
      194,
      194,
      194,
      194,
      129,
      129,
      129
    ],
    [
      218,
      218,
      218,
      218,
      171,
      171,
      171,
      171,
      187,
      187,
      187,
      187,
      208,
      208,
      183,
      183,
      183,
      183,
      183,
      183,
      183,
      183,
      183,
      183,
      183,
      183,
      183,
      183,
      183,
      183,
      176,
      176,
      176,
      176,
      176,
      176,
      176,
      179,
      179,
      179,
      179,
      179,
      0,
      0,
      0,
      0,
      0,
      0,
      0,
      0,
      0,
      0,
      195,
      195,
      195,
      195,
      195,
      195,
      188,
      188,
      188,
      188,
      189,
      189,
      189,
      189,
      189,
      196,
      196,
      196,
      196,
      196,
      196,
      196,
      196,
      196,
      191,
      191,
      191,
      191,
      191,
      191,
      191,
      166,
      166,
      166,
      166,
      166,
      166,
      213,
      213,
      0,
      0,
      0,
      0,
      0,
      0,
      0,
      0,
      0,
      0,
      0,
      0,
      0,
      0,
      0,
      0,
      0,
      0,
      0,
      0,
      0,
      0,
      0,
      0,
      0,
      0,
      0,
      0,
      0,
      0,
      0,
      0,
      0,
      0,
      0,
      0,
      0,
      0,
      0,
      0,
      0,
      0,
      0,
      0,
      0,
      0,
      0,
      0,
      0,
      0,
      0,
      0,
      0,
      0,
      0,
      0,
      0,
      0,
      0,
      0,
      0,
      0,
      0,
      0,
      0,
      0,
      0,
      0,
      0,
      0,
      0,
      0,
      0,
      0,
      0,
      0,
      0,
      0,
      0,
      0,
      0,
      0,
      0,
      0,
      0,
      0,
      0,
      0,
      0,
      0,
      0,
      0,
      0,
      0,
      0,
      0,
      0,
      0,
      190,
      190,
      190,
      190,
      190,
      190,
      190,
      190,
      190,
      172,
      172,
      172,
      172,
      172,
      172,
      172,
      172,
      172,
      172,
      172,
      184,
      184,
      184,
      184,
      184,
      184,
      184,
      184,
      209,
      173,
      173,
      173,
      173,
      173,
      173,
      173,
      173,
      173,
      201,
      201,
      201,
      201,
      201,
      201,
      201,
      201,
      201,
      201,
      201,
      201,
      181,
      181,
      181,
      181,
      181,
      181,
      181,
      181,
      181,
      160,
      160,
      174,
      174,
      174,
      174,
      174,
      174,
      174,
      174,
      174,
      165,
      165,
      165,
      165,
      165,
      165,
      165,
      165,
      165,
      0,
      0,
      0,
      0,
      180,
      180,
      180,
      180,
      180,
      180,
      185,
      185,
      185,
      185,
      185,
      185,
      185,
      185,
      185,
      0,
      0,
      0,
      0,
      0,
      0,
      0,
      0,
      0,
      0,
      0,
      0,
      0,
      0,
      0,
      0,
      0,
      0,
      0,
      0,
      0,
      0,
      0,
      0,
      0,
      0,
      0,
      0,
      0,
      0,
      0,
      131,
      131,
      193,
      193,
      193,
      193,
      193,
      193,
      193,
      206,
      206,
      206,
      177,
      177,
      177,
      177,
      177,
      177,
      177,
      177,
      177,
      177,
      207,
      207,
      207,
      207,
      175,
      175,
      175,
      175,
      175,
      175,
      175,
      0,
      0,
      0,
      0,
      197,
      197,
      197,
      197,
      197,
      197,
      197,
      197,
      197,
      197,
      197,
      197,
      197,
      197,
      0,
      0,
      0,
      0,
      0,
      0,
      0,
      0,
      0,
      0,
      0,
      0,
      0,
      0,
      0,
      0,
      0,
      0,
      0,
      0,
      0,
      0,
      0,
      0,
      0,
      0,
      0,
      0,
      0,
      0,
      0,
      0,
      0,
      0,
      178,
      178,
      178,
      178,
      178,
      178,
      178,
      178,
      178,
      178,
      178,
      178,
      178,
      178,
      178,
      178,
      178,
      178,
      178,
      178,
      178,
      178,
      178,
      178,
      178,
      178,
      211,
      211,
      182,
      182,
      182,
      182,
      182,
      182,
      182,
      182,
      182,
      182,
      0,
      0,
      0,
      0,
      0,
      0,
      0,
      0,
      0,
      0,
      0,
      0,
      0,
      0,
      0,
      0,
      0,
      0,
      0,
      0,
      0,
      0,
      0,
      0,
      0,
      0,
      0,
      0,
      0,
      0,
      0,
      0,
      0,
      0,
      0,
      0,
      151,
      151,
      186,
      186,
      186,
      186,
      186,
      186,
      186,
      212,
      212,
      170,
      170,
      170,
      170,
      170,
      170,
      170,
      170,
      170,
      152,
      170,
      243,
      194,
      194,
      194,
      194,
      194,
      194,
      194,
      194,
      194,
      194,
      194,
      194
    ],
    [
      218,
      218,
      218,
      218,
      171,
      171,
      171,
      171,
      187,
      187,
      187,
      187,
      208,
      208,
      183,
      183,
      183,
      183,
      183,
      183,
      183,
      183,
      183,
      183,
      183,
      183,
      183,
      183,
      183,
      183,
      183,
      176,
      176,
      176,
      176,
      176,
      176,
      179,
      179,
      179,
      0,
      0,
      0,
      0,
      0,
      0,
      195,
      195,
      195,
      195,
      195,
      195,
      195,
      195,
      195,
      195,
      195,
      195,
      188,
      188,
      188,
      188,
      189,
      189,
      189,
      189,
      189,
      189,
      196,
      196,
      196,
      196,
      196,
      196,
      196,
      196,
      191,
      191,
      191,
      191,
      191,
      191,
      191,
      191,
      191,
      213,
      213,
      213,
      213,
      213,
      213,
      0,
      0,
      0,
      0,
      0,
      0,
      0,
      0,
      0,
      0,
      0,
      0,
      0,
      0,
      0,
      0,
      0,
      0,
      0,
      0,
      0,
      0,
      0,
      0,
      0,
      0,
      0,
      0,
      0,
      0,
      0,
      0,
      0,
      0,
      0,
      0,
      0,
      0,
      0,
      0,
      0,
      0,
      0,
      0,
      0,
      0,
      0,
      0,
      0,
      0,
      0,
      0,
      0,
      0,
      0,
      0,
      0,
      0,
      0,
      0,
      0,
      0,
      0,
      0,
      0,
      0,
      0,
      0,
      0,
      0,
      0,
      0,
      0,
      0,
      0,
      0,
      0,
      0,
      0,
      0,
      0,
      0,
      0,
      0,
      0,
      0,
      0,
      0,
      0,
      0,
      0,
      0,
      0,
      0,
      0,
      0,
      0,
      0,
      190,
      190,
      190,
      190,
      190,
      190,
      190,
      190,
      190,
      172,
      172,
      172,
      172,
      172,
      0,
      172,
      172,
      172,
      172,
      172,
      184,
      184,
      184,
      184,
      184,
      184,
      184,
      184,
      209,
      209,
      173,
      173,
      173,
      209,
      173,
      173,
      173,
      173,
      201,
      201,
      201,
      201,
      201,
      201,
      201,
      201,
      201,
      201,
      201,
      201,
      181,
      181,
      181,
      181,
      181,
      181,
      181,
      181,
      181,
      160,
      174,
      174,
      174,
      174,
      174,
      174,
      174,
      174,
      174,
      174,
      174,
      165,
      165,
      165,
      165,
      165,
      165,
      0,
      0,
      0,
      0,
      0,
      0,
      180,
      180,
      203,
      203,
      203,
      203,
      203,
      185,
      185,
      185,
      185,
      185,
      185,
      185,
      185,
      0,
      0,
      0,
      0,
      0,
      0,
      0,
      0,
      0,
      0,
      0,
      0,
      0,
      0,
      0,
      0,
      0,
      0,
      0,
      0,
      0,
      0,
      0,
      0,
      192,
      192,
      192,
      192,
      192,
      0,
      0,
      131,
      131,
      193,
      193,
      193,
      193,
      193,
      193,
      193,
      206,
      206,
      206,
      206,
      206,
      206,
      177,
      177,
      177,
      177,
      177,
      177,
      177,
      207,
      207,
      207,
      207,
      207,
      175,
      175,
      175,
      175,
      0,
      0,
      0,
      0,
      0,
      0,
      197,
      197,
      197,
      197,
      197,
      197,
      197,
      197,
      197,
      197,
      197,
      197,
      197,
      197,
      197,
      0,
      0,
      0,
      0,
      0,
      0,
      0,
      0,
      0,
      0,
      0,
      0,
      0,
      0,
      0,
      0,
      0,
      0,
      0,
      0,
      0,
      0,
      0,
      0,
      0,
      0,
      0,
      0,
      0,
      0,
      0,
      0,
      178,
      178,
      178,
      178,
      178,
      178,
      178,
      178,
      178,
      178,
      178,
      178,
      178,
      178,
      178,
      178,
      178,
      178,
      178,
      178,
      178,
      178,
      178,
      178,
      178,
      178,
      178,
      211,
      211,
      182,
      182,
      182,
      182,
      182,
      182,
      182,
      182,
      182,
      182,
      0,
      0,
      0,
      0,
      0,
      0,
      0,
      0,
      0,
      0,
      0,
      0,
      0,
      0,
      0,
      0,
      0,
      0,
      0,
      0,
      0,
      0,
      0,
      0,
      0,
      0,
      0,
      0,
      0,
      0,
      0,
      0,
      0,
      0,
      0,
      0,
      151,
      151,
      186,
      186,
      186,
      186,
      186,
      186,
      186,
      212,
      212,
      170,
      170,
      170,
      170,
      170,
      170,
      170,
      170,
      170,
      170,
      170,
      243,
      194,
      194,
      194,
      194,
      194,
      194,
      194,
      194,
      194,
      194,
      194,
      194
    ],
    [
      218,
      218,
      218,
      218,
      171,
      171,
      171,
      171,
      187,
      187,
      187,
      187,
      208,
      208,
      208,
      183,
      183,
      183,
      183,
      183,
      183,
      183,
      183,
      183,
      183,
      183,
      183,
      183,
      183,
      183,
      183,
      183,
      176,
      176,
      176,
      176,
      176,
      179,
      179,
      0,
      0,
      0,
      0,
      0,
      0,
      0,
      195,
      195,
      195,
      195,
      195,
      195,
      195,
      195,
      195,
      195,
      195,
      195,
      188,
      188,
      188,
      188,
      189,
      189,
      189,
      189,
      189,
      189,
      196,
      196,
      196,
      196,
      196,
      196,
      196,
      196,
      191,
      191,
      191,
      191,
      191,
      191,
      191,
      191,
      191,
      213,
      213,
      213,
      213,
      213,
      213,
      0,
      0,
      0,
      0,
      0,
      0,
      0,
      0,
      0,
      0,
      0,
      0,
      0,
      0,
      0,
      0,
      0,
      0,
      214,
      214,
      214,
      214,
      214,
      214,
      214,
      214,
      0,
      0,
      0,
      0,
      0,
      0,
      0,
      0,
      0,
      0,
      0,
      0,
      0,
      0,
      0,
      0,
      0,
      0,
      0,
      0,
      0,
      0,
      0,
      0,
      0,
      0,
      0,
      0,
      0,
      0,
      0,
      0,
      0,
      0,
      199,
      199,
      199,
      0,
      0,
      0,
      0,
      0,
      0,
      0,
      0,
      0,
      0,
      0,
      0,
      0,
      0,
      0,
      0,
      0,
      0,
      0,
      0,
      0,
      200,
      200,
      200,
      200,
      200,
      0,
      0,
      0,
      0,
      0,
      0,
      0,
      0,
      0,
      190,
      190,
      190,
      190,
      190,
      190,
      190,
      190,
      190,
      0,
      172,
      172,
      172,
      0,
      0,
      0,
      0,
      0,
      0,
      172,
      184,
      184,
      184,
      184,
      184,
      184,
      184,
      184,
      209,
      209,
      209,
      209,
      209,
      209,
      173,
      173,
      173,
      173,
      201,
      201,
      201,
      201,
      201,
      201,
      201,
      201,
      201,
      201,
      201,
      201,
      181,
      181,
      181,
      181,
      181,
      181,
      181,
      181,
      181,
      160,
      174,
      174,
      174,
      174,
      174,
      174,
      202,
      202,
      202,
      202,
      202,
      202,
      165,
      165,
      165,
      165,
      165,
      0,
      0,
      0,
      0,
      0,
      0,
      180,
      180,
      203,
      203,
      203,
      203,
      203,
      203,
      185,
      185,
      185,
      185,
      185,
      185,
      0,
      0,
      0,
      0,
      0,
      0,
      0,
      0,
      0,
      0,
      0,
      0,
      0,
      0,
      0,
      0,
      0,
      0,
      0,
      0,
      0,
      0,
      0,
      0,
      192,
      192,
      192,
      192,
      192,
      192,
      0,
      0,
      131,
      131,
      193,
      193,
      193,
      193,
      193,
      193,
      193,
      206,
      206,
      206,
      206,
      206,
      206,
      206,
      206,
      177,
      177,
      177,
      177,
      177,
      207,
      207,
      207,
      207,
      207,
      207,
      207,
      207,
      0,
      0,
      0,
      0,
      0,
      0,
      0,
      197,
      197,
      197,
      197,
      197,
      197,
      197,
      197,
      197,
      197,
      197,
      197,
      197,
      197,
      197,
      198,
      198,
      198,
      198,
      198,
      198,
      0,
      0,
      0,
      0,
      0,
      0,
      0,
      0,
      0,
      0,
      0,
      0,
      0,
      0,
      0,
      0,
      0,
      0,
      0,
      0,
      0,
      0,
      0,
      0,
      0,
      0,
      178,
      178,
      178,
      178,
      178,
      178,
      178,
      178,
      178,
      178,
      178,
      178,
      178,
      178,
      178,
      178,
      178,
      178,
      178,
      178,
      178,
      178,
      178,
      178,
      178,
      178,
      178,
      211,
      211,
      211,
      182,
      182,
      182,
      182,
      182,
      182,
      182,
      182,
      182,
      182,
      182,
      182,
      182,
      182,
      0,
      0,
      0,
      0,
      0,
      0,
      0,
      0,
      0,
      0,
      0,
      0,
      0,
      0,
      0,
      0,
      0,
      0,
      0,
      0,
      0,
      0,
      0,
      0,
      0,
      0,
      0,
      0,
      0,
      0,
      0,
      0,
      151,
      186,
      186,
      186,
      186,
      186,
      186,
      186,
      212,
      212,
      170,
      170,
      170,
      170,
      170,
      170,
      170,
      170,
      170,
      170,
      170,
      243,
      194,
      194,
      194,
      194,
      194,
      194,
      194,
      194,
      194,
      194,
      194,
      194
    ],
    [
      218,
      218,
      218,
      218,
      171,
      171,
      171,
      171,
      187,
      187,
      187,
      187,
      208,
      208,
      208,
      183,
      183,
      183,
      183,
      183,
      183,
      183,
      183,
      183,
      183,
      183,
      183,
      183,
      183,
      183,
      183,
      183,
      183,
      183,
      183,
      0,
      0,
      0,
      0,
      0,
      0,
      0,
      0,
      0,
      0,
      0,
      195,
      195,
      195,
      195,
      195,
      195,
      195,
      195,
      195,
      195,
      195,
      195,
      188,
      188,
      188,
      188,
      189,
      189,
      189,
      189,
      189,
      189,
      196,
      196,
      196,
      196,
      196,
      196,
      196,
      196,
      191,
      191,
      191,
      191,
      191,
      191,
      191,
      191,
      191,
      191,
      213,
      213,
      213,
      213,
      213,
      0,
      0,
      0,
      0,
      0,
      0,
      0,
      0,
      0,
      0,
      0,
      0,
      0,
      0,
      0,
      214,
      214,
      214,
      214,
      214,
      214,
      214,
      214,
      214,
      214,
      214,
      0,
      0,
      0,
      0,
      0,
      0,
      0,
      0,
      0,
      0,
      0,
      0,
      0,
      0,
      0,
      0,
      0,
      0,
      0,
      0,
      0,
      0,
      0,
      0,
      0,
      0,
      0,
      0,
      0,
      0,
      0,
      0,
      0,
      0,
      199,
      199,
      199,
      0,
      0,
      0,
      0,
      0,
      0,
      0,
      0,
      0,
      0,
      0,
      0,
      0,
      0,
      0,
      0,
      0,
      0,
      0,
      0,
      220,
      200,
      200,
      200,
      200,
      200,
      0,
      0,
      0,
      0,
      0,
      0,
      0,
      0,
      0,
      190,
      190,
      190,
      190,
      190,
      190,
      190,
      190,
      190,
      0,
      172,
      172,
      172,
      0,
      0,
      0,
      0,
      0,
      0,
      0,
      184,
      184,
      184,
      184,
      184,
      184,
      184,
      184,
      209,
      209,
      209,
      209,
      209,
      209,
      209,
      209,
      209,
      173,
      201,
      201,
      201,
      201,
      201,
      201,
      201,
      201,
      201,
      201,
      201,
      201,
      181,
      181,
      181,
      181,
      181,
      181,
      181,
      181,
      181,
      174,
      174,
      174,
      174,
      174,
      174,
      202,
      202,
      202,
      202,
      202,
      202,
      202,
      165,
      165,
      165,
      165,
      165,
      0,
      0,
      0,
      0,
      0,
      0,
      180,
      203,
      203,
      203,
      203,
      203,
      203,
      203,
      185,
      185,
      185,
      0,
      0,
      0,
      0,
      0,
      0,
      0,
      0,
      0,
      0,
      0,
      0,
      0,
      0,
      0,
      0,
      0,
      0,
      0,
      0,
      0,
      0,
      0,
      0,
      0,
      0,
      192,
      192,
      192,
      192,
      192,
      192,
      192,
      0,
      0,
      131,
      131,
      193,
      193,
      193,
      193,
      193,
      193,
      193,
      206,
      206,
      206,
      206,
      206,
      206,
      206,
      206,
      206,
      177,
      177,
      177,
      177,
      207,
      207,
      207,
      207,
      207,
      207,
      207,
      207,
      0,
      0,
      0,
      0,
      0,
      0,
      0,
      197,
      197,
      197,
      197,
      197,
      197,
      197,
      197,
      197,
      197,
      197,
      197,
      197,
      197,
      197,
      198,
      198,
      198,
      198,
      204,
      204,
      204,
      204,
      204,
      204,
      0,
      0,
      0,
      0,
      0,
      0,
      0,
      0,
      0,
      0,
      0,
      0,
      0,
      0,
      0,
      0,
      0,
      0,
      0,
      0,
      0,
      178,
      178,
      178,
      178,
      178,
      178,
      178,
      178,
      178,
      178,
      178,
      178,
      178,
      178,
      178,
      178,
      178,
      178,
      178,
      178,
      178,
      178,
      178,
      178,
      178,
      178,
      211,
      211,
      211,
      211,
      211,
      182,
      182,
      182,
      182,
      182,
      182,
      182,
      182,
      182,
      182,
      182,
      182,
      217,
      217,
      217,
      217,
      217,
      0,
      0,
      0,
      0,
      0,
      0,
      0,
      0,
      0,
      0,
      0,
      0,
      0,
      0,
      0,
      0,
      0,
      0,
      0,
      0,
      0,
      0,
      0,
      0,
      0,
      0,
      0,
      0,
      0,
      0,
      186,
      186,
      186,
      186,
      186,
      186,
      186,
      212,
      212,
      170,
      170,
      170,
      170,
      170,
      170,
      170,
      170,
      170,
      170,
      170,
      243,
      194,
      194,
      194,
      194,
      194,
      194,
      194,
      194,
      194,
      194,
      194,
      194
    ],
    [
      218,
      218,
      218,
      218,
      218,
      171,
      171,
      187,
      187,
      187,
      187,
      187,
      208,
      208,
      208,
      183,
      183,
      183,
      183,
      183,
      183,
      183,
      183,
      183,
      183,
      183,
      183,
      183,
      183,
      183,
      183,
      183,
      183,
      183,
      183,
      0,
      0,
      0,
      0,
      0,
      0,
      0,
      0,
      0,
      0,
      0,
      195,
      195,
      195,
      195,
      195,
      195,
      195,
      195,
      195,
      195,
      195,
      195,
      188,
      188,
      188,
      188,
      189,
      189,
      189,
      189,
      196,
      196,
      196,
      196,
      196,
      196,
      196,
      196,
      196,
      196,
      191,
      191,
      191,
      191,
      191,
      213,
      213,
      213,
      213,
      213,
      213,
      213,
      213,
      213,
      213,
      213,
      0,
      0,
      0,
      0,
      0,
      0,
      0,
      0,
      0,
      0,
      0,
      0,
      0,
      0,
      214,
      214,
      214,
      214,
      214,
      214,
      214,
      214,
      214,
      214,
      214,
      214,
      214,
      214,
      214,
      214,
      214,
      214,
      214,
      214,
      214,
      0,
      0,
      0,
      0,
      0,
      0,
      0,
      0,
      0,
      0,
      0,
      0,
      0,
      0,
      0,
      0,
      0,
      0,
      0,
      0,
      0,
      0,
      0,
      0,
      199,
      199,
      199,
      0,
      0,
      0,
      0,
      0,
      0,
      0,
      0,
      0,
      0,
      0,
      0,
      0,
      0,
      0,
      0,
      0,
      0,
      0,
      0,
      220,
      200,
      200,
      200,
      200,
      200,
      0,
      0,
      0,
      0,
      0,
      0,
      0,
      0,
      0,
      190,
      190,
      190,
      190,
      190,
      190,
      190,
      190,
      190,
      0,
      0,
      0,
      0,
      0,
      0,
      0,
      0,
      0,
      0,
      0,
      184,
      184,
      184,
      184,
      184,
      184,
      184,
      184,
      209,
      209,
      209,
      209,
      209,
      209,
      209,
      209,
      209,
      209,
      201,
      201,
      201,
      201,
      201,
      201,
      201,
      201,
      201,
      201,
      201,
      201,
      181,
      181,
      181,
      181,
      181,
      181,
      181,
      181,
      181,
      174,
      174,
      174,
      174,
      174,
      174,
      202,
      202,
      202,
      202,
      202,
      202,
      202,
      165,
      165,
      165,
      165,
      0,
      0,
      0,
      0,
      0,
      0,
      0,
      180,
      203,
      203,
      203,
      203,
      203,
      203,
      203,
      185,
      185,
      185,
      0,
      0,
      0,
      0,
      0,
      0,
      0,
      0,
      0,
      0,
      0,
      0,
      0,
      0,
      0,
      205,
      205,
      205,
      0,
      0,
      0,
      0,
      210,
      210,
      192,
      192,
      192,
      192,
      192,
      192,
      192,
      192,
      192,
      0,
      0,
      131,
      131,
      193,
      193,
      193,
      193,
      193,
      193,
      193,
      206,
      206,
      206,
      206,
      206,
      206,
      206,
      206,
      206,
      206,
      177,
      177,
      177,
      207,
      207,
      207,
      207,
      207,
      207,
      207,
      207,
      207,
      0,
      0,
      0,
      0,
      0,
      0,
      197,
      197,
      197,
      197,
      197,
      197,
      197,
      197,
      197,
      197,
      197,
      197,
      197,
      197,
      197,
      198,
      198,
      198,
      198,
      204,
      204,
      204,
      204,
      204,
      204,
      0,
      0,
      0,
      0,
      0,
      0,
      0,
      0,
      0,
      0,
      0,
      0,
      0,
      0,
      0,
      0,
      0,
      0,
      0,
      0,
      221,
      221,
      221,
      221,
      221,
      221,
      221,
      178,
      178,
      178,
      178,
      178,
      178,
      178,
      178,
      178,
      178,
      178,
      178,
      178,
      216,
      216,
      216,
      216,
      216,
      216,
      178,
      211,
      211,
      211,
      211,
      211,
      182,
      182,
      182,
      182,
      182,
      182,
      182,
      182,
      182,
      182,
      182,
      217,
      217,
      217,
      217,
      217,
      217,
      0,
      0,
      0,
      0,
      0,
      0,
      0,
      0,
      0,
      0,
      0,
      0,
      0,
      0,
      0,
      0,
      0,
      0,
      0,
      0,
      0,
      0,
      0,
      0,
      0,
      0,
      0,
      0,
      0,
      0,
      186,
      186,
      186,
      186,
      186,
      186,
      186,
      212,
      212,
      170,
      170,
      170,
      170,
      170,
      170,
      170,
      170,
      170,
      170,
      170,
      243,
      194,
      194,
      194,
      194,
      194,
      194,
      194,
      194,
      194,
      194,
      194,
      194
    ],
    [
      218,
      218,
      218,
      218,
      218,
      218,
      187,
      187,
      187,
      187,
      187,
      187,
      208,
      208,
      208,
      183,
      183,
      183,
      183,
      183,
      183,
      183,
      183,
      183,
      183,
      183,
      183,
      183,
      183,
      0,
      0,
      0,
      0,
      0,
      0,
      0,
      0,
      0,
      0,
      0,
      0,
      0,
      0,
      0,
      0,
      0,
      195,
      195,
      195,
      195,
      195,
      195,
      195,
      195,
      195,
      195,
      195,
      223,
      223,
      223,
      223,
      223,
      223,
      189,
      189,
      189,
      196,
      196,
      196,
      196,
      196,
      196,
      196,
      196,
      196,
      196,
      196,
      213,
      213,
      213,
      213,
      213,
      213,
      213,
      213,
      213,
      213,
      213,
      213,
      213,
      213,
      213,
      213,
      0,
      0,
      0,
      0,
      0,
      0,
      0,
      0,
      0,
      0,
      0,
      0,
      214,
      214,
      214,
      214,
      214,
      214,
      214,
      214,
      214,
      214,
      214,
      214,
      214,
      214,
      214,
      214,
      214,
      214,
      214,
      214,
      214,
      214,
      0,
      0,
      0,
      0,
      0,
      0,
      0,
      0,
      0,
      0,
      0,
      0,
      0,
      0,
      0,
      0,
      0,
      0,
      0,
      0,
      0,
      0,
      0,
      0,
      199,
      199,
      199,
      0,
      0,
      0,
      0,
      0,
      0,
      0,
      0,
      0,
      0,
      0,
      0,
      0,
      0,
      0,
      0,
      0,
      0,
      0,
      0,
      220,
      200,
      200,
      200,
      200,
      200,
      0,
      0,
      0,
      0,
      0,
      0,
      0,
      0,
      235,
      190,
      190,
      190,
      190,
      190,
      190,
      190,
      190,
      190,
      0,
      0,
      0,
      0,
      0,
      0,
      0,
      0,
      0,
      0,
      0,
      0,
      209,
      209,
      209,
      209,
      209,
      209,
      209,
      209,
      209,
      209,
      209,
      209,
      209,
      209,
      209,
      209,
      209,
      209,
      201,
      201,
      201,
      201,
      201,
      201,
      201,
      201,
      201,
      181,
      181,
      181,
      181,
      181,
      181,
      181,
      181,
      181,
      181,
      174,
      174,
      174,
      174,
      174,
      174,
      174,
      202,
      202,
      202,
      202,
      202,
      202,
      202,
      165,
      165,
      165,
      0,
      0,
      0,
      0,
      0,
      0,
      0,
      0,
      180,
      203,
      203,
      203,
      203,
      203,
      203,
      203,
      185,
      185,
      0,
      0,
      0,
      0,
      0,
      0,
      0,
      0,
      0,
      0,
      0,
      0,
      0,
      0,
      0,
      205,
      205,
      205,
      205,
      0,
      0,
      0,
      0,
      210,
      210,
      210,
      210,
      210,
      210,
      210,
      192,
      192,
      192,
      192,
      0,
      0,
      0,
      0,
      193,
      193,
      193,
      193,
      193,
      193,
      193,
      206,
      206,
      206,
      206,
      206,
      206,
      206,
      206,
      206,
      206,
      177,
      177,
      177,
      207,
      207,
      207,
      207,
      207,
      207,
      207,
      207,
      0,
      0,
      0,
      0,
      0,
      0,
      0,
      197,
      197,
      197,
      197,
      197,
      197,
      197,
      197,
      197,
      197,
      197,
      197,
      197,
      197,
      197,
      198,
      198,
      198,
      198,
      204,
      204,
      204,
      204,
      204,
      204,
      241,
      0,
      0,
      0,
      0,
      0,
      0,
      0,
      0,
      0,
      0,
      0,
      0,
      0,
      0,
      0,
      0,
      0,
      0,
      221,
      221,
      221,
      221,
      221,
      221,
      221,
      221,
      215,
      178,
      178,
      178,
      178,
      178,
      216,
      216,
      216,
      216,
      216,
      216,
      216,
      216,
      216,
      216,
      216,
      216,
      216,
      248,
      211,
      211,
      211,
      211,
      211,
      211,
      211,
      211,
      182,
      182,
      182,
      182,
      182,
      182,
      217,
      217,
      217,
      217,
      217,
      217,
      217,
      217,
      227,
      0,
      0,
      0,
      0,
      0,
      0,
      0,
      0,
      0,
      0,
      0,
      0,
      0,
      0,
      0,
      0,
      0,
      0,
      0,
      0,
      0,
      0,
      0,
      0,
      0,
      0,
      0,
      0,
      0,
      0,
      212,
      212,
      212,
      212,
      212,
      212,
      212,
      212,
      170,
      170,
      170,
      170,
      170,
      170,
      170,
      170,
      170,
      170,
      170,
      243,
      194,
      194,
      194,
      194,
      194,
      194,
      194,
      194,
      194,
      194,
      194,
      194
    ],
    [
      218,
      218,
      218,
      218,
      218,
      218,
      208,
      208,
      208,
      208,
      208,
      208,
      208,
      208,
      208,
      183,
      183,
      183,
      183,
      183,
      183,
      183,
      183,
      183,
      183,
      183,
      183,
      183,
      0,
      0,
      0,
      0,
      0,
      0,
      0,
      0,
      0,
      0,
      0,
      0,
      0,
      0,
      0,
      0,
      0,
      0,
      195,
      195,
      195,
      195,
      195,
      195,
      195,
      195,
      195,
      195,
      223,
      223,
      223,
      223,
      223,
      223,
      223,
      189,
      189,
      189,
      196,
      196,
      196,
      196,
      196,
      196,
      196,
      196,
      196,
      196,
      196,
      196,
      213,
      213,
      213,
      213,
      213,
      213,
      213,
      213,
      213,
      213,
      213,
      213,
      213,
      213,
      213,
      0,
      0,
      0,
      0,
      0,
      0,
      0,
      0,
      0,
      0,
      0,
      0,
      214,
      214,
      214,
      214,
      214,
      214,
      214,
      214,
      214,
      214,
      214,
      214,
      214,
      214,
      214,
      214,
      214,
      219,
      219,
      219,
      219,
      219,
      219,
      219,
      0,
      0,
      0,
      0,
      0,
      0,
      0,
      0,
      0,
      0,
      0,
      0,
      0,
      0,
      0,
      0,
      0,
      0,
      0,
      0,
      0,
      0,
      199,
      199,
      199,
      0,
      0,
      0,
      0,
      0,
      0,
      0,
      0,
      0,
      0,
      0,
      0,
      0,
      0,
      0,
      0,
      0,
      0,
      0,
      0,
      220,
      200,
      200,
      200,
      200,
      200,
      0,
      0,
      0,
      0,
      0,
      0,
      0,
      0,
      235,
      190,
      190,
      190,
      190,
      190,
      190,
      190,
      190,
      190,
      0,
      0,
      0,
      0,
      0,
      0,
      0,
      0,
      0,
      0,
      0,
      0,
      0,
      209,
      209,
      209,
      209,
      209,
      209,
      209,
      209,
      209,
      209,
      209,
      209,
      209,
      209,
      209,
      209,
      209,
      209,
      201,
      201,
      201,
      201,
      201,
      201,
      201,
      201,
      181,
      181,
      181,
      181,
      181,
      181,
      181,
      231,
      231,
      231,
      231,
      231,
      231,
      174,
      174,
      174,
      174,
      202,
      202,
      202,
      202,
      202,
      202,
      202,
      165,
      0,
      0,
      0,
      0,
      0,
      0,
      0,
      0,
      0,
      0,
      0,
      203,
      203,
      203,
      203,
      203,
      203,
      203,
      185,
      0,
      0,
      0,
      0,
      0,
      0,
      0,
      0,
      0,
      0,
      0,
      0,
      0,
      0,
      0,
      205,
      205,
      205,
      205,
      205,
      0,
      0,
      0,
      0,
      210,
      210,
      210,
      210,
      210,
      210,
      210,
      210,
      0,
      0,
      0,
      0,
      0,
      0,
      0,
      193,
      193,
      206,
      206,
      206,
      206,
      206,
      206,
      206,
      206,
      206,
      206,
      206,
      206,
      206,
      206,
      206,
      177,
      177,
      177,
      207,
      207,
      207,
      207,
      207,
      207,
      207,
      207,
      0,
      0,
      0,
      0,
      0,
      0,
      0,
      197,
      197,
      197,
      197,
      197,
      197,
      197,
      197,
      197,
      197,
      197,
      197,
      197,
      197,
      198,
      198,
      198,
      198,
      198,
      204,
      204,
      204,
      204,
      204,
      204,
      241,
      0,
      0,
      0,
      0,
      0,
      0,
      0,
      0,
      0,
      0,
      0,
      0,
      0,
      0,
      0,
      0,
      221,
      221,
      221,
      221,
      221,
      221,
      221,
      221,
      221,
      221,
      215,
      215,
      215,
      215,
      215,
      216,
      216,
      216,
      216,
      216,
      216,
      216,
      216,
      216,
      216,
      216,
      216,
      216,
      216,
      248,
      248,
      211,
      211,
      211,
      211,
      211,
      211,
      211,
      211,
      182,
      182,
      182,
      182,
      182,
      217,
      217,
      217,
      217,
      217,
      217,
      217,
      217,
      227,
      227,
      0,
      0,
      0,
      0,
      0,
      0,
      0,
      0,
      0,
      0,
      0,
      0,
      0,
      0,
      0,
      0,
      0,
      0,
      0,
      0,
      0,
      0,
      0,
      0,
      0,
      0,
      0,
      0,
      0,
      212,
      212,
      212,
      212,
      212,
      212,
      212,
      212,
      212,
      212,
      170,
      170,
      170,
      170,
      170,
      170,
      170,
      170,
      170,
      243,
      194,
      194,
      194,
      194,
      194,
      194,
      194,
      194,
      194,
      194,
      194,
      194
    ],
    [
      218,
      218,
      218,
      218,
      218,
      218,
      218,
      218,
      208,
      208,
      208,
      208,
      208,
      208,
      208,
      208,
      208,
      183,
      183,
      183,
      183,
      0,
      0,
      0,
      0,
      0,
      0,
      0,
      0,
      0,
      0,
      0,
      0,
      0,
      0,
      0,
      0,
      0,
      0,
      0,
      0,
      0,
      0,
      0,
      0,
      0,
      0,
      0,
      0,
      0,
      0,
      195,
      195,
      195,
      195,
      223,
      223,
      223,
      223,
      223,
      223,
      223,
      223,
      189,
      189,
      189,
      196,
      196,
      196,
      196,
      196,
      196,
      196,
      196,
      196,
      196,
      196,
      196,
      213,
      213,
      213,
      213,
      213,
      213,
      213,
      213,
      213,
      224,
      224,
      224,
      224,
      224,
      224,
      224,
      0,
      0,
      0,
      0,
      0,
      0,
      0,
      0,
      0,
      0,
      229,
      214,
      214,
      214,
      214,
      214,
      214,
      214,
      214,
      214,
      214,
      214,
      214,
      214,
      214,
      214,
      214,
      219,
      219,
      219,
      219,
      219,
      219,
      219,
      219,
      0,
      0,
      0,
      0,
      0,
      0,
      0,
      0,
      0,
      0,
      0,
      0,
      0,
      0,
      0,
      0,
      0,
      0,
      0,
      0,
      0,
      0,
      199,
      199,
      199,
      0,
      0,
      0,
      0,
      0,
      0,
      0,
      0,
      0,
      0,
      0,
      0,
      0,
      0,
      0,
      0,
      0,
      0,
      0,
      0,
      220,
      200,
      200,
      200,
      200,
      200,
      0,
      0,
      0,
      0,
      0,
      235,
      235,
      235,
      235,
      235,
      235,
      190,
      190,
      190,
      190,
      190,
      0,
      0,
      0,
      0,
      0,
      0,
      0,
      0,
      0,
      0,
      0,
      0,
      0,
      0,
      209,
      209,
      209,
      209,
      209,
      209,
      209,
      209,
      209,
      209,
      209,
      209,
      209,
      209,
      209,
      209,
      209,
      209,
      209,
      209,
      209,
      201,
      201,
      201,
      201,
      201,
      181,
      181,
      181,
      181,
      181,
      181,
      181,
      181,
      231,
      231,
      231,
      231,
      231,
      231,
      231,
      174,
      231,
      231,
      202,
      202,
      202,
      202,
      202,
      202,
      202,
      0,
      0,
      0,
      0,
      0,
      0,
      0,
      0,
      0,
      0,
      0,
      0,
      203,
      203,
      203,
      203,
      203,
      203,
      203,
      0,
      0,
      0,
      0,
      0,
      0,
      0,
      0,
      0,
      0,
      0,
      0,
      0,
      0,
      0,
      0,
      205,
      205,
      205,
      205,
      205,
      0,
      0,
      0,
      0,
      210,
      210,
      210,
      210,
      210,
      210,
      210,
      0,
      0,
      0,
      0,
      0,
      0,
      0,
      0,
      0,
      206,
      206,
      206,
      206,
      206,
      206,
      206,
      206,
      206,
      206,
      206,
      206,
      206,
      206,
      206,
      206,
      177,
      177,
      177,
      207,
      207,
      207,
      207,
      207,
      207,
      207,
      0,
      0,
      0,
      0,
      0,
      0,
      0,
      0,
      197,
      197,
      197,
      197,
      197,
      197,
      197,
      197,
      197,
      197,
      197,
      197,
      245,
      245,
      245,
      245,
      245,
      198,
      198,
      204,
      204,
      204,
      204,
      204,
      204,
      241,
      0,
      0,
      0,
      0,
      0,
      0,
      0,
      0,
      0,
      0,
      0,
      0,
      0,
      0,
      0,
      0,
      221,
      221,
      221,
      221,
      221,
      221,
      221,
      221,
      221,
      221,
      215,
      215,
      215,
      215,
      222,
      222,
      222,
      222,
      222,
      222,
      222,
      216,
      216,
      216,
      216,
      216,
      216,
      216,
      216,
      248,
      248,
      211,
      211,
      211,
      211,
      211,
      211,
      211,
      211,
      211,
      211,
      211,
      182,
      182,
      217,
      217,
      217,
      217,
      217,
      217,
      217,
      217,
      227,
      227,
      0,
      0,
      0,
      0,
      0,
      0,
      0,
      0,
      0,
      0,
      0,
      0,
      0,
      0,
      0,
      0,
      0,
      0,
      0,
      0,
      0,
      0,
      0,
      0,
      0,
      0,
      0,
      0,
      0,
      0,
      212,
      212,
      212,
      212,
      212,
      212,
      212,
      212,
      212,
      170,
      170,
      170,
      170,
      170,
      170,
      170,
      170,
      170,
      243,
      194,
      194,
      194,
      194,
      194,
      194,
      194,
      194,
      194,
      194,
      194,
      194
    ],
    [
      218,
      218,
      218,
      218,
      218,
      218,
      218,
      218,
      218,
      208,
      208,
      208,
      208,
      208,
      208,
      208,
      208,
      183,
      183,
      183,
      183,
      0,
      0,
      0,
      0,
      0,
      0,
      0,
      0,
      0,
      0,
      0,
      0,
      0,
      0,
      0,
      0,
      0,
      0,
      0,
      0,
      0,
      0,
      0,
      0,
      0,
      0,
      0,
      0,
      0,
      0,
      195,
      195,
      195,
      195,
      223,
      223,
      223,
      223,
      223,
      223,
      223,
      223,
      223,
      189,
      189,
      196,
      196,
      196,
      196,
      196,
      196,
      196,
      196,
      232,
      232,
      232,
      232,
      232,
      213,
      213,
      213,
      213,
      213,
      213,
      213,
      213,
      224,
      224,
      224,
      224,
      224,
      224,
      224,
      224,
      224,
      0,
      0,
      0,
      0,
      0,
      0,
      0,
      229,
      229,
      214,
      214,
      214,
      214,
      214,
      214,
      214,
      214,
      214,
      214,
      214,
      214,
      214,
      214,
      214,
      214,
      219,
      219,
      219,
      219,
      219,
      219,
      219,
      219,
      0,
      0,
      0,
      0,
      0,
      0,
      0,
      0,
      0,
      0,
      0,
      0,
      0,
      0,
      0,
      0,
      0,
      0,
      0,
      0,
      0,
      0,
      199,
      199,
      199,
      0,
      0,
      0,
      0,
      0,
      0,
      0,
      0,
      0,
      0,
      0,
      0,
      0,
      0,
      0,
      0,
      0,
      0,
      0,
      0,
      220,
      220,
      220,
      220,
      220,
      235,
      0,
      0,
      0,
      0,
      0,
      235,
      235,
      235,
      235,
      235,
      235,
      235,
      235,
      235,
      235,
      0,
      0,
      0,
      0,
      0,
      0,
      0,
      0,
      0,
      0,
      0,
      0,
      0,
      0,
      0,
      209,
      209,
      209,
      209,
      209,
      209,
      209,
      209,
      209,
      209,
      209,
      209,
      209,
      209,
      209,
      209,
      209,
      209,
      209,
      209,
      209,
      209,
      201,
      201,
      201,
      201,
      181,
      181,
      181,
      181,
      181,
      181,
      181,
      181,
      231,
      231,
      231,
      231,
      231,
      231,
      231,
      231,
      231,
      231,
      202,
      202,
      202,
      202,
      202,
      202,
      202,
      0,
      0,
      0,
      0,
      0,
      0,
      0,
      0,
      0,
      0,
      0,
      0,
      203,
      203,
      203,
      203,
      203,
      203,
      203,
      0,
      0,
      0,
      0,
      0,
      0,
      0,
      0,
      0,
      0,
      0,
      0,
      0,
      0,
      0,
      0,
      205,
      205,
      205,
      205,
      205,
      0,
      0,
      0,
      210,
      210,
      210,
      210,
      210,
      210,
      210,
      210,
      0,
      0,
      0,
      0,
      0,
      0,
      0,
      0,
      0,
      0,
      225,
      225,
      225,
      225,
      225,
      225,
      225,
      206,
      206,
      206,
      206,
      206,
      206,
      206,
      206,
      177,
      177,
      177,
      0,
      0,
      207,
      207,
      207,
      0,
      0,
      0,
      0,
      0,
      0,
      0,
      0,
      0,
      197,
      197,
      197,
      197,
      197,
      197,
      197,
      197,
      197,
      197,
      197,
      245,
      245,
      245,
      245,
      245,
      245,
      245,
      245,
      198,
      204,
      204,
      204,
      204,
      204,
      204,
      241,
      0,
      0,
      0,
      0,
      0,
      0,
      0,
      0,
      0,
      0,
      0,
      0,
      0,
      0,
      0,
      221,
      221,
      221,
      221,
      221,
      221,
      221,
      221,
      221,
      221,
      221,
      215,
      215,
      215,
      215,
      222,
      222,
      222,
      222,
      222,
      222,
      222,
      216,
      216,
      216,
      216,
      216,
      216,
      216,
      216,
      248,
      248,
      211,
      211,
      211,
      211,
      211,
      211,
      211,
      211,
      211,
      211,
      0,
      182,
      182,
      217,
      217,
      217,
      217,
      217,
      217,
      217,
      217,
      227,
      227,
      227,
      227,
      227,
      227,
      227,
      0,
      0,
      0,
      0,
      0,
      0,
      0,
      0,
      0,
      0,
      0,
      0,
      0,
      0,
      0,
      0,
      0,
      0,
      0,
      0,
      0,
      0,
      0,
      0,
      0,
      0,
      0,
      0,
      212,
      212,
      212,
      212,
      212,
      212,
      170,
      170,
      170,
      170,
      170,
      170,
      170,
      170,
      170,
      243,
      243,
      243,
      194,
      194,
      194,
      194,
      194,
      194,
      194,
      194,
      194,
      194
    ],
    [
      218,
      218,
      218,
      218,
      218,
      218,
      218,
      218,
      218,
      208,
      208,
      208,
      226,
      226,
      226,
      226,
      226,
      226,
      183,
      183,
      183,
      0,
      0,
      0,
      0,
      0,
      0,
      0,
      0,
      0,
      0,
      0,
      0,
      0,
      0,
      0,
      0,
      0,
      0,
      0,
      0,
      0,
      0,
      0,
      0,
      0,
      0,
      0,
      0,
      0,
      0,
      195,
      195,
      195,
      195,
      223,
      223,
      223,
      223,
      223,
      223,
      223,
      223,
      223,
      189,
      189,
      196,
      196,
      196,
      196,
      196,
      196,
      196,
      232,
      232,
      232,
      232,
      232,
      232,
      213,
      213,
      213,
      213,
      213,
      213,
      213,
      213,
      224,
      224,
      224,
      224,
      224,
      224,
      224,
      224,
      224,
      249,
      0,
      0,
      229,
      229,
      229,
      229,
      229,
      229,
      214,
      214,
      214,
      214,
      214,
      214,
      214,
      214,
      214,
      214,
      214,
      234,
      214,
      214,
      214,
      214,
      219,
      219,
      219,
      219,
      219,
      219,
      219,
      219,
      0,
      0,
      0,
      0,
      0,
      0,
      0,
      0,
      0,
      0,
      0,
      0,
      0,
      0,
      0,
      0,
      0,
      0,
      0,
      0,
      0,
      0,
      199,
      199,
      199,
      0,
      0,
      0,
      0,
      0,
      0,
      0,
      0,
      0,
      0,
      0,
      0,
      0,
      0,
      0,
      0,
      0,
      0,
      0,
      0,
      220,
      220,
      220,
      220,
      220,
      235,
      235,
      235,
      235,
      235,
      235,
      235,
      235,
      235,
      235,
      235,
      235,
      235,
      235,
      235,
      0,
      0,
      0,
      0,
      0,
      0,
      0,
      0,
      0,
      0,
      0,
      0,
      0,
      0,
      0,
      0,
      209,
      209,
      209,
      209,
      209,
      209,
      209,
      209,
      209,
      209,
      209,
      209,
      209,
      209,
      209,
      209,
      209,
      209,
      209,
      209,
      209,
      209,
      201,
      201,
      201,
      201,
      181,
      181,
      181,
      181,
      181,
      181,
      181,
      181,
      231,
      231,
      231,
      231,
      231,
      231,
      231,
      231,
      231,
      231,
      202,
      202,
      202,
      202,
      202,
      202,
      0,
      0,
      0,
      0,
      0,
      0,
      0,
      0,
      0,
      0,
      0,
      0,
      0,
      203,
      203,
      203,
      203,
      203,
      203,
      0,
      0,
      0,
      0,
      0,
      0,
      0,
      0,
      0,
      0,
      0,
      0,
      0,
      0,
      0,
      0,
      0,
      205,
      205,
      205,
      205,
      205,
      205,
      210,
      210,
      210,
      210,
      210,
      210,
      210,
      210,
      210,
      0,
      0,
      0,
      0,
      0,
      0,
      0,
      0,
      0,
      0,
      0,
      225,
      225,
      225,
      225,
      225,
      225,
      225,
      225,
      206,
      206,
      206,
      206,
      206,
      206,
      206,
      0,
      0,
      0,
      0,
      0,
      0,
      0,
      0,
      0,
      0,
      0,
      0,
      0,
      0,
      0,
      197,
      197,
      197,
      197,
      197,
      197,
      197,
      197,
      197,
      197,
      197,
      197,
      197,
      245,
      245,
      245,
      245,
      245,
      245,
      245,
      245,
      245,
      245,
      241,
      241,
      241,
      241,
      241,
      241,
      0,
      0,
      0,
      0,
      0,
      0,
      0,
      0,
      0,
      0,
      0,
      0,
      0,
      0,
      0,
      221,
      221,
      221,
      221,
      221,
      221,
      221,
      221,
      221,
      221,
      221,
      215,
      215,
      215,
      215,
      222,
      222,
      222,
      222,
      222,
      222,
      222,
      216,
      216,
      216,
      216,
      216,
      216,
      216,
      216,
      248,
      248,
      248,
      211,
      211,
      0,
      0,
      0,
      0,
      0,
      0,
      0,
      0,
      254,
      182,
      217,
      217,
      217,
      217,
      217,
      217,
      217,
      217,
      227,
      227,
      227,
      227,
      227,
      227,
      227,
      227,
      227,
      0,
      0,
      0,
      0,
      0,
      0,
      0,
      0,
      0,
      0,
      0,
      0,
      0,
      0,
      0,
      0,
      0,
      0,
      0,
      0,
      0,
      0,
      0,
      0,
      0,
      0,
      212,
      212,
      212,
      212,
      228,
      228,
      228,
      228,
      228,
      170,
      170,
      170,
      170,
      170,
      170,
      243,
      243,
      243,
      243,
      243,
      194,
      194,
      194,
      194,
      194,
      194,
      194,
      194
    ],
    [
      218,
      218,
      218,
      218,
      218,
      218,
      218,
      218,
      218,
      208,
      208,
      226,
      226,
      226,
      226,
      226,
      226,
      226,
      183,
      183,
      183,
      0,
      0,
      0,
      0,
      0,
      0,
      0,
      0,
      0,
      0,
      0,
      0,
      0,
      0,
      0,
      0,
      0,
      0,
      0,
      0,
      0,
      0,
      0,
      0,
      0,
      0,
      0,
      0,
      0,
      0,
      195,
      195,
      195,
      195,
      223,
      223,
      223,
      223,
      223,
      223,
      223,
      223,
      223,
      189,
      189,
      196,
      232,
      232,
      232,
      232,
      232,
      232,
      232,
      232,
      232,
      232,
      232,
      232,
      213,
      213,
      213,
      213,
      213,
      213,
      213,
      213,
      224,
      224,
      224,
      224,
      224,
      224,
      224,
      224,
      224,
      249,
      249,
      249,
      249,
      229,
      229,
      229,
      229,
      229,
      229,
      229,
      214,
      214,
      214,
      214,
      214,
      214,
      214,
      214,
      214,
      234,
      234,
      214,
      214,
      214,
      219,
      219,
      219,
      219,
      219,
      219,
      219,
      219,
      0,
      0,
      0,
      0,
      0,
      0,
      0,
      0,
      0,
      0,
      0,
      0,
      0,
      0,
      0,
      0,
      0,
      0,
      0,
      0,
      0,
      0,
      0,
      0,
      0,
      0,
      0,
      0,
      0,
      0,
      0,
      0,
      230,
      230,
      230,
      230,
      230,
      230,
      230,
      230,
      230,
      0,
      0,
      0,
      0,
      220,
      220,
      220,
      220,
      220,
      235,
      235,
      235,
      235,
      235,
      235,
      235,
      235,
      235,
      235,
      235,
      235,
      235,
      235,
      235,
      0,
      0,
      0,
      0,
      0,
      0,
      0,
      0,
      0,
      0,
      0,
      0,
      0,
      0,
      0,
      0,
      209,
      209,
      209,
      209,
      209,
      209,
      209,
      209,
      209,
      209,
      209,
      209,
      209,
      209,
      209,
      209,
      209,
      209,
      209,
      209,
      209,
      209,
      201,
      201,
      201,
      201,
      181,
      181,
      181,
      181,
      181,
      181,
      181,
      181,
      231,
      231,
      231,
      231,
      231,
      231,
      231,
      231,
      231,
      231,
      231,
      231,
      231,
      231,
      231,
      231,
      0,
      0,
      0,
      0,
      0,
      0,
      0,
      0,
      0,
      0,
      0,
      0,
      0,
      0,
      0,
      0,
      0,
      0,
      0,
      0,
      0,
      0,
      0,
      0,
      0,
      0,
      233,
      233,
      233,
      233,
      233,
      233,
      0,
      0,
      0,
      0,
      205,
      205,
      205,
      205,
      205,
      205,
      210,
      210,
      210,
      210,
      210,
      210,
      210,
      0,
      0,
      0,
      0,
      0,
      0,
      0,
      0,
      0,
      0,
      0,
      0,
      0,
      225,
      225,
      225,
      225,
      225,
      225,
      225,
      225,
      225,
      206,
      206,
      206,
      206,
      206,
      206,
      0,
      0,
      0,
      0,
      0,
      0,
      0,
      0,
      0,
      0,
      0,
      0,
      0,
      0,
      0,
      197,
      197,
      197,
      197,
      197,
      197,
      197,
      197,
      197,
      197,
      197,
      197,
      245,
      245,
      245,
      245,
      245,
      245,
      245,
      245,
      245,
      245,
      245,
      245,
      241,
      241,
      241,
      241,
      241,
      241,
      241,
      0,
      0,
      0,
      0,
      0,
      0,
      0,
      0,
      0,
      0,
      0,
      0,
      0,
      221,
      221,
      221,
      221,
      221,
      221,
      221,
      221,
      221,
      221,
      221,
      215,
      215,
      215,
      215,
      222,
      222,
      222,
      222,
      222,
      222,
      222,
      216,
      216,
      216,
      216,
      216,
      216,
      216,
      216,
      248,
      248,
      248,
      211,
      211,
      0,
      0,
      0,
      0,
      0,
      0,
      0,
      0,
      254,
      182,
      217,
      217,
      217,
      217,
      217,
      217,
      217,
      217,
      227,
      227,
      227,
      227,
      227,
      227,
      227,
      227,
      227,
      227,
      0,
      0,
      0,
      0,
      0,
      0,
      0,
      0,
      0,
      0,
      0,
      0,
      0,
      0,
      0,
      0,
      0,
      0,
      0,
      0,
      0,
      0,
      0,
      0,
      0,
      212,
      212,
      212,
      228,
      228,
      228,
      228,
      228,
      228,
      170,
      170,
      170,
      170,
      170,
      170,
      243,
      243,
      243,
      243,
      243,
      243,
      194,
      194,
      194,
      194,
      194,
      194,
      194
    ],
    [
      218,
      218,
      218,
      218,
      218,
      218,
      218,
      218,
      218,
      208,
      208,
      226,
      226,
      226,
      226,
      226,
      226,
      226,
      183,
      183,
      183,
      0,
      0,
      0,
      0,
      0,
      0,
      0,
      0,
      0,
      0,
      0,
      0,
      0,
      0,
      0,
      0,
      0,
      0,
      0,
      0,
      0,
      0,
      0,
      0,
      0,
      0,
      0,
      0,
      0,
      0,
      195,
      195,
      195,
      195,
      223,
      223,
      223,
      223,
      223,
      223,
      223,
      223,
      223,
      189,
      232,
      232,
      232,
      232,
      232,
      232,
      232,
      232,
      232,
      232,
      232,
      232,
      232,
      232,
      232,
      232,
      232,
      232,
      213,
      213,
      213,
      213,
      224,
      224,
      224,
      224,
      224,
      224,
      224,
      224,
      224,
      249,
      249,
      249,
      249,
      229,
      229,
      229,
      229,
      229,
      229,
      214,
      214,
      214,
      214,
      214,
      214,
      214,
      214,
      214,
      214,
      234,
      234,
      234,
      234,
      234,
      219,
      219,
      219,
      219,
      219,
      219,
      219,
      219,
      0,
      0,
      0,
      0,
      0,
      0,
      0,
      0,
      0,
      0,
      0,
      0,
      0,
      0,
      0,
      0,
      0,
      0,
      0,
      0,
      0,
      0,
      0,
      0,
      0,
      0,
      0,
      0,
      0,
      0,
      0,
      0,
      230,
      230,
      230,
      230,
      230,
      230,
      230,
      230,
      230,
      230,
      0,
      0,
      0,
      220,
      220,
      220,
      220,
      220,
      235,
      235,
      235,
      235,
      235,
      235,
      235,
      235,
      235,
      235,
      235,
      235,
      235,
      235,
      235,
      0,
      0,
      0,
      0,
      0,
      0,
      0,
      0,
      0,
      0,
      0,
      0,
      0,
      0,
      0,
      236,
      236,
      236,
      236,
      236,
      236,
      236,
      236,
      236,
      236,
      209,
      209,
      209,
      209,
      209,
      209,
      209,
      239,
      239,
      239,
      239,
      239,
      239,
      239,
      201,
      201,
      181,
      181,
      181,
      181,
      181,
      181,
      181,
      181,
      257,
      231,
      231,
      231,
      231,
      231,
      231,
      231,
      231,
      231,
      231,
      231,
      231,
      231,
      231,
      231,
      0,
      0,
      0,
      0,
      0,
      0,
      0,
      0,
      0,
      0,
      0,
      0,
      0,
      0,
      0,
      0,
      0,
      0,
      237,
      237,
      237,
      237,
      237,
      0,
      0,
      0,
      233,
      233,
      233,
      233,
      233,
      233,
      233,
      0,
      0,
      0,
      0,
      205,
      205,
      205,
      205,
      205,
      205,
      210,
      210,
      210,
      210,
      210,
      210,
      210,
      0,
      0,
      0,
      0,
      0,
      0,
      0,
      0,
      0,
      0,
      0,
      0,
      0,
      225,
      225,
      225,
      225,
      225,
      225,
      225,
      225,
      225,
      225,
      225,
      225,
      0,
      0,
      0,
      0,
      0,
      0,
      0,
      0,
      0,
      0,
      0,
      0,
      0,
      0,
      0,
      0,
      0,
      0,
      197,
      197,
      197,
      197,
      197,
      197,
      197,
      197,
      245,
      245,
      245,
      245,
      245,
      245,
      245,
      245,
      245,
      245,
      245,
      245,
      245,
      245,
      245,
      245,
      241,
      241,
      241,
      241,
      241,
      241,
      241,
      0,
      0,
      0,
      0,
      0,
      0,
      0,
      0,
      0,
      0,
      0,
      0,
      0,
      221,
      221,
      221,
      221,
      221,
      221,
      221,
      221,
      221,
      221,
      215,
      215,
      215,
      215,
      215,
      222,
      222,
      222,
      222,
      222,
      222,
      222,
      216,
      216,
      216,
      216,
      248,
      248,
      248,
      248,
      248,
      248,
      248,
      211,
      211,
      0,
      0,
      0,
      0,
      0,
      0,
      0,
      0,
      254,
      254,
      217,
      217,
      217,
      217,
      217,
      217,
      217,
      217,
      227,
      227,
      227,
      227,
      227,
      227,
      227,
      227,
      227,
      227,
      269,
      0,
      0,
      0,
      0,
      0,
      0,
      0,
      0,
      0,
      0,
      0,
      0,
      0,
      0,
      0,
      0,
      0,
      0,
      0,
      0,
      0,
      0,
      242,
      242,
      242,
      228,
      228,
      228,
      228,
      228,
      228,
      228,
      228,
      170,
      170,
      170,
      170,
      170,
      170,
      243,
      243,
      243,
      243,
      243,
      243,
      194,
      243,
      194,
      194,
      194,
      194,
      194
    ],
    [
      218,
      218,
      218,
      218,
      218,
      218,
      218,
      218,
      226,
      226,
      226,
      226,
      226,
      226,
      226,
      226,
      226,
      226,
      0,
      0,
      0,
      0,
      0,
      0,
      0,
      0,
      0,
      0,
      0,
      0,
      0,
      0,
      0,
      0,
      0,
      0,
      0,
      0,
      0,
      0,
      0,
      0,
      0,
      0,
      0,
      0,
      0,
      0,
      0,
      0,
      0,
      195,
      195,
      195,
      195,
      223,
      223,
      223,
      223,
      223,
      223,
      223,
      223,
      223,
      232,
      232,
      232,
      232,
      232,
      232,
      232,
      232,
      232,
      232,
      232,
      232,
      232,
      232,
      232,
      232,
      232,
      232,
      232,
      232,
      232,
      232,
      213,
      224,
      224,
      224,
      224,
      224,
      224,
      224,
      224,
      224,
      249,
      249,
      249,
      249,
      229,
      229,
      229,
      229,
      229,
      229,
      214,
      214,
      214,
      214,
      214,
      214,
      214,
      214,
      214,
      214,
      234,
      234,
      234,
      234,
      234,
      219,
      219,
      219,
      219,
      219,
      219,
      219,
      219,
      0,
      0,
      0,
      0,
      0,
      0,
      0,
      0,
      0,
      0,
      0,
      0,
      0,
      0,
      0,
      0,
      0,
      0,
      0,
      0,
      0,
      0,
      0,
      0,
      0,
      0,
      0,
      0,
      0,
      0,
      0,
      0,
      230,
      230,
      230,
      230,
      230,
      230,
      230,
      230,
      230,
      230,
      230,
      230,
      244,
      244,
      244,
      244,
      244,
      244,
      235,
      235,
      235,
      235,
      235,
      235,
      235,
      235,
      235,
      235,
      235,
      235,
      235,
      235,
      235,
      0,
      0,
      0,
      0,
      0,
      0,
      0,
      0,
      0,
      0,
      0,
      0,
      0,
      0,
      0,
      236,
      236,
      236,
      236,
      236,
      236,
      236,
      236,
      236,
      236,
      236,
      209,
      209,
      209,
      209,
      209,
      209,
      239,
      239,
      239,
      239,
      239,
      239,
      239,
      239,
      239,
      181,
      181,
      181,
      181,
      181,
      181,
      257,
      257,
      257,
      231,
      231,
      231,
      231,
      231,
      231,
      231,
      231,
      231,
      231,
      231,
      231,
      231,
      231,
      0,
      0,
      0,
      0,
      0,
      0,
      0,
      0,
      0,
      0,
      0,
      0,
      0,
      0,
      0,
      0,
      0,
      0,
      0,
      237,
      237,
      237,
      237,
      237,
      0,
      0,
      0,
      233,
      233,
      233,
      233,
      233,
      233,
      233,
      233,
      0,
      0,
      0,
      205,
      205,
      205,
      205,
      205,
      210,
      210,
      210,
      210,
      210,
      210,
      210,
      210,
      0,
      0,
      0,
      0,
      0,
      0,
      0,
      0,
      0,
      0,
      0,
      0,
      0,
      225,
      225,
      225,
      225,
      225,
      225,
      225,
      225,
      225,
      225,
      225,
      225,
      0,
      0,
      0,
      0,
      0,
      0,
      0,
      0,
      0,
      0,
      0,
      0,
      0,
      0,
      0,
      0,
      0,
      0,
      197,
      197,
      197,
      197,
      197,
      197,
      197,
      197,
      245,
      245,
      245,
      245,
      245,
      245,
      245,
      245,
      245,
      245,
      245,
      245,
      245,
      245,
      245,
      245,
      245,
      241,
      241,
      241,
      241,
      241,
      241,
      0,
      0,
      0,
      0,
      0,
      0,
      0,
      0,
      0,
      0,
      0,
      0,
      0,
      0,
      221,
      221,
      221,
      221,
      221,
      221,
      221,
      221,
      221,
      260,
      260,
      260,
      260,
      215,
      222,
      222,
      222,
      222,
      222,
      222,
      222,
      248,
      248,
      248,
      248,
      248,
      248,
      248,
      248,
      248,
      248,
      248,
      211,
      211,
      0,
      0,
      0,
      0,
      0,
      0,
      0,
      0,
      254,
      254,
      254,
      217,
      217,
      217,
      217,
      217,
      217,
      227,
      227,
      227,
      227,
      227,
      227,
      227,
      227,
      227,
      227,
      227,
      269,
      269,
      0,
      0,
      0,
      0,
      0,
      0,
      0,
      0,
      0,
      0,
      0,
      0,
      0,
      0,
      0,
      0,
      242,
      242,
      242,
      242,
      242,
      242,
      242,
      242,
      228,
      228,
      228,
      228,
      228,
      228,
      228,
      228,
      170,
      170,
      170,
      170,
      170,
      170,
      243,
      243,
      243,
      243,
      243,
      243,
      243,
      243,
      194,
      194,
      194,
      194,
      194
    ],
    [
      218,
      218,
      218,
      218,
      218,
      218,
      218,
      218,
      226,
      226,
      226,
      226,
      226,
      226,
      226,
      226,
      226,
      226,
      0,
      0,
      0,
      0,
      0,
      0,
      0,
      0,
      0,
      0,
      0,
      0,
      0,
      0,
      0,
      0,
      0,
      0,
      0,
      0,
      0,
      0,
      0,
      0,
      0,
      0,
      0,
      0,
      0,
      0,
      0,
      0,
      0,
      195,
      195,
      195,
      223,
      223,
      223,
      223,
      223,
      223,
      223,
      223,
      223,
      223,
      232,
      232,
      232,
      232,
      232,
      232,
      232,
      232,
      232,
      232,
      232,
      232,
      232,
      232,
      232,
      232,
      232,
      232,
      232,
      232,
      232,
      232,
      232,
      224,
      224,
      224,
      224,
      224,
      224,
      224,
      224,
      224,
      249,
      249,
      249,
      249,
      229,
      229,
      229,
      229,
      229,
      229,
      229,
      229,
      229,
      229,
      229,
      214,
      214,
      214,
      234,
      234,
      234,
      234,
      234,
      234,
      234,
      234,
      234,
      219,
      219,
      219,
      219,
      219,
      219,
      0,
      0,
      0,
      0,
      0,
      0,
      0,
      0,
      0,
      0,
      0,
      0,
      0,
      0,
      246,
      246,
      246,
      246,
      246,
      0,
      0,
      0,
      0,
      0,
      0,
      0,
      0,
      0,
      0,
      0,
      0,
      230,
      230,
      230,
      230,
      230,
      230,
      230,
      230,
      230,
      230,
      230,
      230,
      244,
      244,
      244,
      244,
      244,
      244,
      244,
      235,
      235,
      235,
      235,
      235,
      235,
      235,
      235,
      235,
      235,
      235,
      235,
      235,
      235,
      235,
      235,
      0,
      0,
      0,
      0,
      0,
      0,
      0,
      0,
      0,
      0,
      0,
      0,
      0,
      236,
      236,
      236,
      236,
      236,
      236,
      236,
      236,
      236,
      236,
      236,
      236,
      209,
      209,
      209,
      209,
      209,
      209,
      239,
      239,
      239,
      239,
      239,
      239,
      239,
      239,
      239,
      239,
      257,
      257,
      257,
      257,
      257,
      257,
      257,
      257,
      231,
      231,
      231,
      231,
      231,
      231,
      231,
      231,
      231,
      231,
      231,
      231,
      231,
      231,
      0,
      0,
      0,
      0,
      0,
      0,
      0,
      0,
      0,
      0,
      0,
      0,
      0,
      0,
      0,
      0,
      0,
      0,
      0,
      237,
      237,
      237,
      237,
      237,
      0,
      0,
      233,
      233,
      233,
      233,
      233,
      233,
      233,
      233,
      233,
      0,
      0,
      0,
      205,
      205,
      205,
      205,
      240,
      240,
      240,
      240,
      240,
      210,
      210,
      210,
      210,
      0,
      0,
      0,
      0,
      0,
      0,
      0,
      0,
      0,
      0,
      0,
      0,
      0,
      225,
      238,
      238,
      238,
      238,
      238,
      225,
      225,
      225,
      225,
      225,
      225,
      0,
      0,
      0,
      0,
      0,
      0,
      0,
      0,
      0,
      0,
      0,
      0,
      0,
      0,
      0,
      0,
      0,
      0,
      197,
      197,
      197,
      197,
      197,
      197,
      197,
      197,
      245,
      245,
      245,
      245,
      245,
      245,
      245,
      245,
      245,
      245,
      245,
      245,
      245,
      245,
      245,
      245,
      245,
      241,
      241,
      241,
      241,
      241,
      241,
      0,
      0,
      0,
      0,
      0,
      0,
      0,
      0,
      0,
      0,
      0,
      0,
      0,
      0,
      260,
      221,
      221,
      221,
      221,
      221,
      221,
      221,
      260,
      260,
      260,
      260,
      261,
      261,
      222,
      222,
      222,
      222,
      222,
      222,
      247,
      248,
      248,
      248,
      248,
      248,
      248,
      248,
      248,
      248,
      248,
      248,
      248,
      248,
      0,
      0,
      0,
      0,
      0,
      0,
      0,
      0,
      254,
      254,
      254,
      263,
      263,
      263,
      263,
      263,
      263,
      227,
      227,
      227,
      227,
      227,
      227,
      227,
      227,
      227,
      227,
      227,
      269,
      269,
      0,
      0,
      0,
      0,
      0,
      0,
      242,
      242,
      242,
      242,
      242,
      242,
      242,
      242,
      242,
      242,
      242,
      242,
      242,
      242,
      242,
      242,
      242,
      242,
      228,
      228,
      228,
      228,
      228,
      228,
      228,
      228,
      170,
      170,
      170,
      170,
      170,
      170,
      243,
      243,
      243,
      243,
      243,
      243,
      243,
      243,
      194,
      194,
      194,
      194,
      194
    ],
    [
      218,
      218,
      218,
      218,
      218,
      218,
      218,
      218,
      226,
      226,
      226,
      226,
      226,
      226,
      226,
      226,
      226,
      0,
      0,
      0,
      0,
      0,
      0,
      0,
      0,
      0,
      0,
      0,
      0,
      0,
      0,
      0,
      0,
      0,
      0,
      0,
      0,
      0,
      0,
      0,
      0,
      0,
      0,
      0,
      0,
      0,
      0,
      0,
      0,
      0,
      0,
      195,
      195,
      223,
      223,
      223,
      223,
      223,
      223,
      223,
      223,
      223,
      223,
      232,
      232,
      232,
      232,
      232,
      232,
      232,
      232,
      232,
      232,
      232,
      232,
      232,
      232,
      232,
      232,
      232,
      232,
      232,
      232,
      232,
      232,
      232,
      232,
      232,
      224,
      224,
      224,
      224,
      224,
      224,
      249,
      249,
      249,
      249,
      249,
      249,
      249,
      229,
      229,
      229,
      229,
      229,
      229,
      229,
      229,
      229,
      229,
      214,
      214,
      214,
      234,
      234,
      234,
      234,
      234,
      234,
      234,
      234,
      234,
      234,
      234,
      234,
      234,
      234,
      0,
      0,
      0,
      0,
      0,
      0,
      0,
      0,
      0,
      0,
      0,
      0,
      0,
      250,
      250,
      246,
      246,
      246,
      246,
      246,
      0,
      0,
      0,
      0,
      0,
      0,
      0,
      0,
      0,
      0,
      0,
      0,
      230,
      230,
      230,
      230,
      230,
      230,
      230,
      230,
      230,
      230,
      230,
      244,
      244,
      244,
      244,
      244,
      244,
      244,
      244,
      244,
      235,
      235,
      235,
      235,
      235,
      235,
      235,
      235,
      235,
      235,
      235,
      235,
      235,
      235,
      235,
      235,
      235,
      0,
      0,
      0,
      0,
      0,
      0,
      0,
      0,
      0,
      0,
      0,
      236,
      236,
      236,
      236,
      236,
      236,
      236,
      236,
      236,
      236,
      236,
      236,
      209,
      209,
      209,
      209,
      209,
      209,
      0,
      239,
      239,
      239,
      239,
      239,
      239,
      239,
      239,
      239,
      257,
      257,
      257,
      257,
      257,
      257,
      257,
      257,
      231,
      231,
      231,
      231,
      231,
      231,
      231,
      231,
      231,
      231,
      231,
      0,
      0,
      0,
      0,
      0,
      0,
      0,
      0,
      0,
      0,
      0,
      0,
      0,
      0,
      0,
      0,
      0,
      0,
      0,
      0,
      0,
      237,
      237,
      237,
      237,
      237,
      237,
      0,
      0,
      233,
      233,
      233,
      233,
      233,
      233,
      233,
      233,
      233,
      0,
      0,
      0,
      0,
      0,
      205,
      205,
      240,
      240,
      240,
      240,
      240,
      240,
      210,
      210,
      210,
      0,
      0,
      0,
      0,
      0,
      0,
      0,
      0,
      0,
      0,
      0,
      0,
      0,
      225,
      238,
      238,
      238,
      238,
      238,
      225,
      225,
      225,
      0,
      0,
      0,
      0,
      0,
      0,
      0,
      0,
      0,
      0,
      0,
      0,
      0,
      0,
      0,
      0,
      0,
      0,
      0,
      0,
      0,
      197,
      197,
      197,
      197,
      197,
      197,
      197,
      197,
      245,
      245,
      245,
      245,
      245,
      245,
      245,
      245,
      245,
      245,
      245,
      245,
      245,
      245,
      245,
      245,
      245,
      241,
      241,
      241,
      241,
      241,
      241,
      241,
      241,
      0,
      0,
      0,
      0,
      0,
      0,
      0,
      0,
      0,
      0,
      0,
      0,
      260,
      260,
      221,
      221,
      221,
      221,
      221,
      260,
      260,
      260,
      260,
      260,
      261,
      261,
      247,
      247,
      247,
      247,
      247,
      247,
      247,
      248,
      248,
      248,
      248,
      248,
      248,
      248,
      248,
      248,
      248,
      248,
      248,
      248,
      248,
      0,
      0,
      0,
      0,
      0,
      0,
      0,
      254,
      254,
      254,
      263,
      263,
      263,
      263,
      263,
      227,
      227,
      227,
      227,
      227,
      227,
      227,
      227,
      227,
      227,
      227,
      227,
      269,
      269,
      0,
      0,
      0,
      0,
      0,
      242,
      242,
      242,
      242,
      242,
      242,
      242,
      242,
      242,
      242,
      242,
      242,
      242,
      242,
      242,
      242,
      242,
      242,
      242,
      228,
      228,
      228,
      228,
      228,
      228,
      228,
      228,
      170,
      259,
      170,
      170,
      170,
      170,
      243,
      243,
      243,
      243,
      243,
      243,
      243,
      243,
      243,
      194,
      194,
      194,
      194
    ],
    [
      218,
      218,
      218,
      218,
      218,
      218,
      218,
      218,
      226,
      226,
      226,
      226,
      226,
      226,
      226,
      226,
      0,
      0,
      0,
      0,
      0,
      0,
      0,
      0,
      0,
      0,
      0,
      0,
      0,
      0,
      0,
      0,
      0,
      0,
      0,
      0,
      0,
      0,
      0,
      0,
      0,
      0,
      0,
      0,
      0,
      0,
      0,
      0,
      0,
      0,
      0,
      195,
      0,
      223,
      223,
      223,
      223,
      223,
      223,
      223,
      223,
      223,
      262,
      232,
      232,
      232,
      232,
      232,
      232,
      232,
      232,
      232,
      232,
      232,
      232,
      232,
      232,
      232,
      232,
      232,
      232,
      232,
      232,
      232,
      232,
      232,
      232,
      232,
      232,
      249,
      249,
      249,
      249,
      249,
      249,
      249,
      249,
      249,
      249,
      249,
      249,
      249,
      249,
      229,
      229,
      229,
      229,
      229,
      229,
      229,
      229,
      214,
      214,
      214,
      234,
      234,
      234,
      234,
      234,
      234,
      234,
      234,
      234,
      234,
      234,
      234,
      234,
      0,
      0,
      0,
      0,
      0,
      0,
      0,
      0,
      0,
      0,
      0,
      0,
      0,
      0,
      250,
      250,
      246,
      246,
      246,
      246,
      246,
      0,
      0,
      0,
      0,
      0,
      0,
      0,
      0,
      0,
      0,
      0,
      0,
      230,
      230,
      230,
      230,
      230,
      230,
      230,
      230,
      230,
      230,
      230,
      244,
      244,
      244,
      244,
      244,
      244,
      244,
      244,
      244,
      235,
      235,
      0,
      235,
      235,
      235,
      235,
      235,
      235,
      235,
      235,
      235,
      235,
      235,
      235,
      235,
      0,
      0,
      0,
      0,
      0,
      0,
      0,
      0,
      0,
      0,
      0,
      280,
      236,
      236,
      236,
      236,
      236,
      236,
      236,
      236,
      236,
      236,
      236,
      236,
      209,
      209,
      209,
      209,
      0,
      0,
      0,
      239,
      239,
      239,
      239,
      239,
      239,
      239,
      239,
      239,
      239,
      257,
      257,
      257,
      257,
      257,
      257,
      257,
      257,
      257,
      231,
      231,
      231,
      231,
      231,
      231,
      231,
      231,
      231,
      0,
      0,
      0,
      0,
      0,
      0,
      0,
      0,
      0,
      0,
      0,
      0,
      0,
      0,
      0,
      0,
      0,
      0,
      237,
      237,
      237,
      237,
      237,
      237,
      237,
      237,
      237,
      0,
      0,
      233,
      233,
      233,
      233,
      233,
      233,
      233,
      233,
      233,
      0,
      0,
      0,
      0,
      0,
      205,
      205,
      240,
      240,
      240,
      240,
      240,
      240,
      251,
      251,
      210,
      0,
      0,
      0,
      0,
      0,
      0,
      0,
      0,
      0,
      0,
      0,
      0,
      0,
      225,
      238,
      238,
      238,
      238,
      238,
      225,
      225,
      225,
      0,
      0,
      0,
      0,
      0,
      0,
      0,
      0,
      0,
      0,
      0,
      0,
      0,
      0,
      0,
      0,
      0,
      0,
      0,
      0,
      0,
      197,
      197,
      197,
      197,
      197,
      197,
      197,
      245,
      245,
      245,
      245,
      245,
      245,
      245,
      245,
      245,
      245,
      245,
      245,
      245,
      245,
      245,
      245,
      245,
      245,
      241,
      241,
      241,
      241,
      241,
      241,
      241,
      241,
      0,
      0,
      0,
      0,
      0,
      0,
      0,
      0,
      0,
      0,
      0,
      0,
      260,
      260,
      260,
      260,
      260,
      260,
      260,
      260,
      260,
      260,
      260,
      261,
      261,
      261,
      261,
      247,
      247,
      247,
      247,
      247,
      247,
      248,
      248,
      248,
      248,
      248,
      248,
      248,
      248,
      248,
      248,
      248,
      248,
      248,
      248,
      0,
      0,
      0,
      0,
      0,
      0,
      0,
      254,
      254,
      254,
      263,
      263,
      263,
      263,
      263,
      269,
      269,
      269,
      269,
      269,
      269,
      269,
      269,
      269,
      269,
      269,
      269,
      269,
      269,
      0,
      0,
      0,
      0,
      0,
      242,
      242,
      242,
      242,
      242,
      242,
      242,
      242,
      242,
      242,
      242,
      242,
      242,
      242,
      242,
      242,
      242,
      242,
      242,
      228,
      228,
      228,
      228,
      228,
      228,
      228,
      228,
      259,
      259,
      259,
      259,
      170,
      170,
      243,
      243,
      243,
      243,
      243,
      243,
      243,
      243,
      243,
      194,
      194,
      194,
      194
    ],
    [
      218,
      218,
      218,
      218,
      218,
      218,
      0,
      0,
      226,
      226,
      226,
      226,
      226,
      226,
      226,
      0,
      0,
      0,
      0,
      0,
      0,
      0,
      0,
      0,
      0,
      0,
      0,
      0,
      0,
      0,
      0,
      0,
      0,
      0,
      0,
      0,
      0,
      0,
      0,
      0,
      0,
      0,
      0,
      0,
      0,
      0,
      0,
      0,
      0,
      0,
      0,
      195,
      0,
      223,
      223,
      223,
      223,
      223,
      223,
      223,
      262,
      262,
      262,
      232,
      232,
      232,
      232,
      232,
      232,
      232,
      232,
      232,
      232,
      232,
      232,
      232,
      232,
      232,
      232,
      256,
      256,
      256,
      256,
      256,
      256,
      256,
      256,
      256,
      256,
      256,
      249,
      249,
      249,
      249,
      249,
      249,
      249,
      249,
      249,
      249,
      249,
      249,
      249,
      249,
      249,
      229,
      229,
      229,
      229,
      229,
      0,
      0,
      0,
      234,
      234,
      234,
      234,
      234,
      234,
      234,
      234,
      234,
      234,
      234,
      234,
      234,
      0,
      0,
      0,
      0,
      0,
      0,
      0,
      0,
      0,
      0,
      0,
      0,
      0,
      0,
      250,
      250,
      250,
      246,
      246,
      246,
      246,
      246,
      0,
      0,
      0,
      0,
      0,
      0,
      0,
      0,
      0,
      0,
      0,
      0,
      0,
      0,
      0,
      230,
      230,
      230,
      230,
      230,
      230,
      0,
      0,
      244,
      244,
      244,
      244,
      244,
      244,
      244,
      244,
      244,
      235,
      235,
      0,
      0,
      0,
      235,
      235,
      235,
      235,
      235,
      235,
      235,
      235,
      0,
      0,
      0,
      0,
      0,
      0,
      0,
      0,
      0,
      0,
      0,
      0,
      0,
      0,
      280,
      236,
      236,
      236,
      236,
      236,
      236,
      236,
      236,
      236,
      236,
      236,
      236,
      209,
      209,
      0,
      0,
      0,
      0,
      0,
      239,
      239,
      239,
      239,
      239,
      239,
      239,
      239,
      239,
      239,
      239,
      257,
      257,
      257,
      257,
      257,
      257,
      257,
      231,
      231,
      231,
      231,
      231,
      231,
      231,
      231,
      0,
      0,
      0,
      0,
      0,
      0,
      0,
      0,
      0,
      0,
      0,
      0,
      0,
      0,
      0,
      0,
      0,
      0,
      0,
      0,
      237,
      237,
      237,
      237,
      237,
      237,
      237,
      237,
      237,
      0,
      0,
      233,
      233,
      233,
      233,
      233,
      233,
      233,
      233,
      233,
      0,
      0,
      0,
      0,
      0,
      205,
      205,
      240,
      240,
      240,
      240,
      240,
      240,
      251,
      251,
      251,
      0,
      0,
      0,
      0,
      0,
      0,
      0,
      0,
      0,
      0,
      0,
      0,
      0,
      225,
      238,
      238,
      238,
      238,
      238,
      225,
      0,
      0,
      0,
      0,
      0,
      0,
      0,
      0,
      0,
      0,
      0,
      0,
      0,
      0,
      0,
      0,
      0,
      0,
      0,
      0,
      0,
      0,
      0,
      0,
      0,
      245,
      245,
      245,
      245,
      245,
      245,
      245,
      245,
      245,
      245,
      245,
      245,
      245,
      245,
      245,
      245,
      245,
      245,
      245,
      245,
      245,
      245,
      245,
      241,
      241,
      241,
      241,
      241,
      241,
      241,
      241,
      0,
      0,
      0,
      0,
      0,
      0,
      0,
      0,
      0,
      0,
      0,
      0,
      260,
      260,
      260,
      260,
      260,
      260,
      260,
      260,
      260,
      260,
      260,
      261,
      261,
      261,
      261,
      247,
      247,
      247,
      247,
      247,
      247,
      248,
      248,
      248,
      248,
      248,
      248,
      248,
      248,
      248,
      248,
      253,
      253,
      253,
      253,
      253,
      254,
      0,
      0,
      0,
      0,
      0,
      254,
      254,
      254,
      263,
      263,
      263,
      263,
      263,
      269,
      269,
      269,
      269,
      269,
      269,
      269,
      269,
      269,
      269,
      269,
      269,
      269,
      269,
      0,
      0,
      0,
      0,
      0,
      242,
      242,
      242,
      242,
      242,
      242,
      242,
      242,
      242,
      242,
      242,
      242,
      242,
      242,
      242,
      242,
      242,
      242,
      242,
      228,
      228,
      228,
      228,
      228,
      228,
      228,
      259,
      259,
      259,
      259,
      259,
      259,
      259,
      259,
      243,
      243,
      243,
      243,
      243,
      243,
      243,
      243,
      194,
      194,
      194,
      194
    ],
    [
      218,
      218,
      218,
      218,
      0,
      0,
      0,
      0,
      0,
      0,
      0,
      0,
      0,
      0,
      0,
      0,
      0,
      0,
      0,
      0,
      0,
      0,
      0,
      0,
      0,
      255,
      255,
      255,
      255,
      255,
      255,
      0,
      0,
      0,
      0,
      0,
      0,
      0,
      0,
      0,
      0,
      0,
      0,
      0,
      0,
      0,
      0,
      0,
      0,
      0,
      0,
      195,
      0,
      223,
      223,
      223,
      223,
      223,
      223,
      262,
      262,
      262,
      262,
      232,
      232,
      232,
      232,
      232,
      232,
      232,
      232,
      232,
      232,
      232,
      232,
      232,
      232,
      232,
      232,
      256,
      256,
      256,
      256,
      256,
      256,
      256,
      256,
      256,
      256,
      256,
      256,
      249,
      249,
      249,
      249,
      249,
      249,
      249,
      249,
      249,
      249,
      249,
      249,
      249,
      249,
      249,
      249,
      249,
      0,
      0,
      0,
      0,
      0,
      234,
      234,
      234,
      234,
      234,
      234,
      234,
      234,
      234,
      234,
      234,
      234,
      234,
      0,
      0,
      0,
      0,
      0,
      0,
      0,
      0,
      0,
      250,
      250,
      250,
      250,
      250,
      250,
      250,
      250,
      246,
      246,
      246,
      246,
      246,
      246,
      0,
      0,
      0,
      0,
      0,
      0,
      0,
      0,
      0,
      0,
      0,
      0,
      0,
      0,
      230,
      230,
      230,
      230,
      0,
      0,
      0,
      0,
      244,
      244,
      244,
      244,
      244,
      244,
      244,
      244,
      244,
      235,
      0,
      0,
      0,
      0,
      0,
      0,
      0,
      0,
      0,
      0,
      0,
      0,
      0,
      0,
      0,
      0,
      0,
      0,
      0,
      0,
      0,
      0,
      0,
      0,
      0,
      0,
      280,
      236,
      236,
      236,
      236,
      236,
      236,
      236,
      236,
      236,
      236,
      236,
      236,
      209,
      0,
      0,
      0,
      0,
      0,
      0,
      239,
      239,
      239,
      239,
      239,
      239,
      239,
      239,
      239,
      239,
      239,
      257,
      257,
      257,
      257,
      257,
      257,
      257,
      257,
      257,
      231,
      231,
      231,
      0,
      0,
      0,
      0,
      0,
      0,
      0,
      0,
      0,
      0,
      0,
      0,
      0,
      0,
      0,
      0,
      0,
      0,
      0,
      0,
      0,
      0,
      0,
      0,
      237,
      237,
      237,
      237,
      237,
      237,
      237,
      237,
      0,
      0,
      233,
      233,
      233,
      233,
      233,
      233,
      233,
      233,
      0,
      0,
      0,
      0,
      0,
      0,
      205,
      205,
      240,
      240,
      240,
      240,
      240,
      240,
      251,
      251,
      251,
      251,
      0,
      0,
      0,
      0,
      0,
      0,
      0,
      0,
      0,
      0,
      0,
      0,
      0,
      238,
      238,
      238,
      238,
      238,
      0,
      0,
      0,
      0,
      0,
      0,
      0,
      0,
      0,
      0,
      0,
      0,
      0,
      0,
      0,
      0,
      0,
      0,
      0,
      0,
      0,
      0,
      0,
      0,
      0,
      0,
      0,
      0,
      0,
      0,
      0,
      0,
      0,
      0,
      0,
      0,
      245,
      245,
      245,
      245,
      245,
      245,
      245,
      245,
      245,
      245,
      245,
      245,
      252,
      252,
      252,
      252,
      241,
      241,
      241,
      241,
      241,
      0,
      0,
      0,
      0,
      0,
      0,
      0,
      0,
      0,
      0,
      0,
      0,
      260,
      260,
      260,
      260,
      260,
      260,
      260,
      260,
      260,
      260,
      260,
      261,
      261,
      261,
      261,
      261,
      247,
      247,
      247,
      247,
      247,
      248,
      248,
      248,
      248,
      248,
      248,
      248,
      248,
      248,
      248,
      253,
      253,
      253,
      253,
      253,
      254,
      254,
      254,
      254,
      254,
      254,
      254,
      254,
      254,
      263,
      263,
      263,
      263,
      263,
      269,
      269,
      269,
      269,
      269,
      269,
      269,
      269,
      269,
      269,
      269,
      269,
      269,
      269,
      0,
      0,
      0,
      0,
      242,
      242,
      242,
      242,
      242,
      242,
      242,
      242,
      242,
      242,
      242,
      242,
      242,
      242,
      242,
      242,
      242,
      242,
      242,
      242,
      242,
      242,
      242,
      242,
      242,
      242,
      259,
      259,
      259,
      259,
      259,
      259,
      259,
      259,
      259,
      243,
      243,
      243,
      243,
      243,
      243,
      243,
      243,
      194,
      194,
      194,
      194
    ],
    [
      218,
      218,
      0,
      0,
      0,
      0,
      0,
      0,
      0,
      0,
      0,
      0,
      0,
      0,
      0,
      0,
      0,
      0,
      0,
      0,
      0,
      0,
      0,
      0,
      255,
      255,
      255,
      255,
      255,
      255,
      255,
      255,
      255,
      0,
      0,
      0,
      0,
      0,
      0,
      0,
      0,
      0,
      0,
      0,
      0,
      0,
      0,
      0,
      0,
      0,
      0,
      0,
      0,
      223,
      223,
      223,
      223,
      223,
      262,
      262,
      262,
      262,
      262,
      232,
      232,
      232,
      232,
      232,
      232,
      232,
      232,
      232,
      232,
      232,
      256,
      256,
      256,
      256,
      256,
      256,
      256,
      256,
      256,
      256,
      256,
      256,
      256,
      256,
      256,
      256,
      256,
      249,
      249,
      249,
      249,
      249,
      249,
      249,
      249,
      249,
      249,
      249,
      249,
      249,
      249,
      249,
      249,
      249,
      0,
      0,
      0,
      0,
      0,
      234,
      234,
      234,
      234,
      234,
      234,
      234,
      234,
      234,
      234,
      234,
      234,
      0,
      0,
      0,
      0,
      0,
      0,
      0,
      0,
      0,
      250,
      250,
      250,
      250,
      250,
      250,
      250,
      250,
      250,
      246,
      246,
      246,
      246,
      246,
      246,
      0,
      0,
      0,
      0,
      0,
      0,
      0,
      0,
      0,
      0,
      0,
      0,
      0,
      0,
      230,
      230,
      230,
      230,
      0,
      0,
      0,
      0,
      244,
      244,
      244,
      244,
      244,
      244,
      244,
      244,
      244,
      0,
      0,
      0,
      0,
      0,
      0,
      0,
      0,
      0,
      0,
      0,
      0,
      0,
      0,
      0,
      0,
      0,
      0,
      0,
      0,
      0,
      0,
      0,
      0,
      0,
      0,
      0,
      280,
      280,
      236,
      236,
      236,
      236,
      236,
      236,
      236,
      236,
      236,
      236,
      0,
      0,
      0,
      0,
      0,
      0,
      0,
      0,
      0,
      239,
      239,
      239,
      239,
      239,
      239,
      239,
      239,
      239,
      239,
      257,
      257,
      257,
      257,
      257,
      257,
      257,
      257,
      257,
      231,
      231,
      272,
      0,
      0,
      0,
      0,
      0,
      0,
      0,
      0,
      0,
      0,
      0,
      0,
      0,
      0,
      0,
      0,
      0,
      0,
      0,
      0,
      0,
      0,
      0,
      0,
      0,
      0,
      0,
      0,
      0,
      0,
      0,
      0,
      0,
      0,
      0,
      0,
      233,
      233,
      233,
      233,
      233,
      0,
      0,
      0,
      0,
      0,
      0,
      0,
      0,
      0,
      240,
      240,
      240,
      240,
      240,
      240,
      251,
      251,
      251,
      251,
      0,
      0,
      0,
      0,
      0,
      0,
      0,
      0,
      0,
      0,
      0,
      0,
      0,
      0,
      0,
      0,
      0,
      0,
      0,
      0,
      0,
      0,
      0,
      0,
      0,
      0,
      0,
      0,
      0,
      0,
      0,
      0,
      0,
      0,
      0,
      0,
      0,
      0,
      0,
      0,
      0,
      0,
      0,
      0,
      0,
      0,
      0,
      0,
      0,
      0,
      0,
      0,
      0,
      0,
      0,
      0,
      0,
      0,
      245,
      245,
      245,
      245,
      245,
      245,
      245,
      245,
      252,
      252,
      252,
      252,
      241,
      241,
      241,
      241,
      241,
      0,
      0,
      0,
      0,
      0,
      0,
      0,
      0,
      0,
      0,
      0,
      0,
      260,
      260,
      260,
      260,
      260,
      260,
      260,
      260,
      260,
      260,
      260,
      261,
      261,
      261,
      261,
      261,
      247,
      247,
      247,
      247,
      247,
      247,
      248,
      248,
      248,
      248,
      248,
      248,
      248,
      248,
      248,
      253,
      253,
      253,
      253,
      253,
      254,
      254,
      254,
      254,
      254,
      254,
      254,
      254,
      254,
      263,
      263,
      263,
      263,
      263,
      269,
      269,
      269,
      269,
      269,
      269,
      269,
      269,
      269,
      269,
      269,
      269,
      269,
      269,
      0,
      0,
      0,
      258,
      258,
      258,
      258,
      258,
      258,
      258,
      242,
      242,
      242,
      242,
      242,
      242,
      242,
      242,
      242,
      242,
      242,
      242,
      242,
      242,
      242,
      242,
      242,
      242,
      259,
      259,
      259,
      259,
      259,
      259,
      259,
      259,
      259,
      259,
      259,
      243,
      243,
      243,
      243,
      243,
      243,
      243,
      243,
      194,
      194,
      194,
      0
    ],
    [
      218,
      0,
      0,
      0,
      0,
      0,
      0,
      0,
      0,
      0,
      0,
      0,
      0,
      0,
      0,
      0,
      0,
      0,
      0,
      0,
      0,
      0,
      0,
      288,
      255,
      255,
      255,
      255,
      255,
      255,
      255,
      255,
      255,
      0,
      0,
      0,
      0,
      0,
      0,
      0,
      0,
      0,
      0,
      0,
      0,
      0,
      0,
      0,
      0,
      0,
      0,
      0,
      0,
      223,
      223,
      223,
      223,
      223,
      262,
      262,
      262,
      262,
      262,
      262,
      262,
      262,
      262,
      232,
      232,
      232,
      232,
      232,
      232,
      232,
      256,
      256,
      256,
      256,
      256,
      256,
      256,
      256,
      256,
      256,
      256,
      256,
      256,
      256,
      256,
      256,
      256,
      256,
      256,
      249,
      249,
      249,
      249,
      249,
      249,
      249,
      249,
      249,
      249,
      249,
      249,
      0,
      0,
      0,
      0,
      0,
      0,
      0,
      0,
      234,
      234,
      234,
      234,
      234,
      234,
      234,
      0,
      0,
      0,
      0,
      0,
      0,
      0,
      0,
      0,
      0,
      0,
      0,
      0,
      250,
      250,
      250,
      250,
      250,
      250,
      250,
      250,
      250,
      250,
      246,
      246,
      246,
      246,
      246,
      246,
      0,
      0,
      0,
      0,
      0,
      0,
      0,
      0,
      0,
      0,
      0,
      0,
      0,
      0,
      230,
      230,
      230,
      230,
      0,
      0,
      0,
      0,
      244,
      244,
      244,
      244,
      244,
      244,
      244,
      244,
      244,
      0,
      0,
      0,
      0,
      0,
      0,
      0,
      0,
      0,
      0,
      0,
      0,
      0,
      0,
      0,
      0,
      0,
      0,
      0,
      0,
      0,
      0,
      0,
      0,
      0,
      0,
      0,
      280,
      280,
      236,
      236,
      236,
      236,
      236,
      236,
      236,
      236,
      0,
      0,
      0,
      0,
      0,
      0,
      0,
      0,
      0,
      0,
      0,
      0,
      239,
      239,
      239,
      239,
      239,
      239,
      239,
      239,
      257,
      257,
      257,
      257,
      257,
      257,
      257,
      257,
      257,
      257,
      231,
      272,
      272,
      272,
      272,
      0,
      0,
      0,
      0,
      0,
      0,
      0,
      0,
      0,
      0,
      0,
      0,
      0,
      0,
      0,
      0,
      0,
      0,
      0,
      0,
      0,
      0,
      0,
      0,
      0,
      0,
      0,
      0,
      0,
      0,
      0,
      0,
      0,
      0,
      0,
      0,
      0,
      0,
      0,
      0,
      0,
      0,
      0,
      0,
      0,
      0,
      0,
      0,
      0,
      251,
      251,
      251,
      251,
      251,
      251,
      251,
      251,
      251,
      251,
      251,
      0,
      0,
      0,
      0,
      0,
      0,
      0,
      0,
      0,
      0,
      0,
      0,
      0,
      0,
      0,
      0,
      0,
      0,
      0,
      0,
      0,
      0,
      0,
      0,
      0,
      0,
      0,
      0,
      0,
      0,
      0,
      0,
      0,
      0,
      0,
      0,
      0,
      0,
      0,
      0,
      0,
      0,
      0,
      0,
      0,
      0,
      0,
      0,
      0,
      0,
      0,
      0,
      0,
      0,
      0,
      0,
      245,
      245,
      245,
      252,
      252,
      252,
      252,
      252,
      252,
      252,
      252,
      252,
      241,
      241,
      241,
      241,
      241,
      241,
      241,
      0,
      0,
      0,
      0,
      0,
      0,
      0,
      0,
      0,
      0,
      260,
      260,
      260,
      260,
      260,
      260,
      260,
      260,
      260,
      260,
      261,
      261,
      261,
      261,
      261,
      261,
      247,
      247,
      247,
      247,
      247,
      247,
      247,
      248,
      248,
      248,
      248,
      248,
      248,
      248,
      248,
      253,
      253,
      253,
      253,
      253,
      254,
      254,
      254,
      254,
      254,
      254,
      254,
      254,
      254,
      254,
      263,
      263,
      263,
      263,
      269,
      269,
      269,
      269,
      269,
      269,
      269,
      269,
      269,
      269,
      269,
      269,
      269,
      269,
      0,
      0,
      276,
      258,
      258,
      258,
      258,
      258,
      258,
      258,
      242,
      242,
      242,
      242,
      242,
      242,
      242,
      242,
      242,
      242,
      242,
      242,
      242,
      242,
      242,
      242,
      242,
      259,
      259,
      259,
      259,
      259,
      259,
      259,
      259,
      259,
      259,
      259,
      259,
      243,
      243,
      243,
      243,
      243,
      243,
      243,
      243,
      194,
      194,
      0,
      0
    ],
    [
      0,
      0,
      0,
      0,
      0,
      0,
      0,
      0,
      0,
      0,
      0,
      0,
      0,
      0,
      0,
      0,
      0,
      0,
      0,
      0,
      0,
      0,
      0,
      288,
      255,
      255,
      255,
      255,
      255,
      255,
      255,
      255,
      255,
      0,
      0,
      0,
      0,
      0,
      0,
      0,
      0,
      0,
      0,
      0,
      0,
      0,
      0,
      0,
      0,
      0,
      0,
      0,
      0,
      223,
      223,
      223,
      223,
      223,
      262,
      262,
      262,
      262,
      262,
      262,
      262,
      262,
      262,
      264,
      264,
      264,
      264,
      264,
      264,
      264,
      256,
      256,
      256,
      256,
      256,
      256,
      256,
      256,
      256,
      256,
      256,
      256,
      256,
      256,
      256,
      256,
      256,
      256,
      256,
      256,
      249,
      249,
      249,
      249,
      249,
      249,
      249,
      249,
      249,
      249,
      0,
      0,
      0,
      0,
      0,
      0,
      0,
      0,
      0,
      234,
      0,
      0,
      0,
      0,
      0,
      0,
      0,
      0,
      0,
      0,
      0,
      0,
      0,
      0,
      0,
      0,
      0,
      0,
      250,
      250,
      250,
      250,
      250,
      250,
      250,
      250,
      250,
      250,
      250,
      246,
      246,
      246,
      246,
      246,
      246,
      246,
      246,
      0,
      0,
      0,
      0,
      0,
      0,
      0,
      0,
      0,
      0,
      0,
      0,
      0,
      0,
      0,
      0,
      0,
      0,
      0,
      0,
      244,
      244,
      244,
      244,
      244,
      244,
      244,
      244,
      0,
      0,
      0,
      0,
      0,
      0,
      0,
      0,
      0,
      0,
      0,
      0,
      0,
      0,
      0,
      0,
      0,
      0,
      0,
      0,
      0,
      0,
      0,
      0,
      0,
      0,
      0,
      0,
      280,
      280,
      280,
      280,
      0,
      0,
      0,
      0,
      0,
      0,
      0,
      0,
      0,
      0,
      0,
      0,
      0,
      0,
      0,
      0,
      0,
      0,
      0,
      0,
      0,
      0,
      0,
      0,
      0,
      257,
      257,
      257,
      257,
      257,
      257,
      257,
      257,
      257,
      257,
      257,
      231,
      272,
      272,
      272,
      272,
      272,
      0,
      0,
      0,
      0,
      0,
      0,
      0,
      0,
      0,
      0,
      0,
      0,
      0,
      0,
      0,
      0,
      0,
      0,
      0,
      0,
      0,
      0,
      0,
      0,
      0,
      0,
      0,
      0,
      0,
      0,
      0,
      0,
      0,
      0,
      0,
      0,
      0,
      0,
      0,
      0,
      0,
      0,
      0,
      0,
      0,
      0,
      0,
      0,
      0,
      0,
      251,
      251,
      251,
      251,
      251,
      251,
      251,
      251,
      251,
      0,
      0,
      0,
      0,
      0,
      0,
      0,
      0,
      0,
      0,
      0,
      0,
      0,
      0,
      0,
      0,
      0,
      0,
      0,
      0,
      0,
      0,
      0,
      0,
      0,
      0,
      0,
      0,
      0,
      0,
      0,
      0,
      0,
      0,
      0,
      0,
      0,
      0,
      0,
      0,
      0,
      0,
      0,
      0,
      0,
      0,
      0,
      0,
      0,
      0,
      0,
      0,
      0,
      0,
      0,
      0,
      0,
      0,
      252,
      252,
      252,
      252,
      252,
      252,
      252,
      252,
      252,
      252,
      241,
      241,
      241,
      241,
      0,
      0,
      0,
      0,
      0,
      0,
      0,
      0,
      0,
      0,
      0,
      0,
      0,
      260,
      260,
      260,
      260,
      260,
      260,
      260,
      260,
      260,
      260,
      261,
      261,
      261,
      261,
      261,
      261,
      247,
      247,
      247,
      247,
      247,
      247,
      247,
      247,
      247,
      247,
      247,
      247,
      248,
      248,
      248,
      253,
      253,
      253,
      253,
      253,
      254,
      254,
      254,
      254,
      254,
      254,
      254,
      254,
      254,
      254,
      263,
      263,
      263,
      263,
      269,
      269,
      269,
      269,
      269,
      269,
      269,
      269,
      269,
      269,
      269,
      269,
      269,
      269,
      0,
      0,
      276,
      258,
      258,
      258,
      258,
      258,
      258,
      258,
      242,
      242,
      242,
      242,
      242,
      242,
      242,
      242,
      242,
      242,
      242,
      242,
      242,
      259,
      259,
      259,
      259,
      259,
      259,
      259,
      259,
      259,
      259,
      259,
      259,
      259,
      259,
      259,
      259,
      243,
      243,
      243,
      243,
      243,
      243,
      243,
      243,
      194,
      0,
      0,
      0
    ],
    [
      0,
      0,
      0,
      0,
      0,
      0,
      0,
      0,
      0,
      0,
      0,
      0,
      0,
      0,
      0,
      0,
      0,
      0,
      0,
      0,
      0,
      0,
      0,
      288,
      255,
      255,
      255,
      255,
      255,
      255,
      255,
      255,
      255,
      0,
      0,
      0,
      0,
      0,
      0,
      0,
      0,
      0,
      0,
      0,
      0,
      0,
      0,
      0,
      0,
      0,
      0,
      0,
      0,
      223,
      223,
      223,
      223,
      262,
      262,
      262,
      262,
      262,
      262,
      262,
      262,
      262,
      264,
      264,
      264,
      264,
      264,
      264,
      264,
      264,
      264,
      264,
      256,
      256,
      256,
      256,
      256,
      256,
      256,
      256,
      256,
      256,
      256,
      256,
      256,
      256,
      256,
      256,
      256,
      256,
      249,
      249,
      249,
      249,
      249,
      249,
      249,
      249,
      0,
      0,
      0,
      0,
      0,
      0,
      0,
      0,
      0,
      0,
      0,
      234,
      0,
      0,
      0,
      0,
      0,
      0,
      0,
      0,
      0,
      0,
      0,
      0,
      0,
      0,
      0,
      0,
      0,
      250,
      250,
      250,
      250,
      250,
      250,
      250,
      250,
      250,
      250,
      250,
      250,
      246,
      246,
      246,
      246,
      246,
      246,
      246,
      246,
      0,
      0,
      0,
      0,
      0,
      0,
      0,
      0,
      0,
      0,
      0,
      0,
      0,
      0,
      0,
      0,
      0,
      0,
      0,
      0,
      0,
      0,
      244,
      244,
      244,
      244,
      244,
      0,
      0,
      0,
      0,
      0,
      0,
      0,
      0,
      0,
      0,
      0,
      0,
      0,
      0,
      0,
      0,
      0,
      0,
      0,
      0,
      0,
      0,
      0,
      0,
      0,
      0,
      0,
      0,
      0,
      280,
      280,
      280,
      280,
      280,
      0,
      0,
      0,
      0,
      0,
      0,
      0,
      0,
      0,
      0,
      0,
      0,
      0,
      0,
      0,
      0,
      0,
      0,
      0,
      0,
      0,
      0,
      0,
      0,
      257,
      257,
      257,
      257,
      257,
      257,
      257,
      257,
      257,
      257,
      257,
      272,
      272,
      272,
      272,
      272,
      272,
      0,
      0,
      0,
      0,
      0,
      0,
      0,
      0,
      0,
      0,
      0,
      0,
      0,
      0,
      0,
      0,
      0,
      0,
      0,
      0,
      0,
      0,
      0,
      0,
      0,
      0,
      0,
      0,
      0,
      0,
      0,
      0,
      0,
      0,
      0,
      0,
      0,
      0,
      0,
      0,
      0,
      0,
      0,
      0,
      0,
      0,
      0,
      0,
      0,
      0,
      251,
      251,
      251,
      251,
      251,
      251,
      251,
      251,
      251,
      0,
      0,
      0,
      0,
      0,
      0,
      0,
      0,
      0,
      0,
      0,
      0,
      0,
      0,
      0,
      0,
      0,
      0,
      0,
      0,
      0,
      0,
      0,
      0,
      0,
      0,
      0,
      0,
      0,
      0,
      0,
      0,
      0,
      0,
      0,
      0,
      0,
      0,
      0,
      0,
      0,
      0,
      0,
      0,
      0,
      0,
      0,
      0,
      0,
      0,
      0,
      0,
      0,
      0,
      0,
      0,
      0,
      252,
      252,
      252,
      252,
      252,
      252,
      252,
      252,
      252,
      252,
      0,
      0,
      0,
      0,
      0,
      0,
      0,
      0,
      0,
      0,
      0,
      0,
      0,
      0,
      0,
      0,
      0,
      0,
      260,
      260,
      260,
      260,
      260,
      260,
      260,
      260,
      260,
      260,
      261,
      261,
      261,
      261,
      261,
      261,
      261,
      247,
      247,
      247,
      247,
      247,
      247,
      247,
      247,
      247,
      247,
      247,
      247,
      247,
      253,
      253,
      253,
      253,
      253,
      253,
      254,
      254,
      254,
      254,
      254,
      254,
      254,
      254,
      254,
      254,
      263,
      263,
      263,
      263,
      269,
      269,
      269,
      269,
      269,
      269,
      269,
      269,
      269,
      269,
      269,
      269,
      269,
      269,
      0,
      0,
      276,
      258,
      258,
      258,
      258,
      258,
      258,
      258,
      242,
      242,
      242,
      242,
      0,
      0,
      0,
      0,
      0,
      0,
      0,
      0,
      0,
      0,
      0,
      0,
      0,
      0,
      0,
      259,
      259,
      259,
      259,
      259,
      259,
      259,
      259,
      259,
      259,
      243,
      243,
      243,
      243,
      243,
      243,
      243,
      243,
      0,
      0,
      0,
      0
    ],
    [
      0,
      0,
      0,
      0,
      0,
      0,
      0,
      0,
      0,
      0,
      0,
      0,
      0,
      0,
      0,
      0,
      0,
      0,
      0,
      0,
      0,
      0,
      0,
      288,
      255,
      255,
      255,
      255,
      255,
      255,
      255,
      255,
      255,
      0,
      0,
      0,
      0,
      0,
      0,
      0,
      0,
      0,
      0,
      0,
      0,
      0,
      0,
      0,
      0,
      0,
      0,
      0,
      0,
      0,
      0,
      0,
      0,
      262,
      262,
      262,
      262,
      262,
      262,
      262,
      262,
      262,
      264,
      264,
      264,
      264,
      264,
      264,
      264,
      264,
      264,
      264,
      256,
      256,
      256,
      256,
      256,
      256,
      256,
      256,
      256,
      256,
      256,
      256,
      256,
      256,
      256,
      256,
      256,
      249,
      249,
      249,
      249,
      249,
      249,
      249,
      249,
      0,
      0,
      0,
      0,
      0,
      0,
      0,
      0,
      0,
      0,
      0,
      0,
      234,
      0,
      0,
      0,
      0,
      0,
      0,
      0,
      0,
      0,
      0,
      0,
      0,
      0,
      0,
      0,
      265,
      265,
      265,
      265,
      265,
      265,
      265,
      265,
      265,
      250,
      250,
      250,
      250,
      250,
      246,
      246,
      246,
      246,
      246,
      246,
      246,
      246,
      0,
      0,
      0,
      0,
      0,
      0,
      0,
      0,
      0,
      0,
      0,
      0,
      0,
      0,
      0,
      0,
      0,
      0,
      0,
      0,
      0,
      0,
      0,
      0,
      0,
      0,
      0,
      0,
      0,
      0,
      0,
      0,
      0,
      0,
      0,
      0,
      0,
      0,
      0,
      0,
      0,
      0,
      0,
      0,
      0,
      0,
      0,
      0,
      0,
      0,
      0,
      0,
      0,
      0,
      0,
      0,
      280,
      280,
      280,
      280,
      280,
      0,
      0,
      0,
      0,
      0,
      0,
      0,
      0,
      0,
      0,
      0,
      0,
      0,
      0,
      0,
      0,
      0,
      0,
      0,
      0,
      0,
      0,
      0,
      0,
      257,
      257,
      257,
      257,
      257,
      257,
      257,
      257,
      257,
      257,
      272,
      272,
      272,
      272,
      272,
      272,
      272,
      0,
      0,
      0,
      0,
      0,
      0,
      0,
      0,
      0,
      0,
      0,
      0,
      0,
      0,
      0,
      0,
      0,
      0,
      0,
      0,
      0,
      0,
      0,
      0,
      0,
      0,
      0,
      0,
      0,
      0,
      283,
      283,
      283,
      283,
      283,
      0,
      0,
      0,
      0,
      0,
      0,
      0,
      0,
      0,
      0,
      0,
      0,
      0,
      0,
      0,
      0,
      0,
      0,
      251,
      251,
      251,
      251,
      251,
      251,
      0,
      0,
      0,
      0,
      0,
      0,
      0,
      0,
      0,
      0,
      0,
      0,
      0,
      0,
      0,
      0,
      0,
      0,
      0,
      0,
      0,
      0,
      0,
      0,
      0,
      0,
      0,
      0,
      0,
      0,
      266,
      266,
      266,
      266,
      266,
      266,
      266,
      266,
      266,
      0,
      0,
      0,
      0,
      0,
      0,
      0,
      0,
      0,
      0,
      0,
      0,
      0,
      0,
      0,
      0,
      0,
      0,
      252,
      252,
      252,
      252,
      252,
      252,
      252,
      252,
      252,
      252,
      252,
      0,
      0,
      0,
      0,
      0,
      0,
      0,
      0,
      0,
      0,
      0,
      0,
      0,
      0,
      0,
      0,
      0,
      260,
      260,
      260,
      260,
      260,
      260,
      260,
      260,
      260,
      260,
      261,
      261,
      261,
      261,
      261,
      261,
      261,
      247,
      247,
      247,
      247,
      247,
      247,
      247,
      247,
      247,
      247,
      247,
      247,
      253,
      253,
      253,
      253,
      253,
      253,
      253,
      254,
      254,
      254,
      254,
      254,
      254,
      254,
      254,
      254,
      254,
      263,
      263,
      263,
      263,
      269,
      269,
      269,
      269,
      269,
      269,
      269,
      269,
      269,
      269,
      269,
      269,
      269,
      269,
      276,
      276,
      276,
      258,
      258,
      258,
      258,
      258,
      258,
      258,
      292,
      292,
      292,
      0,
      0,
      0,
      0,
      0,
      0,
      0,
      0,
      0,
      0,
      0,
      0,
      0,
      0,
      0,
      0,
      259,
      259,
      259,
      259,
      259,
      259,
      259,
      259,
      259,
      259,
      259,
      259,
      259,
      259,
      259,
      259,
      259,
      0,
      0,
      0,
      0,
      0
    ],
    [
      0,
      0,
      0,
      0,
      0,
      0,
      0,
      0,
      0,
      0,
      0,
      0,
      0,
      0,
      0,
      0,
      0,
      0,
      0,
      0,
      0,
      0,
      0,
      288,
      255,
      255,
      255,
      255,
      255,
      255,
      255,
      255,
      255,
      288,
      0,
      0,
      0,
      0,
      0,
      0,
      0,
      0,
      0,
      0,
      0,
      0,
      0,
      0,
      0,
      0,
      0,
      0,
      0,
      0,
      0,
      0,
      262,
      262,
      262,
      262,
      262,
      262,
      262,
      262,
      262,
      262,
      264,
      264,
      264,
      264,
      264,
      264,
      264,
      264,
      264,
      264,
      264,
      256,
      256,
      256,
      256,
      256,
      256,
      256,
      256,
      256,
      256,
      0,
      0,
      0,
      0,
      0,
      0,
      0,
      0,
      0,
      0,
      0,
      0,
      0,
      0,
      0,
      0,
      0,
      0,
      0,
      0,
      0,
      0,
      0,
      0,
      0,
      0,
      234,
      0,
      0,
      0,
      0,
      0,
      0,
      0,
      0,
      0,
      0,
      0,
      0,
      0,
      0,
      265,
      265,
      265,
      265,
      265,
      265,
      265,
      265,
      265,
      265,
      265,
      277,
      250,
      250,
      250,
      246,
      246,
      246,
      246,
      246,
      246,
      246,
      246,
      246,
      271,
      0,
      0,
      0,
      0,
      0,
      0,
      0,
      0,
      0,
      0,
      0,
      0,
      0,
      0,
      0,
      0,
      0,
      0,
      0,
      0,
      0,
      279,
      279,
      279,
      279,
      279,
      0,
      0,
      0,
      0,
      0,
      0,
      0,
      0,
      0,
      0,
      0,
      0,
      0,
      0,
      0,
      0,
      0,
      0,
      0,
      0,
      0,
      0,
      0,
      0,
      0,
      0,
      0,
      0,
      280,
      280,
      280,
      280,
      280,
      0,
      0,
      0,
      0,
      0,
      0,
      0,
      0,
      0,
      0,
      0,
      0,
      0,
      0,
      0,
      0,
      0,
      0,
      0,
      0,
      0,
      0,
      0,
      0,
      0,
      0,
      0,
      257,
      257,
      257,
      257,
      257,
      257,
      272,
      272,
      272,
      272,
      272,
      272,
      272,
      272,
      0,
      0,
      0,
      0,
      0,
      0,
      0,
      0,
      0,
      0,
      0,
      0,
      0,
      0,
      0,
      0,
      0,
      0,
      0,
      0,
      0,
      0,
      0,
      0,
      0,
      0,
      0,
      0,
      0,
      0,
      283,
      283,
      283,
      0,
      0,
      0,
      0,
      0,
      0,
      0,
      0,
      0,
      0,
      0,
      0,
      0,
      0,
      0,
      0,
      0,
      0,
      0,
      0,
      251,
      251,
      251,
      251,
      251,
      251,
      0,
      0,
      0,
      0,
      0,
      0,
      0,
      0,
      0,
      0,
      0,
      0,
      0,
      0,
      0,
      0,
      0,
      0,
      0,
      0,
      0,
      0,
      0,
      0,
      0,
      0,
      0,
      0,
      0,
      0,
      266,
      266,
      266,
      266,
      266,
      266,
      266,
      266,
      266,
      266,
      266,
      0,
      0,
      0,
      0,
      0,
      0,
      0,
      0,
      0,
      0,
      0,
      0,
      0,
      0,
      0,
      252,
      252,
      252,
      252,
      252,
      252,
      252,
      252,
      273,
      273,
      273,
      273,
      273,
      0,
      0,
      0,
      0,
      0,
      0,
      0,
      0,
      0,
      0,
      0,
      0,
      0,
      0,
      0,
      260,
      260,
      260,
      260,
      260,
      260,
      260,
      260,
      260,
      260,
      260,
      261,
      261,
      261,
      261,
      261,
      261,
      261,
      247,
      247,
      247,
      267,
      267,
      267,
      267,
      267,
      267,
      267,
      267,
      268,
      268,
      268,
      268,
      268,
      268,
      268,
      253,
      254,
      254,
      254,
      254,
      254,
      254,
      254,
      254,
      254,
      254,
      263,
      263,
      263,
      263,
      269,
      269,
      269,
      269,
      269,
      269,
      269,
      269,
      269,
      269,
      269,
      269,
      269,
      269,
      276,
      276,
      276,
      258,
      258,
      258,
      258,
      258,
      258,
      292,
      292,
      292,
      292,
      0,
      0,
      0,
      0,
      0,
      0,
      0,
      0,
      0,
      0,
      0,
      0,
      0,
      0,
      0,
      0,
      0,
      0,
      270,
      270,
      270,
      270,
      270,
      270,
      270,
      270,
      270,
      270,
      270,
      270,
      270,
      0,
      0,
      0,
      0,
      0,
      0,
      0
    ],
    [
      0,
      0,
      0,
      0,
      0,
      0,
      0,
      0,
      0,
      0,
      0,
      0,
      0,
      0,
      0,
      0,
      0,
      0,
      0,
      0,
      0,
      0,
      0,
      288,
      288,
      255,
      255,
      255,
      255,
      255,
      255,
      255,
      288,
      288,
      0,
      0,
      0,
      0,
      0,
      0,
      0,
      0,
      0,
      0,
      0,
      0,
      0,
      0,
      0,
      0,
      0,
      0,
      0,
      0,
      0,
      0,
      262,
      262,
      262,
      262,
      262,
      262,
      262,
      262,
      262,
      262,
      264,
      264,
      264,
      264,
      264,
      264,
      264,
      264,
      264,
      264,
      256,
      256,
      256,
      256,
      256,
      256,
      256,
      256,
      256,
      256,
      256,
      0,
      0,
      0,
      0,
      0,
      0,
      0,
      0,
      0,
      0,
      0,
      0,
      0,
      0,
      0,
      0,
      0,
      0,
      0,
      0,
      0,
      0,
      0,
      0,
      0,
      0,
      234,
      0,
      0,
      0,
      0,
      0,
      0,
      0,
      0,
      0,
      0,
      0,
      0,
      0,
      265,
      265,
      265,
      265,
      265,
      265,
      265,
      265,
      265,
      265,
      265,
      265,
      277,
      277,
      250,
      250,
      250,
      246,
      246,
      271,
      271,
      271,
      271,
      271,
      271,
      271,
      0,
      0,
      0,
      0,
      0,
      0,
      0,
      0,
      0,
      0,
      0,
      0,
      0,
      0,
      0,
      0,
      0,
      0,
      0,
      0,
      0,
      279,
      279,
      279,
      279,
      279,
      0,
      0,
      0,
      0,
      0,
      0,
      0,
      0,
      0,
      0,
      0,
      0,
      0,
      0,
      290,
      290,
      290,
      290,
      290,
      290,
      290,
      290,
      290,
      290,
      290,
      280,
      280,
      280,
      280,
      280,
      280,
      280,
      280,
      0,
      0,
      0,
      0,
      0,
      0,
      0,
      0,
      0,
      0,
      0,
      0,
      0,
      0,
      0,
      0,
      0,
      0,
      0,
      0,
      0,
      0,
      0,
      0,
      0,
      0,
      0,
      0,
      0,
      0,
      0,
      0,
      272,
      272,
      272,
      272,
      272,
      272,
      272,
      272,
      272,
      0,
      0,
      0,
      0,
      0,
      0,
      0,
      0,
      0,
      0,
      0,
      0,
      0,
      0,
      0,
      0,
      0,
      0,
      0,
      0,
      0,
      0,
      0,
      0,
      0,
      0,
      0,
      0,
      0,
      0,
      283,
      283,
      283,
      0,
      0,
      0,
      0,
      0,
      0,
      0,
      0,
      0,
      0,
      0,
      0,
      0,
      0,
      0,
      0,
      0,
      0,
      0,
      0,
      251,
      251,
      251,
      251,
      251,
      251,
      0,
      0,
      0,
      0,
      0,
      0,
      0,
      0,
      0,
      0,
      0,
      0,
      0,
      0,
      0,
      0,
      0,
      0,
      0,
      0,
      0,
      0,
      0,
      0,
      0,
      0,
      0,
      0,
      0,
      0,
      266,
      266,
      266,
      266,
      266,
      266,
      266,
      266,
      266,
      266,
      266,
      0,
      0,
      0,
      0,
      0,
      0,
      0,
      0,
      0,
      0,
      0,
      0,
      0,
      273,
      273,
      273,
      273,
      273,
      273,
      273,
      273,
      273,
      273,
      273,
      273,
      273,
      273,
      273,
      273,
      273,
      0,
      0,
      0,
      0,
      0,
      0,
      0,
      0,
      0,
      0,
      0,
      0,
      0,
      260,
      260,
      260,
      260,
      260,
      260,
      260,
      260,
      260,
      260,
      260,
      261,
      261,
      261,
      261,
      261,
      261,
      261,
      247,
      247,
      247,
      267,
      267,
      267,
      267,
      267,
      267,
      267,
      268,
      268,
      268,
      268,
      268,
      268,
      268,
      268,
      253,
      254,
      254,
      254,
      285,
      254,
      254,
      254,
      254,
      263,
      263,
      263,
      263,
      263,
      263,
      269,
      269,
      269,
      269,
      269,
      269,
      269,
      269,
      269,
      269,
      269,
      269,
      269,
      269,
      276,
      276,
      276,
      276,
      276,
      276,
      276,
      292,
      292,
      292,
      292,
      292,
      292,
      0,
      0,
      0,
      0,
      0,
      0,
      0,
      0,
      0,
      0,
      0,
      0,
      0,
      0,
      0,
      0,
      0,
      0,
      270,
      270,
      270,
      270,
      270,
      270,
      270,
      270,
      270,
      270,
      270,
      270,
      270,
      0,
      0,
      0,
      0,
      0,
      0,
      0
    ],
    [
      0,
      0,
      0,
      0,
      0,
      0,
      0,
      0,
      0,
      0,
      0,
      0,
      0,
      0,
      0,
      0,
      0,
      0,
      0,
      0,
      0,
      0,
      0,
      288,
      288,
      288,
      288,
      288,
      288,
      288,
      288,
      288,
      288,
      288,
      0,
      0,
      0,
      0,
      0,
      0,
      0,
      0,
      0,
      0,
      0,
      0,
      0,
      0,
      0,
      0,
      0,
      0,
      0,
      0,
      0,
      0,
      0,
      0,
      0,
      0,
      0,
      0,
      264,
      264,
      264,
      264,
      264,
      264,
      264,
      264,
      264,
      264,
      264,
      264,
      264,
      264,
      0,
      0,
      0,
      0,
      0,
      0,
      0,
      0,
      0,
      0,
      0,
      0,
      0,
      0,
      0,
      0,
      0,
      0,
      0,
      0,
      0,
      0,
      0,
      0,
      0,
      0,
      0,
      0,
      0,
      0,
      0,
      0,
      0,
      0,
      0,
      0,
      0,
      0,
      0,
      0,
      0,
      0,
      0,
      0,
      0,
      0,
      0,
      0,
      0,
      0,
      265,
      265,
      265,
      265,
      265,
      265,
      265,
      265,
      265,
      265,
      265,
      265,
      265,
      277,
      277,
      277,
      277,
      277,
      246,
      246,
      271,
      271,
      271,
      271,
      271,
      271,
      271,
      0,
      0,
      0,
      0,
      0,
      0,
      0,
      0,
      0,
      0,
      0,
      0,
      0,
      0,
      0,
      0,
      0,
      0,
      0,
      0,
      286,
      286,
      286,
      279,
      279,
      279,
      279,
      279,
      279,
      0,
      0,
      0,
      0,
      0,
      0,
      0,
      0,
      0,
      0,
      0,
      290,
      290,
      290,
      290,
      290,
      290,
      290,
      290,
      290,
      290,
      290,
      290,
      280,
      280,
      280,
      280,
      280,
      280,
      280,
      280,
      280,
      280,
      280,
      280,
      0,
      0,
      0,
      0,
      0,
      0,
      0,
      0,
      0,
      0,
      0,
      0,
      0,
      0,
      0,
      0,
      0,
      0,
      0,
      0,
      0,
      0,
      0,
      0,
      0,
      0,
      0,
      0,
      272,
      272,
      272,
      272,
      272,
      272,
      272,
      272,
      272,
      272,
      272,
      0,
      0,
      0,
      0,
      0,
      0,
      0,
      0,
      0,
      0,
      0,
      0,
      0,
      0,
      0,
      0,
      0,
      0,
      283,
      283,
      283,
      283,
      283,
      283,
      283,
      283,
      283,
      283,
      283,
      283,
      0,
      0,
      0,
      0,
      0,
      0,
      0,
      0,
      0,
      0,
      0,
      0,
      0,
      0,
      0,
      0,
      0,
      0,
      0,
      0,
      0,
      0,
      0,
      251,
      251,
      251,
      0,
      0,
      0,
      0,
      0,
      0,
      0,
      0,
      0,
      0,
      0,
      0,
      0,
      0,
      0,
      0,
      0,
      0,
      0,
      0,
      0,
      0,
      0,
      0,
      0,
      0,
      0,
      0,
      0,
      0,
      266,
      266,
      266,
      266,
      266,
      266,
      266,
      266,
      266,
      266,
      266,
      0,
      0,
      0,
      0,
      0,
      0,
      0,
      0,
      0,
      0,
      0,
      273,
      273,
      273,
      273,
      273,
      273,
      273,
      273,
      273,
      273,
      273,
      273,
      273,
      273,
      273,
      273,
      273,
      273,
      273,
      273,
      273,
      0,
      0,
      0,
      0,
      0,
      0,
      0,
      0,
      0,
      0,
      0,
      260,
      260,
      260,
      260,
      260,
      260,
      260,
      260,
      260,
      260,
      260,
      275,
      275,
      275,
      275,
      275,
      261,
      261,
      247,
      247,
      247,
      267,
      267,
      267,
      267,
      267,
      267,
      268,
      268,
      268,
      268,
      268,
      268,
      268,
      268,
      268,
      253,
      254,
      254,
      254,
      285,
      254,
      254,
      254,
      254,
      263,
      263,
      263,
      263,
      263,
      263,
      269,
      269,
      269,
      269,
      269,
      269,
      269,
      269,
      269,
      269,
      269,
      269,
      269,
      276,
      276,
      276,
      276,
      276,
      276,
      276,
      276,
      292,
      292,
      292,
      292,
      292,
      292,
      0,
      0,
      0,
      0,
      0,
      0,
      0,
      0,
      0,
      0,
      0,
      0,
      0,
      0,
      0,
      0,
      0,
      0,
      0,
      270,
      270,
      270,
      270,
      270,
      270,
      270,
      0,
      0,
      0,
      0,
      0,
      0,
      0,
      0,
      0,
      0,
      0,
      0
    ],
    [
      0,
      0,
      0,
      0,
      0,
      0,
      0,
      0,
      0,
      0,
      0,
      0,
      0,
      0,
      0,
      0,
      0,
      0,
      0,
      0,
      0,
      0,
      0,
      288,
      288,
      288,
      288,
      288,
      288,
      288,
      288,
      288,
      288,
      288,
      288,
      288,
      288,
      0,
      0,
      0,
      0,
      0,
      0,
      0,
      0,
      0,
      0,
      0,
      0,
      0,
      0,
      0,
      0,
      0,
      0,
      0,
      0,
      0,
      0,
      0,
      0,
      0,
      0,
      264,
      264,
      264,
      264,
      264,
      264,
      264,
      264,
      264,
      264,
      264,
      264,
      0,
      0,
      0,
      0,
      0,
      0,
      0,
      0,
      0,
      0,
      0,
      0,
      0,
      0,
      0,
      0,
      0,
      0,
      0,
      0,
      0,
      0,
      0,
      0,
      0,
      0,
      0,
      0,
      0,
      0,
      0,
      0,
      0,
      0,
      0,
      0,
      0,
      0,
      0,
      0,
      0,
      0,
      0,
      0,
      0,
      0,
      0,
      0,
      0,
      0,
      278,
      278,
      278,
      278,
      278,
      278,
      278,
      265,
      265,
      265,
      265,
      265,
      265,
      265,
      277,
      277,
      277,
      277,
      277,
      246,
      246,
      271,
      271,
      271,
      271,
      271,
      271,
      271,
      0,
      0,
      0,
      0,
      0,
      0,
      0,
      0,
      0,
      0,
      0,
      0,
      0,
      0,
      0,
      0,
      0,
      0,
      0,
      0,
      286,
      286,
      286,
      279,
      279,
      279,
      279,
      279,
      279,
      279,
      0,
      0,
      0,
      0,
      0,
      0,
      0,
      0,
      0,
      0,
      290,
      290,
      290,
      290,
      290,
      290,
      290,
      290,
      290,
      290,
      290,
      290,
      280,
      280,
      280,
      280,
      280,
      280,
      280,
      280,
      280,
      280,
      280,
      280,
      0,
      0,
      0,
      0,
      0,
      0,
      0,
      0,
      0,
      0,
      0,
      0,
      0,
      0,
      0,
      0,
      0,
      0,
      0,
      0,
      0,
      0,
      0,
      0,
      0,
      0,
      0,
      0,
      0,
      272,
      272,
      272,
      272,
      272,
      272,
      272,
      272,
      272,
      272,
      282,
      282,
      282,
      282,
      282,
      282,
      282,
      282,
      282,
      282,
      282,
      282,
      282,
      282,
      282,
      282,
      283,
      283,
      283,
      283,
      283,
      283,
      283,
      283,
      283,
      283,
      283,
      283,
      283,
      283,
      0,
      0,
      0,
      0,
      0,
      0,
      0,
      0,
      0,
      0,
      0,
      0,
      0,
      0,
      0,
      0,
      0,
      0,
      0,
      0,
      0,
      0,
      0,
      0,
      0,
      0,
      0,
      0,
      0,
      0,
      0,
      0,
      0,
      0,
      0,
      0,
      0,
      0,
      0,
      0,
      0,
      0,
      0,
      293,
      293,
      293,
      293,
      293,
      0,
      0,
      0,
      0,
      0,
      0,
      0,
      0,
      0,
      266,
      266,
      266,
      266,
      266,
      266,
      266,
      266,
      266,
      266,
      0,
      0,
      0,
      0,
      0,
      0,
      0,
      0,
      0,
      0,
      284,
      284,
      284,
      284,
      284,
      284,
      284,
      284,
      284,
      284,
      273,
      273,
      273,
      273,
      273,
      273,
      273,
      274,
      274,
      274,
      274,
      273,
      0,
      0,
      0,
      0,
      0,
      0,
      0,
      0,
      0,
      0,
      0,
      260,
      260,
      260,
      260,
      260,
      260,
      260,
      260,
      260,
      260,
      275,
      275,
      275,
      275,
      275,
      275,
      261,
      261,
      247,
      247,
      247,
      267,
      267,
      267,
      267,
      267,
      267,
      268,
      268,
      268,
      268,
      268,
      268,
      268,
      268,
      268,
      253,
      285,
      285,
      285,
      285,
      285,
      285,
      285,
      285,
      263,
      263,
      263,
      263,
      263,
      263,
      269,
      269,
      269,
      269,
      269,
      269,
      269,
      269,
      269,
      269,
      269,
      269,
      276,
      276,
      276,
      276,
      276,
      276,
      276,
      276,
      292,
      292,
      292,
      292,
      292,
      292,
      292,
      0,
      0,
      0,
      0,
      0,
      0,
      0,
      0,
      0,
      0,
      0,
      0,
      0,
      0,
      0,
      0,
      0,
      0,
      0,
      0,
      270,
      270,
      270,
      270,
      270,
      270,
      0,
      0,
      0,
      0,
      0,
      0,
      0,
      0,
      0,
      0,
      0,
      0
    ],
    [
      0,
      0,
      0,
      0,
      0,
      0,
      0,
      0,
      0,
      0,
      0,
      0,
      0,
      0,
      0,
      0,
      0,
      0,
      288,
      288,
      288,
      288,
      288,
      288,
      288,
      288,
      288,
      288,
      288,
      288,
      288,
      288,
      288,
      288,
      288,
      288,
      288,
      288,
      0,
      0,
      0,
      0,
      0,
      0,
      0,
      0,
      0,
      0,
      0,
      0,
      0,
      0,
      0,
      0,
      0,
      0,
      0,
      0,
      0,
      0,
      0,
      0,
      0,
      0,
      264,
      264,
      264,
      264,
      264,
      264,
      264,
      264,
      264,
      264,
      264,
      0,
      0,
      0,
      0,
      0,
      0,
      0,
      0,
      0,
      0,
      0,
      0,
      0,
      0,
      0,
      0,
      0,
      0,
      0,
      0,
      0,
      0,
      0,
      0,
      0,
      0,
      0,
      0,
      0,
      0,
      0,
      0,
      0,
      0,
      0,
      0,
      0,
      0,
      0,
      0,
      0,
      0,
      0,
      0,
      0,
      0,
      0,
      289,
      289,
      289,
      289,
      289,
      289,
      289,
      278,
      278,
      278,
      265,
      265,
      265,
      265,
      265,
      265,
      265,
      277,
      277,
      277,
      277,
      277,
      277,
      271,
      271,
      271,
      271,
      271,
      271,
      271,
      271,
      0,
      0,
      0,
      0,
      0,
      0,
      0,
      0,
      0,
      0,
      0,
      0,
      0,
      0,
      0,
      0,
      0,
      0,
      0,
      286,
      286,
      286,
      286,
      279,
      279,
      279,
      279,
      279,
      279,
      279,
      0,
      0,
      0,
      0,
      0,
      0,
      0,
      0,
      0,
      0,
      290,
      290,
      290,
      290,
      290,
      290,
      290,
      290,
      290,
      290,
      290,
      290,
      280,
      280,
      280,
      280,
      280,
      280,
      280,
      280,
      280,
      280,
      280,
      280,
      0,
      0,
      0,
      0,
      0,
      0,
      0,
      0,
      0,
      0,
      0,
      0,
      0,
      0,
      0,
      0,
      0,
      0,
      0,
      0,
      0,
      0,
      0,
      0,
      0,
      0,
      0,
      0,
      0,
      0,
      0,
      272,
      272,
      272,
      272,
      272,
      272,
      272,
      272,
      281,
      282,
      282,
      282,
      282,
      282,
      282,
      282,
      282,
      282,
      282,
      282,
      282,
      282,
      282,
      283,
      283,
      283,
      283,
      283,
      283,
      283,
      283,
      283,
      283,
      283,
      283,
      283,
      283,
      283,
      0,
      0,
      0,
      0,
      0,
      0,
      0,
      0,
      0,
      0,
      0,
      0,
      0,
      0,
      0,
      0,
      0,
      0,
      0,
      0,
      0,
      0,
      0,
      0,
      0,
      0,
      0,
      0,
      0,
      0,
      0,
      0,
      0,
      0,
      0,
      0,
      0,
      0,
      0,
      0,
      0,
      0,
      0,
      293,
      293,
      293,
      293,
      293,
      293,
      293,
      0,
      0,
      0,
      0,
      0,
      0,
      0,
      0,
      287,
      266,
      266,
      266,
      266,
      266,
      266,
      266,
      266,
      0,
      0,
      0,
      0,
      0,
      0,
      0,
      0,
      0,
      284,
      284,
      284,
      284,
      284,
      284,
      284,
      284,
      284,
      284,
      284,
      273,
      273,
      273,
      273,
      273,
      273,
      273,
      274,
      274,
      274,
      274,
      273,
      0,
      0,
      0,
      0,
      0,
      0,
      0,
      0,
      0,
      0,
      0,
      260,
      260,
      260,
      260,
      260,
      260,
      260,
      260,
      275,
      275,
      275,
      275,
      275,
      275,
      275,
      275,
      275,
      275,
      275,
      247,
      247,
      267,
      267,
      267,
      267,
      267,
      267,
      268,
      268,
      268,
      268,
      268,
      268,
      268,
      268,
      268,
      285,
      285,
      285,
      285,
      285,
      285,
      285,
      285,
      285,
      263,
      263,
      263,
      263,
      263,
      263,
      269,
      269,
      269,
      269,
      269,
      269,
      269,
      269,
      269,
      269,
      269,
      269,
      276,
      276,
      276,
      276,
      276,
      276,
      305,
      305,
      292,
      292,
      292,
      292,
      292,
      292,
      292,
      0,
      0,
      0,
      0,
      0,
      0,
      0,
      0,
      0,
      0,
      0,
      0,
      0,
      0,
      0,
      0,
      0,
      0,
      0,
      0,
      270,
      270,
      270,
      270,
      270,
      270,
      0,
      0,
      0,
      0,
      0,
      0,
      0,
      0,
      0,
      0,
      0,
      0
    ],
    [
      0,
      0,
      0,
      0,
      0,
      0,
      0,
      0,
      0,
      0,
      0,
      0,
      0,
      0,
      0,
      0,
      0,
      0,
      288,
      288,
      288,
      288,
      288,
      288,
      288,
      288,
      288,
      288,
      288,
      288,
      288,
      288,
      288,
      288,
      288,
      288,
      288,
      288,
      0,
      0,
      0,
      0,
      0,
      0,
      0,
      0,
      0,
      0,
      0,
      0,
      0,
      0,
      0,
      0,
      0,
      0,
      0,
      0,
      0,
      0,
      0,
      0,
      0,
      0,
      264,
      264,
      264,
      264,
      264,
      264,
      264,
      0,
      0,
      0,
      0,
      0,
      0,
      0,
      0,
      0,
      0,
      0,
      0,
      0,
      0,
      0,
      0,
      0,
      0,
      0,
      0,
      0,
      0,
      0,
      0,
      0,
      0,
      0,
      0,
      0,
      0,
      0,
      0,
      0,
      0,
      0,
      0,
      0,
      0,
      0,
      0,
      0,
      0,
      0,
      0,
      0,
      0,
      0,
      0,
      0,
      0,
      289,
      289,
      289,
      289,
      289,
      289,
      289,
      289,
      278,
      278,
      278,
      265,
      265,
      265,
      265,
      265,
      265,
      277,
      277,
      277,
      277,
      277,
      271,
      271,
      271,
      271,
      271,
      271,
      271,
      271,
      271,
      271,
      0,
      0,
      0,
      0,
      0,
      0,
      0,
      0,
      0,
      0,
      0,
      0,
      0,
      0,
      0,
      0,
      286,
      286,
      286,
      286,
      286,
      286,
      286,
      279,
      279,
      279,
      279,
      279,
      279,
      279,
      0,
      0,
      0,
      0,
      0,
      0,
      0,
      296,
      296,
      296,
      296,
      296,
      290,
      290,
      290,
      290,
      290,
      290,
      290,
      290,
      290,
      290,
      280,
      280,
      280,
      280,
      280,
      280,
      280,
      280,
      280,
      280,
      280,
      280,
      0,
      0,
      0,
      0,
      0,
      0,
      0,
      0,
      0,
      0,
      0,
      0,
      0,
      0,
      0,
      0,
      0,
      0,
      0,
      0,
      0,
      0,
      0,
      0,
      0,
      0,
      0,
      0,
      0,
      0,
      0,
      0,
      0,
      0,
      272,
      272,
      272,
      281,
      281,
      281,
      281,
      281,
      281,
      282,
      282,
      282,
      282,
      282,
      282,
      282,
      282,
      282,
      282,
      282,
      283,
      283,
      283,
      283,
      283,
      283,
      283,
      283,
      283,
      283,
      283,
      283,
      283,
      283,
      283,
      0,
      0,
      0,
      0,
      0,
      0,
      0,
      0,
      0,
      0,
      0,
      0,
      0,
      0,
      0,
      0,
      0,
      0,
      0,
      0,
      0,
      0,
      0,
      0,
      0,
      0,
      0,
      0,
      0,
      0,
      0,
      0,
      0,
      0,
      0,
      0,
      0,
      0,
      0,
      0,
      0,
      0,
      293,
      293,
      293,
      293,
      293,
      293,
      293,
      293,
      293,
      0,
      0,
      0,
      0,
      0,
      0,
      0,
      287,
      287,
      287,
      287,
      287,
      287,
      287,
      287,
      287,
      0,
      0,
      0,
      0,
      0,
      0,
      0,
      0,
      291,
      291,
      284,
      284,
      284,
      284,
      284,
      284,
      284,
      284,
      284,
      284,
      273,
      273,
      273,
      273,
      273,
      273,
      273,
      274,
      274,
      274,
      274,
      273,
      0,
      0,
      0,
      0,
      0,
      0,
      0,
      0,
      0,
      0,
      0,
      260,
      260,
      260,
      260,
      260,
      260,
      260,
      260,
      275,
      275,
      275,
      275,
      275,
      275,
      275,
      275,
      275,
      275,
      275,
      275,
      275,
      267,
      267,
      267,
      267,
      267,
      267,
      267,
      267,
      267,
      267,
      267,
      267,
      267,
      267,
      285,
      285,
      285,
      285,
      285,
      285,
      285,
      285,
      285,
      285,
      307,
      307,
      307,
      307,
      263,
      263,
      269,
      269,
      269,
      269,
      269,
      269,
      269,
      269,
      269,
      269,
      269,
      276,
      276,
      276,
      276,
      276,
      276,
      276,
      305,
      305,
      305,
      305,
      305,
      292,
      292,
      292,
      292,
      292,
      292,
      292,
      292,
      0,
      0,
      0,
      0,
      0,
      0,
      0,
      0,
      0,
      0,
      0,
      0,
      0,
      0,
      0,
      0,
      270,
      270,
      270,
      270,
      270,
      270,
      0,
      0,
      0,
      0,
      0,
      0,
      0,
      0,
      0,
      0,
      0,
      0
    ],
    [
      0,
      0,
      0,
      0,
      0,
      0,
      0,
      0,
      0,
      0,
      0,
      0,
      0,
      0,
      0,
      0,
      0,
      0,
      288,
      288,
      288,
      288,
      288,
      288,
      288,
      288,
      288,
      288,
      288,
      288,
      288,
      288,
      288,
      288,
      288,
      288,
      288,
      288,
      288,
      324,
      0,
      0,
      0,
      0,
      0,
      0,
      0,
      0,
      0,
      0,
      0,
      0,
      0,
      0,
      0,
      0,
      0,
      0,
      0,
      0,
      0,
      0,
      0,
      0,
      0,
      0,
      0,
      0,
      0,
      0,
      0,
      0,
      0,
      0,
      0,
      0,
      0,
      0,
      0,
      0,
      0,
      0,
      0,
      0,
      0,
      0,
      0,
      0,
      0,
      0,
      0,
      0,
      0,
      0,
      0,
      0,
      0,
      0,
      0,
      0,
      0,
      0,
      0,
      0,
      0,
      0,
      0,
      0,
      0,
      0,
      0,
      0,
      0,
      0,
      0,
      0,
      0,
      0,
      0,
      289,
      289,
      289,
      289,
      289,
      289,
      289,
      289,
      289,
      289,
      289,
      289,
      289,
      265,
      265,
      265,
      265,
      277,
      277,
      277,
      277,
      277,
      277,
      277,
      271,
      271,
      271,
      271,
      271,
      271,
      271,
      271,
      271,
      0,
      0,
      0,
      0,
      0,
      0,
      0,
      0,
      0,
      0,
      0,
      0,
      0,
      0,
      0,
      0,
      286,
      286,
      286,
      286,
      286,
      286,
      286,
      286,
      279,
      279,
      279,
      279,
      279,
      279,
      279,
      0,
      0,
      0,
      0,
      0,
      0,
      296,
      296,
      296,
      296,
      296,
      296,
      296,
      290,
      290,
      290,
      290,
      290,
      290,
      290,
      290,
      290,
      280,
      280,
      280,
      280,
      280,
      280,
      280,
      280,
      280,
      280,
      280,
      280,
      0,
      0,
      0,
      0,
      0,
      0,
      0,
      0,
      0,
      0,
      0,
      0,
      0,
      0,
      0,
      0,
      0,
      0,
      0,
      0,
      0,
      0,
      0,
      0,
      0,
      0,
      0,
      0,
      0,
      0,
      0,
      0,
      0,
      0,
      0,
      272,
      272,
      281,
      281,
      281,
      281,
      281,
      281,
      281,
      282,
      282,
      282,
      282,
      282,
      282,
      282,
      282,
      282,
      282,
      283,
      283,
      283,
      283,
      283,
      283,
      283,
      283,
      283,
      283,
      283,
      283,
      283,
      283,
      283,
      0,
      0,
      0,
      0,
      0,
      0,
      0,
      0,
      0,
      0,
      0,
      0,
      0,
      0,
      0,
      0,
      0,
      0,
      0,
      0,
      0,
      0,
      0,
      0,
      0,
      0,
      0,
      0,
      0,
      0,
      0,
      0,
      0,
      0,
      0,
      0,
      0,
      0,
      0,
      0,
      0,
      0,
      293,
      293,
      293,
      293,
      293,
      293,
      293,
      293,
      293,
      0,
      0,
      0,
      0,
      0,
      0,
      0,
      287,
      287,
      287,
      287,
      287,
      287,
      287,
      0,
      0,
      0,
      0,
      0,
      0,
      0,
      0,
      0,
      291,
      291,
      291,
      291,
      291,
      291,
      291,
      291,
      284,
      284,
      284,
      284,
      284,
      297,
      297,
      297,
      297,
      297,
      297,
      297,
      274,
      274,
      274,
      274,
      274,
      274,
      0,
      0,
      0,
      0,
      0,
      0,
      0,
      0,
      260,
      260,
      260,
      260,
      260,
      260,
      260,
      260,
      260,
      260,
      275,
      275,
      275,
      275,
      275,
      275,
      275,
      275,
      275,
      275,
      275,
      275,
      275,
      275,
      275,
      275,
      275,
      275,
      275,
      275,
      275,
      275,
      275,
      275,
      275,
      285,
      285,
      285,
      285,
      285,
      285,
      285,
      285,
      285,
      285,
      285,
      307,
      307,
      307,
      307,
      307,
      331,
      263,
      294,
      294,
      294,
      294,
      294,
      294,
      294,
      294,
      294,
      294,
      298,
      298,
      298,
      298,
      298,
      298,
      298,
      276,
      305,
      305,
      305,
      305,
      305,
      305,
      292,
      292,
      292,
      292,
      292,
      292,
      292,
      0,
      0,
      0,
      0,
      0,
      0,
      0,
      0,
      0,
      0,
      0,
      0,
      0,
      0,
      0,
      0,
      0,
      0,
      270,
      270,
      270,
      0,
      0,
      0,
      0,
      0,
      0,
      0,
      0,
      0,
      0,
      0,
      0,
      0
    ],
    [
      0,
      0,
      0,
      0,
      0,
      0,
      0,
      0,
      0,
      0,
      0,
      0,
      0,
      0,
      0,
      0,
      0,
      288,
      288,
      288,
      288,
      288,
      288,
      288,
      288,
      288,
      288,
      288,
      288,
      288,
      288,
      288,
      295,
      295,
      295,
      295,
      295,
      295,
      295,
      324,
      0,
      0,
      0,
      0,
      0,
      0,
      0,
      0,
      0,
      0,
      0,
      0,
      0,
      0,
      0,
      0,
      0,
      0,
      0,
      0,
      0,
      0,
      0,
      0,
      0,
      0,
      0,
      0,
      0,
      0,
      0,
      0,
      0,
      0,
      0,
      0,
      0,
      0,
      0,
      0,
      0,
      0,
      0,
      0,
      0,
      0,
      0,
      0,
      0,
      0,
      0,
      0,
      0,
      0,
      0,
      0,
      0,
      0,
      0,
      0,
      0,
      0,
      0,
      0,
      0,
      0,
      0,
      0,
      0,
      0,
      0,
      0,
      0,
      0,
      0,
      0,
      0,
      289,
      289,
      289,
      289,
      289,
      289,
      289,
      289,
      289,
      289,
      289,
      289,
      289,
      289,
      289,
      289,
      289,
      289,
      300,
      300,
      300,
      300,
      277,
      277,
      277,
      301,
      301,
      301,
      301,
      301,
      301,
      271,
      271,
      271,
      0,
      0,
      0,
      0,
      0,
      0,
      0,
      0,
      0,
      0,
      0,
      0,
      0,
      0,
      0,
      0,
      286,
      286,
      286,
      286,
      286,
      286,
      286,
      286,
      286,
      279,
      279,
      279,
      279,
      279,
      279,
      279,
      0,
      0,
      0,
      0,
      335,
      335,
      296,
      296,
      296,
      296,
      296,
      296,
      296,
      296,
      290,
      290,
      290,
      290,
      290,
      290,
      290,
      290,
      280,
      280,
      280,
      280,
      280,
      280,
      280,
      280,
      280,
      280,
      280,
      280,
      308,
      308,
      0,
      0,
      0,
      0,
      0,
      0,
      0,
      0,
      0,
      0,
      0,
      0,
      0,
      0,
      0,
      0,
      0,
      0,
      0,
      0,
      0,
      0,
      0,
      0,
      0,
      0,
      0,
      0,
      0,
      0,
      0,
      0,
      0,
      0,
      0,
      0,
      0,
      0,
      281,
      281,
      281,
      281,
      282,
      282,
      282,
      282,
      282,
      282,
      282,
      282,
      282,
      283,
      283,
      283,
      283,
      283,
      283,
      283,
      283,
      283,
      283,
      283,
      283,
      283,
      283,
      283,
      283,
      0,
      0,
      0,
      0,
      0,
      0,
      0,
      0,
      0,
      0,
      0,
      0,
      0,
      0,
      0,
      0,
      0,
      0,
      0,
      0,
      0,
      0,
      0,
      0,
      0,
      0,
      0,
      0,
      0,
      0,
      0,
      0,
      0,
      0,
      0,
      0,
      0,
      0,
      0,
      0,
      0,
      0,
      293,
      293,
      293,
      293,
      293,
      293,
      293,
      293,
      293,
      317,
      317,
      0,
      0,
      0,
      0,
      0,
      287,
      287,
      287,
      287,
      287,
      287,
      287,
      0,
      0,
      0,
      0,
      0,
      0,
      0,
      0,
      0,
      291,
      291,
      291,
      291,
      291,
      291,
      291,
      291,
      284,
      284,
      284,
      284,
      297,
      297,
      297,
      297,
      297,
      297,
      297,
      297,
      297,
      274,
      274,
      274,
      274,
      274,
      0,
      0,
      0,
      0,
      0,
      0,
      0,
      302,
      302,
      302,
      302,
      302,
      302,
      302,
      302,
      302,
      302,
      302,
      275,
      275,
      275,
      275,
      275,
      275,
      275,
      275,
      275,
      275,
      275,
      275,
      275,
      275,
      275,
      275,
      275,
      275,
      275,
      275,
      275,
      275,
      275,
      275,
      0,
      0,
      0,
      0,
      0,
      0,
      0,
      0,
      285,
      285,
      307,
      307,
      307,
      307,
      307,
      307,
      307,
      331,
      331,
      331,
      294,
      294,
      294,
      294,
      294,
      294,
      294,
      294,
      294,
      298,
      298,
      298,
      298,
      298,
      298,
      298,
      305,
      305,
      305,
      305,
      305,
      305,
      305,
      292,
      292,
      292,
      292,
      292,
      292,
      292,
      0,
      0,
      0,
      0,
      0,
      0,
      0,
      0,
      0,
      0,
      0,
      0,
      0,
      0,
      0,
      0,
      0,
      0,
      0,
      0,
      0,
      0,
      0,
      0,
      0,
      0,
      0,
      0,
      0,
      0,
      0,
      0,
      0,
      0
    ],
    [
      313,
      313,
      313,
      313,
      313,
      299,
      299,
      299,
      299,
      299,
      299,
      299,
      0,
      0,
      0,
      303,
      303,
      303,
      303,
      303,
      303,
      303,
      288,
      288,
      288,
      288,
      288,
      288,
      288,
      288,
      288,
      295,
      295,
      295,
      295,
      295,
      295,
      295,
      295,
      324,
      324,
      0,
      0,
      0,
      0,
      0,
      0,
      0,
      0,
      0,
      0,
      0,
      0,
      0,
      0,
      0,
      0,
      0,
      0,
      0,
      0,
      0,
      0,
      0,
      0,
      0,
      0,
      0,
      0,
      0,
      0,
      0,
      0,
      0,
      0,
      0,
      0,
      0,
      0,
      0,
      0,
      0,
      0,
      0,
      0,
      0,
      0,
      0,
      0,
      0,
      0,
      0,
      0,
      0,
      0,
      0,
      0,
      0,
      0,
      0,
      0,
      0,
      0,
      0,
      0,
      0,
      0,
      0,
      0,
      0,
      0,
      0,
      0,
      0,
      0,
      0,
      289,
      289,
      289,
      289,
      289,
      289,
      289,
      289,
      289,
      289,
      289,
      289,
      289,
      289,
      289,
      289,
      289,
      289,
      300,
      300,
      300,
      300,
      300,
      277,
      277,
      277,
      301,
      301,
      301,
      301,
      301,
      301,
      271,
      271,
      271,
      0,
      0,
      0,
      0,
      0,
      0,
      0,
      0,
      0,
      0,
      0,
      0,
      0,
      0,
      0,
      0,
      286,
      286,
      286,
      286,
      286,
      286,
      286,
      286,
      286,
      279,
      279,
      279,
      0,
      0,
      0,
      0,
      0,
      0,
      0,
      0,
      335,
      335,
      296,
      296,
      296,
      296,
      296,
      296,
      296,
      296,
      314,
      290,
      290,
      290,
      290,
      290,
      280,
      280,
      280,
      280,
      280,
      280,
      280,
      280,
      280,
      280,
      280,
      280,
      280,
      280,
      308,
      308,
      308,
      308,
      0,
      0,
      0,
      0,
      0,
      0,
      0,
      0,
      0,
      0,
      0,
      0,
      0,
      327,
      327,
      327,
      0,
      0,
      0,
      0,
      0,
      0,
      0,
      0,
      0,
      0,
      0,
      0,
      0,
      0,
      0,
      0,
      0,
      0,
      0,
      0,
      0,
      0,
      0,
      0,
      0,
      0,
      282,
      282,
      282,
      282,
      282,
      282,
      283,
      283,
      283,
      283,
      283,
      283,
      283,
      283,
      283,
      283,
      283,
      283,
      283,
      283,
      283,
      283,
      283,
      0,
      0,
      0,
      0,
      0,
      0,
      0,
      0,
      0,
      0,
      0,
      0,
      0,
      310,
      310,
      310,
      310,
      310,
      310,
      0,
      0,
      0,
      0,
      0,
      0,
      0,
      0,
      0,
      0,
      0,
      0,
      0,
      0,
      0,
      0,
      0,
      0,
      0,
      0,
      0,
      0,
      0,
      293,
      293,
      293,
      293,
      293,
      293,
      293,
      293,
      293,
      317,
      317,
      0,
      0,
      0,
      0,
      304,
      304,
      304,
      304,
      304,
      304,
      287,
      287,
      0,
      0,
      0,
      0,
      0,
      0,
      0,
      0,
      0,
      291,
      291,
      291,
      291,
      291,
      291,
      291,
      291,
      284,
      284,
      284,
      311,
      297,
      297,
      297,
      297,
      297,
      297,
      297,
      297,
      297,
      274,
      274,
      274,
      274,
      274,
      274,
      274,
      0,
      0,
      0,
      0,
      0,
      302,
      302,
      302,
      302,
      302,
      302,
      302,
      302,
      302,
      302,
      275,
      275,
      275,
      275,
      275,
      275,
      275,
      275,
      275,
      275,
      275,
      275,
      275,
      275,
      275,
      275,
      275,
      275,
      275,
      275,
      275,
      275,
      275,
      275,
      275,
      0,
      0,
      0,
      0,
      0,
      0,
      0,
      0,
      285,
      285,
      307,
      307,
      307,
      307,
      307,
      307,
      307,
      331,
      331,
      331,
      331,
      294,
      294,
      294,
      294,
      294,
      294,
      294,
      294,
      298,
      298,
      298,
      298,
      298,
      298,
      298,
      305,
      305,
      305,
      305,
      305,
      305,
      305,
      292,
      292,
      292,
      292,
      292,
      292,
      292,
      0,
      0,
      0,
      0,
      0,
      0,
      0,
      0,
      0,
      0,
      0,
      0,
      0,
      0,
      0,
      0,
      0,
      0,
      0,
      0,
      0,
      0,
      0,
      0,
      0,
      0,
      0,
      0,
      0,
      0,
      0,
      0,
      0,
      0
    ],
    [
      313,
      313,
      313,
      313,
      313,
      313,
      299,
      299,
      299,
      299,
      299,
      299,
      0,
      0,
      322,
      322,
      303,
      303,
      303,
      303,
      303,
      303,
      323,
      288,
      288,
      288,
      288,
      323,
      323,
      323,
      323,
      295,
      295,
      295,
      295,
      295,
      295,
      295,
      295,
      324,
      324,
      319,
      319,
      0,
      0,
      0,
      0,
      0,
      0,
      0,
      0,
      0,
      0,
      0,
      0,
      0,
      0,
      0,
      0,
      0,
      0,
      0,
      0,
      0,
      0,
      0,
      0,
      0,
      0,
      0,
      0,
      0,
      0,
      0,
      0,
      0,
      0,
      0,
      0,
      0,
      0,
      0,
      0,
      0,
      0,
      0,
      0,
      0,
      0,
      0,
      0,
      0,
      0,
      0,
      0,
      0,
      0,
      0,
      0,
      0,
      0,
      0,
      0,
      0,
      0,
      0,
      0,
      0,
      0,
      0,
      0,
      0,
      0,
      0,
      289,
      289,
      289,
      289,
      289,
      289,
      289,
      289,
      289,
      289,
      289,
      289,
      289,
      289,
      289,
      289,
      289,
      289,
      289,
      289,
      300,
      300,
      300,
      300,
      300,
      277,
      277,
      277,
      301,
      301,
      301,
      301,
      301,
      301,
      271,
      271,
      301,
      0,
      0,
      0,
      0,
      0,
      0,
      0,
      0,
      0,
      0,
      0,
      0,
      0,
      0,
      0,
      0,
      286,
      286,
      286,
      286,
      286,
      286,
      286,
      286,
      286,
      286,
      286,
      0,
      0,
      0,
      0,
      0,
      0,
      0,
      0,
      0,
      335,
      335,
      296,
      296,
      296,
      296,
      296,
      296,
      296,
      296,
      314,
      314,
      314,
      314,
      290,
      290,
      280,
      280,
      280,
      280,
      280,
      280,
      280,
      280,
      280,
      280,
      280,
      280,
      280,
      280,
      308,
      308,
      308,
      308,
      0,
      0,
      0,
      0,
      0,
      0,
      0,
      0,
      0,
      0,
      0,
      0,
      327,
      327,
      327,
      327,
      0,
      0,
      0,
      0,
      0,
      0,
      0,
      0,
      0,
      0,
      0,
      0,
      0,
      0,
      0,
      0,
      0,
      0,
      0,
      0,
      0,
      281,
      281,
      281,
      281,
      0,
      282,
      282,
      282,
      282,
      282,
      309,
      309,
      309,
      309,
      309,
      309,
      309,
      283,
      283,
      283,
      283,
      283,
      283,
      283,
      283,
      283,
      283,
      283,
      0,
      0,
      0,
      316,
      316,
      0,
      0,
      0,
      0,
      0,
      0,
      0,
      310,
      310,
      310,
      310,
      310,
      310,
      310,
      310,
      0,
      0,
      0,
      0,
      0,
      0,
      0,
      0,
      0,
      0,
      0,
      0,
      0,
      0,
      0,
      0,
      0,
      0,
      0,
      0,
      0,
      321,
      293,
      293,
      293,
      293,
      293,
      293,
      293,
      293,
      293,
      317,
      317,
      317,
      317,
      0,
      317,
      304,
      304,
      304,
      304,
      304,
      304,
      304,
      304,
      0,
      0,
      291,
      291,
      291,
      291,
      291,
      291,
      291,
      291,
      291,
      291,
      291,
      291,
      291,
      291,
      291,
      284,
      284,
      311,
      311,
      297,
      297,
      297,
      297,
      297,
      297,
      297,
      297,
      297,
      274,
      274,
      274,
      274,
      274,
      274,
      274,
      274,
      302,
      302,
      302,
      302,
      302,
      302,
      302,
      302,
      302,
      302,
      302,
      302,
      302,
      306,
      306,
      306,
      306,
      306,
      306,
      306,
      275,
      275,
      275,
      275,
      312,
      312,
      312,
      312,
      312,
      312,
      312,
      312,
      312,
      312,
      312,
      312,
      312,
      0,
      0,
      0,
      0,
      0,
      0,
      0,
      0,
      0,
      0,
      307,
      307,
      307,
      307,
      307,
      307,
      307,
      307,
      307,
      331,
      331,
      331,
      331,
      294,
      294,
      294,
      294,
      294,
      294,
      294,
      294,
      298,
      298,
      298,
      298,
      298,
      298,
      298,
      305,
      305,
      305,
      305,
      305,
      305,
      305,
      305,
      292,
      292,
      292,
      292,
      292,
      292,
      292,
      292,
      292,
      0,
      0,
      0,
      0,
      0,
      0,
      0,
      0,
      0,
      0,
      0,
      0,
      0,
      0,
      0,
      0,
      0,
      0,
      0,
      0,
      0,
      0,
      0,
      0,
      0,
      0,
      0,
      0,
      0,
      0,
      0
    ],
    [
      313,
      313,
      313,
      313,
      313,
      313,
      299,
      299,
      299,
      299,
      299,
      299,
      0,
      0,
      322,
      322,
      303,
      303,
      303,
      303,
      303,
      303,
      323,
      323,
      288,
      288,
      288,
      323,
      323,
      323,
      323,
      295,
      295,
      295,
      295,
      295,
      295,
      295,
      295,
      324,
      324,
      319,
      319,
      0,
      0,
      0,
      0,
      0,
      0,
      0,
      0,
      0,
      0,
      0,
      0,
      0,
      0,
      0,
      0,
      0,
      0,
      0,
      0,
      0,
      0,
      0,
      0,
      0,
      0,
      0,
      0,
      0,
      0,
      0,
      0,
      0,
      0,
      0,
      0,
      0,
      0,
      0,
      0,
      0,
      0,
      0,
      0,
      0,
      0,
      0,
      0,
      0,
      0,
      0,
      0,
      0,
      0,
      0,
      0,
      0,
      0,
      0,
      0,
      0,
      0,
      0,
      0,
      0,
      0,
      0,
      0,
      0,
      0,
      0,
      289,
      289,
      289,
      289,
      289,
      289,
      289,
      289,
      289,
      289,
      289,
      289,
      289,
      289,
      289,
      289,
      289,
      289,
      289,
      289,
      300,
      300,
      300,
      300,
      300,
      277,
      346,
      277,
      301,
      301,
      301,
      301,
      301,
      301,
      271,
      271,
      301,
      0,
      0,
      0,
      0,
      0,
      0,
      0,
      0,
      0,
      0,
      0,
      0,
      0,
      0,
      0,
      0,
      286,
      286,
      286,
      286,
      286,
      286,
      286,
      286,
      286,
      286,
      286,
      0,
      0,
      0,
      0,
      0,
      0,
      0,
      0,
      0,
      335,
      335,
      296,
      296,
      296,
      296,
      296,
      296,
      296,
      296,
      314,
      314,
      314,
      314,
      314,
      290,
      280,
      280,
      280,
      280,
      280,
      280,
      280,
      280,
      280,
      280,
      280,
      280,
      280,
      280,
      308,
      308,
      308,
      308,
      0,
      0,
      0,
      0,
      0,
      0,
      0,
      0,
      0,
      0,
      327,
      327,
      327,
      327,
      327,
      327,
      0,
      0,
      0,
      0,
      0,
      0,
      0,
      0,
      0,
      0,
      0,
      0,
      0,
      0,
      0,
      0,
      0,
      0,
      0,
      0,
      0,
      281,
      281,
      281,
      281,
      0,
      282,
      282,
      282,
      282,
      282,
      309,
      309,
      309,
      309,
      309,
      309,
      309,
      283,
      283,
      283,
      283,
      283,
      283,
      283,
      283,
      283,
      283,
      283,
      0,
      0,
      316,
      316,
      316,
      0,
      0,
      0,
      0,
      0,
      0,
      0,
      310,
      310,
      310,
      310,
      310,
      310,
      310,
      310,
      310,
      0,
      0,
      0,
      0,
      0,
      0,
      0,
      0,
      0,
      0,
      0,
      0,
      0,
      0,
      0,
      0,
      0,
      0,
      0,
      0,
      321,
      321,
      293,
      293,
      293,
      293,
      293,
      293,
      293,
      317,
      317,
      317,
      317,
      317,
      317,
      317,
      304,
      304,
      304,
      304,
      304,
      304,
      304,
      304,
      304,
      304,
      291,
      291,
      291,
      291,
      291,
      291,
      291,
      291,
      291,
      291,
      291,
      311,
      311,
      311,
      311,
      311,
      311,
      311,
      311,
      297,
      297,
      297,
      297,
      297,
      297,
      297,
      297,
      297,
      274,
      274,
      274,
      274,
      274,
      274,
      274,
      302,
      302,
      302,
      302,
      302,
      302,
      302,
      302,
      302,
      302,
      302,
      302,
      302,
      306,
      306,
      306,
      306,
      306,
      306,
      306,
      306,
      275,
      275,
      275,
      275,
      312,
      312,
      312,
      312,
      312,
      312,
      312,
      312,
      312,
      312,
      312,
      312,
      312,
      0,
      0,
      0,
      0,
      0,
      0,
      0,
      0,
      0,
      307,
      307,
      307,
      307,
      307,
      307,
      307,
      307,
      307,
      307,
      331,
      331,
      331,
      331,
      294,
      331,
      331,
      331,
      331,
      331,
      331,
      331,
      298,
      298,
      298,
      298,
      298,
      298,
      298,
      305,
      305,
      305,
      305,
      305,
      305,
      305,
      305,
      292,
      292,
      292,
      292,
      292,
      292,
      292,
      292,
      0,
      0,
      0,
      0,
      0,
      0,
      0,
      0,
      0,
      0,
      0,
      0,
      0,
      0,
      0,
      0,
      0,
      332,
      332,
      332,
      332,
      0,
      0,
      0,
      0,
      0,
      0,
      318,
      318,
      318,
      318,
      318
    ],
    [
      313,
      313,
      313,
      313,
      313,
      313,
      299,
      299,
      299,
      299,
      299,
      299,
      299,
      299,
      322,
      322,
      303,
      303,
      303,
      303,
      303,
      303,
      323,
      323,
      323,
      323,
      323,
      323,
      323,
      323,
      323,
      295,
      295,
      295,
      295,
      295,
      295,
      295,
      295,
      324,
      324,
      319,
      319,
      0,
      0,
      0,
      0,
      0,
      0,
      0,
      0,
      0,
      0,
      0,
      0,
      0,
      0,
      0,
      0,
      0,
      0,
      0,
      0,
      0,
      0,
      0,
      0,
      0,
      0,
      0,
      0,
      0,
      0,
      0,
      0,
      0,
      0,
      0,
      0,
      0,
      0,
      0,
      0,
      0,
      0,
      0,
      0,
      0,
      0,
      0,
      0,
      0,
      0,
      0,
      0,
      0,
      0,
      0,
      0,
      0,
      0,
      0,
      0,
      0,
      0,
      0,
      0,
      0,
      0,
      0,
      0,
      0,
      0,
      0,
      289,
      289,
      289,
      289,
      289,
      289,
      289,
      289,
      289,
      289,
      289,
      289,
      289,
      289,
      289,
      289,
      289,
      289,
      289,
      289,
      289,
      300,
      300,
      300,
      300,
      346,
      346,
      277,
      301,
      301,
      301,
      301,
      301,
      301,
      301,
      301,
      301,
      0,
      0,
      0,
      0,
      0,
      0,
      0,
      0,
      0,
      0,
      0,
      0,
      0,
      0,
      0,
      0,
      0,
      286,
      286,
      286,
      286,
      286,
      286,
      286,
      286,
      286,
      0,
      0,
      0,
      0,
      0,
      0,
      0,
      0,
      0,
      0,
      335,
      335,
      296,
      296,
      296,
      296,
      296,
      296,
      296,
      296,
      314,
      314,
      314,
      314,
      314,
      290,
      280,
      280,
      280,
      280,
      280,
      280,
      280,
      280,
      280,
      280,
      280,
      280,
      280,
      280,
      308,
      308,
      308,
      308,
      308,
      308,
      308,
      308,
      0,
      0,
      0,
      0,
      327,
      327,
      327,
      327,
      327,
      327,
      327,
      327,
      0,
      0,
      0,
      0,
      0,
      0,
      0,
      0,
      0,
      0,
      0,
      0,
      0,
      0,
      0,
      0,
      0,
      0,
      0,
      0,
      0,
      281,
      281,
      281,
      281,
      0,
      282,
      282,
      282,
      282,
      281,
      309,
      309,
      309,
      309,
      309,
      309,
      309,
      283,
      283,
      283,
      283,
      283,
      283,
      283,
      283,
      283,
      283,
      283,
      316,
      316,
      316,
      316,
      316,
      0,
      0,
      0,
      0,
      0,
      0,
      310,
      310,
      310,
      310,
      310,
      310,
      310,
      310,
      310,
      310,
      330,
      0,
      0,
      0,
      0,
      0,
      0,
      0,
      0,
      0,
      0,
      0,
      0,
      0,
      0,
      0,
      0,
      0,
      0,
      0,
      321,
      321,
      321,
      293,
      293,
      293,
      293,
      293,
      293,
      317,
      317,
      317,
      317,
      317,
      317,
      317,
      304,
      304,
      304,
      304,
      304,
      304,
      304,
      304,
      304,
      304,
      291,
      291,
      291,
      291,
      291,
      291,
      291,
      291,
      291,
      291,
      291,
      311,
      311,
      311,
      311,
      311,
      311,
      311,
      311,
      297,
      297,
      297,
      297,
      297,
      297,
      297,
      297,
      297,
      274,
      274,
      274,
      274,
      274,
      274,
      274,
      274,
      302,
      302,
      302,
      302,
      302,
      302,
      302,
      302,
      302,
      302,
      302,
      302,
      306,
      306,
      306,
      306,
      306,
      306,
      306,
      306,
      275,
      275,
      275,
      275,
      312,
      312,
      312,
      312,
      312,
      312,
      312,
      312,
      0,
      0,
      0,
      0,
      0,
      0,
      0,
      0,
      0,
      0,
      0,
      0,
      0,
      0,
      307,
      307,
      307,
      307,
      307,
      307,
      307,
      307,
      307,
      331,
      331,
      331,
      331,
      331,
      331,
      331,
      331,
      331,
      331,
      331,
      331,
      331,
      298,
      298,
      298,
      298,
      298,
      298,
      298,
      305,
      305,
      305,
      305,
      305,
      305,
      305,
      305,
      305,
      305,
      292,
      292,
      292,
      292,
      292,
      292,
      0,
      0,
      0,
      0,
      0,
      0,
      0,
      0,
      0,
      0,
      0,
      0,
      0,
      0,
      0,
      0,
      0,
      332,
      332,
      332,
      332,
      0,
      0,
      0,
      0,
      318,
      318,
      318,
      318,
      318,
      318,
      318
    ],
    [
      313,
      313,
      313,
      313,
      313,
      313,
      299,
      299,
      299,
      299,
      299,
      299,
      299,
      299,
      322,
      322,
      303,
      303,
      303,
      303,
      303,
      303,
      323,
      323,
      323,
      323,
      323,
      323,
      323,
      323,
      323,
      323,
      295,
      295,
      295,
      295,
      295,
      295,
      295,
      324,
      324,
      319,
      319,
      0,
      0,
      0,
      0,
      0,
      0,
      0,
      0,
      0,
      0,
      0,
      0,
      0,
      0,
      0,
      0,
      0,
      0,
      0,
      0,
      0,
      0,
      0,
      0,
      0,
      0,
      0,
      0,
      0,
      0,
      0,
      0,
      0,
      0,
      0,
      0,
      0,
      0,
      0,
      0,
      0,
      0,
      0,
      0,
      0,
      0,
      0,
      0,
      0,
      0,
      0,
      0,
      0,
      0,
      0,
      0,
      0,
      0,
      0,
      0,
      0,
      0,
      0,
      0,
      0,
      0,
      0,
      0,
      0,
      0,
      0,
      289,
      289,
      289,
      289,
      289,
      289,
      289,
      289,
      289,
      289,
      289,
      289,
      289,
      289,
      289,
      289,
      289,
      289,
      289,
      289,
      289,
      300,
      300,
      300,
      300,
      346,
      346,
      346,
      301,
      301,
      301,
      301,
      301,
      301,
      301,
      301,
      301,
      0,
      0,
      0,
      0,
      0,
      0,
      0,
      0,
      0,
      0,
      0,
      0,
      0,
      0,
      0,
      0,
      0,
      286,
      286,
      286,
      286,
      286,
      286,
      286,
      320,
      320,
      320,
      320,
      320,
      320,
      320,
      0,
      0,
      0,
      0,
      335,
      335,
      335,
      296,
      296,
      296,
      296,
      296,
      296,
      296,
      314,
      314,
      314,
      314,
      314,
      314,
      314,
      280,
      280,
      280,
      280,
      280,
      315,
      280,
      280,
      280,
      280,
      280,
      280,
      280,
      280,
      308,
      308,
      308,
      308,
      308,
      308,
      308,
      308,
      0,
      0,
      0,
      0,
      327,
      327,
      327,
      327,
      327,
      327,
      327,
      327,
      0,
      0,
      0,
      0,
      0,
      0,
      0,
      0,
      0,
      0,
      0,
      0,
      0,
      0,
      0,
      0,
      0,
      0,
      0,
      0,
      0,
      281,
      281,
      281,
      281,
      281,
      282,
      281,
      281,
      281,
      281,
      309,
      309,
      309,
      309,
      309,
      309,
      309,
      309,
      355,
      283,
      283,
      283,
      283,
      283,
      283,
      283,
      283,
      316,
      316,
      316,
      316,
      316,
      316,
      0,
      0,
      0,
      0,
      0,
      0,
      310,
      310,
      310,
      310,
      310,
      310,
      310,
      310,
      310,
      310,
      330,
      330,
      0,
      0,
      0,
      0,
      0,
      0,
      0,
      0,
      0,
      0,
      0,
      0,
      0,
      0,
      0,
      0,
      0,
      0,
      321,
      321,
      321,
      293,
      293,
      293,
      293,
      293,
      317,
      317,
      317,
      317,
      317,
      317,
      317,
      317,
      304,
      304,
      304,
      304,
      304,
      304,
      304,
      304,
      304,
      304,
      291,
      291,
      291,
      291,
      291,
      291,
      291,
      291,
      291,
      291,
      291,
      291,
      311,
      311,
      311,
      311,
      311,
      311,
      311,
      297,
      297,
      0,
      0,
      0,
      0,
      0,
      297,
      297,
      274,
      274,
      329,
      329,
      329,
      329,
      329,
      329,
      329,
      302,
      302,
      302,
      302,
      302,
      302,
      302,
      302,
      302,
      302,
      302,
      306,
      306,
      306,
      306,
      306,
      306,
      306,
      306,
      275,
      275,
      275,
      275,
      312,
      312,
      312,
      312,
      312,
      312,
      312,
      312,
      312,
      0,
      0,
      0,
      0,
      0,
      0,
      0,
      0,
      0,
      0,
      0,
      0,
      0,
      307,
      307,
      307,
      307,
      307,
      307,
      307,
      307,
      307,
      331,
      331,
      331,
      331,
      331,
      331,
      331,
      331,
      331,
      331,
      331,
      331,
      331,
      331,
      331,
      305,
      305,
      305,
      305,
      305,
      305,
      305,
      305,
      305,
      305,
      305,
      305,
      305,
      305,
      305,
      305,
      292,
      292,
      292,
      292,
      292,
      0,
      0,
      0,
      0,
      0,
      0,
      0,
      0,
      0,
      0,
      0,
      0,
      0,
      0,
      0,
      332,
      332,
      332,
      332,
      332,
      332,
      0,
      0,
      0,
      318,
      318,
      318,
      318,
      318,
      318,
      318,
      318
    ],
    [
      313,
      313,
      313,
      313,
      313,
      313,
      299,
      299,
      299,
      299,
      299,
      299,
      299,
      299,
      322,
      322,
      303,
      303,
      303,
      303,
      303,
      303,
      323,
      323,
      323,
      323,
      323,
      323,
      323,
      323,
      323,
      323,
      323,
      324,
      324,
      324,
      324,
      324,
      324,
      324,
      324,
      319,
      319,
      319,
      319,
      319,
      319,
      319,
      319,
      319,
      319,
      319,
      319,
      319,
      319,
      319,
      319,
      319,
      319,
      319,
      319,
      0,
      0,
      0,
      0,
      0,
      0,
      0,
      0,
      0,
      0,
      0,
      0,
      0,
      0,
      0,
      0,
      0,
      0,
      0,
      0,
      0,
      0,
      0,
      0,
      0,
      0,
      0,
      0,
      0,
      0,
      0,
      0,
      0,
      0,
      0,
      0,
      0,
      0,
      0,
      0,
      0,
      0,
      0,
      0,
      0,
      0,
      0,
      0,
      0,
      0,
      0,
      0,
      0,
      289,
      289,
      289,
      289,
      289,
      289,
      289,
      289,
      289,
      289,
      289,
      289,
      289,
      289,
      289,
      289,
      289,
      289,
      289,
      289,
      289,
      289,
      300,
      300,
      300,
      346,
      346,
      346,
      301,
      301,
      301,
      301,
      301,
      301,
      301,
      301,
      301,
      301,
      0,
      0,
      0,
      0,
      0,
      0,
      0,
      0,
      0,
      0,
      0,
      0,
      0,
      0,
      0,
      0,
      286,
      286,
      286,
      286,
      286,
      286,
      320,
      320,
      320,
      320,
      320,
      320,
      320,
      320,
      0,
      0,
      0,
      0,
      335,
      335,
      335,
      335,
      335,
      314,
      314,
      314,
      314,
      314,
      314,
      314,
      314,
      314,
      314,
      314,
      314,
      315,
      315,
      315,
      315,
      315,
      315,
      280,
      280,
      280,
      280,
      280,
      280,
      280,
      308,
      308,
      308,
      308,
      308,
      308,
      308,
      308,
      0,
      0,
      0,
      0,
      0,
      327,
      327,
      327,
      327,
      327,
      327,
      327,
      0,
      0,
      0,
      0,
      0,
      0,
      0,
      0,
      0,
      0,
      0,
      0,
      0,
      0,
      0,
      0,
      0,
      0,
      0,
      0,
      0,
      0,
      0,
      281,
      281,
      281,
      281,
      282,
      281,
      281,
      281,
      281,
      309,
      309,
      309,
      309,
      309,
      309,
      309,
      309,
      355,
      355,
      355,
      0,
      0,
      0,
      0,
      0,
      316,
      316,
      316,
      316,
      316,
      316,
      316,
      0,
      0,
      0,
      0,
      0,
      0,
      310,
      310,
      310,
      310,
      310,
      310,
      310,
      310,
      310,
      310,
      330,
      330,
      330,
      330,
      0,
      0,
      0,
      0,
      0,
      0,
      0,
      0,
      0,
      0,
      0,
      0,
      0,
      0,
      0,
      0,
      321,
      321,
      321,
      321,
      321,
      321,
      321,
      321,
      317,
      317,
      317,
      317,
      317,
      317,
      317,
      317,
      304,
      304,
      304,
      304,
      304,
      304,
      304,
      304,
      304,
      304,
      304,
      304,
      304,
      304,
      304,
      291,
      291,
      291,
      291,
      291,
      311,
      311,
      311,
      311,
      311,
      311,
      311,
      311,
      311,
      297,
      0,
      0,
      0,
      0,
      0,
      0,
      297,
      297,
      274,
      274,
      329,
      329,
      329,
      329,
      329,
      329,
      329,
      329,
      302,
      302,
      302,
      302,
      302,
      302,
      302,
      302,
      302,
      302,
      306,
      306,
      306,
      306,
      306,
      306,
      306,
      306,
      275,
      0,
      0,
      312,
      312,
      312,
      312,
      312,
      312,
      312,
      312,
      312,
      312,
      0,
      0,
      0,
      0,
      0,
      0,
      0,
      0,
      0,
      0,
      0,
      0,
      0,
      307,
      307,
      307,
      307,
      307,
      307,
      307,
      307,
      307,
      331,
      331,
      331,
      331,
      331,
      331,
      331,
      331,
      331,
      331,
      331,
      331,
      331,
      331,
      331,
      331,
      305,
      305,
      305,
      305,
      305,
      305,
      305,
      305,
      305,
      305,
      305,
      305,
      305,
      305,
      305,
      305,
      305,
      305,
      292,
      292,
      0,
      0,
      0,
      0,
      0,
      0,
      0,
      0,
      0,
      0,
      0,
      0,
      0,
      0,
      0,
      332,
      332,
      332,
      332,
      332,
      332,
      0,
      0,
      332,
      318,
      318,
      318,
      318,
      318,
      318,
      318,
      318
    ],
    [
      313,
      313,
      313,
      313,
      313,
      313,
      299,
      299,
      299,
      299,
      299,
      299,
      299,
      299,
      322,
      322,
      322,
      303,
      303,
      303,
      322,
      322,
      323,
      323,
      323,
      323,
      323,
      323,
      323,
      323,
      323,
      323,
      323,
      324,
      324,
      324,
      324,
      324,
      324,
      324,
      324,
      319,
      319,
      319,
      319,
      319,
      319,
      319,
      319,
      319,
      319,
      319,
      319,
      319,
      319,
      319,
      319,
      319,
      319,
      319,
      319,
      319,
      319,
      0,
      0,
      0,
      0,
      0,
      0,
      0,
      0,
      0,
      0,
      0,
      0,
      0,
      0,
      0,
      0,
      0,
      326,
      326,
      326,
      326,
      326,
      0,
      0,
      0,
      0,
      0,
      0,
      0,
      0,
      0,
      0,
      0,
      0,
      0,
      0,
      0,
      0,
      0,
      0,
      0,
      0,
      0,
      0,
      0,
      0,
      0,
      0,
      0,
      0,
      0,
      0,
      0,
      0,
      0,
      0,
      0,
      0,
      0,
      0,
      0,
      0,
      0,
      0,
      289,
      289,
      289,
      289,
      289,
      289,
      289,
      289,
      289,
      333,
      346,
      346,
      346,
      346,
      346,
      346,
      301,
      301,
      301,
      301,
      301,
      301,
      301,
      301,
      301,
      301,
      301,
      0,
      0,
      0,
      0,
      0,
      0,
      0,
      0,
      0,
      0,
      0,
      0,
      0,
      0,
      286,
      286,
      286,
      286,
      286,
      286,
      320,
      320,
      320,
      320,
      320,
      320,
      320,
      320,
      0,
      0,
      0,
      0,
      335,
      335,
      335,
      335,
      335,
      335,
      314,
      314,
      314,
      314,
      314,
      314,
      314,
      314,
      314,
      314,
      314,
      314,
      315,
      315,
      315,
      315,
      315,
      280,
      280,
      280,
      280,
      280,
      308,
      308,
      308,
      308,
      308,
      308,
      308,
      308,
      327,
      327,
      327,
      327,
      327,
      327,
      327,
      327,
      327,
      327,
      327,
      327,
      327,
      327,
      0,
      0,
      0,
      0,
      0,
      0,
      0,
      0,
      0,
      0,
      0,
      0,
      0,
      0,
      0,
      0,
      0,
      0,
      0,
      0,
      0,
      0,
      0,
      282,
      282,
      282,
      282,
      282,
      281,
      281,
      281,
      281,
      309,
      309,
      309,
      309,
      309,
      309,
      309,
      309,
      355,
      355,
      355,
      0,
      0,
      0,
      0,
      0,
      316,
      316,
      316,
      316,
      316,
      316,
      316,
      0,
      0,
      0,
      0,
      0,
      0,
      310,
      310,
      310,
      310,
      310,
      310,
      310,
      310,
      310,
      310,
      330,
      330,
      330,
      330,
      330,
      0,
      0,
      0,
      330,
      328,
      328,
      328,
      328,
      328,
      328,
      328,
      328,
      328,
      328,
      328,
      321,
      321,
      321,
      321,
      321,
      321,
      321,
      321,
      317,
      317,
      317,
      317,
      317,
      317,
      317,
      317,
      304,
      304,
      304,
      304,
      304,
      304,
      304,
      304,
      304,
      304,
      304,
      304,
      304,
      304,
      304,
      304,
      291,
      291,
      291,
      291,
      311,
      311,
      311,
      311,
      311,
      311,
      311,
      311,
      311,
      0,
      0,
      0,
      0,
      0,
      0,
      0,
      297,
      297,
      274,
      345,
      329,
      329,
      329,
      329,
      329,
      329,
      329,
      329,
      0,
      302,
      302,
      302,
      0,
      0,
      0,
      0,
      0,
      0,
      306,
      306,
      306,
      306,
      306,
      306,
      306,
      0,
      0,
      0,
      0,
      312,
      312,
      312,
      312,
      312,
      312,
      312,
      312,
      0,
      0,
      0,
      0,
      0,
      0,
      0,
      0,
      0,
      0,
      0,
      0,
      0,
      0,
      0,
      307,
      307,
      307,
      307,
      307,
      307,
      307,
      307,
      307,
      331,
      331,
      331,
      331,
      331,
      331,
      331,
      331,
      331,
      331,
      331,
      331,
      331,
      331,
      331,
      331,
      305,
      305,
      305,
      305,
      305,
      305,
      305,
      305,
      305,
      305,
      305,
      305,
      305,
      305,
      305,
      305,
      305,
      305,
      305,
      0,
      0,
      0,
      0,
      0,
      0,
      0,
      0,
      0,
      0,
      0,
      0,
      0,
      0,
      0,
      0,
      332,
      332,
      332,
      332,
      332,
      332,
      332,
      332,
      332,
      318,
      318,
      318,
      318,
      318,
      318,
      318,
      318
    ],
    [
      313,
      313,
      313,
      313,
      313,
      313,
      299,
      299,
      299,
      299,
      299,
      299,
      299,
      299,
      322,
      322,
      322,
      322,
      322,
      322,
      322,
      322,
      323,
      323,
      323,
      323,
      323,
      323,
      323,
      323,
      323,
      323,
      323,
      323,
      323,
      324,
      324,
      324,
      324,
      324,
      324,
      319,
      319,
      319,
      319,
      319,
      319,
      319,
      319,
      319,
      319,
      325,
      325,
      325,
      325,
      325,
      325,
      325,
      325,
      325,
      325,
      325,
      325,
      325,
      0,
      0,
      0,
      0,
      0,
      0,
      0,
      0,
      0,
      0,
      0,
      326,
      326,
      326,
      326,
      326,
      326,
      326,
      326,
      326,
      326,
      326,
      326,
      326,
      0,
      0,
      0,
      0,
      0,
      0,
      0,
      0,
      0,
      0,
      0,
      0,
      0,
      0,
      0,
      0,
      0,
      0,
      0,
      0,
      0,
      0,
      0,
      0,
      0,
      0,
      0,
      0,
      0,
      0,
      0,
      0,
      0,
      0,
      0,
      0,
      0,
      0,
      0,
      289,
      289,
      289,
      339,
      333,
      333,
      333,
      333,
      333,
      333,
      346,
      346,
      346,
      346,
      346,
      346,
      301,
      301,
      301,
      301,
      301,
      301,
      301,
      301,
      301,
      301,
      301,
      301,
      0,
      0,
      0,
      0,
      0,
      0,
      0,
      0,
      0,
      0,
      0,
      0,
      0,
      286,
      286,
      286,
      286,
      286,
      0,
      320,
      320,
      320,
      320,
      320,
      320,
      320,
      320,
      0,
      335,
      335,
      335,
      335,
      335,
      335,
      335,
      335,
      335,
      314,
      314,
      314,
      314,
      314,
      314,
      314,
      314,
      314,
      314,
      314,
      314,
      315,
      315,
      315,
      315,
      315,
      315,
      315,
      315,
      315,
      308,
      308,
      308,
      308,
      308,
      308,
      308,
      308,
      327,
      327,
      327,
      327,
      327,
      327,
      327,
      327,
      327,
      327,
      327,
      327,
      327,
      327,
      0,
      0,
      0,
      0,
      0,
      0,
      0,
      0,
      0,
      0,
      0,
      0,
      0,
      0,
      0,
      0,
      0,
      0,
      0,
      0,
      0,
      0,
      0,
      0,
      281,
      281,
      281,
      281,
      281,
      281,
      281,
      281,
      281,
      309,
      309,
      309,
      309,
      309,
      309,
      309,
      309,
      355,
      355,
      355,
      0,
      0,
      0,
      0,
      0,
      316,
      316,
      316,
      316,
      316,
      316,
      316,
      0,
      0,
      0,
      0,
      0,
      310,
      310,
      310,
      310,
      310,
      310,
      310,
      310,
      310,
      310,
      310,
      330,
      330,
      330,
      330,
      330,
      330,
      330,
      330,
      330,
      328,
      328,
      328,
      328,
      328,
      328,
      328,
      328,
      328,
      328,
      328,
      321,
      321,
      321,
      321,
      321,
      321,
      321,
      321,
      317,
      317,
      317,
      317,
      317,
      317,
      317,
      317,
      317,
      317,
      304,
      304,
      304,
      304,
      304,
      304,
      304,
      304,
      304,
      304,
      304,
      304,
      304,
      304,
      304,
      291,
      291,
      291,
      311,
      311,
      311,
      311,
      311,
      311,
      311,
      311,
      0,
      0,
      0,
      0,
      0,
      0,
      0,
      0,
      297,
      297,
      345,
      345,
      329,
      329,
      329,
      329,
      329,
      329,
      329,
      329,
      0,
      0,
      302,
      302,
      0,
      0,
      0,
      0,
      0,
      0,
      0,
      0,
      0,
      0,
      0,
      0,
      0,
      0,
      0,
      0,
      0,
      312,
      312,
      312,
      312,
      312,
      312,
      312,
      312,
      0,
      0,
      0,
      0,
      0,
      0,
      0,
      0,
      0,
      0,
      0,
      0,
      0,
      0,
      0,
      307,
      307,
      307,
      307,
      307,
      307,
      307,
      307,
      307,
      331,
      331,
      331,
      331,
      331,
      331,
      331,
      331,
      331,
      331,
      331,
      331,
      331,
      331,
      331,
      331,
      305,
      305,
      305,
      305,
      305,
      305,
      305,
      305,
      305,
      305,
      305,
      305,
      305,
      305,
      305,
      305,
      305,
      305,
      305,
      0,
      0,
      0,
      0,
      0,
      0,
      0,
      0,
      0,
      0,
      0,
      0,
      0,
      0,
      332,
      332,
      332,
      332,
      332,
      332,
      332,
      332,
      332,
      332,
      332,
      318,
      318,
      318,
      318,
      318,
      318,
      318,
      318
    ],
    [
      313,
      313,
      313,
      313,
      313,
      313,
      299,
      299,
      299,
      299,
      299,
      299,
      299,
      299,
      322,
      322,
      322,
      322,
      322,
      322,
      322,
      322,
      323,
      323,
      323,
      323,
      323,
      323,
      323,
      323,
      323,
      323,
      323,
      323,
      323,
      324,
      324,
      324,
      324,
      324,
      324,
      324,
      319,
      319,
      319,
      319,
      319,
      319,
      319,
      319,
      325,
      325,
      325,
      325,
      325,
      325,
      325,
      325,
      337,
      337,
      337,
      337,
      337,
      337,
      0,
      0,
      0,
      0,
      0,
      0,
      0,
      0,
      0,
      0,
      0,
      326,
      326,
      326,
      326,
      326,
      326,
      326,
      326,
      326,
      326,
      326,
      326,
      326,
      0,
      0,
      0,
      0,
      0,
      0,
      0,
      0,
      0,
      0,
      0,
      0,
      0,
      0,
      0,
      0,
      0,
      0,
      0,
      0,
      0,
      0,
      0,
      0,
      0,
      0,
      0,
      0,
      0,
      0,
      0,
      0,
      0,
      0,
      0,
      0,
      0,
      0,
      0,
      289,
      339,
      339,
      339,
      333,
      333,
      333,
      333,
      333,
      333,
      346,
      346,
      346,
      346,
      346,
      346,
      346,
      346,
      346,
      301,
      301,
      301,
      334,
      334,
      334,
      334,
      334,
      334,
      0,
      0,
      0,
      0,
      0,
      0,
      0,
      0,
      0,
      0,
      0,
      0,
      0,
      0,
      0,
      286,
      286,
      286,
      0,
      320,
      320,
      320,
      320,
      320,
      320,
      320,
      335,
      335,
      335,
      335,
      335,
      335,
      335,
      335,
      335,
      335,
      335,
      314,
      314,
      314,
      314,
      314,
      314,
      314,
      314,
      314,
      314,
      314,
      314,
      315,
      315,
      315,
      315,
      315,
      315,
      315,
      315,
      308,
      308,
      308,
      308,
      308,
      308,
      308,
      308,
      327,
      327,
      327,
      327,
      327,
      327,
      327,
      327,
      327,
      327,
      327,
      327,
      327,
      327,
      327,
      0,
      0,
      0,
      0,
      0,
      0,
      0,
      0,
      0,
      0,
      0,
      0,
      0,
      0,
      0,
      0,
      0,
      0,
      0,
      0,
      341,
      341,
      341,
      341,
      341,
      341,
      281,
      281,
      281,
      281,
      281,
      281,
      281,
      309,
      309,
      309,
      309,
      309,
      309,
      309,
      309,
      355,
      355,
      355,
      0,
      0,
      0,
      0,
      0,
      316,
      316,
      316,
      316,
      316,
      316,
      316,
      0,
      0,
      0,
      0,
      0,
      310,
      310,
      310,
      310,
      310,
      310,
      310,
      310,
      310,
      310,
      310,
      330,
      330,
      330,
      330,
      330,
      330,
      330,
      330,
      330,
      328,
      328,
      328,
      328,
      328,
      328,
      328,
      328,
      328,
      328,
      328,
      321,
      321,
      321,
      321,
      321,
      321,
      321,
      321,
      317,
      317,
      317,
      317,
      317,
      317,
      317,
      317,
      317,
      317,
      317,
      304,
      304,
      304,
      304,
      304,
      304,
      304,
      304,
      338,
      338,
      338,
      338,
      338,
      338,
      338,
      291,
      291,
      311,
      311,
      0,
      0,
      311,
      311,
      311,
      311,
      0,
      0,
      0,
      0,
      0,
      0,
      0,
      345,
      345,
      345,
      345,
      345,
      329,
      329,
      329,
      329,
      329,
      329,
      329,
      329,
      0,
      0,
      0,
      0,
      0,
      0,
      0,
      0,
      0,
      0,
      0,
      0,
      0,
      0,
      0,
      0,
      0,
      0,
      0,
      0,
      0,
      312,
      312,
      312,
      312,
      312,
      312,
      312,
      312,
      0,
      0,
      0,
      0,
      0,
      0,
      0,
      0,
      0,
      0,
      0,
      0,
      0,
      0,
      0,
      0,
      0,
      0,
      0,
      0,
      0,
      0,
      0,
      0,
      331,
      331,
      331,
      331,
      331,
      331,
      331,
      331,
      331,
      331,
      331,
      331,
      331,
      331,
      331,
      331,
      331,
      305,
      305,
      305,
      305,
      305,
      305,
      305,
      305,
      305,
      305,
      305,
      305,
      305,
      305,
      305,
      0,
      0,
      0,
      0,
      0,
      0,
      0,
      0,
      0,
      0,
      0,
      0,
      0,
      0,
      0,
      0,
      0,
      332,
      332,
      332,
      332,
      332,
      332,
      332,
      332,
      332,
      332,
      332,
      318,
      318,
      318,
      318,
      318,
      318,
      318,
      318
    ],
    [
      313,
      313,
      313,
      313,
      313,
      313,
      299,
      336,
      336,
      336,
      336,
      299,
      299,
      299,
      322,
      322,
      322,
      322,
      322,
      322,
      322,
      322,
      323,
      323,
      323,
      323,
      323,
      323,
      323,
      323,
      323,
      323,
      323,
      323,
      323,
      324,
      324,
      324,
      324,
      324,
      324,
      324,
      351,
      319,
      319,
      319,
      319,
      319,
      319,
      319,
      325,
      325,
      325,
      325,
      325,
      325,
      325,
      325,
      337,
      337,
      337,
      337,
      337,
      337,
      0,
      0,
      0,
      0,
      0,
      0,
      0,
      353,
      0,
      0,
      0,
      326,
      326,
      326,
      326,
      326,
      326,
      326,
      326,
      326,
      326,
      326,
      326,
      326,
      0,
      0,
      0,
      0,
      0,
      0,
      0,
      0,
      0,
      0,
      0,
      0,
      0,
      0,
      0,
      0,
      0,
      0,
      0,
      0,
      0,
      0,
      0,
      0,
      0,
      0,
      0,
      0,
      0,
      0,
      0,
      0,
      0,
      0,
      0,
      0,
      0,
      0,
      0,
      289,
      339,
      339,
      339,
      333,
      333,
      333,
      333,
      333,
      333,
      346,
      346,
      346,
      346,
      346,
      346,
      346,
      346,
      346,
      301,
      301,
      301,
      334,
      334,
      334,
      334,
      334,
      334,
      334,
      0,
      0,
      0,
      0,
      0,
      0,
      0,
      0,
      0,
      0,
      0,
      0,
      0,
      0,
      0,
      0,
      0,
      0,
      320,
      320,
      320,
      320,
      320,
      320,
      335,
      335,
      335,
      335,
      335,
      335,
      335,
      335,
      335,
      0,
      0,
      0,
      0,
      0,
      0,
      0,
      0,
      0,
      0,
      0,
      0,
      0,
      0,
      0,
      0,
      0,
      0,
      0,
      0,
      0,
      0,
      0,
      0,
      0,
      0,
      308,
      308,
      308,
      308,
      308,
      327,
      327,
      327,
      327,
      327,
      327,
      327,
      327,
      327,
      327,
      340,
      340,
      340,
      340,
      340,
      340,
      0,
      0,
      0,
      0,
      0,
      0,
      0,
      0,
      0,
      0,
      0,
      0,
      0,
      0,
      0,
      0,
      0,
      0,
      341,
      341,
      341,
      341,
      341,
      341,
      341,
      341,
      281,
      281,
      281,
      281,
      281,
      281,
      309,
      309,
      309,
      309,
      309,
      309,
      309,
      355,
      355,
      355,
      355,
      355,
      355,
      355,
      0,
      0,
      316,
      316,
      316,
      316,
      316,
      316,
      316,
      0,
      0,
      0,
      0,
      0,
      310,
      310,
      310,
      310,
      310,
      310,
      310,
      310,
      310,
      310,
      330,
      330,
      330,
      330,
      330,
      330,
      330,
      330,
      330,
      330,
      328,
      328,
      328,
      328,
      328,
      328,
      328,
      328,
      328,
      328,
      328,
      321,
      321,
      321,
      321,
      321,
      321,
      321,
      321,
      317,
      317,
      317,
      317,
      317,
      317,
      317,
      317,
      317,
      317,
      317,
      304,
      304,
      304,
      304,
      304,
      304,
      304,
      338,
      338,
      338,
      338,
      338,
      338,
      338,
      338,
      291,
      291,
      311,
      311,
      0,
      0,
      0,
      0,
      0,
      0,
      0,
      0,
      0,
      0,
      0,
      0,
      0,
      345,
      345,
      345,
      345,
      345,
      329,
      329,
      329,
      329,
      329,
      329,
      329,
      329,
      0,
      0,
      0,
      0,
      0,
      0,
      0,
      0,
      0,
      0,
      0,
      0,
      0,
      0,
      0,
      0,
      0,
      0,
      0,
      0,
      0,
      0,
      0,
      312,
      312,
      312,
      312,
      312,
      312,
      0,
      0,
      0,
      0,
      0,
      0,
      0,
      0,
      0,
      0,
      0,
      0,
      0,
      0,
      0,
      0,
      0,
      0,
      0,
      0,
      331,
      331,
      331,
      331,
      331,
      331,
      331,
      331,
      331,
      331,
      331,
      331,
      331,
      331,
      331,
      331,
      331,
      331,
      331,
      331,
      331,
      331,
      0,
      0,
      305,
      305,
      305,
      305,
      305,
      305,
      305,
      305,
      305,
      305,
      305,
      305,
      0,
      0,
      0,
      0,
      0,
      0,
      0,
      0,
      0,
      0,
      0,
      0,
      0,
      0,
      0,
      0,
      0,
      332,
      332,
      332,
      332,
      332,
      332,
      332,
      332,
      332,
      332,
      332,
      332,
      332,
      332,
      332,
      332,
      332,
      332,
      332
    ],
    [
      313,
      313,
      313,
      313,
      313,
      313,
      299,
      336,
      336,
      336,
      336,
      299,
      299,
      299,
      322,
      322,
      342,
      342,
      342,
      342,
      342,
      342,
      323,
      323,
      323,
      323,
      323,
      323,
      323,
      323,
      323,
      323,
      323,
      323,
      343,
      343,
      343,
      343,
      343,
      343,
      343,
      351,
      351,
      351,
      319,
      319,
      319,
      319,
      319,
      319,
      325,
      325,
      325,
      325,
      325,
      325,
      325,
      325,
      337,
      337,
      337,
      337,
      337,
      337,
      353,
      0,
      0,
      0,
      0,
      0,
      0,
      353,
      353,
      353,
      0,
      326,
      326,
      326,
      326,
      326,
      326,
      326,
      326,
      326,
      326,
      326,
      326,
      326,
      0,
      0,
      0,
      0,
      0,
      0,
      0,
      0,
      0,
      0,
      0,
      0,
      0,
      0,
      0,
      0,
      0,
      0,
      0,
      0,
      0,
      0,
      0,
      0,
      0,
      0,
      0,
      0,
      0,
      0,
      0,
      0,
      0,
      0,
      0,
      339,
      339,
      339,
      339,
      339,
      339,
      339,
      339,
      333,
      333,
      333,
      333,
      333,
      333,
      346,
      346,
      346,
      346,
      346,
      346,
      346,
      346,
      346,
      301,
      301,
      301,
      334,
      334,
      334,
      334,
      334,
      334,
      334,
      0,
      0,
      0,
      0,
      0,
      0,
      0,
      0,
      0,
      0,
      0,
      0,
      0,
      0,
      0,
      0,
      0,
      0,
      320,
      320,
      320,
      320,
      320,
      0,
      0,
      335,
      335,
      335,
      335,
      335,
      335,
      335,
      335,
      0,
      0,
      0,
      0,
      0,
      0,
      0,
      0,
      0,
      0,
      0,
      0,
      0,
      0,
      0,
      0,
      0,
      0,
      0,
      0,
      0,
      0,
      0,
      0,
      0,
      0,
      308,
      308,
      308,
      327,
      327,
      327,
      327,
      327,
      327,
      327,
      327,
      327,
      327,
      327,
      327,
      340,
      340,
      340,
      340,
      340,
      340,
      340,
      340,
      340,
      340,
      340,
      340,
      340,
      340,
      340,
      0,
      0,
      0,
      0,
      0,
      0,
      0,
      0,
      0,
      341,
      341,
      341,
      341,
      341,
      341,
      341,
      341,
      341,
      281,
      281,
      281,
      281,
      281,
      281,
      281,
      281,
      281,
      281,
      355,
      355,
      355,
      355,
      355,
      355,
      355,
      355,
      355,
      355,
      355,
      355,
      316,
      316,
      316,
      316,
      316,
      316,
      0,
      0,
      0,
      310,
      310,
      310,
      310,
      310,
      310,
      310,
      310,
      310,
      310,
      330,
      330,
      330,
      330,
      330,
      330,
      330,
      330,
      330,
      330,
      330,
      330,
      330,
      328,
      328,
      328,
      328,
      328,
      328,
      328,
      328,
      328,
      328,
      321,
      321,
      321,
      321,
      321,
      321,
      321,
      321,
      317,
      360,
      360,
      360,
      360,
      360,
      360,
      360,
      360,
      360,
      360,
      360,
      360,
      360,
      304,
      304,
      304,
      304,
      338,
      338,
      338,
      338,
      338,
      338,
      338,
      338,
      338,
      291,
      311,
      311,
      0,
      0,
      0,
      0,
      0,
      0,
      0,
      0,
      0,
      0,
      0,
      0,
      0,
      345,
      345,
      345,
      345,
      345,
      329,
      329,
      329,
      329,
      329,
      329,
      329,
      329,
      0,
      0,
      0,
      0,
      0,
      0,
      0,
      0,
      0,
      0,
      0,
      0,
      0,
      0,
      0,
      0,
      0,
      0,
      0,
      0,
      0,
      0,
      0,
      312,
      312,
      312,
      312,
      312,
      312,
      0,
      0,
      0,
      0,
      0,
      0,
      0,
      0,
      0,
      0,
      0,
      0,
      0,
      0,
      0,
      0,
      0,
      0,
      0,
      0,
      0,
      0,
      0,
      0,
      0,
      0,
      0,
      0,
      0,
      331,
      331,
      331,
      331,
      331,
      0,
      0,
      0,
      0,
      0,
      0,
      0,
      0,
      0,
      0,
      305,
      305,
      305,
      305,
      305,
      305,
      0,
      0,
      0,
      0,
      0,
      0,
      0,
      0,
      0,
      0,
      0,
      0,
      0,
      0,
      0,
      0,
      0,
      0,
      0,
      0,
      0,
      0,
      0,
      332,
      332,
      332,
      332,
      332,
      332,
      332,
      332,
      332,
      332,
      332,
      332,
      332,
      332,
      332,
      332,
      332,
      332,
      332
    ],
    [
      299,
      299,
      299,
      299,
      313,
      313,
      299,
      336,
      336,
      336,
      336,
      299,
      299,
      299,
      322,
      322,
      342,
      342,
      342,
      342,
      342,
      342,
      342,
      323,
      323,
      323,
      323,
      323,
      323,
      323,
      323,
      323,
      323,
      343,
      343,
      343,
      343,
      343,
      343,
      343,
      351,
      351,
      351,
      351,
      351,
      351,
      351,
      351,
      351,
      351,
      325,
      325,
      325,
      325,
      325,
      325,
      325,
      325,
      337,
      337,
      337,
      337,
      337,
      337,
      353,
      353,
      353,
      353,
      353,
      0,
      0,
      353,
      353,
      353,
      353,
      353,
      353,
      353,
      353,
      0,
      0,
      0,
      0,
      0,
      0,
      0,
      0,
      0,
      0,
      0,
      0,
      0,
      0,
      0,
      0,
      0,
      0,
      0,
      0,
      0,
      0,
      0,
      0,
      0,
      0,
      0,
      0,
      0,
      0,
      0,
      0,
      0,
      0,
      0,
      0,
      0,
      0,
      0,
      0,
      0,
      0,
      0,
      339,
      339,
      339,
      339,
      339,
      339,
      339,
      339,
      339,
      333,
      333,
      333,
      333,
      333,
      333,
      346,
      346,
      346,
      346,
      346,
      346,
      346,
      346,
      346,
      301,
      301,
      301,
      334,
      334,
      334,
      334,
      334,
      334,
      334,
      0,
      0,
      0,
      0,
      0,
      0,
      0,
      0,
      0,
      0,
      0,
      0,
      0,
      0,
      0,
      0,
      0,
      0,
      0,
      0,
      0,
      0,
      0,
      0,
      0,
      335,
      335,
      335,
      335,
      335,
      335,
      335,
      335,
      0,
      0,
      0,
      0,
      0,
      0,
      0,
      0,
      0,
      0,
      0,
      0,
      0,
      0,
      0,
      0,
      0,
      0,
      0,
      0,
      0,
      0,
      0,
      0,
      0,
      0,
      308,
      354,
      354,
      327,
      327,
      327,
      327,
      327,
      344,
      344,
      344,
      344,
      344,
      344,
      340,
      340,
      340,
      340,
      340,
      340,
      340,
      340,
      340,
      340,
      340,
      340,
      340,
      340,
      340,
      340,
      340,
      0,
      0,
      0,
      0,
      0,
      0,
      0,
      0,
      341,
      341,
      341,
      341,
      341,
      341,
      341,
      341,
      341,
      281,
      281,
      281,
      0,
      0,
      0,
      0,
      0,
      0,
      355,
      355,
      355,
      355,
      355,
      355,
      355,
      355,
      355,
      355,
      355,
      355,
      355,
      316,
      316,
      316,
      316,
      316,
      316,
      0,
      0,
      0,
      310,
      310,
      310,
      310,
      310,
      310,
      310,
      310,
      310,
      0,
      0,
      330,
      330,
      330,
      330,
      330,
      330,
      330,
      330,
      330,
      330,
      330,
      330,
      328,
      328,
      328,
      328,
      328,
      328,
      328,
      328,
      328,
      328,
      321,
      321,
      321,
      321,
      321,
      321,
      321,
      321,
      360,
      360,
      360,
      360,
      360,
      360,
      360,
      360,
      360,
      360,
      360,
      360,
      360,
      360,
      304,
      304,
      304,
      338,
      338,
      338,
      338,
      338,
      338,
      338,
      338,
      338,
      338,
      375,
      0,
      0,
      0,
      0,
      0,
      0,
      0,
      0,
      0,
      0,
      0,
      0,
      0,
      345,
      345,
      345,
      345,
      345,
      345,
      345,
      329,
      329,
      329,
      329,
      329,
      329,
      329,
      329,
      0,
      0,
      0,
      0,
      0,
      0,
      0,
      0,
      0,
      0,
      0,
      0,
      0,
      0,
      0,
      0,
      0,
      0,
      0,
      0,
      0,
      0,
      0,
      0,
      312,
      312,
      312,
      312,
      312,
      0,
      0,
      0,
      0,
      0,
      0,
      0,
      0,
      0,
      0,
      0,
      0,
      0,
      0,
      0,
      0,
      0,
      0,
      0,
      0,
      0,
      0,
      0,
      0,
      0,
      0,
      0,
      0,
      0,
      0,
      0,
      0,
      0,
      0,
      0,
      0,
      0,
      0,
      0,
      0,
      0,
      0,
      0,
      0,
      305,
      305,
      305,
      305,
      0,
      0,
      0,
      0,
      0,
      0,
      0,
      0,
      0,
      0,
      0,
      0,
      0,
      0,
      0,
      0,
      0,
      0,
      0,
      0,
      0,
      0,
      0,
      0,
      0,
      332,
      332,
      332,
      332,
      332,
      332,
      332,
      332,
      332,
      332,
      332,
      332,
      332,
      332,
      332,
      362,
      362,
      362,
      362
    ],
    [
      299,
      299,
      299,
      299,
      313,
      313,
      299,
      336,
      336,
      336,
      336,
      299,
      299,
      299,
      322,
      322,
      342,
      342,
      342,
      342,
      342,
      342,
      342,
      323,
      323,
      323,
      323,
      323,
      323,
      323,
      323,
      323,
      323,
      351,
      343,
      343,
      343,
      343,
      343,
      343,
      351,
      351,
      351,
      351,
      351,
      351,
      351,
      351,
      351,
      325,
      325,
      325,
      325,
      325,
      325,
      325,
      325,
      325,
      325,
      337,
      337,
      337,
      337,
      337,
      353,
      353,
      353,
      353,
      353,
      353,
      353,
      353,
      353,
      353,
      353,
      353,
      353,
      353,
      353,
      0,
      0,
      0,
      0,
      0,
      0,
      0,
      0,
      0,
      0,
      0,
      0,
      0,
      0,
      0,
      0,
      0,
      0,
      0,
      0,
      0,
      0,
      0,
      0,
      0,
      0,
      0,
      0,
      0,
      0,
      0,
      0,
      0,
      0,
      0,
      0,
      0,
      0,
      0,
      0,
      0,
      0,
      339,
      339,
      339,
      339,
      339,
      339,
      339,
      339,
      339,
      339,
      333,
      333,
      333,
      333,
      333,
      349,
      346,
      346,
      346,
      346,
      346,
      346,
      346,
      346,
      346,
      301,
      301,
      301,
      334,
      334,
      334,
      334,
      334,
      334,
      334,
      0,
      0,
      0,
      0,
      0,
      0,
      0,
      0,
      0,
      0,
      0,
      0,
      0,
      0,
      0,
      0,
      0,
      0,
      0,
      0,
      0,
      0,
      0,
      0,
      0,
      335,
      335,
      335,
      335,
      335,
      335,
      335,
      335,
      0,
      0,
      0,
      0,
      0,
      0,
      0,
      0,
      0,
      0,
      0,
      0,
      0,
      0,
      0,
      0,
      0,
      0,
      0,
      0,
      0,
      0,
      0,
      0,
      0,
      354,
      354,
      354,
      354,
      327,
      327,
      327,
      327,
      344,
      344,
      344,
      344,
      344,
      344,
      344,
      340,
      340,
      340,
      340,
      340,
      340,
      340,
      340,
      340,
      340,
      340,
      340,
      340,
      340,
      340,
      340,
      340,
      0,
      0,
      0,
      0,
      0,
      0,
      0,
      0,
      341,
      341,
      341,
      341,
      341,
      341,
      341,
      341,
      341,
      281,
      281,
      281,
      0,
      0,
      0,
      0,
      0,
      0,
      355,
      355,
      355,
      355,
      355,
      355,
      355,
      355,
      355,
      355,
      355,
      355,
      355,
      355,
      316,
      316,
      316,
      316,
      316,
      0,
      0,
      0,
      310,
      310,
      310,
      310,
      310,
      310,
      310,
      310,
      310,
      0,
      0,
      330,
      330,
      330,
      330,
      330,
      330,
      330,
      330,
      330,
      330,
      330,
      330,
      328,
      328,
      328,
      328,
      328,
      328,
      328,
      328,
      328,
      328,
      321,
      321,
      321,
      321,
      321,
      321,
      360,
      360,
      360,
      360,
      360,
      360,
      360,
      360,
      360,
      360,
      360,
      360,
      360,
      360,
      360,
      360,
      304,
      304,
      304,
      338,
      338,
      338,
      338,
      338,
      338,
      338,
      338,
      338,
      338,
      375,
      0,
      0,
      0,
      0,
      0,
      0,
      0,
      0,
      0,
      0,
      0,
      345,
      345,
      345,
      345,
      345,
      345,
      345,
      345,
      345,
      329,
      329,
      329,
      329,
      329,
      329,
      329,
      0,
      0,
      0,
      0,
      0,
      0,
      0,
      0,
      0,
      0,
      0,
      0,
      0,
      0,
      0,
      0,
      0,
      0,
      0,
      0,
      0,
      0,
      0,
      0,
      0,
      0,
      0,
      312,
      312,
      312,
      0,
      0,
      0,
      0,
      0,
      0,
      0,
      0,
      0,
      0,
      0,
      0,
      0,
      0,
      0,
      0,
      0,
      0,
      0,
      0,
      0,
      0,
      0,
      0,
      0,
      0,
      0,
      0,
      0,
      0,
      0,
      0,
      0,
      0,
      0,
      0,
      0,
      0,
      0,
      0,
      0,
      0,
      0,
      0,
      305,
      305,
      361,
      361,
      361,
      361,
      361,
      0,
      0,
      0,
      0,
      0,
      0,
      0,
      0,
      0,
      0,
      0,
      0,
      0,
      0,
      0,
      0,
      0,
      0,
      0,
      0,
      0,
      0,
      332,
      332,
      332,
      332,
      332,
      332,
      332,
      332,
      332,
      332,
      332,
      332,
      332,
      332,
      332,
      362,
      362,
      362,
      362
    ],
    [
      299,
      299,
      299,
      299,
      313,
      313,
      299,
      336,
      336,
      336,
      336,
      336,
      299,
      299,
      322,
      322,
      342,
      342,
      342,
      342,
      342,
      342,
      342,
      323,
      323,
      323,
      323,
      323,
      323,
      323,
      323,
      323,
      0,
      351,
      343,
      343,
      343,
      343,
      343,
      343,
      351,
      351,
      351,
      351,
      351,
      351,
      351,
      351,
      352,
      352,
      352,
      352,
      352,
      352,
      376,
      325,
      325,
      325,
      325,
      337,
      337,
      337,
      337,
      337,
      353,
      353,
      353,
      353,
      353,
      353,
      353,
      353,
      353,
      353,
      353,
      353,
      353,
      353,
      0,
      0,
      0,
      0,
      0,
      0,
      0,
      0,
      0,
      0,
      0,
      0,
      0,
      0,
      0,
      0,
      0,
      0,
      0,
      0,
      0,
      0,
      0,
      0,
      0,
      0,
      0,
      0,
      0,
      0,
      0,
      0,
      0,
      0,
      0,
      0,
      0,
      0,
      0,
      0,
      0,
      0,
      348,
      348,
      348,
      348,
      348,
      348,
      348,
      339,
      339,
      339,
      339,
      339,
      333,
      333,
      333,
      333,
      349,
      346,
      346,
      346,
      346,
      346,
      346,
      346,
      346,
      346,
      346,
      301,
      301,
      334,
      334,
      334,
      334,
      334,
      334,
      334,
      0,
      0,
      0,
      0,
      0,
      0,
      0,
      0,
      0,
      0,
      0,
      0,
      0,
      0,
      0,
      0,
      0,
      0,
      0,
      0,
      0,
      0,
      0,
      0,
      0,
      0,
      335,
      335,
      335,
      335,
      335,
      335,
      335,
      0,
      0,
      0,
      0,
      0,
      0,
      0,
      0,
      0,
      0,
      0,
      0,
      0,
      0,
      0,
      0,
      0,
      0,
      0,
      0,
      0,
      0,
      0,
      0,
      0,
      354,
      354,
      354,
      354,
      354,
      354,
      354,
      354,
      354,
      354,
      354,
      344,
      344,
      344,
      344,
      340,
      340,
      340,
      340,
      340,
      340,
      340,
      340,
      340,
      340,
      340,
      340,
      340,
      340,
      340,
      340,
      340,
      340,
      0,
      0,
      0,
      0,
      0,
      0,
      0,
      341,
      341,
      341,
      341,
      341,
      341,
      341,
      341,
      341,
      281,
      281,
      281,
      0,
      0,
      0,
      0,
      0,
      0,
      355,
      355,
      355,
      355,
      355,
      355,
      355,
      355,
      355,
      355,
      355,
      355,
      355,
      355,
      316,
      316,
      316,
      316,
      316,
      0,
      0,
      0,
      310,
      310,
      310,
      310,
      310,
      310,
      310,
      310,
      0,
      0,
      0,
      330,
      330,
      330,
      330,
      330,
      330,
      330,
      330,
      330,
      330,
      330,
      357,
      350,
      350,
      350,
      350,
      350,
      350,
      328,
      328,
      328,
      321,
      321,
      321,
      321,
      321,
      321,
      321,
      360,
      360,
      360,
      360,
      360,
      360,
      360,
      360,
      360,
      360,
      360,
      360,
      360,
      360,
      360,
      360,
      304,
      304,
      304,
      338,
      338,
      338,
      338,
      338,
      338,
      338,
      338,
      338,
      338,
      375,
      0,
      0,
      0,
      0,
      0,
      0,
      0,
      0,
      0,
      0,
      0,
      345,
      345,
      345,
      345,
      345,
      345,
      345,
      345,
      345,
      359,
      329,
      329,
      329,
      329,
      329,
      329,
      0,
      0,
      0,
      0,
      0,
      0,
      0,
      0,
      0,
      0,
      0,
      0,
      0,
      0,
      0,
      0,
      0,
      0,
      356,
      356,
      356,
      356,
      356,
      356,
      356,
      356,
      356,
      383,
      312,
      312,
      0,
      0,
      0,
      0,
      0,
      0,
      0,
      0,
      0,
      0,
      0,
      0,
      0,
      0,
      0,
      0,
      0,
      0,
      0,
      0,
      0,
      0,
      0,
      0,
      0,
      0,
      0,
      0,
      0,
      0,
      0,
      0,
      0,
      0,
      0,
      0,
      0,
      0,
      0,
      0,
      0,
      0,
      0,
      0,
      305,
      305,
      361,
      361,
      361,
      361,
      361,
      361,
      361,
      361,
      0,
      0,
      0,
      0,
      0,
      0,
      0,
      0,
      0,
      0,
      0,
      0,
      0,
      0,
      0,
      0,
      0,
      0,
      0,
      332,
      332,
      347,
      347,
      347,
      347,
      347,
      347,
      347,
      347,
      347,
      347,
      347,
      347,
      362,
      362,
      362,
      362,
      362
    ],
    [
      299,
      299,
      299,
      299,
      299,
      299,
      299,
      299,
      336,
      336,
      336,
      336,
      336,
      336,
      322,
      322,
      342,
      342,
      342,
      342,
      342,
      342,
      342,
      0,
      0,
      0,
      0,
      0,
      323,
      323,
      0,
      0,
      0,
      351,
      343,
      343,
      343,
      343,
      343,
      343,
      351,
      351,
      351,
      351,
      351,
      351,
      351,
      352,
      352,
      352,
      352,
      352,
      352,
      352,
      376,
      325,
      325,
      325,
      325,
      325,
      325,
      325,
      325,
      325,
      353,
      353,
      353,
      353,
      353,
      353,
      353,
      353,
      353,
      353,
      353,
      353,
      353,
      353,
      0,
      0,
      0,
      0,
      0,
      0,
      0,
      0,
      0,
      0,
      0,
      0,
      0,
      0,
      0,
      0,
      0,
      0,
      0,
      0,
      0,
      0,
      0,
      0,
      0,
      0,
      0,
      0,
      0,
      0,
      0,
      0,
      0,
      0,
      0,
      0,
      0,
      0,
      0,
      0,
      0,
      0,
      348,
      348,
      348,
      348,
      348,
      348,
      348,
      339,
      339,
      339,
      339,
      339,
      349,
      349,
      349,
      349,
      349,
      346,
      346,
      346,
      346,
      346,
      346,
      346,
      346,
      346,
      346,
      346,
      334,
      334,
      334,
      334,
      334,
      334,
      334,
      0,
      0,
      0,
      0,
      0,
      0,
      0,
      0,
      0,
      0,
      0,
      0,
      0,
      0,
      0,
      0,
      0,
      0,
      0,
      0,
      0,
      0,
      0,
      0,
      0,
      0,
      0,
      335,
      335,
      335,
      335,
      335,
      335,
      335,
      0,
      0,
      0,
      0,
      0,
      0,
      0,
      0,
      0,
      0,
      0,
      0,
      0,
      0,
      0,
      0,
      0,
      0,
      0,
      0,
      0,
      0,
      0,
      0,
      0,
      354,
      354,
      354,
      354,
      354,
      354,
      354,
      354,
      354,
      354,
      354,
      344,
      344,
      344,
      344,
      340,
      340,
      340,
      340,
      340,
      340,
      340,
      340,
      340,
      340,
      340,
      340,
      340,
      340,
      340,
      340,
      340,
      340,
      0,
      0,
      0,
      0,
      0,
      0,
      0,
      341,
      341,
      341,
      341,
      341,
      341,
      341,
      341,
      341,
      0,
      0,
      0,
      0,
      0,
      0,
      0,
      0,
      355,
      355,
      355,
      355,
      355,
      355,
      355,
      355,
      355,
      355,
      355,
      355,
      355,
      355,
      355,
      355,
      316,
      316,
      316,
      0,
      0,
      0,
      0,
      310,
      310,
      310,
      310,
      310,
      310,
      310,
      310,
      0,
      0,
      0,
      330,
      330,
      330,
      330,
      330,
      330,
      330,
      330,
      330,
      330,
      330,
      357,
      350,
      350,
      350,
      350,
      350,
      350,
      328,
      328,
      358,
      358,
      358,
      358,
      321,
      321,
      321,
      321,
      360,
      360,
      360,
      360,
      360,
      360,
      360,
      360,
      360,
      360,
      360,
      360,
      360,
      360,
      360,
      360,
      378,
      378,
      378,
      338,
      338,
      338,
      338,
      338,
      338,
      338,
      338,
      338,
      375,
      375,
      0,
      0,
      0,
      0,
      0,
      0,
      0,
      0,
      0,
      0,
      345,
      345,
      345,
      345,
      345,
      345,
      345,
      345,
      345,
      345,
      359,
      359,
      359,
      359,
      359,
      359,
      359,
      0,
      0,
      0,
      0,
      0,
      0,
      0,
      0,
      0,
      0,
      0,
      0,
      0,
      0,
      0,
      0,
      0,
      0,
      356,
      356,
      356,
      356,
      356,
      356,
      356,
      356,
      356,
      383,
      312,
      312,
      0,
      0,
      0,
      0,
      0,
      0,
      0,
      0,
      0,
      0,
      0,
      0,
      0,
      0,
      0,
      0,
      0,
      0,
      0,
      0,
      0,
      0,
      0,
      0,
      0,
      0,
      0,
      0,
      0,
      0,
      0,
      0,
      0,
      0,
      0,
      0,
      0,
      0,
      0,
      0,
      0,
      0,
      0,
      0,
      305,
      0,
      361,
      361,
      361,
      361,
      361,
      361,
      361,
      361,
      0,
      0,
      0,
      0,
      0,
      0,
      0,
      0,
      0,
      0,
      0,
      0,
      0,
      0,
      0,
      0,
      0,
      0,
      0,
      332,
      332,
      347,
      347,
      347,
      347,
      347,
      347,
      347,
      347,
      347,
      347,
      347,
      347,
      362,
      362,
      362,
      362,
      362
    ],
    [
      299,
      299,
      299,
      299,
      299,
      299,
      299,
      299,
      299,
      336,
      336,
      336,
      336,
      336,
      322,
      322,
      342,
      342,
      342,
      342,
      342,
      342,
      342,
      0,
      0,
      0,
      0,
      0,
      0,
      0,
      0,
      0,
      0,
      351,
      343,
      343,
      343,
      343,
      343,
      351,
      351,
      351,
      351,
      351,
      351,
      351,
      351,
      352,
      352,
      352,
      352,
      352,
      352,
      352,
      376,
      325,
      325,
      325,
      325,
      325,
      325,
      325,
      325,
      325,
      353,
      353,
      353,
      353,
      353,
      353,
      353,
      353,
      353,
      353,
      353,
      353,
      353,
      0,
      0,
      0,
      0,
      0,
      0,
      0,
      0,
      0,
      0,
      0,
      0,
      0,
      0,
      0,
      0,
      0,
      0,
      0,
      0,
      0,
      0,
      0,
      0,
      0,
      0,
      0,
      0,
      0,
      0,
      0,
      0,
      0,
      0,
      0,
      0,
      0,
      0,
      0,
      0,
      0,
      0,
      0,
      348,
      348,
      348,
      348,
      348,
      348,
      348,
      339,
      339,
      339,
      349,
      349,
      349,
      349,
      349,
      349,
      349,
      346,
      346,
      346,
      346,
      346,
      346,
      346,
      368,
      368,
      368,
      368,
      368,
      334,
      334,
      334,
      334,
      334,
      0,
      0,
      0,
      0,
      0,
      0,
      0,
      0,
      0,
      0,
      0,
      0,
      0,
      0,
      0,
      0,
      0,
      0,
      0,
      0,
      0,
      0,
      0,
      0,
      363,
      363,
      363,
      363,
      363,
      363,
      335,
      335,
      335,
      335,
      335,
      0,
      0,
      0,
      0,
      0,
      0,
      0,
      0,
      0,
      0,
      0,
      0,
      0,
      0,
      0,
      0,
      0,
      0,
      0,
      0,
      0,
      0,
      0,
      0,
      0,
      354,
      354,
      354,
      354,
      354,
      354,
      354,
      354,
      354,
      354,
      354,
      344,
      344,
      344,
      344,
      340,
      340,
      340,
      340,
      340,
      340,
      340,
      340,
      340,
      340,
      340,
      340,
      340,
      366,
      366,
      366,
      366,
      366,
      366,
      366,
      0,
      0,
      0,
      0,
      0,
      341,
      341,
      341,
      341,
      341,
      341,
      341,
      341,
      341,
      0,
      0,
      0,
      0,
      0,
      0,
      0,
      0,
      355,
      355,
      355,
      355,
      355,
      355,
      355,
      355,
      355,
      355,
      355,
      355,
      355,
      355,
      355,
      355,
      0,
      0,
      0,
      0,
      0,
      0,
      0,
      310,
      310,
      310,
      310,
      310,
      310,
      310,
      310,
      0,
      0,
      0,
      330,
      330,
      330,
      330,
      330,
      330,
      330,
      330,
      330,
      330,
      357,
      357,
      350,
      350,
      350,
      350,
      350,
      350,
      328,
      328,
      358,
      358,
      358,
      358,
      321,
      321,
      321,
      321,
      360,
      360,
      360,
      360,
      360,
      360,
      360,
      360,
      360,
      360,
      360,
      360,
      360,
      378,
      378,
      378,
      378,
      378,
      378,
      338,
      338,
      338,
      338,
      338,
      338,
      338,
      338,
      338,
      375,
      375,
      0,
      0,
      0,
      0,
      0,
      0,
      0,
      0,
      0,
      0,
      345,
      345,
      345,
      345,
      345,
      345,
      345,
      345,
      345,
      345,
      359,
      359,
      359,
      359,
      359,
      359,
      359,
      0,
      0,
      0,
      0,
      0,
      0,
      0,
      0,
      0,
      0,
      0,
      0,
      0,
      0,
      0,
      0,
      0,
      0,
      356,
      356,
      356,
      356,
      356,
      356,
      356,
      356,
      356,
      383,
      383,
      312,
      0,
      0,
      0,
      0,
      0,
      0,
      0,
      0,
      0,
      0,
      0,
      0,
      0,
      0,
      0,
      0,
      0,
      0,
      0,
      0,
      0,
      0,
      0,
      0,
      0,
      0,
      0,
      0,
      0,
      0,
      0,
      0,
      0,
      0,
      0,
      0,
      0,
      0,
      0,
      0,
      0,
      0,
      0,
      0,
      0,
      0,
      361,
      361,
      361,
      361,
      361,
      361,
      361,
      361,
      361,
      361,
      361,
      361,
      361,
      361,
      361,
      361,
      0,
      0,
      0,
      0,
      0,
      0,
      0,
      0,
      0,
      0,
      0,
      0,
      332,
      347,
      347,
      347,
      347,
      347,
      347,
      347,
      347,
      347,
      347,
      347,
      362,
      362,
      362,
      362,
      362,
      362
    ],
    [
      299,
      299,
      299,
      299,
      299,
      299,
      299,
      299,
      299,
      336,
      336,
      336,
      336,
      336,
      336,
      342,
      342,
      342,
      342,
      342,
      342,
      342,
      342,
      0,
      0,
      0,
      0,
      0,
      0,
      0,
      0,
      0,
      0,
      351,
      343,
      343,
      343,
      343,
      343,
      351,
      351,
      351,
      351,
      351,
      351,
      351,
      351,
      352,
      352,
      352,
      352,
      352,
      352,
      352,
      376,
      376,
      325,
      325,
      353,
      353,
      353,
      353,
      353,
      353,
      353,
      353,
      353,
      353,
      353,
      353,
      353,
      353,
      353,
      353,
      353,
      353,
      353,
      0,
      0,
      0,
      0,
      0,
      0,
      0,
      0,
      0,
      0,
      0,
      0,
      0,
      0,
      0,
      0,
      0,
      0,
      0,
      0,
      0,
      0,
      0,
      0,
      0,
      0,
      0,
      0,
      0,
      0,
      0,
      0,
      0,
      0,
      0,
      0,
      0,
      0,
      0,
      0,
      0,
      0,
      0,
      348,
      348,
      348,
      348,
      348,
      348,
      348,
      339,
      339,
      339,
      390,
      390,
      390,
      349,
      349,
      349,
      349,
      349,
      349,
      346,
      346,
      346,
      346,
      346,
      368,
      368,
      368,
      368,
      368,
      368,
      0,
      0,
      0,
      0,
      0,
      0,
      0,
      0,
      0,
      0,
      0,
      0,
      0,
      0,
      0,
      0,
      0,
      0,
      0,
      0,
      0,
      0,
      0,
      0,
      0,
      0,
      0,
      363,
      363,
      363,
      363,
      363,
      363,
      363,
      363,
      335,
      335,
      335,
      335,
      0,
      0,
      0,
      0,
      0,
      0,
      0,
      0,
      0,
      0,
      0,
      0,
      0,
      0,
      0,
      0,
      0,
      0,
      0,
      0,
      0,
      0,
      0,
      0,
      0,
      354,
      354,
      354,
      354,
      354,
      354,
      354,
      354,
      354,
      354,
      354,
      344,
      344,
      344,
      344,
      340,
      340,
      340,
      340,
      340,
      340,
      340,
      340,
      340,
      340,
      340,
      340,
      340,
      366,
      366,
      366,
      366,
      366,
      366,
      366,
      0,
      0,
      0,
      0,
      0,
      0,
      341,
      341,
      341,
      341,
      341,
      341,
      0,
      0,
      0,
      0,
      0,
      0,
      0,
      0,
      0,
      0,
      0,
      0,
      0,
      355,
      355,
      355,
      355,
      355,
      355,
      355,
      355,
      355,
      355,
      355,
      0,
      0,
      0,
      0,
      0,
      0,
      0,
      0,
      0,
      0,
      0,
      310,
      310,
      310,
      310,
      310,
      0,
      0,
      0,
      0,
      330,
      330,
      330,
      330,
      330,
      330,
      330,
      330,
      330,
      330,
      357,
      357,
      357,
      357,
      350,
      350,
      350,
      350,
      328,
      328,
      358,
      358,
      358,
      358,
      321,
      321,
      321,
      321,
      360,
      360,
      360,
      360,
      360,
      360,
      360,
      360,
      360,
      360,
      360,
      360,
      360,
      378,
      378,
      378,
      378,
      378,
      378,
      338,
      338,
      338,
      338,
      338,
      338,
      338,
      338,
      375,
      375,
      375,
      0,
      0,
      0,
      0,
      0,
      0,
      0,
      0,
      0,
      0,
      0,
      0,
      0,
      0,
      345,
      345,
      345,
      345,
      345,
      345,
      359,
      359,
      359,
      359,
      359,
      359,
      359,
      0,
      0,
      0,
      0,
      0,
      0,
      0,
      0,
      0,
      0,
      0,
      0,
      0,
      0,
      0,
      0,
      0,
      0,
      356,
      356,
      356,
      356,
      356,
      356,
      356,
      356,
      356,
      383,
      383,
      383,
      383,
      0,
      0,
      0,
      0,
      0,
      0,
      0,
      0,
      0,
      0,
      0,
      0,
      0,
      0,
      0,
      0,
      0,
      0,
      0,
      0,
      0,
      0,
      0,
      0,
      0,
      0,
      0,
      0,
      0,
      0,
      0,
      0,
      0,
      0,
      0,
      0,
      0,
      0,
      0,
      0,
      0,
      0,
      0,
      0,
      0,
      361,
      361,
      361,
      361,
      361,
      361,
      361,
      361,
      361,
      361,
      361,
      361,
      361,
      361,
      361,
      361,
      361,
      0,
      0,
      0,
      0,
      0,
      0,
      0,
      0,
      0,
      0,
      0,
      332,
      347,
      347,
      347,
      347,
      347,
      347,
      347,
      347,
      347,
      347,
      347,
      362,
      362,
      362,
      362,
      362,
      362
    ],
    [
      299,
      299,
      299,
      364,
      364,
      364,
      364,
      364,
      364,
      364,
      336,
      336,
      336,
      336,
      336,
      336,
      342,
      342,
      342,
      342,
      342,
      0,
      0,
      0,
      0,
      0,
      0,
      0,
      0,
      0,
      0,
      0,
      0,
      351,
      351,
      351,
      351,
      351,
      351,
      351,
      351,
      351,
      351,
      351,
      351,
      351,
      351,
      352,
      352,
      352,
      352,
      352,
      352,
      352,
      376,
      376,
      325,
      325,
      353,
      353,
      353,
      353,
      353,
      353,
      353,
      353,
      353,
      353,
      353,
      353,
      353,
      353,
      353,
      353,
      353,
      353,
      353,
      0,
      0,
      0,
      0,
      0,
      0,
      0,
      0,
      0,
      0,
      0,
      0,
      0,
      0,
      0,
      0,
      0,
      0,
      0,
      0,
      0,
      0,
      0,
      0,
      0,
      0,
      0,
      0,
      0,
      0,
      0,
      0,
      0,
      0,
      0,
      0,
      0,
      0,
      0,
      0,
      0,
      0,
      0,
      348,
      348,
      348,
      348,
      348,
      348,
      348,
      339,
      339,
      390,
      390,
      390,
      390,
      349,
      349,
      349,
      349,
      349,
      349,
      346,
      346,
      346,
      346,
      346,
      368,
      368,
      368,
      368,
      368,
      369,
      0,
      0,
      0,
      0,
      0,
      0,
      0,
      0,
      0,
      0,
      0,
      0,
      0,
      0,
      0,
      0,
      0,
      0,
      0,
      0,
      0,
      0,
      0,
      0,
      0,
      0,
      363,
      363,
      363,
      363,
      363,
      363,
      363,
      363,
      363,
      335,
      335,
      335,
      335,
      0,
      0,
      0,
      0,
      0,
      0,
      0,
      0,
      0,
      0,
      0,
      0,
      0,
      0,
      0,
      0,
      0,
      0,
      0,
      0,
      0,
      0,
      0,
      0,
      354,
      354,
      354,
      354,
      354,
      354,
      354,
      354,
      354,
      354,
      354,
      354,
      344,
      344,
      344,
      344,
      340,
      340,
      340,
      340,
      340,
      340,
      340,
      340,
      340,
      340,
      340,
      340,
      366,
      366,
      366,
      366,
      366,
      366,
      366,
      366,
      366,
      0,
      0,
      0,
      0,
      0,
      0,
      0,
      0,
      0,
      0,
      0,
      0,
      0,
      0,
      0,
      0,
      0,
      0,
      0,
      0,
      0,
      0,
      0,
      0,
      355,
      355,
      355,
      355,
      355,
      355,
      355,
      355,
      355,
      355,
      355,
      0,
      0,
      0,
      0,
      0,
      0,
      0,
      0,
      0,
      0,
      0,
      0,
      0,
      0,
      0,
      0,
      0,
      0,
      0,
      0,
      0,
      0,
      0,
      0,
      0,
      357,
      357,
      357,
      357,
      357,
      357,
      357,
      357,
      357,
      357,
      350,
      350,
      350,
      328,
      328,
      358,
      358,
      358,
      358,
      358,
      321,
      321,
      321,
      360,
      360,
      360,
      360,
      360,
      360,
      360,
      360,
      360,
      360,
      360,
      360,
      360,
      378,
      378,
      378,
      378,
      378,
      378,
      378,
      378,
      378,
      378,
      378,
      378,
      378,
      375,
      375,
      375,
      375,
      0,
      0,
      0,
      0,
      0,
      0,
      0,
      0,
      0,
      0,
      0,
      0,
      0,
      0,
      345,
      345,
      345,
      345,
      345,
      345,
      359,
      359,
      359,
      359,
      359,
      359,
      359,
      0,
      0,
      0,
      0,
      0,
      0,
      0,
      0,
      0,
      0,
      0,
      0,
      0,
      0,
      0,
      0,
      0,
      0,
      356,
      356,
      356,
      356,
      356,
      356,
      356,
      356,
      356,
      383,
      383,
      383,
      383,
      0,
      0,
      0,
      0,
      0,
      0,
      0,
      0,
      0,
      0,
      0,
      0,
      0,
      0,
      0,
      0,
      0,
      0,
      0,
      0,
      0,
      0,
      0,
      0,
      0,
      0,
      0,
      0,
      0,
      0,
      0,
      0,
      0,
      0,
      0,
      0,
      0,
      0,
      0,
      0,
      0,
      0,
      0,
      0,
      0,
      361,
      361,
      361,
      361,
      361,
      361,
      361,
      361,
      361,
      361,
      361,
      361,
      367,
      367,
      367,
      367,
      367,
      0,
      0,
      0,
      0,
      0,
      0,
      0,
      0,
      0,
      0,
      0,
      0,
      0,
      347,
      347,
      347,
      347,
      347,
      347,
      347,
      347,
      362,
      362,
      362,
      362,
      362,
      362,
      362,
      362
    ],
    [
      299,
      299,
      299,
      364,
      364,
      364,
      364,
      364,
      364,
      364,
      364,
      336,
      336,
      336,
      336,
      336,
      336,
      336,
      0,
      0,
      0,
      0,
      0,
      0,
      0,
      0,
      0,
      0,
      0,
      0,
      0,
      0,
      0,
      351,
      351,
      351,
      351,
      351,
      351,
      351,
      351,
      351,
      351,
      351,
      351,
      351,
      351,
      352,
      352,
      352,
      352,
      352,
      352,
      352,
      376,
      376,
      376,
      325,
      353,
      353,
      353,
      353,
      353,
      353,
      353,
      353,
      353,
      353,
      353,
      353,
      353,
      353,
      353,
      353,
      353,
      353,
      353,
      0,
      0,
      0,
      0,
      0,
      0,
      0,
      0,
      0,
      0,
      0,
      0,
      0,
      0,
      0,
      0,
      0,
      0,
      0,
      0,
      0,
      0,
      0,
      0,
      0,
      0,
      0,
      0,
      0,
      0,
      0,
      0,
      0,
      0,
      0,
      0,
      0,
      0,
      0,
      0,
      0,
      0,
      0,
      348,
      348,
      348,
      348,
      348,
      348,
      348,
      339,
      339,
      390,
      390,
      390,
      390,
      349,
      365,
      365,
      365,
      365,
      365,
      346,
      346,
      346,
      346,
      346,
      368,
      368,
      368,
      368,
      368,
      369,
      369,
      0,
      0,
      0,
      0,
      0,
      0,
      0,
      0,
      0,
      0,
      0,
      0,
      0,
      0,
      0,
      0,
      0,
      0,
      0,
      0,
      0,
      0,
      0,
      0,
      0,
      363,
      363,
      363,
      363,
      363,
      363,
      363,
      363,
      363,
      335,
      335,
      335,
      335,
      0,
      0,
      0,
      0,
      0,
      0,
      0,
      0,
      0,
      0,
      0,
      0,
      0,
      0,
      0,
      0,
      0,
      0,
      0,
      0,
      0,
      0,
      0,
      0,
      354,
      354,
      354,
      354,
      354,
      354,
      354,
      354,
      354,
      354,
      354,
      354,
      354,
      354,
      354,
      344,
      340,
      340,
      340,
      340,
      340,
      340,
      340,
      340,
      340,
      340,
      340,
      366,
      366,
      366,
      366,
      366,
      366,
      366,
      366,
      366,
      366,
      0,
      0,
      0,
      0,
      0,
      0,
      0,
      0,
      0,
      0,
      0,
      0,
      0,
      0,
      0,
      0,
      0,
      0,
      0,
      0,
      0,
      0,
      0,
      0,
      355,
      355,
      355,
      355,
      355,
      355,
      355,
      355,
      355,
      355,
      355,
      0,
      0,
      0,
      0,
      0,
      0,
      0,
      0,
      0,
      0,
      0,
      0,
      0,
      0,
      0,
      0,
      0,
      0,
      0,
      0,
      0,
      0,
      0,
      0,
      0,
      357,
      357,
      357,
      357,
      357,
      357,
      357,
      357,
      0,
      0,
      0,
      0,
      0,
      328,
      328,
      358,
      358,
      358,
      358,
      358,
      358,
      321,
      321,
      360,
      360,
      360,
      360,
      360,
      360,
      360,
      360,
      360,
      360,
      360,
      360,
      360,
      378,
      378,
      378,
      378,
      378,
      378,
      378,
      378,
      378,
      378,
      378,
      375,
      375,
      375,
      375,
      375,
      375,
      0,
      0,
      0,
      0,
      0,
      0,
      0,
      0,
      0,
      0,
      0,
      0,
      0,
      0,
      345,
      345,
      345,
      345,
      345,
      371,
      371,
      359,
      359,
      359,
      359,
      359,
      359,
      0,
      0,
      0,
      0,
      0,
      0,
      0,
      0,
      0,
      0,
      0,
      0,
      0,
      0,
      0,
      0,
      0,
      0,
      356,
      356,
      356,
      356,
      356,
      356,
      356,
      356,
      356,
      383,
      383,
      383,
      383,
      0,
      0,
      0,
      0,
      0,
      0,
      0,
      0,
      0,
      0,
      0,
      0,
      0,
      0,
      0,
      0,
      0,
      0,
      0,
      0,
      0,
      0,
      0,
      0,
      0,
      0,
      0,
      0,
      0,
      0,
      0,
      0,
      0,
      0,
      0,
      0,
      0,
      0,
      0,
      0,
      0,
      0,
      0,
      0,
      0,
      361,
      361,
      361,
      361,
      361,
      361,
      361,
      361,
      361,
      361,
      367,
      367,
      367,
      367,
      367,
      367,
      367,
      367,
      0,
      0,
      0,
      0,
      0,
      0,
      0,
      0,
      0,
      0,
      0,
      0,
      0,
      347,
      347,
      347,
      347,
      347,
      347,
      347,
      362,
      362,
      362,
      362,
      362,
      362,
      362,
      362
    ],
    [
      299,
      299,
      299,
      364,
      364,
      364,
      364,
      364,
      364,
      364,
      364,
      336,
      336,
      336,
      0,
      0,
      0,
      0,
      0,
      0,
      0,
      0,
      0,
      0,
      0,
      0,
      0,
      0,
      0,
      0,
      0,
      0,
      0,
      351,
      351,
      351,
      351,
      351,
      351,
      351,
      351,
      351,
      351,
      351,
      351,
      351,
      351,
      352,
      376,
      376,
      376,
      376,
      376,
      376,
      376,
      376,
      376,
      376,
      376,
      353,
      353,
      353,
      353,
      353,
      353,
      353,
      353,
      353,
      353,
      353,
      353,
      353,
      353,
      353,
      353,
      0,
      0,
      0,
      0,
      0,
      0,
      0,
      0,
      0,
      0,
      0,
      0,
      0,
      0,
      0,
      0,
      0,
      0,
      0,
      0,
      0,
      0,
      0,
      0,
      0,
      0,
      0,
      0,
      0,
      0,
      0,
      0,
      0,
      0,
      0,
      0,
      0,
      0,
      0,
      0,
      0,
      0,
      0,
      0,
      0,
      348,
      348,
      348,
      348,
      348,
      348,
      348,
      390,
      390,
      390,
      390,
      390,
      390,
      349,
      365,
      365,
      365,
      365,
      365,
      346,
      346,
      346,
      346,
      346,
      368,
      368,
      368,
      368,
      368,
      369,
      369,
      369,
      369,
      369,
      369,
      369,
      369,
      0,
      0,
      0,
      0,
      0,
      0,
      0,
      0,
      0,
      0,
      0,
      0,
      0,
      0,
      0,
      0,
      0,
      0,
      0,
      363,
      363,
      363,
      363,
      363,
      363,
      363,
      363,
      363,
      335,
      335,
      335,
      335,
      0,
      0,
      0,
      0,
      0,
      0,
      0,
      0,
      0,
      0,
      0,
      0,
      0,
      0,
      0,
      0,
      0,
      0,
      0,
      0,
      0,
      0,
      0,
      354,
      354,
      354,
      354,
      354,
      354,
      354,
      354,
      354,
      354,
      354,
      354,
      354,
      354,
      354,
      354,
      340,
      340,
      340,
      340,
      340,
      340,
      340,
      340,
      340,
      340,
      401,
      401,
      366,
      366,
      366,
      366,
      366,
      366,
      366,
      366,
      366,
      366,
      397,
      0,
      0,
      0,
      0,
      0,
      0,
      0,
      0,
      0,
      0,
      0,
      0,
      0,
      0,
      0,
      0,
      0,
      0,
      0,
      0,
      0,
      0,
      0,
      355,
      355,
      355,
      355,
      355,
      355,
      355,
      355,
      355,
      355,
      355,
      0,
      0,
      0,
      0,
      0,
      0,
      0,
      0,
      0,
      0,
      0,
      0,
      0,
      0,
      0,
      0,
      0,
      0,
      0,
      0,
      0,
      0,
      0,
      357,
      357,
      357,
      357,
      357,
      357,
      357,
      357,
      357,
      357,
      0,
      0,
      0,
      0,
      0,
      0,
      328,
      358,
      358,
      358,
      358,
      358,
      358,
      358,
      321,
      360,
      360,
      360,
      360,
      360,
      360,
      360,
      360,
      360,
      360,
      360,
      360,
      360,
      378,
      378,
      378,
      378,
      378,
      378,
      378,
      378,
      378,
      378,
      375,
      375,
      375,
      375,
      375,
      375,
      375,
      0,
      0,
      0,
      0,
      0,
      0,
      0,
      0,
      0,
      0,
      0,
      0,
      0,
      0,
      371,
      371,
      371,
      371,
      371,
      371,
      371,
      359,
      359,
      359,
      359,
      359,
      359,
      0,
      0,
      0,
      0,
      0,
      0,
      0,
      0,
      0,
      0,
      0,
      0,
      0,
      0,
      0,
      0,
      0,
      0,
      0,
      356,
      356,
      356,
      356,
      356,
      356,
      356,
      356,
      383,
      383,
      383,
      383,
      383,
      383,
      383,
      0,
      0,
      0,
      0,
      0,
      0,
      0,
      0,
      0,
      0,
      0,
      0,
      0,
      0,
      0,
      0,
      0,
      0,
      0,
      0,
      0,
      0,
      0,
      0,
      0,
      0,
      0,
      0,
      0,
      0,
      0,
      0,
      0,
      0,
      0,
      0,
      0,
      0,
      0,
      0,
      0,
      0,
      0,
      361,
      361,
      361,
      361,
      361,
      361,
      361,
      361,
      361,
      367,
      367,
      367,
      367,
      367,
      367,
      367,
      367,
      0,
      0,
      0,
      0,
      0,
      0,
      0,
      0,
      0,
      0,
      0,
      0,
      0,
      347,
      347,
      347,
      347,
      347,
      347,
      347,
      347,
      347,
      362,
      362,
      362,
      362,
      362,
      362
    ],
    [
      299,
      299,
      299,
      364,
      364,
      364,
      364,
      364,
      364,
      364,
      364,
      364,
      336,
      336,
      0,
      0,
      0,
      0,
      0,
      0,
      0,
      0,
      0,
      0,
      0,
      0,
      0,
      0,
      0,
      0,
      0,
      0,
      0,
      0,
      0,
      0,
      351,
      351,
      351,
      351,
      351,
      351,
      351,
      351,
      351,
      351,
      351,
      351,
      351,
      376,
      376,
      376,
      376,
      376,
      376,
      376,
      376,
      376,
      376,
      376,
      376,
      353,
      353,
      353,
      353,
      353,
      353,
      353,
      353,
      353,
      353,
      353,
      353,
      353,
      0,
      0,
      0,
      0,
      0,
      0,
      0,
      0,
      0,
      0,
      0,
      0,
      0,
      0,
      0,
      0,
      0,
      0,
      0,
      0,
      0,
      0,
      0,
      0,
      0,
      0,
      0,
      0,
      0,
      0,
      0,
      0,
      0,
      0,
      0,
      0,
      0,
      0,
      0,
      0,
      0,
      0,
      0,
      0,
      0,
      0,
      0,
      0,
      0,
      0,
      0,
      0,
      390,
      390,
      390,
      390,
      390,
      390,
      390,
      349,
      365,
      365,
      365,
      365,
      365,
      346,
      346,
      346,
      346,
      368,
      368,
      368,
      368,
      368,
      368,
      368,
      368,
      368,
      368,
      368,
      368,
      368,
      368,
      0,
      0,
      0,
      0,
      0,
      0,
      0,
      0,
      0,
      0,
      0,
      0,
      0,
      0,
      0,
      0,
      0,
      0,
      0,
      363,
      363,
      363,
      363,
      363,
      363,
      363,
      363,
      363,
      0,
      0,
      0,
      0,
      0,
      0,
      0,
      0,
      0,
      0,
      0,
      0,
      0,
      0,
      0,
      0,
      0,
      0,
      0,
      0,
      0,
      0,
      0,
      0,
      0,
      0,
      0,
      354,
      354,
      354,
      354,
      354,
      354,
      354,
      354,
      354,
      354,
      354,
      354,
      354,
      354,
      354,
      354,
      340,
      340,
      340,
      340,
      340,
      340,
      340,
      340,
      340,
      340,
      401,
      401,
      366,
      366,
      366,
      366,
      366,
      366,
      366,
      366,
      366,
      366,
      397,
      397,
      0,
      0,
      0,
      0,
      0,
      0,
      0,
      0,
      0,
      0,
      0,
      0,
      0,
      0,
      0,
      0,
      0,
      0,
      0,
      0,
      0,
      0,
      355,
      355,
      355,
      355,
      355,
      355,
      355,
      355,
      355,
      355,
      355,
      0,
      0,
      0,
      0,
      0,
      0,
      0,
      0,
      0,
      0,
      0,
      0,
      0,
      0,
      0,
      0,
      0,
      0,
      0,
      0,
      0,
      0,
      370,
      370,
      370,
      370,
      370,
      370,
      370,
      370,
      370,
      357,
      357,
      0,
      0,
      0,
      0,
      0,
      0,
      0,
      0,
      358,
      358,
      358,
      358,
      358,
      358,
      358,
      360,
      360,
      360,
      360,
      360,
      360,
      360,
      360,
      360,
      360,
      360,
      360,
      378,
      378,
      378,
      378,
      378,
      378,
      378,
      378,
      378,
      378,
      375,
      375,
      375,
      375,
      375,
      375,
      375,
      375,
      0,
      0,
      0,
      0,
      0,
      0,
      0,
      0,
      0,
      0,
      0,
      0,
      0,
      0,
      371,
      371,
      371,
      371,
      371,
      371,
      371,
      371,
      359,
      359,
      359,
      359,
      359,
      0,
      0,
      0,
      0,
      0,
      0,
      0,
      0,
      0,
      0,
      0,
      0,
      0,
      0,
      0,
      0,
      0,
      0,
      0,
      0,
      0,
      0,
      0,
      0,
      0,
      383,
      383,
      383,
      383,
      383,
      383,
      383,
      383,
      383,
      0,
      0,
      0,
      0,
      0,
      0,
      0,
      0,
      0,
      0,
      0,
      0,
      372,
      372,
      372,
      372,
      372,
      372,
      372,
      0,
      0,
      0,
      0,
      0,
      0,
      0,
      0,
      0,
      0,
      0,
      0,
      0,
      0,
      0,
      0,
      0,
      0,
      0,
      0,
      0,
      0,
      0,
      0,
      0,
      0,
      0,
      361,
      361,
      361,
      361,
      361,
      361,
      367,
      367,
      367,
      367,
      367,
      367,
      367,
      367,
      0,
      0,
      0,
      0,
      0,
      0,
      0,
      0,
      0,
      0,
      0,
      0,
      0,
      0,
      347,
      347,
      347,
      347,
      347,
      347,
      347,
      347,
      362,
      362,
      362,
      362,
      362,
      362
    ],
    [
      299,
      299,
      299,
      364,
      364,
      364,
      364,
      364,
      364,
      364,
      364,
      364,
      0,
      0,
      0,
      0,
      0,
      0,
      0,
      0,
      0,
      0,
      0,
      0,
      0,
      0,
      0,
      0,
      0,
      0,
      0,
      0,
      0,
      0,
      0,
      0,
      351,
      351,
      351,
      351,
      351,
      351,
      351,
      351,
      351,
      351,
      351,
      351,
      351,
      351,
      351,
      376,
      376,
      376,
      376,
      376,
      376,
      376,
      376,
      376,
      376,
      376,
      353,
      353,
      353,
      353,
      353,
      353,
      353,
      353,
      353,
      353,
      353,
      353,
      0,
      0,
      0,
      0,
      0,
      0,
      0,
      0,
      0,
      0,
      0,
      0,
      0,
      0,
      0,
      0,
      0,
      0,
      0,
      0,
      0,
      0,
      0,
      0,
      0,
      0,
      0,
      0,
      0,
      0,
      0,
      0,
      0,
      0,
      0,
      0,
      0,
      0,
      0,
      0,
      0,
      0,
      0,
      0,
      0,
      0,
      0,
      0,
      0,
      0,
      0,
      390,
      390,
      390,
      390,
      390,
      390,
      390,
      390,
      349,
      365,
      365,
      365,
      365,
      365,
      346,
      346,
      380,
      368,
      368,
      368,
      368,
      368,
      368,
      368,
      368,
      368,
      368,
      368,
      368,
      368,
      368,
      368,
      0,
      0,
      0,
      0,
      0,
      0,
      0,
      0,
      0,
      0,
      0,
      0,
      0,
      0,
      0,
      0,
      0,
      0,
      0,
      363,
      363,
      363,
      363,
      363,
      363,
      363,
      363,
      363,
      0,
      0,
      0,
      0,
      0,
      0,
      0,
      0,
      0,
      0,
      0,
      0,
      0,
      0,
      0,
      0,
      0,
      0,
      0,
      0,
      0,
      0,
      0,
      0,
      0,
      0,
      354,
      354,
      354,
      354,
      354,
      354,
      354,
      354,
      354,
      354,
      354,
      354,
      354,
      354,
      354,
      354,
      354,
      340,
      340,
      340,
      340,
      340,
      340,
      340,
      340,
      340,
      340,
      401,
      401,
      366,
      366,
      366,
      366,
      366,
      366,
      366,
      366,
      366,
      366,
      397,
      397,
      0,
      0,
      0,
      0,
      0,
      0,
      0,
      0,
      0,
      0,
      0,
      0,
      0,
      0,
      0,
      0,
      0,
      0,
      0,
      0,
      0,
      0,
      355,
      355,
      355,
      355,
      355,
      355,
      355,
      355,
      355,
      355,
      355,
      0,
      0,
      0,
      0,
      0,
      0,
      0,
      0,
      0,
      0,
      0,
      0,
      0,
      0,
      0,
      0,
      0,
      0,
      0,
      0,
      0,
      0,
      370,
      370,
      370,
      370,
      370,
      370,
      370,
      370,
      370,
      370,
      370,
      0,
      0,
      0,
      0,
      0,
      0,
      0,
      0,
      0,
      358,
      358,
      358,
      358,
      358,
      358,
      381,
      360,
      360,
      360,
      360,
      360,
      360,
      360,
      360,
      360,
      360,
      360,
      378,
      378,
      378,
      378,
      378,
      378,
      378,
      378,
      378,
      378,
      375,
      375,
      375,
      375,
      375,
      375,
      375,
      375,
      375,
      375,
      375,
      375,
      375,
      375,
      375,
      375,
      375,
      375,
      375,
      375,
      375,
      375,
      371,
      371,
      371,
      371,
      371,
      371,
      371,
      371,
      359,
      359,
      359,
      359,
      359,
      0,
      0,
      0,
      0,
      0,
      0,
      373,
      373,
      373,
      373,
      373,
      373,
      373,
      0,
      0,
      0,
      0,
      383,
      383,
      383,
      383,
      383,
      383,
      383,
      383,
      383,
      383,
      383,
      383,
      383,
      383,
      383,
      383,
      383,
      0,
      0,
      0,
      0,
      0,
      0,
      0,
      0,
      0,
      0,
      0,
      372,
      372,
      372,
      372,
      372,
      372,
      372,
      372,
      372,
      0,
      0,
      0,
      0,
      0,
      0,
      0,
      0,
      0,
      0,
      0,
      0,
      0,
      0,
      0,
      0,
      0,
      0,
      0,
      0,
      0,
      0,
      0,
      0,
      0,
      0,
      0,
      0,
      0,
      361,
      361,
      361,
      367,
      367,
      367,
      367,
      367,
      367,
      367,
      367,
      0,
      0,
      0,
      0,
      0,
      0,
      0,
      0,
      0,
      0,
      0,
      0,
      0,
      0,
      347,
      347,
      347,
      347,
      347,
      347,
      347,
      347,
      362,
      362,
      362,
      362,
      362,
      362
    ],
    [
      299,
      299,
      299,
      364,
      364,
      364,
      364,
      364,
      364,
      364,
      364,
      364,
      0,
      0,
      0,
      0,
      0,
      0,
      0,
      0,
      0,
      0,
      0,
      0,
      0,
      0,
      0,
      0,
      0,
      0,
      0,
      0,
      0,
      0,
      0,
      0,
      351,
      351,
      374,
      374,
      374,
      374,
      374,
      351,
      351,
      351,
      351,
      351,
      351,
      351,
      351,
      0,
      376,
      376,
      376,
      376,
      376,
      376,
      376,
      376,
      376,
      376,
      376,
      376,
      353,
      353,
      353,
      353,
      353,
      353,
      353,
      353,
      353,
      353,
      0,
      0,
      0,
      0,
      0,
      0,
      0,
      0,
      0,
      0,
      0,
      0,
      0,
      0,
      0,
      0,
      0,
      0,
      0,
      0,
      0,
      0,
      0,
      0,
      0,
      0,
      0,
      0,
      0,
      0,
      0,
      0,
      0,
      0,
      0,
      0,
      0,
      0,
      0,
      0,
      0,
      0,
      0,
      0,
      0,
      0,
      0,
      0,
      0,
      0,
      0,
      390,
      390,
      390,
      390,
      390,
      390,
      390,
      390,
      349,
      365,
      365,
      365,
      365,
      365,
      346,
      380,
      380,
      368,
      368,
      368,
      368,
      368,
      368,
      368,
      368,
      368,
      368,
      368,
      369,
      369,
      368,
      368,
      0,
      0,
      0,
      0,
      0,
      0,
      0,
      0,
      0,
      0,
      0,
      0,
      0,
      0,
      0,
      0,
      0,
      0,
      0,
      0,
      363,
      363,
      363,
      363,
      363,
      363,
      363,
      0,
      0,
      0,
      0,
      0,
      0,
      0,
      0,
      0,
      0,
      0,
      0,
      0,
      0,
      0,
      0,
      0,
      0,
      0,
      0,
      0,
      0,
      0,
      0,
      0,
      388,
      377,
      377,
      377,
      377,
      377,
      377,
      354,
      354,
      354,
      354,
      354,
      354,
      354,
      354,
      354,
      354,
      354,
      354,
      340,
      340,
      340,
      340,
      340,
      340,
      340,
      340,
      340,
      401,
      401,
      401,
      366,
      366,
      366,
      366,
      366,
      366,
      366,
      366,
      366,
      366,
      397,
      397,
      0,
      0,
      0,
      0,
      0,
      0,
      0,
      0,
      0,
      0,
      0,
      0,
      0,
      0,
      0,
      0,
      0,
      0,
      0,
      0,
      0,
      0,
      0,
      355,
      355,
      355,
      355,
      355,
      355,
      355,
      355,
      355,
      0,
      0,
      0,
      0,
      0,
      0,
      0,
      0,
      0,
      0,
      0,
      0,
      0,
      0,
      0,
      0,
      0,
      0,
      0,
      0,
      0,
      0,
      0,
      370,
      370,
      370,
      370,
      370,
      370,
      370,
      370,
      370,
      370,
      370,
      0,
      0,
      0,
      0,
      0,
      0,
      0,
      0,
      0,
      0,
      358,
      358,
      358,
      358,
      358,
      381,
      381,
      360,
      360,
      360,
      360,
      360,
      360,
      360,
      360,
      360,
      360,
      378,
      378,
      378,
      378,
      378,
      378,
      378,
      378,
      378,
      378,
      382,
      382,
      382,
      375,
      375,
      375,
      375,
      375,
      375,
      375,
      375,
      375,
      375,
      375,
      375,
      375,
      375,
      375,
      375,
      375,
      375,
      371,
      371,
      371,
      371,
      371,
      371,
      371,
      371,
      371,
      371,
      371,
      371,
      359,
      359,
      0,
      0,
      0,
      0,
      0,
      0,
      373,
      373,
      373,
      373,
      373,
      373,
      373,
      0,
      0,
      0,
      0,
      383,
      383,
      383,
      383,
      383,
      383,
      383,
      383,
      383,
      383,
      383,
      383,
      383,
      383,
      383,
      379,
      379,
      379,
      379,
      379,
      379,
      0,
      0,
      0,
      0,
      0,
      0,
      0,
      372,
      372,
      372,
      372,
      372,
      372,
      372,
      372,
      372,
      372,
      0,
      0,
      0,
      0,
      0,
      0,
      0,
      0,
      0,
      0,
      0,
      0,
      0,
      0,
      0,
      0,
      0,
      0,
      0,
      0,
      0,
      0,
      0,
      0,
      0,
      0,
      0,
      0,
      0,
      361,
      361,
      367,
      367,
      367,
      367,
      367,
      367,
      367,
      367,
      0,
      0,
      0,
      0,
      0,
      0,
      0,
      0,
      0,
      0,
      0,
      0,
      0,
      0,
      347,
      347,
      347,
      347,
      347,
      362,
      362,
      362,
      362,
      362,
      362,
      362,
      362,
      362
    ],
    [
      299,
      299,
      299,
      364,
      364,
      364,
      364,
      364,
      364,
      364,
      364,
      364,
      0,
      0,
      0,
      0,
      0,
      0,
      0,
      0,
      0,
      0,
      0,
      0,
      0,
      0,
      0,
      0,
      0,
      0,
      0,
      0,
      0,
      0,
      0,
      0,
      351,
      351,
      374,
      374,
      374,
      374,
      374,
      351,
      351,
      351,
      351,
      0,
      0,
      0,
      0,
      0,
      376,
      376,
      376,
      376,
      376,
      376,
      376,
      376,
      376,
      376,
      376,
      376,
      384,
      384,
      353,
      353,
      353,
      353,
      353,
      353,
      353,
      353,
      0,
      0,
      0,
      0,
      0,
      0,
      0,
      0,
      0,
      0,
      0,
      0,
      0,
      0,
      0,
      0,
      0,
      0,
      0,
      0,
      0,
      0,
      0,
      0,
      0,
      0,
      0,
      0,
      0,
      0,
      0,
      0,
      0,
      0,
      0,
      0,
      0,
      0,
      0,
      0,
      0,
      0,
      0,
      0,
      0,
      0,
      0,
      0,
      0,
      0,
      0,
      390,
      390,
      390,
      390,
      390,
      390,
      390,
      390,
      349,
      365,
      365,
      365,
      365,
      365,
      380,
      380,
      380,
      380,
      380,
      380,
      380,
      380,
      380,
      380,
      380,
      368,
      368,
      368,
      369,
      369,
      368,
      368,
      0,
      0,
      0,
      0,
      0,
      0,
      0,
      0,
      0,
      0,
      0,
      0,
      0,
      0,
      0,
      0,
      0,
      0,
      0,
      0,
      0,
      0,
      363,
      363,
      363,
      0,
      0,
      0,
      0,
      0,
      0,
      0,
      0,
      0,
      0,
      0,
      0,
      0,
      0,
      0,
      0,
      0,
      0,
      0,
      0,
      0,
      0,
      0,
      0,
      0,
      0,
      0,
      388,
      377,
      377,
      377,
      377,
      377,
      377,
      354,
      354,
      354,
      354,
      354,
      354,
      354,
      354,
      354,
      354,
      354,
      354,
      354,
      340,
      340,
      340,
      340,
      340,
      340,
      340,
      340,
      401,
      401,
      401,
      401,
      366,
      366,
      366,
      366,
      366,
      366,
      366,
      366,
      366,
      397,
      397,
      0,
      0,
      0,
      0,
      0,
      0,
      0,
      0,
      0,
      0,
      0,
      0,
      0,
      0,
      0,
      0,
      0,
      0,
      0,
      0,
      0,
      0,
      0,
      355,
      355,
      355,
      355,
      355,
      355,
      355,
      0,
      0,
      0,
      0,
      0,
      0,
      0,
      0,
      0,
      0,
      0,
      0,
      0,
      0,
      0,
      0,
      0,
      0,
      0,
      0,
      0,
      0,
      0,
      0,
      0,
      370,
      370,
      370,
      370,
      370,
      370,
      370,
      370,
      370,
      370,
      370,
      0,
      0,
      0,
      0,
      0,
      0,
      0,
      0,
      0,
      0,
      0,
      358,
      358,
      358,
      358,
      381,
      381,
      381,
      381,
      360,
      360,
      360,
      360,
      360,
      360,
      360,
      378,
      378,
      378,
      378,
      378,
      378,
      378,
      378,
      378,
      378,
      382,
      382,
      382,
      382,
      375,
      375,
      375,
      375,
      375,
      375,
      375,
      375,
      375,
      375,
      375,
      375,
      375,
      375,
      375,
      375,
      375,
      375,
      371,
      371,
      371,
      371,
      371,
      371,
      371,
      371,
      371,
      371,
      371,
      371,
      389,
      389,
      389,
      389,
      0,
      0,
      0,
      0,
      373,
      373,
      373,
      373,
      373,
      373,
      373,
      0,
      0,
      0,
      0,
      383,
      383,
      383,
      383,
      383,
      383,
      383,
      383,
      383,
      383,
      383,
      383,
      383,
      383,
      379,
      379,
      379,
      379,
      379,
      379,
      379,
      379,
      379,
      0,
      0,
      0,
      0,
      0,
      372,
      372,
      372,
      372,
      372,
      372,
      372,
      372,
      372,
      372,
      0,
      0,
      0,
      0,
      0,
      0,
      0,
      0,
      0,
      0,
      0,
      0,
      0,
      0,
      0,
      0,
      0,
      0,
      0,
      0,
      0,
      0,
      0,
      0,
      0,
      0,
      0,
      0,
      0,
      0,
      361,
      367,
      367,
      367,
      367,
      367,
      367,
      367,
      367,
      0,
      0,
      0,
      0,
      0,
      0,
      0,
      0,
      0,
      0,
      0,
      0,
      0,
      0,
      347,
      347,
      347,
      347,
      347,
      347,
      362,
      362,
      362,
      362,
      362,
      362,
      362,
      362
    ],
    [
      299,
      299,
      299,
      364,
      364,
      364,
      364,
      364,
      364,
      364,
      364,
      364,
      0,
      0,
      0,
      0,
      0,
      0,
      0,
      0,
      0,
      0,
      0,
      0,
      0,
      0,
      0,
      0,
      0,
      0,
      0,
      0,
      0,
      0,
      0,
      0,
      351,
      351,
      374,
      374,
      374,
      374,
      374,
      351,
      351,
      351,
      351,
      0,
      0,
      0,
      0,
      0,
      376,
      376,
      376,
      376,
      376,
      376,
      376,
      376,
      376,
      376,
      376,
      376,
      384,
      384,
      384,
      384,
      353,
      353,
      353,
      353,
      353,
      353,
      0,
      0,
      0,
      0,
      0,
      0,
      0,
      0,
      0,
      0,
      0,
      0,
      0,
      0,
      0,
      0,
      0,
      0,
      0,
      0,
      0,
      0,
      0,
      0,
      0,
      0,
      0,
      0,
      0,
      0,
      0,
      0,
      0,
      0,
      0,
      0,
      0,
      0,
      0,
      0,
      0,
      0,
      0,
      0,
      0,
      0,
      0,
      0,
      0,
      0,
      0,
      0,
      0,
      0,
      390,
      390,
      390,
      390,
      390,
      365,
      365,
      365,
      365,
      365,
      380,
      380,
      380,
      380,
      380,
      380,
      380,
      380,
      380,
      380,
      380,
      380,
      368,
      368,
      368,
      369,
      369,
      369,
      369,
      0,
      0,
      0,
      0,
      0,
      0,
      0,
      0,
      0,
      0,
      0,
      0,
      0,
      0,
      0,
      0,
      0,
      0,
      0,
      0,
      0,
      0,
      0,
      0,
      0,
      0,
      0,
      0,
      0,
      0,
      0,
      0,
      0,
      0,
      0,
      0,
      0,
      0,
      0,
      0,
      0,
      0,
      0,
      0,
      0,
      0,
      0,
      0,
      0,
      0,
      0,
      0,
      388,
      377,
      377,
      377,
      377,
      377,
      377,
      354,
      354,
      354,
      354,
      354,
      354,
      354,
      354,
      354,
      354,
      354,
      354,
      354,
      340,
      340,
      340,
      340,
      340,
      340,
      340,
      340,
      401,
      401,
      401,
      401,
      366,
      366,
      366,
      366,
      366,
      366,
      366,
      366,
      366,
      397,
      397,
      0,
      0,
      0,
      0,
      0,
      0,
      0,
      0,
      0,
      0,
      0,
      0,
      0,
      0,
      0,
      0,
      0,
      0,
      0,
      0,
      0,
      0,
      0,
      355,
      355,
      355,
      355,
      355,
      0,
      0,
      0,
      0,
      0,
      0,
      0,
      0,
      0,
      0,
      0,
      0,
      0,
      0,
      0,
      0,
      0,
      0,
      0,
      0,
      0,
      0,
      0,
      0,
      0,
      0,
      0,
      370,
      370,
      370,
      370,
      370,
      370,
      370,
      370,
      370,
      370,
      370,
      0,
      0,
      0,
      0,
      0,
      0,
      0,
      0,
      0,
      0,
      0,
      358,
      358,
      358,
      358,
      381,
      381,
      381,
      381,
      360,
      360,
      360,
      378,
      378,
      378,
      378,
      378,
      378,
      378,
      378,
      378,
      378,
      378,
      378,
      378,
      382,
      382,
      382,
      382,
      382,
      375,
      375,
      375,
      375,
      375,
      375,
      375,
      375,
      375,
      375,
      375,
      375,
      375,
      375,
      375,
      375,
      375,
      375,
      371,
      371,
      371,
      371,
      371,
      371,
      371,
      371,
      371,
      371,
      371,
      371,
      389,
      389,
      389,
      389,
      389,
      389,
      394,
      0,
      373,
      373,
      373,
      373,
      373,
      373,
      373,
      0,
      0,
      0,
      0,
      383,
      383,
      383,
      383,
      383,
      383,
      383,
      383,
      383,
      383,
      383,
      383,
      383,
      0,
      379,
      379,
      379,
      379,
      379,
      379,
      379,
      379,
      379,
      0,
      0,
      0,
      0,
      0,
      372,
      372,
      372,
      372,
      372,
      372,
      372,
      372,
      372,
      372,
      0,
      0,
      0,
      0,
      0,
      0,
      0,
      0,
      0,
      0,
      0,
      0,
      0,
      0,
      0,
      0,
      0,
      0,
      0,
      0,
      0,
      0,
      0,
      0,
      0,
      0,
      0,
      0,
      0,
      0,
      0,
      367,
      367,
      367,
      367,
      367,
      367,
      367,
      0,
      0,
      0,
      0,
      0,
      0,
      0,
      0,
      0,
      0,
      0,
      0,
      0,
      0,
      0,
      347,
      347,
      347,
      347,
      347,
      347,
      362,
      362,
      362,
      362,
      362,
      362,
      362,
      362
    ],
    [
      364,
      364,
      364,
      364,
      364,
      364,
      364,
      364,
      364,
      364,
      364,
      0,
      0,
      0,
      0,
      0,
      0,
      0,
      0,
      0,
      0,
      0,
      0,
      0,
      0,
      0,
      0,
      0,
      0,
      0,
      0,
      0,
      0,
      0,
      0,
      0,
      351,
      351,
      374,
      374,
      374,
      374,
      374,
      351,
      351,
      351,
      351,
      0,
      0,
      0,
      0,
      0,
      376,
      376,
      376,
      376,
      376,
      376,
      376,
      376,
      376,
      376,
      376,
      376,
      384,
      384,
      384,
      384,
      353,
      353,
      353,
      353,
      353,
      353,
      0,
      0,
      0,
      0,
      0,
      0,
      0,
      0,
      0,
      0,
      0,
      0,
      0,
      0,
      0,
      0,
      0,
      0,
      0,
      0,
      0,
      0,
      0,
      0,
      0,
      0,
      0,
      0,
      0,
      0,
      0,
      0,
      0,
      0,
      0,
      0,
      0,
      0,
      0,
      0,
      0,
      0,
      0,
      0,
      0,
      0,
      0,
      0,
      0,
      0,
      0,
      0,
      0,
      0,
      390,
      390,
      390,
      390,
      390,
      390,
      390,
      390,
      390,
      380,
      380,
      380,
      380,
      380,
      380,
      380,
      380,
      380,
      380,
      380,
      380,
      380,
      368,
      368,
      369,
      369,
      369,
      369,
      369,
      0,
      0,
      0,
      0,
      0,
      0,
      0,
      0,
      0,
      0,
      0,
      0,
      0,
      0,
      0,
      0,
      0,
      0,
      0,
      0,
      0,
      0,
      0,
      0,
      0,
      0,
      0,
      0,
      0,
      0,
      0,
      0,
      0,
      0,
      0,
      0,
      0,
      0,
      0,
      0,
      0,
      0,
      0,
      0,
      0,
      0,
      0,
      0,
      0,
      0,
      0,
      0,
      388,
      377,
      377,
      377,
      377,
      377,
      377,
      354,
      354,
      354,
      354,
      354,
      354,
      354,
      354,
      386,
      386,
      386,
      386,
      386,
      386,
      386,
      340,
      340,
      340,
      340,
      401,
      401,
      401,
      401,
      401,
      401,
      401,
      401,
      401,
      401,
      401,
      401,
      401,
      397,
      397,
      397,
      397,
      0,
      0,
      0,
      0,
      0,
      0,
      0,
      0,
      0,
      0,
      0,
      0,
      0,
      0,
      0,
      0,
      0,
      0,
      0,
      0,
      0,
      0,
      0,
      0,
      0,
      0,
      0,
      0,
      0,
      0,
      0,
      0,
      0,
      0,
      0,
      0,
      0,
      0,
      0,
      0,
      0,
      0,
      0,
      0,
      0,
      0,
      0,
      0,
      0,
      0,
      0,
      0,
      0,
      0,
      0,
      370,
      370,
      370,
      370,
      370,
      370,
      370,
      370,
      370,
      370,
      370,
      0,
      0,
      0,
      0,
      0,
      0,
      0,
      0,
      0,
      0,
      0,
      381,
      381,
      381,
      381,
      381,
      381,
      381,
      381,
      381,
      381,
      381,
      378,
      378,
      378,
      378,
      378,
      378,
      378,
      378,
      382,
      382,
      382,
      382,
      382,
      382,
      382,
      382,
      382,
      382,
      382,
      375,
      375,
      375,
      375,
      375,
      375,
      375,
      375,
      375,
      375,
      375,
      375,
      375,
      375,
      375,
      375,
      375,
      375,
      371,
      371,
      371,
      371,
      371,
      371,
      371,
      371,
      371,
      371,
      389,
      389,
      389,
      389,
      389,
      389,
      389,
      394,
      394,
      373,
      373,
      373,
      373,
      373,
      373,
      373,
      373,
      0,
      0,
      383,
      383,
      383,
      383,
      383,
      383,
      383,
      383,
      383,
      383,
      383,
      383,
      0,
      0,
      0,
      379,
      379,
      379,
      379,
      379,
      379,
      379,
      379,
      379,
      0,
      0,
      0,
      0,
      0,
      372,
      372,
      372,
      372,
      372,
      372,
      372,
      372,
      372,
      372,
      372,
      372,
      0,
      0,
      0,
      0,
      0,
      0,
      0,
      0,
      0,
      0,
      0,
      0,
      0,
      0,
      0,
      0,
      0,
      0,
      0,
      0,
      0,
      0,
      0,
      0,
      0,
      0,
      0,
      0,
      0,
      0,
      0,
      0,
      0,
      0,
      0,
      0,
      0,
      0,
      0,
      0,
      0,
      0,
      0,
      0,
      0,
      0,
      0,
      0,
      0,
      0,
      0,
      347,
      347,
      398,
      362,
      362,
      362,
      362,
      362,
      362,
      362,
      362,
      362,
      362,
      362
    ],
    [
      0,
      0,
      0,
      0,
      0,
      0,
      0,
      0,
      0,
      0,
      0,
      0,
      0,
      0,
      0,
      0,
      0,
      0,
      0,
      0,
      0,
      0,
      0,
      0,
      0,
      0,
      0,
      0,
      0,
      0,
      0,
      0,
      0,
      0,
      0,
      0,
      351,
      351,
      374,
      374,
      374,
      374,
      374,
      351,
      351,
      0,
      0,
      0,
      0,
      0,
      0,
      0,
      376,
      376,
      376,
      376,
      376,
      376,
      376,
      376,
      376,
      376,
      376,
      376,
      384,
      384,
      384,
      384,
      384,
      353,
      353,
      353,
      353,
      353,
      0,
      0,
      0,
      0,
      0,
      0,
      0,
      0,
      0,
      0,
      0,
      0,
      0,
      0,
      0,
      0,
      0,
      0,
      0,
      0,
      0,
      0,
      0,
      0,
      0,
      0,
      0,
      0,
      0,
      0,
      0,
      0,
      0,
      0,
      0,
      0,
      0,
      0,
      0,
      0,
      0,
      0,
      0,
      0,
      0,
      0,
      0,
      0,
      0,
      0,
      0,
      0,
      0,
      0,
      390,
      390,
      390,
      390,
      390,
      390,
      390,
      380,
      380,
      380,
      380,
      380,
      380,
      380,
      380,
      380,
      380,
      380,
      380,
      380,
      380,
      380,
      368,
      368,
      391,
      391,
      391,
      391,
      391,
      391,
      0,
      0,
      0,
      0,
      0,
      0,
      0,
      0,
      0,
      0,
      0,
      0,
      0,
      0,
      0,
      0,
      0,
      0,
      0,
      0,
      0,
      0,
      0,
      0,
      0,
      0,
      0,
      0,
      0,
      0,
      0,
      392,
      392,
      0,
      0,
      0,
      0,
      0,
      0,
      0,
      0,
      0,
      0,
      0,
      0,
      0,
      0,
      0,
      0,
      0,
      0,
      388,
      377,
      377,
      377,
      377,
      377,
      377,
      354,
      393,
      393,
      354,
      354,
      354,
      354,
      354,
      386,
      386,
      386,
      386,
      386,
      386,
      386,
      386,
      340,
      340,
      340,
      401,
      401,
      401,
      401,
      401,
      401,
      401,
      401,
      401,
      401,
      401,
      401,
      397,
      397,
      397,
      397,
      397,
      0,
      0,
      0,
      0,
      0,
      0,
      0,
      0,
      0,
      0,
      0,
      0,
      0,
      0,
      0,
      0,
      0,
      0,
      0,
      0,
      0,
      0,
      0,
      0,
      0,
      0,
      0,
      0,
      0,
      0,
      0,
      0,
      0,
      0,
      0,
      0,
      0,
      0,
      0,
      0,
      0,
      0,
      0,
      0,
      0,
      0,
      0,
      0,
      0,
      0,
      0,
      0,
      0,
      0,
      0,
      0,
      0,
      370,
      370,
      370,
      370,
      370,
      370,
      370,
      370,
      370,
      0,
      0,
      0,
      0,
      0,
      0,
      0,
      0,
      0,
      0,
      0,
      0,
      381,
      381,
      381,
      381,
      381,
      381,
      381,
      381,
      381,
      381,
      381,
      378,
      378,
      378,
      378,
      378,
      378,
      382,
      382,
      382,
      382,
      382,
      382,
      382,
      382,
      382,
      382,
      382,
      382,
      382,
      375,
      375,
      375,
      375,
      375,
      375,
      385,
      385,
      385,
      385,
      385,
      385,
      385,
      385,
      385,
      385,
      385,
      389,
      389,
      389,
      389,
      389,
      389,
      389,
      389,
      389,
      389,
      389,
      389,
      389,
      389,
      389,
      389,
      389,
      394,
      394,
      373,
      373,
      373,
      373,
      373,
      373,
      373,
      383,
      383,
      383,
      383,
      383,
      383,
      383,
      383,
      383,
      383,
      383,
      383,
      383,
      383,
      0,
      0,
      0,
      0,
      379,
      379,
      379,
      379,
      379,
      379,
      379,
      379,
      379,
      0,
      0,
      0,
      0,
      372,
      372,
      372,
      372,
      372,
      372,
      372,
      372,
      372,
      372,
      372,
      372,
      0,
      0,
      0,
      0,
      0,
      0,
      0,
      0,
      0,
      0,
      387,
      387,
      387,
      387,
      387,
      387,
      0,
      0,
      0,
      0,
      0,
      0,
      0,
      0,
      0,
      0,
      0,
      0,
      0,
      0,
      0,
      0,
      0,
      0,
      0,
      0,
      0,
      0,
      0,
      0,
      0,
      0,
      0,
      0,
      0,
      0,
      0,
      0,
      0,
      0,
      0,
      0,
      347,
      398,
      398,
      398,
      398,
      398,
      398,
      398,
      398,
      362,
      362,
      362,
      362,
      362
    ],
    [
      0,
      0,
      0,
      0,
      0,
      0,
      0,
      0,
      0,
      0,
      0,
      0,
      0,
      0,
      0,
      0,
      0,
      0,
      0,
      0,
      0,
      0,
      0,
      0,
      0,
      0,
      0,
      0,
      0,
      0,
      0,
      0,
      0,
      0,
      0,
      0,
      0,
      351,
      374,
      374,
      374,
      374,
      374,
      351,
      0,
      0,
      0,
      0,
      0,
      0,
      0,
      0,
      0,
      376,
      376,
      376,
      376,
      376,
      376,
      376,
      376,
      376,
      376,
      376,
      384,
      384,
      384,
      384,
      384,
      384,
      384,
      384,
      384,
      0,
      0,
      0,
      0,
      0,
      0,
      0,
      0,
      0,
      0,
      0,
      0,
      0,
      0,
      0,
      0,
      0,
      0,
      399,
      399,
      0,
      0,
      0,
      0,
      399,
      0,
      0,
      0,
      0,
      0,
      0,
      0,
      0,
      0,
      0,
      0,
      0,
      0,
      0,
      0,
      0,
      0,
      0,
      0,
      0,
      0,
      0,
      0,
      0,
      0,
      0,
      0,
      0,
      390,
      390,
      390,
      390,
      390,
      390,
      390,
      390,
      390,
      380,
      380,
      380,
      380,
      380,
      380,
      380,
      380,
      380,
      380,
      380,
      380,
      380,
      380,
      380,
      368,
      368,
      391,
      391,
      391,
      391,
      391,
      391,
      0,
      0,
      0,
      0,
      0,
      0,
      0,
      0,
      0,
      0,
      0,
      0,
      0,
      0,
      0,
      0,
      0,
      0,
      0,
      0,
      0,
      0,
      0,
      0,
      0,
      0,
      0,
      0,
      392,
      392,
      392,
      392,
      392,
      392,
      392,
      392,
      392,
      392,
      392,
      0,
      0,
      0,
      0,
      0,
      0,
      0,
      0,
      0,
      0,
      0,
      0,
      388,
      377,
      377,
      377,
      377,
      377,
      377,
      393,
      393,
      393,
      393,
      354,
      354,
      354,
      386,
      386,
      386,
      386,
      386,
      386,
      386,
      386,
      386,
      415,
      340,
      340,
      401,
      401,
      401,
      401,
      401,
      401,
      401,
      401,
      401,
      401,
      401,
      397,
      397,
      397,
      397,
      397,
      397,
      0,
      0,
      0,
      0,
      0,
      0,
      0,
      0,
      0,
      0,
      0,
      0,
      0,
      0,
      0,
      0,
      0,
      0,
      0,
      0,
      0,
      0,
      0,
      0,
      0,
      0,
      0,
      0,
      0,
      0,
      0,
      0,
      0,
      0,
      0,
      0,
      0,
      0,
      0,
      0,
      0,
      0,
      0,
      0,
      0,
      0,
      0,
      0,
      0,
      0,
      0,
      0,
      0,
      0,
      0,
      0,
      0,
      0,
      0,
      0,
      0,
      0,
      0,
      0,
      0,
      0,
      0,
      0,
      0,
      0,
      0,
      0,
      0,
      0,
      0,
      0,
      0,
      0,
      381,
      381,
      381,
      381,
      381,
      381,
      381,
      381,
      381,
      381,
      381,
      381,
      378,
      378,
      378,
      378,
      382,
      382,
      382,
      382,
      382,
      382,
      382,
      382,
      382,
      382,
      382,
      382,
      382,
      382,
      385,
      385,
      385,
      385,
      385,
      385,
      385,
      385,
      385,
      385,
      385,
      385,
      385,
      385,
      385,
      385,
      385,
      389,
      389,
      389,
      389,
      389,
      389,
      389,
      389,
      389,
      389,
      389,
      389,
      389,
      389,
      389,
      389,
      389,
      394,
      394,
      394,
      394,
      394,
      394,
      394,
      394,
      394,
      383,
      383,
      383,
      383,
      383,
      383,
      383,
      383,
      383,
      383,
      383,
      383,
      383,
      0,
      0,
      0,
      0,
      0,
      379,
      379,
      379,
      379,
      379,
      379,
      379,
      379,
      379,
      0,
      0,
      0,
      0,
      372,
      372,
      372,
      372,
      372,
      372,
      372,
      372,
      372,
      372,
      372,
      372,
      387,
      387,
      387,
      387,
      387,
      387,
      387,
      387,
      387,
      387,
      387,
      387,
      387,
      387,
      387,
      387,
      0,
      0,
      0,
      0,
      0,
      0,
      0,
      0,
      0,
      0,
      0,
      0,
      0,
      0,
      0,
      0,
      0,
      0,
      0,
      0,
      0,
      0,
      0,
      0,
      0,
      0,
      0,
      0,
      0,
      0,
      0,
      0,
      0,
      0,
      0,
      0,
      398,
      398,
      398,
      398,
      398,
      398,
      398,
      398,
      398,
      362,
      362,
      362,
      362,
      362
    ],
    [
      0,
      0,
      0,
      0,
      0,
      0,
      0,
      0,
      0,
      0,
      0,
      0,
      0,
      0,
      0,
      0,
      0,
      0,
      0,
      0,
      0,
      0,
      0,
      0,
      0,
      0,
      0,
      0,
      0,
      0,
      0,
      0,
      0,
      0,
      0,
      0,
      0,
      0,
      374,
      374,
      374,
      374,
      374,
      0,
      0,
      0,
      0,
      0,
      0,
      0,
      0,
      0,
      0,
      0,
      376,
      376,
      376,
      376,
      376,
      376,
      376,
      376,
      376,
      384,
      384,
      384,
      384,
      384,
      384,
      384,
      384,
      384,
      384,
      0,
      0,
      0,
      0,
      0,
      0,
      0,
      0,
      0,
      0,
      0,
      0,
      0,
      0,
      0,
      0,
      399,
      399,
      399,
      399,
      399,
      399,
      0,
      0,
      399,
      399,
      0,
      0,
      0,
      0,
      0,
      0,
      0,
      0,
      0,
      0,
      0,
      0,
      0,
      0,
      0,
      0,
      0,
      0,
      0,
      0,
      0,
      0,
      0,
      0,
      0,
      0,
      0,
      390,
      390,
      390,
      390,
      390,
      390,
      390,
      390,
      390,
      390,
      380,
      380,
      380,
      380,
      380,
      380,
      380,
      380,
      380,
      380,
      380,
      380,
      380,
      380,
      391,
      391,
      391,
      391,
      391,
      391,
      391,
      391,
      391,
      0,
      0,
      0,
      0,
      0,
      0,
      0,
      0,
      0,
      0,
      0,
      0,
      0,
      0,
      0,
      0,
      0,
      0,
      0,
      0,
      0,
      0,
      0,
      0,
      0,
      0,
      0,
      392,
      392,
      392,
      392,
      392,
      392,
      392,
      392,
      392,
      392,
      392,
      392,
      0,
      0,
      0,
      0,
      0,
      0,
      0,
      0,
      0,
      0,
      0,
      388,
      388,
      377,
      377,
      377,
      377,
      377,
      393,
      393,
      393,
      393,
      354,
      354,
      393,
      386,
      386,
      386,
      386,
      386,
      386,
      386,
      386,
      386,
      415,
      415,
      415,
      401,
      401,
      401,
      401,
      401,
      401,
      401,
      401,
      401,
      397,
      397,
      397,
      397,
      397,
      397,
      397,
      397,
      397,
      397,
      397,
      0,
      0,
      0,
      0,
      0,
      0,
      0,
      0,
      0,
      0,
      0,
      0,
      0,
      0,
      0,
      0,
      0,
      0,
      0,
      0,
      0,
      0,
      0,
      0,
      0,
      0,
      0,
      0,
      0,
      0,
      0,
      0,
      0,
      0,
      0,
      0,
      0,
      0,
      0,
      0,
      0,
      0,
      0,
      0,
      0,
      0,
      0,
      0,
      0,
      0,
      0,
      0,
      0,
      0,
      0,
      0,
      0,
      0,
      0,
      0,
      0,
      0,
      0,
      0,
      0,
      0,
      0,
      0,
      0,
      0,
      0,
      0,
      0,
      0,
      0,
      0,
      381,
      381,
      381,
      381,
      381,
      381,
      381,
      381,
      381,
      381,
      381,
      381,
      382,
      382,
      382,
      382,
      382,
      382,
      382,
      382,
      382,
      382,
      382,
      382,
      382,
      382,
      382,
      382,
      382,
      385,
      385,
      385,
      385,
      385,
      385,
      385,
      385,
      385,
      385,
      385,
      385,
      385,
      385,
      385,
      385,
      385,
      389,
      389,
      389,
      389,
      389,
      389,
      389,
      389,
      389,
      389,
      389,
      389,
      389,
      389,
      389,
      389,
      389,
      394,
      394,
      394,
      394,
      394,
      394,
      394,
      0,
      0,
      0,
      0,
      0,
      0,
      0,
      0,
      383,
      383,
      383,
      383,
      383,
      383,
      383,
      0,
      0,
      0,
      0,
      0,
      379,
      379,
      379,
      379,
      379,
      379,
      379,
      379,
      379,
      0,
      0,
      0,
      0,
      0,
      0,
      0,
      0,
      0,
      0,
      372,
      372,
      372,
      372,
      372,
      372,
      387,
      387,
      387,
      387,
      387,
      387,
      387,
      387,
      387,
      387,
      387,
      387,
      387,
      387,
      387,
      387,
      0,
      0,
      0,
      0,
      0,
      0,
      0,
      0,
      0,
      0,
      0,
      0,
      0,
      0,
      0,
      0,
      0,
      0,
      0,
      0,
      0,
      0,
      0,
      0,
      0,
      0,
      0,
      0,
      0,
      0,
      0,
      0,
      0,
      0,
      0,
      0,
      398,
      398,
      398,
      398,
      398,
      398,
      398,
      398,
      398,
      362,
      362,
      362,
      398,
      398
    ],
    [
      0,
      0,
      0,
      0,
      0,
      0,
      0,
      0,
      0,
      0,
      0,
      0,
      0,
      0,
      0,
      0,
      0,
      0,
      0,
      0,
      0,
      0,
      0,
      0,
      0,
      0,
      0,
      0,
      0,
      0,
      0,
      0,
      0,
      0,
      0,
      0,
      0,
      0,
      0,
      0,
      0,
      0,
      0,
      0,
      0,
      0,
      0,
      0,
      0,
      0,
      0,
      0,
      0,
      0,
      376,
      376,
      376,
      376,
      376,
      376,
      376,
      376,
      395,
      384,
      384,
      384,
      384,
      384,
      384,
      384,
      384,
      384,
      0,
      0,
      0,
      0,
      0,
      0,
      0,
      0,
      0,
      0,
      0,
      0,
      0,
      0,
      0,
      0,
      0,
      399,
      399,
      399,
      399,
      399,
      399,
      399,
      399,
      399,
      399,
      399,
      0,
      0,
      0,
      0,
      0,
      0,
      0,
      0,
      0,
      0,
      0,
      0,
      0,
      0,
      0,
      0,
      0,
      0,
      0,
      0,
      0,
      0,
      0,
      0,
      0,
      0,
      390,
      390,
      390,
      390,
      390,
      390,
      390,
      390,
      390,
      390,
      380,
      380,
      380,
      380,
      380,
      380,
      380,
      380,
      380,
      380,
      380,
      380,
      380,
      391,
      391,
      391,
      391,
      391,
      391,
      391,
      391,
      391,
      391,
      0,
      0,
      0,
      0,
      0,
      0,
      0,
      0,
      0,
      0,
      0,
      0,
      0,
      0,
      0,
      0,
      0,
      0,
      0,
      0,
      0,
      0,
      0,
      0,
      0,
      0,
      0,
      392,
      392,
      392,
      392,
      392,
      392,
      392,
      392,
      392,
      392,
      392,
      392,
      392,
      0,
      0,
      0,
      0,
      0,
      0,
      0,
      0,
      0,
      0,
      388,
      388,
      388,
      388,
      388,
      388,
      393,
      393,
      393,
      393,
      393,
      393,
      393,
      393,
      386,
      386,
      386,
      386,
      386,
      386,
      386,
      386,
      386,
      415,
      415,
      415,
      415,
      401,
      401,
      401,
      401,
      401,
      401,
      401,
      397,
      397,
      397,
      397,
      397,
      397,
      397,
      397,
      397,
      397,
      397,
      397,
      397,
      0,
      0,
      0,
      0,
      0,
      0,
      0,
      0,
      0,
      0,
      0,
      0,
      0,
      0,
      0,
      0,
      0,
      0,
      0,
      0,
      0,
      0,
      0,
      0,
      0,
      0,
      0,
      0,
      0,
      0,
      0,
      0,
      0,
      0,
      0,
      0,
      0,
      0,
      0,
      0,
      0,
      0,
      0,
      0,
      0,
      0,
      0,
      0,
      0,
      0,
      0,
      0,
      0,
      0,
      0,
      0,
      0,
      0,
      0,
      0,
      0,
      0,
      0,
      0,
      0,
      0,
      0,
      0,
      0,
      0,
      0,
      0,
      0,
      0,
      0,
      0,
      0,
      381,
      381,
      381,
      381,
      381,
      381,
      381,
      381,
      0,
      0,
      0,
      0,
      0,
      0,
      0,
      0,
      382,
      382,
      382,
      382,
      382,
      382,
      382,
      382,
      382,
      382,
      0,
      0,
      0,
      385,
      385,
      385,
      385,
      385,
      385,
      385,
      385,
      385,
      385,
      385,
      385,
      385,
      385,
      385,
      389,
      389,
      389,
      389,
      389,
      389,
      389,
      389,
      389,
      389,
      389,
      389,
      389,
      389,
      389,
      389,
      389,
      394,
      394,
      394,
      394,
      394,
      394,
      394,
      0,
      0,
      0,
      0,
      0,
      0,
      0,
      0,
      0,
      0,
      383,
      383,
      383,
      383,
      383,
      0,
      0,
      0,
      0,
      0,
      0,
      0,
      0,
      0,
      0,
      0,
      0,
      0,
      0,
      0,
      0,
      0,
      0,
      0,
      0,
      0,
      0,
      0,
      0,
      372,
      372,
      372,
      372,
      400,
      400,
      400,
      400,
      400,
      400,
      387,
      387,
      387,
      387,
      387,
      387,
      387,
      387,
      387,
      387,
      387,
      387,
      0,
      0,
      0,
      0,
      0,
      0,
      0,
      0,
      0,
      0,
      0,
      0,
      0,
      0,
      0,
      0,
      0,
      0,
      0,
      0,
      0,
      0,
      0,
      0,
      0,
      0,
      0,
      0,
      0,
      0,
      0,
      0,
      0,
      0,
      0,
      0,
      398,
      398,
      398,
      398,
      398,
      398,
      398,
      398,
      398,
      398,
      398,
      398,
      398,
      398
    ],
    [
      0,
      0,
      0,
      0,
      0,
      0,
      0,
      0,
      0,
      0,
      0,
      0,
      0,
      0,
      0,
      0,
      0,
      0,
      0,
      0,
      0,
      0,
      0,
      0,
      0,
      0,
      0,
      0,
      0,
      0,
      0,
      0,
      0,
      0,
      0,
      0,
      0,
      0,
      0,
      0,
      0,
      0,
      0,
      0,
      0,
      0,
      0,
      0,
      0,
      0,
      0,
      0,
      0,
      0,
      0,
      395,
      395,
      395,
      395,
      395,
      395,
      395,
      395,
      384,
      384,
      384,
      384,
      384,
      384,
      384,
      384,
      384,
      0,
      0,
      0,
      0,
      0,
      0,
      0,
      0,
      0,
      0,
      0,
      0,
      0,
      0,
      0,
      0,
      0,
      399,
      399,
      399,
      399,
      399,
      399,
      399,
      399,
      399,
      399,
      399,
      0,
      0,
      0,
      0,
      0,
      0,
      0,
      0,
      0,
      0,
      0,
      0,
      0,
      0,
      0,
      0,
      0,
      0,
      0,
      0,
      0,
      0,
      0,
      0,
      0,
      0,
      390,
      390,
      390,
      390,
      390,
      390,
      390,
      390,
      390,
      390,
      390,
      390,
      380,
      380,
      380,
      396,
      396,
      396,
      396,
      396,
      396,
      380,
      391,
      391,
      391,
      391,
      391,
      391,
      391,
      391,
      391,
      391,
      391,
      0,
      0,
      0,
      0,
      0,
      0,
      0,
      0,
      0,
      0,
      0,
      0,
      0,
      0,
      0,
      0,
      0,
      0,
      0,
      0,
      0,
      0,
      0,
      0,
      0,
      0,
      0,
      392,
      392,
      392,
      392,
      392,
      392,
      392,
      392,
      392,
      392,
      392,
      392,
      392,
      0,
      0,
      0,
      0,
      0,
      0,
      0,
      0,
      0,
      0,
      388,
      388,
      388,
      388,
      388,
      393,
      393,
      393,
      393,
      393,
      393,
      393,
      393,
      393,
      386,
      386,
      386,
      386,
      386,
      386,
      386,
      386,
      386,
      415,
      415,
      415,
      415,
      415,
      415,
      401,
      401,
      401,
      401,
      401,
      401,
      397,
      397,
      397,
      397,
      397,
      397,
      397,
      397,
      397,
      397,
      397,
      397,
      0,
      0,
      0,
      0,
      0,
      0,
      0,
      0,
      0,
      0,
      0,
      0,
      0,
      0,
      0,
      0,
      0,
      0,
      0,
      0,
      0,
      0,
      0,
      0,
      0,
      0,
      0,
      0,
      0,
      0,
      0,
      0,
      0,
      0,
      0,
      0,
      0,
      0,
      0,
      0,
      0,
      0,
      0,
      0,
      0,
      0,
      0,
      0,
      0,
      0,
      0,
      0,
      0,
      0,
      0,
      0,
      0,
      0,
      0,
      0,
      0,
      0,
      0,
      0,
      0,
      0,
      0,
      0,
      0,
      0,
      0,
      0,
      0,
      0,
      0,
      0,
      0,
      381,
      381,
      381,
      381,
      381,
      381,
      381,
      381,
      0,
      0,
      0,
      0,
      0,
      0,
      0,
      0,
      382,
      382,
      382,
      382,
      382,
      382,
      382,
      382,
      382,
      382,
      0,
      0,
      0,
      0,
      385,
      385,
      385,
      385,
      385,
      385,
      385,
      385,
      385,
      385,
      385,
      385,
      385,
      385,
      389,
      389,
      389,
      389,
      389,
      389,
      389,
      389,
      389,
      389,
      389,
      389,
      389,
      389,
      389,
      389,
      389,
      394,
      394,
      394,
      394,
      394,
      394,
      0,
      0,
      0,
      0,
      0,
      0,
      0,
      0,
      0,
      0,
      0,
      0,
      383,
      383,
      383,
      383,
      0,
      0,
      0,
      0,
      0,
      0,
      0,
      0,
      0,
      0,
      0,
      0,
      0,
      0,
      0,
      0,
      0,
      0,
      0,
      0,
      0,
      0,
      0,
      0,
      372,
      372,
      372,
      400,
      400,
      400,
      400,
      400,
      400,
      400,
      400,
      400,
      387,
      387,
      387,
      387,
      387,
      387,
      387,
      387,
      387,
      387,
      0,
      0,
      0,
      0,
      0,
      0,
      0,
      0,
      0,
      0,
      0,
      0,
      0,
      0,
      0,
      0,
      0,
      0,
      0,
      0,
      0,
      0,
      0,
      0,
      0,
      0,
      0,
      0,
      0,
      0,
      0,
      0,
      0,
      0,
      0,
      0,
      398,
      398,
      398,
      398,
      398,
      398,
      398,
      398,
      398,
      398,
      398,
      398,
      398,
      398
    ],
    [
      0,
      0,
      0,
      0,
      0,
      0,
      0,
      0,
      0,
      0,
      0,
      0,
      0,
      0,
      0,
      0,
      0,
      0,
      0,
      0,
      0,
      0,
      0,
      0,
      0,
      0,
      0,
      0,
      0,
      0,
      0,
      0,
      0,
      0,
      0,
      0,
      0,
      0,
      0,
      0,
      0,
      0,
      0,
      0,
      0,
      0,
      0,
      0,
      0,
      0,
      0,
      0,
      0,
      0,
      0,
      395,
      395,
      395,
      395,
      395,
      395,
      395,
      395,
      384,
      384,
      384,
      384,
      384,
      384,
      384,
      384,
      0,
      0,
      0,
      0,
      0,
      0,
      0,
      0,
      0,
      0,
      0,
      0,
      0,
      0,
      0,
      0,
      0,
      0,
      399,
      399,
      399,
      399,
      399,
      399,
      399,
      399,
      399,
      399,
      399,
      0,
      0,
      0,
      0,
      0,
      0,
      0,
      0,
      0,
      0,
      0,
      0,
      0,
      0,
      0,
      0,
      0,
      0,
      0,
      0,
      0,
      0,
      0,
      0,
      0,
      0,
      390,
      390,
      390,
      390,
      390,
      390,
      390,
      390,
      390,
      390,
      390,
      390,
      396,
      396,
      396,
      396,
      396,
      396,
      396,
      396,
      396,
      396,
      391,
      391,
      391,
      391,
      391,
      391,
      391,
      391,
      391,
      391,
      391,
      0,
      0,
      0,
      0,
      0,
      0,
      0,
      0,
      0,
      0,
      0,
      0,
      0,
      0,
      0,
      0,
      0,
      0,
      0,
      0,
      0,
      0,
      0,
      0,
      0,
      0,
      0,
      392,
      392,
      392,
      392,
      392,
      392,
      392,
      392,
      392,
      392,
      392,
      392,
      392,
      0,
      0,
      0,
      0,
      0,
      0,
      0,
      0,
      0,
      0,
      388,
      388,
      388,
      388,
      388,
      393,
      393,
      393,
      393,
      393,
      393,
      393,
      393,
      393,
      386,
      386,
      386,
      386,
      386,
      386,
      386,
      386,
      386,
      415,
      415,
      415,
      415,
      415,
      415,
      401,
      401,
      401,
      401,
      401,
      401,
      401,
      401,
      397,
      397,
      397,
      397,
      397,
      397,
      397,
      397,
      397,
      397,
      0,
      0,
      0,
      0,
      0,
      0,
      0,
      0,
      0,
      0,
      0,
      0,
      0,
      0,
      0,
      0,
      0,
      0,
      0,
      0,
      0,
      0,
      0,
      0,
      0,
      0,
      0,
      0,
      0,
      0,
      0,
      0,
      0,
      0,
      0,
      0,
      0,
      0,
      0,
      0,
      0,
      0,
      0,
      0,
      0,
      0,
      0,
      0,
      0,
      0,
      0,
      0,
      0,
      0,
      0,
      0,
      0,
      0,
      0,
      0,
      0,
      0,
      0,
      0,
      0,
      0,
      0,
      0,
      0,
      0,
      0,
      0,
      0,
      0,
      0,
      0,
      0,
      381,
      381,
      381,
      381,
      381,
      381,
      381,
      381,
      0,
      0,
      0,
      0,
      0,
      0,
      0,
      0,
      0,
      0,
      0,
      0,
      0,
      0,
      0,
      0,
      0,
      0,
      0,
      0,
      0,
      0,
      385,
      385,
      385,
      385,
      385,
      385,
      385,
      385,
      385,
      385,
      385,
      385,
      385,
      385,
      389,
      389,
      389,
      389,
      389,
      389,
      389,
      389,
      389,
      389,
      389,
      389,
      389,
      389,
      389,
      394,
      394,
      394,
      394,
      394,
      394,
      394,
      394,
      0,
      0,
      0,
      0,
      0,
      0,
      0,
      0,
      0,
      0,
      0,
      0,
      0,
      0,
      0,
      0,
      0,
      0,
      0,
      0,
      0,
      0,
      0,
      0,
      0,
      0,
      0,
      0,
      0,
      0,
      0,
      0,
      0,
      0,
      0,
      0,
      0,
      0,
      0,
      0,
      372,
      372,
      372,
      400,
      400,
      400,
      400,
      400,
      400,
      400,
      400,
      400,
      387,
      387,
      387,
      387,
      387,
      387,
      387,
      387,
      387,
      387,
      0,
      0,
      0,
      0,
      0,
      0,
      0,
      0,
      0,
      0,
      0,
      0,
      0,
      0,
      0,
      0,
      0,
      0,
      0,
      0,
      0,
      0,
      0,
      0,
      0,
      0,
      0,
      0,
      0,
      0,
      0,
      0,
      0,
      0,
      0,
      0,
      398,
      398,
      398,
      398,
      398,
      398,
      398,
      398,
      398,
      398,
      398,
      398,
      398,
      398
    ],
    [
      404,
      404,
      404,
      404,
      404,
      404,
      404,
      404,
      0,
      0,
      0,
      0,
      0,
      0,
      0,
      0,
      0,
      0,
      0,
      0,
      0,
      0,
      0,
      0,
      0,
      0,
      0,
      0,
      0,
      0,
      0,
      0,
      0,
      0,
      0,
      0,
      0,
      0,
      0,
      0,
      0,
      0,
      0,
      0,
      0,
      0,
      0,
      0,
      0,
      0,
      0,
      0,
      0,
      0,
      0,
      0,
      395,
      395,
      395,
      395,
      395,
      395,
      395,
      395,
      384,
      384,
      384,
      384,
      384,
      384,
      0,
      0,
      0,
      0,
      0,
      0,
      0,
      0,
      0,
      0,
      0,
      0,
      0,
      0,
      0,
      0,
      0,
      0,
      0,
      399,
      399,
      399,
      399,
      399,
      399,
      399,
      399,
      399,
      399,
      399,
      0,
      0,
      0,
      0,
      0,
      0,
      0,
      0,
      0,
      0,
      0,
      0,
      0,
      0,
      0,
      0,
      0,
      0,
      0,
      0,
      0,
      0,
      0,
      0,
      0,
      0,
      390,
      390,
      390,
      390,
      390,
      390,
      390,
      390,
      390,
      390,
      390,
      396,
      396,
      396,
      396,
      396,
      396,
      396,
      396,
      396,
      396,
      396,
      391,
      391,
      391,
      391,
      391,
      391,
      391,
      391,
      391,
      391,
      391,
      0,
      0,
      0,
      0,
      0,
      0,
      0,
      0,
      0,
      0,
      0,
      0,
      0,
      0,
      0,
      0,
      0,
      0,
      0,
      0,
      0,
      0,
      0,
      0,
      0,
      0,
      0,
      392,
      392,
      392,
      392,
      392,
      392,
      392,
      392,
      392,
      392,
      392,
      392,
      392,
      392,
      392,
      392,
      392,
      0,
      0,
      0,
      0,
      0,
      0,
      388,
      388,
      388,
      388,
      388,
      393,
      393,
      393,
      393,
      393,
      393,
      393,
      393,
      393,
      386,
      386,
      386,
      386,
      386,
      386,
      386,
      386,
      386,
      415,
      415,
      415,
      415,
      415,
      415,
      415,
      401,
      401,
      401,
      401,
      401,
      401,
      401,
      401,
      397,
      397,
      397,
      397,
      397,
      397,
      397,
      397,
      397,
      0,
      0,
      0,
      0,
      0,
      0,
      0,
      0,
      0,
      0,
      0,
      0,
      0,
      0,
      0,
      0,
      0,
      0,
      0,
      0,
      0,
      0,
      0,
      402,
      402,
      402,
      402,
      402,
      402,
      402,
      0,
      0,
      0,
      0,
      0,
      0,
      0,
      0,
      0,
      0,
      0,
      0,
      0,
      0,
      0,
      0,
      0,
      0,
      0,
      0,
      0,
      0,
      0,
      0,
      0,
      0,
      0,
      0,
      0,
      0,
      0,
      0,
      0,
      0,
      0,
      0,
      0,
      0,
      0,
      0,
      0,
      0,
      0,
      0,
      0,
      0,
      0,
      381,
      381,
      403,
      403,
      403,
      403,
      381,
      381,
      0,
      0,
      0,
      0,
      0,
      0,
      0,
      0,
      0,
      0,
      0,
      0,
      0,
      0,
      0,
      0,
      0,
      0,
      0,
      0,
      0,
      0,
      385,
      385,
      385,
      385,
      385,
      385,
      385,
      385,
      385,
      385,
      385,
      385,
      407,
      407,
      407,
      407,
      407,
      407,
      407,
      389,
      389,
      389,
      389,
      389,
      389,
      389,
      389,
      389,
      389,
      394,
      394,
      394,
      394,
      394,
      394,
      0,
      0,
      0,
      0,
      0,
      0,
      0,
      0,
      0,
      0,
      0,
      0,
      0,
      0,
      0,
      0,
      0,
      0,
      0,
      0,
      0,
      0,
      0,
      0,
      0,
      0,
      0,
      0,
      0,
      0,
      0,
      0,
      0,
      0,
      0,
      0,
      0,
      0,
      0,
      0,
      0,
      0,
      372,
      372,
      372,
      400,
      400,
      400,
      400,
      400,
      400,
      400,
      400,
      400,
      387,
      387,
      387,
      387,
      387,
      387,
      387,
      387,
      387,
      387,
      0,
      0,
      0,
      0,
      0,
      0,
      0,
      0,
      0,
      0,
      0,
      0,
      0,
      0,
      0,
      0,
      0,
      0,
      0,
      0,
      0,
      0,
      0,
      0,
      0,
      0,
      0,
      0,
      0,
      0,
      0,
      0,
      0,
      0,
      0,
      0,
      398,
      398,
      398,
      398,
      398,
      398,
      398,
      398,
      398,
      398,
      398,
      398,
      398,
      398
    ],
    [
      404,
      404,
      404,
      404,
      404,
      404,
      404,
      404,
      405,
      405,
      405,
      405,
      0,
      0,
      0,
      0,
      0,
      0,
      0,
      0,
      0,
      0,
      0,
      0,
      0,
      0,
      0,
      0,
      0,
      0,
      0,
      0,
      0,
      0,
      0,
      0,
      0,
      0,
      0,
      0,
      0,
      0,
      0,
      0,
      0,
      0,
      0,
      0,
      0,
      0,
      0,
      0,
      0,
      0,
      0,
      0,
      0,
      0,
      395,
      395,
      395,
      395,
      395,
      395,
      395,
      384,
      384,
      384,
      384,
      384,
      410,
      410,
      410,
      410,
      410,
      0,
      0,
      0,
      0,
      0,
      0,
      0,
      0,
      0,
      0,
      0,
      0,
      0,
      0,
      399,
      399,
      399,
      399,
      399,
      399,
      399,
      399,
      399,
      399,
      399,
      0,
      0,
      0,
      0,
      0,
      0,
      0,
      0,
      0,
      0,
      0,
      0,
      0,
      0,
      0,
      0,
      0,
      0,
      0,
      0,
      0,
      0,
      0,
      0,
      0,
      0,
      390,
      390,
      390,
      390,
      390,
      390,
      390,
      390,
      390,
      390,
      390,
      396,
      396,
      396,
      396,
      396,
      396,
      396,
      396,
      396,
      396,
      396,
      391,
      391,
      391,
      391,
      391,
      391,
      391,
      391,
      391,
      391,
      391,
      0,
      0,
      0,
      0,
      0,
      0,
      0,
      0,
      0,
      0,
      0,
      0,
      0,
      0,
      0,
      0,
      0,
      0,
      0,
      0,
      0,
      0,
      0,
      0,
      0,
      0,
      0,
      392,
      392,
      392,
      392,
      392,
      392,
      392,
      392,
      392,
      392,
      392,
      392,
      392,
      392,
      392,
      0,
      0,
      0,
      0,
      0,
      0,
      0,
      0,
      388,
      388,
      388,
      388,
      388,
      393,
      393,
      393,
      393,
      393,
      393,
      393,
      393,
      393,
      393,
      393,
      386,
      386,
      386,
      386,
      386,
      386,
      415,
      415,
      415,
      415,
      415,
      415,
      415,
      415,
      401,
      401,
      401,
      401,
      401,
      401,
      401,
      401,
      397,
      397,
      397,
      397,
      397,
      397,
      397,
      397,
      0,
      0,
      0,
      0,
      0,
      0,
      0,
      0,
      0,
      0,
      0,
      0,
      0,
      0,
      0,
      0,
      0,
      0,
      0,
      0,
      0,
      0,
      0,
      0,
      402,
      402,
      402,
      402,
      402,
      402,
      402,
      0,
      0,
      0,
      0,
      0,
      0,
      0,
      0,
      0,
      0,
      0,
      0,
      0,
      0,
      0,
      0,
      0,
      0,
      0,
      0,
      0,
      0,
      0,
      0,
      0,
      0,
      0,
      0,
      0,
      0,
      0,
      0,
      0,
      0,
      0,
      0,
      0,
      0,
      0,
      0,
      0,
      0,
      0,
      0,
      0,
      0,
      0,
      381,
      381,
      403,
      403,
      403,
      403,
      381,
      381,
      0,
      0,
      0,
      0,
      0,
      0,
      0,
      0,
      0,
      0,
      0,
      0,
      0,
      0,
      0,
      0,
      0,
      0,
      0,
      0,
      0,
      0,
      0,
      0,
      385,
      385,
      385,
      385,
      385,
      385,
      385,
      385,
      385,
      407,
      407,
      407,
      407,
      407,
      407,
      407,
      407,
      389,
      389,
      389,
      389,
      389,
      389,
      389,
      389,
      389,
      389,
      389,
      389,
      389,
      389,
      389,
      394,
      0,
      0,
      0,
      0,
      0,
      0,
      0,
      0,
      0,
      0,
      0,
      0,
      0,
      0,
      0,
      0,
      0,
      0,
      0,
      0,
      0,
      0,
      0,
      0,
      0,
      0,
      0,
      0,
      0,
      0,
      0,
      0,
      0,
      0,
      0,
      0,
      0,
      0,
      0,
      0,
      0,
      0,
      372,
      372,
      372,
      400,
      400,
      400,
      400,
      400,
      400,
      400,
      400,
      400,
      387,
      387,
      387,
      387,
      387,
      387,
      387,
      387,
      387,
      387,
      0,
      0,
      0,
      0,
      0,
      0,
      0,
      0,
      0,
      0,
      0,
      0,
      0,
      0,
      0,
      0,
      0,
      0,
      0,
      0,
      0,
      0,
      0,
      0,
      0,
      0,
      0,
      0,
      0,
      0,
      0,
      0,
      0,
      0,
      0,
      0,
      398,
      398,
      398,
      398,
      398,
      398,
      398,
      398,
      398,
      398,
      398,
      398,
      398,
      398
    ],
    [
      404,
      404,
      404,
      404,
      404,
      404,
      404,
      404,
      404,
      404,
      405,
      405,
      405,
      0,
      0,
      0,
      0,
      0,
      0,
      0,
      0,
      0,
      0,
      0,
      0,
      0,
      0,
      0,
      0,
      0,
      0,
      0,
      0,
      0,
      406,
      406,
      406,
      406,
      406,
      406,
      406,
      0,
      0,
      0,
      0,
      0,
      0,
      0,
      0,
      0,
      0,
      0,
      0,
      0,
      0,
      0,
      0,
      0,
      395,
      395,
      395,
      395,
      395,
      395,
      395,
      410,
      410,
      410,
      410,
      410,
      410,
      410,
      410,
      410,
      410,
      0,
      0,
      0,
      0,
      0,
      0,
      0,
      0,
      0,
      0,
      0,
      0,
      0,
      0,
      0,
      0,
      399,
      399,
      399,
      399,
      399,
      399,
      399,
      399,
      399,
      399,
      399,
      399,
      399,
      399,
      399,
      399,
      399,
      0,
      0,
      0,
      0,
      0,
      0,
      0,
      0,
      0,
      0,
      0,
      0,
      0,
      0,
      0,
      0,
      0,
      0,
      390,
      390,
      390,
      390,
      390,
      390,
      390,
      390,
      390,
      390,
      390,
      396,
      396,
      396,
      396,
      396,
      396,
      396,
      396,
      396,
      396,
      396,
      391,
      391,
      391,
      391,
      391,
      391,
      391,
      391,
      391,
      391,
      0,
      0,
      0,
      0,
      0,
      0,
      0,
      0,
      0,
      0,
      0,
      0,
      0,
      0,
      0,
      0,
      0,
      0,
      0,
      0,
      0,
      0,
      0,
      0,
      0,
      0,
      0,
      0,
      0,
      392,
      392,
      392,
      392,
      392,
      392,
      392,
      392,
      392,
      392,
      392,
      392,
      392,
      392,
      392,
      392,
      0,
      0,
      0,
      0,
      0,
      0,
      388,
      388,
      388,
      388,
      388,
      388,
      393,
      393,
      393,
      393,
      393,
      393,
      393,
      393,
      393,
      393,
      393,
      415,
      415,
      415,
      415,
      415,
      415,
      415,
      415,
      415,
      415,
      415,
      415,
      415,
      401,
      401,
      401,
      401,
      401,
      401,
      401,
      401,
      397,
      397,
      397,
      397,
      397,
      397,
      0,
      0,
      0,
      0,
      0,
      0,
      0,
      0,
      0,
      0,
      0,
      0,
      0,
      0,
      0,
      0,
      0,
      0,
      0,
      0,
      0,
      0,
      0,
      0,
      0,
      0,
      402,
      402,
      402,
      402,
      402,
      402,
      402,
      0,
      0,
      0,
      0,
      0,
      0,
      0,
      0,
      0,
      0,
      0,
      0,
      0,
      0,
      0,
      0,
      0,
      0,
      0,
      0,
      0,
      0,
      0,
      0,
      0,
      0,
      0,
      0,
      0,
      0,
      0,
      0,
      0,
      0,
      0,
      0,
      0,
      0,
      0,
      0,
      0,
      0,
      0,
      0,
      0,
      0,
      0,
      440,
      403,
      403,
      403,
      403,
      403,
      0,
      0,
      0,
      0,
      0,
      0,
      0,
      0,
      0,
      0,
      0,
      0,
      0,
      0,
      0,
      0,
      0,
      0,
      0,
      0,
      0,
      0,
      0,
      0,
      0,
      0,
      0,
      0,
      385,
      385,
      385,
      385,
      385,
      385,
      436,
      407,
      407,
      407,
      407,
      407,
      407,
      407,
      407,
      389,
      389,
      389,
      389,
      389,
      389,
      389,
      389,
      389,
      389,
      389,
      389,
      389,
      389,
      389,
      0,
      0,
      0,
      0,
      0,
      0,
      0,
      0,
      0,
      0,
      0,
      0,
      0,
      0,
      0,
      0,
      0,
      0,
      0,
      0,
      0,
      0,
      0,
      0,
      0,
      0,
      0,
      0,
      0,
      0,
      0,
      0,
      0,
      0,
      0,
      0,
      0,
      0,
      0,
      0,
      0,
      0,
      0,
      0,
      0,
      372,
      400,
      400,
      400,
      400,
      400,
      400,
      400,
      400,
      400,
      387,
      387,
      387,
      387,
      387,
      387,
      387,
      387,
      387,
      387,
      0,
      0,
      0,
      0,
      0,
      0,
      0,
      0,
      0,
      0,
      0,
      0,
      0,
      0,
      0,
      0,
      0,
      0,
      0,
      0,
      0,
      0,
      0,
      0,
      0,
      0,
      0,
      0,
      0,
      0,
      0,
      0,
      0,
      0,
      0,
      0,
      398,
      398,
      398,
      398,
      398,
      398,
      398,
      398,
      398,
      398,
      416,
      416,
      416,
      416
    ],
    [
      404,
      404,
      404,
      404,
      404,
      404,
      404,
      404,
      404,
      404,
      405,
      405,
      405,
      405,
      405,
      405,
      405,
      405,
      405,
      0,
      0,
      0,
      0,
      0,
      0,
      0,
      0,
      0,
      0,
      0,
      0,
      0,
      0,
      0,
      406,
      406,
      406,
      406,
      406,
      406,
      406,
      406,
      0,
      0,
      0,
      0,
      0,
      0,
      0,
      0,
      0,
      0,
      0,
      0,
      0,
      0,
      0,
      0,
      395,
      395,
      408,
      408,
      408,
      408,
      408,
      408,
      409,
      409,
      409,
      409,
      410,
      410,
      410,
      410,
      410,
      410,
      0,
      0,
      0,
      0,
      0,
      0,
      0,
      0,
      0,
      0,
      0,
      0,
      0,
      0,
      0,
      0,
      0,
      399,
      399,
      399,
      399,
      399,
      399,
      399,
      399,
      399,
      399,
      399,
      399,
      399,
      399,
      399,
      0,
      0,
      0,
      0,
      0,
      0,
      0,
      0,
      0,
      0,
      0,
      0,
      0,
      0,
      0,
      0,
      0,
      0,
      390,
      390,
      390,
      390,
      390,
      390,
      390,
      390,
      390,
      390,
      390,
      396,
      396,
      396,
      396,
      396,
      396,
      396,
      396,
      396,
      396,
      391,
      391,
      391,
      391,
      391,
      391,
      391,
      391,
      391,
      391,
      0,
      0,
      0,
      0,
      0,
      0,
      0,
      0,
      0,
      0,
      414,
      414,
      414,
      414,
      414,
      414,
      0,
      0,
      0,
      0,
      0,
      0,
      0,
      0,
      0,
      0,
      0,
      0,
      0,
      0,
      392,
      392,
      392,
      392,
      392,
      392,
      392,
      392,
      392,
      392,
      392,
      392,
      392,
      392,
      392,
      0,
      0,
      0,
      0,
      0,
      0,
      0,
      388,
      388,
      388,
      388,
      388,
      388,
      388,
      388,
      393,
      393,
      393,
      393,
      0,
      0,
      0,
      0,
      0,
      0,
      415,
      415,
      415,
      415,
      415,
      415,
      415,
      415,
      415,
      415,
      415,
      415,
      415,
      415,
      401,
      401,
      401,
      401,
      401,
      401,
      397,
      397,
      0,
      0,
      0,
      0,
      0,
      0,
      0,
      0,
      0,
      0,
      0,
      0,
      0,
      0,
      0,
      0,
      0,
      0,
      0,
      0,
      0,
      0,
      0,
      0,
      0,
      0,
      0,
      0,
      0,
      0,
      402,
      402,
      402,
      402,
      402,
      402,
      402,
      0,
      0,
      0,
      0,
      0,
      0,
      0,
      0,
      0,
      0,
      0,
      0,
      0,
      0,
      0,
      0,
      0,
      0,
      0,
      0,
      0,
      0,
      0,
      0,
      0,
      0,
      0,
      0,
      0,
      0,
      0,
      0,
      0,
      0,
      0,
      0,
      0,
      0,
      0,
      0,
      0,
      0,
      0,
      0,
      0,
      0,
      440,
      440,
      403,
      403,
      403,
      403,
      403,
      0,
      0,
      0,
      0,
      0,
      0,
      0,
      0,
      0,
      0,
      0,
      0,
      0,
      0,
      0,
      0,
      0,
      0,
      0,
      0,
      0,
      0,
      0,
      0,
      0,
      0,
      0,
      0,
      0,
      385,
      385,
      385,
      385,
      385,
      436,
      407,
      407,
      407,
      407,
      407,
      407,
      407,
      407,
      389,
      389,
      389,
      389,
      389,
      389,
      389,
      389,
      389,
      389,
      389,
      389,
      389,
      389,
      389,
      389,
      0,
      0,
      0,
      0,
      0,
      0,
      0,
      0,
      0,
      0,
      0,
      0,
      0,
      0,
      0,
      0,
      0,
      0,
      0,
      0,
      0,
      0,
      0,
      0,
      0,
      0,
      0,
      0,
      0,
      0,
      0,
      0,
      0,
      0,
      0,
      0,
      0,
      0,
      0,
      0,
      0,
      0,
      0,
      0,
      0,
      400,
      400,
      400,
      400,
      400,
      400,
      400,
      400,
      400,
      0,
      387,
      387,
      387,
      387,
      387,
      387,
      387,
      387,
      387,
      0,
      0,
      0,
      0,
      0,
      0,
      0,
      0,
      0,
      0,
      0,
      0,
      0,
      0,
      0,
      0,
      0,
      0,
      0,
      0,
      0,
      0,
      0,
      0,
      0,
      0,
      0,
      0,
      0,
      0,
      0,
      0,
      0,
      0,
      0,
      0,
      398,
      398,
      398,
      398,
      398,
      398,
      398,
      398,
      398,
      416,
      416,
      416,
      416,
      416
    ],
    [
      404,
      404,
      404,
      404,
      404,
      404,
      404,
      404,
      404,
      405,
      405,
      405,
      405,
      405,
      405,
      405,
      405,
      412,
      412,
      412,
      412,
      412,
      412,
      412,
      412,
      0,
      0,
      0,
      0,
      0,
      0,
      0,
      0,
      0,
      406,
      406,
      406,
      406,
      406,
      406,
      406,
      406,
      0,
      0,
      0,
      0,
      0,
      0,
      0,
      0,
      0,
      0,
      0,
      0,
      0,
      0,
      0,
      0,
      395,
      395,
      408,
      408,
      408,
      408,
      408,
      408,
      409,
      409,
      409,
      409,
      410,
      410,
      410,
      410,
      410,
      410,
      0,
      0,
      0,
      0,
      0,
      0,
      0,
      0,
      0,
      0,
      0,
      0,
      0,
      0,
      0,
      0,
      0,
      0,
      399,
      399,
      399,
      399,
      399,
      399,
      399,
      399,
      399,
      399,
      399,
      399,
      399,
      399,
      399,
      0,
      0,
      0,
      0,
      0,
      0,
      0,
      0,
      0,
      0,
      0,
      0,
      0,
      0,
      0,
      0,
      0,
      0,
      0,
      390,
      390,
      390,
      390,
      390,
      390,
      390,
      390,
      390,
      396,
      396,
      396,
      396,
      396,
      396,
      396,
      396,
      391,
      391,
      391,
      391,
      391,
      391,
      391,
      391,
      391,
      391,
      391,
      0,
      0,
      0,
      0,
      0,
      0,
      0,
      0,
      0,
      0,
      414,
      414,
      414,
      414,
      414,
      414,
      414,
      414,
      414,
      0,
      0,
      0,
      0,
      0,
      0,
      0,
      0,
      0,
      0,
      0,
      0,
      392,
      392,
      392,
      392,
      392,
      392,
      392,
      392,
      392,
      392,
      392,
      392,
      392,
      392,
      392,
      0,
      0,
      0,
      0,
      0,
      0,
      0,
      0,
      388,
      388,
      388,
      388,
      388,
      388,
      388,
      393,
      393,
      393,
      393,
      0,
      0,
      0,
      0,
      0,
      0,
      415,
      415,
      415,
      415,
      415,
      415,
      415,
      415,
      415,
      415,
      415,
      415,
      415,
      415,
      415,
      415,
      401,
      401,
      401,
      401,
      401,
      401,
      0,
      0,
      0,
      0,
      0,
      0,
      0,
      0,
      0,
      0,
      0,
      0,
      0,
      0,
      0,
      0,
      0,
      0,
      0,
      0,
      0,
      0,
      0,
      0,
      0,
      0,
      0,
      0,
      0,
      0,
      402,
      402,
      402,
      402,
      402,
      402,
      402,
      0,
      0,
      0,
      0,
      0,
      0,
      0,
      0,
      0,
      0,
      0,
      0,
      0,
      0,
      0,
      0,
      0,
      0,
      0,
      0,
      0,
      0,
      0,
      0,
      0,
      0,
      0,
      0,
      411,
      411,
      411,
      411,
      411,
      411,
      411,
      411,
      0,
      0,
      0,
      0,
      0,
      0,
      0,
      0,
      0,
      440,
      440,
      440,
      403,
      403,
      403,
      403,
      403,
      0,
      0,
      0,
      0,
      0,
      0,
      0,
      0,
      0,
      0,
      0,
      0,
      0,
      0,
      0,
      0,
      0,
      0,
      0,
      0,
      0,
      0,
      0,
      0,
      0,
      0,
      0,
      0,
      0,
      385,
      385,
      385,
      385,
      385,
      436,
      407,
      407,
      407,
      407,
      407,
      407,
      407,
      407,
      389,
      389,
      389,
      389,
      389,
      389,
      389,
      389,
      389,
      389,
      389,
      389,
      389,
      389,
      389,
      389,
      0,
      0,
      0,
      0,
      0,
      0,
      0,
      0,
      0,
      0,
      0,
      0,
      0,
      0,
      0,
      0,
      0,
      0,
      0,
      0,
      0,
      0,
      0,
      0,
      0,
      0,
      0,
      0,
      0,
      0,
      0,
      0,
      0,
      0,
      0,
      0,
      0,
      0,
      0,
      0,
      0,
      0,
      0,
      0,
      0,
      0,
      400,
      400,
      400,
      400,
      400,
      400,
      400,
      0,
      0,
      0,
      0,
      0,
      0,
      0,
      0,
      387,
      387,
      387,
      0,
      0,
      0,
      0,
      0,
      0,
      0,
      0,
      0,
      0,
      0,
      0,
      0,
      0,
      0,
      0,
      0,
      0,
      0,
      0,
      0,
      0,
      0,
      0,
      0,
      0,
      0,
      0,
      0,
      0,
      0,
      0,
      0,
      0,
      423,
      0,
      398,
      398,
      398,
      398,
      398,
      398,
      398,
      398,
      398,
      416,
      416,
      416,
      416,
      416
    ],
    [
      404,
      404,
      404,
      404,
      404,
      404,
      404,
      404,
      404,
      405,
      405,
      405,
      405,
      405,
      405,
      405,
      412,
      412,
      412,
      412,
      412,
      412,
      412,
      412,
      412,
      0,
      0,
      0,
      0,
      0,
      434,
      0,
      0,
      0,
      406,
      406,
      406,
      406,
      406,
      406,
      406,
      406,
      0,
      0,
      0,
      0,
      0,
      0,
      0,
      0,
      0,
      0,
      0,
      0,
      0,
      0,
      0,
      0,
      0,
      0,
      408,
      408,
      408,
      408,
      408,
      408,
      409,
      409,
      409,
      409,
      410,
      410,
      410,
      410,
      410,
      410,
      0,
      0,
      0,
      0,
      0,
      0,
      0,
      0,
      0,
      0,
      0,
      0,
      0,
      0,
      0,
      0,
      0,
      0,
      0,
      0,
      0,
      0,
      399,
      399,
      399,
      399,
      399,
      399,
      399,
      399,
      399,
      399,
      399,
      399,
      0,
      0,
      0,
      0,
      0,
      0,
      0,
      0,
      0,
      0,
      0,
      0,
      0,
      413,
      413,
      413,
      413,
      413,
      390,
      390,
      390,
      390,
      390,
      390,
      390,
      390,
      420,
      420,
      420,
      420,
      396,
      396,
      396,
      396,
      391,
      391,
      391,
      391,
      391,
      391,
      391,
      391,
      391,
      0,
      0,
      0,
      0,
      0,
      0,
      0,
      0,
      0,
      0,
      0,
      0,
      435,
      414,
      414,
      414,
      414,
      414,
      414,
      414,
      414,
      414,
      417,
      417,
      0,
      0,
      0,
      0,
      0,
      0,
      0,
      0,
      0,
      0,
      392,
      392,
      392,
      392,
      392,
      392,
      392,
      392,
      392,
      392,
      392,
      392,
      392,
      392,
      392,
      392,
      392,
      0,
      0,
      0,
      0,
      0,
      0,
      388,
      388,
      388,
      388,
      388,
      388,
      388,
      393,
      393,
      393,
      0,
      0,
      0,
      0,
      0,
      0,
      0,
      415,
      415,
      415,
      415,
      415,
      415,
      415,
      415,
      415,
      415,
      415,
      415,
      415,
      415,
      415,
      415,
      401,
      401,
      401,
      401,
      401,
      401,
      0,
      0,
      0,
      0,
      0,
      0,
      0,
      0,
      0,
      0,
      0,
      0,
      0,
      0,
      0,
      0,
      0,
      0,
      0,
      0,
      0,
      0,
      0,
      0,
      0,
      0,
      0,
      0,
      0,
      0,
      422,
      402,
      402,
      402,
      402,
      402,
      402,
      0,
      0,
      0,
      0,
      0,
      0,
      0,
      0,
      0,
      0,
      0,
      0,
      0,
      0,
      0,
      0,
      0,
      0,
      0,
      0,
      0,
      0,
      0,
      0,
      0,
      0,
      0,
      0,
      411,
      411,
      411,
      411,
      411,
      411,
      411,
      411,
      0,
      0,
      0,
      0,
      0,
      0,
      0,
      0,
      0,
      440,
      440,
      440,
      403,
      403,
      403,
      403,
      403,
      0,
      0,
      0,
      0,
      0,
      0,
      0,
      0,
      0,
      0,
      0,
      0,
      0,
      0,
      0,
      0,
      0,
      0,
      0,
      0,
      0,
      0,
      0,
      0,
      0,
      0,
      0,
      0,
      0,
      385,
      385,
      385,
      385,
      385,
      436,
      407,
      407,
      407,
      407,
      407,
      407,
      407,
      407,
      389,
      433,
      389,
      389,
      389,
      389,
      389,
      389,
      389,
      389,
      389,
      389,
      418,
      418,
      418,
      418,
      418,
      0,
      0,
      0,
      0,
      0,
      0,
      0,
      0,
      0,
      0,
      0,
      0,
      0,
      0,
      0,
      0,
      0,
      0,
      0,
      0,
      0,
      0,
      0,
      0,
      0,
      0,
      0,
      0,
      0,
      0,
      0,
      0,
      0,
      0,
      0,
      0,
      0,
      0,
      0,
      0,
      0,
      0,
      0,
      0,
      0,
      0,
      0,
      0,
      0,
      0,
      0,
      0,
      0,
      0,
      0,
      0,
      0,
      0,
      0,
      0,
      387,
      387,
      387,
      0,
      0,
      0,
      0,
      0,
      0,
      0,
      0,
      0,
      0,
      0,
      0,
      0,
      0,
      0,
      0,
      0,
      0,
      0,
      0,
      0,
      0,
      0,
      0,
      0,
      0,
      0,
      0,
      0,
      0,
      0,
      0,
      423,
      423,
      423,
      0,
      398,
      398,
      398,
      398,
      416,
      416,
      416,
      416,
      416,
      416,
      416,
      416,
      416,
      416
    ],
    [
      404,
      404,
      404,
      404,
      404,
      404,
      404,
      404,
      404,
      405,
      405,
      405,
      405,
      405,
      405,
      405,
      412,
      412,
      412,
      412,
      412,
      412,
      412,
      412,
      412,
      434,
      0,
      0,
      0,
      434,
      434,
      434,
      434,
      0,
      406,
      406,
      406,
      406,
      406,
      406,
      406,
      406,
      0,
      0,
      0,
      0,
      0,
      0,
      0,
      0,
      0,
      0,
      0,
      0,
      0,
      0,
      0,
      0,
      0,
      0,
      408,
      408,
      408,
      408,
      408,
      408,
      409,
      409,
      409,
      409,
      410,
      410,
      410,
      410,
      410,
      410,
      0,
      0,
      0,
      0,
      0,
      0,
      0,
      0,
      0,
      0,
      0,
      0,
      0,
      0,
      0,
      0,
      0,
      0,
      0,
      0,
      0,
      0,
      0,
      399,
      399,
      399,
      399,
      399,
      399,
      424,
      424,
      424,
      424,
      424,
      424,
      0,
      0,
      0,
      0,
      0,
      0,
      0,
      0,
      0,
      0,
      0,
      0,
      413,
      413,
      413,
      413,
      413,
      390,
      390,
      390,
      390,
      390,
      390,
      420,
      420,
      420,
      420,
      420,
      420,
      421,
      421,
      421,
      421,
      421,
      421,
      421,
      421,
      421,
      421,
      391,
      391,
      391,
      0,
      0,
      0,
      0,
      0,
      0,
      0,
      0,
      0,
      0,
      435,
      435,
      435,
      414,
      414,
      414,
      414,
      414,
      414,
      414,
      414,
      414,
      417,
      417,
      417,
      417,
      417,
      417,
      417,
      417,
      417,
      417,
      428,
      428,
      428,
      428,
      428,
      428,
      428,
      392,
      392,
      392,
      392,
      392,
      392,
      392,
      392,
      425,
      425,
      425,
      425,
      425,
      0,
      0,
      0,
      0,
      0,
      0,
      388,
      388,
      388,
      388,
      388,
      388,
      393,
      393,
      393,
      0,
      0,
      0,
      0,
      0,
      0,
      0,
      0,
      0,
      0,
      415,
      415,
      415,
      415,
      415,
      415,
      415,
      415,
      415,
      415,
      415,
      415,
      415,
      401,
      401,
      401,
      401,
      401,
      401,
      0,
      0,
      0,
      0,
      0,
      0,
      0,
      0,
      0,
      0,
      0,
      0,
      0,
      0,
      0,
      0,
      0,
      0,
      0,
      0,
      0,
      0,
      0,
      0,
      0,
      0,
      0,
      0,
      0,
      0,
      422,
      402,
      402,
      402,
      402,
      402,
      402,
      0,
      0,
      0,
      0,
      0,
      0,
      0,
      0,
      0,
      0,
      0,
      0,
      0,
      0,
      0,
      0,
      0,
      0,
      0,
      0,
      0,
      0,
      0,
      0,
      0,
      0,
      0,
      0,
      411,
      411,
      411,
      411,
      411,
      411,
      411,
      411,
      0,
      0,
      0,
      0,
      0,
      0,
      0,
      0,
      0,
      440,
      440,
      440,
      403,
      403,
      403,
      403,
      403,
      0,
      0,
      0,
      0,
      0,
      426,
      426,
      426,
      426,
      426,
      426,
      426,
      426,
      426,
      426,
      0,
      0,
      0,
      0,
      0,
      0,
      0,
      0,
      0,
      0,
      0,
      0,
      0,
      0,
      436,
      436,
      436,
      436,
      436,
      436,
      407,
      407,
      407,
      407,
      407,
      407,
      407,
      407,
      433,
      433,
      389,
      389,
      389,
      389,
      389,
      389,
      389,
      389,
      389,
      389,
      418,
      418,
      418,
      418,
      418,
      431,
      431,
      431,
      431,
      431,
      431,
      431,
      431,
      431,
      431,
      431,
      431,
      0,
      0,
      0,
      0,
      0,
      0,
      0,
      0,
      0,
      0,
      0,
      0,
      0,
      0,
      0,
      0,
      0,
      0,
      0,
      0,
      0,
      0,
      0,
      0,
      0,
      0,
      0,
      0,
      0,
      0,
      0,
      0,
      0,
      0,
      0,
      0,
      0,
      0,
      0,
      0,
      0,
      0,
      0,
      0,
      0,
      0,
      0,
      0,
      387,
      387,
      387,
      0,
      0,
      0,
      0,
      0,
      0,
      0,
      0,
      0,
      0,
      0,
      0,
      0,
      0,
      0,
      0,
      0,
      0,
      0,
      0,
      0,
      0,
      0,
      0,
      0,
      0,
      0,
      0,
      0,
      0,
      0,
      0,
      423,
      423,
      423,
      423,
      398,
      398,
      398,
      398,
      416,
      416,
      416,
      416,
      416,
      416,
      416,
      416,
      416,
      416
    ],
    [
      404,
      404,
      404,
      404,
      404,
      404,
      404,
      404,
      404,
      404,
      404,
      405,
      405,
      405,
      405,
      405,
      412,
      412,
      412,
      412,
      412,
      412,
      412,
      412,
      412,
      434,
      434,
      434,
      0,
      434,
      434,
      434,
      434,
      434,
      406,
      406,
      406,
      406,
      406,
      406,
      406,
      406,
      0,
      0,
      0,
      0,
      0,
      0,
      0,
      0,
      0,
      0,
      0,
      0,
      0,
      0,
      0,
      0,
      0,
      0,
      409,
      409,
      409,
      409,
      409,
      409,
      409,
      409,
      409,
      409,
      410,
      410,
      410,
      410,
      410,
      410,
      0,
      0,
      0,
      0,
      0,
      0,
      0,
      0,
      0,
      0,
      0,
      0,
      0,
      0,
      0,
      0,
      0,
      0,
      0,
      0,
      0,
      0,
      0,
      399,
      399,
      399,
      399,
      399,
      424,
      424,
      424,
      424,
      424,
      424,
      424,
      424,
      0,
      0,
      0,
      0,
      0,
      0,
      0,
      0,
      0,
      0,
      0,
      413,
      413,
      413,
      413,
      413,
      390,
      390,
      390,
      390,
      390,
      439,
      420,
      420,
      420,
      420,
      420,
      420,
      421,
      421,
      421,
      421,
      421,
      421,
      421,
      421,
      421,
      421,
      421,
      391,
      391,
      0,
      0,
      0,
      0,
      0,
      0,
      0,
      0,
      435,
      435,
      435,
      435,
      435,
      414,
      414,
      414,
      414,
      414,
      414,
      414,
      414,
      414,
      417,
      417,
      417,
      417,
      417,
      417,
      417,
      417,
      417,
      417,
      428,
      428,
      428,
      428,
      428,
      428,
      428,
      428,
      428,
      428,
      428,
      428,
      428,
      425,
      425,
      425,
      425,
      425,
      425,
      425,
      0,
      0,
      0,
      0,
      0,
      0,
      0,
      388,
      388,
      388,
      388,
      388,
      0,
      0,
      0,
      0,
      0,
      0,
      0,
      0,
      0,
      0,
      0,
      0,
      0,
      415,
      415,
      415,
      415,
      415,
      415,
      415,
      415,
      415,
      415,
      415,
      415,
      415,
      401,
      401,
      0,
      0,
      0,
      0,
      0,
      0,
      0,
      0,
      0,
      0,
      0,
      0,
      0,
      0,
      0,
      0,
      0,
      0,
      0,
      0,
      0,
      0,
      0,
      0,
      0,
      0,
      0,
      0,
      0,
      0,
      0,
      0,
      0,
      0,
      422,
      422,
      422,
      422,
      422,
      422,
      0,
      0,
      0,
      0,
      0,
      0,
      0,
      0,
      0,
      0,
      0,
      0,
      0,
      0,
      0,
      0,
      0,
      0,
      0,
      0,
      0,
      0,
      0,
      0,
      0,
      0,
      0,
      0,
      0,
      411,
      411,
      411,
      411,
      411,
      411,
      411,
      411,
      0,
      0,
      0,
      0,
      0,
      0,
      0,
      0,
      0,
      440,
      440,
      440,
      0,
      0,
      0,
      0,
      0,
      0,
      0,
      0,
      0,
      0,
      426,
      426,
      426,
      426,
      426,
      426,
      426,
      426,
      426,
      426,
      0,
      0,
      0,
      0,
      0,
      0,
      0,
      0,
      0,
      0,
      0,
      0,
      0,
      0,
      436,
      436,
      436,
      436,
      436,
      436,
      407,
      407,
      407,
      407,
      407,
      407,
      407,
      433,
      433,
      433,
      389,
      389,
      389,
      389,
      389,
      389,
      389,
      389,
      389,
      389,
      418,
      418,
      418,
      418,
      418,
      418,
      431,
      431,
      431,
      431,
      431,
      431,
      431,
      431,
      431,
      431,
      431,
      431,
      431,
      0,
      0,
      0,
      0,
      0,
      0,
      0,
      0,
      0,
      0,
      0,
      0,
      0,
      0,
      0,
      0,
      0,
      0,
      0,
      0,
      0,
      0,
      0,
      0,
      0,
      0,
      0,
      0,
      0,
      0,
      0,
      0,
      0,
      0,
      0,
      0,
      0,
      0,
      0,
      0,
      0,
      0,
      0,
      0,
      0,
      0,
      387,
      387,
      387,
      463,
      419,
      419,
      419,
      419,
      419,
      0,
      0,
      0,
      0,
      0,
      0,
      0,
      0,
      0,
      0,
      0,
      0,
      0,
      0,
      0,
      0,
      0,
      0,
      0,
      0,
      0,
      0,
      0,
      0,
      423,
      423,
      423,
      423,
      423,
      423,
      423,
      423,
      398,
      398,
      416,
      416,
      416,
      416,
      416,
      416,
      416,
      416,
      416,
      416
    ],
    [
      404,
      404,
      404,
      404,
      404,
      404,
      404,
      404,
      404,
      404,
      404,
      405,
      405,
      405,
      405,
      405,
      412,
      412,
      412,
      412,
      412,
      412,
      412,
      412,
      412,
      434,
      434,
      434,
      0,
      434,
      434,
      434,
      434,
      434,
      406,
      406,
      406,
      406,
      406,
      406,
      0,
      0,
      0,
      0,
      0,
      0,
      0,
      0,
      0,
      0,
      0,
      0,
      0,
      0,
      0,
      0,
      0,
      0,
      0,
      0,
      0,
      409,
      409,
      409,
      409,
      409,
      409,
      409,
      409,
      409,
      409,
      409,
      409,
      409,
      409,
      409,
      0,
      0,
      0,
      0,
      0,
      0,
      0,
      0,
      0,
      0,
      0,
      0,
      0,
      0,
      0,
      0,
      0,
      0,
      0,
      0,
      0,
      0,
      0,
      399,
      399,
      399,
      399,
      424,
      424,
      424,
      424,
      424,
      424,
      424,
      424,
      424,
      456,
      0,
      0,
      0,
      0,
      0,
      0,
      0,
      0,
      0,
      0,
      0,
      0,
      0,
      413,
      413,
      390,
      390,
      390,
      390,
      390,
      439,
      420,
      420,
      420,
      420,
      420,
      420,
      420,
      421,
      421,
      421,
      421,
      421,
      421,
      421,
      421,
      421,
      421,
      391,
      391,
      0,
      0,
      0,
      0,
      0,
      0,
      0,
      0,
      435,
      435,
      435,
      435,
      435,
      414,
      414,
      414,
      414,
      414,
      414,
      414,
      414,
      414,
      417,
      417,
      417,
      417,
      417,
      417,
      417,
      417,
      417,
      417,
      428,
      428,
      428,
      428,
      428,
      428,
      428,
      428,
      428,
      428,
      428,
      428,
      428,
      425,
      425,
      425,
      425,
      425,
      425,
      425,
      0,
      0,
      0,
      0,
      0,
      0,
      0,
      0,
      0,
      0,
      0,
      0,
      0,
      0,
      0,
      0,
      0,
      0,
      0,
      0,
      0,
      0,
      0,
      0,
      0,
      415,
      415,
      415,
      415,
      415,
      415,
      415,
      415,
      415,
      415,
      415,
      415,
      415,
      401,
      0,
      0,
      0,
      0,
      0,
      0,
      0,
      0,
      0,
      0,
      0,
      0,
      0,
      0,
      0,
      0,
      0,
      0,
      0,
      0,
      0,
      0,
      0,
      0,
      0,
      0,
      0,
      0,
      0,
      0,
      0,
      0,
      0,
      0,
      0,
      422,
      422,
      422,
      422,
      422,
      422,
      0,
      0,
      0,
      0,
      0,
      0,
      0,
      0,
      0,
      0,
      0,
      0,
      0,
      0,
      0,
      0,
      0,
      0,
      0,
      0,
      0,
      0,
      0,
      0,
      0,
      0,
      0,
      0,
      446,
      411,
      411,
      411,
      411,
      411,
      411,
      411,
      411,
      0,
      0,
      0,
      0,
      0,
      0,
      0,
      0,
      0,
      440,
      440,
      440,
      440,
      440,
      440,
      0,
      0,
      0,
      0,
      0,
      0,
      0,
      426,
      426,
      426,
      426,
      426,
      426,
      426,
      426,
      426,
      426,
      426,
      0,
      0,
      0,
      0,
      0,
      0,
      0,
      0,
      0,
      0,
      0,
      0,
      0,
      436,
      436,
      436,
      436,
      436,
      436,
      407,
      407,
      407,
      407,
      407,
      407,
      433,
      433,
      433,
      433,
      389,
      389,
      389,
      389,
      389,
      389,
      389,
      430,
      430,
      389,
      418,
      418,
      418,
      418,
      418,
      418,
      418,
      418,
      418,
      418,
      431,
      431,
      431,
      431,
      431,
      431,
      431,
      431,
      431,
      0,
      0,
      0,
      0,
      0,
      0,
      0,
      0,
      0,
      0,
      0,
      0,
      0,
      0,
      0,
      0,
      0,
      0,
      0,
      0,
      0,
      0,
      0,
      0,
      0,
      0,
      0,
      0,
      0,
      0,
      0,
      0,
      0,
      0,
      0,
      0,
      0,
      0,
      0,
      0,
      0,
      0,
      0,
      0,
      0,
      0,
      387,
      387,
      463,
      463,
      419,
      419,
      419,
      419,
      419,
      0,
      0,
      0,
      0,
      0,
      0,
      0,
      0,
      0,
      0,
      442,
      442,
      442,
      442,
      442,
      0,
      0,
      0,
      0,
      0,
      0,
      0,
      0,
      423,
      423,
      423,
      423,
      423,
      423,
      423,
      423,
      423,
      398,
      398,
      416,
      416,
      416,
      416,
      416,
      416,
      416,
      416,
      416,
      416
    ],
    [
      404,
      404,
      404,
      404,
      404,
      404,
      404,
      404,
      404,
      404,
      404,
      404,
      0,
      0,
      0,
      405,
      412,
      412,
      412,
      412,
      412,
      412,
      412,
      412,
      412,
      434,
      434,
      434,
      434,
      434,
      434,
      434,
      434,
      434,
      434,
      434,
      434,
      434,
      434,
      0,
      0,
      0,
      0,
      0,
      0,
      0,
      0,
      0,
      0,
      0,
      0,
      0,
      0,
      0,
      0,
      0,
      0,
      0,
      0,
      0,
      0,
      0,
      448,
      448,
      448,
      448,
      448,
      448,
      448,
      448,
      448,
      448,
      448,
      448,
      448,
      0,
      0,
      0,
      0,
      0,
      0,
      0,
      0,
      0,
      0,
      0,
      0,
      0,
      0,
      0,
      0,
      0,
      0,
      0,
      0,
      0,
      0,
      0,
      0,
      0,
      399,
      399,
      424,
      424,
      424,
      424,
      424,
      424,
      424,
      424,
      424,
      424,
      456,
      0,
      0,
      0,
      0,
      0,
      0,
      0,
      0,
      0,
      0,
      0,
      0,
      0,
      413,
      413,
      413,
      413,
      390,
      390,
      390,
      439,
      420,
      420,
      420,
      420,
      420,
      420,
      420,
      420,
      420,
      420,
      421,
      421,
      421,
      421,
      421,
      421,
      421,
      421,
      421,
      0,
      0,
      0,
      0,
      0,
      0,
      0,
      0,
      435,
      435,
      435,
      435,
      435,
      435,
      414,
      414,
      414,
      414,
      414,
      414,
      414,
      414,
      417,
      417,
      417,
      417,
      417,
      417,
      417,
      417,
      417,
      417,
      428,
      428,
      428,
      428,
      428,
      428,
      428,
      428,
      428,
      428,
      428,
      428,
      428,
      425,
      425,
      425,
      425,
      425,
      425,
      425,
      0,
      0,
      0,
      0,
      0,
      0,
      0,
      0,
      0,
      0,
      0,
      0,
      0,
      0,
      0,
      0,
      0,
      0,
      0,
      0,
      0,
      0,
      0,
      0,
      0,
      415,
      415,
      415,
      415,
      415,
      415,
      415,
      415,
      415,
      415,
      415,
      415,
      415,
      0,
      0,
      0,
      0,
      0,
      0,
      0,
      0,
      0,
      0,
      0,
      429,
      429,
      429,
      429,
      0,
      0,
      0,
      0,
      0,
      0,
      0,
      0,
      0,
      0,
      0,
      0,
      0,
      0,
      0,
      0,
      0,
      0,
      0,
      0,
      0,
      422,
      422,
      422,
      422,
      422,
      422,
      0,
      0,
      0,
      0,
      0,
      0,
      0,
      0,
      0,
      0,
      0,
      0,
      0,
      0,
      0,
      0,
      0,
      0,
      0,
      0,
      0,
      0,
      0,
      0,
      0,
      0,
      0,
      0,
      446,
      411,
      411,
      411,
      411,
      411,
      411,
      411,
      0,
      0,
      0,
      0,
      0,
      0,
      0,
      0,
      0,
      0,
      440,
      440,
      440,
      440,
      440,
      440,
      0,
      0,
      0,
      0,
      0,
      0,
      426,
      426,
      426,
      426,
      426,
      426,
      426,
      426,
      426,
      426,
      426,
      426,
      0,
      0,
      0,
      0,
      0,
      0,
      0,
      0,
      0,
      0,
      0,
      0,
      0,
      436,
      436,
      436,
      436,
      436,
      436,
      407,
      407,
      407,
      407,
      407,
      407,
      433,
      433,
      433,
      433,
      389,
      389,
      389,
      389,
      389,
      389,
      389,
      430,
      430,
      430,
      418,
      418,
      418,
      418,
      418,
      418,
      418,
      418,
      418,
      418,
      431,
      431,
      431,
      431,
      431,
      431,
      431,
      431,
      431,
      0,
      0,
      0,
      0,
      0,
      0,
      0,
      0,
      0,
      0,
      0,
      0,
      0,
      0,
      0,
      0,
      0,
      0,
      0,
      0,
      0,
      0,
      0,
      0,
      0,
      0,
      0,
      0,
      0,
      0,
      0,
      0,
      0,
      0,
      0,
      0,
      0,
      0,
      0,
      0,
      0,
      0,
      0,
      0,
      0,
      0,
      387,
      463,
      463,
      463,
      419,
      419,
      419,
      419,
      419,
      0,
      0,
      0,
      0,
      0,
      0,
      0,
      0,
      442,
      442,
      442,
      442,
      442,
      442,
      442,
      0,
      0,
      0,
      0,
      0,
      0,
      423,
      423,
      423,
      423,
      423,
      423,
      423,
      423,
      423,
      423,
      423,
      423,
      398,
      416,
      416,
      416,
      416,
      416,
      416,
      416,
      432,
      432,
      432
    ],
    [
      404,
      404,
      404,
      404,
      404,
      404,
      404,
      404,
      404,
      404,
      404,
      404,
      0,
      0,
      0,
      0,
      412,
      412,
      412,
      412,
      412,
      412,
      412,
      412,
      434,
      434,
      434,
      434,
      434,
      434,
      434,
      434,
      434,
      434,
      434,
      434,
      434,
      434,
      0,
      0,
      0,
      0,
      0,
      0,
      0,
      0,
      0,
      0,
      0,
      0,
      0,
      0,
      0,
      0,
      0,
      0,
      0,
      0,
      0,
      0,
      0,
      0,
      448,
      448,
      448,
      448,
      448,
      448,
      448,
      448,
      448,
      448,
      448,
      0,
      0,
      0,
      0,
      0,
      0,
      0,
      0,
      0,
      0,
      0,
      0,
      0,
      0,
      0,
      0,
      0,
      0,
      0,
      0,
      0,
      0,
      0,
      0,
      399,
      399,
      399,
      399,
      424,
      424,
      424,
      424,
      424,
      424,
      424,
      424,
      424,
      424,
      424,
      456,
      456,
      456,
      456,
      0,
      0,
      427,
      427,
      427,
      427,
      0,
      0,
      0,
      0,
      413,
      413,
      413,
      413,
      390,
      390,
      439,
      439,
      420,
      420,
      420,
      420,
      420,
      420,
      420,
      420,
      420,
      420,
      421,
      421,
      421,
      421,
      421,
      421,
      421,
      421,
      421,
      0,
      0,
      0,
      0,
      0,
      0,
      0,
      0,
      435,
      435,
      435,
      435,
      435,
      435,
      414,
      414,
      414,
      414,
      414,
      414,
      414,
      414,
      417,
      417,
      417,
      417,
      417,
      417,
      417,
      417,
      417,
      417,
      428,
      428,
      428,
      428,
      428,
      428,
      428,
      428,
      428,
      428,
      428,
      428,
      425,
      425,
      425,
      425,
      425,
      425,
      425,
      425,
      0,
      0,
      0,
      0,
      0,
      0,
      0,
      0,
      0,
      0,
      0,
      0,
      0,
      0,
      0,
      0,
      0,
      0,
      0,
      0,
      0,
      0,
      0,
      0,
      0,
      0,
      415,
      415,
      415,
      415,
      415,
      415,
      415,
      415,
      415,
      415,
      415,
      0,
      0,
      0,
      0,
      0,
      0,
      0,
      0,
      0,
      0,
      0,
      452,
      429,
      429,
      429,
      429,
      429,
      0,
      0,
      0,
      0,
      0,
      0,
      0,
      0,
      0,
      0,
      0,
      0,
      0,
      0,
      0,
      0,
      0,
      0,
      0,
      0,
      422,
      422,
      422,
      422,
      422,
      0,
      0,
      0,
      0,
      0,
      0,
      0,
      0,
      0,
      0,
      0,
      0,
      0,
      0,
      0,
      0,
      0,
      0,
      0,
      0,
      0,
      0,
      0,
      0,
      0,
      0,
      0,
      0,
      0,
      446,
      446,
      411,
      411,
      411,
      411,
      411,
      0,
      0,
      0,
      0,
      0,
      0,
      0,
      0,
      0,
      0,
      0,
      440,
      440,
      440,
      440,
      440,
      440,
      440,
      0,
      0,
      0,
      0,
      0,
      426,
      426,
      426,
      426,
      426,
      426,
      426,
      426,
      426,
      426,
      426,
      426,
      0,
      0,
      0,
      0,
      0,
      0,
      0,
      0,
      0,
      0,
      0,
      0,
      436,
      436,
      436,
      436,
      436,
      436,
      436,
      436,
      436,
      436,
      436,
      433,
      433,
      433,
      433,
      433,
      433,
      433,
      433,
      433,
      430,
      430,
      430,
      430,
      430,
      430,
      430,
      430,
      418,
      418,
      418,
      418,
      418,
      418,
      418,
      418,
      418,
      431,
      431,
      431,
      431,
      431,
      431,
      431,
      431,
      431,
      0,
      0,
      0,
      0,
      0,
      0,
      0,
      0,
      0,
      0,
      0,
      0,
      0,
      0,
      0,
      0,
      0,
      0,
      0,
      0,
      0,
      0,
      0,
      0,
      0,
      0,
      0,
      0,
      0,
      0,
      0,
      0,
      0,
      0,
      0,
      0,
      0,
      0,
      0,
      0,
      0,
      0,
      0,
      0,
      0,
      0,
      463,
      463,
      463,
      463,
      419,
      419,
      419,
      419,
      419,
      0,
      0,
      0,
      0,
      0,
      0,
      0,
      0,
      442,
      442,
      442,
      442,
      442,
      442,
      442,
      0,
      0,
      0,
      0,
      423,
      423,
      423,
      423,
      423,
      423,
      423,
      423,
      423,
      423,
      423,
      423,
      423,
      423,
      423,
      423,
      432,
      432,
      432,
      432,
      432,
      432,
      432,
      432,
      432
    ],
    [
      404,
      404,
      404,
      404,
      404,
      404,
      404,
      404,
      404,
      404,
      404,
      404,
      0,
      0,
      0,
      0,
      0,
      0,
      434,
      434,
      434,
      434,
      434,
      434,
      434,
      434,
      434,
      434,
      434,
      434,
      434,
      434,
      434,
      434,
      434,
      434,
      434,
      434,
      0,
      0,
      0,
      0,
      0,
      0,
      0,
      0,
      0,
      0,
      0,
      0,
      0,
      0,
      0,
      0,
      0,
      0,
      0,
      0,
      0,
      0,
      0,
      0,
      448,
      448,
      448,
      448,
      448,
      448,
      448,
      448,
      448,
      448,
      448,
      0,
      0,
      0,
      0,
      0,
      0,
      0,
      0,
      0,
      0,
      0,
      0,
      0,
      0,
      0,
      0,
      0,
      0,
      0,
      0,
      0,
      0,
      0,
      424,
      424,
      424,
      424,
      424,
      424,
      424,
      424,
      424,
      424,
      424,
      424,
      424,
      424,
      424,
      424,
      456,
      456,
      456,
      456,
      0,
      0,
      427,
      427,
      427,
      427,
      0,
      0,
      0,
      0,
      413,
      413,
      413,
      413,
      413,
      413,
      439,
      439,
      420,
      420,
      420,
      420,
      420,
      420,
      420,
      420,
      420,
      420,
      421,
      421,
      421,
      421,
      421,
      421,
      421,
      421,
      421,
      0,
      0,
      0,
      0,
      0,
      0,
      0,
      435,
      435,
      435,
      435,
      435,
      435,
      435,
      435,
      414,
      414,
      414,
      414,
      414,
      417,
      417,
      417,
      417,
      417,
      417,
      417,
      417,
      417,
      417,
      417,
      417,
      428,
      428,
      428,
      428,
      428,
      428,
      428,
      428,
      428,
      428,
      428,
      425,
      425,
      425,
      425,
      425,
      425,
      425,
      425,
      475,
      475,
      475,
      0,
      0,
      0,
      0,
      0,
      0,
      0,
      0,
      0,
      0,
      0,
      0,
      0,
      0,
      0,
      0,
      0,
      0,
      0,
      0,
      0,
      0,
      0,
      0,
      415,
      415,
      415,
      415,
      415,
      415,
      415,
      415,
      0,
      0,
      0,
      0,
      0,
      0,
      0,
      0,
      0,
      0,
      452,
      452,
      452,
      452,
      452,
      429,
      429,
      429,
      429,
      429,
      445,
      445,
      0,
      0,
      0,
      0,
      0,
      0,
      0,
      0,
      0,
      0,
      0,
      0,
      0,
      0,
      0,
      0,
      422,
      422,
      422,
      422,
      422,
      422,
      422,
      0,
      0,
      0,
      0,
      0,
      0,
      0,
      0,
      0,
      0,
      0,
      0,
      0,
      0,
      0,
      0,
      0,
      0,
      0,
      0,
      0,
      0,
      0,
      0,
      0,
      0,
      0,
      0,
      0,
      446,
      446,
      446,
      446,
      446,
      0,
      0,
      0,
      0,
      0,
      0,
      0,
      0,
      0,
      0,
      0,
      0,
      0,
      440,
      440,
      440,
      440,
      440,
      440,
      440,
      0,
      0,
      0,
      441,
      441,
      441,
      441,
      441,
      441,
      426,
      426,
      426,
      426,
      426,
      426,
      426,
      426,
      0,
      0,
      0,
      0,
      0,
      0,
      0,
      0,
      0,
      0,
      0,
      0,
      436,
      436,
      436,
      436,
      436,
      436,
      436,
      436,
      433,
      433,
      433,
      433,
      433,
      433,
      433,
      433,
      433,
      433,
      433,
      430,
      430,
      430,
      430,
      430,
      430,
      430,
      430,
      430,
      418,
      418,
      418,
      418,
      418,
      418,
      418,
      418,
      418,
      431,
      431,
      431,
      431,
      431,
      431,
      431,
      431,
      431,
      0,
      0,
      0,
      0,
      0,
      0,
      0,
      0,
      0,
      0,
      0,
      0,
      0,
      0,
      0,
      0,
      0,
      0,
      0,
      0,
      0,
      0,
      0,
      0,
      0,
      0,
      0,
      0,
      0,
      0,
      0,
      0,
      0,
      0,
      0,
      0,
      0,
      0,
      0,
      0,
      0,
      0,
      0,
      0,
      0,
      463,
      463,
      463,
      463,
      463,
      419,
      419,
      419,
      419,
      419,
      0,
      0,
      0,
      0,
      0,
      0,
      0,
      442,
      442,
      442,
      442,
      442,
      442,
      442,
      442,
      0,
      0,
      0,
      0,
      423,
      423,
      423,
      423,
      423,
      423,
      423,
      423,
      423,
      423,
      423,
      423,
      423,
      423,
      423,
      423,
      432,
      432,
      432,
      432,
      432,
      432,
      432,
      432,
      432
    ],
    [
      404,
      404,
      404,
      404,
      404,
      404,
      404,
      404,
      404,
      404,
      404,
      404,
      0,
      0,
      0,
      0,
      0,
      0,
      0,
      434,
      434,
      434,
      434,
      434,
      434,
      434,
      434,
      434,
      434,
      434,
      434,
      434,
      434,
      434,
      434,
      434,
      434,
      434,
      0,
      0,
      0,
      0,
      0,
      0,
      0,
      0,
      0,
      0,
      0,
      0,
      0,
      0,
      0,
      0,
      0,
      0,
      0,
      0,
      0,
      0,
      0,
      0,
      0,
      0,
      448,
      448,
      448,
      448,
      448,
      448,
      448,
      448,
      448,
      0,
      0,
      0,
      0,
      0,
      0,
      0,
      0,
      0,
      0,
      0,
      0,
      0,
      0,
      0,
      0,
      0,
      0,
      0,
      0,
      0,
      0,
      0,
      424,
      424,
      424,
      424,
      424,
      424,
      424,
      424,
      424,
      424,
      424,
      424,
      424,
      424,
      424,
      424,
      456,
      456,
      456,
      456,
      427,
      427,
      427,
      427,
      427,
      427,
      427,
      427,
      427,
      427,
      427,
      427,
      413,
      413,
      413,
      413,
      439,
      439,
      420,
      420,
      420,
      420,
      420,
      420,
      420,
      420,
      420,
      420,
      421,
      421,
      421,
      421,
      421,
      421,
      421,
      421,
      421,
      0,
      0,
      0,
      0,
      0,
      0,
      0,
      435,
      435,
      435,
      435,
      435,
      435,
      435,
      435,
      435,
      435,
      435,
      435,
      435,
      417,
      417,
      417,
      417,
      417,
      417,
      417,
      417,
      417,
      417,
      417,
      417,
      428,
      428,
      428,
      428,
      428,
      428,
      428,
      428,
      428,
      428,
      428,
      425,
      425,
      425,
      425,
      425,
      425,
      425,
      425,
      475,
      475,
      475,
      0,
      0,
      0,
      0,
      0,
      0,
      0,
      0,
      0,
      0,
      0,
      0,
      0,
      0,
      0,
      0,
      0,
      0,
      0,
      0,
      0,
      0,
      0,
      0,
      0,
      0,
      0,
      0,
      0,
      0,
      0,
      0,
      0,
      0,
      0,
      0,
      0,
      0,
      0,
      0,
      0,
      0,
      452,
      452,
      452,
      452,
      452,
      429,
      429,
      429,
      429,
      429,
      445,
      445,
      445,
      445,
      445,
      0,
      0,
      0,
      0,
      0,
      0,
      0,
      0,
      0,
      0,
      0,
      0,
      0,
      422,
      422,
      422,
      422,
      422,
      422,
      422,
      0,
      0,
      0,
      0,
      0,
      0,
      0,
      0,
      0,
      0,
      0,
      0,
      0,
      0,
      0,
      0,
      0,
      0,
      0,
      0,
      0,
      0,
      0,
      0,
      0,
      0,
      0,
      0,
      0,
      446,
      446,
      446,
      446,
      446,
      0,
      0,
      0,
      0,
      0,
      0,
      0,
      440,
      440,
      440,
      440,
      440,
      440,
      440,
      440,
      440,
      440,
      440,
      440,
      440,
      0,
      0,
      0,
      441,
      441,
      441,
      441,
      441,
      441,
      441,
      426,
      426,
      426,
      426,
      426,
      426,
      426,
      0,
      0,
      0,
      0,
      0,
      0,
      0,
      0,
      436,
      436,
      436,
      436,
      436,
      436,
      436,
      436,
      436,
      436,
      436,
      433,
      433,
      433,
      433,
      433,
      433,
      433,
      433,
      433,
      433,
      451,
      451,
      430,
      430,
      430,
      430,
      430,
      430,
      430,
      430,
      430,
      430,
      418,
      418,
      418,
      418,
      418,
      418,
      418,
      418,
      431,
      431,
      431,
      431,
      431,
      431,
      431,
      431,
      431,
      0,
      0,
      0,
      0,
      0,
      0,
      0,
      0,
      0,
      0,
      0,
      0,
      0,
      0,
      0,
      0,
      0,
      0,
      0,
      0,
      0,
      0,
      0,
      0,
      0,
      0,
      0,
      0,
      0,
      0,
      0,
      0,
      0,
      0,
      0,
      0,
      0,
      0,
      0,
      0,
      0,
      0,
      0,
      0,
      463,
      463,
      463,
      463,
      463,
      463,
      419,
      419,
      419,
      419,
      419,
      0,
      0,
      0,
      0,
      0,
      0,
      0,
      442,
      442,
      442,
      442,
      442,
      442,
      442,
      442,
      442,
      0,
      0,
      0,
      423,
      423,
      423,
      423,
      423,
      423,
      423,
      423,
      423,
      423,
      423,
      423,
      423,
      423,
      423,
      423,
      432,
      432,
      432,
      432,
      432,
      432,
      432,
      432,
      432
    ],
    [
      443,
      443,
      443,
      443,
      443,
      443,
      443,
      443,
      404,
      404,
      404,
      0,
      0,
      0,
      0,
      0,
      0,
      0,
      0,
      434,
      434,
      434,
      434,
      434,
      434,
      434,
      434,
      434,
      434,
      434,
      434,
      434,
      434,
      434,
      434,
      434,
      434,
      0,
      0,
      0,
      0,
      0,
      0,
      0,
      0,
      0,
      0,
      0,
      0,
      0,
      0,
      0,
      0,
      0,
      0,
      0,
      0,
      0,
      448,
      448,
      448,
      448,
      448,
      448,
      448,
      448,
      448,
      448,
      448,
      448,
      448,
      0,
      0,
      0,
      0,
      0,
      0,
      0,
      0,
      0,
      0,
      0,
      0,
      0,
      0,
      438,
      438,
      438,
      438,
      438,
      438,
      0,
      0,
      0,
      0,
      424,
      424,
      424,
      424,
      424,
      424,
      424,
      424,
      424,
      424,
      424,
      424,
      424,
      424,
      424,
      424,
      424,
      456,
      456,
      456,
      456,
      427,
      427,
      427,
      427,
      427,
      427,
      427,
      427,
      427,
      427,
      427,
      427,
      427,
      427,
      413,
      413,
      439,
      439,
      439,
      420,
      420,
      420,
      420,
      420,
      420,
      420,
      420,
      420,
      421,
      421,
      421,
      421,
      421,
      421,
      421,
      421,
      421,
      0,
      0,
      0,
      0,
      0,
      0,
      0,
      435,
      435,
      435,
      435,
      435,
      444,
      444,
      444,
      444,
      444,
      444,
      444,
      417,
      417,
      417,
      417,
      417,
      417,
      417,
      417,
      417,
      417,
      417,
      417,
      417,
      428,
      428,
      428,
      428,
      428,
      428,
      428,
      428,
      428,
      428,
      450,
      425,
      425,
      425,
      425,
      425,
      425,
      425,
      425,
      475,
      475,
      475,
      0,
      0,
      0,
      0,
      0,
      0,
      0,
      0,
      0,
      0,
      0,
      0,
      0,
      0,
      0,
      0,
      0,
      0,
      0,
      0,
      0,
      0,
      0,
      0,
      0,
      0,
      0,
      0,
      0,
      0,
      0,
      0,
      0,
      0,
      0,
      0,
      0,
      0,
      0,
      0,
      0,
      0,
      452,
      452,
      452,
      452,
      452,
      429,
      429,
      429,
      429,
      429,
      445,
      445,
      445,
      445,
      445,
      445,
      0,
      0,
      0,
      0,
      0,
      0,
      0,
      0,
      0,
      0,
      0,
      0,
      422,
      422,
      422,
      422,
      422,
      422,
      422,
      0,
      0,
      0,
      0,
      0,
      0,
      0,
      0,
      0,
      0,
      0,
      0,
      0,
      0,
      0,
      0,
      0,
      0,
      0,
      0,
      0,
      0,
      0,
      0,
      0,
      0,
      0,
      0,
      0,
      446,
      446,
      446,
      446,
      446,
      0,
      0,
      0,
      0,
      0,
      0,
      0,
      440,
      440,
      440,
      440,
      440,
      440,
      440,
      440,
      440,
      440,
      440,
      440,
      440,
      0,
      0,
      441,
      441,
      441,
      441,
      441,
      441,
      441,
      441,
      426,
      426,
      426,
      426,
      426,
      426,
      426,
      0,
      0,
      0,
      0,
      0,
      0,
      0,
      436,
      436,
      436,
      436,
      436,
      436,
      436,
      436,
      436,
      436,
      436,
      436,
      436,
      433,
      433,
      433,
      433,
      433,
      433,
      433,
      433,
      451,
      451,
      451,
      437,
      437,
      437,
      437,
      437,
      430,
      430,
      430,
      430,
      430,
      430,
      430,
      431,
      431,
      431,
      431,
      431,
      431,
      431,
      431,
      431,
      431,
      431,
      431,
      431,
      431,
      431,
      0,
      0,
      0,
      0,
      0,
      0,
      0,
      0,
      0,
      0,
      0,
      0,
      0,
      0,
      0,
      0,
      0,
      0,
      0,
      0,
      0,
      0,
      0,
      0,
      0,
      0,
      0,
      0,
      0,
      0,
      0,
      0,
      0,
      0,
      0,
      0,
      0,
      0,
      0,
      0,
      0,
      0,
      0,
      0,
      463,
      463,
      463,
      463,
      463,
      463,
      419,
      419,
      419,
      419,
      419,
      0,
      0,
      0,
      0,
      0,
      0,
      442,
      442,
      442,
      442,
      442,
      442,
      442,
      442,
      442,
      442,
      442,
      0,
      0,
      423,
      423,
      423,
      423,
      423,
      423,
      423,
      423,
      423,
      423,
      423,
      423,
      423,
      423,
      423,
      423,
      432,
      432,
      432,
      432,
      432,
      432,
      432,
      432,
      432
    ],
    [
      443,
      443,
      443,
      443,
      443,
      443,
      443,
      443,
      443,
      404,
      404,
      0,
      0,
      0,
      0,
      0,
      0,
      0,
      0,
      0,
      0,
      0,
      0,
      434,
      434,
      434,
      434,
      434,
      434,
      434,
      434,
      434,
      434,
      434,
      434,
      434,
      434,
      434,
      434,
      434,
      434,
      0,
      0,
      0,
      0,
      0,
      0,
      0,
      0,
      0,
      0,
      0,
      0,
      0,
      0,
      0,
      0,
      0,
      448,
      448,
      448,
      448,
      448,
      448,
      448,
      448,
      448,
      448,
      448,
      0,
      0,
      0,
      0,
      0,
      0,
      0,
      0,
      438,
      438,
      438,
      438,
      438,
      438,
      438,
      438,
      438,
      438,
      438,
      438,
      438,
      438,
      0,
      0,
      0,
      483,
      449,
      449,
      449,
      449,
      449,
      424,
      424,
      424,
      424,
      424,
      424,
      424,
      424,
      424,
      424,
      424,
      424,
      456,
      456,
      456,
      456,
      427,
      427,
      427,
      427,
      427,
      427,
      427,
      427,
      427,
      427,
      427,
      427,
      427,
      427,
      427,
      413,
      439,
      439,
      439,
      439,
      439,
      439,
      439,
      439,
      0,
      0,
      0,
      0,
      0,
      421,
      421,
      421,
      421,
      421,
      421,
      421,
      421,
      0,
      0,
      0,
      0,
      0,
      0,
      0,
      435,
      435,
      435,
      435,
      435,
      444,
      444,
      444,
      444,
      444,
      444,
      444,
      0,
      0,
      0,
      0,
      0,
      0,
      0,
      417,
      417,
      417,
      417,
      417,
      417,
      428,
      428,
      428,
      428,
      428,
      428,
      428,
      428,
      428,
      450,
      450,
      425,
      425,
      425,
      425,
      425,
      425,
      425,
      425,
      475,
      475,
      475,
      0,
      0,
      0,
      0,
      0,
      0,
      0,
      0,
      0,
      0,
      0,
      0,
      0,
      0,
      0,
      0,
      0,
      0,
      0,
      0,
      0,
      0,
      0,
      0,
      0,
      0,
      0,
      0,
      0,
      0,
      0,
      0,
      0,
      0,
      0,
      0,
      0,
      0,
      0,
      0,
      0,
      0,
      452,
      452,
      452,
      452,
      452,
      429,
      429,
      429,
      429,
      429,
      445,
      445,
      445,
      445,
      445,
      445,
      445,
      445,
      445,
      445,
      445,
      0,
      0,
      0,
      0,
      0,
      0,
      457,
      457,
      457,
      457,
      457,
      457,
      457,
      422,
      0,
      0,
      0,
      0,
      0,
      0,
      0,
      0,
      0,
      0,
      0,
      0,
      0,
      0,
      0,
      0,
      0,
      0,
      0,
      0,
      0,
      0,
      0,
      0,
      0,
      0,
      0,
      0,
      0,
      446,
      446,
      446,
      446,
      446,
      0,
      0,
      0,
      0,
      0,
      0,
      0,
      440,
      440,
      440,
      440,
      440,
      440,
      440,
      440,
      440,
      440,
      440,
      440,
      440,
      0,
      462,
      441,
      441,
      441,
      441,
      441,
      441,
      441,
      441,
      426,
      426,
      426,
      426,
      426,
      426,
      426,
      0,
      0,
      0,
      0,
      0,
      0,
      0,
      454,
      436,
      436,
      436,
      436,
      436,
      436,
      436,
      436,
      436,
      436,
      436,
      436,
      451,
      433,
      433,
      433,
      433,
      433,
      433,
      433,
      451,
      451,
      451,
      437,
      437,
      437,
      437,
      437,
      430,
      430,
      430,
      430,
      430,
      430,
      430,
      430,
      430,
      431,
      431,
      431,
      431,
      431,
      431,
      431,
      431,
      431,
      431,
      431,
      431,
      431,
      0,
      0,
      486,
      0,
      0,
      0,
      0,
      0,
      0,
      0,
      0,
      0,
      0,
      0,
      0,
      0,
      0,
      0,
      0,
      0,
      0,
      0,
      0,
      0,
      0,
      0,
      0,
      0,
      0,
      0,
      0,
      0,
      0,
      0,
      0,
      0,
      0,
      0,
      0,
      0,
      0,
      0,
      0,
      463,
      463,
      463,
      463,
      463,
      463,
      463,
      463,
      0,
      0,
      0,
      0,
      0,
      0,
      0,
      0,
      0,
      0,
      442,
      442,
      442,
      442,
      442,
      442,
      442,
      442,
      442,
      442,
      442,
      0,
      0,
      423,
      423,
      423,
      423,
      423,
      423,
      423,
      423,
      447,
      447,
      447,
      447,
      447,
      447,
      447,
      447,
      447,
      447,
      432,
      432,
      432,
      432,
      432,
      432,
      432
    ],
    [
      443,
      443,
      443,
      443,
      443,
      443,
      443,
      443,
      443,
      443,
      404,
      0,
      0,
      0,
      0,
      0,
      0,
      0,
      0,
      0,
      0,
      0,
      0,
      0,
      0,
      0,
      0,
      434,
      434,
      434,
      434,
      434,
      434,
      434,
      434,
      434,
      434,
      434,
      434,
      434,
      434,
      0,
      0,
      0,
      0,
      0,
      0,
      0,
      0,
      0,
      0,
      0,
      0,
      0,
      0,
      0,
      0,
      448,
      448,
      448,
      448,
      448,
      448,
      448,
      448,
      448,
      448,
      448,
      0,
      0,
      0,
      0,
      0,
      0,
      0,
      0,
      0,
      438,
      438,
      438,
      438,
      438,
      438,
      438,
      438,
      438,
      438,
      438,
      438,
      438,
      438,
      0,
      0,
      0,
      483,
      449,
      449,
      449,
      449,
      449,
      449,
      424,
      424,
      424,
      424,
      424,
      424,
      424,
      424,
      424,
      424,
      456,
      456,
      456,
      456,
      456,
      456,
      427,
      427,
      427,
      427,
      427,
      427,
      427,
      427,
      427,
      427,
      427,
      427,
      439,
      439,
      439,
      439,
      439,
      439,
      439,
      439,
      439,
      439,
      439,
      0,
      0,
      0,
      0,
      0,
      421,
      421,
      421,
      421,
      421,
      421,
      421,
      421,
      0,
      0,
      0,
      0,
      0,
      0,
      0,
      435,
      435,
      435,
      435,
      435,
      444,
      444,
      444,
      444,
      444,
      444,
      0,
      0,
      0,
      0,
      0,
      0,
      0,
      0,
      417,
      417,
      417,
      417,
      417,
      450,
      450,
      450,
      450,
      450,
      450,
      450,
      450,
      450,
      450,
      450,
      450,
      425,
      425,
      425,
      425,
      425,
      425,
      425,
      425,
      475,
      475,
      475,
      0,
      0,
      0,
      0,
      0,
      0,
      0,
      0,
      0,
      0,
      0,
      0,
      0,
      0,
      0,
      0,
      0,
      0,
      0,
      0,
      0,
      0,
      0,
      0,
      0,
      0,
      0,
      0,
      0,
      0,
      0,
      0,
      0,
      0,
      0,
      0,
      0,
      0,
      0,
      0,
      0,
      0,
      452,
      452,
      452,
      452,
      452,
      445,
      445,
      445,
      445,
      445,
      445,
      445,
      445,
      445,
      445,
      445,
      445,
      445,
      445,
      445,
      445,
      0,
      0,
      0,
      0,
      0,
      457,
      457,
      457,
      457,
      457,
      457,
      457,
      457,
      422,
      0,
      0,
      0,
      0,
      0,
      0,
      0,
      0,
      0,
      0,
      0,
      0,
      0,
      0,
      0,
      0,
      0,
      0,
      0,
      0,
      453,
      0,
      0,
      0,
      0,
      0,
      446,
      446,
      446,
      446,
      446,
      446,
      446,
      446,
      0,
      0,
      0,
      0,
      0,
      0,
      0,
      440,
      440,
      440,
      440,
      440,
      440,
      440,
      440,
      440,
      462,
      462,
      440,
      440,
      0,
      462,
      441,
      441,
      441,
      441,
      441,
      441,
      441,
      441,
      426,
      426,
      426,
      426,
      426,
      426,
      426,
      0,
      0,
      0,
      0,
      0,
      0,
      0,
      454,
      454,
      454,
      454,
      454,
      454,
      436,
      436,
      436,
      436,
      436,
      436,
      436,
      451,
      451,
      451,
      451,
      451,
      451,
      451,
      433,
      451,
      451,
      451,
      437,
      437,
      437,
      437,
      437,
      430,
      430,
      467,
      467,
      467,
      467,
      467,
      467,
      467,
      431,
      431,
      431,
      431,
      431,
      431,
      431,
      431,
      431,
      431,
      431,
      431,
      431,
      0,
      0,
      486,
      0,
      0,
      0,
      0,
      0,
      0,
      0,
      0,
      455,
      455,
      455,
      455,
      455,
      0,
      0,
      0,
      0,
      0,
      0,
      0,
      0,
      0,
      0,
      0,
      0,
      0,
      0,
      0,
      0,
      0,
      0,
      0,
      0,
      0,
      0,
      0,
      0,
      0,
      0,
      0,
      463,
      463,
      463,
      463,
      463,
      463,
      463,
      463,
      0,
      0,
      0,
      0,
      0,
      0,
      0,
      0,
      0,
      0,
      442,
      442,
      442,
      442,
      442,
      442,
      442,
      442,
      442,
      442,
      442,
      458,
      0,
      423,
      458,
      458,
      458,
      458,
      458,
      458,
      447,
      447,
      447,
      447,
      447,
      447,
      447,
      447,
      447,
      447,
      447,
      432,
      432,
      432,
      432,
      432,
      432,
      432
    ],
    [
      443,
      443,
      443,
      443,
      443,
      443,
      443,
      443,
      443,
      443,
      0,
      0,
      0,
      0,
      0,
      0,
      0,
      0,
      0,
      0,
      0,
      0,
      0,
      459,
      459,
      459,
      459,
      459,
      459,
      434,
      434,
      434,
      434,
      434,
      434,
      434,
      434,
      434,
      434,
      434,
      434,
      0,
      0,
      0,
      0,
      0,
      0,
      0,
      0,
      0,
      0,
      0,
      0,
      0,
      0,
      0,
      0,
      448,
      448,
      448,
      448,
      448,
      448,
      448,
      448,
      448,
      448,
      448,
      0,
      0,
      0,
      0,
      0,
      0,
      0,
      0,
      0,
      438,
      438,
      438,
      438,
      438,
      438,
      438,
      438,
      438,
      438,
      438,
      438,
      438,
      0,
      0,
      0,
      0,
      483,
      449,
      449,
      449,
      449,
      449,
      449,
      424,
      424,
      424,
      424,
      424,
      424,
      424,
      424,
      456,
      456,
      456,
      456,
      456,
      456,
      456,
      456,
      456,
      427,
      427,
      427,
      427,
      427,
      427,
      427,
      427,
      427,
      427,
      427,
      439,
      439,
      439,
      439,
      439,
      439,
      439,
      439,
      439,
      0,
      0,
      0,
      0,
      0,
      0,
      0,
      0,
      421,
      421,
      421,
      421,
      421,
      421,
      0,
      0,
      0,
      0,
      0,
      0,
      0,
      0,
      435,
      444,
      444,
      444,
      444,
      444,
      444,
      444,
      444,
      444,
      444,
      0,
      0,
      0,
      0,
      0,
      0,
      0,
      0,
      417,
      417,
      417,
      417,
      417,
      450,
      450,
      450,
      450,
      450,
      450,
      450,
      450,
      450,
      450,
      450,
      450,
      450,
      450,
      450,
      425,
      425,
      425,
      425,
      425,
      475,
      475,
      475,
      0,
      0,
      0,
      0,
      0,
      0,
      0,
      0,
      0,
      0,
      0,
      0,
      0,
      0,
      0,
      0,
      0,
      0,
      0,
      0,
      0,
      0,
      0,
      0,
      0,
      0,
      0,
      0,
      0,
      0,
      0,
      0,
      0,
      0,
      0,
      0,
      0,
      0,
      0,
      452,
      452,
      452,
      452,
      452,
      452,
      452,
      452,
      452,
      445,
      445,
      445,
      445,
      445,
      445,
      445,
      445,
      445,
      445,
      445,
      445,
      445,
      445,
      445,
      0,
      0,
      0,
      0,
      0,
      457,
      457,
      457,
      457,
      457,
      457,
      457,
      457,
      0,
      0,
      0,
      0,
      0,
      0,
      0,
      0,
      0,
      0,
      0,
      0,
      0,
      0,
      0,
      0,
      0,
      0,
      0,
      0,
      453,
      453,
      0,
      0,
      0,
      0,
      446,
      446,
      446,
      446,
      446,
      446,
      446,
      446,
      446,
      0,
      0,
      0,
      0,
      0,
      0,
      0,
      0,
      0,
      440,
      440,
      440,
      440,
      440,
      440,
      440,
      462,
      462,
      462,
      462,
      462,
      462,
      441,
      441,
      441,
      441,
      441,
      441,
      441,
      441,
      426,
      426,
      426,
      426,
      426,
      426,
      426,
      0,
      0,
      0,
      0,
      0,
      0,
      0,
      454,
      454,
      454,
      454,
      454,
      454,
      436,
      436,
      436,
      436,
      436,
      436,
      436,
      451,
      451,
      451,
      451,
      451,
      451,
      451,
      451,
      451,
      451,
      451,
      437,
      437,
      437,
      437,
      437,
      430,
      467,
      467,
      467,
      467,
      467,
      467,
      467,
      467,
      486,
      486,
      486,
      486,
      486,
      431,
      431,
      431,
      431,
      431,
      431,
      431,
      431,
      0,
      486,
      486,
      0,
      0,
      0,
      0,
      0,
      0,
      0,
      0,
      455,
      455,
      455,
      455,
      455,
      455,
      0,
      0,
      0,
      0,
      0,
      0,
      0,
      0,
      0,
      0,
      0,
      0,
      0,
      0,
      0,
      0,
      0,
      0,
      0,
      0,
      0,
      0,
      0,
      0,
      0,
      0,
      463,
      463,
      463,
      463,
      463,
      463,
      463,
      463,
      0,
      0,
      0,
      0,
      0,
      0,
      0,
      0,
      0,
      0,
      442,
      442,
      442,
      442,
      442,
      442,
      442,
      442,
      442,
      442,
      442,
      458,
      0,
      423,
      458,
      458,
      458,
      458,
      458,
      458,
      447,
      447,
      447,
      447,
      447,
      447,
      447,
      447,
      447,
      447,
      447,
      432,
      432,
      464,
      464,
      464,
      464,
      464
    ],
    [
      443,
      443,
      443,
      443,
      443,
      443,
      443,
      443,
      443,
      443,
      0,
      0,
      0,
      0,
      0,
      0,
      0,
      0,
      0,
      0,
      0,
      459,
      459,
      459,
      459,
      459,
      459,
      459,
      459,
      434,
      434,
      434,
      434,
      434,
      434,
      434,
      434,
      434,
      434,
      434,
      434,
      0,
      0,
      0,
      0,
      0,
      0,
      0,
      0,
      0,
      0,
      0,
      0,
      0,
      0,
      0,
      0,
      448,
      448,
      448,
      448,
      448,
      448,
      448,
      448,
      448,
      448,
      0,
      0,
      0,
      0,
      0,
      0,
      0,
      0,
      0,
      0,
      438,
      438,
      438,
      438,
      438,
      438,
      438,
      438,
      438,
      438,
      438,
      438,
      438,
      0,
      0,
      0,
      0,
      483,
      449,
      449,
      449,
      449,
      449,
      449,
      424,
      424,
      424,
      456,
      456,
      456,
      456,
      456,
      456,
      456,
      456,
      456,
      456,
      456,
      456,
      456,
      456,
      427,
      427,
      427,
      427,
      427,
      427,
      427,
      427,
      427,
      469,
      460,
      460,
      460,
      460,
      460,
      460,
      460,
      439,
      439,
      439,
      0,
      0,
      0,
      0,
      0,
      0,
      0,
      0,
      0,
      0,
      0,
      0,
      0,
      0,
      0,
      0,
      0,
      0,
      0,
      0,
      0,
      0,
      444,
      444,
      444,
      444,
      444,
      444,
      444,
      444,
      444,
      444,
      444,
      0,
      0,
      0,
      0,
      0,
      0,
      0,
      0,
      417,
      417,
      417,
      417,
      417,
      461,
      450,
      450,
      450,
      450,
      450,
      450,
      450,
      450,
      450,
      450,
      450,
      450,
      450,
      450,
      450,
      425,
      425,
      425,
      425,
      475,
      475,
      475,
      0,
      0,
      0,
      0,
      0,
      0,
      0,
      0,
      0,
      0,
      0,
      0,
      0,
      0,
      0,
      0,
      0,
      0,
      0,
      0,
      0,
      0,
      0,
      0,
      0,
      0,
      0,
      0,
      0,
      0,
      0,
      0,
      0,
      0,
      0,
      0,
      0,
      452,
      452,
      452,
      452,
      452,
      452,
      452,
      452,
      452,
      452,
      452,
      452,
      445,
      445,
      445,
      445,
      445,
      445,
      445,
      445,
      445,
      445,
      445,
      445,
      445,
      445,
      0,
      0,
      0,
      0,
      457,
      457,
      457,
      457,
      457,
      457,
      457,
      457,
      457,
      0,
      0,
      0,
      0,
      0,
      0,
      0,
      0,
      0,
      0,
      0,
      0,
      0,
      0,
      0,
      0,
      0,
      453,
      453,
      453,
      453,
      453,
      453,
      453,
      0,
      0,
      446,
      446,
      446,
      446,
      446,
      446,
      446,
      446,
      446,
      0,
      0,
      0,
      0,
      0,
      0,
      0,
      0,
      0,
      0,
      440,
      440,
      440,
      440,
      462,
      462,
      462,
      462,
      462,
      462,
      462,
      462,
      441,
      441,
      441,
      441,
      441,
      441,
      441,
      441,
      481,
      481,
      0,
      0,
      0,
      0,
      0,
      0,
      0,
      0,
      0,
      0,
      0,
      0,
      454,
      454,
      454,
      454,
      454,
      454,
      454,
      436,
      436,
      436,
      436,
      436,
      451,
      451,
      451,
      451,
      451,
      451,
      451,
      451,
      451,
      451,
      451,
      451,
      451,
      451,
      467,
      467,
      467,
      467,
      467,
      467,
      467,
      467,
      467,
      467,
      0,
      0,
      0,
      0,
      0,
      0,
      486,
      431,
      431,
      431,
      431,
      431,
      431,
      431,
      431,
      0,
      486,
      486,
      0,
      0,
      0,
      0,
      0,
      0,
      0,
      0,
      455,
      455,
      455,
      455,
      455,
      455,
      455,
      455,
      455,
      455,
      455,
      455,
      477,
      477,
      477,
      0,
      0,
      0,
      0,
      0,
      0,
      0,
      0,
      0,
      0,
      0,
      0,
      0,
      0,
      0,
      0,
      0,
      463,
      463,
      463,
      463,
      463,
      463,
      463,
      463,
      0,
      0,
      0,
      0,
      0,
      0,
      0,
      0,
      0,
      0,
      442,
      442,
      442,
      442,
      442,
      442,
      442,
      442,
      442,
      442,
      442,
      458,
      458,
      458,
      458,
      458,
      458,
      458,
      458,
      458,
      458,
      458,
      458,
      447,
      447,
      447,
      447,
      447,
      447,
      447,
      447,
      432,
      464,
      464,
      464,
      464,
      464,
      464
    ],
    [
      443,
      443,
      443,
      443,
      443,
      443,
      443,
      443,
      443,
      443,
      0,
      0,
      0,
      0,
      0,
      0,
      0,
      0,
      0,
      0,
      459,
      459,
      459,
      459,
      459,
      459,
      459,
      459,
      459,
      459,
      434,
      434,
      434,
      434,
      434,
      434,
      434,
      434,
      434,
      434,
      0,
      0,
      0,
      0,
      0,
      0,
      0,
      0,
      0,
      0,
      0,
      0,
      0,
      0,
      0,
      0,
      0,
      448,
      448,
      448,
      448,
      448,
      448,
      448,
      448,
      473,
      473,
      473,
      473,
      473,
      473,
      473,
      0,
      0,
      0,
      438,
      438,
      438,
      438,
      438,
      438,
      438,
      438,
      438,
      438,
      438,
      438,
      438,
      438,
      0,
      0,
      0,
      0,
      0,
      483,
      449,
      449,
      449,
      449,
      449,
      449,
      424,
      424,
      456,
      456,
      456,
      456,
      456,
      456,
      456,
      456,
      456,
      456,
      456,
      456,
      456,
      456,
      456,
      427,
      427,
      427,
      427,
      427,
      427,
      427,
      427,
      427,
      469,
      460,
      460,
      460,
      460,
      460,
      460,
      460,
      439,
      439,
      439,
      0,
      0,
      0,
      0,
      0,
      0,
      0,
      0,
      0,
      0,
      0,
      0,
      0,
      0,
      0,
      0,
      0,
      0,
      0,
      0,
      0,
      0,
      444,
      444,
      444,
      444,
      444,
      444,
      444,
      444,
      444,
      0,
      0,
      0,
      0,
      0,
      0,
      0,
      0,
      0,
      474,
      474,
      417,
      417,
      417,
      461,
      461,
      461,
      461,
      461,
      461,
      461,
      461,
      461,
      450,
      450,
      450,
      450,
      450,
      450,
      450,
      450,
      425,
      425,
      425,
      475,
      475,
      475,
      475,
      0,
      0,
      0,
      0,
      0,
      0,
      0,
      0,
      0,
      0,
      0,
      0,
      0,
      0,
      0,
      0,
      0,
      0,
      0,
      0,
      0,
      0,
      0,
      0,
      0,
      0,
      470,
      470,
      470,
      470,
      470,
      470,
      470,
      470,
      470,
      470,
      452,
      452,
      452,
      452,
      452,
      452,
      452,
      452,
      452,
      452,
      452,
      452,
      452,
      445,
      445,
      445,
      445,
      445,
      445,
      445,
      445,
      445,
      445,
      445,
      445,
      471,
      471,
      0,
      0,
      0,
      0,
      457,
      457,
      457,
      457,
      457,
      457,
      457,
      457,
      457,
      0,
      0,
      0,
      0,
      0,
      0,
      0,
      0,
      0,
      0,
      0,
      0,
      0,
      0,
      0,
      453,
      453,
      453,
      453,
      453,
      453,
      453,
      453,
      453,
      0,
      0,
      446,
      446,
      446,
      446,
      446,
      446,
      446,
      446,
      446,
      446,
      446,
      446,
      0,
      0,
      0,
      0,
      440,
      440,
      440,
      440,
      440,
      440,
      440,
      462,
      462,
      462,
      462,
      462,
      462,
      462,
      462,
      462,
      441,
      441,
      441,
      441,
      441,
      441,
      481,
      481,
      481,
      0,
      0,
      0,
      0,
      0,
      0,
      0,
      0,
      0,
      0,
      0,
      0,
      0,
      454,
      454,
      454,
      454,
      454,
      454,
      454,
      454,
      454,
      454,
      451,
      451,
      451,
      451,
      451,
      451,
      451,
      451,
      451,
      451,
      451,
      451,
      451,
      451,
      451,
      467,
      467,
      467,
      467,
      467,
      467,
      467,
      467,
      467,
      467,
      0,
      0,
      0,
      0,
      0,
      0,
      486,
      486,
      431,
      431,
      431,
      431,
      431,
      431,
      431,
      0,
      486,
      486,
      0,
      0,
      0,
      0,
      0,
      0,
      0,
      0,
      0,
      0,
      455,
      455,
      455,
      455,
      455,
      455,
      455,
      455,
      455,
      477,
      477,
      477,
      477,
      477,
      0,
      0,
      0,
      0,
      0,
      0,
      0,
      0,
      0,
      0,
      0,
      0,
      0,
      0,
      0,
      463,
      463,
      463,
      463,
      463,
      463,
      463,
      463,
      463,
      463,
      0,
      0,
      0,
      0,
      0,
      0,
      0,
      0,
      0,
      442,
      442,
      442,
      442,
      442,
      442,
      442,
      442,
      442,
      442,
      468,
      458,
      458,
      458,
      458,
      458,
      458,
      458,
      458,
      458,
      458,
      458,
      458,
      447,
      447,
      447,
      447,
      447,
      447,
      447,
      447,
      464,
      464,
      464,
      464,
      464,
      464,
      464
    ],
    [
      443,
      443,
      443,
      443,
      443,
      443,
      443,
      443,
      443,
      443,
      0,
      0,
      0,
      0,
      0,
      0,
      0,
      0,
      0,
      0,
      459,
      459,
      459,
      459,
      459,
      459,
      459,
      459,
      459,
      459,
      0,
      0,
      465,
      434,
      434,
      434,
      434,
      434,
      434,
      0,
      0,
      0,
      0,
      0,
      0,
      0,
      0,
      0,
      0,
      0,
      0,
      0,
      0,
      0,
      0,
      0,
      0,
      448,
      448,
      448,
      448,
      448,
      448,
      448,
      473,
      473,
      473,
      473,
      473,
      473,
      473,
      473,
      0,
      0,
      466,
      466,
      466,
      466,
      466,
      466,
      0,
      438,
      438,
      0,
      0,
      0,
      0,
      0,
      0,
      0,
      0,
      0,
      0,
      0,
      483,
      449,
      449,
      449,
      449,
      449,
      449,
      483,
      483,
      456,
      456,
      456,
      456,
      456,
      456,
      456,
      456,
      456,
      456,
      456,
      456,
      456,
      456,
      456,
      456,
      456,
      456,
      427,
      427,
      427,
      427,
      427,
      427,
      469,
      460,
      460,
      460,
      460,
      460,
      460,
      460,
      439,
      439,
      439,
      0,
      0,
      0,
      0,
      0,
      0,
      0,
      0,
      0,
      0,
      0,
      0,
      0,
      0,
      0,
      0,
      0,
      0,
      0,
      0,
      0,
      444,
      444,
      444,
      444,
      444,
      444,
      444,
      444,
      444,
      444,
      474,
      474,
      0,
      0,
      0,
      0,
      0,
      0,
      474,
      474,
      474,
      474,
      500,
      417,
      461,
      461,
      461,
      461,
      461,
      461,
      461,
      461,
      461,
      450,
      450,
      450,
      450,
      450,
      450,
      450,
      450,
      425,
      425,
      425,
      475,
      475,
      475,
      475,
      0,
      0,
      0,
      0,
      0,
      0,
      0,
      0,
      0,
      0,
      0,
      0,
      0,
      0,
      0,
      0,
      0,
      0,
      0,
      0,
      0,
      0,
      0,
      0,
      0,
      0,
      470,
      470,
      470,
      470,
      470,
      470,
      470,
      470,
      470,
      452,
      452,
      452,
      452,
      452,
      452,
      452,
      452,
      452,
      452,
      452,
      452,
      452,
      445,
      445,
      445,
      445,
      445,
      445,
      445,
      445,
      445,
      445,
      445,
      445,
      445,
      471,
      471,
      0,
      0,
      0,
      0,
      457,
      457,
      457,
      457,
      457,
      457,
      457,
      457,
      457,
      0,
      0,
      0,
      0,
      0,
      0,
      0,
      0,
      0,
      0,
      0,
      0,
      0,
      453,
      453,
      453,
      453,
      453,
      453,
      453,
      453,
      453,
      0,
      0,
      0,
      0,
      446,
      446,
      446,
      446,
      446,
      446,
      446,
      446,
      446,
      446,
      446,
      446,
      446,
      446,
      0,
      0,
      440,
      440,
      440,
      440,
      440,
      440,
      440,
      462,
      462,
      462,
      462,
      462,
      462,
      462,
      462,
      462,
      481,
      481,
      481,
      481,
      481,
      481,
      481,
      481,
      481,
      0,
      0,
      0,
      0,
      0,
      0,
      0,
      0,
      0,
      0,
      0,
      0,
      0,
      0,
      0,
      454,
      454,
      454,
      454,
      454,
      454,
      454,
      454,
      451,
      451,
      451,
      451,
      451,
      451,
      451,
      451,
      451,
      451,
      451,
      451,
      451,
      451,
      451,
      467,
      467,
      467,
      467,
      467,
      467,
      467,
      467,
      467,
      467,
      0,
      0,
      0,
      0,
      0,
      0,
      486,
      486,
      486,
      431,
      431,
      431,
      431,
      431,
      431,
      486,
      486,
      486,
      0,
      0,
      0,
      0,
      0,
      0,
      0,
      0,
      0,
      455,
      455,
      455,
      455,
      455,
      455,
      455,
      455,
      455,
      455,
      477,
      477,
      477,
      477,
      477,
      0,
      0,
      0,
      0,
      0,
      0,
      0,
      0,
      0,
      0,
      0,
      0,
      0,
      0,
      463,
      463,
      463,
      463,
      463,
      463,
      463,
      463,
      463,
      463,
      463,
      0,
      0,
      0,
      0,
      0,
      0,
      0,
      0,
      0,
      442,
      442,
      442,
      442,
      442,
      442,
      442,
      442,
      442,
      442,
      468,
      458,
      458,
      458,
      458,
      458,
      458,
      458,
      458,
      458,
      458,
      458,
      458,
      447,
      447,
      447,
      447,
      447,
      447,
      447,
      447,
      464,
      464,
      464,
      464,
      464,
      464,
      464
    ],
    [
      443,
      443,
      443,
      443,
      443,
      443,
      0,
      0,
      0,
      0,
      0,
      0,
      0,
      0,
      0,
      0,
      0,
      0,
      0,
      0,
      459,
      459,
      459,
      459,
      459,
      459,
      459,
      459,
      459,
      459,
      0,
      0,
      465,
      465,
      465,
      465,
      465,
      465,
      472,
      472,
      472,
      472,
      472,
      472,
      472,
      472,
      472,
      472,
      472,
      472,
      472,
      472,
      0,
      0,
      0,
      0,
      0,
      448,
      448,
      448,
      448,
      448,
      473,
      473,
      473,
      473,
      473,
      473,
      473,
      473,
      473,
      473,
      0,
      0,
      466,
      466,
      466,
      466,
      466,
      466,
      0,
      0,
      438,
      0,
      0,
      0,
      0,
      0,
      0,
      0,
      0,
      0,
      0,
      0,
      483,
      483,
      483,
      483,
      483,
      483,
      483,
      483,
      483,
      456,
      456,
      456,
      456,
      456,
      456,
      456,
      456,
      456,
      456,
      456,
      456,
      456,
      456,
      456,
      456,
      456,
      427,
      427,
      427,
      427,
      427,
      469,
      469,
      469,
      460,
      460,
      460,
      460,
      460,
      460,
      460,
      439,
      439,
      439,
      0,
      0,
      0,
      0,
      0,
      0,
      0,
      0,
      0,
      0,
      0,
      0,
      0,
      0,
      0,
      0,
      0,
      0,
      0,
      0,
      476,
      476,
      476,
      476,
      476,
      476,
      476,
      444,
      444,
      444,
      444,
      474,
      474,
      0,
      0,
      0,
      0,
      474,
      474,
      474,
      474,
      474,
      474,
      500,
      417,
      461,
      461,
      461,
      461,
      461,
      461,
      461,
      461,
      461,
      450,
      450,
      450,
      450,
      450,
      450,
      450,
      450,
      450,
      425,
      475,
      475,
      475,
      475,
      475,
      0,
      0,
      0,
      0,
      0,
      0,
      0,
      0,
      0,
      0,
      0,
      0,
      0,
      0,
      0,
      0,
      0,
      0,
      0,
      0,
      0,
      0,
      0,
      0,
      0,
      0,
      470,
      470,
      470,
      470,
      470,
      470,
      470,
      470,
      470,
      452,
      452,
      452,
      452,
      452,
      452,
      452,
      452,
      452,
      452,
      452,
      452,
      452,
      445,
      445,
      445,
      445,
      445,
      445,
      445,
      445,
      445,
      445,
      445,
      445,
      445,
      471,
      471,
      471,
      471,
      471,
      0,
      457,
      457,
      457,
      457,
      457,
      457,
      457,
      457,
      457,
      0,
      0,
      0,
      0,
      0,
      0,
      0,
      0,
      0,
      0,
      0,
      0,
      0,
      453,
      453,
      453,
      453,
      453,
      453,
      453,
      453,
      0,
      0,
      0,
      0,
      0,
      0,
      0,
      0,
      446,
      446,
      446,
      446,
      446,
      446,
      446,
      446,
      446,
      446,
      446,
      446,
      440,
      440,
      440,
      440,
      440,
      440,
      440,
      440,
      462,
      462,
      462,
      462,
      462,
      462,
      462,
      462,
      462,
      462,
      481,
      481,
      481,
      481,
      481,
      481,
      481,
      481,
      0,
      0,
      0,
      0,
      0,
      0,
      0,
      0,
      0,
      0,
      0,
      0,
      0,
      0,
      0,
      0,
      454,
      454,
      454,
      454,
      454,
      454,
      454,
      454,
      454,
      451,
      451,
      451,
      451,
      451,
      451,
      451,
      451,
      451,
      451,
      451,
      451,
      451,
      451,
      467,
      467,
      467,
      467,
      467,
      467,
      467,
      467,
      467,
      0,
      0,
      0,
      0,
      0,
      0,
      486,
      486,
      486,
      431,
      431,
      431,
      431,
      431,
      486,
      486,
      486,
      486,
      0,
      0,
      0,
      0,
      0,
      0,
      0,
      0,
      455,
      455,
      455,
      455,
      455,
      455,
      455,
      455,
      455,
      455,
      455,
      477,
      477,
      477,
      477,
      477,
      477,
      477,
      0,
      0,
      0,
      0,
      0,
      0,
      0,
      0,
      0,
      0,
      0,
      0,
      463,
      463,
      463,
      463,
      463,
      463,
      463,
      463,
      463,
      463,
      463,
      0,
      0,
      0,
      0,
      0,
      0,
      0,
      0,
      0,
      0,
      0,
      442,
      442,
      442,
      442,
      442,
      442,
      442,
      468,
      468,
      458,
      458,
      458,
      458,
      458,
      458,
      458,
      458,
      458,
      458,
      458,
      458,
      447,
      447,
      447,
      447,
      447,
      447,
      482,
      482,
      464,
      464,
      464,
      464,
      464,
      464,
      464
    ],
    [
      0,
      0,
      0,
      0,
      0,
      0,
      0,
      0,
      0,
      0,
      0,
      0,
      0,
      0,
      0,
      0,
      0,
      0,
      0,
      0,
      459,
      459,
      459,
      459,
      459,
      459,
      459,
      459,
      459,
      459,
      0,
      0,
      465,
      465,
      465,
      465,
      472,
      472,
      472,
      472,
      472,
      472,
      472,
      472,
      472,
      472,
      472,
      472,
      472,
      472,
      472,
      472,
      472,
      472,
      0,
      0,
      0,
      448,
      448,
      448,
      448,
      448,
      473,
      473,
      473,
      473,
      473,
      473,
      473,
      473,
      473,
      473,
      0,
      506,
      466,
      466,
      466,
      466,
      466,
      466,
      0,
      0,
      0,
      0,
      0,
      0,
      0,
      0,
      0,
      0,
      0,
      0,
      0,
      0,
      483,
      483,
      483,
      483,
      483,
      483,
      483,
      483,
      483,
      483,
      483,
      483,
      483,
      483,
      456,
      456,
      456,
      456,
      456,
      456,
      456,
      456,
      456,
      456,
      456,
      456,
      469,
      469,
      469,
      469,
      469,
      469,
      469,
      469,
      460,
      460,
      460,
      460,
      460,
      460,
      460,
      439,
      439,
      439,
      0,
      0,
      0,
      0,
      0,
      0,
      0,
      0,
      0,
      0,
      0,
      0,
      0,
      0,
      0,
      0,
      0,
      0,
      0,
      476,
      476,
      476,
      476,
      476,
      476,
      476,
      476,
      444,
      444,
      444,
      444,
      474,
      474,
      474,
      474,
      474,
      474,
      474,
      474,
      474,
      474,
      474,
      474,
      500,
      417,
      461,
      461,
      461,
      461,
      461,
      461,
      461,
      461,
      461,
      450,
      450,
      450,
      450,
      450,
      450,
      450,
      450,
      450,
      475,
      475,
      475,
      475,
      475,
      475,
      0,
      0,
      0,
      0,
      0,
      0,
      0,
      0,
      0,
      0,
      0,
      0,
      0,
      0,
      0,
      0,
      0,
      0,
      0,
      0,
      0,
      0,
      0,
      0,
      0,
      0,
      470,
      470,
      470,
      470,
      470,
      470,
      470,
      470,
      470,
      452,
      452,
      452,
      452,
      452,
      452,
      452,
      452,
      452,
      452,
      452,
      452,
      445,
      445,
      445,
      445,
      445,
      445,
      445,
      445,
      471,
      471,
      471,
      471,
      471,
      471,
      471,
      471,
      471,
      471,
      471,
      490,
      457,
      457,
      457,
      457,
      457,
      457,
      457,
      457,
      457,
      0,
      0,
      0,
      0,
      0,
      0,
      0,
      0,
      0,
      0,
      0,
      0,
      0,
      453,
      453,
      453,
      453,
      453,
      453,
      453,
      453,
      0,
      0,
      0,
      0,
      0,
      0,
      0,
      0,
      0,
      0,
      446,
      446,
      446,
      446,
      446,
      446,
      446,
      446,
      446,
      446,
      440,
      440,
      440,
      440,
      440,
      440,
      440,
      440,
      462,
      462,
      462,
      462,
      462,
      462,
      462,
      462,
      462,
      462,
      462,
      481,
      481,
      481,
      481,
      481,
      481,
      481,
      0,
      0,
      0,
      0,
      0,
      0,
      0,
      0,
      0,
      0,
      0,
      0,
      0,
      0,
      0,
      0,
      454,
      454,
      454,
      454,
      454,
      454,
      454,
      454,
      454,
      0,
      0,
      0,
      0,
      0,
      0,
      0,
      0,
      0,
      0,
      0,
      0,
      0,
      0,
      0,
      467,
      467,
      467,
      467,
      467,
      467,
      467,
      467,
      0,
      0,
      0,
      0,
      0,
      0,
      486,
      486,
      486,
      486,
      486,
      486,
      486,
      486,
      486,
      486,
      486,
      486,
      0,
      0,
      0,
      0,
      0,
      0,
      0,
      0,
      0,
      0,
      0,
      0,
      0,
      0,
      0,
      0,
      477,
      477,
      455,
      477,
      477,
      477,
      477,
      477,
      477,
      477,
      477,
      477,
      477,
      477,
      477,
      477,
      477,
      477,
      463,
      463,
      463,
      463,
      463,
      463,
      463,
      463,
      463,
      463,
      463,
      463,
      463,
      463,
      463,
      0,
      0,
      0,
      0,
      0,
      0,
      0,
      0,
      0,
      0,
      0,
      0,
      468,
      468,
      468,
      468,
      468,
      468,
      468,
      468,
      458,
      458,
      458,
      458,
      458,
      458,
      458,
      458,
      458,
      458,
      458,
      458,
      447,
      447,
      447,
      447,
      447,
      447,
      482,
      482,
      464,
      464,
      464,
      464,
      464,
      464,
      464
    ],
    [
      488,
      488,
      488,
      488,
      488,
      488,
      488,
      488,
      488,
      488,
      488,
      0,
      0,
      0,
      0,
      0,
      0,
      0,
      0,
      0,
      459,
      459,
      459,
      459,
      459,
      459,
      459,
      459,
      459,
      459,
      0,
      0,
      465,
      465,
      465,
      465,
      472,
      472,
      472,
      472,
      472,
      472,
      472,
      472,
      472,
      472,
      472,
      472,
      472,
      472,
      472,
      472,
      472,
      472,
      479,
      0,
      0,
      448,
      448,
      448,
      448,
      448,
      473,
      473,
      473,
      473,
      473,
      473,
      473,
      473,
      473,
      473,
      0,
      506,
      466,
      466,
      466,
      466,
      466,
      466,
      0,
      0,
      0,
      0,
      0,
      0,
      0,
      0,
      0,
      0,
      0,
      0,
      0,
      0,
      483,
      483,
      483,
      483,
      483,
      483,
      483,
      483,
      483,
      483,
      483,
      483,
      483,
      483,
      483,
      456,
      456,
      456,
      456,
      456,
      456,
      456,
      456,
      456,
      456,
      456,
      469,
      469,
      469,
      469,
      469,
      469,
      469,
      469,
      460,
      460,
      460,
      460,
      460,
      460,
      460,
      439,
      439,
      0,
      0,
      0,
      0,
      0,
      0,
      0,
      0,
      0,
      0,
      0,
      0,
      0,
      0,
      0,
      0,
      0,
      0,
      476,
      476,
      476,
      476,
      476,
      476,
      476,
      476,
      476,
      476,
      444,
      444,
      484,
      484,
      474,
      474,
      474,
      474,
      474,
      474,
      474,
      474,
      474,
      474,
      474,
      474,
      500,
      417,
      461,
      461,
      461,
      461,
      461,
      461,
      461,
      461,
      461,
      450,
      450,
      450,
      450,
      450,
      450,
      450,
      450,
      475,
      475,
      475,
      475,
      475,
      475,
      475,
      0,
      0,
      0,
      0,
      0,
      0,
      0,
      0,
      0,
      0,
      0,
      0,
      0,
      0,
      0,
      0,
      0,
      0,
      0,
      0,
      0,
      0,
      0,
      0,
      0,
      0,
      470,
      470,
      470,
      470,
      470,
      470,
      470,
      470,
      470,
      470,
      470,
      470,
      470,
      470,
      470,
      470,
      470,
      470,
      470,
      470,
      470,
      471,
      471,
      471,
      471,
      471,
      471,
      471,
      471,
      471,
      471,
      471,
      471,
      471,
      471,
      471,
      471,
      471,
      471,
      471,
      490,
      490,
      457,
      457,
      457,
      457,
      457,
      457,
      457,
      457,
      0,
      0,
      0,
      0,
      0,
      0,
      0,
      0,
      0,
      0,
      0,
      0,
      0,
      0,
      453,
      453,
      453,
      453,
      453,
      453,
      453,
      0,
      0,
      0,
      0,
      0,
      0,
      0,
      0,
      0,
      0,
      446,
      446,
      446,
      446,
      446,
      446,
      446,
      446,
      446,
      446,
      446,
      440,
      440,
      440,
      440,
      440,
      440,
      440,
      462,
      462,
      462,
      462,
      462,
      462,
      462,
      462,
      462,
      462,
      462,
      481,
      481,
      481,
      481,
      481,
      481,
      481,
      0,
      0,
      0,
      0,
      0,
      0,
      0,
      0,
      0,
      0,
      0,
      0,
      0,
      0,
      0,
      0,
      454,
      454,
      454,
      454,
      454,
      454,
      454,
      454,
      454,
      0,
      0,
      0,
      0,
      0,
      0,
      0,
      0,
      0,
      0,
      0,
      0,
      0,
      0,
      0,
      467,
      467,
      467,
      467,
      467,
      467,
      467,
      467,
      467,
      467,
      486,
      486,
      486,
      486,
      486,
      486,
      486,
      486,
      486,
      486,
      486,
      486,
      486,
      486,
      486,
      486,
      0,
      0,
      0,
      0,
      0,
      0,
      0,
      0,
      0,
      0,
      0,
      0,
      0,
      0,
      0,
      0,
      477,
      477,
      477,
      477,
      477,
      477,
      477,
      477,
      477,
      477,
      477,
      477,
      477,
      477,
      477,
      477,
      477,
      477,
      463,
      463,
      463,
      463,
      463,
      463,
      463,
      463,
      463,
      463,
      463,
      463,
      463,
      463,
      463,
      0,
      0,
      0,
      0,
      0,
      0,
      0,
      0,
      0,
      0,
      0,
      0,
      468,
      468,
      468,
      468,
      468,
      468,
      468,
      468,
      468,
      468,
      458,
      458,
      458,
      458,
      458,
      458,
      458,
      458,
      458,
      447,
      447,
      447,
      447,
      447,
      447,
      447,
      482,
      482,
      464,
      464,
      464,
      464,
      464,
      464,
      464
    ],
    [
      488,
      488,
      488,
      488,
      488,
      488,
      488,
      488,
      488,
      488,
      488,
      0,
      0,
      0,
      0,
      0,
      0,
      0,
      0,
      0,
      0,
      459,
      459,
      459,
      459,
      459,
      459,
      459,
      459,
      459,
      0,
      0,
      465,
      465,
      465,
      465,
      472,
      472,
      472,
      472,
      472,
      472,
      472,
      472,
      472,
      472,
      472,
      472,
      479,
      479,
      479,
      479,
      479,
      479,
      479,
      0,
      0,
      448,
      448,
      448,
      448,
      448,
      473,
      473,
      473,
      473,
      473,
      473,
      473,
      473,
      506,
      506,
      506,
      506,
      466,
      466,
      466,
      466,
      466,
      466,
      0,
      0,
      0,
      0,
      0,
      0,
      0,
      0,
      0,
      0,
      0,
      0,
      0,
      0,
      483,
      483,
      483,
      483,
      483,
      483,
      483,
      483,
      483,
      483,
      483,
      483,
      483,
      483,
      483,
      456,
      456,
      456,
      456,
      456,
      456,
      487,
      456,
      456,
      456,
      456,
      469,
      469,
      469,
      469,
      469,
      469,
      469,
      469,
      460,
      460,
      460,
      460,
      460,
      460,
      460,
      439,
      439,
      0,
      0,
      0,
      0,
      0,
      0,
      0,
      0,
      0,
      0,
      0,
      0,
      0,
      0,
      0,
      0,
      0,
      0,
      476,
      476,
      476,
      476,
      476,
      476,
      476,
      476,
      476,
      476,
      444,
      0,
      484,
      484,
      474,
      474,
      474,
      474,
      474,
      474,
      474,
      474,
      474,
      474,
      474,
      474,
      500,
      500,
      461,
      461,
      461,
      461,
      461,
      461,
      461,
      461,
      461,
      450,
      0,
      0,
      0,
      0,
      0,
      0,
      475,
      475,
      475,
      475,
      475,
      475,
      475,
      475,
      0,
      0,
      0,
      0,
      0,
      0,
      0,
      0,
      0,
      0,
      0,
      0,
      0,
      0,
      0,
      0,
      0,
      0,
      0,
      0,
      0,
      0,
      0,
      0,
      0,
      0,
      470,
      470,
      470,
      470,
      470,
      470,
      470,
      470,
      470,
      470,
      470,
      470,
      470,
      470,
      470,
      470,
      470,
      470,
      470,
      470,
      470,
      470,
      470,
      471,
      471,
      471,
      471,
      471,
      471,
      471,
      471,
      471,
      471,
      471,
      471,
      471,
      471,
      471,
      471,
      471,
      490,
      490,
      457,
      457,
      457,
      457,
      457,
      457,
      0,
      0,
      0,
      0,
      0,
      0,
      0,
      0,
      0,
      0,
      480,
      480,
      480,
      480,
      480,
      480,
      480,
      480,
      453,
      453,
      453,
      0,
      0,
      0,
      0,
      0,
      0,
      0,
      0,
      0,
      0,
      0,
      0,
      446,
      446,
      446,
      446,
      446,
      485,
      485,
      485,
      485,
      485,
      485,
      485,
      440,
      440,
      440,
      440,
      440,
      440,
      462,
      462,
      462,
      462,
      462,
      462,
      462,
      462,
      481,
      481,
      481,
      481,
      481,
      481,
      481,
      481,
      481,
      481,
      0,
      0,
      0,
      0,
      0,
      0,
      0,
      0,
      0,
      0,
      0,
      0,
      0,
      0,
      0,
      0,
      0,
      0,
      0,
      0,
      0,
      0,
      0,
      0,
      0,
      0,
      0,
      0,
      0,
      0,
      0,
      0,
      0,
      0,
      0,
      0,
      0,
      0,
      0,
      0,
      467,
      467,
      467,
      467,
      467,
      467,
      467,
      467,
      467,
      486,
      486,
      486,
      486,
      486,
      486,
      486,
      486,
      486,
      486,
      486,
      486,
      486,
      486,
      486,
      486,
      486,
      0,
      0,
      0,
      0,
      0,
      0,
      0,
      0,
      0,
      0,
      0,
      0,
      0,
      0,
      0,
      0,
      477,
      477,
      477,
      477,
      477,
      477,
      477,
      477,
      477,
      477,
      477,
      477,
      478,
      478,
      478,
      478,
      478,
      478,
      478,
      478,
      478,
      478,
      478,
      463,
      463,
      463,
      463,
      463,
      463,
      463,
      463,
      463,
      463,
      0,
      0,
      0,
      0,
      0,
      0,
      0,
      0,
      0,
      0,
      0,
      0,
      468,
      468,
      468,
      468,
      468,
      468,
      468,
      468,
      468,
      468,
      458,
      458,
      458,
      458,
      458,
      458,
      458,
      458,
      447,
      447,
      447,
      447,
      447,
      447,
      447,
      447,
      482,
      482,
      482,
      464,
      464,
      464,
      464,
      464,
      464
    ],
    [
      488,
      488,
      488,
      488,
      488,
      488,
      488,
      488,
      488,
      488,
      488,
      0,
      0,
      0,
      0,
      0,
      0,
      0,
      0,
      0,
      0,
      459,
      459,
      459,
      459,
      459,
      459,
      459,
      459,
      0,
      0,
      0,
      0,
      465,
      465,
      465,
      472,
      472,
      472,
      472,
      472,
      472,
      472,
      472,
      472,
      472,
      472,
      479,
      479,
      479,
      479,
      479,
      479,
      479,
      479,
      0,
      0,
      448,
      448,
      448,
      448,
      448,
      473,
      473,
      473,
      473,
      473,
      473,
      473,
      473,
      506,
      506,
      506,
      506,
      466,
      466,
      466,
      466,
      466,
      466,
      0,
      0,
      0,
      0,
      0,
      0,
      0,
      0,
      0,
      0,
      0,
      0,
      0,
      0,
      483,
      483,
      483,
      483,
      483,
      483,
      483,
      483,
      483,
      483,
      483,
      483,
      483,
      483,
      483,
      483,
      456,
      456,
      456,
      456,
      456,
      487,
      456,
      487,
      456,
      456,
      469,
      469,
      469,
      469,
      469,
      469,
      469,
      469,
      469,
      460,
      460,
      460,
      460,
      460,
      460,
      439,
      0,
      0,
      0,
      0,
      0,
      0,
      0,
      0,
      0,
      0,
      0,
      0,
      0,
      0,
      0,
      0,
      0,
      0,
      476,
      476,
      476,
      476,
      476,
      476,
      476,
      476,
      476,
      476,
      476,
      0,
      0,
      484,
      484,
      474,
      474,
      474,
      474,
      474,
      474,
      474,
      474,
      474,
      474,
      474,
      474,
      500,
      500,
      500,
      0,
      0,
      0,
      0,
      0,
      0,
      0,
      0,
      0,
      0,
      0,
      0,
      0,
      0,
      0,
      475,
      475,
      475,
      475,
      475,
      475,
      475,
      475,
      0,
      0,
      0,
      0,
      0,
      0,
      0,
      0,
      0,
      0,
      0,
      0,
      0,
      0,
      0,
      0,
      0,
      0,
      0,
      0,
      0,
      0,
      0,
      0,
      0,
      0,
      470,
      470,
      470,
      470,
      470,
      470,
      470,
      470,
      470,
      470,
      470,
      470,
      470,
      470,
      470,
      470,
      470,
      470,
      470,
      470,
      470,
      471,
      471,
      471,
      471,
      471,
      471,
      471,
      471,
      471,
      471,
      471,
      471,
      471,
      471,
      471,
      471,
      471,
      471,
      471,
      490,
      490,
      490,
      490,
      457,
      457,
      0,
      0,
      0,
      0,
      0,
      0,
      0,
      0,
      0,
      0,
      0,
      0,
      480,
      480,
      480,
      480,
      480,
      480,
      480,
      480,
      453,
      453,
      453,
      0,
      0,
      0,
      0,
      0,
      0,
      0,
      0,
      0,
      0,
      0,
      0,
      446,
      446,
      446,
      446,
      446,
      485,
      485,
      485,
      485,
      485,
      485,
      485,
      485,
      494,
      440,
      440,
      440,
      462,
      462,
      462,
      481,
      481,
      481,
      481,
      481,
      481,
      481,
      481,
      481,
      481,
      481,
      481,
      481,
      481,
      481,
      481,
      0,
      0,
      0,
      0,
      0,
      0,
      0,
      0,
      0,
      0,
      0,
      0,
      0,
      0,
      0,
      0,
      0,
      0,
      0,
      0,
      0,
      0,
      0,
      0,
      0,
      0,
      0,
      0,
      0,
      0,
      0,
      0,
      0,
      0,
      0,
      0,
      0,
      0,
      0,
      0,
      467,
      467,
      467,
      467,
      467,
      467,
      467,
      467,
      467,
      486,
      486,
      486,
      486,
      486,
      486,
      486,
      486,
      486,
      486,
      486,
      486,
      486,
      486,
      486,
      486,
      486,
      0,
      0,
      0,
      0,
      0,
      0,
      0,
      0,
      0,
      0,
      0,
      0,
      0,
      0,
      0,
      0,
      477,
      477,
      477,
      477,
      477,
      477,
      477,
      477,
      478,
      478,
      478,
      478,
      478,
      478,
      478,
      478,
      478,
      478,
      478,
      478,
      478,
      478,
      478,
      463,
      463,
      463,
      463,
      463,
      463,
      463,
      463,
      463,
      0,
      0,
      0,
      0,
      0,
      0,
      0,
      0,
      0,
      0,
      0,
      0,
      0,
      0,
      0,
      0,
      468,
      468,
      468,
      468,
      468,
      468,
      468,
      458,
      458,
      458,
      458,
      458,
      458,
      458,
      458,
      482,
      482,
      482,
      482,
      482,
      482,
      482,
      482,
      482,
      482,
      482,
      482,
      464,
      464,
      464,
      464,
      464
    ],
    [
      488,
      488,
      488,
      488,
      488,
      488,
      488,
      488,
      488,
      488,
      488,
      0,
      0,
      0,
      0,
      0,
      0,
      0,
      0,
      0,
      0,
      0,
      459,
      459,
      459,
      459,
      459,
      459,
      459,
      0,
      0,
      0,
      0,
      465,
      465,
      0,
      472,
      472,
      472,
      472,
      472,
      472,
      472,
      472,
      472,
      472,
      472,
      479,
      479,
      479,
      479,
      479,
      479,
      479,
      479,
      0,
      0,
      448,
      0,
      448,
      448,
      448,
      473,
      473,
      473,
      473,
      473,
      473,
      473,
      473,
      506,
      506,
      506,
      506,
      506,
      0,
      0,
      0,
      0,
      0,
      0,
      0,
      0,
      0,
      0,
      0,
      0,
      0,
      0,
      0,
      0,
      0,
      0,
      0,
      483,
      483,
      483,
      483,
      483,
      483,
      483,
      483,
      483,
      483,
      483,
      483,
      483,
      483,
      483,
      483,
      487,
      487,
      456,
      487,
      487,
      487,
      487,
      487,
      487,
      487,
      469,
      469,
      469,
      469,
      469,
      469,
      469,
      469,
      469,
      460,
      460,
      460,
      460,
      460,
      460,
      489,
      0,
      0,
      0,
      0,
      0,
      0,
      0,
      0,
      0,
      0,
      0,
      0,
      0,
      0,
      0,
      0,
      0,
      476,
      476,
      476,
      476,
      476,
      476,
      476,
      476,
      476,
      476,
      476,
      0,
      0,
      0,
      484,
      484,
      484,
      484,
      474,
      474,
      474,
      474,
      474,
      474,
      474,
      474,
      474,
      474,
      500,
      500,
      500,
      500,
      0,
      0,
      0,
      0,
      0,
      0,
      0,
      0,
      0,
      0,
      0,
      0,
      0,
      0,
      475,
      475,
      475,
      475,
      475,
      475,
      475,
      475,
      0,
      0,
      0,
      0,
      0,
      0,
      0,
      0,
      0,
      0,
      0,
      0,
      0,
      0,
      0,
      0,
      0,
      0,
      0,
      0,
      0,
      0,
      0,
      0,
      0,
      0,
      470,
      470,
      470,
      470,
      470,
      470,
      470,
      470,
      470,
      470,
      470,
      470,
      470,
      470,
      470,
      470,
      470,
      470,
      470,
      470,
      471,
      471,
      471,
      471,
      471,
      471,
      471,
      471,
      471,
      471,
      471,
      471,
      471,
      471,
      471,
      471,
      471,
      490,
      490,
      490,
      490,
      490,
      490,
      490,
      490,
      490,
      490,
      0,
      0,
      0,
      0,
      0,
      0,
      0,
      0,
      0,
      0,
      0,
      480,
      480,
      480,
      480,
      480,
      480,
      480,
      480,
      453,
      453,
      453,
      0,
      0,
      0,
      0,
      0,
      0,
      0,
      0,
      0,
      0,
      0,
      0,
      446,
      446,
      446,
      446,
      446,
      485,
      485,
      485,
      485,
      485,
      485,
      485,
      485,
      494,
      494,
      494,
      440,
      462,
      462,
      462,
      462,
      481,
      481,
      481,
      481,
      481,
      481,
      481,
      481,
      481,
      481,
      481,
      481,
      481,
      481,
      481,
      0,
      0,
      0,
      0,
      0,
      0,
      0,
      0,
      0,
      0,
      0,
      0,
      0,
      0,
      0,
      0,
      0,
      0,
      0,
      0,
      0,
      0,
      0,
      0,
      0,
      0,
      0,
      0,
      0,
      0,
      0,
      0,
      0,
      0,
      0,
      0,
      0,
      0,
      0,
      0,
      467,
      467,
      467,
      467,
      467,
      467,
      467,
      467,
      503,
      503,
      503,
      486,
      486,
      486,
      486,
      486,
      486,
      486,
      486,
      486,
      486,
      486,
      486,
      486,
      486,
      486,
      0,
      0,
      0,
      0,
      0,
      0,
      0,
      0,
      0,
      0,
      0,
      0,
      0,
      0,
      0,
      477,
      477,
      477,
      477,
      477,
      477,
      477,
      477,
      477,
      478,
      478,
      478,
      478,
      478,
      478,
      478,
      478,
      478,
      478,
      478,
      478,
      478,
      478,
      463,
      463,
      463,
      463,
      463,
      463,
      463,
      463,
      463,
      463,
      0,
      0,
      0,
      0,
      0,
      0,
      0,
      0,
      0,
      0,
      0,
      0,
      0,
      0,
      0,
      0,
      468,
      468,
      491,
      491,
      491,
      491,
      468,
      458,
      458,
      458,
      458,
      458,
      458,
      458,
      492,
      492,
      492,
      492,
      492,
      492,
      492,
      482,
      482,
      482,
      482,
      482,
      482,
      482,
      482,
      482,
      482,
      482
    ],
    [
      488,
      488,
      488,
      488,
      488,
      488,
      488,
      488,
      488,
      488,
      488,
      0,
      0,
      0,
      0,
      0,
      0,
      0,
      0,
      0,
      0,
      0,
      0,
      0,
      0,
      0,
      0,
      0,
      0,
      0,
      0,
      0,
      0,
      0,
      0,
      0,
      0,
      472,
      472,
      472,
      472,
      472,
      472,
      472,
      472,
      472,
      472,
      479,
      479,
      479,
      479,
      479,
      479,
      479,
      479,
      0,
      0,
      448,
      0,
      448,
      448,
      0,
      0,
      473,
      473,
      473,
      473,
      473,
      473,
      473,
      506,
      506,
      506,
      506,
      506,
      0,
      0,
      0,
      0,
      0,
      0,
      0,
      0,
      0,
      0,
      0,
      0,
      0,
      0,
      0,
      0,
      0,
      0,
      0,
      483,
      483,
      483,
      483,
      483,
      483,
      483,
      483,
      483,
      483,
      483,
      483,
      483,
      483,
      483,
      483,
      487,
      487,
      487,
      487,
      487,
      487,
      487,
      487,
      487,
      487,
      469,
      469,
      469,
      469,
      469,
      469,
      489,
      489,
      489,
      489,
      489,
      489,
      489,
      489,
      489,
      489,
      0,
      0,
      0,
      0,
      0,
      0,
      0,
      0,
      0,
      0,
      0,
      0,
      0,
      0,
      0,
      499,
      499,
      476,
      476,
      476,
      476,
      476,
      476,
      476,
      476,
      476,
      476,
      0,
      0,
      0,
      0,
      484,
      484,
      484,
      484,
      474,
      474,
      474,
      474,
      474,
      474,
      474,
      474,
      474,
      500,
      500,
      500,
      500,
      500,
      500,
      0,
      0,
      0,
      0,
      0,
      0,
      0,
      0,
      0,
      0,
      0,
      0,
      0,
      475,
      475,
      475,
      475,
      475,
      475,
      475,
      475,
      0,
      0,
      0,
      0,
      0,
      0,
      0,
      0,
      0,
      0,
      0,
      0,
      0,
      0,
      0,
      0,
      0,
      0,
      0,
      0,
      0,
      0,
      0,
      0,
      0,
      0,
      470,
      470,
      470,
      470,
      470,
      470,
      470,
      470,
      470,
      470,
      470,
      470,
      470,
      470,
      470,
      470,
      470,
      470,
      470,
      470,
      470,
      471,
      471,
      471,
      471,
      471,
      471,
      471,
      471,
      471,
      471,
      471,
      471,
      471,
      471,
      471,
      471,
      490,
      490,
      490,
      490,
      490,
      490,
      490,
      490,
      490,
      490,
      0,
      0,
      0,
      0,
      0,
      0,
      0,
      0,
      0,
      0,
      0,
      480,
      480,
      480,
      480,
      480,
      480,
      480,
      480,
      453,
      453,
      453,
      0,
      0,
      0,
      0,
      0,
      0,
      0,
      0,
      0,
      0,
      0,
      0,
      446,
      446,
      446,
      446,
      446,
      485,
      485,
      485,
      485,
      485,
      485,
      485,
      485,
      494,
      494,
      494,
      462,
      462,
      462,
      462,
      462,
      481,
      481,
      481,
      481,
      481,
      481,
      481,
      481,
      481,
      481,
      481,
      481,
      481,
      481,
      481,
      0,
      0,
      0,
      0,
      0,
      0,
      0,
      0,
      0,
      0,
      0,
      0,
      0,
      0,
      0,
      0,
      0,
      0,
      0,
      0,
      0,
      0,
      0,
      0,
      0,
      0,
      0,
      0,
      0,
      0,
      0,
      0,
      0,
      0,
      0,
      0,
      0,
      0,
      0,
      0,
      467,
      467,
      467,
      467,
      467,
      467,
      503,
      503,
      503,
      503,
      503,
      503,
      503,
      486,
      486,
      486,
      486,
      486,
      486,
      486,
      486,
      486,
      486,
      486,
      486,
      486,
      0,
      0,
      0,
      0,
      0,
      0,
      0,
      0,
      0,
      0,
      0,
      0,
      477,
      477,
      477,
      477,
      477,
      477,
      477,
      477,
      477,
      477,
      477,
      478,
      478,
      478,
      478,
      478,
      478,
      478,
      478,
      478,
      478,
      478,
      478,
      478,
      478,
      478,
      463,
      463,
      463,
      463,
      463,
      463,
      463,
      463,
      463,
      463,
      0,
      0,
      0,
      0,
      0,
      0,
      0,
      0,
      0,
      0,
      0,
      0,
      0,
      0,
      0,
      0,
      468,
      491,
      491,
      491,
      491,
      491,
      468,
      458,
      458,
      458,
      458,
      458,
      458,
      492,
      492,
      492,
      492,
      492,
      492,
      492,
      492,
      496,
      482,
      482,
      482,
      482,
      482,
      482,
      482,
      482,
      482,
      482
    ],
    [
      488,
      488,
      488,
      488,
      488,
      488,
      488,
      488,
      488,
      488,
      488,
      0,
      0,
      0,
      0,
      0,
      0,
      0,
      0,
      0,
      0,
      0,
      0,
      0,
      0,
      0,
      0,
      0,
      0,
      0,
      0,
      0,
      0,
      0,
      0,
      0,
      0,
      0,
      472,
      472,
      472,
      472,
      472,
      472,
      472,
      472,
      472,
      479,
      479,
      479,
      479,
      479,
      479,
      479,
      479,
      0,
      0,
      0,
      0,
      0,
      0,
      0,
      0,
      506,
      506,
      506,
      506,
      506,
      506,
      506,
      506,
      506,
      506,
      506,
      506,
      506,
      0,
      0,
      0,
      0,
      0,
      0,
      0,
      0,
      0,
      0,
      0,
      0,
      0,
      0,
      0,
      0,
      0,
      0,
      483,
      483,
      483,
      483,
      483,
      483,
      483,
      483,
      483,
      483,
      483,
      483,
      483,
      483,
      483,
      483,
      487,
      487,
      487,
      487,
      487,
      487,
      487,
      487,
      487,
      487,
      487,
      469,
      469,
      469,
      469,
      469,
      489,
      489,
      489,
      489,
      489,
      489,
      489,
      489,
      489,
      489,
      0,
      0,
      0,
      0,
      0,
      0,
      0,
      0,
      0,
      0,
      0,
      0,
      0,
      0,
      499,
      499,
      499,
      476,
      476,
      476,
      476,
      476,
      476,
      476,
      476,
      0,
      0,
      0,
      0,
      0,
      0,
      484,
      484,
      484,
      484,
      474,
      474,
      474,
      474,
      474,
      474,
      474,
      474,
      474,
      500,
      500,
      500,
      500,
      500,
      500,
      500,
      0,
      0,
      0,
      0,
      0,
      0,
      0,
      0,
      0,
      0,
      0,
      0,
      475,
      475,
      0,
      0,
      0,
      0,
      0,
      0,
      0,
      0,
      0,
      0,
      0,
      0,
      0,
      0,
      0,
      0,
      0,
      0,
      0,
      0,
      0,
      0,
      0,
      0,
      0,
      0,
      0,
      0,
      0,
      0,
      0,
      0,
      470,
      470,
      470,
      470,
      470,
      470,
      470,
      470,
      470,
      470,
      470,
      470,
      470,
      470,
      470,
      470,
      470,
      470,
      470,
      470,
      470,
      471,
      471,
      471,
      471,
      471,
      471,
      471,
      471,
      471,
      471,
      471,
      471,
      471,
      471,
      471,
      471,
      490,
      490,
      490,
      490,
      490,
      490,
      490,
      490,
      502,
      502,
      502,
      502,
      502,
      502,
      502,
      502,
      502,
      502,
      0,
      0,
      0,
      480,
      480,
      480,
      480,
      480,
      480,
      480,
      480,
      453,
      453,
      453,
      0,
      0,
      0,
      0,
      0,
      0,
      0,
      0,
      0,
      0,
      0,
      519,
      446,
      446,
      446,
      446,
      446,
      485,
      485,
      485,
      485,
      485,
      485,
      485,
      485,
      494,
      494,
      494,
      494,
      494,
      494,
      494,
      494,
      481,
      481,
      481,
      481,
      481,
      481,
      481,
      481,
      481,
      481,
      481,
      481,
      481,
      481,
      481,
      481,
      0,
      0,
      0,
      0,
      0,
      0,
      0,
      0,
      0,
      0,
      0,
      0,
      0,
      0,
      0,
      0,
      0,
      0,
      0,
      0,
      0,
      0,
      0,
      0,
      0,
      0,
      0,
      0,
      0,
      0,
      0,
      0,
      0,
      0,
      0,
      0,
      0,
      0,
      0,
      467,
      467,
      467,
      467,
      467,
      503,
      503,
      503,
      503,
      503,
      503,
      503,
      503,
      486,
      486,
      486,
      486,
      486,
      486,
      486,
      486,
      486,
      486,
      486,
      486,
      486,
      0,
      0,
      0,
      0,
      0,
      0,
      0,
      0,
      0,
      0,
      0,
      0,
      477,
      477,
      477,
      477,
      477,
      477,
      477,
      477,
      477,
      477,
      477,
      478,
      478,
      478,
      478,
      478,
      478,
      478,
      478,
      478,
      478,
      478,
      478,
      478,
      478,
      0,
      0,
      0,
      0,
      0,
      0,
      0,
      0,
      0,
      0,
      0,
      0,
      0,
      0,
      0,
      0,
      0,
      0,
      0,
      0,
      0,
      0,
      0,
      0,
      0,
      0,
      0,
      491,
      491,
      491,
      491,
      491,
      491,
      468,
      458,
      0,
      0,
      0,
      458,
      458,
      492,
      492,
      492,
      492,
      492,
      492,
      492,
      492,
      496,
      496,
      496,
      482,
      482,
      482,
      482,
      482,
      482,
      482,
      482
    ],
    [
      488,
      488,
      488,
      488,
      488,
      488,
      488,
      488,
      488,
      488,
      0,
      0,
      0,
      0,
      0,
      0,
      0,
      0,
      0,
      0,
      0,
      0,
      0,
      0,
      0,
      0,
      0,
      0,
      0,
      0,
      0,
      0,
      0,
      0,
      0,
      0,
      0,
      0,
      0,
      498,
      498,
      498,
      498,
      498,
      498,
      472,
      472,
      479,
      479,
      479,
      479,
      479,
      479,
      479,
      479,
      0,
      0,
      0,
      0,
      0,
      0,
      0,
      0,
      506,
      506,
      506,
      506,
      506,
      506,
      506,
      506,
      506,
      506,
      506,
      506,
      506,
      506,
      506,
      0,
      0,
      0,
      0,
      0,
      0,
      0,
      0,
      0,
      0,
      0,
      0,
      0,
      0,
      0,
      0,
      483,
      483,
      483,
      483,
      483,
      483,
      483,
      483,
      483,
      483,
      483,
      483,
      483,
      483,
      483,
      483,
      487,
      487,
      487,
      487,
      487,
      487,
      487,
      487,
      487,
      487,
      487,
      487,
      489,
      489,
      489,
      489,
      489,
      489,
      489,
      489,
      489,
      489,
      489,
      489,
      489,
      489,
      489,
      489,
      489,
      489,
      0,
      0,
      0,
      0,
      0,
      0,
      0,
      0,
      0,
      0,
      499,
      499,
      499,
      476,
      476,
      476,
      476,
      476,
      476,
      476,
      476,
      0,
      0,
      0,
      0,
      0,
      0,
      484,
      484,
      484,
      484,
      474,
      474,
      474,
      474,
      474,
      474,
      474,
      474,
      474,
      500,
      500,
      500,
      500,
      500,
      500,
      500,
      500,
      0,
      0,
      0,
      0,
      0,
      0,
      0,
      0,
      0,
      0,
      0,
      0,
      0,
      0,
      0,
      0,
      0,
      0,
      0,
      0,
      0,
      0,
      0,
      0,
      0,
      0,
      0,
      0,
      0,
      0,
      0,
      0,
      0,
      0,
      0,
      0,
      0,
      0,
      0,
      0,
      0,
      0,
      0,
      470,
      470,
      470,
      470,
      470,
      470,
      470,
      470,
      470,
      470,
      470,
      470,
      470,
      470,
      470,
      470,
      470,
      470,
      470,
      470,
      0,
      493,
      493,
      493,
      493,
      493,
      471,
      471,
      471,
      471,
      471,
      471,
      471,
      471,
      471,
      471,
      471,
      471,
      471,
      490,
      490,
      490,
      490,
      490,
      490,
      490,
      490,
      502,
      502,
      502,
      502,
      502,
      502,
      502,
      502,
      502,
      502,
      502,
      502,
      502,
      480,
      480,
      480,
      480,
      480,
      480,
      480,
      480,
      0,
      0,
      0,
      0,
      0,
      0,
      0,
      0,
      0,
      0,
      0,
      0,
      0,
      0,
      519,
      519,
      519,
      519,
      519,
      446,
      485,
      485,
      485,
      485,
      485,
      485,
      485,
      485,
      494,
      494,
      494,
      494,
      494,
      494,
      494,
      494,
      494,
      494,
      481,
      481,
      481,
      481,
      481,
      481,
      481,
      481,
      481,
      481,
      481,
      481,
      481,
      481,
      0,
      0,
      0,
      0,
      0,
      0,
      0,
      0,
      0,
      0,
      0,
      0,
      0,
      0,
      0,
      0,
      0,
      0,
      0,
      0,
      0,
      0,
      0,
      0,
      0,
      0,
      0,
      0,
      0,
      0,
      0,
      0,
      0,
      0,
      0,
      0,
      0,
      0,
      0,
      467,
      467,
      467,
      503,
      503,
      503,
      503,
      503,
      503,
      503,
      503,
      503,
      503,
      486,
      486,
      486,
      486,
      486,
      486,
      486,
      486,
      486,
      486,
      486,
      486,
      486,
      486,
      0,
      0,
      0,
      0,
      0,
      0,
      0,
      0,
      0,
      0,
      0,
      477,
      477,
      477,
      477,
      477,
      477,
      477,
      477,
      477,
      477,
      478,
      478,
      478,
      478,
      478,
      478,
      478,
      478,
      478,
      478,
      478,
      478,
      478,
      478,
      504,
      504,
      504,
      504,
      504,
      504,
      0,
      0,
      495,
      495,
      495,
      495,
      495,
      495,
      495,
      495,
      0,
      0,
      0,
      0,
      0,
      0,
      0,
      0,
      491,
      491,
      491,
      491,
      491,
      491,
      491,
      491,
      491,
      491,
      468,
      0,
      0,
      0,
      0,
      458,
      458,
      492,
      492,
      492,
      492,
      492,
      492,
      492,
      492,
      496,
      496,
      496,
      482,
      482,
      482,
      482,
      482,
      482,
      482,
      482
    ],
    [
      488,
      488,
      488,
      488,
      488,
      488,
      488,
      488,
      488,
      488,
      0,
      0,
      0,
      0,
      0,
      0,
      0,
      0,
      0,
      0,
      0,
      0,
      0,
      0,
      0,
      0,
      0,
      0,
      0,
      0,
      0,
      0,
      0,
      0,
      0,
      0,
      0,
      0,
      0,
      0,
      498,
      498,
      498,
      498,
      498,
      498,
      498,
      498,
      498,
      498,
      498,
      498,
      498,
      498,
      479,
      0,
      0,
      0,
      0,
      0,
      0,
      0,
      0,
      506,
      506,
      506,
      506,
      506,
      506,
      506,
      506,
      506,
      506,
      506,
      506,
      506,
      506,
      506,
      0,
      0,
      0,
      0,
      0,
      0,
      0,
      0,
      0,
      0,
      0,
      0,
      0,
      0,
      0,
      0,
      483,
      483,
      483,
      483,
      483,
      483,
      483,
      483,
      483,
      483,
      483,
      483,
      483,
      483,
      483,
      483,
      487,
      487,
      487,
      487,
      487,
      487,
      487,
      487,
      487,
      487,
      487,
      487,
      489,
      489,
      489,
      489,
      489,
      489,
      489,
      489,
      489,
      489,
      489,
      489,
      489,
      489,
      489,
      489,
      489,
      489,
      0,
      0,
      0,
      0,
      0,
      0,
      0,
      499,
      499,
      499,
      499,
      499,
      499,
      476,
      476,
      476,
      476,
      476,
      476,
      476,
      0,
      0,
      0,
      0,
      0,
      0,
      0,
      484,
      484,
      484,
      484,
      474,
      474,
      474,
      474,
      474,
      474,
      474,
      500,
      500,
      500,
      500,
      500,
      500,
      500,
      500,
      500,
      500,
      500,
      500,
      0,
      0,
      0,
      0,
      0,
      0,
      0,
      0,
      0,
      0,
      0,
      0,
      0,
      0,
      0,
      0,
      0,
      0,
      0,
      0,
      0,
      0,
      0,
      0,
      0,
      0,
      0,
      0,
      0,
      0,
      0,
      0,
      0,
      0,
      0,
      0,
      0,
      0,
      0,
      0,
      0,
      508,
      508,
      508,
      508,
      508,
      508,
      470,
      470,
      470,
      470,
      470,
      470,
      470,
      470,
      470,
      470,
      470,
      470,
      470,
      470,
      0,
      493,
      493,
      493,
      493,
      493,
      471,
      471,
      471,
      471,
      471,
      471,
      471,
      471,
      471,
      471,
      471,
      471,
      471,
      490,
      490,
      490,
      490,
      490,
      490,
      490,
      490,
      502,
      502,
      502,
      502,
      502,
      502,
      502,
      502,
      502,
      502,
      502,
      502,
      502,
      480,
      480,
      480,
      480,
      480,
      480,
      480,
      480,
      0,
      0,
      0,
      0,
      0,
      0,
      0,
      0,
      0,
      0,
      0,
      0,
      0,
      0,
      519,
      519,
      519,
      519,
      519,
      446,
      485,
      485,
      485,
      485,
      485,
      485,
      485,
      485,
      494,
      494,
      494,
      494,
      494,
      494,
      494,
      494,
      494,
      494,
      494,
      481,
      481,
      481,
      481,
      481,
      481,
      481,
      481,
      481,
      481,
      481,
      481,
      481,
      0,
      0,
      0,
      0,
      0,
      0,
      0,
      0,
      0,
      0,
      0,
      0,
      0,
      0,
      0,
      0,
      0,
      0,
      0,
      0,
      0,
      0,
      0,
      0,
      0,
      0,
      0,
      0,
      0,
      0,
      497,
      497,
      0,
      0,
      0,
      0,
      0,
      0,
      0,
      467,
      503,
      503,
      503,
      503,
      503,
      503,
      503,
      503,
      503,
      503,
      503,
      503,
      486,
      486,
      486,
      486,
      486,
      486,
      0,
      486,
      486,
      486,
      486,
      486,
      486,
      486,
      486,
      486,
      486,
      0,
      0,
      0,
      0,
      0,
      0,
      0,
      0,
      477,
      477,
      477,
      477,
      477,
      477,
      477,
      477,
      477,
      477,
      478,
      478,
      478,
      478,
      478,
      478,
      478,
      478,
      478,
      478,
      478,
      478,
      504,
      504,
      504,
      504,
      504,
      504,
      504,
      504,
      527,
      0,
      495,
      495,
      495,
      495,
      495,
      495,
      495,
      495,
      0,
      0,
      0,
      0,
      0,
      0,
      0,
      491,
      491,
      491,
      491,
      491,
      491,
      491,
      491,
      491,
      491,
      491,
      0,
      0,
      0,
      0,
      0,
      458,
      458,
      492,
      492,
      492,
      492,
      492,
      492,
      492,
      492,
      496,
      496,
      496,
      496,
      496,
      496,
      496,
      496,
      496,
      496,
      496
    ],
    [
      488,
      488,
      488,
      488,
      488,
      488,
      488,
      488,
      488,
      488,
      0,
      0,
      0,
      0,
      0,
      0,
      0,
      0,
      0,
      0,
      0,
      0,
      0,
      0,
      0,
      0,
      0,
      0,
      0,
      0,
      0,
      0,
      0,
      0,
      0,
      0,
      0,
      0,
      0,
      0,
      498,
      498,
      498,
      498,
      498,
      498,
      498,
      498,
      498,
      498,
      498,
      498,
      498,
      0,
      0,
      0,
      0,
      0,
      0,
      0,
      0,
      0,
      0,
      506,
      506,
      506,
      506,
      506,
      506,
      506,
      506,
      506,
      506,
      506,
      506,
      506,
      506,
      506,
      0,
      0,
      0,
      507,
      507,
      507,
      507,
      507,
      507,
      507,
      0,
      0,
      0,
      0,
      0,
      0,
      0,
      483,
      483,
      483,
      483,
      483,
      483,
      483,
      483,
      483,
      483,
      483,
      483,
      483,
      487,
      487,
      487,
      487,
      487,
      487,
      487,
      487,
      487,
      487,
      487,
      487,
      487,
      487,
      487,
      489,
      489,
      489,
      489,
      489,
      489,
      489,
      489,
      489,
      489,
      489,
      489,
      489,
      489,
      489,
      489,
      489,
      489,
      0,
      0,
      0,
      0,
      0,
      0,
      499,
      499,
      499,
      499,
      499,
      499,
      476,
      476,
      476,
      476,
      476,
      476,
      0,
      0,
      0,
      0,
      0,
      0,
      0,
      0,
      0,
      0,
      0,
      0,
      474,
      474,
      474,
      474,
      474,
      474,
      474,
      500,
      500,
      500,
      500,
      500,
      500,
      500,
      500,
      500,
      500,
      500,
      500,
      500,
      0,
      0,
      0,
      0,
      0,
      0,
      0,
      0,
      0,
      0,
      0,
      0,
      0,
      0,
      0,
      0,
      0,
      0,
      0,
      0,
      0,
      0,
      0,
      0,
      0,
      0,
      0,
      0,
      0,
      0,
      0,
      0,
      0,
      0,
      0,
      0,
      0,
      0,
      508,
      508,
      508,
      508,
      508,
      508,
      508,
      508,
      470,
      470,
      470,
      470,
      501,
      501,
      501,
      470,
      470,
      470,
      470,
      470,
      0,
      0,
      0,
      493,
      493,
      493,
      493,
      493,
      471,
      471,
      471,
      471,
      471,
      471,
      471,
      471,
      471,
      471,
      471,
      471,
      471,
      490,
      490,
      490,
      490,
      490,
      490,
      490,
      490,
      502,
      502,
      502,
      502,
      502,
      502,
      502,
      502,
      502,
      502,
      502,
      502,
      502,
      502,
      480,
      480,
      480,
      480,
      480,
      480,
      0,
      0,
      0,
      0,
      0,
      0,
      0,
      0,
      0,
      0,
      0,
      0,
      0,
      0,
      0,
      519,
      519,
      519,
      519,
      519,
      519,
      485,
      485,
      485,
      485,
      485,
      485,
      485,
      494,
      494,
      494,
      494,
      494,
      509,
      509,
      509,
      509,
      509,
      509,
      509,
      513,
      513,
      481,
      481,
      481,
      481,
      481,
      481,
      481,
      481,
      481,
      481,
      481,
      0,
      0,
      0,
      0,
      0,
      0,
      0,
      0,
      0,
      0,
      0,
      0,
      0,
      0,
      0,
      0,
      0,
      0,
      0,
      0,
      0,
      0,
      0,
      0,
      0,
      0,
      0,
      0,
      0,
      497,
      497,
      497,
      0,
      0,
      0,
      0,
      0,
      0,
      0,
      497,
      503,
      503,
      503,
      503,
      503,
      503,
      503,
      503,
      503,
      503,
      503,
      503,
      486,
      486,
      486,
      486,
      486,
      0,
      0,
      486,
      486,
      486,
      0,
      0,
      0,
      0,
      0,
      0,
      0,
      0,
      0,
      0,
      0,
      0,
      0,
      0,
      0,
      477,
      477,
      477,
      477,
      477,
      477,
      477,
      477,
      477,
      478,
      478,
      478,
      478,
      518,
      518,
      518,
      478,
      478,
      478,
      478,
      518,
      504,
      504,
      504,
      504,
      504,
      504,
      504,
      504,
      504,
      527,
      528,
      495,
      495,
      495,
      495,
      495,
      495,
      495,
      495,
      0,
      0,
      0,
      0,
      0,
      0,
      505,
      505,
      505,
      505,
      505,
      505,
      491,
      491,
      491,
      491,
      491,
      491,
      0,
      0,
      0,
      0,
      0,
      0,
      458,
      492,
      492,
      492,
      492,
      492,
      492,
      492,
      492,
      496,
      496,
      496,
      496,
      496,
      496,
      496,
      496,
      496,
      496,
      496
    ],
    [
      488,
      488,
      488,
      488,
      488,
      488,
      488,
      488,
      488,
      488,
      488,
      488,
      488,
      0,
      0,
      0,
      0,
      0,
      0,
      0,
      0,
      0,
      0,
      0,
      0,
      0,
      0,
      0,
      0,
      0,
      0,
      0,
      0,
      0,
      0,
      0,
      0,
      0,
      0,
      498,
      498,
      498,
      498,
      498,
      498,
      498,
      498,
      498,
      498,
      498,
      498,
      498,
      0,
      0,
      0,
      0,
      0,
      0,
      0,
      0,
      0,
      0,
      0,
      506,
      506,
      506,
      506,
      506,
      506,
      506,
      506,
      506,
      506,
      506,
      506,
      506,
      506,
      506,
      0,
      0,
      507,
      507,
      507,
      507,
      507,
      507,
      507,
      507,
      0,
      0,
      0,
      0,
      0,
      0,
      0,
      483,
      483,
      483,
      483,
      483,
      483,
      483,
      483,
      483,
      483,
      533,
      533,
      533,
      533,
      533,
      487,
      487,
      487,
      487,
      487,
      487,
      487,
      487,
      487,
      487,
      487,
      487,
      487,
      489,
      489,
      489,
      489,
      489,
      489,
      489,
      489,
      489,
      489,
      489,
      489,
      512,
      512,
      512,
      512,
      512,
      512,
      512,
      499,
      499,
      499,
      499,
      499,
      499,
      499,
      499,
      499,
      499,
      499,
      499,
      499,
      0,
      0,
      0,
      0,
      0,
      0,
      0,
      0,
      0,
      0,
      0,
      0,
      0,
      0,
      0,
      0,
      474,
      474,
      474,
      474,
      474,
      474,
      474,
      474,
      500,
      500,
      500,
      500,
      500,
      500,
      500,
      500,
      500,
      500,
      500,
      500,
      500,
      0,
      0,
      0,
      0,
      0,
      0,
      0,
      0,
      0,
      0,
      0,
      0,
      0,
      0,
      0,
      0,
      0,
      0,
      0,
      0,
      0,
      0,
      0,
      0,
      0,
      0,
      0,
      0,
      0,
      0,
      0,
      0,
      0,
      0,
      0,
      0,
      0,
      508,
      508,
      508,
      508,
      508,
      508,
      508,
      508,
      470,
      470,
      470,
      501,
      501,
      501,
      501,
      0,
      0,
      470,
      470,
      470,
      0,
      0,
      0,
      493,
      493,
      493,
      493,
      493,
      471,
      471,
      471,
      471,
      471,
      471,
      471,
      471,
      471,
      471,
      471,
      471,
      471,
      490,
      490,
      490,
      490,
      490,
      490,
      490,
      490,
      502,
      502,
      502,
      502,
      502,
      502,
      502,
      502,
      502,
      502,
      502,
      502,
      502,
      502,
      502,
      502,
      502,
      502,
      502,
      502,
      0,
      0,
      0,
      0,
      0,
      0,
      0,
      0,
      0,
      0,
      0,
      0,
      0,
      0,
      0,
      519,
      519,
      519,
      519,
      519,
      519,
      485,
      485,
      485,
      485,
      485,
      485,
      494,
      494,
      494,
      494,
      494,
      494,
      509,
      509,
      509,
      509,
      509,
      509,
      509,
      513,
      513,
      481,
      481,
      481,
      481,
      481,
      481,
      481,
      481,
      481,
      481,
      481,
      0,
      0,
      0,
      0,
      0,
      0,
      0,
      0,
      0,
      0,
      0,
      0,
      0,
      0,
      0,
      0,
      0,
      520,
      0,
      0,
      0,
      0,
      0,
      0,
      0,
      0,
      0,
      0,
      0,
      497,
      497,
      497,
      0,
      0,
      0,
      0,
      0,
      497,
      497,
      497,
      503,
      503,
      503,
      503,
      503,
      503,
      503,
      503,
      503,
      503,
      503,
      503,
      486,
      0,
      0,
      0,
      0,
      0,
      0,
      0,
      0,
      0,
      0,
      0,
      0,
      0,
      0,
      0,
      0,
      0,
      0,
      0,
      0,
      0,
      0,
      0,
      0,
      477,
      477,
      477,
      477,
      477,
      477,
      477,
      477,
      518,
      518,
      518,
      518,
      478,
      518,
      518,
      518,
      478,
      478,
      478,
      518,
      518,
      504,
      504,
      504,
      504,
      504,
      504,
      504,
      504,
      504,
      527,
      528,
      528,
      495,
      495,
      495,
      495,
      495,
      495,
      495,
      0,
      0,
      0,
      0,
      0,
      0,
      505,
      505,
      505,
      505,
      505,
      505,
      491,
      491,
      491,
      491,
      491,
      491,
      0,
      0,
      0,
      0,
      0,
      0,
      0,
      492,
      492,
      492,
      492,
      492,
      492,
      492,
      492,
      496,
      496,
      496,
      496,
      496,
      510,
      510,
      510,
      510,
      510,
      510
    ],
    [
      488,
      488,
      488,
      488,
      488,
      488,
      488,
      488,
      488,
      488,
      488,
      488,
      488,
      488,
      0,
      0,
      0,
      0,
      0,
      0,
      0,
      0,
      0,
      0,
      0,
      0,
      0,
      0,
      0,
      0,
      0,
      0,
      0,
      0,
      0,
      0,
      0,
      0,
      498,
      498,
      498,
      498,
      498,
      498,
      498,
      498,
      498,
      498,
      498,
      498,
      498,
      0,
      0,
      0,
      0,
      0,
      0,
      0,
      0,
      0,
      0,
      0,
      0,
      0,
      0,
      506,
      506,
      506,
      506,
      506,
      506,
      506,
      506,
      506,
      506,
      506,
      515,
      515,
      515,
      515,
      507,
      507,
      507,
      507,
      507,
      507,
      507,
      507,
      0,
      0,
      0,
      0,
      0,
      0,
      0,
      0,
      483,
      483,
      483,
      483,
      483,
      483,
      483,
      533,
      533,
      533,
      533,
      533,
      533,
      533,
      533,
      533,
      533,
      533,
      487,
      487,
      487,
      487,
      487,
      487,
      487,
      487,
      487,
      489,
      489,
      489,
      489,
      489,
      489,
      489,
      489,
      489,
      489,
      511,
      511,
      512,
      512,
      512,
      512,
      512,
      512,
      512,
      512,
      512,
      499,
      499,
      499,
      499,
      499,
      499,
      499,
      499,
      499,
      499,
      499,
      0,
      0,
      0,
      0,
      0,
      0,
      0,
      0,
      0,
      0,
      0,
      0,
      0,
      0,
      0,
      0,
      474,
      474,
      474,
      474,
      474,
      474,
      474,
      474,
      500,
      500,
      500,
      500,
      500,
      500,
      500,
      500,
      500,
      500,
      500,
      500,
      500,
      500,
      0,
      0,
      0,
      0,
      0,
      0,
      0,
      0,
      0,
      0,
      0,
      0,
      0,
      0,
      0,
      0,
      0,
      0,
      0,
      0,
      0,
      0,
      0,
      0,
      0,
      0,
      0,
      0,
      0,
      0,
      0,
      0,
      0,
      0,
      0,
      0,
      508,
      508,
      508,
      508,
      508,
      508,
      508,
      508,
      508,
      508,
      501,
      501,
      501,
      501,
      501,
      0,
      0,
      0,
      0,
      0,
      0,
      0,
      0,
      493,
      493,
      493,
      493,
      493,
      471,
      471,
      471,
      471,
      471,
      0,
      0,
      0,
      0,
      0,
      0,
      0,
      0,
      0,
      0,
      490,
      490,
      490,
      490,
      490,
      502,
      502,
      502,
      502,
      502,
      502,
      502,
      502,
      502,
      502,
      502,
      502,
      502,
      502,
      502,
      502,
      502,
      0,
      0,
      0,
      0,
      0,
      0,
      0,
      0,
      0,
      0,
      0,
      0,
      0,
      0,
      0,
      0,
      0,
      0,
      0,
      519,
      519,
      519,
      519,
      519,
      519,
      519,
      485,
      485,
      485,
      485,
      485,
      494,
      494,
      494,
      494,
      494,
      494,
      509,
      509,
      509,
      509,
      509,
      509,
      509,
      513,
      513,
      481,
      481,
      481,
      481,
      517,
      517,
      517,
      517,
      517,
      481,
      481,
      0,
      0,
      0,
      0,
      0,
      0,
      0,
      0,
      0,
      0,
      0,
      520,
      520,
      520,
      520,
      520,
      520,
      520,
      520,
      520,
      520,
      0,
      0,
      0,
      0,
      0,
      0,
      0,
      0,
      497,
      497,
      497,
      497,
      497,
      497,
      497,
      0,
      497,
      497,
      497,
      503,
      503,
      503,
      503,
      503,
      503,
      503,
      503,
      503,
      503,
      503,
      503,
      0,
      0,
      0,
      0,
      0,
      0,
      0,
      0,
      0,
      0,
      0,
      0,
      0,
      0,
      0,
      0,
      0,
      0,
      0,
      0,
      0,
      0,
      0,
      0,
      0,
      477,
      477,
      477,
      518,
      518,
      518,
      518,
      518,
      518,
      518,
      518,
      518,
      518,
      518,
      518,
      518,
      518,
      518,
      518,
      518,
      518,
      504,
      504,
      504,
      504,
      504,
      504,
      504,
      504,
      504,
      527,
      528,
      528,
      495,
      495,
      495,
      495,
      495,
      495,
      495,
      0,
      0,
      0,
      0,
      0,
      0,
      505,
      505,
      505,
      505,
      505,
      505,
      491,
      491,
      491,
      0,
      0,
      0,
      0,
      0,
      0,
      0,
      0,
      0,
      0,
      0,
      492,
      492,
      492,
      492,
      492,
      492,
      496,
      496,
      496,
      496,
      496,
      496,
      510,
      510,
      510,
      510,
      510,
      510
    ],
    [
      488,
      488,
      488,
      488,
      488,
      488,
      488,
      488,
      488,
      488,
      488,
      488,
      488,
      488,
      0,
      0,
      0,
      0,
      0,
      0,
      0,
      0,
      0,
      0,
      0,
      0,
      0,
      0,
      0,
      0,
      0,
      0,
      0,
      0,
      0,
      0,
      0,
      0,
      498,
      498,
      498,
      498,
      498,
      498,
      498,
      498,
      498,
      498,
      0,
      0,
      0,
      0,
      0,
      0,
      0,
      0,
      0,
      0,
      0,
      0,
      0,
      0,
      0,
      0,
      0,
      0,
      506,
      506,
      506,
      506,
      506,
      506,
      506,
      506,
      506,
      506,
      515,
      515,
      515,
      515,
      507,
      507,
      507,
      507,
      507,
      507,
      507,
      507,
      0,
      0,
      0,
      0,
      0,
      0,
      0,
      0,
      0,
      483,
      483,
      483,
      483,
      483,
      483,
      533,
      533,
      533,
      533,
      533,
      533,
      533,
      533,
      533,
      533,
      533,
      487,
      487,
      487,
      487,
      487,
      487,
      487,
      487,
      487,
      489,
      516,
      516,
      516,
      516,
      516,
      516,
      511,
      511,
      511,
      511,
      511,
      512,
      512,
      512,
      512,
      512,
      512,
      512,
      512,
      512,
      499,
      499,
      499,
      499,
      499,
      499,
      499,
      499,
      499,
      499,
      499,
      0,
      0,
      0,
      0,
      0,
      0,
      0,
      0,
      0,
      0,
      0,
      0,
      0,
      0,
      0,
      0,
      474,
      474,
      474,
      474,
      474,
      474,
      474,
      474,
      500,
      500,
      500,
      500,
      500,
      500,
      500,
      500,
      500,
      500,
      500,
      500,
      500,
      500,
      500,
      0,
      0,
      0,
      0,
      0,
      0,
      0,
      0,
      0,
      0,
      0,
      0,
      0,
      0,
      0,
      0,
      0,
      0,
      0,
      0,
      0,
      0,
      0,
      0,
      0,
      0,
      0,
      0,
      0,
      0,
      0,
      0,
      0,
      0,
      0,
      508,
      508,
      508,
      508,
      508,
      508,
      508,
      508,
      508,
      508,
      501,
      501,
      501,
      501,
      501,
      0,
      0,
      0,
      0,
      0,
      0,
      0,
      0,
      0,
      0,
      0,
      0,
      0,
      471,
      471,
      471,
      0,
      0,
      0,
      0,
      0,
      0,
      0,
      0,
      0,
      0,
      0,
      0,
      490,
      490,
      490,
      490,
      490,
      531,
      531,
      531,
      502,
      502,
      502,
      502,
      502,
      502,
      502,
      502,
      502,
      502,
      502,
      502,
      502,
      502,
      0,
      0,
      0,
      0,
      0,
      0,
      0,
      0,
      0,
      0,
      0,
      0,
      0,
      0,
      0,
      0,
      0,
      0,
      0,
      519,
      519,
      519,
      519,
      519,
      519,
      519,
      519,
      519,
      519,
      519,
      0,
      0,
      0,
      0,
      494,
      494,
      494,
      509,
      509,
      509,
      509,
      509,
      509,
      509,
      513,
      513,
      513,
      513,
      513,
      513,
      517,
      517,
      517,
      517,
      517,
      517,
      481,
      0,
      0,
      0,
      0,
      0,
      0,
      0,
      0,
      0,
      0,
      520,
      520,
      520,
      520,
      520,
      520,
      520,
      520,
      520,
      520,
      520,
      520,
      520,
      0,
      0,
      0,
      0,
      0,
      0,
      497,
      497,
      497,
      497,
      497,
      497,
      497,
      497,
      497,
      497,
      497,
      503,
      503,
      503,
      503,
      503,
      503,
      503,
      503,
      503,
      503,
      503,
      0,
      0,
      0,
      0,
      0,
      0,
      0,
      0,
      0,
      0,
      0,
      0,
      0,
      0,
      0,
      0,
      0,
      0,
      0,
      0,
      0,
      0,
      0,
      0,
      0,
      0,
      477,
      477,
      518,
      518,
      518,
      518,
      518,
      518,
      518,
      518,
      518,
      518,
      518,
      518,
      518,
      518,
      518,
      518,
      518,
      518,
      518,
      504,
      504,
      504,
      504,
      504,
      504,
      504,
      504,
      504,
      527,
      528,
      528,
      495,
      495,
      495,
      495,
      495,
      495,
      495,
      0,
      0,
      0,
      0,
      0,
      0,
      505,
      505,
      505,
      505,
      505,
      505,
      491,
      491,
      491,
      0,
      0,
      0,
      0,
      0,
      0,
      0,
      0,
      0,
      0,
      0,
      514,
      514,
      514,
      514,
      514,
      514,
      496,
      496,
      496,
      496,
      496,
      496,
      510,
      510,
      510,
      510,
      510,
      510
    ],
    [
      488,
      488,
      488,
      488,
      488,
      488,
      488,
      488,
      488,
      488,
      488,
      488,
      488,
      488,
      0,
      0,
      0,
      0,
      0,
      0,
      0,
      0,
      0,
      0,
      0,
      0,
      0,
      0,
      0,
      0,
      0,
      0,
      0,
      0,
      0,
      0,
      0,
      498,
      498,
      498,
      498,
      498,
      498,
      498,
      498,
      498,
      498,
      498,
      0,
      0,
      0,
      0,
      0,
      0,
      0,
      0,
      0,
      0,
      0,
      0,
      0,
      0,
      0,
      0,
      0,
      0,
      0,
      506,
      506,
      506,
      506,
      506,
      506,
      506,
      506,
      506,
      515,
      515,
      515,
      515,
      507,
      507,
      507,
      507,
      507,
      507,
      507,
      507,
      0,
      0,
      0,
      0,
      0,
      0,
      0,
      0,
      0,
      483,
      483,
      483,
      483,
      483,
      533,
      533,
      533,
      533,
      533,
      533,
      533,
      533,
      533,
      533,
      533,
      533,
      533,
      487,
      487,
      487,
      487,
      487,
      487,
      487,
      487,
      547,
      516,
      516,
      516,
      516,
      516,
      516,
      516,
      511,
      511,
      511,
      511,
      512,
      512,
      512,
      512,
      512,
      512,
      512,
      512,
      512,
      499,
      499,
      499,
      522,
      522,
      522,
      522,
      522,
      522,
      522,
      522,
      0,
      0,
      0,
      0,
      0,
      0,
      0,
      0,
      0,
      0,
      0,
      0,
      0,
      0,
      0,
      0,
      474,
      474,
      474,
      474,
      474,
      474,
      474,
      474,
      474,
      500,
      500,
      500,
      500,
      500,
      500,
      500,
      500,
      500,
      500,
      500,
      500,
      500,
      500,
      0,
      0,
      0,
      0,
      0,
      0,
      0,
      0,
      0,
      0,
      0,
      0,
      0,
      0,
      0,
      0,
      0,
      0,
      0,
      0,
      0,
      0,
      0,
      0,
      0,
      0,
      0,
      0,
      0,
      0,
      0,
      0,
      0,
      0,
      0,
      508,
      508,
      508,
      508,
      508,
      508,
      508,
      508,
      508,
      508,
      501,
      501,
      501,
      501,
      501,
      0,
      0,
      0,
      0,
      0,
      0,
      0,
      0,
      0,
      0,
      0,
      0,
      0,
      0,
      0,
      0,
      0,
      0,
      0,
      0,
      0,
      0,
      0,
      0,
      0,
      0,
      0,
      0,
      490,
      490,
      490,
      490,
      531,
      531,
      531,
      531,
      502,
      502,
      502,
      502,
      502,
      502,
      502,
      502,
      502,
      502,
      502,
      502,
      502,
      502,
      0,
      0,
      0,
      0,
      0,
      0,
      0,
      0,
      0,
      0,
      0,
      0,
      0,
      0,
      519,
      519,
      519,
      519,
      519,
      519,
      519,
      519,
      519,
      519,
      519,
      519,
      519,
      519,
      519,
      519,
      0,
      0,
      0,
      0,
      0,
      494,
      494,
      509,
      509,
      509,
      509,
      509,
      509,
      509,
      513,
      513,
      513,
      513,
      513,
      517,
      517,
      517,
      517,
      517,
      517,
      517,
      481,
      0,
      0,
      0,
      0,
      0,
      0,
      0,
      0,
      0,
      0,
      520,
      520,
      520,
      520,
      520,
      520,
      520,
      520,
      520,
      520,
      520,
      520,
      520,
      0,
      0,
      0,
      0,
      0,
      0,
      497,
      497,
      497,
      497,
      497,
      497,
      497,
      497,
      497,
      497,
      497,
      503,
      503,
      503,
      503,
      503,
      503,
      503,
      503,
      503,
      0,
      0,
      0,
      0,
      0,
      0,
      0,
      0,
      0,
      0,
      0,
      0,
      0,
      0,
      0,
      0,
      0,
      0,
      0,
      0,
      0,
      0,
      0,
      0,
      0,
      0,
      0,
      0,
      477,
      523,
      518,
      518,
      518,
      518,
      518,
      518,
      518,
      518,
      518,
      518,
      518,
      518,
      518,
      518,
      518,
      518,
      518,
      518,
      518,
      504,
      504,
      504,
      504,
      504,
      504,
      504,
      504,
      504,
      527,
      528,
      528,
      495,
      495,
      495,
      495,
      495,
      495,
      495,
      0,
      0,
      0,
      0,
      0,
      0,
      505,
      505,
      505,
      505,
      505,
      505,
      491,
      491,
      0,
      0,
      0,
      0,
      0,
      0,
      0,
      0,
      0,
      0,
      0,
      0,
      514,
      514,
      514,
      514,
      514,
      514,
      540,
      540,
      540,
      496,
      496,
      496,
      510,
      510,
      510,
      510,
      510,
      510
    ],
    [
      488,
      488,
      488,
      488,
      488,
      488,
      488,
      488,
      488,
      488,
      488,
      488,
      488,
      488,
      488,
      488,
      0,
      0,
      0,
      0,
      0,
      0,
      0,
      0,
      0,
      0,
      0,
      0,
      0,
      0,
      0,
      0,
      0,
      0,
      0,
      0,
      525,
      525,
      525,
      525,
      525,
      525,
      525,
      498,
      498,
      498,
      498,
      498,
      0,
      0,
      0,
      0,
      0,
      0,
      0,
      0,
      0,
      0,
      0,
      0,
      0,
      0,
      0,
      0,
      0,
      0,
      0,
      0,
      506,
      506,
      506,
      506,
      515,
      515,
      515,
      515,
      515,
      515,
      515,
      515,
      507,
      507,
      507,
      507,
      507,
      507,
      507,
      507,
      0,
      0,
      0,
      0,
      0,
      0,
      0,
      0,
      0,
      533,
      533,
      533,
      533,
      533,
      533,
      533,
      533,
      533,
      533,
      533,
      533,
      544,
      521,
      521,
      521,
      521,
      521,
      521,
      521,
      487,
      487,
      487,
      487,
      487,
      547,
      547,
      516,
      516,
      516,
      516,
      516,
      516,
      516,
      511,
      511,
      511,
      511,
      512,
      512,
      512,
      512,
      512,
      512,
      512,
      512,
      512,
      499,
      499,
      522,
      522,
      522,
      522,
      522,
      522,
      522,
      522,
      522,
      0,
      0,
      0,
      0,
      0,
      0,
      0,
      0,
      0,
      0,
      0,
      0,
      0,
      0,
      0,
      0,
      474,
      474,
      474,
      474,
      474,
      526,
      526,
      526,
      526,
      500,
      500,
      500,
      500,
      500,
      500,
      0,
      0,
      0,
      0,
      0,
      0,
      0,
      0,
      0,
      0,
      0,
      0,
      0,
      0,
      0,
      0,
      0,
      0,
      0,
      0,
      0,
      0,
      0,
      0,
      0,
      0,
      0,
      0,
      0,
      0,
      0,
      0,
      0,
      0,
      0,
      0,
      0,
      0,
      0,
      0,
      0,
      0,
      0,
      508,
      508,
      508,
      508,
      508,
      508,
      508,
      508,
      508,
      508,
      508,
      501,
      501,
      501,
      501,
      0,
      0,
      0,
      0,
      0,
      0,
      0,
      0,
      0,
      0,
      0,
      0,
      0,
      0,
      0,
      0,
      0,
      0,
      0,
      0,
      0,
      0,
      0,
      0,
      0,
      0,
      0,
      0,
      0,
      490,
      531,
      531,
      531,
      531,
      531,
      531,
      502,
      502,
      502,
      502,
      0,
      0,
      0,
      0,
      0,
      0,
      0,
      0,
      0,
      0,
      0,
      0,
      0,
      0,
      0,
      0,
      0,
      0,
      0,
      0,
      0,
      0,
      0,
      519,
      519,
      519,
      519,
      519,
      519,
      519,
      519,
      519,
      519,
      519,
      519,
      519,
      519,
      519,
      519,
      0,
      0,
      0,
      0,
      0,
      0,
      534,
      494,
      509,
      509,
      509,
      509,
      509,
      509,
      509,
      513,
      513,
      513,
      513,
      513,
      517,
      517,
      517,
      517,
      517,
      517,
      517,
      0,
      0,
      0,
      0,
      0,
      0,
      0,
      0,
      0,
      0,
      0,
      520,
      520,
      520,
      520,
      520,
      520,
      520,
      520,
      520,
      520,
      520,
      520,
      520,
      520,
      520,
      520,
      520,
      520,
      0,
      497,
      497,
      497,
      497,
      497,
      497,
      497,
      497,
      497,
      497,
      497,
      503,
      503,
      503,
      503,
      503,
      503,
      503,
      503,
      0,
      0,
      0,
      0,
      0,
      0,
      0,
      0,
      0,
      0,
      0,
      0,
      0,
      0,
      0,
      0,
      0,
      0,
      0,
      0,
      0,
      0,
      0,
      0,
      0,
      0,
      0,
      0,
      0,
      523,
      523,
      518,
      518,
      518,
      518,
      518,
      518,
      518,
      518,
      518,
      518,
      518,
      518,
      518,
      518,
      518,
      518,
      518,
      518,
      518,
      504,
      504,
      504,
      504,
      504,
      504,
      504,
      504,
      527,
      527,
      528,
      528,
      528,
      528,
      528,
      528,
      528,
      528,
      528,
      528,
      0,
      0,
      0,
      0,
      0,
      505,
      505,
      505,
      505,
      505,
      505,
      491,
      0,
      0,
      0,
      0,
      0,
      0,
      0,
      0,
      0,
      0,
      0,
      0,
      0,
      514,
      514,
      514,
      514,
      514,
      540,
      540,
      540,
      540,
      496,
      496,
      496,
      510,
      510,
      510,
      510,
      510,
      510
    ],
    [
      488,
      488,
      488,
      488,
      488,
      488,
      488,
      488,
      488,
      488,
      488,
      488,
      488,
      524,
      524,
      524,
      524,
      524,
      537,
      0,
      0,
      0,
      0,
      0,
      0,
      0,
      0,
      0,
      0,
      0,
      0,
      0,
      0,
      0,
      525,
      525,
      525,
      525,
      525,
      525,
      525,
      525,
      525,
      498,
      498,
      498,
      498,
      498,
      0,
      0,
      0,
      0,
      0,
      0,
      0,
      0,
      0,
      0,
      0,
      0,
      0,
      0,
      0,
      0,
      0,
      0,
      0,
      0,
      506,
      506,
      506,
      506,
      515,
      515,
      515,
      515,
      515,
      515,
      515,
      515,
      507,
      507,
      507,
      507,
      507,
      507,
      507,
      507,
      0,
      0,
      0,
      0,
      0,
      0,
      0,
      0,
      0,
      0,
      533,
      533,
      533,
      533,
      533,
      533,
      533,
      533,
      533,
      533,
      544,
      544,
      521,
      521,
      521,
      521,
      521,
      521,
      521,
      547,
      487,
      487,
      487,
      487,
      547,
      547,
      516,
      516,
      516,
      516,
      516,
      516,
      516,
      511,
      511,
      511,
      511,
      512,
      512,
      512,
      512,
      512,
      512,
      512,
      512,
      512,
      522,
      522,
      522,
      522,
      522,
      522,
      522,
      522,
      522,
      522,
      522,
      0,
      0,
      0,
      0,
      0,
      0,
      0,
      0,
      0,
      0,
      0,
      0,
      0,
      0,
      0,
      0,
      474,
      474,
      474,
      526,
      526,
      526,
      526,
      526,
      526,
      500,
      500,
      500,
      500,
      0,
      0,
      0,
      0,
      0,
      0,
      0,
      0,
      0,
      0,
      0,
      0,
      0,
      0,
      0,
      0,
      0,
      0,
      0,
      0,
      0,
      0,
      0,
      0,
      0,
      0,
      0,
      0,
      0,
      0,
      0,
      0,
      0,
      0,
      0,
      0,
      0,
      0,
      0,
      0,
      0,
      0,
      0,
      0,
      0,
      508,
      508,
      508,
      501,
      501,
      501,
      501,
      501,
      501,
      501,
      501,
      501,
      501,
      501,
      501,
      0,
      0,
      0,
      0,
      0,
      0,
      0,
      0,
      0,
      0,
      0,
      0,
      0,
      0,
      0,
      0,
      0,
      0,
      0,
      0,
      0,
      0,
      0,
      0,
      0,
      0,
      0,
      0,
      0,
      531,
      531,
      531,
      531,
      531,
      531,
      531,
      502,
      502,
      0,
      0,
      0,
      0,
      0,
      0,
      0,
      0,
      0,
      0,
      0,
      0,
      0,
      0,
      0,
      0,
      0,
      0,
      0,
      0,
      0,
      0,
      0,
      519,
      519,
      519,
      519,
      519,
      519,
      519,
      519,
      519,
      519,
      519,
      519,
      519,
      519,
      519,
      519,
      519,
      519,
      0,
      0,
      0,
      0,
      0,
      0,
      534,
      534,
      509,
      509,
      509,
      509,
      509,
      509,
      513,
      513,
      513,
      513,
      513,
      513,
      517,
      517,
      517,
      517,
      517,
      517,
      517,
      0,
      0,
      0,
      0,
      0,
      0,
      0,
      0,
      0,
      0,
      0,
      520,
      520,
      520,
      520,
      520,
      520,
      520,
      520,
      520,
      520,
      520,
      520,
      520,
      520,
      520,
      520,
      520,
      520,
      0,
      497,
      497,
      497,
      497,
      497,
      497,
      497,
      497,
      497,
      497,
      497,
      497,
      497,
      503,
      503,
      503,
      503,
      503,
      0,
      0,
      0,
      0,
      0,
      0,
      0,
      0,
      0,
      0,
      0,
      0,
      0,
      0,
      0,
      0,
      0,
      0,
      0,
      523,
      523,
      523,
      523,
      523,
      523,
      523,
      523,
      523,
      523,
      523,
      523,
      523,
      518,
      518,
      518,
      518,
      518,
      518,
      518,
      518,
      518,
      518,
      518,
      518,
      518,
      518,
      518,
      518,
      518,
      518,
      518,
      518,
      527,
      527,
      527,
      527,
      527,
      527,
      527,
      527,
      527,
      528,
      528,
      528,
      528,
      529,
      529,
      529,
      529,
      529,
      529,
      0,
      0,
      0,
      0,
      0,
      0,
      0,
      0,
      0,
      0,
      0,
      0,
      0,
      0,
      0,
      0,
      0,
      0,
      0,
      0,
      0,
      0,
      0,
      0,
      514,
      514,
      514,
      514,
      514,
      514,
      540,
      540,
      540,
      540,
      540,
      540,
      496,
      510,
      510,
      510,
      510,
      510,
      510
    ],
    [
      488,
      488,
      488,
      488,
      532,
      488,
      488,
      488,
      488,
      488,
      488,
      524,
      524,
      524,
      524,
      524,
      524,
      524,
      537,
      537,
      537,
      0,
      0,
      0,
      0,
      0,
      0,
      0,
      0,
      0,
      0,
      0,
      0,
      525,
      525,
      525,
      525,
      525,
      525,
      525,
      525,
      525,
      525,
      498,
      498,
      498,
      498,
      0,
      0,
      0,
      0,
      0,
      0,
      0,
      0,
      0,
      0,
      0,
      0,
      0,
      0,
      0,
      0,
      0,
      0,
      0,
      0,
      0,
      506,
      506,
      506,
      506,
      515,
      515,
      515,
      515,
      515,
      515,
      515,
      515,
      515,
      515,
      507,
      507,
      507,
      507,
      507,
      0,
      0,
      0,
      0,
      0,
      0,
      0,
      0,
      0,
      0,
      0,
      533,
      533,
      533,
      533,
      533,
      533,
      533,
      533,
      544,
      544,
      544,
      544,
      521,
      521,
      521,
      521,
      521,
      521,
      521,
      547,
      487,
      487,
      487,
      487,
      547,
      547,
      516,
      516,
      516,
      516,
      516,
      516,
      516,
      511,
      511,
      511,
      511,
      512,
      512,
      512,
      512,
      512,
      512,
      512,
      512,
      522,
      522,
      522,
      522,
      522,
      522,
      522,
      522,
      522,
      522,
      522,
      522,
      0,
      0,
      0,
      0,
      0,
      0,
      0,
      0,
      0,
      0,
      0,
      0,
      0,
      0,
      0,
      0,
      0,
      474,
      474,
      526,
      526,
      526,
      526,
      526,
      526,
      500,
      500,
      500,
      500,
      0,
      0,
      0,
      0,
      0,
      0,
      0,
      0,
      0,
      0,
      0,
      0,
      0,
      0,
      0,
      0,
      0,
      0,
      0,
      0,
      0,
      0,
      0,
      0,
      0,
      0,
      0,
      0,
      0,
      0,
      0,
      0,
      0,
      0,
      0,
      0,
      0,
      0,
      0,
      0,
      0,
      0,
      0,
      0,
      0,
      0,
      0,
      0,
      0,
      0,
      0,
      0,
      0,
      0,
      0,
      0,
      0,
      0,
      0,
      0,
      0,
      0,
      0,
      0,
      0,
      0,
      0,
      0,
      0,
      0,
      0,
      0,
      0,
      0,
      0,
      0,
      0,
      0,
      0,
      0,
      0,
      0,
      0,
      0,
      0,
      0,
      0,
      0,
      0,
      531,
      531,
      531,
      531,
      531,
      531,
      531,
      502,
      0,
      0,
      0,
      0,
      0,
      0,
      0,
      0,
      0,
      0,
      0,
      0,
      0,
      0,
      0,
      0,
      0,
      0,
      0,
      0,
      0,
      0,
      0,
      0,
      0,
      519,
      519,
      519,
      519,
      519,
      519,
      519,
      519,
      519,
      519,
      519,
      519,
      519,
      519,
      519,
      0,
      0,
      0,
      0,
      0,
      0,
      0,
      0,
      534,
      534,
      534,
      534,
      534,
      534,
      534,
      534,
      513,
      513,
      513,
      513,
      513,
      513,
      517,
      517,
      517,
      517,
      517,
      517,
      517,
      0,
      0,
      0,
      0,
      0,
      0,
      0,
      0,
      0,
      0,
      0,
      520,
      520,
      520,
      520,
      520,
      520,
      520,
      520,
      520,
      520,
      520,
      520,
      520,
      520,
      520,
      520,
      520,
      520,
      0,
      497,
      497,
      497,
      497,
      497,
      497,
      497,
      497,
      497,
      497,
      497,
      497,
      497,
      497,
      497,
      497,
      497,
      497,
      0,
      0,
      0,
      0,
      0,
      0,
      0,
      0,
      0,
      0,
      0,
      0,
      0,
      0,
      0,
      0,
      0,
      0,
      0,
      0,
      0,
      523,
      523,
      523,
      523,
      523,
      523,
      523,
      523,
      523,
      523,
      523,
      518,
      518,
      518,
      518,
      518,
      518,
      518,
      518,
      518,
      518,
      518,
      518,
      518,
      518,
      518,
      518,
      518,
      518,
      518,
      518,
      527,
      527,
      527,
      527,
      527,
      527,
      527,
      527,
      527,
      528,
      528,
      528,
      528,
      529,
      529,
      529,
      529,
      529,
      529,
      0,
      0,
      0,
      0,
      0,
      0,
      0,
      0,
      0,
      0,
      0,
      0,
      0,
      0,
      0,
      0,
      0,
      0,
      0,
      0,
      0,
      0,
      0,
      0,
      536,
      536,
      536,
      536,
      536,
      536,
      540,
      540,
      540,
      540,
      540,
      540,
      540,
      510,
      510,
      510,
      510,
      510,
      510
    ],
    [
      532,
      532,
      532,
      532,
      532,
      488,
      488,
      488,
      488,
      488,
      532,
      524,
      524,
      524,
      524,
      524,
      524,
      524,
      537,
      537,
      537,
      537,
      537,
      0,
      0,
      0,
      0,
      0,
      0,
      0,
      0,
      0,
      0,
      525,
      525,
      525,
      525,
      525,
      525,
      525,
      525,
      525,
      525,
      498,
      498,
      498,
      0,
      0,
      0,
      0,
      0,
      0,
      0,
      0,
      0,
      0,
      0,
      0,
      0,
      0,
      0,
      0,
      0,
      0,
      0,
      0,
      0,
      0,
      506,
      506,
      506,
      506,
      515,
      515,
      515,
      515,
      515,
      515,
      515,
      515,
      515,
      515,
      515,
      515,
      515,
      0,
      0,
      0,
      0,
      0,
      0,
      0,
      0,
      0,
      0,
      0,
      0,
      0,
      533,
      533,
      533,
      533,
      533,
      533,
      533,
      533,
      544,
      544,
      544,
      544,
      521,
      521,
      521,
      521,
      521,
      521,
      521,
      547,
      547,
      487,
      487,
      487,
      547,
      547,
      516,
      516,
      516,
      516,
      516,
      516,
      516,
      511,
      0,
      0,
      0,
      512,
      512,
      512,
      512,
      512,
      512,
      512,
      522,
      522,
      522,
      522,
      522,
      522,
      522,
      522,
      522,
      522,
      522,
      522,
      522,
      0,
      0,
      0,
      0,
      0,
      0,
      0,
      0,
      0,
      0,
      0,
      0,
      0,
      0,
      0,
      0,
      0,
      474,
      474,
      526,
      526,
      526,
      526,
      526,
      526,
      500,
      500,
      500,
      0,
      0,
      0,
      0,
      0,
      0,
      0,
      0,
      0,
      0,
      0,
      0,
      0,
      0,
      0,
      0,
      0,
      0,
      0,
      0,
      0,
      0,
      0,
      0,
      0,
      0,
      0,
      0,
      530,
      530,
      530,
      530,
      530,
      530,
      530,
      530,
      530,
      530,
      530,
      530,
      530,
      530,
      530,
      530,
      530,
      0,
      0,
      0,
      0,
      0,
      0,
      0,
      0,
      0,
      0,
      0,
      0,
      0,
      0,
      0,
      0,
      0,
      0,
      0,
      0,
      0,
      0,
      0,
      0,
      0,
      0,
      0,
      0,
      0,
      0,
      0,
      0,
      0,
      0,
      0,
      0,
      0,
      0,
      0,
      0,
      0,
      0,
      0,
      531,
      531,
      531,
      531,
      531,
      531,
      531,
      531,
      0,
      0,
      0,
      0,
      0,
      0,
      0,
      0,
      0,
      0,
      0,
      0,
      0,
      0,
      0,
      0,
      0,
      0,
      0,
      0,
      0,
      0,
      0,
      0,
      0,
      0,
      0,
      519,
      519,
      519,
      519,
      519,
      519,
      519,
      519,
      519,
      519,
      519,
      519,
      519,
      519,
      519,
      519,
      0,
      0,
      0,
      0,
      0,
      0,
      0,
      534,
      534,
      534,
      534,
      534,
      534,
      534,
      534,
      543,
      543,
      543,
      543,
      513,
      513,
      517,
      517,
      517,
      517,
      517,
      517,
      517,
      0,
      0,
      0,
      0,
      0,
      0,
      0,
      0,
      0,
      0,
      0,
      520,
      520,
      520,
      520,
      520,
      520,
      520,
      520,
      520,
      520,
      520,
      520,
      520,
      520,
      520,
      520,
      520,
      520,
      0,
      497,
      497,
      497,
      497,
      497,
      497,
      497,
      497,
      497,
      497,
      497,
      497,
      497,
      497,
      497,
      497,
      0,
      0,
      0,
      0,
      0,
      0,
      0,
      0,
      0,
      0,
      0,
      0,
      0,
      0,
      0,
      0,
      0,
      0,
      0,
      0,
      0,
      0,
      0,
      523,
      523,
      523,
      523,
      523,
      523,
      523,
      523,
      523,
      523,
      523,
      518,
      518,
      518,
      518,
      518,
      518,
      518,
      518,
      518,
      518,
      518,
      518,
      518,
      518,
      518,
      518,
      518,
      518,
      518,
      518,
      527,
      527,
      527,
      527,
      527,
      527,
      527,
      527,
      527,
      528,
      528,
      528,
      528,
      529,
      529,
      529,
      529,
      529,
      529,
      0,
      0,
      0,
      0,
      0,
      0,
      0,
      0,
      0,
      0,
      0,
      0,
      0,
      0,
      0,
      0,
      0,
      0,
      0,
      0,
      0,
      0,
      0,
      536,
      536,
      536,
      536,
      536,
      536,
      536,
      536,
      540,
      540,
      540,
      540,
      540,
      540,
      540,
      540,
      540,
      540,
      540,
      540
    ],
    [
      532,
      532,
      532,
      532,
      532,
      532,
      532,
      532,
      532,
      532,
      532,
      524,
      524,
      524,
      524,
      524,
      524,
      524,
      537,
      537,
      537,
      537,
      537,
      0,
      0,
      0,
      0,
      0,
      0,
      0,
      0,
      0,
      0,
      525,
      525,
      525,
      525,
      525,
      525,
      525,
      525,
      525,
      525,
      498,
      0,
      0,
      0,
      0,
      0,
      0,
      0,
      0,
      0,
      0,
      0,
      0,
      0,
      0,
      0,
      0,
      0,
      0,
      0,
      0,
      0,
      0,
      0,
      0,
      0,
      506,
      506,
      506,
      515,
      515,
      515,
      515,
      515,
      515,
      515,
      515,
      515,
      515,
      515,
      515,
      515,
      0,
      0,
      0,
      0,
      0,
      0,
      0,
      0,
      0,
      0,
      0,
      0,
      0,
      533,
      533,
      533,
      533,
      533,
      533,
      533,
      533,
      544,
      544,
      544,
      544,
      521,
      521,
      521,
      521,
      521,
      521,
      521,
      547,
      547,
      547,
      547,
      547,
      547,
      547,
      535,
      516,
      516,
      516,
      516,
      516,
      516,
      511,
      0,
      0,
      0,
      0,
      512,
      512,
      512,
      512,
      512,
      512,
      522,
      522,
      522,
      522,
      522,
      522,
      522,
      522,
      522,
      522,
      522,
      522,
      522,
      0,
      0,
      0,
      0,
      0,
      0,
      0,
      0,
      0,
      0,
      0,
      0,
      0,
      0,
      0,
      0,
      526,
      526,
      526,
      526,
      526,
      526,
      526,
      526,
      526,
      0,
      0,
      0,
      0,
      0,
      0,
      0,
      0,
      0,
      0,
      0,
      0,
      0,
      0,
      0,
      0,
      0,
      0,
      0,
      0,
      0,
      0,
      0,
      0,
      0,
      0,
      0,
      0,
      0,
      0,
      0,
      530,
      530,
      530,
      530,
      530,
      530,
      530,
      530,
      530,
      530,
      530,
      530,
      530,
      530,
      530,
      530,
      530,
      0,
      0,
      0,
      0,
      0,
      0,
      0,
      0,
      0,
      0,
      0,
      0,
      0,
      0,
      0,
      0,
      0,
      0,
      0,
      0,
      0,
      0,
      0,
      0,
      0,
      0,
      0,
      0,
      0,
      0,
      0,
      0,
      0,
      0,
      0,
      0,
      0,
      0,
      531,
      531,
      531,
      531,
      531,
      531,
      531,
      531,
      531,
      531,
      531,
      531,
      531,
      0,
      0,
      0,
      0,
      0,
      0,
      0,
      0,
      0,
      0,
      0,
      0,
      0,
      0,
      0,
      0,
      0,
      0,
      0,
      0,
      0,
      0,
      0,
      0,
      0,
      0,
      0,
      519,
      519,
      519,
      519,
      519,
      519,
      519,
      519,
      519,
      519,
      519,
      519,
      519,
      519,
      519,
      519,
      0,
      0,
      0,
      0,
      0,
      0,
      0,
      534,
      534,
      534,
      534,
      534,
      534,
      534,
      534,
      543,
      543,
      543,
      543,
      513,
      513,
      517,
      517,
      517,
      517,
      517,
      517,
      517,
      0,
      0,
      0,
      0,
      0,
      0,
      0,
      0,
      0,
      0,
      0,
      520,
      520,
      520,
      520,
      520,
      520,
      520,
      520,
      520,
      520,
      520,
      520,
      520,
      520,
      520,
      520,
      520,
      520,
      0,
      497,
      497,
      497,
      497,
      497,
      497,
      497,
      497,
      497,
      497,
      497,
      497,
      497,
      497,
      497,
      497,
      551,
      551,
      0,
      0,
      0,
      0,
      0,
      0,
      0,
      0,
      0,
      0,
      0,
      0,
      0,
      0,
      0,
      0,
      0,
      545,
      545,
      545,
      545,
      545,
      523,
      523,
      523,
      523,
      523,
      523,
      523,
      523,
      523,
      523,
      518,
      518,
      518,
      518,
      518,
      518,
      518,
      518,
      518,
      518,
      518,
      518,
      518,
      518,
      518,
      518,
      518,
      518,
      518,
      518,
      527,
      527,
      527,
      527,
      527,
      527,
      527,
      527,
      527,
      528,
      528,
      528,
      528,
      529,
      529,
      529,
      529,
      529,
      529,
      0,
      0,
      0,
      0,
      0,
      0,
      0,
      0,
      0,
      0,
      0,
      0,
      0,
      0,
      0,
      0,
      0,
      0,
      0,
      0,
      0,
      0,
      0,
      536,
      536,
      536,
      536,
      536,
      536,
      536,
      536,
      540,
      540,
      540,
      540,
      540,
      540,
      540,
      540,
      540,
      540,
      540,
      540
    ],
    [
      532,
      532,
      532,
      532,
      532,
      532,
      532,
      532,
      532,
      532,
      532,
      524,
      524,
      524,
      524,
      524,
      524,
      524,
      537,
      537,
      537,
      537,
      537,
      0,
      0,
      0,
      0,
      0,
      0,
      0,
      0,
      0,
      0,
      525,
      525,
      525,
      525,
      525,
      525,
      525,
      525,
      525,
      525,
      498,
      0,
      0,
      0,
      0,
      0,
      0,
      0,
      0,
      0,
      0,
      0,
      0,
      0,
      0,
      0,
      0,
      0,
      0,
      0,
      0,
      0,
      0,
      0,
      0,
      0,
      0,
      0,
      506,
      515,
      515,
      515,
      515,
      515,
      0,
      0,
      0,
      0,
      0,
      0,
      0,
      0,
      0,
      0,
      0,
      0,
      0,
      0,
      0,
      0,
      0,
      0,
      0,
      0,
      0,
      533,
      533,
      533,
      533,
      533,
      533,
      533,
      533,
      544,
      544,
      544,
      544,
      521,
      521,
      521,
      521,
      521,
      521,
      521,
      547,
      547,
      547,
      547,
      547,
      547,
      547,
      535,
      516,
      516,
      516,
      516,
      516,
      516,
      0,
      0,
      0,
      0,
      0,
      0,
      0,
      522,
      522,
      522,
      522,
      522,
      522,
      522,
      522,
      522,
      522,
      522,
      522,
      522,
      522,
      522,
      522,
      0,
      0,
      0,
      0,
      0,
      0,
      0,
      0,
      0,
      0,
      0,
      0,
      0,
      0,
      0,
      0,
      0,
      526,
      526,
      526,
      526,
      526,
      526,
      526,
      526,
      526,
      0,
      0,
      0,
      0,
      0,
      0,
      0,
      0,
      0,
      0,
      0,
      0,
      0,
      0,
      0,
      0,
      0,
      0,
      0,
      0,
      0,
      0,
      0,
      0,
      0,
      0,
      538,
      538,
      538,
      538,
      538,
      538,
      538,
      530,
      530,
      530,
      530,
      530,
      530,
      530,
      530,
      530,
      530,
      530,
      530,
      530,
      530,
      0,
      0,
      0,
      0,
      0,
      0,
      0,
      0,
      0,
      0,
      0,
      0,
      0,
      0,
      0,
      0,
      0,
      0,
      0,
      0,
      0,
      0,
      0,
      0,
      0,
      0,
      0,
      0,
      0,
      0,
      0,
      0,
      0,
      0,
      0,
      0,
      0,
      0,
      0,
      0,
      531,
      531,
      531,
      531,
      531,
      531,
      531,
      531,
      531,
      531,
      531,
      0,
      0,
      0,
      0,
      0,
      0,
      0,
      0,
      0,
      0,
      0,
      0,
      0,
      0,
      0,
      0,
      0,
      0,
      0,
      0,
      0,
      0,
      0,
      0,
      0,
      0,
      0,
      0,
      519,
      519,
      519,
      519,
      519,
      519,
      519,
      519,
      519,
      519,
      519,
      519,
      519,
      519,
      0,
      0,
      0,
      0,
      0,
      0,
      0,
      0,
      0,
      534,
      534,
      534,
      534,
      534,
      534,
      534,
      534,
      543,
      543,
      543,
      543,
      543,
      513,
      517,
      517,
      517,
      517,
      517,
      517,
      517,
      0,
      0,
      0,
      0,
      0,
      0,
      0,
      0,
      0,
      0,
      0,
      520,
      520,
      520,
      520,
      520,
      520,
      520,
      520,
      0,
      0,
      0,
      0,
      520,
      520,
      520,
      520,
      520,
      520,
      0,
      0,
      0,
      0,
      0,
      0,
      0,
      551,
      551,
      551,
      551,
      551,
      551,
      551,
      551,
      551,
      551,
      551,
      551,
      0,
      0,
      0,
      0,
      0,
      0,
      0,
      0,
      0,
      0,
      0,
      0,
      0,
      0,
      0,
      545,
      545,
      545,
      545,
      541,
      541,
      541,
      541,
      523,
      523,
      523,
      523,
      523,
      523,
      523,
      523,
      523,
      518,
      518,
      518,
      518,
      518,
      518,
      518,
      518,
      518,
      518,
      518,
      518,
      518,
      518,
      518,
      518,
      518,
      527,
      527,
      527,
      527,
      527,
      527,
      527,
      527,
      527,
      527,
      527,
      527,
      528,
      528,
      528,
      528,
      529,
      529,
      529,
      529,
      529,
      529,
      0,
      0,
      0,
      0,
      0,
      0,
      0,
      0,
      0,
      0,
      0,
      0,
      0,
      0,
      0,
      0,
      0,
      0,
      0,
      0,
      0,
      0,
      536,
      536,
      536,
      536,
      536,
      536,
      536,
      536,
      536,
      556,
      540,
      540,
      540,
      540,
      540,
      540,
      540,
      540,
      540,
      540,
      540
    ],
    [
      532,
      532,
      532,
      532,
      532,
      532,
      532,
      532,
      532,
      532,
      532,
      524,
      524,
      524,
      524,
      524,
      524,
      524,
      537,
      537,
      537,
      537,
      537,
      537,
      537,
      537,
      537,
      0,
      0,
      0,
      0,
      0,
      525,
      525,
      525,
      525,
      525,
      525,
      525,
      525,
      525,
      525,
      0,
      0,
      0,
      0,
      0,
      0,
      0,
      0,
      0,
      0,
      0,
      0,
      0,
      0,
      0,
      0,
      0,
      0,
      0,
      0,
      0,
      0,
      0,
      0,
      0,
      0,
      0,
      0,
      0,
      0,
      0,
      0,
      0,
      0,
      0,
      0,
      0,
      0,
      0,
      0,
      0,
      0,
      0,
      0,
      0,
      0,
      0,
      0,
      0,
      0,
      0,
      0,
      0,
      0,
      0,
      0,
      533,
      533,
      533,
      533,
      533,
      533,
      533,
      533,
      544,
      544,
      544,
      544,
      521,
      521,
      521,
      521,
      521,
      521,
      521,
      547,
      547,
      547,
      547,
      547,
      547,
      547,
      535,
      535,
      535,
      535,
      535,
      535,
      0,
      0,
      0,
      0,
      0,
      0,
      0,
      0,
      522,
      522,
      522,
      522,
      522,
      522,
      522,
      522,
      522,
      522,
      522,
      522,
      522,
      0,
      0,
      0,
      0,
      0,
      0,
      0,
      0,
      0,
      0,
      0,
      0,
      0,
      0,
      0,
      0,
      0,
      0,
      0,
      526,
      526,
      526,
      526,
      526,
      526,
      526,
      526,
      526,
      0,
      0,
      0,
      0,
      0,
      0,
      0,
      0,
      0,
      0,
      0,
      0,
      0,
      0,
      0,
      0,
      0,
      0,
      0,
      0,
      0,
      0,
      0,
      0,
      0,
      0,
      538,
      538,
      538,
      538,
      538,
      538,
      538,
      538,
      530,
      530,
      530,
      530,
      530,
      530,
      530,
      530,
      530,
      530,
      530,
      530,
      0,
      0,
      0,
      0,
      0,
      0,
      0,
      0,
      0,
      0,
      0,
      0,
      0,
      0,
      0,
      0,
      0,
      0,
      0,
      0,
      0,
      0,
      0,
      0,
      0,
      0,
      0,
      0,
      0,
      0,
      0,
      0,
      0,
      0,
      0,
      0,
      0,
      0,
      0,
      0,
      531,
      531,
      531,
      531,
      531,
      531,
      531,
      531,
      531,
      531,
      531,
      531,
      531,
      0,
      0,
      0,
      0,
      0,
      0,
      0,
      0,
      0,
      0,
      0,
      0,
      0,
      0,
      0,
      0,
      0,
      0,
      0,
      0,
      0,
      0,
      0,
      0,
      0,
      0,
      0,
      0,
      519,
      519,
      519,
      519,
      519,
      519,
      519,
      519,
      0,
      0,
      0,
      0,
      0,
      0,
      0,
      0,
      0,
      0,
      0,
      0,
      0,
      0,
      0,
      534,
      534,
      534,
      534,
      534,
      534,
      534,
      543,
      543,
      543,
      543,
      543,
      543,
      0,
      517,
      517,
      517,
      517,
      517,
      517,
      517,
      0,
      0,
      0,
      0,
      0,
      0,
      0,
      0,
      0,
      0,
      0,
      520,
      520,
      520,
      520,
      520,
      520,
      0,
      0,
      0,
      0,
      0,
      0,
      520,
      520,
      520,
      520,
      0,
      0,
      0,
      0,
      0,
      0,
      0,
      0,
      0,
      551,
      551,
      551,
      551,
      551,
      551,
      551,
      551,
      551,
      551,
      551,
      551,
      551,
      551,
      551,
      551,
      0,
      0,
      0,
      0,
      0,
      0,
      0,
      0,
      0,
      0,
      0,
      545,
      545,
      545,
      545,
      541,
      541,
      541,
      541,
      541,
      523,
      523,
      523,
      523,
      523,
      523,
      539,
      539,
      539,
      518,
      518,
      518,
      518,
      518,
      518,
      518,
      518,
      518,
      518,
      518,
      518,
      518,
      518,
      518,
      518,
      518,
      527,
      527,
      527,
      527,
      527,
      527,
      527,
      527,
      527,
      527,
      527,
      528,
      528,
      528,
      528,
      529,
      529,
      529,
      529,
      529,
      529,
      0,
      0,
      0,
      0,
      0,
      0,
      0,
      0,
      0,
      0,
      0,
      0,
      0,
      0,
      0,
      0,
      0,
      0,
      0,
      0,
      0,
      0,
      536,
      536,
      536,
      536,
      536,
      536,
      536,
      536,
      536,
      556,
      556,
      540,
      540,
      540,
      540,
      540,
      540,
      540,
      540,
      540,
      540
    ],
    [
      532,
      532,
      532,
      532,
      532,
      532,
      532,
      532,
      532,
      532,
      532,
      532,
      524,
      524,
      524,
      524,
      524,
      524,
      537,
      537,
      537,
      537,
      537,
      537,
      537,
      537,
      537,
      0,
      0,
      0,
      0,
      525,
      525,
      525,
      525,
      525,
      525,
      525,
      525,
      525,
      525,
      0,
      0,
      0,
      0,
      0,
      0,
      0,
      0,
      0,
      0,
      0,
      0,
      0,
      0,
      0,
      0,
      0,
      0,
      0,
      0,
      0,
      0,
      0,
      0,
      0,
      0,
      0,
      0,
      0,
      0,
      0,
      0,
      0,
      0,
      0,
      0,
      0,
      0,
      0,
      0,
      0,
      0,
      0,
      0,
      0,
      0,
      0,
      0,
      0,
      0,
      0,
      0,
      0,
      0,
      0,
      0,
      0,
      533,
      533,
      533,
      533,
      533,
      533,
      533,
      533,
      544,
      544,
      544,
      544,
      544,
      544,
      544,
      544,
      544,
      547,
      547,
      547,
      547,
      547,
      547,
      547,
      547,
      547,
      535,
      535,
      535,
      535,
      535,
      535,
      0,
      0,
      0,
      0,
      0,
      0,
      0,
      0,
      0,
      0,
      522,
      522,
      522,
      522,
      522,
      522,
      522,
      522,
      522,
      522,
      522,
      0,
      0,
      0,
      0,
      0,
      0,
      0,
      0,
      0,
      0,
      0,
      0,
      0,
      0,
      0,
      0,
      0,
      0,
      526,
      526,
      526,
      526,
      526,
      526,
      526,
      526,
      526,
      526,
      0,
      0,
      0,
      0,
      0,
      0,
      0,
      0,
      0,
      0,
      0,
      0,
      0,
      0,
      0,
      0,
      0,
      0,
      0,
      0,
      0,
      0,
      0,
      0,
      0,
      538,
      538,
      538,
      538,
      538,
      538,
      538,
      538,
      538,
      530,
      530,
      530,
      530,
      530,
      530,
      530,
      530,
      530,
      530,
      530,
      530,
      542,
      542,
      542,
      542,
      542,
      542,
      542,
      0,
      0,
      0,
      0,
      0,
      0,
      0,
      0,
      0,
      0,
      0,
      0,
      0,
      0,
      0,
      0,
      0,
      0,
      0,
      0,
      0,
      0,
      0,
      0,
      0,
      0,
      0,
      0,
      0,
      0,
      0,
      531,
      531,
      531,
      531,
      531,
      531,
      531,
      531,
      531,
      531,
      531,
      531,
      531,
      531,
      531,
      0,
      0,
      0,
      0,
      0,
      0,
      0,
      0,
      0,
      0,
      0,
      0,
      0,
      0,
      0,
      0,
      0,
      0,
      0,
      0,
      0,
      0,
      0,
      0,
      0,
      0,
      0,
      0,
      0,
      519,
      519,
      519,
      519,
      519,
      519,
      519,
      0,
      0,
      0,
      0,
      0,
      0,
      0,
      0,
      0,
      0,
      0,
      0,
      0,
      0,
      0,
      534,
      534,
      534,
      534,
      534,
      534,
      543,
      543,
      543,
      543,
      543,
      543,
      543,
      0,
      0,
      0,
      0,
      0,
      0,
      0,
      0,
      0,
      0,
      0,
      0,
      0,
      0,
      0,
      0,
      0,
      0,
      0,
      520,
      520,
      520,
      520,
      0,
      0,
      0,
      0,
      0,
      0,
      0,
      0,
      0,
      0,
      0,
      0,
      0,
      0,
      0,
      0,
      0,
      0,
      0,
      0,
      0,
      551,
      551,
      551,
      551,
      551,
      551,
      551,
      551,
      551,
      551,
      551,
      551,
      551,
      551,
      551,
      551,
      0,
      0,
      0,
      0,
      0,
      0,
      0,
      0,
      0,
      0,
      0,
      545,
      545,
      545,
      545,
      541,
      541,
      541,
      541,
      541,
      523,
      523,
      523,
      523,
      523,
      523,
      539,
      539,
      539,
      539,
      518,
      518,
      518,
      518,
      518,
      518,
      518,
      518,
      518,
      518,
      518,
      518,
      518,
      518,
      518,
      518,
      527,
      527,
      527,
      527,
      527,
      527,
      527,
      527,
      527,
      527,
      528,
      528,
      528,
      528,
      528,
      528,
      529,
      529,
      529,
      529,
      529,
      0,
      0,
      0,
      0,
      0,
      0,
      0,
      0,
      0,
      0,
      0,
      0,
      0,
      0,
      0,
      0,
      0,
      0,
      0,
      0,
      0,
      0,
      536,
      536,
      536,
      536,
      536,
      536,
      536,
      536,
      536,
      556,
      556,
      540,
      540,
      540,
      540,
      540,
      540,
      540,
      540,
      540,
      540
    ],
    [
      532,
      532,
      532,
      532,
      532,
      532,
      532,
      532,
      532,
      532,
      532,
      532,
      532,
      537,
      537,
      537,
      537,
      537,
      537,
      537,
      537,
      537,
      537,
      537,
      537,
      537,
      537,
      0,
      0,
      0,
      0,
      525,
      525,
      525,
      525,
      525,
      525,
      525,
      525,
      525,
      525,
      0,
      0,
      0,
      0,
      0,
      0,
      0,
      0,
      0,
      0,
      0,
      0,
      0,
      0,
      0,
      0,
      0,
      0,
      0,
      0,
      0,
      0,
      0,
      0,
      0,
      0,
      0,
      0,
      0,
      0,
      0,
      0,
      0,
      0,
      0,
      0,
      0,
      0,
      0,
      0,
      0,
      0,
      0,
      0,
      0,
      0,
      0,
      0,
      0,
      0,
      0,
      0,
      0,
      0,
      0,
      0,
      0,
      0,
      0,
      533,
      533,
      533,
      533,
      533,
      533,
      544,
      544,
      544,
      544,
      544,
      544,
      544,
      544,
      547,
      547,
      547,
      547,
      547,
      547,
      547,
      547,
      547,
      547,
      535,
      535,
      535,
      535,
      535,
      535,
      0,
      0,
      0,
      0,
      0,
      0,
      0,
      0,
      0,
      0,
      522,
      522,
      522,
      522,
      522,
      522,
      522,
      522,
      522,
      522,
      0,
      0,
      0,
      0,
      0,
      0,
      0,
      0,
      0,
      0,
      0,
      0,
      0,
      0,
      0,
      0,
      0,
      0,
      0,
      549,
      549,
      549,
      549,
      549,
      549,
      526,
      526,
      526,
      526,
      563,
      0,
      0,
      0,
      0,
      0,
      0,
      0,
      0,
      0,
      0,
      0,
      0,
      0,
      0,
      0,
      0,
      0,
      0,
      0,
      0,
      0,
      0,
      0,
      0,
      538,
      538,
      538,
      538,
      538,
      538,
      538,
      538,
      538,
      530,
      530,
      530,
      530,
      530,
      530,
      530,
      530,
      530,
      530,
      530,
      542,
      542,
      542,
      542,
      542,
      542,
      542,
      542,
      0,
      0,
      0,
      0,
      0,
      0,
      0,
      0,
      0,
      0,
      0,
      0,
      0,
      0,
      0,
      0,
      0,
      0,
      0,
      0,
      0,
      0,
      0,
      0,
      0,
      0,
      0,
      0,
      0,
      0,
      0,
      531,
      531,
      531,
      531,
      531,
      531,
      531,
      531,
      531,
      531,
      531,
      531,
      0,
      0,
      0,
      0,
      0,
      0,
      0,
      0,
      0,
      0,
      0,
      0,
      0,
      0,
      0,
      0,
      0,
      0,
      0,
      0,
      0,
      0,
      0,
      0,
      0,
      0,
      0,
      0,
      0,
      0,
      0,
      0,
      519,
      519,
      519,
      519,
      519,
      519,
      519,
      0,
      0,
      0,
      0,
      0,
      0,
      0,
      0,
      0,
      0,
      0,
      0,
      0,
      0,
      0,
      0,
      0,
      0,
      0,
      0,
      543,
      543,
      543,
      543,
      543,
      543,
      543,
      543,
      0,
      0,
      0,
      0,
      0,
      0,
      0,
      0,
      0,
      0,
      0,
      0,
      0,
      0,
      0,
      0,
      0,
      0,
      0,
      0,
      0,
      0,
      0,
      0,
      0,
      0,
      0,
      0,
      0,
      0,
      0,
      0,
      0,
      0,
      0,
      0,
      0,
      0,
      0,
      0,
      0,
      0,
      551,
      551,
      551,
      551,
      551,
      551,
      551,
      551,
      551,
      551,
      551,
      551,
      551,
      551,
      551,
      551,
      551,
      551,
      0,
      0,
      0,
      0,
      0,
      0,
      0,
      0,
      0,
      0,
      0,
      545,
      545,
      545,
      545,
      541,
      541,
      541,
      541,
      541,
      541,
      541,
      523,
      523,
      523,
      523,
      539,
      539,
      539,
      539,
      518,
      518,
      518,
      518,
      518,
      518,
      518,
      518,
      518,
      518,
      518,
      518,
      518,
      546,
      546,
      546,
      546,
      527,
      527,
      527,
      527,
      527,
      527,
      527,
      527,
      527,
      528,
      528,
      528,
      528,
      528,
      528,
      528,
      528,
      528,
      528,
      528,
      0,
      0,
      0,
      0,
      0,
      0,
      0,
      0,
      0,
      0,
      0,
      0,
      0,
      0,
      0,
      0,
      0,
      0,
      0,
      0,
      0,
      0,
      536,
      536,
      536,
      536,
      536,
      536,
      536,
      536,
      536,
      556,
      556,
      556,
      540,
      540,
      540,
      540,
      540,
      540,
      540,
      540,
      540
    ],
    [
      532,
      532,
      532,
      532,
      532,
      532,
      532,
      532,
      532,
      532,
      532,
      532,
      532,
      537,
      537,
      537,
      537,
      537,
      537,
      537,
      537,
      537,
      537,
      537,
      537,
      537,
      537,
      0,
      0,
      0,
      0,
      525,
      525,
      525,
      525,
      525,
      525,
      525,
      525,
      525,
      525,
      0,
      0,
      0,
      0,
      0,
      0,
      0,
      0,
      0,
      0,
      0,
      0,
      0,
      0,
      0,
      0,
      0,
      0,
      0,
      0,
      0,
      0,
      0,
      0,
      0,
      0,
      0,
      0,
      0,
      0,
      0,
      0,
      0,
      0,
      0,
      0,
      0,
      0,
      0,
      0,
      0,
      0,
      0,
      0,
      0,
      0,
      0,
      0,
      0,
      0,
      0,
      0,
      0,
      0,
      0,
      0,
      0,
      0,
      0,
      0,
      533,
      533,
      533,
      533,
      533,
      544,
      544,
      544,
      544,
      544,
      544,
      544,
      544,
      547,
      547,
      547,
      547,
      547,
      547,
      547,
      547,
      547,
      535,
      535,
      535,
      535,
      535,
      535,
      535,
      0,
      0,
      0,
      0,
      0,
      0,
      0,
      0,
      0,
      0,
      0,
      0,
      0,
      0,
      0,
      0,
      0,
      0,
      0,
      0,
      0,
      0,
      0,
      0,
      0,
      0,
      0,
      0,
      0,
      0,
      0,
      0,
      0,
      0,
      0,
      0,
      0,
      0,
      549,
      549,
      549,
      549,
      549,
      549,
      549,
      526,
      526,
      526,
      526,
      563,
      0,
      0,
      0,
      0,
      0,
      0,
      0,
      0,
      0,
      0,
      0,
      0,
      0,
      0,
      0,
      0,
      0,
      0,
      0,
      0,
      0,
      0,
      0,
      0,
      538,
      538,
      538,
      538,
      538,
      538,
      538,
      538,
      538,
      530,
      530,
      530,
      530,
      530,
      530,
      530,
      530,
      530,
      530,
      530,
      542,
      542,
      542,
      542,
      542,
      542,
      542,
      542,
      0,
      0,
      0,
      0,
      0,
      0,
      0,
      0,
      0,
      0,
      0,
      0,
      0,
      0,
      0,
      0,
      0,
      0,
      0,
      0,
      0,
      0,
      0,
      0,
      0,
      0,
      0,
      0,
      0,
      0,
      531,
      531,
      531,
      531,
      531,
      531,
      531,
      531,
      531,
      531,
      531,
      0,
      0,
      0,
      0,
      0,
      0,
      0,
      0,
      0,
      0,
      0,
      0,
      0,
      0,
      0,
      0,
      0,
      0,
      0,
      0,
      0,
      0,
      0,
      0,
      0,
      0,
      0,
      0,
      0,
      0,
      0,
      0,
      0,
      0,
      519,
      519,
      519,
      519,
      519,
      519,
      519,
      0,
      0,
      0,
      0,
      0,
      0,
      0,
      0,
      0,
      0,
      0,
      0,
      0,
      0,
      0,
      0,
      0,
      0,
      543,
      543,
      543,
      543,
      543,
      543,
      543,
      543,
      543,
      543,
      0,
      0,
      0,
      0,
      0,
      0,
      0,
      0,
      0,
      0,
      0,
      0,
      0,
      0,
      0,
      0,
      0,
      0,
      0,
      0,
      0,
      0,
      0,
      0,
      0,
      0,
      0,
      0,
      0,
      0,
      0,
      0,
      0,
      0,
      0,
      0,
      0,
      0,
      0,
      0,
      0,
      0,
      551,
      551,
      551,
      551,
      551,
      551,
      551,
      551,
      551,
      551,
      551,
      551,
      551,
      551,
      551,
      551,
      551,
      545,
      545,
      545,
      545,
      545,
      545,
      545,
      545,
      545,
      545,
      545,
      545,
      545,
      545,
      545,
      545,
      541,
      541,
      541,
      541,
      541,
      541,
      541,
      541,
      523,
      523,
      523,
      539,
      539,
      539,
      539,
      518,
      518,
      518,
      518,
      518,
      518,
      518,
      518,
      518,
      518,
      518,
      518,
      546,
      546,
      546,
      546,
      546,
      546,
      546,
      527,
      527,
      527,
      527,
      527,
      527,
      527,
      0,
      0,
      0,
      0,
      0,
      0,
      0,
      0,
      0,
      0,
      0,
      0,
      0,
      0,
      0,
      0,
      0,
      0,
      0,
      0,
      0,
      0,
      0,
      0,
      0,
      0,
      0,
      0,
      0,
      0,
      0,
      0,
      0,
      536,
      536,
      536,
      536,
      536,
      536,
      536,
      536,
      536,
      556,
      556,
      556,
      540,
      540,
      540,
      540,
      540,
      540,
      540,
      540,
      540
    ],
    [
      532,
      532,
      532,
      532,
      532,
      532,
      532,
      532,
      532,
      532,
      532,
      532,
      532,
      532,
      537,
      537,
      537,
      537,
      537,
      537,
      537,
      537,
      537,
      537,
      537,
      537,
      537,
      0,
      0,
      0,
      0,
      525,
      525,
      525,
      525,
      525,
      525,
      525,
      525,
      525,
      525,
      0,
      0,
      0,
      0,
      0,
      0,
      0,
      0,
      0,
      0,
      0,
      0,
      0,
      0,
      0,
      0,
      0,
      0,
      0,
      0,
      0,
      0,
      0,
      0,
      0,
      0,
      0,
      0,
      0,
      0,
      0,
      0,
      0,
      0,
      0,
      0,
      0,
      0,
      0,
      0,
      0,
      0,
      0,
      0,
      0,
      0,
      0,
      0,
      0,
      0,
      0,
      0,
      0,
      0,
      0,
      0,
      0,
      0,
      0,
      0,
      0,
      0,
      533,
      533,
      533,
      544,
      544,
      544,
      544,
      544,
      544,
      544,
      547,
      547,
      547,
      547,
      547,
      547,
      547,
      547,
      547,
      547,
      548,
      548,
      548,
      548,
      548,
      548,
      535,
      0,
      0,
      0,
      0,
      0,
      0,
      0,
      0,
      0,
      0,
      0,
      0,
      0,
      0,
      0,
      0,
      0,
      0,
      0,
      0,
      0,
      0,
      0,
      0,
      0,
      0,
      0,
      0,
      0,
      0,
      0,
      0,
      0,
      0,
      0,
      0,
      0,
      549,
      549,
      549,
      549,
      549,
      549,
      549,
      549,
      526,
      526,
      526,
      563,
      563,
      563,
      0,
      0,
      0,
      0,
      552,
      552,
      552,
      552,
      552,
      552,
      552,
      0,
      0,
      0,
      0,
      0,
      0,
      0,
      0,
      0,
      0,
      0,
      0,
      538,
      538,
      538,
      538,
      538,
      538,
      538,
      538,
      538,
      530,
      530,
      530,
      530,
      530,
      530,
      530,
      530,
      530,
      530,
      530,
      542,
      542,
      542,
      542,
      542,
      542,
      542,
      542,
      0,
      0,
      0,
      0,
      550,
      550,
      550,
      550,
      550,
      550,
      550,
      0,
      0,
      0,
      0,
      0,
      0,
      0,
      0,
      0,
      0,
      0,
      0,
      0,
      0,
      0,
      0,
      0,
      0,
      554,
      554,
      554,
      554,
      554,
      554,
      554,
      554,
      554,
      531,
      531,
      531,
      0,
      0,
      0,
      0,
      0,
      0,
      0,
      0,
      0,
      0,
      0,
      0,
      0,
      0,
      0,
      0,
      0,
      0,
      0,
      0,
      0,
      0,
      0,
      0,
      0,
      0,
      0,
      0,
      0,
      0,
      0,
      0,
      0,
      0,
      519,
      519,
      519,
      519,
      519,
      0,
      0,
      0,
      0,
      0,
      0,
      0,
      0,
      0,
      0,
      0,
      0,
      0,
      0,
      0,
      0,
      0,
      0,
      0,
      0,
      543,
      543,
      543,
      543,
      543,
      543,
      543,
      543,
      543,
      543,
      0,
      0,
      0,
      0,
      0,
      0,
      0,
      0,
      0,
      0,
      0,
      0,
      0,
      0,
      0,
      0,
      0,
      0,
      0,
      0,
      0,
      0,
      0,
      0,
      0,
      0,
      0,
      0,
      0,
      0,
      0,
      0,
      0,
      0,
      0,
      0,
      0,
      0,
      0,
      0,
      0,
      0,
      551,
      551,
      551,
      551,
      551,
      551,
      551,
      551,
      551,
      551,
      551,
      551,
      551,
      551,
      551,
      578,
      564,
      564,
      564,
      564,
      564,
      545,
      545,
      545,
      545,
      545,
      545,
      545,
      545,
      545,
      545,
      545,
      545,
      541,
      541,
      541,
      541,
      541,
      541,
      541,
      553,
      523,
      523,
      523,
      539,
      539,
      539,
      539,
      539,
      539,
      539,
      539,
      518,
      518,
      518,
      518,
      518,
      518,
      546,
      546,
      546,
      546,
      546,
      546,
      546,
      546,
      546,
      527,
      527,
      527,
      527,
      0,
      0,
      0,
      0,
      0,
      0,
      0,
      0,
      0,
      0,
      0,
      0,
      0,
      0,
      0,
      0,
      0,
      0,
      0,
      0,
      0,
      0,
      0,
      0,
      0,
      0,
      0,
      0,
      0,
      0,
      0,
      0,
      0,
      0,
      0,
      0,
      0,
      536,
      536,
      536,
      536,
      536,
      536,
      536,
      556,
      556,
      556,
      556,
      540,
      540,
      540,
      540,
      540,
      540,
      540,
      540,
      540
    ],
    [
      532,
      532,
      532,
      532,
      532,
      532,
      532,
      532,
      532,
      532,
      532,
      532,
      532,
      532,
      537,
      537,
      537,
      537,
      537,
      537,
      537,
      537,
      537,
      537,
      537,
      537,
      537,
      0,
      0,
      0,
      0,
      525,
      525,
      525,
      525,
      525,
      525,
      525,
      525,
      525,
      525,
      0,
      0,
      0,
      0,
      0,
      0,
      0,
      0,
      0,
      0,
      0,
      0,
      0,
      0,
      0,
      0,
      0,
      0,
      0,
      0,
      0,
      0,
      0,
      0,
      0,
      0,
      0,
      0,
      0,
      0,
      0,
      0,
      0,
      0,
      0,
      0,
      0,
      0,
      0,
      0,
      0,
      0,
      0,
      0,
      0,
      0,
      0,
      0,
      0,
      0,
      0,
      0,
      0,
      0,
      0,
      0,
      0,
      0,
      0,
      0,
      0,
      0,
      0,
      533,
      533,
      544,
      544,
      544,
      544,
      544,
      544,
      544,
      547,
      547,
      547,
      547,
      547,
      547,
      547,
      547,
      547,
      547,
      548,
      548,
      548,
      548,
      548,
      548,
      568,
      0,
      0,
      0,
      0,
      0,
      0,
      0,
      0,
      0,
      0,
      0,
      0,
      0,
      0,
      0,
      0,
      0,
      0,
      0,
      0,
      0,
      0,
      0,
      0,
      0,
      0,
      0,
      0,
      0,
      0,
      0,
      0,
      0,
      0,
      0,
      0,
      0,
      549,
      549,
      549,
      549,
      549,
      549,
      549,
      549,
      526,
      526,
      563,
      563,
      563,
      563,
      0,
      0,
      0,
      0,
      552,
      552,
      552,
      552,
      552,
      552,
      552,
      572,
      0,
      0,
      0,
      0,
      0,
      0,
      0,
      0,
      0,
      0,
      0,
      538,
      538,
      538,
      538,
      538,
      538,
      538,
      538,
      538,
      530,
      530,
      530,
      530,
      530,
      530,
      530,
      530,
      530,
      530,
      530,
      542,
      542,
      542,
      542,
      542,
      542,
      542,
      542,
      0,
      0,
      0,
      0,
      550,
      550,
      550,
      550,
      550,
      550,
      550,
      0,
      0,
      0,
      0,
      0,
      0,
      0,
      0,
      0,
      0,
      0,
      0,
      0,
      0,
      0,
      0,
      0,
      0,
      554,
      554,
      554,
      554,
      554,
      554,
      554,
      554,
      554,
      531,
      531,
      531,
      0,
      0,
      0,
      0,
      0,
      0,
      0,
      0,
      0,
      0,
      0,
      0,
      0,
      0,
      0,
      0,
      0,
      0,
      0,
      0,
      0,
      0,
      0,
      0,
      0,
      0,
      0,
      0,
      0,
      0,
      0,
      0,
      0,
      0,
      519,
      519,
      519,
      519,
      555,
      555,
      555,
      555,
      555,
      555,
      555,
      0,
      0,
      0,
      0,
      0,
      0,
      0,
      0,
      0,
      0,
      0,
      0,
      0,
      0,
      543,
      543,
      543,
      543,
      543,
      543,
      543,
      543,
      543,
      543,
      0,
      0,
      0,
      0,
      0,
      0,
      0,
      0,
      0,
      0,
      0,
      0,
      0,
      0,
      0,
      0,
      0,
      0,
      0,
      0,
      0,
      0,
      0,
      0,
      0,
      0,
      0,
      0,
      0,
      0,
      0,
      0,
      0,
      0,
      0,
      0,
      0,
      0,
      0,
      0,
      0,
      0,
      551,
      551,
      551,
      551,
      551,
      551,
      551,
      551,
      551,
      551,
      551,
      551,
      551,
      551,
      578,
      578,
      564,
      564,
      564,
      564,
      564,
      564,
      564,
      564,
      545,
      545,
      545,
      545,
      545,
      545,
      545,
      545,
      545,
      541,
      541,
      553,
      553,
      553,
      553,
      553,
      553,
      523,
      523,
      523,
      539,
      539,
      539,
      539,
      539,
      539,
      539,
      539,
      518,
      518,
      518,
      518,
      518,
      546,
      546,
      546,
      546,
      546,
      546,
      546,
      546,
      546,
      546,
      527,
      527,
      527,
      527,
      0,
      0,
      0,
      0,
      0,
      0,
      0,
      0,
      0,
      0,
      0,
      0,
      0,
      0,
      0,
      0,
      0,
      0,
      0,
      0,
      0,
      0,
      0,
      0,
      0,
      0,
      0,
      0,
      0,
      0,
      0,
      0,
      0,
      0,
      0,
      0,
      0,
      0,
      556,
      556,
      556,
      556,
      556,
      556,
      556,
      556,
      556,
      556,
      540,
      540,
      540,
      540,
      540,
      540,
      540,
      540,
      540
    ],
    [
      532,
      532,
      532,
      532,
      532,
      532,
      532,
      532,
      532,
      532,
      532,
      532,
      532,
      532,
      532,
      537,
      537,
      537,
      537,
      537,
      537,
      537,
      537,
      537,
      537,
      537,
      537,
      575,
      575,
      0,
      0,
      525,
      525,
      525,
      525,
      525,
      525,
      525,
      525,
      525,
      0,
      0,
      0,
      0,
      0,
      0,
      0,
      0,
      0,
      0,
      0,
      0,
      0,
      0,
      0,
      0,
      0,
      557,
      557,
      557,
      557,
      557,
      557,
      557,
      557,
      557,
      0,
      0,
      0,
      0,
      0,
      0,
      0,
      0,
      0,
      0,
      0,
      0,
      0,
      0,
      0,
      0,
      0,
      0,
      0,
      0,
      0,
      0,
      0,
      0,
      0,
      0,
      0,
      0,
      0,
      0,
      0,
      0,
      0,
      0,
      0,
      0,
      0,
      0,
      0,
      533,
      544,
      544,
      544,
      544,
      544,
      544,
      544,
      547,
      547,
      547,
      547,
      547,
      547,
      586,
      547,
      547,
      547,
      548,
      548,
      548,
      548,
      548,
      548,
      568,
      568,
      0,
      0,
      0,
      0,
      0,
      0,
      0,
      0,
      0,
      0,
      0,
      0,
      0,
      0,
      0,
      0,
      0,
      0,
      0,
      0,
      0,
      0,
      0,
      0,
      0,
      0,
      0,
      0,
      0,
      0,
      0,
      0,
      0,
      0,
      0,
      0,
      549,
      549,
      549,
      549,
      549,
      549,
      549,
      549,
      526,
      526,
      563,
      563,
      563,
      563,
      0,
      0,
      0,
      563,
      552,
      552,
      552,
      552,
      552,
      552,
      552,
      572,
      0,
      0,
      0,
      0,
      0,
      0,
      0,
      0,
      0,
      0,
      0,
      0,
      538,
      538,
      538,
      538,
      538,
      538,
      538,
      538,
      530,
      530,
      530,
      530,
      530,
      530,
      530,
      530,
      530,
      569,
      569,
      542,
      542,
      542,
      542,
      542,
      542,
      542,
      542,
      0,
      0,
      582,
      582,
      550,
      550,
      550,
      550,
      550,
      550,
      550,
      0,
      0,
      558,
      558,
      558,
      558,
      558,
      558,
      558,
      558,
      558,
      558,
      558,
      558,
      558,
      558,
      554,
      554,
      554,
      554,
      554,
      554,
      554,
      554,
      554,
      554,
      554,
      531,
      531,
      531,
      565,
      0,
      0,
      0,
      0,
      0,
      0,
      0,
      0,
      0,
      0,
      0,
      0,
      0,
      0,
      0,
      0,
      0,
      0,
      0,
      0,
      0,
      0,
      0,
      0,
      0,
      0,
      0,
      0,
      0,
      0,
      0,
      0,
      0,
      519,
      519,
      519,
      583,
      555,
      555,
      555,
      555,
      555,
      555,
      555,
      0,
      0,
      0,
      0,
      0,
      0,
      0,
      0,
      0,
      0,
      0,
      0,
      0,
      543,
      543,
      543,
      543,
      543,
      543,
      543,
      543,
      543,
      543,
      543,
      0,
      0,
      0,
      0,
      0,
      0,
      0,
      0,
      0,
      0,
      0,
      0,
      0,
      0,
      0,
      0,
      0,
      0,
      0,
      0,
      0,
      0,
      0,
      0,
      0,
      0,
      0,
      0,
      0,
      0,
      0,
      0,
      0,
      0,
      0,
      0,
      0,
      0,
      0,
      0,
      0,
      0,
      551,
      551,
      551,
      551,
      551,
      551,
      551,
      551,
      551,
      551,
      551,
      551,
      551,
      578,
      578,
      578,
      564,
      564,
      564,
      564,
      564,
      564,
      564,
      564,
      545,
      545,
      545,
      545,
      545,
      545,
      545,
      545,
      545,
      541,
      541,
      553,
      553,
      553,
      553,
      553,
      553,
      0,
      523,
      523,
      539,
      539,
      539,
      539,
      539,
      539,
      539,
      539,
      546,
      546,
      546,
      546,
      546,
      546,
      546,
      546,
      546,
      546,
      546,
      546,
      546,
      546,
      546,
      527,
      527,
      527,
      527,
      0,
      0,
      0,
      0,
      0,
      0,
      0,
      0,
      0,
      0,
      0,
      0,
      0,
      0,
      0,
      0,
      0,
      0,
      0,
      0,
      0,
      0,
      0,
      0,
      0,
      0,
      0,
      0,
      0,
      0,
      0,
      0,
      0,
      0,
      0,
      0,
      0,
      0,
      0,
      0,
      0,
      556,
      556,
      556,
      556,
      556,
      556,
      556,
      556,
      556,
      540,
      540,
      540,
      540,
      540,
      540,
      540
    ],
    [
      532,
      532,
      532,
      532,
      532,
      532,
      532,
      532,
      532,
      532,
      532,
      0,
      0,
      0,
      0,
      575,
      575,
      575,
      575,
      575,
      575,
      575,
      575,
      575,
      575,
      575,
      575,
      575,
      575,
      575,
      0,
      525,
      525,
      525,
      525,
      525,
      525,
      525,
      525,
      0,
      0,
      0,
      0,
      0,
      0,
      0,
      0,
      0,
      0,
      0,
      0,
      0,
      0,
      0,
      0,
      0,
      0,
      557,
      557,
      557,
      557,
      557,
      557,
      557,
      557,
      557,
      557,
      0,
      0,
      0,
      0,
      0,
      0,
      0,
      0,
      0,
      0,
      0,
      0,
      0,
      0,
      0,
      0,
      0,
      0,
      0,
      0,
      0,
      0,
      0,
      0,
      0,
      0,
      0,
      0,
      0,
      0,
      0,
      0,
      0,
      0,
      0,
      0,
      0,
      0,
      590,
      544,
      544,
      544,
      544,
      544,
      544,
      544,
      544,
      544,
      547,
      547,
      547,
      547,
      586,
      547,
      547,
      547,
      548,
      548,
      548,
      548,
      548,
      548,
      568,
      568,
      568,
      0,
      0,
      0,
      0,
      0,
      0,
      0,
      0,
      0,
      0,
      0,
      0,
      0,
      0,
      0,
      0,
      0,
      0,
      0,
      0,
      0,
      0,
      0,
      0,
      0,
      0,
      0,
      0,
      0,
      0,
      0,
      0,
      0,
      0,
      0,
      549,
      549,
      549,
      549,
      549,
      549,
      549,
      549,
      526,
      563,
      563,
      563,
      563,
      563,
      563,
      563,
      563,
      563,
      552,
      552,
      552,
      552,
      552,
      552,
      552,
      572,
      572,
      572,
      572,
      0,
      0,
      0,
      0,
      0,
      0,
      0,
      0,
      0,
      0,
      530,
      530,
      530,
      530,
      530,
      530,
      530,
      530,
      530,
      530,
      530,
      530,
      530,
      530,
      530,
      530,
      569,
      569,
      569,
      542,
      542,
      542,
      542,
      542,
      542,
      542,
      0,
      0,
      582,
      582,
      550,
      550,
      550,
      550,
      550,
      550,
      550,
      0,
      0,
      558,
      558,
      558,
      558,
      558,
      558,
      558,
      558,
      558,
      558,
      558,
      558,
      558,
      554,
      554,
      554,
      554,
      554,
      554,
      554,
      554,
      554,
      554,
      554,
      554,
      531,
      531,
      531,
      565,
      0,
      0,
      0,
      0,
      0,
      0,
      0,
      0,
      0,
      0,
      0,
      0,
      0,
      0,
      0,
      0,
      0,
      0,
      0,
      0,
      0,
      0,
      0,
      0,
      0,
      0,
      0,
      0,
      0,
      0,
      0,
      0,
      0,
      583,
      583,
      583,
      583,
      555,
      555,
      555,
      555,
      555,
      555,
      555,
      0,
      0,
      0,
      0,
      0,
      0,
      0,
      0,
      0,
      0,
      0,
      0,
      0,
      0,
      0,
      0,
      0,
      0,
      0,
      0,
      0,
      0,
      0,
      0,
      0,
      0,
      0,
      0,
      0,
      0,
      0,
      0,
      0,
      0,
      0,
      0,
      0,
      0,
      0,
      0,
      0,
      0,
      0,
      0,
      0,
      0,
      0,
      0,
      0,
      0,
      0,
      0,
      0,
      0,
      0,
      0,
      0,
      0,
      0,
      0,
      0,
      0,
      0,
      0,
      0,
      0,
      551,
      551,
      551,
      551,
      551,
      551,
      551,
      551,
      551,
      551,
      551,
      578,
      578,
      578,
      578,
      578,
      564,
      564,
      564,
      564,
      564,
      564,
      564,
      564,
      564,
      545,
      545,
      545,
      545,
      545,
      545,
      545,
      545,
      541,
      541,
      553,
      553,
      553,
      553,
      553,
      553,
      0,
      0,
      0,
      0,
      539,
      539,
      539,
      539,
      539,
      539,
      546,
      546,
      546,
      546,
      546,
      546,
      546,
      546,
      546,
      546,
      546,
      546,
      546,
      546,
      546,
      546,
      527,
      527,
      527,
      0,
      0,
      0,
      0,
      0,
      0,
      0,
      0,
      0,
      0,
      0,
      0,
      0,
      0,
      0,
      0,
      0,
      0,
      0,
      0,
      0,
      0,
      0,
      0,
      0,
      0,
      0,
      0,
      0,
      0,
      0,
      0,
      0,
      0,
      0,
      0,
      0,
      0,
      0,
      0,
      0,
      0,
      556,
      556,
      556,
      556,
      556,
      556,
      556,
      556,
      556,
      540,
      540,
      540,
      540,
      540,
      540,
      540
    ],
    [
      560,
      560,
      560,
      560,
      560,
      560,
      560,
      532,
      532,
      532,
      532,
      0,
      0,
      0,
      0,
      575,
      575,
      575,
      575,
      575,
      575,
      575,
      575,
      575,
      575,
      575,
      575,
      575,
      575,
      575,
      575,
      575,
      525,
      525,
      525,
      525,
      525,
      525,
      0,
      0,
      0,
      0,
      0,
      0,
      0,
      0,
      0,
      0,
      0,
      0,
      0,
      0,
      0,
      0,
      0,
      0,
      0,
      557,
      557,
      557,
      557,
      557,
      557,
      557,
      557,
      557,
      557,
      580,
      580,
      580,
      580,
      0,
      0,
      0,
      0,
      0,
      0,
      0,
      0,
      0,
      0,
      0,
      0,
      0,
      0,
      0,
      0,
      0,
      0,
      0,
      0,
      0,
      0,
      0,
      0,
      0,
      0,
      0,
      0,
      0,
      0,
      0,
      0,
      0,
      0,
      590,
      590,
      544,
      544,
      544,
      544,
      544,
      544,
      544,
      544,
      547,
      547,
      547,
      547,
      586,
      586,
      586,
      547,
      548,
      548,
      548,
      548,
      548,
      548,
      568,
      568,
      568,
      568,
      568,
      0,
      0,
      0,
      0,
      0,
      0,
      0,
      0,
      0,
      0,
      0,
      0,
      0,
      0,
      0,
      0,
      0,
      0,
      0,
      0,
      0,
      0,
      0,
      0,
      0,
      0,
      0,
      0,
      0,
      0,
      0,
      0,
      0,
      549,
      549,
      549,
      549,
      549,
      549,
      549,
      549,
      563,
      563,
      563,
      563,
      563,
      563,
      563,
      563,
      563,
      563,
      552,
      552,
      552,
      552,
      552,
      552,
      552,
      572,
      572,
      572,
      572,
      0,
      0,
      0,
      0,
      0,
      0,
      0,
      0,
      0,
      0,
      0,
      530,
      530,
      530,
      530,
      530,
      530,
      530,
      530,
      530,
      530,
      530,
      530,
      530,
      530,
      530,
      569,
      569,
      569,
      569,
      542,
      542,
      542,
      542,
      542,
      542,
      542,
      582,
      582,
      582,
      550,
      550,
      550,
      550,
      550,
      550,
      550,
      0,
      558,
      558,
      558,
      558,
      558,
      558,
      558,
      558,
      558,
      558,
      558,
      558,
      558,
      558,
      554,
      554,
      554,
      554,
      554,
      554,
      554,
      554,
      554,
      554,
      554,
      554,
      531,
      577,
      565,
      565,
      0,
      0,
      0,
      0,
      0,
      0,
      0,
      0,
      0,
      0,
      0,
      0,
      0,
      0,
      0,
      0,
      0,
      0,
      0,
      0,
      0,
      0,
      0,
      0,
      0,
      0,
      0,
      0,
      0,
      0,
      0,
      0,
      583,
      583,
      583,
      583,
      583,
      555,
      555,
      555,
      555,
      555,
      555,
      555,
      0,
      0,
      0,
      0,
      587,
      0,
      0,
      0,
      0,
      0,
      0,
      0,
      0,
      0,
      0,
      0,
      0,
      0,
      0,
      0,
      0,
      0,
      0,
      0,
      0,
      0,
      0,
      0,
      0,
      0,
      0,
      0,
      0,
      0,
      0,
      0,
      0,
      0,
      0,
      0,
      0,
      0,
      0,
      0,
      0,
      0,
      0,
      0,
      0,
      0,
      0,
      0,
      0,
      0,
      0,
      0,
      0,
      0,
      0,
      0,
      0,
      0,
      0,
      0,
      0,
      0,
      0,
      551,
      551,
      551,
      551,
      551,
      551,
      551,
      551,
      597,
      578,
      578,
      578,
      578,
      578,
      578,
      564,
      564,
      564,
      564,
      564,
      564,
      564,
      564,
      564,
      545,
      545,
      545,
      545,
      545,
      545,
      545,
      545,
      541,
      541,
      553,
      553,
      553,
      553,
      553,
      553,
      0,
      0,
      0,
      0,
      539,
      539,
      539,
      539,
      539,
      559,
      559,
      559,
      559,
      559,
      567,
      546,
      546,
      546,
      546,
      546,
      546,
      546,
      546,
      546,
      546,
      546,
      527,
      0,
      0,
      0,
      0,
      0,
      0,
      0,
      0,
      0,
      0,
      0,
      0,
      0,
      0,
      0,
      0,
      0,
      0,
      0,
      0,
      0,
      0,
      0,
      0,
      0,
      0,
      0,
      0,
      0,
      0,
      0,
      0,
      0,
      0,
      0,
      0,
      0,
      0,
      0,
      0,
      0,
      0,
      556,
      556,
      556,
      556,
      556,
      556,
      556,
      556,
      556,
      556,
      556,
      540,
      540,
      540,
      540,
      540,
      540,
      540
    ],
    [
      560,
      560,
      560,
      560,
      560,
      560,
      560,
      560,
      532,
      532,
      532,
      0,
      0,
      0,
      0,
      575,
      575,
      575,
      575,
      575,
      575,
      575,
      575,
      575,
      575,
      575,
      575,
      575,
      575,
      575,
      575,
      575,
      575,
      575,
      575,
      575,
      575,
      0,
      0,
      0,
      0,
      0,
      0,
      0,
      0,
      0,
      0,
      0,
      0,
      0,
      0,
      0,
      0,
      0,
      0,
      0,
      0,
      557,
      557,
      557,
      557,
      557,
      557,
      557,
      557,
      557,
      557,
      580,
      580,
      580,
      580,
      580,
      580,
      580,
      0,
      0,
      0,
      0,
      0,
      0,
      0,
      0,
      0,
      0,
      0,
      0,
      0,
      0,
      0,
      0,
      0,
      0,
      0,
      0,
      0,
      0,
      0,
      0,
      0,
      0,
      0,
      0,
      0,
      0,
      0,
      590,
      590,
      590,
      544,
      544,
      544,
      544,
      544,
      544,
      544,
      544,
      547,
      547,
      586,
      586,
      586,
      586,
      586,
      548,
      548,
      548,
      548,
      548,
      548,
      568,
      568,
      568,
      568,
      568,
      568,
      0,
      0,
      0,
      0,
      0,
      0,
      0,
      0,
      0,
      0,
      0,
      0,
      0,
      562,
      562,
      562,
      562,
      562,
      0,
      0,
      0,
      0,
      0,
      0,
      0,
      0,
      0,
      0,
      0,
      0,
      0,
      0,
      549,
      549,
      549,
      549,
      549,
      549,
      549,
      549,
      563,
      563,
      563,
      563,
      563,
      563,
      563,
      563,
      563,
      563,
      552,
      552,
      552,
      552,
      552,
      552,
      552,
      572,
      572,
      572,
      572,
      0,
      0,
      0,
      0,
      0,
      0,
      0,
      0,
      0,
      0,
      0,
      0,
      530,
      530,
      530,
      530,
      530,
      530,
      530,
      530,
      530,
      530,
      530,
      530,
      530,
      530,
      569,
      569,
      569,
      569,
      569,
      569,
      569,
      569,
      569,
      582,
      582,
      582,
      582,
      582,
      550,
      550,
      550,
      550,
      550,
      550,
      550,
      0,
      558,
      558,
      558,
      558,
      558,
      558,
      558,
      558,
      558,
      558,
      558,
      558,
      558,
      558,
      554,
      554,
      554,
      554,
      554,
      554,
      554,
      554,
      554,
      554,
      554,
      554,
      531,
      577,
      565,
      565,
      0,
      0,
      0,
      0,
      565,
      565,
      0,
      0,
      0,
      0,
      0,
      0,
      0,
      0,
      0,
      0,
      0,
      0,
      0,
      0,
      0,
      0,
      0,
      0,
      0,
      0,
      0,
      0,
      0,
      0,
      0,
      583,
      583,
      583,
      583,
      583,
      583,
      555,
      555,
      555,
      555,
      555,
      555,
      555,
      0,
      0,
      587,
      587,
      587,
      0,
      0,
      0,
      0,
      0,
      0,
      0,
      0,
      0,
      0,
      0,
      0,
      0,
      0,
      0,
      0,
      0,
      0,
      0,
      0,
      0,
      0,
      0,
      0,
      0,
      0,
      0,
      0,
      0,
      0,
      0,
      0,
      0,
      0,
      0,
      0,
      0,
      0,
      0,
      0,
      0,
      0,
      0,
      0,
      0,
      0,
      0,
      0,
      0,
      0,
      0,
      0,
      0,
      0,
      0,
      0,
      0,
      0,
      0,
      0,
      0,
      0,
      551,
      551,
      551,
      551,
      551,
      551,
      551,
      551,
      597,
      578,
      578,
      578,
      578,
      578,
      578,
      564,
      564,
      564,
      564,
      564,
      564,
      564,
      564,
      564,
      545,
      545,
      545,
      545,
      545,
      545,
      545,
      545,
      541,
      541,
      553,
      553,
      553,
      553,
      553,
      553,
      0,
      0,
      0,
      0,
      539,
      539,
      539,
      539,
      579,
      559,
      559,
      559,
      559,
      559,
      567,
      567,
      546,
      546,
      546,
      546,
      546,
      546,
      546,
      546,
      546,
      546,
      0,
      0,
      0,
      0,
      0,
      0,
      0,
      0,
      0,
      0,
      0,
      0,
      0,
      0,
      0,
      0,
      0,
      0,
      0,
      0,
      0,
      0,
      0,
      0,
      0,
      0,
      0,
      0,
      0,
      0,
      0,
      0,
      0,
      0,
      0,
      0,
      0,
      0,
      0,
      556,
      556,
      556,
      556,
      556,
      556,
      556,
      556,
      556,
      556,
      556,
      556,
      556,
      556,
      556,
      540,
      540,
      540,
      540,
      540,
      540,
      540
    ],
    [
      560,
      560,
      560,
      560,
      560,
      560,
      560,
      560,
      532,
      532,
      532,
      0,
      0,
      0,
      0,
      0,
      575,
      575,
      575,
      575,
      575,
      575,
      575,
      575,
      575,
      575,
      575,
      575,
      575,
      575,
      575,
      575,
      575,
      575,
      575,
      575,
      0,
      0,
      0,
      0,
      0,
      0,
      0,
      0,
      0,
      0,
      0,
      0,
      0,
      0,
      0,
      0,
      0,
      0,
      0,
      0,
      0,
      557,
      557,
      557,
      557,
      557,
      557,
      557,
      557,
      557,
      557,
      580,
      580,
      580,
      580,
      580,
      580,
      580,
      580,
      0,
      0,
      0,
      0,
      0,
      0,
      0,
      0,
      0,
      0,
      0,
      0,
      0,
      0,
      0,
      0,
      0,
      0,
      0,
      0,
      0,
      0,
      0,
      0,
      0,
      0,
      0,
      0,
      0,
      0,
      590,
      590,
      590,
      544,
      544,
      544,
      544,
      544,
      544,
      544,
      544,
      561,
      561,
      586,
      586,
      586,
      586,
      586,
      586,
      568,
      568,
      568,
      568,
      568,
      568,
      568,
      568,
      568,
      568,
      568,
      0,
      0,
      0,
      0,
      0,
      0,
      0,
      0,
      0,
      562,
      562,
      562,
      562,
      562,
      562,
      562,
      562,
      562,
      596,
      0,
      0,
      0,
      0,
      0,
      0,
      0,
      0,
      0,
      0,
      0,
      0,
      0,
      0,
      549,
      549,
      549,
      549,
      549,
      549,
      563,
      563,
      563,
      563,
      563,
      563,
      563,
      563,
      563,
      563,
      563,
      552,
      552,
      552,
      552,
      552,
      552,
      552,
      572,
      572,
      572,
      572,
      0,
      0,
      0,
      0,
      0,
      0,
      0,
      0,
      0,
      0,
      0,
      0,
      530,
      530,
      530,
      530,
      530,
      530,
      530,
      530,
      530,
      530,
      530,
      569,
      569,
      569,
      569,
      569,
      569,
      569,
      569,
      569,
      569,
      569,
      582,
      582,
      582,
      582,
      582,
      582,
      582,
      550,
      550,
      550,
      550,
      550,
      550,
      591,
      576,
      576,
      576,
      576,
      576,
      576,
      576,
      558,
      558,
      558,
      558,
      558,
      558,
      558,
      554,
      554,
      554,
      554,
      554,
      554,
      554,
      554,
      554,
      554,
      554,
      554,
      577,
      577,
      565,
      565,
      0,
      0,
      0,
      565,
      565,
      565,
      0,
      0,
      0,
      0,
      0,
      0,
      0,
      0,
      0,
      0,
      0,
      0,
      0,
      0,
      0,
      0,
      0,
      0,
      0,
      0,
      0,
      0,
      0,
      0,
      583,
      583,
      583,
      583,
      583,
      583,
      583,
      555,
      555,
      555,
      555,
      555,
      555,
      555,
      0,
      587,
      587,
      587,
      587,
      0,
      0,
      0,
      0,
      0,
      0,
      0,
      0,
      0,
      0,
      0,
      0,
      0,
      0,
      0,
      0,
      0,
      0,
      0,
      0,
      0,
      0,
      0,
      0,
      0,
      0,
      0,
      566,
      0,
      0,
      0,
      0,
      0,
      0,
      0,
      0,
      0,
      0,
      0,
      0,
      0,
      0,
      0,
      0,
      0,
      0,
      0,
      0,
      0,
      0,
      0,
      0,
      0,
      0,
      0,
      0,
      0,
      0,
      0,
      0,
      0,
      0,
      551,
      551,
      551,
      551,
      551,
      551,
      551,
      551,
      597,
      578,
      578,
      578,
      578,
      578,
      578,
      578,
      564,
      564,
      564,
      564,
      564,
      564,
      564,
      564,
      564,
      545,
      545,
      545,
      545,
      545,
      545,
      545,
      541,
      541,
      553,
      553,
      553,
      553,
      553,
      553,
      0,
      0,
      0,
      0,
      539,
      539,
      0,
      0,
      579,
      559,
      559,
      559,
      559,
      559,
      567,
      567,
      546,
      546,
      546,
      546,
      546,
      546,
      546,
      546,
      546,
      0,
      0,
      0,
      0,
      0,
      0,
      0,
      0,
      0,
      0,
      0,
      0,
      0,
      0,
      0,
      0,
      0,
      0,
      0,
      0,
      0,
      0,
      0,
      0,
      0,
      0,
      0,
      0,
      0,
      0,
      0,
      0,
      0,
      0,
      0,
      0,
      0,
      0,
      0,
      0,
      0,
      0,
      556,
      556,
      556,
      556,
      556,
      556,
      556,
      556,
      556,
      556,
      556,
      556,
      556,
      540,
      540,
      540,
      540,
      540,
      540,
      540
    ],
    [
      560,
      560,
      560,
      560,
      560,
      560,
      560,
      560,
      532,
      532,
      532,
      0,
      0,
      0,
      0,
      0,
      575,
      575,
      575,
      575,
      575,
      575,
      575,
      575,
      575,
      575,
      575,
      575,
      575,
      575,
      575,
      575,
      575,
      575,
      575,
      575,
      0,
      0,
      0,
      0,
      0,
      0,
      0,
      0,
      0,
      0,
      571,
      571,
      571,
      571,
      0,
      0,
      0,
      0,
      0,
      0,
      0,
      557,
      557,
      557,
      557,
      557,
      557,
      557,
      557,
      557,
      557,
      580,
      580,
      580,
      580,
      580,
      580,
      580,
      580,
      580,
      580,
      580,
      580,
      580,
      0,
      0,
      0,
      0,
      0,
      0,
      0,
      0,
      0,
      0,
      0,
      0,
      0,
      0,
      0,
      0,
      0,
      0,
      0,
      0,
      0,
      0,
      0,
      0,
      590,
      590,
      590,
      590,
      544,
      544,
      544,
      544,
      561,
      561,
      561,
      561,
      561,
      561,
      586,
      586,
      586,
      586,
      586,
      586,
      586,
      568,
      568,
      568,
      568,
      568,
      568,
      568,
      568,
      568,
      568,
      0,
      0,
      0,
      0,
      0,
      0,
      0,
      562,
      562,
      562,
      562,
      562,
      562,
      562,
      562,
      562,
      562,
      562,
      596,
      0,
      0,
      0,
      0,
      0,
      0,
      0,
      0,
      0,
      0,
      0,
      0,
      0,
      0,
      0,
      563,
      563,
      563,
      563,
      563,
      563,
      563,
      563,
      563,
      563,
      563,
      563,
      563,
      563,
      563,
      563,
      563,
      552,
      552,
      552,
      552,
      552,
      552,
      572,
      572,
      572,
      572,
      0,
      0,
      0,
      0,
      0,
      0,
      0,
      0,
      0,
      0,
      0,
      0,
      0,
      0,
      0,
      530,
      530,
      530,
      530,
      569,
      569,
      569,
      569,
      569,
      569,
      569,
      569,
      569,
      569,
      569,
      569,
      569,
      569,
      569,
      582,
      582,
      582,
      582,
      582,
      582,
      582,
      550,
      550,
      550,
      550,
      550,
      591,
      591,
      576,
      576,
      576,
      576,
      576,
      576,
      576,
      558,
      558,
      558,
      558,
      558,
      558,
      558,
      558,
      558,
      554,
      554,
      554,
      554,
      554,
      554,
      554,
      554,
      554,
      577,
      577,
      577,
      565,
      565,
      565,
      565,
      565,
      565,
      565,
      565,
      0,
      0,
      0,
      0,
      0,
      0,
      0,
      0,
      0,
      0,
      0,
      0,
      0,
      0,
      0,
      0,
      0,
      0,
      0,
      0,
      0,
      0,
      0,
      583,
      583,
      583,
      583,
      583,
      583,
      583,
      583,
      555,
      555,
      555,
      555,
      555,
      555,
      555,
      587,
      587,
      587,
      587,
      587,
      0,
      0,
      0,
      0,
      0,
      0,
      0,
      0,
      0,
      593,
      593,
      593,
      593,
      593,
      593,
      593,
      593,
      0,
      0,
      0,
      0,
      0,
      0,
      0,
      0,
      0,
      566,
      566,
      0,
      0,
      0,
      0,
      0,
      0,
      0,
      0,
      0,
      0,
      0,
      0,
      0,
      0,
      0,
      0,
      0,
      0,
      0,
      0,
      0,
      0,
      0,
      0,
      0,
      0,
      0,
      0,
      0,
      0,
      0,
      0,
      0,
      0,
      551,
      551,
      551,
      551,
      551,
      551,
      551,
      597,
      597,
      578,
      578,
      578,
      578,
      578,
      578,
      597,
      0,
      0,
      564,
      564,
      564,
      564,
      564,
      564,
      564,
      545,
      545,
      545,
      545,
      545,
      545,
      545,
      545,
      545,
      545,
      0,
      0,
      0,
      0,
      0,
      0,
      0,
      0,
      0,
      0,
      0,
      0,
      0,
      579,
      559,
      559,
      559,
      559,
      559,
      567,
      567,
      567,
      567,
      567,
      546,
      546,
      546,
      546,
      546,
      0,
      0,
      0,
      0,
      0,
      0,
      0,
      0,
      0,
      0,
      0,
      0,
      0,
      0,
      0,
      0,
      0,
      0,
      0,
      0,
      0,
      0,
      0,
      0,
      0,
      0,
      0,
      0,
      0,
      0,
      0,
      0,
      0,
      0,
      0,
      0,
      0,
      0,
      0,
      589,
      574,
      574,
      574,
      574,
      574,
      574,
      556,
      556,
      556,
      556,
      556,
      556,
      556,
      556,
      556,
      556,
      0,
      540,
      540,
      540,
      540,
      540,
      540
    ],
    [
      560,
      560,
      560,
      560,
      560,
      560,
      560,
      560,
      532,
      532,
      532,
      0,
      0,
      0,
      0,
      0,
      0,
      575,
      575,
      575,
      575,
      575,
      575,
      575,
      575,
      575,
      575,
      575,
      575,
      575,
      575,
      575,
      575,
      575,
      575,
      575,
      0,
      0,
      0,
      0,
      0,
      0,
      0,
      0,
      0,
      571,
      571,
      571,
      571,
      571,
      571,
      571,
      571,
      0,
      0,
      0,
      0,
      557,
      557,
      557,
      557,
      557,
      557,
      557,
      557,
      557,
      580,
      580,
      580,
      580,
      580,
      580,
      580,
      580,
      580,
      580,
      580,
      580,
      580,
      580,
      0,
      0,
      0,
      0,
      0,
      0,
      0,
      0,
      0,
      0,
      0,
      0,
      0,
      0,
      0,
      0,
      0,
      0,
      0,
      0,
      0,
      0,
      0,
      0,
      590,
      590,
      590,
      590,
      590,
      544,
      544,
      544,
      561,
      561,
      561,
      561,
      561,
      561,
      586,
      586,
      586,
      586,
      586,
      586,
      586,
      568,
      568,
      568,
      568,
      568,
      568,
      568,
      568,
      568,
      568,
      0,
      0,
      0,
      0,
      0,
      0,
      0,
      562,
      562,
      562,
      562,
      562,
      562,
      562,
      562,
      562,
      562,
      562,
      596,
      0,
      0,
      0,
      0,
      0,
      0,
      0,
      0,
      0,
      0,
      0,
      0,
      0,
      0,
      0,
      0,
      563,
      563,
      563,
      563,
      563,
      563,
      563,
      563,
      563,
      563,
      563,
      563,
      563,
      563,
      563,
      563,
      572,
      572,
      572,
      572,
      572,
      572,
      572,
      572,
      572,
      572,
      0,
      0,
      0,
      0,
      0,
      0,
      0,
      0,
      0,
      0,
      0,
      0,
      0,
      0,
      0,
      0,
      0,
      0,
      569,
      569,
      569,
      569,
      569,
      569,
      569,
      569,
      569,
      569,
      569,
      569,
      582,
      582,
      582,
      582,
      582,
      582,
      582,
      582,
      582,
      582,
      582,
      550,
      550,
      550,
      550,
      550,
      591,
      591,
      576,
      576,
      576,
      576,
      576,
      576,
      576,
      558,
      558,
      558,
      558,
      558,
      558,
      558,
      558,
      558,
      558,
      558,
      558,
      558,
      558,
      558,
      577,
      577,
      577,
      577,
      577,
      577,
      565,
      565,
      565,
      565,
      565,
      565,
      565,
      565,
      0,
      0,
      0,
      0,
      0,
      0,
      0,
      0,
      0,
      0,
      0,
      0,
      0,
      0,
      0,
      0,
      0,
      0,
      0,
      0,
      0,
      0,
      0,
      583,
      583,
      583,
      583,
      583,
      583,
      583,
      583,
      583,
      555,
      555,
      555,
      555,
      555,
      555,
      587,
      587,
      587,
      587,
      587,
      0,
      0,
      0,
      0,
      0,
      0,
      0,
      593,
      593,
      593,
      593,
      593,
      593,
      593,
      593,
      593,
      593,
      0,
      0,
      0,
      0,
      0,
      0,
      0,
      566,
      566,
      566,
      566,
      0,
      0,
      0,
      0,
      0,
      0,
      0,
      570,
      570,
      570,
      570,
      570,
      570,
      570,
      570,
      570,
      570,
      570,
      570,
      0,
      0,
      0,
      0,
      0,
      0,
      0,
      0,
      0,
      0,
      0,
      0,
      0,
      0,
      0,
      551,
      551,
      551,
      551,
      551,
      551,
      551,
      597,
      597,
      578,
      578,
      578,
      578,
      578,
      578,
      597,
      0,
      0,
      564,
      564,
      564,
      564,
      564,
      564,
      564,
      545,
      545,
      545,
      545,
      545,
      545,
      545,
      545,
      545,
      545,
      0,
      0,
      0,
      0,
      0,
      0,
      0,
      0,
      0,
      0,
      0,
      0,
      0,
      579,
      559,
      559,
      559,
      559,
      559,
      567,
      567,
      567,
      567,
      546,
      546,
      546,
      546,
      546,
      546,
      0,
      0,
      0,
      0,
      0,
      0,
      0,
      0,
      0,
      0,
      0,
      0,
      0,
      0,
      0,
      0,
      0,
      0,
      0,
      0,
      0,
      0,
      0,
      0,
      0,
      0,
      0,
      0,
      0,
      0,
      0,
      0,
      0,
      0,
      0,
      0,
      0,
      0,
      0,
      589,
      589,
      574,
      574,
      574,
      574,
      574,
      556,
      556,
      556,
      556,
      556,
      556,
      556,
      556,
      556,
      556,
      0,
      0,
      0,
      540,
      540,
      540,
      540
    ],
    [
      560,
      560,
      560,
      560,
      560,
      560,
      560,
      560,
      532,
      0,
      0,
      0,
      0,
      0,
      0,
      0,
      0,
      575,
      575,
      575,
      575,
      575,
      575,
      575,
      575,
      575,
      575,
      575,
      575,
      575,
      575,
      575,
      575,
      575,
      575,
      0,
      0,
      0,
      0,
      0,
      0,
      0,
      0,
      0,
      0,
      571,
      571,
      571,
      571,
      571,
      571,
      571,
      571,
      0,
      0,
      0,
      0,
      0,
      557,
      557,
      557,
      557,
      557,
      557,
      557,
      580,
      580,
      580,
      580,
      580,
      580,
      580,
      580,
      580,
      580,
      580,
      580,
      580,
      580,
      580,
      580,
      0,
      0,
      0,
      0,
      0,
      0,
      0,
      0,
      0,
      0,
      0,
      0,
      0,
      0,
      0,
      0,
      0,
      0,
      0,
      0,
      0,
      0,
      0,
      590,
      590,
      590,
      590,
      590,
      544,
      544,
      544,
      561,
      561,
      561,
      561,
      561,
      561,
      586,
      586,
      586,
      586,
      586,
      586,
      586,
      586,
      586,
      568,
      568,
      568,
      568,
      568,
      568,
      568,
      568,
      568,
      0,
      0,
      0,
      0,
      0,
      562,
      562,
      562,
      562,
      562,
      562,
      562,
      562,
      562,
      562,
      562,
      562,
      596,
      0,
      0,
      0,
      0,
      0,
      0,
      0,
      0,
      0,
      0,
      0,
      0,
      0,
      0,
      0,
      0,
      563,
      563,
      563,
      563,
      563,
      563,
      563,
      563,
      563,
      563,
      563,
      563,
      563,
      563,
      563,
      0,
      0,
      572,
      572,
      572,
      572,
      572,
      572,
      572,
      572,
      572,
      572,
      572,
      0,
      0,
      0,
      0,
      0,
      0,
      0,
      0,
      0,
      0,
      0,
      0,
      0,
      0,
      569,
      569,
      569,
      569,
      569,
      569,
      569,
      569,
      569,
      569,
      569,
      601,
      569,
      569,
      582,
      582,
      582,
      582,
      582,
      582,
      582,
      582,
      582,
      582,
      582,
      550,
      550,
      550,
      550,
      591,
      591,
      591,
      576,
      576,
      576,
      576,
      576,
      576,
      576,
      558,
      558,
      558,
      558,
      558,
      558,
      558,
      558,
      558,
      558,
      558,
      558,
      558,
      558,
      577,
      577,
      577,
      577,
      577,
      577,
      577,
      565,
      565,
      565,
      565,
      565,
      565,
      565,
      565,
      0,
      0,
      0,
      0,
      0,
      0,
      0,
      0,
      0,
      0,
      0,
      0,
      0,
      0,
      0,
      0,
      0,
      0,
      0,
      0,
      0,
      0,
      0,
      583,
      583,
      583,
      583,
      583,
      583,
      583,
      583,
      583,
      583,
      583,
      583,
      583,
      583,
      587,
      587,
      587,
      587,
      587,
      587,
      587,
      587,
      0,
      0,
      593,
      593,
      593,
      593,
      593,
      593,
      593,
      593,
      593,
      593,
      593,
      593,
      593,
      0,
      0,
      0,
      0,
      0,
      566,
      566,
      566,
      566,
      566,
      566,
      566,
      0,
      0,
      0,
      0,
      0,
      0,
      570,
      570,
      570,
      570,
      570,
      570,
      570,
      570,
      570,
      570,
      570,
      570,
      0,
      0,
      0,
      0,
      0,
      0,
      0,
      0,
      0,
      0,
      0,
      0,
      0,
      0,
      0,
      551,
      551,
      551,
      551,
      551,
      551,
      551,
      597,
      597,
      578,
      578,
      578,
      578,
      578,
      578,
      597,
      0,
      0,
      564,
      564,
      564,
      564,
      564,
      564,
      564,
      545,
      545,
      545,
      545,
      545,
      0,
      0,
      0,
      0,
      0,
      0,
      0,
      0,
      0,
      0,
      0,
      0,
      0,
      0,
      0,
      0,
      0,
      0,
      579,
      567,
      567,
      567,
      567,
      567,
      567,
      567,
      567,
      567,
      573,
      573,
      573,
      546,
      546,
      546,
      0,
      0,
      0,
      0,
      0,
      0,
      0,
      0,
      0,
      0,
      0,
      0,
      0,
      0,
      0,
      0,
      0,
      0,
      0,
      0,
      0,
      0,
      0,
      0,
      0,
      0,
      0,
      0,
      0,
      0,
      0,
      0,
      0,
      0,
      0,
      0,
      0,
      0,
      0,
      589,
      589,
      574,
      574,
      574,
      574,
      574,
      574,
      574,
      574,
      574,
      556,
      556,
      556,
      556,
      556,
      556,
      0,
      0,
      0,
      0,
      0,
      0,
      0
    ],
    [
      560,
      560,
      560,
      560,
      560,
      560,
      560,
      560,
      0,
      0,
      0,
      0,
      0,
      0,
      0,
      0,
      0,
      0,
      0,
      0,
      0,
      0,
      0,
      0,
      575,
      575,
      575,
      575,
      575,
      575,
      575,
      575,
      575,
      575,
      575,
      575,
      0,
      0,
      0,
      0,
      0,
      0,
      0,
      0,
      0,
      571,
      571,
      571,
      571,
      571,
      571,
      571,
      571,
      0,
      0,
      0,
      0,
      0,
      0,
      0,
      0,
      0,
      0,
      0,
      0,
      0,
      0,
      0,
      0,
      0,
      0,
      580,
      580,
      580,
      580,
      580,
      580,
      580,
      580,
      580,
      580,
      580,
      0,
      0,
      0,
      0,
      0,
      0,
      0,
      0,
      0,
      0,
      0,
      0,
      0,
      0,
      0,
      0,
      0,
      0,
      0,
      0,
      0,
      590,
      590,
      590,
      590,
      590,
      590,
      590,
      590,
      544,
      561,
      561,
      561,
      561,
      586,
      586,
      586,
      586,
      586,
      586,
      586,
      586,
      586,
      586,
      586,
      586,
      568,
      568,
      568,
      568,
      568,
      568,
      568,
      568,
      0,
      0,
      0,
      0,
      0,
      562,
      562,
      562,
      562,
      562,
      562,
      562,
      562,
      562,
      562,
      562,
      596,
      596,
      0,
      0,
      0,
      0,
      0,
      0,
      0,
      0,
      0,
      0,
      0,
      0,
      0,
      0,
      0,
      0,
      563,
      563,
      563,
      563,
      563,
      563,
      563,
      563,
      563,
      563,
      563,
      563,
      563,
      563,
      563,
      0,
      0,
      572,
      572,
      572,
      572,
      572,
      572,
      572,
      572,
      572,
      572,
      572,
      0,
      0,
      0,
      0,
      0,
      0,
      0,
      0,
      0,
      0,
      0,
      0,
      0,
      569,
      569,
      569,
      569,
      569,
      569,
      569,
      569,
      569,
      569,
      569,
      569,
      601,
      601,
      601,
      582,
      582,
      582,
      582,
      582,
      582,
      582,
      582,
      582,
      582,
      582,
      550,
      550,
      550,
      550,
      591,
      591,
      591,
      576,
      576,
      576,
      576,
      576,
      576,
      576,
      558,
      558,
      558,
      0,
      0,
      0,
      0,
      0,
      0,
      0,
      0,
      0,
      0,
      0,
      577,
      577,
      577,
      577,
      577,
      577,
      577,
      577,
      577,
      577,
      565,
      565,
      565,
      565,
      565,
      565,
      0,
      0,
      0,
      0,
      0,
      0,
      0,
      0,
      0,
      0,
      0,
      0,
      0,
      0,
      0,
      0,
      0,
      0,
      0,
      0,
      0,
      0,
      583,
      583,
      583,
      583,
      583,
      583,
      583,
      583,
      583,
      583,
      583,
      583,
      583,
      587,
      587,
      587,
      587,
      587,
      587,
      587,
      587,
      587,
      0,
      593,
      593,
      593,
      593,
      593,
      593,
      593,
      593,
      593,
      593,
      593,
      593,
      593,
      593,
      593,
      0,
      0,
      0,
      0,
      566,
      566,
      566,
      566,
      566,
      566,
      566,
      566,
      0,
      0,
      0,
      0,
      0,
      570,
      570,
      570,
      570,
      570,
      570,
      570,
      570,
      570,
      570,
      570,
      570,
      0,
      0,
      0,
      0,
      0,
      0,
      0,
      0,
      0,
      0,
      0,
      0,
      0,
      0,
      551,
      551,
      551,
      551,
      551,
      551,
      551,
      551,
      597,
      597,
      578,
      578,
      578,
      578,
      578,
      578,
      597,
      0,
      0,
      564,
      564,
      564,
      564,
      564,
      564,
      564,
      545,
      545,
      545,
      545,
      545,
      0,
      0,
      0,
      0,
      0,
      0,
      0,
      0,
      0,
      0,
      0,
      0,
      0,
      0,
      0,
      0,
      0,
      0,
      579,
      579,
      579,
      579,
      579,
      567,
      567,
      567,
      567,
      567,
      573,
      573,
      573,
      546,
      546,
      546,
      0,
      0,
      0,
      0,
      0,
      0,
      0,
      0,
      0,
      0,
      0,
      0,
      0,
      0,
      0,
      0,
      0,
      0,
      0,
      0,
      0,
      0,
      0,
      0,
      0,
      0,
      0,
      0,
      0,
      0,
      0,
      589,
      589,
      589,
      589,
      589,
      589,
      589,
      589,
      589,
      589,
      574,
      574,
      574,
      574,
      574,
      574,
      574,
      574,
      574,
      574,
      556,
      556,
      556,
      556,
      556,
      0,
      0,
      0,
      0,
      0,
      0,
      0
    ],
    [
      560,
      560,
      560,
      560,
      560,
      560,
      560,
      560,
      0,
      0,
      0,
      0,
      0,
      0,
      0,
      0,
      0,
      0,
      0,
      0,
      0,
      0,
      0,
      0,
      575,
      575,
      575,
      575,
      575,
      575,
      575,
      575,
      575,
      575,
      575,
      0,
      0,
      0,
      0,
      0,
      0,
      0,
      0,
      0,
      0,
      571,
      571,
      571,
      571,
      571,
      571,
      571,
      571,
      0,
      0,
      0,
      0,
      0,
      0,
      0,
      0,
      0,
      0,
      0,
      0,
      0,
      0,
      0,
      0,
      0,
      0,
      580,
      580,
      580,
      580,
      580,
      580,
      580,
      580,
      580,
      580,
      580,
      580,
      0,
      0,
      0,
      0,
      0,
      0,
      0,
      0,
      0,
      0,
      0,
      0,
      0,
      0,
      0,
      0,
      0,
      0,
      0,
      0,
      590,
      590,
      590,
      590,
      590,
      590,
      590,
      590,
      590,
      590,
      586,
      586,
      586,
      586,
      586,
      586,
      586,
      586,
      586,
      586,
      586,
      586,
      586,
      586,
      586,
      568,
      568,
      568,
      568,
      568,
      568,
      568,
      568,
      568,
      568,
      562,
      562,
      562,
      562,
      562,
      562,
      562,
      562,
      562,
      562,
      562,
      562,
      562,
      562,
      596,
      596,
      0,
      0,
      0,
      0,
      0,
      0,
      0,
      0,
      0,
      0,
      0,
      0,
      0,
      0,
      0,
      0,
      563,
      563,
      563,
      563,
      563,
      563,
      563,
      563,
      563,
      563,
      563,
      563,
      563,
      563,
      563,
      0,
      0,
      572,
      572,
      572,
      572,
      572,
      572,
      572,
      572,
      572,
      572,
      572,
      0,
      0,
      0,
      0,
      0,
      0,
      0,
      0,
      0,
      0,
      0,
      0,
      581,
      581,
      581,
      581,
      581,
      581,
      581,
      581,
      569,
      569,
      569,
      569,
      569,
      601,
      601,
      601,
      582,
      582,
      582,
      582,
      582,
      582,
      582,
      582,
      582,
      582,
      582,
      550,
      550,
      550,
      550,
      591,
      591,
      591,
      576,
      576,
      576,
      576,
      576,
      576,
      576,
      558,
      558,
      0,
      0,
      0,
      0,
      0,
      0,
      0,
      0,
      0,
      0,
      0,
      577,
      577,
      577,
      577,
      577,
      577,
      577,
      577,
      577,
      577,
      577,
      565,
      565,
      565,
      565,
      565,
      565,
      0,
      0,
      0,
      0,
      0,
      0,
      0,
      0,
      0,
      0,
      0,
      0,
      0,
      0,
      0,
      0,
      0,
      0,
      0,
      0,
      0,
      0,
      583,
      583,
      583,
      583,
      583,
      583,
      583,
      583,
      583,
      583,
      583,
      583,
      583,
      587,
      587,
      587,
      587,
      587,
      587,
      587,
      587,
      587,
      593,
      593,
      593,
      593,
      593,
      593,
      593,
      593,
      593,
      593,
      593,
      593,
      593,
      593,
      593,
      593,
      593,
      0,
      0,
      0,
      566,
      566,
      566,
      566,
      566,
      566,
      566,
      566,
      0,
      0,
      0,
      0,
      0,
      570,
      570,
      570,
      570,
      570,
      570,
      570,
      570,
      570,
      570,
      570,
      570,
      570,
      570,
      570,
      570,
      570,
      0,
      0,
      0,
      0,
      0,
      0,
      0,
      0,
      0,
      551,
      551,
      551,
      551,
      551,
      551,
      551,
      597,
      597,
      597,
      578,
      578,
      578,
      578,
      578,
      578,
      597,
      0,
      0,
      564,
      564,
      564,
      564,
      564,
      564,
      564,
      545,
      545,
      545,
      545,
      545,
      0,
      0,
      0,
      0,
      0,
      0,
      0,
      0,
      0,
      0,
      0,
      0,
      0,
      0,
      0,
      0,
      0,
      0,
      579,
      579,
      579,
      579,
      579,
      588,
      588,
      567,
      567,
      567,
      573,
      573,
      573,
      546,
      546,
      546,
      0,
      0,
      0,
      0,
      0,
      0,
      0,
      0,
      0,
      0,
      0,
      0,
      0,
      0,
      0,
      0,
      0,
      0,
      0,
      0,
      0,
      0,
      0,
      0,
      0,
      0,
      0,
      0,
      0,
      0,
      589,
      589,
      589,
      589,
      589,
      589,
      589,
      589,
      589,
      589,
      589,
      574,
      574,
      574,
      574,
      574,
      574,
      574,
      574,
      574,
      574,
      574,
      556,
      556,
      556,
      0,
      0,
      0,
      0,
      0,
      0,
      0,
      0
    ],
    [
      0,
      0,
      0,
      0,
      0,
      0,
      0,
      0,
      0,
      0,
      0,
      0,
      0,
      0,
      0,
      0,
      0,
      0,
      0,
      0,
      0,
      0,
      0,
      0,
      575,
      575,
      575,
      575,
      575,
      575,
      575,
      575,
      575,
      575,
      575,
      0,
      0,
      0,
      0,
      0,
      0,
      0,
      0,
      0,
      0,
      571,
      571,
      571,
      571,
      571,
      571,
      571,
      571,
      0,
      0,
      0,
      0,
      0,
      0,
      0,
      0,
      0,
      0,
      0,
      0,
      0,
      0,
      0,
      0,
      0,
      0,
      580,
      580,
      580,
      580,
      580,
      580,
      580,
      580,
      580,
      580,
      580,
      580,
      0,
      0,
      0,
      0,
      0,
      0,
      0,
      0,
      0,
      0,
      0,
      0,
      0,
      0,
      0,
      0,
      0,
      0,
      0,
      0,
      590,
      590,
      590,
      590,
      590,
      590,
      590,
      590,
      590,
      590,
      586,
      586,
      586,
      586,
      586,
      586,
      586,
      586,
      586,
      586,
      586,
      586,
      586,
      586,
      586,
      586,
      586,
      586,
      568,
      568,
      568,
      568,
      568,
      568,
      568,
      562,
      562,
      562,
      562,
      562,
      562,
      562,
      562,
      562,
      562,
      562,
      562,
      562,
      562,
      596,
      596,
      0,
      0,
      0,
      0,
      0,
      0,
      0,
      0,
      0,
      0,
      0,
      0,
      0,
      0,
      0,
      0,
      563,
      563,
      563,
      563,
      563,
      563,
      563,
      563,
      563,
      563,
      563,
      563,
      0,
      0,
      0,
      0,
      0,
      0,
      0,
      0,
      0,
      0,
      572,
      572,
      572,
      572,
      572,
      572,
      0,
      0,
      0,
      0,
      0,
      0,
      0,
      0,
      0,
      0,
      0,
      0,
      581,
      581,
      581,
      581,
      581,
      581,
      581,
      581,
      569,
      569,
      569,
      569,
      569,
      601,
      601,
      601,
      582,
      582,
      582,
      582,
      582,
      582,
      582,
      582,
      582,
      582,
      582,
      550,
      550,
      550,
      0,
      591,
      591,
      591,
      576,
      576,
      576,
      576,
      576,
      576,
      576,
      558,
      0,
      0,
      0,
      0,
      0,
      0,
      0,
      0,
      0,
      0,
      0,
      0,
      598,
      598,
      598,
      598,
      598,
      577,
      577,
      577,
      577,
      577,
      577,
      565,
      565,
      565,
      565,
      565,
      565,
      0,
      0,
      0,
      0,
      0,
      0,
      0,
      0,
      0,
      0,
      0,
      0,
      0,
      0,
      0,
      0,
      0,
      0,
      0,
      0,
      0,
      0,
      583,
      583,
      583,
      583,
      583,
      583,
      583,
      583,
      583,
      583,
      583,
      583,
      583,
      587,
      587,
      587,
      587,
      587,
      587,
      587,
      587,
      587,
      593,
      593,
      593,
      593,
      593,
      593,
      593,
      593,
      593,
      593,
      593,
      603,
      603,
      603,
      603,
      603,
      603,
      0,
      0,
      0,
      566,
      566,
      566,
      566,
      566,
      566,
      566,
      566,
      0,
      0,
      0,
      0,
      0,
      570,
      570,
      570,
      570,
      570,
      570,
      570,
      584,
      584,
      584,
      584,
      584,
      584,
      584,
      584,
      584,
      584,
      584,
      0,
      0,
      0,
      0,
      0,
      0,
      597,
      597,
      597,
      597,
      597,
      597,
      597,
      597,
      597,
      597,
      597,
      597,
      578,
      578,
      578,
      578,
      578,
      578,
      597,
      0,
      0,
      564,
      564,
      564,
      564,
      564,
      564,
      564,
      545,
      545,
      545,
      545,
      545,
      613,
      0,
      0,
      0,
      0,
      0,
      0,
      0,
      0,
      0,
      0,
      0,
      0,
      0,
      0,
      0,
      0,
      579,
      579,
      579,
      579,
      579,
      588,
      588,
      588,
      588,
      567,
      567,
      573,
      573,
      573,
      546,
      546,
      0,
      0,
      0,
      0,
      0,
      0,
      0,
      0,
      0,
      0,
      0,
      0,
      0,
      0,
      0,
      0,
      0,
      0,
      0,
      0,
      0,
      0,
      0,
      0,
      0,
      0,
      0,
      0,
      0,
      0,
      589,
      589,
      589,
      589,
      589,
      589,
      589,
      589,
      589,
      589,
      589,
      589,
      574,
      574,
      574,
      574,
      585,
      585,
      585,
      585,
      585,
      585,
      585,
      585,
      556,
      556,
      0,
      0,
      0,
      0,
      0,
      0,
      0,
      0
    ],
    [
      0,
      0,
      0,
      0,
      0,
      0,
      0,
      0,
      0,
      0,
      0,
      0,
      0,
      0,
      0,
      0,
      0,
      0,
      0,
      0,
      0,
      0,
      0,
      0,
      0,
      575,
      575,
      575,
      575,
      575,
      575,
      575,
      575,
      575,
      575,
      0,
      0,
      0,
      0,
      0,
      0,
      0,
      0,
      0,
      0,
      571,
      571,
      571,
      571,
      571,
      571,
      571,
      0,
      0,
      0,
      0,
      0,
      0,
      0,
      0,
      0,
      0,
      0,
      0,
      0,
      0,
      0,
      0,
      0,
      0,
      0,
      580,
      580,
      580,
      580,
      580,
      580,
      580,
      580,
      580,
      580,
      580,
      580,
      580,
      0,
      0,
      0,
      0,
      0,
      0,
      0,
      0,
      0,
      0,
      0,
      0,
      0,
      0,
      0,
      0,
      0,
      0,
      0,
      590,
      590,
      590,
      590,
      590,
      590,
      590,
      590,
      590,
      590,
      590,
      586,
      586,
      586,
      586,
      586,
      586,
      586,
      586,
      586,
      586,
      586,
      586,
      586,
      586,
      586,
      586,
      586,
      568,
      568,
      568,
      568,
      568,
      568,
      568,
      562,
      562,
      562,
      562,
      562,
      562,
      562,
      562,
      562,
      562,
      562,
      562,
      562,
      562,
      596,
      596,
      0,
      0,
      0,
      0,
      0,
      0,
      0,
      0,
      0,
      0,
      0,
      0,
      0,
      0,
      0,
      0,
      0,
      0,
      0,
      0,
      0,
      563,
      563,
      563,
      563,
      563,
      563,
      563,
      0,
      0,
      0,
      0,
      0,
      0,
      0,
      0,
      0,
      0,
      572,
      572,
      572,
      572,
      572,
      572,
      0,
      0,
      0,
      0,
      0,
      0,
      0,
      0,
      0,
      0,
      0,
      0,
      581,
      581,
      581,
      581,
      581,
      581,
      581,
      581,
      569,
      569,
      569,
      569,
      569,
      601,
      601,
      601,
      582,
      582,
      582,
      582,
      582,
      582,
      582,
      582,
      582,
      582,
      582,
      550,
      550,
      0,
      0,
      591,
      591,
      591,
      576,
      576,
      576,
      576,
      576,
      576,
      576,
      0,
      0,
      0,
      0,
      0,
      0,
      0,
      0,
      0,
      0,
      0,
      598,
      598,
      598,
      598,
      598,
      598,
      598,
      577,
      577,
      577,
      577,
      577,
      577,
      565,
      565,
      565,
      565,
      565,
      565,
      0,
      0,
      0,
      0,
      0,
      0,
      0,
      0,
      0,
      0,
      0,
      0,
      0,
      0,
      0,
      0,
      0,
      0,
      0,
      0,
      0,
      0,
      583,
      583,
      583,
      583,
      583,
      583,
      583,
      583,
      583,
      583,
      583,
      583,
      587,
      587,
      587,
      587,
      587,
      587,
      587,
      587,
      587,
      587,
      593,
      593,
      593,
      593,
      593,
      593,
      593,
      593,
      593,
      593,
      603,
      603,
      603,
      603,
      603,
      603,
      603,
      603,
      0,
      0,
      566,
      566,
      566,
      566,
      566,
      566,
      566,
      566,
      0,
      0,
      0,
      0,
      608,
      570,
      570,
      570,
      570,
      570,
      570,
      570,
      570,
      570,
      584,
      584,
      584,
      584,
      584,
      584,
      584,
      584,
      584,
      0,
      0,
      0,
      0,
      0,
      0,
      597,
      597,
      597,
      597,
      597,
      597,
      597,
      597,
      597,
      597,
      597,
      597,
      578,
      578,
      578,
      578,
      578,
      578,
      597,
      0,
      0,
      564,
      564,
      564,
      564,
      564,
      564,
      564,
      545,
      545,
      545,
      545,
      613,
      613,
      0,
      0,
      0,
      0,
      0,
      0,
      0,
      0,
      0,
      0,
      0,
      0,
      0,
      0,
      0,
      0,
      579,
      579,
      579,
      579,
      579,
      588,
      588,
      588,
      588,
      567,
      567,
      573,
      573,
      573,
      546,
      546,
      0,
      0,
      0,
      0,
      0,
      0,
      0,
      0,
      0,
      0,
      0,
      0,
      0,
      0,
      0,
      0,
      0,
      0,
      0,
      0,
      0,
      0,
      0,
      0,
      0,
      0,
      0,
      0,
      0,
      589,
      589,
      589,
      589,
      589,
      589,
      589,
      589,
      589,
      589,
      589,
      589,
      589,
      589,
      589,
      574,
      574,
      585,
      585,
      585,
      585,
      585,
      585,
      585,
      585,
      556,
      556,
      0,
      0,
      0,
      0,
      0,
      0,
      0,
      0
    ],
    [
      0,
      0,
      0,
      0,
      0,
      0,
      0,
      0,
      0,
      0,
      0,
      0,
      0,
      0,
      0,
      0,
      0,
      0,
      0,
      0,
      0,
      0,
      0,
      0,
      0,
      0,
      575,
      575,
      575,
      575,
      575,
      575,
      575,
      0,
      0,
      0,
      0,
      0,
      0,
      0,
      0,
      0,
      0,
      0,
      0,
      571,
      571,
      571,
      571,
      571,
      571,
      571,
      0,
      0,
      0,
      0,
      0,
      0,
      0,
      0,
      0,
      0,
      0,
      0,
      0,
      0,
      0,
      0,
      0,
      0,
      0,
      580,
      580,
      580,
      580,
      580,
      580,
      580,
      580,
      580,
      580,
      580,
      580,
      580,
      0,
      0,
      0,
      0,
      0,
      0,
      0,
      0,
      0,
      0,
      0,
      0,
      0,
      0,
      0,
      0,
      0,
      0,
      0,
      590,
      590,
      590,
      590,
      590,
      590,
      590,
      590,
      590,
      590,
      590,
      586,
      586,
      586,
      586,
      586,
      586,
      586,
      586,
      586,
      586,
      586,
      586,
      586,
      586,
      586,
      586,
      586,
      568,
      568,
      568,
      568,
      568,
      568,
      568,
      568,
      562,
      562,
      562,
      562,
      562,
      562,
      562,
      562,
      562,
      562,
      562,
      562,
      562,
      596,
      596,
      0,
      0,
      0,
      0,
      0,
      0,
      0,
      0,
      0,
      0,
      0,
      0,
      0,
      0,
      0,
      0,
      0,
      0,
      0,
      0,
      0,
      563,
      563,
      563,
      563,
      563,
      563,
      563,
      0,
      0,
      0,
      0,
      0,
      0,
      0,
      0,
      0,
      0,
      0,
      0,
      0,
      0,
      0,
      572,
      0,
      0,
      0,
      0,
      0,
      0,
      0,
      0,
      0,
      0,
      0,
      0,
      581,
      581,
      581,
      581,
      581,
      581,
      581,
      581,
      569,
      569,
      569,
      569,
      601,
      601,
      601,
      601,
      582,
      582,
      582,
      582,
      582,
      582,
      582,
      582,
      582,
      582,
      582,
      550,
      0,
      0,
      0,
      591,
      591,
      591,
      591,
      591,
      576,
      576,
      576,
      576,
      0,
      0,
      0,
      0,
      0,
      0,
      0,
      0,
      0,
      0,
      0,
      598,
      598,
      598,
      598,
      598,
      598,
      598,
      598,
      577,
      577,
      577,
      577,
      577,
      577,
      565,
      565,
      565,
      565,
      565,
      565,
      0,
      0,
      0,
      0,
      0,
      592,
      592,
      592,
      592,
      592,
      592,
      0,
      0,
      0,
      0,
      0,
      0,
      0,
      0,
      0,
      0,
      0,
      583,
      583,
      583,
      583,
      583,
      583,
      583,
      583,
      583,
      583,
      583,
      583,
      587,
      587,
      587,
      587,
      587,
      587,
      587,
      587,
      587,
      587,
      593,
      593,
      593,
      593,
      593,
      593,
      593,
      593,
      593,
      593,
      603,
      603,
      603,
      603,
      603,
      603,
      603,
      603,
      0,
      594,
      594,
      594,
      594,
      594,
      594,
      594,
      594,
      594,
      0,
      0,
      0,
      0,
      608,
      608,
      608,
      570,
      570,
      570,
      570,
      570,
      570,
      570,
      584,
      584,
      584,
      584,
      584,
      584,
      609,
      609,
      609,
      609,
      609,
      0,
      0,
      0,
      0,
      597,
      597,
      597,
      597,
      597,
      597,
      597,
      597,
      597,
      597,
      597,
      597,
      578,
      578,
      578,
      578,
      578,
      578,
      597,
      0,
      612,
      564,
      564,
      564,
      564,
      564,
      564,
      564,
      545,
      545,
      613,
      613,
      613,
      613,
      0,
      0,
      0,
      0,
      0,
      0,
      0,
      0,
      0,
      0,
      0,
      0,
      0,
      0,
      0,
      0,
      605,
      605,
      605,
      605,
      605,
      588,
      588,
      588,
      588,
      588,
      567,
      567,
      567,
      567,
      567,
      546,
      0,
      0,
      0,
      0,
      0,
      0,
      0,
      0,
      0,
      0,
      0,
      0,
      0,
      0,
      0,
      0,
      0,
      0,
      0,
      0,
      0,
      0,
      0,
      0,
      0,
      0,
      0,
      0,
      0,
      589,
      589,
      589,
      589,
      589,
      589,
      589,
      589,
      589,
      589,
      589,
      589,
      589,
      589,
      589,
      589,
      574,
      585,
      585,
      585,
      585,
      585,
      585,
      585,
      585,
      556,
      556,
      0,
      0,
      0,
      0,
      0,
      0,
      0,
      0
    ],
    [
      0,
      0,
      0,
      0,
      0,
      0,
      0,
      0,
      0,
      0,
      0,
      0,
      0,
      0,
      0,
      0,
      0,
      0,
      0,
      0,
      0,
      0,
      0,
      0,
      0,
      0,
      0,
      0,
      0,
      0,
      0,
      0,
      0,
      0,
      0,
      0,
      0,
      0,
      0,
      0,
      0,
      0,
      0,
      0,
      0,
      0,
      0,
      0,
      0,
      0,
      0,
      0,
      0,
      0,
      0,
      0,
      0,
      0,
      0,
      0,
      0,
      0,
      0,
      0,
      0,
      0,
      0,
      0,
      0,
      0,
      0,
      0,
      0,
      0,
      580,
      580,
      580,
      580,
      580,
      580,
      580,
      580,
      580,
      580,
      0,
      0,
      0,
      0,
      0,
      0,
      0,
      0,
      0,
      0,
      0,
      0,
      0,
      0,
      0,
      0,
      0,
      0,
      0,
      590,
      590,
      590,
      590,
      590,
      590,
      590,
      590,
      590,
      590,
      586,
      586,
      586,
      586,
      586,
      586,
      586,
      586,
      586,
      586,
      586,
      586,
      586,
      586,
      586,
      586,
      586,
      586,
      568,
      568,
      595,
      595,
      595,
      595,
      595,
      595,
      595,
      611,
      562,
      562,
      562,
      562,
      596,
      596,
      596,
      596,
      596,
      596,
      596,
      596,
      596,
      0,
      0,
      0,
      0,
      0,
      0,
      0,
      0,
      0,
      0,
      0,
      0,
      0,
      0,
      0,
      0,
      0,
      0,
      0,
      0,
      0,
      563,
      563,
      563,
      563,
      563,
      0,
      0,
      0,
      0,
      0,
      0,
      0,
      0,
      0,
      0,
      0,
      0,
      0,
      0,
      0,
      0,
      0,
      0,
      0,
      0,
      0,
      0,
      0,
      0,
      0,
      0,
      0,
      0,
      0,
      0,
      581,
      581,
      581,
      581,
      581,
      581,
      581,
      581,
      569,
      569,
      601,
      601,
      601,
      601,
      601,
      601,
      582,
      582,
      582,
      582,
      582,
      582,
      582,
      582,
      582,
      582,
      582,
      550,
      0,
      0,
      0,
      591,
      591,
      591,
      591,
      591,
      576,
      576,
      576,
      576,
      0,
      0,
      0,
      0,
      0,
      0,
      0,
      0,
      0,
      0,
      0,
      0,
      598,
      598,
      598,
      598,
      598,
      598,
      598,
      598,
      598,
      598,
      598,
      598,
      598,
      602,
      602,
      602,
      602,
      565,
      565,
      0,
      0,
      0,
      0,
      0,
      592,
      592,
      592,
      592,
      592,
      592,
      634,
      0,
      0,
      0,
      0,
      0,
      0,
      0,
      0,
      0,
      0,
      0,
      583,
      583,
      583,
      583,
      583,
      583,
      583,
      587,
      587,
      587,
      587,
      587,
      587,
      587,
      587,
      587,
      587,
      587,
      587,
      587,
      587,
      593,
      593,
      593,
      593,
      593,
      593,
      593,
      593,
      593,
      593,
      603,
      603,
      603,
      603,
      603,
      603,
      603,
      603,
      603,
      594,
      594,
      594,
      594,
      594,
      594,
      594,
      594,
      594,
      608,
      608,
      0,
      608,
      608,
      608,
      608,
      570,
      570,
      570,
      570,
      570,
      570,
      570,
      584,
      584,
      584,
      584,
      584,
      584,
      609,
      609,
      609,
      609,
      609,
      609,
      597,
      597,
      597,
      597,
      597,
      597,
      597,
      597,
      597,
      597,
      597,
      597,
      597,
      597,
      597,
      597,
      597,
      597,
      597,
      597,
      597,
      597,
      0,
      612,
      612,
      612,
      564,
      564,
      564,
      564,
      564,
      612,
      613,
      613,
      613,
      613,
      613,
      0,
      0,
      0,
      0,
      0,
      0,
      0,
      0,
      0,
      0,
      0,
      0,
      0,
      605,
      605,
      605,
      605,
      605,
      605,
      605,
      605,
      588,
      588,
      588,
      588,
      588,
      588,
      588,
      588,
      588,
      588,
      0,
      0,
      0,
      0,
      0,
      0,
      0,
      0,
      0,
      0,
      0,
      0,
      0,
      0,
      0,
      0,
      0,
      0,
      0,
      0,
      0,
      0,
      0,
      0,
      0,
      0,
      0,
      0,
      0,
      0,
      589,
      589,
      589,
      589,
      589,
      589,
      589,
      589,
      589,
      589,
      589,
      589,
      589,
      589,
      589,
      585,
      574,
      585,
      585,
      585,
      585,
      585,
      585,
      585,
      585,
      556,
      556,
      0,
      0,
      0,
      0,
      0,
      0,
      0,
      0
    ],
    [
      0,
      0,
      0,
      0,
      0,
      0,
      0,
      0,
      0,
      0,
      0,
      0,
      0,
      0,
      0,
      0,
      0,
      0,
      0,
      0,
      0,
      0,
      0,
      0,
      0,
      0,
      0,
      0,
      0,
      0,
      0,
      0,
      0,
      0,
      0,
      0,
      0,
      0,
      0,
      0,
      0,
      0,
      0,
      0,
      0,
      0,
      0,
      0,
      0,
      0,
      0,
      0,
      0,
      0,
      0,
      0,
      0,
      0,
      0,
      0,
      0,
      0,
      0,
      0,
      0,
      0,
      0,
      0,
      0,
      0,
      0,
      0,
      0,
      0,
      580,
      580,
      580,
      580,
      580,
      580,
      580,
      580,
      580,
      0,
      0,
      0,
      0,
      0,
      0,
      0,
      0,
      0,
      0,
      0,
      0,
      0,
      0,
      0,
      0,
      0,
      0,
      0,
      590,
      590,
      590,
      590,
      590,
      590,
      0,
      0,
      0,
      0,
      0,
      0,
      0,
      0,
      586,
      586,
      586,
      586,
      586,
      586,
      586,
      586,
      586,
      586,
      586,
      586,
      586,
      586,
      586,
      568,
      568,
      595,
      595,
      595,
      595,
      595,
      595,
      595,
      611,
      562,
      562,
      562,
      562,
      596,
      596,
      596,
      596,
      596,
      596,
      596,
      596,
      596,
      0,
      0,
      0,
      0,
      0,
      0,
      0,
      0,
      0,
      0,
      0,
      0,
      0,
      0,
      0,
      0,
      0,
      0,
      0,
      0,
      0,
      563,
      563,
      563,
      600,
      600,
      600,
      600,
      600,
      600,
      0,
      0,
      0,
      0,
      0,
      0,
      0,
      0,
      0,
      0,
      0,
      0,
      0,
      0,
      0,
      0,
      0,
      0,
      0,
      0,
      0,
      0,
      0,
      0,
      0,
      0,
      0,
      581,
      581,
      581,
      581,
      581,
      581,
      581,
      601,
      601,
      601,
      601,
      601,
      601,
      601,
      601,
      582,
      582,
      582,
      582,
      582,
      582,
      0,
      0,
      582,
      582,
      582,
      0,
      0,
      0,
      0,
      591,
      591,
      591,
      591,
      591,
      576,
      576,
      576,
      576,
      0,
      0,
      0,
      0,
      0,
      0,
      0,
      0,
      0,
      0,
      0,
      0,
      598,
      598,
      598,
      598,
      598,
      598,
      598,
      598,
      598,
      598,
      598,
      598,
      598,
      602,
      602,
      602,
      602,
      565,
      565,
      0,
      0,
      0,
      0,
      0,
      592,
      592,
      592,
      592,
      592,
      592,
      634,
      634,
      634,
      634,
      0,
      0,
      0,
      0,
      0,
      0,
      0,
      0,
      583,
      583,
      583,
      583,
      583,
      583,
      583,
      587,
      587,
      587,
      587,
      587,
      587,
      587,
      587,
      587,
      587,
      587,
      587,
      587,
      587,
      593,
      593,
      593,
      593,
      593,
      593,
      593,
      593,
      593,
      593,
      603,
      603,
      603,
      603,
      603,
      603,
      603,
      603,
      603,
      603,
      594,
      594,
      594,
      594,
      594,
      594,
      594,
      594,
      608,
      608,
      608,
      608,
      608,
      608,
      608,
      608,
      570,
      604,
      604,
      604,
      604,
      609,
      609,
      609,
      609,
      609,
      609,
      584,
      609,
      609,
      609,
      609,
      609,
      609,
      597,
      597,
      597,
      597,
      597,
      597,
      597,
      597,
      597,
      597,
      597,
      597,
      597,
      597,
      597,
      597,
      597,
      597,
      597,
      597,
      597,
      597,
      0,
      612,
      612,
      612,
      612,
      612,
      612,
      612,
      612,
      612,
      613,
      613,
      613,
      613,
      613,
      613,
      613,
      0,
      0,
      0,
      0,
      0,
      0,
      0,
      0,
      0,
      0,
      0,
      605,
      605,
      605,
      605,
      605,
      605,
      605,
      605,
      605,
      588,
      588,
      588,
      588,
      588,
      588,
      588,
      588,
      0,
      0,
      0,
      0,
      0,
      0,
      0,
      0,
      0,
      0,
      0,
      0,
      0,
      606,
      606,
      606,
      606,
      606,
      606,
      0,
      0,
      0,
      0,
      0,
      0,
      0,
      0,
      0,
      589,
      589,
      589,
      589,
      589,
      589,
      589,
      589,
      589,
      589,
      589,
      589,
      589,
      589,
      589,
      589,
      589,
      589,
      585,
      585,
      585,
      585,
      585,
      585,
      585,
      585,
      585,
      585,
      0,
      0,
      0,
      0,
      0,
      0,
      0,
      0,
      0,
      0
    ],
    [
      0,
      0,
      0,
      0,
      0,
      0,
      0,
      0,
      0,
      0,
      0,
      0,
      0,
      0,
      0,
      0,
      0,
      0,
      0,
      0,
      0,
      0,
      0,
      0,
      0,
      0,
      0,
      0,
      0,
      0,
      0,
      0,
      0,
      0,
      0,
      0,
      0,
      0,
      0,
      0,
      0,
      0,
      0,
      0,
      0,
      0,
      0,
      0,
      0,
      0,
      0,
      0,
      0,
      0,
      0,
      0,
      0,
      0,
      0,
      0,
      0,
      0,
      0,
      0,
      0,
      0,
      0,
      0,
      0,
      0,
      0,
      0,
      0,
      0,
      0,
      0,
      0,
      0,
      0,
      0,
      0,
      0,
      0,
      0,
      0,
      0,
      0,
      0,
      0,
      0,
      0,
      0,
      0,
      0,
      0,
      0,
      0,
      0,
      0,
      599,
      599,
      599,
      599,
      599,
      599,
      590,
      590,
      590,
      0,
      0,
      0,
      0,
      0,
      0,
      0,
      0,
      0,
      0,
      0,
      586,
      586,
      586,
      586,
      586,
      586,
      586,
      586,
      586,
      586,
      586,
      586,
      0,
      568,
      595,
      595,
      595,
      595,
      595,
      595,
      595,
      611,
      611,
      611,
      562,
      562,
      596,
      596,
      596,
      596,
      596,
      596,
      596,
      596,
      596,
      0,
      0,
      0,
      0,
      0,
      0,
      0,
      0,
      0,
      0,
      0,
      0,
      0,
      0,
      0,
      0,
      0,
      0,
      0,
      0,
      0,
      563,
      563,
      600,
      600,
      600,
      600,
      600,
      600,
      600,
      600,
      0,
      0,
      0,
      0,
      0,
      0,
      0,
      0,
      0,
      0,
      0,
      0,
      0,
      0,
      0,
      0,
      0,
      0,
      0,
      0,
      0,
      0,
      0,
      0,
      0,
      0,
      0,
      601,
      601,
      601,
      601,
      601,
      601,
      601,
      601,
      601,
      601,
      601,
      601,
      601,
      601,
      582,
      582,
      582,
      582,
      582,
      582,
      0,
      0,
      582,
      582,
      0,
      0,
      0,
      0,
      0,
      591,
      591,
      591,
      591,
      591,
      576,
      576,
      576,
      576,
      0,
      0,
      0,
      0,
      0,
      0,
      0,
      0,
      0,
      0,
      0,
      0,
      0,
      598,
      598,
      598,
      598,
      598,
      598,
      598,
      598,
      598,
      598,
      598,
      602,
      602,
      602,
      602,
      602,
      565,
      565,
      0,
      0,
      0,
      0,
      0,
      592,
      592,
      592,
      592,
      592,
      592,
      634,
      634,
      634,
      634,
      0,
      0,
      0,
      0,
      0,
      0,
      0,
      0,
      0,
      0,
      0,
      0,
      0,
      0,
      0,
      587,
      587,
      587,
      587,
      587,
      587,
      587,
      587,
      587,
      587,
      587,
      587,
      593,
      593,
      593,
      593,
      593,
      593,
      593,
      593,
      593,
      593,
      593,
      593,
      603,
      603,
      603,
      603,
      603,
      603,
      603,
      603,
      603,
      603,
      594,
      594,
      594,
      594,
      594,
      594,
      594,
      594,
      608,
      608,
      608,
      608,
      608,
      608,
      608,
      608,
      604,
      604,
      604,
      604,
      604,
      609,
      609,
      609,
      609,
      609,
      609,
      609,
      609,
      609,
      609,
      609,
      609,
      609,
      609,
      597,
      597,
      597,
      597,
      597,
      597,
      597,
      597,
      597,
      597,
      597,
      0,
      0,
      0,
      0,
      0,
      0,
      0,
      0,
      0,
      0,
      0,
      612,
      612,
      612,
      612,
      612,
      612,
      612,
      612,
      612,
      613,
      613,
      613,
      613,
      613,
      613,
      613,
      0,
      0,
      0,
      0,
      0,
      0,
      0,
      0,
      0,
      0,
      0,
      605,
      605,
      605,
      605,
      605,
      605,
      605,
      605,
      605,
      588,
      588,
      588,
      588,
      588,
      588,
      588,
      0,
      0,
      0,
      0,
      0,
      0,
      0,
      0,
      0,
      0,
      0,
      0,
      0,
      606,
      606,
      606,
      606,
      606,
      606,
      606,
      606,
      0,
      0,
      0,
      0,
      0,
      0,
      0,
      589,
      589,
      589,
      589,
      589,
      589,
      589,
      589,
      589,
      589,
      589,
      589,
      589,
      589,
      589,
      589,
      589,
      589,
      589,
      585,
      585,
      585,
      585,
      585,
      585,
      585,
      585,
      585,
      0,
      0,
      0,
      0,
      0,
      0,
      0,
      0,
      0,
      0,
      0
    ],
    [
      0,
      0,
      0,
      0,
      0,
      0,
      0,
      0,
      0,
      0,
      0,
      0,
      0,
      0,
      0,
      0,
      0,
      0,
      0,
      0,
      0,
      0,
      0,
      0,
      0,
      0,
      0,
      0,
      0,
      0,
      0,
      0,
      0,
      0,
      0,
      0,
      0,
      0,
      0,
      0,
      0,
      0,
      0,
      0,
      0,
      0,
      0,
      0,
      0,
      0,
      0,
      0,
      0,
      0,
      0,
      0,
      0,
      0,
      0,
      0,
      0,
      0,
      0,
      0,
      0,
      0,
      0,
      0,
      0,
      0,
      0,
      0,
      0,
      0,
      0,
      0,
      0,
      0,
      0,
      0,
      0,
      0,
      0,
      0,
      0,
      0,
      0,
      0,
      0,
      0,
      0,
      0,
      0,
      0,
      0,
      0,
      0,
      0,
      599,
      599,
      599,
      599,
      599,
      599,
      599,
      590,
      590,
      590,
      0,
      0,
      0,
      0,
      0,
      0,
      0,
      0,
      0,
      0,
      0,
      0,
      0,
      586,
      0,
      0,
      0,
      0,
      0,
      0,
      0,
      586,
      586,
      0,
      568,
      595,
      595,
      595,
      595,
      595,
      595,
      595,
      611,
      611,
      611,
      562,
      562,
      596,
      596,
      596,
      596,
      596,
      596,
      596,
      596,
      596,
      0,
      0,
      0,
      0,
      0,
      0,
      0,
      0,
      0,
      0,
      0,
      0,
      0,
      0,
      0,
      0,
      0,
      0,
      0,
      0,
      0,
      563,
      563,
      600,
      600,
      600,
      600,
      600,
      600,
      600,
      600,
      0,
      0,
      0,
      0,
      0,
      0,
      0,
      0,
      0,
      0,
      0,
      0,
      0,
      0,
      0,
      0,
      0,
      0,
      0,
      0,
      0,
      0,
      0,
      0,
      0,
      0,
      0,
      601,
      601,
      601,
      601,
      601,
      601,
      601,
      601,
      601,
      601,
      601,
      601,
      601,
      601,
      582,
      582,
      582,
      582,
      582,
      0,
      0,
      0,
      582,
      0,
      0,
      0,
      0,
      0,
      0,
      591,
      591,
      591,
      591,
      591,
      591,
      576,
      576,
      576,
      0,
      0,
      0,
      0,
      0,
      0,
      0,
      0,
      0,
      0,
      0,
      0,
      0,
      598,
      598,
      598,
      598,
      598,
      598,
      598,
      598,
      598,
      598,
      598,
      602,
      602,
      602,
      602,
      602,
      602,
      602,
      602,
      602,
      602,
      0,
      0,
      592,
      592,
      592,
      592,
      592,
      592,
      634,
      634,
      634,
      634,
      0,
      0,
      0,
      0,
      0,
      0,
      0,
      0,
      0,
      0,
      0,
      0,
      0,
      0,
      0,
      0,
      0,
      0,
      0,
      0,
      0,
      0,
      0,
      587,
      587,
      587,
      587,
      593,
      593,
      593,
      593,
      593,
      593,
      593,
      593,
      593,
      593,
      593,
      593,
      603,
      603,
      603,
      603,
      603,
      603,
      603,
      603,
      603,
      603,
      603,
      594,
      594,
      594,
      594,
      594,
      594,
      594,
      608,
      608,
      608,
      608,
      608,
      608,
      608,
      608,
      604,
      604,
      604,
      604,
      604,
      609,
      609,
      609,
      609,
      609,
      609,
      609,
      609,
      609,
      609,
      609,
      609,
      609,
      609,
      597,
      597,
      597,
      597,
      597,
      597,
      597,
      597,
      597,
      597,
      597,
      0,
      0,
      0,
      0,
      0,
      0,
      0,
      0,
      0,
      0,
      0,
      612,
      612,
      612,
      612,
      612,
      612,
      612,
      612,
      613,
      613,
      613,
      613,
      613,
      613,
      613,
      613,
      0,
      0,
      0,
      0,
      0,
      0,
      0,
      0,
      0,
      0,
      0,
      605,
      605,
      605,
      605,
      605,
      605,
      605,
      605,
      605,
      588,
      588,
      588,
      0,
      0,
      0,
      0,
      0,
      0,
      0,
      0,
      0,
      0,
      0,
      0,
      0,
      0,
      0,
      0,
      606,
      606,
      606,
      606,
      606,
      606,
      606,
      606,
      606,
      624,
      610,
      610,
      610,
      610,
      610,
      589,
      589,
      589,
      589,
      589,
      589,
      589,
      589,
      589,
      589,
      589,
      589,
      589,
      589,
      589,
      589,
      589,
      589,
      585,
      585,
      585,
      585,
      585,
      585,
      585,
      585,
      585,
      585,
      585,
      0,
      0,
      0,
      0,
      0,
      0,
      0,
      0,
      0,
      0,
      0
    ],
    [
      0,
      0,
      0,
      0,
      0,
      0,
      0,
      0,
      0,
      0,
      0,
      0,
      0,
      0,
      0,
      0,
      0,
      0,
      0,
      0,
      0,
      0,
      0,
      0,
      0,
      0,
      0,
      0,
      0,
      0,
      0,
      0,
      0,
      0,
      0,
      0,
      0,
      0,
      0,
      0,
      0,
      0,
      0,
      0,
      0,
      0,
      0,
      0,
      0,
      0,
      0,
      0,
      0,
      0,
      0,
      0,
      0,
      0,
      0,
      0,
      0,
      0,
      0,
      0,
      0,
      0,
      0,
      0,
      0,
      0,
      0,
      0,
      0,
      0,
      0,
      0,
      0,
      0,
      0,
      0,
      0,
      0,
      0,
      0,
      0,
      0,
      0,
      0,
      0,
      0,
      0,
      0,
      0,
      0,
      0,
      0,
      0,
      599,
      599,
      599,
      599,
      599,
      599,
      599,
      599,
      590,
      590,
      590,
      0,
      0,
      0,
      0,
      0,
      0,
      0,
      0,
      0,
      0,
      0,
      0,
      0,
      0,
      0,
      0,
      0,
      0,
      0,
      0,
      0,
      0,
      0,
      0,
      626,
      595,
      595,
      595,
      595,
      595,
      595,
      595,
      611,
      611,
      611,
      562,
      562,
      596,
      596,
      596,
      596,
      596,
      596,
      596,
      596,
      596,
      596,
      596,
      0,
      0,
      0,
      0,
      0,
      0,
      0,
      0,
      0,
      0,
      0,
      0,
      0,
      0,
      0,
      615,
      615,
      0,
      0,
      563,
      615,
      600,
      600,
      600,
      600,
      600,
      600,
      600,
      600,
      0,
      0,
      0,
      0,
      0,
      0,
      0,
      0,
      0,
      0,
      0,
      0,
      0,
      0,
      0,
      0,
      0,
      0,
      0,
      0,
      0,
      0,
      0,
      0,
      0,
      607,
      607,
      601,
      601,
      601,
      601,
      601,
      601,
      601,
      601,
      601,
      601,
      601,
      601,
      601,
      601,
      582,
      582,
      582,
      582,
      0,
      0,
      0,
      0,
      582,
      0,
      0,
      0,
      0,
      0,
      0,
      591,
      591,
      591,
      591,
      591,
      591,
      591,
      591,
      591,
      0,
      0,
      0,
      0,
      0,
      0,
      0,
      622,
      0,
      0,
      0,
      0,
      0,
      598,
      598,
      598,
      598,
      598,
      598,
      598,
      598,
      598,
      598,
      602,
      602,
      602,
      602,
      602,
      602,
      602,
      602,
      602,
      602,
      602,
      0,
      0,
      592,
      592,
      592,
      592,
      592,
      592,
      634,
      634,
      634,
      634,
      0,
      0,
      0,
      0,
      0,
      0,
      0,
      0,
      0,
      0,
      0,
      0,
      0,
      0,
      0,
      0,
      0,
      0,
      0,
      0,
      0,
      0,
      0,
      587,
      587,
      587,
      593,
      593,
      593,
      593,
      593,
      593,
      593,
      593,
      593,
      593,
      593,
      593,
      593,
      636,
      603,
      603,
      603,
      603,
      603,
      603,
      603,
      603,
      603,
      603,
      594,
      594,
      594,
      594,
      594,
      594,
      594,
      608,
      608,
      608,
      608,
      608,
      608,
      608,
      608,
      604,
      604,
      604,
      604,
      604,
      609,
      609,
      609,
      609,
      609,
      609,
      609,
      609,
      609,
      609,
      609,
      609,
      609,
      609,
      597,
      597,
      597,
      597,
      597,
      597,
      597,
      597,
      597,
      597,
      597,
      0,
      0,
      0,
      0,
      0,
      0,
      0,
      0,
      0,
      0,
      0,
      612,
      612,
      612,
      612,
      612,
      612,
      612,
      612,
      612,
      613,
      613,
      613,
      613,
      613,
      613,
      613,
      613,
      613,
      0,
      0,
      0,
      0,
      0,
      0,
      0,
      605,
      605,
      605,
      605,
      605,
      605,
      605,
      605,
      605,
      605,
      605,
      605,
      588,
      588,
      0,
      0,
      0,
      0,
      0,
      0,
      0,
      0,
      0,
      0,
      0,
      0,
      0,
      0,
      0,
      0,
      606,
      606,
      606,
      606,
      606,
      606,
      606,
      606,
      606,
      624,
      610,
      610,
      610,
      610,
      625,
      589,
      589,
      589,
      589,
      589,
      589,
      589,
      589,
      589,
      589,
      589,
      589,
      589,
      589,
      589,
      589,
      589,
      589,
      585,
      585,
      585,
      585,
      585,
      585,
      585,
      585,
      585,
      585,
      0,
      0,
      0,
      0,
      0,
      0,
      0,
      0,
      0,
      0,
      0,
      0
    ],
    [
      0,
      0,
      0,
      0,
      0,
      0,
      0,
      0,
      0,
      0,
      0,
      0,
      0,
      0,
      0,
      0,
      0,
      0,
      0,
      0,
      0,
      0,
      0,
      0,
      0,
      0,
      0,
      0,
      0,
      0,
      0,
      0,
      0,
      0,
      0,
      0,
      0,
      0,
      0,
      0,
      0,
      0,
      0,
      0,
      0,
      0,
      0,
      0,
      0,
      0,
      0,
      0,
      0,
      0,
      0,
      0,
      0,
      0,
      0,
      0,
      0,
      0,
      0,
      0,
      0,
      0,
      0,
      0,
      0,
      0,
      0,
      0,
      0,
      0,
      0,
      0,
      0,
      0,
      0,
      0,
      0,
      0,
      0,
      0,
      0,
      0,
      0,
      0,
      0,
      0,
      0,
      0,
      0,
      0,
      0,
      0,
      0,
      599,
      599,
      599,
      599,
      599,
      599,
      599,
      599,
      590,
      590,
      590,
      0,
      0,
      0,
      0,
      0,
      0,
      0,
      0,
      0,
      0,
      0,
      0,
      0,
      0,
      0,
      0,
      0,
      0,
      0,
      0,
      0,
      0,
      0,
      0,
      626,
      595,
      595,
      595,
      595,
      595,
      595,
      595,
      611,
      611,
      611,
      562,
      596,
      596,
      596,
      596,
      596,
      596,
      596,
      596,
      596,
      596,
      596,
      0,
      0,
      0,
      0,
      0,
      0,
      0,
      0,
      0,
      0,
      0,
      0,
      0,
      0,
      0,
      0,
      615,
      615,
      615,
      615,
      615,
      615,
      600,
      600,
      600,
      600,
      600,
      600,
      600,
      600,
      0,
      0,
      0,
      0,
      0,
      0,
      0,
      0,
      0,
      0,
      0,
      0,
      0,
      0,
      0,
      0,
      0,
      0,
      0,
      0,
      0,
      0,
      0,
      0,
      0,
      607,
      607,
      607,
      607,
      601,
      601,
      601,
      601,
      601,
      601,
      601,
      601,
      601,
      601,
      601,
      601,
      582,
      582,
      582,
      0,
      0,
      0,
      0,
      0,
      582,
      0,
      0,
      0,
      0,
      0,
      0,
      591,
      591,
      591,
      591,
      591,
      591,
      591,
      591,
      591,
      591,
      0,
      0,
      0,
      0,
      0,
      0,
      622,
      0,
      0,
      0,
      0,
      0,
      598,
      598,
      598,
      598,
      598,
      598,
      598,
      598,
      598,
      598,
      602,
      602,
      602,
      602,
      602,
      602,
      602,
      602,
      602,
      602,
      602,
      602,
      602,
      592,
      592,
      592,
      592,
      592,
      592,
      634,
      634,
      634,
      634,
      0,
      0,
      0,
      0,
      0,
      0,
      0,
      0,
      0,
      0,
      0,
      0,
      0,
      0,
      0,
      0,
      0,
      0,
      0,
      0,
      0,
      0,
      0,
      587,
      587,
      587,
      593,
      593,
      593,
      593,
      593,
      593,
      593,
      593,
      593,
      593,
      593,
      593,
      593,
      636,
      636,
      636,
      603,
      603,
      603,
      603,
      603,
      603,
      603,
      603,
      594,
      594,
      594,
      594,
      594,
      594,
      608,
      608,
      608,
      608,
      608,
      608,
      608,
      608,
      608,
      604,
      604,
      604,
      604,
      604,
      609,
      609,
      609,
      609,
      609,
      609,
      609,
      609,
      609,
      609,
      609,
      609,
      609,
      609,
      597,
      597,
      597,
      597,
      597,
      597,
      597,
      597,
      0,
      0,
      0,
      0,
      0,
      0,
      0,
      0,
      0,
      0,
      0,
      0,
      0,
      0,
      612,
      612,
      612,
      612,
      612,
      612,
      612,
      612,
      612,
      613,
      613,
      613,
      613,
      613,
      613,
      613,
      613,
      613,
      613,
      613,
      0,
      0,
      0,
      0,
      0,
      605,
      605,
      605,
      605,
      605,
      605,
      605,
      605,
      605,
      605,
      605,
      605,
      629,
      629,
      0,
      0,
      0,
      0,
      0,
      0,
      0,
      0,
      0,
      0,
      0,
      0,
      0,
      0,
      0,
      0,
      606,
      606,
      606,
      606,
      606,
      606,
      606,
      606,
      606,
      624,
      610,
      610,
      610,
      610,
      625,
      589,
      589,
      589,
      589,
      589,
      589,
      589,
      589,
      589,
      589,
      589,
      589,
      589,
      589,
      589,
      589,
      589,
      614,
      614,
      614,
      614,
      614,
      585,
      585,
      585,
      0,
      0,
      0,
      0,
      0,
      0,
      0,
      0,
      0,
      0,
      0,
      0,
      0,
      0,
      0
    ],
    [
      0,
      0,
      0,
      0,
      0,
      0,
      0,
      0,
      0,
      0,
      0,
      0,
      0,
      0,
      0,
      0,
      0,
      0,
      0,
      0,
      0,
      0,
      0,
      0,
      0,
      0,
      0,
      0,
      0,
      0,
      0,
      0,
      0,
      0,
      0,
      0,
      0,
      0,
      0,
      0,
      0,
      0,
      0,
      0,
      0,
      0,
      0,
      0,
      0,
      0,
      0,
      0,
      0,
      0,
      0,
      0,
      0,
      0,
      0,
      0,
      0,
      0,
      0,
      0,
      0,
      0,
      0,
      0,
      0,
      0,
      0,
      0,
      0,
      0,
      0,
      0,
      0,
      0,
      0,
      0,
      0,
      0,
      0,
      0,
      0,
      0,
      0,
      0,
      0,
      0,
      0,
      0,
      0,
      0,
      0,
      0,
      0,
      599,
      599,
      599,
      599,
      599,
      599,
      599,
      599,
      599,
      599,
      590,
      0,
      0,
      0,
      0,
      0,
      0,
      0,
      0,
      0,
      0,
      0,
      0,
      0,
      0,
      0,
      0,
      0,
      0,
      0,
      0,
      0,
      0,
      0,
      0,
      626,
      626,
      611,
      611,
      611,
      611,
      611,
      611,
      611,
      611,
      611,
      611,
      611,
      611,
      0,
      0,
      0,
      0,
      0,
      0,
      0,
      0,
      0,
      0,
      0,
      0,
      0,
      0,
      0,
      0,
      0,
      0,
      0,
      0,
      0,
      0,
      0,
      0,
      0,
      615,
      615,
      615,
      615,
      615,
      615,
      600,
      600,
      600,
      600,
      600,
      600,
      600,
      600,
      0,
      0,
      0,
      0,
      0,
      0,
      0,
      0,
      0,
      0,
      0,
      0,
      0,
      0,
      0,
      0,
      0,
      0,
      0,
      0,
      0,
      0,
      607,
      607,
      607,
      607,
      607,
      607,
      607,
      601,
      601,
      601,
      601,
      601,
      601,
      601,
      601,
      601,
      601,
      601,
      601,
      582,
      582,
      582,
      0,
      0,
      0,
      0,
      0,
      0,
      0,
      0,
      0,
      0,
      0,
      0,
      591,
      591,
      591,
      591,
      591,
      591,
      591,
      591,
      591,
      591,
      0,
      0,
      0,
      0,
      0,
      622,
      622,
      0,
      0,
      0,
      0,
      0,
      598,
      598,
      598,
      598,
      598,
      598,
      598,
      598,
      598,
      598,
      602,
      602,
      602,
      602,
      602,
      602,
      602,
      602,
      602,
      602,
      602,
      602,
      602,
      602,
      634,
      634,
      634,
      634,
      634,
      634,
      634,
      634,
      634,
      0,
      0,
      0,
      0,
      0,
      0,
      0,
      0,
      0,
      0,
      0,
      0,
      0,
      0,
      0,
      0,
      0,
      0,
      0,
      0,
      0,
      0,
      0,
      0,
      0,
      593,
      593,
      593,
      593,
      593,
      593,
      593,
      593,
      593,
      593,
      593,
      593,
      593,
      593,
      636,
      636,
      636,
      603,
      603,
      603,
      603,
      603,
      603,
      603,
      603,
      594,
      594,
      594,
      594,
      594,
      0,
      608,
      608,
      608,
      608,
      608,
      608,
      608,
      608,
      608,
      604,
      604,
      604,
      604,
      604,
      609,
      609,
      609,
      609,
      609,
      609,
      609,
      609,
      609,
      609,
      609,
      609,
      609,
      609,
      597,
      597,
      597,
      597,
      597,
      597,
      0,
      0,
      0,
      0,
      0,
      0,
      0,
      0,
      0,
      0,
      0,
      0,
      0,
      0,
      0,
      0,
      612,
      612,
      612,
      612,
      612,
      612,
      612,
      612,
      612,
      613,
      613,
      613,
      613,
      613,
      613,
      613,
      613,
      613,
      613,
      613,
      0,
      0,
      0,
      0,
      605,
      605,
      605,
      605,
      605,
      605,
      605,
      605,
      605,
      605,
      605,
      605,
      605,
      629,
      629,
      0,
      0,
      0,
      0,
      0,
      0,
      0,
      0,
      0,
      0,
      0,
      0,
      0,
      0,
      0,
      0,
      606,
      606,
      606,
      606,
      606,
      606,
      606,
      606,
      606,
      624,
      610,
      610,
      610,
      610,
      625,
      589,
      589,
      589,
      589,
      589,
      589,
      589,
      589,
      589,
      589,
      616,
      616,
      616,
      616,
      589,
      589,
      589,
      614,
      614,
      614,
      614,
      614,
      585,
      585,
      585,
      0,
      0,
      0,
      0,
      0,
      0,
      0,
      0,
      0,
      0,
      0,
      0,
      0,
      0,
      0
    ],
    [
      0,
      0,
      0,
      0,
      0,
      0,
      0,
      0,
      0,
      0,
      0,
      0,
      0,
      0,
      0,
      0,
      0,
      0,
      0,
      0,
      0,
      0,
      0,
      0,
      0,
      0,
      0,
      0,
      0,
      0,
      0,
      0,
      0,
      0,
      0,
      0,
      0,
      0,
      0,
      0,
      0,
      0,
      0,
      0,
      0,
      0,
      0,
      0,
      0,
      0,
      0,
      0,
      0,
      0,
      0,
      0,
      0,
      0,
      0,
      0,
      0,
      0,
      0,
      0,
      0,
      0,
      0,
      0,
      0,
      0,
      0,
      0,
      0,
      0,
      0,
      0,
      0,
      0,
      0,
      0,
      0,
      0,
      0,
      0,
      0,
      0,
      0,
      0,
      0,
      0,
      0,
      0,
      0,
      0,
      0,
      0,
      0,
      599,
      599,
      599,
      599,
      599,
      599,
      599,
      599,
      599,
      599,
      599,
      599,
      0,
      0,
      0,
      0,
      0,
      0,
      0,
      0,
      0,
      0,
      0,
      0,
      0,
      0,
      0,
      0,
      0,
      0,
      0,
      0,
      0,
      0,
      0,
      626,
      626,
      626,
      611,
      611,
      611,
      611,
      611,
      611,
      611,
      611,
      611,
      611,
      611,
      621,
      621,
      621,
      621,
      621,
      621,
      621,
      621,
      621,
      621,
      621,
      621,
      621,
      621,
      0,
      0,
      0,
      0,
      0,
      0,
      0,
      0,
      0,
      0,
      0,
      615,
      615,
      615,
      615,
      615,
      615,
      600,
      600,
      600,
      600,
      600,
      600,
      600,
      600,
      0,
      0,
      0,
      0,
      0,
      0,
      0,
      0,
      0,
      0,
      0,
      0,
      0,
      0,
      0,
      0,
      0,
      0,
      0,
      0,
      0,
      0,
      607,
      607,
      607,
      607,
      607,
      607,
      607,
      601,
      601,
      601,
      601,
      601,
      601,
      601,
      601,
      601,
      601,
      601,
      601,
      582,
      0,
      0,
      0,
      0,
      0,
      0,
      0,
      0,
      0,
      0,
      0,
      0,
      0,
      0,
      591,
      591,
      591,
      591,
      591,
      591,
      591,
      591,
      591,
      591,
      0,
      622,
      622,
      0,
      622,
      622,
      622,
      0,
      0,
      0,
      0,
      0,
      0,
      598,
      598,
      598,
      598,
      598,
      598,
      598,
      598,
      598,
      602,
      602,
      602,
      602,
      602,
      602,
      602,
      602,
      602,
      602,
      602,
      602,
      602,
      602,
      634,
      634,
      634,
      634,
      634,
      634,
      634,
      634,
      634,
      0,
      0,
      0,
      0,
      0,
      0,
      0,
      0,
      0,
      0,
      0,
      0,
      0,
      0,
      0,
      0,
      0,
      0,
      0,
      0,
      0,
      0,
      0,
      0,
      0,
      628,
      628,
      628,
      628,
      628,
      593,
      593,
      593,
      593,
      593,
      593,
      593,
      593,
      593,
      636,
      636,
      636,
      636,
      603,
      603,
      603,
      603,
      603,
      603,
      603,
      594,
      594,
      594,
      594,
      0,
      0,
      608,
      608,
      608,
      608,
      608,
      608,
      608,
      608,
      608,
      604,
      604,
      604,
      604,
      604,
      604,
      609,
      609,
      609,
      609,
      609,
      609,
      609,
      609,
      609,
      609,
      609,
      609,
      609,
      0,
      0,
      0,
      0,
      0,
      0,
      0,
      0,
      0,
      0,
      0,
      0,
      0,
      0,
      0,
      0,
      0,
      0,
      0,
      0,
      0,
      0,
      612,
      612,
      612,
      612,
      612,
      612,
      612,
      612,
      612,
      613,
      613,
      613,
      613,
      613,
      613,
      613,
      623,
      623,
      623,
      613,
      0,
      0,
      0,
      0,
      605,
      605,
      605,
      605,
      605,
      605,
      605,
      605,
      605,
      605,
      605,
      605,
      605,
      629,
      629,
      0,
      0,
      0,
      0,
      0,
      0,
      0,
      0,
      0,
      0,
      0,
      0,
      0,
      0,
      0,
      0,
      606,
      606,
      606,
      606,
      606,
      606,
      606,
      606,
      606,
      624,
      610,
      610,
      610,
      610,
      625,
      589,
      589,
      589,
      589,
      589,
      589,
      589,
      589,
      0,
      616,
      616,
      616,
      616,
      616,
      589,
      589,
      589,
      614,
      614,
      614,
      614,
      614,
      585,
      585,
      585,
      0,
      0,
      0,
      0,
      0,
      0,
      0,
      0,
      0,
      0,
      0,
      0,
      0,
      0,
      0
    ],
    [
      0,
      0,
      0,
      0,
      0,
      0,
      0,
      0,
      0,
      0,
      0,
      0,
      0,
      0,
      0,
      0,
      0,
      0,
      0,
      0,
      0,
      0,
      0,
      0,
      0,
      0,
      0,
      0,
      0,
      0,
      0,
      0,
      0,
      0,
      0,
      0,
      0,
      0,
      0,
      0,
      0,
      0,
      0,
      0,
      0,
      0,
      0,
      0,
      0,
      0,
      0,
      0,
      0,
      0,
      0,
      0,
      0,
      0,
      0,
      0,
      0,
      0,
      0,
      0,
      0,
      0,
      0,
      0,
      0,
      0,
      0,
      0,
      0,
      0,
      0,
      0,
      0,
      0,
      0,
      0,
      0,
      0,
      0,
      0,
      0,
      0,
      0,
      0,
      0,
      0,
      0,
      0,
      0,
      0,
      0,
      0,
      0,
      599,
      599,
      599,
      599,
      599,
      599,
      599,
      599,
      599,
      599,
      599,
      599,
      0,
      0,
      0,
      0,
      0,
      0,
      0,
      0,
      0,
      0,
      0,
      0,
      0,
      0,
      0,
      617,
      0,
      0,
      0,
      0,
      0,
      0,
      0,
      626,
      626,
      626,
      611,
      611,
      611,
      611,
      611,
      611,
      611,
      611,
      611,
      611,
      611,
      611,
      611,
      621,
      621,
      621,
      621,
      621,
      621,
      621,
      621,
      621,
      621,
      621,
      621,
      621,
      621,
      0,
      0,
      0,
      0,
      0,
      0,
      0,
      615,
      615,
      615,
      615,
      615,
      615,
      615,
      615,
      600,
      600,
      600,
      600,
      600,
      600,
      600,
      600,
      0,
      0,
      0,
      0,
      0,
      0,
      0,
      0,
      0,
      0,
      0,
      0,
      0,
      0,
      0,
      0,
      0,
      0,
      0,
      0,
      0,
      0,
      607,
      607,
      607,
      607,
      607,
      607,
      607,
      618,
      618,
      618,
      618,
      618,
      618,
      618,
      618,
      618,
      618,
      0,
      0,
      0,
      0,
      0,
      0,
      0,
      0,
      0,
      0,
      0,
      0,
      0,
      0,
      0,
      0,
      0,
      591,
      591,
      591,
      591,
      591,
      591,
      591,
      591,
      591,
      591,
      0,
      622,
      622,
      622,
      622,
      622,
      622,
      0,
      0,
      0,
      0,
      0,
      0,
      0,
      598,
      598,
      598,
      598,
      598,
      598,
      598,
      598,
      602,
      602,
      602,
      602,
      602,
      602,
      602,
      602,
      602,
      602,
      602,
      602,
      602,
      602,
      602,
      634,
      634,
      634,
      634,
      634,
      634,
      634,
      634,
      0,
      0,
      0,
      0,
      0,
      0,
      0,
      0,
      0,
      0,
      0,
      0,
      0,
      0,
      0,
      0,
      0,
      0,
      0,
      0,
      0,
      0,
      0,
      0,
      628,
      628,
      628,
      628,
      628,
      630,
      630,
      593,
      593,
      593,
      593,
      636,
      636,
      636,
      636,
      636,
      636,
      636,
      636,
      603,
      603,
      603,
      603,
      603,
      603,
      603,
      594,
      594,
      594,
      594,
      0,
      0,
      608,
      608,
      608,
      608,
      608,
      608,
      608,
      608,
      608,
      604,
      604,
      619,
      619,
      619,
      604,
      609,
      609,
      609,
      609,
      609,
      609,
      609,
      609,
      609,
      609,
      609,
      609,
      0,
      0,
      0,
      0,
      0,
      0,
      0,
      0,
      0,
      0,
      0,
      0,
      0,
      0,
      0,
      0,
      0,
      0,
      0,
      0,
      0,
      0,
      0,
      612,
      612,
      612,
      612,
      612,
      612,
      612,
      612,
      612,
      613,
      613,
      613,
      613,
      613,
      613,
      613,
      623,
      623,
      623,
      613,
      0,
      0,
      0,
      0,
      631,
      631,
      631,
      631,
      631,
      631,
      605,
      605,
      605,
      605,
      629,
      629,
      629,
      629,
      629,
      0,
      0,
      0,
      0,
      0,
      0,
      0,
      0,
      0,
      0,
      0,
      0,
      0,
      0,
      0,
      0,
      606,
      606,
      606,
      606,
      606,
      606,
      606,
      606,
      624,
      624,
      624,
      624,
      625,
      625,
      625,
      589,
      589,
      589,
      589,
      589,
      589,
      589,
      0,
      0,
      616,
      616,
      616,
      616,
      616,
      589,
      589,
      589,
      614,
      614,
      614,
      614,
      614,
      585,
      585,
      585,
      0,
      0,
      0,
      0,
      0,
      0,
      0,
      0,
      0,
      0,
      0,
      0,
      0,
      0,
      0
    ],
    [
      0,
      0,
      0,
      0,
      0,
      0,
      0,
      0,
      0,
      0,
      0,
      0,
      0,
      0,
      0,
      0,
      0,
      0,
      0,
      0,
      0,
      0,
      0,
      0,
      0,
      0,
      0,
      0,
      0,
      0,
      0,
      0,
      0,
      0,
      0,
      0,
      0,
      0,
      0,
      0,
      0,
      0,
      0,
      0,
      0,
      0,
      0,
      0,
      0,
      0,
      0,
      0,
      0,
      0,
      0,
      0,
      0,
      0,
      0,
      0,
      0,
      0,
      0,
      0,
      0,
      0,
      0,
      0,
      0,
      0,
      0,
      0,
      0,
      0,
      0,
      0,
      0,
      0,
      0,
      0,
      0,
      0,
      0,
      0,
      0,
      0,
      0,
      0,
      0,
      0,
      0,
      0,
      0,
      0,
      0,
      0,
      0,
      599,
      599,
      599,
      599,
      599,
      599,
      599,
      599,
      599,
      599,
      599,
      599,
      617,
      617,
      617,
      617,
      617,
      617,
      617,
      617,
      617,
      617,
      617,
      617,
      617,
      617,
      617,
      617,
      0,
      0,
      0,
      0,
      0,
      0,
      0,
      626,
      626,
      626,
      626,
      626,
      626,
      626,
      611,
      611,
      611,
      620,
      620,
      620,
      620,
      620,
      620,
      620,
      620,
      621,
      621,
      621,
      621,
      621,
      621,
      621,
      621,
      621,
      621,
      621,
      621,
      621,
      621,
      621,
      621,
      621,
      621,
      615,
      615,
      615,
      615,
      615,
      615,
      615,
      615,
      615,
      600,
      600,
      600,
      600,
      600,
      600,
      600,
      0,
      0,
      0,
      0,
      0,
      0,
      0,
      0,
      627,
      627,
      627,
      627,
      627,
      627,
      627,
      627,
      627,
      0,
      0,
      0,
      0,
      0,
      0,
      607,
      607,
      607,
      607,
      607,
      607,
      0,
      618,
      618,
      618,
      618,
      618,
      618,
      618,
      618,
      618,
      0,
      0,
      0,
      0,
      0,
      0,
      0,
      0,
      0,
      0,
      0,
      0,
      0,
      0,
      0,
      0,
      0,
      0,
      0,
      591,
      591,
      591,
      591,
      591,
      591,
      591,
      591,
      591,
      622,
      622,
      622,
      622,
      622,
      622,
      622,
      622,
      0,
      0,
      0,
      0,
      0,
      0,
      0,
      598,
      598,
      598,
      598,
      598,
      598,
      598,
      598,
      598,
      602,
      602,
      602,
      602,
      602,
      0,
      0,
      0,
      0,
      0,
      0,
      0,
      0,
      634,
      634,
      634,
      634,
      634,
      634,
      634,
      634,
      634,
      0,
      0,
      0,
      0,
      0,
      0,
      0,
      0,
      0,
      0,
      0,
      0,
      0,
      0,
      0,
      0,
      0,
      0,
      0,
      0,
      0,
      628,
      628,
      628,
      628,
      628,
      628,
      628,
      630,
      630,
      630,
      630,
      630,
      630,
      636,
      636,
      636,
      636,
      636,
      636,
      636,
      636,
      603,
      603,
      603,
      603,
      603,
      603,
      603,
      594,
      594,
      594,
      0,
      0,
      0,
      608,
      608,
      608,
      608,
      608,
      608,
      608,
      608,
      608,
      604,
      619,
      619,
      619,
      619,
      604,
      609,
      609,
      609,
      609,
      609,
      609,
      609,
      609,
      609,
      609,
      609,
      609,
      0,
      0,
      0,
      0,
      0,
      0,
      0,
      0,
      0,
      0,
      0,
      0,
      0,
      0,
      0,
      0,
      0,
      0,
      0,
      0,
      0,
      0,
      0,
      0,
      0,
      0,
      0,
      0,
      0,
      0,
      0,
      0,
      613,
      613,
      613,
      613,
      623,
      623,
      623,
      623,
      623,
      623,
      613,
      0,
      0,
      0,
      648,
      631,
      631,
      631,
      631,
      631,
      631,
      605,
      605,
      605,
      605,
      629,
      629,
      629,
      629,
      629,
      0,
      0,
      0,
      0,
      0,
      0,
      0,
      0,
      0,
      0,
      0,
      0,
      0,
      0,
      0,
      0,
      606,
      606,
      606,
      606,
      606,
      606,
      606,
      624,
      624,
      624,
      624,
      624,
      625,
      625,
      625,
      589,
      589,
      589,
      589,
      589,
      589,
      589,
      0,
      0,
      616,
      616,
      616,
      616,
      616,
      589,
      589,
      589,
      614,
      614,
      614,
      614,
      614,
      585,
      585,
      0,
      0,
      0,
      0,
      0,
      0,
      0,
      0,
      0,
      0,
      0,
      0,
      0,
      0,
      0,
      0
    ],
    [
      0,
      0,
      0,
      0,
      0,
      0,
      0,
      0,
      0,
      0,
      0,
      0,
      0,
      0,
      0,
      0,
      0,
      0,
      0,
      0,
      0,
      0,
      0,
      0,
      0,
      0,
      0,
      0,
      0,
      0,
      0,
      0,
      0,
      0,
      0,
      0,
      0,
      0,
      0,
      0,
      0,
      0,
      0,
      0,
      0,
      0,
      0,
      0,
      0,
      0,
      0,
      0,
      0,
      0,
      0,
      0,
      0,
      0,
      0,
      0,
      0,
      0,
      0,
      0,
      0,
      0,
      0,
      0,
      0,
      0,
      0,
      0,
      0,
      0,
      0,
      0,
      0,
      0,
      0,
      0,
      0,
      0,
      0,
      0,
      0,
      0,
      0,
      0,
      0,
      0,
      0,
      0,
      0,
      0,
      0,
      0,
      0,
      599,
      599,
      599,
      599,
      599,
      599,
      599,
      599,
      599,
      599,
      599,
      599,
      617,
      617,
      617,
      617,
      617,
      617,
      617,
      617,
      617,
      617,
      617,
      617,
      617,
      617,
      617,
      617,
      0,
      0,
      0,
      0,
      0,
      626,
      626,
      626,
      626,
      626,
      626,
      626,
      626,
      626,
      611,
      611,
      611,
      620,
      620,
      620,
      620,
      620,
      620,
      620,
      620,
      621,
      621,
      621,
      621,
      621,
      621,
      621,
      621,
      621,
      621,
      621,
      621,
      621,
      621,
      621,
      621,
      621,
      615,
      615,
      615,
      615,
      615,
      615,
      615,
      615,
      615,
      615,
      615,
      0,
      0,
      0,
      0,
      0,
      0,
      0,
      0,
      0,
      0,
      0,
      0,
      627,
      627,
      627,
      627,
      627,
      627,
      627,
      627,
      627,
      627,
      627,
      0,
      0,
      0,
      0,
      0,
      0,
      607,
      607,
      607,
      0,
      0,
      0,
      0,
      618,
      618,
      618,
      618,
      618,
      618,
      618,
      618,
      0,
      0,
      0,
      0,
      0,
      0,
      0,
      0,
      0,
      0,
      0,
      0,
      0,
      0,
      0,
      0,
      0,
      0,
      0,
      0,
      0,
      0,
      0,
      0,
      591,
      591,
      591,
      591,
      591,
      622,
      622,
      622,
      622,
      622,
      622,
      622,
      622,
      0,
      0,
      0,
      0,
      0,
      0,
      0,
      0,
      598,
      598,
      598,
      598,
      598,
      598,
      598,
      598,
      598,
      602,
      602,
      602,
      602,
      0,
      0,
      0,
      0,
      0,
      0,
      0,
      0,
      634,
      634,
      634,
      634,
      634,
      634,
      634,
      634,
      634,
      0,
      0,
      0,
      0,
      0,
      0,
      0,
      0,
      0,
      0,
      0,
      0,
      0,
      0,
      0,
      0,
      0,
      0,
      0,
      0,
      628,
      628,
      628,
      628,
      628,
      628,
      628,
      628,
      630,
      630,
      630,
      630,
      630,
      630,
      636,
      636,
      636,
      636,
      636,
      636,
      636,
      636,
      603,
      603,
      603,
      603,
      603,
      603,
      603,
      594,
      594,
      0,
      0,
      0,
      0,
      0,
      0,
      0,
      608,
      608,
      608,
      608,
      608,
      608,
      619,
      619,
      619,
      619,
      619,
      604,
      609,
      609,
      609,
      609,
      609,
      609,
      609,
      609,
      609,
      609,
      609,
      609,
      0,
      0,
      0,
      0,
      0,
      0,
      0,
      0,
      0,
      0,
      0,
      0,
      0,
      0,
      0,
      0,
      0,
      0,
      0,
      0,
      0,
      0,
      0,
      0,
      0,
      0,
      0,
      0,
      0,
      0,
      0,
      0,
      613,
      613,
      613,
      613,
      623,
      623,
      623,
      623,
      623,
      623,
      648,
      648,
      648,
      648,
      648,
      631,
      631,
      631,
      631,
      631,
      631,
      605,
      605,
      605,
      605,
      629,
      629,
      629,
      629,
      629,
      629,
      629,
      629,
      0,
      0,
      0,
      0,
      0,
      0,
      0,
      0,
      0,
      0,
      0,
      0,
      0,
      0,
      624,
      624,
      624,
      624,
      624,
      624,
      624,
      624,
      624,
      624,
      624,
      625,
      625,
      625,
      625,
      625,
      625,
      625,
      0,
      0,
      0,
      0,
      0,
      616,
      616,
      616,
      616,
      616,
      589,
      589,
      614,
      614,
      614,
      614,
      614,
      614,
      585,
      0,
      0,
      0,
      0,
      0,
      0,
      0,
      0,
      0,
      0,
      0,
      0,
      0,
      0,
      0,
      0,
      0
    ],
    [
      0,
      0,
      0,
      0,
      0,
      0,
      0,
      0,
      0,
      0,
      0,
      0,
      0,
      0,
      0,
      0,
      0,
      0,
      0,
      0,
      0,
      0,
      0,
      0,
      0,
      0,
      0,
      0,
      0,
      0,
      0,
      0,
      0,
      0,
      0,
      0,
      0,
      0,
      0,
      0,
      0,
      0,
      0,
      0,
      0,
      0,
      0,
      0,
      0,
      0,
      0,
      0,
      0,
      0,
      0,
      0,
      0,
      0,
      0,
      0,
      0,
      0,
      0,
      0,
      0,
      0,
      0,
      0,
      0,
      0,
      0,
      0,
      0,
      0,
      0,
      0,
      0,
      0,
      0,
      0,
      0,
      0,
      0,
      0,
      0,
      0,
      0,
      0,
      0,
      632,
      632,
      632,
      632,
      632,
      632,
      632,
      632,
      599,
      599,
      599,
      599,
      599,
      599,
      599,
      599,
      599,
      635,
      635,
      635,
      635,
      635,
      635,
      617,
      617,
      617,
      617,
      617,
      617,
      617,
      617,
      617,
      617,
      617,
      617,
      617,
      0,
      0,
      0,
      0,
      626,
      626,
      626,
      626,
      626,
      626,
      626,
      626,
      626,
      626,
      611,
      611,
      611,
      620,
      620,
      620,
      620,
      620,
      620,
      620,
      620,
      621,
      621,
      621,
      621,
      621,
      621,
      621,
      621,
      621,
      621,
      621,
      621,
      621,
      621,
      621,
      621,
      615,
      615,
      615,
      615,
      615,
      615,
      615,
      0,
      0,
      0,
      0,
      0,
      0,
      0,
      0,
      0,
      0,
      0,
      0,
      0,
      0,
      0,
      0,
      0,
      627,
      627,
      627,
      627,
      627,
      627,
      627,
      627,
      627,
      627,
      627,
      0,
      0,
      0,
      0,
      0,
      0,
      0,
      0,
      0,
      0,
      0,
      0,
      0,
      618,
      618,
      618,
      618,
      618,
      618,
      618,
      0,
      0,
      0,
      0,
      0,
      0,
      0,
      0,
      0,
      0,
      0,
      0,
      0,
      0,
      0,
      0,
      0,
      0,
      0,
      0,
      0,
      0,
      0,
      0,
      0,
      0,
      622,
      622,
      622,
      622,
      622,
      622,
      622,
      622,
      622,
      622,
      622,
      622,
      0,
      0,
      0,
      0,
      0,
      0,
      0,
      0,
      0,
      0,
      598,
      598,
      598,
      598,
      598,
      598,
      598,
      602,
      602,
      602,
      602,
      0,
      0,
      0,
      0,
      0,
      0,
      0,
      0,
      0,
      0,
      634,
      634,
      634,
      634,
      634,
      634,
      634,
      0,
      0,
      0,
      0,
      0,
      0,
      0,
      0,
      0,
      0,
      0,
      0,
      0,
      0,
      0,
      0,
      0,
      0,
      0,
      628,
      628,
      628,
      628,
      628,
      628,
      628,
      628,
      628,
      630,
      630,
      630,
      630,
      630,
      636,
      636,
      636,
      636,
      636,
      636,
      636,
      636,
      636,
      603,
      603,
      603,
      603,
      603,
      603,
      603,
      594,
      0,
      0,
      0,
      0,
      0,
      0,
      0,
      0,
      608,
      608,
      608,
      608,
      608,
      608,
      619,
      619,
      619,
      619,
      619,
      604,
      609,
      609,
      609,
      609,
      609,
      609,
      609,
      609,
      609,
      609,
      609,
      609,
      0,
      0,
      0,
      0,
      0,
      0,
      0,
      0,
      0,
      0,
      0,
      0,
      0,
      0,
      0,
      0,
      0,
      0,
      0,
      0,
      0,
      0,
      0,
      0,
      0,
      0,
      0,
      0,
      0,
      0,
      0,
      0,
      613,
      613,
      613,
      613,
      623,
      623,
      623,
      623,
      623,
      623,
      648,
      648,
      648,
      648,
      648,
      631,
      631,
      631,
      631,
      631,
      631,
      605,
      605,
      605,
      605,
      629,
      629,
      629,
      629,
      629,
      629,
      629,
      629,
      0,
      0,
      0,
      0,
      0,
      0,
      0,
      0,
      0,
      0,
      0,
      0,
      0,
      0,
      0,
      0,
      624,
      624,
      624,
      624,
      624,
      624,
      624,
      624,
      624,
      625,
      625,
      625,
      625,
      625,
      625,
      625,
      0,
      0,
      0,
      0,
      0,
      616,
      616,
      616,
      616,
      616,
      616,
      616,
      616,
      616,
      616,
      616,
      616,
      616,
      616,
      0,
      0,
      0,
      0,
      0,
      0,
      0,
      0,
      0,
      0,
      0,
      0,
      0,
      0,
      0,
      0,
      0
    ],
    [
      0,
      0,
      0,
      0,
      0,
      0,
      0,
      0,
      0,
      0,
      0,
      0,
      0,
      0,
      0,
      0,
      0,
      0,
      0,
      0,
      0,
      0,
      0,
      0,
      0,
      0,
      0,
      0,
      0,
      0,
      0,
      0,
      0,
      0,
      0,
      0,
      0,
      0,
      0,
      0,
      0,
      0,
      0,
      0,
      0,
      0,
      0,
      0,
      0,
      0,
      0,
      0,
      0,
      0,
      0,
      0,
      0,
      0,
      0,
      0,
      0,
      0,
      0,
      0,
      0,
      0,
      0,
      0,
      0,
      0,
      0,
      0,
      0,
      0,
      0,
      0,
      0,
      0,
      0,
      0,
      0,
      0,
      0,
      0,
      0,
      0,
      0,
      0,
      0,
      632,
      632,
      632,
      632,
      632,
      632,
      632,
      632,
      599,
      599,
      599,
      599,
      599,
      599,
      635,
      635,
      635,
      635,
      635,
      635,
      635,
      635,
      635,
      617,
      617,
      617,
      617,
      617,
      617,
      617,
      617,
      617,
      617,
      617,
      617,
      617,
      633,
      633,
      633,
      633,
      633,
      633,
      633,
      626,
      626,
      626,
      626,
      626,
      626,
      626,
      626,
      611,
      611,
      620,
      620,
      620,
      620,
      620,
      620,
      620,
      620,
      621,
      0,
      0,
      621,
      621,
      621,
      621,
      621,
      621,
      621,
      621,
      621,
      621,
      621,
      621,
      615,
      615,
      615,
      615,
      615,
      615,
      615,
      615,
      0,
      0,
      0,
      0,
      0,
      0,
      0,
      0,
      0,
      0,
      0,
      0,
      0,
      0,
      0,
      0,
      0,
      627,
      627,
      627,
      627,
      627,
      627,
      627,
      627,
      627,
      627,
      627,
      0,
      0,
      0,
      0,
      0,
      0,
      0,
      0,
      0,
      0,
      0,
      0,
      646,
      646,
      618,
      618,
      618,
      0,
      0,
      0,
      0,
      0,
      0,
      0,
      0,
      0,
      0,
      0,
      0,
      0,
      0,
      0,
      0,
      0,
      0,
      0,
      0,
      0,
      0,
      0,
      0,
      0,
      0,
      0,
      0,
      0,
      622,
      622,
      622,
      622,
      622,
      622,
      622,
      622,
      622,
      622,
      622,
      622,
      0,
      0,
      0,
      0,
      0,
      0,
      0,
      0,
      0,
      0,
      598,
      598,
      598,
      598,
      598,
      598,
      598,
      602,
      639,
      639,
      639,
      0,
      0,
      0,
      0,
      0,
      0,
      0,
      0,
      0,
      0,
      0,
      634,
      634,
      634,
      634,
      634,
      634,
      634,
      0,
      0,
      0,
      0,
      0,
      0,
      0,
      0,
      0,
      0,
      0,
      0,
      0,
      0,
      0,
      0,
      0,
      0,
      628,
      628,
      628,
      628,
      628,
      628,
      628,
      628,
      628,
      630,
      630,
      630,
      630,
      636,
      636,
      636,
      636,
      636,
      636,
      636,
      636,
      636,
      636,
      636,
      636,
      636,
      636,
      636,
      636,
      636,
      0,
      0,
      0,
      0,
      0,
      0,
      0,
      0,
      0,
      608,
      608,
      608,
      608,
      608,
      608,
      619,
      619,
      619,
      619,
      619,
      640,
      609,
      609,
      609,
      609,
      609,
      609,
      609,
      609,
      609,
      609,
      0,
      0,
      0,
      0,
      0,
      0,
      0,
      0,
      0,
      0,
      0,
      0,
      0,
      0,
      0,
      0,
      0,
      0,
      0,
      0,
      0,
      0,
      0,
      0,
      0,
      0,
      0,
      0,
      0,
      0,
      0,
      0,
      0,
      0,
      0,
      613,
      613,
      613,
      623,
      623,
      623,
      623,
      623,
      623,
      648,
      648,
      648,
      648,
      648,
      631,
      631,
      631,
      631,
      631,
      631,
      642,
      605,
      605,
      605,
      629,
      629,
      629,
      629,
      629,
      629,
      629,
      629,
      0,
      0,
      0,
      0,
      0,
      0,
      0,
      0,
      0,
      0,
      0,
      0,
      0,
      0,
      0,
      0,
      0,
      0,
      624,
      624,
      624,
      624,
      624,
      624,
      624,
      624,
      625,
      625,
      625,
      625,
      625,
      0,
      0,
      0,
      0,
      0,
      0,
      0,
      0,
      0,
      0,
      0,
      0,
      0,
      0,
      0,
      0,
      0,
      0,
      0,
      0,
      0,
      0,
      0,
      0,
      0,
      0,
      0,
      0,
      0,
      0,
      0,
      0,
      0,
      0,
      0,
      0,
      0
    ],
    [
      0,
      0,
      0,
      0,
      0,
      0,
      0,
      0,
      0,
      0,
      0,
      0,
      0,
      0,
      0,
      0,
      0,
      0,
      0,
      0,
      0,
      0,
      0,
      0,
      0,
      0,
      0,
      0,
      0,
      0,
      0,
      0,
      0,
      0,
      0,
      0,
      0,
      0,
      0,
      0,
      0,
      0,
      0,
      0,
      0,
      0,
      0,
      0,
      0,
      0,
      0,
      0,
      0,
      0,
      0,
      0,
      0,
      0,
      0,
      0,
      0,
      0,
      0,
      0,
      0,
      0,
      0,
      0,
      0,
      0,
      0,
      0,
      0,
      0,
      0,
      0,
      0,
      0,
      0,
      0,
      0,
      0,
      0,
      0,
      0,
      0,
      0,
      0,
      0,
      649,
      649,
      649,
      632,
      632,
      632,
      632,
      632,
      599,
      599,
      599,
      599,
      599,
      599,
      635,
      635,
      635,
      635,
      635,
      635,
      635,
      635,
      635,
      617,
      617,
      617,
      617,
      617,
      617,
      617,
      617,
      617,
      617,
      617,
      633,
      633,
      633,
      633,
      633,
      633,
      633,
      633,
      633,
      626,
      626,
      626,
      626,
      626,
      626,
      626,
      626,
      626,
      611,
      620,
      620,
      620,
      620,
      620,
      620,
      620,
      620,
      0,
      0,
      0,
      621,
      621,
      621,
      621,
      621,
      621,
      621,
      621,
      621,
      621,
      621,
      621,
      615,
      615,
      615,
      615,
      615,
      615,
      615,
      615,
      0,
      0,
      0,
      0,
      0,
      0,
      0,
      0,
      0,
      0,
      0,
      0,
      0,
      0,
      0,
      0,
      0,
      627,
      627,
      627,
      627,
      627,
      627,
      627,
      627,
      627,
      627,
      627,
      0,
      0,
      0,
      0,
      0,
      0,
      0,
      0,
      0,
      0,
      0,
      0,
      646,
      646,
      646,
      646,
      618,
      0,
      0,
      0,
      0,
      0,
      0,
      0,
      0,
      0,
      0,
      0,
      0,
      0,
      0,
      0,
      0,
      0,
      0,
      0,
      0,
      0,
      0,
      0,
      0,
      0,
      0,
      0,
      0,
      0,
      622,
      622,
      622,
      622,
      622,
      622,
      622,
      622,
      622,
      622,
      622,
      622,
      0,
      0,
      0,
      0,
      0,
      0,
      0,
      0,
      0,
      0,
      0,
      598,
      598,
      598,
      598,
      598,
      598,
      602,
      639,
      639,
      639,
      639,
      0,
      0,
      0,
      0,
      0,
      0,
      0,
      0,
      0,
      0,
      634,
      634,
      634,
      634,
      634,
      634,
      634,
      0,
      0,
      0,
      0,
      0,
      0,
      0,
      0,
      0,
      0,
      0,
      0,
      0,
      0,
      0,
      643,
      643,
      643,
      628,
      628,
      628,
      628,
      628,
      628,
      628,
      628,
      628,
      630,
      630,
      630,
      630,
      636,
      636,
      636,
      636,
      636,
      636,
      636,
      636,
      636,
      636,
      636,
      636,
      636,
      636,
      636,
      636,
      0,
      0,
      0,
      0,
      0,
      0,
      0,
      0,
      0,
      0,
      608,
      608,
      608,
      608,
      608,
      608,
      619,
      619,
      619,
      619,
      619,
      640,
      609,
      609,
      609,
      609,
      609,
      609,
      609,
      609,
      609,
      609,
      0,
      0,
      0,
      0,
      0,
      0,
      0,
      0,
      0,
      0,
      0,
      0,
      0,
      0,
      0,
      0,
      0,
      0,
      0,
      0,
      0,
      0,
      0,
      0,
      0,
      0,
      0,
      0,
      0,
      0,
      0,
      0,
      0,
      0,
      0,
      613,
      613,
      613,
      623,
      623,
      623,
      623,
      623,
      623,
      648,
      648,
      648,
      648,
      648,
      631,
      631,
      631,
      631,
      631,
      631,
      642,
      605,
      605,
      605,
      629,
      629,
      629,
      629,
      629,
      629,
      629,
      629,
      0,
      0,
      0,
      0,
      0,
      0,
      0,
      0,
      0,
      0,
      0,
      0,
      0,
      0,
      0,
      0,
      0,
      0,
      0,
      0,
      624,
      624,
      624,
      638,
      638,
      638,
      638,
      638,
      625,
      625,
      625,
      0,
      0,
      0,
      0,
      0,
      0,
      0,
      0,
      0,
      0,
      0,
      0,
      0,
      0,
      0,
      0,
      0,
      0,
      0,
      0,
      0,
      0,
      0,
      0,
      0,
      0,
      0,
      0,
      0,
      0,
      0,
      0,
      0,
      653,
      653,
      653,
      653
    ],
    [
      0,
      0,
      0,
      0,
      0,
      0,
      0,
      0,
      0,
      0,
      0,
      0,
      0,
      0,
      0,
      0,
      0,
      0,
      0,
      0,
      0,
      0,
      0,
      0,
      0,
      0,
      0,
      0,
      0,
      0,
      0,
      0,
      0,
      0,
      0,
      0,
      0,
      0,
      0,
      0,
      0,
      0,
      0,
      0,
      0,
      0,
      0,
      0,
      0,
      0,
      0,
      0,
      0,
      0,
      0,
      0,
      0,
      0,
      0,
      0,
      0,
      0,
      0,
      0,
      0,
      0,
      0,
      0,
      0,
      0,
      0,
      0,
      0,
      0,
      0,
      0,
      0,
      0,
      0,
      0,
      0,
      0,
      0,
      0,
      0,
      0,
      0,
      0,
      649,
      649,
      649,
      649,
      632,
      632,
      632,
      632,
      632,
      599,
      599,
      599,
      599,
      599,
      599,
      635,
      635,
      635,
      635,
      635,
      635,
      635,
      635,
      635,
      617,
      617,
      617,
      617,
      617,
      617,
      617,
      617,
      617,
      617,
      633,
      633,
      633,
      633,
      633,
      633,
      633,
      633,
      633,
      633,
      626,
      626,
      626,
      626,
      626,
      626,
      626,
      626,
      626,
      626,
      626,
      626,
      626,
      626,
      626,
      626,
      0,
      0,
      0,
      0,
      0,
      0,
      621,
      621,
      621,
      621,
      621,
      621,
      621,
      621,
      621,
      621,
      621,
      615,
      615,
      615,
      615,
      615,
      615,
      615,
      615,
      0,
      0,
      0,
      0,
      0,
      0,
      0,
      0,
      0,
      0,
      0,
      0,
      0,
      0,
      0,
      0,
      0,
      627,
      627,
      627,
      627,
      627,
      627,
      627,
      627,
      627,
      627,
      627,
      0,
      0,
      0,
      0,
      0,
      0,
      0,
      0,
      0,
      0,
      0,
      0,
      646,
      646,
      646,
      646,
      618,
      0,
      0,
      0,
      0,
      0,
      0,
      0,
      0,
      0,
      0,
      0,
      0,
      0,
      0,
      0,
      0,
      0,
      0,
      0,
      0,
      0,
      0,
      0,
      0,
      0,
      0,
      0,
      0,
      0,
      622,
      622,
      622,
      622,
      622,
      622,
      622,
      622,
      622,
      622,
      622,
      622,
      0,
      0,
      0,
      0,
      0,
      0,
      0,
      0,
      0,
      0,
      0,
      0,
      598,
      598,
      598,
      598,
      598,
      639,
      639,
      639,
      639,
      639,
      0,
      0,
      0,
      0,
      0,
      0,
      0,
      0,
      0,
      0,
      634,
      634,
      634,
      634,
      634,
      634,
      634,
      0,
      0,
      0,
      0,
      0,
      0,
      0,
      0,
      0,
      0,
      0,
      0,
      0,
      0,
      0,
      643,
      643,
      643,
      628,
      628,
      628,
      628,
      628,
      628,
      628,
      628,
      630,
      630,
      630,
      630,
      630,
      636,
      636,
      636,
      636,
      636,
      636,
      636,
      636,
      636,
      636,
      636,
      636,
      636,
      636,
      636,
      0,
      0,
      0,
      0,
      0,
      0,
      0,
      0,
      0,
      0,
      0,
      0,
      0,
      0,
      0,
      0,
      0,
      619,
      619,
      619,
      619,
      640,
      640,
      609,
      609,
      609,
      609,
      609,
      609,
      609,
      609,
      609,
      609,
      609,
      0,
      0,
      0,
      0,
      0,
      0,
      0,
      0,
      0,
      0,
      0,
      0,
      0,
      0,
      0,
      0,
      0,
      0,
      0,
      0,
      0,
      0,
      0,
      0,
      0,
      0,
      0,
      0,
      0,
      0,
      0,
      0,
      0,
      0,
      0,
      613,
      613,
      623,
      623,
      623,
      623,
      623,
      623,
      648,
      648,
      648,
      648,
      648,
      631,
      631,
      631,
      631,
      631,
      631,
      642,
      605,
      605,
      605,
      629,
      629,
      629,
      629,
      629,
      629,
      629,
      629,
      0,
      0,
      0,
      0,
      0,
      0,
      0,
      0,
      0,
      0,
      0,
      0,
      0,
      0,
      0,
      0,
      0,
      0,
      0,
      0,
      0,
      624,
      624,
      638,
      638,
      638,
      638,
      638,
      638,
      625,
      625,
      0,
      0,
      0,
      0,
      0,
      0,
      0,
      0,
      0,
      0,
      0,
      0,
      0,
      0,
      0,
      0,
      0,
      0,
      0,
      0,
      0,
      0,
      0,
      0,
      0,
      0,
      0,
      0,
      0,
      0,
      0,
      0,
      0,
      653,
      653,
      653,
      653
    ],
    [
      0,
      0,
      0,
      0,
      0,
      0,
      0,
      0,
      0,
      0,
      0,
      0,
      0,
      0,
      0,
      0,
      0,
      0,
      0,
      0,
      0,
      0,
      0,
      0,
      0,
      0,
      0,
      0,
      0,
      0,
      0,
      0,
      0,
      0,
      0,
      0,
      0,
      0,
      0,
      0,
      0,
      0,
      0,
      0,
      0,
      0,
      0,
      0,
      0,
      0,
      0,
      0,
      0,
      0,
      0,
      0,
      0,
      0,
      0,
      0,
      0,
      0,
      0,
      0,
      0,
      0,
      0,
      0,
      0,
      0,
      0,
      0,
      0,
      0,
      0,
      0,
      0,
      0,
      0,
      0,
      0,
      0,
      0,
      0,
      0,
      0,
      0,
      649,
      649,
      649,
      649,
      649,
      632,
      632,
      632,
      632,
      632,
      599,
      599,
      599,
      599,
      599,
      599,
      635,
      635,
      635,
      635,
      635,
      635,
      635,
      635,
      635,
      617,
      617,
      617,
      617,
      0,
      617,
      617,
      617,
      617,
      617,
      633,
      633,
      633,
      633,
      633,
      633,
      633,
      633,
      633,
      633,
      633,
      633,
      626,
      626,
      626,
      626,
      626,
      626,
      626,
      626,
      626,
      626,
      626,
      626,
      626,
      0,
      0,
      0,
      0,
      0,
      0,
      0,
      621,
      621,
      621,
      621,
      621,
      621,
      621,
      621,
      621,
      621,
      615,
      615,
      615,
      615,
      615,
      615,
      615,
      615,
      615,
      0,
      0,
      0,
      0,
      0,
      0,
      0,
      0,
      0,
      0,
      0,
      0,
      0,
      0,
      0,
      0,
      0,
      0,
      627,
      627,
      627,
      627,
      627,
      627,
      627,
      627,
      627,
      627,
      0,
      0,
      0,
      0,
      0,
      0,
      0,
      0,
      0,
      0,
      0,
      0,
      646,
      646,
      646,
      646,
      618,
      0,
      0,
      0,
      0,
      0,
      0,
      0,
      0,
      0,
      0,
      0,
      0,
      0,
      0,
      0,
      0,
      0,
      0,
      0,
      0,
      0,
      0,
      0,
      0,
      0,
      0,
      0,
      0,
      0,
      0,
      622,
      622,
      622,
      622,
      622,
      622,
      622,
      622,
      622,
      622,
      622,
      0,
      0,
      0,
      0,
      0,
      0,
      0,
      0,
      0,
      0,
      0,
      0,
      0,
      0,
      0,
      0,
      639,
      639,
      639,
      639,
      639,
      639,
      0,
      0,
      0,
      0,
      0,
      0,
      0,
      0,
      0,
      0,
      634,
      634,
      634,
      634,
      634,
      634,
      634,
      634,
      0,
      0,
      0,
      0,
      0,
      0,
      0,
      0,
      0,
      0,
      0,
      0,
      0,
      0,
      643,
      643,
      643,
      628,
      628,
      628,
      628,
      628,
      628,
      628,
      628,
      630,
      630,
      630,
      630,
      630,
      636,
      636,
      636,
      636,
      636,
      636,
      636,
      636,
      636,
      636,
      636,
      636,
      636,
      636,
      0,
      0,
      0,
      0,
      0,
      0,
      0,
      0,
      0,
      0,
      0,
      0,
      0,
      0,
      0,
      0,
      0,
      0,
      640,
      640,
      640,
      640,
      640,
      640,
      640,
      609,
      609,
      609,
      609,
      644,
      644,
      644,
      644,
      644,
      644,
      644,
      644,
      0,
      0,
      0,
      0,
      0,
      0,
      0,
      0,
      0,
      0,
      0,
      0,
      0,
      0,
      0,
      0,
      652,
      652,
      0,
      0,
      0,
      0,
      0,
      0,
      0,
      0,
      641,
      641,
      641,
      641,
      641,
      641,
      641,
      657,
      613,
      623,
      623,
      623,
      623,
      623,
      623,
      648,
      648,
      648,
      648,
      648,
      631,
      631,
      631,
      642,
      642,
      642,
      642,
      642,
      605,
      605,
      629,
      629,
      629,
      629,
      629,
      629,
      629,
      629,
      0,
      0,
      0,
      0,
      0,
      0,
      0,
      0,
      0,
      0,
      0,
      0,
      0,
      0,
      0,
      0,
      0,
      0,
      0,
      0,
      0,
      0,
      638,
      638,
      638,
      638,
      638,
      638,
      638,
      638,
      0,
      0,
      0,
      0,
      0,
      0,
      0,
      0,
      0,
      0,
      0,
      0,
      0,
      0,
      0,
      0,
      0,
      0,
      0,
      0,
      0,
      0,
      0,
      0,
      0,
      0,
      0,
      0,
      0,
      0,
      0,
      0,
      653,
      653,
      653,
      653,
      653,
      653
    ],
    [
      0,
      0,
      0,
      0,
      0,
      0,
      0,
      0,
      0,
      0,
      0,
      0,
      0,
      0,
      0,
      0,
      0,
      0,
      0,
      0,
      0,
      0,
      0,
      0,
      0,
      0,
      0,
      0,
      0,
      0,
      0,
      0,
      0,
      0,
      0,
      0,
      0,
      0,
      0,
      0,
      0,
      0,
      0,
      0,
      0,
      0,
      0,
      0,
      0,
      0,
      0,
      0,
      0,
      0,
      0,
      0,
      0,
      0,
      0,
      0,
      0,
      0,
      0,
      0,
      0,
      0,
      0,
      0,
      0,
      0,
      0,
      0,
      0,
      0,
      0,
      0,
      0,
      0,
      0,
      0,
      0,
      0,
      0,
      0,
      0,
      649,
      649,
      649,
      649,
      649,
      649,
      649,
      632,
      632,
      632,
      632,
      632,
      599,
      599,
      599,
      599,
      599,
      599,
      635,
      635,
      635,
      635,
      635,
      635,
      635,
      635,
      635,
      617,
      617,
      0,
      0,
      0,
      617,
      617,
      617,
      617,
      633,
      633,
      633,
      633,
      633,
      633,
      633,
      633,
      633,
      633,
      633,
      633,
      633,
      626,
      626,
      626,
      626,
      626,
      626,
      626,
      626,
      626,
      626,
      626,
      626,
      626,
      0,
      0,
      0,
      0,
      0,
      0,
      0,
      621,
      621,
      621,
      621,
      621,
      621,
      621,
      621,
      621,
      621,
      615,
      615,
      615,
      615,
      615,
      615,
      615,
      615,
      615,
      0,
      0,
      0,
      0,
      0,
      0,
      0,
      0,
      0,
      0,
      0,
      0,
      0,
      0,
      0,
      0,
      0,
      0,
      0,
      0,
      0,
      0,
      0,
      0,
      0,
      0,
      0,
      0,
      0,
      0,
      0,
      0,
      0,
      0,
      0,
      0,
      0,
      0,
      0,
      0,
      646,
      646,
      646,
      646,
      618,
      0,
      0,
      0,
      0,
      0,
      0,
      0,
      0,
      0,
      0,
      0,
      0,
      0,
      0,
      0,
      0,
      0,
      0,
      0,
      0,
      0,
      0,
      0,
      0,
      0,
      0,
      0,
      0,
      0,
      0,
      0,
      0,
      0,
      622,
      622,
      622,
      622,
      622,
      622,
      622,
      622,
      0,
      0,
      0,
      0,
      0,
      0,
      0,
      0,
      0,
      0,
      0,
      0,
      0,
      0,
      0,
      0,
      639,
      639,
      639,
      639,
      639,
      639,
      0,
      0,
      0,
      0,
      0,
      0,
      0,
      0,
      0,
      0,
      0,
      634,
      634,
      634,
      634,
      634,
      634,
      634,
      0,
      0,
      0,
      0,
      0,
      0,
      0,
      0,
      0,
      0,
      0,
      0,
      0,
      0,
      643,
      643,
      643,
      643,
      628,
      628,
      628,
      628,
      628,
      628,
      630,
      630,
      630,
      630,
      630,
      630,
      636,
      636,
      636,
      636,
      636,
      636,
      636,
      636,
      0,
      637,
      637,
      637,
      637,
      637,
      637,
      637,
      0,
      0,
      0,
      0,
      0,
      0,
      0,
      0,
      0,
      0,
      0,
      0,
      0,
      640,
      640,
      640,
      640,
      640,
      640,
      640,
      640,
      640,
      640,
      609,
      609,
      609,
      644,
      644,
      644,
      644,
      644,
      644,
      644,
      644,
      644,
      0,
      0,
      0,
      0,
      0,
      0,
      0,
      0,
      0,
      0,
      0,
      0,
      0,
      0,
      0,
      0,
      652,
      652,
      652,
      0,
      0,
      0,
      0,
      0,
      0,
      0,
      641,
      641,
      641,
      641,
      641,
      641,
      641,
      657,
      613,
      623,
      623,
      623,
      623,
      623,
      648,
      648,
      648,
      648,
      648,
      648,
      631,
      631,
      631,
      642,
      642,
      642,
      642,
      642,
      642,
      642,
      629,
      629,
      629,
      629,
      629,
      629,
      629,
      629,
      0,
      0,
      0,
      0,
      0,
      0,
      0,
      0,
      0,
      0,
      0,
      0,
      0,
      0,
      0,
      0,
      0,
      0,
      0,
      0,
      0,
      0,
      638,
      638,
      638,
      638,
      638,
      638,
      638,
      638,
      638,
      638,
      0,
      0,
      0,
      0,
      0,
      0,
      0,
      0,
      0,
      0,
      0,
      0,
      0,
      0,
      0,
      0,
      0,
      0,
      0,
      0,
      0,
      0,
      0,
      0,
      0,
      0,
      0,
      0,
      0,
      653,
      653,
      653,
      653,
      653,
      653,
      653
    ],
    [
      0,
      0,
      0,
      0,
      0,
      0,
      0,
      0,
      0,
      0,
      0,
      0,
      0,
      0,
      0,
      0,
      0,
      0,
      0,
      0,
      0,
      0,
      0,
      0,
      0,
      0,
      0,
      0,
      0,
      0,
      0,
      0,
      0,
      0,
      0,
      0,
      0,
      0,
      0,
      0,
      0,
      0,
      0,
      0,
      0,
      0,
      0,
      0,
      0,
      0,
      0,
      0,
      0,
      0,
      0,
      0,
      0,
      0,
      0,
      0,
      0,
      0,
      0,
      0,
      0,
      0,
      0,
      0,
      0,
      0,
      0,
      0,
      0,
      0,
      0,
      0,
      0,
      0,
      0,
      0,
      0,
      0,
      0,
      649,
      649,
      649,
      649,
      649,
      649,
      649,
      649,
      649,
      632,
      632,
      632,
      632,
      632,
      632,
      632,
      632,
      599,
      599,
      599,
      635,
      635,
      635,
      635,
      635,
      635,
      635,
      635,
      635,
      617,
      0,
      0,
      0,
      0,
      617,
      617,
      617,
      617,
      633,
      633,
      633,
      633,
      633,
      633,
      633,
      633,
      633,
      633,
      633,
      633,
      633,
      626,
      626,
      626,
      626,
      626,
      626,
      626,
      626,
      626,
      626,
      626,
      626,
      0,
      0,
      0,
      0,
      0,
      0,
      0,
      0,
      0,
      0,
      0,
      0,
      621,
      621,
      621,
      621,
      621,
      651,
      651,
      651,
      651,
      651,
      651,
      651,
      615,
      615,
      615,
      0,
      0,
      0,
      0,
      0,
      0,
      0,
      0,
      0,
      0,
      0,
      0,
      0,
      0,
      0,
      0,
      0,
      0,
      0,
      0,
      0,
      0,
      0,
      0,
      0,
      0,
      0,
      0,
      0,
      0,
      0,
      0,
      0,
      0,
      0,
      0,
      0,
      0,
      0,
      0,
      646,
      646,
      646,
      646,
      0,
      0,
      0,
      0,
      0,
      0,
      0,
      0,
      0,
      0,
      0,
      0,
      0,
      0,
      0,
      0,
      0,
      0,
      0,
      0,
      0,
      0,
      0,
      0,
      0,
      0,
      0,
      0,
      0,
      0,
      0,
      0,
      0,
      0,
      622,
      622,
      622,
      647,
      647,
      647,
      647,
      647,
      0,
      0,
      0,
      0,
      0,
      0,
      0,
      0,
      0,
      0,
      0,
      639,
      639,
      639,
      639,
      639,
      639,
      639,
      639,
      639,
      639,
      639,
      0,
      0,
      0,
      0,
      0,
      0,
      0,
      0,
      0,
      0,
      0,
      634,
      634,
      634,
      634,
      634,
      634,
      634,
      0,
      0,
      0,
      0,
      0,
      0,
      0,
      0,
      0,
      0,
      0,
      0,
      0,
      0,
      643,
      643,
      643,
      643,
      630,
      630,
      630,
      630,
      630,
      630,
      630,
      630,
      630,
      630,
      630,
      630,
      636,
      636,
      636,
      636,
      636,
      636,
      636,
      636,
      0,
      637,
      637,
      637,
      637,
      637,
      637,
      637,
      0,
      0,
      0,
      0,
      0,
      0,
      0,
      0,
      0,
      0,
      0,
      0,
      0,
      640,
      640,
      640,
      640,
      640,
      640,
      640,
      640,
      640,
      640,
      609,
      609,
      609,
      644,
      644,
      644,
      644,
      644,
      644,
      644,
      644,
      644,
      644,
      0,
      0,
      0,
      0,
      0,
      0,
      0,
      0,
      0,
      0,
      0,
      0,
      0,
      0,
      0,
      652,
      652,
      652,
      652,
      0,
      0,
      0,
      0,
      0,
      0,
      641,
      641,
      641,
      641,
      641,
      641,
      641,
      657,
      623,
      623,
      623,
      623,
      623,
      623,
      648,
      648,
      0,
      648,
      648,
      648,
      631,
      631,
      631,
      642,
      642,
      642,
      642,
      642,
      642,
      642,
      629,
      629,
      629,
      629,
      629,
      629,
      629,
      629,
      0,
      0,
      0,
      0,
      0,
      0,
      0,
      0,
      0,
      0,
      0,
      0,
      0,
      0,
      0,
      0,
      0,
      0,
      0,
      0,
      638,
      638,
      638,
      638,
      638,
      638,
      638,
      638,
      638,
      638,
      638,
      638,
      0,
      0,
      0,
      0,
      0,
      0,
      0,
      0,
      0,
      0,
      0,
      0,
      0,
      0,
      0,
      0,
      0,
      0,
      0,
      0,
      0,
      0,
      0,
      0,
      0,
      0,
      0,
      0,
      0,
      653,
      653,
      653,
      653,
      653,
      653,
      653
    ],
    [
      0,
      0,
      0,
      0,
      0,
      0,
      0,
      0,
      0,
      0,
      0,
      0,
      0,
      0,
      0,
      0,
      0,
      0,
      0,
      0,
      0,
      0,
      0,
      0,
      0,
      0,
      0,
      0,
      0,
      0,
      0,
      0,
      0,
      0,
      0,
      0,
      0,
      0,
      0,
      0,
      0,
      0,
      0,
      0,
      0,
      0,
      0,
      0,
      0,
      0,
      0,
      0,
      0,
      0,
      0,
      0,
      0,
      0,
      0,
      0,
      0,
      0,
      0,
      0,
      0,
      0,
      0,
      0,
      0,
      0,
      0,
      0,
      0,
      0,
      0,
      0,
      0,
      0,
      0,
      0,
      0,
      649,
      649,
      649,
      649,
      649,
      649,
      649,
      649,
      649,
      649,
      649,
      632,
      632,
      632,
      632,
      632,
      632,
      632,
      632,
      632,
      632,
      632,
      635,
      635,
      635,
      635,
      635,
      635,
      635,
      635,
      635,
      0,
      0,
      0,
      0,
      0,
      617,
      617,
      617,
      617,
      654,
      654,
      654,
      654,
      633,
      633,
      633,
      633,
      633,
      633,
      633,
      633,
      633,
      633,
      633,
      626,
      626,
      626,
      626,
      0,
      0,
      0,
      0,
      0,
      0,
      0,
      0,
      0,
      0,
      0,
      0,
      0,
      0,
      0,
      0,
      0,
      0,
      621,
      621,
      621,
      621,
      651,
      651,
      651,
      651,
      651,
      651,
      651,
      651,
      615,
      615,
      615,
      0,
      0,
      0,
      0,
      0,
      0,
      0,
      0,
      0,
      0,
      0,
      0,
      0,
      0,
      0,
      0,
      0,
      0,
      0,
      0,
      0,
      0,
      0,
      0,
      0,
      0,
      0,
      0,
      0,
      0,
      0,
      0,
      0,
      0,
      0,
      0,
      0,
      0,
      0,
      0,
      646,
      646,
      646,
      646,
      0,
      0,
      0,
      0,
      0,
      0,
      0,
      0,
      0,
      0,
      0,
      0,
      0,
      0,
      0,
      0,
      0,
      0,
      0,
      0,
      0,
      0,
      0,
      0,
      0,
      0,
      0,
      0,
      0,
      0,
      0,
      0,
      0,
      0,
      622,
      622,
      622,
      647,
      647,
      647,
      647,
      647,
      647,
      0,
      0,
      0,
      0,
      0,
      0,
      0,
      0,
      0,
      0,
      639,
      639,
      639,
      639,
      639,
      639,
      639,
      639,
      639,
      639,
      639,
      0,
      0,
      0,
      0,
      0,
      0,
      0,
      0,
      0,
      0,
      0,
      0,
      634,
      634,
      634,
      634,
      634,
      634,
      0,
      0,
      0,
      0,
      0,
      0,
      0,
      0,
      0,
      0,
      0,
      643,
      643,
      643,
      643,
      643,
      643,
      643,
      643,
      643,
      666,
      666,
      666,
      666,
      666,
      666,
      666,
      666,
      666,
      630,
      636,
      636,
      636,
      636,
      636,
      636,
      636,
      0,
      0,
      637,
      637,
      637,
      637,
      637,
      637,
      637,
      0,
      0,
      0,
      0,
      0,
      0,
      0,
      0,
      0,
      0,
      0,
      0,
      0,
      640,
      640,
      640,
      640,
      640,
      640,
      640,
      640,
      640,
      640,
      609,
      609,
      667,
      644,
      644,
      644,
      644,
      644,
      644,
      644,
      644,
      644,
      644,
      0,
      0,
      0,
      0,
      0,
      0,
      0,
      0,
      0,
      0,
      0,
      0,
      0,
      0,
      652,
      652,
      652,
      652,
      652,
      0,
      0,
      0,
      0,
      0,
      0,
      641,
      641,
      641,
      641,
      641,
      641,
      641,
      657,
      623,
      623,
      623,
      623,
      623,
      623,
      648,
      648,
      0,
      648,
      648,
      648,
      631,
      631,
      631,
      642,
      642,
      642,
      642,
      642,
      642,
      642,
      0,
      629,
      629,
      629,
      629,
      629,
      0,
      0,
      0,
      0,
      0,
      0,
      0,
      0,
      0,
      0,
      0,
      0,
      0,
      0,
      0,
      0,
      0,
      0,
      0,
      0,
      0,
      0,
      638,
      638,
      638,
      638,
      638,
      638,
      638,
      638,
      638,
      638,
      638,
      638,
      0,
      0,
      0,
      0,
      0,
      0,
      0,
      0,
      0,
      0,
      0,
      0,
      0,
      0,
      0,
      0,
      0,
      0,
      0,
      0,
      0,
      0,
      0,
      0,
      0,
      0,
      0,
      0,
      0,
      653,
      653,
      653,
      653,
      653,
      653,
      653
    ],
    [
      0,
      0,
      0,
      0,
      0,
      0,
      0,
      0,
      0,
      0,
      0,
      0,
      0,
      0,
      0,
      0,
      0,
      0,
      0,
      0,
      0,
      0,
      0,
      0,
      0,
      659,
      659,
      659,
      659,
      659,
      659,
      659,
      0,
      0,
      0,
      0,
      0,
      0,
      0,
      0,
      0,
      0,
      0,
      0,
      0,
      0,
      0,
      0,
      0,
      0,
      0,
      0,
      0,
      0,
      0,
      0,
      0,
      0,
      0,
      0,
      0,
      0,
      0,
      0,
      0,
      0,
      0,
      0,
      0,
      0,
      0,
      0,
      0,
      0,
      0,
      0,
      0,
      0,
      0,
      0,
      0,
      649,
      649,
      649,
      649,
      649,
      649,
      649,
      649,
      649,
      649,
      649,
      632,
      632,
      632,
      632,
      632,
      632,
      632,
      632,
      632,
      632,
      632,
      632,
      632,
      635,
      635,
      635,
      635,
      635,
      635,
      635,
      0,
      0,
      0,
      0,
      0,
      617,
      617,
      617,
      654,
      654,
      654,
      654,
      654,
      654,
      633,
      633,
      633,
      633,
      655,
      655,
      655,
      655,
      655,
      655,
      655,
      626,
      626,
      626,
      0,
      0,
      0,
      0,
      0,
      0,
      0,
      0,
      0,
      0,
      0,
      0,
      0,
      0,
      0,
      0,
      0,
      0,
      621,
      621,
      621,
      651,
      651,
      651,
      651,
      651,
      651,
      651,
      651,
      651,
      651,
      615,
      615,
      0,
      0,
      0,
      0,
      0,
      0,
      0,
      0,
      0,
      0,
      0,
      0,
      0,
      0,
      0,
      0,
      0,
      0,
      0,
      0,
      0,
      0,
      0,
      645,
      645,
      645,
      645,
      0,
      0,
      0,
      0,
      0,
      0,
      0,
      0,
      0,
      0,
      0,
      0,
      0,
      646,
      646,
      646,
      646,
      0,
      0,
      0,
      0,
      0,
      0,
      0,
      0,
      0,
      0,
      0,
      0,
      0,
      0,
      0,
      0,
      0,
      0,
      0,
      0,
      0,
      0,
      0,
      0,
      0,
      0,
      0,
      0,
      0,
      0,
      0,
      0,
      0,
      0,
      0,
      622,
      622,
      647,
      647,
      647,
      647,
      647,
      647,
      647,
      0,
      0,
      0,
      0,
      0,
      0,
      0,
      0,
      0,
      639,
      639,
      639,
      639,
      639,
      639,
      639,
      639,
      639,
      639,
      639,
      0,
      0,
      0,
      0,
      0,
      0,
      0,
      0,
      0,
      0,
      0,
      0,
      634,
      634,
      634,
      634,
      634,
      0,
      0,
      0,
      0,
      0,
      0,
      0,
      0,
      0,
      0,
      0,
      643,
      643,
      643,
      643,
      643,
      643,
      643,
      643,
      643,
      643,
      666,
      666,
      666,
      666,
      666,
      666,
      666,
      666,
      0,
      0,
      636,
      636,
      636,
      636,
      636,
      636,
      0,
      0,
      0,
      637,
      637,
      637,
      637,
      637,
      637,
      637,
      0,
      0,
      0,
      0,
      0,
      0,
      0,
      0,
      0,
      0,
      0,
      0,
      0,
      640,
      640,
      640,
      640,
      640,
      640,
      640,
      640,
      640,
      640,
      640,
      667,
      667,
      644,
      644,
      644,
      644,
      644,
      644,
      644,
      644,
      644,
      644,
      0,
      0,
      0,
      0,
      0,
      0,
      0,
      0,
      0,
      0,
      0,
      0,
      0,
      0,
      652,
      652,
      652,
      652,
      652,
      652,
      652,
      652,
      652,
      652,
      0,
      641,
      641,
      641,
      641,
      641,
      641,
      641,
      657,
      623,
      623,
      623,
      623,
      623,
      623,
      648,
      648,
      0,
      0,
      0,
      648,
      631,
      631,
      631,
      642,
      642,
      642,
      642,
      642,
      642,
      642,
      0,
      629,
      629,
      629,
      629,
      629,
      0,
      0,
      0,
      0,
      0,
      0,
      0,
      0,
      0,
      0,
      0,
      0,
      0,
      0,
      0,
      0,
      0,
      0,
      638,
      638,
      638,
      638,
      638,
      638,
      638,
      638,
      638,
      638,
      638,
      638,
      638,
      638,
      638,
      638,
      0,
      0,
      0,
      0,
      0,
      0,
      0,
      0,
      0,
      0,
      0,
      0,
      0,
      0,
      0,
      0,
      0,
      0,
      0,
      653,
      653,
      653,
      653,
      653,
      653,
      653,
      653,
      653,
      653,
      653,
      653,
      653,
      653,
      653,
      653,
      653
    ],
    [
      0,
      0,
      0,
      0,
      0,
      0,
      0,
      0,
      0,
      0,
      0,
      0,
      0,
      0,
      0,
      0,
      0,
      0,
      0,
      0,
      0,
      0,
      0,
      0,
      659,
      659,
      659,
      659,
      659,
      659,
      659,
      659,
      0,
      0,
      0,
      0,
      0,
      0,
      0,
      0,
      0,
      0,
      0,
      0,
      0,
      0,
      0,
      0,
      0,
      0,
      0,
      0,
      0,
      0,
      0,
      0,
      0,
      0,
      0,
      0,
      0,
      0,
      0,
      0,
      0,
      0,
      0,
      0,
      0,
      0,
      0,
      0,
      0,
      0,
      0,
      0,
      0,
      0,
      0,
      0,
      0,
      649,
      649,
      649,
      649,
      649,
      649,
      649,
      649,
      649,
      649,
      649,
      632,
      632,
      632,
      632,
      632,
      632,
      632,
      632,
      632,
      632,
      632,
      632,
      632,
      632,
      632,
      0,
      0,
      0,
      0,
      0,
      0,
      0,
      0,
      0,
      0,
      617,
      617,
      617,
      654,
      654,
      654,
      654,
      654,
      654,
      654,
      654,
      654,
      655,
      655,
      655,
      655,
      655,
      655,
      655,
      674,
      674,
      626,
      626,
      0,
      0,
      0,
      0,
      0,
      0,
      0,
      0,
      0,
      0,
      0,
      0,
      0,
      0,
      0,
      0,
      0,
      0,
      621,
      621,
      621,
      651,
      651,
      651,
      651,
      651,
      651,
      651,
      651,
      651,
      651,
      615,
      615,
      0,
      0,
      0,
      0,
      0,
      0,
      0,
      0,
      0,
      0,
      0,
      0,
      0,
      0,
      0,
      0,
      0,
      0,
      0,
      0,
      645,
      645,
      645,
      645,
      645,
      645,
      645,
      0,
      0,
      0,
      0,
      0,
      0,
      0,
      0,
      0,
      0,
      0,
      0,
      0,
      646,
      646,
      646,
      646,
      0,
      0,
      0,
      0,
      0,
      0,
      0,
      0,
      0,
      0,
      0,
      0,
      0,
      0,
      0,
      0,
      0,
      0,
      0,
      0,
      0,
      0,
      0,
      0,
      0,
      0,
      0,
      0,
      0,
      0,
      0,
      0,
      0,
      0,
      0,
      0,
      0,
      647,
      647,
      647,
      647,
      647,
      647,
      647,
      647,
      647,
      0,
      0,
      0,
      0,
      0,
      0,
      0,
      639,
      639,
      639,
      639,
      639,
      639,
      639,
      639,
      639,
      639,
      639,
      0,
      0,
      0,
      0,
      0,
      0,
      0,
      0,
      0,
      0,
      0,
      0,
      634,
      634,
      634,
      634,
      634,
      0,
      0,
      0,
      0,
      0,
      0,
      0,
      0,
      0,
      0,
      0,
      643,
      643,
      643,
      643,
      643,
      643,
      643,
      643,
      643,
      643,
      666,
      666,
      666,
      666,
      666,
      666,
      666,
      0,
      0,
      0,
      0,
      636,
      636,
      636,
      636,
      0,
      0,
      0,
      0,
      0,
      0,
      0,
      0,
      0,
      0,
      0,
      0,
      0,
      0,
      0,
      0,
      0,
      0,
      0,
      0,
      0,
      0,
      0,
      0,
      640,
      640,
      640,
      640,
      640,
      640,
      640,
      640,
      640,
      640,
      640,
      667,
      667,
      644,
      644,
      644,
      644,
      644,
      644,
      644,
      644,
      644,
      644,
      0,
      0,
      0,
      0,
      0,
      0,
      0,
      0,
      0,
      0,
      0,
      0,
      0,
      0,
      652,
      652,
      652,
      652,
      652,
      652,
      652,
      652,
      652,
      652,
      652,
      641,
      641,
      641,
      641,
      641,
      641,
      641,
      657,
      623,
      623,
      623,
      623,
      623,
      623,
      648,
      648,
      0,
      0,
      0,
      0,
      631,
      631,
      631,
      642,
      642,
      642,
      642,
      642,
      642,
      642,
      0,
      0,
      629,
      629,
      629,
      0,
      0,
      0,
      0,
      0,
      0,
      0,
      0,
      0,
      0,
      0,
      0,
      0,
      0,
      0,
      0,
      0,
      0,
      0,
      638,
      650,
      650,
      650,
      650,
      650,
      638,
      638,
      638,
      638,
      638,
      638,
      638,
      638,
      638,
      638,
      0,
      0,
      0,
      0,
      0,
      0,
      0,
      0,
      0,
      0,
      0,
      0,
      0,
      0,
      0,
      0,
      0,
      658,
      658,
      658,
      658,
      658,
      658,
      658,
      658,
      653,
      653,
      653,
      653,
      653,
      653,
      653,
      653,
      653,
      653,
      653
    ],
    [
      0,
      0,
      0,
      0,
      0,
      0,
      0,
      0,
      0,
      0,
      0,
      0,
      0,
      0,
      0,
      0,
      0,
      0,
      0,
      0,
      0,
      0,
      0,
      0,
      659,
      659,
      659,
      659,
      659,
      659,
      659,
      659,
      0,
      0,
      0,
      0,
      0,
      0,
      0,
      0,
      0,
      0,
      0,
      0,
      0,
      0,
      0,
      0,
      0,
      0,
      0,
      0,
      0,
      0,
      0,
      0,
      0,
      0,
      660,
      660,
      660,
      660,
      660,
      660,
      660,
      660,
      660,
      660,
      660,
      660,
      660,
      660,
      660,
      660,
      0,
      0,
      0,
      0,
      0,
      0,
      0,
      649,
      649,
      649,
      649,
      649,
      649,
      649,
      649,
      649,
      649,
      649,
      649,
      649,
      649,
      649,
      649,
      632,
      632,
      632,
      632,
      632,
      632,
      632,
      632,
      632,
      632,
      0,
      0,
      0,
      0,
      0,
      0,
      0,
      0,
      0,
      0,
      617,
      0,
      0,
      654,
      654,
      654,
      654,
      654,
      654,
      654,
      654,
      654,
      655,
      655,
      655,
      655,
      655,
      655,
      674,
      674,
      674,
      626,
      626,
      0,
      0,
      0,
      0,
      0,
      0,
      0,
      0,
      0,
      0,
      0,
      0,
      0,
      0,
      0,
      0,
      0,
      0,
      0,
      685,
      685,
      651,
      651,
      651,
      651,
      651,
      651,
      651,
      651,
      651,
      651,
      615,
      615,
      0,
      0,
      0,
      0,
      0,
      0,
      0,
      0,
      0,
      0,
      0,
      0,
      0,
      0,
      0,
      0,
      0,
      0,
      645,
      645,
      645,
      645,
      645,
      645,
      645,
      645,
      645,
      645,
      645,
      645,
      645,
      0,
      0,
      0,
      0,
      0,
      0,
      0,
      0,
      0,
      646,
      646,
      646,
      646,
      646,
      646,
      0,
      0,
      0,
      0,
      0,
      0,
      0,
      0,
      0,
      0,
      0,
      0,
      0,
      0,
      0,
      0,
      0,
      0,
      0,
      0,
      0,
      0,
      0,
      0,
      0,
      0,
      0,
      0,
      0,
      0,
      0,
      0,
      0,
      0,
      0,
      0,
      647,
      647,
      647,
      647,
      647,
      647,
      647,
      0,
      0,
      0,
      0,
      0,
      0,
      0,
      0,
      639,
      639,
      639,
      639,
      639,
      639,
      639,
      639,
      639,
      639,
      639,
      0,
      0,
      0,
      0,
      0,
      0,
      0,
      0,
      0,
      0,
      0,
      634,
      634,
      634,
      634,
      634,
      634,
      0,
      0,
      0,
      0,
      0,
      0,
      0,
      0,
      0,
      0,
      643,
      643,
      643,
      643,
      643,
      643,
      643,
      643,
      666,
      666,
      666,
      666,
      666,
      666,
      666,
      666,
      666,
      666,
      0,
      0,
      0,
      0,
      0,
      0,
      0,
      0,
      0,
      0,
      0,
      0,
      0,
      0,
      0,
      656,
      656,
      656,
      656,
      656,
      656,
      656,
      0,
      0,
      0,
      0,
      0,
      0,
      0,
      0,
      0,
      640,
      640,
      640,
      640,
      640,
      640,
      640,
      640,
      640,
      640,
      640,
      640,
      667,
      667,
      644,
      644,
      644,
      644,
      644,
      644,
      644,
      644,
      644,
      661,
      0,
      0,
      0,
      0,
      0,
      0,
      0,
      0,
      0,
      0,
      0,
      0,
      0,
      0,
      652,
      652,
      652,
      652,
      652,
      652,
      652,
      652,
      652,
      652,
      652,
      652,
      641,
      641,
      641,
      641,
      641,
      641,
      657,
      623,
      623,
      623,
      623,
      623,
      623,
      648,
      648,
      0,
      0,
      0,
      0,
      631,
      631,
      642,
      642,
      642,
      642,
      642,
      642,
      642,
      642,
      0,
      0,
      0,
      0,
      0,
      0,
      0,
      0,
      0,
      0,
      0,
      0,
      0,
      0,
      0,
      0,
      0,
      0,
      0,
      0,
      0,
      0,
      0,
      0,
      638,
      650,
      650,
      650,
      650,
      650,
      638,
      638,
      638,
      638,
      638,
      638,
      638,
      638,
      0,
      0,
      0,
      0,
      0,
      0,
      0,
      0,
      0,
      0,
      0,
      0,
      0,
      0,
      0,
      0,
      0,
      0,
      658,
      658,
      658,
      658,
      658,
      658,
      658,
      658,
      658,
      653,
      653,
      653,
      653,
      653,
      653,
      653,
      653,
      653,
      653,
      653
    ],
    [
      0,
      0,
      0,
      0,
      0,
      0,
      0,
      0,
      0,
      0,
      0,
      0,
      0,
      0,
      0,
      0,
      0,
      0,
      0,
      0,
      0,
      0,
      0,
      659,
      659,
      659,
      659,
      659,
      659,
      659,
      659,
      659,
      659,
      0,
      0,
      0,
      0,
      0,
      0,
      0,
      0,
      0,
      0,
      0,
      0,
      0,
      0,
      0,
      0,
      0,
      0,
      0,
      0,
      0,
      0,
      0,
      0,
      0,
      0,
      0,
      660,
      660,
      660,
      660,
      660,
      660,
      660,
      660,
      660,
      660,
      660,
      660,
      660,
      660,
      660,
      0,
      0,
      0,
      0,
      0,
      0,
      649,
      649,
      649,
      649,
      649,
      649,
      649,
      649,
      649,
      649,
      649,
      649,
      649,
      649,
      649,
      649,
      632,
      632,
      632,
      632,
      632,
      632,
      632,
      632,
      632,
      632,
      632,
      632,
      0,
      0,
      0,
      0,
      0,
      0,
      0,
      0,
      0,
      0,
      0,
      654,
      654,
      654,
      654,
      654,
      654,
      654,
      654,
      654,
      655,
      655,
      655,
      655,
      655,
      655,
      674,
      674,
      674,
      674,
      0,
      0,
      0,
      0,
      0,
      0,
      0,
      0,
      0,
      0,
      0,
      0,
      0,
      0,
      0,
      0,
      0,
      0,
      0,
      0,
      685,
      685,
      651,
      651,
      651,
      651,
      651,
      651,
      651,
      651,
      651,
      651,
      615,
      615,
      0,
      0,
      0,
      0,
      0,
      0,
      0,
      0,
      0,
      0,
      0,
      0,
      0,
      0,
      0,
      0,
      0,
      0,
      645,
      645,
      645,
      645,
      645,
      645,
      645,
      645,
      645,
      645,
      645,
      645,
      645,
      0,
      0,
      0,
      0,
      0,
      0,
      0,
      0,
      0,
      646,
      646,
      646,
      646,
      646,
      646,
      0,
      0,
      0,
      0,
      0,
      0,
      0,
      0,
      0,
      0,
      0,
      0,
      0,
      0,
      0,
      0,
      0,
      0,
      0,
      0,
      0,
      0,
      0,
      0,
      0,
      0,
      0,
      0,
      0,
      0,
      0,
      0,
      0,
      0,
      0,
      0,
      0,
      647,
      647,
      647,
      647,
      647,
      647,
      0,
      0,
      0,
      0,
      0,
      0,
      0,
      0,
      639,
      639,
      639,
      639,
      639,
      639,
      639,
      639,
      639,
      639,
      639,
      0,
      0,
      0,
      0,
      0,
      0,
      0,
      0,
      0,
      0,
      634,
      634,
      634,
      634,
      634,
      634,
      634,
      0,
      0,
      0,
      0,
      0,
      0,
      0,
      0,
      643,
      643,
      643,
      643,
      643,
      643,
      643,
      643,
      643,
      643,
      666,
      666,
      666,
      666,
      666,
      666,
      666,
      666,
      666,
      666,
      0,
      0,
      0,
      0,
      0,
      0,
      0,
      0,
      0,
      0,
      0,
      0,
      0,
      656,
      656,
      656,
      656,
      656,
      656,
      656,
      656,
      656,
      0,
      0,
      0,
      0,
      0,
      0,
      0,
      640,
      640,
      640,
      640,
      640,
      640,
      640,
      640,
      640,
      640,
      640,
      640,
      640,
      640,
      667,
      667,
      644,
      644,
      644,
      644,
      644,
      644,
      644,
      644,
      661,
      661,
      0,
      0,
      0,
      0,
      0,
      0,
      0,
      0,
      0,
      0,
      0,
      0,
      0,
      0,
      652,
      652,
      652,
      652,
      652,
      652,
      652,
      652,
      652,
      652,
      652,
      652,
      657,
      657,
      657,
      657,
      657,
      657,
      657,
      623,
      623,
      623,
      623,
      623,
      623,
      648,
      0,
      0,
      0,
      0,
      0,
      0,
      642,
      642,
      642,
      642,
      642,
      642,
      642,
      642,
      0,
      0,
      0,
      0,
      0,
      0,
      0,
      0,
      0,
      0,
      0,
      0,
      0,
      0,
      0,
      0,
      0,
      0,
      0,
      0,
      0,
      0,
      0,
      0,
      0,
      638,
      650,
      650,
      650,
      650,
      650,
      638,
      638,
      638,
      638,
      638,
      638,
      638,
      0,
      0,
      0,
      0,
      0,
      0,
      0,
      0,
      0,
      0,
      0,
      0,
      0,
      0,
      0,
      0,
      0,
      0,
      0,
      658,
      658,
      658,
      658,
      658,
      658,
      658,
      658,
      658,
      692,
      653,
      653,
      653,
      653,
      653,
      653,
      653,
      653,
      653,
      653
    ],
    [
      0,
      0,
      0,
      0,
      0,
      0,
      0,
      0,
      0,
      0,
      0,
      0,
      0,
      0,
      0,
      0,
      0,
      0,
      0,
      0,
      0,
      0,
      0,
      659,
      659,
      659,
      659,
      659,
      659,
      659,
      659,
      659,
      659,
      0,
      0,
      0,
      0,
      0,
      0,
      0,
      0,
      0,
      0,
      0,
      0,
      0,
      0,
      0,
      0,
      0,
      0,
      0,
      0,
      0,
      0,
      0,
      0,
      0,
      0,
      0,
      0,
      660,
      660,
      660,
      660,
      660,
      660,
      660,
      660,
      660,
      660,
      660,
      660,
      660,
      672,
      672,
      0,
      0,
      0,
      0,
      0,
      649,
      649,
      649,
      649,
      649,
      649,
      649,
      649,
      649,
      649,
      649,
      649,
      649,
      649,
      649,
      649,
      649,
      632,
      632,
      632,
      632,
      0,
      0,
      0,
      0,
      0,
      0,
      0,
      0,
      0,
      0,
      0,
      0,
      0,
      0,
      0,
      0,
      0,
      0,
      654,
      654,
      654,
      654,
      654,
      654,
      654,
      654,
      654,
      655,
      655,
      655,
      655,
      655,
      655,
      674,
      674,
      674,
      674,
      0,
      0,
      0,
      0,
      0,
      0,
      0,
      0,
      0,
      0,
      0,
      0,
      0,
      0,
      0,
      0,
      0,
      0,
      0,
      0,
      685,
      685,
      651,
      651,
      651,
      651,
      651,
      651,
      651,
      651,
      651,
      651,
      0,
      0,
      0,
      0,
      0,
      0,
      0,
      0,
      0,
      0,
      0,
      0,
      0,
      0,
      0,
      0,
      0,
      0,
      0,
      663,
      663,
      663,
      663,
      645,
      645,
      645,
      645,
      645,
      645,
      645,
      645,
      645,
      645,
      645,
      645,
      646,
      646,
      646,
      646,
      646,
      646,
      646,
      646,
      646,
      646,
      646,
      646,
      646,
      646,
      0,
      0,
      0,
      0,
      0,
      0,
      0,
      0,
      0,
      0,
      0,
      0,
      0,
      0,
      0,
      0,
      0,
      0,
      0,
      0,
      0,
      0,
      0,
      0,
      0,
      0,
      0,
      0,
      0,
      0,
      0,
      0,
      0,
      0,
      0,
      0,
      647,
      647,
      647,
      647,
      647,
      647,
      647,
      0,
      0,
      0,
      0,
      0,
      0,
      0,
      639,
      639,
      639,
      639,
      639,
      639,
      639,
      639,
      639,
      639,
      639,
      0,
      0,
      0,
      0,
      0,
      0,
      0,
      0,
      0,
      0,
      634,
      634,
      634,
      634,
      634,
      634,
      634,
      0,
      0,
      0,
      0,
      0,
      0,
      0,
      662,
      662,
      662,
      662,
      662,
      662,
      662,
      643,
      643,
      643,
      643,
      666,
      666,
      666,
      666,
      666,
      666,
      666,
      666,
      666,
      666,
      0,
      0,
      0,
      0,
      0,
      0,
      0,
      0,
      0,
      0,
      0,
      0,
      0,
      656,
      656,
      656,
      656,
      656,
      656,
      656,
      656,
      656,
      681,
      681,
      0,
      0,
      0,
      0,
      0,
      640,
      640,
      640,
      640,
      640,
      640,
      640,
      640,
      640,
      640,
      640,
      640,
      640,
      640,
      667,
      667,
      644,
      644,
      644,
      644,
      644,
      644,
      644,
      661,
      661,
      661,
      0,
      0,
      0,
      0,
      0,
      0,
      0,
      0,
      0,
      0,
      0,
      0,
      0,
      0,
      652,
      652,
      652,
      652,
      652,
      652,
      652,
      652,
      652,
      652,
      652,
      652,
      652,
      657,
      657,
      657,
      657,
      657,
      657,
      623,
      623,
      623,
      623,
      623,
      623,
      648,
      0,
      0,
      0,
      0,
      0,
      0,
      0,
      0,
      0,
      0,
      0,
      0,
      0,
      0,
      0,
      0,
      0,
      0,
      0,
      0,
      0,
      0,
      0,
      0,
      0,
      0,
      0,
      0,
      0,
      0,
      0,
      0,
      0,
      0,
      0,
      0,
      0,
      0,
      0,
      638,
      650,
      650,
      650,
      650,
      650,
      638,
      638,
      680,
      0,
      0,
      0,
      0,
      0,
      0,
      0,
      0,
      0,
      0,
      0,
      0,
      0,
      0,
      0,
      0,
      0,
      0,
      0,
      0,
      0,
      0,
      0,
      658,
      658,
      658,
      658,
      658,
      658,
      658,
      658,
      658,
      692,
      684,
      653,
      653,
      653,
      653,
      653,
      653,
      653,
      653,
      653
    ],
    [
      670,
      670,
      670,
      670,
      670,
      670,
      0,
      0,
      0,
      0,
      0,
      0,
      0,
      0,
      0,
      0,
      0,
      0,
      0,
      0,
      0,
      0,
      0,
      659,
      659,
      659,
      659,
      659,
      659,
      659,
      659,
      659,
      659,
      0,
      0,
      0,
      0,
      0,
      0,
      0,
      0,
      0,
      0,
      0,
      0,
      0,
      0,
      0,
      0,
      0,
      0,
      0,
      0,
      0,
      0,
      0,
      0,
      0,
      0,
      0,
      0,
      0,
      660,
      660,
      660,
      660,
      660,
      660,
      660,
      660,
      660,
      660,
      660,
      660,
      672,
      672,
      0,
      0,
      0,
      0,
      0,
      649,
      649,
      649,
      649,
      649,
      649,
      649,
      649,
      649,
      649,
      649,
      649,
      649,
      649,
      649,
      649,
      649,
      0,
      0,
      0,
      0,
      0,
      0,
      0,
      0,
      0,
      0,
      0,
      0,
      0,
      0,
      0,
      0,
      0,
      0,
      0,
      0,
      0,
      0,
      654,
      654,
      654,
      654,
      654,
      654,
      654,
      654,
      654,
      655,
      655,
      655,
      655,
      655,
      655,
      674,
      674,
      674,
      674,
      0,
      0,
      0,
      0,
      0,
      0,
      0,
      0,
      0,
      0,
      0,
      0,
      0,
      0,
      0,
      0,
      0,
      0,
      0,
      0,
      685,
      685,
      685,
      651,
      651,
      651,
      651,
      651,
      651,
      651,
      651,
      651,
      0,
      0,
      0,
      0,
      0,
      0,
      0,
      0,
      0,
      0,
      0,
      0,
      0,
      0,
      0,
      0,
      0,
      663,
      663,
      663,
      663,
      663,
      663,
      663,
      663,
      645,
      645,
      645,
      664,
      664,
      677,
      677,
      677,
      677,
      677,
      677,
      677,
      668,
      668,
      668,
      668,
      668,
      668,
      668,
      668,
      668,
      668,
      668,
      668,
      0,
      0,
      0,
      0,
      0,
      0,
      0,
      0,
      0,
      0,
      0,
      0,
      0,
      0,
      0,
      0,
      0,
      0,
      0,
      0,
      0,
      0,
      0,
      0,
      0,
      0,
      0,
      0,
      0,
      0,
      0,
      0,
      0,
      0,
      0,
      0,
      647,
      647,
      647,
      647,
      665,
      665,
      665,
      665,
      665,
      0,
      0,
      0,
      0,
      0,
      639,
      639,
      639,
      639,
      639,
      639,
      639,
      639,
      639,
      639,
      639,
      0,
      0,
      0,
      0,
      0,
      0,
      0,
      0,
      0,
      0,
      634,
      634,
      634,
      634,
      634,
      634,
      634,
      0,
      0,
      0,
      0,
      0,
      0,
      0,
      662,
      662,
      662,
      662,
      662,
      662,
      662,
      662,
      643,
      643,
      643,
      666,
      666,
      666,
      666,
      666,
      666,
      666,
      666,
      666,
      666,
      0,
      0,
      0,
      0,
      0,
      0,
      0,
      0,
      0,
      0,
      0,
      0,
      0,
      656,
      656,
      656,
      656,
      656,
      656,
      656,
      656,
      656,
      681,
      681,
      681,
      0,
      0,
      0,
      0,
      640,
      640,
      640,
      640,
      640,
      640,
      640,
      640,
      640,
      640,
      640,
      640,
      640,
      640,
      667,
      667,
      667,
      661,
      661,
      661,
      661,
      661,
      661,
      661,
      661,
      661,
      0,
      0,
      0,
      0,
      0,
      0,
      0,
      0,
      0,
      0,
      0,
      0,
      0,
      0,
      652,
      652,
      652,
      652,
      652,
      652,
      652,
      652,
      652,
      652,
      652,
      652,
      652,
      652,
      657,
      657,
      657,
      657,
      657,
      623,
      623,
      623,
      623,
      623,
      623,
      648,
      0,
      0,
      0,
      0,
      0,
      0,
      0,
      0,
      0,
      0,
      0,
      0,
      0,
      0,
      0,
      0,
      0,
      0,
      0,
      0,
      0,
      0,
      0,
      0,
      0,
      0,
      0,
      0,
      0,
      0,
      0,
      0,
      0,
      0,
      0,
      0,
      0,
      0,
      0,
      650,
      650,
      650,
      650,
      650,
      650,
      650,
      680,
      680,
      0,
      0,
      0,
      0,
      0,
      0,
      0,
      0,
      0,
      0,
      0,
      0,
      0,
      0,
      0,
      0,
      0,
      0,
      0,
      0,
      0,
      0,
      0,
      658,
      658,
      658,
      658,
      658,
      658,
      658,
      658,
      658,
      692,
      684,
      684,
      684,
      653,
      653,
      653,
      653,
      653,
      653,
      653
    ],
    [
      670,
      670,
      670,
      670,
      670,
      670,
      670,
      698,
      0,
      0,
      0,
      0,
      0,
      0,
      0,
      0,
      0,
      0,
      0,
      0,
      0,
      0,
      0,
      659,
      659,
      659,
      659,
      659,
      659,
      659,
      659,
      659,
      659,
      0,
      0,
      0,
      0,
      0,
      0,
      0,
      0,
      0,
      0,
      0,
      0,
      0,
      0,
      0,
      0,
      0,
      0,
      0,
      0,
      0,
      0,
      0,
      671,
      671,
      671,
      671,
      671,
      671,
      671,
      660,
      660,
      660,
      660,
      660,
      660,
      660,
      660,
      660,
      660,
      660,
      672,
      672,
      0,
      0,
      0,
      0,
      0,
      0,
      0,
      0,
      0,
      649,
      649,
      649,
      649,
      649,
      649,
      649,
      649,
      649,
      649,
      649,
      649,
      649,
      649,
      649,
      0,
      0,
      0,
      0,
      0,
      0,
      0,
      0,
      0,
      0,
      0,
      0,
      0,
      0,
      0,
      0,
      0,
      0,
      0,
      0,
      654,
      654,
      654,
      654,
      654,
      654,
      654,
      654,
      654,
      655,
      655,
      655,
      655,
      655,
      655,
      674,
      674,
      674,
      674,
      0,
      0,
      0,
      0,
      0,
      0,
      0,
      0,
      0,
      0,
      0,
      0,
      0,
      0,
      0,
      0,
      0,
      0,
      0,
      0,
      685,
      685,
      685,
      651,
      651,
      651,
      651,
      651,
      651,
      651,
      651,
      651,
      0,
      0,
      0,
      0,
      0,
      0,
      0,
      0,
      0,
      0,
      0,
      0,
      0,
      0,
      0,
      0,
      663,
      663,
      663,
      663,
      663,
      663,
      663,
      663,
      663,
      663,
      664,
      664,
      664,
      664,
      677,
      677,
      677,
      677,
      677,
      677,
      677,
      677,
      677,
      668,
      668,
      668,
      668,
      668,
      668,
      668,
      668,
      668,
      668,
      668,
      0,
      0,
      0,
      0,
      0,
      0,
      0,
      0,
      0,
      0,
      0,
      0,
      0,
      0,
      0,
      0,
      0,
      0,
      0,
      0,
      0,
      0,
      0,
      0,
      0,
      0,
      0,
      0,
      0,
      0,
      0,
      0,
      0,
      0,
      0,
      0,
      647,
      647,
      647,
      665,
      665,
      665,
      665,
      665,
      0,
      0,
      0,
      0,
      0,
      639,
      0,
      0,
      0,
      0,
      0,
      0,
      0,
      0,
      0,
      0,
      0,
      0,
      0,
      0,
      0,
      0,
      0,
      0,
      0,
      0,
      634,
      634,
      634,
      634,
      634,
      634,
      634,
      0,
      0,
      0,
      0,
      0,
      0,
      0,
      662,
      662,
      662,
      662,
      662,
      662,
      662,
      662,
      704,
      704,
      704,
      666,
      666,
      666,
      666,
      666,
      666,
      666,
      666,
      666,
      666,
      0,
      0,
      0,
      0,
      0,
      0,
      0,
      0,
      0,
      0,
      0,
      0,
      0,
      656,
      656,
      656,
      656,
      656,
      656,
      656,
      656,
      656,
      681,
      681,
      681,
      0,
      0,
      0,
      0,
      640,
      640,
      640,
      640,
      640,
      640,
      640,
      640,
      640,
      640,
      640,
      640,
      640,
      640,
      667,
      667,
      667,
      667,
      661,
      661,
      661,
      661,
      661,
      661,
      661,
      661,
      0,
      0,
      0,
      0,
      0,
      0,
      0,
      0,
      0,
      0,
      0,
      0,
      0,
      0,
      652,
      652,
      652,
      652,
      669,
      652,
      652,
      652,
      652,
      652,
      652,
      652,
      652,
      652,
      657,
      657,
      657,
      657,
      657,
      657,
      657,
      623,
      623,
      623,
      623,
      648,
      0,
      0,
      0,
      0,
      0,
      0,
      0,
      0,
      0,
      0,
      0,
      0,
      0,
      0,
      0,
      0,
      0,
      0,
      0,
      0,
      0,
      0,
      0,
      0,
      0,
      0,
      0,
      0,
      0,
      0,
      0,
      0,
      0,
      0,
      0,
      0,
      0,
      0,
      0,
      0,
      680,
      680,
      680,
      680,
      680,
      680,
      680,
      680,
      0,
      0,
      0,
      0,
      0,
      0,
      0,
      0,
      0,
      0,
      0,
      0,
      0,
      0,
      0,
      0,
      0,
      0,
      0,
      0,
      0,
      0,
      0,
      658,
      658,
      658,
      658,
      658,
      658,
      658,
      658,
      658,
      692,
      684,
      684,
      684,
      684,
      653,
      653,
      653,
      653,
      653,
      653
    ],
    [
      670,
      670,
      670,
      670,
      670,
      670,
      698,
      698,
      0,
      0,
      0,
      0,
      0,
      0,
      0,
      0,
      0,
      0,
      0,
      0,
      0,
      0,
      0,
      676,
      659,
      659,
      659,
      659,
      659,
      659,
      659,
      659,
      659,
      676,
      0,
      0,
      0,
      0,
      0,
      0,
      0,
      0,
      0,
      0,
      0,
      0,
      0,
      0,
      0,
      0,
      0,
      0,
      0,
      0,
      0,
      0,
      671,
      671,
      671,
      671,
      671,
      671,
      671,
      671,
      660,
      660,
      660,
      660,
      660,
      660,
      660,
      660,
      672,
      672,
      672,
      672,
      0,
      0,
      0,
      0,
      0,
      0,
      0,
      0,
      0,
      649,
      649,
      649,
      649,
      649,
      649,
      673,
      673,
      673,
      673,
      673,
      673,
      673,
      673,
      673,
      673,
      0,
      0,
      0,
      0,
      0,
      0,
      0,
      0,
      0,
      0,
      0,
      0,
      0,
      0,
      0,
      0,
      0,
      0,
      0,
      654,
      654,
      654,
      654,
      654,
      654,
      654,
      654,
      654,
      655,
      655,
      655,
      655,
      655,
      655,
      674,
      674,
      674,
      674,
      0,
      0,
      0,
      0,
      0,
      0,
      0,
      0,
      0,
      0,
      0,
      0,
      0,
      0,
      0,
      0,
      0,
      0,
      0,
      0,
      685,
      685,
      685,
      685,
      651,
      651,
      651,
      651,
      651,
      651,
      651,
      0,
      0,
      0,
      0,
      0,
      0,
      0,
      0,
      0,
      0,
      0,
      0,
      0,
      0,
      0,
      0,
      0,
      663,
      663,
      663,
      663,
      663,
      663,
      663,
      663,
      663,
      663,
      664,
      664,
      664,
      664,
      677,
      677,
      677,
      677,
      677,
      677,
      677,
      677,
      677,
      677,
      668,
      668,
      668,
      668,
      668,
      668,
      668,
      668,
      668,
      668,
      0,
      0,
      0,
      0,
      0,
      0,
      0,
      0,
      0,
      0,
      0,
      0,
      0,
      0,
      0,
      0,
      0,
      0,
      0,
      0,
      0,
      0,
      0,
      0,
      0,
      0,
      0,
      0,
      0,
      0,
      0,
      0,
      0,
      0,
      0,
      0,
      647,
      647,
      647,
      665,
      665,
      665,
      665,
      665,
      0,
      0,
      0,
      0,
      0,
      639,
      0,
      0,
      0,
      0,
      0,
      0,
      0,
      0,
      0,
      0,
      0,
      0,
      0,
      0,
      0,
      0,
      0,
      0,
      0,
      0,
      634,
      634,
      634,
      634,
      634,
      0,
      0,
      0,
      0,
      0,
      0,
      0,
      0,
      0,
      662,
      662,
      662,
      662,
      662,
      662,
      662,
      662,
      704,
      704,
      704,
      707,
      0,
      666,
      666,
      666,
      666,
      666,
      666,
      666,
      666,
      0,
      0,
      0,
      0,
      0,
      0,
      0,
      0,
      0,
      0,
      0,
      0,
      0,
      656,
      656,
      656,
      656,
      656,
      656,
      656,
      656,
      656,
      681,
      681,
      681,
      681,
      681,
      681,
      640,
      640,
      640,
      640,
      640,
      640,
      640,
      640,
      640,
      640,
      640,
      667,
      667,
      667,
      667,
      667,
      667,
      667,
      667,
      667,
      661,
      661,
      661,
      661,
      661,
      661,
      661,
      0,
      0,
      0,
      0,
      0,
      0,
      0,
      0,
      0,
      0,
      0,
      0,
      0,
      0,
      652,
      652,
      669,
      669,
      669,
      652,
      652,
      652,
      652,
      652,
      652,
      652,
      652,
      652,
      657,
      675,
      675,
      675,
      675,
      675,
      675,
      623,
      623,
      623,
      623,
      648,
      0,
      0,
      0,
      0,
      0,
      0,
      0,
      0,
      0,
      0,
      0,
      0,
      0,
      0,
      0,
      0,
      0,
      0,
      0,
      0,
      0,
      0,
      0,
      0,
      0,
      0,
      0,
      0,
      0,
      0,
      0,
      0,
      0,
      0,
      0,
      0,
      0,
      0,
      680,
      680,
      680,
      680,
      680,
      680,
      680,
      680,
      680,
      680,
      680,
      680,
      680,
      680,
      680,
      680,
      0,
      0,
      0,
      0,
      0,
      0,
      0,
      0,
      0,
      0,
      0,
      0,
      0,
      0,
      0,
      0,
      0,
      658,
      658,
      658,
      658,
      658,
      658,
      658,
      658,
      658,
      692,
      684,
      684,
      684,
      684,
      684,
      653,
      653,
      653,
      653,
      653
    ],
    [
      670,
      670,
      670,
      670,
      670,
      670,
      698,
      698,
      698,
      0,
      0,
      0,
      0,
      0,
      0,
      0,
      0,
      0,
      0,
      0,
      0,
      0,
      0,
      676,
      676,
      676,
      659,
      659,
      659,
      659,
      659,
      659,
      676,
      676,
      0,
      0,
      0,
      0,
      0,
      0,
      0,
      0,
      0,
      0,
      0,
      0,
      0,
      0,
      0,
      0,
      0,
      0,
      0,
      0,
      0,
      671,
      671,
      671,
      671,
      671,
      671,
      671,
      671,
      671,
      660,
      660,
      660,
      660,
      660,
      660,
      660,
      672,
      672,
      672,
      672,
      672,
      0,
      0,
      0,
      0,
      0,
      0,
      0,
      0,
      0,
      649,
      0,
      0,
      0,
      0,
      0,
      673,
      673,
      673,
      673,
      673,
      673,
      673,
      673,
      673,
      673,
      706,
      0,
      0,
      0,
      0,
      0,
      0,
      0,
      0,
      0,
      0,
      0,
      0,
      0,
      0,
      0,
      0,
      0,
      0,
      654,
      654,
      654,
      654,
      654,
      654,
      654,
      654,
      654,
      654,
      655,
      655,
      655,
      655,
      655,
      674,
      674,
      674,
      674,
      0,
      0,
      0,
      0,
      0,
      0,
      0,
      0,
      0,
      0,
      0,
      0,
      0,
      0,
      0,
      0,
      0,
      0,
      0,
      0,
      685,
      685,
      685,
      685,
      685,
      685,
      685,
      685,
      685,
      685,
      0,
      0,
      0,
      0,
      0,
      0,
      0,
      0,
      0,
      0,
      0,
      0,
      0,
      0,
      0,
      0,
      0,
      0,
      663,
      663,
      663,
      663,
      663,
      663,
      663,
      663,
      663,
      663,
      664,
      664,
      664,
      664,
      677,
      677,
      677,
      677,
      677,
      677,
      677,
      677,
      677,
      677,
      677,
      677,
      668,
      668,
      668,
      668,
      668,
      668,
      668,
      668,
      668,
      668,
      668,
      0,
      0,
      0,
      0,
      0,
      0,
      0,
      0,
      0,
      0,
      0,
      0,
      0,
      0,
      0,
      0,
      0,
      0,
      0,
      0,
      0,
      0,
      0,
      0,
      0,
      0,
      0,
      0,
      0,
      0,
      0,
      0,
      0,
      0,
      647,
      647,
      665,
      665,
      665,
      665,
      665,
      0,
      0,
      0,
      0,
      0,
      639,
      0,
      0,
      0,
      0,
      0,
      0,
      0,
      0,
      0,
      0,
      0,
      0,
      0,
      0,
      0,
      0,
      0,
      0,
      0,
      0,
      634,
      678,
      678,
      678,
      634,
      0,
      0,
      0,
      0,
      0,
      0,
      0,
      0,
      0,
      662,
      662,
      662,
      662,
      662,
      662,
      662,
      662,
      704,
      704,
      704,
      707,
      0,
      666,
      666,
      666,
      666,
      666,
      666,
      666,
      666,
      0,
      0,
      0,
      0,
      0,
      0,
      0,
      0,
      0,
      0,
      0,
      0,
      0,
      0,
      656,
      656,
      656,
      656,
      656,
      656,
      656,
      656,
      681,
      681,
      681,
      681,
      681,
      681,
      681,
      681,
      681,
      681,
      681,
      640,
      640,
      640,
      640,
      640,
      640,
      640,
      640,
      667,
      667,
      667,
      667,
      667,
      667,
      667,
      661,
      661,
      661,
      661,
      661,
      661,
      661,
      661,
      0,
      0,
      0,
      0,
      0,
      0,
      0,
      0,
      0,
      0,
      0,
      0,
      0,
      652,
      669,
      669,
      669,
      669,
      652,
      652,
      652,
      652,
      652,
      652,
      652,
      652,
      652,
      687,
      687,
      675,
      675,
      675,
      675,
      675,
      623,
      623,
      623,
      623,
      648,
      0,
      0,
      0,
      0,
      0,
      0,
      0,
      0,
      0,
      0,
      0,
      0,
      0,
      0,
      0,
      0,
      0,
      0,
      0,
      0,
      0,
      0,
      0,
      0,
      0,
      0,
      0,
      0,
      0,
      0,
      0,
      0,
      0,
      0,
      680,
      680,
      680,
      680,
      680,
      680,
      680,
      680,
      680,
      680,
      680,
      680,
      680,
      680,
      680,
      680,
      680,
      680,
      680,
      680,
      0,
      0,
      0,
      0,
      0,
      0,
      0,
      0,
      0,
      0,
      0,
      0,
      0,
      0,
      0,
      0,
      0,
      0,
      658,
      658,
      658,
      658,
      658,
      658,
      658,
      658,
      692,
      684,
      684,
      684,
      684,
      684,
      684,
      684,
      653,
      653,
      653
    ],
    [
      670,
      670,
      670,
      670,
      670,
      670,
      698,
      698,
      698,
      700,
      0,
      0,
      0,
      0,
      0,
      0,
      0,
      0,
      0,
      0,
      0,
      0,
      0,
      676,
      676,
      676,
      659,
      659,
      659,
      659,
      659,
      676,
      676,
      676,
      0,
      0,
      0,
      0,
      0,
      0,
      0,
      0,
      0,
      0,
      0,
      0,
      0,
      0,
      0,
      0,
      0,
      0,
      0,
      0,
      702,
      671,
      671,
      671,
      671,
      671,
      671,
      671,
      671,
      671,
      660,
      660,
      660,
      660,
      660,
      672,
      672,
      672,
      672,
      672,
      672,
      672,
      0,
      0,
      0,
      0,
      0,
      0,
      0,
      0,
      0,
      0,
      0,
      0,
      0,
      0,
      0,
      673,
      673,
      673,
      673,
      673,
      673,
      673,
      673,
      673,
      673,
      706,
      706,
      706,
      0,
      0,
      0,
      0,
      0,
      0,
      0,
      0,
      0,
      0,
      0,
      0,
      0,
      0,
      0,
      0,
      654,
      654,
      654,
      654,
      654,
      654,
      654,
      654,
      654,
      654,
      674,
      674,
      674,
      674,
      674,
      674,
      674,
      674,
      674,
      0,
      0,
      0,
      0,
      0,
      0,
      0,
      0,
      0,
      0,
      0,
      0,
      0,
      0,
      0,
      0,
      0,
      0,
      0,
      0,
      685,
      685,
      685,
      685,
      685,
      685,
      685,
      685,
      685,
      685,
      0,
      0,
      0,
      0,
      0,
      0,
      0,
      0,
      0,
      0,
      0,
      0,
      0,
      0,
      0,
      0,
      0,
      0,
      663,
      663,
      663,
      663,
      663,
      663,
      663,
      663,
      663,
      663,
      664,
      664,
      664,
      664,
      677,
      677,
      677,
      677,
      677,
      677,
      677,
      677,
      677,
      677,
      677,
      677,
      668,
      668,
      668,
      668,
      668,
      668,
      668,
      668,
      668,
      668,
      668,
      668,
      0,
      0,
      0,
      0,
      0,
      0,
      0,
      0,
      0,
      0,
      0,
      0,
      0,
      0,
      0,
      0,
      0,
      0,
      0,
      0,
      0,
      0,
      0,
      0,
      0,
      0,
      0,
      0,
      0,
      0,
      0,
      0,
      0,
      0,
      647,
      665,
      665,
      665,
      665,
      665,
      686,
      686,
      686,
      0,
      0,
      0,
      0,
      0,
      0,
      0,
      0,
      0,
      0,
      0,
      0,
      0,
      0,
      0,
      0,
      0,
      0,
      0,
      0,
      0,
      0,
      0,
      0,
      678,
      678,
      678,
      678,
      0,
      0,
      0,
      0,
      0,
      0,
      0,
      704,
      0,
      662,
      662,
      662,
      662,
      662,
      662,
      662,
      662,
      704,
      704,
      704,
      707,
      0,
      666,
      666,
      666,
      666,
      666,
      666,
      666,
      666,
      0,
      0,
      0,
      0,
      0,
      0,
      0,
      0,
      0,
      0,
      0,
      0,
      0,
      0,
      0,
      0,
      681,
      681,
      681,
      681,
      681,
      681,
      681,
      681,
      681,
      681,
      681,
      681,
      681,
      681,
      681,
      681,
      681,
      681,
      682,
      682,
      682,
      682,
      682,
      682,
      682,
      667,
      667,
      667,
      667,
      667,
      667,
      667,
      661,
      661,
      679,
      679,
      679,
      679,
      679,
      679,
      0,
      0,
      0,
      0,
      0,
      0,
      0,
      0,
      0,
      0,
      0,
      0,
      669,
      669,
      669,
      669,
      669,
      669,
      652,
      652,
      652,
      652,
      652,
      652,
      652,
      652,
      687,
      687,
      687,
      675,
      675,
      675,
      675,
      675,
      623,
      623,
      623,
      623,
      648,
      0,
      0,
      0,
      0,
      0,
      0,
      0,
      0,
      0,
      0,
      0,
      0,
      0,
      0,
      0,
      0,
      0,
      0,
      0,
      0,
      0,
      0,
      0,
      0,
      0,
      0,
      0,
      0,
      0,
      0,
      0,
      0,
      0,
      0,
      0,
      680,
      680,
      680,
      680,
      680,
      680,
      680,
      680,
      680,
      680,
      680,
      680,
      680,
      680,
      683,
      683,
      683,
      683,
      683,
      683,
      0,
      0,
      0,
      0,
      0,
      0,
      0,
      0,
      0,
      0,
      710,
      710,
      710,
      0,
      0,
      0,
      0,
      658,
      658,
      658,
      658,
      658,
      658,
      658,
      692,
      692,
      684,
      684,
      684,
      684,
      684,
      684,
      684,
      653,
      653,
      653
    ],
    [
      670,
      670,
      670,
      670,
      670,
      670,
      698,
      698,
      698,
      700,
      0,
      0,
      0,
      0,
      0,
      0,
      0,
      0,
      0,
      0,
      0,
      0,
      0,
      676,
      676,
      676,
      676,
      676,
      676,
      676,
      676,
      676,
      676,
      676,
      676,
      676,
      676,
      676,
      0,
      0,
      0,
      0,
      0,
      0,
      0,
      0,
      0,
      0,
      0,
      0,
      0,
      0,
      0,
      702,
      702,
      671,
      671,
      671,
      671,
      671,
      671,
      671,
      671,
      671,
      660,
      660,
      660,
      660,
      672,
      672,
      672,
      672,
      672,
      672,
      672,
      672,
      0,
      0,
      0,
      0,
      0,
      0,
      0,
      0,
      0,
      0,
      0,
      0,
      0,
      0,
      0,
      673,
      673,
      673,
      673,
      673,
      673,
      673,
      673,
      673,
      673,
      706,
      706,
      706,
      706,
      0,
      0,
      0,
      0,
      0,
      0,
      0,
      0,
      0,
      0,
      0,
      0,
      0,
      0,
      0,
      0,
      654,
      654,
      699,
      699,
      699,
      654,
      654,
      654,
      654,
      654,
      674,
      674,
      674,
      674,
      674,
      674,
      674,
      674,
      0,
      0,
      0,
      0,
      0,
      0,
      0,
      0,
      0,
      0,
      0,
      0,
      0,
      0,
      0,
      0,
      0,
      0,
      0,
      0,
      685,
      685,
      685,
      685,
      685,
      685,
      685,
      685,
      685,
      0,
      0,
      0,
      0,
      0,
      0,
      0,
      0,
      0,
      0,
      0,
      0,
      0,
      0,
      0,
      0,
      0,
      0,
      0,
      663,
      663,
      663,
      663,
      663,
      663,
      663,
      663,
      663,
      663,
      664,
      664,
      664,
      664,
      677,
      677,
      677,
      677,
      677,
      677,
      677,
      677,
      677,
      677,
      677,
      677,
      703,
      668,
      668,
      668,
      668,
      668,
      668,
      668,
      668,
      668,
      668,
      668,
      668,
      668,
      668,
      0,
      0,
      0,
      0,
      0,
      0,
      0,
      0,
      0,
      0,
      0,
      0,
      0,
      0,
      0,
      0,
      0,
      0,
      0,
      0,
      0,
      0,
      0,
      0,
      0,
      0,
      0,
      0,
      0,
      0,
      0,
      0,
      665,
      665,
      665,
      665,
      665,
      686,
      686,
      686,
      0,
      0,
      0,
      0,
      0,
      0,
      0,
      0,
      0,
      0,
      0,
      0,
      0,
      0,
      0,
      0,
      0,
      0,
      0,
      0,
      0,
      0,
      0,
      0,
      678,
      678,
      678,
      678,
      0,
      0,
      0,
      0,
      0,
      0,
      0,
      704,
      704,
      662,
      662,
      662,
      662,
      662,
      662,
      662,
      662,
      704,
      704,
      704,
      707,
      0,
      666,
      666,
      666,
      666,
      666,
      666,
      666,
      666,
      0,
      0,
      0,
      0,
      0,
      0,
      0,
      0,
      0,
      0,
      0,
      0,
      0,
      0,
      0,
      0,
      0,
      681,
      681,
      681,
      681,
      681,
      681,
      681,
      681,
      681,
      681,
      681,
      681,
      681,
      681,
      681,
      681,
      682,
      682,
      682,
      682,
      682,
      682,
      682,
      682,
      667,
      667,
      667,
      667,
      667,
      667,
      667,
      661,
      661,
      679,
      679,
      679,
      679,
      679,
      679,
      679,
      0,
      0,
      0,
      0,
      0,
      0,
      0,
      0,
      0,
      0,
      669,
      669,
      669,
      669,
      669,
      669,
      669,
      652,
      652,
      652,
      652,
      652,
      652,
      652,
      652,
      687,
      687,
      687,
      675,
      675,
      675,
      675,
      675,
      623,
      623,
      0,
      623,
      648,
      0,
      0,
      0,
      0,
      0,
      0,
      0,
      0,
      0,
      0,
      0,
      0,
      0,
      0,
      0,
      0,
      0,
      0,
      0,
      0,
      0,
      0,
      0,
      0,
      0,
      0,
      0,
      0,
      0,
      0,
      0,
      0,
      0,
      0,
      0,
      0,
      680,
      680,
      680,
      680,
      680,
      680,
      680,
      680,
      680,
      680,
      680,
      680,
      680,
      683,
      683,
      683,
      683,
      683,
      683,
      683,
      0,
      0,
      0,
      0,
      0,
      0,
      0,
      0,
      0,
      710,
      710,
      710,
      0,
      0,
      692,
      692,
      692,
      692,
      692,
      692,
      692,
      692,
      692,
      692,
      692,
      684,
      684,
      684,
      684,
      684,
      684,
      684,
      684,
      684,
      684
    ],
    [
      670,
      670,
      670,
      670,
      670,
      670,
      698,
      698,
      698,
      700,
      700,
      0,
      0,
      0,
      0,
      0,
      0,
      0,
      0,
      0,
      676,
      676,
      676,
      676,
      676,
      676,
      676,
      676,
      676,
      676,
      676,
      676,
      676,
      676,
      676,
      676,
      676,
      676,
      0,
      0,
      0,
      0,
      0,
      0,
      0,
      0,
      0,
      0,
      0,
      0,
      0,
      0,
      717,
      702,
      702,
      671,
      671,
      671,
      671,
      671,
      671,
      671,
      671,
      671,
      702,
      702,
      0,
      672,
      672,
      672,
      672,
      672,
      672,
      672,
      672,
      672,
      0,
      0,
      0,
      0,
      0,
      0,
      0,
      0,
      0,
      0,
      0,
      0,
      0,
      0,
      0,
      673,
      673,
      673,
      673,
      673,
      673,
      673,
      673,
      673,
      673,
      706,
      706,
      706,
      706,
      0,
      0,
      0,
      0,
      0,
      0,
      0,
      0,
      0,
      0,
      0,
      0,
      0,
      0,
      0,
      0,
      699,
      699,
      699,
      699,
      699,
      654,
      654,
      719,
      719,
      719,
      719,
      674,
      674,
      674,
      674,
      674,
      674,
      674,
      674,
      0,
      0,
      0,
      0,
      0,
      0,
      0,
      0,
      0,
      0,
      0,
      0,
      0,
      0,
      0,
      0,
      0,
      0,
      0,
      685,
      685,
      685,
      685,
      685,
      685,
      685,
      685,
      685,
      0,
      0,
      0,
      0,
      0,
      0,
      0,
      0,
      0,
      0,
      0,
      0,
      0,
      0,
      0,
      0,
      0,
      0,
      0,
      663,
      663,
      663,
      663,
      663,
      663,
      663,
      663,
      663,
      663,
      664,
      664,
      664,
      664,
      677,
      677,
      677,
      677,
      677,
      677,
      677,
      677,
      677,
      677,
      677,
      677,
      703,
      703,
      703,
      688,
      688,
      688,
      668,
      668,
      668,
      668,
      668,
      668,
      668,
      668,
      668,
      0,
      0,
      0,
      0,
      0,
      0,
      0,
      0,
      0,
      0,
      0,
      0,
      0,
      0,
      0,
      0,
      0,
      0,
      0,
      0,
      0,
      0,
      0,
      0,
      0,
      0,
      0,
      0,
      0,
      0,
      0,
      0,
      665,
      665,
      665,
      665,
      665,
      686,
      686,
      686,
      686,
      686,
      686,
      686,
      0,
      0,
      0,
      0,
      0,
      0,
      0,
      0,
      0,
      0,
      0,
      0,
      0,
      0,
      0,
      0,
      0,
      0,
      0,
      0,
      678,
      678,
      678,
      678,
      0,
      0,
      0,
      0,
      0,
      0,
      0,
      704,
      704,
      704,
      704,
      704,
      704,
      704,
      704,
      704,
      704,
      704,
      704,
      704,
      707,
      0,
      666,
      666,
      0,
      0,
      0,
      0,
      0,
      666,
      0,
      0,
      0,
      0,
      0,
      0,
      0,
      0,
      0,
      0,
      0,
      0,
      0,
      0,
      0,
      0,
      0,
      0,
      742,
      742,
      742,
      742,
      742,
      681,
      681,
      681,
      681,
      681,
      681,
      681,
      681,
      681,
      681,
      682,
      682,
      682,
      682,
      682,
      689,
      689,
      689,
      689,
      689,
      667,
      667,
      667,
      667,
      667,
      661,
      661,
      679,
      679,
      679,
      679,
      679,
      679,
      679,
      0,
      0,
      0,
      0,
      0,
      0,
      0,
      0,
      0,
      0,
      669,
      669,
      669,
      669,
      669,
      669,
      669,
      652,
      652,
      652,
      687,
      687,
      687,
      687,
      687,
      687,
      687,
      687,
      675,
      675,
      675,
      675,
      675,
      623,
      0,
      0,
      0,
      0,
      0,
      0,
      0,
      0,
      0,
      0,
      0,
      0,
      0,
      0,
      0,
      0,
      0,
      0,
      0,
      0,
      0,
      0,
      0,
      0,
      0,
      0,
      0,
      0,
      0,
      0,
      0,
      0,
      721,
      691,
      691,
      691,
      691,
      691,
      691,
      691,
      691,
      722,
      680,
      680,
      680,
      680,
      680,
      680,
      680,
      680,
      680,
      680,
      680,
      683,
      683,
      683,
      683,
      683,
      683,
      683,
      0,
      0,
      0,
      0,
      0,
      0,
      0,
      0,
      0,
      710,
      710,
      710,
      0,
      0,
      692,
      692,
      692,
      692,
      692,
      692,
      692,
      692,
      692,
      692,
      692,
      684,
      684,
      684,
      684,
      684,
      684,
      684,
      684,
      684,
      684
    ],
    [
      670,
      670,
      670,
      670,
      670,
      670,
      698,
      698,
      698,
      700,
      700,
      700,
      0,
      0,
      0,
      0,
      0,
      0,
      0,
      0,
      0,
      676,
      676,
      676,
      676,
      676,
      676,
      676,
      676,
      676,
      676,
      676,
      676,
      676,
      676,
      676,
      676,
      0,
      0,
      0,
      0,
      0,
      0,
      0,
      0,
      0,
      0,
      0,
      0,
      0,
      0,
      0,
      717,
      702,
      702,
      671,
      671,
      671,
      671,
      671,
      671,
      671,
      702,
      702,
      702,
      702,
      0,
      672,
      672,
      672,
      672,
      672,
      672,
      672,
      672,
      672,
      0,
      0,
      0,
      0,
      0,
      0,
      0,
      0,
      0,
      0,
      0,
      0,
      0,
      0,
      0,
      673,
      673,
      673,
      673,
      673,
      673,
      673,
      673,
      673,
      673,
      706,
      706,
      706,
      706,
      0,
      0,
      0,
      0,
      0,
      0,
      0,
      0,
      0,
      0,
      0,
      0,
      0,
      0,
      0,
      0,
      699,
      699,
      699,
      699,
      699,
      654,
      654,
      719,
      719,
      719,
      719,
      674,
      674,
      674,
      674,
      674,
      674,
      674,
      674,
      690,
      690,
      0,
      0,
      0,
      0,
      0,
      0,
      0,
      0,
      0,
      0,
      0,
      0,
      0,
      0,
      0,
      0,
      0,
      685,
      685,
      685,
      685,
      685,
      685,
      685,
      685,
      685,
      0,
      0,
      0,
      0,
      0,
      0,
      0,
      0,
      0,
      0,
      0,
      0,
      0,
      0,
      0,
      0,
      0,
      0,
      0,
      0,
      663,
      663,
      663,
      663,
      663,
      663,
      663,
      663,
      694,
      694,
      694,
      694,
      694,
      694,
      677,
      677,
      677,
      677,
      677,
      677,
      677,
      677,
      677,
      677,
      677,
      703,
      703,
      703,
      703,
      688,
      688,
      688,
      688,
      668,
      668,
      668,
      668,
      668,
      668,
      668,
      739,
      0,
      0,
      0,
      0,
      0,
      0,
      0,
      0,
      0,
      0,
      0,
      0,
      0,
      0,
      0,
      0,
      0,
      0,
      0,
      0,
      0,
      0,
      0,
      0,
      0,
      0,
      0,
      0,
      0,
      0,
      0,
      0,
      665,
      665,
      686,
      686,
      686,
      686,
      686,
      686,
      686,
      686,
      686,
      686,
      0,
      0,
      0,
      0,
      0,
      0,
      0,
      695,
      695,
      695,
      695,
      695,
      695,
      695,
      0,
      0,
      0,
      0,
      0,
      678,
      678,
      678,
      678,
      0,
      0,
      0,
      0,
      0,
      0,
      0,
      704,
      704,
      704,
      704,
      704,
      704,
      704,
      704,
      704,
      704,
      704,
      704,
      704,
      707,
      0,
      0,
      0,
      0,
      0,
      0,
      0,
      0,
      0,
      0,
      0,
      0,
      0,
      0,
      0,
      0,
      0,
      0,
      0,
      0,
      0,
      0,
      0,
      0,
      0,
      0,
      0,
      0,
      742,
      742,
      742,
      742,
      681,
      681,
      681,
      681,
      681,
      681,
      681,
      681,
      681,
      681,
      682,
      682,
      682,
      682,
      689,
      689,
      689,
      689,
      689,
      689,
      667,
      667,
      667,
      667,
      667,
      661,
      661,
      679,
      679,
      679,
      679,
      679,
      679,
      679,
      0,
      0,
      0,
      0,
      0,
      0,
      0,
      0,
      669,
      669,
      669,
      669,
      669,
      669,
      669,
      669,
      669,
      652,
      652,
      652,
      687,
      687,
      687,
      687,
      687,
      687,
      687,
      687,
      687,
      687,
      687,
      687,
      675,
      0,
      0,
      0,
      0,
      0,
      0,
      0,
      0,
      0,
      0,
      0,
      0,
      0,
      0,
      0,
      0,
      0,
      0,
      0,
      0,
      0,
      0,
      0,
      0,
      0,
      0,
      0,
      0,
      0,
      0,
      0,
      0,
      0,
      721,
      691,
      691,
      691,
      691,
      691,
      691,
      691,
      691,
      722,
      722,
      680,
      680,
      680,
      680,
      680,
      680,
      680,
      680,
      680,
      680,
      683,
      683,
      683,
      683,
      683,
      683,
      683,
      0,
      0,
      0,
      0,
      0,
      0,
      0,
      0,
      0,
      710,
      710,
      710,
      710,
      0,
      692,
      692,
      692,
      692,
      692,
      692,
      692,
      692,
      692,
      692,
      692,
      692,
      684,
      684,
      684,
      684,
      684,
      684,
      684,
      684,
      684
    ],
    [
      670,
      670,
      670,
      670,
      670,
      670,
      698,
      698,
      698,
      700,
      700,
      700,
      700,
      0,
      0,
      0,
      0,
      0,
      0,
      0,
      0,
      0,
      676,
      676,
      676,
      676,
      676,
      676,
      676,
      676,
      676,
      676,
      676,
      676,
      676,
      676,
      0,
      0,
      0,
      0,
      0,
      0,
      0,
      0,
      0,
      0,
      0,
      0,
      0,
      0,
      0,
      717,
      717,
      702,
      702,
      671,
      671,
      671,
      671,
      671,
      671,
      671,
      702,
      702,
      702,
      702,
      0,
      672,
      672,
      672,
      672,
      672,
      672,
      672,
      672,
      672,
      0,
      0,
      0,
      0,
      0,
      0,
      0,
      0,
      0,
      0,
      0,
      0,
      0,
      0,
      0,
      0,
      0,
      673,
      673,
      673,
      673,
      673,
      673,
      673,
      706,
      706,
      706,
      706,
      706,
      0,
      0,
      0,
      0,
      0,
      0,
      0,
      0,
      0,
      0,
      0,
      0,
      0,
      0,
      0,
      0,
      699,
      699,
      699,
      699,
      699,
      699,
      654,
      719,
      719,
      719,
      719,
      674,
      674,
      674,
      674,
      690,
      690,
      690,
      690,
      690,
      690,
      0,
      0,
      0,
      0,
      0,
      0,
      0,
      0,
      0,
      0,
      0,
      0,
      0,
      0,
      0,
      0,
      0,
      685,
      685,
      685,
      685,
      685,
      685,
      685,
      0,
      0,
      0,
      0,
      0,
      0,
      0,
      0,
      0,
      0,
      0,
      0,
      0,
      0,
      0,
      0,
      0,
      0,
      0,
      0,
      0,
      0,
      0,
      0,
      0,
      694,
      694,
      694,
      694,
      694,
      694,
      694,
      694,
      694,
      694,
      694,
      694,
      694,
      677,
      677,
      677,
      677,
      677,
      677,
      677,
      677,
      677,
      703,
      703,
      703,
      703,
      688,
      688,
      688,
      688,
      668,
      668,
      668,
      668,
      668,
      668,
      668,
      739,
      739,
      0,
      0,
      0,
      0,
      0,
      0,
      0,
      0,
      0,
      0,
      0,
      0,
      0,
      0,
      0,
      0,
      0,
      0,
      0,
      0,
      0,
      0,
      0,
      0,
      0,
      0,
      0,
      0,
      0,
      0,
      0,
      0,
      686,
      686,
      686,
      686,
      686,
      686,
      686,
      686,
      686,
      686,
      686,
      686,
      0,
      0,
      0,
      0,
      695,
      695,
      695,
      695,
      695,
      695,
      695,
      695,
      695,
      0,
      0,
      0,
      0,
      0,
      678,
      678,
      678,
      678,
      0,
      0,
      0,
      0,
      0,
      0,
      0,
      704,
      704,
      704,
      704,
      704,
      704,
      704,
      704,
      704,
      704,
      704,
      704,
      704,
      707,
      0,
      0,
      0,
      0,
      0,
      0,
      0,
      0,
      0,
      0,
      0,
      0,
      0,
      0,
      0,
      0,
      0,
      0,
      0,
      0,
      0,
      0,
      0,
      0,
      0,
      742,
      742,
      742,
      742,
      742,
      742,
      742,
      681,
      681,
      681,
      681,
      681,
      681,
      681,
      681,
      681,
      681,
      682,
      682,
      682,
      682,
      689,
      689,
      689,
      689,
      689,
      689,
      667,
      667,
      667,
      667,
      667,
      661,
      661,
      679,
      679,
      679,
      679,
      679,
      679,
      679,
      0,
      0,
      0,
      0,
      0,
      0,
      0,
      0,
      669,
      669,
      669,
      669,
      669,
      669,
      669,
      669,
      669,
      652,
      652,
      652,
      687,
      687,
      687,
      687,
      687,
      687,
      687,
      687,
      687,
      687,
      687,
      687,
      687,
      0,
      0,
      0,
      0,
      0,
      0,
      0,
      0,
      0,
      0,
      0,
      0,
      0,
      0,
      0,
      0,
      0,
      0,
      0,
      0,
      0,
      0,
      0,
      0,
      0,
      0,
      0,
      0,
      0,
      0,
      0,
      697,
      697,
      721,
      691,
      691,
      691,
      691,
      691,
      691,
      691,
      691,
      722,
      722,
      722,
      680,
      680,
      680,
      680,
      680,
      680,
      680,
      709,
      680,
      683,
      683,
      683,
      683,
      683,
      683,
      683,
      0,
      0,
      0,
      0,
      0,
      0,
      0,
      0,
      0,
      710,
      710,
      710,
      710,
      710,
      692,
      692,
      692,
      692,
      692,
      692,
      692,
      692,
      692,
      692,
      692,
      692,
      684,
      684,
      684,
      684,
      684,
      684,
      684,
      684,
      684
    ],
    [
      698,
      698,
      698,
      698,
      698,
      698,
      698,
      698,
      698,
      700,
      700,
      700,
      700,
      700,
      0,
      0,
      0,
      0,
      0,
      0,
      0,
      0,
      676,
      676,
      676,
      676,
      676,
      676,
      676,
      676,
      676,
      676,
      676,
      676,
      676,
      701,
      701,
      701,
      701,
      701,
      701,
      701,
      701,
      0,
      0,
      0,
      0,
      0,
      0,
      717,
      717,
      717,
      717,
      702,
      702,
      671,
      671,
      671,
      671,
      671,
      671,
      671,
      702,
      702,
      702,
      702,
      0,
      693,
      693,
      693,
      693,
      693,
      693,
      693,
      693,
      672,
      0,
      0,
      0,
      0,
      0,
      0,
      0,
      0,
      0,
      0,
      0,
      0,
      0,
      0,
      0,
      0,
      0,
      0,
      706,
      706,
      706,
      706,
      706,
      706,
      706,
      706,
      706,
      706,
      706,
      0,
      0,
      0,
      0,
      0,
      0,
      0,
      0,
      0,
      0,
      0,
      0,
      0,
      699,
      699,
      699,
      699,
      699,
      699,
      699,
      699,
      699,
      699,
      719,
      719,
      719,
      719,
      674,
      674,
      674,
      674,
      690,
      690,
      690,
      690,
      690,
      690,
      0,
      0,
      0,
      0,
      0,
      0,
      0,
      0,
      0,
      0,
      0,
      0,
      0,
      0,
      0,
      0,
      0,
      685,
      685,
      685,
      685,
      685,
      685,
      685,
      0,
      0,
      0,
      0,
      0,
      0,
      0,
      0,
      0,
      0,
      0,
      0,
      0,
      0,
      0,
      0,
      0,
      0,
      0,
      0,
      0,
      0,
      0,
      0,
      0,
      0,
      0,
      694,
      694,
      694,
      694,
      694,
      694,
      694,
      694,
      694,
      694,
      694,
      694,
      677,
      677,
      677,
      677,
      677,
      677,
      677,
      677,
      703,
      703,
      703,
      703,
      688,
      688,
      688,
      688,
      668,
      668,
      668,
      668,
      668,
      668,
      668,
      739,
      739,
      739,
      0,
      0,
      0,
      0,
      0,
      0,
      0,
      0,
      0,
      0,
      0,
      0,
      0,
      0,
      0,
      0,
      0,
      0,
      0,
      0,
      0,
      0,
      0,
      0,
      0,
      0,
      0,
      0,
      0,
      0,
      0,
      0,
      686,
      686,
      686,
      686,
      686,
      686,
      686,
      686,
      686,
      686,
      686,
      725,
      0,
      0,
      0,
      695,
      695,
      695,
      695,
      695,
      695,
      695,
      695,
      0,
      0,
      0,
      0,
      0,
      0,
      678,
      678,
      678,
      0,
      0,
      0,
      0,
      0,
      0,
      0,
      0,
      704,
      704,
      704,
      704,
      704,
      704,
      704,
      704,
      704,
      704,
      704,
      704,
      704,
      707,
      0,
      0,
      0,
      0,
      0,
      0,
      0,
      0,
      0,
      0,
      0,
      0,
      0,
      0,
      0,
      0,
      0,
      720,
      696,
      696,
      696,
      696,
      696,
      0,
      0,
      742,
      742,
      742,
      742,
      742,
      742,
      742,
      742,
      742,
      681,
      681,
      681,
      681,
      681,
      681,
      681,
      682,
      682,
      682,
      682,
      682,
      689,
      689,
      689,
      689,
      689,
      689,
      667,
      667,
      667,
      667,
      667,
      661,
      661,
      679,
      679,
      679,
      679,
      679,
      679,
      679,
      0,
      0,
      0,
      0,
      0,
      0,
      0,
      0,
      669,
      669,
      669,
      669,
      669,
      669,
      669,
      669,
      669,
      652,
      652,
      713,
      687,
      687,
      687,
      687,
      687,
      687,
      687,
      687,
      687,
      687,
      687,
      687,
      0,
      0,
      0,
      0,
      0,
      0,
      0,
      0,
      0,
      0,
      0,
      0,
      0,
      0,
      0,
      0,
      0,
      0,
      0,
      0,
      0,
      0,
      0,
      0,
      0,
      0,
      0,
      697,
      697,
      697,
      697,
      697,
      697,
      697,
      721,
      691,
      691,
      691,
      691,
      691,
      691,
      691,
      691,
      722,
      722,
      722,
      680,
      680,
      680,
      680,
      680,
      680,
      680,
      709,
      680,
      683,
      683,
      683,
      683,
      683,
      683,
      683,
      0,
      0,
      0,
      0,
      0,
      0,
      0,
      0,
      0,
      710,
      710,
      710,
      710,
      710,
      692,
      692,
      692,
      692,
      692,
      692,
      692,
      692,
      692,
      692,
      692,
      692,
      692,
      684,
      684,
      684,
      684,
      684,
      684,
      684,
      684
    ],
    [
      698,
      698,
      698,
      698,
      698,
      698,
      698,
      698,
      698,
      700,
      700,
      700,
      700,
      700,
      700,
      700,
      700,
      700,
      700,
      700,
      700,
      676,
      676,
      676,
      676,
      676,
      676,
      676,
      676,
      676,
      676,
      676,
      676,
      676,
      716,
      701,
      701,
      701,
      701,
      701,
      701,
      701,
      701,
      701,
      0,
      0,
      0,
      0,
      0,
      717,
      717,
      717,
      717,
      702,
      702,
      702,
      702,
      702,
      702,
      702,
      702,
      702,
      702,
      702,
      702,
      702,
      0,
      693,
      693,
      693,
      693,
      693,
      693,
      693,
      693,
      0,
      0,
      0,
      0,
      0,
      0,
      0,
      0,
      0,
      0,
      0,
      0,
      0,
      0,
      0,
      0,
      0,
      0,
      0,
      0,
      0,
      706,
      706,
      706,
      706,
      706,
      706,
      706,
      706,
      706,
      0,
      0,
      0,
      0,
      0,
      0,
      0,
      0,
      0,
      0,
      0,
      0,
      699,
      699,
      699,
      699,
      699,
      699,
      699,
      699,
      699,
      699,
      699,
      719,
      719,
      719,
      719,
      719,
      674,
      674,
      674,
      690,
      690,
      690,
      690,
      690,
      690,
      0,
      0,
      0,
      0,
      0,
      0,
      0,
      0,
      0,
      0,
      0,
      0,
      0,
      0,
      0,
      0,
      0,
      685,
      685,
      685,
      685,
      685,
      685,
      685,
      0,
      0,
      0,
      0,
      0,
      0,
      0,
      0,
      0,
      0,
      0,
      0,
      0,
      0,
      0,
      0,
      0,
      0,
      0,
      0,
      0,
      0,
      0,
      0,
      0,
      0,
      0,
      694,
      694,
      694,
      694,
      694,
      694,
      694,
      694,
      694,
      694,
      694,
      694,
      694,
      703,
      703,
      703,
      703,
      703,
      703,
      703,
      703,
      703,
      703,
      703,
      688,
      688,
      688,
      688,
      668,
      668,
      668,
      668,
      668,
      668,
      668,
      739,
      739,
      739,
      739,
      0,
      0,
      0,
      0,
      0,
      0,
      0,
      0,
      0,
      0,
      0,
      0,
      0,
      0,
      0,
      0,
      0,
      0,
      0,
      0,
      0,
      0,
      0,
      0,
      0,
      0,
      0,
      0,
      0,
      0,
      0,
      0,
      0,
      686,
      686,
      686,
      686,
      686,
      686,
      686,
      686,
      686,
      725,
      725,
      725,
      0,
      695,
      695,
      695,
      695,
      695,
      695,
      695,
      695,
      0,
      0,
      0,
      0,
      0,
      0,
      678,
      0,
      0,
      0,
      0,
      0,
      0,
      0,
      0,
      0,
      0,
      704,
      704,
      704,
      704,
      704,
      704,
      704,
      704,
      704,
      704,
      704,
      704,
      704,
      707,
      0,
      0,
      0,
      0,
      0,
      0,
      0,
      0,
      0,
      0,
      0,
      0,
      0,
      0,
      0,
      0,
      0,
      720,
      696,
      696,
      696,
      696,
      696,
      742,
      0,
      742,
      742,
      742,
      742,
      742,
      742,
      742,
      742,
      742,
      681,
      681,
      681,
      681,
      681,
      681,
      681,
      682,
      682,
      682,
      682,
      682,
      689,
      689,
      689,
      689,
      689,
      689,
      667,
      667,
      667,
      667,
      667,
      667,
      667,
      679,
      679,
      679,
      679,
      679,
      679,
      0,
      0,
      0,
      0,
      0,
      0,
      0,
      0,
      0,
      669,
      669,
      669,
      669,
      669,
      669,
      669,
      669,
      669,
      713,
      713,
      713,
      687,
      687,
      687,
      687,
      687,
      687,
      687,
      687,
      687,
      687,
      687,
      0,
      0,
      0,
      0,
      0,
      0,
      0,
      0,
      0,
      0,
      0,
      0,
      0,
      0,
      0,
      0,
      0,
      0,
      0,
      0,
      0,
      0,
      0,
      0,
      0,
      0,
      0,
      697,
      697,
      697,
      697,
      697,
      697,
      697,
      697,
      721,
      691,
      691,
      691,
      691,
      691,
      691,
      691,
      691,
      722,
      722,
      722,
      680,
      680,
      680,
      680,
      680,
      680,
      680,
      709,
      709,
      683,
      683,
      683,
      683,
      683,
      683,
      709,
      0,
      0,
      0,
      0,
      0,
      0,
      0,
      0,
      0,
      710,
      710,
      710,
      710,
      710,
      745,
      692,
      692,
      692,
      692,
      692,
      692,
      692,
      692,
      692,
      692,
      692,
      692,
      735,
      735,
      684,
      684,
      684,
      684,
      684,
      684
    ],
    [
      698,
      698,
      698,
      698,
      698,
      698,
      698,
      698,
      698,
      700,
      700,
      700,
      700,
      700,
      700,
      700,
      700,
      700,
      700,
      700,
      700,
      676,
      676,
      676,
      676,
      676,
      676,
      676,
      676,
      676,
      676,
      676,
      716,
      716,
      716,
      701,
      701,
      701,
      701,
      701,
      701,
      701,
      701,
      701,
      717,
      717,
      0,
      717,
      717,
      717,
      717,
      717,
      717,
      702,
      702,
      702,
      702,
      702,
      702,
      702,
      702,
      702,
      702,
      702,
      702,
      702,
      0,
      693,
      693,
      693,
      693,
      693,
      693,
      693,
      693,
      0,
      0,
      0,
      0,
      0,
      0,
      0,
      0,
      0,
      0,
      0,
      0,
      0,
      0,
      0,
      0,
      0,
      0,
      0,
      0,
      0,
      706,
      706,
      706,
      706,
      706,
      706,
      706,
      706,
      706,
      0,
      0,
      0,
      0,
      0,
      0,
      0,
      0,
      0,
      0,
      0,
      0,
      699,
      699,
      699,
      699,
      699,
      699,
      699,
      699,
      699,
      699,
      699,
      719,
      719,
      719,
      719,
      719,
      674,
      674,
      674,
      690,
      690,
      690,
      690,
      690,
      690,
      0,
      0,
      0,
      0,
      0,
      0,
      0,
      0,
      0,
      0,
      0,
      0,
      0,
      0,
      0,
      0,
      0,
      0,
      0,
      685,
      685,
      685,
      685,
      685,
      0,
      0,
      0,
      0,
      0,
      0,
      0,
      0,
      0,
      0,
      0,
      0,
      0,
      0,
      0,
      0,
      0,
      0,
      0,
      0,
      0,
      0,
      0,
      694,
      694,
      694,
      694,
      694,
      694,
      694,
      694,
      694,
      694,
      694,
      694,
      694,
      694,
      694,
      694,
      694,
      694,
      703,
      703,
      703,
      703,
      703,
      703,
      703,
      703,
      703,
      703,
      703,
      703,
      688,
      688,
      668,
      668,
      668,
      668,
      668,
      668,
      668,
      739,
      739,
      739,
      739,
      0,
      0,
      0,
      0,
      0,
      0,
      0,
      0,
      0,
      0,
      0,
      0,
      0,
      0,
      0,
      0,
      0,
      0,
      0,
      0,
      0,
      0,
      0,
      0,
      0,
      0,
      0,
      0,
      0,
      0,
      0,
      0,
      0,
      686,
      686,
      686,
      686,
      686,
      686,
      686,
      686,
      686,
      725,
      725,
      725,
      695,
      695,
      695,
      695,
      695,
      695,
      695,
      695,
      695,
      0,
      0,
      0,
      0,
      0,
      0,
      678,
      0,
      0,
      0,
      0,
      0,
      0,
      0,
      0,
      0,
      0,
      704,
      704,
      704,
      704,
      704,
      704,
      704,
      704,
      704,
      704,
      704,
      704,
      704,
      707,
      0,
      0,
      0,
      0,
      0,
      0,
      0,
      0,
      0,
      0,
      0,
      0,
      0,
      0,
      0,
      707,
      720,
      720,
      696,
      696,
      696,
      696,
      696,
      742,
      742,
      742,
      742,
      742,
      742,
      742,
      742,
      742,
      742,
      742,
      742,
      708,
      708,
      708,
      708,
      708,
      708,
      708,
      708,
      708,
      682,
      682,
      689,
      689,
      689,
      689,
      689,
      689,
      667,
      667,
      667,
      0,
      0,
      0,
      0,
      0,
      0,
      0,
      0,
      0,
      0,
      0,
      0,
      0,
      0,
      0,
      0,
      0,
      0,
      0,
      669,
      669,
      669,
      669,
      669,
      669,
      669,
      669,
      669,
      713,
      713,
      713,
      687,
      687,
      687,
      687,
      687,
      687,
      687,
      687,
      0,
      0,
      0,
      0,
      0,
      0,
      0,
      0,
      0,
      0,
      0,
      0,
      0,
      0,
      0,
      0,
      0,
      0,
      0,
      0,
      0,
      0,
      0,
      0,
      0,
      0,
      0,
      0,
      0,
      697,
      697,
      697,
      697,
      697,
      697,
      697,
      697,
      697,
      721,
      691,
      691,
      691,
      691,
      691,
      691,
      691,
      691,
      722,
      722,
      722,
      722,
      722,
      722,
      722,
      680,
      680,
      680,
      709,
      709,
      709,
      709,
      709,
      709,
      709,
      709,
      709,
      0,
      0,
      0,
      0,
      0,
      0,
      0,
      0,
      0,
      710,
      710,
      710,
      710,
      710,
      745,
      692,
      692,
      692,
      692,
      692,
      692,
      692,
      692,
      692,
      692,
      692,
      692,
      735,
      735,
      735,
      735,
      684,
      684,
      684,
      684
    ],
    [
      698,
      698,
      698,
      698,
      698,
      698,
      698,
      698,
      698,
      700,
      700,
      700,
      700,
      700,
      700,
      700,
      700,
      700,
      705,
      705,
      705,
      705,
      705,
      705,
      705,
      705,
      705,
      716,
      716,
      716,
      716,
      716,
      716,
      716,
      716,
      701,
      701,
      701,
      701,
      701,
      701,
      701,
      701,
      701,
      717,
      717,
      717,
      717,
      717,
      717,
      717,
      717,
      717,
      717,
      702,
      702,
      702,
      702,
      702,
      702,
      702,
      702,
      702,
      702,
      702,
      702,
      0,
      693,
      693,
      693,
      693,
      693,
      693,
      693,
      693,
      0,
      0,
      0,
      0,
      0,
      0,
      0,
      0,
      0,
      0,
      0,
      0,
      0,
      0,
      0,
      0,
      0,
      0,
      0,
      0,
      0,
      706,
      706,
      706,
      706,
      706,
      706,
      706,
      706,
      706,
      706,
      706,
      706,
      706,
      706,
      706,
      0,
      0,
      0,
      0,
      0,
      711,
      699,
      699,
      699,
      699,
      699,
      699,
      699,
      699,
      699,
      699,
      699,
      719,
      719,
      719,
      719,
      719,
      719,
      674,
      690,
      690,
      690,
      690,
      690,
      690,
      0,
      0,
      0,
      0,
      0,
      0,
      0,
      0,
      0,
      0,
      0,
      0,
      0,
      0,
      0,
      0,
      0,
      0,
      0,
      0,
      0,
      685,
      685,
      685,
      0,
      0,
      0,
      0,
      0,
      0,
      0,
      0,
      0,
      0,
      0,
      0,
      0,
      0,
      0,
      0,
      0,
      0,
      0,
      0,
      0,
      0,
      0,
      0,
      694,
      694,
      694,
      694,
      694,
      694,
      694,
      694,
      694,
      694,
      694,
      694,
      694,
      694,
      694,
      694,
      694,
      694,
      703,
      703,
      703,
      703,
      703,
      703,
      703,
      703,
      703,
      703,
      703,
      703,
      703,
      688,
      668,
      668,
      668,
      668,
      739,
      739,
      739,
      739,
      739,
      739,
      739,
      739,
      0,
      0,
      0,
      0,
      0,
      0,
      0,
      0,
      0,
      0,
      0,
      0,
      0,
      0,
      0,
      0,
      0,
      0,
      0,
      0,
      0,
      0,
      0,
      0,
      0,
      0,
      0,
      0,
      0,
      0,
      0,
      0,
      0,
      686,
      686,
      686,
      686,
      686,
      686,
      686,
      686,
      725,
      725,
      725,
      695,
      695,
      695,
      695,
      695,
      695,
      695,
      0,
      0,
      0,
      0,
      0,
      0,
      0,
      0,
      0,
      0,
      0,
      0,
      0,
      0,
      0,
      0,
      0,
      0,
      0,
      704,
      704,
      704,
      704,
      704,
      704,
      704,
      704,
      704,
      704,
      704,
      704,
      704,
      707,
      707,
      707,
      707,
      707,
      707,
      707,
      707,
      707,
      707,
      707,
      707,
      707,
      707,
      707,
      0,
      707,
      720,
      720,
      696,
      696,
      696,
      696,
      696,
      742,
      742,
      742,
      742,
      742,
      742,
      742,
      742,
      742,
      742,
      742,
      742,
      742,
      708,
      708,
      708,
      708,
      708,
      708,
      708,
      708,
      708,
      682,
      689,
      689,
      689,
      689,
      689,
      689,
      667,
      667,
      752,
      0,
      0,
      0,
      0,
      0,
      0,
      0,
      0,
      0,
      0,
      0,
      0,
      0,
      0,
      0,
      0,
      0,
      0,
      0,
      669,
      669,
      669,
      669,
      669,
      669,
      669,
      669,
      669,
      713,
      713,
      713,
      687,
      687,
      687,
      687,
      687,
      687,
      687,
      0,
      0,
      0,
      0,
      0,
      0,
      0,
      0,
      0,
      0,
      0,
      0,
      0,
      0,
      0,
      0,
      0,
      0,
      0,
      0,
      0,
      0,
      0,
      0,
      0,
      0,
      0,
      0,
      0,
      0,
      714,
      714,
      714,
      714,
      714,
      697,
      697,
      697,
      697,
      721,
      691,
      691,
      691,
      691,
      691,
      691,
      691,
      691,
      722,
      722,
      722,
      722,
      722,
      722,
      722,
      722,
      709,
      709,
      709,
      709,
      709,
      709,
      709,
      709,
      709,
      709,
      709,
      0,
      0,
      0,
      0,
      0,
      0,
      0,
      734,
      0,
      710,
      710,
      710,
      710,
      710,
      745,
      692,
      692,
      692,
      692,
      692,
      692,
      692,
      692,
      692,
      692,
      692,
      692,
      735,
      735,
      735,
      735,
      735,
      735,
      735,
      735
    ],
    [
      698,
      698,
      698,
      698,
      698,
      698,
      698,
      698,
      698,
      700,
      700,
      700,
      700,
      700,
      700,
      700,
      700,
      700,
      705,
      705,
      705,
      705,
      705,
      705,
      705,
      705,
      705,
      716,
      716,
      716,
      716,
      716,
      716,
      716,
      716,
      701,
      701,
      701,
      701,
      701,
      701,
      701,
      701,
      701,
      717,
      717,
      717,
      717,
      717,
      717,
      717,
      717,
      717,
      717,
      717,
      702,
      702,
      702,
      702,
      702,
      702,
      702,
      702,
      702,
      702,
      702,
      0,
      693,
      693,
      693,
      693,
      693,
      693,
      693,
      693,
      0,
      0,
      0,
      0,
      0,
      0,
      0,
      0,
      0,
      0,
      0,
      0,
      0,
      0,
      0,
      0,
      0,
      0,
      0,
      0,
      0,
      0,
      706,
      706,
      706,
      706,
      706,
      706,
      706,
      706,
      706,
      706,
      706,
      706,
      706,
      706,
      0,
      0,
      0,
      0,
      0,
      711,
      711,
      711,
      711,
      711,
      699,
      699,
      699,
      699,
      699,
      699,
      699,
      719,
      719,
      719,
      719,
      719,
      719,
      748,
      690,
      690,
      690,
      690,
      690,
      690,
      0,
      0,
      0,
      0,
      0,
      0,
      0,
      0,
      0,
      0,
      0,
      0,
      0,
      0,
      0,
      0,
      0,
      0,
      0,
      0,
      0,
      0,
      0,
      0,
      0,
      0,
      0,
      0,
      0,
      0,
      0,
      0,
      0,
      0,
      0,
      0,
      0,
      0,
      0,
      0,
      0,
      0,
      0,
      0,
      0,
      0,
      0,
      0,
      694,
      694,
      694,
      694,
      694,
      694,
      694,
      694,
      694,
      694,
      694,
      694,
      694,
      694,
      694,
      694,
      694,
      694,
      703,
      703,
      703,
      703,
      703,
      703,
      703,
      703,
      703,
      703,
      703,
      703,
      703,
      703,
      703,
      703,
      703,
      703,
      739,
      739,
      739,
      739,
      739,
      739,
      739,
      739,
      739,
      0,
      0,
      0,
      0,
      0,
      0,
      0,
      0,
      0,
      0,
      0,
      0,
      0,
      0,
      0,
      0,
      0,
      0,
      0,
      0,
      0,
      0,
      0,
      0,
      0,
      0,
      0,
      0,
      0,
      0,
      0,
      0,
      0,
      686,
      686,
      686,
      686,
      686,
      686,
      686,
      725,
      725,
      725,
      695,
      695,
      695,
      695,
      695,
      695,
      695,
      0,
      0,
      0,
      0,
      0,
      0,
      0,
      0,
      0,
      0,
      0,
      0,
      0,
      0,
      0,
      0,
      0,
      0,
      0,
      704,
      704,
      704,
      704,
      704,
      704,
      704,
      704,
      704,
      704,
      704,
      704,
      704,
      707,
      707,
      707,
      707,
      707,
      707,
      707,
      707,
      707,
      707,
      707,
      707,
      707,
      707,
      707,
      707,
      707,
      720,
      720,
      696,
      696,
      696,
      696,
      696,
      742,
      742,
      742,
      742,
      742,
      742,
      742,
      742,
      742,
      742,
      742,
      742,
      742,
      708,
      708,
      708,
      708,
      708,
      708,
      708,
      708,
      708,
      708,
      708,
      689,
      689,
      689,
      689,
      689,
      752,
      752,
      752,
      0,
      0,
      0,
      0,
      0,
      0,
      0,
      0,
      0,
      0,
      0,
      0,
      0,
      0,
      0,
      0,
      0,
      0,
      0,
      669,
      669,
      669,
      669,
      669,
      713,
      713,
      713,
      713,
      713,
      713,
      713,
      687,
      687,
      687,
      687,
      687,
      687,
      687,
      0,
      0,
      0,
      0,
      0,
      0,
      0,
      0,
      0,
      0,
      0,
      0,
      0,
      0,
      0,
      0,
      0,
      0,
      0,
      0,
      0,
      0,
      0,
      0,
      0,
      0,
      0,
      733,
      733,
      733,
      714,
      714,
      714,
      714,
      714,
      714,
      697,
      697,
      697,
      721,
      691,
      691,
      715,
      715,
      715,
      715,
      691,
      691,
      722,
      722,
      722,
      722,
      722,
      722,
      722,
      722,
      709,
      709,
      709,
      709,
      709,
      709,
      709,
      709,
      709,
      709,
      709,
      709,
      0,
      0,
      0,
      0,
      0,
      0,
      734,
      734,
      710,
      710,
      710,
      710,
      710,
      745,
      692,
      692,
      692,
      692,
      692,
      692,
      692,
      692,
      692,
      692,
      692,
      692,
      735,
      735,
      735,
      735,
      735,
      735,
      735,
      735
    ],
    [
      698,
      698,
      698,
      698,
      698,
      698,
      698,
      698,
      698,
      700,
      700,
      700,
      700,
      700,
      700,
      700,
      700,
      700,
      705,
      705,
      705,
      705,
      705,
      705,
      705,
      705,
      705,
      716,
      716,
      716,
      716,
      716,
      716,
      716,
      716,
      701,
      701,
      701,
      701,
      701,
      701,
      701,
      701,
      701,
      717,
      717,
      717,
      717,
      717,
      717,
      717,
      717,
      717,
      717,
      717,
      717,
      702,
      702,
      702,
      702,
      702,
      702,
      702,
      702,
      702,
      702,
      0,
      0,
      0,
      0,
      0,
      0,
      0,
      0,
      0,
      0,
      0,
      0,
      0,
      0,
      0,
      0,
      0,
      0,
      0,
      0,
      0,
      0,
      0,
      0,
      0,
      0,
      0,
      0,
      0,
      0,
      0,
      718,
      718,
      706,
      706,
      706,
      706,
      706,
      706,
      706,
      706,
      706,
      706,
      706,
      736,
      736,
      736,
      0,
      0,
      737,
      711,
      711,
      711,
      711,
      711,
      699,
      699,
      699,
      699,
      699,
      699,
      699,
      719,
      719,
      719,
      719,
      719,
      719,
      748,
      690,
      690,
      690,
      690,
      690,
      0,
      0,
      0,
      0,
      0,
      0,
      0,
      0,
      0,
      0,
      0,
      0,
      0,
      0,
      0,
      0,
      0,
      0,
      0,
      0,
      0,
      0,
      0,
      0,
      0,
      0,
      0,
      0,
      0,
      0,
      0,
      0,
      0,
      0,
      0,
      0,
      0,
      0,
      0,
      0,
      0,
      0,
      0,
      0,
      0,
      0,
      0,
      0,
      0,
      694,
      712,
      712,
      712,
      712,
      712,
      712,
      712,
      712,
      712,
      712,
      712,
      712,
      712,
      712,
      712,
      694,
      694,
      694,
      703,
      703,
      703,
      703,
      703,
      703,
      703,
      703,
      703,
      703,
      703,
      703,
      703,
      703,
      703,
      703,
      703,
      739,
      739,
      739,
      739,
      739,
      739,
      739,
      739,
      739,
      739,
      0,
      0,
      0,
      0,
      0,
      0,
      0,
      0,
      0,
      0,
      0,
      0,
      0,
      0,
      0,
      0,
      0,
      0,
      0,
      0,
      0,
      0,
      0,
      0,
      0,
      0,
      0,
      0,
      0,
      0,
      0,
      0,
      0,
      725,
      725,
      725,
      725,
      725,
      725,
      725,
      725,
      725,
      695,
      695,
      695,
      695,
      695,
      695,
      695,
      0,
      0,
      0,
      0,
      0,
      0,
      0,
      0,
      0,
      0,
      0,
      0,
      0,
      0,
      0,
      0,
      0,
      0,
      0,
      704,
      704,
      704,
      704,
      704,
      704,
      704,
      704,
      704,
      704,
      704,
      704,
      704,
      707,
      707,
      707,
      707,
      707,
      707,
      707,
      707,
      707,
      707,
      707,
      707,
      707,
      707,
      707,
      707,
      707,
      720,
      720,
      720,
      720,
      720,
      720,
      696,
      742,
      742,
      742,
      742,
      742,
      742,
      742,
      742,
      742,
      742,
      742,
      742,
      742,
      708,
      708,
      708,
      708,
      708,
      708,
      708,
      708,
      708,
      708,
      708,
      708,
      708,
      708,
      708,
      752,
      752,
      752,
      752,
      0,
      0,
      0,
      0,
      0,
      0,
      0,
      0,
      0,
      0,
      0,
      0,
      0,
      0,
      0,
      0,
      0,
      0,
      0,
      669,
      669,
      669,
      669,
      669,
      713,
      713,
      713,
      713,
      713,
      713,
      713,
      713,
      687,
      687,
      687,
      687,
      726,
      726,
      0,
      0,
      0,
      0,
      0,
      0,
      0,
      0,
      0,
      0,
      0,
      0,
      0,
      0,
      0,
      0,
      0,
      0,
      0,
      0,
      0,
      0,
      0,
      0,
      0,
      0,
      0,
      733,
      733,
      733,
      714,
      714,
      714,
      714,
      714,
      714,
      721,
      721,
      721,
      721,
      715,
      715,
      715,
      715,
      715,
      715,
      715,
      715,
      722,
      722,
      722,
      722,
      722,
      722,
      722,
      722,
      722,
      709,
      709,
      709,
      709,
      709,
      709,
      709,
      709,
      709,
      709,
      709,
      709,
      0,
      0,
      0,
      0,
      0,
      734,
      734,
      734,
      710,
      710,
      710,
      710,
      745,
      692,
      692,
      692,
      692,
      692,
      692,
      692,
      692,
      692,
      692,
      692,
      735,
      735,
      735,
      735,
      735,
      735,
      735,
      735,
      735
    ],
    [
      698,
      698,
      698,
      698,
      698,
      698,
      698,
      698,
      698,
      700,
      700,
      700,
      700,
      700,
      700,
      700,
      700,
      700,
      705,
      705,
      705,
      705,
      705,
      705,
      705,
      705,
      705,
      716,
      716,
      716,
      716,
      716,
      716,
      716,
      716,
      701,
      701,
      701,
      701,
      701,
      701,
      701,
      701,
      701,
      717,
      717,
      717,
      717,
      717,
      717,
      717,
      717,
      717,
      717,
      717,
      717,
      717,
      717,
      717,
      702,
      702,
      702,
      702,
      702,
      0,
      0,
      0,
      0,
      0,
      0,
      0,
      0,
      0,
      0,
      0,
      0,
      0,
      0,
      0,
      0,
      0,
      0,
      0,
      0,
      0,
      0,
      0,
      0,
      0,
      0,
      0,
      0,
      0,
      0,
      0,
      718,
      718,
      718,
      718,
      718,
      718,
      718,
      718,
      718,
      706,
      706,
      706,
      706,
      706,
      706,
      736,
      736,
      736,
      0,
      0,
      737,
      711,
      711,
      711,
      711,
      711,
      699,
      699,
      699,
      719,
      719,
      719,
      719,
      719,
      719,
      719,
      719,
      719,
      719,
      748,
      748,
      0,
      0,
      0,
      0,
      0,
      0,
      0,
      0,
      0,
      0,
      0,
      0,
      0,
      0,
      0,
      0,
      0,
      0,
      0,
      0,
      0,
      0,
      0,
      0,
      0,
      0,
      0,
      0,
      0,
      0,
      0,
      0,
      0,
      0,
      0,
      0,
      0,
      0,
      0,
      0,
      0,
      0,
      0,
      0,
      0,
      0,
      0,
      0,
      0,
      0,
      0,
      0,
      0,
      723,
      723,
      723,
      723,
      723,
      723,
      723,
      723,
      712,
      712,
      712,
      712,
      712,
      712,
      712,
      712,
      712,
      712,
      703,
      703,
      703,
      703,
      703,
      703,
      703,
      703,
      703,
      703,
      703,
      703,
      724,
      724,
      724,
      724,
      724,
      724,
      724,
      739,
      739,
      739,
      739,
      739,
      739,
      739,
      739,
      739,
      0,
      0,
      0,
      0,
      0,
      0,
      0,
      0,
      0,
      0,
      0,
      0,
      0,
      0,
      0,
      0,
      0,
      0,
      0,
      0,
      0,
      0,
      0,
      0,
      0,
      0,
      0,
      0,
      0,
      0,
      0,
      0,
      0,
      725,
      725,
      725,
      725,
      725,
      725,
      725,
      725,
      725,
      695,
      695,
      695,
      695,
      695,
      695,
      695,
      0,
      0,
      0,
      0,
      0,
      0,
      0,
      0,
      0,
      0,
      0,
      0,
      0,
      0,
      0,
      0,
      0,
      0,
      0,
      704,
      704,
      704,
      704,
      704,
      704,
      704,
      704,
      704,
      704,
      704,
      704,
      704,
      707,
      707,
      707,
      707,
      707,
      707,
      707,
      707,
      707,
      707,
      707,
      707,
      707,
      707,
      707,
      720,
      720,
      720,
      720,
      720,
      720,
      720,
      720,
      720,
      742,
      742,
      742,
      742,
      742,
      742,
      742,
      742,
      742,
      742,
      742,
      742,
      742,
      708,
      708,
      708,
      708,
      708,
      708,
      708,
      708,
      708,
      708,
      708,
      708,
      708,
      708,
      752,
      752,
      752,
      752,
      752,
      0,
      0,
      0,
      0,
      0,
      0,
      0,
      0,
      0,
      0,
      0,
      0,
      0,
      0,
      0,
      0,
      0,
      0,
      0,
      669,
      669,
      713,
      713,
      713,
      713,
      713,
      713,
      713,
      713,
      713,
      713,
      713,
      726,
      726,
      726,
      726,
      726,
      726,
      0,
      0,
      0,
      0,
      0,
      0,
      0,
      0,
      0,
      0,
      0,
      0,
      0,
      0,
      0,
      0,
      0,
      732,
      732,
      732,
      732,
      732,
      732,
      732,
      0,
      0,
      0,
      733,
      733,
      733,
      714,
      714,
      714,
      714,
      714,
      714,
      721,
      721,
      721,
      721,
      715,
      715,
      715,
      715,
      715,
      715,
      715,
      715,
      722,
      722,
      722,
      722,
      722,
      722,
      722,
      722,
      722,
      722,
      709,
      709,
      709,
      709,
      709,
      709,
      709,
      709,
      709,
      709,
      709,
      0,
      0,
      0,
      0,
      0,
      734,
      734,
      734,
      734,
      710,
      710,
      710,
      745,
      692,
      692,
      692,
      692,
      692,
      692,
      692,
      692,
      692,
      692,
      692,
      735,
      735,
      735,
      735,
      735,
      735,
      735,
      735,
      735
    ],
    [
      698,
      698,
      698,
      698,
      698,
      698,
      698,
      698,
      698,
      700,
      700,
      700,
      700,
      700,
      700,
      700,
      700,
      727,
      727,
      727,
      727,
      727,
      716,
      716,
      716,
      716,
      716,
      716,
      716,
      716,
      716,
      716,
      716,
      716,
      716,
      701,
      701,
      701,
      701,
      701,
      701,
      701,
      717,
      717,
      717,
      717,
      717,
      717,
      717,
      717,
      717,
      717,
      717,
      717,
      717,
      717,
      717,
      717,
      717,
      717,
      717,
      717,
      0,
      0,
      0,
      0,
      0,
      0,
      0,
      0,
      0,
      0,
      0,
      0,
      0,
      0,
      0,
      0,
      0,
      0,
      0,
      0,
      0,
      0,
      0,
      0,
      0,
      0,
      0,
      0,
      0,
      0,
      0,
      0,
      718,
      718,
      718,
      718,
      718,
      718,
      718,
      718,
      718,
      718,
      718,
      718,
      718,
      706,
      706,
      706,
      736,
      736,
      736,
      736,
      736,
      737,
      711,
      711,
      711,
      711,
      711,
      699,
      699,
      699,
      719,
      719,
      719,
      719,
      719,
      719,
      719,
      719,
      719,
      719,
      748,
      748,
      748,
      748,
      748,
      0,
      0,
      0,
      0,
      0,
      0,
      0,
      0,
      0,
      0,
      0,
      0,
      0,
      0,
      0,
      0,
      0,
      0,
      0,
      0,
      0,
      0,
      0,
      0,
      0,
      0,
      0,
      0,
      0,
      0,
      0,
      0,
      0,
      0,
      0,
      0,
      0,
      0,
      0,
      0,
      0,
      0,
      0,
      0,
      0,
      0,
      0,
      0,
      0,
      0,
      723,
      723,
      723,
      723,
      723,
      723,
      723,
      723,
      723,
      712,
      712,
      712,
      712,
      712,
      712,
      712,
      712,
      728,
      728,
      728,
      728,
      728,
      728,
      728,
      703,
      703,
      703,
      703,
      703,
      703,
      724,
      724,
      724,
      724,
      724,
      724,
      724,
      724,
      739,
      739,
      739,
      739,
      739,
      739,
      739,
      739,
      0,
      0,
      0,
      0,
      0,
      0,
      0,
      0,
      0,
      0,
      0,
      0,
      0,
      0,
      0,
      0,
      0,
      0,
      765,
      765,
      765,
      729,
      729,
      729,
      729,
      0,
      0,
      0,
      0,
      0,
      0,
      0,
      0,
      0,
      725,
      725,
      725,
      725,
      725,
      725,
      725,
      725,
      695,
      695,
      695,
      695,
      695,
      695,
      695,
      0,
      0,
      0,
      0,
      0,
      0,
      0,
      0,
      0,
      0,
      0,
      0,
      0,
      0,
      0,
      0,
      0,
      0,
      0,
      704,
      704,
      704,
      704,
      704,
      704,
      704,
      704,
      704,
      704,
      704,
      704,
      704,
      707,
      707,
      707,
      707,
      707,
      707,
      707,
      707,
      707,
      707,
      707,
      707,
      707,
      707,
      720,
      720,
      720,
      720,
      720,
      720,
      720,
      720,
      742,
      742,
      742,
      742,
      742,
      742,
      742,
      742,
      742,
      742,
      742,
      742,
      742,
      742,
      742,
      708,
      708,
      708,
      708,
      708,
      708,
      708,
      708,
      708,
      730,
      730,
      730,
      730,
      730,
      752,
      752,
      752,
      752,
      752,
      0,
      0,
      0,
      0,
      0,
      0,
      0,
      0,
      0,
      0,
      0,
      0,
      0,
      0,
      0,
      0,
      0,
      0,
      0,
      669,
      669,
      757,
      731,
      731,
      731,
      731,
      731,
      762,
      713,
      713,
      713,
      713,
      726,
      726,
      726,
      726,
      726,
      726,
      0,
      0,
      0,
      0,
      0,
      0,
      0,
      0,
      0,
      0,
      0,
      0,
      0,
      0,
      0,
      0,
      0,
      732,
      732,
      732,
      732,
      732,
      732,
      732,
      732,
      0,
      733,
      733,
      733,
      733,
      714,
      714,
      714,
      714,
      714,
      714,
      721,
      721,
      721,
      721,
      715,
      715,
      715,
      715,
      715,
      715,
      715,
      715,
      722,
      722,
      722,
      722,
      722,
      722,
      722,
      722,
      722,
      722,
      771,
      771,
      709,
      709,
      709,
      744,
      744,
      744,
      744,
      744,
      744,
      744,
      744,
      734,
      734,
      734,
      734,
      734,
      734,
      734,
      710,
      710,
      710,
      745,
      692,
      745,
      692,
      692,
      692,
      692,
      692,
      692,
      692,
      692,
      735,
      735,
      735,
      735,
      735,
      735,
      735,
      735,
      735,
      735
    ],
    [
      698,
      698,
      698,
      698,
      698,
      698,
      698,
      698,
      698,
      700,
      700,
      700,
      700,
      700,
      700,
      700,
      700,
      727,
      727,
      727,
      727,
      727,
      727,
      727,
      727,
      727,
      716,
      716,
      716,
      716,
      716,
      716,
      716,
      716,
      716,
      716,
      716,
      716,
      716,
      716,
      716,
      717,
      717,
      717,
      717,
      717,
      717,
      717,
      717,
      717,
      717,
      717,
      717,
      717,
      717,
      717,
      717,
      717,
      717,
      717,
      717,
      717,
      0,
      0,
      0,
      0,
      0,
      0,
      0,
      0,
      0,
      0,
      0,
      0,
      0,
      0,
      0,
      0,
      0,
      0,
      0,
      0,
      0,
      0,
      0,
      0,
      0,
      0,
      0,
      0,
      0,
      0,
      0,
      0,
      718,
      718,
      718,
      718,
      718,
      718,
      718,
      718,
      736,
      736,
      736,
      736,
      736,
      736,
      706,
      706,
      736,
      736,
      736,
      736,
      736,
      737,
      737,
      711,
      711,
      711,
      711,
      699,
      719,
      719,
      719,
      719,
      719,
      719,
      719,
      719,
      719,
      719,
      719,
      719,
      748,
      748,
      748,
      748,
      748,
      0,
      0,
      0,
      0,
      0,
      0,
      0,
      0,
      0,
      0,
      0,
      0,
      0,
      0,
      0,
      0,
      0,
      0,
      0,
      0,
      0,
      0,
      0,
      0,
      0,
      0,
      0,
      0,
      0,
      0,
      0,
      0,
      0,
      0,
      0,
      0,
      0,
      0,
      0,
      0,
      0,
      0,
      0,
      0,
      0,
      723,
      723,
      723,
      723,
      723,
      723,
      723,
      723,
      723,
      723,
      723,
      723,
      723,
      723,
      712,
      712,
      712,
      712,
      712,
      712,
      712,
      712,
      728,
      728,
      728,
      728,
      728,
      728,
      728,
      703,
      703,
      703,
      703,
      724,
      724,
      724,
      724,
      724,
      724,
      724,
      724,
      724,
      724,
      724,
      724,
      739,
      739,
      739,
      739,
      739,
      739,
      0,
      0,
      0,
      0,
      0,
      0,
      0,
      0,
      0,
      0,
      0,
      0,
      0,
      0,
      0,
      0,
      0,
      0,
      765,
      765,
      765,
      729,
      729,
      729,
      729,
      729,
      0,
      0,
      0,
      0,
      0,
      0,
      0,
      0,
      725,
      725,
      725,
      725,
      725,
      725,
      725,
      725,
      725,
      695,
      695,
      695,
      695,
      695,
      695,
      0,
      0,
      0,
      0,
      0,
      0,
      0,
      0,
      0,
      0,
      0,
      0,
      0,
      0,
      0,
      0,
      0,
      0,
      0,
      704,
      704,
      704,
      704,
      704,
      704,
      704,
      704,
      704,
      704,
      704,
      704,
      704,
      707,
      707,
      707,
      707,
      707,
      707,
      707,
      707,
      707,
      707,
      707,
      707,
      707,
      707,
      720,
      720,
      720,
      720,
      720,
      720,
      720,
      720,
      742,
      742,
      742,
      742,
      742,
      742,
      742,
      742,
      742,
      742,
      742,
      742,
      742,
      742,
      740,
      740,
      740,
      740,
      740,
      740,
      740,
      708,
      708,
      708,
      730,
      730,
      730,
      730,
      730,
      730,
      730,
      752,
      752,
      752,
      0,
      0,
      0,
      0,
      0,
      0,
      0,
      0,
      0,
      0,
      0,
      0,
      0,
      0,
      0,
      0,
      0,
      0,
      0,
      669,
      757,
      757,
      731,
      731,
      731,
      731,
      731,
      762,
      713,
      713,
      726,
      726,
      726,
      726,
      726,
      726,
      726,
      726,
      0,
      0,
      0,
      0,
      0,
      0,
      0,
      0,
      0,
      0,
      0,
      0,
      0,
      0,
      0,
      0,
      0,
      732,
      732,
      732,
      732,
      732,
      732,
      732,
      732,
      732,
      733,
      733,
      733,
      733,
      733,
      714,
      714,
      714,
      714,
      714,
      721,
      721,
      721,
      721,
      715,
      715,
      715,
      715,
      715,
      715,
      715,
      715,
      722,
      722,
      722,
      722,
      722,
      722,
      722,
      722,
      722,
      722,
      771,
      771,
      709,
      709,
      744,
      744,
      744,
      744,
      744,
      744,
      744,
      744,
      744,
      734,
      734,
      734,
      734,
      734,
      734,
      734,
      710,
      710,
      710,
      745,
      745,
      745,
      745,
      692,
      692,
      692,
      692,
      692,
      735,
      735,
      735,
      735,
      735,
      735,
      735,
      735,
      735,
      735,
      735,
      735
    ],
    [
      698,
      698,
      698,
      698,
      698,
      698,
      698,
      698,
      698,
      0,
      0,
      0,
      0,
      0,
      0,
      0,
      700,
      727,
      727,
      727,
      727,
      727,
      727,
      727,
      727,
      727,
      716,
      716,
      716,
      716,
      716,
      716,
      716,
      716,
      716,
      716,
      716,
      716,
      716,
      716,
      716,
      717,
      717,
      717,
      717,
      717,
      717,
      717,
      717,
      717,
      717,
      717,
      717,
      717,
      717,
      0,
      0,
      0,
      0,
      0,
      0,
      0,
      0,
      0,
      0,
      0,
      0,
      0,
      0,
      0,
      0,
      0,
      0,
      0,
      0,
      0,
      0,
      0,
      0,
      0,
      0,
      0,
      0,
      0,
      0,
      0,
      0,
      0,
      0,
      0,
      0,
      0,
      0,
      0,
      718,
      718,
      718,
      718,
      718,
      718,
      718,
      718,
      736,
      736,
      736,
      736,
      736,
      736,
      736,
      736,
      736,
      736,
      736,
      736,
      736,
      737,
      737,
      737,
      737,
      737,
      737,
      719,
      719,
      719,
      719,
      719,
      719,
      719,
      719,
      719,
      719,
      748,
      748,
      748,
      748,
      748,
      748,
      748,
      748,
      0,
      0,
      0,
      0,
      0,
      0,
      0,
      0,
      0,
      0,
      0,
      0,
      0,
      0,
      0,
      0,
      0,
      0,
      0,
      0,
      0,
      0,
      0,
      0,
      0,
      0,
      0,
      0,
      0,
      0,
      0,
      0,
      0,
      0,
      0,
      0,
      0,
      0,
      0,
      0,
      0,
      0,
      0,
      738,
      738,
      738,
      738,
      738,
      738,
      738,
      738,
      738,
      738,
      723,
      723,
      723,
      723,
      723,
      723,
      712,
      712,
      712,
      712,
      712,
      712,
      712,
      712,
      728,
      728,
      728,
      728,
      728,
      728,
      728,
      703,
      703,
      703,
      703,
      724,
      724,
      724,
      724,
      724,
      724,
      724,
      724,
      724,
      724,
      724,
      739,
      739,
      739,
      739,
      739,
      739,
      739,
      0,
      0,
      0,
      0,
      0,
      0,
      0,
      0,
      0,
      0,
      0,
      0,
      0,
      0,
      0,
      765,
      765,
      765,
      765,
      765,
      765,
      729,
      729,
      729,
      729,
      729,
      0,
      0,
      0,
      0,
      0,
      0,
      0,
      0,
      0,
      725,
      725,
      725,
      725,
      725,
      725,
      725,
      725,
      695,
      695,
      695,
      695,
      695,
      695,
      0,
      0,
      0,
      0,
      0,
      0,
      0,
      0,
      0,
      0,
      0,
      0,
      0,
      0,
      0,
      0,
      0,
      0,
      0,
      704,
      704,
      704,
      704,
      704,
      704,
      704,
      704,
      704,
      704,
      704,
      704,
      704,
      707,
      707,
      707,
      707,
      707,
      707,
      707,
      707,
      707,
      707,
      707,
      707,
      741,
      741,
      741,
      741,
      741,
      741,
      741,
      720,
      720,
      720,
      742,
      742,
      742,
      742,
      742,
      742,
      742,
      742,
      742,
      742,
      742,
      742,
      742,
      742,
      740,
      740,
      740,
      740,
      740,
      740,
      740,
      740,
      708,
      708,
      730,
      730,
      730,
      730,
      730,
      730,
      730,
      752,
      752,
      752,
      0,
      0,
      0,
      0,
      0,
      0,
      0,
      0,
      0,
      0,
      0,
      0,
      0,
      0,
      0,
      0,
      0,
      0,
      0,
      757,
      757,
      757,
      731,
      731,
      731,
      731,
      731,
      762,
      762,
      713,
      726,
      726,
      726,
      726,
      726,
      726,
      726,
      726,
      726,
      0,
      0,
      0,
      0,
      0,
      0,
      0,
      0,
      0,
      0,
      0,
      0,
      0,
      0,
      0,
      0,
      732,
      732,
      732,
      732,
      732,
      732,
      732,
      732,
      732,
      733,
      733,
      733,
      733,
      733,
      714,
      714,
      714,
      714,
      721,
      721,
      721,
      721,
      721,
      715,
      715,
      715,
      715,
      715,
      715,
      715,
      715,
      722,
      722,
      722,
      722,
      722,
      722,
      722,
      722,
      722,
      722,
      771,
      771,
      771,
      709,
      744,
      744,
      744,
      744,
      744,
      744,
      744,
      744,
      744,
      744,
      744,
      734,
      734,
      734,
      734,
      734,
      710,
      710,
      710,
      745,
      745,
      745,
      745,
      692,
      692,
      735,
      735,
      735,
      735,
      735,
      735,
      735,
      735,
      735,
      735,
      735,
      735,
      735,
      735,
      735
    ],
    [
      698,
      698,
      698,
      698,
      754,
      754,
      698,
      698,
      0,
      0,
      0,
      0,
      0,
      0,
      0,
      0,
      700,
      727,
      727,
      727,
      727,
      727,
      727,
      727,
      727,
      727,
      746,
      746,
      746,
      746,
      746,
      746,
      746,
      746,
      746,
      746,
      746,
      746,
      746,
      746,
      717,
      717,
      717,
      717,
      717,
      717,
      717,
      717,
      717,
      717,
      717,
      717,
      717,
      717,
      717,
      0,
      0,
      0,
      0,
      0,
      0,
      0,
      0,
      0,
      0,
      0,
      0,
      0,
      0,
      0,
      0,
      0,
      0,
      0,
      0,
      0,
      0,
      0,
      0,
      0,
      0,
      0,
      0,
      0,
      0,
      0,
      0,
      0,
      0,
      0,
      0,
      718,
      718,
      718,
      718,
      718,
      718,
      718,
      718,
      718,
      718,
      718,
      736,
      736,
      736,
      736,
      736,
      736,
      736,
      736,
      736,
      736,
      736,
      736,
      736,
      737,
      737,
      737,
      737,
      737,
      737,
      719,
      719,
      719,
      719,
      719,
      719,
      719,
      719,
      719,
      719,
      719,
      748,
      748,
      748,
      748,
      748,
      748,
      748,
      748,
      748,
      748,
      748,
      748,
      0,
      0,
      0,
      0,
      0,
      0,
      0,
      0,
      0,
      0,
      0,
      0,
      0,
      0,
      0,
      0,
      0,
      0,
      0,
      0,
      0,
      0,
      0,
      0,
      0,
      0,
      0,
      0,
      0,
      0,
      0,
      0,
      0,
      0,
      0,
      0,
      738,
      738,
      738,
      738,
      738,
      738,
      738,
      738,
      738,
      738,
      738,
      738,
      723,
      723,
      723,
      723,
      723,
      723,
      712,
      712,
      712,
      712,
      712,
      712,
      712,
      712,
      728,
      728,
      728,
      728,
      728,
      728,
      728,
      703,
      703,
      703,
      724,
      724,
      724,
      724,
      724,
      724,
      724,
      724,
      724,
      724,
      739,
      739,
      739,
      739,
      739,
      739,
      739,
      739,
      739,
      739,
      0,
      0,
      0,
      0,
      0,
      0,
      0,
      0,
      0,
      0,
      0,
      765,
      765,
      765,
      765,
      765,
      765,
      765,
      765,
      765,
      729,
      729,
      729,
      729,
      729,
      0,
      0,
      0,
      0,
      0,
      0,
      0,
      0,
      0,
      725,
      725,
      725,
      725,
      725,
      725,
      725,
      725,
      725,
      695,
      695,
      695,
      695,
      695,
      0,
      0,
      0,
      0,
      0,
      0,
      0,
      0,
      0,
      0,
      0,
      0,
      0,
      0,
      0,
      0,
      0,
      0,
      0,
      704,
      704,
      704,
      704,
      704,
      704,
      704,
      704,
      704,
      704,
      704,
      704,
      704,
      707,
      707,
      0,
      0,
      0,
      0,
      707,
      707,
      707,
      707,
      707,
      707,
      741,
      741,
      741,
      741,
      741,
      741,
      741,
      741,
      720,
      720,
      742,
      742,
      742,
      742,
      742,
      742,
      742,
      742,
      742,
      742,
      742,
      742,
      742,
      742,
      740,
      740,
      740,
      740,
      740,
      740,
      740,
      740,
      0,
      0,
      0,
      730,
      730,
      730,
      730,
      730,
      730,
      752,
      752,
      752,
      0,
      0,
      0,
      0,
      0,
      0,
      0,
      0,
      0,
      0,
      0,
      0,
      0,
      0,
      0,
      0,
      0,
      0,
      757,
      757,
      757,
      757,
      731,
      731,
      731,
      731,
      731,
      762,
      762,
      762,
      726,
      726,
      726,
      751,
      751,
      751,
      751,
      751,
      751,
      770,
      0,
      0,
      0,
      0,
      0,
      0,
      0,
      0,
      0,
      0,
      0,
      0,
      0,
      0,
      0,
      732,
      732,
      732,
      732,
      732,
      732,
      732,
      732,
      732,
      732,
      733,
      733,
      733,
      733,
      743,
      743,
      743,
      743,
      0,
      0,
      0,
      0,
      0,
      715,
      715,
      715,
      715,
      715,
      715,
      715,
      715,
      722,
      722,
      722,
      722,
      722,
      722,
      722,
      722,
      722,
      771,
      771,
      771,
      771,
      709,
      744,
      744,
      744,
      744,
      744,
      744,
      744,
      744,
      744,
      744,
      744,
      734,
      734,
      734,
      734,
      734,
      745,
      745,
      745,
      745,
      745,
      745,
      745,
      692,
      692,
      735,
      735,
      735,
      735,
      735,
      735,
      735,
      735,
      735,
      735,
      735,
      735,
      735,
      735,
      735
    ],
    [
      698,
      698,
      754,
      754,
      754,
      754,
      698,
      698,
      0,
      0,
      0,
      0,
      0,
      0,
      0,
      0,
      700,
      727,
      727,
      727,
      727,
      727,
      727,
      727,
      727,
      727,
      746,
      746,
      746,
      746,
      746,
      746,
      746,
      746,
      746,
      746,
      746,
      746,
      746,
      746,
      717,
      717,
      717,
      717,
      717,
      717,
      717,
      717,
      717,
      717,
      717,
      717,
      717,
      717,
      717,
      0,
      0,
      0,
      0,
      0,
      0,
      0,
      0,
      0,
      0,
      0,
      0,
      0,
      0,
      0,
      0,
      0,
      0,
      0,
      0,
      0,
      0,
      0,
      0,
      0,
      0,
      0,
      0,
      0,
      0,
      0,
      0,
      0,
      0,
      0,
      0,
      718,
      718,
      718,
      718,
      718,
      718,
      718,
      718,
      718,
      718,
      718,
      736,
      736,
      736,
      736,
      736,
      736,
      736,
      736,
      736,
      736,
      736,
      736,
      736,
      737,
      737,
      737,
      737,
      737,
      737,
      719,
      719,
      719,
      719,
      719,
      755,
      747,
      747,
      747,
      747,
      747,
      747,
      748,
      748,
      748,
      748,
      748,
      748,
      748,
      748,
      748,
      748,
      748,
      0,
      0,
      0,
      0,
      0,
      0,
      0,
      0,
      0,
      0,
      0,
      0,
      0,
      0,
      0,
      0,
      0,
      0,
      0,
      0,
      0,
      0,
      0,
      0,
      0,
      0,
      0,
      0,
      0,
      0,
      0,
      0,
      0,
      0,
      0,
      749,
      749,
      749,
      749,
      749,
      749,
      738,
      738,
      738,
      738,
      738,
      738,
      738,
      723,
      723,
      723,
      723,
      723,
      723,
      0,
      0,
      0,
      0,
      0,
      712,
      712,
      712,
      728,
      728,
      728,
      728,
      728,
      728,
      728,
      703,
      724,
      724,
      724,
      724,
      724,
      724,
      724,
      724,
      724,
      724,
      724,
      724,
      739,
      739,
      739,
      739,
      739,
      739,
      739,
      739,
      739,
      739,
      0,
      0,
      0,
      0,
      0,
      0,
      0,
      0,
      0,
      0,
      0,
      765,
      765,
      765,
      765,
      765,
      765,
      765,
      765,
      765,
      729,
      729,
      729,
      729,
      729,
      0,
      0,
      0,
      0,
      0,
      0,
      0,
      0,
      0,
      725,
      725,
      750,
      750,
      750,
      750,
      750,
      750,
      750,
      750,
      695,
      695,
      695,
      695,
      0,
      0,
      0,
      0,
      0,
      0,
      0,
      0,
      0,
      0,
      0,
      0,
      0,
      0,
      0,
      0,
      0,
      0,
      0,
      704,
      704,
      704,
      704,
      756,
      756,
      756,
      756,
      756,
      756,
      704,
      704,
      704,
      707,
      707,
      0,
      0,
      0,
      0,
      0,
      707,
      707,
      707,
      707,
      707,
      741,
      741,
      741,
      741,
      741,
      741,
      741,
      741,
      720,
      720,
      742,
      742,
      742,
      742,
      742,
      742,
      742,
      742,
      742,
      742,
      742,
      784,
      784,
      784,
      740,
      740,
      740,
      740,
      740,
      740,
      740,
      740,
      0,
      0,
      0,
      0,
      730,
      730,
      730,
      730,
      730,
      752,
      752,
      752,
      0,
      0,
      0,
      0,
      0,
      0,
      0,
      0,
      0,
      0,
      0,
      0,
      0,
      0,
      0,
      0,
      0,
      0,
      757,
      757,
      757,
      757,
      731,
      731,
      731,
      731,
      731,
      762,
      762,
      762,
      762,
      762,
      751,
      751,
      751,
      751,
      751,
      751,
      751,
      770,
      770,
      0,
      0,
      0,
      0,
      0,
      0,
      0,
      0,
      0,
      0,
      0,
      0,
      0,
      0,
      732,
      732,
      732,
      732,
      732,
      732,
      732,
      732,
      732,
      732,
      733,
      733,
      733,
      733,
      743,
      743,
      743,
      743,
      0,
      0,
      0,
      0,
      0,
      753,
      753,
      753,
      753,
      753,
      753,
      753,
      771,
      771,
      771,
      771,
      771,
      771,
      771,
      771,
      771,
      771,
      771,
      771,
      771,
      771,
      709,
      744,
      744,
      744,
      744,
      744,
      744,
      744,
      744,
      744,
      744,
      744,
      734,
      734,
      734,
      734,
      734,
      745,
      745,
      745,
      745,
      745,
      745,
      745,
      745,
      745,
      735,
      735,
      735,
      735,
      735,
      735,
      735,
      735,
      735,
      735,
      735,
      735,
      735,
      735,
      735
    ],
    [
      754,
      754,
      754,
      754,
      754,
      754,
      698,
      698,
      0,
      0,
      0,
      0,
      0,
      0,
      0,
      0,
      700,
      727,
      776,
      776,
      776,
      776,
      776,
      776,
      776,
      727,
      746,
      746,
      746,
      746,
      746,
      746,
      746,
      746,
      746,
      746,
      746,
      746,
      746,
      746,
      0,
      0,
      0,
      0,
      0,
      0,
      0,
      0,
      0,
      0,
      0,
      0,
      0,
      0,
      0,
      0,
      0,
      0,
      0,
      0,
      0,
      0,
      0,
      0,
      0,
      0,
      0,
      0,
      0,
      0,
      0,
      0,
      0,
      0,
      0,
      0,
      0,
      0,
      0,
      0,
      0,
      0,
      0,
      0,
      0,
      0,
      0,
      0,
      0,
      0,
      0,
      718,
      718,
      718,
      718,
      718,
      718,
      718,
      718,
      718,
      718,
      718,
      736,
      736,
      736,
      736,
      736,
      736,
      736,
      736,
      736,
      736,
      736,
      736,
      736,
      737,
      737,
      737,
      737,
      737,
      737,
      719,
      719,
      719,
      719,
      755,
      755,
      747,
      747,
      747,
      747,
      747,
      747,
      747,
      748,
      748,
      748,
      748,
      748,
      748,
      748,
      748,
      748,
      748,
      0,
      0,
      0,
      0,
      0,
      0,
      0,
      0,
      0,
      0,
      0,
      0,
      0,
      0,
      0,
      0,
      0,
      0,
      0,
      0,
      0,
      0,
      0,
      0,
      0,
      0,
      0,
      0,
      0,
      0,
      0,
      0,
      0,
      0,
      772,
      749,
      749,
      749,
      749,
      749,
      749,
      738,
      738,
      738,
      738,
      738,
      738,
      723,
      723,
      723,
      723,
      723,
      723,
      723,
      0,
      0,
      0,
      0,
      0,
      0,
      0,
      0,
      728,
      728,
      728,
      728,
      728,
      728,
      728,
      724,
      724,
      724,
      724,
      724,
      724,
      724,
      724,
      724,
      739,
      739,
      739,
      739,
      739,
      739,
      739,
      739,
      739,
      739,
      739,
      739,
      739,
      739,
      0,
      0,
      0,
      0,
      0,
      0,
      0,
      0,
      0,
      0,
      0,
      765,
      765,
      765,
      765,
      765,
      765,
      765,
      765,
      765,
      729,
      729,
      729,
      729,
      729,
      0,
      0,
      0,
      0,
      0,
      0,
      0,
      0,
      0,
      725,
      750,
      750,
      750,
      750,
      750,
      750,
      750,
      750,
      750,
      0,
      695,
      695,
      695,
      0,
      0,
      0,
      0,
      0,
      0,
      0,
      0,
      0,
      0,
      0,
      0,
      0,
      0,
      0,
      0,
      0,
      0,
      0,
      704,
      704,
      761,
      761,
      756,
      756,
      756,
      756,
      756,
      756,
      756,
      704,
      704,
      707,
      707,
      0,
      0,
      0,
      0,
      0,
      707,
      707,
      707,
      707,
      707,
      741,
      741,
      741,
      741,
      741,
      741,
      741,
      741,
      720,
      720,
      742,
      742,
      742,
      742,
      742,
      742,
      742,
      742,
      742,
      742,
      742,
      784,
      784,
      784,
      740,
      740,
      740,
      740,
      740,
      740,
      740,
      740,
      0,
      0,
      0,
      0,
      0,
      730,
      730,
      730,
      730,
      752,
      752,
      752,
      752,
      752,
      752,
      752,
      752,
      752,
      752,
      752,
      752,
      752,
      752,
      752,
      752,
      752,
      752,
      752,
      757,
      757,
      757,
      757,
      757,
      757,
      731,
      731,
      731,
      731,
      731,
      762,
      762,
      762,
      762,
      762,
      751,
      751,
      751,
      751,
      751,
      751,
      751,
      770,
      770,
      770,
      770,
      0,
      0,
      0,
      0,
      0,
      0,
      0,
      0,
      0,
      0,
      0,
      0,
      732,
      732,
      732,
      732,
      732,
      732,
      732,
      732,
      732,
      732,
      743,
      743,
      743,
      743,
      743,
      743,
      743,
      0,
      0,
      0,
      0,
      0,
      0,
      0,
      753,
      753,
      753,
      753,
      753,
      753,
      753,
      771,
      771,
      771,
      771,
      771,
      771,
      771,
      771,
      771,
      771,
      771,
      771,
      771,
      744,
      744,
      744,
      744,
      744,
      744,
      744,
      744,
      744,
      744,
      744,
      744,
      734,
      734,
      759,
      759,
      759,
      759,
      745,
      745,
      745,
      745,
      745,
      745,
      745,
      745,
      745,
      735,
      735,
      735,
      0,
      0,
      0,
      0,
      0,
      735,
      735,
      735,
      735,
      735,
      735
    ],
    [
      754,
      754,
      754,
      754,
      754,
      754,
      698,
      698,
      0,
      0,
      0,
      0,
      0,
      0,
      0,
      0,
      700,
      776,
      776,
      776,
      776,
      776,
      776,
      776,
      776,
      776,
      746,
      746,
      746,
      746,
      746,
      746,
      746,
      746,
      746,
      746,
      746,
      746,
      746,
      746,
      746,
      746,
      0,
      0,
      0,
      0,
      0,
      0,
      0,
      0,
      0,
      0,
      0,
      0,
      0,
      0,
      0,
      0,
      0,
      0,
      0,
      0,
      0,
      0,
      0,
      0,
      0,
      0,
      0,
      0,
      0,
      0,
      0,
      0,
      0,
      0,
      0,
      0,
      0,
      0,
      0,
      0,
      0,
      0,
      0,
      0,
      0,
      0,
      0,
      0,
      0,
      718,
      718,
      718,
      718,
      718,
      718,
      718,
      718,
      718,
      718,
      718,
      736,
      736,
      736,
      736,
      736,
      736,
      736,
      736,
      736,
      736,
      736,
      736,
      736,
      737,
      737,
      737,
      737,
      737,
      737,
      737,
      755,
      755,
      755,
      755,
      755,
      747,
      747,
      747,
      747,
      747,
      747,
      747,
      748,
      748,
      748,
      748,
      748,
      748,
      748,
      748,
      748,
      748,
      0,
      0,
      0,
      760,
      760,
      760,
      760,
      760,
      760,
      0,
      0,
      0,
      0,
      0,
      0,
      0,
      0,
      0,
      0,
      0,
      0,
      0,
      0,
      0,
      0,
      0,
      0,
      0,
      0,
      0,
      0,
      0,
      0,
      0,
      772,
      749,
      749,
      749,
      749,
      749,
      749,
      749,
      749,
      738,
      738,
      738,
      738,
      723,
      723,
      723,
      723,
      0,
      0,
      0,
      0,
      0,
      0,
      0,
      0,
      0,
      0,
      0,
      0,
      728,
      728,
      728,
      728,
      728,
      724,
      724,
      724,
      724,
      724,
      724,
      724,
      724,
      724,
      724,
      724,
      739,
      739,
      739,
      739,
      739,
      739,
      739,
      739,
      739,
      739,
      0,
      0,
      0,
      0,
      0,
      0,
      0,
      0,
      0,
      0,
      0,
      0,
      0,
      0,
      765,
      765,
      765,
      765,
      765,
      765,
      765,
      765,
      765,
      765,
      765,
      765,
      765,
      765,
      0,
      0,
      0,
      0,
      0,
      0,
      0,
      0,
      0,
      0,
      750,
      750,
      750,
      750,
      750,
      750,
      750,
      750,
      750,
      0,
      0,
      0,
      0,
      0,
      0,
      0,
      0,
      0,
      0,
      0,
      0,
      0,
      0,
      0,
      0,
      0,
      0,
      0,
      0,
      0,
      0,
      0,
      704,
      761,
      761,
      761,
      756,
      756,
      756,
      756,
      756,
      756,
      756,
      0,
      704,
      707,
      707,
      0,
      0,
      0,
      0,
      0,
      0,
      0,
      0,
      707,
      707,
      741,
      741,
      741,
      741,
      741,
      741,
      741,
      741,
      720,
      720,
      742,
      778,
      778,
      742,
      742,
      742,
      742,
      742,
      742,
      742,
      742,
      784,
      784,
      784,
      740,
      740,
      740,
      740,
      740,
      740,
      740,
      740,
      0,
      0,
      0,
      0,
      0,
      730,
      730,
      730,
      0,
      752,
      752,
      752,
      752,
      752,
      752,
      752,
      752,
      752,
      752,
      752,
      752,
      752,
      752,
      752,
      752,
      752,
      757,
      757,
      757,
      757,
      757,
      757,
      757,
      757,
      731,
      731,
      731,
      731,
      731,
      762,
      762,
      762,
      762,
      762,
      751,
      751,
      751,
      751,
      751,
      751,
      751,
      770,
      770,
      770,
      770,
      0,
      0,
      0,
      0,
      0,
      0,
      0,
      0,
      0,
      0,
      0,
      0,
      732,
      732,
      732,
      732,
      732,
      732,
      732,
      732,
      732,
      732,
      732,
      732,
      732,
      743,
      743,
      743,
      743,
      0,
      0,
      0,
      0,
      0,
      0,
      0,
      0,
      0,
      753,
      753,
      753,
      753,
      753,
      771,
      771,
      771,
      771,
      771,
      771,
      771,
      771,
      771,
      771,
      771,
      771,
      771,
      744,
      744,
      744,
      744,
      744,
      744,
      744,
      744,
      744,
      744,
      744,
      744,
      734,
      759,
      759,
      759,
      759,
      759,
      759,
      745,
      745,
      745,
      745,
      745,
      745,
      745,
      745,
      735,
      735,
      735,
      0,
      0,
      0,
      0,
      0,
      0,
      0,
      0,
      0,
      735,
      735
    ],
    [
      754,
      754,
      754,
      754,
      754,
      754,
      698,
      698,
      0,
      0,
      0,
      0,
      0,
      0,
      0,
      0,
      786,
      776,
      776,
      776,
      776,
      776,
      776,
      776,
      776,
      776,
      776,
      746,
      746,
      746,
      746,
      746,
      746,
      746,
      746,
      746,
      746,
      746,
      746,
      746,
      746,
      746,
      746,
      746,
      746,
      0,
      0,
      0,
      0,
      0,
      0,
      0,
      0,
      0,
      0,
      0,
      0,
      0,
      0,
      0,
      0,
      0,
      0,
      0,
      0,
      0,
      0,
      0,
      0,
      0,
      0,
      0,
      0,
      0,
      0,
      0,
      0,
      0,
      0,
      0,
      0,
      0,
      0,
      0,
      0,
      0,
      0,
      0,
      0,
      0,
      0,
      718,
      718,
      718,
      718,
      718,
      718,
      718,
      736,
      736,
      736,
      736,
      736,
      736,
      736,
      736,
      736,
      736,
      736,
      736,
      736,
      736,
      736,
      736,
      736,
      737,
      769,
      758,
      758,
      758,
      758,
      758,
      755,
      755,
      755,
      755,
      755,
      747,
      747,
      747,
      747,
      747,
      747,
      747,
      748,
      748,
      748,
      763,
      748,
      748,
      748,
      748,
      748,
      748,
      0,
      0,
      760,
      760,
      760,
      760,
      760,
      760,
      760,
      760,
      760,
      0,
      0,
      0,
      0,
      0,
      0,
      0,
      0,
      0,
      0,
      0,
      0,
      0,
      0,
      0,
      0,
      0,
      0,
      0,
      0,
      0,
      0,
      0,
      772,
      749,
      749,
      749,
      749,
      749,
      749,
      749,
      749,
      738,
      738,
      738,
      738,
      723,
      723,
      723,
      723,
      0,
      0,
      0,
      0,
      0,
      0,
      0,
      0,
      0,
      0,
      0,
      0,
      0,
      0,
      0,
      0,
      0,
      0,
      0,
      0,
      724,
      724,
      724,
      764,
      764,
      764,
      764,
      764,
      764,
      764,
      739,
      739,
      739,
      739,
      739,
      739,
      739,
      739,
      739,
      0,
      0,
      0,
      0,
      0,
      0,
      0,
      0,
      0,
      0,
      0,
      0,
      0,
      765,
      765,
      765,
      765,
      765,
      765,
      765,
      765,
      765,
      765,
      765,
      765,
      765,
      0,
      0,
      0,
      0,
      0,
      0,
      0,
      0,
      0,
      0,
      0,
      750,
      750,
      750,
      750,
      750,
      750,
      750,
      750,
      750,
      0,
      0,
      0,
      0,
      0,
      0,
      0,
      0,
      0,
      0,
      0,
      0,
      0,
      0,
      0,
      0,
      0,
      0,
      0,
      0,
      0,
      0,
      0,
      0,
      761,
      761,
      761,
      756,
      756,
      756,
      756,
      756,
      756,
      756,
      0,
      0,
      707,
      707,
      0,
      0,
      0,
      0,
      0,
      0,
      0,
      0,
      0,
      707,
      741,
      741,
      741,
      741,
      741,
      741,
      741,
      741,
      720,
      778,
      778,
      778,
      778,
      742,
      742,
      742,
      742,
      742,
      742,
      742,
      742,
      784,
      784,
      784,
      740,
      740,
      740,
      740,
      740,
      740,
      740,
      740,
      0,
      0,
      0,
      0,
      0,
      0,
      0,
      0,
      0,
      752,
      752,
      752,
      752,
      752,
      752,
      752,
      752,
      752,
      752,
      752,
      752,
      752,
      752,
      757,
      757,
      757,
      757,
      757,
      757,
      757,
      757,
      757,
      757,
      757,
      757,
      757,
      757,
      762,
      762,
      762,
      762,
      762,
      762,
      762,
      751,
      751,
      751,
      751,
      751,
      751,
      751,
      770,
      770,
      770,
      770,
      0,
      0,
      0,
      0,
      0,
      0,
      0,
      0,
      0,
      0,
      0,
      0,
      732,
      732,
      732,
      732,
      732,
      732,
      732,
      732,
      732,
      732,
      732,
      732,
      732,
      732,
      732,
      732,
      743,
      0,
      0,
      0,
      0,
      0,
      0,
      0,
      0,
      0,
      753,
      753,
      753,
      753,
      753,
      771,
      771,
      771,
      771,
      771,
      771,
      771,
      771,
      771,
      771,
      771,
      771,
      779,
      744,
      744,
      744,
      744,
      744,
      744,
      744,
      744,
      744,
      744,
      744,
      744,
      734,
      759,
      759,
      759,
      759,
      759,
      759,
      759,
      745,
      745,
      745,
      745,
      745,
      745,
      745,
      745,
      735,
      735,
      0,
      0,
      0,
      0,
      0,
      0,
      0,
      0,
      0,
      0,
      0
    ],
    [
      754,
      754,
      754,
      754,
      754,
      754,
      698,
      698,
      0,
      0,
      0,
      0,
      0,
      0,
      786,
      0,
      786,
      776,
      776,
      776,
      776,
      776,
      776,
      776,
      776,
      776,
      776,
      746,
      746,
      746,
      746,
      746,
      746,
      746,
      746,
      746,
      746,
      746,
      746,
      746,
      746,
      746,
      746,
      746,
      746,
      0,
      0,
      0,
      0,
      0,
      0,
      0,
      0,
      0,
      0,
      0,
      0,
      0,
      0,
      0,
      0,
      0,
      0,
      0,
      0,
      0,
      0,
      0,
      0,
      0,
      0,
      0,
      0,
      0,
      0,
      0,
      0,
      0,
      0,
      0,
      0,
      0,
      0,
      0,
      0,
      0,
      0,
      0,
      0,
      0,
      0,
      718,
      718,
      718,
      718,
      718,
      0,
      0,
      0,
      0,
      0,
      0,
      0,
      0,
      0,
      736,
      736,
      736,
      736,
      736,
      736,
      736,
      736,
      736,
      769,
      769,
      769,
      758,
      758,
      758,
      758,
      758,
      755,
      755,
      755,
      755,
      755,
      747,
      747,
      747,
      747,
      747,
      747,
      747,
      763,
      763,
      763,
      763,
      748,
      748,
      748,
      748,
      748,
      748,
      0,
      760,
      760,
      760,
      760,
      760,
      760,
      760,
      760,
      760,
      760,
      0,
      0,
      0,
      0,
      0,
      0,
      0,
      0,
      0,
      0,
      0,
      0,
      0,
      0,
      0,
      0,
      0,
      0,
      0,
      0,
      0,
      0,
      772,
      772,
      749,
      749,
      749,
      749,
      749,
      749,
      749,
      749,
      738,
      738,
      738,
      738,
      723,
      723,
      723,
      723,
      0,
      0,
      0,
      0,
      0,
      0,
      0,
      0,
      0,
      0,
      0,
      0,
      0,
      0,
      0,
      0,
      0,
      0,
      0,
      0,
      724,
      724,
      724,
      764,
      764,
      764,
      764,
      764,
      764,
      764,
      764,
      802,
      777,
      777,
      777,
      777,
      777,
      777,
      777,
      0,
      0,
      0,
      0,
      0,
      0,
      0,
      0,
      0,
      0,
      0,
      0,
      0,
      765,
      765,
      765,
      765,
      765,
      765,
      765,
      765,
      765,
      0,
      0,
      0,
      0,
      0,
      0,
      0,
      0,
      0,
      0,
      0,
      0,
      0,
      0,
      0,
      750,
      750,
      750,
      750,
      750,
      750,
      750,
      750,
      750,
      0,
      0,
      0,
      0,
      0,
      0,
      0,
      0,
      0,
      0,
      0,
      0,
      0,
      0,
      0,
      0,
      0,
      0,
      0,
      0,
      761,
      761,
      761,
      761,
      761,
      761,
      761,
      756,
      756,
      756,
      756,
      756,
      756,
      756,
      0,
      0,
      0,
      0,
      0,
      0,
      0,
      0,
      0,
      0,
      0,
      0,
      0,
      0,
      741,
      741,
      741,
      741,
      741,
      741,
      741,
      741,
      778,
      778,
      778,
      778,
      778,
      742,
      742,
      742,
      742,
      742,
      742,
      742,
      742,
      784,
      784,
      784,
      784,
      0,
      0,
      0,
      0,
      0,
      0,
      0,
      0,
      0,
      0,
      0,
      0,
      0,
      0,
      0,
      0,
      752,
      752,
      752,
      752,
      752,
      752,
      752,
      752,
      752,
      752,
      752,
      752,
      752,
      766,
      766,
      766,
      766,
      766,
      766,
      766,
      757,
      757,
      757,
      757,
      757,
      757,
      757,
      762,
      762,
      762,
      762,
      762,
      762,
      762,
      762,
      751,
      751,
      751,
      751,
      751,
      751,
      751,
      770,
      770,
      770,
      770,
      0,
      0,
      0,
      0,
      0,
      0,
      0,
      0,
      0,
      0,
      0,
      0,
      0,
      0,
      732,
      732,
      732,
      732,
      732,
      732,
      732,
      732,
      732,
      732,
      732,
      732,
      732,
      732,
      767,
      0,
      0,
      0,
      0,
      0,
      0,
      0,
      0,
      0,
      753,
      753,
      753,
      753,
      753,
      771,
      771,
      771,
      771,
      771,
      771,
      771,
      771,
      771,
      771,
      771,
      0,
      779,
      744,
      744,
      744,
      744,
      744,
      744,
      744,
      744,
      744,
      744,
      744,
      744,
      759,
      759,
      759,
      759,
      759,
      759,
      759,
      0,
      745,
      745,
      745,
      745,
      745,
      745,
      745,
      745,
      768,
      735,
      0,
      0,
      0,
      0,
      0,
      0,
      0,
      0,
      0,
      0,
      0
    ],
    [
      754,
      754,
      754,
      754,
      754,
      754,
      698,
      698,
      791,
      786,
      0,
      0,
      786,
      786,
      786,
      786,
      786,
      776,
      776,
      776,
      776,
      776,
      776,
      776,
      776,
      776,
      776,
      776,
      746,
      746,
      746,
      746,
      746,
      746,
      746,
      746,
      746,
      746,
      746,
      746,
      746,
      746,
      746,
      746,
      746,
      746,
      0,
      0,
      0,
      0,
      0,
      0,
      0,
      0,
      0,
      0,
      0,
      0,
      0,
      0,
      0,
      0,
      0,
      0,
      0,
      0,
      0,
      0,
      0,
      0,
      0,
      0,
      0,
      0,
      0,
      0,
      0,
      0,
      0,
      0,
      0,
      0,
      0,
      0,
      0,
      0,
      0,
      0,
      0,
      0,
      0,
      0,
      718,
      718,
      718,
      718,
      0,
      0,
      0,
      0,
      0,
      0,
      0,
      0,
      0,
      0,
      0,
      0,
      736,
      736,
      736,
      736,
      736,
      769,
      769,
      769,
      769,
      758,
      758,
      758,
      758,
      758,
      755,
      755,
      755,
      755,
      755,
      747,
      747,
      747,
      747,
      747,
      747,
      747,
      763,
      763,
      763,
      763,
      763,
      763,
      763,
      748,
      748,
      748,
      0,
      760,
      760,
      760,
      760,
      760,
      760,
      760,
      760,
      760,
      760,
      0,
      0,
      0,
      0,
      0,
      0,
      0,
      0,
      0,
      0,
      0,
      0,
      0,
      0,
      0,
      0,
      0,
      0,
      0,
      0,
      0,
      0,
      772,
      772,
      749,
      749,
      749,
      749,
      749,
      749,
      749,
      749,
      738,
      738,
      738,
      738,
      723,
      723,
      723,
      723,
      0,
      0,
      0,
      0,
      0,
      0,
      0,
      0,
      0,
      0,
      0,
      0,
      0,
      0,
      0,
      0,
      0,
      0,
      0,
      0,
      724,
      724,
      764,
      764,
      764,
      764,
      764,
      764,
      764,
      764,
      764,
      802,
      802,
      777,
      777,
      777,
      777,
      777,
      777,
      0,
      0,
      0,
      0,
      0,
      0,
      0,
      0,
      0,
      0,
      0,
      0,
      0,
      765,
      765,
      765,
      765,
      765,
      765,
      765,
      765,
      765,
      0,
      0,
      0,
      0,
      0,
      0,
      0,
      0,
      0,
      0,
      0,
      0,
      0,
      0,
      0,
      0,
      750,
      750,
      750,
      750,
      750,
      750,
      750,
      0,
      0,
      0,
      0,
      0,
      0,
      0,
      0,
      0,
      0,
      0,
      0,
      0,
      0,
      0,
      0,
      0,
      0,
      0,
      0,
      761,
      761,
      761,
      761,
      761,
      761,
      761,
      761,
      756,
      756,
      756,
      756,
      756,
      756,
      756,
      0,
      0,
      0,
      0,
      0,
      0,
      0,
      0,
      0,
      0,
      0,
      0,
      0,
      0,
      741,
      741,
      741,
      741,
      741,
      741,
      741,
      741,
      778,
      778,
      778,
      778,
      778,
      778,
      778,
      778,
      778,
      778,
      784,
      784,
      784,
      784,
      784,
      784,
      784,
      784,
      0,
      0,
      0,
      0,
      0,
      0,
      0,
      0,
      0,
      0,
      0,
      0,
      0,
      0,
      0,
      752,
      752,
      752,
      752,
      752,
      752,
      752,
      752,
      752,
      752,
      752,
      752,
      766,
      766,
      766,
      766,
      766,
      766,
      766,
      766,
      766,
      766,
      757,
      757,
      757,
      757,
      757,
      762,
      762,
      762,
      762,
      762,
      762,
      762,
      762,
      762,
      762,
      762,
      762,
      762,
      762,
      770,
      770,
      770,
      770,
      770,
      770,
      770,
      770,
      770,
      770,
      770,
      770,
      0,
      0,
      0,
      0,
      0,
      0,
      0,
      0,
      732,
      732,
      732,
      732,
      732,
      732,
      732,
      732,
      732,
      732,
      732,
      732,
      767,
      767,
      0,
      0,
      0,
      0,
      0,
      0,
      0,
      0,
      0,
      753,
      753,
      753,
      753,
      753,
      771,
      771,
      771,
      771,
      771,
      771,
      771,
      771,
      771,
      771,
      771,
      0,
      779,
      744,
      744,
      744,
      744,
      744,
      744,
      744,
      744,
      744,
      744,
      779,
      759,
      759,
      759,
      759,
      759,
      759,
      759,
      759,
      0,
      0,
      745,
      745,
      745,
      768,
      768,
      768,
      768,
      768,
      0,
      0,
      0,
      0,
      0,
      0,
      0,
      0,
      0,
      0,
      0,
      0
    ],
    [
      754,
      754,
      754,
      754,
      754,
      791,
      791,
      791,
      791,
      786,
      0,
      0,
      786,
      786,
      786,
      786,
      786,
      776,
      776,
      776,
      776,
      776,
      776,
      776,
      776,
      776,
      776,
      776,
      746,
      746,
      746,
      746,
      746,
      746,
      746,
      746,
      746,
      746,
      746,
      746,
      746,
      746,
      746,
      746,
      746,
      746,
      0,
      0,
      0,
      0,
      0,
      0,
      0,
      0,
      0,
      0,
      0,
      0,
      0,
      0,
      0,
      0,
      0,
      0,
      0,
      0,
      0,
      0,
      0,
      0,
      0,
      0,
      0,
      0,
      0,
      0,
      0,
      0,
      0,
      0,
      0,
      0,
      0,
      0,
      0,
      0,
      0,
      0,
      0,
      0,
      0,
      0,
      0,
      0,
      0,
      0,
      0,
      0,
      0,
      0,
      0,
      0,
      0,
      0,
      0,
      0,
      0,
      0,
      736,
      736,
      736,
      736,
      736,
      769,
      769,
      769,
      769,
      758,
      758,
      758,
      758,
      758,
      755,
      755,
      755,
      755,
      755,
      755,
      755,
      755,
      755,
      755,
      763,
      763,
      763,
      763,
      763,
      763,
      763,
      763,
      763,
      748,
      748,
      748,
      0,
      760,
      760,
      760,
      760,
      760,
      760,
      760,
      760,
      760,
      760,
      0,
      0,
      0,
      0,
      0,
      0,
      0,
      0,
      0,
      0,
      0,
      0,
      0,
      0,
      0,
      0,
      0,
      0,
      0,
      0,
      0,
      792,
      772,
      772,
      772,
      772,
      772,
      772,
      772,
      772,
      772,
      772,
      738,
      738,
      738,
      738,
      738,
      738,
      738,
      0,
      0,
      0,
      0,
      0,
      0,
      0,
      0,
      0,
      0,
      0,
      0,
      0,
      0,
      0,
      0,
      0,
      0,
      0,
      0,
      0,
      0,
      0,
      764,
      764,
      764,
      764,
      764,
      764,
      764,
      764,
      764,
      802,
      802,
      802,
      777,
      777,
      777,
      777,
      777,
      777,
      777,
      0,
      0,
      0,
      0,
      0,
      0,
      0,
      0,
      0,
      0,
      0,
      765,
      765,
      765,
      765,
      765,
      765,
      765,
      765,
      765,
      0,
      0,
      0,
      0,
      0,
      0,
      0,
      0,
      0,
      0,
      0,
      0,
      0,
      0,
      0,
      0,
      0,
      0,
      0,
      0,
      0,
      0,
      0,
      0,
      0,
      0,
      0,
      0,
      0,
      0,
      0,
      0,
      0,
      0,
      0,
      0,
      0,
      0,
      0,
      0,
      0,
      0,
      761,
      761,
      761,
      761,
      761,
      761,
      761,
      761,
      761,
      761,
      761,
      761,
      761,
      761,
      756,
      756,
      0,
      0,
      0,
      0,
      0,
      0,
      0,
      0,
      0,
      0,
      0,
      0,
      0,
      0,
      0,
      741,
      741,
      741,
      741,
      741,
      741,
      778,
      778,
      778,
      778,
      778,
      778,
      778,
      778,
      778,
      778,
      778,
      784,
      784,
      784,
      784,
      784,
      784,
      784,
      784,
      0,
      0,
      0,
      0,
      0,
      0,
      0,
      0,
      0,
      0,
      0,
      0,
      0,
      0,
      0,
      0,
      0,
      0,
      0,
      0,
      0,
      0,
      0,
      0,
      752,
      775,
      775,
      766,
      766,
      766,
      766,
      766,
      766,
      766,
      766,
      766,
      766,
      757,
      757,
      757,
      762,
      762,
      762,
      762,
      762,
      762,
      762,
      762,
      762,
      762,
      762,
      762,
      762,
      762,
      770,
      770,
      770,
      770,
      770,
      770,
      770,
      770,
      770,
      770,
      770,
      770,
      770,
      770,
      0,
      0,
      0,
      0,
      0,
      0,
      0,
      0,
      0,
      732,
      732,
      732,
      732,
      767,
      767,
      767,
      767,
      767,
      767,
      767,
      767,
      767,
      0,
      0,
      0,
      0,
      0,
      0,
      0,
      0,
      0,
      0,
      0,
      0,
      0,
      0,
      0,
      0,
      771,
      771,
      771,
      771,
      771,
      771,
      771,
      797,
      797,
      0,
      779,
      744,
      744,
      744,
      744,
      744,
      744,
      744,
      744,
      779,
      779,
      779,
      759,
      759,
      759,
      759,
      759,
      759,
      759,
      759,
      0,
      0,
      745,
      745,
      745,
      768,
      768,
      768,
      768,
      768,
      0,
      0,
      0,
      0,
      0,
      0,
      0,
      0,
      0,
      0,
      0,
      0
    ],
    [
      754,
      754,
      754,
      754,
      754,
      791,
      791,
      791,
      791,
      786,
      0,
      0,
      786,
      786,
      786,
      786,
      786,
      776,
      776,
      776,
      776,
      776,
      776,
      776,
      776,
      776,
      776,
      776,
      746,
      746,
      746,
      746,
      746,
      746,
      746,
      746,
      746,
      746,
      746,
      746,
      746,
      746,
      746,
      746,
      746,
      746,
      746,
      746,
      0,
      0,
      0,
      0,
      0,
      0,
      0,
      0,
      0,
      0,
      0,
      0,
      0,
      0,
      0,
      0,
      0,
      0,
      0,
      0,
      0,
      0,
      0,
      0,
      0,
      0,
      0,
      0,
      0,
      0,
      0,
      0,
      0,
      0,
      0,
      0,
      0,
      0,
      0,
      0,
      0,
      0,
      0,
      0,
      0,
      0,
      0,
      0,
      0,
      0,
      0,
      0,
      0,
      0,
      0,
      0,
      0,
      0,
      0,
      769,
      769,
      769,
      769,
      769,
      769,
      769,
      769,
      769,
      769,
      758,
      758,
      758,
      758,
      758,
      755,
      755,
      0,
      0,
      0,
      0,
      0,
      0,
      0,
      763,
      763,
      763,
      763,
      763,
      763,
      763,
      763,
      763,
      763,
      748,
      748,
      748,
      0,
      760,
      760,
      760,
      760,
      760,
      760,
      760,
      760,
      760,
      760,
      0,
      0,
      0,
      0,
      0,
      0,
      0,
      0,
      0,
      0,
      0,
      0,
      0,
      0,
      0,
      0,
      0,
      0,
      0,
      0,
      792,
      792,
      772,
      772,
      772,
      772,
      772,
      772,
      772,
      772,
      772,
      772,
      772,
      772,
      772,
      772,
      772,
      772,
      772,
      0,
      0,
      0,
      0,
      0,
      0,
      0,
      0,
      0,
      0,
      0,
      0,
      0,
      0,
      0,
      0,
      0,
      0,
      0,
      0,
      0,
      0,
      0,
      764,
      764,
      764,
      764,
      764,
      764,
      764,
      764,
      764,
      802,
      802,
      802,
      802,
      777,
      777,
      777,
      777,
      777,
      777,
      0,
      0,
      0,
      0,
      0,
      0,
      0,
      0,
      0,
      0,
      0,
      765,
      765,
      765,
      765,
      765,
      765,
      765,
      765,
      765,
      0,
      0,
      0,
      0,
      0,
      0,
      0,
      0,
      0,
      0,
      0,
      0,
      0,
      0,
      0,
      0,
      0,
      0,
      0,
      0,
      0,
      0,
      0,
      0,
      0,
      0,
      0,
      0,
      0,
      0,
      0,
      0,
      0,
      0,
      0,
      0,
      0,
      0,
      0,
      0,
      0,
      773,
      761,
      761,
      761,
      761,
      761,
      761,
      761,
      761,
      761,
      761,
      761,
      761,
      761,
      761,
      761,
      756,
      0,
      0,
      0,
      0,
      0,
      0,
      0,
      0,
      0,
      0,
      0,
      0,
      0,
      0,
      0,
      0,
      0,
      778,
      778,
      778,
      778,
      778,
      778,
      778,
      778,
      778,
      778,
      778,
      778,
      778,
      778,
      778,
      778,
      784,
      784,
      784,
      784,
      784,
      784,
      784,
      0,
      0,
      0,
      0,
      0,
      0,
      0,
      0,
      0,
      0,
      0,
      0,
      0,
      0,
      0,
      0,
      0,
      0,
      0,
      0,
      0,
      0,
      0,
      0,
      775,
      775,
      775,
      766,
      766,
      766,
      766,
      766,
      766,
      766,
      766,
      766,
      766,
      757,
      757,
      757,
      762,
      762,
      762,
      762,
      762,
      762,
      762,
      762,
      770,
      770,
      770,
      770,
      770,
      770,
      770,
      770,
      770,
      770,
      770,
      770,
      770,
      770,
      770,
      770,
      770,
      770,
      770,
      0,
      0,
      0,
      0,
      0,
      0,
      0,
      0,
      0,
      0,
      732,
      732,
      767,
      767,
      767,
      767,
      767,
      767,
      767,
      767,
      767,
      767,
      767,
      0,
      0,
      0,
      0,
      0,
      0,
      0,
      0,
      0,
      0,
      0,
      0,
      0,
      0,
      0,
      0,
      771,
      771,
      771,
      771,
      771,
      771,
      797,
      797,
      797,
      0,
      779,
      744,
      744,
      744,
      744,
      744,
      744,
      744,
      779,
      779,
      779,
      779,
      759,
      759,
      759,
      759,
      759,
      759,
      759,
      759,
      0,
      0,
      745,
      745,
      745,
      768,
      768,
      768,
      768,
      768,
      0,
      0,
      0,
      0,
      0,
      0,
      0,
      0,
      0,
      0,
      0,
      0
    ],
    [
      754,
      754,
      754,
      754,
      754,
      791,
      791,
      791,
      791,
      786,
      0,
      0,
      786,
      786,
      786,
      786,
      786,
      786,
      776,
      776,
      776,
      776,
      776,
      776,
      776,
      776,
      776,
      776,
      776,
      776,
      746,
      746,
      746,
      746,
      746,
      799,
      799,
      799,
      799,
      746,
      746,
      746,
      746,
      746,
      780,
      780,
      780,
      780,
      780,
      780,
      0,
      0,
      0,
      0,
      0,
      0,
      0,
      0,
      0,
      0,
      0,
      0,
      0,
      0,
      0,
      0,
      0,
      0,
      0,
      0,
      0,
      0,
      0,
      0,
      0,
      0,
      0,
      0,
      0,
      0,
      0,
      0,
      0,
      0,
      0,
      0,
      0,
      0,
      0,
      0,
      0,
      0,
      0,
      0,
      0,
      0,
      0,
      0,
      0,
      0,
      0,
      0,
      0,
      0,
      0,
      0,
      769,
      769,
      769,
      769,
      769,
      769,
      769,
      769,
      769,
      769,
      769,
      769,
      769,
      769,
      769,
      769,
      755,
      0,
      0,
      0,
      0,
      0,
      0,
      0,
      0,
      763,
      763,
      763,
      763,
      763,
      763,
      763,
      763,
      763,
      763,
      748,
      748,
      748,
      748,
      760,
      760,
      760,
      760,
      760,
      760,
      760,
      760,
      760,
      760,
      0,
      0,
      0,
      0,
      0,
      0,
      0,
      0,
      0,
      0,
      0,
      0,
      0,
      0,
      0,
      0,
      0,
      792,
      792,
      792,
      792,
      792,
      772,
      772,
      772,
      772,
      772,
      772,
      772,
      772,
      772,
      772,
      772,
      772,
      772,
      772,
      772,
      772,
      772,
      772,
      782,
      0,
      0,
      0,
      0,
      0,
      0,
      0,
      0,
      0,
      0,
      0,
      0,
      0,
      0,
      0,
      0,
      0,
      0,
      0,
      0,
      0,
      764,
      764,
      764,
      764,
      764,
      764,
      764,
      764,
      764,
      802,
      802,
      802,
      802,
      777,
      777,
      777,
      777,
      777,
      777,
      777,
      0,
      0,
      0,
      0,
      0,
      0,
      0,
      0,
      0,
      0,
      765,
      765,
      765,
      765,
      765,
      765,
      765,
      765,
      0,
      0,
      0,
      0,
      0,
      0,
      0,
      0,
      0,
      0,
      0,
      0,
      0,
      0,
      0,
      0,
      0,
      0,
      0,
      0,
      0,
      0,
      0,
      0,
      0,
      0,
      0,
      0,
      0,
      0,
      0,
      0,
      0,
      0,
      0,
      0,
      0,
      0,
      0,
      0,
      0,
      0,
      773,
      773,
      773,
      773,
      773,
      773,
      761,
      761,
      761,
      761,
      761,
      761,
      761,
      761,
      0,
      0,
      0,
      0,
      0,
      0,
      0,
      0,
      0,
      0,
      0,
      0,
      0,
      0,
      0,
      0,
      0,
      774,
      774,
      774,
      774,
      774,
      778,
      778,
      778,
      778,
      778,
      778,
      778,
      778,
      778,
      778,
      778,
      778,
      778,
      778,
      784,
      784,
      784,
      784,
      784,
      784,
      784,
      0,
      0,
      0,
      0,
      0,
      0,
      0,
      0,
      0,
      0,
      0,
      0,
      0,
      0,
      0,
      0,
      0,
      0,
      0,
      0,
      0,
      0,
      0,
      0,
      775,
      775,
      775,
      766,
      766,
      766,
      766,
      766,
      766,
      766,
      766,
      766,
      766,
      757,
      757,
      757,
      762,
      762,
      762,
      762,
      762,
      762,
      762,
      770,
      770,
      770,
      770,
      770,
      770,
      770,
      770,
      770,
      770,
      770,
      770,
      770,
      770,
      770,
      770,
      770,
      770,
      770,
      785,
      785,
      785,
      785,
      785,
      785,
      0,
      0,
      0,
      0,
      0,
      0,
      767,
      767,
      767,
      767,
      767,
      767,
      767,
      767,
      767,
      767,
      767,
      767,
      0,
      0,
      0,
      0,
      0,
      0,
      0,
      0,
      0,
      0,
      0,
      0,
      0,
      0,
      0,
      0,
      771,
      771,
      771,
      771,
      771,
      771,
      797,
      797,
      797,
      0,
      779,
      744,
      779,
      779,
      779,
      779,
      779,
      779,
      779,
      779,
      779,
      779,
      759,
      759,
      759,
      759,
      759,
      759,
      759,
      759,
      0,
      0,
      0,
      745,
      745,
      768,
      768,
      768,
      768,
      768,
      0,
      0,
      0,
      0,
      0,
      0,
      0,
      0,
      0,
      0,
      0,
      0
    ],
    [
      791,
      791,
      791,
      791,
      791,
      791,
      791,
      791,
      791,
      786,
      786,
      0,
      786,
      786,
      786,
      786,
      786,
      786,
      776,
      776,
      776,
      776,
      776,
      776,
      776,
      776,
      776,
      776,
      776,
      776,
      776,
      746,
      746,
      746,
      746,
      799,
      799,
      799,
      799,
      746,
      746,
      746,
      746,
      780,
      780,
      780,
      780,
      780,
      780,
      780,
      780,
      0,
      0,
      0,
      0,
      0,
      0,
      0,
      0,
      0,
      0,
      0,
      0,
      0,
      0,
      0,
      0,
      0,
      0,
      0,
      0,
      0,
      0,
      0,
      0,
      0,
      0,
      0,
      0,
      0,
      0,
      0,
      0,
      0,
      0,
      0,
      0,
      0,
      0,
      0,
      0,
      0,
      0,
      0,
      0,
      0,
      0,
      0,
      0,
      0,
      0,
      0,
      0,
      0,
      0,
      0,
      769,
      769,
      769,
      769,
      769,
      769,
      769,
      769,
      769,
      769,
      769,
      769,
      769,
      769,
      769,
      0,
      0,
      0,
      0,
      0,
      0,
      0,
      0,
      0,
      0,
      763,
      763,
      763,
      763,
      763,
      763,
      763,
      763,
      763,
      763,
      748,
      748,
      748,
      748,
      760,
      760,
      760,
      760,
      760,
      760,
      760,
      760,
      760,
      760,
      0,
      0,
      0,
      0,
      0,
      0,
      0,
      0,
      0,
      0,
      0,
      0,
      0,
      0,
      0,
      0,
      792,
      792,
      792,
      792,
      792,
      792,
      772,
      772,
      772,
      772,
      772,
      772,
      772,
      772,
      772,
      772,
      772,
      772,
      772,
      772,
      772,
      772,
      772,
      782,
      782,
      0,
      0,
      0,
      0,
      0,
      0,
      0,
      0,
      0,
      0,
      0,
      0,
      0,
      0,
      0,
      0,
      0,
      0,
      0,
      0,
      0,
      0,
      764,
      764,
      764,
      764,
      764,
      764,
      764,
      764,
      802,
      802,
      802,
      802,
      777,
      777,
      777,
      777,
      777,
      777,
      777,
      0,
      0,
      0,
      0,
      0,
      0,
      0,
      0,
      0,
      0,
      765,
      765,
      765,
      765,
      765,
      765,
      765,
      765,
      0,
      0,
      0,
      0,
      0,
      0,
      0,
      0,
      0,
      0,
      0,
      0,
      0,
      0,
      0,
      0,
      0,
      0,
      0,
      0,
      0,
      0,
      0,
      0,
      0,
      0,
      0,
      0,
      0,
      0,
      0,
      0,
      0,
      0,
      0,
      0,
      0,
      0,
      0,
      0,
      0,
      0,
      773,
      773,
      773,
      773,
      773,
      773,
      761,
      761,
      761,
      761,
      761,
      761,
      0,
      0,
      0,
      0,
      0,
      0,
      0,
      0,
      0,
      0,
      0,
      0,
      0,
      0,
      0,
      0,
      0,
      0,
      0,
      774,
      774,
      774,
      774,
      774,
      774,
      778,
      778,
      778,
      778,
      778,
      778,
      778,
      778,
      778,
      778,
      778,
      778,
      778,
      784,
      784,
      784,
      784,
      784,
      784,
      784,
      784,
      784,
      784,
      0,
      0,
      0,
      0,
      0,
      0,
      0,
      0,
      0,
      0,
      0,
      0,
      0,
      0,
      775,
      775,
      775,
      775,
      775,
      775,
      775,
      775,
      775,
      775,
      766,
      766,
      766,
      766,
      766,
      766,
      766,
      766,
      766,
      766,
      757,
      757,
      762,
      762,
      762,
      762,
      762,
      787,
      787,
      787,
      787,
      770,
      770,
      770,
      770,
      770,
      770,
      770,
      770,
      770,
      770,
      770,
      770,
      770,
      770,
      770,
      770,
      770,
      770,
      785,
      785,
      785,
      785,
      785,
      785,
      785,
      0,
      0,
      0,
      0,
      0,
      0,
      767,
      767,
      767,
      767,
      767,
      767,
      767,
      767,
      767,
      767,
      767,
      790,
      790,
      790,
      790,
      790,
      0,
      0,
      0,
      0,
      0,
      0,
      0,
      0,
      0,
      0,
      0,
      771,
      771,
      771,
      771,
      771,
      797,
      797,
      797,
      797,
      0,
      779,
      779,
      779,
      779,
      779,
      779,
      779,
      779,
      779,
      779,
      779,
      779,
      759,
      759,
      759,
      759,
      759,
      759,
      759,
      759,
      0,
      0,
      0,
      745,
      745,
      768,
      768,
      768,
      768,
      768,
      0,
      0,
      0,
      0,
      0,
      0,
      0,
      0,
      0,
      0,
      0,
      0
    ],
    [
      791,
      791,
      791,
      791,
      791,
      791,
      791,
      791,
      791,
      786,
      786,
      786,
      786,
      786,
      786,
      786,
      786,
      786,
      776,
      776,
      776,
      776,
      776,
      776,
      776,
      776,
      776,
      776,
      776,
      776,
      776,
      746,
      746,
      746,
      746,
      799,
      799,
      799,
      799,
      746,
      746,
      746,
      746,
      780,
      780,
      780,
      780,
      780,
      780,
      780,
      780,
      804,
      0,
      0,
      0,
      0,
      0,
      0,
      0,
      0,
      0,
      0,
      0,
      0,
      0,
      0,
      0,
      0,
      0,
      0,
      0,
      0,
      0,
      0,
      0,
      0,
      0,
      0,
      0,
      0,
      0,
      0,
      0,
      0,
      0,
      0,
      0,
      0,
      0,
      0,
      0,
      0,
      0,
      0,
      0,
      0,
      0,
      0,
      0,
      0,
      0,
      0,
      0,
      0,
      0,
      0,
      781,
      781,
      781,
      781,
      781,
      781,
      769,
      769,
      769,
      769,
      769,
      769,
      769,
      769,
      0,
      0,
      0,
      0,
      0,
      0,
      0,
      0,
      0,
      0,
      0,
      0,
      0,
      0,
      0,
      0,
      763,
      763,
      763,
      763,
      763,
      748,
      748,
      748,
      748,
      760,
      760,
      760,
      760,
      760,
      760,
      760,
      760,
      0,
      0,
      0,
      0,
      0,
      0,
      0,
      0,
      0,
      0,
      0,
      0,
      0,
      0,
      0,
      0,
      0,
      0,
      792,
      792,
      792,
      792,
      792,
      792,
      772,
      772,
      772,
      772,
      772,
      772,
      772,
      772,
      772,
      772,
      772,
      782,
      782,
      782,
      782,
      782,
      782,
      782,
      782,
      801,
      0,
      0,
      0,
      0,
      0,
      0,
      0,
      0,
      0,
      0,
      0,
      0,
      0,
      0,
      0,
      0,
      0,
      0,
      0,
      0,
      0,
      0,
      764,
      764,
      764,
      764,
      764,
      764,
      764,
      802,
      802,
      802,
      802,
      777,
      777,
      777,
      777,
      777,
      777,
      777,
      0,
      0,
      0,
      0,
      0,
      0,
      0,
      0,
      0,
      0,
      765,
      765,
      765,
      765,
      765,
      765,
      765,
      765,
      0,
      0,
      0,
      0,
      0,
      0,
      0,
      0,
      0,
      0,
      0,
      0,
      0,
      0,
      0,
      0,
      0,
      0,
      0,
      0,
      0,
      0,
      0,
      0,
      0,
      0,
      0,
      0,
      0,
      0,
      0,
      0,
      0,
      0,
      0,
      0,
      0,
      793,
      0,
      0,
      0,
      0,
      773,
      773,
      773,
      773,
      773,
      773,
      761,
      761,
      761,
      0,
      0,
      0,
      0,
      0,
      0,
      0,
      0,
      0,
      0,
      0,
      0,
      0,
      0,
      0,
      0,
      0,
      0,
      0,
      0,
      0,
      0,
      774,
      774,
      774,
      774,
      774,
      774,
      778,
      778,
      778,
      778,
      778,
      778,
      778,
      778,
      778,
      778,
      778,
      778,
      784,
      784,
      784,
      784,
      784,
      784,
      784,
      784,
      789,
      789,
      789,
      789,
      789,
      789,
      0,
      0,
      0,
      0,
      0,
      0,
      0,
      0,
      0,
      0,
      0,
      775,
      775,
      775,
      775,
      775,
      775,
      775,
      775,
      775,
      775,
      766,
      766,
      766,
      766,
      766,
      766,
      766,
      766,
      766,
      766,
      757,
      762,
      762,
      762,
      762,
      762,
      762,
      787,
      787,
      787,
      787,
      787,
      770,
      770,
      770,
      770,
      770,
      770,
      770,
      770,
      770,
      770,
      770,
      770,
      770,
      770,
      770,
      770,
      770,
      785,
      785,
      785,
      785,
      785,
      785,
      785,
      0,
      0,
      0,
      0,
      0,
      0,
      0,
      0,
      0,
      0,
      0,
      0,
      0,
      0,
      0,
      0,
      0,
      790,
      790,
      790,
      790,
      790,
      0,
      0,
      0,
      0,
      0,
      0,
      0,
      0,
      0,
      0,
      0,
      771,
      771,
      771,
      771,
      771,
      797,
      797,
      797,
      797,
      0,
      779,
      779,
      779,
      779,
      779,
      779,
      779,
      779,
      779,
      779,
      779,
      779,
      759,
      759,
      759,
      759,
      759,
      759,
      759,
      759,
      0,
      0,
      0,
      0,
      745,
      768,
      768,
      768,
      768,
      768,
      0,
      0,
      0,
      0,
      0,
      0,
      0,
      0,
      0,
      0,
      0,
      0
    ],
    [
      791,
      791,
      791,
      791,
      791,
      791,
      791,
      791,
      791,
      786,
      786,
      786,
      786,
      786,
      786,
      786,
      786,
      786,
      786,
      786,
      786,
      776,
      776,
      776,
      776,
      776,
      776,
      776,
      776,
      776,
      776,
      746,
      746,
      746,
      799,
      799,
      799,
      799,
      799,
      746,
      0,
      0,
      746,
      780,
      780,
      780,
      780,
      780,
      780,
      780,
      780,
      804,
      804,
      804,
      0,
      0,
      0,
      0,
      0,
      0,
      0,
      0,
      0,
      0,
      0,
      788,
      788,
      788,
      788,
      788,
      788,
      788,
      788,
      0,
      0,
      0,
      0,
      0,
      0,
      0,
      0,
      0,
      0,
      0,
      0,
      0,
      0,
      0,
      0,
      0,
      0,
      0,
      0,
      0,
      0,
      0,
      0,
      0,
      0,
      0,
      0,
      0,
      0,
      0,
      0,
      0,
      781,
      781,
      781,
      781,
      781,
      781,
      769,
      769,
      769,
      769,
      0,
      0,
      0,
      0,
      0,
      0,
      0,
      0,
      0,
      0,
      0,
      0,
      0,
      0,
      0,
      0,
      0,
      0,
      0,
      0,
      763,
      763,
      763,
      763,
      763,
      748,
      748,
      748,
      748,
      760,
      760,
      760,
      760,
      760,
      760,
      760,
      760,
      0,
      0,
      0,
      0,
      0,
      0,
      0,
      0,
      0,
      0,
      0,
      0,
      0,
      0,
      0,
      0,
      0,
      0,
      792,
      792,
      792,
      792,
      792,
      792,
      772,
      772,
      772,
      772,
      772,
      772,
      772,
      772,
      772,
      772,
      772,
      782,
      782,
      782,
      782,
      782,
      782,
      782,
      782,
      801,
      0,
      0,
      0,
      0,
      0,
      0,
      0,
      0,
      0,
      0,
      0,
      0,
      0,
      0,
      0,
      0,
      0,
      0,
      0,
      0,
      0,
      0,
      764,
      764,
      764,
      764,
      764,
      764,
      764,
      802,
      802,
      802,
      802,
      777,
      777,
      777,
      777,
      777,
      777,
      777,
      777,
      0,
      0,
      0,
      0,
      0,
      0,
      0,
      0,
      0,
      0,
      765,
      765,
      765,
      765,
      765,
      765,
      765,
      0,
      0,
      0,
      0,
      0,
      0,
      0,
      0,
      0,
      0,
      0,
      0,
      0,
      0,
      0,
      0,
      0,
      0,
      0,
      0,
      783,
      783,
      783,
      783,
      783,
      0,
      0,
      0,
      0,
      0,
      0,
      0,
      793,
      793,
      793,
      793,
      793,
      793,
      0,
      0,
      0,
      0,
      773,
      773,
      773,
      773,
      773,
      773,
      761,
      761,
      761,
      0,
      0,
      0,
      0,
      0,
      0,
      0,
      0,
      0,
      0,
      0,
      0,
      0,
      0,
      0,
      0,
      0,
      0,
      0,
      0,
      0,
      774,
      774,
      774,
      774,
      774,
      774,
      774,
      778,
      778,
      778,
      778,
      778,
      778,
      778,
      778,
      778,
      778,
      778,
      778,
      784,
      784,
      784,
      784,
      784,
      784,
      784,
      789,
      789,
      789,
      789,
      789,
      789,
      789,
      0,
      0,
      0,
      0,
      0,
      0,
      0,
      0,
      0,
      0,
      0,
      775,
      775,
      775,
      775,
      775,
      775,
      775,
      775,
      775,
      775,
      775,
      775,
      766,
      766,
      766,
      766,
      766,
      766,
      766,
      766,
      762,
      762,
      762,
      762,
      762,
      762,
      762,
      787,
      787,
      787,
      787,
      787,
      770,
      770,
      770,
      770,
      770,
      770,
      770,
      770,
      770,
      770,
      770,
      770,
      770,
      770,
      770,
      770,
      770,
      785,
      785,
      785,
      785,
      785,
      785,
      785,
      0,
      0,
      0,
      796,
      796,
      796,
      796,
      796,
      796,
      796,
      796,
      796,
      796,
      796,
      796,
      790,
      790,
      790,
      790,
      790,
      790,
      790,
      0,
      0,
      0,
      0,
      0,
      0,
      0,
      0,
      0,
      0,
      0,
      0,
      0,
      0,
      0,
      0,
      797,
      797,
      797,
      797,
      0,
      779,
      779,
      779,
      779,
      779,
      779,
      779,
      779,
      779,
      779,
      779,
      779,
      759,
      759,
      759,
      759,
      759,
      759,
      759,
      759,
      0,
      0,
      0,
      0,
      0,
      768,
      768,
      768,
      768,
      768,
      0,
      0,
      0,
      0,
      0,
      0,
      0,
      0,
      0,
      0,
      0,
      0
    ],
    [
      791,
      791,
      791,
      791,
      791,
      791,
      791,
      791,
      791,
      786,
      786,
      786,
      786,
      786,
      786,
      786,
      786,
      786,
      786,
      786,
      786,
      776,
      776,
      776,
      776,
      776,
      776,
      776,
      776,
      776,
      776,
      746,
      799,
      799,
      799,
      799,
      799,
      799,
      799,
      746,
      0,
      0,
      746,
      780,
      780,
      780,
      780,
      780,
      780,
      780,
      780,
      804,
      804,
      804,
      804,
      0,
      0,
      0,
      0,
      0,
      0,
      0,
      0,
      0,
      804,
      788,
      788,
      788,
      788,
      788,
      788,
      788,
      788,
      0,
      0,
      0,
      0,
      0,
      0,
      0,
      0,
      0,
      0,
      0,
      0,
      0,
      0,
      0,
      0,
      0,
      0,
      0,
      0,
      0,
      0,
      0,
      0,
      0,
      0,
      0,
      0,
      0,
      0,
      0,
      0,
      0,
      781,
      781,
      781,
      781,
      781,
      781,
      769,
      769,
      769,
      769,
      0,
      0,
      0,
      0,
      0,
      0,
      0,
      0,
      0,
      0,
      0,
      0,
      0,
      0,
      0,
      0,
      0,
      0,
      0,
      0,
      0,
      763,
      763,
      763,
      763,
      748,
      748,
      748,
      760,
      760,
      760,
      760,
      760,
      760,
      760,
      760,
      760,
      0,
      0,
      0,
      0,
      0,
      0,
      0,
      0,
      0,
      0,
      0,
      0,
      0,
      0,
      792,
      792,
      792,
      792,
      792,
      792,
      792,
      792,
      792,
      792,
      772,
      772,
      772,
      772,
      772,
      772,
      772,
      772,
      772,
      772,
      772,
      782,
      782,
      782,
      782,
      782,
      782,
      782,
      782,
      801,
      801,
      801,
      0,
      0,
      0,
      0,
      0,
      0,
      0,
      0,
      0,
      0,
      0,
      0,
      0,
      0,
      0,
      0,
      0,
      0,
      0,
      0,
      0,
      802,
      802,
      802,
      802,
      802,
      802,
      802,
      802,
      802,
      802,
      777,
      777,
      777,
      777,
      777,
      777,
      777,
      777,
      0,
      0,
      0,
      0,
      0,
      0,
      0,
      0,
      0,
      0,
      765,
      765,
      765,
      765,
      765,
      765,
      765,
      0,
      0,
      0,
      0,
      0,
      0,
      0,
      0,
      0,
      0,
      0,
      0,
      0,
      0,
      0,
      0,
      0,
      0,
      0,
      0,
      783,
      783,
      783,
      783,
      783,
      0,
      0,
      0,
      0,
      0,
      0,
      0,
      793,
      793,
      793,
      793,
      793,
      793,
      0,
      0,
      0,
      0,
      773,
      773,
      773,
      773,
      773,
      773,
      761,
      761,
      0,
      0,
      0,
      0,
      0,
      0,
      0,
      0,
      0,
      0,
      0,
      0,
      0,
      0,
      0,
      0,
      0,
      0,
      0,
      0,
      0,
      0,
      0,
      0,
      0,
      0,
      774,
      774,
      774,
      778,
      778,
      778,
      778,
      778,
      778,
      778,
      778,
      778,
      784,
      784,
      784,
      784,
      784,
      784,
      784,
      784,
      784,
      789,
      789,
      789,
      789,
      789,
      789,
      789,
      789,
      0,
      0,
      0,
      0,
      0,
      0,
      0,
      0,
      0,
      0,
      0,
      0,
      0,
      0,
      0,
      0,
      0,
      0,
      0,
      0,
      0,
      0,
      0,
      0,
      0,
      0,
      0,
      0,
      0,
      0,
      809,
      809,
      809,
      809,
      809,
      762,
      762,
      762,
      787,
      787,
      787,
      787,
      787,
      787,
      787,
      787,
      787,
      787,
      787,
      770,
      770,
      770,
      770,
      770,
      770,
      770,
      770,
      770,
      770,
      770,
      785,
      785,
      785,
      785,
      785,
      785,
      785,
      0,
      0,
      0,
      796,
      796,
      796,
      796,
      796,
      796,
      796,
      796,
      796,
      796,
      796,
      790,
      790,
      790,
      790,
      790,
      790,
      790,
      790,
      0,
      0,
      0,
      0,
      0,
      0,
      0,
      0,
      0,
      0,
      0,
      0,
      0,
      0,
      0,
      0,
      797,
      797,
      797,
      797,
      0,
      779,
      779,
      779,
      779,
      779,
      779,
      779,
      779,
      779,
      779,
      779,
      779,
      759,
      759,
      759,
      759,
      759,
      0,
      0,
      0,
      0,
      0,
      0,
      0,
      0,
      0,
      0,
      0,
      0,
      0,
      0,
      0,
      0,
      0,
      0,
      0,
      0,
      0,
      0,
      0,
      0,
      0
    ],
    [
      791,
      791,
      791,
      791,
      791,
      791,
      791,
      791,
      786,
      786,
      786,
      786,
      786,
      786,
      786,
      786,
      786,
      786,
      786,
      786,
      786,
      786,
      776,
      776,
      776,
      776,
      776,
      776,
      776,
      776,
      776,
      799,
      799,
      799,
      799,
      799,
      799,
      799,
      0,
      0,
      0,
      0,
      0,
      780,
      780,
      780,
      780,
      780,
      780,
      780,
      780,
      804,
      804,
      804,
      804,
      804,
      0,
      0,
      0,
      0,
      0,
      0,
      0,
      804,
      804,
      788,
      788,
      788,
      788,
      788,
      788,
      788,
      788,
      806,
      806,
      0,
      0,
      0,
      0,
      0,
      0,
      0,
      0,
      0,
      0,
      0,
      0,
      0,
      0,
      0,
      0,
      0,
      0,
      0,
      0,
      0,
      0,
      0,
      0,
      0,
      0,
      0,
      0,
      0,
      0,
      0,
      781,
      781,
      781,
      781,
      781,
      781,
      769,
      769,
      769,
      769,
      0,
      0,
      0,
      0,
      0,
      0,
      0,
      0,
      0,
      0,
      0,
      0,
      0,
      0,
      0,
      0,
      800,
      800,
      800,
      800,
      800,
      800,
      763,
      763,
      763,
      821,
      821,
      821,
      760,
      760,
      760,
      760,
      760,
      760,
      760,
      760,
      760,
      0,
      0,
      0,
      0,
      0,
      0,
      0,
      0,
      0,
      792,
      792,
      792,
      792,
      792,
      792,
      792,
      792,
      792,
      792,
      792,
      792,
      792,
      792,
      792,
      805,
      805,
      772,
      772,
      772,
      772,
      772,
      772,
      772,
      772,
      772,
      782,
      782,
      782,
      782,
      782,
      782,
      782,
      782,
      801,
      801,
      801,
      0,
      0,
      0,
      0,
      0,
      0,
      0,
      0,
      0,
      0,
      0,
      0,
      0,
      0,
      0,
      0,
      0,
      0,
      0,
      0,
      817,
      817,
      802,
      802,
      802,
      802,
      802,
      802,
      802,
      802,
      802,
      777,
      777,
      777,
      777,
      777,
      777,
      777,
      777,
      0,
      0,
      0,
      0,
      0,
      0,
      0,
      0,
      0,
      0,
      0,
      0,
      0,
      0,
      0,
      0,
      0,
      0,
      0,
      0,
      0,
      0,
      0,
      0,
      0,
      0,
      0,
      0,
      0,
      0,
      0,
      0,
      0,
      0,
      0,
      0,
      0,
      783,
      783,
      783,
      783,
      783,
      0,
      0,
      0,
      0,
      0,
      0,
      0,
      793,
      793,
      793,
      793,
      793,
      793,
      0,
      0,
      0,
      0,
      773,
      773,
      773,
      773,
      773,
      773,
      761,
      0,
      0,
      0,
      0,
      0,
      0,
      0,
      0,
      0,
      0,
      0,
      0,
      0,
      0,
      0,
      0,
      0,
      0,
      0,
      0,
      0,
      0,
      0,
      0,
      0,
      0,
      0,
      0,
      778,
      778,
      778,
      778,
      778,
      778,
      778,
      778,
      778,
      778,
      778,
      784,
      784,
      784,
      784,
      784,
      784,
      784,
      784,
      784,
      789,
      789,
      789,
      789,
      789,
      789,
      789,
      789,
      0,
      0,
      0,
      0,
      0,
      0,
      0,
      0,
      0,
      0,
      0,
      0,
      0,
      0,
      0,
      0,
      0,
      0,
      0,
      0,
      0,
      0,
      0,
      0,
      0,
      0,
      0,
      809,
      809,
      809,
      809,
      809,
      809,
      809,
      809,
      809,
      809,
      762,
      787,
      787,
      787,
      787,
      787,
      787,
      787,
      787,
      787,
      787,
      787,
      787,
      770,
      770,
      770,
      770,
      770,
      770,
      0,
      770,
      770,
      770,
      785,
      785,
      785,
      785,
      785,
      785,
      785,
      0,
      0,
      0,
      796,
      796,
      796,
      796,
      796,
      796,
      796,
      796,
      796,
      796,
      796,
      790,
      790,
      790,
      790,
      790,
      790,
      790,
      790,
      0,
      0,
      0,
      0,
      0,
      0,
      0,
      0,
      0,
      0,
      0,
      0,
      797,
      797,
      797,
      797,
      797,
      797,
      797,
      797,
      0,
      779,
      779,
      779,
      779,
      779,
      779,
      779,
      779,
      779,
      779,
      779,
      779,
      759,
      759,
      798,
      798,
      798,
      0,
      0,
      0,
      0,
      0,
      0,
      0,
      0,
      0,
      0,
      0,
      0,
      0,
      0,
      0,
      0,
      0,
      0,
      0,
      0,
      0,
      0,
      0,
      0,
      0
    ],
    [
      791,
      791,
      791,
      791,
      791,
      791,
      791,
      791,
      786,
      786,
      786,
      786,
      786,
      786,
      786,
      786,
      786,
      786,
      786,
      786,
      786,
      786,
      786,
      776,
      776,
      776,
      776,
      776,
      776,
      776,
      776,
      799,
      799,
      799,
      799,
      799,
      799,
      799,
      0,
      0,
      0,
      0,
      0,
      0,
      780,
      780,
      780,
      780,
      780,
      780,
      780,
      804,
      804,
      804,
      804,
      804,
      804,
      0,
      0,
      0,
      0,
      0,
      0,
      804,
      804,
      788,
      788,
      788,
      788,
      788,
      788,
      788,
      788,
      806,
      806,
      806,
      0,
      0,
      0,
      0,
      0,
      0,
      0,
      0,
      0,
      0,
      0,
      0,
      0,
      0,
      0,
      0,
      0,
      0,
      0,
      0,
      0,
      0,
      0,
      0,
      0,
      0,
      0,
      0,
      0,
      0,
      781,
      781,
      781,
      781,
      781,
      781,
      769,
      769,
      0,
      0,
      0,
      0,
      0,
      0,
      0,
      0,
      0,
      0,
      0,
      0,
      0,
      0,
      0,
      0,
      800,
      800,
      800,
      800,
      800,
      800,
      800,
      800,
      800,
      763,
      763,
      821,
      821,
      821,
      760,
      760,
      760,
      760,
      760,
      760,
      760,
      760,
      760,
      0,
      0,
      0,
      0,
      0,
      0,
      0,
      0,
      0,
      792,
      792,
      792,
      792,
      792,
      792,
      792,
      792,
      792,
      792,
      792,
      792,
      792,
      792,
      792,
      805,
      805,
      805,
      772,
      772,
      772,
      772,
      772,
      772,
      772,
      772,
      782,
      782,
      782,
      782,
      782,
      782,
      782,
      782,
      801,
      801,
      801,
      801,
      801,
      0,
      0,
      0,
      0,
      0,
      0,
      0,
      0,
      0,
      0,
      0,
      0,
      0,
      0,
      0,
      0,
      0,
      0,
      817,
      817,
      802,
      802,
      802,
      802,
      802,
      802,
      802,
      802,
      802,
      777,
      777,
      777,
      777,
      777,
      0,
      0,
      0,
      0,
      0,
      0,
      0,
      0,
      0,
      0,
      0,
      0,
      0,
      0,
      0,
      0,
      0,
      0,
      0,
      0,
      0,
      0,
      0,
      0,
      0,
      0,
      0,
      0,
      0,
      0,
      0,
      0,
      0,
      0,
      0,
      0,
      0,
      0,
      0,
      783,
      783,
      783,
      783,
      783,
      783,
      0,
      0,
      0,
      0,
      803,
      0,
      0,
      793,
      793,
      793,
      793,
      793,
      793,
      0,
      0,
      0,
      0,
      0,
      773,
      773,
      773,
      773,
      773,
      0,
      0,
      0,
      0,
      0,
      0,
      0,
      0,
      0,
      0,
      0,
      0,
      0,
      0,
      0,
      0,
      0,
      0,
      0,
      794,
      0,
      0,
      0,
      0,
      0,
      0,
      0,
      0,
      0,
      0,
      778,
      778,
      778,
      778,
      778,
      778,
      778,
      778,
      778,
      778,
      784,
      784,
      784,
      784,
      784,
      784,
      784,
      784,
      784,
      789,
      789,
      789,
      789,
      789,
      789,
      789,
      789,
      0,
      808,
      0,
      0,
      0,
      0,
      0,
      0,
      0,
      0,
      0,
      0,
      0,
      0,
      0,
      0,
      0,
      0,
      0,
      0,
      0,
      0,
      0,
      0,
      0,
      0,
      809,
      809,
      809,
      809,
      809,
      809,
      809,
      809,
      809,
      809,
      809,
      787,
      787,
      787,
      787,
      787,
      787,
      787,
      787,
      795,
      795,
      795,
      795,
      795,
      795,
      770,
      770,
      770,
      0,
      0,
      0,
      0,
      0,
      0,
      785,
      785,
      785,
      785,
      785,
      785,
      785,
      0,
      831,
      796,
      796,
      796,
      796,
      796,
      796,
      796,
      796,
      796,
      796,
      796,
      790,
      790,
      790,
      790,
      790,
      790,
      790,
      790,
      790,
      0,
      0,
      0,
      0,
      0,
      0,
      0,
      0,
      0,
      0,
      0,
      797,
      797,
      797,
      797,
      797,
      797,
      797,
      797,
      797,
      0,
      779,
      779,
      779,
      779,
      779,
      779,
      779,
      779,
      779,
      779,
      779,
      779,
      798,
      798,
      798,
      798,
      798,
      0,
      0,
      0,
      0,
      0,
      0,
      0,
      0,
      0,
      0,
      0,
      0,
      0,
      0,
      0,
      0,
      0,
      0,
      0,
      0,
      0,
      0,
      0,
      0,
      0
    ],
    [
      791,
      791,
      791,
      791,
      791,
      791,
      791,
      786,
      786,
      786,
      786,
      786,
      786,
      786,
      786,
      786,
      786,
      786,
      786,
      786,
      786,
      786,
      786,
      786,
      776,
      776,
      776,
      776,
      776,
      776,
      799,
      799,
      799,
      799,
      799,
      799,
      799,
      799,
      0,
      0,
      0,
      0,
      0,
      0,
      780,
      780,
      780,
      780,
      780,
      780,
      780,
      804,
      804,
      804,
      804,
      804,
      804,
      0,
      0,
      0,
      804,
      804,
      804,
      804,
      804,
      788,
      788,
      788,
      788,
      788,
      788,
      788,
      788,
      806,
      806,
      806,
      0,
      0,
      0,
      0,
      0,
      0,
      0,
      0,
      0,
      0,
      0,
      0,
      0,
      0,
      0,
      0,
      0,
      0,
      0,
      0,
      0,
      0,
      0,
      0,
      0,
      0,
      0,
      0,
      0,
      0,
      781,
      781,
      781,
      781,
      781,
      781,
      781,
      0,
      0,
      0,
      0,
      0,
      0,
      0,
      0,
      0,
      0,
      0,
      0,
      0,
      0,
      0,
      0,
      0,
      800,
      800,
      800,
      800,
      800,
      800,
      800,
      800,
      800,
      763,
      821,
      821,
      821,
      821,
      760,
      760,
      760,
      760,
      760,
      760,
      760,
      760,
      760,
      0,
      0,
      0,
      0,
      0,
      0,
      0,
      0,
      0,
      792,
      792,
      792,
      792,
      792,
      792,
      792,
      792,
      792,
      792,
      792,
      792,
      792,
      792,
      792,
      805,
      805,
      805,
      805,
      805,
      772,
      772,
      772,
      772,
      772,
      772,
      782,
      782,
      782,
      782,
      782,
      782,
      782,
      782,
      801,
      801,
      801,
      801,
      801,
      801,
      801,
      0,
      0,
      0,
      0,
      0,
      0,
      0,
      0,
      0,
      0,
      0,
      0,
      0,
      0,
      0,
      0,
      817,
      817,
      817,
      802,
      802,
      802,
      802,
      802,
      802,
      802,
      802,
      777,
      777,
      777,
      0,
      0,
      0,
      0,
      0,
      0,
      0,
      0,
      0,
      0,
      0,
      0,
      0,
      0,
      0,
      0,
      0,
      0,
      0,
      0,
      0,
      0,
      0,
      0,
      0,
      0,
      0,
      0,
      0,
      783,
      783,
      783,
      783,
      783,
      783,
      783,
      783,
      783,
      783,
      783,
      783,
      783,
      783,
      783,
      783,
      783,
      783,
      0,
      0,
      0,
      803,
      803,
      803,
      0,
      793,
      793,
      793,
      793,
      793,
      793,
      0,
      0,
      0,
      0,
      0,
      0,
      0,
      0,
      0,
      0,
      0,
      0,
      0,
      0,
      0,
      0,
      0,
      0,
      794,
      794,
      794,
      794,
      794,
      794,
      794,
      794,
      794,
      794,
      794,
      794,
      0,
      0,
      0,
      0,
      807,
      807,
      807,
      807,
      807,
      807,
      807,
      778,
      778,
      778,
      778,
      778,
      778,
      778,
      778,
      778,
      778,
      784,
      784,
      784,
      784,
      784,
      784,
      784,
      784,
      789,
      789,
      789,
      789,
      789,
      789,
      789,
      808,
      808,
      808,
      0,
      0,
      0,
      0,
      0,
      0,
      0,
      0,
      0,
      0,
      0,
      0,
      0,
      0,
      0,
      0,
      0,
      0,
      0,
      0,
      0,
      809,
      809,
      809,
      809,
      809,
      809,
      809,
      809,
      809,
      809,
      809,
      809,
      809,
      809,
      809,
      787,
      787,
      787,
      787,
      787,
      787,
      787,
      795,
      795,
      795,
      795,
      795,
      795,
      770,
      770,
      770,
      0,
      0,
      0,
      0,
      0,
      0,
      785,
      785,
      785,
      785,
      785,
      785,
      785,
      0,
      831,
      796,
      796,
      796,
      796,
      796,
      796,
      796,
      796,
      796,
      796,
      790,
      790,
      790,
      790,
      790,
      790,
      790,
      790,
      790,
      790,
      790,
      0,
      0,
      0,
      0,
      0,
      0,
      0,
      0,
      0,
      797,
      797,
      797,
      797,
      797,
      797,
      797,
      797,
      797,
      797,
      0,
      779,
      779,
      779,
      779,
      779,
      779,
      779,
      779,
      779,
      779,
      779,
      798,
      798,
      798,
      798,
      798,
      798,
      0,
      0,
      0,
      0,
      0,
      0,
      0,
      0,
      0,
      0,
      0,
      0,
      0,
      0,
      0,
      0,
      0,
      0,
      0,
      0,
      0,
      0,
      0,
      0,
      0
    ],
    [
      791,
      791,
      791,
      791,
      791,
      791,
      791,
      791,
      786,
      786,
      786,
      786,
      786,
      786,
      786,
      786,
      786,
      786,
      786,
      786,
      786,
      786,
      786,
      786,
      786,
      786,
      799,
      799,
      799,
      799,
      799,
      799,
      799,
      799,
      799,
      799,
      799,
      799,
      0,
      0,
      0,
      0,
      0,
      0,
      0,
      0,
      0,
      0,
      0,
      804,
      804,
      804,
      804,
      804,
      804,
      804,
      804,
      804,
      804,
      804,
      804,
      804,
      804,
      804,
      804,
      788,
      788,
      788,
      788,
      788,
      788,
      788,
      788,
      806,
      806,
      806,
      0,
      0,
      0,
      0,
      0,
      0,
      0,
      0,
      0,
      0,
      0,
      0,
      0,
      0,
      0,
      0,
      0,
      0,
      0,
      0,
      0,
      0,
      0,
      0,
      0,
      0,
      0,
      0,
      0,
      0,
      0,
      0,
      0,
      0,
      0,
      0,
      0,
      0,
      0,
      0,
      0,
      0,
      0,
      0,
      0,
      0,
      0,
      0,
      0,
      0,
      0,
      0,
      0,
      0,
      800,
      800,
      800,
      800,
      800,
      800,
      800,
      800,
      800,
      763,
      821,
      821,
      821,
      821,
      760,
      760,
      760,
      760,
      760,
      760,
      760,
      760,
      0,
      0,
      0,
      0,
      0,
      0,
      0,
      0,
      0,
      792,
      792,
      792,
      792,
      792,
      792,
      792,
      792,
      792,
      792,
      792,
      792,
      792,
      792,
      792,
      792,
      805,
      805,
      805,
      805,
      805,
      805,
      805,
      805,
      772,
      772,
      772,
      782,
      782,
      782,
      782,
      782,
      782,
      782,
      782,
      801,
      801,
      801,
      801,
      801,
      801,
      801,
      801,
      0,
      0,
      0,
      0,
      0,
      0,
      0,
      0,
      0,
      0,
      0,
      0,
      0,
      0,
      0,
      817,
      817,
      817,
      817,
      817,
      802,
      802,
      802,
      802,
      802,
      802,
      777,
      777,
      777,
      0,
      0,
      0,
      0,
      0,
      0,
      0,
      0,
      0,
      0,
      0,
      0,
      0,
      0,
      0,
      0,
      0,
      0,
      0,
      0,
      0,
      0,
      0,
      0,
      0,
      0,
      0,
      0,
      0,
      0,
      0,
      0,
      783,
      783,
      783,
      783,
      783,
      783,
      783,
      783,
      783,
      783,
      783,
      783,
      783,
      783,
      783,
      0,
      803,
      803,
      803,
      803,
      803,
      0,
      793,
      793,
      793,
      793,
      793,
      0,
      0,
      0,
      0,
      0,
      0,
      0,
      0,
      0,
      0,
      0,
      0,
      0,
      0,
      0,
      0,
      0,
      0,
      0,
      794,
      794,
      794,
      794,
      794,
      794,
      794,
      794,
      794,
      794,
      794,
      794,
      0,
      0,
      0,
      0,
      807,
      807,
      807,
      807,
      807,
      807,
      807,
      807,
      778,
      778,
      778,
      778,
      778,
      778,
      778,
      778,
      778,
      784,
      784,
      784,
      784,
      784,
      784,
      784,
      0,
      789,
      789,
      789,
      789,
      789,
      789,
      808,
      808,
      808,
      808,
      0,
      0,
      0,
      0,
      0,
      0,
      0,
      0,
      0,
      0,
      0,
      0,
      0,
      0,
      0,
      0,
      0,
      0,
      0,
      0,
      0,
      809,
      809,
      809,
      809,
      809,
      809,
      809,
      809,
      809,
      809,
      809,
      809,
      809,
      809,
      809,
      809,
      809,
      809,
      809,
      787,
      787,
      787,
      795,
      795,
      795,
      795,
      795,
      795,
      0,
      0,
      0,
      0,
      0,
      0,
      0,
      0,
      0,
      0,
      785,
      785,
      785,
      785,
      785,
      785,
      831,
      831,
      796,
      796,
      796,
      796,
      796,
      796,
      796,
      796,
      790,
      790,
      790,
      790,
      790,
      790,
      790,
      790,
      790,
      790,
      790,
      790,
      790,
      0,
      0,
      0,
      0,
      0,
      0,
      0,
      0,
      797,
      797,
      797,
      797,
      797,
      797,
      797,
      797,
      797,
      797,
      797,
      0,
      0,
      779,
      779,
      779,
      779,
      779,
      779,
      779,
      779,
      779,
      779,
      798,
      798,
      798,
      798,
      798,
      798,
      798,
      798,
      798,
      0,
      0,
      0,
      0,
      0,
      0,
      0,
      0,
      0,
      0,
      0,
      0,
      0,
      0,
      0,
      0,
      0,
      0,
      0,
      0,
      0,
      0
    ],
    [
      791,
      791,
      791,
      791,
      791,
      791,
      791,
      791,
      786,
      786,
      786,
      786,
      786,
      786,
      786,
      786,
      786,
      786,
      786,
      786,
      786,
      786,
      786,
      786,
      786,
      786,
      799,
      799,
      799,
      799,
      799,
      799,
      799,
      799,
      799,
      799,
      799,
      799,
      0,
      0,
      0,
      0,
      0,
      0,
      0,
      0,
      0,
      0,
      804,
      804,
      804,
      804,
      804,
      804,
      804,
      804,
      804,
      804,
      804,
      804,
      804,
      804,
      804,
      804,
      804,
      804,
      804,
      788,
      788,
      788,
      788,
      788,
      788,
      806,
      806,
      806,
      0,
      0,
      0,
      0,
      0,
      0,
      0,
      0,
      0,
      0,
      0,
      0,
      0,
      0,
      0,
      0,
      0,
      0,
      0,
      0,
      0,
      0,
      0,
      0,
      0,
      0,
      0,
      0,
      0,
      0,
      0,
      0,
      0,
      0,
      0,
      0,
      0,
      0,
      0,
      0,
      0,
      0,
      0,
      0,
      0,
      0,
      0,
      0,
      0,
      0,
      0,
      0,
      0,
      0,
      800,
      800,
      800,
      800,
      800,
      800,
      800,
      800,
      800,
      763,
      821,
      821,
      821,
      821,
      760,
      760,
      760,
      760,
      760,
      760,
      760,
      0,
      0,
      0,
      0,
      0,
      0,
      0,
      0,
      0,
      792,
      792,
      792,
      792,
      792,
      792,
      792,
      792,
      792,
      792,
      792,
      792,
      792,
      792,
      792,
      792,
      792,
      805,
      805,
      805,
      805,
      805,
      805,
      805,
      805,
      805,
      782,
      782,
      782,
      782,
      782,
      782,
      782,
      782,
      782,
      782,
      801,
      801,
      801,
      801,
      801,
      801,
      801,
      801,
      0,
      0,
      0,
      0,
      0,
      0,
      0,
      0,
      0,
      0,
      0,
      0,
      0,
      0,
      0,
      817,
      817,
      817,
      817,
      817,
      802,
      802,
      802,
      802,
      802,
      802,
      777,
      777,
      0,
      0,
      0,
      0,
      0,
      0,
      0,
      0,
      0,
      0,
      0,
      0,
      0,
      0,
      0,
      0,
      0,
      0,
      0,
      0,
      0,
      0,
      0,
      0,
      0,
      0,
      0,
      0,
      0,
      0,
      0,
      0,
      0,
      783,
      783,
      783,
      783,
      783,
      783,
      783,
      783,
      783,
      783,
      783,
      783,
      783,
      783,
      783,
      0,
      803,
      803,
      803,
      803,
      803,
      0,
      793,
      793,
      793,
      793,
      793,
      0,
      0,
      0,
      0,
      0,
      0,
      0,
      0,
      0,
      0,
      0,
      0,
      0,
      0,
      0,
      0,
      0,
      0,
      794,
      794,
      794,
      794,
      794,
      794,
      794,
      794,
      794,
      794,
      794,
      794,
      794,
      0,
      0,
      0,
      0,
      807,
      807,
      807,
      807,
      807,
      807,
      807,
      807,
      811,
      778,
      778,
      778,
      778,
      778,
      778,
      778,
      778,
      778,
      778,
      784,
      784,
      784,
      784,
      784,
      0,
      0,
      789,
      808,
      808,
      808,
      808,
      808,
      808,
      808,
      808,
      808,
      0,
      0,
      0,
      0,
      0,
      0,
      0,
      0,
      0,
      0,
      0,
      0,
      0,
      0,
      0,
      0,
      0,
      0,
      0,
      0,
      809,
      809,
      809,
      809,
      809,
      809,
      809,
      809,
      809,
      809,
      809,
      809,
      809,
      809,
      809,
      809,
      809,
      809,
      809,
      787,
      787,
      787,
      795,
      795,
      795,
      795,
      795,
      795,
      0,
      0,
      0,
      0,
      0,
      0,
      0,
      0,
      0,
      0,
      0,
      831,
      831,
      831,
      831,
      831,
      831,
      831,
      796,
      796,
      796,
      796,
      796,
      796,
      796,
      796,
      790,
      790,
      790,
      790,
      790,
      790,
      790,
      790,
      790,
      790,
      790,
      790,
      790,
      790,
      0,
      0,
      0,
      0,
      0,
      0,
      0,
      797,
      797,
      797,
      797,
      797,
      797,
      797,
      797,
      797,
      797,
      0,
      0,
      0,
      0,
      779,
      779,
      779,
      779,
      779,
      779,
      779,
      779,
      779,
      798,
      798,
      798,
      798,
      798,
      798,
      798,
      798,
      0,
      0,
      0,
      0,
      0,
      0,
      0,
      0,
      0,
      0,
      0,
      0,
      0,
      0,
      0,
      0,
      0,
      0,
      0,
      0,
      0,
      0,
      0
    ],
    [
      791,
      791,
      791,
      791,
      791,
      791,
      791,
      791,
      791,
      791,
      786,
      786,
      786,
      786,
      786,
      786,
      786,
      786,
      786,
      786,
      786,
      786,
      786,
      786,
      786,
      786,
      799,
      799,
      799,
      799,
      799,
      799,
      799,
      799,
      799,
      799,
      799,
      799,
      0,
      0,
      0,
      0,
      0,
      0,
      0,
      0,
      0,
      0,
      804,
      804,
      804,
      804,
      804,
      804,
      804,
      804,
      804,
      804,
      804,
      804,
      804,
      804,
      804,
      804,
      804,
      804,
      804,
      804,
      806,
      806,
      806,
      806,
      806,
      806,
      806,
      806,
      806,
      806,
      806,
      806,
      806,
      806,
      806,
      0,
      0,
      0,
      0,
      0,
      0,
      0,
      0,
      0,
      0,
      0,
      0,
      0,
      0,
      0,
      0,
      0,
      0,
      0,
      0,
      0,
      0,
      0,
      0,
      0,
      0,
      0,
      0,
      0,
      0,
      0,
      0,
      0,
      0,
      0,
      0,
      0,
      0,
      0,
      0,
      0,
      0,
      0,
      0,
      0,
      0,
      0,
      800,
      800,
      800,
      800,
      800,
      800,
      800,
      800,
      800,
      821,
      821,
      821,
      821,
      821,
      821,
      760,
      760,
      760,
      760,
      760,
      760,
      0,
      0,
      0,
      0,
      0,
      0,
      0,
      0,
      792,
      792,
      792,
      792,
      792,
      792,
      792,
      792,
      792,
      792,
      792,
      792,
      792,
      792,
      792,
      792,
      792,
      792,
      805,
      805,
      805,
      805,
      805,
      805,
      805,
      805,
      805,
      782,
      782,
      782,
      782,
      782,
      782,
      782,
      782,
      782,
      801,
      801,
      801,
      801,
      801,
      801,
      801,
      801,
      801,
      0,
      0,
      0,
      0,
      0,
      0,
      0,
      0,
      0,
      0,
      0,
      0,
      0,
      0,
      0,
      817,
      817,
      817,
      817,
      817,
      802,
      802,
      802,
      802,
      802,
      802,
      0,
      0,
      0,
      0,
      0,
      0,
      0,
      0,
      0,
      0,
      0,
      0,
      0,
      0,
      0,
      0,
      0,
      0,
      0,
      0,
      0,
      0,
      0,
      0,
      0,
      823,
      0,
      0,
      0,
      0,
      0,
      0,
      0,
      0,
      0,
      0,
      783,
      783,
      783,
      783,
      783,
      783,
      783,
      783,
      783,
      783,
      783,
      783,
      783,
      783,
      0,
      803,
      803,
      803,
      803,
      803,
      0,
      0,
      793,
      793,
      793,
      793,
      0,
      0,
      0,
      0,
      0,
      0,
      0,
      0,
      0,
      0,
      0,
      0,
      0,
      0,
      0,
      0,
      0,
      0,
      794,
      794,
      794,
      794,
      794,
      794,
      794,
      794,
      794,
      794,
      794,
      794,
      794,
      0,
      0,
      0,
      0,
      807,
      807,
      807,
      807,
      807,
      807,
      807,
      807,
      811,
      811,
      778,
      778,
      778,
      814,
      814,
      814,
      814,
      814,
      814,
      784,
      784,
      784,
      784,
      784,
      0,
      0,
      808,
      808,
      808,
      808,
      808,
      808,
      808,
      808,
      808,
      808,
      808,
      808,
      0,
      0,
      0,
      0,
      0,
      0,
      0,
      0,
      0,
      0,
      0,
      0,
      0,
      0,
      0,
      0,
      0,
      0,
      0,
      809,
      809,
      809,
      809,
      809,
      809,
      809,
      809,
      809,
      809,
      809,
      809,
      809,
      809,
      809,
      809,
      809,
      809,
      787,
      787,
      787,
      795,
      795,
      795,
      795,
      795,
      795,
      0,
      0,
      0,
      0,
      0,
      0,
      0,
      0,
      831,
      831,
      831,
      831,
      831,
      831,
      831,
      831,
      831,
      831,
      831,
      796,
      796,
      796,
      796,
      796,
      796,
      796,
      790,
      790,
      790,
      790,
      790,
      790,
      790,
      790,
      790,
      790,
      790,
      790,
      790,
      0,
      0,
      0,
      0,
      0,
      0,
      0,
      0,
      0,
      797,
      797,
      797,
      797,
      797,
      0,
      0,
      0,
      0,
      0,
      0,
      0,
      0,
      0,
      798,
      798,
      798,
      798,
      798,
      798,
      798,
      798,
      798,
      798,
      798,
      798,
      798,
      798,
      798,
      815,
      815,
      815,
      815,
      815,
      815,
      0,
      0,
      0,
      0,
      0,
      0,
      0,
      0,
      0,
      0,
      0,
      0,
      0,
      0,
      0,
      0,
      0,
      0
    ],
    [
      791,
      791,
      791,
      791,
      791,
      791,
      791,
      791,
      791,
      791,
      791,
      791,
      786,
      786,
      786,
      786,
      786,
      786,
      786,
      786,
      786,
      786,
      786,
      786,
      810,
      810,
      810,
      799,
      799,
      799,
      799,
      799,
      799,
      799,
      799,
      799,
      799,
      799,
      0,
      0,
      0,
      0,
      0,
      0,
      0,
      0,
      0,
      804,
      804,
      804,
      804,
      804,
      804,
      804,
      804,
      804,
      804,
      804,
      804,
      804,
      804,
      804,
      804,
      804,
      804,
      804,
      804,
      804,
      804,
      806,
      806,
      806,
      806,
      806,
      806,
      806,
      806,
      806,
      806,
      806,
      806,
      806,
      806,
      812,
      812,
      812,
      812,
      812,
      812,
      812,
      812,
      812,
      812,
      812,
      0,
      0,
      0,
      0,
      0,
      0,
      0,
      0,
      0,
      0,
      0,
      0,
      0,
      0,
      0,
      0,
      0,
      0,
      0,
      0,
      0,
      0,
      0,
      0,
      0,
      0,
      0,
      0,
      0,
      0,
      0,
      0,
      0,
      0,
      0,
      0,
      800,
      800,
      800,
      800,
      800,
      800,
      800,
      800,
      821,
      821,
      821,
      821,
      821,
      821,
      821,
      821,
      821,
      821,
      821,
      821,
      0,
      0,
      0,
      0,
      0,
      0,
      0,
      0,
      813,
      813,
      813,
      813,
      813,
      813,
      813,
      813,
      792,
      792,
      792,
      792,
      792,
      792,
      792,
      792,
      792,
      792,
      792,
      805,
      805,
      805,
      805,
      805,
      805,
      805,
      805,
      805,
      782,
      782,
      782,
      782,
      782,
      782,
      782,
      782,
      801,
      801,
      801,
      801,
      801,
      801,
      801,
      801,
      801,
      801,
      0,
      0,
      0,
      0,
      0,
      0,
      0,
      0,
      0,
      0,
      0,
      0,
      0,
      0,
      0,
      817,
      817,
      817,
      817,
      817,
      802,
      802,
      802,
      802,
      802,
      802,
      0,
      0,
      0,
      0,
      0,
      0,
      0,
      0,
      0,
      0,
      0,
      0,
      0,
      0,
      0,
      0,
      0,
      0,
      0,
      0,
      0,
      0,
      0,
      0,
      823,
      823,
      823,
      0,
      0,
      0,
      0,
      0,
      0,
      0,
      0,
      0,
      0,
      0,
      783,
      783,
      783,
      783,
      783,
      783,
      783,
      783,
      783,
      783,
      783,
      783,
      0,
      803,
      803,
      803,
      803,
      803,
      0,
      0,
      0,
      0,
      0,
      0,
      0,
      0,
      0,
      0,
      0,
      0,
      0,
      0,
      0,
      0,
      0,
      0,
      0,
      0,
      0,
      0,
      0,
      0,
      818,
      818,
      818,
      818,
      818,
      818,
      818,
      794,
      794,
      794,
      794,
      794,
      794,
      794,
      0,
      0,
      0,
      807,
      807,
      807,
      807,
      807,
      807,
      807,
      807,
      811,
      811,
      811,
      811,
      814,
      814,
      814,
      814,
      814,
      814,
      814,
      814,
      784,
      784,
      784,
      0,
      0,
      0,
      0,
      808,
      808,
      808,
      808,
      808,
      808,
      808,
      808,
      808,
      808,
      808,
      0,
      0,
      0,
      0,
      0,
      0,
      0,
      0,
      0,
      0,
      0,
      0,
      0,
      0,
      0,
      0,
      0,
      0,
      0,
      809,
      809,
      809,
      809,
      809,
      809,
      809,
      809,
      809,
      809,
      809,
      809,
      809,
      809,
      809,
      809,
      809,
      809,
      809,
      809,
      787,
      795,
      795,
      795,
      795,
      795,
      795,
      0,
      0,
      0,
      0,
      0,
      0,
      0,
      0,
      831,
      831,
      831,
      831,
      831,
      831,
      831,
      831,
      831,
      831,
      831,
      796,
      796,
      796,
      796,
      796,
      796,
      796,
      790,
      790,
      790,
      790,
      790,
      790,
      790,
      790,
      790,
      790,
      790,
      790,
      0,
      0,
      0,
      0,
      0,
      0,
      0,
      0,
      0,
      0,
      797,
      797,
      0,
      0,
      0,
      0,
      0,
      0,
      0,
      0,
      0,
      0,
      0,
      0,
      0,
      0,
      0,
      0,
      0,
      0,
      0,
      0,
      0,
      0,
      0,
      798,
      798,
      798,
      815,
      815,
      815,
      815,
      815,
      815,
      815,
      0,
      0,
      0,
      0,
      0,
      0,
      0,
      0,
      0,
      0,
      0,
      0,
      0,
      0,
      0,
      0,
      0,
      0
    ],
    [
      791,
      791,
      791,
      791,
      791,
      791,
      791,
      791,
      791,
      791,
      791,
      791,
      786,
      786,
      786,
      786,
      786,
      786,
      786,
      786,
      786,
      786,
      786,
      786,
      810,
      810,
      810,
      810,
      810,
      810,
      810,
      810,
      0,
      0,
      0,
      0,
      0,
      0,
      0,
      0,
      0,
      0,
      0,
      0,
      0,
      0,
      0,
      804,
      804,
      804,
      804,
      804,
      804,
      804,
      804,
      804,
      804,
      804,
      804,
      804,
      804,
      804,
      804,
      804,
      804,
      804,
      804,
      804,
      804,
      806,
      806,
      806,
      806,
      806,
      806,
      806,
      806,
      806,
      806,
      806,
      806,
      806,
      806,
      812,
      812,
      812,
      812,
      812,
      812,
      812,
      812,
      812,
      812,
      812,
      0,
      0,
      0,
      0,
      0,
      0,
      0,
      0,
      0,
      0,
      0,
      0,
      0,
      0,
      0,
      0,
      0,
      0,
      0,
      0,
      0,
      0,
      0,
      0,
      0,
      0,
      0,
      0,
      0,
      0,
      0,
      0,
      0,
      0,
      0,
      0,
      0,
      800,
      800,
      800,
      800,
      800,
      800,
      821,
      821,
      821,
      821,
      821,
      821,
      821,
      821,
      821,
      821,
      821,
      821,
      821,
      0,
      0,
      0,
      0,
      0,
      0,
      0,
      0,
      813,
      813,
      813,
      813,
      813,
      813,
      813,
      813,
      792,
      792,
      792,
      792,
      792,
      792,
      792,
      792,
      792,
      792,
      792,
      805,
      805,
      805,
      805,
      805,
      805,
      805,
      805,
      805,
      805,
      805,
      805,
      805,
      805,
      805,
      805,
      822,
      822,
      822,
      822,
      822,
      822,
      822,
      822,
      801,
      801,
      801,
      0,
      0,
      0,
      0,
      0,
      0,
      0,
      0,
      0,
      0,
      0,
      0,
      0,
      0,
      0,
      817,
      817,
      817,
      817,
      817,
      802,
      802,
      802,
      802,
      802,
      0,
      0,
      0,
      0,
      0,
      0,
      0,
      0,
      0,
      0,
      0,
      0,
      0,
      0,
      0,
      0,
      0,
      0,
      0,
      0,
      0,
      0,
      0,
      0,
      0,
      823,
      823,
      823,
      0,
      0,
      0,
      0,
      0,
      0,
      0,
      0,
      0,
      0,
      0,
      0,
      783,
      783,
      783,
      783,
      783,
      783,
      783,
      783,
      783,
      783,
      783,
      0,
      803,
      803,
      803,
      803,
      803,
      0,
      0,
      0,
      0,
      0,
      0,
      0,
      0,
      0,
      0,
      0,
      0,
      0,
      0,
      0,
      0,
      0,
      0,
      0,
      0,
      0,
      0,
      0,
      830,
      830,
      818,
      818,
      818,
      818,
      830,
      830,
      830,
      830,
      794,
      794,
      794,
      794,
      794,
      794,
      824,
      0,
      807,
      807,
      807,
      807,
      807,
      807,
      807,
      807,
      811,
      811,
      811,
      811,
      814,
      814,
      814,
      814,
      814,
      814,
      814,
      814,
      784,
      784,
      784,
      0,
      0,
      0,
      0,
      0,
      808,
      808,
      808,
      808,
      808,
      808,
      808,
      808,
      808,
      808,
      808,
      0,
      0,
      0,
      0,
      0,
      0,
      0,
      0,
      0,
      0,
      0,
      0,
      0,
      0,
      0,
      0,
      0,
      0,
      809,
      809,
      809,
      809,
      809,
      809,
      809,
      809,
      809,
      809,
      809,
      809,
      809,
      809,
      809,
      809,
      809,
      809,
      809,
      809,
      809,
      795,
      795,
      795,
      795,
      795,
      0,
      0,
      0,
      0,
      0,
      0,
      0,
      0,
      0,
      831,
      831,
      831,
      831,
      831,
      831,
      831,
      831,
      831,
      831,
      831,
      796,
      796,
      796,
      796,
      796,
      796,
      790,
      790,
      790,
      790,
      790,
      790,
      790,
      790,
      790,
      790,
      790,
      790,
      790,
      0,
      0,
      0,
      0,
      0,
      0,
      0,
      0,
      0,
      0,
      0,
      0,
      0,
      0,
      0,
      0,
      0,
      0,
      0,
      0,
      0,
      0,
      0,
      0,
      0,
      0,
      0,
      0,
      0,
      0,
      0,
      0,
      0,
      0,
      0,
      798,
      798,
      815,
      815,
      815,
      815,
      815,
      815,
      815,
      815,
      0,
      0,
      0,
      0,
      0,
      0,
      0,
      0,
      0,
      0,
      0,
      0,
      0,
      0,
      0,
      0,
      0,
      0
    ],
    [
      0,
      0,
      0,
      0,
      0,
      0,
      0,
      0,
      0,
      0,
      0,
      0,
      0,
      0,
      0,
      0,
      0,
      832,
      832,
      832,
      832,
      832,
      786,
      786,
      810,
      810,
      810,
      810,
      810,
      810,
      0,
      0,
      0,
      0,
      0,
      0,
      0,
      0,
      0,
      0,
      0,
      0,
      0,
      0,
      0,
      0,
      0,
      0,
      0,
      0,
      804,
      804,
      804,
      804,
      804,
      804,
      804,
      804,
      804,
      804,
      804,
      804,
      804,
      804,
      820,
      820,
      820,
      820,
      820,
      806,
      806,
      806,
      806,
      806,
      806,
      806,
      806,
      806,
      806,
      806,
      806,
      806,
      806,
      812,
      812,
      812,
      812,
      812,
      812,
      812,
      812,
      812,
      812,
      812,
      0,
      0,
      0,
      0,
      0,
      0,
      0,
      0,
      0,
      0,
      0,
      0,
      0,
      0,
      0,
      0,
      0,
      0,
      0,
      0,
      0,
      0,
      0,
      0,
      0,
      0,
      0,
      0,
      0,
      0,
      0,
      0,
      0,
      0,
      0,
      0,
      0,
      0,
      821,
      821,
      821,
      821,
      821,
      821,
      821,
      821,
      821,
      821,
      821,
      821,
      821,
      821,
      821,
      821,
      821,
      821,
      0,
      0,
      0,
      0,
      0,
      0,
      0,
      0,
      813,
      813,
      813,
      813,
      813,
      813,
      813,
      813,
      792,
      792,
      792,
      792,
      792,
      792,
      792,
      792,
      816,
      816,
      816,
      805,
      805,
      805,
      805,
      0,
      0,
      0,
      0,
      0,
      0,
      0,
      0,
      0,
      0,
      822,
      822,
      822,
      822,
      822,
      822,
      822,
      822,
      822,
      822,
      801,
      801,
      801,
      0,
      0,
      0,
      0,
      0,
      0,
      0,
      0,
      0,
      0,
      0,
      0,
      0,
      0,
      0,
      817,
      817,
      817,
      817,
      817,
      817,
      817,
      0,
      0,
      0,
      0,
      0,
      0,
      0,
      0,
      0,
      0,
      0,
      0,
      0,
      0,
      0,
      0,
      0,
      0,
      0,
      0,
      0,
      0,
      0,
      0,
      0,
      0,
      0,
      0,
      823,
      823,
      823,
      823,
      0,
      0,
      0,
      0,
      0,
      0,
      0,
      0,
      0,
      0,
      0,
      0,
      0,
      0,
      0,
      783,
      783,
      783,
      783,
      783,
      783,
      783,
      803,
      803,
      803,
      803,
      803,
      803,
      0,
      0,
      0,
      0,
      0,
      0,
      0,
      0,
      0,
      0,
      0,
      0,
      0,
      0,
      0,
      0,
      0,
      0,
      0,
      0,
      0,
      0,
      857,
      830,
      830,
      818,
      818,
      818,
      818,
      830,
      830,
      830,
      830,
      794,
      794,
      794,
      794,
      794,
      794,
      824,
      824,
      807,
      807,
      807,
      807,
      807,
      807,
      807,
      807,
      811,
      811,
      811,
      811,
      814,
      814,
      814,
      814,
      814,
      814,
      814,
      814,
      0,
      784,
      784,
      0,
      0,
      0,
      0,
      0,
      0,
      808,
      808,
      808,
      808,
      808,
      808,
      808,
      808,
      808,
      819,
      0,
      0,
      0,
      0,
      0,
      0,
      0,
      0,
      0,
      0,
      0,
      0,
      0,
      0,
      0,
      0,
      0,
      0,
      0,
      809,
      809,
      809,
      809,
      809,
      809,
      809,
      809,
      809,
      809,
      809,
      809,
      809,
      809,
      809,
      809,
      809,
      809,
      809,
      809,
      809,
      809,
      809,
      0,
      0,
      0,
      0,
      0,
      0,
      0,
      0,
      0,
      0,
      0,
      831,
      831,
      831,
      831,
      831,
      831,
      831,
      831,
      831,
      831,
      831,
      796,
      796,
      796,
      796,
      796,
      796,
      825,
      825,
      825,
      825,
      825,
      825,
      825,
      825,
      825,
      825,
      825,
      826,
      826,
      826,
      826,
      826,
      0,
      0,
      0,
      0,
      0,
      0,
      0,
      0,
      0,
      0,
      0,
      0,
      0,
      0,
      0,
      0,
      0,
      0,
      0,
      0,
      0,
      0,
      0,
      0,
      0,
      0,
      0,
      0,
      0,
      0,
      0,
      0,
      798,
      798,
      815,
      815,
      815,
      815,
      815,
      815,
      815,
      815,
      0,
      0,
      0,
      0,
      0,
      0,
      0,
      0,
      0,
      0,
      0,
      0,
      0,
      0,
      0,
      0,
      0,
      0
    ],
    [
      0,
      0,
      0,
      0,
      0,
      0,
      0,
      0,
      0,
      0,
      0,
      0,
      0,
      0,
      0,
      0,
      832,
      832,
      832,
      832,
      832,
      832,
      832,
      810,
      810,
      810,
      810,
      810,
      810,
      810,
      0,
      0,
      0,
      0,
      0,
      0,
      0,
      0,
      0,
      0,
      0,
      0,
      0,
      0,
      0,
      0,
      0,
      0,
      0,
      0,
      804,
      804,
      804,
      804,
      804,
      804,
      804,
      804,
      804,
      804,
      820,
      820,
      820,
      820,
      820,
      820,
      820,
      820,
      820,
      820,
      820,
      806,
      806,
      806,
      806,
      806,
      806,
      806,
      806,
      806,
      806,
      806,
      806,
      812,
      812,
      812,
      812,
      812,
      812,
      812,
      812,
      812,
      812,
      812,
      0,
      0,
      0,
      0,
      0,
      0,
      0,
      0,
      0,
      0,
      0,
      0,
      0,
      0,
      0,
      0,
      0,
      0,
      0,
      0,
      0,
      0,
      0,
      0,
      0,
      0,
      0,
      0,
      0,
      0,
      0,
      0,
      0,
      0,
      0,
      0,
      0,
      0,
      0,
      821,
      821,
      821,
      821,
      821,
      821,
      821,
      821,
      821,
      821,
      821,
      821,
      821,
      821,
      821,
      821,
      0,
      0,
      0,
      0,
      0,
      0,
      0,
      0,
      0,
      813,
      813,
      813,
      813,
      813,
      813,
      813,
      813,
      792,
      828,
      828,
      792,
      792,
      792,
      792,
      792,
      816,
      816,
      816,
      816,
      816,
      816,
      805,
      0,
      0,
      0,
      0,
      0,
      0,
      0,
      0,
      0,
      822,
      822,
      822,
      822,
      822,
      822,
      822,
      822,
      822,
      822,
      822,
      822,
      822,
      822,
      0,
      0,
      0,
      0,
      0,
      0,
      0,
      0,
      0,
      0,
      0,
      0,
      0,
      0,
      0,
      817,
      817,
      817,
      817,
      817,
      817,
      817,
      817,
      0,
      0,
      0,
      0,
      0,
      0,
      0,
      0,
      0,
      0,
      0,
      0,
      0,
      0,
      0,
      0,
      0,
      0,
      0,
      0,
      0,
      0,
      0,
      0,
      0,
      0,
      0,
      823,
      823,
      823,
      823,
      0,
      0,
      0,
      0,
      0,
      0,
      0,
      0,
      0,
      0,
      0,
      0,
      0,
      0,
      0,
      783,
      783,
      783,
      783,
      783,
      803,
      803,
      803,
      803,
      803,
      803,
      803,
      803,
      0,
      0,
      0,
      0,
      0,
      0,
      0,
      0,
      0,
      0,
      0,
      0,
      0,
      0,
      0,
      0,
      0,
      0,
      0,
      0,
      857,
      857,
      857,
      830,
      830,
      818,
      818,
      818,
      818,
      830,
      830,
      830,
      830,
      830,
      794,
      794,
      794,
      794,
      794,
      824,
      824,
      824,
      807,
      807,
      807,
      807,
      807,
      807,
      807,
      811,
      811,
      811,
      811,
      814,
      814,
      814,
      814,
      814,
      814,
      814,
      814,
      0,
      784,
      784,
      0,
      0,
      0,
      0,
      0,
      0,
      808,
      808,
      808,
      808,
      819,
      819,
      819,
      819,
      819,
      819,
      0,
      0,
      0,
      0,
      0,
      0,
      0,
      0,
      0,
      0,
      0,
      0,
      0,
      0,
      0,
      0,
      0,
      0,
      0,
      0,
      0,
      0,
      0,
      0,
      0,
      0,
      0,
      0,
      0,
      0,
      0,
      0,
      0,
      0,
      0,
      0,
      0,
      0,
      0,
      0,
      0,
      0,
      0,
      0,
      0,
      0,
      0,
      0,
      0,
      0,
      0,
      0,
      0,
      831,
      831,
      831,
      831,
      831,
      831,
      831,
      831,
      831,
      831,
      831,
      796,
      796,
      796,
      796,
      796,
      796,
      825,
      825,
      825,
      825,
      825,
      825,
      825,
      825,
      825,
      825,
      826,
      826,
      826,
      826,
      826,
      826,
      826,
      0,
      0,
      0,
      0,
      0,
      0,
      0,
      0,
      0,
      0,
      0,
      0,
      0,
      0,
      0,
      0,
      0,
      0,
      0,
      0,
      0,
      0,
      0,
      0,
      0,
      0,
      0,
      0,
      0,
      0,
      0,
      0,
      798,
      815,
      815,
      815,
      815,
      815,
      815,
      815,
      815,
      0,
      0,
      0,
      0,
      0,
      0,
      0,
      0,
      0,
      0,
      0,
      0,
      0,
      0,
      0,
      0,
      0,
      0
    ],
    [
      0,
      0,
      0,
      0,
      0,
      0,
      0,
      0,
      0,
      0,
      0,
      0,
      0,
      0,
      0,
      0,
      832,
      832,
      832,
      832,
      832,
      832,
      832,
      833,
      833,
      833,
      833,
      833,
      833,
      0,
      0,
      0,
      0,
      0,
      0,
      0,
      0,
      0,
      0,
      0,
      0,
      0,
      0,
      0,
      0,
      0,
      0,
      0,
      0,
      0,
      804,
      804,
      804,
      804,
      804,
      804,
      804,
      804,
      804,
      804,
      820,
      820,
      820,
      820,
      820,
      820,
      820,
      820,
      820,
      820,
      820,
      806,
      806,
      806,
      806,
      806,
      806,
      806,
      806,
      806,
      806,
      806,
      806,
      812,
      812,
      812,
      812,
      812,
      812,
      812,
      812,
      812,
      812,
      812,
      0,
      0,
      0,
      0,
      0,
      0,
      0,
      0,
      0,
      0,
      0,
      0,
      0,
      0,
      0,
      0,
      0,
      0,
      0,
      0,
      0,
      0,
      0,
      0,
      0,
      0,
      0,
      0,
      0,
      0,
      0,
      0,
      0,
      0,
      0,
      0,
      0,
      0,
      0,
      821,
      821,
      821,
      821,
      821,
      821,
      821,
      821,
      821,
      821,
      821,
      821,
      821,
      821,
      821,
      0,
      0,
      0,
      0,
      0,
      0,
      0,
      0,
      0,
      0,
      813,
      813,
      813,
      813,
      813,
      813,
      813,
      813,
      828,
      828,
      828,
      792,
      792,
      792,
      792,
      792,
      816,
      816,
      816,
      816,
      816,
      816,
      0,
      0,
      0,
      0,
      0,
      0,
      0,
      0,
      0,
      0,
      0,
      0,
      0,
      0,
      0,
      0,
      0,
      822,
      822,
      822,
      822,
      822,
      822,
      822,
      0,
      0,
      0,
      0,
      0,
      0,
      0,
      0,
      0,
      0,
      0,
      0,
      0,
      0,
      0,
      817,
      817,
      817,
      817,
      817,
      817,
      817,
      817,
      817,
      0,
      0,
      0,
      0,
      0,
      0,
      0,
      0,
      0,
      0,
      0,
      0,
      0,
      0,
      0,
      0,
      0,
      0,
      0,
      823,
      823,
      823,
      823,
      823,
      823,
      823,
      823,
      823,
      823,
      823,
      0,
      0,
      0,
      0,
      0,
      0,
      0,
      0,
      0,
      0,
      0,
      0,
      0,
      0,
      0,
      783,
      783,
      783,
      783,
      783,
      803,
      803,
      803,
      803,
      803,
      803,
      803,
      803,
      0,
      0,
      0,
      0,
      0,
      0,
      0,
      0,
      0,
      0,
      0,
      0,
      0,
      0,
      0,
      0,
      0,
      0,
      0,
      857,
      857,
      857,
      857,
      830,
      830,
      818,
      818,
      818,
      818,
      830,
      830,
      830,
      830,
      830,
      794,
      794,
      794,
      794,
      794,
      824,
      824,
      824,
      824,
      807,
      807,
      807,
      807,
      807,
      807,
      811,
      811,
      811,
      811,
      814,
      814,
      814,
      814,
      814,
      814,
      814,
      814,
      0,
      0,
      0,
      0,
      0,
      0,
      0,
      0,
      847,
      808,
      808,
      808,
      808,
      819,
      819,
      819,
      819,
      819,
      819,
      0,
      0,
      0,
      0,
      0,
      0,
      0,
      0,
      0,
      0,
      0,
      0,
      0,
      0,
      0,
      0,
      0,
      0,
      0,
      0,
      0,
      0,
      0,
      0,
      0,
      0,
      0,
      0,
      0,
      0,
      0,
      0,
      0,
      0,
      0,
      0,
      0,
      0,
      0,
      0,
      0,
      0,
      0,
      0,
      0,
      0,
      0,
      0,
      0,
      0,
      0,
      0,
      831,
      831,
      831,
      831,
      831,
      831,
      831,
      831,
      831,
      831,
      831,
      831,
      796,
      796,
      796,
      796,
      796,
      796,
      825,
      825,
      825,
      825,
      825,
      825,
      825,
      825,
      825,
      825,
      826,
      826,
      826,
      826,
      826,
      826,
      826,
      0,
      0,
      0,
      0,
      0,
      0,
      0,
      0,
      0,
      0,
      0,
      0,
      0,
      0,
      0,
      0,
      0,
      0,
      0,
      0,
      0,
      0,
      0,
      0,
      0,
      0,
      0,
      0,
      0,
      0,
      0,
      0,
      0,
      815,
      815,
      815,
      815,
      815,
      815,
      815,
      815,
      0,
      0,
      0,
      0,
      0,
      0,
      0,
      0,
      0,
      0,
      0,
      0,
      0,
      0,
      0,
      0,
      0,
      0
    ],
    [
      0,
      0,
      0,
      0,
      0,
      0,
      0,
      0,
      0,
      0,
      0,
      0,
      0,
      0,
      0,
      0,
      832,
      832,
      832,
      832,
      832,
      832,
      832,
      833,
      833,
      833,
      833,
      833,
      833,
      833,
      833,
      833,
      833,
      833,
      849,
      0,
      0,
      0,
      0,
      0,
      0,
      0,
      0,
      0,
      0,
      0,
      0,
      0,
      0,
      0,
      804,
      804,
      804,
      804,
      804,
      804,
      804,
      804,
      804,
      804,
      820,
      820,
      820,
      820,
      820,
      820,
      820,
      820,
      820,
      820,
      820,
      806,
      827,
      827,
      827,
      827,
      827,
      827,
      827,
      827,
      827,
      827,
      827,
      827,
      827,
      812,
      812,
      812,
      812,
      0,
      0,
      0,
      0,
      0,
      0,
      0,
      0,
      0,
      0,
      0,
      0,
      0,
      0,
      0,
      0,
      0,
      0,
      0,
      0,
      0,
      0,
      0,
      0,
      0,
      0,
      0,
      0,
      0,
      0,
      0,
      0,
      0,
      0,
      0,
      0,
      0,
      0,
      0,
      0,
      0,
      0,
      0,
      0,
      0,
      0,
      0,
      821,
      821,
      821,
      821,
      821,
      821,
      821,
      821,
      821,
      821,
      821,
      821,
      0,
      0,
      0,
      0,
      0,
      0,
      0,
      0,
      0,
      0,
      0,
      828,
      828,
      828,
      828,
      828,
      828,
      828,
      828,
      828,
      828,
      816,
      816,
      816,
      816,
      816,
      816,
      816,
      816,
      816,
      816,
      0,
      0,
      0,
      0,
      0,
      0,
      0,
      0,
      0,
      0,
      0,
      0,
      0,
      0,
      0,
      0,
      0,
      0,
      822,
      822,
      822,
      822,
      822,
      822,
      822,
      0,
      0,
      0,
      0,
      0,
      0,
      0,
      0,
      0,
      0,
      0,
      0,
      0,
      817,
      817,
      817,
      817,
      817,
      817,
      817,
      817,
      817,
      817,
      817,
      817,
      0,
      0,
      0,
      0,
      0,
      0,
      0,
      0,
      0,
      0,
      0,
      0,
      0,
      0,
      0,
      0,
      0,
      0,
      823,
      823,
      823,
      823,
      823,
      823,
      823,
      823,
      823,
      823,
      823,
      823,
      0,
      0,
      0,
      0,
      0,
      0,
      0,
      0,
      0,
      0,
      0,
      0,
      0,
      0,
      783,
      783,
      783,
      783,
      783,
      803,
      803,
      803,
      803,
      803,
      803,
      803,
      0,
      0,
      0,
      0,
      0,
      0,
      0,
      0,
      0,
      0,
      0,
      0,
      0,
      0,
      0,
      0,
      0,
      0,
      0,
      857,
      857,
      857,
      857,
      857,
      830,
      830,
      818,
      818,
      818,
      818,
      830,
      830,
      830,
      830,
      830,
      830,
      830,
      824,
      824,
      824,
      824,
      824,
      824,
      824,
      824,
      824,
      824,
      824,
      824,
      836,
      836,
      836,
      836,
      811,
      814,
      814,
      814,
      814,
      814,
      814,
      814,
      814,
      0,
      0,
      0,
      0,
      0,
      0,
      0,
      0,
      847,
      808,
      808,
      808,
      808,
      819,
      819,
      819,
      819,
      819,
      819,
      0,
      0,
      0,
      0,
      0,
      0,
      0,
      0,
      0,
      0,
      0,
      0,
      0,
      0,
      0,
      0,
      0,
      0,
      0,
      0,
      0,
      0,
      0,
      0,
      0,
      0,
      0,
      0,
      0,
      0,
      0,
      0,
      0,
      0,
      0,
      0,
      0,
      0,
      0,
      0,
      0,
      0,
      0,
      0,
      0,
      0,
      0,
      0,
      0,
      0,
      0,
      0,
      831,
      831,
      831,
      831,
      831,
      831,
      831,
      831,
      831,
      831,
      831,
      831,
      796,
      796,
      796,
      796,
      796,
      796,
      796,
      825,
      825,
      825,
      825,
      825,
      825,
      825,
      825,
      825,
      826,
      826,
      826,
      826,
      826,
      826,
      826,
      0,
      0,
      0,
      0,
      0,
      0,
      0,
      0,
      0,
      0,
      0,
      0,
      0,
      0,
      0,
      0,
      0,
      0,
      0,
      0,
      0,
      0,
      0,
      0,
      0,
      0,
      0,
      0,
      0,
      0,
      0,
      0,
      0,
      815,
      815,
      815,
      815,
      815,
      815,
      815,
      815,
      0,
      0,
      0,
      0,
      0,
      0,
      0,
      0,
      0,
      0,
      0,
      0,
      0,
      0,
      0,
      0,
      0,
      0
    ],
    [
      0,
      0,
      0,
      0,
      0,
      0,
      0,
      0,
      0,
      0,
      0,
      0,
      0,
      0,
      0,
      0,
      832,
      832,
      832,
      832,
      832,
      832,
      832,
      833,
      833,
      833,
      833,
      833,
      833,
      833,
      833,
      833,
      833,
      849,
      849,
      0,
      0,
      0,
      0,
      0,
      0,
      0,
      0,
      0,
      0,
      0,
      0,
      0,
      0,
      0,
      804,
      839,
      829,
      829,
      829,
      829,
      829,
      829,
      829,
      804,
      820,
      820,
      820,
      820,
      820,
      820,
      820,
      820,
      820,
      820,
      820,
      806,
      827,
      827,
      827,
      827,
      827,
      827,
      834,
      834,
      834,
      834,
      834,
      834,
      834,
      812,
      812,
      812,
      812,
      0,
      0,
      0,
      0,
      0,
      0,
      0,
      0,
      0,
      0,
      0,
      0,
      0,
      0,
      0,
      0,
      0,
      0,
      0,
      0,
      0,
      0,
      0,
      0,
      0,
      0,
      0,
      0,
      0,
      0,
      0,
      0,
      0,
      0,
      0,
      0,
      0,
      0,
      0,
      0,
      0,
      0,
      0,
      0,
      0,
      0,
      0,
      821,
      821,
      821,
      821,
      821,
      821,
      821,
      821,
      821,
      821,
      821,
      821,
      0,
      0,
      0,
      0,
      0,
      0,
      0,
      0,
      0,
      0,
      0,
      0,
      828,
      828,
      828,
      828,
      828,
      828,
      828,
      828,
      828,
      828,
      816,
      816,
      816,
      816,
      816,
      816,
      816,
      816,
      816,
      0,
      0,
      0,
      0,
      0,
      0,
      0,
      0,
      0,
      0,
      0,
      0,
      0,
      0,
      0,
      0,
      0,
      0,
      822,
      822,
      822,
      822,
      822,
      822,
      822,
      0,
      0,
      0,
      0,
      0,
      0,
      0,
      0,
      0,
      0,
      0,
      0,
      0,
      817,
      817,
      817,
      817,
      817,
      817,
      817,
      817,
      817,
      817,
      817,
      0,
      0,
      0,
      0,
      0,
      0,
      0,
      0,
      0,
      0,
      0,
      0,
      0,
      0,
      0,
      0,
      0,
      0,
      0,
      823,
      823,
      823,
      823,
      823,
      823,
      823,
      823,
      823,
      823,
      823,
      823,
      823,
      0,
      0,
      0,
      0,
      0,
      0,
      0,
      0,
      0,
      0,
      0,
      0,
      0,
      783,
      783,
      783,
      783,
      783,
      803,
      803,
      803,
      803,
      803,
      803,
      803,
      803,
      803,
      803,
      803,
      803,
      803,
      0,
      0,
      0,
      0,
      0,
      0,
      0,
      0,
      0,
      0,
      0,
      0,
      857,
      857,
      857,
      857,
      857,
      857,
      830,
      830,
      818,
      818,
      818,
      818,
      830,
      830,
      830,
      830,
      830,
      830,
      830,
      830,
      830,
      824,
      824,
      824,
      824,
      824,
      824,
      824,
      824,
      824,
      836,
      836,
      836,
      836,
      836,
      836,
      814,
      814,
      814,
      814,
      814,
      814,
      814,
      0,
      0,
      0,
      0,
      0,
      0,
      0,
      0,
      0,
      847,
      847,
      808,
      808,
      808,
      819,
      819,
      819,
      819,
      819,
      819,
      0,
      0,
      0,
      0,
      0,
      0,
      0,
      0,
      0,
      0,
      0,
      0,
      0,
      0,
      0,
      0,
      0,
      0,
      0,
      0,
      0,
      0,
      0,
      0,
      0,
      0,
      0,
      0,
      0,
      0,
      0,
      0,
      0,
      0,
      0,
      0,
      0,
      0,
      0,
      0,
      0,
      0,
      0,
      0,
      0,
      0,
      0,
      0,
      0,
      0,
      0,
      0,
      831,
      831,
      831,
      831,
      831,
      831,
      831,
      831,
      831,
      831,
      831,
      831,
      796,
      796,
      796,
      796,
      796,
      796,
      796,
      825,
      825,
      825,
      825,
      825,
      825,
      825,
      825,
      825,
      826,
      826,
      826,
      826,
      826,
      826,
      826,
      0,
      0,
      0,
      0,
      0,
      0,
      0,
      0,
      0,
      0,
      0,
      0,
      0,
      0,
      0,
      0,
      0,
      0,
      0,
      0,
      0,
      0,
      0,
      0,
      0,
      0,
      0,
      0,
      0,
      0,
      0,
      0,
      0,
      0,
      815,
      815,
      815,
      815,
      815,
      815,
      815,
      0,
      0,
      0,
      0,
      0,
      0,
      0,
      0,
      0,
      0,
      0,
      0,
      0,
      0,
      0,
      0,
      0,
      0
    ],
    [
      0,
      0,
      0,
      0,
      0,
      0,
      0,
      0,
      0,
      0,
      0,
      0,
      0,
      0,
      0,
      0,
      832,
      832,
      832,
      832,
      832,
      832,
      832,
      833,
      833,
      833,
      833,
      833,
      833,
      833,
      833,
      833,
      849,
      849,
      849,
      0,
      0,
      0,
      0,
      0,
      0,
      0,
      0,
      0,
      0,
      0,
      0,
      0,
      0,
      839,
      839,
      839,
      829,
      829,
      829,
      829,
      829,
      829,
      829,
      804,
      820,
      820,
      820,
      820,
      820,
      820,
      820,
      820,
      820,
      820,
      820,
      806,
      827,
      827,
      827,
      827,
      827,
      827,
      834,
      834,
      834,
      834,
      834,
      834,
      851,
      851,
      812,
      812,
      812,
      0,
      0,
      0,
      0,
      0,
      0,
      0,
      0,
      0,
      0,
      0,
      0,
      0,
      0,
      0,
      0,
      0,
      0,
      0,
      0,
      0,
      0,
      0,
      0,
      0,
      0,
      0,
      0,
      0,
      0,
      0,
      0,
      0,
      0,
      0,
      0,
      0,
      0,
      0,
      0,
      0,
      0,
      0,
      0,
      0,
      0,
      0,
      821,
      821,
      821,
      821,
      821,
      821,
      821,
      821,
      821,
      821,
      821,
      821,
      0,
      0,
      0,
      0,
      0,
      0,
      0,
      0,
      0,
      0,
      0,
      0,
      828,
      828,
      828,
      828,
      828,
      828,
      828,
      828,
      828,
      828,
      828,
      816,
      816,
      816,
      816,
      816,
      816,
      816,
      0,
      0,
      0,
      0,
      0,
      0,
      0,
      0,
      0,
      0,
      0,
      0,
      0,
      0,
      0,
      0,
      0,
      0,
      0,
      822,
      822,
      822,
      822,
      822,
      0,
      0,
      0,
      0,
      0,
      0,
      0,
      0,
      0,
      0,
      0,
      0,
      0,
      0,
      0,
      817,
      817,
      817,
      817,
      817,
      817,
      817,
      817,
      817,
      817,
      0,
      0,
      0,
      0,
      0,
      0,
      0,
      0,
      0,
      0,
      0,
      0,
      0,
      0,
      0,
      0,
      0,
      0,
      0,
      0,
      823,
      823,
      823,
      823,
      823,
      823,
      823,
      823,
      823,
      823,
      823,
      823,
      823,
      0,
      0,
      0,
      0,
      0,
      0,
      0,
      0,
      0,
      0,
      0,
      0,
      0,
      783,
      783,
      783,
      783,
      783,
      803,
      803,
      803,
      803,
      803,
      803,
      803,
      803,
      803,
      803,
      803,
      803,
      803,
      803,
      0,
      0,
      0,
      0,
      0,
      0,
      0,
      0,
      0,
      0,
      0,
      857,
      857,
      857,
      857,
      857,
      857,
      830,
      830,
      818,
      818,
      818,
      818,
      830,
      830,
      830,
      830,
      830,
      830,
      830,
      830,
      830,
      830,
      824,
      824,
      824,
      824,
      824,
      824,
      824,
      824,
      836,
      836,
      836,
      836,
      836,
      836,
      836,
      836,
      836,
      836,
      836,
      836,
      0,
      0,
      0,
      0,
      0,
      0,
      0,
      0,
      0,
      0,
      847,
      847,
      847,
      847,
      808,
      819,
      819,
      819,
      819,
      819,
      819,
      0,
      0,
      0,
      0,
      0,
      0,
      0,
      0,
      0,
      0,
      0,
      0,
      0,
      0,
      0,
      0,
      0,
      0,
      0,
      0,
      0,
      0,
      0,
      0,
      0,
      0,
      0,
      0,
      0,
      0,
      0,
      0,
      0,
      0,
      0,
      0,
      0,
      0,
      0,
      0,
      0,
      0,
      0,
      0,
      0,
      0,
      0,
      0,
      0,
      831,
      831,
      831,
      831,
      831,
      831,
      831,
      831,
      831,
      831,
      831,
      831,
      831,
      831,
      831,
      796,
      796,
      796,
      796,
      796,
      796,
      796,
      825,
      825,
      825,
      825,
      825,
      825,
      825,
      825,
      825,
      826,
      844,
      844,
      826,
      826,
      826,
      826,
      0,
      0,
      0,
      0,
      0,
      0,
      0,
      0,
      0,
      0,
      0,
      0,
      0,
      0,
      0,
      0,
      0,
      0,
      0,
      0,
      0,
      0,
      0,
      0,
      0,
      0,
      0,
      0,
      0,
      0,
      0,
      0,
      0,
      0,
      0,
      815,
      815,
      815,
      815,
      815,
      815,
      0,
      0,
      0,
      0,
      0,
      0,
      0,
      0,
      0,
      0,
      0,
      0,
      0,
      0,
      0,
      895,
      895,
      895
    ],
    [
      0,
      0,
      0,
      0,
      0,
      0,
      0,
      0,
      0,
      0,
      0,
      0,
      0,
      0,
      0,
      832,
      832,
      832,
      832,
      832,
      832,
      832,
      832,
      833,
      833,
      833,
      833,
      833,
      833,
      833,
      833,
      833,
      849,
      849,
      849,
      0,
      0,
      0,
      0,
      0,
      0,
      0,
      0,
      0,
      0,
      0,
      0,
      839,
      839,
      839,
      839,
      839,
      829,
      829,
      829,
      829,
      829,
      829,
      829,
      861,
      820,
      820,
      820,
      820,
      820,
      820,
      820,
      820,
      820,
      820,
      820,
      806,
      827,
      827,
      827,
      827,
      827,
      827,
      834,
      834,
      834,
      834,
      834,
      834,
      851,
      851,
      851,
      812,
      812,
      0,
      0,
      0,
      0,
      0,
      0,
      0,
      0,
      0,
      0,
      0,
      0,
      0,
      0,
      0,
      0,
      0,
      0,
      0,
      0,
      0,
      0,
      0,
      0,
      0,
      0,
      0,
      0,
      0,
      0,
      0,
      0,
      0,
      0,
      0,
      0,
      0,
      0,
      0,
      0,
      0,
      0,
      0,
      0,
      0,
      0,
      0,
      0,
      0,
      0,
      0,
      821,
      821,
      821,
      821,
      821,
      821,
      821,
      821,
      0,
      0,
      0,
      0,
      0,
      0,
      0,
      0,
      0,
      0,
      0,
      0,
      0,
      0,
      0,
      0,
      0,
      828,
      828,
      828,
      828,
      828,
      828,
      816,
      816,
      816,
      816,
      816,
      816,
      816,
      0,
      0,
      0,
      0,
      0,
      0,
      0,
      0,
      0,
      0,
      0,
      0,
      0,
      0,
      0,
      0,
      0,
      0,
      0,
      822,
      822,
      822,
      822,
      822,
      0,
      0,
      0,
      0,
      0,
      0,
      0,
      0,
      0,
      0,
      0,
      0,
      0,
      0,
      817,
      817,
      817,
      817,
      817,
      817,
      817,
      817,
      817,
      835,
      835,
      835,
      835,
      835,
      835,
      835,
      840,
      0,
      0,
      0,
      0,
      0,
      0,
      0,
      0,
      0,
      0,
      0,
      0,
      0,
      0,
      0,
      0,
      823,
      823,
      823,
      823,
      823,
      823,
      823,
      823,
      823,
      823,
      823,
      0,
      0,
      0,
      0,
      0,
      0,
      0,
      0,
      0,
      0,
      0,
      0,
      0,
      783,
      783,
      783,
      783,
      783,
      803,
      803,
      803,
      803,
      803,
      803,
      803,
      803,
      803,
      803,
      803,
      803,
      803,
      803,
      0,
      0,
      0,
      0,
      0,
      0,
      0,
      0,
      0,
      0,
      0,
      857,
      857,
      857,
      857,
      857,
      857,
      830,
      830,
      830,
      830,
      830,
      830,
      830,
      830,
      830,
      830,
      830,
      830,
      830,
      830,
      830,
      830,
      830,
      824,
      824,
      824,
      836,
      836,
      836,
      836,
      836,
      836,
      836,
      836,
      836,
      836,
      836,
      836,
      836,
      836,
      836,
      0,
      0,
      0,
      0,
      0,
      0,
      0,
      0,
      0,
      0,
      0,
      847,
      847,
      847,
      847,
      819,
      819,
      819,
      819,
      819,
      819,
      819,
      0,
      0,
      0,
      0,
      0,
      0,
      0,
      0,
      0,
      0,
      0,
      0,
      0,
      0,
      0,
      0,
      0,
      0,
      0,
      0,
      0,
      0,
      0,
      0,
      0,
      0,
      0,
      0,
      0,
      0,
      0,
      0,
      0,
      0,
      0,
      0,
      0,
      0,
      0,
      0,
      0,
      0,
      0,
      0,
      0,
      0,
      0,
      0,
      0,
      0,
      0,
      831,
      831,
      831,
      831,
      831,
      831,
      831,
      831,
      831,
      831,
      831,
      831,
      831,
      796,
      796,
      796,
      838,
      838,
      838,
      838,
      838,
      825,
      825,
      825,
      825,
      825,
      825,
      825,
      825,
      826,
      844,
      844,
      826,
      826,
      826,
      826,
      0,
      0,
      0,
      0,
      0,
      0,
      0,
      0,
      0,
      0,
      0,
      0,
      0,
      0,
      0,
      0,
      0,
      0,
      0,
      0,
      0,
      0,
      0,
      0,
      0,
      0,
      0,
      0,
      0,
      0,
      0,
      0,
      0,
      0,
      0,
      0,
      0,
      0,
      0,
      0,
      0,
      0,
      0,
      0,
      0,
      0,
      0,
      0,
      0,
      0,
      0,
      0,
      0,
      0,
      0,
      895,
      895,
      895,
      895
    ],
    [
      0,
      0,
      0,
      0,
      0,
      0,
      0,
      0,
      0,
      0,
      0,
      0,
      0,
      0,
      832,
      832,
      832,
      832,
      832,
      832,
      832,
      832,
      832,
      833,
      833,
      833,
      833,
      833,
      833,
      833,
      833,
      833,
      849,
      849,
      849,
      849,
      849,
      849,
      0,
      0,
      0,
      0,
      0,
      0,
      0,
      0,
      0,
      839,
      839,
      839,
      839,
      839,
      829,
      829,
      829,
      829,
      829,
      829,
      829,
      861,
      820,
      820,
      820,
      820,
      820,
      820,
      820,
      820,
      820,
      820,
      820,
      827,
      827,
      827,
      827,
      827,
      827,
      827,
      834,
      834,
      834,
      834,
      834,
      834,
      851,
      851,
      851,
      851,
      812,
      0,
      0,
      0,
      0,
      0,
      0,
      0,
      0,
      0,
      0,
      0,
      0,
      0,
      0,
      0,
      0,
      0,
      0,
      0,
      0,
      0,
      0,
      0,
      0,
      0,
      0,
      0,
      0,
      0,
      0,
      0,
      0,
      0,
      0,
      0,
      0,
      0,
      0,
      0,
      0,
      0,
      0,
      0,
      0,
      0,
      0,
      0,
      0,
      0,
      0,
      0,
      0,
      0,
      0,
      0,
      0,
      0,
      0,
      0,
      0,
      0,
      0,
      0,
      0,
      0,
      0,
      0,
      0,
      0,
      0,
      0,
      0,
      0,
      0,
      0,
      0,
      828,
      828,
      828,
      828,
      828,
      828,
      828,
      828,
      816,
      816,
      816,
      816,
      816,
      0,
      0,
      0,
      0,
      0,
      0,
      0,
      0,
      0,
      0,
      0,
      0,
      0,
      0,
      0,
      0,
      0,
      0,
      0,
      0,
      822,
      822,
      822,
      822,
      0,
      0,
      0,
      0,
      0,
      0,
      0,
      0,
      0,
      0,
      0,
      0,
      0,
      0,
      0,
      0,
      0,
      0,
      0,
      817,
      817,
      817,
      817,
      835,
      835,
      835,
      835,
      835,
      835,
      835,
      840,
      840,
      840,
      840,
      840,
      840,
      840,
      840,
      0,
      0,
      0,
      0,
      0,
      0,
      0,
      0,
      0,
      0,
      0,
      0,
      0,
      0,
      0,
      0,
      0,
      0,
      0,
      0,
      0,
      0,
      0,
      0,
      0,
      0,
      0,
      0,
      0,
      0,
      0,
      0,
      0,
      783,
      783,
      783,
      783,
      783,
      803,
      803,
      803,
      803,
      803,
      803,
      803,
      803,
      803,
      803,
      803,
      803,
      803,
      803,
      0,
      0,
      0,
      0,
      0,
      0,
      0,
      0,
      0,
      0,
      0,
      857,
      857,
      857,
      857,
      857,
      857,
      830,
      830,
      830,
      830,
      830,
      830,
      830,
      830,
      830,
      830,
      830,
      830,
      830,
      830,
      830,
      830,
      830,
      824,
      824,
      824,
      836,
      836,
      836,
      836,
      836,
      836,
      836,
      836,
      836,
      836,
      836,
      836,
      836,
      836,
      836,
      0,
      0,
      0,
      0,
      0,
      0,
      0,
      0,
      0,
      0,
      0,
      847,
      847,
      847,
      847,
      847,
      847,
      819,
      819,
      819,
      819,
      0,
      0,
      0,
      0,
      0,
      0,
      0,
      0,
      0,
      0,
      0,
      0,
      0,
      0,
      0,
      0,
      0,
      0,
      0,
      0,
      0,
      0,
      0,
      0,
      0,
      0,
      0,
      0,
      0,
      0,
      0,
      0,
      0,
      0,
      0,
      0,
      0,
      0,
      0,
      0,
      0,
      0,
      0,
      0,
      0,
      0,
      0,
      0,
      0,
      0,
      831,
      831,
      831,
      831,
      831,
      831,
      831,
      831,
      831,
      831,
      831,
      831,
      831,
      831,
      831,
      796,
      796,
      838,
      838,
      838,
      838,
      838,
      838,
      838,
      825,
      825,
      825,
      825,
      825,
      825,
      825,
      826,
      844,
      844,
      844,
      826,
      826,
      826,
      0,
      0,
      0,
      0,
      0,
      0,
      0,
      0,
      0,
      0,
      0,
      0,
      0,
      0,
      0,
      0,
      0,
      0,
      0,
      0,
      0,
      0,
      0,
      0,
      0,
      0,
      0,
      0,
      0,
      0,
      0,
      0,
      0,
      0,
      0,
      0,
      0,
      0,
      0,
      0,
      0,
      0,
      0,
      0,
      0,
      0,
      0,
      0,
      0,
      0,
      0,
      0,
      0,
      895,
      895,
      895,
      895,
      895,
      895
    ],
    [
      0,
      0,
      0,
      0,
      0,
      0,
      0,
      0,
      0,
      0,
      0,
      0,
      0,
      0,
      832,
      832,
      832,
      832,
      832,
      832,
      832,
      832,
      832,
      833,
      833,
      833,
      833,
      833,
      833,
      833,
      833,
      833,
      849,
      849,
      849,
      849,
      849,
      849,
      0,
      0,
      0,
      0,
      0,
      839,
      839,
      839,
      839,
      839,
      839,
      839,
      839,
      839,
      829,
      829,
      829,
      829,
      829,
      829,
      829,
      861,
      861,
      861,
      820,
      820,
      820,
      820,
      820,
      820,
      820,
      820,
      827,
      827,
      827,
      827,
      827,
      827,
      850,
      850,
      834,
      834,
      834,
      834,
      834,
      834,
      851,
      851,
      851,
      851,
      812,
      0,
      0,
      0,
      0,
      0,
      0,
      0,
      0,
      0,
      0,
      0,
      0,
      0,
      0,
      0,
      0,
      0,
      0,
      0,
      0,
      0,
      0,
      0,
      0,
      0,
      0,
      0,
      0,
      0,
      0,
      0,
      0,
      0,
      0,
      0,
      0,
      0,
      0,
      0,
      0,
      0,
      0,
      0,
      0,
      0,
      0,
      0,
      0,
      0,
      0,
      0,
      0,
      0,
      0,
      0,
      0,
      0,
      0,
      0,
      0,
      0,
      0,
      0,
      0,
      0,
      0,
      0,
      0,
      0,
      0,
      0,
      0,
      0,
      0,
      0,
      0,
      828,
      828,
      828,
      837,
      837,
      837,
      837,
      837,
      816,
      816,
      816,
      816,
      816,
      0,
      0,
      0,
      0,
      0,
      0,
      0,
      0,
      0,
      0,
      0,
      0,
      0,
      0,
      0,
      0,
      0,
      0,
      0,
      0,
      0,
      0,
      0,
      0,
      0,
      0,
      0,
      0,
      0,
      0,
      0,
      0,
      0,
      0,
      0,
      0,
      0,
      0,
      0,
      0,
      0,
      0,
      0,
      817,
      817,
      817,
      817,
      835,
      835,
      835,
      835,
      835,
      835,
      835,
      840,
      840,
      840,
      840,
      840,
      840,
      840,
      840,
      840,
      0,
      0,
      0,
      0,
      0,
      0,
      0,
      0,
      0,
      0,
      0,
      0,
      0,
      0,
      0,
      0,
      0,
      0,
      0,
      0,
      0,
      0,
      0,
      0,
      0,
      0,
      0,
      0,
      0,
      0,
      0,
      841,
      0,
      0,
      0,
      0,
      783,
      803,
      803,
      803,
      803,
      803,
      803,
      803,
      803,
      803,
      0,
      0,
      0,
      0,
      0,
      0,
      0,
      0,
      0,
      0,
      0,
      0,
      0,
      0,
      0,
      0,
      857,
      857,
      857,
      857,
      857,
      857,
      830,
      830,
      830,
      830,
      830,
      830,
      830,
      830,
      830,
      830,
      830,
      830,
      830,
      830,
      830,
      830,
      830,
      824,
      824,
      824,
      836,
      836,
      836,
      836,
      836,
      836,
      836,
      836,
      836,
      836,
      836,
      836,
      836,
      836,
      836,
      0,
      0,
      0,
      0,
      0,
      0,
      0,
      0,
      0,
      0,
      0,
      847,
      847,
      847,
      847,
      847,
      847,
      847,
      847,
      847,
      0,
      0,
      0,
      0,
      0,
      0,
      0,
      0,
      0,
      0,
      0,
      0,
      0,
      0,
      0,
      0,
      0,
      0,
      0,
      0,
      0,
      0,
      0,
      0,
      0,
      0,
      0,
      0,
      0,
      0,
      0,
      0,
      0,
      0,
      0,
      0,
      0,
      0,
      0,
      0,
      0,
      0,
      0,
      0,
      0,
      0,
      0,
      0,
      0,
      0,
      0,
      831,
      831,
      831,
      831,
      831,
      831,
      831,
      831,
      831,
      831,
      831,
      831,
      831,
      831,
      831,
      796,
      0,
      838,
      838,
      838,
      838,
      838,
      838,
      838,
      838,
      825,
      825,
      825,
      825,
      825,
      825,
      844,
      844,
      844,
      844,
      826,
      826,
      826,
      0,
      0,
      0,
      0,
      0,
      0,
      0,
      0,
      0,
      0,
      0,
      0,
      0,
      0,
      0,
      0,
      0,
      0,
      0,
      0,
      0,
      0,
      0,
      0,
      0,
      0,
      0,
      0,
      0,
      0,
      0,
      0,
      0,
      0,
      0,
      0,
      0,
      0,
      0,
      0,
      0,
      0,
      0,
      0,
      0,
      0,
      0,
      0,
      0,
      0,
      0,
      0,
      0,
      895,
      895,
      895,
      895,
      895,
      895
    ],
    [
      0,
      0,
      0,
      0,
      0,
      0,
      0,
      0,
      0,
      0,
      0,
      0,
      0,
      0,
      832,
      832,
      832,
      832,
      832,
      832,
      832,
      832,
      832,
      833,
      833,
      833,
      833,
      833,
      833,
      849,
      849,
      849,
      849,
      849,
      849,
      849,
      849,
      849,
      0,
      0,
      0,
      0,
      0,
      839,
      839,
      839,
      839,
      839,
      839,
      839,
      839,
      839,
      829,
      829,
      829,
      829,
      829,
      829,
      861,
      861,
      861,
      861,
      820,
      820,
      820,
      820,
      820,
      820,
      820,
      827,
      827,
      827,
      827,
      827,
      827,
      827,
      850,
      850,
      850,
      834,
      834,
      834,
      834,
      834,
      851,
      851,
      851,
      851,
      812,
      0,
      0,
      0,
      0,
      0,
      0,
      0,
      0,
      0,
      0,
      0,
      0,
      0,
      0,
      845,
      845,
      845,
      845,
      845,
      0,
      0,
      0,
      0,
      0,
      0,
      0,
      0,
      0,
      0,
      0,
      0,
      0,
      0,
      0,
      0,
      0,
      0,
      0,
      0,
      0,
      0,
      0,
      0,
      0,
      0,
      0,
      0,
      0,
      0,
      0,
      0,
      0,
      0,
      0,
      0,
      0,
      0,
      0,
      0,
      0,
      0,
      0,
      0,
      0,
      0,
      0,
      0,
      0,
      0,
      0,
      0,
      0,
      0,
      0,
      0,
      0,
      828,
      828,
      828,
      837,
      837,
      837,
      837,
      837,
      816,
      816,
      816,
      816,
      0,
      0,
      0,
      0,
      0,
      0,
      0,
      0,
      0,
      0,
      0,
      0,
      0,
      0,
      0,
      0,
      0,
      0,
      0,
      0,
      0,
      0,
      0,
      0,
      0,
      0,
      0,
      0,
      0,
      0,
      0,
      0,
      0,
      0,
      0,
      0,
      0,
      0,
      0,
      0,
      0,
      0,
      0,
      0,
      817,
      817,
      0,
      0,
      835,
      835,
      835,
      835,
      835,
      835,
      835,
      840,
      840,
      840,
      840,
      840,
      840,
      840,
      840,
      840,
      840,
      0,
      0,
      0,
      0,
      0,
      0,
      0,
      0,
      0,
      0,
      0,
      0,
      0,
      0,
      0,
      0,
      0,
      0,
      0,
      0,
      0,
      0,
      0,
      0,
      0,
      0,
      841,
      841,
      841,
      841,
      841,
      0,
      0,
      0,
      0,
      852,
      803,
      803,
      803,
      803,
      803,
      803,
      803,
      803,
      846,
      846,
      846,
      846,
      846,
      846,
      846,
      846,
      846,
      0,
      0,
      0,
      0,
      0,
      0,
      0,
      0,
      857,
      857,
      857,
      857,
      857,
      857,
      830,
      830,
      830,
      830,
      830,
      830,
      830,
      830,
      830,
      830,
      830,
      830,
      830,
      830,
      830,
      830,
      830,
      824,
      824,
      824,
      836,
      836,
      836,
      836,
      836,
      836,
      836,
      836,
      836,
      836,
      836,
      842,
      842,
      842,
      842,
      842,
      0,
      0,
      0,
      0,
      0,
      0,
      0,
      0,
      0,
      0,
      847,
      847,
      847,
      847,
      847,
      847,
      847,
      847,
      847,
      0,
      0,
      0,
      0,
      0,
      0,
      0,
      0,
      0,
      0,
      0,
      0,
      0,
      0,
      0,
      0,
      0,
      0,
      0,
      0,
      0,
      0,
      0,
      0,
      0,
      0,
      0,
      0,
      0,
      0,
      0,
      0,
      0,
      0,
      0,
      0,
      0,
      0,
      0,
      0,
      0,
      0,
      0,
      0,
      0,
      0,
      0,
      0,
      0,
      0,
      0,
      831,
      831,
      831,
      831,
      831,
      831,
      831,
      831,
      831,
      831,
      831,
      831,
      831,
      831,
      831,
      0,
      0,
      838,
      838,
      838,
      838,
      838,
      838,
      838,
      838,
      843,
      843,
      843,
      843,
      844,
      844,
      844,
      844,
      844,
      844,
      826,
      826,
      0,
      0,
      0,
      0,
      0,
      0,
      0,
      0,
      0,
      0,
      0,
      0,
      0,
      0,
      0,
      0,
      0,
      0,
      0,
      0,
      0,
      0,
      0,
      0,
      0,
      0,
      0,
      0,
      0,
      0,
      0,
      0,
      0,
      0,
      0,
      0,
      0,
      0,
      0,
      0,
      0,
      0,
      0,
      0,
      0,
      0,
      0,
      0,
      0,
      0,
      0,
      0,
      0,
      0,
      895,
      895,
      895,
      895,
      895,
      895
    ],
    [
      848,
      848,
      848,
      848,
      848,
      848,
      848,
      0,
      0,
      0,
      0,
      0,
      0,
      0,
      832,
      832,
      832,
      832,
      832,
      832,
      832,
      832,
      832,
      833,
      833,
      833,
      833,
      833,
      833,
      849,
      849,
      849,
      849,
      849,
      849,
      849,
      849,
      849,
      0,
      0,
      0,
      0,
      0,
      839,
      839,
      839,
      839,
      839,
      839,
      839,
      839,
      839,
      839,
      839,
      829,
      829,
      829,
      861,
      861,
      861,
      861,
      861,
      820,
      820,
      820,
      820,
      820,
      820,
      850,
      850,
      850,
      850,
      850,
      850,
      850,
      850,
      850,
      850,
      850,
      834,
      834,
      834,
      834,
      834,
      851,
      851,
      851,
      851,
      0,
      0,
      0,
      0,
      0,
      0,
      0,
      0,
      0,
      0,
      0,
      0,
      0,
      0,
      0,
      845,
      845,
      845,
      845,
      845,
      0,
      0,
      0,
      0,
      0,
      0,
      0,
      0,
      0,
      0,
      0,
      0,
      0,
      0,
      0,
      0,
      0,
      0,
      0,
      0,
      0,
      0,
      0,
      0,
      0,
      0,
      0,
      0,
      0,
      0,
      0,
      0,
      0,
      0,
      0,
      0,
      0,
      0,
      0,
      0,
      0,
      0,
      0,
      0,
      0,
      0,
      0,
      0,
      0,
      0,
      0,
      0,
      0,
      0,
      0,
      0,
      0,
      828,
      828,
      828,
      837,
      837,
      837,
      837,
      837,
      816,
      816,
      816,
      816,
      0,
      0,
      0,
      0,
      0,
      0,
      0,
      0,
      0,
      0,
      0,
      0,
      0,
      0,
      0,
      0,
      0,
      0,
      0,
      0,
      0,
      0,
      0,
      0,
      0,
      0,
      0,
      0,
      0,
      0,
      0,
      0,
      0,
      0,
      0,
      0,
      0,
      0,
      0,
      0,
      0,
      0,
      0,
      0,
      0,
      817,
      0,
      0,
      835,
      835,
      835,
      835,
      835,
      835,
      840,
      840,
      840,
      840,
      840,
      840,
      840,
      840,
      840,
      840,
      840,
      0,
      0,
      0,
      0,
      0,
      0,
      0,
      0,
      0,
      0,
      0,
      0,
      0,
      0,
      0,
      0,
      0,
      0,
      0,
      0,
      0,
      0,
      0,
      0,
      0,
      0,
      841,
      841,
      841,
      841,
      841,
      0,
      0,
      0,
      0,
      852,
      803,
      803,
      803,
      803,
      803,
      852,
      852,
      846,
      846,
      846,
      846,
      846,
      846,
      846,
      846,
      846,
      846,
      0,
      0,
      0,
      0,
      0,
      0,
      0,
      0,
      857,
      857,
      857,
      857,
      857,
      857,
      853,
      853,
      853,
      853,
      853,
      853,
      853,
      853,
      853,
      853,
      830,
      830,
      830,
      830,
      866,
      866,
      866,
      824,
      824,
      824,
      836,
      836,
      836,
      836,
      836,
      836,
      836,
      836,
      836,
      836,
      836,
      842,
      842,
      842,
      842,
      842,
      0,
      0,
      0,
      0,
      0,
      0,
      0,
      0,
      0,
      0,
      847,
      847,
      847,
      847,
      847,
      847,
      847,
      847,
      847,
      0,
      0,
      0,
      0,
      0,
      0,
      0,
      0,
      0,
      0,
      0,
      0,
      0,
      0,
      0,
      0,
      0,
      0,
      0,
      0,
      0,
      0,
      0,
      0,
      0,
      0,
      0,
      0,
      0,
      0,
      0,
      0,
      0,
      0,
      0,
      0,
      0,
      0,
      0,
      0,
      0,
      0,
      0,
      0,
      0,
      0,
      0,
      0,
      0,
      0,
      0,
      0,
      0,
      831,
      831,
      831,
      831,
      831,
      831,
      0,
      0,
      0,
      0,
      831,
      831,
      831,
      0,
      0,
      838,
      838,
      838,
      838,
      838,
      838,
      838,
      838,
      843,
      843,
      843,
      843,
      844,
      844,
      844,
      844,
      844,
      844,
      0,
      826,
      0,
      0,
      0,
      0,
      0,
      0,
      0,
      858,
      858,
      858,
      858,
      858,
      858,
      858,
      0,
      0,
      0,
      0,
      0,
      0,
      0,
      0,
      0,
      0,
      0,
      0,
      0,
      0,
      0,
      0,
      0,
      0,
      0,
      0,
      0,
      0,
      0,
      0,
      0,
      0,
      0,
      0,
      0,
      0,
      0,
      0,
      0,
      0,
      0,
      0,
      0,
      0,
      0,
      0,
      895,
      895,
      895,
      895,
      895,
      895
    ],
    [
      848,
      848,
      848,
      848,
      848,
      848,
      848,
      0,
      0,
      0,
      0,
      0,
      0,
      0,
      832,
      832,
      832,
      832,
      832,
      832,
      832,
      832,
      832,
      833,
      833,
      833,
      833,
      833,
      833,
      849,
      849,
      849,
      849,
      849,
      849,
      849,
      849,
      849,
      839,
      839,
      839,
      839,
      839,
      839,
      839,
      839,
      839,
      839,
      839,
      839,
      839,
      839,
      839,
      839,
      861,
      861,
      861,
      861,
      861,
      861,
      861,
      861,
      861,
      861,
      861,
      861,
      861,
      850,
      850,
      850,
      850,
      850,
      850,
      850,
      850,
      850,
      850,
      850,
      850,
      851,
      834,
      834,
      834,
      834,
      851,
      851,
      851,
      851,
      851,
      845,
      845,
      845,
      845,
      845,
      845,
      845,
      845,
      0,
      0,
      0,
      0,
      0,
      845,
      845,
      845,
      845,
      845,
      845,
      845,
      845,
      0,
      0,
      0,
      0,
      0,
      0,
      0,
      0,
      0,
      0,
      0,
      0,
      0,
      0,
      0,
      0,
      0,
      0,
      0,
      0,
      0,
      0,
      0,
      0,
      0,
      0,
      0,
      0,
      0,
      0,
      0,
      0,
      0,
      0,
      0,
      0,
      0,
      0,
      0,
      0,
      0,
      0,
      0,
      0,
      0,
      0,
      0,
      0,
      0,
      0,
      0,
      0,
      0,
      0,
      0,
      828,
      828,
      828,
      837,
      837,
      837,
      837,
      837,
      816,
      816,
      0,
      0,
      0,
      0,
      0,
      0,
      0,
      0,
      0,
      0,
      0,
      0,
      0,
      0,
      0,
      0,
      0,
      0,
      0,
      0,
      0,
      0,
      0,
      0,
      0,
      0,
      0,
      0,
      0,
      0,
      0,
      0,
      0,
      0,
      0,
      0,
      0,
      0,
      0,
      0,
      0,
      0,
      0,
      0,
      0,
      0,
      0,
      0,
      0,
      0,
      835,
      835,
      835,
      835,
      835,
      840,
      840,
      840,
      840,
      840,
      840,
      840,
      840,
      840,
      840,
      840,
      840,
      0,
      0,
      0,
      0,
      0,
      0,
      0,
      0,
      0,
      0,
      0,
      0,
      0,
      0,
      0,
      0,
      0,
      0,
      0,
      0,
      0,
      0,
      863,
      0,
      0,
      0,
      841,
      841,
      841,
      841,
      841,
      0,
      0,
      0,
      0,
      852,
      852,
      852,
      852,
      852,
      852,
      852,
      852,
      846,
      846,
      846,
      846,
      846,
      846,
      846,
      846,
      846,
      846,
      0,
      0,
      0,
      0,
      0,
      0,
      0,
      0,
      857,
      857,
      857,
      857,
      857,
      857,
      853,
      853,
      853,
      853,
      853,
      853,
      853,
      853,
      853,
      853,
      830,
      830,
      830,
      830,
      866,
      866,
      866,
      866,
      824,
      824,
      836,
      836,
      836,
      836,
      836,
      836,
      836,
      836,
      836,
      836,
      836,
      842,
      842,
      842,
      842,
      842,
      842,
      842,
      842,
      842,
      842,
      842,
      0,
      0,
      0,
      0,
      847,
      847,
      847,
      847,
      847,
      847,
      847,
      847,
      847,
      0,
      0,
      0,
      0,
      0,
      0,
      0,
      0,
      0,
      0,
      0,
      0,
      0,
      0,
      0,
      0,
      0,
      0,
      0,
      0,
      0,
      0,
      0,
      0,
      0,
      0,
      0,
      0,
      0,
      0,
      0,
      0,
      0,
      0,
      0,
      0,
      0,
      0,
      0,
      0,
      0,
      0,
      0,
      0,
      0,
      0,
      0,
      0,
      0,
      0,
      0,
      0,
      0,
      831,
      831,
      0,
      0,
      0,
      0,
      0,
      0,
      0,
      0,
      0,
      0,
      0,
      0,
      0,
      838,
      838,
      838,
      838,
      838,
      838,
      838,
      838,
      843,
      843,
      843,
      843,
      844,
      844,
      844,
      844,
      844,
      844,
      0,
      0,
      0,
      0,
      0,
      0,
      0,
      858,
      858,
      858,
      858,
      858,
      858,
      858,
      858,
      858,
      0,
      0,
      0,
      0,
      0,
      0,
      0,
      0,
      0,
      0,
      0,
      0,
      0,
      0,
      0,
      0,
      0,
      0,
      0,
      0,
      0,
      0,
      0,
      0,
      0,
      0,
      0,
      0,
      0,
      0,
      0,
      0,
      0,
      0,
      0,
      0,
      0,
      0,
      0,
      0,
      895,
      895,
      895,
      895,
      895,
      895
    ],
    [
      848,
      848,
      848,
      848,
      848,
      848,
      848,
      0,
      0,
      0,
      0,
      0,
      0,
      0,
      832,
      832,
      832,
      832,
      832,
      832,
      832,
      832,
      832,
      833,
      833,
      833,
      833,
      833,
      833,
      833,
      849,
      849,
      849,
      849,
      849,
      849,
      849,
      849,
      854,
      854,
      854,
      854,
      854,
      854,
      854,
      854,
      854,
      839,
      839,
      839,
      839,
      839,
      839,
      839,
      861,
      861,
      861,
      861,
      861,
      861,
      861,
      861,
      861,
      861,
      861,
      861,
      855,
      855,
      855,
      855,
      855,
      855,
      855,
      855,
      850,
      850,
      850,
      850,
      850,
      851,
      851,
      851,
      851,
      851,
      851,
      851,
      851,
      851,
      851,
      851,
      851,
      845,
      845,
      845,
      845,
      845,
      845,
      845,
      845,
      0,
      0,
      0,
      845,
      845,
      845,
      845,
      845,
      845,
      845,
      856,
      856,
      856,
      856,
      856,
      856,
      856,
      0,
      0,
      0,
      0,
      0,
      0,
      0,
      0,
      0,
      0,
      0,
      0,
      0,
      0,
      0,
      0,
      0,
      0,
      0,
      0,
      0,
      0,
      0,
      0,
      0,
      0,
      0,
      0,
      0,
      0,
      0,
      0,
      0,
      0,
      0,
      0,
      0,
      0,
      0,
      0,
      0,
      0,
      0,
      0,
      0,
      0,
      0,
      0,
      0,
      828,
      828,
      828,
      837,
      837,
      837,
      837,
      837,
      816,
      0,
      0,
      0,
      0,
      0,
      0,
      0,
      0,
      0,
      0,
      0,
      0,
      0,
      0,
      0,
      0,
      0,
      0,
      0,
      0,
      0,
      0,
      0,
      0,
      0,
      0,
      0,
      0,
      0,
      0,
      0,
      0,
      0,
      0,
      0,
      0,
      0,
      0,
      0,
      0,
      0,
      0,
      0,
      0,
      0,
      0,
      0,
      0,
      0,
      0,
      0,
      835,
      835,
      835,
      835,
      835,
      840,
      840,
      840,
      840,
      840,
      840,
      840,
      840,
      840,
      840,
      840,
      840,
      0,
      0,
      0,
      0,
      0,
      0,
      0,
      0,
      0,
      0,
      0,
      0,
      0,
      0,
      0,
      0,
      0,
      0,
      0,
      0,
      0,
      0,
      863,
      863,
      0,
      0,
      841,
      841,
      841,
      841,
      841,
      0,
      0,
      0,
      0,
      852,
      852,
      852,
      852,
      852,
      852,
      852,
      852,
      846,
      846,
      846,
      846,
      846,
      846,
      846,
      846,
      846,
      846,
      0,
      0,
      0,
      0,
      0,
      857,
      857,
      857,
      857,
      857,
      857,
      857,
      857,
      857,
      853,
      853,
      853,
      853,
      853,
      853,
      853,
      853,
      853,
      853,
      830,
      830,
      830,
      830,
      866,
      866,
      866,
      866,
      866,
      824,
      836,
      836,
      836,
      836,
      836,
      836,
      836,
      836,
      836,
      836,
      836,
      842,
      842,
      842,
      842,
      842,
      842,
      842,
      842,
      842,
      842,
      842,
      842,
      842,
      0,
      0,
      847,
      847,
      847,
      847,
      847,
      0,
      0,
      0,
      0,
      0,
      0,
      0,
      0,
      0,
      0,
      0,
      0,
      0,
      0,
      0,
      0,
      0,
      0,
      0,
      0,
      0,
      0,
      0,
      0,
      0,
      0,
      0,
      0,
      0,
      0,
      0,
      0,
      0,
      0,
      0,
      0,
      0,
      0,
      0,
      0,
      0,
      0,
      0,
      0,
      0,
      0,
      0,
      0,
      0,
      0,
      0,
      0,
      0,
      0,
      0,
      0,
      0,
      0,
      0,
      0,
      0,
      0,
      0,
      0,
      0,
      0,
      0,
      0,
      0,
      0,
      0,
      0,
      838,
      838,
      838,
      838,
      838,
      838,
      838,
      838,
      843,
      843,
      843,
      843,
      844,
      844,
      844,
      844,
      844,
      844,
      0,
      0,
      0,
      0,
      0,
      0,
      0,
      858,
      858,
      858,
      858,
      858,
      858,
      858,
      858,
      858,
      0,
      0,
      0,
      0,
      0,
      0,
      0,
      0,
      0,
      0,
      0,
      0,
      0,
      0,
      0,
      0,
      0,
      0,
      0,
      0,
      0,
      0,
      0,
      0,
      0,
      0,
      0,
      0,
      0,
      0,
      0,
      0,
      0,
      0,
      0,
      0,
      0,
      0,
      0,
      895,
      895,
      895,
      895,
      895,
      895,
      895
    ],
    [
      848,
      848,
      848,
      848,
      848,
      848,
      848,
      0,
      0,
      0,
      0,
      0,
      0,
      0,
      832,
      832,
      832,
      832,
      832,
      832,
      832,
      832,
      832,
      833,
      833,
      833,
      833,
      833,
      833,
      833,
      849,
      849,
      849,
      849,
      849,
      849,
      849,
      849,
      854,
      854,
      854,
      854,
      854,
      854,
      854,
      854,
      854,
      869,
      839,
      839,
      839,
      839,
      839,
      839,
      861,
      861,
      861,
      861,
      861,
      861,
      861,
      861,
      861,
      861,
      861,
      861,
      855,
      855,
      855,
      855,
      855,
      855,
      855,
      855,
      850,
      850,
      850,
      850,
      850,
      851,
      851,
      851,
      851,
      851,
      851,
      851,
      851,
      851,
      851,
      851,
      851,
      851,
      845,
      845,
      845,
      845,
      845,
      845,
      845,
      845,
      0,
      0,
      845,
      845,
      845,
      845,
      845,
      845,
      845,
      856,
      856,
      856,
      856,
      856,
      856,
      856,
      856,
      856,
      0,
      0,
      0,
      0,
      0,
      0,
      0,
      0,
      0,
      0,
      0,
      0,
      0,
      0,
      0,
      0,
      0,
      0,
      0,
      0,
      0,
      0,
      0,
      0,
      0,
      0,
      0,
      0,
      0,
      0,
      0,
      0,
      0,
      0,
      0,
      0,
      0,
      0,
      0,
      0,
      0,
      0,
      0,
      0,
      0,
      0,
      0,
      0,
      890,
      828,
      837,
      837,
      837,
      837,
      837,
      837,
      0,
      0,
      0,
      0,
      0,
      0,
      0,
      0,
      0,
      0,
      0,
      0,
      0,
      0,
      0,
      0,
      0,
      0,
      0,
      0,
      0,
      0,
      0,
      0,
      0,
      0,
      0,
      0,
      0,
      0,
      0,
      0,
      0,
      0,
      0,
      0,
      0,
      0,
      0,
      0,
      0,
      0,
      0,
      0,
      0,
      0,
      0,
      0,
      0,
      0,
      0,
      0,
      0,
      0,
      0,
      0,
      0,
      0,
      0,
      0,
      840,
      840,
      840,
      840,
      840,
      840,
      840,
      840,
      0,
      0,
      0,
      0,
      0,
      0,
      0,
      0,
      0,
      0,
      0,
      862,
      862,
      862,
      0,
      0,
      0,
      0,
      0,
      0,
      0,
      0,
      863,
      863,
      0,
      0,
      841,
      841,
      841,
      841,
      841,
      0,
      0,
      0,
      0,
      852,
      852,
      852,
      852,
      852,
      852,
      852,
      852,
      846,
      846,
      846,
      846,
      846,
      846,
      846,
      846,
      846,
      846,
      0,
      0,
      0,
      0,
      857,
      857,
      857,
      857,
      857,
      857,
      857,
      857,
      857,
      857,
      853,
      853,
      853,
      853,
      853,
      853,
      853,
      853,
      853,
      853,
      830,
      830,
      830,
      830,
      866,
      866,
      866,
      866,
      866,
      824,
      836,
      836,
      836,
      836,
      836,
      836,
      836,
      836,
      836,
      836,
      836,
      842,
      842,
      842,
      842,
      842,
      842,
      842,
      842,
      842,
      842,
      842,
      842,
      842,
      842,
      0,
      847,
      847,
      847,
      847,
      847,
      0,
      0,
      0,
      0,
      0,
      0,
      0,
      0,
      0,
      0,
      0,
      0,
      0,
      0,
      0,
      0,
      0,
      0,
      0,
      0,
      0,
      0,
      0,
      0,
      0,
      0,
      0,
      0,
      0,
      0,
      0,
      0,
      0,
      0,
      0,
      0,
      0,
      0,
      0,
      0,
      0,
      0,
      0,
      0,
      0,
      0,
      0,
      0,
      0,
      0,
      0,
      0,
      0,
      0,
      0,
      0,
      0,
      0,
      0,
      0,
      0,
      0,
      0,
      0,
      0,
      0,
      0,
      0,
      0,
      0,
      0,
      0,
      838,
      838,
      838,
      838,
      838,
      838,
      838,
      838,
      843,
      843,
      843,
      843,
      844,
      844,
      844,
      844,
      844,
      844,
      0,
      0,
      0,
      0,
      0,
      0,
      0,
      858,
      858,
      858,
      858,
      858,
      858,
      858,
      858,
      858,
      864,
      864,
      864,
      0,
      0,
      0,
      0,
      0,
      0,
      0,
      0,
      0,
      0,
      0,
      0,
      0,
      0,
      0,
      0,
      0,
      0,
      0,
      0,
      0,
      0,
      0,
      0,
      0,
      0,
      0,
      0,
      0,
      0,
      0,
      0,
      0,
      0,
      0,
      0,
      895,
      895,
      895,
      895,
      895,
      895,
      895
    ],
    [
      848,
      848,
      848,
      848,
      848,
      848,
      0,
      0,
      0,
      0,
      0,
      0,
      0,
      0,
      0,
      832,
      832,
      832,
      832,
      832,
      832,
      832,
      832,
      833,
      833,
      833,
      888,
      888,
      888,
      888,
      849,
      849,
      849,
      849,
      849,
      849,
      849,
      849,
      849,
      854,
      854,
      854,
      854,
      854,
      854,
      854,
      854,
      869,
      869,
      839,
      839,
      869,
      869,
      869,
      869,
      861,
      861,
      861,
      861,
      861,
      861,
      861,
      861,
      861,
      861,
      861,
      855,
      855,
      855,
      855,
      855,
      855,
      855,
      855,
      850,
      850,
      850,
      850,
      850,
      851,
      851,
      851,
      851,
      851,
      851,
      851,
      851,
      851,
      851,
      851,
      851,
      851,
      845,
      845,
      845,
      845,
      845,
      845,
      845,
      845,
      845,
      0,
      0,
      0,
      0,
      845,
      845,
      845,
      845,
      856,
      856,
      856,
      856,
      856,
      856,
      856,
      856,
      856,
      856,
      0,
      0,
      0,
      0,
      0,
      0,
      0,
      0,
      0,
      0,
      0,
      0,
      0,
      0,
      0,
      0,
      0,
      0,
      0,
      0,
      0,
      0,
      0,
      0,
      0,
      0,
      0,
      0,
      0,
      0,
      0,
      0,
      0,
      0,
      0,
      0,
      0,
      0,
      0,
      0,
      0,
      0,
      0,
      0,
      0,
      0,
      0,
      890,
      890,
      837,
      837,
      837,
      837,
      837,
      0,
      0,
      0,
      0,
      0,
      0,
      0,
      0,
      0,
      0,
      0,
      0,
      0,
      0,
      0,
      0,
      0,
      0,
      0,
      0,
      0,
      0,
      0,
      0,
      0,
      0,
      0,
      0,
      0,
      0,
      0,
      0,
      0,
      0,
      0,
      0,
      0,
      0,
      0,
      0,
      0,
      0,
      0,
      0,
      0,
      0,
      0,
      0,
      0,
      0,
      0,
      0,
      0,
      0,
      0,
      0,
      0,
      0,
      0,
      0,
      0,
      840,
      840,
      840,
      840,
      840,
      840,
      840,
      840,
      0,
      0,
      0,
      0,
      0,
      0,
      0,
      0,
      0,
      862,
      862,
      862,
      862,
      862,
      0,
      0,
      0,
      0,
      0,
      0,
      0,
      0,
      863,
      863,
      863,
      863,
      841,
      841,
      841,
      841,
      841,
      0,
      0,
      0,
      0,
      0,
      0,
      0,
      852,
      852,
      852,
      852,
      852,
      846,
      846,
      846,
      846,
      846,
      846,
      846,
      846,
      846,
      846,
      871,
      871,
      871,
      871,
      857,
      857,
      857,
      857,
      857,
      857,
      857,
      857,
      857,
      857,
      853,
      853,
      853,
      853,
      853,
      853,
      853,
      853,
      853,
      853,
      830,
      830,
      830,
      830,
      866,
      866,
      866,
      866,
      866,
      866,
      836,
      836,
      836,
      836,
      836,
      836,
      836,
      836,
      836,
      836,
      836,
      842,
      842,
      842,
      842,
      842,
      842,
      842,
      842,
      842,
      842,
      842,
      842,
      842,
      842,
      878,
      878,
      878,
      878,
      878,
      847,
      0,
      0,
      0,
      0,
      0,
      0,
      0,
      0,
      0,
      0,
      0,
      0,
      0,
      0,
      0,
      0,
      0,
      0,
      0,
      0,
      0,
      0,
      0,
      0,
      0,
      0,
      0,
      0,
      0,
      0,
      0,
      0,
      0,
      0,
      0,
      0,
      0,
      0,
      0,
      0,
      0,
      0,
      0,
      0,
      0,
      0,
      0,
      0,
      0,
      0,
      0,
      0,
      0,
      0,
      0,
      0,
      0,
      0,
      0,
      0,
      0,
      0,
      0,
      0,
      0,
      0,
      0,
      0,
      0,
      0,
      0,
      0,
      838,
      838,
      838,
      838,
      838,
      838,
      838,
      0,
      0,
      0,
      0,
      843,
      844,
      844,
      0,
      0,
      0,
      0,
      0,
      0,
      0,
      0,
      0,
      0,
      858,
      858,
      858,
      858,
      858,
      858,
      858,
      858,
      858,
      874,
      864,
      864,
      864,
      864,
      864,
      864,
      864,
      0,
      0,
      0,
      0,
      0,
      0,
      0,
      0,
      0,
      0,
      0,
      0,
      0,
      0,
      0,
      0,
      860,
      860,
      860,
      860,
      860,
      860,
      860,
      860,
      0,
      0,
      0,
      0,
      0,
      0,
      0,
      0,
      895,
      895,
      895,
      895,
      895,
      895,
      895
    ],
    [
      848,
      848,
      848,
      848,
      848,
      848,
      0,
      0,
      0,
      0,
      0,
      0,
      0,
      0,
      0,
      0,
      0,
      832,
      832,
      832,
      832,
      832,
      832,
      833,
      833,
      833,
      888,
      888,
      888,
      888,
      888,
      849,
      849,
      849,
      849,
      849,
      849,
      849,
      854,
      854,
      854,
      854,
      854,
      854,
      854,
      854,
      854,
      869,
      869,
      839,
      869,
      869,
      869,
      861,
      861,
      861,
      861,
      861,
      861,
      861,
      861,
      861,
      861,
      861,
      861,
      861,
      855,
      855,
      855,
      855,
      855,
      855,
      855,
      855,
      850,
      850,
      850,
      850,
      850,
      851,
      851,
      851,
      851,
      851,
      851,
      851,
      851,
      851,
      851,
      851,
      851,
      851,
      845,
      845,
      845,
      845,
      845,
      845,
      845,
      845,
      845,
      845,
      845,
      845,
      845,
      845,
      845,
      845,
      845,
      845,
      845,
      845,
      856,
      856,
      856,
      856,
      856,
      856,
      856,
      856,
      0,
      0,
      0,
      0,
      0,
      0,
      0,
      0,
      0,
      0,
      0,
      0,
      0,
      0,
      0,
      0,
      0,
      0,
      0,
      0,
      859,
      859,
      859,
      859,
      859,
      0,
      0,
      0,
      0,
      0,
      0,
      0,
      0,
      0,
      0,
      0,
      0,
      0,
      0,
      0,
      0,
      0,
      0,
      0,
      0,
      0,
      890,
      890,
      890,
      890,
      890,
      890,
      0,
      0,
      0,
      0,
      0,
      0,
      0,
      0,
      0,
      0,
      0,
      0,
      0,
      0,
      0,
      0,
      0,
      0,
      0,
      0,
      0,
      0,
      0,
      0,
      0,
      0,
      0,
      0,
      0,
      0,
      0,
      0,
      0,
      0,
      0,
      0,
      0,
      0,
      0,
      0,
      0,
      0,
      0,
      0,
      0,
      0,
      0,
      0,
      0,
      0,
      0,
      0,
      0,
      0,
      0,
      0,
      0,
      0,
      0,
      0,
      0,
      0,
      0,
      0,
      0,
      0,
      0,
      0,
      0,
      0,
      0,
      0,
      0,
      0,
      0,
      0,
      0,
      0,
      862,
      862,
      862,
      862,
      862,
      862,
      0,
      0,
      0,
      0,
      0,
      0,
      0,
      0,
      863,
      863,
      863,
      863,
      841,
      841,
      841,
      841,
      0,
      0,
      0,
      0,
      0,
      0,
      0,
      0,
      852,
      852,
      852,
      852,
      852,
      852,
      852,
      852,
      852,
      852,
      846,
      846,
      846,
      846,
      846,
      871,
      871,
      871,
      871,
      857,
      857,
      857,
      857,
      857,
      857,
      857,
      857,
      857,
      857,
      853,
      853,
      853,
      853,
      853,
      853,
      853,
      853,
      853,
      853,
      853,
      830,
      830,
      830,
      866,
      866,
      866,
      866,
      866,
      866,
      866,
      836,
      836,
      836,
      836,
      836,
      836,
      836,
      836,
      836,
      836,
      842,
      842,
      842,
      842,
      842,
      842,
      842,
      842,
      842,
      842,
      842,
      842,
      842,
      842,
      878,
      878,
      878,
      878,
      878,
      847,
      0,
      0,
      0,
      0,
      0,
      0,
      0,
      0,
      0,
      0,
      0,
      0,
      0,
      0,
      0,
      0,
      0,
      0,
      0,
      0,
      0,
      0,
      0,
      0,
      0,
      0,
      0,
      0,
      0,
      0,
      0,
      0,
      0,
      0,
      0,
      0,
      0,
      0,
      0,
      0,
      0,
      0,
      0,
      0,
      0,
      0,
      0,
      0,
      0,
      0,
      0,
      0,
      0,
      0,
      0,
      0,
      0,
      0,
      0,
      0,
      0,
      0,
      0,
      0,
      0,
      0,
      0,
      0,
      0,
      0,
      0,
      0,
      0,
      0,
      0,
      0,
      0,
      0,
      0,
      0,
      0,
      0,
      0,
      0,
      0,
      0,
      0,
      0,
      0,
      0,
      0,
      0,
      0,
      0,
      0,
      858,
      858,
      858,
      858,
      858,
      858,
      858,
      858,
      858,
      858,
      874,
      864,
      864,
      864,
      864,
      864,
      864,
      864,
      864,
      0,
      0,
      0,
      0,
      0,
      0,
      0,
      860,
      860,
      860,
      860,
      860,
      860,
      860,
      860,
      860,
      860,
      860,
      860,
      860,
      860,
      860,
      860,
      860,
      901,
      0,
      0,
      0,
      0,
      0,
      0,
      895,
      895,
      895,
      895,
      895,
      895,
      895
    ],
    [
      0,
      0,
      848,
      848,
      848,
      848,
      0,
      0,
      0,
      0,
      0,
      0,
      0,
      0,
      0,
      0,
      0,
      832,
      832,
      832,
      832,
      832,
      832,
      832,
      888,
      888,
      888,
      888,
      888,
      888,
      888,
      849,
      849,
      849,
      849,
      849,
      854,
      854,
      854,
      854,
      854,
      854,
      854,
      854,
      854,
      854,
      854,
      869,
      869,
      869,
      869,
      869,
      869,
      861,
      861,
      861,
      861,
      861,
      861,
      861,
      861,
      861,
      861,
      861,
      861,
      861,
      855,
      855,
      855,
      855,
      855,
      855,
      855,
      855,
      850,
      850,
      850,
      850,
      850,
      851,
      851,
      851,
      851,
      851,
      851,
      851,
      851,
      851,
      851,
      851,
      851,
      851,
      845,
      845,
      845,
      880,
      845,
      845,
      845,
      845,
      845,
      845,
      845,
      845,
      845,
      845,
      845,
      845,
      845,
      845,
      845,
      845,
      845,
      845,
      845,
      856,
      856,
      856,
      856,
      856,
      0,
      0,
      0,
      0,
      0,
      0,
      0,
      0,
      0,
      0,
      0,
      0,
      0,
      0,
      0,
      0,
      0,
      0,
      0,
      0,
      859,
      859,
      859,
      859,
      859,
      0,
      0,
      0,
      0,
      0,
      0,
      0,
      0,
      0,
      0,
      0,
      0,
      0,
      0,
      0,
      0,
      0,
      0,
      0,
      0,
      0,
      890,
      890,
      890,
      890,
      890,
      0,
      0,
      0,
      0,
      0,
      0,
      0,
      0,
      0,
      0,
      0,
      0,
      0,
      0,
      0,
      0,
      0,
      865,
      865,
      865,
      865,
      865,
      865,
      0,
      0,
      0,
      0,
      0,
      0,
      0,
      0,
      0,
      0,
      0,
      0,
      0,
      0,
      0,
      876,
      876,
      876,
      876,
      0,
      0,
      0,
      0,
      0,
      0,
      0,
      0,
      0,
      0,
      0,
      0,
      0,
      0,
      0,
      0,
      0,
      0,
      0,
      0,
      0,
      0,
      0,
      0,
      0,
      0,
      0,
      0,
      0,
      0,
      0,
      0,
      0,
      0,
      0,
      0,
      862,
      862,
      862,
      862,
      862,
      862,
      862,
      0,
      0,
      0,
      0,
      0,
      0,
      0,
      0,
      863,
      863,
      863,
      863,
      841,
      841,
      841,
      841,
      0,
      0,
      0,
      0,
      0,
      0,
      0,
      0,
      0,
      852,
      852,
      852,
      852,
      852,
      852,
      852,
      852,
      852,
      871,
      871,
      871,
      871,
      871,
      871,
      871,
      871,
      871,
      857,
      857,
      857,
      857,
      857,
      857,
      857,
      857,
      857,
      857,
      853,
      853,
      853,
      853,
      853,
      853,
      853,
      853,
      853,
      853,
      853,
      853,
      830,
      830,
      866,
      866,
      866,
      866,
      866,
      866,
      866,
      866,
      836,
      836,
      836,
      836,
      836,
      836,
      836,
      836,
      836,
      842,
      842,
      842,
      842,
      842,
      842,
      842,
      842,
      842,
      842,
      878,
      878,
      878,
      878,
      878,
      878,
      878,
      878,
      878,
      878,
      0,
      0,
      0,
      0,
      0,
      0,
      0,
      0,
      0,
      0,
      0,
      0,
      0,
      0,
      0,
      0,
      0,
      0,
      0,
      0,
      0,
      0,
      0,
      0,
      0,
      0,
      0,
      0,
      0,
      0,
      0,
      0,
      0,
      0,
      0,
      0,
      0,
      0,
      0,
      0,
      0,
      0,
      0,
      0,
      0,
      0,
      0,
      0,
      0,
      0,
      0,
      0,
      0,
      0,
      0,
      0,
      0,
      0,
      0,
      0,
      0,
      0,
      0,
      0,
      0,
      0,
      0,
      0,
      0,
      0,
      0,
      0,
      0,
      0,
      0,
      0,
      0,
      0,
      0,
      0,
      0,
      0,
      0,
      0,
      0,
      0,
      0,
      0,
      0,
      0,
      0,
      0,
      0,
      0,
      858,
      858,
      858,
      858,
      858,
      858,
      858,
      858,
      858,
      858,
      874,
      874,
      864,
      864,
      864,
      864,
      864,
      864,
      864,
      864,
      0,
      0,
      0,
      0,
      0,
      0,
      0,
      860,
      860,
      860,
      860,
      860,
      860,
      860,
      860,
      860,
      860,
      860,
      860,
      860,
      860,
      860,
      860,
      860,
      901,
      901,
      0,
      895,
      895,
      895,
      895,
      895,
      895,
      895,
      895,
      895,
      895,
      895
    ],
    [
      0,
      0,
      848,
      0,
      0,
      0,
      0,
      0,
      0,
      0,
      0,
      0,
      0,
      0,
      0,
      0,
      868,
      868,
      868,
      868,
      868,
      868,
      868,
      888,
      888,
      888,
      888,
      888,
      888,
      888,
      888,
      849,
      849,
      849,
      849,
      854,
      854,
      854,
      854,
      854,
      854,
      854,
      854,
      854,
      869,
      869,
      869,
      869,
      869,
      869,
      869,
      869,
      869,
      861,
      861,
      861,
      861,
      861,
      861,
      861,
      861,
      861,
      861,
      861,
      861,
      861,
      855,
      855,
      855,
      855,
      855,
      855,
      855,
      855,
      850,
      0,
      0,
      0,
      0,
      0,
      851,
      851,
      851,
      851,
      851,
      851,
      851,
      851,
      851,
      851,
      851,
      851,
      845,
      880,
      880,
      880,
      845,
      845,
      845,
      845,
      845,
      845,
      845,
      845,
      845,
      845,
      845,
      845,
      845,
      845,
      845,
      845,
      845,
      845,
      845,
      856,
      856,
      856,
      856,
      856,
      0,
      0,
      0,
      0,
      0,
      0,
      0,
      0,
      0,
      0,
      0,
      0,
      0,
      0,
      0,
      0,
      0,
      0,
      0,
      0,
      859,
      859,
      859,
      859,
      859,
      0,
      0,
      0,
      0,
      0,
      0,
      0,
      0,
      0,
      0,
      0,
      0,
      0,
      0,
      0,
      0,
      0,
      0,
      0,
      0,
      0,
      890,
      890,
      890,
      890,
      890,
      890,
      890,
      890,
      890,
      890,
      890,
      0,
      0,
      0,
      0,
      0,
      0,
      0,
      0,
      0,
      0,
      865,
      865,
      865,
      865,
      865,
      865,
      865,
      875,
      875,
      0,
      0,
      0,
      0,
      0,
      0,
      0,
      0,
      0,
      0,
      0,
      0,
      876,
      876,
      876,
      876,
      876,
      0,
      0,
      0,
      0,
      0,
      0,
      0,
      0,
      0,
      0,
      0,
      0,
      0,
      0,
      0,
      0,
      0,
      0,
      0,
      0,
      0,
      0,
      0,
      0,
      0,
      0,
      0,
      0,
      0,
      0,
      0,
      0,
      0,
      0,
      0,
      862,
      862,
      862,
      862,
      862,
      862,
      862,
      0,
      0,
      0,
      0,
      0,
      0,
      0,
      0,
      0,
      863,
      863,
      863,
      863,
      863,
      863,
      863,
      863,
      0,
      0,
      0,
      0,
      0,
      0,
      0,
      0,
      0,
      852,
      852,
      852,
      852,
      852,
      852,
      852,
      852,
      871,
      871,
      871,
      871,
      871,
      871,
      871,
      871,
      871,
      871,
      857,
      857,
      857,
      857,
      857,
      857,
      857,
      857,
      857,
      857,
      853,
      853,
      853,
      853,
      853,
      853,
      853,
      853,
      853,
      853,
      853,
      853,
      866,
      866,
      866,
      866,
      866,
      866,
      866,
      866,
      866,
      866,
      872,
      836,
      836,
      836,
      836,
      836,
      842,
      842,
      842,
      842,
      842,
      842,
      842,
      842,
      842,
      842,
      842,
      842,
      878,
      878,
      878,
      878,
      878,
      878,
      878,
      878,
      878,
      878,
      878,
      0,
      0,
      0,
      0,
      0,
      0,
      0,
      0,
      0,
      0,
      0,
      0,
      0,
      0,
      0,
      0,
      0,
      0,
      0,
      0,
      0,
      0,
      0,
      0,
      0,
      0,
      0,
      0,
      0,
      0,
      0,
      0,
      0,
      0,
      0,
      0,
      0,
      0,
      0,
      0,
      0,
      0,
      0,
      0,
      0,
      0,
      0,
      0,
      0,
      0,
      0,
      0,
      0,
      0,
      0,
      0,
      0,
      0,
      0,
      0,
      0,
      0,
      0,
      0,
      0,
      0,
      0,
      0,
      0,
      0,
      0,
      0,
      0,
      0,
      0,
      0,
      0,
      0,
      0,
      0,
      0,
      0,
      0,
      0,
      0,
      0,
      0,
      0,
      0,
      0,
      0,
      0,
      0,
      867,
      867,
      867,
      867,
      867,
      858,
      858,
      858,
      874,
      874,
      874,
      874,
      874,
      864,
      864,
      864,
      864,
      864,
      864,
      864,
      864,
      864,
      864,
      0,
      0,
      0,
      0,
      0,
      860,
      860,
      860,
      860,
      860,
      860,
      860,
      860,
      860,
      860,
      860,
      860,
      860,
      860,
      860,
      860,
      860,
      901,
      901,
      901,
      895,
      895,
      895,
      895,
      895,
      895,
      895,
      895,
      895,
      895,
      895
    ],
    [
      0,
      0,
      0,
      0,
      0,
      0,
      0,
      0,
      0,
      0,
      0,
      0,
      0,
      0,
      0,
      0,
      868,
      868,
      868,
      868,
      868,
      868,
      868,
      888,
      888,
      888,
      888,
      888,
      888,
      888,
      888,
      888,
      849,
      849,
      854,
      854,
      854,
      854,
      854,
      854,
      854,
      854,
      869,
      869,
      869,
      869,
      869,
      869,
      869,
      869,
      869,
      869,
      869,
      861,
      861,
      861,
      861,
      861,
      861,
      861,
      861,
      861,
      861,
      861,
      861,
      861,
      855,
      855,
      855,
      855,
      855,
      855,
      855,
      0,
      0,
      0,
      0,
      0,
      0,
      0,
      0,
      0,
      851,
      851,
      851,
      851,
      851,
      851,
      851,
      851,
      851,
      880,
      880,
      880,
      880,
      880,
      880,
      880,
      880,
      845,
      845,
      845,
      845,
      881,
      881,
      881,
      881,
      845,
      845,
      845,
      845,
      845,
      845,
      845,
      845,
      856,
      856,
      856,
      856,
      856,
      856,
      856,
      856,
      856,
      0,
      0,
      0,
      0,
      0,
      0,
      0,
      0,
      0,
      0,
      0,
      0,
      0,
      0,
      0,
      0,
      859,
      859,
      859,
      859,
      859,
      0,
      0,
      0,
      0,
      0,
      0,
      0,
      0,
      0,
      0,
      0,
      0,
      0,
      0,
      0,
      0,
      0,
      0,
      0,
      0,
      0,
      890,
      890,
      890,
      890,
      890,
      890,
      890,
      890,
      890,
      890,
      890,
      0,
      0,
      0,
      0,
      0,
      0,
      0,
      0,
      0,
      0,
      865,
      865,
      865,
      865,
      865,
      865,
      865,
      875,
      875,
      875,
      0,
      0,
      0,
      0,
      0,
      0,
      0,
      0,
      0,
      0,
      876,
      876,
      876,
      876,
      876,
      876,
      0,
      0,
      0,
      0,
      0,
      0,
      0,
      0,
      0,
      0,
      0,
      0,
      0,
      0,
      0,
      0,
      0,
      0,
      0,
      0,
      0,
      0,
      0,
      0,
      0,
      0,
      0,
      0,
      0,
      0,
      0,
      0,
      0,
      0,
      0,
      862,
      862,
      862,
      862,
      862,
      862,
      862,
      0,
      0,
      0,
      0,
      0,
      0,
      0,
      0,
      899,
      863,
      863,
      863,
      863,
      863,
      863,
      863,
      0,
      0,
      0,
      0,
      0,
      0,
      0,
      0,
      0,
      0,
      852,
      852,
      852,
      871,
      871,
      871,
      871,
      871,
      871,
      871,
      871,
      871,
      871,
      871,
      871,
      871,
      871,
      871,
      871,
      871,
      871,
      871,
      871,
      871,
      857,
      857,
      857,
      857,
      853,
      853,
      877,
      877,
      877,
      877,
      877,
      853,
      853,
      853,
      853,
      853,
      866,
      866,
      866,
      866,
      866,
      866,
      866,
      866,
      866,
      866,
      872,
      872,
      836,
      836,
      836,
      873,
      873,
      873,
      873,
      873,
      873,
      842,
      842,
      842,
      842,
      842,
      842,
      842,
      878,
      878,
      878,
      878,
      878,
      878,
      878,
      878,
      878,
      878,
      878,
      878,
      0,
      0,
      0,
      0,
      0,
      0,
      0,
      0,
      0,
      0,
      0,
      0,
      0,
      0,
      0,
      0,
      0,
      0,
      0,
      0,
      0,
      0,
      0,
      0,
      0,
      0,
      0,
      0,
      0,
      0,
      0,
      0,
      0,
      0,
      0,
      0,
      0,
      0,
      0,
      0,
      0,
      0,
      0,
      0,
      0,
      0,
      0,
      0,
      0,
      0,
      0,
      0,
      0,
      0,
      0,
      0,
      0,
      0,
      0,
      0,
      0,
      0,
      0,
      0,
      0,
      0,
      0,
      0,
      0,
      0,
      0,
      0,
      0,
      0,
      0,
      0,
      0,
      0,
      0,
      0,
      0,
      0,
      0,
      0,
      0,
      0,
      0,
      0,
      0,
      0,
      0,
      0,
      867,
      867,
      867,
      867,
      867,
      867,
      874,
      858,
      874,
      874,
      874,
      874,
      874,
      864,
      864,
      864,
      864,
      864,
      864,
      864,
      864,
      864,
      864,
      0,
      0,
      0,
      0,
      0,
      860,
      860,
      860,
      860,
      860,
      860,
      860,
      860,
      860,
      860,
      860,
      860,
      860,
      860,
      860,
      860,
      860,
      901,
      901,
      901,
      901,
      895,
      895,
      895,
      895,
      895,
      895,
      895,
      895,
      895,
      895
    ],
    [
      0,
      0,
      0,
      0,
      0,
      0,
      0,
      0,
      0,
      0,
      0,
      0,
      0,
      0,
      0,
      0,
      868,
      868,
      868,
      868,
      868,
      868,
      868,
      888,
      888,
      888,
      888,
      888,
      888,
      888,
      888,
      888,
      888,
      888,
      888,
      869,
      869,
      869,
      869,
      869,
      869,
      869,
      869,
      869,
      869,
      869,
      869,
      869,
      869,
      869,
      869,
      869,
      869,
      861,
      861,
      861,
      861,
      861,
      861,
      861,
      861,
      861,
      861,
      861,
      861,
      861,
      861,
      861,
      861,
      861,
      861,
      0,
      0,
      0,
      0,
      0,
      0,
      0,
      0,
      0,
      0,
      0,
      0,
      851,
      851,
      851,
      851,
      851,
      851,
      851,
      880,
      880,
      880,
      880,
      880,
      880,
      880,
      880,
      880,
      845,
      845,
      845,
      845,
      881,
      881,
      881,
      881,
      881,
      845,
      845,
      845,
      845,
      845,
      845,
      845,
      856,
      856,
      856,
      856,
      856,
      856,
      856,
      856,
      856,
      0,
      0,
      0,
      0,
      0,
      0,
      0,
      0,
      0,
      0,
      0,
      0,
      0,
      0,
      0,
      0,
      859,
      859,
      859,
      859,
      859,
      0,
      0,
      0,
      0,
      0,
      0,
      0,
      0,
      0,
      0,
      0,
      0,
      0,
      0,
      0,
      0,
      0,
      0,
      0,
      0,
      0,
      890,
      890,
      890,
      890,
      890,
      890,
      890,
      890,
      890,
      890,
      890,
      0,
      0,
      0,
      0,
      0,
      0,
      0,
      0,
      0,
      0,
      865,
      865,
      865,
      865,
      865,
      865,
      865,
      875,
      875,
      875,
      0,
      0,
      0,
      0,
      0,
      0,
      0,
      0,
      0,
      876,
      876,
      876,
      876,
      876,
      0,
      0,
      0,
      0,
      0,
      0,
      0,
      0,
      0,
      0,
      0,
      0,
      0,
      0,
      0,
      0,
      0,
      0,
      0,
      0,
      0,
      0,
      0,
      870,
      870,
      870,
      0,
      0,
      0,
      0,
      0,
      0,
      0,
      0,
      0,
      0,
      0,
      862,
      862,
      862,
      862,
      862,
      862,
      862,
      0,
      0,
      0,
      0,
      0,
      0,
      0,
      904,
      899,
      863,
      863,
      863,
      863,
      863,
      863,
      0,
      0,
      0,
      0,
      0,
      0,
      0,
      0,
      0,
      0,
      0,
      0,
      852,
      852,
      871,
      871,
      871,
      871,
      871,
      871,
      871,
      871,
      871,
      871,
      871,
      871,
      871,
      871,
      871,
      871,
      871,
      871,
      871,
      871,
      871,
      871,
      857,
      857,
      857,
      853,
      853,
      877,
      877,
      877,
      877,
      877,
      853,
      853,
      853,
      853,
      853,
      866,
      866,
      866,
      866,
      866,
      866,
      866,
      866,
      866,
      866,
      872,
      872,
      872,
      872,
      872,
      873,
      873,
      873,
      873,
      873,
      873,
      873,
      873,
      842,
      842,
      842,
      842,
      842,
      878,
      878,
      878,
      878,
      878,
      878,
      878,
      878,
      878,
      878,
      878,
      878,
      879,
      0,
      0,
      0,
      0,
      0,
      0,
      0,
      0,
      0,
      0,
      0,
      0,
      0,
      0,
      0,
      0,
      0,
      0,
      0,
      0,
      0,
      0,
      0,
      0,
      0,
      0,
      0,
      0,
      0,
      0,
      0,
      0,
      0,
      0,
      0,
      0,
      0,
      0,
      0,
      0,
      0,
      0,
      0,
      0,
      0,
      0,
      0,
      0,
      0,
      0,
      0,
      0,
      0,
      0,
      0,
      0,
      0,
      0,
      0,
      0,
      0,
      0,
      0,
      0,
      0,
      0,
      0,
      0,
      0,
      0,
      0,
      0,
      0,
      0,
      0,
      0,
      0,
      0,
      0,
      0,
      0,
      0,
      0,
      0,
      0,
      0,
      0,
      0,
      0,
      0,
      0,
      867,
      867,
      867,
      867,
      867,
      867,
      874,
      874,
      874,
      874,
      874,
      874,
      874,
      864,
      864,
      864,
      864,
      864,
      864,
      864,
      864,
      864,
      864,
      0,
      0,
      0,
      894,
      894,
      883,
      860,
      860,
      860,
      860,
      860,
      860,
      860,
      860,
      860,
      860,
      860,
      860,
      860,
      860,
      860,
      860,
      901,
      901,
      901,
      901,
      895,
      895,
      895,
      895,
      895,
      895,
      895,
      895,
      895,
      895
    ],
    [
      0,
      0,
      0,
      0,
      0,
      0,
      0,
      0,
      0,
      0,
      0,
      0,
      0,
      868,
      868,
      868,
      868,
      868,
      868,
      868,
      868,
      868,
      888,
      888,
      888,
      888,
      888,
      888,
      888,
      888,
      888,
      888,
      888,
      888,
      888,
      888,
      888,
      888,
      888,
      888,
      869,
      869,
      869,
      869,
      869,
      869,
      869,
      869,
      869,
      869,
      869,
      869,
      869,
      861,
      861,
      861,
      861,
      861,
      861,
      861,
      861,
      861,
      861,
      861,
      861,
      861,
      861,
      861,
      861,
      0,
      0,
      0,
      0,
      0,
      0,
      0,
      0,
      0,
      0,
      0,
      0,
      0,
      0,
      0,
      0,
      880,
      880,
      880,
      880,
      880,
      880,
      880,
      880,
      880,
      880,
      880,
      880,
      880,
      880,
      845,
      845,
      845,
      880,
      881,
      881,
      881,
      881,
      881,
      881,
      881,
      845,
      845,
      845,
      845,
      845,
      856,
      856,
      856,
      856,
      856,
      856,
      856,
      856,
      856,
      0,
      0,
      0,
      0,
      0,
      0,
      0,
      0,
      0,
      0,
      0,
      0,
      0,
      0,
      0,
      0,
      0,
      0,
      0,
      0,
      0,
      0,
      0,
      0,
      0,
      0,
      0,
      0,
      0,
      0,
      0,
      0,
      0,
      0,
      0,
      0,
      0,
      0,
      0,
      0,
      0,
      0,
      890,
      890,
      890,
      890,
      890,
      890,
      890,
      890,
      890,
      890,
      890,
      0,
      0,
      0,
      0,
      0,
      0,
      0,
      0,
      0,
      0,
      865,
      865,
      865,
      865,
      865,
      865,
      865,
      875,
      875,
      875,
      875,
      875,
      875,
      876,
      876,
      876,
      876,
      876,
      876,
      876,
      876,
      876,
      876,
      876,
      0,
      0,
      0,
      0,
      0,
      0,
      0,
      0,
      0,
      0,
      0,
      0,
      0,
      0,
      0,
      0,
      0,
      0,
      0,
      870,
      870,
      870,
      870,
      870,
      870,
      870,
      870,
      870,
      870,
      870,
      870,
      870,
      0,
      0,
      0,
      0,
      0,
      862,
      862,
      862,
      862,
      0,
      0,
      0,
      0,
      0,
      0,
      0,
      0,
      904,
      904,
      904,
      899,
      863,
      863,
      863,
      863,
      863,
      863,
      0,
      0,
      0,
      0,
      0,
      0,
      0,
      0,
      0,
      0,
      0,
      0,
      852,
      852,
      871,
      871,
      871,
      871,
      871,
      871,
      871,
      871,
      871,
      871,
      871,
      871,
      871,
      871,
      871,
      871,
      871,
      871,
      871,
      871,
      871,
      871,
      857,
      857,
      857,
      853,
      853,
      877,
      877,
      877,
      877,
      877,
      853,
      853,
      853,
      853,
      853,
      866,
      866,
      866,
      866,
      866,
      866,
      866,
      866,
      866,
      866,
      872,
      872,
      872,
      872,
      872,
      873,
      873,
      873,
      873,
      873,
      873,
      873,
      873,
      0,
      842,
      842,
      878,
      878,
      878,
      878,
      878,
      878,
      878,
      878,
      878,
      878,
      878,
      878,
      878,
      878,
      879,
      879,
      879,
      879,
      879,
      0,
      0,
      0,
      0,
      0,
      0,
      0,
      0,
      0,
      0,
      0,
      0,
      0,
      0,
      0,
      0,
      0,
      0,
      0,
      0,
      0,
      0,
      0,
      0,
      0,
      0,
      0,
      0,
      0,
      0,
      0,
      0,
      0,
      0,
      0,
      0,
      0,
      0,
      0,
      0,
      0,
      0,
      0,
      0,
      0,
      0,
      0,
      0,
      0,
      0,
      0,
      0,
      0,
      0,
      0,
      0,
      0,
      0,
      0,
      0,
      0,
      0,
      0,
      0,
      0,
      0,
      0,
      0,
      0,
      0,
      0,
      0,
      0,
      0,
      0,
      0,
      0,
      0,
      0,
      0,
      0,
      0,
      0,
      0,
      0,
      0,
      0,
      867,
      867,
      867,
      867,
      867,
      867,
      874,
      874,
      874,
      874,
      874,
      874,
      874,
      864,
      864,
      864,
      864,
      864,
      864,
      864,
      864,
      864,
      864,
      0,
      0,
      0,
      894,
      894,
      883,
      883,
      860,
      860,
      860,
      860,
      860,
      860,
      860,
      860,
      860,
      860,
      860,
      860,
      860,
      860,
      860,
      901,
      901,
      901,
      901,
      895,
      895,
      895,
      895,
      895,
      895,
      895,
      895,
      895,
      895
    ],
    [
      0,
      0,
      0,
      0,
      0,
      0,
      0,
      0,
      0,
      0,
      0,
      0,
      0,
      868,
      868,
      868,
      868,
      868,
      868,
      868,
      868,
      868,
      888,
      888,
      888,
      888,
      888,
      888,
      888,
      888,
      888,
      888,
      888,
      888,
      888,
      888,
      888,
      888,
      888,
      888,
      869,
      869,
      869,
      869,
      869,
      869,
      869,
      869,
      869,
      869,
      869,
      869,
      869,
      861,
      861,
      0,
      0,
      0,
      0,
      0,
      0,
      0,
      0,
      0,
      0,
      0,
      0,
      0,
      0,
      0,
      0,
      0,
      0,
      0,
      0,
      0,
      0,
      0,
      0,
      0,
      0,
      0,
      0,
      0,
      0,
      0,
      880,
      880,
      880,
      880,
      880,
      880,
      880,
      880,
      880,
      880,
      880,
      880,
      880,
      845,
      845,
      845,
      880,
      881,
      881,
      881,
      881,
      881,
      881,
      881,
      881,
      881,
      881,
      881,
      881,
      881,
      856,
      856,
      856,
      856,
      856,
      856,
      856,
      856,
      856,
      0,
      0,
      0,
      0,
      0,
      0,
      0,
      0,
      0,
      0,
      0,
      0,
      0,
      0,
      0,
      0,
      0,
      0,
      0,
      0,
      0,
      0,
      0,
      0,
      0,
      0,
      0,
      0,
      0,
      0,
      0,
      0,
      0,
      0,
      0,
      0,
      0,
      0,
      0,
      0,
      0,
      890,
      890,
      890,
      890,
      890,
      890,
      890,
      890,
      890,
      890,
      890,
      0,
      0,
      0,
      0,
      0,
      0,
      0,
      0,
      898,
      898,
      865,
      865,
      865,
      865,
      865,
      865,
      865,
      875,
      875,
      875,
      875,
      875,
      875,
      875,
      876,
      876,
      876,
      876,
      876,
      876,
      876,
      876,
      876,
      0,
      0,
      0,
      0,
      0,
      0,
      0,
      0,
      0,
      0,
      0,
      0,
      0,
      0,
      0,
      0,
      0,
      0,
      0,
      0,
      0,
      870,
      870,
      870,
      870,
      870,
      870,
      870,
      870,
      870,
      870,
      870,
      862,
      862,
      862,
      862,
      862,
      862,
      862,
      862,
      862,
      862,
      0,
      0,
      0,
      0,
      0,
      0,
      0,
      0,
      904,
      904,
      904,
      899,
      863,
      863,
      863,
      863,
      863,
      0,
      0,
      0,
      0,
      0,
      0,
      0,
      0,
      0,
      0,
      0,
      0,
      0,
      0,
      852,
      871,
      871,
      871,
      871,
      871,
      871,
      871,
      871,
      871,
      871,
      871,
      871,
      871,
      871,
      871,
      871,
      871,
      871,
      871,
      871,
      871,
      871,
      857,
      857,
      857,
      853,
      853,
      877,
      877,
      877,
      877,
      877,
      877,
      877,
      877,
      877,
      877,
      866,
      866,
      866,
      866,
      866,
      866,
      866,
      866,
      866,
      866,
      872,
      872,
      872,
      872,
      872,
      873,
      873,
      873,
      873,
      873,
      873,
      873,
      873,
      0,
      0,
      0,
      878,
      878,
      878,
      878,
      878,
      878,
      878,
      878,
      878,
      878,
      878,
      878,
      878,
      878,
      879,
      879,
      879,
      879,
      879,
      879,
      882,
      0,
      0,
      0,
      0,
      0,
      0,
      0,
      0,
      0,
      0,
      0,
      0,
      0,
      0,
      0,
      0,
      0,
      0,
      0,
      0,
      0,
      0,
      0,
      0,
      0,
      0,
      0,
      0,
      0,
      0,
      0,
      0,
      0,
      0,
      0,
      0,
      0,
      0,
      0,
      0,
      0,
      0,
      0,
      0,
      0,
      0,
      0,
      0,
      0,
      0,
      0,
      0,
      0,
      0,
      0,
      0,
      0,
      0,
      0,
      0,
      0,
      0,
      0,
      0,
      0,
      0,
      0,
      0,
      0,
      0,
      0,
      0,
      0,
      0,
      0,
      0,
      0,
      0,
      0,
      0,
      0,
      0,
      0,
      0,
      0,
      867,
      867,
      867,
      867,
      867,
      867,
      874,
      874,
      874,
      874,
      874,
      874,
      874,
      874,
      900,
      864,
      864,
      864,
      864,
      864,
      864,
      864,
      864,
      0,
      0,
      894,
      894,
      894,
      883,
      883,
      883,
      883,
      883,
      883,
      883,
      883,
      883,
      883,
      883,
      883,
      883,
      901,
      901,
      901,
      901,
      901,
      901,
      901,
      901,
      895,
      895,
      895,
      895,
      895,
      895,
      895,
      895,
      895,
      895
    ],
    [
      884,
      884,
      884,
      0,
      0,
      0,
      0,
      0,
      0,
      0,
      0,
      0,
      868,
      868,
      868,
      868,
      868,
      868,
      868,
      868,
      868,
      868,
      888,
      888,
      888,
      888,
      888,
      888,
      888,
      888,
      888,
      888,
      888,
      888,
      888,
      888,
      888,
      888,
      888,
      869,
      869,
      869,
      869,
      869,
      869,
      869,
      869,
      869,
      869,
      869,
      869,
      869,
      869,
      861,
      861,
      0,
      0,
      0,
      0,
      0,
      0,
      0,
      0,
      0,
      0,
      0,
      0,
      0,
      0,
      0,
      0,
      0,
      0,
      0,
      0,
      0,
      0,
      0,
      0,
      0,
      0,
      0,
      0,
      0,
      0,
      0,
      880,
      880,
      880,
      880,
      880,
      880,
      880,
      880,
      880,
      880,
      880,
      880,
      880,
      880,
      880,
      880,
      880,
      881,
      881,
      881,
      881,
      881,
      881,
      881,
      881,
      881,
      881,
      881,
      881,
      881,
      856,
      856,
      856,
      856,
      856,
      886,
      886,
      886,
      886,
      0,
      0,
      0,
      0,
      0,
      0,
      0,
      0,
      0,
      0,
      0,
      0,
      0,
      0,
      0,
      0,
      0,
      0,
      0,
      0,
      0,
      0,
      0,
      0,
      0,
      0,
      0,
      0,
      0,
      0,
      0,
      0,
      0,
      0,
      0,
      0,
      0,
      0,
      0,
      0,
      0,
      890,
      890,
      890,
      890,
      890,
      890,
      890,
      890,
      890,
      890,
      890,
      890,
      890,
      0,
      0,
      0,
      0,
      0,
      0,
      898,
      898,
      865,
      865,
      865,
      865,
      865,
      875,
      875,
      875,
      875,
      875,
      875,
      875,
      875,
      892,
      892,
      876,
      876,
      876,
      876,
      876,
      876,
      876,
      876,
      0,
      0,
      0,
      0,
      0,
      0,
      0,
      0,
      0,
      0,
      0,
      0,
      0,
      0,
      0,
      0,
      0,
      0,
      0,
      0,
      0,
      870,
      870,
      870,
      870,
      870,
      870,
      870,
      870,
      870,
      870,
      870,
      862,
      862,
      862,
      862,
      862,
      862,
      862,
      862,
      862,
      862,
      0,
      0,
      0,
      0,
      0,
      0,
      0,
      904,
      904,
      904,
      904,
      899,
      0,
      0,
      0,
      0,
      0,
      0,
      0,
      0,
      0,
      0,
      0,
      0,
      0,
      0,
      0,
      0,
      0,
      0,
      0,
      852,
      871,
      871,
      871,
      0,
      0,
      0,
      871,
      871,
      871,
      871,
      871,
      871,
      871,
      871,
      871,
      871,
      871,
      871,
      871,
      871,
      871,
      871,
      909,
      909,
      857,
      853,
      853,
      877,
      877,
      877,
      877,
      877,
      877,
      877,
      877,
      877,
      866,
      866,
      866,
      866,
      866,
      866,
      866,
      866,
      866,
      866,
      866,
      872,
      872,
      872,
      872,
      872,
      873,
      873,
      873,
      873,
      873,
      873,
      873,
      873,
      0,
      0,
      0,
      878,
      878,
      878,
      878,
      878,
      878,
      878,
      878,
      878,
      878,
      878,
      878,
      878,
      878,
      879,
      879,
      879,
      879,
      879,
      879,
      882,
      882,
      882,
      882,
      882,
      882,
      0,
      0,
      0,
      0,
      882,
      882,
      882,
      882,
      0,
      0,
      0,
      0,
      0,
      0,
      0,
      0,
      0,
      0,
      0,
      0,
      0,
      0,
      0,
      0,
      0,
      0,
      0,
      0,
      0,
      0,
      0,
      0,
      0,
      0,
      0,
      0,
      0,
      0,
      0,
      0,
      0,
      0,
      0,
      0,
      0,
      0,
      0,
      0,
      0,
      0,
      0,
      0,
      0,
      0,
      0,
      0,
      0,
      0,
      0,
      0,
      0,
      0,
      0,
      0,
      0,
      0,
      0,
      0,
      0,
      0,
      0,
      0,
      0,
      0,
      0,
      0,
      0,
      0,
      0,
      0,
      874,
      874,
      874,
      874,
      874,
      874,
      874,
      874,
      874,
      874,
      874,
      874,
      874,
      874,
      900,
      864,
      864,
      864,
      864,
      864,
      864,
      864,
      864,
      0,
      0,
      894,
      894,
      894,
      883,
      883,
      883,
      883,
      883,
      883,
      883,
      883,
      883,
      883,
      883,
      883,
      883,
      901,
      901,
      901,
      901,
      901,
      901,
      901,
      901,
      901,
      901,
      901,
      895,
      895,
      895,
      895,
      895,
      895,
      895
    ],
    [
      884,
      884,
      884,
      884,
      884,
      884,
      884,
      0,
      0,
      885,
      885,
      885,
      885,
      885,
      885,
      885,
      868,
      868,
      868,
      868,
      868,
      868,
      888,
      888,
      888,
      888,
      888,
      888,
      888,
      888,
      888,
      888,
      888,
      888,
      888,
      888,
      888,
      888,
      0,
      0,
      0,
      0,
      0,
      0,
      0,
      0,
      0,
      0,
      869,
      869,
      869,
      869,
      869,
      861,
      0,
      0,
      0,
      0,
      0,
      0,
      0,
      0,
      0,
      0,
      0,
      0,
      0,
      0,
      0,
      0,
      0,
      0,
      0,
      0,
      0,
      0,
      0,
      0,
      0,
      0,
      0,
      0,
      0,
      0,
      0,
      0,
      880,
      880,
      880,
      880,
      880,
      880,
      880,
      880,
      880,
      880,
      880,
      880,
      880,
      880,
      880,
      880,
      880,
      881,
      881,
      881,
      881,
      881,
      881,
      881,
      881,
      881,
      881,
      881,
      881,
      881,
      856,
      856,
      856,
      856,
      886,
      886,
      886,
      886,
      886,
      0,
      0,
      0,
      0,
      0,
      0,
      0,
      0,
      0,
      0,
      0,
      0,
      0,
      0,
      0,
      0,
      0,
      0,
      0,
      0,
      0,
      0,
      0,
      0,
      0,
      0,
      0,
      0,
      0,
      0,
      0,
      0,
      0,
      0,
      0,
      0,
      0,
      0,
      0,
      0,
      0,
      890,
      890,
      890,
      890,
      890,
      890,
      890,
      890,
      890,
      890,
      890,
      890,
      890,
      0,
      0,
      0,
      0,
      0,
      0,
      898,
      898,
      898,
      865,
      865,
      865,
      865,
      875,
      875,
      875,
      875,
      875,
      875,
      892,
      892,
      892,
      892,
      892,
      876,
      876,
      876,
      876,
      876,
      876,
      876,
      0,
      0,
      0,
      0,
      0,
      0,
      0,
      0,
      0,
      0,
      0,
      0,
      0,
      0,
      0,
      0,
      0,
      0,
      0,
      0,
      0,
      870,
      870,
      870,
      870,
      870,
      870,
      870,
      870,
      870,
      870,
      862,
      862,
      862,
      862,
      862,
      862,
      862,
      862,
      862,
      862,
      862,
      0,
      0,
      0,
      0,
      0,
      0,
      904,
      904,
      904,
      904,
      904,
      899,
      899,
      899,
      899,
      899,
      899,
      899,
      899,
      899,
      899,
      0,
      0,
      0,
      0,
      0,
      0,
      0,
      0,
      0,
      0,
      0,
      871,
      871,
      871,
      0,
      0,
      0,
      0,
      0,
      0,
      871,
      871,
      871,
      871,
      871,
      871,
      871,
      871,
      871,
      871,
      871,
      871,
      871,
      909,
      909,
      909,
      909,
      853,
      877,
      877,
      877,
      877,
      877,
      877,
      877,
      877,
      877,
      866,
      866,
      866,
      866,
      866,
      866,
      866,
      866,
      866,
      866,
      866,
      872,
      872,
      872,
      872,
      872,
      873,
      873,
      873,
      873,
      873,
      873,
      873,
      873,
      0,
      0,
      0,
      878,
      878,
      878,
      878,
      878,
      878,
      878,
      878,
      878,
      878,
      878,
      878,
      878,
      878,
      878,
      878,
      878,
      878,
      878,
      879,
      882,
      882,
      882,
      882,
      882,
      882,
      882,
      882,
      882,
      882,
      882,
      882,
      882,
      882,
      0,
      0,
      0,
      0,
      0,
      0,
      0,
      0,
      0,
      0,
      0,
      0,
      0,
      0,
      0,
      0,
      0,
      0,
      0,
      0,
      0,
      0,
      0,
      0,
      0,
      887,
      887,
      887,
      887,
      887,
      0,
      0,
      0,
      0,
      0,
      0,
      0,
      0,
      0,
      0,
      0,
      0,
      0,
      0,
      0,
      0,
      0,
      0,
      0,
      0,
      0,
      0,
      0,
      0,
      0,
      0,
      0,
      0,
      0,
      0,
      0,
      0,
      0,
      0,
      0,
      0,
      0,
      0,
      0,
      0,
      0,
      0,
      0,
      874,
      874,
      874,
      874,
      874,
      874,
      874,
      874,
      874,
      874,
      874,
      874,
      874,
      900,
      864,
      864,
      864,
      864,
      864,
      864,
      864,
      864,
      0,
      0,
      894,
      894,
      894,
      883,
      883,
      883,
      883,
      883,
      883,
      897,
      897,
      897,
      897,
      897,
      897,
      897,
      897,
      901,
      901,
      901,
      901,
      901,
      901,
      901,
      901,
      901,
      901,
      895,
      895,
      895,
      895,
      895,
      895,
      895
    ],
    [
      884,
      884,
      884,
      884,
      884,
      884,
      884,
      0,
      911,
      885,
      885,
      885,
      885,
      885,
      885,
      885,
      868,
      868,
      868,
      868,
      868,
      868,
      896,
      896,
      888,
      888,
      888,
      888,
      888,
      888,
      888,
      888,
      888,
      888,
      888,
      888,
      888,
      889,
      889,
      889,
      889,
      889,
      889,
      889,
      0,
      0,
      0,
      0,
      0,
      0,
      0,
      0,
      0,
      0,
      0,
      0,
      0,
      0,
      0,
      0,
      0,
      0,
      0,
      0,
      0,
      0,
      0,
      0,
      0,
      0,
      0,
      0,
      0,
      0,
      0,
      0,
      0,
      0,
      0,
      0,
      0,
      0,
      0,
      0,
      0,
      0,
      880,
      880,
      880,
      880,
      880,
      880,
      880,
      880,
      880,
      880,
      880,
      880,
      880,
      880,
      880,
      880,
      880,
      881,
      881,
      881,
      881,
      881,
      881,
      881,
      881,
      881,
      881,
      881,
      881,
      881,
      856,
      856,
      856,
      856,
      886,
      886,
      886,
      886,
      886,
      0,
      0,
      0,
      0,
      0,
      0,
      0,
      0,
      0,
      0,
      0,
      0,
      0,
      0,
      0,
      0,
      0,
      0,
      0,
      0,
      0,
      0,
      0,
      0,
      0,
      0,
      0,
      0,
      0,
      0,
      0,
      0,
      0,
      0,
      0,
      0,
      0,
      0,
      0,
      0,
      0,
      0,
      890,
      890,
      890,
      890,
      890,
      890,
      890,
      890,
      890,
      890,
      890,
      890,
      0,
      0,
      0,
      0,
      0,
      0,
      898,
      898,
      898,
      898,
      898,
      898,
      875,
      875,
      875,
      875,
      875,
      875,
      875,
      892,
      892,
      892,
      892,
      892,
      876,
      876,
      876,
      876,
      876,
      876,
      876,
      0,
      0,
      0,
      0,
      0,
      0,
      0,
      0,
      0,
      0,
      0,
      0,
      0,
      0,
      0,
      0,
      0,
      0,
      0,
      0,
      0,
      870,
      870,
      870,
      870,
      870,
      870,
      870,
      870,
      870,
      862,
      862,
      862,
      862,
      862,
      862,
      862,
      862,
      862,
      862,
      862,
      0,
      0,
      0,
      0,
      0,
      0,
      0,
      904,
      904,
      904,
      904,
      904,
      904,
      904,
      899,
      899,
      899,
      899,
      899,
      899,
      899,
      899,
      899,
      0,
      0,
      0,
      0,
      0,
      0,
      0,
      0,
      0,
      0,
      0,
      871,
      871,
      0,
      0,
      0,
      0,
      0,
      0,
      871,
      871,
      871,
      871,
      871,
      871,
      871,
      871,
      871,
      871,
      871,
      871,
      871,
      909,
      909,
      909,
      909,
      909,
      877,
      877,
      877,
      877,
      877,
      877,
      877,
      877,
      866,
      866,
      866,
      866,
      866,
      866,
      866,
      866,
      866,
      866,
      866,
      866,
      872,
      872,
      872,
      872,
      872,
      873,
      873,
      873,
      873,
      873,
      873,
      873,
      0,
      0,
      0,
      0,
      878,
      878,
      878,
      878,
      878,
      878,
      878,
      878,
      878,
      878,
      878,
      878,
      878,
      878,
      878,
      878,
      878,
      878,
      878,
      882,
      882,
      882,
      882,
      882,
      882,
      882,
      882,
      882,
      882,
      882,
      882,
      882,
      882,
      882,
      0,
      0,
      0,
      0,
      0,
      0,
      0,
      0,
      0,
      0,
      0,
      0,
      0,
      0,
      893,
      893,
      893,
      893,
      893,
      893,
      893,
      893,
      893,
      0,
      0,
      887,
      887,
      887,
      887,
      887,
      887,
      0,
      0,
      0,
      0,
      0,
      0,
      0,
      0,
      0,
      0,
      0,
      0,
      0,
      0,
      0,
      0,
      0,
      0,
      0,
      0,
      0,
      0,
      0,
      0,
      0,
      0,
      0,
      0,
      0,
      0,
      0,
      0,
      0,
      0,
      0,
      0,
      0,
      0,
      0,
      0,
      0,
      0,
      0,
      891,
      891,
      891,
      891,
      891,
      891,
      891,
      891,
      891,
      891,
      891,
      900,
      900,
      864,
      864,
      864,
      864,
      864,
      864,
      0,
      0,
      0,
      0,
      894,
      894,
      894,
      883,
      883,
      883,
      883,
      883,
      897,
      897,
      897,
      897,
      897,
      897,
      897,
      897,
      897,
      897,
      901,
      901,
      901,
      901,
      901,
      901,
      901,
      901,
      901,
      895,
      895,
      895,
      895,
      895,
      895,
      895
    ],
    [
      884,
      884,
      884,
      884,
      884,
      884,
      884,
      911,
      911,
      885,
      885,
      885,
      885,
      885,
      885,
      885,
      868,
      868,
      868,
      868,
      868,
      896,
      896,
      896,
      888,
      888,
      888,
      888,
      888,
      888,
      888,
      888,
      888,
      888,
      888,
      888,
      888,
      889,
      889,
      889,
      889,
      889,
      889,
      889,
      0,
      0,
      0,
      0,
      0,
      0,
      0,
      0,
      0,
      0,
      0,
      0,
      0,
      0,
      0,
      0,
      0,
      0,
      0,
      0,
      0,
      0,
      0,
      0,
      0,
      0,
      0,
      0,
      0,
      0,
      0,
      0,
      0,
      0,
      0,
      0,
      0,
      0,
      0,
      0,
      0,
      0,
      0,
      0,
      880,
      880,
      880,
      880,
      880,
      880,
      880,
      880,
      880,
      880,
      880,
      880,
      880,
      880,
      880,
      880,
      880,
      880,
      880,
      880,
      881,
      881,
      881,
      881,
      881,
      881,
      881,
      881,
      856,
      856,
      856,
      881,
      886,
      886,
      886,
      886,
      886,
      0,
      0,
      0,
      0,
      0,
      0,
      0,
      0,
      0,
      0,
      0,
      0,
      0,
      0,
      0,
      0,
      0,
      0,
      0,
      0,
      0,
      0,
      0,
      0,
      0,
      0,
      0,
      0,
      0,
      0,
      0,
      0,
      0,
      0,
      0,
      0,
      0,
      0,
      0,
      0,
      0,
      0,
      890,
      890,
      890,
      890,
      890,
      890,
      890,
      890,
      890,
      890,
      890,
      890,
      0,
      0,
      0,
      0,
      0,
      0,
      898,
      898,
      898,
      898,
      898,
      898,
      898,
      898,
      898,
      898,
      898,
      875,
      875,
      892,
      892,
      892,
      892,
      892,
      876,
      876,
      876,
      876,
      876,
      876,
      876,
      0,
      0,
      0,
      0,
      0,
      0,
      0,
      0,
      0,
      0,
      0,
      0,
      0,
      0,
      0,
      0,
      0,
      0,
      0,
      0,
      0,
      870,
      870,
      870,
      870,
      870,
      870,
      870,
      870,
      870,
      903,
      903,
      903,
      903,
      903,
      903,
      903,
      903,
      903,
      903,
      903,
      903,
      0,
      0,
      0,
      0,
      0,
      0,
      904,
      904,
      904,
      904,
      904,
      904,
      904,
      899,
      899,
      899,
      899,
      899,
      899,
      899,
      899,
      899,
      899,
      0,
      0,
      0,
      0,
      0,
      0,
      0,
      0,
      0,
      0,
      871,
      871,
      0,
      0,
      0,
      0,
      0,
      871,
      871,
      871,
      871,
      871,
      871,
      871,
      871,
      871,
      871,
      871,
      871,
      871,
      871,
      909,
      909,
      909,
      909,
      909,
      909,
      877,
      877,
      877,
      877,
      877,
      877,
      866,
      866,
      866,
      866,
      866,
      866,
      866,
      866,
      866,
      866,
      866,
      866,
      910,
      910,
      910,
      910,
      910,
      910,
      0,
      0,
      0,
      0,
      0,
      0,
      0,
      0,
      0,
      0,
      0,
      0,
      0,
      0,
      0,
      0,
      0,
      0,
      878,
      878,
      878,
      878,
      878,
      878,
      878,
      878,
      878,
      878,
      878,
      882,
      882,
      882,
      882,
      882,
      882,
      882,
      882,
      882,
      882,
      882,
      882,
      882,
      882,
      882,
      882,
      906,
      0,
      0,
      0,
      0,
      0,
      0,
      0,
      0,
      0,
      0,
      0,
      0,
      0,
      893,
      893,
      893,
      893,
      893,
      893,
      893,
      893,
      893,
      0,
      0,
      887,
      887,
      887,
      887,
      887,
      887,
      0,
      0,
      0,
      0,
      0,
      0,
      0,
      0,
      0,
      0,
      0,
      0,
      0,
      0,
      0,
      0,
      0,
      0,
      0,
      0,
      0,
      0,
      0,
      0,
      0,
      0,
      0,
      0,
      0,
      0,
      0,
      0,
      0,
      0,
      0,
      0,
      0,
      0,
      0,
      0,
      0,
      0,
      0,
      891,
      891,
      891,
      891,
      891,
      891,
      891,
      891,
      891,
      891,
      900,
      900,
      900,
      864,
      864,
      864,
      864,
      864,
      864,
      0,
      0,
      0,
      0,
      894,
      894,
      894,
      883,
      883,
      883,
      883,
      883,
      897,
      897,
      897,
      897,
      897,
      897,
      897,
      897,
      897,
      897,
      901,
      901,
      901,
      901,
      901,
      901,
      901,
      901,
      901,
      895,
      895,
      895,
      895,
      895,
      895,
      895
    ],
    [
      884,
      884,
      884,
      884,
      884,
      884,
      884,
      911,
      911,
      885,
      885,
      885,
      885,
      885,
      885,
      885,
      868,
      868,
      868,
      896,
      896,
      896,
      896,
      896,
      896,
      896,
      896,
      888,
      888,
      888,
      888,
      888,
      888,
      888,
      888,
      888,
      888,
      889,
      889,
      889,
      889,
      889,
      889,
      889,
      0,
      0,
      0,
      0,
      0,
      0,
      0,
      0,
      0,
      0,
      0,
      0,
      0,
      0,
      0,
      0,
      0,
      0,
      0,
      0,
      0,
      0,
      0,
      0,
      0,
      0,
      0,
      0,
      0,
      0,
      0,
      0,
      0,
      0,
      0,
      0,
      0,
      0,
      0,
      0,
      0,
      0,
      0,
      0,
      0,
      0,
      0,
      0,
      0,
      0,
      0,
      0,
      0,
      880,
      880,
      880,
      880,
      880,
      880,
      880,
      880,
      880,
      880,
      880,
      881,
      881,
      881,
      881,
      881,
      881,
      881,
      881,
      881,
      856,
      856,
      881,
      886,
      886,
      886,
      886,
      886,
      0,
      0,
      0,
      0,
      0,
      0,
      0,
      0,
      0,
      0,
      0,
      0,
      0,
      0,
      0,
      0,
      0,
      0,
      0,
      0,
      0,
      0,
      0,
      0,
      0,
      0,
      0,
      0,
      0,
      0,
      0,
      0,
      0,
      0,
      0,
      0,
      0,
      0,
      0,
      0,
      0,
      0,
      890,
      890,
      890,
      890,
      890,
      890,
      890,
      890,
      890,
      890,
      890,
      890,
      0,
      0,
      0,
      0,
      0,
      0,
      898,
      898,
      898,
      898,
      898,
      898,
      898,
      898,
      898,
      898,
      898,
      898,
      892,
      892,
      892,
      892,
      892,
      892,
      876,
      876,
      876,
      876,
      876,
      876,
      876,
      0,
      0,
      0,
      0,
      0,
      0,
      0,
      0,
      0,
      0,
      0,
      0,
      0,
      0,
      0,
      0,
      0,
      0,
      0,
      0,
      0,
      870,
      870,
      870,
      870,
      870,
      870,
      870,
      903,
      903,
      903,
      903,
      903,
      903,
      903,
      903,
      903,
      903,
      903,
      903,
      903,
      903,
      903,
      0,
      0,
      0,
      0,
      0,
      904,
      904,
      904,
      904,
      904,
      904,
      904,
      899,
      899,
      899,
      899,
      899,
      899,
      899,
      899,
      899,
      899,
      899,
      0,
      0,
      0,
      0,
      0,
      0,
      0,
      0,
      0,
      0,
      871,
      0,
      0,
      0,
      0,
      0,
      0,
      0,
      0,
      871,
      871,
      871,
      871,
      871,
      871,
      871,
      871,
      871,
      871,
      871,
      909,
      909,
      909,
      909,
      909,
      909,
      909,
      909,
      909,
      877,
      877,
      877,
      866,
      866,
      866,
      866,
      866,
      866,
      866,
      866,
      910,
      910,
      910,
      910,
      910,
      910,
      910,
      910,
      910,
      910,
      0,
      0,
      0,
      0,
      0,
      0,
      0,
      0,
      0,
      0,
      0,
      0,
      0,
      0,
      0,
      0,
      0,
      0,
      0,
      0,
      878,
      878,
      878,
      878,
      878,
      878,
      0,
      0,
      0,
      0,
      0,
      0,
      0,
      0,
      0,
      0,
      0,
      906,
      906,
      906,
      906,
      906,
      906,
      906,
      906,
      906,
      0,
      0,
      0,
      0,
      0,
      0,
      0,
      0,
      0,
      0,
      0,
      0,
      0,
      893,
      893,
      893,
      893,
      893,
      893,
      893,
      893,
      893,
      0,
      0,
      887,
      887,
      887,
      887,
      887,
      887,
      0,
      0,
      0,
      0,
      0,
      0,
      0,
      0,
      0,
      0,
      0,
      0,
      0,
      0,
      0,
      0,
      0,
      0,
      0,
      0,
      0,
      0,
      0,
      0,
      0,
      0,
      0,
      0,
      0,
      0,
      0,
      0,
      0,
      0,
      0,
      0,
      0,
      0,
      0,
      0,
      0,
      0,
      0,
      891,
      891,
      891,
      891,
      891,
      891,
      891,
      891,
      891,
      900,
      900,
      900,
      900,
      864,
      864,
      864,
      864,
      864,
      864,
      894,
      894,
      894,
      894,
      894,
      894,
      894,
      883,
      883,
      883,
      883,
      883,
      897,
      897,
      897,
      897,
      897,
      897,
      897,
      897,
      917,
      901,
      901,
      901,
      901,
      901,
      901,
      901,
      901,
      901,
      901,
      895,
      895,
      895,
      895,
      895,
      895,
      895
    ],
    [
      884,
      884,
      884,
      884,
      884,
      884,
      884,
      911,
      911,
      885,
      885,
      885,
      885,
      885,
      885,
      885,
      868,
      868,
      896,
      896,
      896,
      896,
      896,
      896,
      896,
      896,
      896,
      888,
      888,
      888,
      888,
      888,
      888,
      888,
      888,
      888,
      888,
      889,
      889,
      889,
      889,
      889,
      889,
      889,
      0,
      0,
      0,
      0,
      0,
      0,
      0,
      0,
      0,
      0,
      0,
      0,
      0,
      0,
      0,
      0,
      0,
      0,
      0,
      0,
      0,
      0,
      0,
      0,
      0,
      0,
      0,
      0,
      0,
      0,
      0,
      0,
      0,
      0,
      0,
      0,
      0,
      0,
      0,
      0,
      0,
      0,
      0,
      0,
      0,
      0,
      0,
      0,
      0,
      0,
      0,
      0,
      0,
      0,
      0,
      0,
      0,
      0,
      880,
      880,
      880,
      880,
      880,
      880,
      881,
      881,
      881,
      881,
      881,
      881,
      881,
      881,
      881,
      881,
      881,
      881,
      886,
      886,
      886,
      886,
      886,
      0,
      0,
      0,
      0,
      0,
      0,
      0,
      0,
      0,
      0,
      0,
      0,
      0,
      0,
      0,
      0,
      0,
      0,
      0,
      0,
      0,
      0,
      0,
      0,
      0,
      0,
      0,
      0,
      0,
      0,
      0,
      0,
      0,
      0,
      0,
      0,
      0,
      0,
      0,
      0,
      0,
      0,
      0,
      0,
      890,
      890,
      890,
      890,
      890,
      890,
      890,
      890,
      890,
      890,
      0,
      0,
      0,
      0,
      0,
      0,
      898,
      898,
      898,
      898,
      898,
      898,
      898,
      898,
      898,
      898,
      898,
      898,
      892,
      892,
      892,
      892,
      892,
      892,
      876,
      876,
      876,
      876,
      876,
      876,
      876,
      0,
      0,
      0,
      0,
      0,
      0,
      0,
      0,
      0,
      0,
      0,
      0,
      0,
      0,
      0,
      0,
      0,
      0,
      0,
      0,
      0,
      870,
      870,
      870,
      870,
      902,
      902,
      902,
      902,
      902,
      902,
      903,
      903,
      903,
      903,
      903,
      903,
      903,
      903,
      903,
      903,
      903,
      903,
      0,
      0,
      0,
      0,
      0,
      904,
      904,
      904,
      904,
      904,
      904,
      904,
      904,
      899,
      899,
      899,
      899,
      899,
      899,
      899,
      899,
      899,
      899,
      899,
      0,
      0,
      0,
      0,
      0,
      0,
      0,
      0,
      0,
      871,
      0,
      0,
      0,
      0,
      0,
      0,
      0,
      0,
      871,
      871,
      871,
      909,
      909,
      909,
      909,
      909,
      909,
      909,
      909,
      909,
      909,
      909,
      909,
      909,
      909,
      909,
      909,
      909,
      909,
      877,
      877,
      866,
      866,
      866,
      866,
      866,
      866,
      866,
      910,
      910,
      910,
      910,
      910,
      910,
      910,
      910,
      910,
      910,
      910,
      0,
      0,
      0,
      0,
      0,
      0,
      0,
      0,
      0,
      0,
      0,
      0,
      0,
      0,
      0,
      0,
      0,
      0,
      0,
      0,
      878,
      878,
      878,
      878,
      878,
      878,
      0,
      0,
      0,
      0,
      0,
      0,
      0,
      0,
      0,
      0,
      0,
      0,
      906,
      906,
      906,
      906,
      906,
      906,
      906,
      906,
      0,
      0,
      0,
      0,
      0,
      0,
      0,
      0,
      0,
      0,
      0,
      0,
      0,
      893,
      893,
      893,
      893,
      893,
      893,
      893,
      893,
      893,
      0,
      0,
      887,
      887,
      887,
      887,
      887,
      887,
      0,
      0,
      0,
      0,
      0,
      0,
      0,
      0,
      0,
      0,
      0,
      0,
      0,
      0,
      0,
      0,
      0,
      0,
      0,
      0,
      0,
      0,
      0,
      0,
      0,
      0,
      0,
      0,
      0,
      0,
      0,
      0,
      0,
      0,
      0,
      0,
      0,
      0,
      0,
      0,
      0,
      891,
      891,
      891,
      891,
      891,
      891,
      891,
      891,
      891,
      891,
      900,
      900,
      900,
      900,
      900,
      864,
      864,
      905,
      905,
      905,
      905,
      905,
      894,
      894,
      894,
      894,
      894,
      894,
      883,
      883,
      883,
      883,
      883,
      897,
      897,
      897,
      897,
      897,
      897,
      897,
      897,
      917,
      901,
      901,
      901,
      901,
      901,
      901,
      901,
      901,
      901,
      901,
      895,
      895,
      895,
      895,
      895,
      895,
      895
    ],
    [
      911,
      911,
      911,
      911,
      911,
      911,
      911,
      911,
      911,
      885,
      885,
      885,
      885,
      885,
      885,
      896,
      896,
      896,
      896,
      896,
      896,
      896,
      896,
      896,
      896,
      896,
      907,
      907,
      888,
      888,
      888,
      888,
      888,
      888,
      888,
      888,
      888,
      888,
      889,
      889,
      889,
      889,
      889,
      889,
      0,
      0,
      0,
      0,
      0,
      0,
      0,
      0,
      0,
      0,
      0,
      0,
      0,
      0,
      0,
      0,
      0,
      0,
      0,
      0,
      0,
      0,
      0,
      0,
      0,
      0,
      0,
      0,
      0,
      0,
      0,
      0,
      0,
      0,
      0,
      0,
      0,
      0,
      0,
      0,
      0,
      0,
      0,
      0,
      0,
      0,
      0,
      0,
      0,
      0,
      0,
      0,
      0,
      0,
      0,
      0,
      0,
      0,
      880,
      880,
      880,
      880,
      880,
      881,
      881,
      881,
      881,
      881,
      881,
      881,
      881,
      881,
      881,
      881,
      881,
      881,
      886,
      886,
      886,
      886,
      886,
      0,
      0,
      0,
      0,
      0,
      0,
      0,
      0,
      0,
      0,
      0,
      0,
      0,
      0,
      0,
      0,
      0,
      0,
      0,
      0,
      0,
      0,
      0,
      0,
      0,
      0,
      0,
      0,
      0,
      0,
      0,
      0,
      0,
      0,
      0,
      0,
      0,
      0,
      0,
      0,
      0,
      0,
      0,
      0,
      0,
      0,
      0,
      890,
      890,
      890,
      890,
      890,
      890,
      890,
      0,
      0,
      0,
      0,
      0,
      0,
      898,
      898,
      898,
      898,
      898,
      898,
      898,
      898,
      898,
      898,
      898,
      898,
      892,
      892,
      892,
      892,
      892,
      892,
      892,
      876,
      876,
      876,
      876,
      876,
      876,
      0,
      0,
      0,
      0,
      0,
      0,
      0,
      0,
      0,
      0,
      0,
      0,
      0,
      0,
      0,
      0,
      0,
      0,
      0,
      0,
      0,
      870,
      870,
      902,
      902,
      902,
      902,
      902,
      902,
      902,
      902,
      903,
      903,
      903,
      903,
      903,
      903,
      903,
      903,
      903,
      903,
      903,
      903,
      0,
      0,
      0,
      0,
      0,
      904,
      904,
      904,
      904,
      904,
      904,
      904,
      904,
      899,
      899,
      899,
      899,
      899,
      899,
      899,
      899,
      899,
      899,
      899,
      0,
      0,
      0,
      0,
      0,
      0,
      0,
      0,
      0,
      941,
      0,
      0,
      0,
      0,
      0,
      0,
      0,
      0,
      871,
      871,
      871,
      909,
      909,
      909,
      909,
      909,
      909,
      909,
      909,
      909,
      909,
      909,
      909,
      909,
      909,
      909,
      909,
      909,
      909,
      909,
      866,
      866,
      866,
      866,
      866,
      866,
      866,
      866,
      910,
      910,
      910,
      910,
      910,
      910,
      910,
      910,
      910,
      910,
      0,
      0,
      0,
      0,
      0,
      0,
      0,
      0,
      0,
      0,
      0,
      0,
      0,
      0,
      0,
      0,
      0,
      0,
      0,
      0,
      0,
      0,
      878,
      878,
      878,
      878,
      878,
      0,
      0,
      0,
      0,
      0,
      0,
      0,
      0,
      0,
      0,
      0,
      0,
      906,
      906,
      906,
      906,
      906,
      906,
      906,
      906,
      0,
      0,
      0,
      0,
      0,
      0,
      0,
      0,
      0,
      0,
      0,
      0,
      0,
      893,
      893,
      893,
      893,
      893,
      893,
      893,
      893,
      893,
      0,
      0,
      0,
      0,
      0,
      0,
      0,
      0,
      0,
      0,
      0,
      0,
      0,
      0,
      0,
      0,
      0,
      0,
      0,
      0,
      0,
      0,
      0,
      0,
      0,
      0,
      0,
      0,
      0,
      0,
      0,
      0,
      0,
      0,
      0,
      0,
      0,
      0,
      0,
      0,
      0,
      916,
      916,
      916,
      916,
      916,
      916,
      916,
      916,
      916,
      916,
      891,
      891,
      891,
      891,
      891,
      891,
      891,
      900,
      900,
      900,
      900,
      900,
      900,
      864,
      905,
      905,
      905,
      905,
      905,
      905,
      905,
      905,
      894,
      894,
      894,
      894,
      894,
      894,
      894,
      894,
      897,
      897,
      897,
      897,
      897,
      897,
      897,
      897,
      897,
      917,
      901,
      901,
      901,
      901,
      901,
      901,
      901,
      901,
      901,
      901,
      895,
      895,
      895,
      895,
      895,
      895,
      895
    ],
    [
      911,
      911,
      911,
      911,
      911,
      911,
      911,
      911,
      911,
      911,
      911,
      911,
      911,
      911,
      896,
      896,
      896,
      896,
      896,
      896,
      896,
      896,
      896,
      896,
      896,
      896,
      907,
      907,
      888,
      888,
      888,
      888,
      888,
      888,
      888,
      888,
      888,
      888,
      889,
      889,
      889,
      889,
      889,
      889,
      0,
      0,
      0,
      0,
      0,
      0,
      0,
      0,
      0,
      0,
      0,
      0,
      0,
      0,
      0,
      0,
      0,
      0,
      0,
      0,
      0,
      0,
      0,
      0,
      0,
      0,
      0,
      0,
      0,
      0,
      0,
      0,
      0,
      0,
      0,
      0,
      0,
      0,
      0,
      0,
      0,
      0,
      0,
      0,
      0,
      0,
      0,
      0,
      0,
      0,
      0,
      0,
      0,
      0,
      0,
      0,
      0,
      0,
      880,
      880,
      880,
      880,
      881,
      881,
      881,
      881,
      881,
      881,
      881,
      881,
      881,
      881,
      881,
      881,
      881,
      881,
      886,
      886,
      886,
      886,
      881,
      0,
      0,
      0,
      0,
      0,
      0,
      0,
      0,
      0,
      0,
      0,
      0,
      0,
      0,
      0,
      0,
      0,
      0,
      0,
      0,
      0,
      0,
      0,
      0,
      0,
      0,
      0,
      0,
      0,
      0,
      0,
      0,
      0,
      0,
      0,
      0,
      0,
      0,
      0,
      0,
      0,
      0,
      0,
      0,
      0,
      0,
      0,
      0,
      890,
      890,
      890,
      890,
      0,
      0,
      0,
      0,
      0,
      0,
      0,
      0,
      898,
      898,
      898,
      898,
      898,
      898,
      898,
      898,
      898,
      898,
      898,
      898,
      892,
      892,
      892,
      892,
      892,
      892,
      908,
      876,
      876,
      876,
      876,
      876,
      876,
      0,
      0,
      0,
      0,
      0,
      0,
      0,
      0,
      0,
      0,
      0,
      0,
      0,
      0,
      0,
      0,
      0,
      0,
      0,
      0,
      0,
      870,
      927,
      902,
      902,
      902,
      902,
      902,
      902,
      902,
      902,
      902,
      903,
      903,
      903,
      903,
      903,
      903,
      903,
      903,
      903,
      903,
      903,
      0,
      0,
      0,
      0,
      0,
      904,
      904,
      904,
      904,
      904,
      904,
      904,
      904,
      0,
      0,
      899,
      899,
      899,
      899,
      899,
      899,
      899,
      899,
      899,
      899,
      0,
      0,
      0,
      0,
      0,
      0,
      0,
      0,
      941,
      0,
      0,
      0,
      0,
      0,
      0,
      0,
      0,
      871,
      871,
      871,
      909,
      909,
      909,
      909,
      909,
      909,
      909,
      909,
      909,
      909,
      909,
      909,
      909,
      909,
      909,
      909,
      909,
      909,
      909,
      909,
      910,
      910,
      910,
      910,
      910,
      910,
      910,
      910,
      910,
      910,
      910,
      910,
      910,
      910,
      910,
      910,
      0,
      0,
      0,
      0,
      0,
      0,
      0,
      0,
      0,
      0,
      0,
      0,
      0,
      0,
      0,
      0,
      0,
      0,
      914,
      914,
      914,
      914,
      914,
      914,
      914,
      878,
      878,
      878,
      0,
      0,
      0,
      0,
      0,
      0,
      0,
      0,
      0,
      0,
      0,
      0,
      0,
      0,
      0,
      906,
      906,
      906,
      906,
      906,
      0,
      0,
      0,
      0,
      0,
      0,
      0,
      0,
      0,
      0,
      0,
      0,
      0,
      893,
      893,
      893,
      893,
      893,
      893,
      893,
      893,
      0,
      0,
      0,
      0,
      0,
      0,
      0,
      0,
      0,
      0,
      0,
      0,
      0,
      0,
      0,
      0,
      0,
      0,
      0,
      0,
      0,
      0,
      0,
      0,
      0,
      0,
      0,
      0,
      0,
      0,
      0,
      0,
      0,
      0,
      0,
      0,
      0,
      0,
      0,
      0,
      0,
      916,
      916,
      916,
      916,
      916,
      916,
      916,
      891,
      891,
      891,
      891,
      891,
      891,
      891,
      891,
      891,
      891,
      891,
      900,
      900,
      900,
      900,
      900,
      900,
      900,
      905,
      905,
      905,
      905,
      905,
      905,
      905,
      905,
      894,
      894,
      894,
      894,
      894,
      894,
      894,
      897,
      897,
      897,
      897,
      897,
      897,
      897,
      897,
      897,
      897,
      917,
      901,
      901,
      901,
      901,
      901,
      901,
      901,
      901,
      901,
      901,
      895,
      895,
      895,
      895,
      895,
      895,
      895
    ],
    [
      911,
      911,
      911,
      911,
      911,
      911,
      911,
      911,
      911,
      911,
      911,
      911,
      911,
      923,
      923,
      923,
      923,
      923,
      923,
      923,
      923,
      896,
      896,
      896,
      896,
      896,
      907,
      907,
      907,
      888,
      888,
      888,
      888,
      888,
      912,
      912,
      912,
      912,
      889,
      889,
      889,
      889,
      889,
      889,
      0,
      0,
      0,
      0,
      0,
      0,
      0,
      0,
      0,
      0,
      0,
      0,
      0,
      0,
      0,
      0,
      0,
      0,
      0,
      0,
      0,
      0,
      0,
      0,
      0,
      0,
      0,
      0,
      0,
      0,
      0,
      0,
      0,
      0,
      0,
      0,
      0,
      0,
      0,
      0,
      0,
      0,
      0,
      0,
      0,
      0,
      0,
      0,
      0,
      0,
      0,
      0,
      0,
      0,
      0,
      0,
      0,
      0,
      880,
      880,
      880,
      881,
      881,
      881,
      881,
      881,
      881,
      881,
      881,
      881,
      881,
      881,
      881,
      881,
      881,
      881,
      881,
      881,
      881,
      881,
      881,
      0,
      0,
      0,
      0,
      0,
      0,
      0,
      0,
      0,
      0,
      0,
      0,
      0,
      0,
      0,
      0,
      0,
      0,
      0,
      0,
      0,
      0,
      0,
      0,
      0,
      0,
      0,
      0,
      0,
      0,
      0,
      0,
      0,
      0,
      0,
      0,
      0,
      0,
      0,
      0,
      0,
      0,
      0,
      0,
      0,
      0,
      0,
      0,
      0,
      0,
      0,
      0,
      0,
      0,
      0,
      0,
      0,
      0,
      0,
      0,
      898,
      898,
      898,
      898,
      898,
      898,
      898,
      898,
      898,
      898,
      898,
      0,
      908,
      908,
      908,
      908,
      908,
      908,
      908,
      876,
      876,
      876,
      876,
      876,
      876,
      0,
      0,
      0,
      0,
      0,
      0,
      0,
      0,
      0,
      0,
      0,
      0,
      0,
      0,
      0,
      0,
      0,
      927,
      927,
      927,
      927,
      927,
      927,
      902,
      902,
      902,
      902,
      902,
      902,
      902,
      902,
      902,
      902,
      902,
      903,
      903,
      903,
      903,
      903,
      903,
      903,
      903,
      903,
      0,
      0,
      0,
      0,
      904,
      904,
      904,
      904,
      904,
      904,
      904,
      0,
      0,
      0,
      0,
      899,
      899,
      899,
      899,
      899,
      899,
      899,
      899,
      899,
      899,
      0,
      0,
      0,
      0,
      0,
      0,
      0,
      0,
      941,
      941,
      0,
      0,
      0,
      0,
      0,
      0,
      0,
      871,
      871,
      871,
      909,
      909,
      909,
      909,
      909,
      909,
      909,
      909,
      909,
      909,
      909,
      909,
      909,
      909,
      909,
      909,
      909,
      909,
      909,
      909,
      910,
      910,
      910,
      910,
      910,
      910,
      910,
      910,
      910,
      910,
      910,
      910,
      910,
      910,
      910,
      910,
      0,
      0,
      0,
      0,
      0,
      0,
      0,
      0,
      0,
      0,
      0,
      0,
      0,
      0,
      0,
      0,
      0,
      0,
      914,
      914,
      914,
      914,
      914,
      914,
      914,
      0,
      878,
      878,
      0,
      0,
      0,
      0,
      0,
      0,
      0,
      0,
      0,
      0,
      0,
      0,
      0,
      0,
      0,
      906,
      906,
      906,
      906,
      906,
      0,
      0,
      0,
      0,
      0,
      0,
      0,
      0,
      0,
      0,
      0,
      0,
      0,
      0,
      893,
      893,
      893,
      893,
      893,
      893,
      893,
      0,
      0,
      0,
      0,
      0,
      0,
      0,
      0,
      0,
      0,
      0,
      0,
      0,
      0,
      915,
      915,
      915,
      915,
      915,
      915,
      0,
      0,
      0,
      0,
      0,
      0,
      0,
      0,
      0,
      0,
      0,
      0,
      0,
      0,
      0,
      0,
      0,
      0,
      0,
      916,
      916,
      916,
      916,
      916,
      916,
      916,
      916,
      916,
      919,
      919,
      919,
      919,
      919,
      919,
      919,
      919,
      891,
      891,
      891,
      900,
      900,
      900,
      900,
      900,
      900,
      900,
      905,
      905,
      905,
      905,
      905,
      905,
      905,
      905,
      894,
      894,
      917,
      917,
      917,
      917,
      917,
      917,
      917,
      917,
      917,
      917,
      917,
      917,
      917,
      917,
      917,
      917,
      901,
      901,
      901,
      901,
      901,
      901,
      901,
      901,
      901,
      901,
      895,
      895,
      895,
      895,
      895,
      895,
      895
    ],
    [
      911,
      911,
      911,
      911,
      911,
      911,
      911,
      911,
      911,
      911,
      911,
      911,
      911,
      923,
      923,
      923,
      923,
      923,
      923,
      923,
      923,
      923,
      923,
      907,
      907,
      907,
      907,
      907,
      907,
      907,
      907,
      907,
      907,
      912,
      912,
      912,
      912,
      912,
      889,
      889,
      889,
      889,
      889,
      889,
      0,
      0,
      0,
      0,
      0,
      0,
      0,
      0,
      0,
      0,
      0,
      0,
      0,
      0,
      0,
      0,
      0,
      0,
      0,
      0,
      0,
      0,
      0,
      0,
      0,
      0,
      0,
      0,
      0,
      0,
      0,
      0,
      0,
      0,
      0,
      0,
      0,
      0,
      0,
      0,
      0,
      0,
      0,
      0,
      0,
      0,
      0,
      0,
      0,
      0,
      0,
      0,
      0,
      0,
      0,
      0,
      0,
      0,
      880,
      880,
      913,
      913,
      913,
      913,
      913,
      913,
      913,
      913,
      881,
      881,
      881,
      881,
      881,
      881,
      881,
      881,
      881,
      881,
      881,
      881,
      881,
      0,
      0,
      0,
      0,
      0,
      0,
      0,
      0,
      0,
      0,
      926,
      926,
      926,
      0,
      0,
      0,
      0,
      0,
      0,
      0,
      0,
      0,
      0,
      0,
      0,
      0,
      0,
      0,
      0,
      0,
      0,
      0,
      0,
      0,
      0,
      0,
      0,
      0,
      0,
      0,
      0,
      0,
      0,
      0,
      0,
      0,
      0,
      0,
      0,
      0,
      0,
      0,
      0,
      0,
      0,
      0,
      0,
      0,
      0,
      0,
      0,
      0,
      0,
      0,
      0,
      0,
      0,
      898,
      0,
      0,
      0,
      0,
      908,
      908,
      908,
      908,
      908,
      908,
      908,
      876,
      876,
      876,
      876,
      876,
      0,
      0,
      0,
      0,
      0,
      0,
      0,
      0,
      0,
      0,
      0,
      0,
      0,
      0,
      0,
      0,
      0,
      0,
      927,
      927,
      927,
      927,
      927,
      927,
      902,
      902,
      902,
      902,
      902,
      902,
      902,
      902,
      902,
      902,
      902,
      902,
      903,
      903,
      903,
      903,
      903,
      903,
      903,
      903,
      0,
      0,
      0,
      0,
      904,
      904,
      904,
      904,
      904,
      904,
      904,
      0,
      0,
      0,
      0,
      899,
      899,
      899,
      899,
      899,
      899,
      899,
      899,
      899,
      899,
      899,
      0,
      0,
      0,
      0,
      0,
      0,
      0,
      941,
      941,
      0,
      0,
      0,
      0,
      0,
      0,
      0,
      0,
      0,
      871,
      909,
      909,
      909,
      909,
      909,
      909,
      909,
      909,
      909,
      909,
      909,
      909,
      909,
      909,
      909,
      909,
      909,
      909,
      909,
      909,
      909,
      910,
      910,
      910,
      910,
      910,
      910,
      910,
      910,
      910,
      910,
      910,
      910,
      910,
      910,
      910,
      0,
      0,
      0,
      0,
      0,
      0,
      0,
      0,
      0,
      0,
      0,
      0,
      0,
      0,
      0,
      0,
      0,
      0,
      914,
      914,
      914,
      914,
      914,
      914,
      914,
      0,
      0,
      878,
      0,
      0,
      0,
      0,
      0,
      0,
      0,
      0,
      0,
      0,
      0,
      0,
      0,
      0,
      0,
      906,
      906,
      906,
      906,
      906,
      0,
      0,
      0,
      0,
      0,
      0,
      0,
      0,
      0,
      0,
      0,
      0,
      0,
      0,
      0,
      0,
      0,
      0,
      0,
      0,
      0,
      0,
      0,
      0,
      0,
      0,
      0,
      0,
      0,
      0,
      0,
      0,
      0,
      0,
      0,
      915,
      915,
      915,
      915,
      915,
      915,
      915,
      0,
      0,
      0,
      0,
      0,
      0,
      0,
      0,
      0,
      0,
      0,
      0,
      0,
      0,
      0,
      916,
      916,
      916,
      916,
      916,
      916,
      916,
      916,
      916,
      916,
      916,
      919,
      919,
      919,
      919,
      919,
      919,
      919,
      919,
      919,
      891,
      891,
      891,
      900,
      900,
      900,
      900,
      900,
      900,
      900,
      905,
      905,
      905,
      905,
      905,
      905,
      905,
      905,
      894,
      894,
      917,
      917,
      917,
      917,
      917,
      917,
      917,
      917,
      917,
      917,
      917,
      917,
      917,
      917,
      917,
      901,
      901,
      901,
      901,
      901,
      901,
      901,
      901,
      901,
      901,
      901,
      895,
      895,
      895,
      895,
      895,
      895,
      895
    ],
    [
      911,
      911,
      911,
      911,
      911,
      911,
      911,
      911,
      911,
      911,
      923,
      923,
      923,
      923,
      923,
      923,
      923,
      923,
      923,
      923,
      923,
      923,
      923,
      907,
      907,
      907,
      907,
      907,
      907,
      907,
      907,
      907,
      907,
      912,
      912,
      912,
      912,
      912,
      889,
      889,
      889,
      889,
      889,
      889,
      0,
      0,
      0,
      0,
      0,
      0,
      0,
      0,
      0,
      0,
      0,
      0,
      0,
      0,
      0,
      0,
      0,
      0,
      0,
      0,
      0,
      0,
      0,
      0,
      0,
      0,
      0,
      0,
      0,
      0,
      0,
      0,
      0,
      0,
      0,
      0,
      0,
      0,
      0,
      0,
      0,
      0,
      0,
      0,
      0,
      0,
      0,
      0,
      0,
      0,
      0,
      0,
      0,
      0,
      0,
      0,
      0,
      0,
      880,
      913,
      913,
      913,
      913,
      913,
      913,
      913,
      913,
      913,
      881,
      881,
      881,
      881,
      881,
      881,
      881,
      881,
      881,
      881,
      881,
      881,
      881,
      0,
      0,
      0,
      0,
      0,
      0,
      0,
      0,
      0,
      0,
      926,
      926,
      926,
      926,
      0,
      0,
      0,
      0,
      0,
      0,
      0,
      0,
      0,
      0,
      0,
      0,
      0,
      0,
      0,
      0,
      0,
      0,
      0,
      0,
      0,
      0,
      0,
      0,
      0,
      0,
      0,
      0,
      0,
      0,
      0,
      0,
      0,
      0,
      0,
      0,
      0,
      0,
      0,
      0,
      0,
      0,
      0,
      0,
      0,
      0,
      0,
      0,
      0,
      0,
      0,
      0,
      0,
      0,
      0,
      0,
      0,
      0,
      908,
      908,
      908,
      908,
      908,
      908,
      908,
      876,
      876,
      876,
      876,
      0,
      0,
      0,
      0,
      0,
      0,
      0,
      0,
      0,
      0,
      0,
      0,
      0,
      0,
      0,
      0,
      0,
      927,
      927,
      927,
      927,
      927,
      927,
      927,
      927,
      902,
      902,
      902,
      902,
      902,
      902,
      902,
      902,
      902,
      902,
      902,
      902,
      903,
      903,
      903,
      903,
      903,
      903,
      903,
      903,
      0,
      0,
      0,
      0,
      0,
      904,
      904,
      904,
      904,
      904,
      0,
      0,
      0,
      0,
      0,
      0,
      899,
      899,
      899,
      899,
      899,
      899,
      899,
      899,
      899,
      899,
      899,
      0,
      0,
      0,
      0,
      0,
      0,
      941,
      941,
      941,
      0,
      0,
      0,
      0,
      0,
      0,
      0,
      0,
      0,
      909,
      909,
      909,
      909,
      909,
      909,
      909,
      909,
      909,
      909,
      918,
      918,
      918,
      918,
      918,
      918,
      918,
      918,
      918,
      918,
      921,
      921,
      910,
      910,
      910,
      910,
      910,
      910,
      910,
      910,
      910,
      910,
      910,
      910,
      922,
      922,
      922,
      922,
      922,
      922,
      922,
      0,
      0,
      0,
      0,
      0,
      0,
      0,
      0,
      0,
      0,
      0,
      0,
      0,
      914,
      914,
      914,
      914,
      914,
      914,
      914,
      0,
      0,
      0,
      0,
      0,
      0,
      0,
      0,
      0,
      0,
      0,
      0,
      0,
      0,
      0,
      0,
      0,
      0,
      906,
      906,
      906,
      906,
      906,
      906,
      0,
      0,
      0,
      0,
      0,
      0,
      0,
      0,
      0,
      0,
      0,
      0,
      0,
      0,
      0,
      0,
      0,
      0,
      0,
      0,
      0,
      0,
      0,
      0,
      0,
      0,
      0,
      0,
      0,
      0,
      0,
      0,
      0,
      0,
      915,
      915,
      915,
      915,
      915,
      915,
      915,
      0,
      0,
      0,
      0,
      0,
      0,
      0,
      0,
      0,
      0,
      0,
      0,
      0,
      0,
      0,
      916,
      916,
      916,
      916,
      916,
      916,
      916,
      916,
      916,
      916,
      916,
      919,
      919,
      919,
      919,
      919,
      919,
      919,
      919,
      919,
      919,
      891,
      891,
      900,
      900,
      900,
      900,
      900,
      900,
      900,
      905,
      905,
      905,
      905,
      905,
      905,
      905,
      905,
      894,
      917,
      917,
      917,
      917,
      917,
      917,
      917,
      917,
      917,
      917,
      917,
      917,
      917,
      917,
      917,
      901,
      901,
      901,
      901,
      901,
      901,
      901,
      901,
      901,
      901,
      901,
      901,
      895,
      895,
      895,
      895,
      895,
      895,
      895
    ],
    [
      911,
      911,
      911,
      911,
      911,
      911,
      911,
      911,
      911,
      911,
      923,
      923,
      923,
      923,
      923,
      923,
      923,
      923,
      923,
      923,
      923,
      923,
      923,
      923,
      907,
      907,
      907,
      907,
      907,
      907,
      907,
      907,
      907,
      912,
      912,
      912,
      912,
      912,
      889,
      889,
      889,
      889,
      889,
      0,
      0,
      0,
      0,
      0,
      0,
      0,
      0,
      0,
      0,
      0,
      0,
      0,
      0,
      0,
      0,
      0,
      0,
      0,
      0,
      0,
      0,
      0,
      0,
      0,
      0,
      0,
      0,
      0,
      0,
      0,
      0,
      0,
      0,
      0,
      0,
      0,
      0,
      0,
      0,
      0,
      0,
      0,
      0,
      0,
      0,
      0,
      0,
      0,
      0,
      0,
      0,
      0,
      0,
      0,
      0,
      0,
      0,
      0,
      0,
      913,
      913,
      913,
      913,
      913,
      913,
      913,
      913,
      913,
      881,
      881,
      881,
      881,
      881,
      881,
      881,
      881,
      881,
      881,
      881,
      881,
      881,
      0,
      0,
      0,
      0,
      0,
      0,
      0,
      0,
      0,
      0,
      926,
      926,
      926,
      926,
      926,
      926,
      0,
      0,
      0,
      0,
      0,
      0,
      0,
      0,
      0,
      0,
      0,
      0,
      0,
      0,
      0,
      0,
      0,
      0,
      0,
      0,
      0,
      0,
      0,
      0,
      0,
      0,
      0,
      0,
      0,
      0,
      0,
      0,
      0,
      0,
      0,
      0,
      0,
      0,
      0,
      0,
      0,
      0,
      0,
      0,
      0,
      0,
      0,
      0,
      0,
      0,
      0,
      0,
      0,
      0,
      0,
      0,
      908,
      908,
      908,
      908,
      908,
      908,
      908,
      876,
      876,
      0,
      0,
      0,
      0,
      0,
      0,
      0,
      0,
      0,
      0,
      0,
      0,
      0,
      0,
      0,
      0,
      0,
      0,
      0,
      927,
      927,
      927,
      927,
      927,
      927,
      927,
      927,
      927,
      902,
      920,
      920,
      920,
      920,
      920,
      920,
      920,
      920,
      920,
      920,
      920,
      920,
      920,
      920,
      920,
      920,
      903,
      920,
      0,
      0,
      0,
      0,
      0,
      904,
      904,
      904,
      904,
      904,
      0,
      0,
      0,
      0,
      0,
      0,
      0,
      924,
      899,
      899,
      899,
      899,
      899,
      899,
      899,
      899,
      899,
      899,
      899,
      941,
      941,
      941,
      941,
      941,
      941,
      941,
      941,
      0,
      0,
      0,
      0,
      0,
      0,
      0,
      0,
      0,
      909,
      909,
      909,
      909,
      909,
      909,
      909,
      909,
      918,
      918,
      918,
      918,
      918,
      918,
      918,
      918,
      918,
      918,
      918,
      921,
      921,
      921,
      910,
      910,
      910,
      910,
      910,
      910,
      910,
      910,
      910,
      910,
      910,
      922,
      922,
      922,
      922,
      922,
      922,
      922,
      0,
      0,
      0,
      0,
      0,
      0,
      0,
      0,
      0,
      0,
      0,
      0,
      0,
      914,
      914,
      914,
      914,
      914,
      914,
      914,
      0,
      0,
      0,
      0,
      0,
      0,
      0,
      0,
      0,
      0,
      0,
      0,
      0,
      0,
      0,
      0,
      0,
      0,
      906,
      906,
      906,
      906,
      906,
      906,
      0,
      0,
      0,
      0,
      0,
      0,
      0,
      0,
      0,
      0,
      0,
      0,
      0,
      0,
      925,
      925,
      0,
      0,
      0,
      0,
      0,
      0,
      0,
      0,
      0,
      0,
      0,
      0,
      0,
      0,
      0,
      0,
      0,
      0,
      915,
      915,
      915,
      915,
      915,
      915,
      915,
      0,
      0,
      0,
      0,
      0,
      0,
      0,
      0,
      0,
      0,
      0,
      0,
      0,
      0,
      0,
      916,
      916,
      916,
      916,
      916,
      916,
      0,
      916,
      916,
      916,
      0,
      919,
      919,
      919,
      919,
      919,
      919,
      919,
      919,
      919,
      919,
      891,
      891,
      900,
      900,
      900,
      900,
      900,
      900,
      900,
      905,
      905,
      905,
      905,
      905,
      905,
      905,
      905,
      917,
      917,
      917,
      917,
      917,
      917,
      917,
      917,
      917,
      917,
      917,
      917,
      917,
      917,
      917,
      917,
      901,
      901,
      901,
      901,
      901,
      901,
      901,
      901,
      901,
      901,
      901,
      901,
      895,
      895,
      895,
      895,
      895,
      895,
      895
    ],
    [
      911,
      911,
      911,
      911,
      911,
      911,
      911,
      911,
      911,
      911,
      923,
      923,
      923,
      923,
      923,
      923,
      923,
      923,
      923,
      923,
      923,
      923,
      923,
      923,
      923,
      907,
      907,
      907,
      907,
      907,
      907,
      907,
      907,
      912,
      912,
      912,
      912,
      912,
      889,
      889,
      889,
      889,
      889,
      0,
      0,
      0,
      0,
      0,
      0,
      0,
      0,
      0,
      0,
      0,
      0,
      0,
      0,
      0,
      0,
      0,
      0,
      0,
      0,
      0,
      0,
      0,
      0,
      0,
      0,
      0,
      0,
      0,
      0,
      0,
      0,
      0,
      0,
      0,
      0,
      0,
      0,
      0,
      0,
      0,
      0,
      0,
      0,
      0,
      0,
      0,
      0,
      0,
      0,
      0,
      0,
      0,
      0,
      0,
      0,
      0,
      0,
      0,
      0,
      913,
      913,
      913,
      913,
      913,
      913,
      913,
      913,
      913,
      881,
      933,
      933,
      881,
      881,
      881,
      881,
      881,
      881,
      881,
      881,
      881,
      881,
      0,
      0,
      0,
      0,
      0,
      0,
      0,
      0,
      0,
      0,
      926,
      926,
      926,
      926,
      926,
      926,
      0,
      0,
      0,
      0,
      0,
      0,
      0,
      0,
      0,
      0,
      0,
      0,
      0,
      0,
      0,
      0,
      0,
      0,
      0,
      0,
      0,
      0,
      0,
      0,
      0,
      0,
      0,
      0,
      0,
      0,
      0,
      0,
      0,
      0,
      0,
      0,
      0,
      0,
      0,
      0,
      0,
      0,
      0,
      0,
      0,
      0,
      0,
      0,
      0,
      0,
      0,
      0,
      0,
      0,
      0,
      0,
      908,
      908,
      908,
      908,
      908,
      908,
      908,
      876,
      0,
      0,
      0,
      0,
      0,
      0,
      0,
      0,
      0,
      0,
      0,
      0,
      0,
      0,
      0,
      0,
      0,
      0,
      0,
      0,
      927,
      927,
      927,
      927,
      927,
      927,
      927,
      927,
      927,
      927,
      927,
      920,
      920,
      920,
      920,
      920,
      920,
      920,
      920,
      920,
      920,
      920,
      920,
      920,
      920,
      920,
      920,
      920,
      0,
      0,
      0,
      0,
      0,
      904,
      904,
      904,
      904,
      904,
      0,
      0,
      0,
      0,
      0,
      0,
      0,
      924,
      924,
      924,
      924,
      924,
      934,
      934,
      934,
      934,
      934,
      934,
      934,
      934,
      941,
      941,
      941,
      941,
      941,
      941,
      941,
      0,
      0,
      0,
      0,
      0,
      0,
      0,
      0,
      0,
      909,
      909,
      909,
      909,
      909,
      909,
      909,
      909,
      918,
      918,
      918,
      918,
      918,
      918,
      918,
      918,
      918,
      918,
      918,
      921,
      921,
      921,
      921,
      921,
      921,
      921,
      910,
      910,
      910,
      910,
      910,
      910,
      910,
      922,
      922,
      922,
      922,
      922,
      922,
      922,
      0,
      0,
      0,
      0,
      0,
      0,
      0,
      0,
      0,
      0,
      0,
      0,
      0,
      914,
      914,
      914,
      914,
      914,
      914,
      914,
      0,
      0,
      0,
      0,
      0,
      0,
      0,
      0,
      0,
      0,
      0,
      0,
      0,
      0,
      0,
      0,
      0,
      0,
      906,
      906,
      935,
      935,
      935,
      935,
      935,
      935,
      935,
      935,
      935,
      935,
      935,
      935,
      935,
      935,
      935,
      0,
      0,
      0,
      925,
      925,
      0,
      0,
      0,
      0,
      0,
      0,
      0,
      0,
      0,
      0,
      0,
      0,
      0,
      0,
      0,
      0,
      0,
      0,
      915,
      915,
      915,
      915,
      915,
      915,
      915,
      0,
      0,
      0,
      0,
      0,
      0,
      0,
      0,
      0,
      0,
      0,
      0,
      0,
      0,
      0,
      0,
      0,
      916,
      916,
      916,
      916,
      0,
      0,
      0,
      0,
      0,
      919,
      919,
      919,
      919,
      919,
      919,
      919,
      919,
      919,
      919,
      919,
      891,
      900,
      900,
      900,
      900,
      900,
      900,
      900,
      900,
      905,
      905,
      905,
      905,
      905,
      905,
      917,
      917,
      917,
      917,
      917,
      917,
      917,
      917,
      917,
      917,
      917,
      917,
      917,
      917,
      917,
      917,
      917,
      901,
      901,
      901,
      901,
      901,
      901,
      901,
      901,
      901,
      901,
      0,
      0,
      0,
      895,
      895,
      895,
      895,
      895,
      895
    ],
    [
      911,
      911,
      911,
      911,
      911,
      911,
      911,
      911,
      911,
      911,
      923,
      923,
      923,
      923,
      923,
      923,
      923,
      923,
      923,
      923,
      923,
      923,
      923,
      923,
      923,
      923,
      923,
      923,
      923,
      923,
      923,
      923,
      923,
      923,
      912,
      912,
      912,
      912,
      889,
      889,
      889,
      889,
      0,
      0,
      0,
      0,
      0,
      0,
      0,
      0,
      0,
      0,
      0,
      0,
      0,
      0,
      0,
      0,
      0,
      0,
      0,
      0,
      0,
      0,
      0,
      0,
      0,
      0,
      0,
      0,
      0,
      0,
      0,
      0,
      0,
      0,
      0,
      0,
      0,
      0,
      0,
      0,
      0,
      0,
      0,
      0,
      0,
      0,
      0,
      0,
      0,
      0,
      0,
      0,
      0,
      0,
      0,
      0,
      0,
      0,
      0,
      0,
      0,
      0,
      913,
      913,
      913,
      913,
      913,
      913,
      913,
      913,
      933,
      933,
      933,
      933,
      933,
      933,
      933,
      881,
      881,
      881,
      881,
      881,
      881,
      0,
      0,
      0,
      0,
      0,
      0,
      0,
      0,
      0,
      0,
      926,
      926,
      926,
      926,
      926,
      926,
      926,
      0,
      0,
      0,
      0,
      0,
      0,
      0,
      0,
      0,
      0,
      0,
      0,
      0,
      0,
      0,
      0,
      0,
      0,
      0,
      0,
      0,
      0,
      0,
      0,
      0,
      0,
      0,
      0,
      0,
      0,
      0,
      0,
      0,
      0,
      0,
      0,
      0,
      0,
      0,
      0,
      0,
      0,
      0,
      0,
      0,
      0,
      0,
      0,
      0,
      0,
      0,
      0,
      0,
      0,
      0,
      0,
      0,
      0,
      0,
      0,
      0,
      0,
      0,
      0,
      0,
      0,
      0,
      0,
      0,
      0,
      0,
      0,
      0,
      0,
      0,
      0,
      0,
      0,
      0,
      0,
      0,
      0,
      0,
      927,
      927,
      927,
      927,
      927,
      927,
      927,
      927,
      927,
      927,
      927,
      920,
      920,
      920,
      920,
      920,
      920,
      920,
      920,
      920,
      920,
      920,
      920,
      920,
      920,
      920,
      920,
      920,
      0,
      0,
      0,
      0,
      0,
      0,
      0,
      0,
      0,
      0,
      0,
      0,
      0,
      0,
      0,
      0,
      0,
      924,
      924,
      924,
      924,
      924,
      934,
      934,
      934,
      934,
      934,
      934,
      934,
      934,
      934,
      941,
      941,
      941,
      941,
      941,
      941,
      941,
      0,
      0,
      0,
      0,
      0,
      0,
      0,
      0,
      909,
      909,
      909,
      909,
      909,
      909,
      909,
      909,
      918,
      918,
      918,
      918,
      918,
      918,
      918,
      918,
      918,
      918,
      918,
      921,
      921,
      921,
      921,
      921,
      921,
      921,
      921,
      921,
      921,
      921,
      910,
      910,
      910,
      922,
      922,
      922,
      922,
      922,
      922,
      922,
      0,
      0,
      0,
      0,
      0,
      0,
      0,
      0,
      0,
      0,
      0,
      0,
      0,
      914,
      914,
      914,
      914,
      914,
      914,
      914,
      0,
      0,
      0,
      0,
      0,
      0,
      0,
      0,
      0,
      0,
      0,
      0,
      0,
      935,
      935,
      935,
      935,
      935,
      935,
      935,
      935,
      935,
      935,
      935,
      935,
      935,
      935,
      935,
      935,
      935,
      935,
      925,
      925,
      925,
      925,
      925,
      925,
      925,
      925,
      925,
      925,
      0,
      0,
      0,
      0,
      0,
      0,
      0,
      0,
      0,
      0,
      0,
      0,
      0,
      0,
      0,
      0,
      0,
      0,
      915,
      915,
      915,
      915,
      915,
      915,
      0,
      0,
      0,
      0,
      0,
      0,
      0,
      0,
      0,
      0,
      0,
      0,
      0,
      0,
      0,
      0,
      0,
      0,
      0,
      0,
      0,
      0,
      0,
      0,
      0,
      0,
      919,
      919,
      919,
      919,
      919,
      919,
      919,
      919,
      919,
      919,
      919,
      891,
      900,
      900,
      900,
      900,
      900,
      932,
      932,
      932,
      932,
      917,
      917,
      917,
      917,
      917,
      917,
      917,
      917,
      917,
      917,
      917,
      917,
      917,
      917,
      917,
      917,
      917,
      917,
      917,
      917,
      0,
      0,
      0,
      0,
      0,
      0,
      0,
      901,
      901,
      0,
      0,
      0,
      0,
      0,
      0,
      895,
      895,
      895,
      895,
      895,
      895
    ],
    [
      911,
      911,
      911,
      911,
      911,
      911,
      911,
      911,
      911,
      911,
      911,
      923,
      923,
      923,
      923,
      923,
      923,
      923,
      923,
      923,
      923,
      923,
      923,
      923,
      923,
      923,
      923,
      923,
      923,
      923,
      923,
      923,
      923,
      923,
      889,
      889,
      889,
      889,
      889,
      928,
      928,
      928,
      0,
      0,
      0,
      0,
      0,
      0,
      0,
      0,
      0,
      0,
      0,
      0,
      0,
      0,
      0,
      0,
      0,
      0,
      0,
      0,
      0,
      0,
      0,
      0,
      0,
      0,
      0,
      0,
      0,
      0,
      0,
      0,
      0,
      0,
      0,
      0,
      0,
      0,
      0,
      0,
      0,
      0,
      0,
      0,
      0,
      0,
      0,
      0,
      0,
      0,
      0,
      0,
      0,
      0,
      0,
      0,
      0,
      0,
      0,
      0,
      0,
      0,
      913,
      913,
      913,
      913,
      913,
      913,
      913,
      933,
      933,
      933,
      933,
      933,
      933,
      931,
      931,
      931,
      931,
      931,
      931,
      931,
      931,
      0,
      0,
      0,
      0,
      0,
      0,
      0,
      0,
      926,
      926,
      926,
      926,
      926,
      926,
      926,
      926,
      926,
      926,
      0,
      0,
      0,
      0,
      0,
      0,
      0,
      0,
      0,
      0,
      0,
      0,
      0,
      0,
      0,
      0,
      0,
      0,
      0,
      0,
      0,
      0,
      0,
      0,
      0,
      0,
      0,
      0,
      0,
      0,
      0,
      0,
      0,
      0,
      0,
      0,
      0,
      0,
      0,
      0,
      0,
      0,
      0,
      0,
      0,
      0,
      0,
      0,
      0,
      0,
      0,
      0,
      0,
      0,
      0,
      0,
      0,
      0,
      0,
      0,
      0,
      0,
      0,
      0,
      0,
      0,
      0,
      0,
      0,
      0,
      0,
      0,
      0,
      0,
      0,
      0,
      0,
      0,
      0,
      0,
      0,
      0,
      927,
      927,
      927,
      927,
      927,
      927,
      927,
      927,
      927,
      927,
      927,
      920,
      920,
      920,
      920,
      920,
      920,
      920,
      920,
      920,
      920,
      920,
      920,
      920,
      920,
      920,
      920,
      920,
      0,
      0,
      0,
      0,
      0,
      0,
      0,
      0,
      0,
      0,
      0,
      0,
      0,
      0,
      0,
      0,
      0,
      924,
      924,
      924,
      924,
      934,
      934,
      934,
      934,
      934,
      934,
      934,
      934,
      934,
      934,
      941,
      941,
      941,
      941,
      941,
      941,
      941,
      0,
      0,
      0,
      0,
      0,
      0,
      0,
      0,
      0,
      0,
      909,
      909,
      909,
      909,
      909,
      909,
      918,
      918,
      918,
      918,
      918,
      918,
      918,
      918,
      918,
      918,
      918,
      921,
      921,
      921,
      921,
      921,
      921,
      930,
      930,
      930,
      930,
      930,
      930,
      910,
      910,
      922,
      922,
      922,
      922,
      922,
      922,
      922,
      0,
      0,
      0,
      0,
      0,
      0,
      0,
      0,
      0,
      0,
      0,
      0,
      0,
      0,
      0,
      0,
      0,
      0,
      0,
      0,
      0,
      0,
      0,
      0,
      0,
      0,
      0,
      0,
      0,
      935,
      935,
      935,
      935,
      935,
      935,
      935,
      935,
      935,
      935,
      935,
      935,
      935,
      935,
      935,
      935,
      935,
      935,
      935,
      935,
      935,
      935,
      925,
      925,
      925,
      925,
      925,
      925,
      925,
      925,
      925,
      925,
      925,
      925,
      925,
      0,
      0,
      0,
      0,
      0,
      0,
      0,
      0,
      0,
      0,
      0,
      0,
      0,
      0,
      0,
      0,
      0,
      0,
      0,
      0,
      0,
      0,
      0,
      0,
      0,
      0,
      0,
      0,
      0,
      0,
      0,
      0,
      0,
      0,
      0,
      0,
      0,
      0,
      0,
      0,
      0,
      0,
      0,
      0,
      0,
      0,
      0,
      0,
      919,
      919,
      919,
      919,
      919,
      919,
      919,
      919,
      919,
      919,
      919,
      919,
      919,
      932,
      932,
      932,
      932,
      932,
      932,
      932,
      932,
      917,
      917,
      917,
      917,
      917,
      917,
      917,
      917,
      917,
      917,
      917,
      917,
      917,
      917,
      917,
      0,
      0,
      0,
      0,
      0,
      0,
      0,
      0,
      0,
      0,
      0,
      901,
      0,
      0,
      0,
      0,
      0,
      0,
      0,
      0,
      0,
      0,
      0,
      0,
      0
    ],
    [
      911,
      911,
      911,
      911,
      911,
      911,
      911,
      911,
      911,
      911,
      911,
      911,
      923,
      923,
      923,
      923,
      923,
      923,
      923,
      923,
      923,
      923,
      923,
      923,
      923,
      923,
      923,
      923,
      923,
      923,
      923,
      923,
      923,
      923,
      923,
      928,
      928,
      928,
      928,
      928,
      928,
      928,
      0,
      0,
      0,
      0,
      0,
      0,
      0,
      0,
      0,
      0,
      0,
      0,
      0,
      0,
      0,
      0,
      0,
      0,
      0,
      0,
      0,
      0,
      0,
      0,
      0,
      0,
      0,
      0,
      0,
      0,
      0,
      0,
      0,
      0,
      0,
      0,
      0,
      0,
      0,
      0,
      0,
      0,
      0,
      0,
      0,
      0,
      0,
      0,
      0,
      0,
      0,
      0,
      0,
      0,
      0,
      0,
      0,
      0,
      0,
      0,
      0,
      0,
      0,
      0,
      0,
      0,
      0,
      933,
      933,
      933,
      933,
      933,
      933,
      933,
      933,
      931,
      931,
      931,
      931,
      931,
      931,
      931,
      931,
      931,
      0,
      0,
      0,
      0,
      0,
      0,
      0,
      926,
      926,
      926,
      926,
      926,
      926,
      926,
      926,
      926,
      926,
      926,
      0,
      0,
      0,
      0,
      0,
      0,
      0,
      0,
      0,
      0,
      0,
      0,
      937,
      937,
      937,
      937,
      0,
      0,
      0,
      0,
      0,
      0,
      0,
      0,
      0,
      0,
      0,
      0,
      0,
      0,
      0,
      0,
      0,
      0,
      0,
      0,
      0,
      0,
      0,
      0,
      0,
      0,
      0,
      0,
      0,
      0,
      0,
      0,
      0,
      0,
      0,
      0,
      0,
      0,
      0,
      0,
      0,
      0,
      0,
      0,
      0,
      0,
      0,
      0,
      0,
      0,
      0,
      0,
      0,
      0,
      0,
      0,
      0,
      0,
      0,
      0,
      0,
      0,
      0,
      0,
      0,
      927,
      927,
      927,
      927,
      927,
      927,
      927,
      927,
      927,
      927,
      927,
      920,
      920,
      920,
      929,
      929,
      929,
      929,
      929,
      929,
      929,
      920,
      920,
      920,
      920,
      920,
      920,
      920,
      0,
      0,
      0,
      0,
      0,
      0,
      0,
      0,
      0,
      0,
      0,
      0,
      0,
      0,
      0,
      0,
      924,
      924,
      924,
      924,
      924,
      934,
      934,
      934,
      934,
      934,
      934,
      934,
      934,
      934,
      934,
      934,
      941,
      941,
      941,
      941,
      941,
      941,
      0,
      0,
      0,
      0,
      0,
      0,
      0,
      0,
      0,
      909,
      909,
      909,
      909,
      909,
      909,
      909,
      918,
      918,
      918,
      918,
      918,
      918,
      918,
      918,
      918,
      918,
      918,
      921,
      921,
      921,
      921,
      930,
      930,
      930,
      930,
      930,
      930,
      930,
      930,
      930,
      910,
      922,
      922,
      922,
      922,
      922,
      922,
      922,
      0,
      0,
      0,
      0,
      0,
      0,
      0,
      0,
      0,
      0,
      0,
      0,
      0,
      0,
      0,
      0,
      0,
      0,
      0,
      0,
      0,
      0,
      0,
      0,
      0,
      0,
      0,
      0,
      0,
      0,
      935,
      935,
      935,
      935,
      935,
      935,
      935,
      935,
      935,
      935,
      935,
      935,
      935,
      935,
      935,
      935,
      935,
      935,
      935,
      935,
      925,
      925,
      925,
      925,
      925,
      925,
      925,
      925,
      925,
      925,
      925,
      925,
      925,
      925,
      925,
      0,
      0,
      0,
      0,
      0,
      0,
      0,
      0,
      0,
      0,
      0,
      0,
      0,
      0,
      0,
      0,
      0,
      0,
      0,
      0,
      0,
      0,
      0,
      0,
      0,
      0,
      0,
      0,
      0,
      0,
      0,
      0,
      0,
      0,
      0,
      0,
      0,
      0,
      0,
      0,
      0,
      0,
      0,
      0,
      0,
      0,
      0,
      919,
      919,
      919,
      919,
      919,
      919,
      919,
      919,
      919,
      919,
      919,
      919,
      919,
      919,
      932,
      932,
      932,
      932,
      932,
      932,
      932,
      932,
      932,
      932,
      932,
      932,
      917,
      917,
      917,
      917,
      917,
      917,
      917,
      0,
      0,
      0,
      0,
      0,
      0,
      0,
      0,
      0,
      0,
      0,
      0,
      0,
      0,
      0,
      0,
      0,
      0,
      0,
      0,
      0,
      0,
      0,
      0,
      0,
      0,
      0,
      0
    ],
    [
      0,
      0,
      0,
      0,
      0,
      0,
      0,
      0,
      0,
      0,
      0,
      0,
      923,
      923,
      923,
      923,
      923,
      923,
      923,
      923,
      923,
      923,
      923,
      923,
      923,
      923,
      923,
      923,
      923,
      923,
      923,
      923,
      923,
      923,
      0,
      928,
      928,
      928,
      928,
      928,
      928,
      928,
      928,
      928,
      928,
      928,
      928,
      0,
      0,
      0,
      0,
      0,
      0,
      0,
      0,
      0,
      0,
      0,
      0,
      0,
      0,
      0,
      0,
      0,
      0,
      0,
      0,
      0,
      0,
      0,
      0,
      0,
      0,
      0,
      0,
      0,
      0,
      0,
      0,
      0,
      0,
      0,
      0,
      0,
      0,
      0,
      0,
      0,
      0,
      0,
      0,
      0,
      0,
      0,
      0,
      0,
      0,
      0,
      0,
      0,
      0,
      0,
      0,
      0,
      0,
      0,
      0,
      933,
      933,
      933,
      933,
      933,
      933,
      933,
      933,
      933,
      931,
      931,
      931,
      931,
      931,
      931,
      931,
      931,
      931,
      931,
      0,
      0,
      0,
      0,
      0,
      0,
      0,
      926,
      926,
      926,
      926,
      926,
      926,
      926,
      926,
      926,
      926,
      926,
      937,
      937,
      937,
      937,
      937,
      937,
      937,
      937,
      937,
      937,
      937,
      937,
      937,
      937,
      937,
      937,
      0,
      0,
      0,
      0,
      0,
      0,
      0,
      0,
      0,
      0,
      0,
      0,
      0,
      0,
      0,
      0,
      0,
      0,
      0,
      0,
      0,
      0,
      0,
      0,
      0,
      0,
      0,
      0,
      0,
      0,
      0,
      0,
      0,
      0,
      0,
      0,
      0,
      0,
      0,
      0,
      0,
      0,
      0,
      0,
      0,
      0,
      0,
      0,
      0,
      0,
      0,
      0,
      0,
      0,
      0,
      0,
      0,
      0,
      0,
      0,
      0,
      0,
      0,
      0,
      0,
      0,
      927,
      927,
      927,
      927,
      927,
      927,
      927,
      927,
      927,
      927,
      920,
      920,
      929,
      929,
      929,
      929,
      929,
      929,
      929,
      929,
      929,
      929,
      920,
      920,
      920,
      920,
      920,
      0,
      0,
      0,
      0,
      0,
      0,
      0,
      0,
      0,
      0,
      0,
      0,
      0,
      0,
      0,
      0,
      924,
      924,
      924,
      924,
      924,
      934,
      934,
      934,
      934,
      934,
      934,
      934,
      934,
      934,
      934,
      934,
      941,
      941,
      941,
      941,
      941,
      941,
      941,
      0,
      0,
      0,
      0,
      0,
      0,
      0,
      939,
      939,
      939,
      939,
      939,
      939,
      909,
      909,
      918,
      918,
      918,
      918,
      918,
      918,
      918,
      918,
      0,
      0,
      918,
      918,
      918,
      918,
      930,
      930,
      930,
      930,
      930,
      930,
      930,
      930,
      930,
      930,
      930,
      930,
      922,
      922,
      922,
      922,
      922,
      922,
      0,
      942,
      942,
      942,
      942,
      942,
      942,
      942,
      942,
      942,
      942,
      942,
      942,
      942,
      942,
      942,
      0,
      0,
      0,
      0,
      0,
      0,
      0,
      0,
      0,
      0,
      0,
      0,
      0,
      0,
      0,
      935,
      935,
      935,
      935,
      935,
      935,
      935,
      935,
      935,
      935,
      935,
      935,
      935,
      935,
      935,
      935,
      935,
      935,
      935,
      925,
      925,
      925,
      925,
      925,
      925,
      925,
      925,
      925,
      925,
      925,
      925,
      925,
      925,
      925,
      925,
      925,
      0,
      0,
      0,
      0,
      0,
      0,
      0,
      0,
      0,
      943,
      943,
      943,
      943,
      943,
      943,
      0,
      0,
      0,
      0,
      0,
      0,
      0,
      0,
      0,
      0,
      0,
      0,
      0,
      0,
      0,
      0,
      0,
      0,
      0,
      0,
      0,
      0,
      0,
      0,
      0,
      0,
      0,
      0,
      0,
      0,
      0,
      0,
      919,
      919,
      919,
      919,
      919,
      919,
      919,
      919,
      919,
      919,
      919,
      919,
      936,
      932,
      932,
      932,
      932,
      932,
      932,
      932,
      932,
      932,
      932,
      932,
      917,
      917,
      917,
      917,
      917,
      917,
      917,
      0,
      0,
      0,
      0,
      0,
      0,
      0,
      0,
      0,
      0,
      0,
      0,
      0,
      0,
      0,
      0,
      0,
      0,
      0,
      0,
      0,
      0,
      0,
      0,
      0,
      0,
      0,
      0
    ],
    [
      0,
      0,
      0,
      0,
      0,
      0,
      0,
      0,
      0,
      0,
      0,
      0,
      923,
      923,
      923,
      923,
      923,
      923,
      923,
      923,
      923,
      923,
      923,
      923,
      923,
      923,
      923,
      0,
      0,
      0,
      0,
      0,
      0,
      0,
      0,
      928,
      928,
      928,
      928,
      928,
      928,
      928,
      928,
      928,
      928,
      928,
      928,
      928,
      0,
      0,
      0,
      0,
      0,
      0,
      0,
      0,
      0,
      0,
      0,
      0,
      0,
      0,
      0,
      0,
      0,
      0,
      0,
      0,
      0,
      0,
      0,
      0,
      944,
      944,
      944,
      944,
      944,
      944,
      944,
      944,
      944,
      0,
      0,
      0,
      0,
      0,
      0,
      0,
      0,
      0,
      0,
      0,
      0,
      0,
      0,
      0,
      0,
      0,
      0,
      0,
      0,
      0,
      0,
      0,
      0,
      0,
      0,
      933,
      933,
      933,
      933,
      933,
      933,
      933,
      933,
      933,
      931,
      931,
      931,
      931,
      931,
      931,
      931,
      931,
      931,
      931,
      0,
      0,
      0,
      0,
      0,
      0,
      0,
      926,
      926,
      926,
      926,
      926,
      926,
      926,
      926,
      926,
      926,
      926,
      937,
      937,
      937,
      937,
      937,
      937,
      937,
      937,
      937,
      937,
      937,
      937,
      937,
      937,
      937,
      937,
      937,
      937,
      937,
      0,
      0,
      0,
      0,
      0,
      0,
      0,
      0,
      0,
      0,
      0,
      0,
      0,
      0,
      0,
      0,
      0,
      0,
      0,
      0,
      0,
      0,
      0,
      0,
      0,
      0,
      0,
      0,
      0,
      0,
      0,
      0,
      0,
      0,
      0,
      0,
      0,
      0,
      0,
      0,
      0,
      0,
      0,
      0,
      0,
      0,
      0,
      0,
      0,
      0,
      0,
      0,
      0,
      0,
      0,
      0,
      0,
      0,
      0,
      0,
      0,
      0,
      0,
      0,
      927,
      927,
      927,
      927,
      927,
      945,
      945,
      945,
      952,
      952,
      920,
      929,
      929,
      929,
      929,
      929,
      929,
      929,
      929,
      929,
      929,
      929,
      920,
      920,
      920,
      920,
      0,
      0,
      0,
      0,
      0,
      0,
      0,
      0,
      0,
      0,
      0,
      0,
      0,
      0,
      0,
      0,
      924,
      924,
      924,
      924,
      924,
      934,
      934,
      934,
      934,
      934,
      934,
      934,
      934,
      934,
      934,
      934,
      941,
      941,
      941,
      941,
      941,
      941,
      941,
      941,
      941,
      941,
      941,
      0,
      0,
      0,
      939,
      939,
      939,
      939,
      939,
      939,
      939,
      909,
      918,
      918,
      918,
      0,
      0,
      0,
      0,
      0,
      0,
      0,
      0,
      0,
      0,
      930,
      930,
      930,
      930,
      930,
      930,
      930,
      930,
      930,
      930,
      930,
      930,
      930,
      922,
      922,
      922,
      922,
      922,
      942,
      942,
      942,
      942,
      942,
      942,
      942,
      942,
      942,
      942,
      942,
      942,
      942,
      942,
      942,
      942,
      942,
      942,
      0,
      0,
      0,
      0,
      0,
      0,
      0,
      0,
      0,
      0,
      0,
      0,
      0,
      0,
      0,
      0,
      0,
      0,
      0,
      935,
      935,
      935,
      935,
      935,
      935,
      935,
      935,
      935,
      935,
      935,
      935,
      935,
      925,
      925,
      925,
      925,
      925,
      925,
      925,
      925,
      925,
      925,
      925,
      925,
      925,
      925,
      925,
      925,
      925,
      925,
      925,
      925,
      0,
      0,
      0,
      943,
      943,
      943,
      943,
      943,
      943,
      943,
      943,
      943,
      943,
      943,
      0,
      0,
      0,
      0,
      0,
      0,
      0,
      0,
      0,
      0,
      0,
      0,
      0,
      0,
      0,
      0,
      0,
      0,
      0,
      0,
      0,
      0,
      0,
      0,
      0,
      0,
      0,
      0,
      0,
      0,
      0,
      0,
      919,
      919,
      919,
      919,
      919,
      919,
      936,
      936,
      936,
      936,
      936,
      936,
      936,
      932,
      932,
      932,
      932,
      932,
      932,
      932,
      932,
      932,
      932,
      932,
      932,
      932,
      932,
      932,
      0,
      0,
      0,
      0,
      0,
      0,
      0,
      0,
      0,
      0,
      0,
      0,
      0,
      0,
      0,
      0,
      0,
      0,
      0,
      0,
      0,
      0,
      0,
      0,
      0,
      0,
      0,
      0,
      0,
      0
    ],
    [
      0,
      0,
      0,
      0,
      0,
      0,
      0,
      0,
      0,
      0,
      0,
      0,
      923,
      923,
      923,
      923,
      923,
      923,
      923,
      923,
      923,
      923,
      923,
      923,
      923,
      923,
      923,
      0,
      0,
      0,
      0,
      0,
      0,
      0,
      0,
      928,
      928,
      928,
      928,
      928,
      928,
      928,
      928,
      928,
      928,
      928,
      928,
      928,
      0,
      0,
      0,
      0,
      0,
      0,
      0,
      0,
      0,
      0,
      0,
      0,
      0,
      0,
      0,
      0,
      0,
      0,
      0,
      0,
      0,
      0,
      0,
      944,
      944,
      944,
      944,
      944,
      944,
      944,
      944,
      944,
      944,
      944,
      0,
      0,
      0,
      0,
      0,
      0,
      0,
      0,
      0,
      0,
      0,
      0,
      0,
      0,
      0,
      0,
      0,
      0,
      0,
      0,
      0,
      0,
      0,
      0,
      0,
      933,
      933,
      933,
      933,
      933,
      933,
      933,
      933,
      933,
      931,
      931,
      931,
      931,
      931,
      931,
      931,
      931,
      931,
      931,
      0,
      0,
      0,
      0,
      0,
      0,
      0,
      926,
      926,
      926,
      926,
      926,
      926,
      926,
      926,
      926,
      926,
      926,
      937,
      937,
      937,
      937,
      937,
      937,
      937,
      937,
      937,
      937,
      937,
      937,
      937,
      937,
      937,
      937,
      937,
      937,
      937,
      937,
      937,
      0,
      0,
      0,
      0,
      0,
      0,
      0,
      0,
      0,
      0,
      0,
      0,
      0,
      0,
      0,
      0,
      0,
      0,
      0,
      0,
      0,
      0,
      0,
      0,
      0,
      0,
      0,
      0,
      0,
      0,
      0,
      0,
      0,
      0,
      0,
      0,
      0,
      0,
      0,
      0,
      0,
      0,
      0,
      0,
      0,
      0,
      0,
      0,
      0,
      0,
      0,
      0,
      0,
      0,
      0,
      0,
      0,
      0,
      0,
      0,
      0,
      0,
      945,
      927,
      927,
      927,
      945,
      945,
      945,
      945,
      952,
      952,
      920,
      929,
      929,
      929,
      929,
      929,
      929,
      929,
      929,
      929,
      929,
      929,
      920,
      920,
      920,
      920,
      0,
      0,
      0,
      0,
      0,
      0,
      0,
      0,
      0,
      0,
      0,
      0,
      0,
      0,
      0,
      0,
      924,
      924,
      924,
      924,
      934,
      934,
      934,
      934,
      934,
      934,
      934,
      934,
      934,
      934,
      934,
      934,
      941,
      941,
      941,
      941,
      941,
      941,
      941,
      941,
      941,
      941,
      941,
      0,
      0,
      0,
      939,
      939,
      939,
      939,
      939,
      939,
      939,
      909,
      918,
      918,
      918,
      0,
      0,
      0,
      0,
      0,
      0,
      0,
      0,
      0,
      0,
      0,
      930,
      930,
      930,
      930,
      930,
      930,
      930,
      930,
      930,
      930,
      930,
      930,
      930,
      930,
      942,
      942,
      942,
      942,
      942,
      942,
      942,
      942,
      942,
      942,
      942,
      942,
      942,
      942,
      942,
      942,
      942,
      942,
      942,
      0,
      0,
      0,
      0,
      0,
      0,
      0,
      0,
      0,
      0,
      0,
      0,
      0,
      0,
      0,
      0,
      0,
      0,
      0,
      0,
      935,
      935,
      935,
      935,
      935,
      935,
      935,
      935,
      935,
      935,
      935,
      935,
      935,
      940,
      940,
      940,
      940,
      940,
      925,
      925,
      925,
      925,
      925,
      925,
      925,
      925,
      925,
      925,
      925,
      925,
      925,
      925,
      925,
      925,
      0,
      0,
      0,
      943,
      943,
      943,
      943,
      943,
      943,
      943,
      943,
      943,
      943,
      943,
      943,
      943,
      943,
      0,
      0,
      0,
      0,
      0,
      0,
      0,
      0,
      0,
      0,
      0,
      0,
      0,
      0,
      0,
      0,
      0,
      0,
      0,
      0,
      0,
      0,
      0,
      0,
      0,
      0,
      0,
      0,
      0,
      0,
      0,
      961,
      919,
      919,
      919,
      936,
      936,
      936,
      936,
      936,
      936,
      936,
      932,
      932,
      932,
      932,
      932,
      932,
      932,
      932,
      932,
      932,
      932,
      932,
      932,
      932,
      932,
      932,
      0,
      0,
      0,
      0,
      0,
      0,
      0,
      0,
      0,
      0,
      0,
      0,
      0,
      0,
      0,
      0,
      0,
      0,
      0,
      0,
      0,
      0,
      0,
      0,
      0,
      0,
      0,
      0,
      0
    ],
    [
      0,
      0,
      0,
      0,
      0,
      0,
      0,
      0,
      0,
      0,
      0,
      0,
      923,
      923,
      923,
      923,
      923,
      923,
      923,
      923,
      923,
      923,
      0,
      0,
      0,
      0,
      0,
      0,
      0,
      0,
      0,
      0,
      0,
      0,
      0,
      928,
      928,
      928,
      928,
      928,
      928,
      928,
      928,
      928,
      928,
      928,
      928,
      928,
      0,
      0,
      0,
      0,
      0,
      0,
      0,
      0,
      0,
      0,
      0,
      0,
      0,
      0,
      0,
      0,
      0,
      0,
      0,
      0,
      0,
      0,
      965,
      944,
      944,
      944,
      944,
      944,
      944,
      944,
      944,
      944,
      944,
      944,
      944,
      0,
      0,
      0,
      0,
      0,
      0,
      0,
      0,
      0,
      0,
      0,
      0,
      0,
      0,
      0,
      0,
      0,
      0,
      0,
      0,
      0,
      0,
      0,
      0,
      933,
      933,
      933,
      933,
      933,
      933,
      0,
      0,
      933,
      931,
      931,
      931,
      931,
      931,
      931,
      931,
      931,
      931,
      931,
      0,
      0,
      0,
      0,
      0,
      0,
      0,
      926,
      926,
      926,
      926,
      926,
      926,
      926,
      926,
      926,
      926,
      926,
      926,
      937,
      937,
      937,
      937,
      937,
      937,
      937,
      937,
      937,
      937,
      937,
      937,
      937,
      937,
      937,
      937,
      937,
      937,
      937,
      937,
      937,
      0,
      0,
      0,
      0,
      0,
      0,
      0,
      0,
      0,
      0,
      0,
      0,
      0,
      0,
      0,
      0,
      0,
      0,
      0,
      0,
      0,
      0,
      0,
      0,
      0,
      0,
      0,
      0,
      0,
      0,
      0,
      0,
      0,
      0,
      0,
      0,
      0,
      0,
      0,
      0,
      0,
      0,
      0,
      0,
      0,
      0,
      0,
      0,
      0,
      0,
      0,
      0,
      0,
      0,
      0,
      0,
      0,
      0,
      0,
      0,
      0,
      945,
      927,
      927,
      945,
      945,
      945,
      945,
      945,
      952,
      952,
      920,
      929,
      929,
      929,
      929,
      929,
      929,
      929,
      929,
      929,
      929,
      929,
      920,
      920,
      920,
      920,
      0,
      0,
      0,
      0,
      0,
      0,
      0,
      0,
      0,
      0,
      0,
      0,
      0,
      0,
      0,
      0,
      934,
      934,
      934,
      934,
      934,
      934,
      934,
      934,
      934,
      934,
      934,
      934,
      934,
      934,
      934,
      934,
      941,
      941,
      941,
      941,
      941,
      941,
      941,
      941,
      941,
      941,
      0,
      0,
      0,
      0,
      939,
      939,
      939,
      939,
      939,
      939,
      939,
      0,
      918,
      918,
      918,
      0,
      0,
      0,
      0,
      0,
      0,
      0,
      0,
      0,
      0,
      0,
      0,
      0,
      930,
      930,
      930,
      930,
      930,
      930,
      930,
      930,
      930,
      930,
      930,
      930,
      930,
      930,
      942,
      942,
      942,
      942,
      942,
      942,
      942,
      942,
      942,
      942,
      942,
      942,
      942,
      942,
      942,
      942,
      942,
      946,
      946,
      946,
      946,
      946,
      946,
      946,
      0,
      0,
      0,
      0,
      0,
      0,
      0,
      0,
      0,
      0,
      0,
      0,
      0,
      935,
      935,
      935,
      935,
      935,
      935,
      935,
      935,
      935,
      935,
      935,
      935,
      935,
      940,
      940,
      940,
      940,
      940,
      925,
      925,
      925,
      925,
      925,
      925,
      925,
      925,
      925,
      925,
      925,
      925,
      925,
      925,
      925,
      925,
      0,
      0,
      0,
      943,
      943,
      943,
      943,
      943,
      943,
      943,
      943,
      943,
      943,
      943,
      943,
      943,
      943,
      0,
      0,
      0,
      948,
      948,
      948,
      948,
      948,
      948,
      948,
      0,
      0,
      0,
      0,
      0,
      0,
      0,
      0,
      0,
      0,
      0,
      0,
      0,
      0,
      0,
      0,
      0,
      0,
      961,
      961,
      961,
      961,
      919,
      919,
      919,
      936,
      936,
      936,
      936,
      936,
      936,
      936,
      932,
      932,
      932,
      932,
      932,
      932,
      932,
      932,
      932,
      932,
      932,
      932,
      954,
      954,
      954,
      954,
      954,
      0,
      0,
      0,
      0,
      0,
      0,
      0,
      0,
      0,
      0,
      0,
      0,
      0,
      0,
      0,
      0,
      0,
      0,
      0,
      0,
      0,
      0,
      0,
      0,
      0,
      0,
      0,
      0
    ],
    [
      0,
      0,
      0,
      0,
      0,
      0,
      0,
      0,
      0,
      0,
      0,
      0,
      923,
      923,
      923,
      923,
      923,
      923,
      923,
      923,
      923,
      923,
      923,
      923,
      0,
      0,
      0,
      0,
      0,
      0,
      0,
      0,
      0,
      0,
      0,
      928,
      928,
      928,
      928,
      928,
      928,
      928,
      928,
      928,
      928,
      928,
      928,
      928,
      0,
      0,
      0,
      0,
      0,
      0,
      0,
      0,
      0,
      0,
      0,
      0,
      0,
      0,
      0,
      0,
      0,
      0,
      0,
      965,
      965,
      965,
      965,
      944,
      944,
      944,
      944,
      944,
      944,
      944,
      944,
      944,
      944,
      944,
      944,
      0,
      0,
      0,
      0,
      0,
      0,
      0,
      0,
      0,
      0,
      0,
      0,
      0,
      0,
      0,
      0,
      0,
      0,
      0,
      0,
      0,
      0,
      0,
      0,
      0,
      0,
      0,
      0,
      0,
      0,
      0,
      0,
      0,
      931,
      931,
      931,
      931,
      931,
      931,
      931,
      931,
      931,
      931,
      0,
      0,
      0,
      0,
      0,
      0,
      0,
      926,
      926,
      926,
      926,
      926,
      926,
      926,
      926,
      926,
      926,
      926,
      926,
      926,
      937,
      937,
      937,
      937,
      937,
      937,
      937,
      937,
      937,
      937,
      937,
      937,
      937,
      937,
      937,
      937,
      937,
      937,
      937,
      0,
      0,
      0,
      0,
      0,
      0,
      0,
      0,
      0,
      0,
      0,
      0,
      0,
      0,
      0,
      0,
      0,
      0,
      947,
      947,
      0,
      0,
      0,
      0,
      0,
      0,
      0,
      0,
      0,
      0,
      0,
      0,
      0,
      0,
      0,
      0,
      0,
      0,
      0,
      0,
      0,
      0,
      0,
      0,
      0,
      0,
      0,
      0,
      0,
      0,
      0,
      0,
      0,
      0,
      0,
      0,
      0,
      0,
      0,
      0,
      0,
      0,
      945,
      945,
      945,
      945,
      945,
      945,
      945,
      945,
      952,
      952,
      920,
      929,
      929,
      929,
      929,
      929,
      929,
      929,
      929,
      929,
      929,
      929,
      920,
      920,
      920,
      920,
      0,
      0,
      0,
      0,
      0,
      0,
      0,
      0,
      0,
      0,
      0,
      0,
      0,
      0,
      0,
      0,
      0,
      934,
      934,
      934,
      934,
      934,
      934,
      934,
      934,
      938,
      938,
      938,
      938,
      938,
      938,
      941,
      941,
      941,
      941,
      941,
      941,
      941,
      941,
      941,
      941,
      941,
      0,
      0,
      0,
      0,
      939,
      939,
      939,
      939,
      939,
      939,
      939,
      0,
      918,
      0,
      0,
      0,
      0,
      0,
      0,
      0,
      0,
      0,
      0,
      0,
      0,
      0,
      0,
      0,
      930,
      930,
      930,
      930,
      930,
      930,
      930,
      930,
      930,
      930,
      930,
      930,
      930,
      930,
      942,
      942,
      942,
      942,
      942,
      942,
      942,
      942,
      942,
      942,
      942,
      942,
      942,
      942,
      942,
      942,
      942,
      946,
      946,
      946,
      946,
      946,
      946,
      946,
      0,
      0,
      0,
      0,
      0,
      0,
      0,
      0,
      0,
      0,
      0,
      0,
      935,
      935,
      935,
      935,
      935,
      935,
      935,
      935,
      935,
      935,
      935,
      935,
      935,
      935,
      940,
      940,
      940,
      940,
      940,
      925,
      925,
      925,
      925,
      953,
      953,
      953,
      953,
      953,
      953,
      953,
      925,
      925,
      925,
      925,
      925,
      0,
      0,
      0,
      943,
      943,
      943,
      943,
      943,
      943,
      943,
      943,
      943,
      943,
      943,
      943,
      943,
      943,
      0,
      0,
      0,
      948,
      948,
      948,
      948,
      948,
      948,
      948,
      0,
      0,
      0,
      0,
      0,
      0,
      0,
      0,
      0,
      0,
      0,
      0,
      0,
      0,
      0,
      0,
      0,
      0,
      961,
      961,
      961,
      961,
      919,
      919,
      919,
      936,
      936,
      936,
      936,
      936,
      936,
      936,
      932,
      932,
      932,
      932,
      932,
      932,
      932,
      932,
      932,
      932,
      932,
      954,
      954,
      954,
      954,
      954,
      954,
      954,
      0,
      0,
      0,
      0,
      0,
      0,
      0,
      0,
      0,
      0,
      0,
      0,
      0,
      0,
      0,
      0,
      0,
      0,
      0,
      0,
      0,
      0,
      0,
      0,
      0,
      0,
      0
    ],
    [
      0,
      0,
      0,
      0,
      0,
      0,
      0,
      0,
      0,
      0,
      0,
      923,
      923,
      923,
      923,
      923,
      923,
      923,
      923,
      923,
      923,
      923,
      923,
      923,
      0,
      0,
      0,
      0,
      0,
      0,
      0,
      0,
      0,
      0,
      0,
      928,
      928,
      928,
      928,
      928,
      928,
      928,
      928,
      928,
      0,
      0,
      0,
      0,
      0,
      0,
      0,
      0,
      0,
      0,
      0,
      0,
      0,
      0,
      0,
      0,
      0,
      0,
      0,
      0,
      0,
      0,
      965,
      965,
      965,
      965,
      965,
      944,
      944,
      944,
      944,
      944,
      944,
      944,
      944,
      944,
      944,
      944,
      944,
      0,
      0,
      0,
      0,
      0,
      0,
      0,
      0,
      0,
      0,
      0,
      0,
      0,
      0,
      0,
      0,
      0,
      0,
      0,
      0,
      0,
      0,
      0,
      0,
      0,
      0,
      0,
      0,
      0,
      0,
      0,
      0,
      0,
      0,
      931,
      931,
      931,
      931,
      931,
      931,
      931,
      931,
      0,
      0,
      0,
      0,
      0,
      0,
      0,
      0,
      926,
      926,
      926,
      926,
      926,
      926,
      926,
      926,
      926,
      926,
      926,
      926,
      926,
      937,
      937,
      937,
      937,
      937,
      937,
      937,
      937,
      937,
      937,
      937,
      937,
      937,
      937,
      937,
      937,
      937,
      937,
      937,
      937,
      0,
      0,
      0,
      0,
      0,
      0,
      0,
      0,
      0,
      0,
      0,
      0,
      0,
      0,
      0,
      0,
      0,
      947,
      947,
      951,
      951,
      951,
      951,
      951,
      951,
      0,
      0,
      0,
      0,
      0,
      0,
      0,
      0,
      0,
      0,
      0,
      0,
      0,
      0,
      0,
      0,
      0,
      0,
      0,
      0,
      0,
      0,
      0,
      0,
      0,
      0,
      0,
      0,
      0,
      0,
      0,
      0,
      0,
      0,
      0,
      0,
      945,
      945,
      945,
      945,
      945,
      945,
      945,
      945,
      952,
      952,
      952,
      929,
      929,
      929,
      929,
      929,
      929,
      929,
      929,
      929,
      929,
      929,
      929,
      920,
      920,
      0,
      0,
      0,
      0,
      0,
      0,
      0,
      0,
      0,
      0,
      0,
      0,
      0,
      0,
      0,
      0,
      0,
      0,
      934,
      934,
      934,
      934,
      934,
      934,
      934,
      934,
      934,
      934,
      938,
      938,
      938,
      938,
      938,
      938,
      941,
      941,
      941,
      941,
      941,
      941,
      941,
      941,
      941,
      0,
      0,
      0,
      0,
      939,
      939,
      939,
      939,
      939,
      939,
      939,
      0,
      0,
      0,
      0,
      0,
      0,
      0,
      0,
      0,
      0,
      0,
      0,
      0,
      0,
      0,
      0,
      0,
      0,
      0,
      930,
      930,
      930,
      930,
      930,
      930,
      930,
      930,
      930,
      930,
      930,
      930,
      942,
      942,
      942,
      942,
      942,
      942,
      942,
      942,
      942,
      942,
      942,
      942,
      942,
      942,
      942,
      942,
      960,
      960,
      946,
      946,
      946,
      946,
      946,
      946,
      0,
      0,
      0,
      0,
      0,
      0,
      0,
      0,
      0,
      0,
      0,
      0,
      982,
      982,
      982,
      935,
      935,
      935,
      935,
      935,
      935,
      935,
      935,
      935,
      935,
      935,
      940,
      940,
      940,
      940,
      940,
      925,
      925,
      925,
      953,
      953,
      953,
      953,
      953,
      953,
      953,
      953,
      925,
      925,
      925,
      925,
      925,
      0,
      0,
      0,
      943,
      943,
      943,
      943,
      943,
      943,
      943,
      943,
      943,
      943,
      943,
      943,
      943,
      943,
      0,
      0,
      0,
      948,
      948,
      948,
      948,
      948,
      948,
      948,
      948,
      0,
      0,
      0,
      0,
      0,
      0,
      0,
      0,
      0,
      0,
      0,
      0,
      957,
      957,
      957,
      957,
      0,
      961,
      961,
      961,
      961,
      961,
      919,
      919,
      936,
      936,
      936,
      936,
      936,
      936,
      936,
      0,
      0,
      0,
      932,
      932,
      932,
      932,
      932,
      932,
      932,
      954,
      954,
      954,
      954,
      954,
      954,
      954,
      954,
      0,
      0,
      0,
      0,
      0,
      0,
      0,
      0,
      0,
      0,
      0,
      0,
      0,
      0,
      0,
      0,
      0,
      0,
      0,
      0,
      0,
      0,
      0,
      0,
      0,
      0,
      0
    ],
    [
      0,
      0,
      0,
      0,
      0,
      0,
      0,
      0,
      0,
      0,
      949,
      949,
      949,
      949,
      949,
      949,
      923,
      923,
      923,
      923,
      923,
      923,
      923,
      923,
      923,
      923,
      923,
      0,
      0,
      0,
      0,
      0,
      0,
      0,
      0,
      0,
      0,
      0,
      0,
      0,
      0,
      0,
      0,
      0,
      0,
      0,
      0,
      0,
      0,
      0,
      0,
      0,
      0,
      0,
      0,
      0,
      0,
      0,
      0,
      0,
      0,
      0,
      0,
      0,
      0,
      0,
      965,
      965,
      965,
      965,
      965,
      944,
      944,
      944,
      944,
      944,
      944,
      944,
      944,
      944,
      944,
      944,
      944,
      0,
      0,
      0,
      0,
      0,
      0,
      0,
      0,
      0,
      0,
      0,
      0,
      0,
      0,
      0,
      0,
      0,
      0,
      0,
      0,
      0,
      0,
      0,
      0,
      0,
      0,
      0,
      0,
      0,
      0,
      0,
      0,
      0,
      0,
      0,
      0,
      0,
      0,
      0,
      0,
      0,
      0,
      0,
      0,
      0,
      0,
      0,
      0,
      0,
      0,
      926,
      926,
      926,
      926,
      926,
      926,
      926,
      926,
      926,
      926,
      926,
      926,
      926,
      937,
      937,
      937,
      937,
      937,
      937,
      937,
      937,
      937,
      937,
      937,
      937,
      937,
      937,
      937,
      937,
      937,
      937,
      937,
      937,
      0,
      0,
      0,
      0,
      0,
      0,
      0,
      0,
      0,
      0,
      947,
      947,
      947,
      947,
      947,
      947,
      947,
      947,
      947,
      951,
      951,
      951,
      951,
      951,
      951,
      0,
      0,
      0,
      0,
      0,
      0,
      0,
      0,
      0,
      0,
      0,
      0,
      0,
      0,
      0,
      0,
      0,
      0,
      0,
      0,
      0,
      0,
      0,
      0,
      0,
      0,
      0,
      0,
      0,
      0,
      0,
      0,
      0,
      0,
      0,
      0,
      945,
      945,
      945,
      945,
      945,
      945,
      945,
      945,
      952,
      952,
      952,
      952,
      952,
      952,
      952,
      952,
      952,
      952,
      952,
      952,
      952,
      952,
      952,
      952,
      0,
      0,
      0,
      0,
      0,
      0,
      0,
      0,
      0,
      0,
      0,
      0,
      0,
      0,
      0,
      0,
      0,
      0,
      0,
      0,
      0,
      934,
      934,
      934,
      934,
      934,
      934,
      934,
      934,
      934,
      938,
      938,
      938,
      941,
      941,
      941,
      941,
      941,
      941,
      941,
      941,
      941,
      941,
      941,
      0,
      0,
      0,
      0,
      939,
      939,
      939,
      939,
      939,
      939,
      939,
      0,
      0,
      0,
      0,
      0,
      0,
      0,
      0,
      0,
      0,
      0,
      0,
      0,
      0,
      0,
      0,
      0,
      0,
      0,
      0,
      0,
      0,
      0,
      0,
      0,
      0,
      0,
      0,
      0,
      0,
      0,
      942,
      942,
      942,
      942,
      942,
      942,
      942,
      942,
      942,
      942,
      942,
      942,
      942,
      942,
      942,
      942,
      960,
      960,
      946,
      946,
      946,
      946,
      946,
      946,
      0,
      0,
      0,
      0,
      0,
      0,
      0,
      0,
      0,
      0,
      0,
      982,
      982,
      982,
      982,
      935,
      935,
      935,
      935,
      935,
      935,
      935,
      935,
      935,
      935,
      0,
      940,
      940,
      940,
      940,
      940,
      925,
      953,
      953,
      953,
      953,
      953,
      953,
      953,
      953,
      953,
      953,
      925,
      925,
      925,
      925,
      925,
      943,
      943,
      943,
      943,
      943,
      943,
      943,
      943,
      943,
      943,
      943,
      943,
      943,
      943,
      943,
      943,
      943,
      0,
      0,
      0,
      948,
      948,
      948,
      948,
      948,
      948,
      948,
      948,
      0,
      0,
      0,
      0,
      974,
      974,
      974,
      0,
      0,
      0,
      0,
      0,
      957,
      957,
      957,
      957,
      981,
      961,
      961,
      961,
      961,
      961,
      961,
      919,
      936,
      936,
      936,
      936,
      936,
      936,
      0,
      0,
      0,
      0,
      932,
      932,
      932,
      932,
      932,
      932,
      932,
      954,
      954,
      954,
      954,
      954,
      954,
      954,
      954,
      0,
      0,
      0,
      0,
      0,
      0,
      0,
      0,
      0,
      0,
      0,
      0,
      0,
      0,
      0,
      0,
      0,
      0,
      0,
      0,
      0,
      0,
      0,
      0,
      0,
      0,
      0
    ],
    [
      0,
      0,
      0,
      0,
      0,
      0,
      0,
      0,
      0,
      949,
      949,
      949,
      949,
      949,
      949,
      949,
      955,
      955,
      955,
      955,
      956,
      956,
      956,
      956,
      956,
      956,
      956,
      956,
      0,
      0,
      0,
      0,
      0,
      0,
      0,
      0,
      0,
      0,
      0,
      0,
      0,
      0,
      0,
      0,
      0,
      0,
      0,
      0,
      0,
      0,
      0,
      0,
      0,
      0,
      0,
      0,
      0,
      0,
      965,
      965,
      965,
      965,
      965,
      965,
      965,
      965,
      965,
      965,
      965,
      965,
      965,
      944,
      944,
      944,
      944,
      944,
      944,
      944,
      944,
      944,
      944,
      944,
      944,
      968,
      968,
      968,
      968,
      0,
      0,
      0,
      0,
      0,
      0,
      0,
      0,
      0,
      0,
      0,
      0,
      0,
      0,
      0,
      0,
      0,
      0,
      0,
      0,
      0,
      0,
      0,
      0,
      0,
      0,
      0,
      0,
      0,
      0,
      0,
      0,
      0,
      0,
      0,
      0,
      0,
      0,
      0,
      0,
      0,
      0,
      0,
      0,
      0,
      0,
      0,
      0,
      926,
      926,
      926,
      926,
      926,
      926,
      926,
      926,
      926,
      926,
      926,
      926,
      937,
      937,
      937,
      937,
      937,
      937,
      937,
      937,
      937,
      937,
      937,
      937,
      937,
      937,
      937,
      937,
      937,
      937,
      937,
      0,
      0,
      0,
      0,
      0,
      0,
      0,
      0,
      0,
      947,
      947,
      947,
      947,
      947,
      947,
      947,
      947,
      947,
      947,
      951,
      951,
      951,
      951,
      951,
      951,
      0,
      0,
      0,
      0,
      0,
      0,
      0,
      0,
      0,
      0,
      0,
      0,
      0,
      0,
      0,
      0,
      0,
      0,
      0,
      0,
      0,
      0,
      0,
      0,
      0,
      0,
      0,
      0,
      0,
      0,
      0,
      0,
      0,
      0,
      0,
      0,
      945,
      945,
      945,
      945,
      945,
      945,
      945,
      945,
      952,
      952,
      952,
      952,
      952,
      952,
      952,
      952,
      952,
      952,
      952,
      952,
      952,
      952,
      952,
      952,
      0,
      0,
      0,
      0,
      0,
      0,
      0,
      0,
      0,
      0,
      0,
      0,
      0,
      0,
      0,
      0,
      0,
      0,
      0,
      0,
      0,
      934,
      934,
      934,
      934,
      934,
      934,
      934,
      934,
      934,
      941,
      941,
      941,
      941,
      941,
      941,
      941,
      941,
      941,
      941,
      941,
      941,
      941,
      941,
      0,
      0,
      0,
      0,
      939,
      939,
      939,
      939,
      939,
      939,
      0,
      0,
      0,
      0,
      0,
      0,
      0,
      0,
      0,
      0,
      0,
      0,
      0,
      0,
      0,
      0,
      0,
      0,
      0,
      0,
      0,
      0,
      0,
      0,
      0,
      0,
      0,
      0,
      0,
      0,
      0,
      0,
      0,
      0,
      0,
      0,
      0,
      942,
      942,
      942,
      942,
      942,
      942,
      942,
      942,
      942,
      942,
      960,
      960,
      960,
      946,
      946,
      946,
      946,
      946,
      946,
      0,
      0,
      0,
      0,
      0,
      0,
      0,
      0,
      0,
      0,
      0,
      982,
      982,
      982,
      982,
      935,
      935,
      935,
      935,
      935,
      935,
      935,
      935,
      935,
      935,
      0,
      0,
      940,
      940,
      940,
      940,
      953,
      953,
      953,
      953,
      953,
      953,
      953,
      953,
      953,
      953,
      953,
      953,
      953,
      953,
      953,
      953,
      943,
      943,
      943,
      943,
      943,
      943,
      943,
      943,
      943,
      943,
      943,
      943,
      943,
      943,
      943,
      943,
      943,
      967,
      967,
      0,
      948,
      948,
      948,
      948,
      948,
      948,
      948,
      948,
      974,
      0,
      0,
      0,
      974,
      974,
      974,
      974,
      0,
      0,
      0,
      0,
      957,
      957,
      957,
      957,
      981,
      961,
      961,
      961,
      961,
      961,
      961,
      961,
      936,
      936,
      936,
      936,
      936,
      936,
      0,
      0,
      0,
      0,
      0,
      932,
      932,
      932,
      932,
      932,
      954,
      954,
      954,
      954,
      954,
      954,
      954,
      954,
      954,
      954,
      0,
      0,
      0,
      0,
      0,
      0,
      0,
      0,
      0,
      0,
      0,
      0,
      0,
      0,
      0,
      0,
      0,
      0,
      0,
      0,
      0,
      0,
      0,
      0,
      0,
      0
    ],
    [
      0,
      0,
      0,
      0,
      0,
      0,
      0,
      0,
      0,
      949,
      949,
      949,
      949,
      949,
      949,
      949,
      955,
      955,
      955,
      955,
      956,
      956,
      956,
      956,
      956,
      956,
      956,
      956,
      0,
      0,
      0,
      0,
      0,
      0,
      0,
      0,
      0,
      0,
      0,
      0,
      0,
      0,
      0,
      0,
      0,
      0,
      0,
      0,
      0,
      0,
      0,
      0,
      0,
      976,
      976,
      976,
      976,
      976,
      976,
      965,
      965,
      965,
      965,
      965,
      965,
      965,
      965,
      965,
      965,
      965,
      965,
      944,
      944,
      944,
      944,
      944,
      944,
      944,
      944,
      944,
      944,
      944,
      944,
      968,
      968,
      968,
      968,
      0,
      0,
      0,
      0,
      0,
      0,
      0,
      0,
      0,
      0,
      0,
      0,
      0,
      958,
      958,
      958,
      958,
      958,
      958,
      958,
      958,
      958,
      958,
      958,
      958,
      958,
      0,
      0,
      0,
      0,
      0,
      0,
      0,
      0,
      0,
      0,
      0,
      0,
      0,
      0,
      0,
      0,
      0,
      0,
      0,
      0,
      0,
      0,
      0,
      0,
      0,
      0,
      926,
      926,
      926,
      959,
      959,
      959,
      959,
      959,
      959,
      959,
      937,
      937,
      937,
      937,
      937,
      937,
      950,
      950,
      950,
      950,
      950,
      937,
      937,
      937,
      937,
      937,
      937,
      0,
      0,
      0,
      0,
      0,
      0,
      0,
      0,
      0,
      947,
      947,
      947,
      947,
      947,
      947,
      947,
      947,
      947,
      947,
      951,
      951,
      951,
      951,
      951,
      951,
      0,
      0,
      0,
      0,
      0,
      0,
      0,
      0,
      0,
      0,
      0,
      0,
      0,
      0,
      0,
      0,
      0,
      0,
      0,
      0,
      0,
      0,
      0,
      0,
      0,
      0,
      0,
      0,
      0,
      0,
      0,
      0,
      0,
      0,
      0,
      0,
      0,
      0,
      945,
      945,
      945,
      945,
      945,
      945,
      952,
      952,
      952,
      952,
      952,
      952,
      952,
      952,
      952,
      952,
      952,
      952,
      952,
      952,
      952,
      0,
      0,
      0,
      0,
      0,
      0,
      0,
      0,
      0,
      0,
      0,
      0,
      0,
      0,
      0,
      0,
      0,
      0,
      0,
      0,
      0,
      0,
      934,
      934,
      934,
      934,
      934,
      934,
      934,
      934,
      934,
      941,
      941,
      941,
      941,
      941,
      941,
      941,
      941,
      941,
      941,
      941,
      941,
      941,
      0,
      0,
      0,
      0,
      0,
      0,
      939,
      939,
      939,
      939,
      939,
      0,
      0,
      0,
      0,
      0,
      0,
      0,
      0,
      0,
      0,
      0,
      0,
      0,
      0,
      0,
      0,
      0,
      0,
      0,
      0,
      0,
      0,
      0,
      0,
      0,
      0,
      0,
      0,
      0,
      0,
      0,
      0,
      0,
      0,
      0,
      0,
      0,
      942,
      942,
      942,
      942,
      942,
      942,
      942,
      942,
      942,
      960,
      960,
      960,
      960,
      946,
      946,
      946,
      946,
      946,
      946,
      0,
      0,
      0,
      0,
      0,
      0,
      0,
      0,
      0,
      0,
      0,
      982,
      982,
      982,
      982,
      982,
      935,
      935,
      0,
      0,
      0,
      0,
      0,
      0,
      0,
      0,
      0,
      0,
      953,
      953,
      953,
      953,
      953,
      953,
      953,
      953,
      953,
      953,
      953,
      953,
      953,
      953,
      953,
      953,
      953,
      953,
      953,
      943,
      943,
      943,
      943,
      943,
      943,
      943,
      943,
      943,
      943,
      943,
      943,
      943,
      943,
      943,
      943,
      967,
      967,
      967,
      0,
      948,
      948,
      948,
      948,
      948,
      948,
      948,
      948,
      974,
      974,
      0,
      0,
      974,
      974,
      974,
      974,
      0,
      0,
      0,
      0,
      957,
      957,
      957,
      957,
      981,
      961,
      961,
      961,
      961,
      961,
      961,
      961,
      961,
      961,
      961,
      961,
      961,
      961,
      0,
      0,
      0,
      0,
      0,
      932,
      932,
      932,
      932,
      932,
      954,
      954,
      954,
      954,
      954,
      954,
      954,
      954,
      954,
      954,
      954,
      954,
      0,
      0,
      0,
      0,
      0,
      0,
      0,
      0,
      0,
      0,
      0,
      0,
      0,
      0,
      0,
      0,
      0,
      0,
      0,
      0,
      0,
      0,
      0,
      0
    ],
    [
      0,
      0,
      0,
      0,
      0,
      0,
      0,
      0,
      0,
      949,
      949,
      949,
      949,
      949,
      949,
      949,
      955,
      955,
      955,
      955,
      956,
      956,
      956,
      956,
      956,
      956,
      956,
      956,
      995,
      0,
      0,
      0,
      0,
      0,
      0,
      0,
      0,
      0,
      0,
      0,
      0,
      0,
      0,
      0,
      0,
      0,
      0,
      0,
      0,
      0,
      0,
      0,
      972,
      972,
      976,
      976,
      976,
      976,
      976,
      976,
      976,
      965,
      965,
      965,
      965,
      965,
      965,
      965,
      965,
      965,
      965,
      965,
      944,
      944,
      944,
      944,
      944,
      944,
      944,
      944,
      944,
      944,
      968,
      968,
      968,
      968,
      968,
      0,
      0,
      0,
      0,
      0,
      0,
      0,
      0,
      0,
      0,
      0,
      0,
      958,
      958,
      958,
      958,
      958,
      958,
      958,
      958,
      958,
      958,
      963,
      963,
      963,
      963,
      963,
      963,
      0,
      0,
      0,
      0,
      0,
      0,
      0,
      0,
      0,
      0,
      0,
      0,
      0,
      0,
      0,
      0,
      0,
      0,
      0,
      0,
      0,
      0,
      0,
      0,
      926,
      926,
      926,
      959,
      959,
      959,
      959,
      959,
      959,
      959,
      937,
      937,
      937,
      937,
      937,
      937,
      950,
      950,
      950,
      950,
      950,
      950,
      950,
      950,
      950,
      937,
      937,
      0,
      0,
      0,
      0,
      0,
      0,
      0,
      0,
      0,
      947,
      947,
      947,
      947,
      947,
      947,
      947,
      947,
      947,
      947,
      951,
      951,
      951,
      951,
      951,
      951,
      951,
      951,
      951,
      951,
      951,
      0,
      0,
      0,
      0,
      0,
      0,
      0,
      0,
      0,
      0,
      0,
      0,
      0,
      0,
      0,
      0,
      0,
      0,
      0,
      0,
      0,
      0,
      0,
      0,
      0,
      0,
      0,
      0,
      0,
      0,
      0,
      0,
      0,
      0,
      0,
      0,
      0,
      0,
      952,
      952,
      952,
      952,
      952,
      952,
      952,
      952,
      952,
      952,
      952,
      952,
      952,
      952,
      952,
      0,
      0,
      0,
      0,
      0,
      0,
      0,
      0,
      0,
      0,
      0,
      0,
      0,
      0,
      0,
      0,
      0,
      0,
      0,
      0,
      0,
      0,
      0,
      934,
      934,
      934,
      934,
      934,
      970,
      970,
      970,
      970,
      941,
      941,
      941,
      941,
      941,
      941,
      941,
      941,
      941,
      941,
      941,
      941,
      941,
      0,
      0,
      0,
      0,
      0,
      0,
      0,
      0,
      0,
      0,
      0,
      0,
      0,
      0,
      0,
      0,
      0,
      0,
      0,
      0,
      0,
      0,
      0,
      0,
      0,
      0,
      0,
      0,
      0,
      0,
      0,
      0,
      0,
      0,
      0,
      0,
      0,
      0,
      0,
      0,
      0,
      0,
      0,
      0,
      0,
      0,
      0,
      0,
      0,
      0,
      0,
      0,
      0,
      942,
      942,
      942,
      942,
      960,
      960,
      960,
      960,
      960,
      946,
      946,
      946,
      946,
      946,
      0,
      0,
      0,
      0,
      0,
      0,
      0,
      0,
      0,
      0,
      0,
      982,
      982,
      982,
      982,
      982,
      982,
      982,
      982,
      0,
      0,
      0,
      0,
      0,
      0,
      0,
      0,
      0,
      953,
      953,
      953,
      953,
      953,
      953,
      953,
      953,
      953,
      953,
      953,
      953,
      953,
      953,
      953,
      953,
      953,
      966,
      966,
      966,
      966,
      966,
      943,
      943,
      943,
      943,
      943,
      943,
      943,
      943,
      943,
      943,
      943,
      943,
      943,
      967,
      967,
      967,
      967,
      948,
      948,
      948,
      948,
      948,
      948,
      948,
      948,
      974,
      974,
      974,
      974,
      974,
      974,
      974,
      974,
      974,
      974,
      0,
      0,
      957,
      957,
      957,
      957,
      981,
      961,
      961,
      961,
      961,
      961,
      961,
      961,
      961,
      961,
      961,
      961,
      961,
      0,
      0,
      0,
      0,
      0,
      0,
      932,
      0,
      0,
      0,
      0,
      954,
      954,
      954,
      954,
      954,
      954,
      954,
      954,
      954,
      954,
      954,
      954,
      954,
      964,
      0,
      0,
      0,
      0,
      0,
      0,
      0,
      0,
      0,
      0,
      0,
      0,
      0,
      0,
      0,
      0,
      0,
      0,
      0,
      0,
      0,
      0
    ],
    [
      0,
      0,
      0,
      0,
      0,
      0,
      0,
      0,
      0,
      949,
      949,
      949,
      949,
      949,
      949,
      949,
      955,
      955,
      955,
      955,
      956,
      956,
      956,
      956,
      956,
      956,
      956,
      956,
      995,
      995,
      995,
      995,
      0,
      0,
      0,
      0,
      0,
      0,
      0,
      0,
      0,
      0,
      0,
      0,
      0,
      0,
      0,
      0,
      0,
      0,
      0,
      972,
      972,
      972,
      976,
      976,
      976,
      976,
      976,
      976,
      976,
      965,
      965,
      965,
      965,
      965,
      965,
      965,
      965,
      965,
      965,
      965,
      965,
      965,
      944,
      944,
      944,
      944,
      944,
      944,
      944,
      944,
      968,
      968,
      968,
      968,
      968,
      0,
      0,
      0,
      0,
      0,
      0,
      0,
      0,
      0,
      0,
      0,
      0,
      958,
      958,
      958,
      958,
      958,
      958,
      958,
      958,
      958,
      963,
      963,
      963,
      963,
      963,
      963,
      963,
      963,
      0,
      0,
      0,
      0,
      0,
      0,
      0,
      0,
      0,
      0,
      0,
      0,
      0,
      0,
      0,
      0,
      0,
      0,
      0,
      0,
      0,
      0,
      0,
      926,
      926,
      926,
      959,
      959,
      959,
      959,
      959,
      959,
      959,
      937,
      937,
      937,
      937,
      937,
      937,
      950,
      950,
      950,
      950,
      950,
      950,
      950,
      950,
      950,
      937,
      937,
      0,
      0,
      0,
      0,
      0,
      0,
      0,
      0,
      0,
      947,
      947,
      947,
      947,
      947,
      947,
      947,
      947,
      947,
      947,
      951,
      951,
      951,
      951,
      951,
      951,
      951,
      951,
      951,
      951,
      951,
      0,
      0,
      0,
      0,
      0,
      0,
      0,
      0,
      0,
      0,
      0,
      0,
      0,
      0,
      0,
      0,
      0,
      0,
      0,
      0,
      0,
      0,
      0,
      0,
      0,
      0,
      0,
      0,
      0,
      0,
      0,
      0,
      0,
      0,
      0,
      0,
      0,
      0,
      952,
      952,
      952,
      952,
      952,
      952,
      952,
      952,
      952,
      952,
      952,
      952,
      0,
      0,
      0,
      0,
      0,
      0,
      0,
      0,
      0,
      0,
      0,
      0,
      0,
      0,
      0,
      0,
      0,
      0,
      0,
      0,
      0,
      0,
      0,
      0,
      0,
      0,
      934,
      934,
      934,
      934,
      970,
      970,
      970,
      970,
      970,
      970,
      970,
      941,
      941,
      941,
      941,
      941,
      941,
      941,
      941,
      941,
      941,
      941,
      0,
      0,
      0,
      0,
      0,
      0,
      0,
      0,
      0,
      0,
      0,
      0,
      0,
      0,
      0,
      0,
      0,
      0,
      0,
      0,
      0,
      0,
      0,
      0,
      0,
      0,
      0,
      0,
      0,
      0,
      0,
      0,
      0,
      0,
      0,
      0,
      0,
      0,
      0,
      0,
      0,
      0,
      0,
      0,
      0,
      0,
      0,
      0,
      0,
      0,
      0,
      0,
      0,
      942,
      942,
      960,
      960,
      960,
      960,
      960,
      960,
      960,
      946,
      946,
      946,
      946,
      946,
      0,
      0,
      0,
      0,
      0,
      0,
      0,
      0,
      0,
      0,
      0,
      982,
      982,
      982,
      982,
      982,
      982,
      982,
      982,
      0,
      0,
      0,
      0,
      0,
      0,
      0,
      0,
      0,
      953,
      953,
      953,
      953,
      953,
      953,
      953,
      953,
      953,
      953,
      953,
      953,
      953,
      953,
      953,
      953,
      966,
      966,
      966,
      966,
      966,
      966,
      966,
      943,
      943,
      943,
      943,
      943,
      943,
      943,
      943,
      943,
      943,
      967,
      967,
      967,
      967,
      967,
      967,
      948,
      948,
      948,
      948,
      948,
      948,
      948,
      948,
      974,
      974,
      974,
      974,
      974,
      974,
      974,
      974,
      974,
      974,
      974,
      0,
      957,
      957,
      957,
      957,
      981,
      961,
      961,
      961,
      961,
      961,
      961,
      961,
      961,
      961,
      961,
      961,
      0,
      0,
      0,
      0,
      0,
      0,
      0,
      0,
      0,
      0,
      0,
      0,
      954,
      954,
      954,
      954,
      954,
      954,
      954,
      964,
      964,
      964,
      964,
      964,
      964,
      964,
      0,
      0,
      0,
      0,
      0,
      0,
      0,
      0,
      0,
      0,
      0,
      0,
      0,
      0,
      0,
      0,
      0,
      0,
      0,
      0,
      0,
      0
    ],
    [
      0,
      0,
      0,
      0,
      0,
      0,
      0,
      0,
      0,
      949,
      949,
      949,
      949,
      949,
      949,
      949,
      955,
      955,
      955,
      955,
      956,
      956,
      956,
      956,
      956,
      956,
      956,
      956,
      995,
      995,
      995,
      995,
      0,
      0,
      0,
      0,
      0,
      0,
      0,
      0,
      0,
      0,
      0,
      0,
      0,
      972,
      972,
      972,
      972,
      972,
      972,
      972,
      972,
      972,
      976,
      976,
      976,
      976,
      976,
      976,
      976,
      965,
      965,
      965,
      965,
      965,
      965,
      965,
      965,
      965,
      965,
      965,
      965,
      965,
      962,
      962,
      962,
      962,
      962,
      962,
      962,
      968,
      968,
      968,
      968,
      968,
      968,
      968,
      968,
      968,
      0,
      0,
      0,
      0,
      0,
      0,
      0,
      0,
      0,
      958,
      958,
      958,
      958,
      958,
      958,
      958,
      958,
      958,
      963,
      963,
      963,
      963,
      963,
      963,
      963,
      963,
      963,
      0,
      0,
      0,
      0,
      0,
      0,
      0,
      0,
      0,
      0,
      0,
      0,
      0,
      0,
      0,
      0,
      0,
      0,
      0,
      0,
      0,
      0,
      926,
      926,
      926,
      959,
      959,
      959,
      959,
      959,
      959,
      959,
      937,
      937,
      937,
      937,
      937,
      0,
      0,
      0,
      0,
      950,
      950,
      950,
      950,
      950,
      950,
      937,
      937,
      0,
      0,
      0,
      0,
      0,
      0,
      0,
      0,
      969,
      947,
      947,
      947,
      947,
      947,
      947,
      947,
      947,
      947,
      947,
      947,
      947,
      951,
      951,
      951,
      951,
      951,
      951,
      951,
      951,
      951,
      0,
      0,
      0,
      0,
      0,
      0,
      0,
      0,
      0,
      0,
      0,
      0,
      0,
      0,
      0,
      0,
      0,
      0,
      0,
      0,
      0,
      0,
      0,
      0,
      0,
      0,
      0,
      0,
      0,
      0,
      0,
      0,
      0,
      0,
      0,
      0,
      952,
      952,
      952,
      952,
      952,
      952,
      952,
      952,
      952,
      952,
      952,
      952,
      952,
      0,
      0,
      0,
      0,
      0,
      0,
      0,
      0,
      0,
      0,
      0,
      0,
      0,
      0,
      0,
      0,
      973,
      973,
      973,
      973,
      973,
      0,
      0,
      0,
      0,
      0,
      0,
      934,
      934,
      934,
      970,
      970,
      970,
      970,
      970,
      970,
      970,
      970,
      970,
      970,
      970,
      941,
      941,
      941,
      941,
      941,
      941,
      941,
      941,
      0,
      0,
      0,
      0,
      0,
      0,
      0,
      0,
      0,
      0,
      0,
      0,
      0,
      0,
      0,
      0,
      0,
      0,
      0,
      0,
      0,
      0,
      0,
      0,
      0,
      0,
      0,
      0,
      0,
      0,
      0,
      0,
      0,
      0,
      0,
      0,
      0,
      0,
      0,
      0,
      0,
      0,
      0,
      0,
      0,
      0,
      0,
      0,
      0,
      0,
      0,
      0,
      0,
      942,
      942,
      960,
      960,
      960,
      960,
      960,
      960,
      960,
      946,
      946,
      946,
      946,
      946,
      0,
      0,
      0,
      0,
      0,
      0,
      0,
      0,
      0,
      0,
      0,
      982,
      982,
      982,
      982,
      982,
      982,
      982,
      982,
      0,
      0,
      0,
      0,
      0,
      0,
      0,
      0,
      0,
      953,
      953,
      953,
      953,
      953,
      953,
      953,
      953,
      953,
      953,
      953,
      953,
      953,
      953,
      953,
      953,
      966,
      966,
      966,
      966,
      966,
      966,
      966,
      966,
      943,
      943,
      943,
      943,
      943,
      943,
      967,
      967,
      967,
      967,
      967,
      967,
      967,
      967,
      967,
      967,
      948,
      948,
      948,
      948,
      948,
      948,
      948,
      974,
      974,
      974,
      974,
      974,
      974,
      974,
      974,
      974,
      974,
      974,
      0,
      957,
      957,
      957,
      957,
      981,
      961,
      961,
      961,
      961,
      961,
      961,
      961,
      961,
      961,
      961,
      961,
      0,
      0,
      0,
      0,
      0,
      0,
      0,
      0,
      0,
      0,
      0,
      0,
      954,
      954,
      954,
      954,
      954,
      954,
      954,
      964,
      964,
      964,
      964,
      964,
      964,
      964,
      0,
      0,
      0,
      0,
      0,
      0,
      0,
      0,
      0,
      0,
      0,
      0,
      0,
      0,
      0,
      0,
      0,
      0,
      0,
      0,
      0,
      0
    ],
    [
      0,
      0,
      0,
      0,
      0,
      0,
      0,
      0,
      0,
      0,
      949,
      949,
      949,
      949,
      949,
      949,
      949,
      956,
      956,
      956,
      956,
      956,
      956,
      956,
      956,
      956,
      956,
      956,
      995,
      995,
      995,
      995,
      0,
      0,
      0,
      0,
      0,
      0,
      0,
      0,
      0,
      0,
      0,
      972,
      972,
      972,
      972,
      972,
      972,
      972,
      972,
      972,
      972,
      972,
      976,
      976,
      976,
      976,
      976,
      976,
      976,
      965,
      965,
      965,
      965,
      965,
      965,
      965,
      965,
      965,
      965,
      965,
      965,
      965,
      962,
      962,
      962,
      962,
      962,
      962,
      962,
      968,
      968,
      968,
      968,
      968,
      968,
      968,
      968,
      968,
      968,
      968,
      968,
      968,
      968,
      0,
      0,
      0,
      0,
      958,
      958,
      958,
      958,
      958,
      958,
      958,
      958,
      958,
      963,
      963,
      963,
      963,
      963,
      963,
      963,
      963,
      963,
      0,
      0,
      0,
      0,
      0,
      0,
      0,
      0,
      0,
      0,
      0,
      0,
      0,
      0,
      0,
      0,
      0,
      0,
      0,
      0,
      0,
      0,
      0,
      0,
      926,
      959,
      959,
      959,
      959,
      959,
      959,
      959,
      937,
      0,
      0,
      0,
      0,
      0,
      0,
      0,
      0,
      0,
      0,
      950,
      950,
      950,
      950,
      950,
      950,
      950,
      950,
      0,
      0,
      0,
      0,
      0,
      0,
      969,
      969,
      977,
      977,
      977,
      977,
      977,
      977,
      977,
      977,
      977,
      977,
      977,
      951,
      951,
      951,
      951,
      951,
      951,
      951,
      951,
      951,
      0,
      0,
      0,
      0,
      0,
      0,
      0,
      0,
      0,
      0,
      0,
      0,
      0,
      0,
      0,
      0,
      0,
      0,
      0,
      0,
      0,
      0,
      0,
      0,
      0,
      0,
      0,
      0,
      0,
      0,
      0,
      0,
      0,
      0,
      0,
      952,
      952,
      952,
      952,
      952,
      952,
      952,
      952,
      952,
      952,
      952,
      952,
      952,
      952,
      0,
      0,
      0,
      0,
      0,
      0,
      0,
      0,
      0,
      0,
      0,
      0,
      0,
      0,
      0,
      0,
      973,
      973,
      973,
      973,
      973,
      973,
      0,
      0,
      0,
      0,
      0,
      934,
      934,
      970,
      970,
      970,
      970,
      970,
      970,
      970,
      970,
      970,
      970,
      970,
      970,
      970,
      997,
      941,
      941,
      941,
      941,
      941,
      941,
      0,
      0,
      0,
      0,
      0,
      0,
      0,
      0,
      0,
      0,
      0,
      0,
      971,
      971,
      971,
      971,
      971,
      971,
      971,
      971,
      971,
      971,
      0,
      0,
      0,
      0,
      0,
      0,
      0,
      0,
      0,
      0,
      0,
      0,
      0,
      0,
      0,
      0,
      0,
      0,
      0,
      0,
      0,
      0,
      0,
      0,
      0,
      0,
      0,
      0,
      0,
      0,
      0,
      942,
      942,
      960,
      960,
      960,
      960,
      960,
      960,
      960,
      946,
      946,
      946,
      946,
      946,
      0,
      0,
      0,
      0,
      0,
      0,
      0,
      0,
      0,
      0,
      0,
      982,
      982,
      982,
      982,
      982,
      982,
      982,
      982,
      0,
      0,
      0,
      0,
      0,
      0,
      0,
      0,
      953,
      953,
      953,
      953,
      953,
      953,
      953,
      953,
      953,
      953,
      953,
      953,
      953,
      953,
      953,
      953,
      953,
      966,
      966,
      966,
      966,
      966,
      966,
      966,
      966,
      967,
      943,
      943,
      943,
      943,
      943,
      967,
      967,
      967,
      967,
      967,
      967,
      967,
      967,
      967,
      967,
      967,
      948,
      948,
      948,
      948,
      948,
      948,
      974,
      974,
      974,
      974,
      974,
      974,
      974,
      974,
      974,
      974,
      974,
      0,
      957,
      957,
      957,
      957,
      981,
      981,
      961,
      961,
      961,
      961,
      961,
      961,
      961,
      961,
      961,
      961,
      0,
      0,
      0,
      0,
      0,
      0,
      0,
      0,
      0,
      0,
      0,
      0,
      954,
      954,
      954,
      954,
      954,
      954,
      954,
      964,
      964,
      964,
      964,
      964,
      964,
      964,
      0,
      0,
      0,
      0,
      0,
      0,
      0,
      0,
      0,
      0,
      0,
      0,
      0,
      0,
      0,
      0,
      0,
      0,
      0,
      0,
      0,
      0
    ],
    [
      0,
      0,
      0,
      0,
      0,
      0,
      0,
      0,
      0,
      0,
      949,
      949,
      949,
      949,
      949,
      949,
      949,
      956,
      956,
      956,
      956,
      956,
      956,
      956,
      956,
      956,
      956,
      956,
      995,
      995,
      995,
      995,
      0,
      0,
      0,
      0,
      0,
      0,
      0,
      0,
      0,
      0,
      1009,
      972,
      972,
      972,
      972,
      972,
      972,
      972,
      972,
      972,
      972,
      972,
      976,
      976,
      976,
      976,
      976,
      976,
      976,
      965,
      965,
      965,
      965,
      965,
      965,
      965,
      965,
      965,
      965,
      965,
      965,
      965,
      962,
      962,
      962,
      962,
      962,
      962,
      962,
      968,
      968,
      968,
      968,
      968,
      968,
      968,
      968,
      968,
      968,
      968,
      968,
      968,
      968,
      968,
      968,
      0,
      958,
      958,
      958,
      958,
      958,
      958,
      958,
      958,
      958,
      958,
      963,
      963,
      963,
      963,
      963,
      963,
      963,
      963,
      963,
      0,
      0,
      0,
      0,
      0,
      0,
      0,
      0,
      0,
      0,
      0,
      0,
      0,
      0,
      0,
      0,
      0,
      0,
      0,
      0,
      0,
      0,
      0,
      0,
      0,
      959,
      959,
      959,
      959,
      959,
      959,
      959,
      0,
      0,
      0,
      0,
      0,
      0,
      0,
      0,
      0,
      0,
      0,
      950,
      950,
      950,
      950,
      950,
      950,
      950,
      950,
      950,
      0,
      0,
      0,
      0,
      0,
      969,
      969,
      969,
      969,
      969,
      969,
      969,
      969,
      977,
      977,
      977,
      977,
      977,
      951,
      951,
      951,
      951,
      951,
      951,
      951,
      951,
      951,
      951,
      0,
      0,
      0,
      0,
      0,
      0,
      0,
      0,
      0,
      0,
      0,
      0,
      0,
      979,
      979,
      979,
      979,
      979,
      0,
      0,
      0,
      0,
      0,
      0,
      0,
      0,
      0,
      0,
      0,
      0,
      0,
      0,
      0,
      952,
      952,
      952,
      952,
      952,
      952,
      952,
      952,
      952,
      952,
      952,
      952,
      952,
      952,
      952,
      0,
      0,
      0,
      0,
      0,
      0,
      0,
      0,
      0,
      0,
      0,
      0,
      0,
      0,
      973,
      973,
      973,
      973,
      973,
      973,
      973,
      973,
      0,
      0,
      0,
      0,
      0,
      934,
      934,
      970,
      970,
      970,
      970,
      970,
      970,
      970,
      970,
      970,
      970,
      970,
      970,
      970,
      997,
      997,
      941,
      941,
      941,
      941,
      941,
      0,
      0,
      0,
      0,
      0,
      0,
      0,
      0,
      0,
      0,
      0,
      0,
      0,
      971,
      971,
      971,
      971,
      971,
      971,
      971,
      971,
      971,
      0,
      0,
      0,
      0,
      0,
      0,
      0,
      0,
      0,
      0,
      0,
      0,
      0,
      0,
      0,
      0,
      0,
      0,
      0,
      0,
      0,
      0,
      0,
      0,
      0,
      0,
      0,
      0,
      0,
      0,
      0,
      0,
      0,
      960,
      960,
      960,
      960,
      960,
      960,
      960,
      946,
      946,
      946,
      946,
      946,
      0,
      0,
      0,
      0,
      0,
      0,
      0,
      0,
      0,
      0,
      0,
      982,
      982,
      982,
      982,
      982,
      982,
      982,
      982,
      0,
      0,
      0,
      0,
      0,
      0,
      0,
      0,
      0,
      0,
      0,
      0,
      0,
      0,
      0,
      0,
      0,
      0,
      0,
      0,
      0,
      953,
      0,
      0,
      953,
      966,
      966,
      966,
      966,
      966,
      966,
      966,
      966,
      967,
      967,
      967,
      943,
      943,
      943,
      967,
      967,
      967,
      967,
      967,
      967,
      967,
      967,
      967,
      967,
      967,
      967,
      974,
      974,
      974,
      974,
      974,
      974,
      974,
      974,
      974,
      974,
      974,
      974,
      974,
      974,
      974,
      974,
      0,
      957,
      957,
      981,
      981,
      981,
      981,
      981,
      961,
      961,
      961,
      961,
      961,
      961,
      961,
      961,
      961,
      0,
      0,
      0,
      0,
      0,
      0,
      0,
      0,
      0,
      0,
      0,
      0,
      0,
      954,
      954,
      954,
      954,
      954,
      954,
      964,
      964,
      964,
      964,
      964,
      964,
      964,
      0,
      0,
      0,
      0,
      0,
      0,
      0,
      0,
      0,
      0,
      0,
      0,
      0,
      0,
      0,
      0,
      0,
      0,
      0,
      0,
      0,
      0
    ],
    [
      0,
      0,
      0,
      0,
      0,
      0,
      0,
      0,
      0,
      0,
      0,
      0,
      949,
      949,
      949,
      949,
      949,
      956,
      956,
      956,
      956,
      956,
      956,
      956,
      956,
      956,
      956,
      956,
      995,
      995,
      995,
      995,
      995,
      995,
      995,
      995,
      995,
      995,
      995,
      995,
      1009,
      1009,
      1009,
      975,
      975,
      975,
      975,
      975,
      975,
      975,
      972,
      972,
      972,
      972,
      976,
      976,
      976,
      976,
      976,
      976,
      976,
      965,
      965,
      965,
      965,
      965,
      965,
      965,
      965,
      965,
      965,
      965,
      965,
      965,
      962,
      962,
      962,
      962,
      962,
      962,
      962,
      968,
      968,
      968,
      968,
      968,
      968,
      968,
      968,
      968,
      968,
      968,
      968,
      968,
      968,
      968,
      968,
      958,
      958,
      958,
      958,
      958,
      958,
      958,
      958,
      958,
      958,
      958,
      963,
      963,
      963,
      963,
      963,
      963,
      963,
      963,
      963,
      0,
      0,
      0,
      0,
      0,
      0,
      0,
      0,
      0,
      0,
      0,
      0,
      0,
      0,
      0,
      0,
      0,
      0,
      0,
      0,
      0,
      0,
      0,
      0,
      0,
      959,
      959,
      959,
      959,
      959,
      959,
      959,
      0,
      0,
      0,
      0,
      0,
      0,
      0,
      0,
      0,
      0,
      0,
      950,
      950,
      950,
      950,
      950,
      950,
      950,
      950,
      950,
      969,
      969,
      969,
      969,
      969,
      969,
      969,
      969,
      969,
      969,
      969,
      969,
      969,
      977,
      977,
      977,
      977,
      977,
      951,
      951,
      951,
      951,
      951,
      985,
      985,
      985,
      985,
      985,
      985,
      0,
      0,
      0,
      0,
      0,
      0,
      0,
      0,
      0,
      0,
      0,
      0,
      979,
      979,
      979,
      979,
      979,
      979,
      979,
      979,
      979,
      979,
      988,
      988,
      988,
      988,
      988,
      988,
      988,
      988,
      0,
      0,
      952,
      952,
      952,
      952,
      952,
      952,
      952,
      952,
      952,
      952,
      0,
      0,
      0,
      0,
      0,
      0,
      0,
      0,
      0,
      0,
      0,
      0,
      0,
      0,
      0,
      0,
      0,
      0,
      973,
      973,
      973,
      973,
      973,
      973,
      973,
      973,
      973,
      973,
      0,
      0,
      0,
      0,
      934,
      1017,
      970,
      970,
      970,
      970,
      970,
      970,
      970,
      970,
      970,
      970,
      970,
      970,
      970,
      997,
      997,
      997,
      941,
      941,
      941,
      941,
      0,
      0,
      0,
      0,
      0,
      0,
      980,
      980,
      980,
      980,
      980,
      980,
      980,
      971,
      971,
      971,
      971,
      971,
      971,
      971,
      971,
      971,
      0,
      0,
      0,
      0,
      0,
      0,
      0,
      0,
      0,
      0,
      0,
      0,
      0,
      0,
      0,
      0,
      0,
      0,
      0,
      0,
      0,
      0,
      0,
      0,
      0,
      0,
      0,
      0,
      0,
      0,
      0,
      0,
      0,
      0,
      0,
      0,
      0,
      0,
      0,
      960,
      946,
      946,
      946,
      946,
      946,
      0,
      0,
      0,
      0,
      0,
      0,
      0,
      0,
      0,
      0,
      0,
      982,
      982,
      982,
      982,
      982,
      982,
      982,
      982,
      0,
      0,
      0,
      0,
      0,
      0,
      0,
      0,
      0,
      0,
      0,
      0,
      0,
      0,
      0,
      0,
      0,
      0,
      0,
      0,
      0,
      0,
      0,
      0,
      0,
      966,
      966,
      966,
      966,
      966,
      966,
      966,
      966,
      967,
      967,
      967,
      967,
      967,
      967,
      967,
      967,
      967,
      967,
      967,
      967,
      967,
      967,
      967,
      967,
      967,
      967,
      974,
      974,
      974,
      974,
      974,
      974,
      974,
      974,
      974,
      974,
      974,
      974,
      974,
      974,
      974,
      974,
      981,
      981,
      981,
      981,
      981,
      981,
      981,
      981,
      981,
      961,
      961,
      961,
      961,
      961,
      961,
      961,
      961,
      0,
      0,
      0,
      0,
      0,
      0,
      0,
      0,
      0,
      0,
      0,
      0,
      0,
      0,
      954,
      954,
      954,
      954,
      954,
      964,
      964,
      964,
      964,
      964,
      964,
      964,
      0,
      0,
      0,
      0,
      0,
      0,
      0,
      0,
      0,
      0,
      0,
      0,
      0,
      0,
      0,
      0,
      0,
      989,
      989,
      989,
      989,
      989
    ],
    [
      0,
      0,
      0,
      0,
      0,
      0,
      0,
      0,
      0,
      0,
      0,
      0,
      949,
      949,
      949,
      983,
      983,
      983,
      983,
      956,
      956,
      956,
      956,
      956,
      956,
      956,
      956,
      995,
      995,
      995,
      995,
      995,
      995,
      995,
      995,
      995,
      995,
      995,
      995,
      995,
      1009,
      1009,
      1009,
      975,
      975,
      975,
      975,
      975,
      975,
      975,
      972,
      972,
      972,
      972,
      972,
      976,
      976,
      976,
      976,
      976,
      976,
      965,
      965,
      965,
      965,
      965,
      965,
      965,
      965,
      965,
      965,
      965,
      965,
      984,
      984,
      984,
      984,
      984,
      984,
      984,
      962,
      968,
      968,
      968,
      968,
      968,
      968,
      968,
      968,
      968,
      968,
      968,
      968,
      968,
      968,
      968,
      968,
      987,
      987,
      987,
      987,
      987,
      987,
      958,
      958,
      958,
      958,
      958,
      963,
      963,
      963,
      963,
      963,
      963,
      963,
      963,
      963,
      0,
      0,
      0,
      0,
      0,
      0,
      0,
      0,
      0,
      0,
      0,
      0,
      0,
      0,
      0,
      0,
      0,
      0,
      0,
      0,
      0,
      0,
      0,
      0,
      0,
      0,
      0,
      0,
      0,
      0,
      0,
      0,
      0,
      0,
      0,
      0,
      0,
      0,
      0,
      0,
      0,
      0,
      0,
      950,
      950,
      950,
      950,
      950,
      950,
      950,
      950,
      950,
      950,
      950,
      969,
      969,
      969,
      969,
      969,
      969,
      969,
      969,
      969,
      969,
      969,
      977,
      977,
      977,
      977,
      977,
      951,
      951,
      951,
      951,
      1006,
      985,
      985,
      985,
      985,
      985,
      985,
      985,
      978,
      978,
      978,
      978,
      978,
      978,
      0,
      0,
      0,
      0,
      0,
      979,
      979,
      979,
      979,
      979,
      979,
      979,
      979,
      979,
      979,
      988,
      988,
      988,
      988,
      988,
      988,
      988,
      988,
      988,
      0,
      952,
      952,
      952,
      952,
      952,
      952,
      952,
      952,
      0,
      0,
      0,
      0,
      0,
      0,
      0,
      0,
      0,
      0,
      0,
      0,
      0,
      0,
      0,
      0,
      0,
      0,
      0,
      0,
      973,
      973,
      973,
      973,
      973,
      973,
      973,
      973,
      973,
      973,
      0,
      0,
      0,
      0,
      0,
      1017,
      970,
      970,
      970,
      970,
      970,
      970,
      970,
      970,
      970,
      970,
      970,
      970,
      970,
      997,
      997,
      997,
      941,
      941,
      941,
      941,
      0,
      0,
      0,
      0,
      0,
      0,
      980,
      980,
      980,
      980,
      980,
      980,
      980,
      971,
      971,
      971,
      971,
      971,
      971,
      971,
      971,
      971,
      0,
      0,
      0,
      986,
      986,
      986,
      0,
      0,
      0,
      0,
      0,
      0,
      0,
      0,
      0,
      0,
      0,
      0,
      0,
      0,
      0,
      0,
      0,
      0,
      0,
      0,
      0,
      0,
      0,
      0,
      0,
      0,
      0,
      0,
      0,
      0,
      0,
      0,
      0,
      960,
      946,
      946,
      946,
      946,
      946,
      946,
      0,
      0,
      0,
      0,
      0,
      0,
      0,
      0,
      0,
      0,
      982,
      982,
      982,
      982,
      982,
      982,
      982,
      982,
      0,
      0,
      0,
      0,
      0,
      0,
      0,
      0,
      0,
      0,
      0,
      0,
      0,
      0,
      0,
      0,
      0,
      0,
      0,
      0,
      0,
      0,
      0,
      0,
      0,
      966,
      966,
      966,
      966,
      966,
      966,
      966,
      966,
      967,
      967,
      967,
      967,
      967,
      967,
      967,
      967,
      967,
      967,
      967,
      967,
      967,
      967,
      967,
      967,
      967,
      967,
      967,
      974,
      974,
      974,
      974,
      974,
      974,
      974,
      974,
      974,
      974,
      974,
      974,
      974,
      974,
      974,
      981,
      981,
      981,
      981,
      981,
      981,
      981,
      981,
      981,
      961,
      961,
      961,
      961,
      961,
      961,
      961,
      1000,
      0,
      0,
      0,
      0,
      0,
      0,
      0,
      0,
      0,
      0,
      0,
      0,
      0,
      0,
      0,
      0,
      0,
      964,
      964,
      964,
      964,
      964,
      964,
      964,
      964,
      964,
      0,
      0,
      0,
      0,
      0,
      0,
      0,
      0,
      0,
      0,
      0,
      0,
      0,
      0,
      0,
      0,
      0,
      989,
      989,
      989,
      989,
      989
    ],
    [
      0,
      0,
      0,
      0,
      0,
      0,
      0,
      0,
      0,
      0,
      0,
      0,
      949,
      949,
      949,
      983,
      983,
      983,
      983,
      956,
      956,
      956,
      956,
      956,
      956,
      956,
      995,
      995,
      995,
      995,
      995,
      995,
      995,
      995,
      995,
      995,
      995,
      995,
      995,
      995,
      1009,
      1009,
      1009,
      975,
      975,
      975,
      975,
      975,
      975,
      975,
      972,
      972,
      972,
      972,
      972,
      976,
      976,
      976,
      976,
      976,
      976,
      965,
      965,
      965,
      965,
      965,
      965,
      965,
      965,
      965,
      965,
      965,
      965,
      984,
      984,
      984,
      984,
      984,
      984,
      984,
      962,
      968,
      968,
      968,
      968,
      968,
      968,
      968,
      968,
      968,
      968,
      968,
      968,
      968,
      968,
      968,
      987,
      987,
      987,
      987,
      987,
      987,
      1012,
      958,
      958,
      958,
      958,
      958,
      958,
      958,
      963,
      963,
      963,
      963,
      963,
      963,
      0,
      0,
      0,
      0,
      0,
      0,
      0,
      0,
      0,
      0,
      0,
      0,
      0,
      0,
      0,
      0,
      0,
      0,
      0,
      0,
      0,
      0,
      0,
      0,
      0,
      0,
      0,
      0,
      0,
      0,
      0,
      0,
      0,
      0,
      0,
      0,
      0,
      0,
      0,
      0,
      0,
      0,
      0,
      0,
      950,
      950,
      950,
      950,
      994,
      994,
      994,
      994,
      994,
      994,
      994,
      994,
      969,
      969,
      969,
      969,
      969,
      969,
      969,
      969,
      969,
      969,
      977,
      977,
      977,
      977,
      977,
      951,
      951,
      951,
      951,
      1006,
      985,
      985,
      985,
      985,
      985,
      985,
      985,
      978,
      978,
      978,
      978,
      978,
      978,
      0,
      0,
      0,
      0,
      0,
      979,
      979,
      979,
      979,
      979,
      979,
      979,
      979,
      979,
      979,
      988,
      988,
      988,
      988,
      988,
      988,
      988,
      988,
      988,
      988,
      952,
      952,
      952,
      952,
      952,
      952,
      952,
      0,
      0,
      0,
      0,
      0,
      0,
      0,
      0,
      0,
      0,
      0,
      0,
      0,
      0,
      0,
      0,
      0,
      0,
      0,
      0,
      0,
      0,
      973,
      973,
      973,
      973,
      973,
      973,
      973,
      973,
      973,
      0,
      0,
      0,
      0,
      0,
      1017,
      970,
      970,
      970,
      970,
      970,
      970,
      970,
      970,
      970,
      970,
      970,
      970,
      970,
      997,
      997,
      997,
      0,
      0,
      0,
      0,
      0,
      0,
      0,
      0,
      0,
      0,
      980,
      980,
      980,
      980,
      980,
      980,
      980,
      971,
      971,
      971,
      971,
      971,
      971,
      971,
      971,
      971,
      0,
      0,
      986,
      986,
      986,
      986,
      986,
      986,
      986,
      990,
      990,
      990,
      990,
      990,
      990,
      990,
      990,
      0,
      0,
      0,
      0,
      0,
      0,
      0,
      0,
      0,
      0,
      0,
      0,
      0,
      0,
      0,
      0,
      0,
      0,
      0,
      0,
      0,
      0,
      0,
      0,
      946,
      946,
      946,
      946,
      946,
      0,
      0,
      0,
      0,
      0,
      0,
      0,
      0,
      0,
      0,
      982,
      982,
      982,
      982,
      982,
      982,
      982,
      982,
      0,
      0,
      0,
      0,
      0,
      0,
      0,
      0,
      0,
      0,
      0,
      0,
      0,
      0,
      0,
      0,
      0,
      0,
      0,
      0,
      0,
      0,
      0,
      0,
      0,
      0,
      966,
      966,
      966,
      966,
      966,
      966,
      967,
      967,
      967,
      967,
      967,
      967,
      967,
      967,
      967,
      967,
      967,
      967,
      967,
      967,
      967,
      967,
      967,
      967,
      967,
      967,
      974,
      974,
      974,
      974,
      974,
      974,
      974,
      974,
      974,
      974,
      974,
      974,
      974,
      974,
      999,
      981,
      981,
      981,
      981,
      981,
      981,
      981,
      981,
      981,
      961,
      961,
      961,
      961,
      961,
      961,
      961,
      1000,
      1000,
      0,
      0,
      0,
      0,
      0,
      0,
      0,
      0,
      0,
      0,
      0,
      0,
      0,
      1001,
      1001,
      1001,
      1001,
      964,
      964,
      964,
      964,
      964,
      964,
      964,
      0,
      0,
      0,
      0,
      0,
      0,
      0,
      0,
      0,
      0,
      0,
      0,
      0,
      0,
      0,
      0,
      989,
      989,
      989,
      989,
      989,
      989,
      989
    ],
    [
      0,
      0,
      0,
      0,
      0,
      0,
      0,
      0,
      0,
      0,
      0,
      0,
      949,
      949,
      949,
      983,
      983,
      983,
      983,
      983,
      956,
      956,
      956,
      995,
      995,
      995,
      995,
      995,
      995,
      995,
      995,
      995,
      995,
      995,
      995,
      995,
      995,
      995,
      995,
      995,
      1009,
      1009,
      1009,
      975,
      975,
      975,
      975,
      975,
      975,
      975,
      972,
      972,
      972,
      972,
      972,
      976,
      976,
      976,
      976,
      976,
      976,
      965,
      965,
      965,
      965,
      965,
      965,
      965,
      965,
      965,
      965,
      965,
      965,
      984,
      984,
      984,
      984,
      984,
      984,
      984,
      984,
      968,
      968,
      968,
      968,
      968,
      0,
      968,
      968,
      968,
      968,
      968,
      968,
      968,
      968,
      0,
      987,
      987,
      987,
      987,
      987,
      987,
      1012,
      958,
      958,
      958,
      958,
      958,
      958,
      958,
      958,
      958,
      958,
      958,
      958,
      0,
      0,
      0,
      0,
      0,
      0,
      0,
      0,
      0,
      0,
      0,
      0,
      0,
      0,
      0,
      0,
      0,
      0,
      0,
      0,
      0,
      0,
      0,
      0,
      0,
      0,
      0,
      0,
      0,
      0,
      0,
      0,
      0,
      0,
      0,
      0,
      0,
      0,
      0,
      0,
      0,
      0,
      0,
      0,
      0,
      950,
      950,
      950,
      950,
      994,
      994,
      994,
      994,
      994,
      994,
      994,
      994,
      994,
      969,
      969,
      969,
      969,
      969,
      969,
      969,
      969,
      969,
      977,
      977,
      977,
      977,
      977,
      951,
      951,
      951,
      1006,
      1006,
      985,
      985,
      985,
      985,
      985,
      985,
      985,
      978,
      978,
      978,
      978,
      978,
      978,
      0,
      0,
      0,
      979,
      979,
      979,
      979,
      979,
      979,
      979,
      979,
      979,
      979,
      979,
      979,
      988,
      988,
      988,
      988,
      988,
      988,
      988,
      988,
      988,
      988,
      952,
      952,
      952,
      952,
      952,
      952,
      952,
      0,
      0,
      0,
      0,
      0,
      0,
      0,
      0,
      0,
      0,
      0,
      0,
      0,
      0,
      0,
      0,
      0,
      0,
      0,
      0,
      0,
      0,
      0,
      0,
      0,
      973,
      973,
      973,
      973,
      973,
      973,
      0,
      0,
      0,
      0,
      0,
      1017,
      970,
      970,
      970,
      970,
      970,
      970,
      970,
      970,
      970,
      970,
      970,
      997,
      997,
      997,
      997,
      997,
      997,
      997,
      0,
      0,
      0,
      0,
      0,
      0,
      0,
      0,
      980,
      980,
      980,
      980,
      980,
      980,
      980,
      971,
      971,
      0,
      0,
      971,
      971,
      971,
      971,
      971,
      0,
      0,
      986,
      986,
      986,
      986,
      986,
      986,
      986,
      990,
      990,
      990,
      990,
      990,
      990,
      990,
      990,
      990,
      0,
      0,
      0,
      0,
      0,
      0,
      0,
      0,
      0,
      0,
      0,
      0,
      0,
      0,
      0,
      0,
      0,
      0,
      0,
      0,
      0,
      0,
      0,
      946,
      946,
      946,
      946,
      946,
      0,
      0,
      0,
      0,
      0,
      0,
      0,
      0,
      0,
      0,
      982,
      982,
      982,
      982,
      982,
      982,
      982,
      982,
      0,
      0,
      0,
      0,
      0,
      0,
      0,
      0,
      0,
      0,
      0,
      0,
      0,
      0,
      0,
      0,
      0,
      0,
      0,
      0,
      0,
      0,
      0,
      0,
      0,
      0,
      0,
      0,
      0,
      0,
      967,
      967,
      967,
      967,
      967,
      967,
      967,
      967,
      967,
      967,
      967,
      0,
      0,
      0,
      0,
      0,
      0,
      0,
      0,
      0,
      0,
      0,
      0,
      991,
      991,
      991,
      991,
      991,
      974,
      974,
      974,
      974,
      974,
      999,
      999,
      999,
      999,
      981,
      981,
      981,
      981,
      981,
      981,
      981,
      981,
      981,
      961,
      961,
      961,
      961,
      961,
      961,
      961,
      1000,
      1000,
      0,
      0,
      0,
      0,
      0,
      0,
      0,
      0,
      0,
      0,
      0,
      0,
      0,
      1001,
      1001,
      1001,
      1001,
      1001,
      1001,
      1001,
      1001,
      1001,
      1001,
      1001,
      0,
      0,
      0,
      0,
      0,
      0,
      0,
      0,
      989,
      989,
      989,
      989,
      989,
      989,
      989,
      989,
      989,
      989,
      989,
      989,
      989,
      989,
      989
    ],
    [
      0,
      0,
      0,
      0,
      0,
      0,
      0,
      0,
      0,
      0,
      0,
      0,
      949,
      949,
      949,
      983,
      983,
      983,
      983,
      983,
      983,
      956,
      956,
      995,
      0,
      995,
      995,
      995,
      995,
      995,
      995,
      995,
      995,
      995,
      995,
      995,
      995,
      995,
      995,
      995,
      1009,
      1009,
      1009,
      975,
      975,
      975,
      975,
      975,
      975,
      975,
      972,
      972,
      972,
      972,
      972,
      976,
      976,
      976,
      976,
      976,
      976,
      965,
      965,
      965,
      965,
      965,
      965,
      965,
      965,
      965,
      965,
      965,
      965,
      984,
      984,
      984,
      984,
      984,
      984,
      984,
      984,
      968,
      968,
      968,
      968,
      0,
      0,
      0,
      968,
      968,
      968,
      968,
      968,
      968,
      968,
      0,
      987,
      987,
      987,
      987,
      987,
      987,
      1012,
      1012,
      958,
      958,
      958,
      1005,
      1005,
      1005,
      1005,
      1005,
      1005,
      1005,
      1005,
      1005,
      1005,
      0,
      0,
      0,
      0,
      0,
      0,
      0,
      0,
      0,
      0,
      0,
      0,
      0,
      0,
      0,
      0,
      0,
      0,
      0,
      0,
      0,
      0,
      0,
      0,
      0,
      0,
      0,
      0,
      0,
      0,
      0,
      0,
      0,
      0,
      0,
      0,
      0,
      0,
      0,
      0,
      0,
      0,
      0,
      950,
      950,
      950,
      950,
      994,
      994,
      994,
      994,
      994,
      994,
      994,
      994,
      994,
      969,
      969,
      969,
      969,
      969,
      969,
      969,
      969,
      969,
      977,
      977,
      977,
      977,
      977,
      951,
      951,
      951,
      1006,
      1006,
      985,
      985,
      985,
      985,
      985,
      985,
      985,
      978,
      978,
      978,
      978,
      978,
      978,
      0,
      979,
      979,
      979,
      979,
      979,
      979,
      979,
      979,
      979,
      979,
      979,
      979,
      979,
      979,
      988,
      988,
      988,
      988,
      988,
      988,
      988,
      988,
      988,
      988,
      988,
      988,
      988,
      988,
      988,
      988,
      0,
      0,
      0,
      0,
      0,
      0,
      0,
      0,
      0,
      0,
      0,
      0,
      0,
      0,
      0,
      0,
      0,
      0,
      0,
      0,
      0,
      0,
      0,
      0,
      0,
      0,
      973,
      973,
      973,
      973,
      973,
      973,
      0,
      0,
      0,
      0,
      0,
      1017,
      970,
      970,
      970,
      970,
      970,
      970,
      970,
      970,
      970,
      970,
      997,
      997,
      997,
      997,
      997,
      997,
      997,
      997,
      997,
      0,
      0,
      0,
      0,
      0,
      0,
      0,
      980,
      980,
      980,
      980,
      980,
      980,
      980,
      971,
      0,
      0,
      0,
      0,
      971,
      971,
      971,
      0,
      0,
      0,
      986,
      986,
      986,
      986,
      986,
      986,
      986,
      986,
      990,
      990,
      990,
      990,
      990,
      990,
      990,
      990,
      0,
      0,
      0,
      0,
      0,
      0,
      0,
      0,
      0,
      0,
      0,
      0,
      0,
      0,
      0,
      0,
      0,
      0,
      0,
      0,
      0,
      0,
      0,
      0,
      0,
      0,
      946,
      946,
      0,
      0,
      0,
      0,
      0,
      0,
      0,
      0,
      982,
      982,
      982,
      982,
      982,
      982,
      982,
      982,
      982,
      982,
      982,
      0,
      0,
      0,
      0,
      0,
      998,
      998,
      0,
      0,
      0,
      0,
      0,
      0,
      0,
      0,
      0,
      0,
      0,
      0,
      0,
      0,
      0,
      0,
      0,
      0,
      0,
      0,
      0,
      0,
      967,
      967,
      967,
      967,
      967,
      967,
      967,
      967,
      967,
      967,
      967,
      0,
      0,
      0,
      0,
      0,
      0,
      0,
      0,
      0,
      0,
      991,
      991,
      991,
      991,
      991,
      991,
      991,
      974,
      974,
      974,
      974,
      999,
      999,
      999,
      999,
      999,
      981,
      981,
      981,
      981,
      981,
      981,
      981,
      981,
      981,
      961,
      961,
      961,
      961,
      961,
      961,
      961,
      1000,
      1000,
      0,
      0,
      0,
      0,
      0,
      0,
      0,
      0,
      0,
      0,
      0,
      0,
      0,
      1001,
      1001,
      1001,
      1001,
      1001,
      1001,
      1001,
      1001,
      1001,
      1001,
      1001,
      0,
      0,
      0,
      0,
      0,
      0,
      0,
      989,
      989,
      989,
      989,
      989,
      989,
      989,
      989,
      989,
      989,
      989,
      989,
      989,
      989,
      989,
      989
    ],
    [
      0,
      0,
      0,
      0,
      0,
      0,
      0,
      0,
      0,
      0,
      0,
      0,
      0,
      949,
      949,
      983,
      983,
      983,
      983,
      983,
      983,
      0,
      956,
      995,
      0,
      0,
      995,
      995,
      995,
      995,
      995,
      995,
      995,
      995,
      995,
      995,
      995,
      1009,
      1009,
      1009,
      1009,
      1009,
      1009,
      975,
      975,
      975,
      975,
      975,
      975,
      975,
      972,
      972,
      972,
      972,
      972,
      976,
      993,
      993,
      993,
      993,
      993,
      965,
      965,
      965,
      965,
      965,
      965,
      965,
      965,
      965,
      965,
      965,
      965,
      984,
      984,
      984,
      984,
      984,
      984,
      984,
      984,
      0,
      0,
      0,
      0,
      0,
      0,
      0,
      968,
      968,
      968,
      0,
      0,
      0,
      0,
      0,
      987,
      987,
      987,
      987,
      987,
      987,
      1012,
      1012,
      958,
      958,
      1005,
      1005,
      1005,
      1005,
      1005,
      1005,
      1005,
      1005,
      1005,
      1005,
      1005,
      0,
      0,
      0,
      0,
      0,
      0,
      0,
      0,
      0,
      0,
      0,
      0,
      0,
      0,
      0,
      0,
      0,
      0,
      0,
      0,
      0,
      0,
      0,
      0,
      0,
      0,
      0,
      0,
      0,
      0,
      0,
      0,
      0,
      0,
      0,
      0,
      0,
      0,
      0,
      0,
      0,
      0,
      0,
      1033,
      950,
      950,
      950,
      994,
      994,
      994,
      994,
      994,
      994,
      994,
      994,
      994,
      969,
      969,
      969,
      969,
      969,
      969,
      969,
      969,
      977,
      977,
      977,
      977,
      977,
      977,
      951,
      951,
      1006,
      1006,
      1006,
      985,
      985,
      985,
      985,
      985,
      985,
      985,
      978,
      1016,
      1016,
      1016,
      1016,
      1016,
      1016,
      979,
      979,
      979,
      979,
      979,
      979,
      979,
      979,
      979,
      979,
      979,
      979,
      979,
      979,
      988,
      988,
      988,
      988,
      988,
      988,
      988,
      988,
      988,
      988,
      988,
      988,
      988,
      988,
      988,
      0,
      0,
      0,
      0,
      0,
      0,
      0,
      0,
      0,
      0,
      0,
      0,
      0,
      0,
      0,
      0,
      0,
      0,
      0,
      0,
      0,
      0,
      0,
      0,
      0,
      0,
      0,
      0,
      0,
      0,
      0,
      0,
      0,
      0,
      0,
      0,
      0,
      0,
      1017,
      1017,
      970,
      970,
      970,
      970,
      970,
      970,
      970,
      970,
      997,
      997,
      997,
      997,
      997,
      997,
      997,
      997,
      997,
      997,
      997,
      0,
      0,
      0,
      0,
      0,
      0,
      0,
      0,
      0,
      0,
      0,
      0,
      980,
      0,
      0,
      0,
      0,
      0,
      971,
      971,
      0,
      0,
      0,
      0,
      986,
      986,
      986,
      986,
      986,
      986,
      986,
      986,
      990,
      990,
      990,
      990,
      990,
      990,
      990,
      990,
      990,
      990,
      990,
      0,
      0,
      0,
      0,
      0,
      0,
      0,
      0,
      0,
      0,
      0,
      0,
      0,
      0,
      0,
      0,
      0,
      0,
      0,
      0,
      0,
      0,
      0,
      0,
      0,
      0,
      0,
      0,
      0,
      0,
      0,
      0,
      0,
      982,
      982,
      982,
      982,
      982,
      982,
      982,
      982,
      982,
      982,
      982,
      982,
      982,
      998,
      998,
      998,
      998,
      998,
      0,
      0,
      0,
      0,
      0,
      0,
      0,
      0,
      0,
      0,
      0,
      0,
      0,
      0,
      0,
      0,
      0,
      0,
      0,
      0,
      0,
      0,
      0,
      0,
      0,
      0,
      0,
      0,
      0,
      0,
      0,
      0,
      0,
      0,
      0,
      0,
      0,
      0,
      0,
      0,
      0,
      0,
      0,
      991,
      991,
      991,
      991,
      991,
      991,
      991,
      974,
      974,
      974,
      974,
      999,
      999,
      999,
      999,
      999,
      981,
      981,
      981,
      981,
      981,
      981,
      981,
      981,
      981,
      961,
      961,
      961,
      961,
      961,
      961,
      961,
      1000,
      1000,
      1000,
      0,
      0,
      0,
      0,
      0,
      0,
      0,
      0,
      0,
      0,
      0,
      0,
      1001,
      1001,
      1001,
      1001,
      1001,
      1001,
      1001,
      1001,
      1001,
      1001,
      1001,
      0,
      0,
      0,
      0,
      0,
      0,
      989,
      989,
      989,
      989,
      989,
      989,
      989,
      989,
      989,
      989,
      989,
      989,
      989,
      989,
      989,
      989,
      989
    ],
    [
      0,
      0,
      0,
      0,
      0,
      0,
      0,
      0,
      0,
      0,
      0,
      0,
      0,
      0,
      949,
      983,
      983,
      983,
      983,
      983,
      983,
      0,
      0,
      0,
      0,
      0,
      995,
      995,
      995,
      995,
      995,
      995,
      995,
      995,
      995,
      995,
      995,
      1009,
      1009,
      1009,
      1009,
      1009,
      1009,
      1009,
      992,
      992,
      992,
      992,
      992,
      992,
      972,
      972,
      972,
      972,
      1014,
      993,
      993,
      993,
      993,
      993,
      993,
      965,
      965,
      965,
      965,
      965,
      965,
      965,
      965,
      965,
      965,
      965,
      965,
      984,
      984,
      984,
      984,
      984,
      984,
      984,
      984,
      0,
      0,
      0,
      0,
      0,
      0,
      0,
      0,
      0,
      0,
      0,
      0,
      0,
      0,
      0,
      987,
      987,
      987,
      987,
      987,
      987,
      1012,
      1012,
      1012,
      0,
      1005,
      1005,
      1005,
      1005,
      1005,
      1005,
      1005,
      1005,
      1005,
      1005,
      1005,
      0,
      0,
      0,
      0,
      0,
      0,
      0,
      0,
      0,
      0,
      0,
      0,
      0,
      0,
      0,
      0,
      0,
      0,
      0,
      0,
      0,
      0,
      0,
      0,
      0,
      0,
      0,
      0,
      0,
      0,
      0,
      0,
      0,
      0,
      0,
      0,
      0,
      0,
      0,
      0,
      0,
      0,
      0,
      1033,
      950,
      950,
      950,
      994,
      994,
      994,
      994,
      994,
      994,
      994,
      994,
      994,
      969,
      969,
      969,
      969,
      0,
      0,
      0,
      0,
      0,
      0,
      0,
      0,
      977,
      977,
      951,
      951,
      1006,
      1006,
      1006,
      985,
      985,
      985,
      985,
      985,
      985,
      985,
      978,
      1016,
      1016,
      1016,
      1016,
      1016,
      1016,
      979,
      979,
      979,
      979,
      979,
      979,
      979,
      979,
      979,
      979,
      979,
      988,
      988,
      988,
      988,
      988,
      988,
      988,
      988,
      988,
      988,
      988,
      988,
      988,
      988,
      988,
      988,
      988,
      0,
      0,
      0,
      0,
      0,
      0,
      0,
      0,
      0,
      0,
      0,
      0,
      0,
      0,
      0,
      0,
      0,
      0,
      0,
      0,
      0,
      0,
      0,
      0,
      0,
      0,
      0,
      996,
      996,
      996,
      996,
      996,
      996,
      996,
      0,
      0,
      0,
      1017,
      1017,
      1017,
      1017,
      1017,
      970,
      970,
      970,
      970,
      970,
      970,
      1025,
      1025,
      1025,
      1025,
      997,
      997,
      997,
      997,
      997,
      997,
      997,
      997,
      0,
      0,
      0,
      0,
      0,
      0,
      0,
      0,
      0,
      0,
      0,
      0,
      0,
      0,
      0,
      0,
      0,
      0,
      971,
      0,
      0,
      0,
      0,
      0,
      986,
      986,
      986,
      986,
      986,
      986,
      986,
      986,
      990,
      990,
      990,
      990,
      990,
      990,
      990,
      990,
      990,
      990,
      990,
      0,
      0,
      0,
      0,
      0,
      0,
      0,
      0,
      0,
      0,
      0,
      0,
      0,
      0,
      0,
      0,
      0,
      0,
      0,
      0,
      1008,
      1008,
      1008,
      1008,
      0,
      0,
      0,
      0,
      0,
      0,
      0,
      0,
      0,
      982,
      982,
      982,
      982,
      982,
      982,
      982,
      982,
      982,
      982,
      982,
      982,
      998,
      998,
      998,
      998,
      998,
      998,
      0,
      0,
      0,
      0,
      0,
      0,
      0,
      0,
      0,
      0,
      0,
      0,
      0,
      0,
      0,
      0,
      0,
      0,
      0,
      0,
      0,
      0,
      0,
      0,
      0,
      0,
      0,
      0,
      0,
      0,
      0,
      0,
      0,
      0,
      0,
      0,
      0,
      0,
      0,
      0,
      0,
      0,
      0,
      991,
      991,
      991,
      991,
      991,
      991,
      991,
      991,
      991,
      999,
      999,
      999,
      999,
      999,
      999,
      999,
      981,
      981,
      981,
      981,
      981,
      981,
      981,
      1020,
      1020,
      1020,
      1020,
      1020,
      1020,
      961,
      1000,
      1000,
      1000,
      1000,
      1000,
      0,
      0,
      0,
      0,
      0,
      0,
      0,
      0,
      0,
      0,
      0,
      0,
      1001,
      1001,
      1001,
      1001,
      1001,
      1001,
      1001,
      1001,
      1001,
      1001,
      1001,
      1001,
      1002,
      1002,
      1002,
      1002,
      1003,
      1003,
      989,
      989,
      989,
      989,
      989,
      989,
      989,
      989,
      989,
      989,
      989,
      989,
      989,
      989,
      989,
      989
    ],
    [
      0,
      0,
      0,
      0,
      0,
      0,
      0,
      0,
      0,
      0,
      0,
      0,
      0,
      0,
      949,
      983,
      983,
      983,
      983,
      983,
      983,
      0,
      0,
      0,
      0,
      0,
      995,
      995,
      995,
      995,
      995,
      995,
      995,
      995,
      1009,
      1009,
      1009,
      1009,
      1009,
      1009,
      1009,
      1009,
      1009,
      1009,
      1009,
      1009,
      992,
      992,
      992,
      992,
      972,
      972,
      972,
      1014,
      1014,
      993,
      993,
      993,
      993,
      993,
      993,
      965,
      0,
      0,
      965,
      965,
      965,
      965,
      965,
      965,
      965,
      965,
      965,
      984,
      984,
      984,
      984,
      984,
      984,
      984,
      0,
      0,
      0,
      0,
      0,
      0,
      0,
      0,
      0,
      0,
      0,
      0,
      0,
      0,
      0,
      0,
      987,
      987,
      987,
      987,
      987,
      987,
      1012,
      1012,
      1012,
      0,
      1005,
      1005,
      1005,
      1005,
      1005,
      1005,
      1005,
      1005,
      1005,
      1005,
      1005,
      1005,
      1005,
      1005,
      0,
      0,
      0,
      0,
      0,
      0,
      0,
      0,
      0,
      0,
      0,
      0,
      0,
      0,
      0,
      0,
      0,
      0,
      0,
      0,
      0,
      0,
      0,
      0,
      0,
      0,
      0,
      0,
      0,
      0,
      0,
      0,
      0,
      0,
      0,
      0,
      0,
      0,
      0,
      0,
      1033,
      1033,
      950,
      950,
      994,
      994,
      994,
      994,
      994,
      994,
      994,
      994,
      994,
      969,
      969,
      969,
      969,
      0,
      0,
      0,
      0,
      0,
      0,
      0,
      0,
      977,
      977,
      951,
      951,
      1006,
      1006,
      1006,
      985,
      985,
      985,
      985,
      985,
      985,
      1016,
      1016,
      1016,
      1016,
      1016,
      1016,
      1016,
      1016,
      979,
      979,
      979,
      979,
      979,
      979,
      979,
      979,
      979,
      979,
      988,
      988,
      988,
      988,
      988,
      988,
      988,
      988,
      988,
      988,
      988,
      988,
      988,
      988,
      988,
      988,
      988,
      988,
      0,
      0,
      0,
      0,
      0,
      0,
      0,
      0,
      0,
      0,
      0,
      0,
      0,
      0,
      0,
      0,
      0,
      0,
      0,
      0,
      0,
      0,
      0,
      0,
      0,
      0,
      0,
      996,
      996,
      996,
      996,
      996,
      996,
      996,
      0,
      0,
      0,
      1017,
      1017,
      1017,
      1017,
      1017,
      1017,
      1017,
      1025,
      1025,
      1025,
      1025,
      1025,
      1025,
      1025,
      1025,
      997,
      997,
      997,
      997,
      997,
      997,
      997,
      997,
      0,
      0,
      0,
      0,
      0,
      0,
      0,
      0,
      0,
      0,
      0,
      0,
      0,
      0,
      0,
      0,
      0,
      0,
      971,
      0,
      0,
      0,
      0,
      0,
      0,
      0,
      986,
      986,
      986,
      986,
      990,
      990,
      990,
      990,
      990,
      990,
      990,
      990,
      990,
      990,
      990,
      990,
      990,
      0,
      0,
      0,
      0,
      0,
      0,
      0,
      0,
      0,
      0,
      0,
      0,
      0,
      0,
      0,
      0,
      0,
      0,
      0,
      1008,
      1008,
      1008,
      1008,
      1008,
      1008,
      1008,
      0,
      0,
      0,
      0,
      0,
      0,
      0,
      998,
      998,
      998,
      998,
      998,
      998,
      998,
      998,
      998,
      998,
      998,
      998,
      998,
      998,
      998,
      998,
      998,
      998,
      0,
      0,
      0,
      0,
      0,
      0,
      0,
      0,
      0,
      0,
      0,
      0,
      0,
      0,
      0,
      0,
      0,
      0,
      0,
      0,
      0,
      0,
      0,
      0,
      0,
      0,
      0,
      0,
      0,
      0,
      0,
      0,
      0,
      0,
      0,
      0,
      0,
      0,
      0,
      0,
      0,
      0,
      991,
      991,
      991,
      991,
      991,
      991,
      991,
      991,
      991,
      999,
      999,
      999,
      999,
      999,
      999,
      999,
      999,
      999,
      999,
      999,
      999,
      999,
      999,
      1020,
      1020,
      1020,
      1020,
      1020,
      1020,
      1020,
      1020,
      1000,
      1000,
      1000,
      1000,
      1000,
      0,
      0,
      0,
      0,
      0,
      0,
      0,
      0,
      0,
      0,
      0,
      0,
      1001,
      1001,
      1001,
      1001,
      1001,
      1001,
      1001,
      1001,
      1001,
      1001,
      1001,
      1001,
      1002,
      1002,
      1002,
      1002,
      1003,
      1003,
      1003,
      1003,
      1003,
      1003,
      1003,
      1003,
      989,
      989,
      989,
      989,
      989,
      989,
      989,
      989,
      989,
      989
    ],
    [
      0,
      0,
      0,
      0,
      0,
      0,
      0,
      0,
      0,
      0,
      0,
      0,
      0,
      0,
      0,
      983,
      983,
      983,
      983,
      983,
      983,
      0,
      0,
      0,
      0,
      0,
      995,
      995,
      995,
      995,
      995,
      995,
      995,
      995,
      1004,
      1004,
      1004,
      1004,
      1004,
      1004,
      1004,
      1009,
      1009,
      1009,
      1009,
      1009,
      992,
      992,
      992,
      992,
      1014,
      1014,
      1014,
      1014,
      1014,
      993,
      993,
      993,
      993,
      993,
      993,
      965,
      0,
      0,
      965,
      965,
      965,
      965,
      965,
      965,
      965,
      965,
      965,
      965,
      965,
      984,
      984,
      984,
      984,
      984,
      0,
      0,
      0,
      0,
      0,
      0,
      0,
      0,
      0,
      0,
      0,
      0,
      0,
      0,
      0,
      0,
      0,
      987,
      987,
      987,
      987,
      987,
      1012,
      1012,
      1012,
      0,
      1005,
      1005,
      1005,
      1005,
      1005,
      1005,
      1005,
      1005,
      1005,
      1005,
      1005,
      1005,
      1005,
      1005,
      1005,
      0,
      0,
      0,
      0,
      0,
      0,
      0,
      0,
      0,
      0,
      0,
      0,
      0,
      0,
      0,
      0,
      0,
      0,
      0,
      0,
      0,
      0,
      0,
      0,
      0,
      0,
      0,
      0,
      0,
      0,
      0,
      0,
      0,
      0,
      0,
      0,
      0,
      0,
      0,
      1033,
      1033,
      1033,
      950,
      994,
      994,
      994,
      994,
      994,
      994,
      994,
      994,
      994,
      0,
      0,
      0,
      0,
      0,
      0,
      0,
      0,
      0,
      0,
      0,
      0,
      977,
      977,
      951,
      951,
      1006,
      1006,
      1006,
      985,
      985,
      985,
      985,
      1016,
      1016,
      1016,
      1016,
      1016,
      1016,
      1016,
      1016,
      1016,
      1016,
      979,
      979,
      979,
      979,
      979,
      979,
      979,
      988,
      988,
      988,
      988,
      988,
      988,
      988,
      988,
      988,
      988,
      988,
      988,
      988,
      988,
      988,
      988,
      988,
      988,
      988,
      988,
      988,
      0,
      0,
      0,
      0,
      0,
      0,
      0,
      0,
      0,
      0,
      0,
      0,
      0,
      0,
      0,
      0,
      0,
      0,
      0,
      0,
      0,
      0,
      0,
      1007,
      1007,
      0,
      0,
      996,
      996,
      996,
      996,
      996,
      996,
      996,
      996,
      0,
      0,
      1017,
      1017,
      1017,
      1017,
      1017,
      1017,
      1017,
      1017,
      1025,
      1025,
      1025,
      1025,
      1025,
      1025,
      1025,
      997,
      997,
      997,
      997,
      997,
      997,
      997,
      997,
      0,
      0,
      0,
      0,
      0,
      0,
      0,
      0,
      0,
      0,
      0,
      0,
      0,
      0,
      0,
      0,
      0,
      0,
      0,
      0,
      0,
      0,
      0,
      0,
      0,
      0,
      986,
      986,
      986,
      986,
      1010,
      1010,
      1010,
      990,
      990,
      990,
      990,
      1013,
      1013,
      1013,
      1013,
      1013,
      1013,
      1013,
      0,
      0,
      0,
      0,
      0,
      0,
      0,
      0,
      0,
      0,
      0,
      0,
      0,
      0,
      0,
      0,
      0,
      1008,
      1008,
      1008,
      1008,
      1008,
      1008,
      1008,
      1008,
      1011,
      1011,
      1011,
      1011,
      1011,
      1011,
      1011,
      998,
      998,
      998,
      998,
      998,
      998,
      998,
      998,
      998,
      998,
      998,
      998,
      998,
      998,
      998,
      998,
      998,
      998,
      0,
      0,
      0,
      0,
      0,
      0,
      0,
      0,
      0,
      0,
      0,
      0,
      0,
      0,
      0,
      0,
      0,
      0,
      0,
      0,
      0,
      0,
      0,
      0,
      0,
      0,
      0,
      0,
      0,
      0,
      0,
      0,
      0,
      0,
      0,
      0,
      0,
      0,
      0,
      0,
      0,
      0,
      0,
      991,
      991,
      991,
      991,
      991,
      991,
      991,
      991,
      999,
      999,
      999,
      999,
      999,
      999,
      999,
      999,
      999,
      999,
      999,
      999,
      999,
      999,
      1020,
      1020,
      1020,
      1020,
      1020,
      1020,
      1020,
      1020,
      1020,
      1000,
      1000,
      1000,
      1000,
      1000,
      1000,
      1000,
      1000,
      1000,
      0,
      0,
      0,
      0,
      0,
      0,
      0,
      1001,
      1001,
      1001,
      1001,
      1001,
      1001,
      1001,
      1001,
      1001,
      1001,
      1001,
      1002,
      1002,
      1002,
      1002,
      1002,
      1003,
      1003,
      1003,
      1003,
      1003,
      1003,
      1003,
      1003,
      989,
      989,
      989,
      989,
      989,
      989,
      989,
      989,
      989,
      989
    ],
    [
      0,
      0,
      0,
      0,
      0,
      0,
      0,
      0,
      0,
      0,
      0,
      0,
      0,
      0,
      0,
      0,
      0,
      0,
      0,
      0,
      0,
      0,
      0,
      0,
      0,
      0,
      995,
      995,
      995,
      995,
      995,
      995,
      995,
      995,
      1004,
      1004,
      1004,
      1004,
      1004,
      1004,
      1004,
      1004,
      1009,
      1009,
      1009,
      1009,
      992,
      992,
      1014,
      1014,
      1014,
      1014,
      1014,
      1014,
      1014,
      993,
      993,
      993,
      993,
      993,
      993,
      965,
      0,
      0,
      0,
      0,
      0,
      0,
      0,
      0,
      0,
      0,
      0,
      0,
      0,
      0,
      0,
      0,
      0,
      0,
      0,
      0,
      0,
      0,
      0,
      0,
      0,
      0,
      0,
      0,
      0,
      0,
      0,
      0,
      0,
      0,
      0,
      1012,
      1012,
      1012,
      1012,
      1012,
      1012,
      1012,
      1012,
      0,
      1005,
      1005,
      1005,
      1005,
      1005,
      1005,
      1005,
      1005,
      1005,
      1005,
      1005,
      1005,
      1005,
      1005,
      1005,
      0,
      0,
      0,
      0,
      0,
      0,
      0,
      0,
      0,
      0,
      0,
      0,
      0,
      0,
      0,
      0,
      0,
      0,
      0,
      0,
      0,
      0,
      0,
      0,
      0,
      0,
      0,
      0,
      0,
      0,
      0,
      0,
      0,
      0,
      0,
      0,
      0,
      0,
      0,
      1033,
      1033,
      1033,
      950,
      994,
      994,
      994,
      994,
      994,
      994,
      994,
      994,
      0,
      0,
      0,
      0,
      0,
      0,
      0,
      0,
      0,
      0,
      0,
      0,
      0,
      977,
      977,
      951,
      951,
      1006,
      1006,
      1006,
      1006,
      1006,
      1006,
      1006,
      1016,
      1016,
      1016,
      1016,
      1016,
      1016,
      1016,
      1016,
      1016,
      1016,
      979,
      979,
      979,
      979,
      979,
      979,
      979,
      979,
      988,
      988,
      988,
      988,
      988,
      988,
      988,
      988,
      988,
      0,
      0,
      0,
      0,
      0,
      0,
      0,
      0,
      0,
      0,
      0,
      0,
      0,
      0,
      0,
      0,
      0,
      0,
      0,
      0,
      0,
      0,
      0,
      0,
      0,
      0,
      0,
      0,
      0,
      0,
      0,
      0,
      0,
      1007,
      1007,
      1007,
      0,
      0,
      996,
      996,
      996,
      996,
      996,
      996,
      996,
      996,
      996,
      1017,
      1017,
      1017,
      1017,
      1017,
      1017,
      1017,
      1017,
      1017,
      0,
      0,
      0,
      0,
      0,
      1025,
      1025,
      1025,
      997,
      997,
      997,
      997,
      997,
      997,
      997,
      0,
      0,
      0,
      0,
      0,
      0,
      0,
      0,
      0,
      0,
      1026,
      1026,
      0,
      0,
      0,
      0,
      0,
      0,
      0,
      0,
      0,
      0,
      0,
      0,
      0,
      0,
      986,
      986,
      0,
      1010,
      1010,
      1010,
      1010,
      1010,
      990,
      990,
      990,
      1013,
      1013,
      1013,
      1013,
      1013,
      1013,
      1013,
      1013,
      0,
      0,
      0,
      0,
      0,
      0,
      0,
      0,
      0,
      0,
      0,
      0,
      0,
      0,
      0,
      0,
      1008,
      1008,
      1008,
      1008,
      1008,
      1008,
      1008,
      1008,
      1011,
      1011,
      1011,
      1011,
      1011,
      1018,
      1018,
      1018,
      1018,
      1018,
      1018,
      998,
      998,
      998,
      998,
      998,
      998,
      998,
      998,
      998,
      998,
      998,
      998,
      998,
      998,
      998,
      0,
      0,
      0,
      0,
      0,
      0,
      0,
      0,
      0,
      0,
      0,
      0,
      0,
      0,
      0,
      0,
      0,
      0,
      0,
      0,
      0,
      0,
      0,
      0,
      0,
      0,
      0,
      0,
      0,
      0,
      0,
      0,
      0,
      0,
      0,
      0,
      0,
      0,
      0,
      0,
      0,
      0,
      991,
      991,
      991,
      991,
      991,
      991,
      991,
      991,
      991,
      991,
      991,
      999,
      999,
      999,
      999,
      999,
      999,
      999,
      999,
      999,
      999,
      1020,
      1020,
      1020,
      1020,
      1020,
      1020,
      1020,
      1020,
      1020,
      1020,
      1000,
      1000,
      1000,
      1000,
      1000,
      1000,
      1000,
      1000,
      1000,
      1000,
      0,
      0,
      0,
      0,
      0,
      0,
      1001,
      1001,
      1001,
      1001,
      1001,
      1001,
      1001,
      1001,
      1001,
      1001,
      1001,
      1002,
      1002,
      1002,
      1002,
      1002,
      1003,
      1003,
      1003,
      1003,
      1003,
      1003,
      1003,
      1003,
      989,
      989,
      989,
      989,
      989,
      989,
      989,
      989,
      989,
      989
    ],
    [
      0,
      0,
      0,
      0,
      0,
      0,
      0,
      0,
      0,
      0,
      0,
      0,
      0,
      0,
      0,
      0,
      0,
      0,
      0,
      0,
      0,
      0,
      0,
      0,
      0,
      0,
      995,
      995,
      995,
      995,
      995,
      995,
      995,
      995,
      1004,
      1004,
      1004,
      1004,
      1004,
      1004,
      1004,
      1004,
      1009,
      1009,
      1009,
      1009,
      1014,
      1014,
      1014,
      1014,
      1014,
      1014,
      1014,
      1014,
      1014,
      1014,
      1014,
      1014,
      1014,
      1014,
      993,
      0,
      0,
      0,
      0,
      0,
      0,
      0,
      0,
      0,
      0,
      0,
      0,
      0,
      0,
      0,
      0,
      0,
      0,
      0,
      0,
      0,
      0,
      0,
      0,
      0,
      0,
      0,
      0,
      0,
      0,
      0,
      0,
      0,
      0,
      0,
      0,
      1028,
      1012,
      1012,
      1012,
      1012,
      1012,
      1012,
      1012,
      0,
      1005,
      1005,
      1005,
      1005,
      1005,
      1005,
      1005,
      1005,
      1005,
      1005,
      1005,
      1005,
      1005,
      1005,
      1005,
      0,
      0,
      0,
      0,
      0,
      0,
      0,
      0,
      0,
      0,
      0,
      0,
      0,
      0,
      0,
      0,
      0,
      0,
      0,
      0,
      0,
      0,
      0,
      0,
      0,
      0,
      0,
      0,
      0,
      0,
      0,
      0,
      0,
      0,
      0,
      0,
      0,
      0,
      1033,
      1033,
      1033,
      1033,
      1033,
      994,
      994,
      994,
      994,
      994,
      994,
      994,
      994,
      0,
      0,
      0,
      0,
      0,
      0,
      0,
      0,
      0,
      0,
      0,
      0,
      0,
      977,
      977,
      951,
      951,
      1006,
      1006,
      1006,
      1006,
      1006,
      1006,
      1006,
      1016,
      1016,
      1016,
      1016,
      1016,
      1016,
      1016,
      1016,
      1016,
      1016,
      979,
      979,
      979,
      979,
      979,
      979,
      979,
      979,
      979,
      979,
      988,
      988,
      988,
      988,
      988,
      988,
      988,
      0,
      0,
      0,
      0,
      0,
      0,
      0,
      0,
      0,
      0,
      0,
      0,
      0,
      0,
      0,
      0,
      0,
      0,
      0,
      0,
      0,
      0,
      0,
      0,
      0,
      0,
      0,
      0,
      0,
      1007,
      1007,
      1007,
      1007,
      1007,
      1007,
      1007,
      1007,
      0,
      996,
      996,
      996,
      996,
      996,
      996,
      996,
      996,
      996,
      996,
      1017,
      1017,
      1017,
      1017,
      1017,
      1017,
      1017,
      1017,
      1017,
      0,
      0,
      0,
      0,
      1025,
      1025,
      1025,
      1025,
      997,
      997,
      997,
      997,
      997,
      997,
      0,
      0,
      0,
      1026,
      1026,
      1026,
      1026,
      1026,
      1026,
      1026,
      1026,
      1026,
      0,
      0,
      0,
      0,
      0,
      0,
      0,
      0,
      0,
      0,
      0,
      0,
      0,
      0,
      986,
      986,
      0,
      1010,
      1010,
      1010,
      1010,
      1010,
      1013,
      990,
      990,
      1013,
      1013,
      1013,
      1013,
      1013,
      1013,
      1013,
      1013,
      0,
      0,
      0,
      0,
      0,
      0,
      0,
      0,
      0,
      0,
      0,
      0,
      0,
      0,
      0,
      0,
      1008,
      1008,
      1008,
      1008,
      1008,
      1008,
      1008,
      1008,
      1011,
      1011,
      1011,
      1011,
      1018,
      1018,
      1018,
      1018,
      1018,
      1018,
      1018,
      1018,
      998,
      998,
      998,
      998,
      998,
      998,
      998,
      998,
      998,
      0,
      0,
      0,
      0,
      0,
      0,
      0,
      0,
      0,
      0,
      0,
      0,
      0,
      0,
      0,
      0,
      0,
      0,
      0,
      0,
      0,
      0,
      0,
      0,
      0,
      0,
      0,
      0,
      0,
      0,
      0,
      0,
      0,
      0,
      0,
      0,
      0,
      0,
      0,
      0,
      0,
      0,
      0,
      0,
      0,
      0,
      0,
      991,
      991,
      991,
      991,
      991,
      991,
      991,
      991,
      991,
      991,
      991,
      999,
      999,
      999,
      999,
      999,
      999,
      999,
      999,
      0,
      0,
      0,
      1020,
      1020,
      1020,
      1020,
      1020,
      1020,
      1020,
      1020,
      1020,
      1020,
      1000,
      1000,
      1000,
      1041,
      1041,
      1041,
      1041,
      1041,
      1041,
      1041,
      0,
      0,
      0,
      0,
      0,
      1001,
      1001,
      1001,
      1001,
      1001,
      1001,
      1001,
      1001,
      1001,
      1001,
      1002,
      1002,
      1002,
      1002,
      1002,
      1002,
      1003,
      1003,
      1003,
      1003,
      1003,
      1003,
      1003,
      1003,
      989,
      989,
      989,
      989,
      989,
      989,
      989,
      989,
      989,
      989
    ],
    [
      0,
      0,
      0,
      0,
      0,
      0,
      0,
      0,
      0,
      0,
      0,
      0,
      0,
      0,
      0,
      0,
      0,
      0,
      0,
      0,
      0,
      0,
      0,
      0,
      0,
      0,
      995,
      995,
      995,
      995,
      995,
      995,
      995,
      995,
      1004,
      1004,
      1004,
      1004,
      1004,
      1004,
      1004,
      1004,
      1009,
      1009,
      1009,
      1009,
      1014,
      1014,
      1014,
      1014,
      1014,
      1014,
      1014,
      1014,
      1014,
      1014,
      1014,
      1014,
      1014,
      1014,
      0,
      0,
      0,
      0,
      0,
      0,
      0,
      0,
      0,
      0,
      0,
      0,
      0,
      0,
      0,
      0,
      0,
      0,
      0,
      0,
      0,
      0,
      0,
      0,
      0,
      0,
      0,
      0,
      0,
      0,
      0,
      0,
      0,
      0,
      0,
      0,
      0,
      1028,
      1028,
      1028,
      1012,
      1012,
      1012,
      1012,
      1012,
      0,
      1005,
      1005,
      1005,
      1005,
      1005,
      1005,
      1005,
      1005,
      1005,
      1005,
      1005,
      1005,
      1005,
      1005,
      1005,
      0,
      0,
      0,
      0,
      0,
      0,
      0,
      0,
      0,
      0,
      0,
      0,
      0,
      0,
      0,
      0,
      0,
      0,
      0,
      0,
      0,
      0,
      0,
      0,
      0,
      0,
      0,
      0,
      1015,
      1015,
      1015,
      1015,
      1015,
      1015,
      1015,
      1015,
      1015,
      0,
      1033,
      1033,
      1033,
      1033,
      1033,
      0,
      994,
      994,
      994,
      994,
      994,
      994,
      994,
      0,
      0,
      0,
      0,
      0,
      0,
      0,
      0,
      0,
      0,
      0,
      0,
      0,
      977,
      977,
      951,
      951,
      1006,
      1006,
      1006,
      1006,
      1006,
      1006,
      1006,
      1016,
      1016,
      1016,
      1016,
      1016,
      1016,
      1016,
      1016,
      1016,
      1016,
      979,
      979,
      979,
      979,
      979,
      979,
      979,
      979,
      979,
      979,
      979,
      988,
      988,
      988,
      988,
      988,
      988,
      0,
      0,
      0,
      0,
      0,
      0,
      0,
      0,
      0,
      0,
      0,
      0,
      0,
      0,
      0,
      0,
      0,
      0,
      0,
      0,
      0,
      0,
      0,
      0,
      0,
      0,
      0,
      0,
      0,
      1007,
      1007,
      1007,
      1007,
      1007,
      1007,
      1007,
      1007,
      1007,
      996,
      996,
      996,
      996,
      996,
      996,
      996,
      996,
      996,
      996,
      1017,
      1017,
      1017,
      1017,
      1017,
      1017,
      1017,
      1017,
      1017,
      1017,
      1017,
      0,
      0,
      1025,
      1025,
      1025,
      1025,
      997,
      997,
      997,
      997,
      997,
      997,
      0,
      0,
      1026,
      1026,
      1026,
      1026,
      1026,
      1026,
      1026,
      1026,
      1026,
      1026,
      1026,
      1026,
      0,
      0,
      0,
      0,
      0,
      0,
      0,
      0,
      0,
      0,
      0,
      0,
      0,
      0,
      0,
      1010,
      1010,
      1010,
      1010,
      1010,
      1013,
      1013,
      1013,
      1013,
      1013,
      1013,
      1013,
      1013,
      1013,
      1013,
      1013,
      0,
      0,
      0,
      0,
      0,
      0,
      0,
      0,
      0,
      0,
      0,
      0,
      0,
      0,
      0,
      0,
      1008,
      1008,
      1008,
      1008,
      1008,
      1008,
      1008,
      1008,
      1011,
      1011,
      1011,
      1011,
      1018,
      1018,
      1018,
      1018,
      1018,
      1018,
      1018,
      1018,
      0,
      998,
      998,
      998,
      998,
      998,
      998,
      998,
      998,
      0,
      0,
      0,
      0,
      0,
      0,
      0,
      0,
      0,
      0,
      0,
      0,
      0,
      0,
      0,
      0,
      0,
      0,
      0,
      0,
      0,
      0,
      0,
      0,
      0,
      0,
      0,
      0,
      0,
      0,
      0,
      0,
      0,
      0,
      0,
      0,
      0,
      0,
      0,
      0,
      0,
      0,
      0,
      0,
      0,
      0,
      0,
      0,
      0,
      991,
      991,
      991,
      991,
      991,
      991,
      991,
      991,
      991,
      999,
      999,
      999,
      999,
      999,
      999,
      999,
      999,
      0,
      0,
      0,
      1020,
      1020,
      1020,
      1020,
      1020,
      1020,
      1020,
      1020,
      1020,
      1020,
      1000,
      1000,
      1000,
      1041,
      1041,
      1041,
      1041,
      1041,
      1041,
      1041,
      0,
      0,
      0,
      0,
      0,
      1001,
      1001,
      1001,
      1001,
      1001,
      1001,
      1001,
      1001,
      1001,
      1001,
      1002,
      1002,
      1002,
      1002,
      1002,
      1002,
      1003,
      1003,
      1003,
      1003,
      1003,
      1003,
      1003,
      1003,
      989,
      989,
      0,
      0,
      0,
      0,
      0,
      0,
      0,
      0
    ],
    [
      0,
      0,
      0,
      0,
      0,
      0,
      0,
      0,
      0,
      0,
      0,
      0,
      0,
      0,
      0,
      0,
      0,
      0,
      0,
      0,
      0,
      0,
      0,
      0,
      0,
      0,
      0,
      995,
      995,
      995,
      995,
      0,
      0,
      995,
      1004,
      1004,
      1004,
      1004,
      1004,
      1004,
      1004,
      1004,
      1009,
      1009,
      1009,
      1009,
      1014,
      1014,
      1014,
      1014,
      1014,
      1014,
      1014,
      1014,
      1014,
      1014,
      1014,
      1014,
      1014,
      0,
      0,
      0,
      0,
      0,
      0,
      0,
      0,
      0,
      0,
      0,
      0,
      0,
      0,
      0,
      0,
      0,
      1021,
      0,
      0,
      0,
      0,
      0,
      0,
      0,
      0,
      0,
      0,
      0,
      0,
      0,
      0,
      0,
      0,
      0,
      0,
      0,
      0,
      1028,
      1028,
      1028,
      1012,
      1012,
      1012,
      1012,
      1012,
      0,
      0,
      0,
      0,
      0,
      1005,
      1005,
      1005,
      1005,
      1005,
      1005,
      1005,
      1005,
      1005,
      1005,
      1005,
      0,
      0,
      0,
      0,
      0,
      0,
      0,
      0,
      0,
      0,
      0,
      0,
      0,
      0,
      0,
      0,
      0,
      0,
      0,
      0,
      0,
      0,
      0,
      0,
      0,
      0,
      0,
      0,
      1015,
      1015,
      1015,
      1015,
      1015,
      1015,
      1015,
      1015,
      1015,
      0,
      1033,
      1033,
      1033,
      1033,
      1033,
      0,
      0,
      0,
      0,
      0,
      0,
      0,
      0,
      0,
      0,
      0,
      0,
      0,
      0,
      0,
      0,
      0,
      0,
      0,
      0,
      0,
      977,
      977,
      951,
      951,
      1006,
      1006,
      1006,
      1006,
      1006,
      1006,
      1006,
      1016,
      1016,
      1016,
      1016,
      1016,
      1016,
      1016,
      1016,
      1016,
      1016,
      1019,
      1019,
      1019,
      1019,
      1019,
      979,
      979,
      979,
      979,
      979,
      979,
      979,
      988,
      988,
      988,
      988,
      988,
      0,
      0,
      0,
      0,
      0,
      0,
      0,
      0,
      0,
      0,
      0,
      0,
      0,
      0,
      0,
      0,
      0,
      0,
      0,
      0,
      0,
      0,
      0,
      0,
      0,
      0,
      0,
      0,
      0,
      0,
      1007,
      1007,
      1007,
      1007,
      1007,
      1007,
      1007,
      1007,
      1007,
      1007,
      1007,
      1007,
      996,
      996,
      996,
      996,
      996,
      996,
      1017,
      1017,
      1017,
      1017,
      1017,
      1017,
      1017,
      1017,
      1017,
      1017,
      1017,
      0,
      0,
      1025,
      1025,
      1025,
      1025,
      1025,
      1025,
      1025,
      1025,
      1025,
      1025,
      1026,
      1026,
      1026,
      1026,
      1026,
      1026,
      1026,
      1026,
      1026,
      1026,
      1026,
      1026,
      1026,
      0,
      0,
      0,
      0,
      0,
      0,
      0,
      0,
      0,
      0,
      0,
      0,
      0,
      0,
      0,
      0,
      1010,
      1010,
      1010,
      1010,
      1010,
      1013,
      1013,
      1013,
      1013,
      1013,
      1013,
      1013,
      1013,
      1013,
      1013,
      1013,
      0,
      0,
      0,
      0,
      0,
      0,
      0,
      0,
      0,
      0,
      0,
      0,
      0,
      0,
      0,
      0,
      1008,
      1008,
      1008,
      1008,
      1008,
      1008,
      1008,
      1008,
      1011,
      1011,
      1011,
      1011,
      1018,
      1018,
      1018,
      1018,
      1018,
      1018,
      1018,
      1018,
      0,
      0,
      998,
      998,
      998,
      998,
      998,
      998,
      998,
      0,
      0,
      0,
      0,
      0,
      0,
      0,
      0,
      0,
      0,
      0,
      0,
      0,
      0,
      0,
      0,
      0,
      0,
      0,
      0,
      0,
      0,
      0,
      0,
      0,
      0,
      0,
      0,
      0,
      0,
      0,
      0,
      0,
      0,
      0,
      0,
      0,
      0,
      0,
      0,
      0,
      0,
      0,
      0,
      0,
      0,
      0,
      0,
      0,
      0,
      991,
      991,
      991,
      991,
      991,
      991,
      991,
      991,
      999,
      999,
      999,
      999,
      0,
      0,
      0,
      0,
      0,
      0,
      0,
      0,
      0,
      1020,
      1020,
      1020,
      1020,
      1020,
      1020,
      1020,
      1020,
      1000,
      1000,
      1000,
      1041,
      1041,
      1041,
      1041,
      1041,
      1041,
      1041,
      1041,
      0,
      0,
      0,
      0,
      1001,
      1001,
      1001,
      1001,
      1001,
      1001,
      1001,
      1001,
      1001,
      1001,
      1001,
      1001,
      1037,
      1037,
      1037,
      1037,
      1003,
      1003,
      1003,
      1003,
      1003,
      1003,
      1003,
      1003,
      0,
      0,
      0,
      0,
      0,
      0,
      0,
      0,
      0,
      0
    ],
    [
      0,
      0,
      0,
      0,
      0,
      0,
      0,
      0,
      0,
      0,
      0,
      0,
      0,
      0,
      0,
      0,
      0,
      0,
      0,
      0,
      0,
      0,
      0,
      0,
      0,
      0,
      0,
      995,
      995,
      995,
      995,
      0,
      0,
      0,
      1004,
      1004,
      1004,
      1004,
      1004,
      1004,
      1004,
      1009,
      1009,
      1009,
      1009,
      1009,
      1014,
      1014,
      1014,
      1014,
      1014,
      1014,
      1014,
      1014,
      1014,
      1014,
      1014,
      1014,
      1014,
      0,
      0,
      0,
      0,
      0,
      0,
      0,
      0,
      0,
      0,
      0,
      0,
      0,
      0,
      0,
      0,
      1021,
      1021,
      1021,
      1021,
      1021,
      1021,
      0,
      0,
      0,
      0,
      0,
      0,
      0,
      0,
      0,
      0,
      0,
      0,
      0,
      0,
      0,
      0,
      1028,
      1028,
      1028,
      1012,
      1012,
      1012,
      1012,
      1012,
      0,
      0,
      0,
      0,
      0,
      1005,
      1005,
      1005,
      0,
      0,
      0,
      0,
      1005,
      1005,
      1005,
      1005,
      0,
      0,
      0,
      0,
      0,
      0,
      0,
      0,
      0,
      0,
      0,
      0,
      0,
      0,
      0,
      0,
      0,
      0,
      0,
      0,
      0,
      0,
      1024,
      1024,
      1024,
      1024,
      1024,
      1024,
      1015,
      1015,
      1015,
      1015,
      1015,
      1015,
      1015,
      1015,
      1015,
      0,
      1033,
      1033,
      1033,
      1033,
      1033,
      0,
      0,
      0,
      0,
      0,
      0,
      0,
      0,
      0,
      0,
      0,
      0,
      0,
      0,
      0,
      0,
      0,
      0,
      0,
      0,
      0,
      977,
      977,
      951,
      1006,
      1006,
      1006,
      1006,
      1006,
      1006,
      1006,
      1006,
      1016,
      1016,
      1016,
      1016,
      1016,
      1016,
      1016,
      1016,
      1016,
      1016,
      1019,
      1019,
      1019,
      1019,
      1019,
      979,
      979,
      979,
      979,
      979,
      979,
      979,
      979,
      988,
      988,
      988,
      988,
      0,
      0,
      0,
      0,
      0,
      0,
      0,
      0,
      0,
      0,
      0,
      0,
      0,
      0,
      0,
      0,
      0,
      0,
      0,
      0,
      0,
      0,
      0,
      0,
      0,
      0,
      0,
      0,
      1007,
      1007,
      1007,
      1007,
      1007,
      1007,
      1007,
      1007,
      1007,
      1007,
      1007,
      1007,
      1007,
      1007,
      996,
      996,
      996,
      996,
      996,
      996,
      1017,
      1017,
      1017,
      1017,
      1017,
      1017,
      1017,
      1017,
      1017,
      1017,
      1017,
      0,
      0,
      1025,
      1025,
      1025,
      1025,
      1025,
      1025,
      1025,
      1025,
      1025,
      0,
      0,
      0,
      0,
      0,
      0,
      1026,
      1026,
      1026,
      1026,
      1026,
      1026,
      1026,
      1026,
      1026,
      1026,
      1026,
      0,
      0,
      0,
      0,
      0,
      0,
      0,
      0,
      0,
      0,
      0,
      0,
      0,
      1010,
      1010,
      1010,
      1010,
      1010,
      1013,
      1013,
      1013,
      1013,
      1013,
      1013,
      1013,
      1013,
      1013,
      1013,
      1013,
      0,
      0,
      0,
      0,
      0,
      0,
      0,
      0,
      0,
      0,
      0,
      0,
      0,
      0,
      0,
      0,
      1008,
      1008,
      1008,
      1008,
      1008,
      1008,
      1008,
      1008,
      1011,
      1011,
      1011,
      1011,
      1018,
      1018,
      1018,
      1018,
      1018,
      1018,
      1018,
      1018,
      0,
      0,
      0,
      998,
      998,
      998,
      1034,
      1034,
      998,
      0,
      0,
      0,
      0,
      0,
      0,
      0,
      0,
      0,
      0,
      0,
      0,
      0,
      0,
      0,
      0,
      0,
      0,
      0,
      0,
      0,
      0,
      0,
      0,
      0,
      0,
      0,
      0,
      0,
      0,
      0,
      0,
      0,
      0,
      0,
      0,
      0,
      0,
      0,
      0,
      0,
      0,
      0,
      0,
      0,
      0,
      0,
      0,
      0,
      0,
      0,
      0,
      0,
      0,
      0,
      0,
      0,
      0,
      0,
      999,
      999,
      999,
      0,
      0,
      0,
      0,
      0,
      0,
      0,
      0,
      1020,
      1020,
      1020,
      1020,
      1020,
      1020,
      1020,
      1020,
      1020,
      1020,
      1000,
      1000,
      1041,
      1041,
      1041,
      1041,
      1041,
      1041,
      1041,
      1041,
      0,
      0,
      0,
      0,
      0,
      0,
      0,
      1001,
      1001,
      1001,
      1001,
      1001,
      1001,
      1001,
      1001,
      1037,
      1037,
      1037,
      1037,
      1037,
      1037,
      1037,
      1037,
      1037,
      1037,
      1037,
      1037,
      0,
      0,
      0,
      0,
      0,
      0,
      0,
      0,
      0,
      0,
      0
    ],
    [
      0,
      0,
      0,
      0,
      0,
      0,
      0,
      0,
      0,
      0,
      0,
      0,
      0,
      0,
      0,
      0,
      0,
      0,
      0,
      0,
      0,
      0,
      0,
      0,
      0,
      0,
      0,
      995,
      995,
      995,
      995,
      0,
      0,
      0,
      0,
      1004,
      1004,
      1004,
      1004,
      1004,
      1009,
      1009,
      1009,
      1009,
      1009,
      1009,
      1014,
      1014,
      1014,
      1014,
      1014,
      1014,
      1027,
      1027,
      1014,
      1014,
      1014,
      1014,
      1014,
      0,
      0,
      0,
      0,
      0,
      0,
      0,
      0,
      0,
      0,
      0,
      0,
      0,
      0,
      0,
      0,
      1021,
      1021,
      1021,
      1021,
      1021,
      1021,
      0,
      0,
      0,
      0,
      0,
      0,
      0,
      0,
      0,
      0,
      0,
      0,
      0,
      0,
      0,
      0,
      1028,
      1028,
      1028,
      1012,
      1012,
      1012,
      1012,
      1012,
      0,
      0,
      0,
      0,
      0,
      1005,
      1005,
      0,
      0,
      0,
      0,
      0,
      0,
      1005,
      1005,
      1005,
      0,
      0,
      0,
      0,
      0,
      0,
      0,
      0,
      0,
      0,
      0,
      0,
      0,
      0,
      0,
      0,
      0,
      0,
      0,
      0,
      0,
      1024,
      1024,
      1024,
      1024,
      1024,
      1024,
      1015,
      1015,
      1015,
      1015,
      1015,
      1015,
      1015,
      1015,
      1015,
      1015,
      1033,
      1033,
      1033,
      1033,
      1033,
      1033,
      0,
      0,
      0,
      0,
      0,
      0,
      0,
      0,
      0,
      0,
      0,
      0,
      0,
      0,
      0,
      0,
      0,
      0,
      0,
      0,
      0,
      1042,
      1042,
      1042,
      1006,
      1006,
      1006,
      1006,
      1006,
      1006,
      1006,
      1006,
      1016,
      1016,
      1016,
      1016,
      1016,
      1016,
      1016,
      1016,
      1016,
      1016,
      1019,
      1019,
      1019,
      1019,
      1019,
      979,
      979,
      979,
      1023,
      1023,
      1023,
      1023,
      1023,
      1038,
      988,
      988,
      988,
      0,
      0,
      0,
      0,
      0,
      0,
      0,
      0,
      0,
      0,
      0,
      0,
      0,
      0,
      0,
      0,
      0,
      0,
      0,
      0,
      0,
      0,
      0,
      0,
      0,
      0,
      0,
      0,
      1007,
      1007,
      1007,
      1007,
      1007,
      1007,
      1007,
      1007,
      1007,
      1007,
      1007,
      1007,
      1007,
      1007,
      996,
      996,
      996,
      996,
      996,
      996,
      1017,
      1017,
      1017,
      1017,
      1017,
      1017,
      1017,
      1017,
      1017,
      1017,
      1017,
      0,
      0,
      1025,
      1025,
      1025,
      1025,
      1025,
      1025,
      1025,
      1025,
      1025,
      0,
      0,
      0,
      0,
      0,
      0,
      1026,
      1026,
      1026,
      1026,
      1026,
      1026,
      1026,
      1026,
      1026,
      1026,
      1026,
      0,
      0,
      0,
      0,
      0,
      0,
      0,
      0,
      0,
      0,
      0,
      0,
      0,
      1010,
      1010,
      1010,
      1010,
      1013,
      1013,
      1013,
      1013,
      1013,
      1013,
      1013,
      1013,
      1013,
      1013,
      1013,
      1013,
      0,
      0,
      0,
      0,
      0,
      0,
      0,
      0,
      0,
      0,
      0,
      0,
      0,
      0,
      0,
      0,
      0,
      1008,
      1008,
      1008,
      1008,
      1008,
      1008,
      1011,
      1011,
      1011,
      1011,
      1011,
      1018,
      1018,
      1018,
      1018,
      1018,
      1018,
      1018,
      1018,
      0,
      0,
      0,
      0,
      998,
      998,
      1034,
      1034,
      1034,
      0,
      0,
      0,
      0,
      0,
      0,
      0,
      0,
      0,
      0,
      0,
      0,
      0,
      0,
      0,
      0,
      0,
      0,
      0,
      0,
      0,
      0,
      0,
      0,
      0,
      0,
      0,
      0,
      0,
      0,
      0,
      0,
      0,
      0,
      0,
      0,
      0,
      0,
      0,
      1046,
      1046,
      0,
      0,
      0,
      0,
      0,
      0,
      0,
      0,
      0,
      0,
      0,
      0,
      0,
      0,
      1031,
      1031,
      1031,
      1031,
      1031,
      999,
      999,
      0,
      0,
      0,
      0,
      0,
      0,
      0,
      0,
      1020,
      1020,
      1020,
      1020,
      1020,
      1020,
      1020,
      1020,
      1020,
      1020,
      1041,
      1041,
      1041,
      1041,
      1041,
      1041,
      1041,
      1041,
      1041,
      1041,
      0,
      0,
      0,
      0,
      0,
      0,
      0,
      0,
      0,
      0,
      0,
      0,
      1037,
      1037,
      1037,
      1037,
      1037,
      1037,
      1037,
      1037,
      1037,
      1037,
      1037,
      1037,
      1037,
      0,
      0,
      0,
      0,
      0,
      0,
      0,
      0,
      0,
      0,
      0,
      0,
      0
    ],
    [
      0,
      0,
      0,
      0,
      0,
      0,
      0,
      0,
      0,
      0,
      0,
      0,
      0,
      0,
      0,
      0,
      0,
      0,
      0,
      0,
      0,
      0,
      0,
      0,
      0,
      0,
      0,
      0,
      0,
      0,
      0,
      0,
      0,
      0,
      0,
      0,
      0,
      0,
      0,
      0,
      1068,
      1068,
      1068,
      1068,
      1009,
      1009,
      1014,
      1014,
      1014,
      1014,
      1014,
      1014,
      1027,
      1027,
      1027,
      1027,
      1014,
      1014,
      1014,
      0,
      0,
      0,
      0,
      0,
      0,
      0,
      0,
      0,
      0,
      0,
      0,
      0,
      0,
      0,
      0,
      1021,
      1021,
      1021,
      1021,
      1021,
      1021,
      0,
      0,
      0,
      0,
      0,
      0,
      0,
      0,
      0,
      0,
      0,
      0,
      0,
      0,
      0,
      0,
      1028,
      1028,
      1028,
      1028,
      1028,
      1028,
      1028,
      1028,
      0,
      0,
      0,
      0,
      0,
      0,
      0,
      0,
      0,
      0,
      0,
      0,
      0,
      0,
      0,
      0,
      0,
      0,
      0,
      0,
      0,
      0,
      0,
      0,
      0,
      0,
      0,
      0,
      0,
      0,
      0,
      0,
      0,
      0,
      0,
      0,
      1024,
      1024,
      1024,
      1024,
      1024,
      1024,
      1024,
      1022,
      1022,
      1022,
      1022,
      1015,
      1015,
      1015,
      1015,
      1015,
      1033,
      1033,
      1033,
      1033,
      1033,
      1033,
      1033,
      0,
      0,
      0,
      0,
      0,
      0,
      0,
      0,
      0,
      0,
      0,
      0,
      0,
      0,
      0,
      0,
      0,
      0,
      1042,
      1042,
      1042,
      1042,
      1042,
      1042,
      1006,
      1006,
      1006,
      1006,
      1006,
      1006,
      1006,
      1006,
      1016,
      1016,
      1016,
      1016,
      1016,
      1016,
      1016,
      1016,
      1016,
      1016,
      1019,
      1019,
      1019,
      1019,
      1019,
      979,
      979,
      979,
      1023,
      1023,
      1023,
      1023,
      1023,
      1038,
      1039,
      988,
      988,
      0,
      0,
      0,
      0,
      0,
      0,
      0,
      0,
      0,
      0,
      0,
      0,
      0,
      0,
      0,
      0,
      0,
      0,
      0,
      0,
      0,
      0,
      0,
      0,
      0,
      0,
      0,
      0,
      1007,
      1007,
      1007,
      1007,
      1007,
      1007,
      1007,
      1007,
      1007,
      1007,
      1007,
      1007,
      1007,
      1007,
      996,
      996,
      996,
      996,
      996,
      996,
      1017,
      1017,
      1017,
      1017,
      1017,
      1017,
      0,
      0,
      0,
      0,
      0,
      0,
      0,
      1025,
      1025,
      1025,
      1025,
      1025,
      1025,
      1025,
      1025,
      0,
      0,
      0,
      0,
      0,
      0,
      0,
      1026,
      1026,
      1026,
      1026,
      1026,
      1026,
      1026,
      1026,
      1026,
      1026,
      1026,
      1026,
      0,
      0,
      0,
      0,
      0,
      0,
      0,
      0,
      0,
      0,
      0,
      0,
      0,
      0,
      0,
      0,
      1013,
      1013,
      1013,
      1013,
      1013,
      1013,
      1013,
      1013,
      1013,
      1013,
      1013,
      1013,
      0,
      0,
      0,
      0,
      0,
      0,
      0,
      0,
      0,
      0,
      0,
      0,
      0,
      0,
      0,
      0,
      0,
      0,
      0,
      1030,
      1030,
      1030,
      1030,
      1030,
      1030,
      1030,
      1030,
      1011,
      1018,
      1018,
      1018,
      1018,
      1018,
      1018,
      1018,
      1018,
      0,
      0,
      0,
      0,
      1034,
      1034,
      1034,
      1034,
      1034,
      1034,
      0,
      0,
      0,
      0,
      0,
      0,
      0,
      0,
      0,
      0,
      0,
      0,
      0,
      0,
      0,
      0,
      0,
      0,
      0,
      0,
      0,
      0,
      0,
      0,
      0,
      0,
      0,
      0,
      0,
      0,
      0,
      0,
      0,
      0,
      0,
      0,
      0,
      0,
      1046,
      1046,
      0,
      0,
      0,
      0,
      0,
      0,
      0,
      0,
      0,
      0,
      0,
      0,
      0,
      1031,
      1031,
      1031,
      1031,
      1031,
      1031,
      1075,
      999,
      0,
      0,
      0,
      0,
      0,
      0,
      0,
      0,
      1020,
      1020,
      1020,
      1020,
      1020,
      1020,
      1020,
      1020,
      1020,
      1020,
      1041,
      1041,
      1041,
      1041,
      1041,
      1041,
      1041,
      1041,
      1041,
      1041,
      0,
      0,
      0,
      0,
      0,
      0,
      0,
      0,
      0,
      0,
      0,
      0,
      1037,
      1037,
      1037,
      1037,
      1037,
      1037,
      1037,
      1037,
      1037,
      1037,
      1037,
      1037,
      1037,
      0,
      0,
      0,
      0,
      0,
      0,
      0,
      0,
      0,
      0,
      0,
      0,
      0
    ],
    [
      0,
      0,
      0,
      0,
      0,
      0,
      0,
      0,
      0,
      0,
      0,
      0,
      0,
      0,
      0,
      0,
      0,
      0,
      0,
      0,
      0,
      0,
      0,
      0,
      0,
      0,
      0,
      0,
      0,
      0,
      0,
      0,
      0,
      0,
      0,
      0,
      0,
      0,
      0,
      1068,
      1068,
      1068,
      1068,
      1068,
      1068,
      1009,
      1014,
      1027,
      1027,
      1027,
      1027,
      1027,
      1027,
      1027,
      1027,
      1027,
      1027,
      1014,
      1014,
      0,
      0,
      0,
      0,
      0,
      0,
      0,
      0,
      0,
      0,
      0,
      0,
      0,
      0,
      0,
      0,
      1021,
      1021,
      1021,
      1021,
      1021,
      1021,
      0,
      0,
      0,
      1032,
      1032,
      1032,
      1032,
      1032,
      1032,
      0,
      0,
      0,
      0,
      0,
      0,
      0,
      1028,
      1028,
      1028,
      1028,
      1028,
      1028,
      1028,
      1028,
      0,
      0,
      0,
      0,
      0,
      0,
      0,
      0,
      0,
      0,
      0,
      0,
      0,
      0,
      0,
      0,
      0,
      0,
      0,
      0,
      0,
      0,
      0,
      0,
      0,
      0,
      0,
      0,
      0,
      0,
      0,
      0,
      0,
      0,
      0,
      1024,
      1024,
      1024,
      1024,
      1024,
      1024,
      1024,
      1024,
      1022,
      1022,
      1022,
      1022,
      1015,
      1015,
      1015,
      1015,
      1015,
      1033,
      1033,
      1033,
      1033,
      1033,
      1033,
      1033,
      0,
      0,
      0,
      0,
      0,
      0,
      0,
      0,
      0,
      0,
      0,
      1029,
      1029,
      1029,
      1029,
      1029,
      1029,
      0,
      1042,
      1042,
      1042,
      1042,
      1042,
      1042,
      1006,
      1006,
      1006,
      1006,
      1006,
      1006,
      1006,
      1006,
      1016,
      1016,
      1016,
      1019,
      1019,
      1019,
      1019,
      1019,
      1019,
      1019,
      1019,
      1019,
      1019,
      1019,
      1019,
      1019,
      979,
      979,
      1023,
      1023,
      1023,
      1023,
      1023,
      1038,
      1039,
      1039,
      1039,
      0,
      0,
      0,
      0,
      0,
      0,
      0,
      0,
      0,
      0,
      0,
      0,
      0,
      0,
      0,
      0,
      0,
      0,
      0,
      0,
      0,
      0,
      0,
      0,
      0,
      0,
      0,
      1007,
      1007,
      1007,
      1007,
      1007,
      1007,
      1007,
      1007,
      1007,
      1007,
      1007,
      1007,
      1007,
      1007,
      1007,
      996,
      996,
      996,
      996,
      996,
      996,
      1017,
      1017,
      1017,
      1017,
      1017,
      1017,
      0,
      0,
      0,
      0,
      0,
      0,
      0,
      1025,
      1025,
      1025,
      1025,
      1025,
      1025,
      1025,
      1025,
      0,
      0,
      0,
      0,
      0,
      0,
      0,
      1026,
      1026,
      1026,
      1026,
      1026,
      1026,
      1026,
      1026,
      1026,
      1026,
      1026,
      1026,
      0,
      0,
      0,
      0,
      0,
      0,
      0,
      0,
      0,
      0,
      0,
      0,
      0,
      0,
      0,
      0,
      1013,
      1013,
      1013,
      1013,
      1013,
      1013,
      1013,
      1013,
      1013,
      1013,
      1013,
      1013,
      0,
      0,
      0,
      0,
      0,
      0,
      0,
      0,
      0,
      0,
      0,
      0,
      0,
      0,
      0,
      0,
      1030,
      1030,
      1030,
      1030,
      1030,
      1030,
      1030,
      1030,
      1030,
      1030,
      1030,
      1030,
      1018,
      1018,
      1018,
      1018,
      1018,
      1018,
      1018,
      1018,
      0,
      0,
      0,
      0,
      1034,
      1034,
      1034,
      1034,
      1034,
      1034,
      1034,
      0,
      0,
      0,
      0,
      0,
      0,
      0,
      0,
      0,
      0,
      0,
      0,
      0,
      0,
      0,
      0,
      0,
      0,
      0,
      1054,
      0,
      0,
      0,
      0,
      0,
      0,
      0,
      0,
      0,
      0,
      0,
      0,
      0,
      0,
      0,
      0,
      1046,
      1046,
      1046,
      0,
      0,
      0,
      0,
      0,
      0,
      0,
      0,
      0,
      0,
      0,
      0,
      0,
      1031,
      1031,
      1031,
      1031,
      1031,
      1031,
      1075,
      1075,
      0,
      0,
      0,
      0,
      0,
      0,
      0,
      0,
      0,
      0,
      1020,
      1020,
      1020,
      1020,
      1020,
      1020,
      1020,
      1020,
      1041,
      1041,
      1041,
      1041,
      1041,
      1041,
      1041,
      1041,
      1041,
      1041,
      0,
      0,
      0,
      0,
      0,
      0,
      0,
      0,
      0,
      0,
      0,
      0,
      1037,
      1037,
      1037,
      1037,
      1037,
      1037,
      1037,
      1037,
      1037,
      1037,
      1037,
      1037,
      1037,
      0,
      0,
      0,
      0,
      0,
      0,
      0,
      0,
      0,
      0,
      0,
      0,
      0
    ],
    [
      0,
      0,
      0,
      0,
      0,
      0,
      0,
      0,
      0,
      0,
      0,
      0,
      0,
      0,
      0,
      0,
      0,
      0,
      0,
      0,
      0,
      0,
      0,
      0,
      0,
      0,
      0,
      0,
      0,
      0,
      0,
      0,
      0,
      0,
      0,
      0,
      0,
      0,
      0,
      1068,
      1068,
      1068,
      1068,
      1068,
      1068,
      1068,
      1068,
      1027,
      1027,
      1027,
      1027,
      1027,
      1027,
      1027,
      1027,
      1027,
      1027,
      1027,
      1014,
      0,
      0,
      0,
      0,
      0,
      0,
      0,
      0,
      0,
      0,
      0,
      0,
      0,
      0,
      0,
      0,
      1021,
      1021,
      1021,
      1021,
      1021,
      1021,
      0,
      0,
      1032,
      1032,
      1032,
      1032,
      1032,
      1032,
      1032,
      1032,
      0,
      0,
      0,
      0,
      0,
      0,
      1028,
      1028,
      1028,
      1028,
      1028,
      1028,
      1028,
      1028,
      0,
      0,
      0,
      0,
      0,
      0,
      0,
      0,
      0,
      0,
      0,
      0,
      0,
      0,
      0,
      0,
      0,
      0,
      0,
      0,
      0,
      0,
      0,
      0,
      0,
      0,
      0,
      0,
      0,
      0,
      0,
      0,
      0,
      1024,
      1024,
      1024,
      1024,
      1024,
      1024,
      1024,
      1024,
      1024,
      1024,
      1022,
      1022,
      1022,
      1022,
      1015,
      1015,
      1015,
      1015,
      1015,
      1033,
      1033,
      1033,
      1033,
      1033,
      1033,
      1033,
      0,
      0,
      0,
      0,
      0,
      0,
      0,
      0,
      0,
      0,
      0,
      1029,
      1029,
      1029,
      1029,
      1029,
      1029,
      1042,
      1042,
      1042,
      1042,
      1042,
      1042,
      1042,
      1006,
      1006,
      1006,
      1006,
      1006,
      1006,
      1006,
      1006,
      1016,
      1016,
      1019,
      1019,
      1019,
      1019,
      1019,
      1019,
      1019,
      1019,
      1019,
      1019,
      1019,
      1019,
      1019,
      1019,
      1038,
      1038,
      1023,
      1023,
      1023,
      1023,
      1023,
      1038,
      1039,
      1039,
      1039,
      0,
      0,
      0,
      0,
      0,
      0,
      0,
      0,
      0,
      0,
      0,
      0,
      0,
      0,
      0,
      0,
      0,
      0,
      0,
      0,
      0,
      0,
      0,
      0,
      0,
      1035,
      1035,
      1035,
      1035,
      1035,
      1035,
      1007,
      1007,
      1007,
      1007,
      1007,
      1007,
      1007,
      1007,
      1007,
      1007,
      1007,
      996,
      996,
      996,
      996,
      996,
      996,
      1017,
      1017,
      0,
      0,
      0,
      0,
      0,
      0,
      0,
      0,
      0,
      0,
      0,
      1025,
      1025,
      1025,
      1025,
      1025,
      1025,
      1025,
      1025,
      0,
      0,
      0,
      0,
      0,
      0,
      0,
      1026,
      1026,
      1026,
      1026,
      1026,
      1026,
      1026,
      1026,
      1026,
      1026,
      1026,
      1026,
      0,
      0,
      0,
      0,
      0,
      0,
      0,
      0,
      0,
      0,
      0,
      0,
      0,
      0,
      0,
      0,
      1013,
      1013,
      1013,
      1013,
      1013,
      1013,
      1013,
      1013,
      1013,
      1013,
      1013,
      1013,
      0,
      0,
      0,
      0,
      0,
      0,
      0,
      0,
      0,
      0,
      0,
      0,
      0,
      0,
      0,
      0,
      1030,
      1030,
      1030,
      1030,
      1030,
      1030,
      1030,
      1030,
      1030,
      1030,
      1030,
      1030,
      1030,
      1030,
      0,
      0,
      0,
      0,
      0,
      0,
      0,
      0,
      0,
      0,
      1034,
      1034,
      1034,
      1034,
      1034,
      1034,
      1034,
      0,
      0,
      0,
      0,
      0,
      0,
      0,
      0,
      0,
      0,
      0,
      0,
      0,
      0,
      0,
      0,
      0,
      0,
      0,
      1054,
      1054,
      1054,
      1054,
      1054,
      1054,
      1054,
      0,
      0,
      0,
      0,
      0,
      0,
      0,
      0,
      0,
      1046,
      1046,
      1046,
      1046,
      0,
      0,
      0,
      0,
      0,
      0,
      1036,
      1036,
      1036,
      1036,
      1036,
      1036,
      1036,
      1036,
      1031,
      1031,
      1031,
      1031,
      1031,
      1075,
      1075,
      1075,
      0,
      0,
      0,
      0,
      0,
      0,
      0,
      0,
      0,
      1020,
      1020,
      1020,
      1020,
      1020,
      1020,
      1020,
      1020,
      1041,
      1041,
      1041,
      1041,
      1041,
      1041,
      1041,
      1041,
      1041,
      1041,
      1041,
      1041,
      0,
      0,
      0,
      0,
      0,
      0,
      0,
      0,
      0,
      0,
      1037,
      1037,
      1037,
      1037,
      1037,
      1037,
      1037,
      1037,
      1037,
      1037,
      1037,
      1037,
      1037,
      0,
      0,
      0,
      0,
      0,
      0,
      0,
      0,
      0,
      0,
      0,
      0,
      0
    ],
    [
      0,
      0,
      0,
      0,
      0,
      0,
      0,
      0,
      0,
      0,
      0,
      0,
      0,
      0,
      0,
      0,
      0,
      0,
      0,
      0,
      0,
      0,
      0,
      0,
      0,
      0,
      0,
      0,
      0,
      0,
      0,
      0,
      0,
      0,
      0,
      0,
      0,
      0,
      0,
      1068,
      1068,
      1068,
      1068,
      1068,
      1068,
      1068,
      1068,
      1027,
      1027,
      1027,
      1027,
      1027,
      1027,
      1027,
      1027,
      1027,
      1027,
      1027,
      1014,
      0,
      0,
      0,
      0,
      0,
      0,
      0,
      0,
      0,
      0,
      0,
      0,
      0,
      0,
      0,
      1021,
      1021,
      1021,
      1021,
      1021,
      1021,
      1021,
      0,
      1051,
      1032,
      1032,
      1032,
      1032,
      1032,
      1032,
      1032,
      1032,
      0,
      0,
      0,
      0,
      0,
      0,
      1028,
      1028,
      1028,
      1028,
      1028,
      1028,
      1028,
      1028,
      0,
      0,
      0,
      0,
      0,
      0,
      0,
      0,
      0,
      0,
      0,
      0,
      0,
      0,
      0,
      0,
      0,
      0,
      0,
      0,
      0,
      0,
      0,
      0,
      0,
      0,
      0,
      0,
      0,
      0,
      0,
      0,
      0,
      1024,
      1024,
      1024,
      1024,
      1024,
      1024,
      1024,
      1024,
      1024,
      1057,
      1022,
      1022,
      1022,
      1022,
      1015,
      1015,
      1015,
      1015,
      1015,
      1033,
      1033,
      1033,
      1033,
      1033,
      1033,
      1033,
      0,
      0,
      0,
      0,
      0,
      0,
      0,
      0,
      0,
      0,
      0,
      1029,
      1029,
      1029,
      1029,
      1029,
      1029,
      1042,
      1042,
      1042,
      1042,
      1042,
      1042,
      1042,
      1042,
      1042,
      1042,
      1042,
      1042,
      1042,
      1042,
      1019,
      1019,
      1019,
      1019,
      1019,
      1019,
      1019,
      1019,
      1019,
      1019,
      1019,
      1019,
      1019,
      1019,
      1019,
      1019,
      1019,
      1038,
      1038,
      1038,
      1023,
      1023,
      1023,
      1023,
      1038,
      1039,
      1039,
      1039,
      0,
      0,
      0,
      0,
      0,
      0,
      0,
      0,
      0,
      0,
      0,
      0,
      0,
      0,
      0,
      0,
      0,
      0,
      0,
      0,
      0,
      0,
      0,
      0,
      0,
      1035,
      1035,
      1035,
      1035,
      1035,
      1035,
      1035,
      1007,
      1007,
      1007,
      1007,
      1007,
      1007,
      1007,
      1007,
      1007,
      1007,
      996,
      996,
      996,
      996,
      996,
      996,
      1017,
      1017,
      0,
      0,
      0,
      0,
      0,
      0,
      0,
      0,
      0,
      0,
      0,
      1025,
      1025,
      1025,
      1025,
      1025,
      1025,
      1025,
      1025,
      0,
      0,
      0,
      0,
      0,
      0,
      1026,
      1026,
      1026,
      1026,
      1026,
      1026,
      1026,
      1026,
      1026,
      1026,
      1026,
      1026,
      1026,
      1026,
      0,
      0,
      0,
      0,
      0,
      0,
      0,
      0,
      0,
      0,
      0,
      0,
      0,
      0,
      0,
      1013,
      1013,
      1013,
      1013,
      1013,
      1013,
      1013,
      1013,
      1013,
      1013,
      1013,
      1013,
      0,
      0,
      0,
      0,
      0,
      0,
      0,
      0,
      0,
      0,
      0,
      0,
      0,
      0,
      0,
      0,
      1030,
      1030,
      1030,
      1030,
      1030,
      1030,
      1030,
      1030,
      1030,
      1030,
      1030,
      1030,
      1030,
      1030,
      1030,
      0,
      0,
      0,
      0,
      0,
      0,
      0,
      0,
      0,
      1034,
      1034,
      1034,
      1034,
      1034,
      1034,
      1034,
      0,
      0,
      0,
      0,
      1040,
      1040,
      1040,
      1040,
      1040,
      1040,
      1040,
      1040,
      1040,
      0,
      0,
      0,
      0,
      0,
      0,
      1054,
      1054,
      1054,
      1054,
      1054,
      1054,
      1054,
      0,
      0,
      0,
      0,
      0,
      0,
      0,
      0,
      1046,
      1046,
      1046,
      1046,
      1046,
      0,
      0,
      0,
      0,
      0,
      0,
      1036,
      1036,
      1036,
      1036,
      1036,
      1036,
      1036,
      1036,
      1031,
      1031,
      1031,
      1031,
      1031,
      1075,
      1075,
      1075,
      1075,
      0,
      0,
      0,
      0,
      0,
      0,
      0,
      1020,
      1020,
      1020,
      1020,
      1020,
      1020,
      1020,
      1020,
      1041,
      1041,
      1041,
      1041,
      1041,
      1041,
      1041,
      1041,
      1041,
      1041,
      1041,
      1041,
      1041,
      0,
      0,
      0,
      0,
      0,
      0,
      0,
      0,
      0,
      0,
      1037,
      1037,
      1037,
      1037,
      1037,
      1037,
      1037,
      1037,
      1037,
      1037,
      1037,
      0,
      0,
      0,
      0,
      0,
      0,
      0,
      0,
      0,
      0,
      0,
      0,
      0,
      0,
      0
    ],
    [
      0,
      0,
      0,
      0,
      0,
      0,
      0,
      0,
      0,
      0,
      0,
      0,
      0,
      0,
      0,
      0,
      0,
      0,
      0,
      0,
      0,
      0,
      0,
      0,
      0,
      0,
      0,
      0,
      0,
      0,
      0,
      0,
      0,
      0,
      1068,
      1068,
      1068,
      1068,
      1068,
      1068,
      1068,
      1068,
      1068,
      1068,
      1068,
      1068,
      1068,
      1068,
      1068,
      1027,
      1027,
      1027,
      1027,
      1027,
      1027,
      1027,
      1027,
      1027,
      1014,
      0,
      0,
      0,
      0,
      0,
      0,
      0,
      0,
      0,
      0,
      0,
      0,
      0,
      0,
      0,
      1021,
      1021,
      1021,
      1021,
      1021,
      1021,
      1051,
      1051,
      1051,
      1032,
      1032,
      1032,
      1032,
      1032,
      1032,
      1032,
      1032,
      0,
      1078,
      0,
      0,
      0,
      0,
      1028,
      1028,
      1028,
      1028,
      1028,
      1028,
      1028,
      1028,
      0,
      0,
      0,
      0,
      0,
      0,
      0,
      0,
      0,
      0,
      0,
      0,
      0,
      0,
      0,
      0,
      0,
      0,
      0,
      0,
      0,
      0,
      0,
      0,
      0,
      0,
      0,
      0,
      0,
      0,
      0,
      0,
      0,
      1024,
      1024,
      1024,
      1024,
      1024,
      1024,
      1024,
      1024,
      1024,
      1057,
      1057,
      1022,
      1022,
      1022,
      1015,
      1015,
      1015,
      1033,
      1033,
      1033,
      1033,
      1033,
      1033,
      1033,
      0,
      0,
      0,
      0,
      0,
      0,
      0,
      0,
      0,
      0,
      0,
      0,
      0,
      1029,
      1029,
      1029,
      1029,
      1029,
      1029,
      1042,
      1042,
      1042,
      1042,
      1042,
      1042,
      1042,
      1042,
      1042,
      1042,
      1042,
      1042,
      1042,
      1052,
      1052,
      1052,
      1052,
      1052,
      1052,
      1052,
      1019,
      1019,
      1019,
      1019,
      1019,
      1019,
      1019,
      1019,
      1019,
      1019,
      1019,
      1038,
      1038,
      1038,
      1038,
      1038,
      1038,
      1038,
      1038,
      1039,
      1039,
      1039,
      1039,
      1039,
      1039,
      1039,
      1039,
      1039,
      0,
      0,
      0,
      0,
      0,
      0,
      0,
      0,
      0,
      0,
      0,
      0,
      0,
      0,
      0,
      0,
      0,
      0,
      1035,
      1035,
      1035,
      1035,
      1035,
      1035,
      1035,
      1035,
      1007,
      1007,
      1007,
      1007,
      1007,
      1007,
      1007,
      1007,
      1007,
      996,
      996,
      996,
      996,
      996,
      996,
      996,
      1017,
      1017,
      0,
      0,
      0,
      0,
      0,
      0,
      0,
      0,
      0,
      0,
      0,
      1025,
      1025,
      1025,
      1025,
      1025,
      1025,
      1025,
      1025,
      0,
      0,
      0,
      0,
      0,
      1026,
      1026,
      1026,
      1026,
      1026,
      1026,
      1026,
      1026,
      1026,
      1026,
      1026,
      1026,
      0,
      0,
      0,
      0,
      0,
      0,
      0,
      0,
      0,
      0,
      0,
      0,
      0,
      0,
      0,
      0,
      0,
      0,
      0,
      1013,
      1013,
      1013,
      1013,
      1044,
      1044,
      1044,
      1044,
      1044,
      1013,
      1013,
      0,
      0,
      0,
      0,
      0,
      0,
      0,
      0,
      0,
      0,
      0,
      0,
      0,
      0,
      0,
      0,
      1030,
      1030,
      1030,
      1030,
      1030,
      1030,
      1030,
      1030,
      1030,
      1030,
      1030,
      1030,
      1030,
      0,
      0,
      0,
      0,
      0,
      0,
      0,
      0,
      0,
      0,
      0,
      1034,
      1034,
      1034,
      1034,
      1034,
      1034,
      1034,
      1034,
      1034,
      1034,
      1040,
      1040,
      1040,
      1040,
      1040,
      1040,
      1040,
      1040,
      1040,
      0,
      0,
      0,
      0,
      0,
      0,
      0,
      1054,
      1054,
      1054,
      1054,
      1054,
      1054,
      1054,
      0,
      0,
      0,
      0,
      0,
      1046,
      1046,
      1046,
      1046,
      1046,
      1046,
      1046,
      1046,
      1046,
      1046,
      0,
      0,
      0,
      0,
      1036,
      1036,
      1036,
      1036,
      1036,
      1036,
      1036,
      1036,
      1036,
      1036,
      1036,
      1031,
      1031,
      1075,
      1075,
      1075,
      1075,
      1075,
      0,
      0,
      0,
      0,
      0,
      1048,
      1048,
      1048,
      1048,
      1048,
      1048,
      1020,
      1020,
      1041,
      1041,
      1041,
      1041,
      1041,
      1041,
      1041,
      1041,
      1041,
      1041,
      1041,
      1041,
      1041,
      1041,
      1041,
      0,
      0,
      0,
      0,
      0,
      0,
      0,
      0,
      0,
      1037,
      1037,
      1037,
      1037,
      1037,
      1037,
      1037,
      1037,
      1037,
      1037,
      1037,
      1037,
      0,
      0,
      0,
      0,
      0,
      0,
      0,
      0,
      0,
      0,
      0,
      0,
      0,
      0
    ],
    [
      0,
      0,
      0,
      0,
      0,
      0,
      0,
      0,
      0,
      0,
      0,
      0,
      0,
      0,
      0,
      0,
      0,
      0,
      0,
      0,
      0,
      0,
      0,
      1050,
      1050,
      1050,
      1050,
      1050,
      1050,
      0,
      0,
      0,
      1055,
      1055,
      1055,
      1055,
      1055,
      1055,
      1068,
      1068,
      1068,
      1068,
      1068,
      1068,
      1068,
      1068,
      1068,
      1068,
      1068,
      1068,
      1027,
      1027,
      1027,
      1027,
      1027,
      1027,
      1027,
      1027,
      1014,
      0,
      0,
      0,
      0,
      0,
      0,
      0,
      0,
      0,
      0,
      0,
      0,
      0,
      0,
      0,
      0,
      0,
      1021,
      1021,
      1021,
      1051,
      1051,
      1051,
      1051,
      1032,
      1032,
      1032,
      1032,
      1032,
      1032,
      1032,
      1032,
      0,
      1078,
      0,
      0,
      0,
      0,
      1028,
      1028,
      1028,
      1028,
      1028,
      1028,
      1028,
      1028,
      0,
      0,
      0,
      0,
      0,
      0,
      0,
      0,
      0,
      0,
      0,
      0,
      0,
      0,
      0,
      0,
      0,
      0,
      0,
      0,
      0,
      0,
      0,
      0,
      0,
      0,
      0,
      0,
      0,
      0,
      0,
      0,
      0,
      1024,
      1024,
      1024,
      1024,
      1024,
      1024,
      1024,
      1024,
      1024,
      1057,
      1057,
      1057,
      1057,
      1057,
      1057,
      1057,
      1057,
      1033,
      1033,
      1033,
      1033,
      1033,
      1033,
      1033,
      0,
      0,
      0,
      0,
      0,
      0,
      0,
      0,
      0,
      0,
      0,
      0,
      0,
      1029,
      1029,
      1029,
      1029,
      1029,
      1029,
      1042,
      1042,
      1042,
      1042,
      1042,
      1042,
      1042,
      1042,
      1042,
      1042,
      1042,
      1042,
      1052,
      1052,
      1052,
      1052,
      1052,
      1052,
      1052,
      1052,
      1019,
      1019,
      1019,
      1019,
      1019,
      1019,
      1019,
      1038,
      1038,
      1038,
      1038,
      1038,
      1038,
      1038,
      1038,
      1038,
      1038,
      1038,
      1039,
      1039,
      1039,
      1039,
      1039,
      1039,
      1039,
      1059,
      1059,
      1059,
      1059,
      1043,
      1043,
      1043,
      1043,
      1043,
      1043,
      1043,
      1043,
      1043,
      1043,
      0,
      0,
      0,
      0,
      0,
      0,
      0,
      1035,
      1035,
      1035,
      1035,
      1035,
      1035,
      1035,
      1035,
      1007,
      1007,
      1007,
      1007,
      1007,
      1007,
      1007,
      1007,
      1053,
      1053,
      1053,
      1053,
      1053,
      1053,
      1053,
      996,
      1017,
      1017,
      0,
      0,
      0,
      0,
      0,
      0,
      0,
      0,
      0,
      0,
      1025,
      1025,
      1025,
      1025,
      1025,
      1025,
      1025,
      1025,
      1025,
      0,
      0,
      0,
      0,
      0,
      1026,
      1026,
      1026,
      1026,
      1026,
      1026,
      1026,
      1026,
      1026,
      1026,
      1026,
      1026,
      0,
      0,
      0,
      0,
      0,
      0,
      0,
      0,
      0,
      0,
      0,
      0,
      0,
      0,
      0,
      0,
      0,
      0,
      0,
      1044,
      1044,
      1044,
      1044,
      1044,
      1044,
      1044,
      1044,
      1044,
      1045,
      1045,
      1045,
      1045,
      0,
      0,
      0,
      0,
      0,
      0,
      0,
      0,
      0,
      0,
      0,
      0,
      0,
      0,
      1030,
      1030,
      1030,
      1030,
      1030,
      1030,
      1030,
      1030,
      1030,
      1030,
      0,
      0,
      0,
      0,
      0,
      0,
      0,
      0,
      0,
      0,
      0,
      0,
      0,
      0,
      1034,
      1034,
      1034,
      1034,
      1034,
      1034,
      1034,
      1034,
      1034,
      1040,
      1040,
      1040,
      1040,
      1040,
      1040,
      1040,
      1040,
      1040,
      1040,
      1040,
      1040,
      1040,
      0,
      0,
      0,
      0,
      1054,
      1054,
      1054,
      1054,
      1054,
      1054,
      1054,
      0,
      0,
      0,
      0,
      0,
      1046,
      1046,
      1046,
      1046,
      1046,
      1046,
      1046,
      1046,
      1046,
      1046,
      0,
      0,
      0,
      0,
      1036,
      1036,
      1036,
      1036,
      1036,
      1036,
      1036,
      1036,
      1036,
      1036,
      1036,
      1036,
      1031,
      1075,
      1075,
      1075,
      1075,
      1075,
      1047,
      1047,
      1047,
      1047,
      1047,
      1048,
      1048,
      1048,
      1048,
      1048,
      1048,
      1020,
      1041,
      1041,
      1041,
      1041,
      1041,
      1041,
      1041,
      1041,
      1041,
      1041,
      1041,
      1041,
      1041,
      1041,
      1041,
      1041,
      0,
      0,
      0,
      0,
      0,
      0,
      0,
      0,
      0,
      1037,
      1037,
      1037,
      1037,
      1037,
      1037,
      1037,
      1037,
      1037,
      1037,
      1037,
      1037,
      0,
      0,
      0,
      0,
      0,
      0,
      0,
      0,
      0,
      0,
      0,
      0,
      0,
      0
    ],
    [
      0,
      0,
      0,
      0,
      0,
      0,
      0,
      0,
      0,
      0,
      0,
      0,
      0,
      0,
      1049,
      1049,
      1049,
      1049,
      0,
      0,
      0,
      0,
      1050,
      1050,
      1050,
      1050,
      1050,
      1050,
      1050,
      0,
      0,
      1093,
      1055,
      1055,
      1055,
      1055,
      1055,
      1055,
      1055,
      1068,
      1068,
      1068,
      1068,
      1068,
      1068,
      1068,
      1068,
      1068,
      1068,
      1068,
      1027,
      1027,
      1027,
      1027,
      1027,
      1027,
      1027,
      1027,
      1014,
      0,
      0,
      0,
      0,
      0,
      0,
      0,
      0,
      0,
      0,
      0,
      0,
      0,
      0,
      0,
      0,
      0,
      1051,
      1051,
      1051,
      1051,
      1051,
      1051,
      1051,
      1032,
      1032,
      1032,
      1032,
      1032,
      1032,
      1032,
      1032,
      1078,
      1078,
      0,
      0,
      0,
      0,
      1028,
      1028,
      1056,
      1056,
      1056,
      1056,
      1056,
      1056,
      0,
      0,
      0,
      0,
      0,
      0,
      0,
      0,
      0,
      0,
      0,
      0,
      0,
      0,
      0,
      0,
      0,
      0,
      0,
      0,
      0,
      0,
      0,
      0,
      0,
      0,
      0,
      0,
      0,
      1024,
      1024,
      1024,
      1024,
      1024,
      1024,
      1024,
      1024,
      1024,
      1024,
      1024,
      1024,
      1024,
      1057,
      1057,
      1057,
      1057,
      1057,
      1057,
      1057,
      1057,
      1033,
      1033,
      1033,
      1033,
      1033,
      1033,
      1033,
      1033,
      1033,
      0,
      0,
      0,
      0,
      0,
      0,
      0,
      0,
      0,
      0,
      1058,
      1058,
      1029,
      1029,
      1029,
      1029,
      1029,
      1042,
      1042,
      1042,
      1042,
      1042,
      1042,
      1042,
      1042,
      1042,
      1042,
      1042,
      1042,
      1052,
      1052,
      1052,
      1052,
      1052,
      1052,
      1052,
      1052,
      1019,
      1019,
      1019,
      1019,
      1019,
      1019,
      1019,
      1038,
      1038,
      1038,
      1038,
      1038,
      1038,
      1038,
      1038,
      1038,
      1038,
      1038,
      1039,
      1039,
      1039,
      1039,
      1039,
      1039,
      1059,
      1059,
      1059,
      1059,
      1059,
      1059,
      1059,
      1043,
      1043,
      1043,
      1043,
      1043,
      1043,
      1043,
      1043,
      0,
      0,
      0,
      0,
      0,
      0,
      0,
      1035,
      1035,
      1035,
      1035,
      1035,
      1035,
      1035,
      1035,
      1007,
      1066,
      1007,
      1007,
      1007,
      1007,
      1007,
      1053,
      1053,
      1053,
      1053,
      1053,
      1053,
      1053,
      1053,
      996,
      1017,
      1017,
      0,
      0,
      0,
      0,
      0,
      0,
      0,
      0,
      0,
      0,
      1025,
      1025,
      1025,
      1025,
      1025,
      1025,
      1025,
      1025,
      1025,
      1025,
      1025,
      1025,
      1025,
      1025,
      1026,
      1026,
      1026,
      1026,
      1026,
      1026,
      1026,
      1026,
      1026,
      1026,
      1026,
      0,
      0,
      0,
      0,
      0,
      0,
      0,
      0,
      0,
      0,
      0,
      0,
      0,
      0,
      0,
      1060,
      1060,
      1060,
      1060,
      1060,
      1044,
      1044,
      1044,
      1044,
      1044,
      1044,
      1044,
      1044,
      1044,
      1045,
      1045,
      1045,
      1045,
      1045,
      1045,
      1045,
      1045,
      0,
      0,
      0,
      0,
      0,
      0,
      0,
      0,
      0,
      0,
      1030,
      1030,
      1030,
      1030,
      1030,
      1030,
      1030,
      1030,
      1030,
      1030,
      1030,
      1030,
      0,
      0,
      0,
      0,
      0,
      0,
      0,
      0,
      0,
      0,
      0,
      0,
      1034,
      1034,
      1034,
      1034,
      1034,
      1034,
      1034,
      1034,
      1040,
      1040,
      1040,
      1040,
      1040,
      1040,
      1040,
      1040,
      1040,
      1040,
      1040,
      1040,
      1040,
      1040,
      0,
      0,
      0,
      0,
      1054,
      1054,
      1054,
      1054,
      1054,
      1054,
      1054,
      0,
      0,
      0,
      0,
      0,
      1046,
      1046,
      1046,
      1046,
      1046,
      1046,
      1046,
      1046,
      1046,
      1046,
      1046,
      1046,
      0,
      0,
      1036,
      1036,
      1036,
      1036,
      1036,
      1036,
      1036,
      1036,
      1036,
      1036,
      1036,
      1036,
      1075,
      1075,
      1075,
      1075,
      1075,
      1075,
      1047,
      1047,
      1047,
      1047,
      1047,
      1048,
      1048,
      1048,
      1048,
      1048,
      1104,
      1104,
      1041,
      1041,
      1041,
      1041,
      1041,
      1041,
      1041,
      1041,
      1041,
      1041,
      1041,
      1041,
      1041,
      1041,
      1041,
      1041,
      0,
      0,
      0,
      0,
      0,
      0,
      0,
      0,
      0,
      1037,
      1037,
      1037,
      1037,
      1037,
      1037,
      1037,
      1037,
      1063,
      1063,
      1063,
      1063,
      1063,
      0,
      0,
      0,
      0,
      0,
      0,
      0,
      0,
      0,
      0,
      0,
      0,
      0
    ],
    [
      0,
      0,
      0,
      0,
      0,
      0,
      0,
      0,
      0,
      0,
      0,
      0,
      1049,
      1049,
      1049,
      1049,
      1049,
      1049,
      1049,
      1049,
      1049,
      1050,
      1050,
      1050,
      1050,
      1050,
      1050,
      1050,
      1050,
      0,
      1093,
      1093,
      1055,
      1055,
      1055,
      1055,
      1055,
      1055,
      1055,
      1068,
      1068,
      1068,
      1068,
      1068,
      1068,
      1068,
      1068,
      1068,
      1068,
      1068,
      1027,
      1027,
      1027,
      1027,
      1027,
      1027,
      1027,
      1027,
      0,
      0,
      0,
      0,
      0,
      0,
      0,
      0,
      0,
      0,
      0,
      0,
      0,
      0,
      0,
      0,
      0,
      0,
      1051,
      1051,
      1051,
      1051,
      1051,
      1051,
      1051,
      1032,
      1032,
      1032,
      1032,
      1032,
      1032,
      1032,
      1032,
      1078,
      1078,
      0,
      0,
      0,
      0,
      1028,
      1056,
      1056,
      1056,
      1056,
      1056,
      1056,
      1056,
      1056,
      1099,
      1099,
      0,
      0,
      0,
      0,
      0,
      0,
      0,
      0,
      0,
      0,
      0,
      0,
      0,
      0,
      0,
      0,
      0,
      0,
      0,
      0,
      0,
      0,
      0,
      0,
      0,
      0,
      0,
      1024,
      1024,
      1024,
      1024,
      1024,
      1024,
      1024,
      1024,
      1024,
      1024,
      1024,
      1024,
      1057,
      1057,
      1057,
      1057,
      1057,
      1057,
      1057,
      1057,
      1033,
      1033,
      1033,
      1033,
      1033,
      1033,
      1033,
      1033,
      1033,
      0,
      0,
      0,
      0,
      0,
      0,
      0,
      0,
      0,
      0,
      1058,
      1058,
      1058,
      1058,
      1058,
      1058,
      1058,
      1042,
      1042,
      1042,
      1042,
      1042,
      1042,
      1042,
      1042,
      1042,
      1052,
      1052,
      1052,
      1052,
      1052,
      1052,
      1052,
      1052,
      1052,
      1052,
      1052,
      1019,
      1019,
      1019,
      1019,
      1019,
      1019,
      1019,
      1038,
      1038,
      1038,
      1038,
      1038,
      1038,
      1038,
      1038,
      1038,
      1039,
      1039,
      1039,
      1039,
      1039,
      1039,
      1039,
      1059,
      1059,
      1059,
      1059,
      1059,
      1059,
      1059,
      1059,
      1097,
      1043,
      1043,
      1043,
      1043,
      1043,
      1043,
      1043,
      0,
      0,
      0,
      0,
      0,
      0,
      0,
      1035,
      1035,
      1035,
      1035,
      1035,
      1035,
      1035,
      1035,
      1007,
      1066,
      1007,
      1007,
      1007,
      1007,
      1007,
      1053,
      1053,
      1053,
      1053,
      1053,
      1053,
      1053,
      1053,
      996,
      1017,
      1017,
      0,
      0,
      0,
      0,
      0,
      0,
      0,
      0,
      0,
      0,
      1025,
      1025,
      1025,
      1025,
      1025,
      1025,
      1025,
      1025,
      1025,
      1025,
      1025,
      1025,
      1025,
      1025,
      1026,
      1026,
      1026,
      1026,
      1026,
      1026,
      1026,
      1026,
      1026,
      1026,
      1026,
      0,
      0,
      0,
      0,
      0,
      0,
      0,
      0,
      0,
      0,
      0,
      0,
      0,
      0,
      1060,
      1060,
      1060,
      1060,
      1060,
      1060,
      1060,
      1044,
      1044,
      1044,
      1044,
      1044,
      1044,
      1044,
      1044,
      1045,
      1045,
      1045,
      1045,
      1045,
      1045,
      1045,
      1045,
      1045,
      1045,
      0,
      0,
      0,
      0,
      0,
      0,
      0,
      0,
      1030,
      1030,
      1030,
      1030,
      1030,
      1030,
      1030,
      1030,
      1030,
      1062,
      1062,
      1062,
      1062,
      0,
      0,
      0,
      0,
      0,
      0,
      0,
      0,
      0,
      0,
      0,
      1034,
      1034,
      1034,
      1034,
      1034,
      1034,
      1034,
      1034,
      1040,
      1040,
      1040,
      1040,
      1040,
      1040,
      1040,
      1040,
      1040,
      1040,
      1040,
      1040,
      1040,
      1040,
      0,
      0,
      0,
      0,
      0,
      1054,
      1054,
      1054,
      1054,
      1054,
      1054,
      0,
      0,
      0,
      0,
      0,
      1046,
      1046,
      1046,
      1046,
      1046,
      1046,
      1046,
      1046,
      1046,
      1046,
      1046,
      1046,
      0,
      0,
      1036,
      1036,
      1036,
      1036,
      1036,
      1036,
      1036,
      1036,
      1036,
      1036,
      1036,
      1075,
      1075,
      1075,
      1075,
      1075,
      1075,
      1075,
      1047,
      1047,
      1047,
      1047,
      1047,
      1048,
      1048,
      1048,
      1048,
      1048,
      1104,
      1104,
      1041,
      1041,
      1041,
      1041,
      1041,
      1041,
      1041,
      1041,
      1041,
      1041,
      1041,
      1041,
      1041,
      1041,
      1041,
      1041,
      0,
      0,
      0,
      0,
      0,
      0,
      0,
      0,
      0,
      1037,
      1037,
      1037,
      1037,
      1037,
      1037,
      1037,
      1037,
      1063,
      1063,
      1063,
      1063,
      1063,
      1063,
      0,
      0,
      0,
      0,
      0,
      0,
      0,
      0,
      0,
      0,
      0,
      0
    ],
    [
      0,
      0,
      0,
      0,
      0,
      0,
      0,
      0,
      0,
      0,
      0,
      1087,
      1087,
      1049,
      1049,
      1049,
      1049,
      1049,
      1049,
      1049,
      1049,
      1050,
      1050,
      1050,
      1050,
      1050,
      1050,
      1050,
      1050,
      1093,
      1093,
      1093,
      1055,
      1055,
      1055,
      1055,
      1055,
      1055,
      1055,
      1068,
      1068,
      1068,
      1068,
      1068,
      1068,
      1068,
      1068,
      1068,
      1068,
      1068,
      1068,
      1068,
      1027,
      1027,
      1027,
      1027,
      1027,
      0,
      0,
      0,
      0,
      0,
      0,
      0,
      0,
      0,
      0,
      0,
      0,
      0,
      0,
      0,
      0,
      0,
      0,
      0,
      1051,
      1051,
      1051,
      1051,
      1051,
      1051,
      1051,
      1051,
      1032,
      1032,
      1032,
      1032,
      1032,
      1032,
      1078,
      1078,
      1078,
      1078,
      0,
      0,
      0,
      1028,
      1056,
      1056,
      1056,
      1056,
      1056,
      1056,
      1056,
      1056,
      1099,
      1099,
      1065,
      0,
      0,
      0,
      0,
      0,
      0,
      0,
      0,
      0,
      0,
      0,
      0,
      0,
      0,
      0,
      0,
      0,
      0,
      0,
      0,
      0,
      0,
      0,
      0,
      0,
      0,
      1024,
      1024,
      1024,
      1024,
      1024,
      1024,
      1024,
      1024,
      1024,
      1024,
      1024,
      1024,
      1057,
      1057,
      1057,
      1057,
      1057,
      1057,
      1057,
      1057,
      1057,
      1033,
      1033,
      1033,
      1033,
      1033,
      1033,
      1033,
      1033,
      0,
      0,
      0,
      0,
      0,
      0,
      0,
      0,
      0,
      0,
      1058,
      1058,
      1058,
      1058,
      1058,
      1058,
      1042,
      1042,
      1042,
      1042,
      1042,
      1042,
      1042,
      1042,
      1042,
      1042,
      1052,
      1052,
      1052,
      1052,
      1052,
      1052,
      1052,
      1052,
      1052,
      1052,
      1052,
      1019,
      1019,
      1019,
      1019,
      1019,
      1072,
      1072,
      1072,
      1072,
      1072,
      1072,
      1038,
      1038,
      1038,
      1038,
      1038,
      1081,
      1081,
      1081,
      1039,
      1039,
      1039,
      1039,
      1059,
      1059,
      1059,
      1059,
      1059,
      1059,
      1059,
      1059,
      1097,
      1097,
      1043,
      1043,
      1043,
      1043,
      1043,
      1043,
      0,
      0,
      0,
      0,
      0,
      0,
      0,
      0,
      1035,
      1035,
      1035,
      1035,
      1035,
      1035,
      1035,
      1066,
      1066,
      1066,
      1007,
      1007,
      1007,
      1007,
      1053,
      1053,
      1053,
      1053,
      1053,
      1053,
      1053,
      1053,
      996,
      1089,
      0,
      0,
      0,
      0,
      0,
      0,
      0,
      0,
      0,
      0,
      0,
      1025,
      1025,
      1025,
      1025,
      1025,
      1025,
      1025,
      1025,
      1025,
      1025,
      1025,
      1025,
      1025,
      1026,
      1026,
      1026,
      1026,
      1026,
      1026,
      1026,
      1026,
      1026,
      1026,
      1067,
      1067,
      1067,
      1067,
      1067,
      1067,
      0,
      0,
      0,
      0,
      0,
      0,
      0,
      0,
      0,
      0,
      1060,
      1060,
      1060,
      1060,
      1060,
      1060,
      1060,
      1060,
      1044,
      1044,
      1044,
      1044,
      1044,
      1044,
      1044,
      1045,
      1045,
      1045,
      1045,
      1045,
      1045,
      1045,
      1045,
      1045,
      1045,
      0,
      0,
      0,
      0,
      0,
      0,
      0,
      0,
      1030,
      1030,
      1030,
      1030,
      1030,
      1062,
      1062,
      1062,
      1062,
      1062,
      1062,
      1062,
      1062,
      1062,
      0,
      0,
      0,
      0,
      0,
      0,
      0,
      0,
      0,
      0,
      1034,
      1034,
      1034,
      1034,
      1034,
      1034,
      1034,
      1034,
      1034,
      1034,
      1034,
      1034,
      1034,
      1040,
      1040,
      1040,
      1040,
      1040,
      1040,
      1040,
      1040,
      1040,
      0,
      0,
      0,
      0,
      0,
      0,
      1054,
      1054,
      1054,
      1054,
      1054,
      0,
      0,
      0,
      0,
      1046,
      1046,
      1046,
      1046,
      1046,
      1046,
      1046,
      1046,
      1046,
      1046,
      1046,
      1046,
      1046,
      1046,
      0,
      1036,
      1036,
      1036,
      1036,
      1036,
      1036,
      1036,
      1036,
      1036,
      1075,
      1075,
      1075,
      1075,
      1075,
      1075,
      1075,
      1075,
      1075,
      1047,
      1047,
      1047,
      1047,
      1047,
      1048,
      1048,
      1048,
      1048,
      1048,
      1104,
      1104,
      1041,
      1041,
      1041,
      1041,
      1041,
      1041,
      1041,
      1041,
      1041,
      1041,
      1041,
      1041,
      1041,
      1041,
      1041,
      0,
      0,
      0,
      0,
      0,
      0,
      0,
      0,
      0,
      0,
      1037,
      1037,
      1037,
      1037,
      1037,
      1037,
      1037,
      1037,
      1063,
      1063,
      1063,
      1063,
      1063,
      1063,
      1063,
      1064,
      1064,
      1064,
      1064,
      1064,
      0,
      0,
      0,
      0,
      0,
      0
    ],
    [
      0,
      0,
      0,
      0,
      0,
      0,
      0,
      0,
      0,
      1087,
      1087,
      1087,
      1087,
      1049,
      1049,
      1049,
      1049,
      1049,
      1049,
      1049,
      1049,
      1050,
      1050,
      1050,
      1050,
      1050,
      1050,
      1050,
      1050,
      1093,
      1093,
      1093,
      1055,
      1055,
      1055,
      1055,
      1055,
      1055,
      1055,
      1068,
      1068,
      1068,
      1068,
      1068,
      1068,
      1068,
      1068,
      1068,
      1068,
      1068,
      1068,
      1068,
      1068,
      1068,
      1068,
      0,
      0,
      0,
      0,
      0,
      0,
      0,
      0,
      0,
      0,
      0,
      0,
      0,
      0,
      0,
      0,
      0,
      0,
      0,
      0,
      0,
      1051,
      1051,
      1077,
      1077,
      1077,
      1077,
      1077,
      1077,
      1077,
      1077,
      1077,
      1077,
      1078,
      1078,
      1078,
      1078,
      1078,
      1078,
      0,
      0,
      0,
      1028,
      1056,
      1056,
      1056,
      1056,
      1056,
      1056,
      1056,
      1056,
      1099,
      1099,
      1065,
      1065,
      1065,
      1065,
      1065,
      1065,
      1065,
      1065,
      1065,
      0,
      0,
      0,
      0,
      0,
      0,
      0,
      0,
      0,
      0,
      0,
      0,
      0,
      0,
      0,
      0,
      0,
      0,
      1024,
      1024,
      1024,
      1024,
      1024,
      1024,
      1024,
      1024,
      1024,
      1024,
      0,
      1024,
      1057,
      1057,
      1057,
      1057,
      1057,
      1057,
      1057,
      1057,
      1057,
      1057,
      1057,
      1057,
      1033,
      1033,
      1033,
      1033,
      1033,
      1033,
      0,
      0,
      0,
      0,
      0,
      0,
      0,
      0,
      0,
      1058,
      1058,
      1058,
      1058,
      1058,
      1042,
      1042,
      1042,
      1042,
      1042,
      1042,
      1042,
      1042,
      1042,
      1052,
      1052,
      1052,
      1052,
      1052,
      1052,
      1052,
      1052,
      1052,
      1052,
      1052,
      1052,
      1052,
      1019,
      1019,
      1019,
      1019,
      1072,
      1072,
      1072,
      1072,
      1072,
      1072,
      1072,
      1072,
      1072,
      1038,
      1038,
      1038,
      1081,
      1081,
      1081,
      1039,
      1039,
      1039,
      1039,
      1059,
      1059,
      1059,
      1059,
      1059,
      1059,
      1059,
      1059,
      1097,
      1097,
      1043,
      1043,
      1043,
      0,
      0,
      0,
      0,
      0,
      0,
      0,
      0,
      0,
      0,
      0,
      1035,
      1035,
      1035,
      1035,
      1035,
      1035,
      1066,
      1066,
      1066,
      1066,
      1007,
      1007,
      1007,
      1007,
      1053,
      1053,
      1053,
      1053,
      1053,
      1053,
      1053,
      1053,
      996,
      1089,
      0,
      0,
      0,
      0,
      0,
      0,
      0,
      0,
      0,
      0,
      0,
      1061,
      1061,
      1061,
      1061,
      1061,
      1061,
      1061,
      1025,
      1025,
      1025,
      1025,
      1073,
      1073,
      1073,
      1073,
      1073,
      1073,
      1073,
      1026,
      1026,
      1026,
      1026,
      1067,
      1067,
      1067,
      1067,
      1067,
      1067,
      1067,
      0,
      0,
      0,
      0,
      0,
      0,
      1085,
      1085,
      1085,
      0,
      1060,
      1060,
      1060,
      1060,
      1060,
      1060,
      1060,
      1060,
      1044,
      1044,
      1044,
      1044,
      1044,
      1044,
      1045,
      1045,
      1045,
      1045,
      1045,
      1045,
      1045,
      1045,
      1045,
      1045,
      1045,
      1045,
      0,
      0,
      0,
      0,
      0,
      0,
      0,
      1074,
      1074,
      1074,
      1074,
      1074,
      1062,
      1062,
      1062,
      1062,
      1062,
      1062,
      1062,
      1062,
      1062,
      0,
      0,
      0,
      0,
      0,
      0,
      0,
      0,
      0,
      0,
      1034,
      1034,
      1034,
      1034,
      1034,
      1034,
      1034,
      1034,
      1034,
      1034,
      1034,
      1034,
      1034,
      1040,
      1040,
      1040,
      1040,
      1040,
      1040,
      1040,
      1040,
      1040,
      0,
      0,
      0,
      0,
      0,
      0,
      1054,
      1054,
      1054,
      1054,
      1054,
      0,
      0,
      0,
      0,
      0,
      0,
      0,
      0,
      1046,
      1046,
      1046,
      1046,
      1046,
      1046,
      1046,
      1046,
      1046,
      1046,
      1046,
      1046,
      1036,
      1036,
      1036,
      1036,
      1036,
      1036,
      1075,
      1075,
      1075,
      1075,
      1075,
      1075,
      1075,
      1075,
      1075,
      1075,
      1075,
      1075,
      0,
      0,
      0,
      0,
      0,
      1048,
      1048,
      1048,
      1048,
      1104,
      1104,
      1041,
      1041,
      1041,
      1041,
      1041,
      1041,
      1041,
      1041,
      1041,
      1041,
      1041,
      1041,
      1041,
      1041,
      0,
      0,
      0,
      0,
      0,
      0,
      0,
      0,
      0,
      0,
      0,
      1037,
      1037,
      1037,
      1037,
      1037,
      1037,
      1037,
      1037,
      1063,
      1063,
      1063,
      1063,
      1063,
      1063,
      1064,
      1064,
      1064,
      1064,
      1064,
      1064,
      0,
      0,
      0,
      0,
      0,
      0
    ],
    [
      0,
      0,
      0,
      0,
      0,
      0,
      0,
      0,
      1087,
      1087,
      1087,
      1087,
      1087,
      1049,
      1049,
      1049,
      1049,
      1049,
      1049,
      1049,
      1049,
      1049,
      1049,
      1049,
      1049,
      1049,
      1049,
      1050,
      1050,
      1093,
      1093,
      1093,
      1055,
      1055,
      1055,
      1055,
      1055,
      1055,
      1055,
      1068,
      1068,
      1068,
      1068,
      1068,
      1068,
      1068,
      1068,
      1068,
      1068,
      1068,
      1068,
      1068,
      1068,
      1068,
      1068,
      0,
      0,
      0,
      0,
      0,
      0,
      0,
      0,
      0,
      0,
      0,
      0,
      0,
      0,
      0,
      0,
      0,
      0,
      0,
      0,
      0,
      1077,
      1077,
      1077,
      1077,
      1077,
      1077,
      1077,
      1078,
      1078,
      1078,
      1078,
      1078,
      1078,
      1078,
      1078,
      1078,
      1078,
      1078,
      1078,
      1078,
      0,
      1028,
      1056,
      1056,
      1056,
      1056,
      1056,
      1056,
      1056,
      1056,
      1099,
      1099,
      1065,
      1065,
      1065,
      1065,
      1065,
      1065,
      1065,
      1065,
      1065,
      1065,
      1065,
      0,
      0,
      0,
      0,
      0,
      0,
      0,
      0,
      0,
      0,
      0,
      0,
      0,
      0,
      0,
      0,
      0,
      1024,
      1024,
      1024,
      1024,
      1024,
      1024,
      1024,
      1024,
      0,
      0,
      0,
      1057,
      1057,
      1057,
      1057,
      1057,
      1057,
      1057,
      1057,
      1057,
      1057,
      1057,
      1057,
      1033,
      1033,
      1033,
      1033,
      1033,
      1033,
      1033,
      0,
      0,
      0,
      0,
      0,
      0,
      0,
      0,
      1058,
      1058,
      1058,
      1058,
      1058,
      1042,
      1042,
      1042,
      1042,
      1042,
      1042,
      1042,
      1042,
      1042,
      1052,
      1052,
      1052,
      1052,
      1052,
      1052,
      1052,
      1052,
      1052,
      1052,
      1052,
      1052,
      1052,
      1019,
      1019,
      1019,
      1019,
      1072,
      1072,
      1072,
      1072,
      1072,
      1072,
      1072,
      1072,
      1072,
      1038,
      1038,
      1038,
      1081,
      1081,
      1081,
      1081,
      1039,
      1039,
      1039,
      1059,
      1059,
      1059,
      1059,
      1059,
      1059,
      1059,
      1059,
      1097,
      1097,
      1097,
      1097,
      1043,
      0,
      0,
      0,
      0,
      0,
      0,
      0,
      0,
      0,
      0,
      0,
      0,
      1066,
      1066,
      1066,
      1066,
      1066,
      1066,
      1066,
      1066,
      1066,
      1066,
      1066,
      1007,
      1007,
      1053,
      1053,
      1053,
      1053,
      1053,
      1053,
      1053,
      1053,
      996,
      1089,
      0,
      0,
      0,
      0,
      0,
      0,
      0,
      0,
      0,
      0,
      0,
      0,
      1061,
      1061,
      1061,
      1061,
      1061,
      1061,
      1061,
      1025,
      1025,
      1073,
      1073,
      1073,
      1073,
      1073,
      1073,
      1073,
      1073,
      1069,
      1069,
      1069,
      1069,
      1067,
      1067,
      1067,
      1067,
      1067,
      1067,
      1067,
      1085,
      0,
      0,
      0,
      0,
      1085,
      1085,
      1085,
      1085,
      0,
      1060,
      1060,
      1060,
      1060,
      1060,
      1060,
      1060,
      1060,
      1044,
      1044,
      1070,
      1070,
      1070,
      1070,
      1070,
      1070,
      1070,
      1070,
      1070,
      1070,
      1070,
      1070,
      1070,
      1070,
      1070,
      0,
      0,
      0,
      0,
      0,
      0,
      0,
      0,
      1074,
      1074,
      1074,
      1074,
      1074,
      1074,
      1062,
      1062,
      1062,
      1062,
      1062,
      1062,
      1062,
      1062,
      0,
      0,
      0,
      0,
      0,
      0,
      0,
      0,
      0,
      0,
      0,
      0,
      0,
      1034,
      1034,
      1034,
      1034,
      1086,
      1086,
      1086,
      1086,
      1086,
      1086,
      1086,
      1040,
      1040,
      1040,
      1040,
      1040,
      1040,
      1040,
      1040,
      0,
      0,
      0,
      0,
      0,
      0,
      1054,
      1054,
      1054,
      1054,
      1054,
      0,
      0,
      0,
      0,
      0,
      0,
      0,
      0,
      1046,
      1046,
      1046,
      1046,
      1046,
      1046,
      1046,
      1046,
      1046,
      1046,
      1046,
      1046,
      1046,
      1075,
      1075,
      1075,
      1075,
      1075,
      1075,
      1075,
      1075,
      1075,
      1075,
      1075,
      1075,
      1075,
      1075,
      1075,
      1075,
      0,
      0,
      0,
      0,
      0,
      0,
      1104,
      1104,
      1104,
      1104,
      1104,
      1104,
      1104,
      1041,
      1041,
      1041,
      1041,
      1041,
      1041,
      1076,
      1076,
      0,
      0,
      0,
      0,
      0,
      0,
      0,
      0,
      0,
      0,
      0,
      0,
      0,
      0,
      0,
      0,
      1037,
      1037,
      1037,
      1037,
      1037,
      1037,
      1037,
      1037,
      1063,
      1063,
      1063,
      1063,
      1063,
      1063,
      1064,
      1064,
      1064,
      1064,
      1064,
      1064,
      1064,
      1064,
      1064,
      1064,
      1064,
      1064
    ],
    [
      0,
      0,
      0,
      0,
      0,
      0,
      0,
      1087,
      1087,
      1087,
      1087,
      1087,
      1087,
      1049,
      1049,
      1049,
      1049,
      1049,
      1049,
      1049,
      1049,
      1049,
      1049,
      1049,
      1049,
      1049,
      1049,
      1050,
      1050,
      1093,
      1093,
      1093,
      1055,
      1055,
      1055,
      1055,
      1055,
      1055,
      1055,
      1068,
      1068,
      1068,
      1068,
      1068,
      1068,
      1068,
      1068,
      1068,
      1068,
      1068,
      1068,
      1068,
      1068,
      1068,
      1068,
      0,
      0,
      0,
      0,
      0,
      0,
      0,
      0,
      0,
      0,
      0,
      0,
      0,
      0,
      0,
      0,
      0,
      0,
      1077,
      1077,
      1077,
      1077,
      1077,
      1077,
      1077,
      1077,
      1077,
      1077,
      1078,
      1078,
      1078,
      1078,
      1078,
      1078,
      1078,
      1078,
      1078,
      1078,
      1078,
      1078,
      1078,
      1078,
      1028,
      1056,
      1056,
      1056,
      1056,
      1056,
      1056,
      1056,
      1056,
      1099,
      1099,
      1065,
      1065,
      1065,
      1065,
      1071,
      1071,
      1071,
      1071,
      1071,
      1071,
      1071,
      0,
      0,
      0,
      0,
      0,
      0,
      0,
      0,
      0,
      0,
      0,
      0,
      0,
      0,
      0,
      0,
      0,
      0,
      1024,
      1024,
      1024,
      1024,
      1024,
      1024,
      1024,
      0,
      0,
      0,
      1057,
      1057,
      1057,
      1057,
      1057,
      1057,
      1057,
      1057,
      1057,
      1057,
      1057,
      1057,
      1033,
      1033,
      1079,
      1079,
      1079,
      1079,
      1079,
      0,
      0,
      0,
      0,
      0,
      0,
      0,
      1083,
      1080,
      1080,
      1080,
      1058,
      1058,
      1042,
      1042,
      1042,
      1042,
      1042,
      1042,
      1042,
      1052,
      1052,
      1052,
      1052,
      1052,
      1052,
      1052,
      1052,
      1052,
      1052,
      1052,
      1052,
      1052,
      1052,
      1095,
      1019,
      1019,
      1019,
      1019,
      1072,
      1072,
      1072,
      1072,
      1072,
      1072,
      1072,
      1072,
      1072,
      1038,
      1038,
      1038,
      1081,
      1081,
      1081,
      1081,
      1081,
      1081,
      1039,
      1059,
      1059,
      1059,
      1059,
      1059,
      1059,
      1059,
      1059,
      1097,
      1097,
      1097,
      1097,
      0,
      0,
      0,
      0,
      0,
      0,
      0,
      0,
      0,
      0,
      0,
      0,
      0,
      0,
      0,
      0,
      0,
      0,
      1066,
      1066,
      1066,
      1066,
      1066,
      1066,
      1098,
      1098,
      1053,
      1053,
      1053,
      1053,
      1053,
      1053,
      1053,
      1053,
      1089,
      1089,
      0,
      0,
      0,
      0,
      0,
      0,
      0,
      0,
      0,
      0,
      0,
      0,
      0,
      1061,
      1061,
      1061,
      1061,
      1061,
      1061,
      1061,
      1061,
      1073,
      1073,
      1073,
      1073,
      1073,
      1073,
      1073,
      1073,
      1069,
      1069,
      1069,
      1069,
      1067,
      1067,
      1067,
      1067,
      1067,
      1067,
      1067,
      1085,
      0,
      1085,
      1085,
      1085,
      1085,
      1085,
      1085,
      1085,
      1085,
      1060,
      1060,
      1060,
      1060,
      1060,
      1060,
      1060,
      1060,
      1044,
      1044,
      1102,
      1102,
      1102,
      1070,
      1070,
      1070,
      1070,
      1070,
      1070,
      1070,
      1070,
      1070,
      1070,
      1070,
      1070,
      0,
      0,
      0,
      0,
      0,
      0,
      0,
      1103,
      1074,
      1074,
      1074,
      1074,
      1074,
      1074,
      1074,
      1062,
      1062,
      1062,
      1062,
      1062,
      1062,
      1062,
      0,
      0,
      0,
      0,
      0,
      0,
      0,
      0,
      0,
      0,
      0,
      0,
      0,
      1034,
      1034,
      1034,
      1034,
      1086,
      1086,
      1086,
      1086,
      1086,
      1086,
      1086,
      1086,
      1040,
      1040,
      1040,
      1040,
      1040,
      1040,
      1040,
      0,
      0,
      0,
      0,
      0,
      0,
      0,
      1054,
      1054,
      1054,
      1054,
      0,
      0,
      0,
      0,
      0,
      0,
      0,
      1046,
      1046,
      1046,
      1046,
      1046,
      1046,
      1046,
      1046,
      1046,
      1046,
      1046,
      1046,
      1046,
      1046,
      1046,
      1046,
      1075,
      1075,
      1075,
      1075,
      1075,
      1075,
      1075,
      1075,
      1075,
      1075,
      1075,
      1075,
      1075,
      1075,
      0,
      0,
      0,
      0,
      0,
      0,
      1104,
      1104,
      1104,
      1104,
      1104,
      1104,
      1104,
      1104,
      1076,
      1076,
      1076,
      1076,
      1076,
      1076,
      1076,
      0,
      0,
      0,
      0,
      0,
      0,
      0,
      0,
      0,
      0,
      0,
      0,
      0,
      0,
      0,
      0,
      1037,
      1037,
      1037,
      1037,
      1037,
      1037,
      1037,
      1037,
      1063,
      1063,
      1063,
      1063,
      1063,
      1063,
      1064,
      1064,
      1064,
      1064,
      1064,
      1064,
      1064,
      1064,
      1064,
      1064,
      1064,
      1064
    ],
    [
      0,
      0,
      0,
      0,
      0,
      0,
      1087,
      1087,
      1087,
      1087,
      1087,
      1087,
      1087,
      1049,
      1049,
      1049,
      1049,
      1049,
      1049,
      1049,
      1049,
      1049,
      1049,
      1049,
      1049,
      1049,
      1049,
      1093,
      1093,
      1093,
      1093,
      1093,
      1093,
      1093,
      1093,
      1093,
      1093,
      1093,
      1055,
      1068,
      1068,
      1068,
      1068,
      1068,
      1068,
      1068,
      1068,
      1068,
      1068,
      1068,
      1068,
      1068,
      1068,
      1068,
      1068,
      0,
      0,
      0,
      0,
      0,
      0,
      0,
      0,
      0,
      0,
      0,
      0,
      0,
      0,
      1077,
      1077,
      1077,
      1077,
      1077,
      1077,
      1077,
      1077,
      1077,
      1077,
      1077,
      1077,
      1078,
      1078,
      1078,
      1078,
      1078,
      1078,
      1078,
      1078,
      1078,
      1078,
      1078,
      1078,
      1078,
      1078,
      1078,
      1078,
      1078,
      1056,
      1056,
      1056,
      1056,
      1056,
      1056,
      1056,
      1056,
      1099,
      1099,
      1065,
      1065,
      1065,
      1065,
      1071,
      1071,
      1071,
      1071,
      1071,
      1071,
      1071,
      1071,
      0,
      0,
      0,
      0,
      0,
      0,
      0,
      0,
      0,
      0,
      0,
      0,
      0,
      0,
      0,
      0,
      0,
      1094,
      1094,
      1024,
      1024,
      1024,
      1024,
      1024,
      0,
      0,
      0,
      1057,
      1057,
      1057,
      1057,
      1057,
      1057,
      1057,
      0,
      1057,
      1057,
      1057,
      1057,
      1033,
      1033,
      1079,
      1079,
      1079,
      1079,
      1079,
      0,
      0,
      0,
      0,
      0,
      0,
      1083,
      1083,
      1083,
      1080,
      1080,
      1080,
      1080,
      1080,
      1080,
      1080,
      1080,
      1080,
      1084,
      1084,
      1084,
      1084,
      1084,
      1084,
      1052,
      1052,
      1052,
      1052,
      1095,
      1095,
      1095,
      1095,
      1095,
      1095,
      1095,
      1095,
      1019,
      1019,
      1019,
      1072,
      1072,
      1072,
      1072,
      1072,
      1072,
      1072,
      1072,
      1072,
      1038,
      1038,
      1081,
      1081,
      1081,
      1081,
      1081,
      1081,
      1081,
      1081,
      1059,
      1059,
      1059,
      1059,
      1059,
      1059,
      1059,
      1097,
      1097,
      1097,
      1097,
      1097,
      0,
      0,
      0,
      0,
      0,
      0,
      0,
      0,
      0,
      0,
      0,
      0,
      0,
      0,
      0,
      0,
      0,
      0,
      1066,
      1066,
      1066,
      1066,
      1066,
      1066,
      1098,
      1098,
      1053,
      1053,
      1053,
      1053,
      1053,
      1053,
      1053,
      1089,
      1089,
      1089,
      0,
      0,
      0,
      0,
      0,
      0,
      0,
      0,
      0,
      0,
      0,
      0,
      0,
      1061,
      1061,
      1061,
      1061,
      1061,
      1061,
      1061,
      1061,
      1073,
      1073,
      1073,
      1073,
      1073,
      1073,
      1073,
      1073,
      1069,
      1069,
      1069,
      1069,
      1067,
      1067,
      1067,
      1067,
      1067,
      1067,
      1067,
      1085,
      1085,
      1085,
      1085,
      1085,
      1085,
      1085,
      1085,
      1085,
      1085,
      1060,
      1060,
      1060,
      1060,
      1060,
      1060,
      1060,
      1060,
      1044,
      1102,
      1102,
      1102,
      1102,
      1070,
      1070,
      1070,
      1070,
      1070,
      1070,
      1070,
      1070,
      1070,
      1070,
      1070,
      0,
      0,
      0,
      0,
      0,
      0,
      1103,
      1103,
      1103,
      1074,
      1074,
      1074,
      1074,
      1074,
      1074,
      1074,
      1062,
      1062,
      1062,
      1062,
      1062,
      0,
      0,
      0,
      0,
      0,
      0,
      0,
      0,
      0,
      0,
      0,
      0,
      0,
      0,
      0,
      1086,
      1086,
      1086,
      1086,
      1086,
      1086,
      1086,
      1086,
      1086,
      1086,
      1086,
      1086,
      1040,
      1040,
      1040,
      1040,
      1040,
      1040,
      1040,
      0,
      0,
      0,
      0,
      0,
      0,
      0,
      0,
      0,
      0,
      1054,
      0,
      0,
      0,
      0,
      0,
      0,
      0,
      1046,
      1046,
      1046,
      1046,
      1046,
      1046,
      1046,
      1046,
      1046,
      1046,
      1046,
      1046,
      1046,
      1046,
      1046,
      1046,
      1075,
      1075,
      1075,
      1075,
      1075,
      1075,
      1075,
      1075,
      1075,
      1075,
      1075,
      1075,
      1075,
      1075,
      0,
      0,
      0,
      0,
      0,
      0,
      1104,
      1104,
      1104,
      1104,
      1104,
      1104,
      1104,
      1104,
      1104,
      1076,
      1076,
      1076,
      1076,
      1076,
      1076,
      0,
      0,
      0,
      0,
      0,
      0,
      0,
      0,
      0,
      0,
      0,
      0,
      0,
      0,
      0,
      0,
      1037,
      1037,
      1037,
      1037,
      1037,
      1037,
      1037,
      1037,
      1063,
      1063,
      1063,
      1063,
      1063,
      1064,
      1064,
      1064,
      1064,
      1064,
      1064,
      1064,
      1064,
      1064,
      1064,
      1064,
      1064,
      1064
    ],
    [
      0,
      0,
      0,
      0,
      0,
      0,
      1087,
      1087,
      1087,
      1087,
      1087,
      1087,
      1087,
      1049,
      1049,
      1049,
      1049,
      1049,
      1049,
      1049,
      1049,
      1049,
      1049,
      1049,
      1049,
      1049,
      1049,
      1093,
      1093,
      1093,
      1093,
      1093,
      1093,
      1093,
      1093,
      1093,
      1093,
      1068,
      1068,
      1068,
      1068,
      1068,
      1068,
      1068,
      1068,
      1068,
      1068,
      1068,
      0,
      0,
      0,
      0,
      0,
      0,
      0,
      0,
      0,
      0,
      0,
      0,
      0,
      0,
      0,
      0,
      0,
      0,
      0,
      0,
      0,
      1077,
      1077,
      1077,
      1077,
      1077,
      1077,
      1077,
      1077,
      1077,
      1077,
      1077,
      1077,
      1078,
      1078,
      1078,
      1078,
      1078,
      1078,
      1078,
      1078,
      1078,
      1078,
      1078,
      1078,
      1078,
      1078,
      1078,
      1078,
      1078,
      1078,
      1078,
      1099,
      1099,
      1099,
      1099,
      1099,
      1099,
      1099,
      1099,
      1099,
      1065,
      1065,
      1065,
      1071,
      1071,
      1071,
      1071,
      1071,
      1071,
      1071,
      1071,
      0,
      0,
      0,
      0,
      0,
      0,
      0,
      0,
      0,
      0,
      0,
      0,
      0,
      0,
      0,
      0,
      0,
      1094,
      1094,
      1094,
      1094,
      1024,
      1024,
      1024,
      0,
      0,
      0,
      1057,
      1057,
      1057,
      1057,
      1057,
      1057,
      0,
      0,
      0,
      0,
      1057,
      1057,
      1033,
      1033,
      1079,
      1079,
      1079,
      1079,
      1079,
      0,
      0,
      0,
      0,
      0,
      0,
      1083,
      1083,
      1083,
      1080,
      1080,
      1080,
      1080,
      1080,
      1080,
      1080,
      1080,
      1080,
      1084,
      1084,
      1084,
      1084,
      1084,
      1084,
      1084,
      1052,
      1052,
      1052,
      1095,
      1095,
      1095,
      1095,
      1095,
      1095,
      1095,
      1095,
      1019,
      1019,
      1019,
      1072,
      1072,
      1072,
      1072,
      1072,
      1072,
      1072,
      1072,
      1072,
      1038,
      1081,
      1081,
      1081,
      1081,
      1081,
      1081,
      1081,
      1081,
      1081,
      1059,
      1059,
      1059,
      1059,
      1059,
      1059,
      1097,
      1097,
      1097,
      1097,
      1097,
      1097,
      0,
      0,
      0,
      0,
      0,
      0,
      0,
      0,
      0,
      0,
      0,
      0,
      0,
      0,
      0,
      0,
      0,
      0,
      0,
      1066,
      1066,
      1066,
      1066,
      1066,
      1098,
      1098,
      1098,
      1053,
      1053,
      1053,
      1053,
      1053,
      1089,
      1089,
      1089,
      1089,
      0,
      0,
      0,
      0,
      0,
      0,
      0,
      0,
      0,
      0,
      0,
      0,
      0,
      1061,
      1061,
      1061,
      1061,
      1061,
      1061,
      1061,
      1061,
      1073,
      1073,
      1073,
      1073,
      1073,
      1073,
      1073,
      1073,
      1069,
      1069,
      1069,
      1069,
      1067,
      1067,
      1067,
      1067,
      1067,
      1067,
      1067,
      1085,
      1085,
      1085,
      1085,
      1085,
      1085,
      1085,
      1085,
      1085,
      1085,
      1085,
      1060,
      1060,
      1060,
      1060,
      1060,
      1060,
      1060,
      1102,
      1102,
      1102,
      1102,
      1102,
      1070,
      1070,
      1070,
      1070,
      1070,
      1070,
      1070,
      1070,
      1070,
      1070,
      0,
      0,
      0,
      0,
      0,
      0,
      1103,
      1103,
      1103,
      1103,
      1074,
      1074,
      1074,
      1074,
      1074,
      1074,
      1074,
      1062,
      1062,
      0,
      0,
      0,
      0,
      0,
      0,
      0,
      0,
      0,
      0,
      0,
      0,
      0,
      0,
      0,
      0,
      0,
      0,
      1086,
      1086,
      1086,
      1086,
      1086,
      1086,
      1086,
      1086,
      1086,
      1086,
      1086,
      1086,
      1040,
      1040,
      1040,
      1040,
      0,
      0,
      0,
      0,
      0,
      0,
      0,
      0,
      0,
      0,
      0,
      0,
      0,
      1054,
      0,
      0,
      0,
      0,
      0,
      0,
      1046,
      1046,
      1046,
      1046,
      1046,
      1046,
      1046,
      1046,
      1046,
      1046,
      0,
      0,
      0,
      1082,
      1082,
      1075,
      1075,
      1075,
      1075,
      1075,
      1075,
      1075,
      1075,
      1075,
      1075,
      1075,
      1075,
      1075,
      1075,
      1075,
      0,
      0,
      0,
      0,
      0,
      0,
      0,
      1104,
      1104,
      1104,
      1104,
      1104,
      1104,
      1104,
      1104,
      1104,
      1076,
      1076,
      1076,
      1076,
      1076,
      1076,
      1076,
      0,
      0,
      0,
      0,
      0,
      0,
      0,
      0,
      0,
      0,
      0,
      0,
      0,
      0,
      0,
      1037,
      1037,
      1037,
      1037,
      1037,
      1037,
      1037,
      1037,
      1063,
      1063,
      1063,
      1063,
      1063,
      1064,
      1064,
      1064,
      1064,
      1064,
      1064,
      1064,
      1064,
      1064,
      1064,
      1064,
      1064,
      1064
    ],
    [
      0,
      0,
      0,
      0,
      0,
      0,
      1087,
      1087,
      1087,
      1087,
      1087,
      1087,
      1087,
      1049,
      1049,
      1049,
      1049,
      1049,
      1049,
      1049,
      1049,
      1049,
      1049,
      1049,
      1049,
      1049,
      1049,
      1093,
      1093,
      1093,
      1093,
      1093,
      1093,
      1093,
      1093,
      1093,
      0,
      0,
      0,
      0,
      0,
      0,
      0,
      1068,
      1068,
      1068,
      1068,
      1068,
      0,
      0,
      0,
      0,
      0,
      0,
      0,
      0,
      0,
      0,
      0,
      0,
      0,
      0,
      0,
      0,
      0,
      0,
      0,
      0,
      0,
      1077,
      1077,
      1077,
      1077,
      1077,
      1077,
      1077,
      1077,
      1077,
      1088,
      1088,
      1088,
      1078,
      1078,
      1078,
      1078,
      1078,
      1078,
      1078,
      1078,
      1078,
      1078,
      1078,
      1078,
      1078,
      0,
      0,
      0,
      0,
      0,
      0,
      0,
      1099,
      1099,
      1099,
      1099,
      1099,
      1099,
      1099,
      1099,
      1065,
      1065,
      1065,
      1071,
      1071,
      1071,
      1071,
      1071,
      1071,
      1071,
      1071,
      0,
      0,
      0,
      0,
      0,
      0,
      0,
      0,
      0,
      0,
      0,
      0,
      0,
      0,
      0,
      0,
      0,
      1094,
      1094,
      1094,
      1094,
      1094,
      1024,
      1024,
      0,
      0,
      0,
      0,
      0,
      0,
      0,
      0,
      0,
      0,
      0,
      0,
      0,
      1057,
      1057,
      1033,
      1033,
      1079,
      1079,
      1079,
      1079,
      1079,
      0,
      0,
      0,
      0,
      0,
      0,
      1083,
      1083,
      1083,
      1080,
      1080,
      1080,
      1080,
      1080,
      1080,
      1084,
      1084,
      1084,
      1084,
      1084,
      1084,
      1084,
      1084,
      1084,
      1084,
      1052,
      1052,
      1052,
      1095,
      1095,
      1095,
      1095,
      1095,
      1095,
      1095,
      1095,
      1019,
      1019,
      1019,
      1072,
      1072,
      1072,
      1072,
      1072,
      1072,
      1072,
      1072,
      1072,
      1038,
      1081,
      1081,
      1081,
      1081,
      1081,
      1081,
      1081,
      1081,
      1081,
      1096,
      1096,
      1097,
      1097,
      1097,
      1097,
      1097,
      1097,
      1097,
      1097,
      1097,
      1097,
      0,
      0,
      0,
      0,
      0,
      0,
      0,
      0,
      0,
      0,
      0,
      0,
      0,
      0,
      0,
      0,
      0,
      0,
      0,
      0,
      1066,
      1066,
      1066,
      1066,
      1098,
      1098,
      1098,
      1098,
      1098,
      1089,
      1089,
      1089,
      1089,
      1089,
      1089,
      1089,
      1089,
      1089,
      1089,
      0,
      0,
      0,
      0,
      0,
      0,
      0,
      0,
      0,
      0,
      1061,
      1061,
      1061,
      1061,
      1061,
      1061,
      1061,
      1061,
      1073,
      1073,
      1073,
      1073,
      1073,
      1073,
      1073,
      1073,
      1069,
      1069,
      1069,
      1069,
      1067,
      1067,
      1067,
      1067,
      1067,
      1067,
      1067,
      1085,
      1085,
      1085,
      1085,
      1085,
      1085,
      1085,
      1085,
      1085,
      1085,
      1085,
      1085,
      1085,
      1102,
      1102,
      1102,
      1102,
      1102,
      1102,
      1102,
      1102,
      1102,
      1102,
      1070,
      1070,
      1070,
      1070,
      1070,
      1070,
      1070,
      1070,
      1070,
      1070,
      0,
      0,
      0,
      0,
      0,
      1103,
      1103,
      1103,
      1103,
      1103,
      1074,
      1074,
      1074,
      1074,
      1074,
      1074,
      1074,
      1062,
      1062,
      1112,
      0,
      0,
      0,
      0,
      0,
      0,
      0,
      0,
      0,
      0,
      0,
      0,
      0,
      0,
      0,
      0,
      0,
      1086,
      1086,
      1086,
      1086,
      1086,
      1086,
      1086,
      1086,
      1086,
      1086,
      1086,
      1086,
      1040,
      1040,
      1040,
      1040,
      0,
      0,
      0,
      0,
      0,
      0,
      0,
      0,
      0,
      0,
      0,
      0,
      0,
      1054,
      0,
      0,
      0,
      0,
      1091,
      1091,
      1091,
      1091,
      1091,
      1091,
      1091,
      1046,
      1046,
      1046,
      1046,
      1046,
      0,
      0,
      0,
      1082,
      1082,
      1082,
      1082,
      1082,
      1075,
      1075,
      1075,
      1075,
      1075,
      1075,
      1075,
      1075,
      1075,
      1075,
      1075,
      1075,
      0,
      0,
      0,
      0,
      0,
      0,
      0,
      1104,
      1104,
      1104,
      1104,
      1104,
      1104,
      1104,
      1104,
      1104,
      1076,
      1076,
      1076,
      1076,
      1076,
      1076,
      1076,
      1076,
      0,
      0,
      0,
      0,
      0,
      0,
      0,
      0,
      0,
      0,
      0,
      0,
      0,
      0,
      0,
      1037,
      1037,
      1037,
      1037,
      1037,
      1037,
      1037,
      1063,
      1063,
      1063,
      1063,
      1063,
      1064,
      1064,
      1064,
      1064,
      1064,
      1064,
      1064,
      1064,
      1064,
      1064,
      1064,
      1064,
      1064
    ],
    [
      1087,
      1087,
      1087,
      1087,
      1087,
      1087,
      1087,
      1087,
      1087,
      1087,
      1087,
      1087,
      1087,
      1049,
      1049,
      1049,
      1049,
      1049,
      1093,
      1093,
      1093,
      1093,
      1093,
      1093,
      1093,
      1093,
      1093,
      1093,
      1093,
      1093,
      1093,
      1093,
      1093,
      1093,
      1093,
      0,
      0,
      0,
      0,
      0,
      0,
      0,
      0,
      1068,
      1068,
      1068,
      1068,
      0,
      0,
      0,
      0,
      0,
      0,
      0,
      0,
      0,
      0,
      0,
      0,
      0,
      0,
      0,
      0,
      0,
      0,
      0,
      0,
      0,
      0,
      1077,
      1077,
      1077,
      1077,
      1077,
      1077,
      1077,
      1077,
      1077,
      1088,
      1088,
      1088,
      1088,
      1088,
      1088,
      1078,
      1078,
      1078,
      1078,
      1078,
      1078,
      1078,
      1078,
      0,
      0,
      0,
      0,
      0,
      0,
      0,
      0,
      0,
      0,
      1099,
      1099,
      1099,
      1099,
      1099,
      1099,
      1099,
      1099,
      1065,
      1065,
      1071,
      1071,
      1071,
      1071,
      1071,
      1071,
      1071,
      1071,
      0,
      0,
      0,
      0,
      0,
      0,
      0,
      0,
      0,
      0,
      0,
      0,
      0,
      0,
      0,
      0,
      0,
      1094,
      1094,
      1094,
      1094,
      1094,
      1094,
      1024,
      0,
      0,
      0,
      0,
      0,
      0,
      0,
      0,
      0,
      0,
      0,
      0,
      0,
      0,
      0,
      1033,
      1033,
      1079,
      1079,
      1079,
      1079,
      1079,
      0,
      0,
      0,
      0,
      0,
      0,
      1083,
      1083,
      1083,
      1080,
      1080,
      1080,
      1080,
      1080,
      1080,
      1084,
      1084,
      1084,
      1084,
      1084,
      1084,
      1084,
      1084,
      1084,
      1084,
      1118,
      1118,
      1118,
      1095,
      1095,
      1095,
      1095,
      1095,
      1095,
      1095,
      1095,
      1019,
      1019,
      1019,
      1072,
      1072,
      1072,
      1072,
      1072,
      1072,
      1072,
      1072,
      1072,
      1038,
      1081,
      1081,
      1081,
      1081,
      1081,
      1081,
      1081,
      1081,
      1081,
      1096,
      1096,
      1096,
      1096,
      1096,
      1097,
      1097,
      1097,
      1097,
      1097,
      1097,
      1097,
      0,
      0,
      0,
      0,
      0,
      0,
      0,
      0,
      0,
      0,
      0,
      0,
      0,
      0,
      0,
      1100,
      1100,
      1100,
      1100,
      1100,
      1100,
      1066,
      1066,
      1066,
      1098,
      1098,
      1098,
      1098,
      1098,
      1098,
      1098,
      1089,
      1089,
      1089,
      1089,
      1089,
      1089,
      1090,
      1090,
      1090,
      1090,
      1090,
      1090,
      1090,
      1090,
      1090,
      1090,
      1090,
      1090,
      1061,
      1061,
      1061,
      1061,
      1061,
      1061,
      1061,
      1061,
      1073,
      1073,
      1073,
      1073,
      1073,
      1073,
      1073,
      1073,
      1069,
      1069,
      1069,
      1069,
      1069,
      1069,
      1069,
      1069,
      1069,
      1069,
      1085,
      1085,
      1085,
      1085,
      1085,
      1085,
      1085,
      1085,
      1085,
      1085,
      1085,
      1085,
      1085,
      1085,
      1085,
      1102,
      1102,
      1102,
      1102,
      1102,
      1102,
      1102,
      1102,
      1102,
      1070,
      1070,
      1070,
      1070,
      1070,
      1070,
      1070,
      1070,
      1070,
      1070,
      0,
      0,
      0,
      0,
      1103,
      1103,
      1103,
      1103,
      1103,
      1103,
      1074,
      1074,
      1074,
      1074,
      1074,
      1074,
      1074,
      1062,
      1112,
      1112,
      1112,
      1112,
      1112,
      1112,
      0,
      0,
      0,
      0,
      0,
      0,
      0,
      0,
      0,
      0,
      0,
      0,
      0,
      1086,
      1086,
      1086,
      1086,
      1086,
      1086,
      1086,
      1086,
      1086,
      1086,
      1086,
      1086,
      1086,
      1040,
      0,
      0,
      0,
      0,
      0,
      0,
      0,
      0,
      0,
      0,
      0,
      0,
      0,
      0,
      0,
      1054,
      0,
      0,
      0,
      1091,
      1091,
      1091,
      1091,
      1091,
      1091,
      1091,
      1091,
      1046,
      1046,
      1046,
      1046,
      1046,
      0,
      0,
      0,
      1082,
      1082,
      1082,
      1082,
      1082,
      1075,
      1075,
      1075,
      1075,
      1075,
      1075,
      1075,
      1075,
      0,
      0,
      0,
      0,
      0,
      0,
      0,
      0,
      0,
      0,
      0,
      1104,
      1104,
      1104,
      1104,
      1104,
      1104,
      1104,
      1104,
      1104,
      1076,
      1076,
      1092,
      1092,
      1092,
      1092,
      1092,
      1092,
      1092,
      0,
      0,
      0,
      0,
      0,
      0,
      0,
      0,
      0,
      0,
      0,
      0,
      0,
      0,
      0,
      1063,
      1063,
      1063,
      1063,
      1063,
      1063,
      1063,
      1063,
      1063,
      1063,
      1063,
      1064,
      1064,
      1064,
      1064,
      1064,
      1064,
      1064,
      1064,
      1064,
      1064,
      1064,
      1064,
      1064
    ],
    [
      1087,
      1087,
      1087,
      1087,
      1087,
      1087,
      1087,
      1087,
      1087,
      1087,
      1087,
      1087,
      1087,
      1049,
      1049,
      1049,
      1049,
      1124,
      1093,
      1093,
      1093,
      1093,
      1093,
      1093,
      1093,
      1093,
      1093,
      1093,
      1093,
      1093,
      1093,
      1093,
      1093,
      1093,
      0,
      0,
      0,
      0,
      0,
      0,
      0,
      0,
      0,
      0,
      0,
      0,
      0,
      0,
      0,
      0,
      0,
      0,
      0,
      0,
      0,
      0,
      0,
      0,
      0,
      0,
      0,
      0,
      0,
      0,
      0,
      0,
      0,
      0,
      0,
      1077,
      1077,
      1077,
      1077,
      1077,
      1077,
      1077,
      1077,
      1077,
      1088,
      1088,
      1088,
      1088,
      1088,
      1088,
      1078,
      1078,
      1078,
      1078,
      1078,
      1078,
      1078,
      1078,
      0,
      0,
      0,
      0,
      0,
      0,
      0,
      0,
      0,
      0,
      1099,
      1099,
      1099,
      1099,
      1099,
      1099,
      1099,
      1099,
      1099,
      1065,
      1071,
      1071,
      1071,
      1071,
      1071,
      1071,
      1071,
      1071,
      0,
      0,
      0,
      0,
      0,
      0,
      0,
      0,
      0,
      0,
      0,
      0,
      1094,
      1094,
      1094,
      1094,
      1094,
      1094,
      1094,
      1094,
      1094,
      1094,
      1094,
      1024,
      0,
      0,
      0,
      0,
      0,
      0,
      0,
      0,
      0,
      0,
      0,
      0,
      0,
      0,
      0,
      0,
      0,
      1079,
      1079,
      1079,
      1079,
      1079,
      0,
      0,
      0,
      0,
      0,
      0,
      1083,
      1083,
      1083,
      1083,
      1083,
      1083,
      1083,
      1083,
      1080,
      1084,
      1084,
      1084,
      1084,
      1084,
      1084,
      1084,
      1084,
      1084,
      1084,
      1118,
      1118,
      1118,
      1095,
      1095,
      1095,
      1095,
      1095,
      1095,
      1095,
      1095,
      1095,
      1019,
      1019,
      1072,
      1072,
      1072,
      1072,
      1072,
      1072,
      1072,
      1072,
      1072,
      1081,
      1081,
      1081,
      1081,
      1081,
      1081,
      1081,
      1081,
      1081,
      1081,
      1096,
      1096,
      1096,
      1096,
      1096,
      1110,
      1097,
      1097,
      1097,
      1097,
      1097,
      1097,
      1097,
      1097,
      1097,
      1097,
      1097,
      0,
      0,
      0,
      0,
      0,
      0,
      0,
      0,
      0,
      1100,
      1100,
      1100,
      1100,
      1100,
      1100,
      1100,
      1100,
      1066,
      1066,
      1098,
      1098,
      1098,
      1098,
      1098,
      1098,
      1098,
      1089,
      1089,
      1089,
      1089,
      1089,
      1089,
      1090,
      1090,
      1090,
      1090,
      1090,
      1090,
      1090,
      1090,
      1090,
      1090,
      1090,
      1061,
      1061,
      1061,
      1061,
      1061,
      1061,
      1061,
      1061,
      1061,
      1061,
      1061,
      1073,
      1073,
      1073,
      1073,
      1119,
      1119,
      1119,
      1119,
      1119,
      1119,
      1119,
      1119,
      1119,
      1119,
      1085,
      1085,
      1085,
      1085,
      1085,
      1085,
      1085,
      1085,
      1085,
      1085,
      1085,
      1085,
      1085,
      1085,
      1085,
      1102,
      1102,
      1102,
      1102,
      1102,
      1102,
      1102,
      1102,
      1102,
      1102,
      1102,
      1102,
      1070,
      1070,
      1070,
      1070,
      1070,
      1070,
      1070,
      1070,
      1070,
      0,
      0,
      0,
      1103,
      1103,
      1103,
      1103,
      1103,
      1103,
      1103,
      1074,
      1074,
      1074,
      1074,
      1074,
      1074,
      1074,
      1112,
      1112,
      1112,
      1112,
      1112,
      1112,
      1112,
      1112,
      1112,
      1112,
      1112,
      0,
      0,
      0,
      0,
      0,
      0,
      0,
      0,
      0,
      1086,
      1086,
      1086,
      1086,
      1086,
      1086,
      1086,
      1086,
      1086,
      1086,
      1086,
      1086,
      1086,
      0,
      0,
      0,
      0,
      0,
      0,
      0,
      0,
      0,
      0,
      0,
      0,
      0,
      0,
      0,
      0,
      1054,
      0,
      0,
      1054,
      1091,
      1091,
      1091,
      1091,
      1091,
      1091,
      1091,
      1091,
      1091,
      1046,
      1046,
      1046,
      1046,
      0,
      0,
      0,
      1082,
      1082,
      1082,
      1082,
      1082,
      1075,
      1075,
      0,
      0,
      0,
      0,
      0,
      0,
      0,
      0,
      0,
      0,
      0,
      0,
      0,
      0,
      0,
      0,
      0,
      1104,
      1104,
      1104,
      1104,
      1104,
      1104,
      1104,
      1104,
      1104,
      1076,
      1076,
      1092,
      1092,
      1092,
      1092,
      1092,
      1092,
      1092,
      1131,
      1131,
      0,
      0,
      0,
      0,
      0,
      0,
      1101,
      1101,
      1101,
      1101,
      1101,
      1101,
      1101,
      1063,
      1063,
      1063,
      1063,
      1063,
      1063,
      1063,
      1063,
      1063,
      1063,
      1063,
      1064,
      1064,
      1064,
      1064,
      1064,
      0,
      1064,
      1064,
      1064,
      1064,
      1064,
      1064,
      1064
    ],
    [
      1087,
      1087,
      1087,
      1087,
      1087,
      1087,
      1087,
      1087,
      1087,
      1087,
      1087,
      1087,
      1087,
      1049,
      1049,
      1049,
      1124,
      1124,
      1093,
      1093,
      1093,
      1093,
      1093,
      1093,
      1093,
      1093,
      1093,
      1093,
      1093,
      1093,
      1093,
      1093,
      1093,
      1093,
      0,
      0,
      0,
      0,
      0,
      0,
      0,
      0,
      0,
      0,
      0,
      0,
      0,
      0,
      0,
      0,
      0,
      0,
      0,
      0,
      0,
      0,
      0,
      0,
      0,
      0,
      0,
      0,
      0,
      0,
      0,
      0,
      0,
      0,
      0,
      1077,
      1077,
      1077,
      1077,
      1088,
      1088,
      1088,
      1088,
      1088,
      1088,
      1088,
      1088,
      1088,
      1088,
      1088,
      1078,
      1078,
      1078,
      0,
      0,
      0,
      0,
      0,
      0,
      0,
      0,
      0,
      0,
      0,
      0,
      0,
      0,
      0,
      1099,
      1099,
      1099,
      1099,
      1099,
      1099,
      1099,
      1099,
      1099,
      1099,
      1099,
      1071,
      1071,
      1071,
      1071,
      1071,
      0,
      0,
      0,
      0,
      0,
      0,
      0,
      0,
      0,
      0,
      0,
      0,
      0,
      0,
      0,
      1094,
      1094,
      1094,
      1094,
      1094,
      1094,
      1094,
      1094,
      1094,
      1094,
      1094,
      0,
      0,
      0,
      0,
      0,
      0,
      0,
      0,
      0,
      0,
      0,
      0,
      0,
      0,
      0,
      0,
      0,
      0,
      0,
      0,
      0,
      0,
      0,
      0,
      0,
      0,
      0,
      0,
      1083,
      1083,
      1083,
      1083,
      1083,
      1083,
      1083,
      1083,
      1080,
      1084,
      1084,
      1084,
      1084,
      1084,
      1084,
      1084,
      1084,
      1084,
      1084,
      1118,
      1118,
      1118,
      1095,
      1095,
      1095,
      1095,
      1095,
      1095,
      1095,
      1095,
      1095,
      1095,
      1106,
      1072,
      1072,
      1072,
      1072,
      1072,
      1072,
      1072,
      1072,
      1072,
      1081,
      1081,
      1081,
      1081,
      1081,
      1081,
      1081,
      1081,
      1081,
      1081,
      1096,
      1096,
      1096,
      1096,
      1096,
      1110,
      1110,
      1097,
      1097,
      1097,
      1097,
      1097,
      1097,
      1097,
      1097,
      1097,
      1097,
      0,
      0,
      0,
      0,
      0,
      0,
      0,
      0,
      0,
      1100,
      1100,
      1100,
      1100,
      1100,
      1100,
      1100,
      1100,
      0,
      1066,
      1098,
      1098,
      1098,
      1098,
      1098,
      1098,
      1098,
      1089,
      1089,
      1089,
      1089,
      1089,
      1089,
      1090,
      1090,
      1090,
      1090,
      1090,
      1090,
      1090,
      1090,
      1090,
      1090,
      1090,
      1090,
      1090,
      1061,
      1061,
      1061,
      1061,
      1061,
      1061,
      1061,
      1061,
      1061,
      1061,
      1119,
      1119,
      1119,
      1119,
      1119,
      1119,
      1119,
      1119,
      1119,
      1119,
      1119,
      1119,
      1119,
      1085,
      1085,
      1085,
      1085,
      1085,
      1085,
      1085,
      1085,
      1085,
      1085,
      1085,
      1085,
      1085,
      1085,
      1085,
      1102,
      1102,
      1102,
      1102,
      1102,
      1102,
      1102,
      1102,
      1102,
      1102,
      1102,
      1102,
      1102,
      1070,
      1070,
      1070,
      1070,
      1070,
      1070,
      1070,
      1070,
      0,
      0,
      0,
      1103,
      1103,
      1103,
      1103,
      1103,
      1103,
      1103,
      1103,
      1074,
      1074,
      1074,
      1074,
      1074,
      1112,
      1112,
      1112,
      1112,
      1112,
      1112,
      1112,
      1112,
      1112,
      1112,
      1112,
      1112,
      0,
      0,
      0,
      0,
      0,
      0,
      0,
      0,
      0,
      1086,
      1086,
      1086,
      1086,
      1086,
      1086,
      1086,
      1086,
      1086,
      1086,
      1086,
      1086,
      1086,
      0,
      0,
      0,
      0,
      0,
      0,
      0,
      0,
      0,
      0,
      0,
      0,
      0,
      0,
      0,
      0,
      1054,
      1054,
      1054,
      1054,
      1091,
      1091,
      1091,
      1091,
      1091,
      1091,
      1091,
      1091,
      1091,
      1046,
      1046,
      1046,
      1046,
      0,
      0,
      0,
      1082,
      1082,
      1082,
      1082,
      1082,
      1075,
      0,
      0,
      0,
      0,
      0,
      0,
      0,
      0,
      0,
      0,
      0,
      0,
      0,
      0,
      0,
      0,
      0,
      0,
      1104,
      1104,
      1104,
      1104,
      1104,
      1104,
      1104,
      1104,
      1104,
      1076,
      1076,
      1092,
      1092,
      1092,
      1092,
      1092,
      1092,
      1092,
      1131,
      1131,
      0,
      0,
      0,
      0,
      0,
      0,
      1101,
      1101,
      1101,
      1101,
      1101,
      1101,
      1101,
      1108,
      1063,
      1063,
      1063,
      1063,
      1063,
      1063,
      1063,
      1063,
      1063,
      1063,
      1064,
      1064,
      1064,
      1064,
      1064,
      0,
      0,
      0,
      1064,
      1064,
      1064,
      1064,
      1064
    ],
    [
      1109,
      1109,
      1109,
      1109,
      1109,
      1109,
      1087,
      1087,
      1087,
      1087,
      1087,
      1087,
      1123,
      1123,
      1123,
      1123,
      1124,
      1124,
      1093,
      1093,
      1093,
      1093,
      1093,
      1093,
      1093,
      1093,
      1093,
      1093,
      1093,
      1093,
      1093,
      1093,
      0,
      0,
      0,
      0,
      0,
      0,
      0,
      0,
      0,
      0,
      0,
      0,
      0,
      0,
      0,
      0,
      0,
      0,
      0,
      0,
      0,
      0,
      0,
      0,
      0,
      0,
      0,
      0,
      0,
      0,
      0,
      0,
      0,
      0,
      0,
      0,
      0,
      0,
      0,
      0,
      0,
      1088,
      1088,
      1088,
      1088,
      1088,
      1088,
      1088,
      1088,
      1088,
      1088,
      1088,
      0,
      0,
      0,
      0,
      0,
      0,
      0,
      0,
      0,
      0,
      0,
      0,
      0,
      0,
      0,
      0,
      0,
      0,
      0,
      0,
      0,
      1099,
      1099,
      1099,
      1099,
      1099,
      1099,
      1099,
      1099,
      1099,
      1099,
      1099,
      1099,
      0,
      0,
      0,
      0,
      0,
      0,
      0,
      0,
      0,
      0,
      0,
      0,
      0,
      0,
      0,
      0,
      1094,
      1094,
      1094,
      1094,
      1094,
      1094,
      1094,
      1094,
      1094,
      1094,
      1094,
      1094,
      1094,
      0,
      0,
      0,
      0,
      0,
      0,
      0,
      0,
      0,
      0,
      0,
      0,
      0,
      0,
      0,
      0,
      0,
      0,
      0,
      0,
      0,
      0,
      0,
      0,
      1083,
      1083,
      1083,
      1083,
      1083,
      1083,
      1083,
      1083,
      1083,
      1083,
      1105,
      1084,
      1084,
      1084,
      1084,
      1084,
      1084,
      1084,
      1084,
      1084,
      1118,
      1118,
      1118,
      1118,
      1095,
      1095,
      1095,
      1095,
      1095,
      1095,
      1095,
      1095,
      1095,
      1095,
      1106,
      1106,
      1072,
      1072,
      1072,
      1072,
      1072,
      1072,
      1072,
      1115,
      1081,
      1081,
      1081,
      1081,
      1081,
      1081,
      1081,
      1081,
      1081,
      1096,
      1096,
      1096,
      1096,
      1096,
      1096,
      1110,
      1110,
      1097,
      1097,
      1097,
      1097,
      1097,
      1097,
      1097,
      1097,
      1097,
      1097,
      0,
      0,
      0,
      0,
      0,
      0,
      0,
      0,
      0,
      1100,
      1100,
      1100,
      1100,
      1100,
      1100,
      1100,
      1100,
      0,
      0,
      0,
      1098,
      1098,
      1098,
      1098,
      1098,
      1098,
      1089,
      1089,
      1089,
      1089,
      1089,
      1089,
      1090,
      1090,
      1090,
      1090,
      1090,
      1090,
      1090,
      1090,
      1090,
      1090,
      1090,
      1090,
      1090,
      1061,
      1061,
      1061,
      1061,
      1061,
      1061,
      1061,
      1061,
      1061,
      1061,
      1119,
      1119,
      1119,
      1119,
      1119,
      1119,
      1119,
      1119,
      1119,
      1119,
      1119,
      1119,
      1085,
      1085,
      1085,
      1085,
      1085,
      1085,
      1085,
      1085,
      1085,
      1085,
      1085,
      1085,
      1085,
      1085,
      1085,
      1085,
      1102,
      1102,
      1102,
      1102,
      1102,
      1102,
      1102,
      1102,
      1102,
      1102,
      1102,
      1102,
      1102,
      1102,
      1102,
      1107,
      1107,
      1107,
      1107,
      1107,
      1107,
      1103,
      1103,
      1103,
      1103,
      1103,
      1103,
      1103,
      1103,
      1103,
      1103,
      1103,
      1103,
      1103,
      1103,
      1112,
      1112,
      1112,
      1112,
      1112,
      1112,
      1112,
      1112,
      1112,
      1112,
      1112,
      1112,
      1112,
      1112,
      0,
      0,
      0,
      0,
      0,
      0,
      0,
      0,
      0,
      1086,
      1086,
      1086,
      1086,
      1086,
      1086,
      1086,
      1086,
      1086,
      1086,
      1086,
      1086,
      0,
      0,
      0,
      0,
      0,
      0,
      0,
      0,
      0,
      0,
      0,
      0,
      0,
      0,
      0,
      0,
      0,
      1054,
      1054,
      1054,
      1054,
      1091,
      1091,
      1091,
      1091,
      1091,
      1091,
      1091,
      1091,
      1091,
      1121,
      1121,
      1121,
      1046,
      0,
      1121,
      1121,
      1121,
      1121,
      1121,
      1121,
      1082,
      0,
      0,
      0,
      0,
      0,
      0,
      0,
      0,
      0,
      0,
      0,
      0,
      0,
      0,
      0,
      0,
      0,
      0,
      0,
      1104,
      1104,
      1104,
      1104,
      1104,
      1104,
      1104,
      1104,
      1104,
      1076,
      1076,
      1092,
      1092,
      1092,
      1092,
      1092,
      1092,
      1092,
      1131,
      1131,
      0,
      0,
      0,
      0,
      0,
      0,
      1101,
      1101,
      1101,
      1101,
      1101,
      1101,
      1101,
      1108,
      1108,
      1108,
      1108,
      1108,
      1108,
      1108,
      1108,
      1108,
      1108,
      1063,
      1064,
      1064,
      1064,
      0,
      0,
      0,
      0,
      0,
      0,
      0,
      0,
      0,
      0
    ],
    [
      1109,
      1109,
      1109,
      1109,
      1109,
      1109,
      1123,
      1087,
      1087,
      1087,
      1087,
      1123,
      1123,
      1123,
      1123,
      1123,
      1124,
      1124,
      1093,
      1093,
      1093,
      1093,
      1093,
      1093,
      1093,
      1093,
      1093,
      1093,
      1093,
      1093,
      1093,
      1093,
      0,
      0,
      0,
      0,
      0,
      0,
      0,
      0,
      0,
      0,
      0,
      0,
      0,
      0,
      0,
      0,
      0,
      0,
      0,
      0,
      0,
      0,
      0,
      0,
      0,
      0,
      0,
      0,
      0,
      0,
      0,
      0,
      0,
      0,
      0,
      0,
      0,
      0,
      0,
      1088,
      1088,
      1088,
      1088,
      1088,
      1088,
      1088,
      1088,
      1088,
      1088,
      1088,
      0,
      0,
      0,
      0,
      0,
      0,
      0,
      0,
      0,
      0,
      0,
      0,
      0,
      0,
      0,
      0,
      0,
      0,
      0,
      0,
      0,
      0,
      0,
      1099,
      1099,
      1099,
      1099,
      1099,
      1099,
      1099,
      1099,
      1099,
      1099,
      1099,
      0,
      0,
      0,
      0,
      0,
      0,
      0,
      0,
      0,
      0,
      0,
      0,
      0,
      0,
      0,
      0,
      0,
      0,
      1094,
      1094,
      1094,
      1094,
      1094,
      1094,
      1094,
      1094,
      1094,
      1094,
      1094,
      1094,
      1094,
      1094,
      1094,
      1094,
      1094,
      1094,
      0,
      0,
      0,
      0,
      0,
      0,
      0,
      0,
      0,
      0,
      0,
      0,
      0,
      0,
      0,
      0,
      0,
      1114,
      1114,
      1114,
      1114,
      1114,
      1114,
      1114,
      1114,
      1083,
      1083,
      1083,
      1105,
      1084,
      1084,
      1084,
      1084,
      1084,
      1084,
      1084,
      1084,
      1084,
      1118,
      1118,
      1118,
      1118,
      1095,
      1095,
      1095,
      1095,
      1095,
      1095,
      1095,
      1095,
      1095,
      1095,
      1106,
      1106,
      1106,
      1106,
      1106,
      1106,
      1106,
      1106,
      1115,
      1115,
      1081,
      1081,
      1081,
      1081,
      1081,
      1081,
      1081,
      1081,
      1115,
      1096,
      1096,
      1096,
      1096,
      1096,
      1096,
      1110,
      1110,
      1110,
      1110,
      1110,
      1097,
      1097,
      1097,
      1097,
      1097,
      1097,
      1097,
      1097,
      0,
      0,
      0,
      0,
      0,
      0,
      0,
      0,
      1100,
      1100,
      1100,
      1100,
      1100,
      1100,
      1100,
      1100,
      0,
      0,
      0,
      0,
      1098,
      1098,
      1098,
      1098,
      1098,
      1089,
      1089,
      1089,
      1089,
      1089,
      1089,
      1089,
      1090,
      1090,
      1090,
      1090,
      1090,
      1090,
      1090,
      1090,
      1111,
      1111,
      1111,
      1111,
      1111,
      1111,
      1061,
      1061,
      1061,
      1061,
      1127,
      1127,
      1127,
      1127,
      1119,
      1119,
      1119,
      1119,
      1119,
      1119,
      1119,
      1119,
      1119,
      1119,
      1119,
      1119,
      1119,
      1119,
      1085,
      1085,
      1085,
      1085,
      1085,
      1085,
      1085,
      1085,
      1085,
      1085,
      1085,
      1085,
      1085,
      1102,
      1102,
      1102,
      1102,
      1102,
      1102,
      1102,
      1102,
      1102,
      1102,
      1102,
      1102,
      1102,
      1102,
      1102,
      1102,
      1102,
      1107,
      1107,
      1107,
      1107,
      1107,
      1107,
      1103,
      1103,
      1103,
      1103,
      1103,
      1103,
      1103,
      1103,
      1103,
      1103,
      1103,
      1103,
      1103,
      1112,
      1112,
      1112,
      1112,
      1112,
      1112,
      1112,
      1112,
      1112,
      1112,
      1112,
      1112,
      1112,
      0,
      0,
      0,
      0,
      0,
      0,
      0,
      0,
      0,
      0,
      0,
      0,
      0,
      1086,
      1086,
      1086,
      1086,
      1086,
      1086,
      1086,
      1086,
      0,
      0,
      0,
      0,
      0,
      0,
      0,
      0,
      0,
      0,
      0,
      0,
      0,
      0,
      0,
      0,
      0,
      0,
      1054,
      1054,
      1054,
      1054,
      1091,
      1091,
      1091,
      1091,
      1091,
      1091,
      1091,
      1091,
      1091,
      1121,
      1121,
      1121,
      1121,
      1121,
      1121,
      1121,
      1121,
      1121,
      1121,
      1121,
      0,
      0,
      0,
      0,
      0,
      0,
      0,
      0,
      0,
      0,
      0,
      0,
      0,
      0,
      0,
      1104,
      1104,
      1104,
      1104,
      1104,
      1104,
      1104,
      1104,
      1104,
      1104,
      1104,
      1104,
      1104,
      1130,
      1076,
      1076,
      1092,
      1092,
      1092,
      1092,
      1092,
      1092,
      1092,
      1131,
      1131,
      0,
      0,
      0,
      0,
      0,
      0,
      1101,
      1101,
      1101,
      1101,
      1101,
      1101,
      1101,
      1108,
      1108,
      1108,
      1108,
      1108,
      1108,
      1108,
      1108,
      1108,
      1108,
      1113,
      1064,
      1064,
      1064,
      0,
      0,
      0,
      0,
      0,
      0,
      0,
      0,
      0,
      0
    ],
    [
      1109,
      1109,
      1109,
      1109,
      1109,
      1109,
      1123,
      1087,
      1087,
      1087,
      1087,
      1123,
      1123,
      1123,
      1123,
      1123,
      1124,
      1124,
      1093,
      1093,
      1093,
      1093,
      1093,
      1093,
      1093,
      1093,
      1093,
      1093,
      1093,
      1093,
      1093,
      1093,
      0,
      0,
      0,
      0,
      0,
      0,
      0,
      0,
      0,
      0,
      0,
      0,
      0,
      0,
      0,
      0,
      0,
      0,
      0,
      0,
      0,
      0,
      0,
      0,
      0,
      0,
      0,
      0,
      0,
      0,
      0,
      0,
      0,
      0,
      0,
      0,
      0,
      0,
      1117,
      1117,
      1117,
      1117,
      1117,
      1117,
      1117,
      1117,
      1117,
      1117,
      1088,
      1088,
      0,
      0,
      0,
      0,
      0,
      0,
      0,
      0,
      0,
      0,
      0,
      0,
      0,
      0,
      0,
      0,
      0,
      0,
      0,
      0,
      0,
      0,
      0,
      1099,
      1099,
      1099,
      0,
      0,
      0,
      0,
      0,
      0,
      0,
      0,
      0,
      0,
      0,
      0,
      0,
      0,
      0,
      0,
      0,
      0,
      0,
      0,
      0,
      0,
      0,
      0,
      0,
      0,
      0,
      1094,
      1094,
      1094,
      1094,
      1094,
      1094,
      1094,
      1094,
      1094,
      1094,
      1094,
      1094,
      1094,
      1094,
      1094,
      1094,
      1094,
      0,
      0,
      0,
      0,
      0,
      0,
      0,
      0,
      0,
      0,
      0,
      0,
      0,
      0,
      0,
      0,
      1114,
      1114,
      1114,
      1114,
      1114,
      1114,
      1114,
      1114,
      1114,
      1114,
      1105,
      1105,
      1105,
      1105,
      1084,
      1084,
      1084,
      1084,
      1084,
      1084,
      1084,
      1118,
      1118,
      1118,
      1118,
      1118,
      1095,
      1095,
      1095,
      1095,
      1095,
      1095,
      1095,
      1095,
      1095,
      1095,
      1106,
      1106,
      1106,
      1106,
      1106,
      1106,
      1106,
      1115,
      1115,
      1115,
      1081,
      1081,
      1081,
      1081,
      1081,
      1081,
      1081,
      1115,
      1115,
      1115,
      1115,
      1115,
      1096,
      1096,
      1096,
      1110,
      1110,
      1110,
      1110,
      1110,
      1097,
      1097,
      1097,
      1097,
      1097,
      1097,
      1097,
      1097,
      0,
      0,
      0,
      0,
      0,
      0,
      0,
      0,
      1100,
      1100,
      1100,
      1100,
      1100,
      1100,
      1100,
      1100,
      0,
      0,
      0,
      0,
      1098,
      1098,
      1098,
      1098,
      0,
      0,
      0,
      0,
      0,
      0,
      0,
      0,
      0,
      0,
      0,
      0,
      1090,
      1090,
      1090,
      1090,
      1111,
      1111,
      1111,
      1111,
      1111,
      1111,
      1111,
      1061,
      1061,
      1061,
      1127,
      1127,
      1127,
      1127,
      1127,
      1119,
      1119,
      1119,
      1119,
      1119,
      1119,
      1119,
      1119,
      1119,
      1119,
      1119,
      1119,
      1119,
      1119,
      1119,
      1085,
      1085,
      1085,
      1085,
      1085,
      1085,
      1085,
      1085,
      1085,
      1085,
      1136,
      1136,
      1136,
      1136,
      1136,
      1136,
      1102,
      1102,
      1102,
      1102,
      1102,
      1102,
      1102,
      1102,
      1102,
      1102,
      1102,
      1102,
      1107,
      1107,
      1107,
      1107,
      1107,
      1107,
      1107,
      1103,
      1103,
      1103,
      1103,
      1103,
      1103,
      1103,
      1103,
      1103,
      1103,
      1103,
      1103,
      1112,
      1112,
      1112,
      1112,
      1112,
      1112,
      1112,
      1112,
      1112,
      1112,
      1112,
      1112,
      0,
      0,
      0,
      0,
      0,
      0,
      0,
      0,
      0,
      0,
      0,
      0,
      0,
      0,
      0,
      0,
      0,
      0,
      0,
      0,
      0,
      0,
      0,
      0,
      0,
      0,
      0,
      0,
      0,
      0,
      0,
      0,
      0,
      0,
      0,
      0,
      0,
      0,
      1054,
      1054,
      1054,
      1054,
      1054,
      1054,
      1054,
      1091,
      1091,
      1091,
      1091,
      1091,
      1091,
      1091,
      1091,
      1121,
      1121,
      1121,
      1121,
      1121,
      1121,
      1121,
      1121,
      1121,
      1121,
      0,
      0,
      0,
      0,
      0,
      0,
      0,
      0,
      0,
      0,
      0,
      0,
      0,
      0,
      0,
      0,
      1104,
      1104,
      1104,
      1104,
      1104,
      1104,
      1104,
      1104,
      1104,
      1104,
      1104,
      1104,
      1104,
      1130,
      1130,
      1076,
      1092,
      1092,
      1092,
      1092,
      1092,
      1092,
      1131,
      1131,
      1131,
      1131,
      1131,
      0,
      0,
      0,
      0,
      1101,
      1101,
      1101,
      1101,
      1101,
      1101,
      1101,
      1108,
      1108,
      1108,
      1108,
      1108,
      1113,
      1113,
      1113,
      1113,
      1113,
      1113,
      1064,
      1064,
      1064,
      0,
      0,
      0,
      0,
      0,
      0,
      0,
      0,
      0,
      0
    ],
    [
      1109,
      1109,
      1109,
      1109,
      1109,
      1109,
      1123,
      1087,
      1087,
      1087,
      1087,
      1123,
      1123,
      1123,
      1123,
      1123,
      1124,
      1124,
      1093,
      1093,
      1093,
      1093,
      1093,
      1093,
      1093,
      1093,
      1093,
      1093,
      1093,
      1093,
      1093,
      1093,
      0,
      0,
      0,
      0,
      0,
      0,
      0,
      0,
      0,
      0,
      0,
      0,
      0,
      0,
      0,
      0,
      0,
      0,
      0,
      0,
      0,
      0,
      0,
      0,
      0,
      0,
      0,
      0,
      0,
      0,
      0,
      0,
      0,
      0,
      0,
      0,
      0,
      1117,
      1117,
      1117,
      1117,
      1117,
      1117,
      1117,
      1117,
      1117,
      1117,
      1117,
      1088,
      1088,
      0,
      0,
      0,
      0,
      0,
      0,
      0,
      0,
      0,
      0,
      0,
      0,
      0,
      0,
      0,
      0,
      0,
      0,
      0,
      0,
      0,
      0,
      0,
      0,
      1099,
      1099,
      0,
      0,
      0,
      0,
      0,
      0,
      0,
      0,
      0,
      0,
      0,
      0,
      0,
      0,
      0,
      1144,
      1144,
      1144,
      0,
      0,
      0,
      0,
      0,
      0,
      0,
      0,
      0,
      1094,
      1094,
      1094,
      1094,
      1094,
      1094,
      1094,
      1094,
      1094,
      1094,
      1094,
      1094,
      1094,
      1094,
      1094,
      1094,
      1094,
      0,
      0,
      0,
      0,
      0,
      0,
      0,
      0,
      0,
      0,
      0,
      0,
      0,
      0,
      0,
      1114,
      1114,
      1114,
      1114,
      1114,
      1114,
      1114,
      1114,
      1114,
      1114,
      1114,
      1105,
      1105,
      1105,
      1105,
      1084,
      1084,
      1084,
      1084,
      1084,
      1118,
      1118,
      1118,
      1118,
      1118,
      1118,
      1118,
      1118,
      1118,
      1118,
      1118,
      1118,
      1118,
      1118,
      1118,
      1118,
      1106,
      1106,
      1106,
      1106,
      1106,
      1106,
      1106,
      1106,
      1115,
      1115,
      1115,
      1115,
      1115,
      1115,
      1115,
      1115,
      1115,
      1115,
      1115,
      1115,
      1115,
      1115,
      1115,
      1096,
      1096,
      1096,
      1110,
      1110,
      1110,
      1110,
      1110,
      1097,
      1097,
      1097,
      1097,
      1097,
      1097,
      1097,
      1097,
      0,
      0,
      0,
      0,
      0,
      0,
      0,
      0,
      1100,
      1100,
      1100,
      1100,
      1100,
      1100,
      1100,
      1100,
      0,
      0,
      0,
      0,
      1098,
      0,
      0,
      0,
      0,
      0,
      0,
      0,
      0,
      0,
      0,
      0,
      0,
      0,
      0,
      0,
      1090,
      1090,
      1090,
      1090,
      1111,
      1111,
      1111,
      1111,
      1111,
      1111,
      1111,
      1061,
      1061,
      1061,
      1127,
      1127,
      1127,
      1127,
      1127,
      1127,
      1119,
      1119,
      1119,
      1119,
      1119,
      1119,
      1119,
      1119,
      1119,
      1119,
      1119,
      1119,
      1128,
      1128,
      1128,
      1128,
      1128,
      1128,
      1085,
      1116,
      1116,
      1116,
      1116,
      1136,
      1136,
      1136,
      1136,
      1136,
      1136,
      1136,
      1136,
      1102,
      1102,
      1102,
      1102,
      1102,
      1102,
      1102,
      1102,
      1102,
      1107,
      1107,
      1107,
      1107,
      1107,
      1107,
      1107,
      1107,
      1107,
      1103,
      1103,
      1103,
      1103,
      1103,
      1103,
      1103,
      1103,
      1103,
      1112,
      1112,
      1112,
      1112,
      1112,
      1112,
      1112,
      1112,
      1112,
      1112,
      1112,
      1112,
      1112,
      1112,
      0,
      0,
      0,
      0,
      0,
      0,
      0,
      0,
      0,
      0,
      0,
      0,
      1137,
      1137,
      1137,
      1137,
      1137,
      1137,
      0,
      0,
      0,
      0,
      0,
      0,
      0,
      0,
      0,
      0,
      0,
      0,
      0,
      0,
      0,
      0,
      0,
      0,
      0,
      0,
      0,
      1054,
      1054,
      1054,
      1054,
      1054,
      1054,
      1054,
      1091,
      1091,
      1091,
      1091,
      1091,
      1091,
      1091,
      1091,
      1121,
      1121,
      1121,
      1121,
      1121,
      1121,
      1121,
      1121,
      0,
      0,
      0,
      0,
      0,
      0,
      0,
      0,
      0,
      0,
      0,
      0,
      0,
      0,
      0,
      0,
      0,
      1104,
      1104,
      1104,
      1104,
      1104,
      1104,
      1104,
      1104,
      1104,
      1104,
      1104,
      1104,
      1104,
      1104,
      1130,
      1130,
      1130,
      1092,
      1092,
      1092,
      1092,
      1092,
      1092,
      1131,
      1131,
      1131,
      1131,
      1131,
      1131,
      1131,
      1131,
      0,
      1101,
      1101,
      1101,
      1101,
      1101,
      1101,
      1108,
      1108,
      1108,
      1108,
      1108,
      1113,
      1113,
      1113,
      1113,
      1113,
      1113,
      1113,
      0,
      1064,
      1064,
      0,
      0,
      0,
      0,
      0,
      0,
      0,
      0,
      0,
      0
    ],
    [
      1109,
      1109,
      1109,
      1109,
      1109,
      1109,
      1123,
      1123,
      1123,
      1123,
      1123,
      1123,
      1123,
      1123,
      1123,
      1123,
      1124,
      1124,
      1093,
      1093,
      1093,
      1093,
      1093,
      1093,
      1093,
      1093,
      1093,
      1093,
      1093,
      1093,
      1093,
      0,
      0,
      0,
      0,
      0,
      0,
      0,
      0,
      0,
      0,
      0,
      0,
      0,
      0,
      0,
      0,
      0,
      0,
      0,
      0,
      0,
      0,
      0,
      0,
      0,
      0,
      0,
      0,
      0,
      0,
      0,
      0,
      0,
      0,
      0,
      0,
      0,
      1125,
      1117,
      1117,
      1117,
      1117,
      1117,
      1117,
      1117,
      1117,
      1117,
      1117,
      1117,
      1088,
      1088,
      0,
      0,
      0,
      0,
      0,
      0,
      0,
      0,
      0,
      0,
      0,
      0,
      0,
      0,
      0,
      0,
      0,
      0,
      0,
      0,
      0,
      0,
      0,
      0,
      0,
      0,
      0,
      0,
      0,
      0,
      0,
      0,
      0,
      0,
      0,
      0,
      0,
      0,
      0,
      1144,
      1144,
      1144,
      1144,
      1144,
      1144,
      1144,
      0,
      0,
      0,
      0,
      0,
      0,
      0,
      1094,
      1094,
      1094,
      1094,
      1094,
      1094,
      1094,
      1094,
      1094,
      1094,
      1094,
      1094,
      1094,
      1094,
      1094,
      1094,
      1094,
      1094,
      0,
      0,
      0,
      0,
      0,
      0,
      0,
      0,
      0,
      0,
      0,
      0,
      0,
      0,
      1114,
      1114,
      1114,
      1114,
      1114,
      1114,
      1114,
      1114,
      1114,
      1114,
      1114,
      1105,
      1105,
      1105,
      1105,
      1105,
      1105,
      1105,
      1105,
      1118,
      1118,
      1118,
      1118,
      1118,
      1118,
      1118,
      1118,
      1118,
      1118,
      1118,
      1118,
      1118,
      1118,
      1118,
      1118,
      1118,
      1106,
      1106,
      1106,
      1106,
      1106,
      1106,
      1106,
      1106,
      1115,
      1115,
      1115,
      1115,
      1115,
      1115,
      1115,
      1115,
      1115,
      1115,
      1115,
      1115,
      1115,
      1115,
      1115,
      1096,
      1096,
      1110,
      1110,
      1110,
      1110,
      1110,
      1110,
      1097,
      1110,
      1097,
      1097,
      1097,
      1097,
      1097,
      1097,
      0,
      0,
      0,
      0,
      0,
      0,
      0,
      0,
      0,
      1100,
      1100,
      1100,
      1100,
      1100,
      1100,
      1100,
      0,
      0,
      0,
      0,
      0,
      0,
      0,
      0,
      0,
      0,
      0,
      0,
      0,
      0,
      0,
      0,
      0,
      0,
      0,
      0,
      1090,
      1090,
      1090,
      1090,
      1111,
      1111,
      1111,
      1111,
      1111,
      1111,
      1111,
      1111,
      1061,
      1061,
      1127,
      1127,
      1127,
      1127,
      1127,
      1127,
      1127,
      1119,
      1119,
      1119,
      1119,
      1119,
      1119,
      1119,
      1119,
      1119,
      1119,
      1119,
      1128,
      1128,
      1128,
      1128,
      1128,
      1128,
      1116,
      1116,
      1116,
      1116,
      1116,
      1136,
      1136,
      1136,
      1136,
      1136,
      1136,
      1136,
      1136,
      1136,
      1102,
      1102,
      1102,
      1102,
      1102,
      1102,
      1102,
      1102,
      1107,
      1107,
      1107,
      1107,
      1107,
      1107,
      1107,
      1107,
      1107,
      1103,
      1103,
      1103,
      1103,
      1103,
      1103,
      1103,
      1103,
      1103,
      1112,
      1112,
      1112,
      1112,
      1112,
      1112,
      1112,
      1112,
      1112,
      1112,
      1112,
      1112,
      1112,
      0,
      0,
      0,
      0,
      0,
      0,
      0,
      0,
      0,
      0,
      0,
      0,
      1137,
      1137,
      1137,
      1137,
      1137,
      1137,
      1137,
      0,
      0,
      0,
      0,
      0,
      0,
      0,
      0,
      0,
      0,
      0,
      0,
      0,
      0,
      0,
      0,
      0,
      0,
      0,
      0,
      0,
      1054,
      1054,
      1054,
      1054,
      1054,
      1054,
      1054,
      1054,
      1054,
      1091,
      1091,
      1091,
      1091,
      1091,
      1091,
      1121,
      1121,
      1121,
      1121,
      1121,
      1121,
      1121,
      1121,
      0,
      0,
      0,
      0,
      0,
      0,
      0,
      0,
      0,
      0,
      0,
      0,
      0,
      0,
      0,
      0,
      1120,
      1120,
      1120,
      1120,
      1120,
      1104,
      1104,
      1104,
      1104,
      1104,
      1104,
      1104,
      1104,
      1104,
      1104,
      1130,
      1130,
      1130,
      1130,
      1130,
      1130,
      1130,
      1130,
      1131,
      1131,
      1131,
      1131,
      1131,
      1131,
      1131,
      1131,
      1131,
      1131,
      1101,
      1101,
      1101,
      1101,
      1101,
      1101,
      1108,
      1108,
      1108,
      1108,
      1108,
      1113,
      1113,
      1113,
      1113,
      1113,
      1113,
      1113,
      0,
      0,
      0,
      0,
      0,
      0,
      0,
      0,
      0,
      0,
      0,
      0,
      0
    ],
    [
      1109,
      1109,
      1109,
      1109,
      1109,
      1109,
      1123,
      1123,
      1123,
      1123,
      1123,
      1123,
      1123,
      1123,
      1123,
      1123,
      1124,
      1124,
      1124,
      1124,
      1124,
      1124,
      1124,
      1124,
      1124,
      1124,
      1124,
      1124,
      1124,
      0,
      0,
      0,
      0,
      0,
      0,
      0,
      0,
      0,
      0,
      0,
      0,
      0,
      0,
      0,
      0,
      0,
      0,
      0,
      0,
      0,
      0,
      0,
      0,
      0,
      0,
      0,
      0,
      0,
      0,
      0,
      0,
      0,
      0,
      0,
      1125,
      1125,
      1125,
      1125,
      1125,
      1117,
      1117,
      1117,
      1117,
      1117,
      1117,
      1117,
      1117,
      1117,
      1117,
      1117,
      1117,
      1088,
      0,
      0,
      0,
      0,
      0,
      0,
      0,
      0,
      0,
      0,
      0,
      0,
      0,
      0,
      0,
      0,
      0,
      0,
      0,
      0,
      0,
      0,
      0,
      0,
      0,
      0,
      0,
      0,
      0,
      0,
      0,
      0,
      0,
      0,
      0,
      0,
      0,
      0,
      1144,
      1144,
      1144,
      1144,
      1144,
      1144,
      1144,
      1144,
      1144,
      0,
      0,
      0,
      0,
      0,
      0,
      1094,
      1094,
      1094,
      1094,
      1094,
      1094,
      1094,
      1094,
      1094,
      1094,
      1094,
      1094,
      1094,
      1094,
      1094,
      1094,
      1094,
      1094,
      1094,
      1094,
      0,
      0,
      0,
      0,
      0,
      0,
      0,
      0,
      0,
      0,
      0,
      0,
      1114,
      1114,
      1114,
      1114,
      1114,
      1114,
      1114,
      1114,
      1114,
      1114,
      1114,
      1105,
      1105,
      1105,
      1126,
      1126,
      1126,
      1126,
      1126,
      1126,
      1126,
      1118,
      1118,
      1118,
      1118,
      1118,
      1118,
      1118,
      1118,
      1118,
      1118,
      1118,
      1118,
      1118,
      1118,
      1115,
      1115,
      1115,
      1115,
      1115,
      1115,
      1115,
      1115,
      1115,
      1115,
      1115,
      1115,
      1115,
      1115,
      1115,
      1115,
      1115,
      1115,
      1115,
      1115,
      1115,
      1115,
      1115,
      1115,
      1115,
      1110,
      1110,
      1110,
      1110,
      1110,
      1110,
      1110,
      1110,
      1110,
      1110,
      1110,
      1110,
      1110,
      1110,
      0,
      0,
      0,
      0,
      0,
      0,
      0,
      0,
      0,
      0,
      0,
      0,
      0,
      0,
      0,
      0,
      0,
      0,
      0,
      0,
      0,
      0,
      0,
      0,
      0,
      0,
      0,
      0,
      0,
      0,
      0,
      0,
      0,
      0,
      0,
      0,
      0,
      1090,
      1090,
      1090,
      1090,
      1111,
      1111,
      1111,
      1111,
      1111,
      1111,
      1111,
      1111,
      1061,
      1061,
      1127,
      1127,
      1127,
      1127,
      1127,
      1127,
      1127,
      1119,
      1119,
      1119,
      1119,
      1119,
      1119,
      1119,
      1119,
      1119,
      1119,
      1128,
      1128,
      1128,
      1128,
      1128,
      1128,
      1128,
      1116,
      1116,
      1116,
      1116,
      1116,
      1136,
      1136,
      1136,
      1136,
      1136,
      1136,
      1136,
      1136,
      1136,
      1136,
      1102,
      1102,
      1102,
      1102,
      1102,
      1102,
      1102,
      1107,
      1107,
      1107,
      1107,
      1107,
      1107,
      1107,
      1107,
      1107,
      1107,
      1103,
      1103,
      1103,
      1103,
      1103,
      1103,
      1103,
      1103,
      1112,
      1112,
      1112,
      1112,
      1112,
      1112,
      1112,
      1112,
      1112,
      1112,
      1112,
      1112,
      1112,
      0,
      0,
      0,
      0,
      0,
      0,
      0,
      0,
      0,
      0,
      0,
      0,
      1137,
      1137,
      1137,
      1137,
      1137,
      1137,
      1137,
      0,
      0,
      0,
      0,
      0,
      0,
      0,
      0,
      0,
      0,
      0,
      0,
      0,
      0,
      0,
      0,
      0,
      0,
      0,
      1129,
      1129,
      1129,
      1129,
      1129,
      1129,
      1054,
      1054,
      1054,
      1054,
      1054,
      1054,
      1121,
      1121,
      1121,
      1121,
      1121,
      1121,
      1121,
      1121,
      1121,
      1121,
      1121,
      1121,
      1121,
      0,
      0,
      0,
      0,
      0,
      0,
      0,
      0,
      0,
      0,
      0,
      0,
      0,
      0,
      0,
      0,
      1120,
      1120,
      1120,
      1120,
      1120,
      1104,
      1104,
      1104,
      1104,
      1104,
      1104,
      1104,
      1130,
      1130,
      1130,
      1130,
      1130,
      1130,
      1130,
      1130,
      1130,
      1130,
      1131,
      1131,
      1131,
      1131,
      1131,
      1131,
      1131,
      1131,
      1131,
      1131,
      1131,
      1101,
      1101,
      1101,
      1101,
      1101,
      1101,
      1108,
      1108,
      1108,
      1108,
      1108,
      1113,
      1113,
      1113,
      1113,
      1113,
      1113,
      1113,
      0,
      0,
      0,
      0,
      0,
      0,
      0,
      0,
      0,
      0,
      0,
      0,
      0
    ],
    [
      1109,
      1109,
      1109,
      1109,
      1109,
      1109,
      1123,
      1123,
      1123,
      1123,
      1123,
      1123,
      1123,
      1123,
      1123,
      1123,
      1124,
      1124,
      1124,
      1124,
      1124,
      1124,
      1124,
      1124,
      1124,
      1124,
      1124,
      1124,
      0,
      0,
      0,
      0,
      0,
      0,
      0,
      0,
      0,
      0,
      0,
      0,
      0,
      0,
      0,
      0,
      0,
      0,
      0,
      0,
      0,
      0,
      0,
      0,
      0,
      0,
      0,
      0,
      0,
      0,
      0,
      0,
      0,
      1125,
      1125,
      1125,
      1125,
      1125,
      1125,
      1125,
      1125,
      1117,
      1117,
      1117,
      1117,
      1117,
      1117,
      1117,
      1117,
      1117,
      1117,
      1117,
      1117,
      0,
      0,
      0,
      0,
      0,
      0,
      0,
      0,
      0,
      0,
      0,
      0,
      0,
      0,
      0,
      0,
      0,
      0,
      0,
      0,
      0,
      0,
      0,
      0,
      0,
      0,
      0,
      0,
      0,
      0,
      0,
      0,
      0,
      0,
      0,
      0,
      0,
      0,
      1160,
      1144,
      1144,
      1144,
      1144,
      1144,
      1144,
      1144,
      1144,
      1144,
      1144,
      0,
      0,
      0,
      0,
      0,
      1094,
      1094,
      1094,
      1133,
      1133,
      1133,
      1133,
      1133,
      1133,
      1133,
      1133,
      1133,
      1133,
      1134,
      1134,
      1134,
      1134,
      1134,
      1134,
      1134,
      0,
      0,
      0,
      0,
      0,
      0,
      0,
      0,
      0,
      0,
      0,
      0,
      1114,
      1114,
      1114,
      1114,
      1114,
      1114,
      1114,
      1114,
      1114,
      1114,
      1114,
      1105,
      1105,
      1126,
      1126,
      1126,
      1126,
      1126,
      1126,
      1126,
      1126,
      1118,
      1118,
      1118,
      1118,
      1118,
      1118,
      1118,
      1118,
      1118,
      1118,
      1118,
      1118,
      1118,
      1135,
      1135,
      1135,
      1135,
      1135,
      1135,
      1135,
      1135,
      1115,
      1115,
      1115,
      1115,
      1115,
      1115,
      1115,
      1115,
      1115,
      1115,
      1115,
      1115,
      1115,
      1115,
      1115,
      1115,
      1115,
      1110,
      1110,
      1110,
      1110,
      1110,
      1110,
      1110,
      1110,
      1110,
      1110,
      1110,
      1110,
      1110,
      1110,
      0,
      0,
      0,
      0,
      0,
      0,
      0,
      0,
      0,
      0,
      0,
      0,
      0,
      0,
      0,
      0,
      0,
      0,
      0,
      0,
      0,
      0,
      0,
      0,
      0,
      0,
      0,
      0,
      0,
      0,
      0,
      0,
      0,
      0,
      0,
      0,
      0,
      0,
      0,
      0,
      0,
      1090,
      1111,
      1111,
      1111,
      1111,
      1111,
      1111,
      1111,
      1111,
      1127,
      1127,
      1127,
      1127,
      1127,
      1127,
      1127,
      1127,
      1127,
      1119,
      1119,
      1119,
      1119,
      1119,
      1119,
      1119,
      1119,
      1119,
      1128,
      1128,
      1128,
      1128,
      1128,
      1128,
      1128,
      1128,
      1116,
      1116,
      1116,
      1116,
      1116,
      1136,
      1136,
      1136,
      1136,
      1136,
      1136,
      1136,
      1136,
      1136,
      1136,
      1102,
      1102,
      1102,
      1102,
      1102,
      1102,
      1102,
      1107,
      1107,
      1107,
      1107,
      1107,
      1107,
      1107,
      1107,
      1107,
      1107,
      1103,
      1103,
      1103,
      1103,
      1103,
      1103,
      1103,
      1103,
      1112,
      1112,
      1112,
      1112,
      1112,
      1112,
      1112,
      1112,
      1112,
      1112,
      1112,
      1112,
      0,
      0,
      0,
      0,
      0,
      0,
      0,
      0,
      0,
      0,
      0,
      0,
      0,
      1137,
      1137,
      1137,
      1137,
      1137,
      1137,
      1137,
      0,
      0,
      0,
      0,
      0,
      0,
      0,
      0,
      0,
      0,
      0,
      0,
      0,
      0,
      0,
      0,
      0,
      0,
      0,
      1129,
      1129,
      1129,
      1129,
      1129,
      1129,
      1054,
      1054,
      1054,
      1121,
      1121,
      1121,
      1121,
      1121,
      1121,
      1121,
      1121,
      1121,
      1121,
      1121,
      1121,
      1121,
      1121,
      1121,
      1121,
      0,
      0,
      0,
      0,
      0,
      0,
      0,
      0,
      0,
      0,
      0,
      0,
      0,
      0,
      0,
      0,
      1120,
      1120,
      1120,
      1120,
      1120,
      1104,
      1104,
      1104,
      1104,
      1104,
      1104,
      1104,
      1130,
      1130,
      1130,
      1130,
      1130,
      1130,
      1130,
      1130,
      1130,
      1130,
      1131,
      1131,
      1131,
      1131,
      1131,
      1131,
      1131,
      1131,
      1131,
      1131,
      1131,
      1122,
      1122,
      1122,
      1122,
      1122,
      1122,
      1122,
      1122,
      1122,
      1108,
      1108,
      1113,
      1113,
      1113,
      1113,
      1113,
      1113,
      1113,
      0,
      0,
      0,
      0,
      0,
      0,
      0,
      0,
      0,
      0,
      0,
      0,
      0
    ],
    [
      1132,
      1132,
      1132,
      1132,
      1132,
      1132,
      1123,
      1123,
      1123,
      1123,
      1123,
      1123,
      1123,
      1123,
      1123,
      1123,
      1124,
      1124,
      1124,
      1124,
      1124,
      1124,
      1124,
      1124,
      1124,
      1124,
      0,
      0,
      0,
      0,
      0,
      0,
      0,
      0,
      0,
      0,
      0,
      0,
      0,
      0,
      0,
      0,
      0,
      0,
      0,
      0,
      0,
      0,
      0,
      0,
      0,
      0,
      0,
      0,
      0,
      0,
      0,
      0,
      0,
      0,
      0,
      1125,
      1125,
      1125,
      1125,
      1125,
      1125,
      1125,
      1125,
      1117,
      1117,
      1117,
      1117,
      1117,
      1117,
      1117,
      1117,
      1117,
      1117,
      1117,
      1117,
      0,
      0,
      0,
      0,
      0,
      0,
      0,
      0,
      0,
      0,
      0,
      0,
      0,
      0,
      0,
      0,
      0,
      0,
      0,
      0,
      0,
      0,
      0,
      0,
      0,
      0,
      0,
      0,
      0,
      0,
      0,
      0,
      0,
      0,
      0,
      0,
      0,
      0,
      1160,
      1144,
      1144,
      1144,
      1144,
      1144,
      1144,
      1144,
      1144,
      1144,
      1144,
      0,
      0,
      0,
      0,
      0,
      1094,
      1094,
      1150,
      1133,
      1133,
      1133,
      1133,
      1133,
      1133,
      1133,
      1133,
      1133,
      1133,
      1134,
      1134,
      1134,
      1134,
      1134,
      1134,
      1134,
      0,
      0,
      0,
      0,
      0,
      0,
      0,
      0,
      0,
      0,
      0,
      0,
      1114,
      1114,
      1114,
      1114,
      1114,
      1114,
      1114,
      1114,
      1114,
      1114,
      1114,
      1105,
      1105,
      1126,
      1126,
      1126,
      1126,
      1126,
      1126,
      1126,
      1126,
      1118,
      1118,
      1118,
      1118,
      1118,
      1118,
      1118,
      1118,
      1118,
      1118,
      1118,
      1118,
      1118,
      1135,
      1135,
      1135,
      1135,
      1135,
      1135,
      1135,
      1135,
      1152,
      1115,
      1115,
      1138,
      1138,
      1138,
      1138,
      1138,
      1115,
      1115,
      1115,
      1115,
      1115,
      1115,
      1115,
      1115,
      0,
      0,
      0,
      0,
      0,
      0,
      0,
      0,
      0,
      0,
      0,
      0,
      0,
      0,
      0,
      0,
      0,
      0,
      0,
      0,
      0,
      0,
      0,
      0,
      0,
      0,
      0,
      0,
      0,
      0,
      0,
      0,
      0,
      0,
      0,
      0,
      0,
      0,
      0,
      0,
      0,
      0,
      0,
      0,
      0,
      0,
      0,
      0,
      0,
      0,
      0,
      0,
      0,
      0,
      0,
      0,
      1090,
      1111,
      1111,
      1111,
      1111,
      1111,
      1111,
      1111,
      1127,
      1127,
      1127,
      1127,
      1127,
      1127,
      1127,
      1127,
      1127,
      1127,
      1127,
      1127,
      1127,
      1119,
      1119,
      1119,
      1119,
      1119,
      0,
      1128,
      1128,
      1128,
      1128,
      1128,
      1128,
      1128,
      1128,
      1116,
      1116,
      1116,
      1116,
      1116,
      1136,
      1136,
      1136,
      1136,
      1136,
      1136,
      1136,
      1136,
      1136,
      1136,
      1136,
      1136,
      1140,
      1140,
      1140,
      1102,
      1102,
      1107,
      1107,
      1107,
      1107,
      1107,
      1107,
      1107,
      1107,
      1107,
      1107,
      1107,
      1103,
      1103,
      1103,
      1103,
      1103,
      1103,
      1103,
      1112,
      1112,
      1112,
      1112,
      1112,
      1112,
      1112,
      1112,
      1112,
      0,
      0,
      0,
      0,
      0,
      0,
      0,
      0,
      0,
      0,
      0,
      0,
      0,
      0,
      0,
      0,
      1137,
      1137,
      1137,
      1137,
      1137,
      1137,
      1137,
      1137,
      0,
      0,
      0,
      0,
      0,
      0,
      0,
      0,
      0,
      0,
      0,
      0,
      0,
      0,
      0,
      0,
      0,
      0,
      1129,
      1129,
      1129,
      1129,
      1129,
      1129,
      1054,
      1054,
      1054,
      1121,
      1121,
      1121,
      1121,
      1121,
      1121,
      1121,
      1121,
      1121,
      1121,
      1121,
      1121,
      1121,
      1121,
      1121,
      1121,
      1121,
      0,
      0,
      0,
      0,
      0,
      0,
      0,
      0,
      0,
      0,
      0,
      0,
      0,
      0,
      0,
      1120,
      1120,
      1120,
      1120,
      1120,
      1104,
      1104,
      1104,
      1104,
      1104,
      1104,
      1104,
      1130,
      1130,
      1130,
      1130,
      1130,
      1130,
      1130,
      1130,
      1130,
      1130,
      1130,
      1131,
      1131,
      1131,
      1131,
      1131,
      1131,
      1131,
      1131,
      1131,
      1131,
      1122,
      1122,
      1122,
      1122,
      1122,
      1122,
      1122,
      1122,
      1122,
      1122,
      1108,
      1113,
      1113,
      1113,
      1113,
      1113,
      1113,
      1113,
      0,
      0,
      0,
      0,
      0,
      0,
      0,
      0,
      0,
      0,
      0,
      0,
      0
    ],
    [
      1132,
      1132,
      1132,
      1132,
      1132,
      1132,
      1123,
      1123,
      1123,
      1123,
      1123,
      1123,
      1123,
      1123,
      1123,
      1123,
      1124,
      1124,
      1124,
      1124,
      1124,
      1124,
      1124,
      0,
      0,
      0,
      0,
      0,
      0,
      0,
      0,
      0,
      0,
      0,
      0,
      0,
      0,
      0,
      0,
      0,
      0,
      0,
      0,
      0,
      0,
      0,
      0,
      0,
      0,
      0,
      0,
      0,
      0,
      0,
      0,
      0,
      0,
      0,
      0,
      0,
      0,
      1125,
      1125,
      1125,
      1125,
      1125,
      1125,
      1125,
      1125,
      1117,
      1117,
      1117,
      1117,
      1117,
      1117,
      1117,
      1117,
      1117,
      1117,
      1117,
      1117,
      0,
      0,
      0,
      0,
      0,
      0,
      0,
      0,
      0,
      0,
      0,
      0,
      0,
      0,
      0,
      0,
      0,
      0,
      0,
      0,
      0,
      0,
      0,
      0,
      0,
      0,
      0,
      0,
      0,
      0,
      0,
      0,
      0,
      0,
      0,
      0,
      0,
      0,
      1160,
      1144,
      1144,
      1144,
      1144,
      1144,
      1144,
      1144,
      1144,
      1144,
      1144,
      0,
      0,
      0,
      0,
      0,
      1094,
      1094,
      1150,
      1154,
      1154,
      1154,
      1154,
      1154,
      1133,
      1133,
      1133,
      1133,
      1133,
      1134,
      1134,
      1134,
      1134,
      1134,
      1134,
      1134,
      0,
      0,
      0,
      0,
      0,
      0,
      0,
      0,
      0,
      0,
      0,
      0,
      0,
      1114,
      1114,
      1114,
      1114,
      1114,
      1114,
      1114,
      1114,
      1114,
      1114,
      1105,
      1126,
      1126,
      1126,
      1126,
      1126,
      1126,
      1126,
      1126,
      1126,
      1118,
      1118,
      1118,
      1118,
      1118,
      1118,
      1118,
      1118,
      1118,
      1118,
      1118,
      1118,
      1135,
      1135,
      1135,
      1135,
      1135,
      1135,
      1135,
      1135,
      1135,
      1152,
      1115,
      1115,
      1138,
      1138,
      1138,
      1138,
      1138,
      1138,
      1115,
      1115,
      1115,
      1115,
      1115,
      1115,
      1115,
      0,
      0,
      0,
      0,
      0,
      0,
      0,
      0,
      0,
      0,
      0,
      0,
      0,
      0,
      0,
      0,
      0,
      0,
      0,
      0,
      0,
      0,
      0,
      0,
      0,
      0,
      0,
      0,
      0,
      0,
      0,
      0,
      0,
      0,
      0,
      0,
      0,
      0,
      0,
      0,
      0,
      0,
      0,
      0,
      0,
      0,
      0,
      0,
      0,
      0,
      0,
      0,
      0,
      0,
      0,
      0,
      0,
      0,
      1127,
      1127,
      1127,
      1127,
      1127,
      1127,
      1127,
      1127,
      1127,
      1127,
      1127,
      1127,
      1127,
      1127,
      1127,
      1127,
      1127,
      1127,
      1127,
      1119,
      1119,
      1119,
      1119,
      0,
      0,
      1128,
      1128,
      1128,
      1128,
      1128,
      1128,
      1128,
      1128,
      0,
      0,
      0,
      0,
      0,
      0,
      1136,
      1136,
      1136,
      1136,
      1136,
      1136,
      1136,
      1136,
      1136,
      1136,
      1140,
      1140,
      1140,
      1140,
      1140,
      1102,
      1107,
      1107,
      1107,
      1107,
      1107,
      1142,
      1142,
      1142,
      1142,
      1142,
      1142,
      1142,
      1103,
      1103,
      1103,
      1103,
      1103,
      1103,
      1103,
      1103,
      1103,
      1103,
      1103,
      1103,
      1112,
      1112,
      1112,
      0,
      0,
      0,
      0,
      0,
      0,
      0,
      0,
      0,
      0,
      0,
      0,
      0,
      0,
      0,
      0,
      1137,
      1137,
      1137,
      1137,
      1137,
      1137,
      1137,
      1137,
      1137,
      1137,
      0,
      0,
      0,
      0,
      0,
      0,
      0,
      0,
      0,
      0,
      0,
      0,
      0,
      0,
      0,
      0,
      1129,
      1129,
      1129,
      1129,
      1129,
      1129,
      1054,
      1054,
      1054,
      0,
      1121,
      1121,
      1121,
      1121,
      1121,
      1121,
      1121,
      1121,
      1121,
      1121,
      1121,
      1121,
      1121,
      1121,
      1121,
      1121,
      1121,
      0,
      0,
      0,
      0,
      0,
      0,
      0,
      0,
      0,
      0,
      0,
      0,
      0,
      0,
      1120,
      1120,
      1120,
      1120,
      1120,
      1104,
      1104,
      1104,
      1104,
      1104,
      1130,
      1130,
      1130,
      1130,
      1130,
      1130,
      1130,
      1130,
      1130,
      1130,
      1130,
      1130,
      1130,
      1131,
      1131,
      1131,
      1131,
      1131,
      1131,
      1131,
      1131,
      1131,
      1131,
      1122,
      1122,
      1122,
      1122,
      1122,
      0,
      0,
      0,
      0,
      0,
      0,
      1113,
      1113,
      1113,
      1113,
      1113,
      1113,
      1113,
      0,
      0,
      0,
      0,
      0,
      0,
      0,
      0,
      0,
      0,
      0,
      0,
      0
    ],
    [
      1132,
      1132,
      1132,
      1132,
      1132,
      1132,
      1123,
      1123,
      1123,
      1123,
      1123,
      1123,
      1123,
      1123,
      1124,
      1124,
      1124,
      1124,
      1124,
      1124,
      1124,
      1158,
      1158,
      1158,
      1158,
      0,
      0,
      0,
      0,
      0,
      0,
      0,
      0,
      0,
      0,
      0,
      0,
      0,
      0,
      0,
      0,
      0,
      0,
      0,
      0,
      0,
      0,
      0,
      0,
      0,
      0,
      0,
      0,
      0,
      0,
      0,
      0,
      0,
      0,
      0,
      0,
      1125,
      1125,
      1125,
      1125,
      1125,
      1125,
      1125,
      1125,
      1125,
      1117,
      1117,
      1117,
      1117,
      1117,
      1117,
      1117,
      1117,
      1117,
      1117,
      1117,
      0,
      0,
      0,
      0,
      0,
      0,
      0,
      0,
      0,
      0,
      0,
      0,
      0,
      0,
      0,
      0,
      0,
      0,
      0,
      0,
      0,
      0,
      0,
      0,
      0,
      0,
      0,
      0,
      0,
      0,
      0,
      0,
      0,
      0,
      0,
      0,
      0,
      0,
      1160,
      1144,
      1144,
      1144,
      1144,
      1144,
      1144,
      1144,
      1144,
      1144,
      1144,
      0,
      0,
      0,
      0,
      1150,
      1150,
      1150,
      1150,
      1154,
      1154,
      1154,
      1154,
      1154,
      1133,
      1133,
      1133,
      1133,
      1133,
      1134,
      1134,
      1134,
      1134,
      1134,
      1134,
      1134,
      0,
      0,
      0,
      0,
      0,
      0,
      0,
      0,
      0,
      0,
      0,
      0,
      0,
      0,
      1114,
      1114,
      1114,
      1114,
      1114,
      1114,
      1114,
      1126,
      1126,
      1126,
      1126,
      1126,
      1126,
      1126,
      1126,
      1126,
      1126,
      1126,
      1126,
      1118,
      1118,
      1118,
      1118,
      0,
      0,
      0,
      1118,
      1118,
      1118,
      1118,
      1118,
      1135,
      1135,
      1135,
      1135,
      1135,
      1135,
      1135,
      1135,
      1135,
      1152,
      1152,
      1115,
      1138,
      1138,
      1138,
      1138,
      1138,
      1138,
      1115,
      1115,
      1115,
      1115,
      1115,
      1115,
      1115,
      0,
      0,
      0,
      0,
      0,
      0,
      0,
      0,
      0,
      0,
      0,
      0,
      0,
      0,
      0,
      0,
      0,
      0,
      0,
      0,
      0,
      0,
      0,
      0,
      0,
      0,
      0,
      0,
      0,
      0,
      0,
      0,
      0,
      0,
      0,
      0,
      0,
      0,
      0,
      0,
      0,
      0,
      0,
      0,
      0,
      0,
      0,
      0,
      0,
      0,
      0,
      0,
      0,
      0,
      0,
      0,
      0,
      0,
      0,
      1127,
      1127,
      1127,
      1127,
      1127,
      1127,
      1127,
      1127,
      1127,
      1127,
      1127,
      1127,
      1127,
      1127,
      1127,
      1127,
      1127,
      1127,
      1119,
      1119,
      1119,
      1119,
      0,
      0,
      1128,
      1128,
      1128,
      1128,
      1128,
      1128,
      1128,
      0,
      0,
      0,
      0,
      0,
      0,
      0,
      1136,
      1136,
      1136,
      1136,
      1136,
      1136,
      1136,
      1136,
      1136,
      1136,
      1140,
      1140,
      1140,
      1140,
      1140,
      1141,
      1141,
      1141,
      1141,
      1107,
      1142,
      1142,
      1142,
      1142,
      1142,
      1142,
      1142,
      1142,
      1142,
      1146,
      1103,
      1103,
      1103,
      1103,
      1103,
      1103,
      1103,
      1103,
      1103,
      1103,
      1112,
      1112,
      1112,
      0,
      0,
      0,
      0,
      0,
      0,
      0,
      0,
      0,
      0,
      0,
      1137,
      1137,
      1137,
      1137,
      1137,
      1137,
      1137,
      1137,
      1137,
      1137,
      1137,
      1137,
      1137,
      1137,
      1137,
      1137,
      1137,
      1137,
      1137,
      1137,
      1137,
      0,
      0,
      0,
      0,
      0,
      0,
      0,
      0,
      0,
      0,
      1129,
      1129,
      1129,
      1129,
      1129,
      1129,
      1054,
      0,
      0,
      0,
      1121,
      1121,
      1121,
      1121,
      1121,
      1121,
      1121,
      1121,
      1121,
      1121,
      1121,
      1121,
      1121,
      1121,
      1121,
      1121,
      1121,
      0,
      0,
      0,
      0,
      0,
      0,
      0,
      0,
      0,
      0,
      0,
      0,
      1170,
      0,
      1120,
      1120,
      1120,
      1120,
      1120,
      1120,
      1120,
      1120,
      1104,
      1143,
      1143,
      1143,
      1143,
      1143,
      1143,
      1143,
      1130,
      1130,
      1130,
      1130,
      1130,
      1130,
      1130,
      1131,
      1131,
      1131,
      1131,
      1131,
      1131,
      1131,
      1131,
      1131,
      1122,
      1122,
      1122,
      1122,
      1122,
      1122,
      0,
      0,
      0,
      0,
      0,
      0,
      0,
      0,
      0,
      0,
      0,
      0,
      0,
      0,
      0,
      0,
      0,
      0,
      0,
      0,
      0,
      0,
      0,
      0,
      0,
      0
    ],
    [
      1132,
      1132,
      1132,
      1132,
      1132,
      1132,
      1123,
      1123,
      1123,
      1123,
      1123,
      1123,
      1123,
      1124,
      1124,
      1124,
      1124,
      1124,
      1124,
      1124,
      1124,
      1158,
      1158,
      1158,
      1158,
      0,
      0,
      0,
      0,
      0,
      0,
      0,
      0,
      0,
      0,
      0,
      0,
      0,
      0,
      0,
      0,
      0,
      0,
      0,
      0,
      0,
      0,
      0,
      0,
      0,
      0,
      0,
      0,
      0,
      0,
      0,
      0,
      0,
      0,
      0,
      0,
      1125,
      1125,
      1125,
      1125,
      1125,
      1125,
      1125,
      1125,
      1125,
      1125,
      1117,
      1117,
      1117,
      1117,
      1117,
      1117,
      1117,
      1117,
      1117,
      0,
      0,
      0,
      0,
      0,
      0,
      0,
      0,
      0,
      0,
      0,
      0,
      0,
      1139,
      1139,
      1139,
      1139,
      1139,
      0,
      0,
      0,
      0,
      0,
      0,
      0,
      0,
      0,
      0,
      0,
      0,
      1160,
      1160,
      1160,
      1160,
      1160,
      1160,
      1160,
      1160,
      1160,
      1160,
      1144,
      1144,
      1144,
      1144,
      1144,
      1144,
      1144,
      1144,
      1144,
      1144,
      0,
      0,
      0,
      0,
      1150,
      1150,
      1150,
      1150,
      1154,
      1154,
      1154,
      1154,
      1154,
      1133,
      1133,
      1133,
      1133,
      1133,
      1134,
      1134,
      1134,
      1134,
      1134,
      1134,
      1134,
      0,
      0,
      0,
      0,
      0,
      0,
      0,
      0,
      0,
      0,
      0,
      0,
      0,
      0,
      0,
      0,
      0,
      0,
      0,
      0,
      1126,
      1126,
      1126,
      1126,
      1126,
      1126,
      1126,
      1126,
      1126,
      1126,
      1126,
      1126,
      1126,
      1118,
      1118,
      1118,
      0,
      0,
      0,
      0,
      0,
      0,
      1118,
      1118,
      1118,
      1135,
      1135,
      1135,
      1135,
      1135,
      1135,
      1135,
      1135,
      1135,
      1152,
      1152,
      1152,
      1138,
      1138,
      1138,
      1138,
      1138,
      1138,
      1138,
      1145,
      1115,
      1115,
      1115,
      1115,
      1115,
      0,
      0,
      0,
      0,
      0,
      0,
      0,
      0,
      0,
      0,
      0,
      0,
      0,
      0,
      0,
      0,
      0,
      0,
      0,
      0,
      0,
      0,
      0,
      0,
      0,
      0,
      0,
      0,
      0,
      0,
      0,
      0,
      0,
      0,
      0,
      0,
      0,
      0,
      0,
      0,
      0,
      0,
      0,
      0,
      0,
      0,
      0,
      0,
      0,
      0,
      0,
      0,
      0,
      0,
      0,
      0,
      0,
      0,
      0,
      0,
      1127,
      1127,
      1127,
      1127,
      1127,
      1127,
      1127,
      1127,
      1127,
      1127,
      1127,
      1127,
      1127,
      1127,
      1127,
      1119,
      1119,
      1119,
      1119,
      1119,
      1119,
      0,
      0,
      1128,
      1128,
      1128,
      1128,
      1128,
      1128,
      0,
      0,
      0,
      0,
      0,
      0,
      0,
      0,
      1136,
      1136,
      1136,
      1136,
      1136,
      1136,
      1136,
      1136,
      1136,
      1140,
      1140,
      1140,
      1140,
      1140,
      1140,
      1141,
      1141,
      1141,
      1141,
      1142,
      1142,
      1142,
      1142,
      1142,
      1142,
      1142,
      1142,
      1142,
      1142,
      1146,
      1146,
      1146,
      1146,
      1146,
      1146,
      1146,
      1147,
      1147,
      1147,
      1147,
      1147,
      1147,
      1112,
      0,
      0,
      0,
      0,
      0,
      0,
      0,
      0,
      0,
      0,
      0,
      1137,
      1137,
      1137,
      1137,
      1137,
      1137,
      1137,
      1137,
      1137,
      1137,
      1137,
      1137,
      1137,
      1137,
      1137,
      1137,
      1137,
      1137,
      1137,
      1137,
      1137,
      0,
      0,
      0,
      0,
      0,
      0,
      0,
      0,
      0,
      0,
      1129,
      1129,
      1129,
      1129,
      1129,
      1129,
      0,
      0,
      0,
      0,
      1121,
      1121,
      1121,
      1121,
      1121,
      1121,
      1121,
      1121,
      1121,
      1121,
      1121,
      1121,
      0,
      0,
      0,
      0,
      0,
      0,
      0,
      0,
      0,
      0,
      0,
      0,
      0,
      0,
      0,
      0,
      0,
      1170,
      1170,
      1120,
      1120,
      1120,
      1120,
      1120,
      1120,
      1120,
      1120,
      1143,
      1143,
      1143,
      1143,
      1143,
      1143,
      1143,
      1143,
      1130,
      1130,
      1130,
      1130,
      1130,
      1130,
      1130,
      1131,
      1131,
      1131,
      1131,
      1131,
      1131,
      1131,
      1131,
      1131,
      1148,
      1148,
      1148,
      1148,
      1148,
      1122,
      0,
      0,
      0,
      0,
      0,
      0,
      0,
      0,
      0,
      0,
      0,
      0,
      0,
      0,
      0,
      0,
      0,
      0,
      0,
      0,
      0,
      0,
      0,
      0,
      0,
      0
    ],
    [
      1132,
      1132,
      1132,
      1132,
      1132,
      1132,
      1123,
      1123,
      1123,
      1123,
      1123,
      1123,
      1123,
      1124,
      1124,
      1124,
      1124,
      1124,
      1124,
      1124,
      1124,
      1158,
      1158,
      1158,
      1158,
      0,
      0,
      0,
      0,
      0,
      0,
      0,
      0,
      0,
      0,
      0,
      0,
      0,
      0,
      0,
      0,
      0,
      0,
      0,
      0,
      0,
      0,
      0,
      0,
      0,
      0,
      0,
      0,
      0,
      0,
      0,
      0,
      0,
      0,
      0,
      0,
      0,
      0,
      0,
      0,
      0,
      0,
      0,
      0,
      0,
      0,
      0,
      0,
      1117,
      1117,
      1117,
      1117,
      1117,
      1117,
      0,
      0,
      0,
      0,
      0,
      0,
      0,
      0,
      0,
      0,
      0,
      0,
      0,
      0,
      1139,
      1139,
      1139,
      1139,
      1139,
      0,
      0,
      0,
      0,
      0,
      0,
      0,
      0,
      0,
      0,
      1160,
      1160,
      1160,
      1160,
      1160,
      1160,
      1160,
      1160,
      1160,
      1160,
      1144,
      1144,
      1144,
      1144,
      1144,
      1144,
      1144,
      1144,
      1144,
      1144,
      1144,
      1144,
      0,
      1150,
      1150,
      1150,
      1150,
      1150,
      1150,
      1150,
      1154,
      1154,
      1154,
      1154,
      1154,
      1133,
      1133,
      1133,
      1133,
      1133,
      1133,
      1133,
      1134,
      1134,
      1134,
      1134,
      1134,
      0,
      0,
      0,
      0,
      0,
      0,
      0,
      0,
      0,
      0,
      0,
      0,
      1161,
      1161,
      1161,
      1161,
      1161,
      1161,
      1161,
      1126,
      1126,
      1126,
      1126,
      1126,
      1126,
      1126,
      1126,
      1126,
      1126,
      1126,
      1126,
      1126,
      1126,
      0,
      0,
      0,
      0,
      0,
      0,
      0,
      0,
      0,
      0,
      0,
      0,
      1135,
      1135,
      1135,
      1135,
      1135,
      1135,
      1135,
      1135,
      1135,
      1152,
      1152,
      1152,
      1138,
      1138,
      1138,
      1138,
      1138,
      1138,
      1138,
      1145,
      1145,
      1145,
      1145,
      1145,
      1145,
      1145,
      0,
      0,
      0,
      0,
      0,
      0,
      0,
      0,
      0,
      0,
      0,
      0,
      0,
      0,
      0,
      0,
      0,
      0,
      0,
      0,
      0,
      0,
      0,
      0,
      0,
      0,
      0,
      0,
      0,
      0,
      0,
      0,
      0,
      0,
      0,
      0,
      0,
      0,
      0,
      0,
      0,
      0,
      0,
      0,
      0,
      0,
      0,
      0,
      0,
      0,
      0,
      0,
      0,
      0,
      0,
      0,
      0,
      0,
      0,
      1127,
      1127,
      1127,
      1127,
      1127,
      1127,
      1127,
      1127,
      1127,
      1127,
      1127,
      1127,
      1127,
      1127,
      1119,
      1119,
      1119,
      1119,
      1119,
      1119,
      1119,
      0,
      0,
      1128,
      1128,
      1128,
      1128,
      1128,
      1128,
      0,
      0,
      0,
      0,
      0,
      0,
      0,
      0,
      1136,
      1136,
      1136,
      1136,
      1153,
      1153,
      1153,
      1153,
      1140,
      1140,
      1140,
      1140,
      1140,
      1140,
      1140,
      1141,
      1141,
      1141,
      1141,
      1142,
      1142,
      1142,
      1142,
      1142,
      1142,
      1142,
      1142,
      1142,
      1142,
      1146,
      1146,
      1146,
      1146,
      1146,
      1146,
      1147,
      1147,
      1147,
      1147,
      1147,
      1147,
      1147,
      1112,
      0,
      0,
      0,
      0,
      0,
      0,
      0,
      0,
      0,
      0,
      0,
      1137,
      1137,
      1137,
      1137,
      1137,
      1137,
      1137,
      1137,
      1137,
      1137,
      1137,
      1137,
      1137,
      1137,
      1137,
      1137,
      1137,
      1137,
      1137,
      0,
      0,
      0,
      0,
      0,
      0,
      0,
      0,
      0,
      0,
      0,
      0,
      1129,
      1129,
      1129,
      1129,
      1129,
      1129,
      0,
      0,
      0,
      0,
      0,
      1121,
      1121,
      1121,
      1121,
      1121,
      1121,
      1121,
      1121,
      1121,
      1121,
      1121,
      0,
      0,
      0,
      0,
      0,
      0,
      0,
      0,
      0,
      0,
      0,
      0,
      0,
      0,
      0,
      0,
      0,
      1170,
      1170,
      1120,
      1120,
      1120,
      1120,
      1120,
      1120,
      1120,
      1120,
      1143,
      1143,
      1143,
      1143,
      1143,
      1143,
      1143,
      1143,
      1130,
      1130,
      1130,
      1130,
      1130,
      1130,
      1130,
      1131,
      1131,
      1131,
      1131,
      1131,
      1131,
      1131,
      1131,
      1164,
      1148,
      1148,
      1148,
      1148,
      1148,
      1148,
      0,
      0,
      0,
      0,
      0,
      0,
      0,
      0,
      0,
      0,
      0,
      0,
      0,
      0,
      0,
      0,
      0,
      0,
      0,
      0,
      0,
      0,
      0,
      0,
      0,
      0
    ],
    [
      1132,
      1132,
      1132,
      1132,
      1132,
      1132,
      1132,
      1123,
      1123,
      1123,
      1123,
      1149,
      1149,
      1149,
      1149,
      1149,
      1149,
      1149,
      1124,
      1124,
      1124,
      1158,
      1158,
      1158,
      1158,
      1158,
      0,
      0,
      0,
      0,
      0,
      0,
      0,
      0,
      0,
      0,
      0,
      0,
      0,
      0,
      0,
      0,
      0,
      0,
      0,
      0,
      0,
      0,
      0,
      0,
      0,
      0,
      0,
      0,
      0,
      0,
      0,
      0,
      0,
      0,
      0,
      0,
      0,
      0,
      0,
      0,
      0,
      0,
      0,
      0,
      0,
      0,
      0,
      0,
      0,
      0,
      0,
      0,
      0,
      0,
      0,
      0,
      0,
      0,
      0,
      0,
      0,
      0,
      0,
      0,
      0,
      0,
      0,
      1139,
      1139,
      1139,
      1139,
      1139,
      0,
      0,
      0,
      0,
      0,
      0,
      0,
      1160,
      1160,
      1160,
      1160,
      1160,
      1160,
      1160,
      1160,
      1160,
      1160,
      1160,
      1165,
      1165,
      1166,
      1144,
      1144,
      1144,
      1144,
      1144,
      1144,
      1144,
      1144,
      1144,
      1144,
      1144,
      1150,
      1150,
      1150,
      1150,
      1150,
      1150,
      1150,
      1150,
      1154,
      1154,
      1154,
      1154,
      1154,
      1154,
      1133,
      1133,
      1133,
      1133,
      1133,
      1133,
      1133,
      1134,
      1134,
      1134,
      1134,
      0,
      0,
      0,
      0,
      0,
      0,
      0,
      0,
      0,
      0,
      1161,
      1161,
      1161,
      1161,
      1161,
      1161,
      1161,
      1161,
      1161,
      1151,
      1151,
      1151,
      1151,
      1151,
      1151,
      1151,
      1151,
      1151,
      1151,
      1151,
      1151,
      0,
      0,
      0,
      0,
      0,
      0,
      0,
      0,
      0,
      0,
      0,
      0,
      0,
      0,
      1135,
      1135,
      1152,
      1152,
      1152,
      1152,
      1152,
      1152,
      1152,
      1152,
      1152,
      1152,
      1138,
      1138,
      1138,
      1138,
      1138,
      1138,
      1138,
      1145,
      1145,
      1145,
      1145,
      1145,
      1145,
      1145,
      0,
      0,
      0,
      0,
      0,
      0,
      0,
      0,
      0,
      0,
      0,
      0,
      0,
      0,
      0,
      0,
      0,
      0,
      0,
      0,
      0,
      0,
      0,
      0,
      1156,
      1156,
      1156,
      1156,
      1156,
      1156,
      0,
      0,
      0,
      0,
      0,
      0,
      0,
      0,
      0,
      0,
      0,
      0,
      0,
      0,
      0,
      0,
      1159,
      1159,
      1159,
      1159,
      1159,
      1159,
      1159,
      0,
      0,
      0,
      0,
      0,
      0,
      0,
      1127,
      1127,
      1127,
      1127,
      1127,
      1127,
      1127,
      1127,
      1127,
      1127,
      1127,
      1127,
      1127,
      1119,
      1119,
      1119,
      1119,
      1119,
      1119,
      1119,
      0,
      0,
      0,
      0,
      0,
      0,
      0,
      0,
      0,
      0,
      0,
      0,
      0,
      0,
      0,
      0,
      1136,
      1136,
      1136,
      1153,
      1153,
      1153,
      1153,
      1153,
      1153,
      1153,
      1140,
      1140,
      1140,
      1140,
      1140,
      1141,
      1141,
      1141,
      1141,
      1142,
      1142,
      1142,
      1142,
      1142,
      1142,
      1142,
      1142,
      1142,
      1142,
      1146,
      1146,
      1146,
      1146,
      1146,
      1146,
      1147,
      1147,
      1147,
      1147,
      1147,
      1147,
      1147,
      1112,
      0,
      0,
      0,
      0,
      0,
      0,
      0,
      0,
      0,
      0,
      0,
      1137,
      1137,
      1137,
      1137,
      1137,
      1137,
      1137,
      1137,
      1137,
      1137,
      1137,
      1137,
      1137,
      1137,
      1137,
      0,
      0,
      0,
      0,
      0,
      0,
      0,
      0,
      0,
      0,
      0,
      0,
      0,
      0,
      0,
      0,
      0,
      0,
      0,
      0,
      0,
      0,
      0,
      0,
      0,
      0,
      0,
      1121,
      1121,
      1121,
      1121,
      1121,
      1121,
      1121,
      1121,
      1121,
      0,
      0,
      0,
      0,
      0,
      0,
      0,
      0,
      0,
      0,
      0,
      0,
      0,
      0,
      0,
      0,
      1170,
      1170,
      1170,
      1170,
      1170,
      1170,
      1170,
      1170,
      1170,
      1170,
      1170,
      1120,
      1120,
      1143,
      1143,
      1143,
      1143,
      1143,
      1143,
      1143,
      1143,
      1130,
      1130,
      1130,
      1130,
      1130,
      1130,
      1164,
      1164,
      1164,
      1164,
      1131,
      1131,
      1131,
      1131,
      1131,
      1164,
      1148,
      1148,
      1148,
      1148,
      1148,
      1148,
      0,
      0,
      0,
      0,
      0,
      0,
      0,
      0,
      0,
      0,
      0,
      0,
      0,
      0,
      0,
      0,
      0,
      0,
      0,
      0,
      0,
      0,
      0,
      0,
      0,
      0
    ],
    [
      1157,
      1157,
      1157,
      1157,
      1157,
      1157,
      1157,
      1123,
      1123,
      1123,
      1123,
      1149,
      1149,
      1149,
      1149,
      1149,
      1149,
      1149,
      1149,
      1124,
      1124,
      1158,
      1158,
      1158,
      1158,
      1158,
      1158,
      0,
      0,
      0,
      0,
      0,
      0,
      0,
      0,
      0,
      0,
      0,
      0,
      0,
      0,
      0,
      0,
      0,
      0,
      0,
      0,
      0,
      0,
      0,
      0,
      0,
      0,
      0,
      0,
      0,
      0,
      0,
      0,
      0,
      0,
      0,
      0,
      0,
      0,
      0,
      0,
      0,
      0,
      0,
      0,
      0,
      0,
      0,
      0,
      0,
      0,
      0,
      0,
      0,
      0,
      0,
      0,
      0,
      0,
      0,
      0,
      0,
      0,
      0,
      0,
      0,
      1139,
      1139,
      1139,
      1139,
      1139,
      1139,
      1139,
      0,
      0,
      0,
      0,
      0,
      1160,
      1160,
      1160,
      1160,
      1160,
      1160,
      1160,
      1160,
      1160,
      1160,
      1160,
      1160,
      1165,
      1165,
      1166,
      1166,
      1144,
      1144,
      1144,
      1144,
      1144,
      1144,
      1144,
      1144,
      1144,
      1144,
      1150,
      1150,
      1150,
      1150,
      1150,
      1150,
      1150,
      1150,
      1154,
      1154,
      1154,
      1154,
      1154,
      1154,
      1154,
      1133,
      1133,
      1133,
      1133,
      1133,
      1133,
      1155,
      1155,
      1155,
      1155,
      0,
      0,
      0,
      0,
      0,
      0,
      0,
      0,
      0,
      0,
      1161,
      1161,
      1161,
      1161,
      1161,
      1161,
      1161,
      1151,
      1151,
      1151,
      1151,
      1151,
      1151,
      1151,
      1151,
      1151,
      1151,
      1151,
      1151,
      1151,
      1151,
      0,
      0,
      0,
      0,
      0,
      0,
      0,
      0,
      0,
      0,
      0,
      0,
      0,
      0,
      0,
      1152,
      1152,
      1152,
      1152,
      1152,
      1152,
      1152,
      1152,
      1152,
      1152,
      1152,
      1138,
      1138,
      1138,
      1138,
      1138,
      1138,
      1138,
      1145,
      1145,
      1145,
      1145,
      1145,
      1145,
      1145,
      1173,
      1173,
      0,
      0,
      0,
      0,
      0,
      0,
      0,
      0,
      0,
      0,
      0,
      0,
      0,
      0,
      0,
      0,
      0,
      0,
      0,
      0,
      0,
      1156,
      1156,
      1156,
      1156,
      1156,
      1156,
      1156,
      0,
      0,
      0,
      0,
      0,
      0,
      0,
      0,
      0,
      0,
      0,
      0,
      0,
      0,
      0,
      1159,
      1159,
      1159,
      1159,
      1159,
      1159,
      1159,
      1159,
      1159,
      0,
      0,
      0,
      0,
      0,
      0,
      0,
      1127,
      1127,
      1127,
      1127,
      1127,
      1127,
      1127,
      1127,
      1127,
      1127,
      1127,
      1127,
      1119,
      1119,
      1119,
      1119,
      1119,
      1119,
      1119,
      0,
      0,
      0,
      0,
      0,
      0,
      0,
      0,
      0,
      0,
      0,
      0,
      0,
      0,
      0,
      0,
      1136,
      1136,
      1136,
      1153,
      1153,
      1153,
      1153,
      1153,
      1153,
      1153,
      1140,
      1140,
      1140,
      1140,
      1140,
      1141,
      1141,
      1141,
      1141,
      1142,
      1142,
      1142,
      1142,
      1142,
      1142,
      1142,
      1142,
      1142,
      1142,
      1146,
      1146,
      1146,
      1146,
      1146,
      1146,
      1147,
      1147,
      1147,
      1147,
      1147,
      1147,
      1147,
      1186,
      0,
      0,
      0,
      0,
      0,
      0,
      0,
      0,
      0,
      0,
      0,
      0,
      1137,
      1137,
      1137,
      1137,
      1137,
      1137,
      1137,
      1137,
      1137,
      1137,
      1137,
      1137,
      1137,
      1137,
      0,
      0,
      0,
      0,
      0,
      0,
      0,
      0,
      0,
      0,
      0,
      0,
      0,
      0,
      0,
      0,
      0,
      0,
      0,
      0,
      0,
      0,
      0,
      0,
      0,
      0,
      0,
      1121,
      1121,
      1121,
      1121,
      1121,
      1121,
      1121,
      1121,
      0,
      0,
      0,
      0,
      0,
      0,
      0,
      0,
      0,
      0,
      0,
      0,
      0,
      0,
      0,
      0,
      0,
      1170,
      1170,
      1170,
      1170,
      1170,
      1170,
      1170,
      1170,
      1170,
      1170,
      1170,
      1120,
      1120,
      1143,
      1143,
      1143,
      1143,
      1143,
      1143,
      1143,
      1143,
      1130,
      1130,
      1130,
      1164,
      1164,
      1164,
      1164,
      1164,
      1164,
      1164,
      1131,
      1164,
      1131,
      1131,
      1131,
      1164,
      1148,
      1148,
      1148,
      1148,
      1148,
      1148,
      0,
      0,
      0,
      0,
      0,
      0,
      0,
      0,
      0,
      0,
      0,
      0,
      0,
      0,
      0,
      0,
      0,
      0,
      0,
      0,
      0,
      0,
      0,
      0,
      0,
      0
    ],
    [
      1157,
      1157,
      1157,
      1157,
      1157,
      1157,
      1157,
      1157,
      1123,
      1123,
      1123,
      1149,
      1149,
      1149,
      1149,
      1149,
      1149,
      1149,
      1149,
      1124,
      1124,
      1158,
      1158,
      1158,
      1158,
      1158,
      1158,
      1158,
      0,
      0,
      0,
      0,
      0,
      0,
      0,
      0,
      0,
      0,
      0,
      0,
      0,
      0,
      0,
      0,
      0,
      0,
      0,
      0,
      0,
      0,
      0,
      0,
      0,
      0,
      0,
      0,
      0,
      0,
      0,
      0,
      0,
      0,
      0,
      0,
      0,
      0,
      0,
      0,
      0,
      0,
      0,
      0,
      0,
      0,
      0,
      0,
      0,
      0,
      0,
      0,
      0,
      0,
      0,
      0,
      0,
      0,
      0,
      0,
      0,
      0,
      0,
      0,
      1139,
      1139,
      1139,
      1139,
      1139,
      1139,
      0,
      0,
      0,
      0,
      0,
      1160,
      1160,
      1160,
      1160,
      1160,
      1160,
      1160,
      1160,
      1160,
      1160,
      1160,
      1160,
      1165,
      1165,
      1165,
      1166,
      1166,
      1144,
      1144,
      1144,
      1144,
      1144,
      1144,
      1144,
      1144,
      1144,
      1144,
      1144,
      1150,
      1150,
      1150,
      1150,
      1150,
      1150,
      1150,
      1154,
      1154,
      1154,
      1154,
      1154,
      1154,
      1154,
      1154,
      1133,
      1133,
      1155,
      1155,
      1155,
      1155,
      1155,
      1155,
      1155,
      0,
      0,
      0,
      0,
      0,
      0,
      0,
      0,
      0,
      0,
      0,
      1161,
      1161,
      1161,
      1161,
      1161,
      1161,
      1161,
      1161,
      1161,
      1161,
      1151,
      1151,
      1151,
      1151,
      1151,
      1151,
      1151,
      1151,
      1151,
      1151,
      0,
      0,
      0,
      0,
      0,
      0,
      0,
      0,
      0,
      0,
      0,
      0,
      0,
      0,
      0,
      0,
      0,
      1152,
      1152,
      1152,
      1152,
      1152,
      1152,
      1152,
      1152,
      1152,
      1152,
      1138,
      1138,
      1138,
      1138,
      1138,
      1138,
      1145,
      1145,
      1145,
      1145,
      1145,
      1145,
      1145,
      1173,
      1173,
      1173,
      0,
      0,
      0,
      0,
      0,
      0,
      0,
      0,
      0,
      0,
      0,
      0,
      0,
      0,
      0,
      0,
      0,
      0,
      0,
      1162,
      1156,
      1156,
      1156,
      1156,
      1156,
      1156,
      1156,
      0,
      0,
      0,
      0,
      0,
      0,
      0,
      0,
      0,
      0,
      0,
      0,
      0,
      1198,
      1159,
      1159,
      1159,
      1159,
      1159,
      1159,
      1159,
      1159,
      1159,
      1159,
      0,
      0,
      0,
      0,
      0,
      0,
      0,
      0,
      0,
      1127,
      1127,
      1127,
      1127,
      1127,
      1127,
      1127,
      1127,
      1119,
      1119,
      1119,
      1119,
      1119,
      1119,
      1119,
      1119,
      1119,
      0,
      0,
      0,
      0,
      0,
      0,
      0,
      0,
      0,
      0,
      0,
      0,
      0,
      0,
      0,
      0,
      0,
      0,
      1136,
      1153,
      1153,
      1153,
      1153,
      1153,
      1153,
      1153,
      1140,
      1140,
      1141,
      1141,
      1141,
      1141,
      1141,
      1141,
      1141,
      1142,
      1142,
      1142,
      1142,
      1142,
      1142,
      1142,
      1142,
      1142,
      1142,
      1146,
      1146,
      1146,
      1146,
      1146,
      1146,
      1147,
      1147,
      1147,
      1147,
      1147,
      1147,
      1147,
      1186,
      0,
      0,
      0,
      0,
      0,
      0,
      0,
      0,
      0,
      0,
      0,
      0,
      1137,
      1137,
      1137,
      1137,
      1137,
      1137,
      1137,
      1137,
      1137,
      1137,
      1137,
      1137,
      1137,
      0,
      0,
      0,
      0,
      0,
      0,
      0,
      0,
      0,
      0,
      0,
      0,
      0,
      0,
      0,
      0,
      0,
      0,
      0,
      0,
      0,
      0,
      0,
      0,
      0,
      0,
      0,
      0,
      1121,
      1121,
      1121,
      1121,
      1121,
      1121,
      1121,
      1121,
      0,
      0,
      0,
      0,
      0,
      0,
      0,
      0,
      0,
      0,
      0,
      0,
      0,
      0,
      1170,
      1170,
      1170,
      1170,
      1170,
      1170,
      1170,
      1170,
      1170,
      1170,
      1170,
      1170,
      1170,
      1170,
      1170,
      1170,
      1170,
      1143,
      1143,
      1143,
      1143,
      1143,
      1143,
      1143,
      1130,
      1164,
      1164,
      1164,
      1164,
      1164,
      1164,
      1164,
      1164,
      1164,
      1164,
      1164,
      1164,
      1164,
      1164,
      1164,
      1148,
      1148,
      1148,
      1148,
      1148,
      1148,
      0,
      0,
      0,
      0,
      0,
      0,
      0,
      0,
      0,
      0,
      0,
      0,
      0,
      0,
      0,
      0,
      0,
      0,
      0,
      0,
      0,
      0,
      0,
      0,
      0,
      0
    ],
    [
      1157,
      1157,
      1157,
      1157,
      1157,
      1157,
      1157,
      1157,
      1123,
      1123,
      1123,
      1149,
      1149,
      1149,
      1149,
      1149,
      1149,
      1149,
      1149,
      1124,
      1124,
      1158,
      1158,
      1158,
      1158,
      1158,
      1158,
      1158,
      1182,
      0,
      0,
      0,
      0,
      0,
      0,
      0,
      0,
      0,
      0,
      0,
      0,
      0,
      0,
      0,
      0,
      0,
      0,
      0,
      0,
      0,
      0,
      0,
      0,
      0,
      0,
      0,
      0,
      0,
      0,
      0,
      0,
      0,
      0,
      0,
      0,
      0,
      0,
      0,
      0,
      0,
      0,
      0,
      0,
      0,
      0,
      0,
      0,
      0,
      0,
      0,
      0,
      0,
      0,
      0,
      0,
      0,
      0,
      0,
      0,
      0,
      0,
      0,
      0,
      0,
      0,
      0,
      0,
      0,
      0,
      0,
      0,
      0,
      0,
      1160,
      1160,
      1160,
      1160,
      1160,
      1160,
      1165,
      1165,
      1165,
      1165,
      1160,
      1160,
      1165,
      1165,
      1165,
      1166,
      1166,
      1144,
      1144,
      1144,
      1144,
      1144,
      1144,
      1144,
      1144,
      1144,
      1144,
      1144,
      1150,
      1150,
      1150,
      1150,
      1150,
      1150,
      1150,
      1154,
      1154,
      1154,
      1154,
      1154,
      1154,
      1154,
      1154,
      1133,
      1133,
      1155,
      1155,
      1155,
      1155,
      1155,
      1155,
      1155,
      0,
      0,
      0,
      0,
      0,
      0,
      0,
      0,
      0,
      0,
      0,
      0,
      1161,
      1161,
      1161,
      1161,
      1161,
      1161,
      1161,
      1161,
      1161,
      1151,
      1151,
      1151,
      1151,
      1151,
      1151,
      1151,
      0,
      0,
      0,
      0,
      0,
      0,
      0,
      0,
      0,
      0,
      0,
      0,
      0,
      0,
      0,
      0,
      0,
      0,
      0,
      0,
      1152,
      1152,
      1152,
      1152,
      1152,
      1152,
      1152,
      1152,
      1152,
      1152,
      1152,
      1138,
      1138,
      1138,
      1138,
      1145,
      1145,
      1145,
      1145,
      1145,
      1145,
      1145,
      1145,
      1173,
      1173,
      1173,
      1173,
      0,
      0,
      0,
      0,
      0,
      0,
      0,
      0,
      0,
      0,
      0,
      0,
      0,
      1162,
      0,
      0,
      0,
      0,
      1162,
      1156,
      1156,
      1156,
      1156,
      1156,
      1156,
      1156,
      0,
      0,
      0,
      0,
      0,
      0,
      0,
      0,
      0,
      0,
      0,
      0,
      1198,
      1198,
      1159,
      1159,
      1159,
      1159,
      1159,
      1159,
      1159,
      1159,
      1159,
      1159,
      0,
      0,
      0,
      0,
      0,
      0,
      0,
      0,
      0,
      1127,
      1127,
      1127,
      1127,
      1127,
      1127,
      1127,
      1168,
      1168,
      1168,
      1168,
      1168,
      1168,
      1168,
      1119,
      1119,
      1119,
      0,
      0,
      0,
      0,
      0,
      0,
      0,
      0,
      0,
      0,
      0,
      0,
      0,
      0,
      0,
      0,
      0,
      0,
      1136,
      1153,
      1153,
      1153,
      1153,
      1153,
      1153,
      1153,
      1140,
      1140,
      1141,
      1141,
      1141,
      1141,
      1141,
      1141,
      1141,
      1179,
      1142,
      1142,
      1142,
      1142,
      1142,
      1142,
      1142,
      1142,
      1142,
      1146,
      1146,
      1146,
      1146,
      1146,
      1146,
      1147,
      1147,
      1147,
      1147,
      1147,
      1186,
      1186,
      1186,
      0,
      0,
      0,
      0,
      0,
      0,
      0,
      0,
      0,
      0,
      0,
      0,
      0,
      0,
      1137,
      1137,
      1137,
      1137,
      1137,
      1137,
      1137,
      1137,
      1137,
      1137,
      0,
      0,
      0,
      0,
      0,
      0,
      0,
      0,
      0,
      0,
      0,
      0,
      0,
      0,
      0,
      0,
      0,
      0,
      0,
      0,
      0,
      0,
      0,
      0,
      0,
      0,
      0,
      0,
      0,
      1121,
      1121,
      1121,
      1121,
      1121,
      1121,
      0,
      0,
      0,
      0,
      0,
      0,
      0,
      0,
      0,
      0,
      0,
      0,
      0,
      0,
      0,
      1170,
      1170,
      1170,
      1170,
      1170,
      1170,
      1170,
      1170,
      1170,
      1170,
      1170,
      1170,
      1170,
      1170,
      1170,
      1170,
      1170,
      1170,
      1170,
      1143,
      1143,
      1143,
      1143,
      1143,
      1143,
      1164,
      1164,
      1164,
      1164,
      1164,
      1164,
      1164,
      1164,
      1164,
      1164,
      1164,
      1164,
      1164,
      1164,
      1164,
      1164,
      1148,
      1148,
      1148,
      1148,
      1148,
      1148,
      0,
      0,
      0,
      0,
      0,
      0,
      0,
      0,
      0,
      0,
      0,
      0,
      0,
      0,
      0,
      0,
      0,
      0,
      0,
      0,
      0,
      0,
      0,
      0,
      0,
      0
    ],
    [
      1157,
      1157,
      1157,
      1157,
      1157,
      1157,
      1157,
      1157,
      1157,
      1157,
      1123,
      1149,
      1149,
      1149,
      1149,
      1149,
      1149,
      1149,
      1149,
      1182,
      1182,
      1158,
      1158,
      1158,
      1158,
      1158,
      1158,
      1158,
      1182,
      1182,
      0,
      0,
      0,
      0,
      0,
      0,
      0,
      0,
      0,
      0,
      0,
      0,
      0,
      0,
      0,
      0,
      0,
      0,
      0,
      0,
      0,
      0,
      0,
      0,
      0,
      0,
      0,
      0,
      0,
      0,
      0,
      0,
      0,
      0,
      0,
      0,
      0,
      0,
      0,
      0,
      0,
      0,
      0,
      0,
      0,
      0,
      0,
      0,
      0,
      0,
      0,
      0,
      0,
      0,
      0,
      0,
      0,
      0,
      0,
      0,
      0,
      0,
      1171,
      0,
      0,
      0,
      0,
      0,
      0,
      0,
      0,
      0,
      1160,
      1160,
      1160,
      1160,
      1160,
      1160,
      1165,
      1165,
      1165,
      1165,
      1165,
      1165,
      1165,
      1165,
      1165,
      1165,
      1166,
      1166,
      1144,
      1144,
      1144,
      1144,
      1144,
      1144,
      1144,
      1144,
      1144,
      1144,
      1150,
      1150,
      1150,
      1150,
      1150,
      1150,
      1150,
      1150,
      1154,
      1154,
      1154,
      1154,
      1154,
      1154,
      1154,
      1154,
      1154,
      1176,
      1155,
      1155,
      1155,
      1155,
      1155,
      1155,
      1155,
      0,
      0,
      0,
      0,
      0,
      1177,
      1167,
      1167,
      1167,
      1167,
      1167,
      1167,
      1167,
      1161,
      1161,
      1161,
      1161,
      1161,
      1161,
      1161,
      1161,
      1151,
      1151,
      1151,
      1151,
      1151,
      1151,
      1151,
      0,
      0,
      0,
      0,
      0,
      0,
      0,
      0,
      0,
      0,
      0,
      0,
      0,
      0,
      0,
      0,
      0,
      0,
      0,
      0,
      0,
      0,
      1152,
      1152,
      1152,
      1152,
      1152,
      1172,
      1172,
      1172,
      1172,
      1138,
      1138,
      1138,
      1138,
      1145,
      1145,
      1145,
      1145,
      1145,
      1145,
      1145,
      1145,
      1173,
      1173,
      1173,
      1173,
      1173,
      0,
      0,
      0,
      0,
      0,
      0,
      1173,
      1173,
      1173,
      1162,
      1162,
      1162,
      1162,
      1162,
      1162,
      1162,
      1162,
      1162,
      1156,
      1156,
      1156,
      1156,
      1156,
      1156,
      1156,
      0,
      0,
      0,
      0,
      0,
      0,
      0,
      0,
      0,
      0,
      0,
      0,
      1198,
      1198,
      1159,
      1159,
      1159,
      1159,
      1159,
      1159,
      1159,
      1159,
      1159,
      1159,
      0,
      0,
      0,
      0,
      0,
      0,
      0,
      0,
      0,
      0,
      1127,
      1127,
      1127,
      1127,
      1127,
      1168,
      1168,
      1168,
      1168,
      1168,
      1168,
      1168,
      1168,
      1168,
      1119,
      1119,
      0,
      0,
      0,
      0,
      0,
      0,
      0,
      0,
      0,
      0,
      0,
      0,
      0,
      0,
      0,
      0,
      0,
      0,
      1136,
      1153,
      1153,
      1153,
      1153,
      1153,
      1153,
      1153,
      1140,
      1140,
      1179,
      1179,
      1179,
      1179,
      1179,
      1179,
      1179,
      1179,
      1163,
      1163,
      1163,
      1163,
      1163,
      1163,
      1163,
      1174,
      1174,
      1146,
      1146,
      1146,
      1146,
      1146,
      1146,
      1146,
      1146,
      1146,
      1146,
      1186,
      1186,
      1186,
      1186,
      0,
      0,
      0,
      0,
      0,
      0,
      0,
      0,
      0,
      0,
      0,
      0,
      0,
      0,
      0,
      0,
      0,
      1137,
      1137,
      1137,
      1137,
      1137,
      1137,
      1137,
      0,
      0,
      0,
      0,
      0,
      0,
      0,
      0,
      0,
      0,
      0,
      0,
      0,
      0,
      0,
      0,
      0,
      0,
      0,
      0,
      0,
      0,
      0,
      0,
      0,
      0,
      0,
      0,
      0,
      0,
      0,
      1121,
      1121,
      1121,
      1121,
      0,
      0,
      0,
      0,
      0,
      0,
      0,
      0,
      0,
      0,
      0,
      0,
      0,
      0,
      1170,
      1170,
      1170,
      1170,
      1170,
      1170,
      1170,
      1170,
      1170,
      1170,
      1170,
      1170,
      1170,
      1170,
      1170,
      1170,
      1170,
      1170,
      1170,
      1170,
      1170,
      1170,
      1164,
      1164,
      1164,
      1164,
      1164,
      1164,
      1164,
      1164,
      1164,
      1164,
      1164,
      1164,
      1164,
      1164,
      1164,
      1164,
      1164,
      1164,
      1164,
      1164,
      1164,
      1164,
      1164,
      1164,
      1164,
      1164,
      0,
      0,
      0,
      0,
      0,
      0,
      0,
      0,
      0,
      0,
      0,
      0,
      0,
      0,
      0,
      0,
      0,
      0,
      0,
      0,
      0,
      0,
      0,
      0,
      0,
      0
    ],
    [
      1157,
      1157,
      1157,
      1157,
      1157,
      1157,
      1157,
      1157,
      1157,
      1157,
      1157,
      1149,
      1149,
      1149,
      1149,
      1149,
      1149,
      1149,
      1149,
      1182,
      1182,
      1158,
      1158,
      1158,
      1158,
      1158,
      1158,
      1158,
      1182,
      1182,
      0,
      0,
      0,
      0,
      0,
      0,
      0,
      0,
      0,
      0,
      0,
      0,
      0,
      0,
      0,
      0,
      0,
      0,
      0,
      0,
      0,
      0,
      0,
      0,
      0,
      0,
      0,
      0,
      0,
      0,
      0,
      0,
      0,
      0,
      0,
      0,
      0,
      0,
      0,
      0,
      0,
      0,
      0,
      0,
      0,
      0,
      0,
      0,
      0,
      0,
      0,
      0,
      0,
      0,
      0,
      0,
      0,
      0,
      0,
      0,
      0,
      1171,
      1171,
      1171,
      0,
      0,
      0,
      0,
      0,
      0,
      0,
      0,
      1160,
      1160,
      1160,
      1160,
      1160,
      1160,
      1165,
      1165,
      1165,
      1165,
      1165,
      1165,
      1165,
      1165,
      1165,
      1165,
      1166,
      1166,
      1166,
      1166,
      1166,
      1166,
      1166,
      1166,
      1166,
      1166,
      1166,
      1166,
      1190,
      1190,
      1190,
      1190,
      1190,
      1190,
      1150,
      1150,
      1154,
      1154,
      1154,
      1154,
      1154,
      1154,
      1154,
      1154,
      1154,
      1176,
      1176,
      1155,
      1155,
      1155,
      1155,
      1155,
      1155,
      1177,
      1177,
      1177,
      1177,
      1177,
      1177,
      1167,
      1167,
      1167,
      1167,
      1167,
      1167,
      1167,
      1161,
      1161,
      1161,
      1161,
      1161,
      1161,
      1161,
      1161,
      1151,
      1151,
      0,
      0,
      0,
      0,
      0,
      0,
      0,
      0,
      0,
      0,
      0,
      0,
      0,
      0,
      0,
      0,
      0,
      0,
      0,
      0,
      0,
      0,
      0,
      0,
      0,
      0,
      0,
      0,
      1152,
      1152,
      1152,
      1152,
      1172,
      1172,
      1172,
      1172,
      1138,
      1138,
      1138,
      1138,
      1145,
      1145,
      1145,
      1145,
      1145,
      1145,
      1145,
      1145,
      1173,
      1173,
      1173,
      1173,
      1173,
      0,
      0,
      0,
      0,
      0,
      0,
      1173,
      1173,
      1173,
      1162,
      1162,
      1162,
      1162,
      1162,
      1162,
      1162,
      1162,
      1162,
      1156,
      1156,
      1156,
      1156,
      1156,
      1156,
      1156,
      0,
      0,
      0,
      0,
      0,
      0,
      0,
      0,
      0,
      0,
      0,
      0,
      1198,
      1198,
      1159,
      1159,
      1159,
      1159,
      1159,
      1159,
      1159,
      1159,
      1159,
      1159,
      0,
      0,
      0,
      0,
      0,
      0,
      0,
      0,
      0,
      0,
      1127,
      1127,
      1127,
      1127,
      1127,
      1168,
      1168,
      1168,
      1168,
      1168,
      1168,
      1168,
      1168,
      1168,
      1119,
      1119,
      0,
      0,
      0,
      0,
      0,
      0,
      0,
      0,
      0,
      0,
      0,
      0,
      0,
      0,
      0,
      0,
      0,
      0,
      1136,
      1153,
      1153,
      1153,
      1153,
      1153,
      1153,
      1153,
      1140,
      1179,
      1179,
      1179,
      1179,
      1179,
      1179,
      1179,
      1179,
      1179,
      1179,
      1163,
      1163,
      1163,
      1163,
      1163,
      1163,
      1174,
      1174,
      1174,
      1174,
      1174,
      1174,
      1174,
      1174,
      1174,
      1174,
      1174,
      1186,
      1186,
      1186,
      1186,
      1186,
      1186,
      1186,
      1186,
      1186,
      1169,
      1169,
      1169,
      1169,
      1169,
      1169,
      1169,
      1169,
      1169,
      1169,
      1169,
      1169,
      1169,
      1169,
      1169,
      1169,
      1169,
      1169,
      1169,
      0,
      0,
      0,
      0,
      0,
      0,
      0,
      0,
      0,
      0,
      0,
      0,
      0,
      0,
      0,
      0,
      0,
      0,
      0,
      0,
      0,
      0,
      0,
      0,
      0,
      0,
      0,
      0,
      0,
      0,
      0,
      0,
      1121,
      1121,
      1121,
      1121,
      0,
      0,
      0,
      0,
      0,
      0,
      0,
      0,
      0,
      0,
      0,
      0,
      0,
      0,
      1170,
      1170,
      1170,
      1170,
      1170,
      1170,
      1170,
      1170,
      1170,
      1170,
      1170,
      1170,
      1170,
      1170,
      1170,
      1170,
      1170,
      1170,
      1170,
      1170,
      1170,
      1170,
      1164,
      1164,
      1164,
      1164,
      1164,
      1164,
      1164,
      1164,
      1164,
      1164,
      1164,
      1164,
      1164,
      1164,
      1164,
      1164,
      1164,
      1164,
      1164,
      1164,
      1164,
      1164,
      1164,
      1164,
      1164,
      0,
      0,
      0,
      0,
      0,
      0,
      0,
      0,
      0,
      0,
      0,
      0,
      0,
      0,
      0,
      0,
      0,
      0,
      0,
      0,
      0,
      0,
      0,
      0,
      0,
      0,
      0
    ],
    [
      1157,
      1157,
      1157,
      1157,
      1157,
      1157,
      1157,
      1157,
      1157,
      1157,
      1157,
      1157,
      1149,
      1149,
      1149,
      1149,
      1149,
      1149,
      1200,
      1182,
      1182,
      1158,
      1158,
      1158,
      1158,
      1158,
      1158,
      1158,
      1182,
      1182,
      0,
      0,
      0,
      0,
      0,
      0,
      0,
      0,
      0,
      0,
      0,
      0,
      0,
      0,
      0,
      0,
      0,
      0,
      0,
      0,
      0,
      0,
      0,
      0,
      0,
      0,
      0,
      0,
      0,
      0,
      1201,
      1201,
      1201,
      1201,
      0,
      0,
      0,
      0,
      0,
      0,
      0,
      0,
      0,
      0,
      0,
      0,
      0,
      0,
      0,
      0,
      0,
      0,
      0,
      0,
      0,
      0,
      0,
      0,
      0,
      0,
      0,
      1171,
      1171,
      1171,
      0,
      0,
      0,
      0,
      0,
      0,
      0,
      0,
      1160,
      1160,
      1160,
      1160,
      1160,
      1165,
      1165,
      1165,
      1165,
      1165,
      1165,
      1165,
      1165,
      1165,
      1165,
      1165,
      1166,
      1166,
      1166,
      1166,
      1166,
      1166,
      1166,
      1166,
      1166,
      1166,
      1190,
      1190,
      1190,
      1190,
      1190,
      1190,
      1190,
      1190,
      1190,
      1150,
      1154,
      1154,
      1154,
      1154,
      1154,
      1154,
      1154,
      1154,
      1154,
      1176,
      1176,
      1176,
      1176,
      1176,
      1177,
      1177,
      1177,
      1177,
      1177,
      1177,
      1177,
      1177,
      1177,
      1167,
      1167,
      1167,
      1167,
      1167,
      1167,
      1167,
      1210,
      1210,
      1210,
      1161,
      1161,
      1161,
      1161,
      1161,
      1151,
      0,
      0,
      0,
      0,
      0,
      0,
      0,
      0,
      0,
      0,
      0,
      0,
      0,
      0,
      0,
      0,
      0,
      0,
      0,
      0,
      0,
      0,
      0,
      0,
      0,
      0,
      0,
      0,
      0,
      1152,
      1152,
      1152,
      1152,
      1172,
      1172,
      1172,
      1172,
      1138,
      1138,
      1138,
      1138,
      1197,
      1197,
      1197,
      1197,
      1173,
      1173,
      1173,
      1173,
      1173,
      1173,
      1173,
      1173,
      1173,
      1173,
      1173,
      1173,
      1173,
      1173,
      1173,
      1173,
      1173,
      1173,
      1162,
      1162,
      1162,
      1162,
      1162,
      1162,
      1162,
      1162,
      1162,
      1156,
      1156,
      1156,
      1156,
      1156,
      0,
      0,
      0,
      0,
      0,
      0,
      0,
      0,
      0,
      0,
      0,
      0,
      0,
      0,
      1198,
      1198,
      1159,
      1159,
      1159,
      1159,
      1159,
      1159,
      1159,
      1159,
      1159,
      1159,
      0,
      0,
      0,
      0,
      0,
      0,
      0,
      0,
      0,
      0,
      1216,
      1127,
      1127,
      1127,
      1127,
      1168,
      1168,
      1168,
      1168,
      1168,
      1168,
      1168,
      1168,
      1168,
      1119,
      1119,
      0,
      0,
      0,
      0,
      0,
      0,
      0,
      0,
      0,
      0,
      0,
      0,
      0,
      0,
      0,
      0,
      0,
      0,
      1153,
      1153,
      1153,
      1153,
      1153,
      1153,
      1178,
      1178,
      1179,
      1179,
      1179,
      1179,
      1179,
      1179,
      1179,
      1179,
      1179,
      1179,
      1179,
      1163,
      1163,
      1163,
      1163,
      1163,
      1163,
      1174,
      1174,
      1174,
      1174,
      1174,
      1174,
      1174,
      1174,
      1174,
      1174,
      1174,
      1186,
      1186,
      1186,
      1186,
      1186,
      1186,
      1186,
      1186,
      1186,
      1186,
      1186,
      1169,
      1169,
      1169,
      1169,
      1169,
      1175,
      1175,
      1175,
      1175,
      1175,
      1175,
      1175,
      1175,
      1175,
      1175,
      1175,
      1191,
      1191,
      1191,
      1191,
      1191,
      1191,
      0,
      0,
      0,
      0,
      0,
      0,
      0,
      0,
      0,
      0,
      0,
      0,
      0,
      0,
      0,
      0,
      0,
      0,
      0,
      0,
      0,
      0,
      0,
      0,
      0,
      0,
      0,
      1121,
      1121,
      1121,
      1121,
      0,
      0,
      0,
      0,
      0,
      0,
      0,
      0,
      0,
      0,
      0,
      0,
      0,
      0,
      1170,
      1170,
      1170,
      1170,
      1170,
      1170,
      1170,
      1170,
      1170,
      1170,
      1170,
      1170,
      1170,
      1170,
      1170,
      1170,
      1188,
      0,
      0,
      0,
      0,
      0,
      1164,
      1164,
      1164,
      1164,
      1164,
      1164,
      1164,
      1164,
      1164,
      1164,
      1164,
      1164,
      1164,
      1164,
      1164,
      1164,
      1164,
      1164,
      1164,
      1164,
      1164,
      1164,
      1164,
      1164,
      1164,
      0,
      0,
      0,
      0,
      0,
      0,
      0,
      0,
      0,
      0,
      0,
      0,
      0,
      0,
      0,
      0,
      0,
      0,
      0,
      0,
      0,
      0,
      0,
      0,
      0,
      0,
      0
    ],
    [
      1157,
      1157,
      1157,
      1157,
      1157,
      1157,
      1157,
      1157,
      1157,
      1157,
      1157,
      1157,
      1200,
      1181,
      1181,
      1181,
      1181,
      1181,
      1200,
      1182,
      1182,
      1182,
      1182,
      1182,
      1182,
      1182,
      1182,
      1182,
      1182,
      1182,
      0,
      0,
      0,
      0,
      0,
      0,
      0,
      0,
      0,
      0,
      0,
      0,
      0,
      0,
      0,
      0,
      0,
      0,
      0,
      0,
      0,
      0,
      0,
      0,
      0,
      0,
      0,
      0,
      0,
      1201,
      1201,
      1201,
      1201,
      1201,
      0,
      0,
      0,
      0,
      0,
      0,
      0,
      0,
      0,
      0,
      0,
      0,
      0,
      0,
      0,
      0,
      0,
      0,
      0,
      0,
      0,
      0,
      0,
      0,
      0,
      0,
      0,
      1171,
      1171,
      1171,
      1171,
      1171,
      1171,
      1171,
      1171,
      0,
      0,
      0,
      1160,
      1160,
      1160,
      1160,
      1160,
      1165,
      1165,
      1165,
      1165,
      1165,
      1165,
      1165,
      1165,
      1165,
      1165,
      1165,
      1166,
      1166,
      1166,
      1166,
      1166,
      1166,
      1166,
      1166,
      1166,
      1190,
      1190,
      1190,
      1190,
      1190,
      1190,
      1190,
      1190,
      1190,
      1190,
      0,
      1154,
      1154,
      1154,
      1154,
      1154,
      1154,
      1154,
      1154,
      1154,
      1176,
      1176,
      1176,
      1176,
      1176,
      1177,
      1177,
      1177,
      1177,
      1177,
      1177,
      1177,
      1177,
      1177,
      1167,
      1167,
      1167,
      1167,
      1167,
      1167,
      1167,
      1210,
      1210,
      1210,
      1161,
      1161,
      1161,
      1161,
      1161,
      1161,
      0,
      0,
      0,
      0,
      0,
      0,
      0,
      0,
      0,
      0,
      0,
      0,
      0,
      0,
      0,
      0,
      0,
      0,
      0,
      0,
      0,
      0,
      0,
      0,
      0,
      0,
      0,
      0,
      0,
      1152,
      1152,
      1152,
      1152,
      1172,
      1172,
      1172,
      1172,
      1138,
      1138,
      1138,
      1138,
      1197,
      1197,
      1197,
      1197,
      1173,
      1173,
      1173,
      1173,
      1173,
      1173,
      1173,
      1173,
      1173,
      1173,
      1173,
      1173,
      1173,
      1173,
      1173,
      1173,
      1173,
      1173,
      1162,
      1162,
      1162,
      1162,
      1162,
      1162,
      1162,
      1162,
      1162,
      1162,
      1162,
      1162,
      1162,
      0,
      0,
      0,
      0,
      0,
      0,
      0,
      0,
      0,
      1198,
      1198,
      1198,
      1198,
      1198,
      1198,
      1198,
      1198,
      1198,
      1198,
      1159,
      1159,
      1159,
      1159,
      1159,
      1159,
      1159,
      0,
      0,
      0,
      0,
      0,
      0,
      0,
      0,
      0,
      0,
      0,
      1216,
      1216,
      1216,
      1216,
      1216,
      1168,
      1168,
      1168,
      1168,
      1168,
      1168,
      1168,
      1168,
      1168,
      1119,
      0,
      0,
      0,
      0,
      0,
      0,
      0,
      0,
      0,
      0,
      0,
      0,
      0,
      0,
      0,
      0,
      0,
      0,
      0,
      0,
      0,
      1178,
      1178,
      1178,
      1178,
      1178,
      1178,
      1179,
      1179,
      1179,
      1179,
      1179,
      1179,
      1179,
      1179,
      1179,
      1179,
      1179,
      1163,
      1163,
      1163,
      1163,
      1163,
      1163,
      1174,
      1174,
      1174,
      1174,
      1174,
      1174,
      1174,
      1174,
      1174,
      1174,
      1174,
      1186,
      1186,
      1186,
      1186,
      1186,
      1186,
      1186,
      1186,
      1186,
      1186,
      1186,
      1169,
      1169,
      1169,
      1169,
      1169,
      1175,
      1175,
      1175,
      1175,
      1175,
      1175,
      1175,
      1175,
      1175,
      1175,
      1175,
      1191,
      1191,
      1191,
      1191,
      1191,
      1191,
      0,
      0,
      0,
      0,
      0,
      0,
      0,
      0,
      0,
      0,
      0,
      0,
      0,
      0,
      0,
      0,
      0,
      0,
      0,
      0,
      0,
      0,
      0,
      0,
      0,
      0,
      0,
      1121,
      1121,
      1121,
      1121,
      0,
      0,
      0,
      0,
      0,
      0,
      0,
      0,
      0,
      0,
      0,
      0,
      1187,
      1187,
      1187,
      1187,
      1187,
      1187,
      1170,
      1170,
      1170,
      1170,
      1170,
      1170,
      1170,
      1170,
      1170,
      1170,
      1170,
      1188,
      1188,
      0,
      0,
      0,
      0,
      0,
      1164,
      1164,
      1164,
      1164,
      1164,
      1164,
      1164,
      1164,
      1164,
      1164,
      1164,
      1164,
      1164,
      1164,
      1164,
      1164,
      1164,
      1164,
      1164,
      1164,
      1164,
      1164,
      1164,
      1164,
      0,
      0,
      0,
      0,
      0,
      0,
      0,
      0,
      0,
      0,
      0,
      0,
      0,
      0,
      0,
      0,
      0,
      0,
      0,
      0,
      0,
      0,
      0,
      0,
      0,
      0,
      0,
      0
    ],
    [
      1157,
      1157,
      1157,
      1157,
      1157,
      1157,
      1157,
      1157,
      1157,
      1157,
      1157,
      1157,
      1200,
      1181,
      1181,
      1181,
      1181,
      1181,
      1200,
      1182,
      1182,
      1182,
      1182,
      1182,
      1182,
      1182,
      1182,
      1182,
      1182,
      1182,
      0,
      0,
      0,
      0,
      0,
      0,
      0,
      0,
      0,
      0,
      0,
      0,
      0,
      0,
      0,
      0,
      0,
      0,
      0,
      0,
      0,
      0,
      0,
      0,
      0,
      0,
      0,
      0,
      0,
      1201,
      1201,
      1201,
      1201,
      1201,
      0,
      0,
      0,
      1184,
      1184,
      1184,
      1184,
      1184,
      1184,
      1184,
      1184,
      1184,
      1184,
      1184,
      1184,
      1171,
      1171,
      1171,
      1171,
      1171,
      1171,
      1171,
      1171,
      1171,
      1171,
      1171,
      1171,
      1171,
      1171,
      1171,
      1171,
      1171,
      1171,
      1171,
      1171,
      1171,
      1171,
      0,
      0,
      0,
      0,
      0,
      0,
      1165,
      1165,
      1165,
      1165,
      1165,
      1165,
      1165,
      1165,
      1165,
      1165,
      1165,
      1166,
      1166,
      1189,
      1189,
      1189,
      1189,
      1166,
      1166,
      1166,
      1190,
      1190,
      1190,
      1190,
      1190,
      1190,
      1190,
      1190,
      1190,
      1190,
      0,
      1203,
      1176,
      1176,
      1176,
      1176,
      1176,
      1176,
      1176,
      1176,
      1176,
      1176,
      1176,
      1176,
      1180,
      1180,
      1180,
      1180,
      1180,
      1177,
      1177,
      1177,
      1177,
      1177,
      1167,
      1167,
      1167,
      1167,
      1167,
      1167,
      1167,
      1210,
      1210,
      1210,
      0,
      1161,
      1161,
      1161,
      1161,
      1161,
      0,
      0,
      0,
      0,
      0,
      0,
      0,
      0,
      0,
      0,
      0,
      0,
      0,
      0,
      0,
      0,
      0,
      0,
      0,
      0,
      0,
      0,
      0,
      0,
      0,
      0,
      0,
      0,
      0,
      1152,
      1152,
      1152,
      1152,
      1172,
      1172,
      1172,
      1172,
      1138,
      1138,
      1138,
      1197,
      1197,
      1197,
      1197,
      1197,
      1197,
      1173,
      1173,
      1173,
      1173,
      1173,
      1173,
      1173,
      1173,
      1173,
      1173,
      1173,
      1173,
      1173,
      1173,
      1173,
      1173,
      1173,
      1162,
      1162,
      1162,
      1162,
      1162,
      1162,
      1162,
      1162,
      1162,
      1162,
      1162,
      1162,
      1162,
      0,
      0,
      0,
      0,
      0,
      0,
      0,
      0,
      0,
      1198,
      1198,
      1198,
      1198,
      1198,
      1198,
      1198,
      1198,
      1198,
      1198,
      1198,
      1159,
      1159,
      1159,
      1159,
      1159,
      0,
      0,
      0,
      0,
      0,
      0,
      0,
      0,
      0,
      0,
      0,
      0,
      1216,
      1216,
      1216,
      1216,
      1216,
      1168,
      1168,
      1168,
      1168,
      1168,
      1168,
      1168,
      1168,
      1168,
      0,
      0,
      0,
      0,
      0,
      0,
      0,
      0,
      0,
      0,
      0,
      0,
      0,
      0,
      0,
      0,
      0,
      0,
      0,
      0,
      0,
      0,
      1178,
      1178,
      1178,
      1178,
      1178,
      1178,
      1179,
      1179,
      1179,
      1179,
      1179,
      1179,
      1179,
      1179,
      1179,
      1179,
      1179,
      1163,
      1185,
      1185,
      1185,
      1185,
      1185,
      1174,
      1174,
      1174,
      1174,
      1174,
      1174,
      1174,
      1174,
      1174,
      1174,
      1174,
      1174,
      1186,
      1186,
      1186,
      1186,
      1186,
      1186,
      1186,
      1186,
      1186,
      1186,
      1169,
      1169,
      1169,
      1169,
      1169,
      1169,
      1175,
      1175,
      1175,
      1175,
      1175,
      1175,
      1191,
      1191,
      1191,
      1191,
      1191,
      1191,
      1191,
      1191,
      1191,
      1191,
      0,
      0,
      0,
      0,
      0,
      0,
      0,
      0,
      0,
      0,
      0,
      0,
      0,
      0,
      0,
      0,
      0,
      0,
      0,
      0,
      0,
      0,
      0,
      0,
      0,
      0,
      0,
      0,
      0,
      0,
      0,
      0,
      0,
      0,
      0,
      0,
      0,
      0,
      0,
      0,
      0,
      0,
      0,
      1187,
      1187,
      1187,
      1187,
      1187,
      1187,
      1170,
      1170,
      1170,
      1170,
      1170,
      1170,
      1170,
      1170,
      1170,
      1170,
      1170,
      1188,
      1188,
      0,
      0,
      0,
      0,
      0,
      0,
      1164,
      1164,
      1164,
      1164,
      1164,
      1164,
      1164,
      1164,
      1164,
      1164,
      1164,
      1164,
      1164,
      1164,
      1164,
      1164,
      1164,
      1164,
      1164,
      1164,
      1164,
      1164,
      0,
      0,
      0,
      0,
      0,
      0,
      0,
      0,
      1183,
      1183,
      1183,
      1183,
      1183,
      1183,
      1183,
      1183,
      1183,
      1183,
      1183,
      1183,
      1183,
      1183,
      1183,
      1183,
      0,
      0,
      0,
      0,
      0
    ],
    [
      1157,
      1157,
      1157,
      1157,
      1157,
      1157,
      1157,
      1157,
      1157,
      1157,
      1157,
      1157,
      1200,
      1181,
      1181,
      1181,
      1181,
      1181,
      1200,
      1182,
      1182,
      1182,
      1182,
      1182,
      1182,
      1182,
      1182,
      1182,
      1182,
      1182,
      0,
      0,
      0,
      0,
      0,
      0,
      0,
      0,
      0,
      0,
      0,
      0,
      0,
      0,
      0,
      0,
      0,
      0,
      0,
      0,
      0,
      0,
      0,
      0,
      0,
      0,
      0,
      0,
      0,
      1201,
      1201,
      1201,
      1201,
      1201,
      0,
      0,
      0,
      1184,
      1184,
      1184,
      1184,
      1184,
      1184,
      1184,
      1184,
      1184,
      1193,
      1193,
      1193,
      1193,
      1193,
      1171,
      1171,
      1171,
      1171,
      1171,
      1171,
      1171,
      1171,
      1171,
      1171,
      1171,
      1171,
      1171,
      1171,
      1171,
      1171,
      1171,
      1171,
      1171,
      1171,
      0,
      0,
      0,
      0,
      0,
      0,
      0,
      0,
      0,
      0,
      0,
      1165,
      1165,
      1165,
      1165,
      1165,
      1165,
      1166,
      1189,
      1189,
      1189,
      1189,
      1189,
      1189,
      1166,
      1166,
      1190,
      1190,
      1190,
      1190,
      1190,
      1190,
      1190,
      1190,
      1190,
      1190,
      0,
      1203,
      1203,
      1203,
      1176,
      1176,
      1176,
      1176,
      1176,
      1176,
      1176,
      1176,
      1176,
      1176,
      1180,
      1180,
      1180,
      1180,
      1180,
      1177,
      1177,
      1177,
      1177,
      1177,
      1177,
      1177,
      1177,
      1177,
      1177,
      1177,
      1167,
      1210,
      1210,
      1210,
      0,
      0,
      0,
      0,
      0,
      0,
      0,
      0,
      0,
      0,
      0,
      0,
      0,
      0,
      0,
      0,
      0,
      0,
      0,
      0,
      0,
      0,
      0,
      0,
      0,
      0,
      0,
      0,
      0,
      0,
      0,
      0,
      0,
      0,
      1212,
      1212,
      1152,
      1152,
      1152,
      1172,
      1172,
      1172,
      1172,
      1138,
      1196,
      1196,
      1197,
      1197,
      1197,
      1197,
      1197,
      1197,
      1197,
      1173,
      1173,
      1173,
      1173,
      1173,
      1173,
      1173,
      1173,
      1173,
      1173,
      1173,
      1173,
      1173,
      1173,
      1173,
      1173,
      0,
      1162,
      0,
      1162,
      1162,
      1162,
      1162,
      1162,
      1162,
      1162,
      1162,
      1162,
      0,
      0,
      0,
      0,
      0,
      0,
      0,
      0,
      0,
      0,
      1198,
      1198,
      1198,
      1198,
      1198,
      1198,
      1198,
      1198,
      1198,
      1198,
      1198,
      1198,
      1198,
      1198,
      0,
      0,
      0,
      0,
      0,
      0,
      0,
      0,
      0,
      0,
      0,
      0,
      0,
      0,
      1216,
      1216,
      1216,
      1216,
      1216,
      1216,
      1168,
      1168,
      1168,
      1168,
      1168,
      1168,
      1168,
      1168,
      0,
      0,
      0,
      0,
      0,
      0,
      0,
      0,
      0,
      0,
      0,
      0,
      0,
      0,
      0,
      0,
      0,
      0,
      0,
      0,
      0,
      0,
      1178,
      1178,
      1178,
      1178,
      1178,
      1178,
      1179,
      1179,
      1179,
      1179,
      1179,
      1179,
      1179,
      1179,
      1179,
      1179,
      1219,
      1219,
      1185,
      1185,
      1185,
      1185,
      1185,
      1185,
      1174,
      1174,
      1174,
      1174,
      1174,
      1174,
      1174,
      1174,
      1174,
      1174,
      1174,
      1186,
      1186,
      1186,
      1186,
      1186,
      1186,
      1186,
      1186,
      1186,
      1186,
      1169,
      1169,
      1169,
      1169,
      1169,
      1169,
      1175,
      1175,
      1175,
      1175,
      1175,
      1175,
      1191,
      1191,
      1191,
      1191,
      1191,
      1191,
      1191,
      1191,
      1191,
      1191,
      0,
      0,
      0,
      0,
      0,
      0,
      0,
      0,
      0,
      0,
      0,
      0,
      0,
      0,
      0,
      0,
      0,
      0,
      0,
      0,
      0,
      0,
      0,
      0,
      0,
      0,
      0,
      0,
      0,
      0,
      0,
      0,
      0,
      0,
      0,
      0,
      0,
      0,
      0,
      0,
      0,
      0,
      0,
      1187,
      1187,
      1187,
      1187,
      1187,
      1187,
      1187,
      1170,
      1170,
      1170,
      1188,
      1188,
      1188,
      1188,
      1188,
      1188,
      1188,
      1188,
      1188,
      0,
      0,
      0,
      0,
      0,
      0,
      0,
      0,
      1164,
      1164,
      1164,
      1164,
      1164,
      1164,
      1164,
      1164,
      1164,
      1164,
      1164,
      1164,
      1164,
      1164,
      1195,
      1195,
      1195,
      1195,
      1195,
      1195,
      1195,
      1195,
      1195,
      1195,
      1195,
      1195,
      1195,
      1195,
      1195,
      1195,
      1195,
      1183,
      1183,
      1183,
      1183,
      1183,
      1183,
      1183,
      1183,
      1183,
      1183,
      1183,
      1183,
      1183,
      0,
      0,
      0,
      0,
      0
    ],
    [
      1157,
      1157,
      1157,
      1157,
      1157,
      1157,
      1157,
      1157,
      1157,
      1157,
      1157,
      1157,
      1200,
      1181,
      1181,
      1181,
      1181,
      1181,
      1200,
      1182,
      1182,
      1182,
      1182,
      1182,
      1182,
      1182,
      1182,
      1182,
      1182,
      1182,
      0,
      0,
      0,
      0,
      0,
      0,
      0,
      0,
      0,
      0,
      0,
      0,
      0,
      0,
      0,
      0,
      0,
      0,
      0,
      0,
      0,
      0,
      0,
      0,
      0,
      0,
      0,
      0,
      0,
      1201,
      1201,
      1201,
      1201,
      1201,
      0,
      0,
      0,
      1184,
      1184,
      1184,
      1184,
      1184,
      1184,
      0,
      0,
      1193,
      1193,
      1193,
      1193,
      1193,
      1193,
      1193,
      1171,
      1171,
      1171,
      1171,
      1171,
      1171,
      1171,
      1171,
      1171,
      1171,
      1171,
      1171,
      1171,
      1171,
      0,
      0,
      0,
      0,
      0,
      0,
      0,
      0,
      0,
      0,
      0,
      0,
      0,
      0,
      0,
      0,
      1165,
      1165,
      1165,
      1165,
      1165,
      1165,
      1189,
      1189,
      1189,
      1189,
      1189,
      1189,
      1189,
      1189,
      1189,
      1189,
      1190,
      1190,
      1190,
      1190,
      1190,
      1190,
      1190,
      1190,
      1190,
      0,
      1203,
      1203,
      1203,
      1203,
      1203,
      1203,
      1203,
      1203,
      1203,
      1203,
      1176,
      1176,
      1176,
      1180,
      1180,
      1180,
      1180,
      1180,
      1177,
      1177,
      1177,
      1177,
      1177,
      1177,
      1177,
      1177,
      1177,
      1177,
      1210,
      1210,
      1210,
      1210,
      1210,
      0,
      0,
      0,
      0,
      0,
      0,
      0,
      0,
      0,
      0,
      0,
      0,
      0,
      0,
      0,
      0,
      0,
      0,
      0,
      0,
      0,
      0,
      0,
      0,
      0,
      0,
      0,
      0,
      0,
      0,
      0,
      0,
      0,
      0,
      1212,
      1212,
      1212,
      1152,
      1152,
      1172,
      1172,
      1172,
      1172,
      1196,
      1196,
      1196,
      1197,
      1197,
      1197,
      1197,
      1197,
      1197,
      1197,
      1197,
      1173,
      1173,
      1173,
      1173,
      1173,
      1173,
      1173,
      1173,
      1173,
      1173,
      1173,
      1173,
      1173,
      1173,
      1173,
      0,
      0,
      0,
      1162,
      1162,
      1162,
      1162,
      1162,
      1162,
      1162,
      1162,
      0,
      0,
      0,
      0,
      0,
      0,
      0,
      0,
      0,
      0,
      1198,
      1198,
      1198,
      1198,
      1198,
      1198,
      1198,
      1198,
      1198,
      1198,
      1198,
      1198,
      1198,
      1198,
      1198,
      0,
      0,
      0,
      0,
      0,
      0,
      0,
      0,
      0,
      0,
      0,
      0,
      0,
      0,
      1216,
      1216,
      1216,
      1216,
      1216,
      1216,
      1216,
      1216,
      1216,
      1216,
      1216,
      1216,
      0,
      0,
      0,
      0,
      0,
      0,
      0,
      0,
      0,
      0,
      0,
      0,
      0,
      0,
      0,
      0,
      0,
      0,
      0,
      0,
      0,
      0,
      0,
      0,
      1178,
      1178,
      1205,
      1205,
      1205,
      1205,
      1179,
      1179,
      1179,
      1179,
      1179,
      1179,
      1179,
      1179,
      1179,
      1219,
      1219,
      1219,
      1185,
      1185,
      1185,
      1185,
      1185,
      1185,
      1219,
      1174,
      1174,
      1174,
      1174,
      1174,
      1174,
      1174,
      1194,
      1194,
      1194,
      1186,
      1186,
      1186,
      1186,
      1186,
      1186,
      1186,
      1186,
      1186,
      1186,
      1169,
      1169,
      1169,
      1169,
      1169,
      1169,
      1175,
      1175,
      1175,
      1175,
      1175,
      1175,
      1191,
      1191,
      1191,
      1191,
      1191,
      1191,
      1191,
      0,
      0,
      0,
      0,
      0,
      0,
      0,
      0,
      0,
      0,
      0,
      0,
      0,
      0,
      0,
      0,
      0,
      0,
      0,
      0,
      0,
      0,
      0,
      1192,
      1192,
      1192,
      0,
      0,
      0,
      0,
      0,
      0,
      0,
      0,
      0,
      0,
      0,
      0,
      0,
      0,
      0,
      0,
      0,
      0,
      0,
      0,
      1187,
      1187,
      1187,
      1187,
      1187,
      1187,
      1187,
      1170,
      1170,
      1170,
      1209,
      1209,
      1209,
      1188,
      1188,
      1188,
      1188,
      1188,
      1188,
      0,
      0,
      0,
      0,
      0,
      0,
      0,
      0,
      1164,
      1164,
      1164,
      1164,
      1164,
      1164,
      1164,
      1164,
      1164,
      1164,
      1164,
      1164,
      1164,
      1164,
      1195,
      1195,
      1195,
      1195,
      1195,
      1195,
      1195,
      1195,
      1195,
      1195,
      1195,
      1195,
      1195,
      1195,
      1195,
      1195,
      1195,
      1183,
      1183,
      1183,
      1183,
      1183,
      1183,
      1183,
      1183,
      1183,
      1183,
      1183,
      1183,
      1183,
      0,
      0,
      0,
      0,
      0
    ],
    [
      1157,
      1157,
      1157,
      1157,
      1157,
      1157,
      1157,
      1157,
      1157,
      1157,
      1157,
      1157,
      1200,
      1200,
      1181,
      1181,
      1181,
      1181,
      1200,
      1200,
      1200,
      1182,
      1182,
      1182,
      1182,
      1182,
      1182,
      1182,
      1182,
      1182,
      0,
      0,
      0,
      0,
      0,
      0,
      0,
      0,
      0,
      0,
      0,
      0,
      0,
      0,
      0,
      0,
      0,
      0,
      0,
      0,
      0,
      0,
      0,
      0,
      0,
      0,
      0,
      0,
      0,
      1201,
      1201,
      1201,
      1201,
      1201,
      0,
      0,
      0,
      1184,
      1184,
      1184,
      1184,
      1184,
      1184,
      0,
      0,
      1193,
      1193,
      1193,
      1193,
      1193,
      1193,
      1193,
      1202,
      1202,
      1202,
      1202,
      1202,
      1202,
      1171,
      1171,
      1171,
      1171,
      1171,
      1171,
      1171,
      1171,
      0,
      0,
      0,
      0,
      0,
      0,
      0,
      0,
      0,
      0,
      0,
      0,
      0,
      0,
      0,
      0,
      1165,
      1165,
      1165,
      1165,
      1165,
      1165,
      1189,
      1189,
      1189,
      1189,
      1189,
      1189,
      1189,
      1189,
      1189,
      1189,
      1190,
      1190,
      1190,
      1190,
      1190,
      1190,
      1190,
      1190,
      1190,
      0,
      1203,
      1203,
      1203,
      1203,
      1203,
      1203,
      1203,
      1203,
      1203,
      1203,
      1176,
      1176,
      1176,
      1180,
      1180,
      1180,
      1180,
      1180,
      1177,
      1177,
      1177,
      1215,
      1215,
      1215,
      1215,
      1215,
      1215,
      1210,
      1210,
      1210,
      1210,
      1210,
      1210,
      0,
      0,
      0,
      0,
      0,
      0,
      0,
      0,
      0,
      0,
      0,
      0,
      0,
      0,
      0,
      0,
      0,
      0,
      0,
      0,
      0,
      0,
      0,
      0,
      0,
      0,
      0,
      0,
      0,
      0,
      0,
      0,
      0,
      0,
      1212,
      1212,
      1212,
      1212,
      1196,
      1196,
      1196,
      1196,
      1196,
      1196,
      1196,
      1196,
      1197,
      1197,
      1197,
      1197,
      1197,
      1197,
      1197,
      1197,
      1173,
      1173,
      1173,
      1173,
      1173,
      1173,
      1173,
      1173,
      1173,
      1173,
      1173,
      1173,
      1173,
      1173,
      1173,
      0,
      0,
      0,
      1162,
      1162,
      1162,
      1162,
      1162,
      1162,
      1162,
      1162,
      0,
      0,
      0,
      0,
      0,
      0,
      0,
      0,
      1204,
      1204,
      1198,
      1198,
      1198,
      1198,
      1198,
      1198,
      1198,
      1198,
      1198,
      1198,
      1198,
      1198,
      1198,
      1198,
      1198,
      0,
      0,
      0,
      0,
      0,
      0,
      0,
      0,
      0,
      0,
      0,
      0,
      0,
      0,
      1216,
      1216,
      1216,
      1216,
      1216,
      1216,
      1216,
      1216,
      1216,
      1216,
      0,
      0,
      0,
      0,
      0,
      0,
      0,
      0,
      0,
      0,
      0,
      0,
      0,
      0,
      0,
      0,
      0,
      0,
      0,
      0,
      0,
      0,
      0,
      0,
      0,
      0,
      1205,
      1205,
      1205,
      1205,
      1205,
      1205,
      1206,
      1206,
      1179,
      1179,
      1179,
      1179,
      1179,
      1179,
      1206,
      1219,
      1219,
      1219,
      1185,
      1185,
      1185,
      1185,
      1185,
      1185,
      1219,
      1174,
      1174,
      1174,
      1174,
      1174,
      1174,
      1174,
      1194,
      1194,
      1194,
      1194,
      1186,
      1186,
      1186,
      1186,
      1186,
      1186,
      1186,
      1186,
      1186,
      1169,
      1169,
      1169,
      1169,
      1169,
      1169,
      1175,
      1175,
      1175,
      1175,
      1175,
      1175,
      1191,
      1191,
      1191,
      1191,
      1191,
      1191,
      0,
      0,
      0,
      0,
      0,
      0,
      0,
      0,
      0,
      0,
      0,
      0,
      0,
      0,
      0,
      0,
      0,
      0,
      0,
      0,
      0,
      0,
      0,
      0,
      1192,
      1192,
      1192,
      1192,
      0,
      0,
      0,
      0,
      0,
      0,
      0,
      0,
      0,
      0,
      0,
      0,
      0,
      0,
      0,
      0,
      0,
      0,
      0,
      1187,
      1187,
      1187,
      1187,
      1187,
      1187,
      1187,
      1170,
      1170,
      1170,
      1209,
      1209,
      1209,
      1188,
      1188,
      1188,
      1188,
      1188,
      1188,
      0,
      0,
      0,
      0,
      0,
      0,
      0,
      0,
      0,
      0,
      0,
      0,
      0,
      0,
      1164,
      1164,
      1164,
      1164,
      1164,
      1164,
      1164,
      1195,
      1195,
      1195,
      1195,
      1195,
      1195,
      1195,
      1195,
      1195,
      1195,
      1195,
      1195,
      1195,
      1195,
      1195,
      1195,
      1195,
      1195,
      1183,
      1183,
      1183,
      1183,
      1183,
      1183,
      1183,
      1183,
      1183,
      1183,
      0,
      0,
      0,
      0,
      0,
      0,
      0,
      0
    ],
    [
      1157,
      1157,
      1157,
      1157,
      1157,
      1157,
      1157,
      1157,
      1157,
      1157,
      1157,
      1157,
      1200,
      1200,
      1181,
      1181,
      1200,
      1200,
      1200,
      1200,
      1200,
      1182,
      1182,
      1182,
      1182,
      1182,
      1182,
      1182,
      1182,
      0,
      0,
      0,
      0,
      0,
      0,
      0,
      0,
      0,
      0,
      0,
      0,
      0,
      0,
      0,
      0,
      0,
      0,
      0,
      0,
      0,
      0,
      0,
      0,
      0,
      0,
      0,
      0,
      1201,
      1201,
      1201,
      1201,
      1201,
      1201,
      1201,
      1201,
      0,
      0,
      1184,
      1184,
      1184,
      1184,
      0,
      0,
      0,
      0,
      1193,
      1193,
      1193,
      1193,
      1193,
      1193,
      1193,
      1202,
      1202,
      1202,
      1202,
      1202,
      1202,
      1202,
      1202,
      1202,
      1202,
      1171,
      1171,
      1171,
      1171,
      0,
      0,
      0,
      0,
      0,
      0,
      0,
      0,
      0,
      0,
      0,
      0,
      0,
      0,
      0,
      0,
      1165,
      1165,
      1165,
      1165,
      1165,
      1165,
      1189,
      1189,
      1189,
      1189,
      1189,
      1189,
      1189,
      1189,
      1189,
      1189,
      1190,
      1190,
      1190,
      1190,
      1190,
      1190,
      1190,
      1190,
      1190,
      0,
      1203,
      1203,
      1203,
      1203,
      1203,
      1203,
      1203,
      1203,
      1203,
      1203,
      1176,
      1176,
      1176,
      1180,
      1180,
      1180,
      1180,
      1180,
      1177,
      1177,
      1215,
      1215,
      1215,
      1215,
      1215,
      1215,
      1215,
      1210,
      1210,
      1210,
      1210,
      1210,
      1210,
      0,
      0,
      0,
      0,
      0,
      0,
      0,
      0,
      0,
      0,
      0,
      0,
      0,
      0,
      0,
      0,
      0,
      0,
      0,
      0,
      0,
      0,
      0,
      0,
      0,
      0,
      0,
      0,
      0,
      0,
      0,
      0,
      0,
      0,
      1212,
      1212,
      1212,
      1212,
      1212,
      1196,
      1196,
      1196,
      1196,
      1196,
      1196,
      1196,
      1196,
      1196,
      1197,
      1197,
      1197,
      1197,
      1197,
      1197,
      1197,
      1197,
      1197,
      1197,
      1173,
      1173,
      1173,
      1173,
      1173,
      1173,
      1173,
      1173,
      1173,
      1173,
      1173,
      0,
      0,
      0,
      0,
      0,
      0,
      0,
      0,
      0,
      0,
      0,
      0,
      0,
      0,
      0,
      0,
      0,
      0,
      1204,
      1204,
      1204,
      1198,
      1198,
      1198,
      1198,
      1198,
      1198,
      1198,
      1198,
      1198,
      1198,
      1198,
      1198,
      1198,
      1198,
      1198,
      0,
      0,
      0,
      0,
      0,
      0,
      0,
      0,
      0,
      0,
      0,
      0,
      0,
      0,
      1216,
      1216,
      1216,
      1216,
      1216,
      1216,
      1216,
      1216,
      1216,
      1216,
      0,
      0,
      0,
      0,
      0,
      0,
      1224,
      0,
      0,
      0,
      0,
      0,
      0,
      0,
      0,
      0,
      0,
      0,
      0,
      0,
      0,
      0,
      0,
      0,
      0,
      1205,
      1205,
      1205,
      1205,
      1205,
      1205,
      1205,
      1206,
      1206,
      1206,
      1179,
      1179,
      1179,
      1179,
      1179,
      1206,
      1219,
      1219,
      1219,
      1185,
      1185,
      1185,
      1185,
      1185,
      1185,
      1219,
      1228,
      0,
      1174,
      1174,
      1174,
      1174,
      1174,
      1194,
      1194,
      1194,
      1194,
      1186,
      1186,
      1186,
      1186,
      1186,
      1186,
      1186,
      1186,
      1186,
      1169,
      1169,
      1169,
      1169,
      1169,
      1169,
      1169,
      1191,
      1191,
      1191,
      1191,
      1191,
      1191,
      1191,
      1191,
      1191,
      1191,
      0,
      0,
      0,
      0,
      0,
      0,
      0,
      0,
      0,
      0,
      0,
      0,
      0,
      0,
      0,
      0,
      0,
      0,
      0,
      0,
      0,
      0,
      0,
      0,
      0,
      1192,
      1192,
      1192,
      1192,
      1192,
      1192,
      1192,
      0,
      0,
      0,
      0,
      0,
      0,
      0,
      0,
      0,
      0,
      0,
      0,
      0,
      0,
      0,
      0,
      1187,
      1187,
      1187,
      1187,
      1187,
      1187,
      1187,
      1209,
      1209,
      1209,
      1209,
      1209,
      1209,
      1188,
      1188,
      1188,
      1188,
      1188,
      1188,
      0,
      0,
      0,
      0,
      0,
      0,
      0,
      0,
      0,
      0,
      0,
      0,
      1199,
      1199,
      1199,
      1199,
      1199,
      1164,
      1164,
      1164,
      0,
      1195,
      1195,
      1195,
      1195,
      1195,
      1195,
      1195,
      1195,
      1195,
      1195,
      1195,
      1195,
      1195,
      1195,
      1195,
      1195,
      1195,
      1195,
      1183,
      1183,
      1183,
      1183,
      1183,
      1183,
      1183,
      1183,
      1183,
      0,
      0,
      0,
      0,
      0,
      0,
      0,
      0,
      0
    ],
    [
      1157,
      1157,
      1157,
      1157,
      1157,
      1157,
      1157,
      1157,
      1157,
      1157,
      1157,
      1157,
      1200,
      1200,
      1200,
      1200,
      1200,
      1200,
      1200,
      1200,
      1200,
      1182,
      1182,
      1182,
      1182,
      0,
      0,
      0,
      0,
      0,
      0,
      0,
      0,
      0,
      0,
      0,
      0,
      0,
      0,
      0,
      0,
      0,
      0,
      0,
      0,
      0,
      0,
      0,
      0,
      0,
      0,
      0,
      0,
      0,
      0,
      0,
      1201,
      1201,
      1201,
      1201,
      1201,
      1201,
      1201,
      1201,
      1201,
      0,
      0,
      1184,
      1184,
      1184,
      0,
      0,
      0,
      0,
      0,
      1193,
      1193,
      1193,
      1193,
      1193,
      1193,
      1193,
      1202,
      1202,
      1202,
      1202,
      1202,
      1202,
      1202,
      1202,
      1202,
      1202,
      1220,
      1171,
      1171,
      1171,
      0,
      0,
      0,
      0,
      0,
      0,
      0,
      0,
      0,
      0,
      0,
      0,
      0,
      0,
      0,
      0,
      0,
      0,
      1165,
      1165,
      1165,
      1165,
      1189,
      1189,
      1189,
      1189,
      1189,
      1189,
      1189,
      1189,
      1189,
      1189,
      1190,
      1190,
      1190,
      1190,
      1190,
      1190,
      1190,
      1190,
      1190,
      0,
      1203,
      1203,
      1203,
      1203,
      1203,
      1203,
      1203,
      1203,
      1203,
      1203,
      1203,
      1203,
      1203,
      1203,
      1203,
      1203,
      1203,
      1203,
      1215,
      1215,
      1215,
      1215,
      1215,
      1215,
      1215,
      1215,
      1215,
      1210,
      1210,
      1210,
      1210,
      1210,
      1210,
      1210,
      1210,
      1210,
      1210,
      0,
      0,
      0,
      0,
      0,
      0,
      0,
      0,
      0,
      0,
      0,
      0,
      0,
      0,
      0,
      0,
      0,
      0,
      0,
      0,
      0,
      0,
      0,
      0,
      0,
      0,
      0,
      0,
      0,
      0,
      1212,
      1212,
      1212,
      1212,
      1212,
      1196,
      1196,
      1196,
      1196,
      1196,
      1196,
      1196,
      1196,
      1196,
      1196,
      1197,
      1197,
      1197,
      1197,
      1197,
      1197,
      1197,
      1197,
      1173,
      1173,
      1173,
      1173,
      1173,
      1173,
      1173,
      1173,
      1173,
      1173,
      1173,
      0,
      0,
      0,
      0,
      0,
      0,
      0,
      0,
      0,
      0,
      0,
      0,
      0,
      0,
      0,
      0,
      0,
      0,
      0,
      1204,
      1204,
      1204,
      1198,
      1198,
      1198,
      1198,
      1198,
      1198,
      1198,
      1198,
      1198,
      1198,
      1198,
      1198,
      1198,
      1198,
      0,
      0,
      0,
      0,
      0,
      0,
      0,
      0,
      0,
      0,
      0,
      0,
      0,
      0,
      0,
      1216,
      1216,
      1216,
      1216,
      1216,
      1216,
      1216,
      1216,
      1216,
      1216,
      0,
      0,
      0,
      0,
      0,
      0,
      1224,
      0,
      1224,
      1224,
      0,
      0,
      0,
      0,
      0,
      0,
      0,
      0,
      1205,
      1205,
      1205,
      1205,
      1205,
      1205,
      1205,
      1205,
      1205,
      1205,
      1205,
      1205,
      1205,
      1205,
      1206,
      1206,
      1206,
      1179,
      1179,
      1179,
      1179,
      1179,
      1206,
      1219,
      1219,
      1219,
      1185,
      1185,
      1185,
      1185,
      1185,
      1219,
      1219,
      1228,
      0,
      0,
      0,
      0,
      1174,
      1174,
      1194,
      1194,
      1194,
      1194,
      1186,
      1186,
      1186,
      1186,
      1186,
      1186,
      1186,
      1186,
      1186,
      1169,
      1169,
      1169,
      1169,
      1169,
      1169,
      1169,
      1191,
      1191,
      1191,
      1191,
      1191,
      1191,
      1191,
      1191,
      1191,
      1191,
      0,
      0,
      0,
      0,
      0,
      0,
      0,
      0,
      0,
      0,
      0,
      1214,
      1207,
      1207,
      1207,
      1207,
      1207,
      1207,
      1207,
      1207,
      0,
      0,
      0,
      0,
      0,
      1192,
      1192,
      1192,
      1192,
      1192,
      1192,
      1192,
      1192,
      0,
      0,
      0,
      0,
      0,
      0,
      0,
      0,
      0,
      0,
      0,
      0,
      0,
      0,
      0,
      1187,
      1187,
      1187,
      1187,
      1187,
      1187,
      1187,
      1209,
      1209,
      1209,
      1209,
      1209,
      1209,
      1209,
      1188,
      1188,
      1188,
      1188,
      1188,
      0,
      0,
      0,
      0,
      0,
      0,
      0,
      0,
      0,
      0,
      0,
      1199,
      1199,
      1199,
      1199,
      1199,
      1199,
      1199,
      1199,
      0,
      0,
      1195,
      1195,
      1195,
      1195,
      1195,
      1195,
      1195,
      1195,
      1195,
      1195,
      1195,
      1195,
      1195,
      1195,
      1195,
      1195,
      1195,
      1195,
      1183,
      1183,
      1183,
      1183,
      1183,
      1183,
      1183,
      1183,
      0,
      0,
      0,
      0,
      0,
      0,
      0,
      0,
      0,
      0
    ],
    [
      1222,
      1222,
      1222,
      1222,
      1222,
      1222,
      1222,
      1222,
      1200,
      1200,
      1200,
      1200,
      1200,
      1200,
      1200,
      1200,
      1200,
      1200,
      1200,
      1200,
      1200,
      1182,
      1182,
      1182,
      1182,
      0,
      0,
      0,
      0,
      0,
      0,
      0,
      0,
      0,
      0,
      0,
      0,
      0,
      0,
      0,
      0,
      0,
      0,
      0,
      0,
      0,
      0,
      0,
      0,
      0,
      0,
      0,
      0,
      0,
      0,
      0,
      1201,
      1201,
      1201,
      1201,
      1201,
      1201,
      1201,
      1201,
      1201,
      0,
      0,
      0,
      0,
      0,
      0,
      0,
      0,
      0,
      0,
      1193,
      1193,
      1193,
      1193,
      1193,
      1193,
      1193,
      1202,
      1202,
      1202,
      1202,
      1202,
      1202,
      1202,
      1202,
      1202,
      1202,
      1220,
      1220,
      1220,
      1220,
      0,
      0,
      0,
      0,
      0,
      0,
      0,
      0,
      0,
      0,
      0,
      0,
      0,
      0,
      0,
      0,
      0,
      0,
      0,
      0,
      0,
      0,
      1189,
      1189,
      1189,
      1189,
      1189,
      1189,
      1189,
      1189,
      1189,
      1189,
      1226,
      1226,
      1226,
      0,
      1190,
      1190,
      1190,
      1190,
      0,
      0,
      1203,
      1203,
      1203,
      1203,
      1203,
      1203,
      1203,
      1203,
      1203,
      1203,
      1203,
      1203,
      1203,
      1203,
      1203,
      1203,
      1215,
      1215,
      1215,
      1215,
      1215,
      1215,
      1215,
      1215,
      1215,
      1215,
      1210,
      1210,
      1210,
      1210,
      1210,
      1210,
      1210,
      1210,
      1210,
      1210,
      1210,
      0,
      0,
      0,
      0,
      0,
      0,
      0,
      0,
      0,
      0,
      0,
      0,
      0,
      0,
      0,
      0,
      0,
      0,
      0,
      0,
      0,
      0,
      0,
      1212,
      1212,
      1212,
      1212,
      1212,
      1212,
      1212,
      1212,
      1212,
      1212,
      1212,
      1212,
      1212,
      1212,
      1196,
      1196,
      1196,
      1196,
      1196,
      1196,
      1196,
      1196,
      1197,
      1197,
      1197,
      1197,
      1197,
      1197,
      1197,
      1197,
      1173,
      1173,
      1173,
      1173,
      1173,
      1173,
      1173,
      1173,
      1173,
      1173,
      0,
      0,
      0,
      0,
      0,
      0,
      0,
      0,
      0,
      0,
      0,
      0,
      0,
      0,
      0,
      0,
      0,
      0,
      1204,
      1204,
      1204,
      1204,
      1204,
      1204,
      1198,
      1198,
      1198,
      1198,
      1198,
      1198,
      1198,
      1198,
      1198,
      1198,
      1198,
      1198,
      1198,
      0,
      0,
      0,
      0,
      0,
      0,
      0,
      0,
      0,
      0,
      0,
      0,
      0,
      0,
      0,
      1216,
      1216,
      1216,
      1216,
      1216,
      1216,
      1216,
      0,
      0,
      0,
      0,
      0,
      0,
      0,
      0,
      0,
      1224,
      0,
      1224,
      1224,
      0,
      0,
      0,
      0,
      0,
      0,
      0,
      0,
      1213,
      1205,
      1205,
      1205,
      1205,
      1205,
      1205,
      1205,
      1205,
      1205,
      1205,
      1205,
      1205,
      1205,
      1206,
      1206,
      1206,
      1206,
      1206,
      1206,
      1206,
      1206,
      1206,
      1219,
      1219,
      1219,
      1185,
      1185,
      1185,
      1185,
      1219,
      1219,
      1219,
      1228,
      0,
      0,
      0,
      0,
      0,
      1174,
      1194,
      1194,
      1194,
      1194,
      1186,
      1186,
      1186,
      1186,
      1186,
      1186,
      1186,
      1186,
      1186,
      1186,
      1186,
      1186,
      1186,
      1186,
      1186,
      1191,
      1191,
      1191,
      1191,
      1191,
      1191,
      1191,
      1191,
      1191,
      1191,
      0,
      0,
      0,
      0,
      0,
      0,
      0,
      0,
      0,
      0,
      0,
      1214,
      1214,
      1207,
      1207,
      1207,
      1207,
      1207,
      1207,
      1207,
      1207,
      1207,
      0,
      0,
      0,
      0,
      1192,
      1192,
      1192,
      1192,
      1192,
      1192,
      1192,
      1192,
      0,
      0,
      0,
      0,
      0,
      0,
      0,
      0,
      0,
      0,
      0,
      0,
      0,
      0,
      0,
      1187,
      1187,
      1187,
      1187,
      1187,
      1208,
      1208,
      1209,
      1209,
      1209,
      1209,
      1209,
      1209,
      1209,
      1188,
      1188,
      1188,
      1188,
      1188,
      0,
      0,
      0,
      0,
      0,
      0,
      0,
      0,
      0,
      0,
      0,
      1199,
      1199,
      1199,
      1199,
      1199,
      1199,
      1199,
      1199,
      0,
      0,
      1195,
      1195,
      1195,
      1195,
      1195,
      1195,
      1195,
      1195,
      1195,
      1195,
      1195,
      1195,
      1195,
      1195,
      1195,
      1195,
      1195,
      1195,
      1183,
      1183,
      1183,
      1183,
      1183,
      1183,
      1183,
      1183,
      0,
      0,
      0,
      0,
      0,
      0,
      0,
      0,
      0,
      0
    ],
    [
      1222,
      1222,
      1222,
      1222,
      1222,
      1222,
      1222,
      1222,
      1222,
      1200,
      1200,
      1200,
      1200,
      1200,
      1200,
      1200,
      1200,
      1200,
      1200,
      1200,
      1200,
      0,
      1182,
      1182,
      0,
      0,
      0,
      0,
      0,
      0,
      0,
      0,
      0,
      0,
      0,
      0,
      0,
      0,
      0,
      0,
      0,
      0,
      0,
      0,
      0,
      0,
      0,
      0,
      0,
      0,
      0,
      0,
      0,
      0,
      0,
      0,
      1201,
      1201,
      1201,
      1201,
      1201,
      1201,
      1201,
      1201,
      1201,
      0,
      0,
      0,
      0,
      0,
      0,
      0,
      0,
      0,
      0,
      1193,
      1193,
      1193,
      1193,
      1193,
      1193,
      1193,
      1202,
      1202,
      1202,
      1202,
      1202,
      1202,
      1202,
      1202,
      1202,
      1202,
      1220,
      1220,
      1220,
      1220,
      0,
      0,
      0,
      0,
      0,
      0,
      0,
      0,
      0,
      0,
      0,
      0,
      0,
      0,
      0,
      0,
      0,
      0,
      0,
      0,
      0,
      0,
      1189,
      1189,
      1189,
      1189,
      1189,
      1189,
      1189,
      1189,
      1189,
      1226,
      1226,
      1226,
      1226,
      0,
      0,
      0,
      1190,
      0,
      0,
      0,
      1203,
      1203,
      1203,
      1203,
      1203,
      1203,
      1203,
      1203,
      1203,
      1203,
      1203,
      1203,
      1203,
      1203,
      1203,
      1203,
      1215,
      1215,
      1215,
      1215,
      1215,
      1215,
      1215,
      1215,
      1215,
      1215,
      1210,
      1210,
      1210,
      1210,
      1210,
      1210,
      1210,
      1210,
      1210,
      1210,
      1211,
      1211,
      1211,
      1211,
      1211,
      1211,
      1211,
      1211,
      1211,
      1211,
      1211,
      1211,
      0,
      0,
      0,
      0,
      0,
      0,
      0,
      0,
      0,
      0,
      0,
      0,
      1212,
      1212,
      1212,
      1212,
      1212,
      1212,
      1212,
      1212,
      1212,
      1212,
      1212,
      1212,
      1212,
      1212,
      1196,
      1196,
      1196,
      1196,
      1196,
      1196,
      1196,
      1196,
      1197,
      1197,
      1197,
      1197,
      1197,
      1197,
      1197,
      1197,
      1197,
      1197,
      0,
      0,
      0,
      0,
      0,
      0,
      0,
      0,
      0,
      0,
      0,
      0,
      0,
      0,
      0,
      0,
      0,
      0,
      0,
      0,
      0,
      0,
      0,
      0,
      0,
      0,
      1204,
      1204,
      1204,
      1204,
      1204,
      1204,
      1204,
      1204,
      1198,
      1198,
      1198,
      1198,
      1198,
      1198,
      1198,
      1198,
      1198,
      1198,
      1198,
      0,
      0,
      0,
      0,
      0,
      0,
      0,
      0,
      0,
      0,
      0,
      0,
      0,
      0,
      0,
      1216,
      1216,
      1216,
      1216,
      1216,
      1216,
      1216,
      0,
      0,
      0,
      0,
      0,
      0,
      0,
      0,
      0,
      1224,
      1224,
      1224,
      1224,
      0,
      0,
      0,
      0,
      0,
      0,
      0,
      0,
      1213,
      1205,
      1205,
      1205,
      1205,
      1205,
      1205,
      1205,
      1205,
      1205,
      1205,
      1205,
      1205,
      1205,
      1206,
      1206,
      1206,
      1206,
      1206,
      1206,
      1206,
      1206,
      1206,
      1219,
      1219,
      1219,
      1185,
      1185,
      1185,
      1185,
      1219,
      1219,
      1219,
      1228,
      0,
      0,
      0,
      0,
      0,
      0,
      1194,
      1194,
      1194,
      1194,
      1186,
      1186,
      0,
      0,
      0,
      0,
      1186,
      1186,
      1186,
      1186,
      1186,
      1186,
      1186,
      1217,
      1217,
      1217,
      1217,
      1217,
      1217,
      1217,
      1217,
      1191,
      1191,
      1191,
      1191,
      0,
      0,
      0,
      0,
      0,
      0,
      0,
      0,
      0,
      0,
      0,
      1214,
      1214,
      1207,
      1207,
      1207,
      1207,
      1207,
      1207,
      1207,
      1207,
      1207,
      0,
      0,
      0,
      0,
      1192,
      1192,
      1192,
      1192,
      1192,
      1192,
      1192,
      1192,
      1192,
      0,
      0,
      0,
      0,
      0,
      0,
      0,
      0,
      0,
      0,
      0,
      0,
      0,
      0,
      0,
      1208,
      1208,
      1208,
      1208,
      1208,
      1208,
      1209,
      1209,
      1209,
      1209,
      1209,
      1209,
      1209,
      1209,
      1209,
      1209,
      1209,
      1209,
      0,
      0,
      0,
      0,
      0,
      0,
      0,
      0,
      0,
      0,
      0,
      1199,
      1199,
      1199,
      1199,
      1199,
      1199,
      1199,
      1199,
      0,
      0,
      1195,
      1195,
      1195,
      1195,
      1195,
      1195,
      1195,
      1195,
      1195,
      1195,
      1195,
      1195,
      1195,
      1195,
      1195,
      1195,
      1183,
      1183,
      1183,
      1183,
      1183,
      1183,
      1183,
      1183,
      1183,
      1183,
      0,
      0,
      0,
      0,
      0,
      0,
      0,
      0,
      0,
      0
    ],
    [
      1222,
      1222,
      1222,
      1222,
      1222,
      1222,
      1222,
      1222,
      1222,
      1200,
      1200,
      1200,
      1200,
      1200,
      1200,
      1200,
      1200,
      1200,
      1200,
      1200,
      1200,
      0,
      0,
      0,
      0,
      0,
      0,
      0,
      0,
      0,
      0,
      0,
      0,
      0,
      0,
      0,
      0,
      0,
      0,
      0,
      0,
      0,
      0,
      0,
      0,
      0,
      0,
      0,
      0,
      0,
      0,
      0,
      0,
      0,
      0,
      0,
      1201,
      1201,
      1201,
      1201,
      1201,
      1201,
      1201,
      1201,
      1201,
      0,
      0,
      0,
      0,
      0,
      0,
      0,
      0,
      0,
      0,
      1193,
      1193,
      1193,
      1193,
      1193,
      1202,
      1202,
      1202,
      1202,
      1202,
      1202,
      1202,
      1202,
      1202,
      1202,
      1202,
      1202,
      1220,
      1220,
      1220,
      1220,
      1220,
      0,
      0,
      0,
      0,
      0,
      0,
      0,
      0,
      0,
      0,
      0,
      0,
      0,
      0,
      0,
      0,
      0,
      0,
      0,
      0,
      0,
      1189,
      1189,
      1189,
      1189,
      1189,
      1189,
      1189,
      1189,
      1189,
      1226,
      1226,
      1226,
      1226,
      0,
      0,
      0,
      0,
      0,
      0,
      0,
      0,
      1203,
      1203,
      1203,
      1203,
      1203,
      1203,
      1203,
      1203,
      1203,
      1203,
      1203,
      1203,
      1203,
      1203,
      1203,
      1215,
      1215,
      1215,
      1215,
      1215,
      1215,
      1215,
      1215,
      1215,
      1215,
      1215,
      1215,
      1215,
      1210,
      1210,
      1210,
      1210,
      1210,
      1210,
      1210,
      1210,
      1210,
      1210,
      1211,
      1211,
      1211,
      1211,
      1211,
      1211,
      1211,
      1211,
      1211,
      1218,
      1218,
      1218,
      1218,
      0,
      0,
      0,
      0,
      0,
      0,
      0,
      1212,
      1212,
      1212,
      1212,
      1212,
      1212,
      1212,
      1212,
      1212,
      1212,
      1212,
      1212,
      1212,
      1212,
      1212,
      1196,
      1196,
      1196,
      1196,
      1196,
      1196,
      1196,
      1196,
      1197,
      1197,
      1197,
      1197,
      1197,
      1197,
      1197,
      1197,
      1197,
      1197,
      0,
      0,
      0,
      0,
      0,
      0,
      0,
      0,
      0,
      0,
      0,
      0,
      0,
      0,
      0,
      0,
      0,
      0,
      0,
      0,
      0,
      0,
      0,
      0,
      0,
      0,
      1204,
      1204,
      1204,
      1204,
      1204,
      1204,
      1204,
      1204,
      1198,
      1198,
      1198,
      1198,
      1198,
      1198,
      1198,
      1198,
      1198,
      1198,
      1198,
      0,
      0,
      0,
      0,
      0,
      0,
      0,
      0,
      0,
      0,
      0,
      0,
      0,
      0,
      0,
      1216,
      1216,
      1216,
      1216,
      1216,
      1216,
      1216,
      0,
      0,
      0,
      0,
      0,
      0,
      0,
      0,
      0,
      1224,
      1224,
      1224,
      1224,
      1224,
      0,
      0,
      0,
      0,
      0,
      0,
      0,
      1213,
      1213,
      1213,
      1213,
      1213,
      1213,
      1205,
      1205,
      1205,
      1205,
      1205,
      1205,
      1205,
      1206,
      1206,
      1206,
      1206,
      1206,
      1206,
      1206,
      1206,
      1206,
      1206,
      1219,
      1219,
      1219,
      1219,
      1219,
      1219,
      1219,
      1219,
      1219,
      1219,
      1228,
      0,
      0,
      0,
      0,
      0,
      0,
      1194,
      1194,
      1194,
      1194,
      0,
      0,
      0,
      0,
      0,
      0,
      1186,
      1186,
      1186,
      1186,
      1186,
      1186,
      1186,
      1217,
      1217,
      1217,
      1217,
      1217,
      1217,
      1217,
      1217,
      1191,
      1191,
      1191,
      1191,
      0,
      0,
      0,
      0,
      0,
      0,
      0,
      1214,
      1214,
      1214,
      1214,
      1214,
      1214,
      1207,
      1207,
      1207,
      1207,
      1207,
      1207,
      1207,
      1207,
      1207,
      0,
      0,
      0,
      0,
      1192,
      1192,
      1192,
      1192,
      1192,
      1192,
      1192,
      1192,
      1192,
      1192,
      1192,
      0,
      0,
      0,
      0,
      0,
      0,
      0,
      0,
      0,
      0,
      0,
      0,
      0,
      1208,
      1208,
      1208,
      1208,
      1208,
      1208,
      1209,
      1209,
      1209,
      1209,
      1209,
      1209,
      1209,
      1209,
      1209,
      1209,
      1209,
      0,
      0,
      0,
      0,
      0,
      0,
      0,
      0,
      0,
      0,
      0,
      0,
      1199,
      1199,
      1199,
      1199,
      1199,
      1199,
      1199,
      1199,
      0,
      0,
      1195,
      1195,
      1195,
      1195,
      1195,
      1195,
      1195,
      1195,
      1195,
      1195,
      1195,
      1195,
      1195,
      1183,
      1183,
      1183,
      1183,
      1183,
      1183,
      1183,
      1183,
      1183,
      1183,
      1183,
      1183,
      1183,
      1183,
      0,
      0,
      0,
      0,
      0,
      0,
      0,
      0,
      0
    ],
    [
      1222,
      1222,
      1222,
      1222,
      1222,
      1222,
      1222,
      1222,
      1222,
      1222,
      1222,
      1200,
      1200,
      1200,
      1200,
      1200,
      1200,
      0,
      0,
      0,
      0,
      0,
      0,
      0,
      0,
      0,
      0,
      0,
      0,
      0,
      0,
      0,
      0,
      0,
      0,
      0,
      0,
      0,
      0,
      0,
      0,
      0,
      0,
      0,
      0,
      0,
      0,
      0,
      0,
      0,
      0,
      0,
      0,
      0,
      0,
      0,
      1201,
      1201,
      1201,
      1201,
      1201,
      1201,
      1201,
      1201,
      1201,
      0,
      0,
      0,
      0,
      0,
      0,
      0,
      0,
      0,
      0,
      0,
      0,
      0,
      0,
      1202,
      1202,
      1202,
      1202,
      1202,
      1202,
      1202,
      1202,
      1202,
      1202,
      1202,
      1202,
      1202,
      1220,
      1220,
      1220,
      1220,
      1220,
      1220,
      0,
      0,
      0,
      0,
      0,
      0,
      0,
      0,
      0,
      0,
      0,
      0,
      0,
      0,
      0,
      0,
      0,
      0,
      0,
      0,
      0,
      1226,
      1226,
      1226,
      1226,
      1226,
      1226,
      1226,
      1226,
      1226,
      1226,
      1226,
      1226,
      0,
      0,
      0,
      0,
      0,
      0,
      0,
      0,
      0,
      1203,
      1203,
      1203,
      1203,
      1203,
      1203,
      1203,
      1203,
      1203,
      1203,
      1203,
      1203,
      1203,
      1203,
      1203,
      1215,
      1215,
      1215,
      1215,
      1215,
      1215,
      1215,
      1215,
      1215,
      1215,
      1215,
      1215,
      1210,
      1210,
      1210,
      1210,
      1210,
      1210,
      1210,
      1210,
      1210,
      1210,
      1211,
      1211,
      1211,
      1211,
      1211,
      1211,
      1211,
      1211,
      1211,
      1218,
      1218,
      1218,
      1218,
      1218,
      1218,
      1218,
      1218,
      1218,
      1223,
      1223,
      1223,
      1223,
      1223,
      1223,
      1223,
      1212,
      1212,
      1212,
      1212,
      1212,
      1212,
      1212,
      1212,
      1212,
      1212,
      1196,
      1196,
      1196,
      1221,
      1221,
      1221,
      1221,
      1221,
      1221,
      1197,
      1197,
      1197,
      1197,
      1197,
      1197,
      1197,
      1197,
      0,
      0,
      0,
      0,
      0,
      0,
      0,
      0,
      0,
      0,
      0,
      0,
      0,
      0,
      0,
      0,
      0,
      0,
      0,
      0,
      0,
      0,
      0,
      0,
      0,
      0,
      0,
      1204,
      1204,
      1204,
      1204,
      1204,
      1204,
      1204,
      1204,
      1204,
      1198,
      1198,
      1198,
      1198,
      1198,
      1198,
      1198,
      1198,
      1198,
      1198,
      0,
      0,
      0,
      0,
      0,
      0,
      0,
      0,
      0,
      0,
      0,
      0,
      0,
      0,
      0,
      1216,
      1216,
      1216,
      1216,
      1216,
      1216,
      1216,
      0,
      0,
      0,
      0,
      0,
      0,
      0,
      0,
      0,
      1224,
      1224,
      1224,
      1224,
      1224,
      0,
      0,
      0,
      0,
      0,
      0,
      0,
      1213,
      1213,
      1213,
      1213,
      1213,
      1213,
      1205,
      1205,
      1205,
      1205,
      1205,
      1205,
      1206,
      1206,
      1206,
      1206,
      1206,
      1206,
      1206,
      1206,
      1206,
      1206,
      1206,
      1219,
      1219,
      1219,
      1219,
      1219,
      1219,
      1219,
      1219,
      1219,
      1219,
      1228,
      0,
      0,
      0,
      0,
      0,
      0,
      0,
      0,
      0,
      0,
      0,
      0,
      0,
      0,
      0,
      0,
      0,
      1186,
      1186,
      1186,
      1186,
      1186,
      1186,
      1217,
      1217,
      1217,
      1217,
      1217,
      1217,
      1217,
      1217,
      1191,
      1191,
      1191,
      1191,
      0,
      0,
      0,
      0,
      0,
      0,
      1214,
      1214,
      1214,
      1214,
      1214,
      1214,
      1214,
      1207,
      1207,
      1207,
      1207,
      1207,
      1207,
      1207,
      1207,
      1207,
      1192,
      1192,
      1192,
      1192,
      1192,
      1192,
      1192,
      1192,
      1192,
      1192,
      1192,
      1192,
      1192,
      1192,
      1192,
      0,
      0,
      0,
      0,
      0,
      0,
      0,
      0,
      0,
      0,
      0,
      0,
      0,
      1208,
      1208,
      1208,
      1208,
      1208,
      1208,
      1209,
      1209,
      1209,
      1209,
      1209,
      1209,
      1209,
      1209,
      1209,
      1209,
      1209,
      1209,
      0,
      0,
      0,
      0,
      0,
      0,
      0,
      0,
      0,
      0,
      0,
      0,
      1199,
      1199,
      1199,
      1199,
      1199,
      1199,
      1199,
      0,
      0,
      0,
      1195,
      1195,
      1195,
      1195,
      1195,
      1195,
      1195,
      1195,
      1183,
      1183,
      1183,
      1183,
      1183,
      1183,
      1183,
      1183,
      1183,
      1183,
      1183,
      1183,
      1183,
      1183,
      1183,
      1183,
      1183,
      1183,
      0,
      0,
      0,
      0,
      0,
      0,
      0,
      0,
      0
    ],
    [
      1222,
      1222,
      1222,
      1222,
      1222,
      1222,
      1222,
      1222,
      1222,
      1222,
      1222,
      1222,
      1200,
      1200,
      1200,
      1200,
      0,
      0,
      0,
      0,
      0,
      0,
      0,
      0,
      0,
      0,
      0,
      0,
      0,
      0,
      0,
      0,
      0,
      0,
      0,
      0,
      0,
      0,
      0,
      0,
      0,
      0,
      0,
      0,
      0,
      0,
      0,
      0,
      0,
      0,
      0,
      0,
      0,
      0,
      0,
      0,
      0,
      1201,
      1201,
      1201,
      1201,
      1201,
      1201,
      1201,
      1201,
      0,
      0,
      0,
      0,
      0,
      0,
      0,
      0,
      0,
      0,
      0,
      0,
      0,
      0,
      1202,
      1202,
      1202,
      1202,
      1202,
      1202,
      1202,
      1202,
      1202,
      1202,
      1202,
      1202,
      1220,
      1220,
      1220,
      1220,
      1220,
      1220,
      1220,
      1220,
      1220,
      1220,
      1220,
      1220,
      0,
      0,
      0,
      0,
      0,
      0,
      0,
      0,
      0,
      0,
      0,
      0,
      0,
      0,
      0,
      0,
      0,
      1226,
      1226,
      1226,
      1226,
      1226,
      1226,
      1226,
      1226,
      1226,
      1226,
      1226,
      0,
      0,
      0,
      0,
      0,
      0,
      0,
      0,
      0,
      0,
      0,
      1203,
      1203,
      1203,
      1203,
      1203,
      1203,
      1203,
      1203,
      1203,
      1203,
      1203,
      1203,
      1203,
      1215,
      1215,
      1215,
      1215,
      1215,
      1215,
      1215,
      1215,
      1215,
      1215,
      1215,
      1215,
      1210,
      1210,
      1210,
      1210,
      1210,
      1210,
      1210,
      1210,
      1210,
      1210,
      1211,
      1211,
      1211,
      1211,
      1211,
      1211,
      1211,
      1211,
      1211,
      1218,
      1218,
      1218,
      1218,
      1218,
      1218,
      1218,
      1223,
      1223,
      1223,
      1223,
      1223,
      1223,
      1223,
      1223,
      1223,
      1212,
      1212,
      1212,
      1212,
      1212,
      1212,
      1212,
      1212,
      1212,
      1212,
      1196,
      1196,
      1196,
      1221,
      1221,
      1221,
      1221,
      1221,
      1221,
      1221,
      1243,
      1197,
      1197,
      1197,
      1197,
      1197,
      1197,
      1197,
      1197,
      0,
      0,
      0,
      0,
      0,
      0,
      0,
      0,
      0,
      0,
      0,
      0,
      0,
      0,
      0,
      0,
      0,
      0,
      0,
      0,
      0,
      0,
      0,
      0,
      0,
      1204,
      1204,
      1204,
      1204,
      1204,
      1204,
      1204,
      1204,
      1204,
      1204,
      1198,
      1198,
      1198,
      1198,
      1198,
      1198,
      1198,
      1198,
      1198,
      0,
      0,
      0,
      0,
      0,
      0,
      0,
      0,
      0,
      0,
      0,
      0,
      0,
      0,
      0,
      1216,
      1216,
      1216,
      1216,
      1216,
      1216,
      1216,
      0,
      0,
      0,
      0,
      0,
      0,
      0,
      0,
      0,
      1224,
      1224,
      1224,
      1224,
      1224,
      1224,
      1224,
      1224,
      1224,
      0,
      0,
      0,
      1213,
      1213,
      1213,
      1213,
      1213,
      1213,
      1205,
      1205,
      1205,
      1232,
      1206,
      1206,
      1206,
      1206,
      1206,
      1206,
      1206,
      1206,
      1206,
      1206,
      1206,
      1219,
      1219,
      1219,
      1219,
      1219,
      1219,
      1219,
      1219,
      1219,
      1219,
      1219,
      1219,
      1228,
      1228,
      1228,
      0,
      0,
      0,
      0,
      0,
      0,
      0,
      0,
      0,
      0,
      0,
      0,
      0,
      0,
      0,
      0,
      0,
      0,
      1186,
      1186,
      1186,
      1217,
      1217,
      1217,
      1217,
      1217,
      1217,
      1217,
      1217,
      1191,
      1191,
      1191,
      1191,
      0,
      0,
      0,
      0,
      0,
      1214,
      1214,
      1214,
      1214,
      1214,
      1214,
      1214,
      1214,
      1214,
      1207,
      1207,
      1207,
      1207,
      1207,
      1207,
      1207,
      1192,
      1192,
      1192,
      1192,
      1192,
      1192,
      1192,
      1192,
      1192,
      1192,
      1192,
      1192,
      1192,
      1192,
      1192,
      1192,
      0,
      0,
      0,
      0,
      0,
      0,
      0,
      0,
      0,
      0,
      0,
      0,
      0,
      1208,
      1208,
      1208,
      1208,
      1208,
      1208,
      0,
      0,
      1209,
      1209,
      1209,
      1209,
      1209,
      1209,
      1209,
      1209,
      1209,
      1209,
      0,
      0,
      0,
      0,
      0,
      0,
      0,
      0,
      0,
      0,
      0,
      0,
      0,
      0,
      0,
      0,
      0,
      0,
      0,
      0,
      0,
      0,
      0,
      0,
      0,
      0,
      0,
      0,
      0,
      1229,
      1229,
      1229,
      1229,
      1229,
      1229,
      1229,
      1229,
      1229,
      1229,
      1183,
      1183,
      1183,
      1183,
      1225,
      1225,
      1225,
      1225,
      1225,
      1225,
      1225,
      0,
      0,
      0,
      0,
      0,
      0,
      0
    ],
    [
      1222,
      1222,
      1222,
      1222,
      1222,
      1222,
      1222,
      1222,
      1222,
      1222,
      1222,
      1222,
      1200,
      1200,
      1200,
      1200,
      0,
      0,
      0,
      0,
      0,
      0,
      0,
      0,
      0,
      0,
      0,
      0,
      0,
      0,
      0,
      0,
      0,
      0,
      0,
      0,
      0,
      0,
      0,
      0,
      0,
      0,
      0,
      0,
      0,
      0,
      0,
      0,
      0,
      0,
      0,
      0,
      0,
      0,
      0,
      0,
      0,
      1201,
      1201,
      1201,
      1201,
      1201,
      1201,
      1201,
      0,
      0,
      0,
      0,
      0,
      0,
      0,
      0,
      0,
      0,
      0,
      0,
      0,
      0,
      0,
      1242,
      1242,
      1242,
      1242,
      1242,
      1242,
      1242,
      1242,
      1242,
      1242,
      1242,
      1220,
      1220,
      1220,
      1220,
      1220,
      1220,
      1220,
      1220,
      1220,
      1220,
      1220,
      1220,
      1220,
      0,
      0,
      0,
      0,
      0,
      0,
      0,
      0,
      0,
      0,
      0,
      0,
      0,
      0,
      0,
      0,
      0,
      0,
      1226,
      1226,
      1226,
      1226,
      1226,
      1226,
      1226,
      1226,
      1226,
      1226,
      0,
      0,
      0,
      0,
      0,
      0,
      0,
      0,
      0,
      0,
      0,
      0,
      0,
      1203,
      1203,
      1203,
      1203,
      1203,
      1203,
      1203,
      1203,
      1203,
      1203,
      1203,
      1215,
      1215,
      1215,
      1215,
      1215,
      1215,
      1215,
      1215,
      1215,
      1215,
      1215,
      1215,
      1210,
      1210,
      1210,
      1210,
      1210,
      1210,
      1210,
      0,
      0,
      0,
      0,
      0,
      0,
      0,
      0,
      1211,
      1211,
      1211,
      1211,
      1218,
      1218,
      1218,
      1218,
      1218,
      1218,
      1218,
      1223,
      1223,
      1223,
      1223,
      1223,
      1223,
      1223,
      1223,
      1223,
      1231,
      1212,
      1212,
      1212,
      1212,
      1212,
      1212,
      1212,
      1212,
      1212,
      1196,
      1196,
      1196,
      1221,
      1221,
      1221,
      1221,
      1221,
      1221,
      1221,
      1243,
      1243,
      1197,
      1197,
      1197,
      1197,
      1197,
      1197,
      1197,
      0,
      0,
      0,
      0,
      0,
      0,
      0,
      0,
      0,
      0,
      0,
      0,
      0,
      0,
      0,
      0,
      0,
      0,
      0,
      0,
      0,
      0,
      0,
      0,
      1204,
      1204,
      1204,
      1204,
      1204,
      1204,
      1204,
      1204,
      1204,
      1204,
      1204,
      1198,
      1198,
      1198,
      1198,
      1198,
      1198,
      1198,
      1198,
      1198,
      0,
      0,
      0,
      0,
      0,
      0,
      0,
      0,
      0,
      0,
      0,
      0,
      0,
      0,
      0,
      1216,
      1216,
      1216,
      1216,
      1216,
      1216,
      1216,
      0,
      0,
      0,
      0,
      0,
      0,
      0,
      0,
      0,
      1224,
      1224,
      1224,
      1224,
      1224,
      1224,
      1224,
      1224,
      1224,
      1224,
      1224,
      0,
      1213,
      1213,
      1213,
      1213,
      1213,
      1213,
      1205,
      1205,
      1232,
      1232,
      1232,
      1232,
      1232,
      1232,
      1232,
      1206,
      1206,
      1206,
      1206,
      1206,
      1219,
      1219,
      1219,
      1219,
      1219,
      1219,
      1219,
      1219,
      1219,
      1219,
      1219,
      1219,
      1219,
      1228,
      1228,
      1228,
      1228,
      0,
      0,
      0,
      0,
      0,
      0,
      0,
      0,
      0,
      0,
      0,
      0,
      0,
      0,
      0,
      0,
      0,
      0,
      1186,
      1186,
      1217,
      1217,
      1217,
      1217,
      1217,
      1217,
      1217,
      1217,
      1191,
      1191,
      1191,
      0,
      0,
      0,
      0,
      0,
      0,
      1237,
      1237,
      1237,
      1237,
      1214,
      1214,
      1214,
      1214,
      1214,
      1214,
      1207,
      1207,
      1207,
      1207,
      1207,
      1192,
      1192,
      1192,
      1192,
      1192,
      1192,
      1192,
      1192,
      1192,
      1192,
      1192,
      1192,
      1192,
      1192,
      1192,
      1192,
      1192,
      0,
      0,
      0,
      0,
      0,
      0,
      0,
      0,
      0,
      0,
      0,
      0,
      0,
      1208,
      1208,
      1208,
      1208,
      1208,
      1208,
      0,
      0,
      0,
      1209,
      1209,
      1209,
      1209,
      1209,
      1209,
      1209,
      1209,
      1209,
      0,
      0,
      0,
      0,
      0,
      0,
      0,
      0,
      0,
      0,
      0,
      0,
      0,
      0,
      0,
      0,
      0,
      0,
      0,
      0,
      0,
      0,
      0,
      0,
      0,
      0,
      0,
      1229,
      1229,
      1229,
      1229,
      1229,
      1229,
      1229,
      1229,
      1229,
      1229,
      1229,
      1229,
      1183,
      1183,
      1183,
      1246,
      1225,
      1225,
      1225,
      1225,
      1225,
      1225,
      1225,
      0,
      0,
      0,
      0,
      0,
      0,
      0
    ],
    [
      1222,
      1222,
      1222,
      1222,
      1222,
      1222,
      1222,
      1222,
      1222,
      1222,
      1222,
      1222,
      1200,
      1200,
      1200,
      1200,
      0,
      0,
      0,
      0,
      0,
      0,
      0,
      0,
      0,
      0,
      0,
      0,
      0,
      0,
      0,
      0,
      0,
      0,
      0,
      0,
      0,
      0,
      0,
      0,
      0,
      0,
      0,
      0,
      0,
      0,
      0,
      0,
      0,
      0,
      0,
      0,
      0,
      0,
      0,
      0,
      0,
      0,
      0,
      0,
      0,
      0,
      0,
      0,
      0,
      0,
      0,
      0,
      0,
      0,
      0,
      0,
      0,
      0,
      0,
      0,
      0,
      0,
      0,
      1242,
      1242,
      1242,
      1242,
      1242,
      1242,
      1242,
      1242,
      1242,
      1242,
      1220,
      1220,
      1220,
      1220,
      1220,
      1220,
      1220,
      1220,
      1220,
      1220,
      1220,
      1220,
      1220,
      1220,
      0,
      0,
      0,
      0,
      0,
      0,
      0,
      0,
      0,
      0,
      0,
      0,
      0,
      0,
      0,
      0,
      0,
      0,
      1226,
      1226,
      1226,
      1226,
      1226,
      1226,
      1226,
      1226,
      1226,
      1226,
      0,
      0,
      0,
      0,
      0,
      0,
      0,
      0,
      0,
      0,
      0,
      0,
      0,
      1203,
      1203,
      1203,
      1203,
      1203,
      1203,
      1203,
      1203,
      1203,
      1215,
      1215,
      1215,
      1215,
      1215,
      1215,
      1215,
      1215,
      1215,
      1215,
      1215,
      1215,
      1215,
      1215,
      1230,
      1230,
      1230,
      1230,
      1210,
      1210,
      1210,
      0,
      0,
      0,
      0,
      0,
      0,
      0,
      0,
      0,
      0,
      0,
      0,
      1218,
      1218,
      1218,
      1218,
      1218,
      1218,
      1218,
      1223,
      1223,
      1223,
      1223,
      1223,
      1223,
      1223,
      1223,
      1223,
      1231,
      1231,
      1231,
      1231,
      1212,
      1212,
      1212,
      1212,
      1212,
      1212,
      1231,
      1231,
      1196,
      1221,
      1221,
      1221,
      1221,
      1221,
      1221,
      1221,
      1243,
      1243,
      1197,
      1197,
      1197,
      1197,
      1197,
      1197,
      1197,
      1197,
      0,
      0,
      0,
      0,
      0,
      0,
      0,
      0,
      0,
      0,
      0,
      0,
      0,
      0,
      0,
      0,
      0,
      0,
      0,
      0,
      0,
      0,
      1204,
      1204,
      1204,
      1204,
      1204,
      1204,
      1204,
      1204,
      1204,
      1204,
      1204,
      1204,
      0,
      1198,
      1198,
      1198,
      1198,
      1198,
      1198,
      1198,
      0,
      0,
      0,
      0,
      0,
      0,
      0,
      0,
      0,
      0,
      0,
      0,
      0,
      0,
      0,
      0,
      1216,
      1216,
      1216,
      1216,
      1216,
      1216,
      1216,
      0,
      0,
      0,
      0,
      0,
      0,
      0,
      0,
      0,
      1224,
      1224,
      1224,
      1224,
      1224,
      1224,
      1224,
      1224,
      1224,
      1224,
      1224,
      1224,
      1213,
      1213,
      1213,
      1213,
      1213,
      1213,
      1205,
      1205,
      1232,
      1232,
      1232,
      1232,
      1232,
      1232,
      1232,
      1206,
      1206,
      1206,
      1219,
      1219,
      1219,
      1219,
      1219,
      1219,
      1219,
      1219,
      1219,
      1219,
      1219,
      1219,
      1219,
      1219,
      1219,
      1228,
      1228,
      1228,
      1228,
      0,
      0,
      0,
      0,
      0,
      0,
      0,
      0,
      0,
      0,
      0,
      0,
      0,
      0,
      0,
      0,
      0,
      0,
      0,
      0,
      1217,
      1217,
      1217,
      1217,
      1217,
      1217,
      1217,
      1217,
      1191,
      1191,
      0,
      0,
      0,
      0,
      0,
      0,
      1237,
      1237,
      1237,
      1237,
      1237,
      1214,
      1214,
      0,
      0,
      0,
      0,
      1192,
      1192,
      1192,
      1192,
      1192,
      1192,
      1192,
      1192,
      1192,
      1192,
      1192,
      1192,
      1192,
      1192,
      1192,
      1192,
      1192,
      1192,
      1192,
      1192,
      1192,
      1192,
      0,
      0,
      0,
      0,
      0,
      0,
      0,
      0,
      0,
      0,
      0,
      0,
      0,
      1208,
      1208,
      1208,
      1208,
      1208,
      1208,
      0,
      0,
      0,
      1209,
      1209,
      1209,
      1209,
      1209,
      1209,
      1209,
      1209,
      0,
      0,
      0,
      0,
      0,
      0,
      0,
      0,
      0,
      0,
      0,
      0,
      0,
      0,
      0,
      0,
      0,
      0,
      0,
      0,
      0,
      0,
      0,
      0,
      0,
      0,
      0,
      0,
      1229,
      1229,
      1229,
      1229,
      1229,
      1229,
      1229,
      1229,
      1229,
      1229,
      1229,
      1229,
      1183,
      1183,
      1183,
      1246,
      1225,
      1225,
      1225,
      1225,
      1225,
      1225,
      1225,
      1240,
      0,
      0,
      0,
      0,
      0,
      0
    ],
    [
      1222,
      1222,
      1222,
      1222,
      1222,
      1222,
      1222,
      1222,
      1222,
      1222,
      1222,
      1222,
      1200,
      1200,
      1200,
      1200,
      0,
      0,
      0,
      0,
      0,
      0,
      0,
      0,
      0,
      0,
      0,
      0,
      0,
      0,
      0,
      0,
      0,
      0,
      0,
      0,
      0,
      0,
      0,
      1233,
      1233,
      1233,
      1233,
      1233,
      0,
      0,
      0,
      0,
      0,
      0,
      0,
      0,
      0,
      0,
      0,
      0,
      0,
      0,
      0,
      0,
      0,
      0,
      0,
      0,
      0,
      0,
      0,
      0,
      0,
      0,
      0,
      0,
      0,
      0,
      0,
      0,
      0,
      0,
      0,
      1242,
      1242,
      1242,
      1242,
      1242,
      1242,
      1242,
      1242,
      1242,
      1220,
      1220,
      1220,
      1220,
      1220,
      1220,
      1220,
      1220,
      1220,
      1220,
      1220,
      1220,
      1220,
      1220,
      1220,
      1220,
      1234,
      1234,
      1234,
      1234,
      0,
      0,
      0,
      0,
      0,
      0,
      0,
      0,
      0,
      0,
      0,
      1226,
      1226,
      1226,
      1226,
      1226,
      1226,
      1226,
      1226,
      1226,
      1226,
      1226,
      1226,
      0,
      0,
      0,
      0,
      0,
      0,
      0,
      0,
      0,
      0,
      0,
      0,
      0,
      1203,
      1203,
      1203,
      1203,
      1203,
      1203,
      1203,
      1203,
      1203,
      1203,
      1215,
      1215,
      1215,
      1215,
      1215,
      1215,
      1215,
      1215,
      1215,
      1215,
      1215,
      1215,
      1215,
      1230,
      1230,
      1230,
      1230,
      1210,
      1210,
      1210,
      0,
      0,
      0,
      0,
      0,
      0,
      0,
      0,
      0,
      0,
      0,
      1247,
      1247,
      1247,
      1247,
      1247,
      1218,
      1218,
      1218,
      1223,
      1223,
      1223,
      1223,
      1223,
      1223,
      1223,
      1223,
      1223,
      1231,
      1231,
      1231,
      1231,
      1231,
      1231,
      1231,
      1231,
      1231,
      1231,
      1231,
      1231,
      1231,
      1221,
      1221,
      1221,
      1221,
      1221,
      1221,
      1221,
      1243,
      1243,
      1243,
      1243,
      1243,
      1243,
      1235,
      1235,
      1235,
      1235,
      1235,
      0,
      0,
      0,
      0,
      0,
      0,
      0,
      0,
      1227,
      1227,
      1227,
      1227,
      1227,
      1227,
      1227,
      1227,
      1227,
      1227,
      1227,
      1227,
      1227,
      1204,
      1204,
      1204,
      1204,
      1204,
      1204,
      1204,
      1204,
      1204,
      1204,
      1204,
      1204,
      0,
      0,
      1198,
      1198,
      1198,
      1198,
      1198,
      0,
      0,
      0,
      0,
      0,
      0,
      0,
      0,
      0,
      0,
      0,
      0,
      0,
      0,
      0,
      0,
      0,
      1216,
      1216,
      1216,
      1216,
      1216,
      1216,
      1216,
      0,
      0,
      0,
      0,
      0,
      0,
      0,
      0,
      0,
      1224,
      1224,
      1224,
      1224,
      1224,
      1224,
      1224,
      1224,
      1224,
      1224,
      1224,
      1224,
      1213,
      1213,
      1213,
      1213,
      1213,
      1213,
      1213,
      1232,
      1232,
      1232,
      1232,
      1232,
      1232,
      1232,
      1232,
      1206,
      1206,
      1236,
      1236,
      1236,
      1236,
      1236,
      1236,
      1219,
      1219,
      1219,
      1219,
      1219,
      1219,
      1219,
      1219,
      1219,
      1219,
      1228,
      1228,
      1228,
      1228,
      1228,
      0,
      0,
      0,
      0,
      0,
      0,
      0,
      0,
      0,
      0,
      0,
      0,
      0,
      0,
      0,
      0,
      0,
      0,
      0,
      0,
      1217,
      1217,
      1217,
      1217,
      1217,
      1217,
      1217,
      0,
      0,
      0,
      0,
      0,
      0,
      0,
      0,
      1237,
      1237,
      1237,
      1237,
      1237,
      1214,
      1214,
      0,
      0,
      0,
      0,
      1192,
      1192,
      1192,
      1192,
      1192,
      1192,
      1192,
      1192,
      1192,
      1192,
      1192,
      1192,
      1192,
      1192,
      1192,
      1192,
      1192,
      1192,
      1192,
      1192,
      1192,
      1192,
      0,
      0,
      0,
      0,
      0,
      0,
      0,
      0,
      0,
      0,
      0,
      0,
      0,
      1208,
      1208,
      1208,
      1208,
      1208,
      1208,
      0,
      0,
      0,
      1209,
      1209,
      1209,
      1209,
      1209,
      1209,
      1209,
      1209,
      0,
      0,
      0,
      0,
      0,
      0,
      0,
      0,
      0,
      0,
      0,
      0,
      0,
      0,
      0,
      0,
      0,
      0,
      0,
      0,
      0,
      0,
      0,
      0,
      0,
      0,
      0,
      0,
      1229,
      1229,
      1229,
      1229,
      1229,
      1229,
      1229,
      1229,
      1229,
      1229,
      1229,
      1229,
      1246,
      1246,
      1246,
      1246,
      1225,
      1225,
      1225,
      1225,
      1225,
      1225,
      1225,
      1240,
      1240,
      0,
      0,
      0,
      0,
      0
    ],
    [
      1222,
      1222,
      1222,
      1222,
      1222,
      1222,
      1222,
      1222,
      1222,
      1222,
      1222,
      1222,
      1200,
      1200,
      1200,
      1200,
      0,
      0,
      0,
      0,
      0,
      0,
      0,
      0,
      0,
      0,
      0,
      0,
      0,
      0,
      0,
      0,
      0,
      0,
      0,
      0,
      0,
      1258,
      1233,
      1233,
      1233,
      1233,
      1233,
      1233,
      1233,
      0,
      0,
      0,
      0,
      0,
      0,
      0,
      0,
      0,
      0,
      0,
      0,
      0,
      0,
      0,
      0,
      0,
      0,
      0,
      0,
      0,
      0,
      0,
      0,
      0,
      0,
      0,
      0,
      0,
      0,
      0,
      0,
      0,
      0,
      0,
      1242,
      1242,
      1242,
      1242,
      1242,
      1242,
      1242,
      1242,
      1242,
      1242,
      1242,
      1242,
      1220,
      1220,
      1220,
      1220,
      1220,
      1220,
      1220,
      1220,
      1234,
      1234,
      1234,
      1234,
      1234,
      1234,
      1234,
      0,
      0,
      0,
      0,
      0,
      0,
      0,
      0,
      0,
      0,
      0,
      0,
      1226,
      1226,
      1226,
      1226,
      1226,
      1226,
      1226,
      1226,
      1226,
      1226,
      1226,
      1226,
      0,
      0,
      0,
      0,
      0,
      0,
      0,
      0,
      0,
      0,
      0,
      0,
      0,
      1203,
      1203,
      1203,
      1255,
      1255,
      1255,
      1255,
      1255,
      1255,
      1255,
      1255,
      1215,
      1215,
      1215,
      1215,
      1215,
      1215,
      1215,
      1215,
      1215,
      1215,
      1215,
      1215,
      1230,
      1230,
      1230,
      1230,
      1230,
      1210,
      1210,
      0,
      0,
      0,
      0,
      0,
      0,
      0,
      0,
      0,
      0,
      0,
      1247,
      1247,
      1247,
      1247,
      1247,
      1218,
      1218,
      1218,
      1223,
      1223,
      1223,
      1223,
      1223,
      1223,
      1223,
      1223,
      1223,
      1231,
      1231,
      1231,
      1231,
      1231,
      1231,
      1231,
      1231,
      1231,
      1231,
      1231,
      1231,
      1231,
      1221,
      1221,
      1221,
      1221,
      1221,
      1221,
      1221,
      1243,
      1243,
      1243,
      1243,
      1252,
      1235,
      1235,
      1235,
      1235,
      1235,
      1235,
      1235,
      1235,
      0,
      0,
      0,
      0,
      0,
      0,
      1227,
      1227,
      1227,
      1227,
      1227,
      1227,
      1227,
      1227,
      1227,
      1227,
      1227,
      1227,
      1227,
      1204,
      1204,
      1204,
      1204,
      1204,
      1204,
      1204,
      1204,
      1204,
      1204,
      1204,
      1204,
      0,
      0,
      1198,
      1198,
      1198,
      0,
      0,
      0,
      0,
      0,
      0,
      0,
      0,
      0,
      0,
      0,
      0,
      0,
      0,
      0,
      0,
      0,
      0,
      0,
      1216,
      1216,
      1216,
      1216,
      1216,
      1216,
      1216,
      0,
      0,
      0,
      0,
      0,
      0,
      0,
      0,
      0,
      0,
      1224,
      1224,
      1224,
      1224,
      1224,
      1224,
      1224,
      1224,
      1224,
      1224,
      1224,
      1232,
      1232,
      1232,
      1232,
      1232,
      1232,
      1232,
      1232,
      1232,
      1232,
      1232,
      1232,
      1232,
      1232,
      1232,
      1206,
      1236,
      1236,
      1236,
      1236,
      1236,
      1236,
      1236,
      1219,
      1219,
      1219,
      1219,
      1219,
      1219,
      1219,
      1219,
      1228,
      1228,
      1228,
      1228,
      1228,
      1228,
      1228,
      1228,
      1228,
      1228,
      0,
      0,
      0,
      0,
      0,
      0,
      0,
      0,
      0,
      0,
      0,
      0,
      0,
      0,
      0,
      0,
      0,
      0,
      0,
      0,
      0,
      0,
      0,
      0,
      0,
      0,
      0,
      0,
      0,
      0,
      0,
      1237,
      1237,
      1237,
      1237,
      1237,
      1237,
      1214,
      1214,
      0,
      0,
      0,
      0,
      0,
      1192,
      1192,
      1192,
      1192,
      1192,
      1192,
      1192,
      1192,
      1192,
      1192,
      1192,
      1192,
      1192,
      1192,
      1192,
      1192,
      1192,
      1192,
      1192,
      1192,
      1192,
      0,
      0,
      0,
      0,
      0,
      0,
      0,
      0,
      0,
      0,
      0,
      0,
      0,
      0,
      0,
      0,
      0,
      0,
      0,
      0,
      0,
      0,
      0,
      0,
      0,
      0,
      0,
      0,
      0,
      0,
      0,
      0,
      0,
      0,
      0,
      0,
      0,
      0,
      0,
      0,
      0,
      0,
      0,
      0,
      0,
      0,
      0,
      0,
      0,
      0,
      0,
      0,
      0,
      0,
      0,
      0,
      0,
      1229,
      1229,
      1229,
      1229,
      1229,
      1229,
      1229,
      1229,
      1229,
      1229,
      1229,
      1229,
      1229,
      1246,
      1246,
      1246,
      1246,
      1225,
      1225,
      1225,
      1225,
      1225,
      1225,
      1225,
      1240,
      1240,
      1240,
      1240,
      0,
      0,
      0
    ],
    [
      1222,
      1222,
      1222,
      1222,
      1222,
      1222,
      1222,
      1222,
      1222,
      1222,
      1222,
      1222,
      1200,
      0,
      0,
      0,
      0,
      0,
      0,
      0,
      0,
      0,
      0,
      0,
      0,
      0,
      0,
      0,
      0,
      0,
      0,
      0,
      0,
      0,
      0,
      0,
      1258,
      1258,
      1233,
      1233,
      1233,
      1233,
      1233,
      1233,
      1233,
      0,
      0,
      0,
      0,
      0,
      0,
      0,
      0,
      0,
      0,
      0,
      0,
      0,
      0,
      0,
      0,
      0,
      0,
      0,
      0,
      0,
      0,
      0,
      0,
      0,
      0,
      1239,
      1239,
      1239,
      1239,
      1239,
      1239,
      1239,
      1239,
      1242,
      1242,
      1242,
      1242,
      1242,
      1242,
      1242,
      1242,
      1242,
      1242,
      1242,
      1242,
      1242,
      1220,
      1220,
      1220,
      1220,
      1220,
      1220,
      1220,
      1234,
      1234,
      1234,
      1234,
      1234,
      1234,
      1234,
      1234,
      1234,
      0,
      0,
      0,
      0,
      0,
      0,
      0,
      0,
      0,
      0,
      0,
      1226,
      1226,
      1226,
      1226,
      1226,
      1226,
      1226,
      1226,
      1226,
      1226,
      1226,
      1226,
      0,
      0,
      0,
      0,
      0,
      0,
      0,
      0,
      0,
      0,
      0,
      0,
      0,
      0,
      0,
      1255,
      1255,
      1255,
      1255,
      1255,
      1255,
      1255,
      1255,
      1255,
      1215,
      1215,
      1215,
      1215,
      1215,
      1215,
      1215,
      1215,
      1215,
      1215,
      1215,
      1215,
      1230,
      1230,
      1230,
      1230,
      1230,
      1210,
      1210,
      0,
      0,
      0,
      0,
      0,
      0,
      0,
      0,
      0,
      0,
      0,
      1247,
      1247,
      1247,
      1247,
      1247,
      1247,
      1247,
      1247,
      1223,
      1223,
      1223,
      1223,
      1223,
      1223,
      1223,
      1223,
      1223,
      1231,
      1231,
      1231,
      1231,
      1231,
      1231,
      1231,
      1231,
      1231,
      1231,
      1231,
      1231,
      1231,
      1231,
      1221,
      1221,
      1221,
      1221,
      1221,
      1221,
      1243,
      1243,
      1243,
      1243,
      1252,
      1235,
      1235,
      1235,
      1235,
      1235,
      1235,
      1235,
      1235,
      0,
      0,
      0,
      0,
      0,
      0,
      1227,
      1227,
      1227,
      1227,
      1227,
      1227,
      1227,
      1227,
      1227,
      1227,
      1227,
      1227,
      1227,
      1227,
      1227,
      1227,
      1204,
      1204,
      1204,
      1204,
      1204,
      1204,
      1204,
      1204,
      1204,
      0,
      0,
      0,
      1198,
      0,
      0,
      0,
      0,
      0,
      0,
      0,
      0,
      0,
      0,
      0,
      0,
      0,
      0,
      0,
      0,
      0,
      0,
      0,
      0,
      0,
      1216,
      1216,
      1216,
      1216,
      1216,
      1216,
      0,
      0,
      0,
      0,
      0,
      0,
      0,
      0,
      0,
      0,
      1224,
      1224,
      1224,
      1224,
      1224,
      1224,
      1224,
      1224,
      1224,
      1224,
      1224,
      1232,
      1232,
      1232,
      1232,
      1232,
      1232,
      1232,
      1232,
      1232,
      1232,
      1232,
      1232,
      1232,
      1232,
      1232,
      1236,
      1236,
      1236,
      1236,
      1236,
      1236,
      1236,
      1236,
      1219,
      1219,
      1219,
      1219,
      1219,
      1228,
      1228,
      1228,
      1228,
      1228,
      1228,
      1228,
      1228,
      1228,
      1228,
      1228,
      1228,
      1228,
      0,
      0,
      0,
      0,
      0,
      0,
      0,
      0,
      0,
      0,
      0,
      0,
      0,
      0,
      0,
      0,
      0,
      0,
      0,
      0,
      0,
      0,
      0,
      0,
      0,
      0,
      0,
      0,
      0,
      0,
      1254,
      1237,
      1237,
      1237,
      1237,
      1237,
      1237,
      1214,
      0,
      0,
      0,
      0,
      0,
      0,
      0,
      0,
      0,
      1192,
      1192,
      1192,
      1192,
      1192,
      1192,
      1192,
      1192,
      1192,
      1192,
      1192,
      1192,
      1192,
      0,
      0,
      0,
      0,
      0,
      0,
      0,
      0,
      0,
      0,
      0,
      0,
      0,
      0,
      0,
      0,
      0,
      0,
      0,
      0,
      0,
      0,
      0,
      0,
      0,
      0,
      0,
      0,
      0,
      0,
      0,
      0,
      0,
      0,
      0,
      0,
      0,
      0,
      0,
      0,
      0,
      0,
      0,
      0,
      0,
      0,
      0,
      0,
      0,
      0,
      0,
      0,
      0,
      0,
      0,
      0,
      0,
      0,
      0,
      0,
      0,
      0,
      1229,
      1229,
      1229,
      1229,
      1229,
      1229,
      1229,
      1229,
      1229,
      1229,
      1229,
      1229,
      1229,
      1246,
      1246,
      1246,
      1246,
      1225,
      1225,
      1225,
      1225,
      1225,
      1225,
      1225,
      1240,
      1240,
      1240,
      1240,
      1240,
      0,
      0
    ],
    [
      1222,
      1222,
      1222,
      1222,
      1222,
      1222,
      1222,
      1222,
      1222,
      1222,
      1222,
      1222,
      0,
      0,
      0,
      0,
      0,
      0,
      0,
      0,
      0,
      0,
      0,
      0,
      0,
      0,
      0,
      0,
      1238,
      1238,
      1238,
      1238,
      1238,
      1238,
      1238,
      1238,
      1258,
      1258,
      1233,
      1233,
      1233,
      1233,
      1233,
      1233,
      1233,
      0,
      0,
      0,
      0,
      0,
      0,
      0,
      0,
      0,
      0,
      0,
      0,
      0,
      0,
      0,
      0,
      0,
      0,
      0,
      0,
      0,
      0,
      0,
      0,
      0,
      0,
      1239,
      1239,
      1239,
      1239,
      1239,
      1239,
      1239,
      1239,
      1242,
      1242,
      1242,
      1242,
      1242,
      1242,
      1242,
      1242,
      1242,
      1242,
      1242,
      1242,
      1242,
      1220,
      1220,
      1220,
      1220,
      1220,
      1220,
      1234,
      1234,
      1234,
      1234,
      1234,
      1234,
      1234,
      1234,
      1234,
      1234,
      0,
      0,
      0,
      0,
      0,
      0,
      0,
      0,
      0,
      0,
      0,
      1226,
      1226,
      1226,
      1226,
      1226,
      1226,
      1226,
      1226,
      1226,
      1226,
      1226,
      1226,
      0,
      0,
      0,
      0,
      0,
      0,
      0,
      0,
      0,
      0,
      0,
      0,
      0,
      0,
      0,
      1255,
      1255,
      1255,
      1255,
      1255,
      1255,
      1255,
      1255,
      1255,
      1215,
      1215,
      1215,
      1215,
      0,
      0,
      0,
      1215,
      1215,
      1215,
      1215,
      1215,
      1230,
      1230,
      1230,
      1230,
      1230,
      1210,
      1210,
      0,
      0,
      0,
      0,
      0,
      0,
      0,
      0,
      0,
      0,
      0,
      1247,
      1247,
      1247,
      1247,
      1247,
      1247,
      1247,
      1247,
      1247,
      1223,
      1223,
      1223,
      1223,
      1223,
      1223,
      1223,
      1223,
      1231,
      1231,
      1231,
      1231,
      1231,
      1231,
      1231,
      1231,
      1231,
      1231,
      1231,
      1231,
      1231,
      1231,
      1231,
      1243,
      1243,
      1243,
      1243,
      1243,
      1243,
      1243,
      1243,
      1243,
      1252,
      1235,
      1235,
      1235,
      1235,
      1235,
      1235,
      1235,
      1235,
      0,
      0,
      0,
      0,
      0,
      1227,
      1227,
      1227,
      1227,
      1227,
      1227,
      1227,
      1227,
      1227,
      1227,
      1227,
      1227,
      1245,
      1245,
      1245,
      1245,
      1245,
      1245,
      1204,
      1204,
      1204,
      1204,
      1204,
      1204,
      1204,
      1204,
      0,
      0,
      0,
      0,
      0,
      0,
      0,
      0,
      0,
      0,
      0,
      0,
      0,
      0,
      0,
      0,
      0,
      0,
      0,
      0,
      0,
      0,
      0,
      0,
      0,
      1216,
      1216,
      1216,
      1216,
      1216,
      0,
      0,
      0,
      0,
      0,
      0,
      0,
      0,
      0,
      0,
      0,
      1224,
      1224,
      1224,
      1224,
      1224,
      1224,
      1224,
      1224,
      1224,
      1232,
      1232,
      1232,
      1232,
      1232,
      1232,
      1232,
      1232,
      1232,
      1232,
      1232,
      1232,
      1232,
      1232,
      1232,
      1232,
      1232,
      1236,
      1236,
      1236,
      1236,
      1236,
      1236,
      1236,
      1236,
      1219,
      1219,
      1219,
      1219,
      1219,
      1228,
      1228,
      1228,
      1228,
      1228,
      1228,
      1228,
      1228,
      1228,
      1228,
      1228,
      1228,
      1228,
      0,
      0,
      0,
      0,
      0,
      0,
      0,
      0,
      0,
      0,
      0,
      0,
      0,
      0,
      0,
      0,
      0,
      0,
      0,
      0,
      0,
      0,
      0,
      0,
      0,
      0,
      0,
      0,
      0,
      1254,
      1254,
      1237,
      1237,
      1237,
      1237,
      1237,
      1237,
      0,
      0,
      0,
      0,
      0,
      0,
      0,
      0,
      0,
      0,
      0,
      0,
      0,
      0,
      1192,
      1192,
      1192,
      1192,
      1192,
      1192,
      1192,
      1192,
      1192,
      1192,
      1192,
      0,
      0,
      0,
      0,
      0,
      0,
      0,
      0,
      0,
      0,
      0,
      0,
      0,
      0,
      0,
      0,
      0,
      0,
      0,
      0,
      0,
      0,
      0,
      0,
      0,
      0,
      0,
      0,
      0,
      0,
      0,
      0,
      0,
      0,
      0,
      0,
      0,
      0,
      0,
      0,
      0,
      0,
      0,
      0,
      0,
      0,
      0,
      0,
      0,
      0,
      0,
      0,
      0,
      0,
      0,
      0,
      0,
      0,
      0,
      1229,
      1229,
      1229,
      1229,
      1229,
      1229,
      1229,
      1229,
      1229,
      1229,
      1229,
      1229,
      1229,
      1229,
      1246,
      1246,
      1246,
      1246,
      1225,
      1225,
      1225,
      1225,
      1225,
      1225,
      1225,
      1240,
      1240,
      1240,
      1240,
      1240,
      1240,
      1240
    ],
    [
      1222,
      1222,
      1222,
      1222,
      1222,
      1222,
      1222,
      1222,
      1222,
      1222,
      1222,
      1222,
      0,
      0,
      0,
      0,
      0,
      0,
      0,
      0,
      0,
      0,
      0,
      0,
      0,
      0,
      0,
      0,
      1238,
      1238,
      1238,
      1238,
      1238,
      1238,
      1238,
      1238,
      1258,
      1258,
      1233,
      1233,
      1233,
      1233,
      1233,
      1233,
      1233,
      0,
      0,
      0,
      0,
      0,
      0,
      0,
      0,
      0,
      0,
      0,
      0,
      0,
      0,
      0,
      0,
      1241,
      1241,
      1241,
      1241,
      1241,
      1241,
      1241,
      0,
      0,
      0,
      1239,
      1239,
      1239,
      1239,
      1239,
      1239,
      1239,
      1242,
      1242,
      1242,
      1242,
      1242,
      1242,
      1242,
      1242,
      1242,
      1242,
      1242,
      1242,
      1242,
      1242,
      1242,
      0,
      0,
      0,
      0,
      0,
      1234,
      1234,
      1234,
      1234,
      1234,
      1234,
      1234,
      1234,
      1234,
      1234,
      0,
      0,
      0,
      0,
      0,
      0,
      0,
      0,
      0,
      0,
      0,
      1226,
      1226,
      1226,
      1226,
      1226,
      1226,
      1226,
      1226,
      1226,
      1226,
      1226,
      1226,
      0,
      0,
      0,
      0,
      0,
      0,
      0,
      0,
      0,
      0,
      0,
      0,
      0,
      0,
      0,
      1255,
      1255,
      1255,
      1255,
      1255,
      1255,
      1255,
      1255,
      1255,
      1215,
      1215,
      1215,
      1268,
      0,
      0,
      0,
      1215,
      1215,
      0,
      0,
      1230,
      1230,
      1230,
      1230,
      1230,
      1230,
      1210,
      1210,
      0,
      0,
      0,
      0,
      0,
      0,
      0,
      0,
      0,
      1247,
      1247,
      1247,
      1247,
      1247,
      1247,
      1247,
      1247,
      1247,
      1247,
      1247,
      1247,
      1247,
      1231,
      1231,
      1231,
      1231,
      1231,
      1231,
      1231,
      1231,
      1231,
      1231,
      1231,
      1231,
      1231,
      1231,
      1231,
      1231,
      1231,
      1231,
      1231,
      1231,
      1231,
      1243,
      1243,
      1243,
      1243,
      1243,
      1243,
      1243,
      1243,
      1243,
      1252,
      1235,
      1235,
      1235,
      1235,
      1235,
      1235,
      1235,
      1235,
      0,
      0,
      0,
      0,
      1227,
      1227,
      1227,
      1227,
      1227,
      1244,
      1244,
      1227,
      1227,
      1227,
      1227,
      1227,
      1245,
      1245,
      1245,
      1245,
      1245,
      1245,
      1245,
      1245,
      1204,
      1204,
      1204,
      0,
      0,
      0,
      0,
      0,
      0,
      0,
      0,
      0,
      0,
      0,
      0,
      0,
      0,
      0,
      0,
      0,
      0,
      0,
      0,
      0,
      0,
      0,
      0,
      0,
      0,
      0,
      0,
      1216,
      1216,
      1216,
      1216,
      1216,
      0,
      0,
      0,
      0,
      0,
      0,
      0,
      0,
      0,
      0,
      0,
      0,
      1224,
      1224,
      1224,
      1224,
      1224,
      1224,
      1224,
      1224,
      1224,
      1232,
      1232,
      1232,
      1232,
      1232,
      1232,
      1232,
      1232,
      1232,
      1232,
      1232,
      1232,
      1232,
      1232,
      1232,
      1232,
      1284,
      1236,
      1236,
      1236,
      1236,
      1236,
      1236,
      1236,
      1236,
      1219,
      1219,
      1219,
      1219,
      1228,
      1228,
      1228,
      1228,
      1228,
      1228,
      1228,
      1228,
      1228,
      1228,
      1228,
      1228,
      1228,
      1228,
      0,
      0,
      0,
      0,
      0,
      0,
      0,
      0,
      0,
      0,
      0,
      0,
      0,
      0,
      0,
      0,
      0,
      0,
      0,
      0,
      0,
      0,
      0,
      0,
      0,
      0,
      0,
      0,
      1254,
      1254,
      1254,
      1237,
      1237,
      1237,
      1237,
      1237,
      1237,
      0,
      0,
      0,
      0,
      0,
      0,
      0,
      0,
      0,
      0,
      0,
      0,
      0,
      0,
      0,
      1192,
      1192,
      1192,
      1192,
      1192,
      1192,
      1192,
      1248,
      1248,
      1248,
      1248,
      1248,
      1248,
      0,
      0,
      0,
      0,
      0,
      0,
      0,
      0,
      0,
      0,
      0,
      0,
      0,
      0,
      0,
      0,
      0,
      0,
      0,
      0,
      0,
      0,
      0,
      0,
      0,
      0,
      0,
      0,
      0,
      0,
      0,
      0,
      0,
      0,
      0,
      0,
      0,
      0,
      0,
      0,
      0,
      0,
      0,
      0,
      0,
      0,
      0,
      0,
      0,
      0,
      0,
      0,
      0,
      0,
      0,
      0,
      0,
      0,
      1229,
      1229,
      1229,
      1229,
      1229,
      1229,
      1229,
      1229,
      1229,
      1229,
      1229,
      1229,
      1246,
      1246,
      1246,
      1246,
      1246,
      1246,
      1246,
      1246,
      1246,
      1246,
      1246,
      1240,
      1240,
      1240,
      1240,
      1240,
      1240,
      1240
    ],
    [
      1222,
      1222,
      1222,
      1222,
      1222,
      1222,
      1222,
      1222,
      1222,
      1222,
      1222,
      1222,
      0,
      0,
      0,
      0,
      0,
      0,
      0,
      0,
      0,
      0,
      0,
      0,
      0,
      0,
      0,
      1238,
      1238,
      1238,
      1238,
      1238,
      1238,
      1238,
      1238,
      1238,
      1258,
      1258,
      1233,
      1233,
      1233,
      1233,
      1233,
      1233,
      1233,
      0,
      0,
      0,
      0,
      0,
      0,
      0,
      0,
      0,
      0,
      0,
      0,
      0,
      0,
      0,
      0,
      1241,
      1241,
      1241,
      1241,
      1241,
      1241,
      1241,
      0,
      0,
      1239,
      1239,
      1239,
      1239,
      1239,
      1239,
      1239,
      1239,
      1239,
      1239,
      1239,
      1239,
      1239,
      1239,
      1239,
      1239,
      1242,
      1242,
      1242,
      1242,
      1242,
      1242,
      1242,
      1242,
      0,
      0,
      0,
      0,
      1234,
      1234,
      1234,
      1234,
      1234,
      1234,
      1234,
      0,
      0,
      0,
      0,
      0,
      0,
      0,
      0,
      0,
      0,
      0,
      0,
      0,
      0,
      1226,
      1226,
      1226,
      1226,
      1226,
      1226,
      1226,
      1226,
      1226,
      1226,
      1226,
      0,
      0,
      0,
      0,
      0,
      0,
      0,
      0,
      0,
      0,
      0,
      0,
      0,
      0,
      0,
      0,
      1255,
      1255,
      1255,
      1255,
      1255,
      1255,
      1255,
      1255,
      1255,
      1215,
      1268,
      1268,
      1268,
      0,
      0,
      0,
      0,
      0,
      0,
      0,
      1230,
      1230,
      1230,
      1230,
      1230,
      1230,
      0,
      0,
      0,
      0,
      0,
      0,
      0,
      0,
      0,
      0,
      0,
      1247,
      1247,
      1247,
      1247,
      1247,
      1247,
      1247,
      1247,
      1247,
      1247,
      1247,
      1247,
      1247,
      1247,
      1231,
      1231,
      1231,
      1231,
      1231,
      1231,
      1231,
      1231,
      1231,
      1231,
      1231,
      1231,
      1231,
      1231,
      1249,
      1249,
      1249,
      1249,
      1249,
      1249,
      1243,
      1243,
      1243,
      1243,
      1243,
      1243,
      1243,
      1243,
      1243,
      1252,
      1235,
      1235,
      1235,
      1235,
      1235,
      1235,
      1235,
      1235,
      0,
      0,
      0,
      0,
      0,
      0,
      1227,
      1227,
      1227,
      1244,
      1244,
      1244,
      1227,
      1227,
      1227,
      1227,
      1245,
      1245,
      1245,
      1245,
      1245,
      1245,
      1245,
      1245,
      1204,
      1204,
      1204,
      0,
      0,
      0,
      0,
      0,
      0,
      0,
      0,
      0,
      0,
      0,
      0,
      0,
      0,
      0,
      0,
      0,
      0,
      0,
      0,
      0,
      0,
      0,
      0,
      0,
      0,
      0,
      0,
      1216,
      1216,
      1216,
      1216,
      1216,
      0,
      0,
      0,
      0,
      0,
      0,
      0,
      0,
      0,
      0,
      0,
      0,
      1224,
      1224,
      1224,
      1224,
      1224,
      1224,
      1224,
      1224,
      1232,
      1232,
      1232,
      1232,
      1232,
      1232,
      1232,
      1232,
      1232,
      1232,
      1232,
      1232,
      1232,
      1232,
      1232,
      1232,
      1232,
      1284,
      1236,
      1236,
      1236,
      1236,
      1236,
      1236,
      1236,
      1236,
      1219,
      0,
      0,
      0,
      0,
      0,
      0,
      0,
      0,
      0,
      0,
      0,
      0,
      0,
      0,
      0,
      0,
      0,
      0,
      0,
      0,
      0,
      0,
      0,
      0,
      0,
      0,
      0,
      0,
      0,
      0,
      0,
      0,
      0,
      0,
      0,
      0,
      0,
      0,
      0,
      0,
      0,
      0,
      0,
      0,
      1254,
      1254,
      1254,
      1254,
      1237,
      1237,
      1237,
      1237,
      1237,
      0,
      0,
      0,
      0,
      0,
      0,
      0,
      0,
      0,
      0,
      0,
      1250,
      1250,
      1250,
      1250,
      1250,
      1250,
      1251,
      1251,
      1251,
      1251,
      1248,
      1248,
      1248,
      1248,
      1248,
      1248,
      1248,
      1248,
      0,
      0,
      0,
      0,
      0,
      0,
      0,
      0,
      0,
      0,
      0,
      0,
      0,
      0,
      0,
      0,
      0,
      0,
      0,
      0,
      0,
      0,
      0,
      0,
      0,
      0,
      0,
      0,
      0,
      0,
      0,
      0,
      0,
      0,
      0,
      0,
      0,
      0,
      0,
      0,
      0,
      0,
      0,
      0,
      0,
      0,
      0,
      0,
      0,
      0,
      0,
      0,
      0,
      0,
      0,
      0,
      0,
      0,
      0,
      1229,
      1229,
      1229,
      1229,
      1229,
      1229,
      1229,
      1229,
      1229,
      1229,
      1229,
      1246,
      1246,
      1246,
      1246,
      1246,
      1246,
      1246,
      1246,
      1246,
      1240,
      1240,
      1240,
      1240,
      1240,
      1240,
      1240,
      1240,
      1240
    ],
    [
      1266,
      1266,
      1266,
      1266,
      1266,
      1266,
      1266,
      1266,
      1266,
      1266,
      1266,
      1266,
      0,
      0,
      0,
      0,
      0,
      0,
      0,
      0,
      0,
      0,
      0,
      0,
      0,
      0,
      1238,
      1238,
      1238,
      1238,
      1238,
      1238,
      1238,
      1238,
      1238,
      1238,
      1258,
      1258,
      1233,
      1233,
      1233,
      1233,
      1233,
      1233,
      1233,
      0,
      0,
      0,
      0,
      0,
      0,
      0,
      0,
      0,
      0,
      0,
      0,
      0,
      0,
      0,
      0,
      1241,
      1241,
      1241,
      1241,
      1241,
      1241,
      1241,
      0,
      0,
      1239,
      1239,
      1239,
      1239,
      1239,
      1239,
      1239,
      1239,
      1239,
      1239,
      1239,
      1239,
      1239,
      1239,
      1242,
      1242,
      1242,
      1242,
      1242,
      1242,
      1242,
      1242,
      1242,
      1242,
      0,
      0,
      0,
      0,
      1234,
      1234,
      1234,
      1234,
      1234,
      1234,
      0,
      0,
      0,
      0,
      0,
      0,
      0,
      0,
      0,
      0,
      0,
      0,
      0,
      0,
      1226,
      1226,
      1226,
      1226,
      1226,
      1226,
      1226,
      1226,
      1226,
      1226,
      1226,
      1226,
      0,
      0,
      0,
      0,
      0,
      0,
      0,
      0,
      0,
      0,
      0,
      0,
      0,
      0,
      0,
      0,
      1255,
      1255,
      1255,
      1255,
      1255,
      1255,
      1255,
      1255,
      1255,
      1268,
      1268,
      1268,
      1268,
      0,
      0,
      0,
      0,
      0,
      0,
      0,
      1230,
      1230,
      1230,
      1230,
      1230,
      1270,
      0,
      0,
      0,
      0,
      0,
      0,
      0,
      0,
      0,
      0,
      0,
      1260,
      1260,
      1247,
      1247,
      1247,
      1247,
      1247,
      1247,
      1247,
      1247,
      1247,
      1247,
      1247,
      1247,
      1231,
      1231,
      1231,
      1231,
      1231,
      1231,
      1231,
      1231,
      1231,
      1231,
      1231,
      1231,
      1231,
      1249,
      1249,
      1249,
      1249,
      1249,
      1249,
      1249,
      1243,
      1243,
      1243,
      1243,
      1243,
      1243,
      1243,
      1252,
      1252,
      1252,
      1235,
      1235,
      1235,
      1235,
      1235,
      1235,
      1235,
      1235,
      0,
      0,
      0,
      0,
      0,
      0,
      1227,
      1227,
      1227,
      1244,
      1244,
      1244,
      1227,
      1227,
      1227,
      1227,
      1245,
      1245,
      1245,
      1245,
      1245,
      1245,
      1245,
      1245,
      0,
      1204,
      1204,
      0,
      0,
      0,
      0,
      0,
      0,
      0,
      0,
      0,
      0,
      0,
      0,
      0,
      0,
      0,
      0,
      0,
      0,
      0,
      0,
      0,
      0,
      0,
      0,
      0,
      0,
      0,
      0,
      1216,
      1216,
      1216,
      1216,
      1216,
      0,
      0,
      0,
      0,
      0,
      0,
      0,
      0,
      0,
      0,
      0,
      0,
      1224,
      1224,
      1224,
      1224,
      1224,
      1224,
      1253,
      1253,
      1253,
      1253,
      1253,
      1253,
      1253,
      1253,
      1232,
      1232,
      1232,
      1232,
      1232,
      1232,
      1232,
      1232,
      1232,
      1284,
      1284,
      1284,
      1236,
      1236,
      1236,
      1236,
      1236,
      1236,
      1236,
      1236,
      0,
      0,
      0,
      0,
      0,
      0,
      0,
      0,
      0,
      0,
      0,
      0,
      0,
      0,
      0,
      0,
      0,
      0,
      0,
      0,
      0,
      0,
      0,
      0,
      0,
      0,
      0,
      0,
      0,
      0,
      0,
      0,
      0,
      0,
      0,
      0,
      0,
      0,
      0,
      0,
      0,
      0,
      0,
      0,
      0,
      1254,
      1254,
      1254,
      1254,
      1237,
      1237,
      1237,
      1237,
      1237,
      0,
      0,
      0,
      0,
      0,
      0,
      0,
      0,
      0,
      0,
      0,
      1250,
      1250,
      1250,
      1250,
      1250,
      1250,
      1251,
      1251,
      1251,
      1251,
      1248,
      1248,
      1248,
      1248,
      1248,
      1248,
      1248,
      1248,
      0,
      0,
      0,
      0,
      0,
      0,
      0,
      0,
      0,
      0,
      0,
      0,
      0,
      0,
      0,
      0,
      0,
      0,
      0,
      0,
      0,
      0,
      0,
      0,
      0,
      0,
      0,
      0,
      0,
      0,
      0,
      0,
      0,
      0,
      0,
      0,
      0,
      0,
      0,
      0,
      0,
      0,
      0,
      0,
      0,
      0,
      0,
      0,
      0,
      0,
      0,
      0,
      0,
      0,
      0,
      0,
      0,
      0,
      0,
      0,
      0,
      1229,
      1229,
      1229,
      1229,
      1229,
      1229,
      1229,
      1246,
      1246,
      1246,
      1246,
      1246,
      1246,
      1246,
      1246,
      1246,
      1246,
      1240,
      1240,
      1240,
      1240,
      1240,
      1240,
      1240,
      1240,
      1240,
      1240
    ],
    [
      1266,
      1266,
      1266,
      1266,
      1266,
      1266,
      1266,
      1266,
      1266,
      1266,
      1266,
      0,
      0,
      0,
      0,
      0,
      0,
      0,
      0,
      0,
      0,
      0,
      0,
      0,
      0,
      0,
      1238,
      1238,
      1238,
      1238,
      1238,
      1238,
      1238,
      1238,
      1238,
      1238,
      1258,
      1258,
      1258,
      1233,
      1233,
      1233,
      1233,
      1233,
      0,
      0,
      0,
      0,
      0,
      0,
      0,
      0,
      0,
      0,
      0,
      0,
      0,
      0,
      0,
      0,
      0,
      1241,
      1241,
      1241,
      1241,
      1241,
      1241,
      1241,
      0,
      1239,
      1239,
      1239,
      1239,
      1239,
      1239,
      1239,
      1239,
      1239,
      1239,
      1239,
      1239,
      1239,
      1239,
      1239,
      1242,
      1242,
      1242,
      1242,
      1242,
      1242,
      1242,
      1242,
      1242,
      1242,
      0,
      0,
      0,
      0,
      1234,
      1234,
      1234,
      1234,
      1234,
      1234,
      0,
      0,
      0,
      0,
      0,
      0,
      0,
      0,
      0,
      0,
      0,
      0,
      0,
      1226,
      1226,
      1226,
      1226,
      1226,
      1226,
      1226,
      1226,
      1226,
      1226,
      1226,
      1226,
      0,
      0,
      0,
      0,
      0,
      0,
      0,
      0,
      0,
      0,
      0,
      0,
      0,
      0,
      0,
      0,
      0,
      1255,
      1255,
      1255,
      1255,
      1255,
      1255,
      1255,
      1255,
      1255,
      1268,
      1268,
      1268,
      1268,
      0,
      0,
      0,
      0,
      0,
      0,
      0,
      1230,
      1230,
      1230,
      1230,
      1230,
      1270,
      0,
      0,
      0,
      0,
      0,
      0,
      0,
      0,
      0,
      0,
      0,
      1260,
      1260,
      1247,
      1247,
      1247,
      1247,
      1247,
      1247,
      1247,
      1247,
      1247,
      1247,
      1247,
      1247,
      1247,
      1231,
      1231,
      1231,
      1231,
      1231,
      1231,
      1231,
      1231,
      1231,
      1231,
      1231,
      1231,
      1249,
      1249,
      1249,
      1249,
      1249,
      1249,
      1249,
      1243,
      1243,
      1243,
      1243,
      1243,
      1243,
      1243,
      1252,
      1252,
      1252,
      1235,
      1235,
      1235,
      1235,
      1235,
      1235,
      1235,
      1235,
      0,
      0,
      0,
      0,
      0,
      0,
      1257,
      1227,
      1227,
      1244,
      1244,
      1244,
      1244,
      1257,
      1227,
      1227,
      1245,
      1245,
      1245,
      1245,
      1245,
      1245,
      1245,
      1245,
      0,
      1204,
      1204,
      0,
      0,
      0,
      0,
      0,
      0,
      0,
      0,
      0,
      0,
      0,
      0,
      0,
      0,
      0,
      0,
      0,
      0,
      0,
      0,
      0,
      0,
      0,
      0,
      0,
      0,
      0,
      0,
      0,
      1216,
      1216,
      1216,
      1216,
      0,
      0,
      0,
      0,
      0,
      0,
      0,
      0,
      0,
      0,
      0,
      0,
      1224,
      1224,
      1224,
      1224,
      1224,
      1224,
      1253,
      1253,
      1253,
      1253,
      1253,
      1253,
      1253,
      1253,
      1232,
      1232,
      1232,
      1232,
      1232,
      1232,
      1232,
      1232,
      1284,
      1284,
      1284,
      1284,
      1236,
      1236,
      1236,
      1236,
      1236,
      1236,
      1236,
      0,
      0,
      0,
      0,
      0,
      0,
      0,
      0,
      0,
      0,
      0,
      0,
      0,
      0,
      0,
      0,
      0,
      0,
      0,
      0,
      0,
      0,
      0,
      0,
      0,
      0,
      0,
      0,
      0,
      0,
      0,
      0,
      0,
      0,
      0,
      0,
      0,
      0,
      0,
      0,
      0,
      0,
      0,
      0,
      0,
      0,
      1254,
      1254,
      1254,
      1254,
      1254,
      1254,
      1254,
      1254,
      1237,
      0,
      0,
      0,
      0,
      0,
      0,
      0,
      0,
      0,
      0,
      0,
      1250,
      1250,
      1250,
      1250,
      1250,
      1250,
      1251,
      1251,
      1251,
      1251,
      1248,
      1248,
      1248,
      1248,
      1248,
      1248,
      1248,
      1248,
      0,
      0,
      0,
      0,
      0,
      0,
      0,
      0,
      0,
      0,
      0,
      0,
      0,
      0,
      0,
      0,
      0,
      0,
      0,
      0,
      0,
      0,
      0,
      0,
      0,
      0,
      0,
      0,
      0,
      0,
      0,
      0,
      0,
      0,
      0,
      0,
      0,
      0,
      0,
      0,
      0,
      0,
      0,
      0,
      0,
      0,
      0,
      0,
      0,
      0,
      0,
      0,
      0,
      0,
      0,
      0,
      0,
      0,
      0,
      0,
      0,
      1229,
      1229,
      1229,
      1229,
      1229,
      1229,
      1229,
      1246,
      1246,
      1246,
      1246,
      1246,
      1246,
      1246,
      1246,
      1246,
      1246,
      1246,
      1246,
      1240,
      1240,
      1240,
      1240,
      1240,
      1240,
      1240,
      1240
    ],
    [
      1266,
      1266,
      1266,
      1266,
      1266,
      1266,
      1266,
      1266,
      1266,
      1266,
      1266,
      0,
      0,
      0,
      0,
      0,
      0,
      0,
      0,
      0,
      0,
      0,
      0,
      0,
      0,
      0,
      1238,
      1238,
      1238,
      1238,
      1238,
      1238,
      1238,
      1238,
      1238,
      1238,
      1258,
      1258,
      1258,
      1258,
      1258,
      1258,
      1258,
      0,
      0,
      0,
      0,
      0,
      0,
      0,
      0,
      0,
      0,
      0,
      0,
      0,
      0,
      0,
      0,
      0,
      0,
      1241,
      1241,
      1241,
      1241,
      1241,
      1241,
      1241,
      1239,
      1239,
      1239,
      1239,
      1239,
      1239,
      1239,
      1239,
      1239,
      1239,
      1239,
      1239,
      1239,
      1239,
      1239,
      1239,
      1242,
      1242,
      1242,
      1242,
      1242,
      1242,
      1242,
      1242,
      1242,
      1242,
      0,
      0,
      0,
      0,
      1234,
      1234,
      1234,
      1234,
      1234,
      1234,
      0,
      0,
      0,
      0,
      0,
      0,
      0,
      0,
      0,
      0,
      0,
      0,
      0,
      1226,
      1226,
      1226,
      1226,
      1226,
      1226,
      1226,
      1226,
      1226,
      1226,
      0,
      0,
      0,
      0,
      0,
      0,
      0,
      0,
      0,
      0,
      0,
      0,
      0,
      0,
      0,
      0,
      0,
      0,
      0,
      1255,
      1255,
      1255,
      1255,
      1255,
      1255,
      1255,
      1255,
      1255,
      1268,
      1268,
      1268,
      1268,
      0,
      0,
      0,
      0,
      0,
      0,
      0,
      1230,
      1230,
      1230,
      1230,
      1270,
      1270,
      0,
      0,
      0,
      0,
      0,
      0,
      0,
      0,
      0,
      0,
      0,
      1260,
      1260,
      1260,
      1260,
      1247,
      1247,
      1247,
      1247,
      1247,
      1247,
      1247,
      1247,
      1247,
      1247,
      1247,
      1247,
      1256,
      1256,
      1256,
      1256,
      1256,
      1249,
      1249,
      1249,
      1249,
      1249,
      1249,
      1249,
      1249,
      1249,
      1249,
      1249,
      1249,
      1249,
      1243,
      1243,
      1243,
      1243,
      1243,
      1243,
      1243,
      1252,
      1252,
      1252,
      1252,
      1252,
      1252,
      1252,
      1252,
      1252,
      1252,
      0,
      0,
      0,
      0,
      0,
      0,
      0,
      1257,
      1257,
      1257,
      1244,
      1244,
      1244,
      1244,
      1257,
      1278,
      1227,
      1245,
      1245,
      1245,
      1245,
      1245,
      1245,
      1245,
      1245,
      0,
      0,
      0,
      0,
      0,
      0,
      0,
      0,
      0,
      0,
      0,
      0,
      0,
      0,
      0,
      0,
      0,
      0,
      0,
      0,
      0,
      0,
      0,
      0,
      0,
      0,
      0,
      0,
      0,
      0,
      0,
      0,
      0,
      0,
      0,
      0,
      0,
      0,
      0,
      0,
      0,
      0,
      0,
      0,
      0,
      0,
      0,
      0,
      1224,
      1224,
      1224,
      1224,
      1224,
      1224,
      1253,
      1253,
      1253,
      1253,
      1253,
      1253,
      1253,
      1253,
      1232,
      1232,
      1232,
      1232,
      1232,
      1232,
      1232,
      1232,
      1284,
      1284,
      1284,
      1284,
      1236,
      1236,
      1236,
      1236,
      1236,
      1236,
      0,
      0,
      0,
      0,
      0,
      0,
      0,
      0,
      0,
      0,
      0,
      0,
      0,
      0,
      0,
      0,
      0,
      0,
      0,
      0,
      0,
      0,
      0,
      0,
      0,
      0,
      0,
      0,
      0,
      0,
      0,
      0,
      0,
      0,
      0,
      0,
      0,
      0,
      0,
      0,
      0,
      0,
      0,
      0,
      0,
      0,
      1254,
      1254,
      1254,
      1254,
      1254,
      1254,
      1254,
      1254,
      1254,
      0,
      0,
      0,
      0,
      0,
      0,
      0,
      0,
      0,
      0,
      0,
      0,
      1250,
      1250,
      1250,
      1250,
      1250,
      1250,
      1251,
      1251,
      1251,
      1251,
      1248,
      1248,
      1248,
      1248,
      1248,
      1248,
      1248,
      1248,
      0,
      0,
      0,
      0,
      0,
      0,
      0,
      0,
      0,
      0,
      0,
      0,
      0,
      0,
      0,
      0,
      0,
      0,
      0,
      0,
      0,
      0,
      0,
      0,
      0,
      0,
      0,
      0,
      0,
      0,
      0,
      0,
      0,
      0,
      0,
      0,
      0,
      0,
      0,
      0,
      0,
      0,
      0,
      0,
      0,
      0,
      0,
      0,
      0,
      0,
      0,
      0,
      0,
      0,
      0,
      0,
      0,
      0,
      0,
      0,
      0,
      1229,
      1229,
      1229,
      1229,
      1229,
      1229,
      1246,
      1246,
      1246,
      1246,
      1246,
      1246,
      1246,
      1246,
      1246,
      1246,
      1246,
      1246,
      1246,
      1246,
      1246,
      1246,
      1246,
      1240,
      1240,
      1240,
      1240
    ],
    [
      1266,
      1266,
      1266,
      1266,
      1266,
      1266,
      1266,
      1266,
      1266,
      1266,
      0,
      0,
      0,
      0,
      0,
      0,
      0,
      0,
      0,
      0,
      0,
      0,
      0,
      0,
      0,
      0,
      1238,
      1238,
      1238,
      1238,
      1238,
      1238,
      1238,
      1238,
      1238,
      1238,
      1258,
      1258,
      1258,
      1258,
      1258,
      1258,
      1258,
      0,
      0,
      0,
      0,
      0,
      0,
      0,
      0,
      0,
      0,
      0,
      0,
      0,
      0,
      0,
      0,
      0,
      0,
      1241,
      1241,
      1241,
      1241,
      1241,
      1239,
      1239,
      1239,
      1239,
      1239,
      1239,
      1239,
      1239,
      1239,
      1239,
      1239,
      1239,
      1239,
      1239,
      1239,
      1239,
      1239,
      1239,
      1239,
      1242,
      1242,
      1242,
      1242,
      1242,
      1242,
      1242,
      1242,
      0,
      0,
      0,
      0,
      0,
      1234,
      1234,
      1234,
      1234,
      1234,
      1234,
      0,
      0,
      0,
      0,
      0,
      0,
      0,
      0,
      0,
      0,
      0,
      0,
      0,
      1226,
      1226,
      1226,
      1226,
      1226,
      1226,
      1226,
      1226,
      1226,
      1226,
      0,
      0,
      0,
      0,
      0,
      0,
      0,
      0,
      0,
      0,
      0,
      0,
      0,
      0,
      0,
      0,
      0,
      0,
      0,
      1255,
      1255,
      1255,
      1255,
      1255,
      1255,
      1255,
      1255,
      1268,
      1268,
      1268,
      1268,
      1268,
      0,
      0,
      0,
      0,
      0,
      0,
      0,
      1230,
      1230,
      1230,
      1230,
      1270,
      1270,
      0,
      0,
      0,
      0,
      0,
      0,
      0,
      0,
      0,
      0,
      0,
      1260,
      1260,
      1260,
      1260,
      1247,
      1247,
      1247,
      1247,
      1247,
      1247,
      1247,
      1247,
      1247,
      1247,
      1247,
      1247,
      1256,
      1256,
      1256,
      1256,
      0,
      0,
      0,
      0,
      0,
      1249,
      1249,
      1249,
      1249,
      1249,
      1249,
      1249,
      1249,
      1249,
      1243,
      1243,
      1243,
      1243,
      1243,
      1252,
      1252,
      1252,
      1252,
      1252,
      1252,
      1252,
      1252,
      1252,
      1252,
      1252,
      0,
      0,
      0,
      0,
      0,
      0,
      0,
      0,
      1257,
      1257,
      1257,
      1257,
      1257,
      1257,
      1257,
      1257,
      1278,
      1278,
      1245,
      1245,
      1245,
      1245,
      1245,
      1245,
      1245,
      1245,
      0,
      0,
      0,
      0,
      0,
      0,
      0,
      0,
      0,
      0,
      0,
      0,
      0,
      0,
      0,
      0,
      0,
      0,
      0,
      0,
      0,
      0,
      0,
      0,
      0,
      0,
      0,
      0,
      0,
      0,
      0,
      0,
      0,
      0,
      0,
      0,
      0,
      0,
      0,
      0,
      0,
      0,
      0,
      0,
      0,
      0,
      0,
      0,
      0,
      0,
      0,
      0,
      0,
      1224,
      1253,
      1253,
      1253,
      1253,
      1253,
      1253,
      1253,
      1253,
      1232,
      1232,
      1232,
      1232,
      1232,
      1232,
      1232,
      1232,
      1284,
      1284,
      1284,
      1284,
      1284,
      1284,
      1284,
      1284,
      0,
      0,
      0,
      0,
      0,
      0,
      0,
      0,
      0,
      0,
      0,
      0,
      0,
      0,
      0,
      0,
      0,
      0,
      0,
      0,
      0,
      0,
      0,
      0,
      0,
      0,
      0,
      0,
      0,
      0,
      0,
      0,
      0,
      0,
      0,
      0,
      0,
      0,
      0,
      0,
      0,
      0,
      0,
      0,
      0,
      0,
      1254,
      1254,
      1254,
      1254,
      1254,
      1254,
      1254,
      1254,
      1254,
      1254,
      0,
      0,
      0,
      0,
      0,
      0,
      0,
      0,
      0,
      0,
      0,
      0,
      0,
      1250,
      1250,
      1250,
      1250,
      1250,
      1250,
      1251,
      1251,
      1251,
      1251,
      1248,
      1248,
      1248,
      1248,
      1248,
      1248,
      1248,
      1248,
      0,
      0,
      0,
      0,
      0,
      0,
      0,
      0,
      0,
      0,
      0,
      0,
      0,
      0,
      0,
      0,
      0,
      0,
      0,
      0,
      0,
      0,
      0,
      0,
      0,
      0,
      0,
      0,
      0,
      0,
      0,
      0,
      0,
      0,
      0,
      0,
      0,
      0,
      0,
      0,
      0,
      0,
      0,
      0,
      0,
      0,
      0,
      0,
      0,
      0,
      0,
      0,
      1262,
      1262,
      1262,
      1262,
      1262,
      0,
      0,
      0,
      0,
      1229,
      1229,
      1229,
      1229,
      1229,
      1229,
      1263,
      1263,
      1263,
      1263,
      1263,
      1263,
      1263,
      1246,
      1246,
      1246,
      1246,
      1246,
      1246,
      1246,
      1246,
      1246,
      1246,
      1246,
      1240,
      1240,
      1240
    ],
    [
      1266,
      1266,
      1266,
      1266,
      1266,
      1266,
      1266,
      1266,
      1266,
      1266,
      0,
      0,
      0,
      0,
      0,
      0,
      0,
      0,
      0,
      0,
      0,
      0,
      0,
      0,
      0,
      0,
      1238,
      1238,
      1238,
      1238,
      1238,
      1238,
      1238,
      1238,
      1238,
      1238,
      1258,
      1258,
      1258,
      1258,
      1258,
      1258,
      0,
      0,
      0,
      0,
      0,
      0,
      0,
      0,
      0,
      0,
      0,
      0,
      0,
      0,
      0,
      0,
      0,
      0,
      0,
      0,
      0,
      1239,
      1239,
      1239,
      1239,
      1239,
      1239,
      1239,
      1239,
      1239,
      1239,
      1239,
      1239,
      1239,
      1239,
      1239,
      1239,
      1239,
      1239,
      1239,
      1239,
      1239,
      1239,
      1242,
      1242,
      1242,
      1242,
      1242,
      1242,
      1242,
      1242,
      0,
      0,
      0,
      0,
      0,
      1234,
      1234,
      1234,
      1234,
      1234,
      1234,
      0,
      0,
      0,
      0,
      0,
      0,
      0,
      0,
      0,
      0,
      0,
      1259,
      1259,
      1259,
      1259,
      1259,
      1259,
      1226,
      1226,
      1226,
      1226,
      0,
      0,
      0,
      0,
      0,
      0,
      0,
      0,
      0,
      0,
      0,
      0,
      0,
      0,
      0,
      0,
      0,
      0,
      0,
      0,
      0,
      1255,
      1255,
      1255,
      1255,
      1255,
      1255,
      1255,
      1268,
      1268,
      1268,
      1268,
      1268,
      1268,
      0,
      0,
      0,
      0,
      0,
      0,
      0,
      1270,
      1270,
      1270,
      1270,
      1270,
      1270,
      0,
      0,
      0,
      0,
      0,
      0,
      0,
      0,
      0,
      0,
      0,
      1260,
      1260,
      1260,
      1260,
      1260,
      1260,
      1247,
      1247,
      1247,
      1247,
      1247,
      1247,
      1247,
      1247,
      1247,
      1247,
      1256,
      1256,
      1256,
      1256,
      0,
      0,
      0,
      0,
      0,
      1249,
      1249,
      1249,
      1249,
      1249,
      1249,
      1249,
      1249,
      1249,
      1243,
      1243,
      1243,
      1243,
      1243,
      1243,
      1252,
      1252,
      1252,
      1252,
      1252,
      1252,
      1252,
      1252,
      1252,
      0,
      0,
      0,
      0,
      0,
      0,
      0,
      0,
      0,
      1257,
      1257,
      1257,
      1257,
      1257,
      1257,
      1257,
      1257,
      1278,
      1278,
      1278,
      1245,
      1245,
      1245,
      1245,
      1245,
      1245,
      1269,
      0,
      0,
      0,
      0,
      0,
      0,
      0,
      0,
      0,
      0,
      0,
      0,
      0,
      0,
      0,
      0,
      0,
      0,
      0,
      0,
      0,
      0,
      0,
      0,
      0,
      0,
      0,
      0,
      0,
      0,
      0,
      0,
      0,
      0,
      0,
      0,
      0,
      0,
      0,
      0,
      0,
      0,
      0,
      0,
      0,
      0,
      0,
      0,
      0,
      0,
      0,
      0,
      0,
      1224,
      1253,
      1253,
      1253,
      1253,
      1253,
      1253,
      1253,
      1253,
      1232,
      1232,
      1232,
      1232,
      1232,
      1232,
      1232,
      1232,
      1284,
      1284,
      1284,
      1284,
      1284,
      1284,
      1284,
      0,
      0,
      0,
      0,
      0,
      0,
      0,
      0,
      0,
      0,
      0,
      0,
      0,
      0,
      0,
      0,
      0,
      0,
      0,
      0,
      0,
      0,
      0,
      0,
      0,
      0,
      0,
      0,
      0,
      0,
      0,
      0,
      0,
      0,
      0,
      0,
      0,
      0,
      0,
      0,
      0,
      0,
      0,
      0,
      0,
      0,
      1254,
      1254,
      1254,
      1254,
      1254,
      1254,
      1254,
      1254,
      0,
      0,
      0,
      0,
      0,
      0,
      0,
      0,
      0,
      0,
      0,
      0,
      0,
      0,
      0,
      0,
      1261,
      1261,
      1250,
      1250,
      1250,
      1250,
      1251,
      1251,
      1251,
      1251,
      1248,
      1248,
      1248,
      1248,
      1248,
      1248,
      1248,
      1248,
      0,
      0,
      0,
      0,
      0,
      0,
      0,
      0,
      0,
      0,
      0,
      0,
      0,
      0,
      0,
      0,
      0,
      0,
      0,
      0,
      0,
      0,
      0,
      0,
      0,
      0,
      0,
      0,
      0,
      0,
      0,
      0,
      0,
      0,
      0,
      0,
      0,
      0,
      0,
      0,
      0,
      0,
      0,
      0,
      0,
      0,
      0,
      0,
      0,
      0,
      0,
      0,
      1262,
      1262,
      1262,
      1262,
      1262,
      1262,
      0,
      0,
      0,
      1229,
      1229,
      1229,
      1229,
      1229,
      1229,
      1263,
      1263,
      1263,
      1263,
      1263,
      1263,
      1263,
      1263,
      1264,
      1264,
      1264,
      1264,
      1265,
      1265,
      1265,
      1265,
      1265,
      1265,
      1240,
      1240,
      1240
    ],
    [
      1266,
      1266,
      1266,
      1266,
      1266,
      1266,
      1266,
      1266,
      1266,
      0,
      0,
      0,
      0,
      0,
      0,
      0,
      0,
      0,
      0,
      0,
      0,
      0,
      0,
      0,
      0,
      0,
      1238,
      1238,
      1238,
      1238,
      1238,
      1238,
      1258,
      1258,
      1258,
      1258,
      1258,
      1258,
      1258,
      1258,
      1258,
      1258,
      0,
      0,
      0,
      0,
      0,
      0,
      0,
      0,
      0,
      0,
      0,
      0,
      0,
      0,
      0,
      0,
      0,
      0,
      0,
      0,
      0,
      1239,
      1239,
      1239,
      1239,
      1239,
      1239,
      1239,
      1239,
      1239,
      1239,
      1239,
      1239,
      1239,
      1239,
      1239,
      1239,
      1239,
      1239,
      1239,
      1239,
      1239,
      1239,
      1242,
      1242,
      1242,
      1242,
      1242,
      1242,
      1242,
      0,
      0,
      0,
      0,
      0,
      0,
      1234,
      1234,
      1234,
      1234,
      1234,
      1234,
      0,
      0,
      0,
      0,
      0,
      0,
      0,
      0,
      0,
      0,
      1286,
      1259,
      1259,
      1259,
      1259,
      1259,
      1259,
      1226,
      1226,
      1226,
      1226,
      0,
      0,
      0,
      0,
      0,
      0,
      0,
      1267,
      1267,
      1267,
      1267,
      1267,
      1267,
      1267,
      1267,
      1267,
      1267,
      0,
      0,
      0,
      1255,
      1255,
      1255,
      1255,
      1255,
      1255,
      1255,
      1268,
      1268,
      1268,
      1268,
      1268,
      1268,
      1268,
      0,
      0,
      0,
      0,
      0,
      0,
      0,
      1270,
      1270,
      1270,
      1270,
      1270,
      1270,
      0,
      0,
      0,
      0,
      0,
      0,
      0,
      0,
      0,
      0,
      1260,
      1260,
      1260,
      1260,
      1260,
      1260,
      1260,
      1260,
      1247,
      1247,
      1247,
      1247,
      1247,
      1247,
      1247,
      1247,
      1256,
      1256,
      1256,
      1256,
      1256,
      0,
      0,
      0,
      0,
      0,
      0,
      0,
      0,
      0,
      0,
      1249,
      1249,
      1249,
      1249,
      1243,
      1243,
      1272,
      1272,
      1272,
      1272,
      1272,
      1252,
      1252,
      1252,
      1252,
      1252,
      1252,
      1252,
      1275,
      1275,
      1275,
      0,
      0,
      0,
      0,
      0,
      0,
      0,
      1257,
      1257,
      1257,
      1257,
      1257,
      1257,
      1257,
      1257,
      1278,
      1278,
      1278,
      1269,
      1269,
      1269,
      1269,
      1269,
      1269,
      1269,
      0,
      0,
      0,
      0,
      0,
      0,
      0,
      0,
      0,
      0,
      0,
      0,
      0,
      0,
      0,
      0,
      0,
      0,
      0,
      0,
      0,
      0,
      0,
      0,
      0,
      0,
      0,
      0,
      0,
      0,
      0,
      0,
      0,
      0,
      0,
      0,
      0,
      0,
      0,
      0,
      0,
      0,
      0,
      0,
      0,
      0,
      0,
      0,
      0,
      0,
      0,
      0,
      0,
      1224,
      1253,
      1253,
      1253,
      1253,
      1253,
      1253,
      1253,
      1253,
      1232,
      1232,
      1284,
      1284,
      1284,
      1284,
      1284,
      1284,
      1284,
      1284,
      1284,
      1284,
      1284,
      1284,
      0,
      0,
      0,
      0,
      0,
      0,
      0,
      0,
      0,
      0,
      0,
      0,
      0,
      0,
      0,
      0,
      0,
      0,
      0,
      0,
      0,
      0,
      0,
      0,
      0,
      0,
      0,
      0,
      0,
      0,
      0,
      0,
      0,
      0,
      0,
      0,
      0,
      0,
      0,
      0,
      0,
      0,
      0,
      0,
      0,
      0,
      0,
      1273,
      1273,
      1273,
      1273,
      1273,
      1273,
      1254,
      1254,
      0,
      0,
      0,
      0,
      0,
      0,
      0,
      0,
      0,
      0,
      0,
      0,
      0,
      0,
      0,
      0,
      1261,
      1261,
      1261,
      1261,
      1261,
      1250,
      1282,
      1282,
      1282,
      1282,
      1282,
      1282,
      1248,
      1248,
      1248,
      1248,
      1248,
      1248,
      0,
      0,
      0,
      0,
      0,
      0,
      0,
      0,
      0,
      0,
      0,
      0,
      0,
      0,
      0,
      0,
      0,
      0,
      0,
      0,
      0,
      0,
      0,
      0,
      0,
      0,
      0,
      0,
      0,
      0,
      0,
      0,
      0,
      0,
      0,
      0,
      0,
      0,
      0,
      0,
      0,
      0,
      0,
      0,
      0,
      0,
      0,
      0,
      0,
      0,
      0,
      0,
      1262,
      1262,
      1262,
      1262,
      1262,
      1262,
      1262,
      1262,
      1262,
      1262,
      1262,
      1262,
      1229,
      1229,
      1229,
      1263,
      1263,
      1263,
      1263,
      1263,
      1263,
      1263,
      1263,
      1264,
      1264,
      1264,
      1264,
      1265,
      1265,
      1265,
      1265,
      1265,
      1265,
      1265,
      1265,
      1265
    ],
    [
      1266,
      1266,
      1266,
      1266,
      1266,
      1266,
      1266,
      1266,
      1266,
      0,
      0,
      0,
      0,
      0,
      0,
      0,
      0,
      0,
      0,
      0,
      0,
      0,
      0,
      0,
      0,
      0,
      1238,
      1238,
      1238,
      1238,
      1238,
      1238,
      1258,
      1258,
      1258,
      1258,
      1258,
      1258,
      1258,
      1258,
      1258,
      1258,
      0,
      0,
      0,
      0,
      0,
      0,
      0,
      0,
      0,
      0,
      0,
      0,
      0,
      0,
      0,
      0,
      0,
      0,
      0,
      0,
      0,
      0,
      0,
      0,
      0,
      0,
      1239,
      1239,
      1239,
      1276,
      1276,
      1276,
      1276,
      1276,
      1276,
      1276,
      1239,
      1239,
      1239,
      1239,
      1239,
      1239,
      1239,
      1242,
      1242,
      1242,
      1242,
      1242,
      1242,
      1242,
      0,
      0,
      0,
      0,
      0,
      0,
      1234,
      1234,
      1274,
      1274,
      1274,
      1274,
      1274,
      1274,
      0,
      0,
      0,
      0,
      0,
      0,
      0,
      1286,
      1286,
      1259,
      1259,
      1259,
      1259,
      1259,
      1259,
      1226,
      1226,
      1226,
      1226,
      0,
      0,
      0,
      0,
      0,
      0,
      1267,
      1267,
      1267,
      1267,
      1267,
      1267,
      1267,
      1267,
      1267,
      1267,
      1267,
      1267,
      0,
      0,
      1255,
      1255,
      1255,
      1255,
      1255,
      1255,
      1255,
      1268,
      1268,
      1268,
      1268,
      1268,
      1268,
      1268,
      0,
      0,
      0,
      0,
      0,
      0,
      0,
      1270,
      1270,
      1270,
      1270,
      1270,
      1270,
      0,
      0,
      0,
      0,
      0,
      0,
      0,
      0,
      0,
      0,
      0,
      1260,
      1260,
      1260,
      1260,
      1260,
      1260,
      1260,
      1260,
      1260,
      1260,
      1260,
      1260,
      1260,
      1260,
      1260,
      1256,
      1256,
      1256,
      1256,
      1256,
      0,
      0,
      0,
      0,
      0,
      0,
      0,
      0,
      0,
      0,
      1249,
      1249,
      1249,
      1249,
      1243,
      1243,
      1272,
      1272,
      1272,
      1272,
      1272,
      1272,
      1252,
      1252,
      1252,
      1275,
      1275,
      1275,
      1275,
      1275,
      1275,
      0,
      0,
      0,
      0,
      0,
      0,
      0,
      1257,
      1257,
      1257,
      1257,
      1257,
      1257,
      1257,
      1257,
      1278,
      1278,
      1278,
      1269,
      1269,
      1269,
      1269,
      1269,
      1269,
      1269,
      0,
      0,
      0,
      0,
      0,
      0,
      0,
      0,
      0,
      0,
      0,
      0,
      0,
      0,
      0,
      0,
      0,
      0,
      0,
      0,
      0,
      0,
      0,
      0,
      0,
      0,
      0,
      0,
      0,
      0,
      0,
      0,
      0,
      0,
      0,
      0,
      0,
      0,
      0,
      0,
      0,
      0,
      0,
      0,
      0,
      0,
      0,
      0,
      0,
      0,
      0,
      0,
      0,
      1224,
      1253,
      1253,
      1253,
      1253,
      1253,
      1253,
      1253,
      1253,
      1232,
      1284,
      1284,
      1284,
      1284,
      1284,
      1284,
      1284,
      1284,
      1284,
      1284,
      1284,
      1284,
      0,
      0,
      0,
      0,
      0,
      0,
      0,
      0,
      0,
      0,
      0,
      0,
      0,
      0,
      0,
      0,
      0,
      0,
      0,
      0,
      0,
      0,
      0,
      0,
      0,
      0,
      0,
      0,
      0,
      0,
      0,
      0,
      0,
      0,
      0,
      0,
      0,
      0,
      0,
      0,
      0,
      0,
      0,
      0,
      0,
      0,
      0,
      1273,
      1273,
      1273,
      1273,
      1273,
      1273,
      1273,
      1273,
      1254,
      0,
      0,
      0,
      0,
      0,
      0,
      0,
      0,
      0,
      0,
      0,
      0,
      0,
      0,
      0,
      0,
      1261,
      1261,
      1261,
      1261,
      1261,
      1250,
      1282,
      1282,
      1282,
      1282,
      1282,
      1282,
      1282,
      0,
      0,
      0,
      0,
      0,
      0,
      0,
      0,
      0,
      0,
      0,
      0,
      0,
      0,
      0,
      0,
      0,
      0,
      0,
      0,
      0,
      0,
      0,
      0,
      0,
      0,
      0,
      0,
      0,
      0,
      0,
      0,
      0,
      0,
      0,
      0,
      0,
      0,
      0,
      0,
      0,
      0,
      0,
      0,
      0,
      0,
      0,
      0,
      0,
      0,
      0,
      0,
      0,
      0,
      0,
      0,
      0,
      0,
      1262,
      1262,
      1262,
      1262,
      1262,
      1262,
      1262,
      1262,
      1262,
      1262,
      1262,
      1229,
      1229,
      1229,
      1263,
      1263,
      1263,
      1263,
      1263,
      1263,
      1263,
      1263,
      1264,
      1264,
      1264,
      1264,
      1265,
      1265,
      1265,
      1265,
      1265,
      1265,
      1265,
      1265,
      1265
    ],
    [
      1266,
      1266,
      1266,
      1266,
      1266,
      1266,
      1266,
      1266,
      0,
      0,
      0,
      0,
      0,
      0,
      0,
      0,
      0,
      0,
      0,
      0,
      0,
      0,
      0,
      0,
      0,
      0,
      1238,
      1238,
      1283,
      1283,
      1283,
      1283,
      1283,
      1258,
      1258,
      1258,
      1258,
      1258,
      1258,
      1258,
      1258,
      1258,
      1258,
      0,
      0,
      0,
      0,
      0,
      0,
      0,
      0,
      0,
      0,
      0,
      0,
      0,
      0,
      0,
      0,
      0,
      0,
      0,
      0,
      0,
      0,
      0,
      0,
      0,
      1239,
      1239,
      1276,
      1276,
      1276,
      1276,
      1276,
      1276,
      1276,
      1276,
      1277,
      1277,
      1277,
      1277,
      1277,
      1242,
      1242,
      1242,
      1242,
      1242,
      1242,
      1242,
      1242,
      1242,
      0,
      0,
      0,
      0,
      0,
      0,
      1234,
      1234,
      1274,
      1274,
      1274,
      1274,
      1274,
      1294,
      1294,
      0,
      0,
      0,
      0,
      0,
      0,
      1286,
      1286,
      1259,
      1259,
      1259,
      1259,
      1259,
      1259,
      1226,
      1226,
      0,
      0,
      0,
      0,
      0,
      0,
      0,
      0,
      1267,
      1267,
      1267,
      1267,
      1267,
      1267,
      1267,
      1267,
      1267,
      1267,
      1267,
      1267,
      0,
      0,
      1255,
      1255,
      1255,
      1255,
      1255,
      1255,
      1255,
      1268,
      1268,
      1268,
      1268,
      1268,
      1268,
      1268,
      0,
      0,
      0,
      0,
      0,
      0,
      0,
      1270,
      1270,
      1270,
      1270,
      1270,
      1270,
      0,
      0,
      0,
      0,
      0,
      0,
      0,
      0,
      0,
      1260,
      1260,
      1260,
      1260,
      1260,
      1260,
      1260,
      1260,
      1260,
      1260,
      1260,
      1260,
      1260,
      1260,
      1260,
      1271,
      1271,
      1271,
      1271,
      1271,
      1256,
      1256,
      0,
      0,
      0,
      0,
      0,
      0,
      0,
      0,
      0,
      0,
      0,
      1249,
      1249,
      1249,
      1243,
      1243,
      1272,
      1272,
      1272,
      1272,
      1272,
      1272,
      1252,
      1252,
      1252,
      1275,
      1275,
      1275,
      1275,
      1275,
      1275,
      0,
      0,
      0,
      0,
      0,
      0,
      0,
      1257,
      1278,
      1278,
      1278,
      1278,
      1278,
      1278,
      1278,
      1278,
      1278,
      1278,
      1269,
      1269,
      1269,
      1269,
      1269,
      1269,
      1269,
      0,
      0,
      0,
      0,
      0,
      0,
      0,
      0,
      0,
      0,
      0,
      0,
      0,
      0,
      0,
      0,
      0,
      0,
      0,
      0,
      0,
      0,
      0,
      0,
      0,
      0,
      0,
      0,
      0,
      0,
      0,
      0,
      0,
      0,
      0,
      0,
      0,
      0,
      0,
      0,
      0,
      0,
      0,
      0,
      0,
      0,
      0,
      0,
      0,
      0,
      0,
      0,
      0,
      0,
      0,
      1253,
      1253,
      1253,
      1253,
      1253,
      1253,
      1253,
      1284,
      1284,
      1284,
      1284,
      1284,
      1284,
      1284,
      1284,
      1284,
      1284,
      1284,
      1284,
      0,
      0,
      0,
      0,
      0,
      0,
      0,
      0,
      0,
      0,
      0,
      0,
      0,
      0,
      0,
      0,
      0,
      0,
      0,
      0,
      0,
      0,
      0,
      0,
      0,
      0,
      0,
      0,
      0,
      0,
      0,
      0,
      0,
      0,
      0,
      0,
      0,
      0,
      0,
      0,
      0,
      0,
      0,
      0,
      0,
      0,
      0,
      0,
      1273,
      1273,
      1273,
      1273,
      1273,
      1273,
      1273,
      1273,
      1279,
      1279,
      1279,
      1279,
      1279,
      1279,
      1279,
      1279,
      1279,
      0,
      0,
      0,
      0,
      0,
      0,
      0,
      1261,
      1261,
      1261,
      1261,
      1261,
      1261,
      1250,
      1282,
      1282,
      1282,
      1282,
      1282,
      1282,
      1282,
      0,
      0,
      0,
      0,
      0,
      0,
      0,
      0,
      0,
      0,
      0,
      0,
      0,
      0,
      0,
      0,
      0,
      0,
      0,
      0,
      0,
      0,
      0,
      0,
      0,
      0,
      0,
      0,
      0,
      0,
      0,
      0,
      0,
      0,
      0,
      1280,
      1280,
      1280,
      1280,
      0,
      0,
      0,
      0,
      0,
      0,
      0,
      0,
      0,
      0,
      0,
      0,
      0,
      0,
      0,
      0,
      0,
      0,
      0,
      0,
      1262,
      1262,
      1262,
      1262,
      1262,
      1262,
      1262,
      1262,
      1262,
      1262,
      1285,
      1229,
      1229,
      1263,
      1263,
      1263,
      1263,
      1263,
      1263,
      1263,
      1263,
      1264,
      1264,
      1264,
      1264,
      1265,
      1265,
      1265,
      1265,
      1265,
      1265,
      1265,
      1265,
      1265
    ],
    [
      1266,
      1266,
      1266,
      1266,
      1266,
      1266,
      1266,
      0,
      0,
      0,
      0,
      0,
      0,
      0,
      0,
      0,
      0,
      0,
      0,
      0,
      0,
      0,
      0,
      0,
      0,
      0,
      1238,
      1283,
      1283,
      1283,
      1283,
      1283,
      1283,
      1283,
      1258,
      1258,
      1258,
      1258,
      1258,
      1258,
      1258,
      1258,
      1258,
      1258,
      0,
      0,
      0,
      0,
      0,
      0,
      0,
      0,
      0,
      0,
      0,
      0,
      0,
      0,
      0,
      0,
      0,
      0,
      0,
      0,
      0,
      0,
      0,
      0,
      1239,
      1239,
      1276,
      1276,
      1276,
      1276,
      1276,
      1276,
      1276,
      1276,
      1277,
      1277,
      1277,
      1277,
      1277,
      1277,
      1277,
      1277,
      1277,
      1242,
      1242,
      1242,
      1242,
      1242,
      0,
      0,
      0,
      0,
      0,
      0,
      1234,
      1315,
      1274,
      1274,
      1274,
      1274,
      1274,
      1294,
      1294,
      1294,
      1294,
      0,
      0,
      0,
      0,
      1286,
      1286,
      1259,
      1259,
      1259,
      1259,
      1259,
      1259,
      0,
      0,
      0,
      0,
      0,
      0,
      0,
      0,
      0,
      1291,
      1267,
      1267,
      1267,
      1267,
      1267,
      1267,
      1267,
      1267,
      1267,
      1267,
      1267,
      1267,
      0,
      0,
      1295,
      1295,
      1295,
      1295,
      1255,
      1255,
      1255,
      1268,
      1268,
      1268,
      1268,
      1268,
      1268,
      1268,
      0,
      0,
      0,
      0,
      0,
      0,
      0,
      1270,
      1270,
      1270,
      1270,
      1270,
      1270,
      1270,
      0,
      0,
      0,
      0,
      0,
      0,
      0,
      0,
      1260,
      1260,
      1260,
      1260,
      1260,
      1260,
      1260,
      1260,
      1260,
      1260,
      1260,
      1260,
      1260,
      1260,
      1260,
      1271,
      1271,
      1271,
      1271,
      1271,
      1256,
      1256,
      0,
      0,
      0,
      0,
      0,
      0,
      0,
      0,
      0,
      0,
      0,
      0,
      1249,
      1249,
      1243,
      1243,
      1272,
      1272,
      1272,
      1272,
      1272,
      1272,
      1288,
      1252,
      1252,
      1275,
      1275,
      1275,
      1275,
      1275,
      1275,
      1275,
      1275,
      0,
      0,
      0,
      0,
      0,
      1278,
      1278,
      1278,
      1278,
      1278,
      1278,
      1278,
      1278,
      1278,
      1278,
      1278,
      1269,
      1269,
      1269,
      1269,
      1269,
      1269,
      1269,
      0,
      0,
      0,
      0,
      0,
      0,
      0,
      0,
      0,
      0,
      0,
      0,
      0,
      0,
      0,
      0,
      0,
      0,
      0,
      0,
      0,
      0,
      0,
      0,
      0,
      0,
      0,
      0,
      0,
      0,
      0,
      0,
      0,
      0,
      0,
      0,
      0,
      0,
      0,
      0,
      0,
      0,
      0,
      0,
      0,
      0,
      0,
      0,
      0,
      0,
      0,
      0,
      0,
      0,
      0,
      0,
      1284,
      1284,
      1284,
      1284,
      1284,
      1284,
      1284,
      1284,
      1284,
      1284,
      1284,
      1284,
      1284,
      1284,
      1284,
      1284,
      1284,
      0,
      0,
      0,
      0,
      0,
      0,
      0,
      0,
      0,
      0,
      0,
      0,
      0,
      0,
      0,
      0,
      0,
      0,
      0,
      0,
      0,
      0,
      0,
      0,
      0,
      0,
      0,
      0,
      0,
      0,
      0,
      0,
      0,
      0,
      0,
      0,
      0,
      0,
      0,
      0,
      0,
      0,
      0,
      0,
      0,
      0,
      0,
      0,
      0,
      1273,
      1273,
      1273,
      1273,
      1273,
      1273,
      1273,
      1273,
      1279,
      1279,
      1279,
      1279,
      1279,
      1279,
      1279,
      1279,
      1279,
      0,
      0,
      0,
      0,
      0,
      0,
      1281,
      1281,
      1281,
      1281,
      1281,
      1281,
      1261,
      1250,
      1282,
      1282,
      1282,
      1282,
      1282,
      1282,
      1282,
      1282,
      1282,
      1282,
      1282,
      0,
      0,
      0,
      0,
      0,
      0,
      0,
      0,
      0,
      0,
      0,
      0,
      0,
      0,
      0,
      0,
      0,
      0,
      0,
      0,
      0,
      0,
      0,
      0,
      0,
      0,
      0,
      0,
      0,
      0,
      0,
      1280,
      1280,
      1280,
      1280,
      0,
      0,
      0,
      0,
      0,
      0,
      0,
      0,
      0,
      0,
      0,
      0,
      0,
      0,
      0,
      0,
      0,
      0,
      0,
      0,
      0,
      1262,
      1262,
      1262,
      1262,
      1262,
      1262,
      1262,
      1262,
      1262,
      1285,
      1285,
      1229,
      1263,
      1263,
      1263,
      1263,
      1263,
      1263,
      1263,
      1263,
      1264,
      1264,
      1264,
      1264,
      1265,
      1265,
      1265,
      1265,
      1265,
      1265,
      1265,
      1265,
      1265
    ],
    [
      1266,
      1266,
      1266,
      1266,
      1266,
      1266,
      0,
      0,
      0,
      0,
      0,
      0,
      0,
      0,
      0,
      0,
      0,
      0,
      0,
      0,
      0,
      0,
      0,
      0,
      0,
      0,
      1298,
      1283,
      1283,
      1283,
      1283,
      1283,
      1283,
      1283,
      1283,
      1258,
      1258,
      1258,
      1258,
      1258,
      1258,
      1258,
      1258,
      1258,
      0,
      0,
      0,
      0,
      0,
      0,
      0,
      0,
      0,
      0,
      0,
      0,
      0,
      0,
      0,
      0,
      0,
      0,
      0,
      0,
      0,
      0,
      0,
      0,
      1239,
      1239,
      1276,
      1276,
      1276,
      1276,
      1276,
      1276,
      1276,
      1276,
      1277,
      1277,
      1277,
      1277,
      1277,
      1277,
      1277,
      1277,
      1277,
      1242,
      1242,
      1242,
      1242,
      1242,
      0,
      0,
      0,
      1315,
      1315,
      1315,
      1315,
      1315,
      1274,
      1274,
      1274,
      1274,
      1274,
      1294,
      1294,
      1294,
      1294,
      0,
      0,
      0,
      0,
      1286,
      1286,
      1286,
      1286,
      1286,
      1286,
      1286,
      1286,
      0,
      0,
      0,
      0,
      0,
      0,
      0,
      0,
      1291,
      1291,
      1267,
      1267,
      1267,
      1267,
      1267,
      1267,
      1267,
      1267,
      1267,
      1267,
      1267,
      1267,
      0,
      0,
      1295,
      1295,
      1295,
      1295,
      1295,
      1255,
      1255,
      1268,
      1268,
      1268,
      1268,
      1268,
      1268,
      1268,
      1268,
      0,
      0,
      0,
      0,
      0,
      0,
      1270,
      1270,
      1270,
      1270,
      1270,
      1270,
      1270,
      1270,
      1270,
      0,
      0,
      0,
      0,
      0,
      0,
      1260,
      1260,
      1260,
      1260,
      1260,
      1260,
      1260,
      1260,
      1260,
      1260,
      1260,
      1260,
      1260,
      1260,
      1260,
      1271,
      1271,
      1271,
      1271,
      1271,
      1256,
      1256,
      0,
      0,
      0,
      0,
      0,
      0,
      0,
      0,
      0,
      0,
      0,
      0,
      0,
      1249,
      1243,
      1243,
      1272,
      1272,
      1272,
      1272,
      1272,
      1272,
      1288,
      1252,
      1252,
      1275,
      1275,
      1275,
      1275,
      1275,
      1275,
      1275,
      1275,
      1275,
      0,
      0,
      0,
      1278,
      1278,
      1278,
      1278,
      1278,
      1278,
      1278,
      1278,
      1278,
      1278,
      1278,
      1278,
      1278,
      1269,
      1269,
      1269,
      1269,
      1269,
      1269,
      0,
      0,
      0,
      0,
      0,
      0,
      0,
      0,
      0,
      0,
      0,
      0,
      0,
      0,
      0,
      0,
      0,
      0,
      0,
      0,
      0,
      0,
      0,
      0,
      0,
      0,
      0,
      0,
      0,
      0,
      0,
      0,
      0,
      0,
      0,
      0,
      0,
      0,
      0,
      0,
      0,
      0,
      0,
      0,
      0,
      0,
      0,
      0,
      0,
      0,
      0,
      0,
      0,
      0,
      0,
      0,
      0,
      1284,
      1284,
      1284,
      1284,
      1284,
      1284,
      1284,
      1284,
      1284,
      1284,
      1284,
      1284,
      1284,
      1284,
      1284,
      1284,
      1284,
      1284,
      0,
      0,
      0,
      0,
      0,
      0,
      0,
      0,
      0,
      0,
      0,
      0,
      0,
      0,
      0,
      0,
      0,
      0,
      0,
      0,
      0,
      0,
      0,
      1290,
      1290,
      1290,
      1290,
      1290,
      0,
      0,
      0,
      0,
      0,
      0,
      0,
      0,
      0,
      0,
      0,
      0,
      0,
      0,
      0,
      0,
      0,
      0,
      0,
      1273,
      1273,
      1273,
      1273,
      1273,
      1273,
      1273,
      1273,
      1279,
      1279,
      1279,
      1279,
      1279,
      1279,
      1279,
      1279,
      1279,
      1279,
      0,
      0,
      0,
      0,
      0,
      1281,
      1281,
      1281,
      1281,
      1281,
      1281,
      1281,
      1250,
      1282,
      1282,
      1282,
      1282,
      1282,
      1282,
      1282,
      1282,
      1282,
      1282,
      1282,
      0,
      0,
      0,
      0,
      0,
      0,
      0,
      0,
      0,
      0,
      0,
      0,
      0,
      0,
      0,
      0,
      0,
      0,
      0,
      0,
      0,
      0,
      0,
      0,
      0,
      0,
      0,
      0,
      0,
      0,
      0,
      1280,
      1280,
      1280,
      1280,
      0,
      0,
      0,
      0,
      0,
      0,
      0,
      0,
      0,
      0,
      0,
      0,
      0,
      0,
      0,
      0,
      0,
      0,
      0,
      0,
      0,
      1262,
      1262,
      1262,
      1262,
      1262,
      1262,
      1262,
      1262,
      1262,
      1285,
      1285,
      1285,
      1263,
      1263,
      1263,
      1263,
      1263,
      1263,
      1263,
      1263,
      1264,
      1264,
      1264,
      1264,
      1265,
      1265,
      1265,
      1265,
      1265,
      1265,
      1265,
      1265,
      1265
    ],
    [
      1266,
      1266,
      1266,
      1266,
      1266,
      1266,
      0,
      0,
      0,
      0,
      0,
      0,
      0,
      0,
      0,
      0,
      0,
      0,
      0,
      0,
      0,
      0,
      0,
      0,
      0,
      0,
      1298,
      1283,
      1283,
      1283,
      1283,
      1283,
      1283,
      1283,
      1283,
      1318,
      1258,
      1258,
      1258,
      1258,
      1258,
      1258,
      1258,
      1258,
      1258,
      0,
      0,
      0,
      0,
      0,
      0,
      0,
      0,
      0,
      0,
      0,
      0,
      0,
      0,
      0,
      0,
      0,
      0,
      0,
      0,
      0,
      0,
      0,
      1239,
      1239,
      1276,
      1276,
      1276,
      1276,
      1276,
      1276,
      1276,
      1276,
      1277,
      1277,
      1277,
      1277,
      1277,
      1277,
      1277,
      1277,
      1277,
      1242,
      1242,
      1242,
      1242,
      1242,
      0,
      0,
      0,
      1315,
      1315,
      1315,
      1315,
      1315,
      1274,
      1274,
      1274,
      1274,
      1274,
      1294,
      1294,
      1294,
      1294,
      1286,
      1286,
      1286,
      1286,
      1286,
      1286,
      1286,
      1286,
      1286,
      1286,
      1286,
      1286,
      0,
      0,
      0,
      0,
      0,
      0,
      0,
      0,
      1291,
      1291,
      1267,
      1267,
      1267,
      1267,
      1267,
      1267,
      1267,
      1267,
      1267,
      1267,
      1267,
      1267,
      1295,
      1295,
      1295,
      1295,
      1295,
      1295,
      1295,
      1287,
      1287,
      1287,
      1287,
      1287,
      1287,
      1287,
      1287,
      1287,
      1287,
      1287,
      0,
      0,
      0,
      0,
      0,
      1292,
      1292,
      1292,
      1292,
      1292,
      1292,
      1292,
      1292,
      1292,
      0,
      0,
      0,
      0,
      0,
      0,
      1260,
      1260,
      1260,
      1260,
      1260,
      1260,
      1260,
      1260,
      1260,
      1260,
      1260,
      1260,
      1260,
      1260,
      1260,
      1271,
      1271,
      1271,
      1271,
      1271,
      1256,
      1256,
      0,
      0,
      0,
      0,
      0,
      0,
      0,
      0,
      0,
      0,
      0,
      0,
      0,
      0,
      0,
      1243,
      1272,
      1272,
      1272,
      1272,
      1272,
      1272,
      1288,
      1288,
      1288,
      1275,
      1275,
      1275,
      1275,
      1275,
      1275,
      1275,
      1275,
      1275,
      1278,
      1278,
      1278,
      1278,
      1278,
      1278,
      1278,
      1278,
      1278,
      1278,
      1278,
      1278,
      1278,
      1278,
      1278,
      1289,
      1289,
      1289,
      1289,
      1289,
      1289,
      1289,
      0,
      0,
      0,
      0,
      0,
      0,
      0,
      0,
      0,
      0,
      0,
      0,
      0,
      0,
      0,
      0,
      0,
      0,
      0,
      0,
      0,
      0,
      0,
      0,
      0,
      0,
      0,
      0,
      0,
      0,
      0,
      0,
      0,
      0,
      0,
      0,
      0,
      0,
      0,
      0,
      0,
      0,
      0,
      0,
      0,
      0,
      0,
      0,
      0,
      0,
      0,
      0,
      0,
      0,
      0,
      0,
      0,
      1284,
      1284,
      1284,
      1284,
      1284,
      1284,
      1284,
      1284,
      1284,
      1284,
      1284,
      1284,
      1284,
      1284,
      1284,
      1284,
      1284,
      1284,
      1284,
      0,
      0,
      0,
      0,
      0,
      0,
      0,
      0,
      0,
      0,
      0,
      0,
      0,
      0,
      0,
      0,
      0,
      0,
      0,
      0,
      0,
      1290,
      1290,
      1290,
      1290,
      1290,
      1290,
      1290,
      0,
      0,
      0,
      0,
      0,
      0,
      0,
      0,
      0,
      0,
      0,
      0,
      0,
      0,
      0,
      0,
      0,
      0,
      1273,
      1273,
      1273,
      1273,
      1273,
      1273,
      1273,
      1279,
      1279,
      1279,
      1279,
      1279,
      1279,
      1279,
      1279,
      1279,
      1279,
      1279,
      0,
      0,
      0,
      0,
      0,
      1281,
      1281,
      1281,
      1281,
      1281,
      1281,
      1281,
      1281,
      1282,
      1282,
      1282,
      1282,
      1282,
      1282,
      1282,
      1282,
      1282,
      1282,
      1282,
      0,
      0,
      0,
      0,
      0,
      0,
      0,
      0,
      0,
      0,
      0,
      0,
      0,
      0,
      0,
      0,
      0,
      0,
      0,
      0,
      0,
      0,
      0,
      0,
      0,
      0,
      0,
      0,
      0,
      0,
      0,
      1280,
      1280,
      1280,
      1280,
      0,
      0,
      0,
      0,
      0,
      0,
      0,
      0,
      0,
      0,
      0,
      0,
      0,
      0,
      0,
      0,
      0,
      0,
      0,
      0,
      0,
      1262,
      1262,
      1262,
      1262,
      1262,
      1262,
      1262,
      1262,
      1262,
      1285,
      1285,
      1285,
      1285,
      1263,
      1263,
      1263,
      1263,
      1263,
      1263,
      1263,
      1264,
      1264,
      1264,
      1264,
      1264,
      1265,
      1265,
      1265,
      1265,
      1265,
      1302,
      1302,
      1302
    ],
    [
      1266,
      1266,
      1266,
      1266,
      1266,
      1266,
      0,
      0,
      0,
      0,
      0,
      0,
      0,
      0,
      0,
      0,
      0,
      0,
      0,
      0,
      0,
      0,
      0,
      0,
      1298,
      1298,
      1298,
      1283,
      1283,
      1283,
      1283,
      1283,
      1283,
      1283,
      1283,
      1318,
      1258,
      1258,
      1258,
      1258,
      1293,
      1293,
      1293,
      1293,
      1293,
      1293,
      1293,
      0,
      0,
      0,
      0,
      0,
      0,
      0,
      0,
      0,
      0,
      0,
      0,
      0,
      0,
      0,
      0,
      0,
      0,
      0,
      0,
      1307,
      1307,
      1239,
      1276,
      1276,
      1276,
      1276,
      1276,
      1276,
      1276,
      1276,
      1277,
      1277,
      1277,
      1277,
      1277,
      1277,
      1277,
      1277,
      1277,
      1242,
      1314,
      1314,
      1314,
      0,
      0,
      0,
      0,
      1315,
      1315,
      1315,
      1315,
      1315,
      1274,
      1274,
      1274,
      1274,
      1274,
      1294,
      1294,
      1294,
      1294,
      1294,
      1294,
      1294,
      1286,
      1286,
      1286,
      1286,
      1286,
      1286,
      1286,
      1286,
      1286,
      0,
      0,
      0,
      0,
      0,
      0,
      0,
      0,
      1291,
      1291,
      1267,
      1267,
      1267,
      1267,
      1267,
      1267,
      1267,
      1267,
      1267,
      1267,
      1267,
      1267,
      1295,
      1295,
      1295,
      1295,
      1295,
      1295,
      1295,
      1287,
      1287,
      1287,
      1287,
      1287,
      1287,
      1287,
      1287,
      1287,
      1287,
      1287,
      1287,
      1292,
      1292,
      1292,
      1292,
      1292,
      1292,
      1292,
      1292,
      1292,
      1292,
      1292,
      1292,
      1292,
      0,
      0,
      0,
      0,
      0,
      0,
      1260,
      1260,
      1260,
      1260,
      1260,
      1260,
      1260,
      1260,
      1260,
      1260,
      1260,
      1260,
      1260,
      1260,
      1271,
      1271,
      1271,
      1271,
      1271,
      1271,
      1256,
      1256,
      0,
      0,
      0,
      0,
      0,
      0,
      0,
      0,
      0,
      0,
      0,
      0,
      0,
      0,
      0,
      1243,
      1272,
      1272,
      1272,
      1272,
      1272,
      1272,
      1288,
      1288,
      1288,
      1275,
      1275,
      1275,
      1275,
      1275,
      1275,
      1275,
      1275,
      1275,
      1275,
      1278,
      1278,
      1278,
      1278,
      1278,
      1278,
      1278,
      1278,
      1278,
      1278,
      1278,
      1278,
      1278,
      1278,
      1289,
      1289,
      1289,
      1289,
      1289,
      1289,
      1289,
      1299,
      1299,
      0,
      0,
      0,
      0,
      0,
      0,
      0,
      0,
      0,
      0,
      0,
      0,
      0,
      0,
      0,
      0,
      0,
      0,
      0,
      0,
      0,
      0,
      0,
      0,
      0,
      0,
      0,
      0,
      0,
      0,
      0,
      0,
      0,
      0,
      0,
      0,
      0,
      0,
      0,
      0,
      0,
      0,
      0,
      0,
      0,
      0,
      0,
      0,
      0,
      0,
      0,
      0,
      0,
      0,
      0,
      1284,
      1284,
      1284,
      1284,
      1284,
      1284,
      1284,
      1284,
      1284,
      1284,
      1284,
      1284,
      1284,
      1284,
      1284,
      1284,
      1284,
      1284,
      0,
      0,
      0,
      0,
      0,
      0,
      0,
      0,
      0,
      0,
      0,
      0,
      0,
      0,
      0,
      0,
      0,
      0,
      0,
      1290,
      1290,
      1290,
      1290,
      1290,
      1290,
      1290,
      1290,
      1290,
      1290,
      0,
      0,
      0,
      0,
      0,
      0,
      0,
      0,
      0,
      0,
      0,
      0,
      0,
      0,
      0,
      0,
      0,
      0,
      0,
      1279,
      1279,
      1279,
      1279,
      1279,
      1279,
      1279,
      1279,
      1279,
      1279,
      1279,
      1279,
      1279,
      1279,
      1279,
      1279,
      1279,
      0,
      0,
      0,
      0,
      0,
      1281,
      1281,
      1281,
      1281,
      1281,
      1281,
      1281,
      1281,
      1282,
      1282,
      1282,
      1282,
      1282,
      1282,
      1282,
      1282,
      1282,
      1282,
      1282,
      0,
      0,
      0,
      0,
      0,
      0,
      0,
      0,
      0,
      0,
      0,
      0,
      0,
      0,
      0,
      0,
      0,
      0,
      0,
      0,
      0,
      0,
      0,
      0,
      0,
      0,
      0,
      0,
      0,
      1280,
      1280,
      1280,
      1280,
      1280,
      1280,
      0,
      0,
      0,
      0,
      0,
      0,
      0,
      0,
      0,
      0,
      0,
      0,
      0,
      0,
      0,
      0,
      0,
      0,
      0,
      0,
      0,
      1262,
      1262,
      1262,
      1262,
      1262,
      1262,
      1285,
      1285,
      1285,
      1285,
      1285,
      1285,
      1285,
      1285,
      1285,
      1285,
      1285,
      1285,
      1285,
      0,
      0,
      0,
      0,
      0,
      0,
      0,
      1302,
      1302,
      1302,
      1302,
      1302,
      1302,
      1302
    ],
    [
      1266,
      1266,
      1266,
      1266,
      1266,
      1266,
      0,
      0,
      0,
      0,
      0,
      0,
      0,
      0,
      0,
      0,
      0,
      0,
      0,
      0,
      0,
      0,
      0,
      1298,
      1298,
      1298,
      1298,
      1283,
      1283,
      1283,
      1283,
      1283,
      1283,
      1283,
      1283,
      1318,
      1258,
      1258,
      1258,
      1293,
      1293,
      1293,
      1293,
      1293,
      1293,
      1293,
      1293,
      0,
      0,
      0,
      0,
      0,
      0,
      0,
      0,
      0,
      0,
      0,
      0,
      0,
      0,
      0,
      0,
      0,
      0,
      0,
      0,
      1307,
      1307,
      1307,
      1276,
      1276,
      1276,
      1276,
      1276,
      1276,
      1276,
      1276,
      1277,
      1277,
      1277,
      1277,
      1277,
      1277,
      1277,
      1277,
      1277,
      1242,
      1314,
      1314,
      1314,
      0,
      0,
      0,
      0,
      1315,
      1315,
      1315,
      1315,
      1315,
      1315,
      1274,
      1274,
      1274,
      1274,
      1294,
      1294,
      1294,
      1294,
      1294,
      1294,
      1294,
      1294,
      1286,
      1286,
      1286,
      1286,
      1286,
      1286,
      1286,
      1286,
      0,
      0,
      0,
      0,
      0,
      0,
      0,
      0,
      1291,
      1291,
      1291,
      1291,
      1267,
      1267,
      1267,
      1267,
      1267,
      1267,
      1267,
      1267,
      1267,
      1267,
      1295,
      1295,
      1295,
      1295,
      1295,
      1295,
      1295,
      1287,
      1287,
      1287,
      1287,
      1287,
      1287,
      1287,
      1287,
      1287,
      1287,
      1287,
      1287,
      1287,
      1287,
      1292,
      1292,
      1292,
      1292,
      1292,
      1292,
      1292,
      1292,
      1292,
      1292,
      1292,
      1292,
      0,
      0,
      0,
      0,
      0,
      1260,
      1260,
      1260,
      1260,
      1260,
      1260,
      1260,
      1260,
      1260,
      1260,
      1260,
      1260,
      1260,
      1260,
      1271,
      1271,
      1271,
      1271,
      1271,
      1271,
      1256,
      1256,
      0,
      0,
      0,
      0,
      0,
      0,
      0,
      0,
      0,
      0,
      0,
      0,
      0,
      0,
      0,
      0,
      1288,
      1288,
      1288,
      1288,
      1288,
      1288,
      1288,
      1288,
      1288,
      1288,
      1288,
      1275,
      1275,
      1275,
      1275,
      1275,
      1275,
      1275,
      1275,
      1278,
      1278,
      1278,
      1278,
      1278,
      1278,
      1278,
      1278,
      1278,
      1278,
      1278,
      1278,
      1278,
      1278,
      1289,
      1289,
      1289,
      1289,
      1289,
      1289,
      1289,
      1299,
      1299,
      1299,
      1299,
      0,
      0,
      0,
      0,
      0,
      0,
      0,
      0,
      0,
      0,
      0,
      0,
      0,
      0,
      0,
      0,
      0,
      0,
      0,
      0,
      0,
      0,
      0,
      0,
      0,
      0,
      0,
      0,
      0,
      0,
      0,
      0,
      0,
      0,
      0,
      0,
      0,
      0,
      0,
      0,
      0,
      0,
      0,
      0,
      0,
      0,
      0,
      0,
      0,
      0,
      0,
      0,
      0,
      0,
      1284,
      1284,
      1284,
      1284,
      1284,
      1284,
      1284,
      1284,
      1284,
      1284,
      1284,
      1284,
      1284,
      1284,
      1284,
      1284,
      1284,
      0,
      0,
      0,
      0,
      0,
      0,
      0,
      0,
      0,
      0,
      0,
      0,
      0,
      0,
      0,
      1290,
      1290,
      1290,
      1290,
      1290,
      1290,
      1290,
      1290,
      1290,
      1290,
      1290,
      1290,
      1290,
      1290,
      0,
      0,
      0,
      0,
      0,
      0,
      0,
      0,
      0,
      0,
      0,
      0,
      0,
      0,
      0,
      0,
      0,
      0,
      0,
      0,
      1279,
      1279,
      1279,
      1279,
      1279,
      1279,
      1279,
      1279,
      1279,
      1279,
      1279,
      1279,
      1279,
      1279,
      1279,
      1279,
      0,
      0,
      0,
      0,
      0,
      1281,
      1281,
      1281,
      1281,
      1281,
      1281,
      1281,
      1281,
      0,
      0,
      0,
      1282,
      1282,
      1282,
      1282,
      1282,
      1282,
      1282,
      1282,
      0,
      0,
      0,
      0,
      0,
      0,
      0,
      0,
      0,
      0,
      0,
      0,
      0,
      0,
      0,
      0,
      0,
      0,
      0,
      0,
      0,
      0,
      0,
      0,
      0,
      0,
      0,
      1280,
      1280,
      1280,
      1280,
      1280,
      1280,
      1280,
      1280,
      0,
      0,
      0,
      0,
      0,
      0,
      0,
      0,
      0,
      0,
      0,
      0,
      0,
      0,
      0,
      0,
      0,
      0,
      0,
      0,
      0,
      1262,
      1262,
      1262,
      1262,
      1262,
      1262,
      1262,
      1285,
      1285,
      1285,
      1285,
      1285,
      1285,
      1285,
      1285,
      1285,
      1285,
      1285,
      0,
      0,
      0,
      0,
      0,
      0,
      0,
      0,
      0,
      1302,
      1302,
      1302,
      1302,
      1302,
      1302
    ],
    [
      1266,
      1266,
      1266,
      1266,
      0,
      0,
      0,
      0,
      0,
      0,
      0,
      0,
      0,
      0,
      0,
      0,
      0,
      0,
      0,
      0,
      0,
      0,
      1298,
      1298,
      1298,
      1298,
      1298,
      1283,
      1283,
      1283,
      1283,
      1283,
      1283,
      1283,
      1283,
      1318,
      1258,
      1258,
      1258,
      1293,
      1293,
      1293,
      1293,
      1293,
      1293,
      1293,
      1293,
      0,
      0,
      0,
      0,
      0,
      0,
      0,
      0,
      0,
      0,
      0,
      0,
      0,
      0,
      0,
      0,
      0,
      0,
      0,
      0,
      1307,
      1307,
      1307,
      1276,
      1276,
      1276,
      1276,
      1276,
      1276,
      1276,
      1276,
      1277,
      1277,
      1277,
      1277,
      1277,
      1277,
      1277,
      1277,
      1277,
      1314,
      1314,
      1314,
      1314,
      0,
      0,
      0,
      0,
      1315,
      1315,
      1315,
      1315,
      1315,
      1315,
      1294,
      1294,
      1294,
      1294,
      1294,
      1294,
      1294,
      1294,
      1294,
      1294,
      1294,
      1294,
      1294,
      1286,
      1286,
      1286,
      1286,
      1286,
      1286,
      1286,
      1286,
      1286,
      0,
      0,
      0,
      0,
      0,
      0,
      1291,
      1291,
      1291,
      1291,
      1291,
      1291,
      1291,
      1291,
      1291,
      1291,
      1291,
      1295,
      1295,
      1295,
      1295,
      1295,
      1295,
      1295,
      1295,
      1295,
      1295,
      1287,
      1287,
      1287,
      1287,
      1287,
      1287,
      1287,
      1287,
      1287,
      1287,
      1287,
      1287,
      1287,
      1287,
      1292,
      1292,
      1292,
      1292,
      1292,
      1292,
      1292,
      1292,
      1292,
      1292,
      1292,
      1292,
      0,
      0,
      0,
      0,
      0,
      0,
      1260,
      1260,
      1260,
      1260,
      1260,
      1260,
      1260,
      1260,
      1260,
      1260,
      1260,
      1260,
      1260,
      1271,
      1271,
      1271,
      1271,
      1271,
      1271,
      1256,
      1256,
      0,
      0,
      0,
      0,
      0,
      0,
      0,
      0,
      0,
      0,
      0,
      0,
      0,
      0,
      0,
      0,
      0,
      1288,
      1288,
      1288,
      1288,
      1288,
      1288,
      1288,
      1288,
      1288,
      1288,
      1288,
      1275,
      1275,
      1275,
      1275,
      1275,
      1275,
      1275,
      1278,
      1278,
      1278,
      1278,
      1278,
      1278,
      1278,
      1278,
      1278,
      1303,
      1303,
      1303,
      1278,
      1278,
      1289,
      1289,
      1289,
      1289,
      1289,
      1289,
      1289,
      1299,
      1299,
      1299,
      1299,
      0,
      0,
      0,
      0,
      0,
      0,
      0,
      0,
      0,
      0,
      0,
      0,
      0,
      0,
      0,
      0,
      0,
      0,
      0,
      0,
      0,
      0,
      0,
      0,
      0,
      0,
      0,
      0,
      0,
      0,
      0,
      0,
      0,
      0,
      0,
      0,
      0,
      0,
      0,
      0,
      0,
      0,
      0,
      0,
      0,
      0,
      0,
      0,
      0,
      0,
      0,
      0,
      0,
      0,
      1284,
      1284,
      1284,
      1284,
      1284,
      1284,
      1284,
      1284,
      1284,
      1284,
      1284,
      1284,
      1300,
      1300,
      1300,
      1300,
      1300,
      0,
      0,
      0,
      0,
      0,
      0,
      0,
      0,
      0,
      0,
      0,
      0,
      0,
      0,
      0,
      1290,
      1290,
      1290,
      1290,
      1290,
      1290,
      1290,
      1290,
      1290,
      1290,
      1290,
      1290,
      1290,
      1290,
      0,
      0,
      0,
      0,
      0,
      0,
      0,
      0,
      0,
      0,
      0,
      0,
      0,
      0,
      0,
      0,
      0,
      0,
      0,
      0,
      0,
      0,
      1296,
      1296,
      1296,
      1296,
      1296,
      1296,
      1296,
      1279,
      1279,
      1279,
      1279,
      1279,
      1279,
      0,
      0,
      0,
      0,
      0,
      0,
      1281,
      1281,
      1281,
      1281,
      1281,
      1281,
      1281,
      1281,
      0,
      0,
      0,
      1282,
      1282,
      1282,
      1282,
      1282,
      1282,
      1282,
      0,
      0,
      0,
      0,
      0,
      0,
      0,
      0,
      0,
      0,
      0,
      0,
      0,
      0,
      0,
      0,
      0,
      0,
      0,
      0,
      0,
      0,
      0,
      0,
      0,
      1305,
      1305,
      1297,
      1297,
      1297,
      1297,
      1297,
      1297,
      1297,
      1297,
      1297,
      0,
      0,
      0,
      0,
      0,
      0,
      0,
      0,
      0,
      0,
      0,
      0,
      0,
      0,
      0,
      0,
      0,
      0,
      0,
      0,
      0,
      1262,
      1262,
      1262,
      1262,
      1262,
      1262,
      1262,
      1262,
      1285,
      1285,
      1285,
      1285,
      1285,
      1285,
      1285,
      1285,
      1285,
      1285,
      0,
      0,
      0,
      0,
      0,
      0,
      0,
      0,
      0,
      1302,
      1302,
      1302,
      1302,
      1302,
      1302
    ],
    [
      0,
      0,
      0,
      0,
      0,
      0,
      0,
      0,
      0,
      0,
      0,
      0,
      0,
      1298,
      1298,
      1298,
      1298,
      1298,
      1298,
      1298,
      1298,
      1298,
      1298,
      1298,
      1298,
      1298,
      1298,
      1283,
      1283,
      1283,
      1283,
      1283,
      1283,
      1283,
      1283,
      1318,
      1318,
      1258,
      1258,
      1293,
      1293,
      1293,
      1293,
      1293,
      1293,
      1293,
      1293,
      0,
      0,
      0,
      0,
      0,
      0,
      0,
      0,
      0,
      0,
      0,
      0,
      0,
      0,
      0,
      0,
      0,
      0,
      0,
      0,
      1307,
      1307,
      1307,
      1307,
      1276,
      1276,
      1276,
      1276,
      1276,
      1276,
      1313,
      1313,
      1313,
      1313,
      1313,
      1313,
      1313,
      1313,
      1313,
      1314,
      1314,
      1314,
      1314,
      1314,
      1314,
      1314,
      0,
      0,
      1315,
      1315,
      1315,
      1315,
      1315,
      1315,
      1294,
      1294,
      1294,
      1294,
      1294,
      1294,
      1294,
      1294,
      1294,
      1294,
      1294,
      1294,
      1294,
      1286,
      1286,
      1286,
      1286,
      1286,
      1286,
      1286,
      1286,
      1286,
      0,
      0,
      0,
      0,
      0,
      0,
      1291,
      1291,
      1291,
      1291,
      1291,
      1291,
      1291,
      1291,
      1291,
      1295,
      1295,
      1295,
      1295,
      1295,
      1295,
      1295,
      1295,
      1295,
      1295,
      1295,
      1295,
      1287,
      1287,
      1287,
      1287,
      1287,
      1287,
      1287,
      1287,
      1287,
      1287,
      1287,
      1287,
      1287,
      1287,
      1292,
      1292,
      1292,
      1292,
      1292,
      1292,
      1292,
      1292,
      1292,
      1292,
      1292,
      1292,
      0,
      0,
      0,
      0,
      0,
      0,
      0,
      1260,
      1260,
      1260,
      1260,
      1260,
      1260,
      1260,
      1260,
      1260,
      1260,
      1260,
      1260,
      1271,
      1271,
      1271,
      1271,
      1271,
      0,
      0,
      0,
      0,
      0,
      0,
      0,
      0,
      0,
      0,
      0,
      0,
      0,
      0,
      0,
      0,
      0,
      0,
      0,
      0,
      1288,
      1288,
      1288,
      1288,
      1288,
      1288,
      1288,
      1288,
      1288,
      1288,
      1288,
      1275,
      1275,
      1275,
      1275,
      1275,
      1275,
      1275,
      1275,
      1275,
      1278,
      1278,
      1278,
      1278,
      1278,
      1278,
      1278,
      1303,
      1303,
      1303,
      1278,
      1278,
      1289,
      1289,
      1289,
      1289,
      1289,
      1289,
      1289,
      1299,
      1299,
      1299,
      1299,
      1299,
      1299,
      1299,
      1299,
      1299,
      1304,
      1304,
      1304,
      1304,
      1304,
      0,
      0,
      0,
      0,
      0,
      0,
      0,
      0,
      0,
      0,
      0,
      0,
      0,
      0,
      0,
      0,
      0,
      0,
      0,
      0,
      0,
      0,
      0,
      0,
      0,
      0,
      0,
      0,
      0,
      0,
      0,
      0,
      0,
      0,
      0,
      0,
      0,
      0,
      0,
      0,
      0,
      0,
      0,
      0,
      1284,
      1284,
      1284,
      1284,
      1284,
      1284,
      1284,
      1284,
      1284,
      1284,
      1284,
      1284,
      1300,
      1300,
      1300,
      1300,
      1300,
      0,
      0,
      0,
      0,
      0,
      0,
      0,
      0,
      0,
      0,
      0,
      0,
      0,
      0,
      0,
      1290,
      1290,
      1290,
      1290,
      1290,
      1290,
      1290,
      1290,
      1290,
      1290,
      1290,
      1290,
      1290,
      1290,
      0,
      0,
      0,
      0,
      0,
      0,
      0,
      0,
      0,
      0,
      0,
      0,
      0,
      0,
      0,
      0,
      0,
      0,
      0,
      0,
      0,
      0,
      1296,
      1296,
      1296,
      1296,
      1296,
      1296,
      1296,
      1296,
      1296,
      1296,
      1296,
      1296,
      1296,
      0,
      0,
      0,
      0,
      0,
      0,
      0,
      1281,
      1281,
      1281,
      1281,
      1281,
      1281,
      0,
      0,
      0,
      0,
      0,
      0,
      0,
      0,
      0,
      0,
      0,
      0,
      0,
      0,
      0,
      0,
      0,
      0,
      0,
      0,
      0,
      0,
      0,
      0,
      0,
      0,
      0,
      0,
      0,
      0,
      0,
      0,
      0,
      0,
      0,
      1305,
      1305,
      1305,
      1297,
      1297,
      1297,
      1297,
      1297,
      1297,
      1297,
      1297,
      1297,
      1297,
      0,
      0,
      0,
      0,
      0,
      0,
      0,
      0,
      0,
      0,
      0,
      0,
      0,
      0,
      0,
      0,
      0,
      0,
      0,
      0,
      1262,
      1262,
      1262,
      1306,
      1306,
      1306,
      1306,
      1306,
      1306,
      1285,
      1285,
      1285,
      1285,
      1285,
      0,
      0,
      0,
      0,
      0,
      0,
      0,
      0,
      0,
      0,
      0,
      0,
      0,
      1302,
      1302,
      1302,
      1302,
      1302,
      1302
    ],
    [
      0,
      0,
      0,
      0,
      1298,
      1298,
      1298,
      1298,
      1298,
      1298,
      1298,
      1298,
      1298,
      1298,
      1298,
      1298,
      1298,
      1298,
      1298,
      1298,
      1298,
      1298,
      1298,
      1298,
      1298,
      1298,
      1298,
      1283,
      1283,
      1283,
      1283,
      1283,
      1283,
      1318,
      1318,
      1318,
      1318,
      1258,
      1258,
      1293,
      1293,
      1293,
      1293,
      1293,
      1293,
      1293,
      1293,
      0,
      0,
      0,
      0,
      0,
      0,
      0,
      0,
      0,
      0,
      0,
      0,
      0,
      0,
      0,
      0,
      0,
      0,
      0,
      0,
      1307,
      1307,
      1307,
      1307,
      1307,
      1276,
      1276,
      1276,
      1276,
      1313,
      1313,
      1313,
      1313,
      1313,
      1313,
      1313,
      1313,
      1313,
      1313,
      1314,
      1314,
      1314,
      1314,
      1314,
      1314,
      1314,
      0,
      0,
      1315,
      1315,
      1315,
      1315,
      1315,
      1315,
      1294,
      1294,
      1294,
      1294,
      1294,
      1294,
      1294,
      1294,
      1294,
      1294,
      1294,
      1294,
      1294,
      1286,
      1286,
      1286,
      1286,
      1286,
      1286,
      1286,
      1286,
      1286,
      1286,
      1291,
      1291,
      1291,
      1291,
      1291,
      1291,
      1291,
      1291,
      1291,
      1291,
      1291,
      1291,
      1291,
      1291,
      1295,
      1295,
      1295,
      1295,
      1295,
      1295,
      1295,
      1295,
      1295,
      1295,
      1295,
      1295,
      1287,
      1287,
      1287,
      1287,
      1287,
      1287,
      1287,
      1287,
      1287,
      1287,
      1287,
      1287,
      1287,
      1287,
      1287,
      1287,
      1292,
      1292,
      1292,
      1292,
      1292,
      1292,
      1292,
      1292,
      1292,
      1292,
      0,
      0,
      0,
      0,
      0,
      0,
      0,
      1260,
      1260,
      1260,
      1260,
      1260,
      1260,
      1260,
      1260,
      1260,
      1260,
      1260,
      1260,
      1271,
      1271,
      1271,
      1271,
      1271,
      0,
      0,
      0,
      0,
      0,
      0,
      0,
      0,
      0,
      0,
      0,
      0,
      0,
      0,
      0,
      0,
      0,
      0,
      0,
      0,
      0,
      0,
      0,
      1288,
      1288,
      1288,
      1321,
      1321,
      1321,
      1321,
      1321,
      1321,
      1321,
      1303,
      1303,
      1303,
      1303,
      1303,
      1303,
      1303,
      1278,
      1278,
      1278,
      1278,
      1278,
      1278,
      1278,
      1303,
      1303,
      1303,
      1303,
      1278,
      1289,
      1289,
      1289,
      1289,
      1289,
      1289,
      1289,
      1299,
      1299,
      1299,
      1299,
      1299,
      1299,
      1299,
      1299,
      1304,
      1304,
      1304,
      1304,
      1304,
      1304,
      1304,
      1304,
      1304,
      1304,
      0,
      0,
      0,
      0,
      0,
      0,
      0,
      0,
      0,
      0,
      0,
      0,
      0,
      0,
      0,
      0,
      0,
      0,
      0,
      0,
      0,
      0,
      0,
      0,
      0,
      0,
      0,
      0,
      0,
      0,
      0,
      0,
      0,
      0,
      0,
      0,
      0,
      0,
      0,
      0,
      0,
      0,
      0,
      0,
      1284,
      1284,
      1284,
      1284,
      1300,
      1300,
      1300,
      1300,
      1300,
      1300,
      1300,
      1300,
      1300,
      1300,
      1300,
      1300,
      1300,
      0,
      0,
      0,
      0,
      0,
      0,
      0,
      0,
      0,
      0,
      0,
      1290,
      1290,
      1290,
      1290,
      1290,
      1290,
      1290,
      1290,
      1290,
      1290,
      1290,
      1290,
      1290,
      1290,
      0,
      0,
      0,
      0,
      0,
      0,
      0,
      0,
      0,
      0,
      0,
      0,
      0,
      0,
      0,
      1296,
      1296,
      1296,
      1296,
      1296,
      1296,
      1296,
      1296,
      1296,
      1296,
      1296,
      1296,
      1296,
      1296,
      1296,
      1296,
      1296,
      1296,
      1296,
      0,
      0,
      0,
      0,
      0,
      0,
      0,
      0,
      0,
      0,
      0,
      0,
      0,
      0,
      0,
      0,
      0,
      0,
      0,
      0,
      0,
      0,
      0,
      0,
      0,
      0,
      0,
      0,
      0,
      0,
      0,
      0,
      0,
      0,
      0,
      0,
      0,
      0,
      0,
      0,
      0,
      0,
      0,
      0,
      1305,
      1305,
      1305,
      1305,
      1305,
      1305,
      1305,
      1305,
      1297,
      1297,
      1297,
      1297,
      1297,
      1297,
      1297,
      1297,
      1297,
      1297,
      1322,
      0,
      0,
      0,
      0,
      0,
      0,
      0,
      0,
      0,
      0,
      0,
      0,
      0,
      0,
      0,
      0,
      0,
      0,
      0,
      1262,
      1262,
      1262,
      1306,
      1306,
      1306,
      1306,
      1306,
      1306,
      1306,
      1306,
      1285,
      1285,
      1285,
      0,
      0,
      0,
      0,
      0,
      0,
      0,
      0,
      0,
      0,
      0,
      0,
      0,
      1302,
      1302,
      1302,
      1302,
      1302,
      1302
    ],
    [
      1311,
      1311,
      1311,
      1311,
      1311,
      1311,
      1298,
      1298,
      1298,
      1298,
      1298,
      1298,
      1298,
      1298,
      1298,
      1298,
      1298,
      1298,
      1298,
      1298,
      1298,
      1298,
      1298,
      1298,
      1298,
      1298,
      1298,
      1283,
      1283,
      1283,
      1283,
      1283,
      1283,
      1318,
      1318,
      1318,
      1318,
      1318,
      1318,
      1293,
      1293,
      1293,
      1293,
      1293,
      1293,
      1293,
      1293,
      0,
      0,
      0,
      0,
      0,
      0,
      0,
      0,
      0,
      0,
      0,
      0,
      0,
      0,
      0,
      0,
      0,
      0,
      1307,
      1307,
      1307,
      1307,
      1307,
      1307,
      1307,
      1313,
      1313,
      1313,
      1313,
      1313,
      1313,
      1313,
      1313,
      1313,
      1313,
      1313,
      1313,
      1313,
      1313,
      1314,
      1314,
      1314,
      1314,
      1314,
      1314,
      1314,
      1314,
      0,
      1315,
      1315,
      1315,
      1315,
      1315,
      1315,
      0,
      1294,
      1294,
      1294,
      1294,
      1294,
      1294,
      1294,
      1294,
      1294,
      1294,
      1294,
      1294,
      1286,
      1286,
      1286,
      1286,
      1286,
      1286,
      1286,
      1286,
      1286,
      1286,
      1291,
      1291,
      1291,
      1291,
      1291,
      1291,
      1291,
      1291,
      1291,
      1291,
      1291,
      1291,
      1291,
      1295,
      1295,
      1295,
      1295,
      1295,
      1295,
      1295,
      1295,
      1295,
      1295,
      1295,
      1295,
      1287,
      1287,
      1287,
      1287,
      1287,
      1287,
      1287,
      1287,
      1287,
      1287,
      1287,
      1287,
      1287,
      1287,
      1287,
      1287,
      1287,
      1292,
      1292,
      1292,
      1292,
      1292,
      1292,
      1292,
      1292,
      1292,
      1292,
      1292,
      0,
      0,
      0,
      0,
      0,
      0,
      1260,
      1260,
      1260,
      1260,
      1260,
      1260,
      1260,
      1260,
      1260,
      1331,
      1260,
      1260,
      1271,
      1271,
      1271,
      1271,
      1271,
      0,
      0,
      0,
      0,
      0,
      0,
      0,
      0,
      0,
      0,
      0,
      0,
      0,
      0,
      0,
      0,
      0,
      0,
      0,
      0,
      0,
      0,
      0,
      1288,
      1288,
      1288,
      1321,
      1321,
      1321,
      1321,
      1321,
      1321,
      1321,
      0,
      1303,
      1303,
      1303,
      1303,
      1303,
      1303,
      1303,
      1303,
      1303,
      1303,
      1303,
      1303,
      1303,
      1303,
      1303,
      1303,
      1303,
      1303,
      1289,
      1289,
      1289,
      1289,
      1289,
      1289,
      1289,
      1299,
      1299,
      1299,
      1299,
      1299,
      1299,
      1299,
      1299,
      1304,
      1304,
      1304,
      1304,
      1304,
      1304,
      1304,
      1304,
      1304,
      1304,
      1304,
      0,
      0,
      0,
      0,
      0,
      0,
      0,
      0,
      0,
      0,
      0,
      0,
      0,
      0,
      0,
      0,
      0,
      0,
      0,
      0,
      0,
      0,
      0,
      0,
      0,
      0,
      0,
      0,
      0,
      0,
      0,
      0,
      0,
      0,
      0,
      0,
      0,
      0,
      0,
      0,
      0,
      0,
      0,
      0,
      0,
      0,
      0,
      1300,
      1300,
      1300,
      1300,
      1300,
      1300,
      1300,
      1300,
      1300,
      1300,
      1300,
      1300,
      1300,
      0,
      0,
      0,
      0,
      0,
      0,
      0,
      0,
      0,
      0,
      0,
      1290,
      1290,
      1290,
      1290,
      1290,
      1290,
      1290,
      1290,
      1290,
      1290,
      1290,
      1290,
      1290,
      1290,
      0,
      0,
      0,
      0,
      0,
      0,
      0,
      0,
      0,
      0,
      0,
      0,
      0,
      0,
      0,
      1296,
      1296,
      1296,
      1296,
      1296,
      1296,
      1296,
      1296,
      1296,
      1296,
      1296,
      1296,
      1296,
      1296,
      1296,
      1296,
      1296,
      1296,
      0,
      0,
      0,
      0,
      0,
      0,
      0,
      0,
      0,
      0,
      0,
      0,
      0,
      0,
      0,
      0,
      0,
      0,
      0,
      0,
      0,
      0,
      0,
      0,
      0,
      0,
      0,
      0,
      0,
      0,
      0,
      0,
      0,
      0,
      0,
      0,
      0,
      0,
      0,
      0,
      0,
      0,
      0,
      0,
      0,
      1305,
      1305,
      1305,
      1305,
      1305,
      1305,
      1305,
      1305,
      1297,
      1297,
      1297,
      1297,
      1297,
      1297,
      1297,
      1297,
      1297,
      1297,
      1322,
      1322,
      0,
      0,
      0,
      0,
      0,
      0,
      0,
      0,
      0,
      0,
      1301,
      1301,
      1301,
      1301,
      1301,
      1301,
      0,
      0,
      1262,
      1262,
      1262,
      1306,
      1306,
      1306,
      1306,
      1306,
      1306,
      1306,
      1306,
      1285,
      1285,
      1285,
      0,
      0,
      0,
      0,
      0,
      0,
      0,
      0,
      0,
      0,
      0,
      0,
      0,
      1302,
      1302,
      1302,
      1302,
      1302,
      1302
    ],
    [
      1311,
      1311,
      1311,
      1311,
      1311,
      1311,
      1311,
      1312,
      1312,
      1312,
      1312,
      1312,
      1312,
      1312,
      1312,
      1312,
      1312,
      1298,
      1298,
      1298,
      1298,
      1298,
      1298,
      1298,
      1298,
      1298,
      1298,
      1298,
      1298,
      1298,
      1298,
      1283,
      1283,
      1318,
      1318,
      1318,
      1318,
      1318,
      1318,
      1293,
      1293,
      1293,
      1293,
      1293,
      1293,
      1293,
      1293,
      0,
      0,
      0,
      0,
      0,
      0,
      0,
      0,
      0,
      0,
      0,
      0,
      0,
      0,
      0,
      0,
      0,
      1307,
      1307,
      1307,
      1307,
      1307,
      1307,
      1307,
      1307,
      1313,
      1313,
      1313,
      1313,
      1313,
      1313,
      1313,
      1313,
      1313,
      1313,
      1313,
      1313,
      1314,
      1314,
      1314,
      1314,
      1314,
      1314,
      1314,
      1314,
      1314,
      1314,
      1315,
      1315,
      1315,
      1315,
      1315,
      1315,
      1315,
      0,
      1294,
      1294,
      1294,
      1294,
      1294,
      1294,
      1294,
      1294,
      1294,
      1294,
      1294,
      1286,
      1286,
      1286,
      1286,
      1286,
      1286,
      1286,
      1286,
      1286,
      1286,
      1286,
      1286,
      1291,
      1291,
      1291,
      1291,
      1291,
      1291,
      1291,
      1291,
      1291,
      1291,
      1308,
      1308,
      1308,
      1308,
      1308,
      1308,
      1308,
      1308,
      1308,
      1295,
      1295,
      1295,
      1295,
      1330,
      1287,
      1287,
      1287,
      1287,
      1287,
      1287,
      1287,
      1287,
      1287,
      1287,
      1287,
      1287,
      1287,
      1316,
      1316,
      1316,
      1316,
      1316,
      1316,
      1292,
      1292,
      1292,
      1292,
      1292,
      1292,
      1292,
      1292,
      1292,
      0,
      0,
      0,
      0,
      0,
      0,
      1260,
      1260,
      1260,
      1260,
      1260,
      1260,
      1260,
      1260,
      1331,
      1331,
      1331,
      1331,
      1271,
      1271,
      1271,
      1271,
      1271,
      0,
      0,
      0,
      0,
      0,
      0,
      0,
      0,
      0,
      0,
      0,
      0,
      0,
      0,
      0,
      0,
      0,
      0,
      0,
      0,
      0,
      0,
      0,
      1288,
      1288,
      1321,
      1321,
      1321,
      1321,
      1321,
      1321,
      1321,
      1321,
      0,
      0,
      1303,
      1303,
      1303,
      1303,
      1303,
      1303,
      1303,
      1303,
      1303,
      1303,
      1303,
      1303,
      1303,
      1303,
      1303,
      1303,
      1303,
      1289,
      1289,
      1289,
      1289,
      1289,
      1289,
      1299,
      1299,
      1299,
      1299,
      1299,
      1299,
      1299,
      1304,
      1304,
      1304,
      1304,
      1304,
      1304,
      1304,
      1304,
      1304,
      1304,
      1304,
      1304,
      1304,
      1304,
      1304,
      1304,
      1304,
      1304,
      0,
      0,
      0,
      0,
      0,
      0,
      0,
      0,
      0,
      0,
      0,
      0,
      0,
      0,
      0,
      0,
      0,
      0,
      0,
      0,
      0,
      0,
      0,
      0,
      0,
      0,
      0,
      0,
      0,
      0,
      0,
      0,
      0,
      0,
      0,
      0,
      0,
      0,
      0,
      0,
      0,
      0,
      1300,
      1300,
      1300,
      1300,
      1300,
      1300,
      1300,
      1300,
      1300,
      1300,
      1300,
      1300,
      1300,
      0,
      0,
      0,
      0,
      0,
      0,
      0,
      0,
      0,
      0,
      0,
      1290,
      1290,
      1290,
      1290,
      1290,
      1290,
      1290,
      1290,
      1290,
      1290,
      1290,
      1290,
      0,
      0,
      0,
      0,
      0,
      0,
      0,
      0,
      0,
      0,
      0,
      0,
      0,
      0,
      0,
      0,
      1309,
      1309,
      1309,
      1309,
      1309,
      1309,
      1296,
      1296,
      1296,
      1296,
      1296,
      1296,
      1296,
      1296,
      1296,
      1296,
      1296,
      1296,
      1296,
      0,
      0,
      0,
      0,
      0,
      0,
      0,
      0,
      0,
      0,
      0,
      0,
      0,
      0,
      0,
      0,
      0,
      0,
      0,
      0,
      0,
      0,
      0,
      0,
      0,
      0,
      0,
      0,
      0,
      0,
      0,
      0,
      0,
      0,
      0,
      0,
      0,
      0,
      0,
      0,
      0,
      0,
      0,
      0,
      0,
      1305,
      1305,
      1305,
      1305,
      1305,
      1305,
      1305,
      1305,
      1297,
      1297,
      1297,
      1297,
      1297,
      1297,
      1297,
      1297,
      1297,
      1297,
      1322,
      1322,
      1322,
      0,
      1301,
      1301,
      1301,
      1301,
      1301,
      1301,
      1301,
      1301,
      1301,
      1301,
      1301,
      1301,
      1301,
      1301,
      0,
      0,
      1262,
      1262,
      1262,
      1306,
      1306,
      1306,
      1306,
      1306,
      1306,
      1306,
      1306,
      0,
      0,
      1285,
      0,
      0,
      0,
      0,
      0,
      0,
      0,
      0,
      0,
      0,
      0,
      0,
      0,
      1302,
      1302,
      1302,
      1302,
      1302,
      1302
    ],
    [
      1311,
      1311,
      1311,
      1311,
      1311,
      1311,
      1311,
      1311,
      1312,
      1312,
      1312,
      1312,
      1312,
      1312,
      1312,
      1312,
      1312,
      1298,
      1298,
      1298,
      1298,
      1298,
      1298,
      1298,
      1298,
      1298,
      1298,
      1298,
      1298,
      1298,
      1318,
      1318,
      1318,
      1318,
      1318,
      1318,
      1318,
      1318,
      1318,
      1293,
      1293,
      1293,
      1293,
      1293,
      1293,
      1293,
      1293,
      0,
      0,
      0,
      0,
      0,
      0,
      0,
      0,
      0,
      0,
      0,
      0,
      0,
      0,
      0,
      0,
      0,
      1307,
      1307,
      1307,
      1307,
      1307,
      1307,
      1307,
      1307,
      1313,
      1313,
      1313,
      1313,
      1313,
      1313,
      1313,
      1313,
      1313,
      1313,
      1313,
      1313,
      1314,
      1314,
      1314,
      1314,
      1314,
      1314,
      1314,
      1314,
      1314,
      1314,
      1315,
      1315,
      1315,
      1315,
      1315,
      1315,
      1315,
      0,
      1294,
      1294,
      1294,
      1294,
      1294,
      1294,
      1294,
      1294,
      1294,
      1294,
      1286,
      1286,
      1286,
      1286,
      1286,
      1286,
      1286,
      1286,
      1286,
      1286,
      1286,
      1286,
      1286,
      1324,
      1324,
      1324,
      1324,
      1324,
      1324,
      1324,
      1324,
      1324,
      1324,
      1308,
      1308,
      1308,
      1308,
      1308,
      1308,
      1308,
      1308,
      1308,
      1295,
      1295,
      1295,
      1295,
      1330,
      1330,
      1330,
      1287,
      1287,
      1287,
      1287,
      1287,
      1287,
      1287,
      1287,
      1287,
      1287,
      1287,
      1316,
      1316,
      1316,
      1316,
      1316,
      1348,
      1292,
      1292,
      1292,
      1292,
      1292,
      1292,
      1292,
      1292,
      1292,
      0,
      0,
      0,
      0,
      0,
      1260,
      1260,
      1260,
      1260,
      1260,
      1260,
      1260,
      1260,
      1260,
      1331,
      1331,
      1331,
      1331,
      1331,
      0,
      0,
      0,
      0,
      0,
      0,
      0,
      0,
      0,
      0,
      0,
      0,
      0,
      0,
      0,
      0,
      0,
      0,
      0,
      0,
      0,
      0,
      0,
      0,
      0,
      0,
      0,
      1288,
      1288,
      1321,
      1321,
      1321,
      1321,
      1321,
      1321,
      1321,
      1321,
      0,
      0,
      1303,
      1303,
      1303,
      1303,
      1303,
      1303,
      1303,
      1303,
      1303,
      1303,
      1303,
      1303,
      1303,
      1303,
      1303,
      1303,
      1303,
      1303,
      1303,
      1299,
      1299,
      1299,
      1299,
      1299,
      1299,
      1299,
      1299,
      1299,
      1299,
      1299,
      1304,
      1304,
      1304,
      1304,
      1304,
      1304,
      1304,
      1304,
      1304,
      1304,
      1304,
      1304,
      1304,
      1304,
      1304,
      1304,
      1304,
      1304,
      0,
      0,
      0,
      0,
      0,
      0,
      0,
      0,
      0,
      0,
      0,
      0,
      0,
      0,
      0,
      0,
      0,
      0,
      0,
      0,
      0,
      0,
      0,
      0,
      0,
      0,
      0,
      0,
      0,
      0,
      0,
      0,
      0,
      0,
      0,
      0,
      0,
      0,
      0,
      0,
      0,
      0,
      1300,
      1300,
      1300,
      1300,
      1300,
      1300,
      1300,
      1300,
      1300,
      1300,
      1300,
      1300,
      1300,
      0,
      0,
      0,
      0,
      0,
      0,
      0,
      0,
      0,
      0,
      0,
      1290,
      1290,
      1290,
      1290,
      1290,
      1290,
      1290,
      1290,
      1290,
      1290,
      1290,
      0,
      0,
      0,
      0,
      0,
      0,
      0,
      0,
      0,
      0,
      0,
      0,
      0,
      0,
      0,
      0,
      0,
      1309,
      1309,
      1309,
      1309,
      1309,
      1309,
      1309,
      1296,
      1296,
      1296,
      1296,
      1296,
      1296,
      1296,
      1337,
      1317,
      1317,
      1317,
      1317,
      0,
      0,
      0,
      0,
      0,
      0,
      0,
      0,
      0,
      0,
      0,
      0,
      0,
      0,
      0,
      0,
      0,
      0,
      0,
      0,
      0,
      0,
      0,
      0,
      0,
      0,
      0,
      0,
      0,
      0,
      0,
      0,
      0,
      0,
      0,
      0,
      0,
      0,
      0,
      0,
      0,
      0,
      0,
      0,
      0,
      1305,
      1305,
      1305,
      1305,
      1305,
      1305,
      1305,
      1305,
      1297,
      1297,
      1297,
      1297,
      1297,
      1297,
      1297,
      1297,
      1297,
      1297,
      1322,
      1322,
      1322,
      1322,
      1301,
      1310,
      1310,
      1310,
      1310,
      1310,
      1310,
      1310,
      1310,
      1310,
      1310,
      1301,
      1301,
      1301,
      0,
      0,
      1262,
      1262,
      1262,
      1306,
      1306,
      1306,
      1306,
      1306,
      1306,
      1306,
      1306,
      0,
      0,
      0,
      0,
      0,
      0,
      0,
      1320,
      1320,
      1320,
      1320,
      1320,
      0,
      0,
      0,
      1302,
      1302,
      1302,
      1302,
      1302,
      1302,
      1302
    ],
    [
      1311,
      1311,
      1311,
      1311,
      1311,
      1311,
      1311,
      1311,
      1312,
      1312,
      1312,
      1312,
      1312,
      1312,
      1312,
      1312,
      1312,
      1298,
      1298,
      1298,
      1298,
      1298,
      1298,
      1298,
      1298,
      1298,
      1298,
      1298,
      1298,
      1298,
      1318,
      1318,
      1318,
      1318,
      1318,
      1318,
      1318,
      1318,
      1318,
      1318,
      1318,
      1293,
      1293,
      1293,
      1293,
      1293,
      0,
      0,
      0,
      0,
      0,
      0,
      0,
      0,
      0,
      0,
      0,
      0,
      0,
      0,
      0,
      0,
      0,
      0,
      1307,
      1307,
      1307,
      1307,
      1307,
      1307,
      1307,
      1307,
      1313,
      1313,
      1313,
      1313,
      1313,
      1313,
      1313,
      1313,
      1313,
      1313,
      1313,
      1313,
      1314,
      1314,
      1314,
      1314,
      1314,
      1314,
      1314,
      1314,
      1314,
      1314,
      1315,
      1315,
      1315,
      1315,
      1315,
      1315,
      1315,
      0,
      1294,
      1294,
      1294,
      1294,
      1294,
      1294,
      1294,
      1294,
      1294,
      1294,
      1286,
      1286,
      1286,
      1286,
      1286,
      1286,
      1286,
      1323,
      1323,
      1323,
      1323,
      1323,
      1323,
      1324,
      1324,
      1324,
      1324,
      1324,
      1324,
      1324,
      1324,
      1324,
      1324,
      1308,
      1308,
      1308,
      1308,
      1308,
      1308,
      1308,
      1308,
      1308,
      1295,
      1295,
      1295,
      1295,
      1330,
      1330,
      1330,
      1287,
      1287,
      1287,
      1287,
      1287,
      1287,
      1287,
      1287,
      1287,
      1287,
      1287,
      1316,
      1316,
      1316,
      1316,
      1316,
      1348,
      1348,
      1292,
      1292,
      1292,
      1292,
      1292,
      1292,
      1292,
      1292,
      1292,
      1292,
      1292,
      1292,
      1292,
      1326,
      1326,
      1326,
      1326,
      1326,
      1326,
      1260,
      1260,
      1260,
      1331,
      1331,
      1331,
      1331,
      1331,
      1331,
      1331,
      0,
      0,
      0,
      0,
      0,
      0,
      0,
      0,
      0,
      0,
      0,
      0,
      0,
      0,
      0,
      0,
      0,
      0,
      0,
      0,
      0,
      0,
      0,
      0,
      0,
      1288,
      1321,
      1321,
      1321,
      1321,
      1321,
      1321,
      1321,
      1321,
      1321,
      0,
      0,
      1303,
      1303,
      1303,
      1303,
      1303,
      1303,
      1303,
      1303,
      1303,
      1303,
      1303,
      1303,
      1303,
      1303,
      1303,
      1303,
      1303,
      1303,
      1303,
      1303,
      1327,
      1327,
      1327,
      1327,
      1327,
      1327,
      1327,
      1299,
      1299,
      1299,
      1304,
      1304,
      1304,
      1304,
      1304,
      1304,
      1304,
      1304,
      1304,
      1304,
      1319,
      1319,
      1319,
      1319,
      1319,
      1319,
      1319,
      1304,
      0,
      0,
      0,
      0,
      0,
      0,
      0,
      0,
      0,
      0,
      0,
      0,
      0,
      0,
      0,
      0,
      0,
      0,
      0,
      0,
      0,
      0,
      0,
      0,
      0,
      0,
      0,
      0,
      0,
      0,
      0,
      0,
      0,
      0,
      0,
      0,
      0,
      1328,
      1328,
      1328,
      1328,
      1328,
      1328,
      1328,
      1328,
      1300,
      1300,
      1300,
      1300,
      1300,
      1300,
      1300,
      1300,
      1300,
      1300,
      0,
      0,
      0,
      0,
      0,
      0,
      0,
      0,
      0,
      0,
      0,
      0,
      0,
      0,
      0,
      0,
      0,
      0,
      0,
      0,
      0,
      0,
      0,
      0,
      0,
      0,
      0,
      0,
      0,
      0,
      0,
      0,
      0,
      0,
      0,
      0,
      0,
      0,
      0,
      1309,
      1309,
      1309,
      1309,
      1309,
      1309,
      1309,
      1309,
      1296,
      1296,
      1296,
      1296,
      1296,
      1296,
      1337,
      1317,
      1317,
      1317,
      1317,
      0,
      0,
      0,
      0,
      0,
      0,
      0,
      0,
      0,
      0,
      0,
      0,
      0,
      0,
      0,
      0,
      0,
      0,
      0,
      0,
      0,
      0,
      0,
      0,
      0,
      0,
      0,
      0,
      0,
      0,
      0,
      0,
      0,
      0,
      0,
      0,
      0,
      0,
      0,
      0,
      0,
      0,
      0,
      0,
      0,
      1305,
      1305,
      1305,
      1305,
      1305,
      1305,
      1305,
      1305,
      1305,
      1297,
      1297,
      1322,
      1322,
      1322,
      1322,
      1322,
      1322,
      1322,
      1322,
      1322,
      1322,
      1322,
      1322,
      1310,
      1310,
      1310,
      1310,
      1310,
      1310,
      1310,
      1310,
      1310,
      1310,
      1301,
      1301,
      1301,
      0,
      0,
      1262,
      1262,
      1262,
      1306,
      1306,
      1306,
      1306,
      1306,
      1306,
      1306,
      1306,
      0,
      0,
      0,
      0,
      0,
      0,
      0,
      1320,
      1320,
      1320,
      1320,
      1320,
      1320,
      1320,
      1302,
      1302,
      1302,
      1302,
      1302,
      1302,
      1302,
      1302
    ],
    [
      1311,
      1311,
      1311,
      1311,
      1311,
      1311,
      1311,
      1311,
      1312,
      1312,
      1312,
      1312,
      1312,
      1312,
      1312,
      1312,
      1312,
      1298,
      1298,
      1298,
      1298,
      1298,
      1298,
      1298,
      1298,
      1298,
      1298,
      1298,
      1298,
      1298,
      1318,
      1318,
      1318,
      1318,
      1318,
      1318,
      1318,
      1318,
      1318,
      1318,
      1318,
      1318,
      1318,
      1318,
      1318,
      0,
      0,
      0,
      0,
      0,
      0,
      0,
      0,
      0,
      0,
      0,
      0,
      0,
      0,
      0,
      0,
      0,
      0,
      0,
      1307,
      1307,
      1307,
      1307,
      1307,
      1307,
      1307,
      1307,
      1307,
      1313,
      1313,
      1313,
      1313,
      1313,
      1313,
      1313,
      1313,
      1313,
      1313,
      1313,
      1314,
      1314,
      1314,
      1314,
      1314,
      1314,
      1314,
      1314,
      1314,
      1314,
      1315,
      1315,
      1315,
      1315,
      1315,
      1315,
      1315,
      0,
      0,
      0,
      1294,
      1294,
      1294,
      1294,
      1294,
      1294,
      1294,
      1286,
      1286,
      1286,
      1286,
      1286,
      1286,
      1286,
      1323,
      1323,
      1323,
      1323,
      1323,
      1323,
      1323,
      1323,
      1324,
      1324,
      1324,
      1324,
      1324,
      1324,
      1324,
      1324,
      1324,
      1308,
      1308,
      1308,
      1308,
      1308,
      1308,
      1308,
      1308,
      1308,
      1295,
      1295,
      1295,
      1295,
      1330,
      1330,
      1330,
      1330,
      1330,
      1330,
      1330,
      1330,
      1330,
      1330,
      1287,
      1287,
      1287,
      1287,
      1316,
      1316,
      1316,
      1316,
      1316,
      1348,
      1348,
      1348,
      1348,
      1292,
      1292,
      1292,
      1292,
      1292,
      1292,
      1292,
      1292,
      1292,
      1333,
      1326,
      1326,
      1326,
      1326,
      1326,
      1326,
      1326,
      1260,
      1260,
      1260,
      1331,
      1331,
      1331,
      1331,
      1331,
      1331,
      1331,
      0,
      0,
      0,
      0,
      0,
      0,
      0,
      0,
      0,
      0,
      0,
      0,
      0,
      0,
      1325,
      1325,
      1325,
      1325,
      1325,
      1325,
      1325,
      1325,
      1325,
      0,
      0,
      1321,
      1321,
      1321,
      1321,
      1321,
      1321,
      1321,
      1321,
      1321,
      1321,
      0,
      0,
      1303,
      1303,
      1303,
      1303,
      1303,
      1303,
      1303,
      1303,
      1303,
      1303,
      1303,
      1303,
      1303,
      1303,
      1303,
      1303,
      1303,
      1303,
      1303,
      1303,
      1327,
      1327,
      1327,
      1327,
      1327,
      1327,
      1327,
      1327,
      1327,
      1299,
      1304,
      1304,
      1304,
      1304,
      1304,
      1304,
      1304,
      1304,
      1304,
      1304,
      1319,
      1319,
      1319,
      1319,
      1319,
      1319,
      1319,
      1304,
      0,
      0,
      0,
      0,
      0,
      0,
      0,
      0,
      0,
      0,
      0,
      0,
      0,
      0,
      0,
      0,
      0,
      0,
      0,
      0,
      0,
      0,
      0,
      0,
      0,
      0,
      0,
      0,
      0,
      0,
      0,
      0,
      0,
      0,
      0,
      0,
      0,
      1328,
      1328,
      1328,
      1328,
      1328,
      1328,
      1328,
      1328,
      1328,
      1328,
      1300,
      1300,
      1300,
      1300,
      1300,
      1300,
      1300,
      1300,
      1300,
      0,
      0,
      0,
      0,
      0,
      0,
      0,
      0,
      0,
      0,
      0,
      0,
      0,
      0,
      0,
      0,
      0,
      0,
      0,
      0,
      0,
      0,
      0,
      0,
      0,
      0,
      0,
      0,
      0,
      0,
      0,
      0,
      0,
      0,
      0,
      0,
      0,
      0,
      1309,
      1309,
      1309,
      1309,
      1309,
      1309,
      1309,
      1309,
      1296,
      1296,
      1296,
      1296,
      1296,
      1296,
      1337,
      1317,
      1317,
      1317,
      1317,
      0,
      0,
      0,
      0,
      0,
      0,
      0,
      0,
      0,
      0,
      0,
      0,
      0,
      0,
      0,
      0,
      0,
      0,
      0,
      0,
      0,
      0,
      0,
      0,
      0,
      0,
      0,
      0,
      0,
      0,
      0,
      0,
      0,
      0,
      0,
      0,
      0,
      0,
      0,
      0,
      0,
      0,
      0,
      0,
      0,
      0,
      0,
      1305,
      1305,
      1305,
      1305,
      1305,
      1305,
      1305,
      1305,
      1322,
      1322,
      1322,
      1322,
      1322,
      1322,
      1322,
      1322,
      1322,
      1322,
      1322,
      1322,
      1322,
      1310,
      1310,
      1310,
      1310,
      1310,
      1310,
      1310,
      1310,
      1310,
      1310,
      1310,
      1310,
      1310,
      1310,
      0,
      0,
      1262,
      1262,
      1306,
      1306,
      1306,
      1306,
      1306,
      1306,
      1306,
      1306,
      0,
      0,
      0,
      0,
      0,
      0,
      0,
      1320,
      1320,
      1320,
      1320,
      1320,
      1320,
      1320,
      1320,
      1320,
      1320,
      1320,
      1320,
      1320,
      1320,
      1320
    ],
    [
      1311,
      1311,
      1311,
      1311,
      1311,
      1311,
      1311,
      1311,
      1312,
      1312,
      1312,
      1312,
      1312,
      1312,
      1312,
      1312,
      1312,
      1298,
      1298,
      1298,
      1298,
      1298,
      1298,
      1298,
      1298,
      1298,
      1298,
      1298,
      1298,
      1298,
      1318,
      1318,
      1318,
      1318,
      1318,
      1318,
      1318,
      1318,
      1318,
      1318,
      1318,
      1318,
      1318,
      1318,
      1318,
      1318,
      0,
      0,
      0,
      0,
      0,
      0,
      0,
      0,
      0,
      0,
      0,
      0,
      0,
      0,
      0,
      0,
      0,
      0,
      1307,
      1307,
      1307,
      1307,
      1307,
      1307,
      1307,
      1307,
      1307,
      1313,
      1313,
      1313,
      1313,
      1313,
      1313,
      1313,
      1313,
      1313,
      1313,
      1313,
      1314,
      1314,
      1314,
      1314,
      1314,
      1314,
      1314,
      1314,
      1314,
      1314,
      1315,
      1315,
      1315,
      1315,
      1315,
      1315,
      1315,
      0,
      0,
      0,
      0,
      0,
      0,
      0,
      0,
      0,
      0,
      0,
      0,
      1286,
      1286,
      1286,
      1286,
      1323,
      1323,
      1323,
      1323,
      1323,
      1323,
      1323,
      1323,
      1323,
      1324,
      1324,
      1324,
      1324,
      1324,
      1324,
      1324,
      1324,
      1324,
      1308,
      1308,
      1308,
      1308,
      1308,
      1308,
      1308,
      1308,
      1308,
      1295,
      1295,
      1295,
      1295,
      1330,
      1330,
      1330,
      1330,
      1330,
      1330,
      1330,
      1330,
      1330,
      1330,
      1287,
      1287,
      1287,
      1287,
      1316,
      1316,
      1316,
      1316,
      1316,
      1348,
      1348,
      1348,
      1348,
      1292,
      1292,
      1292,
      1292,
      1292,
      1292,
      1292,
      1292,
      1333,
      1333,
      1326,
      1326,
      1326,
      1326,
      1326,
      1326,
      1326,
      1326,
      1260,
      1260,
      1331,
      1331,
      1331,
      1331,
      1331,
      1331,
      1331,
      1331,
      1331,
      0,
      0,
      0,
      0,
      1325,
      1325,
      1325,
      1325,
      1325,
      1325,
      1325,
      1325,
      1325,
      1325,
      1325,
      1325,
      1325,
      1325,
      1325,
      1325,
      1325,
      0,
      1321,
      1321,
      1321,
      1321,
      1321,
      1321,
      1321,
      1321,
      1321,
      1321,
      1321,
      0,
      0,
      1303,
      1303,
      1303,
      1303,
      1303,
      1303,
      1303,
      1303,
      1303,
      1303,
      1303,
      1303,
      1303,
      1303,
      1303,
      1303,
      1303,
      1327,
      1327,
      1327,
      1327,
      1327,
      1327,
      1327,
      1327,
      1327,
      1327,
      1327,
      1327,
      1327,
      1327,
      1327,
      1327,
      1327,
      1327,
      1304,
      1304,
      1304,
      1304,
      1304,
      1319,
      1319,
      1319,
      1319,
      1319,
      1319,
      1319,
      1304,
      0,
      0,
      0,
      1335,
      1335,
      1335,
      0,
      0,
      0,
      0,
      0,
      0,
      0,
      0,
      0,
      0,
      0,
      0,
      0,
      0,
      0,
      0,
      0,
      0,
      0,
      0,
      0,
      0,
      0,
      0,
      0,
      0,
      0,
      0,
      0,
      0,
      1328,
      1328,
      1328,
      1328,
      1328,
      1328,
      1328,
      1328,
      1328,
      1328,
      1328,
      1300,
      1300,
      1300,
      1300,
      1300,
      1300,
      1300,
      1300,
      1300,
      0,
      0,
      0,
      0,
      0,
      0,
      0,
      0,
      0,
      0,
      0,
      0,
      0,
      0,
      0,
      0,
      0,
      0,
      0,
      0,
      0,
      0,
      0,
      0,
      0,
      0,
      0,
      0,
      0,
      0,
      0,
      0,
      0,
      0,
      0,
      0,
      0,
      0,
      1309,
      1309,
      1309,
      1309,
      1309,
      1309,
      1296,
      1296,
      1296,
      1296,
      1336,
      1336,
      1337,
      1337,
      1337,
      1317,
      1317,
      1317,
      1317,
      1317,
      1317,
      1317,
      1317,
      1317,
      1332,
      1332,
      1332,
      1332,
      1332,
      1332,
      1332,
      1332,
      1332,
      1332,
      1332,
      1332,
      1332,
      1332,
      1332,
      1332,
      0,
      0,
      0,
      0,
      0,
      0,
      0,
      0,
      0,
      0,
      0,
      0,
      0,
      0,
      0,
      0,
      0,
      0,
      0,
      0,
      0,
      0,
      0,
      0,
      0,
      0,
      0,
      1305,
      1305,
      1305,
      1305,
      1305,
      1305,
      1305,
      1305,
      1322,
      1322,
      1322,
      1322,
      1322,
      1322,
      1322,
      1322,
      1322,
      1322,
      1322,
      1322,
      1310,
      1310,
      1310,
      1310,
      1310,
      1310,
      1310,
      1310,
      1310,
      1310,
      0,
      0,
      0,
      0,
      0,
      0,
      0,
      1262,
      1306,
      1306,
      1306,
      1306,
      1306,
      1306,
      1306,
      1306,
      0,
      0,
      0,
      0,
      0,
      0,
      0,
      1320,
      1320,
      1320,
      1320,
      1320,
      1320,
      1320,
      1320,
      1320,
      1320,
      1320,
      1320,
      1320,
      1320,
      1320
    ],
    [
      1311,
      1311,
      1311,
      1311,
      1311,
      1311,
      1311,
      1311,
      1312,
      1312,
      1312,
      1312,
      1312,
      1312,
      1312,
      1312,
      1312,
      1339,
      1339,
      1339,
      1339,
      1339,
      1339,
      1339,
      1339,
      1339,
      1339,
      1339,
      1339,
      1339,
      1339,
      1339,
      1339,
      1339,
      1339,
      1318,
      1318,
      1318,
      1318,
      1318,
      1318,
      1318,
      1318,
      1318,
      1318,
      1318,
      0,
      0,
      0,
      0,
      0,
      0,
      0,
      0,
      0,
      0,
      0,
      0,
      0,
      0,
      0,
      0,
      0,
      0,
      1307,
      1307,
      1307,
      1307,
      1307,
      1307,
      1307,
      1307,
      1307,
      1313,
      1313,
      1313,
      1313,
      1313,
      1313,
      1313,
      1313,
      1313,
      1313,
      1313,
      1314,
      1314,
      1314,
      1314,
      1314,
      1314,
      1314,
      1314,
      1314,
      1314,
      1315,
      1315,
      1315,
      1315,
      1315,
      0,
      0,
      0,
      0,
      0,
      0,
      0,
      0,
      0,
      0,
      0,
      0,
      0,
      0,
      1286,
      1286,
      1286,
      1286,
      1323,
      1323,
      1323,
      1323,
      1323,
      1323,
      1323,
      1323,
      1323,
      1324,
      1324,
      1324,
      1324,
      1324,
      1324,
      1324,
      1324,
      1324,
      1308,
      1308,
      1308,
      1308,
      1308,
      1308,
      1308,
      1308,
      1308,
      1295,
      1295,
      1330,
      1330,
      1330,
      1330,
      1330,
      1330,
      1330,
      1330,
      1330,
      1330,
      1330,
      1330,
      1330,
      1330,
      1330,
      1287,
      1316,
      1316,
      1316,
      1316,
      1316,
      1348,
      1348,
      1348,
      1348,
      1292,
      1292,
      1292,
      1292,
      1292,
      1292,
      1292,
      1333,
      1333,
      1333,
      1326,
      1326,
      1326,
      1326,
      1326,
      1326,
      1326,
      1326,
      1260,
      1260,
      1331,
      1331,
      1331,
      1331,
      1331,
      1331,
      1331,
      1331,
      1331,
      0,
      0,
      0,
      1325,
      1325,
      1325,
      1325,
      1325,
      1325,
      1325,
      1325,
      1325,
      1325,
      1325,
      1325,
      1325,
      1325,
      1325,
      1325,
      1325,
      1325,
      1321,
      1321,
      1321,
      1321,
      1321,
      1321,
      1321,
      1321,
      1321,
      1321,
      1321,
      1321,
      0,
      0,
      1334,
      1334,
      1334,
      1334,
      1334,
      1334,
      1334,
      1334,
      1334,
      1303,
      1303,
      1303,
      1303,
      1303,
      1303,
      1303,
      1303,
      1327,
      1327,
      1327,
      1327,
      1327,
      1327,
      1327,
      1327,
      1327,
      1327,
      1327,
      1327,
      1327,
      1327,
      1327,
      1327,
      1327,
      1327,
      1327,
      1327,
      1327,
      1304,
      1304,
      1319,
      1319,
      1319,
      1319,
      1319,
      1319,
      1319,
      1304,
      0,
      1335,
      1335,
      1335,
      1335,
      1335,
      0,
      0,
      0,
      0,
      0,
      0,
      0,
      0,
      0,
      0,
      0,
      0,
      0,
      0,
      0,
      0,
      0,
      0,
      0,
      0,
      0,
      0,
      0,
      0,
      0,
      0,
      0,
      0,
      0,
      0,
      1328,
      1328,
      1328,
      1328,
      1328,
      1328,
      1328,
      1328,
      1328,
      1328,
      1328,
      1300,
      1300,
      1300,
      1300,
      1300,
      1300,
      1300,
      1300,
      1300,
      0,
      0,
      0,
      0,
      0,
      0,
      0,
      0,
      0,
      0,
      0,
      0,
      0,
      0,
      0,
      0,
      0,
      0,
      0,
      0,
      0,
      0,
      0,
      0,
      0,
      0,
      0,
      0,
      0,
      0,
      0,
      0,
      0,
      0,
      0,
      0,
      0,
      0,
      1329,
      1329,
      1329,
      1329,
      1329,
      1329,
      1336,
      1336,
      1336,
      1336,
      1336,
      1336,
      1337,
      1337,
      1337,
      1317,
      1317,
      1317,
      1317,
      1317,
      1317,
      1317,
      1317,
      1317,
      1332,
      1332,
      1332,
      1332,
      1332,
      1332,
      1332,
      1332,
      1332,
      1332,
      1332,
      1332,
      1332,
      1332,
      1332,
      1332,
      0,
      0,
      0,
      0,
      0,
      0,
      0,
      0,
      0,
      0,
      0,
      0,
      0,
      0,
      0,
      0,
      0,
      0,
      0,
      0,
      0,
      0,
      0,
      0,
      0,
      0,
      0,
      1305,
      1305,
      1305,
      1305,
      1305,
      1305,
      1305,
      1305,
      1305,
      1322,
      1322,
      1322,
      1322,
      1322,
      1322,
      1322,
      1322,
      1322,
      1322,
      1322,
      1310,
      1310,
      1310,
      1310,
      1310,
      1310,
      1310,
      1310,
      0,
      0,
      0,
      0,
      0,
      0,
      0,
      0,
      0,
      0,
      1306,
      1306,
      1306,
      1306,
      1306,
      1306,
      1306,
      1306,
      0,
      0,
      0,
      0,
      0,
      0,
      0,
      1320,
      1320,
      1320,
      1320,
      1320,
      1320,
      1320,
      1320,
      1320,
      1320,
      1320,
      1320,
      1320,
      1320,
      1320
    ],
    [
      1311,
      1311,
      1311,
      1311,
      1311,
      1311,
      1311,
      1312,
      1312,
      1312,
      1312,
      1312,
      1312,
      1312,
      1312,
      1339,
      1339,
      1339,
      1339,
      1339,
      1339,
      1339,
      1339,
      1339,
      1339,
      1339,
      1339,
      1339,
      1339,
      1339,
      1339,
      1339,
      1339,
      1339,
      1339,
      1318,
      1318,
      1318,
      1318,
      1318,
      1318,
      1318,
      1318,
      1318,
      1318,
      1318,
      1318,
      0,
      0,
      0,
      0,
      0,
      0,
      0,
      0,
      0,
      0,
      0,
      0,
      0,
      0,
      0,
      0,
      0,
      1307,
      1307,
      1307,
      1307,
      1307,
      1307,
      1307,
      1307,
      1307,
      1313,
      1313,
      1313,
      1313,
      1313,
      1313,
      1313,
      1313,
      1313,
      1313,
      1313,
      1314,
      1314,
      1314,
      1314,
      1314,
      1314,
      1314,
      1314,
      1314,
      1314,
      1315,
      1315,
      1315,
      1315,
      1315,
      0,
      0,
      0,
      0,
      0,
      0,
      0,
      0,
      0,
      0,
      0,
      0,
      0,
      0,
      1286,
      0,
      0,
      1355,
      1323,
      1323,
      1323,
      1323,
      1323,
      1323,
      1323,
      1323,
      1323,
      1324,
      1324,
      1324,
      1324,
      1324,
      1324,
      1324,
      1324,
      1324,
      1308,
      1308,
      1308,
      1308,
      1308,
      1308,
      1308,
      1308,
      1308,
      1308,
      1330,
      1330,
      1330,
      1330,
      1330,
      1330,
      1330,
      1330,
      1330,
      1330,
      1330,
      1330,
      1330,
      1330,
      1330,
      1330,
      1330,
      1316,
      1348,
      1348,
      1348,
      1348,
      1348,
      1348,
      1348,
      1348,
      1348,
      1348,
      1348,
      1348,
      1292,
      1292,
      1292,
      1333,
      1333,
      1333,
      1326,
      1326,
      1326,
      1326,
      1326,
      1326,
      1326,
      1326,
      1331,
      1331,
      1331,
      1331,
      1331,
      1331,
      1331,
      1331,
      1331,
      1331,
      1331,
      0,
      0,
      1340,
      1340,
      1340,
      1340,
      1340,
      1325,
      1325,
      1325,
      1325,
      1325,
      1325,
      1325,
      1325,
      1325,
      1325,
      1325,
      1325,
      1325,
      1325,
      1321,
      1321,
      1321,
      1321,
      1321,
      1321,
      1321,
      1321,
      1321,
      1321,
      1321,
      1321,
      0,
      0,
      1334,
      1334,
      1334,
      1334,
      1334,
      1334,
      1334,
      1334,
      1334,
      1303,
      1303,
      1303,
      1303,
      1303,
      1303,
      1303,
      1303,
      1327,
      1327,
      1327,
      1327,
      1327,
      1327,
      1327,
      1327,
      1327,
      1327,
      1327,
      1327,
      1327,
      1327,
      1327,
      1327,
      1327,
      1327,
      1327,
      1327,
      1327,
      1304,
      1304,
      1319,
      1319,
      1319,
      1319,
      1319,
      1319,
      1319,
      1304,
      1335,
      1335,
      1335,
      1335,
      1335,
      1335,
      0,
      0,
      0,
      0,
      0,
      0,
      0,
      0,
      0,
      0,
      0,
      0,
      0,
      0,
      0,
      0,
      0,
      0,
      0,
      0,
      0,
      0,
      0,
      0,
      0,
      0,
      0,
      0,
      0,
      0,
      1328,
      1328,
      1328,
      1328,
      1328,
      1328,
      1328,
      1328,
      1328,
      1328,
      1328,
      1328,
      1300,
      1300,
      1300,
      1300,
      1300,
      1300,
      1300,
      1300,
      0,
      0,
      0,
      0,
      0,
      0,
      0,
      0,
      0,
      0,
      0,
      0,
      0,
      0,
      0,
      0,
      0,
      0,
      0,
      0,
      0,
      0,
      0,
      0,
      0,
      0,
      0,
      0,
      0,
      0,
      0,
      0,
      0,
      0,
      0,
      0,
      0,
      0,
      1329,
      1329,
      1329,
      1329,
      1329,
      1329,
      1336,
      1336,
      1336,
      1336,
      1336,
      1336,
      1337,
      1337,
      1337,
      1317,
      1317,
      1317,
      1317,
      1317,
      1317,
      1317,
      1317,
      1317,
      1317,
      1332,
      1332,
      1332,
      1332,
      1332,
      1332,
      1332,
      1332,
      1332,
      1332,
      1332,
      1332,
      1332,
      1332,
      1332,
      1353,
      1353,
      1353,
      1353,
      1353,
      1353,
      1343,
      1343,
      1343,
      1343,
      0,
      0,
      0,
      0,
      0,
      0,
      0,
      0,
      0,
      0,
      0,
      0,
      0,
      0,
      0,
      0,
      0,
      1305,
      1305,
      1305,
      1305,
      1305,
      1305,
      1305,
      1305,
      1305,
      1322,
      1322,
      1322,
      1322,
      1322,
      1322,
      1322,
      1322,
      1322,
      1322,
      1322,
      1310,
      1310,
      1310,
      1310,
      1310,
      1310,
      0,
      0,
      0,
      0,
      0,
      0,
      0,
      0,
      0,
      0,
      0,
      0,
      0,
      0,
      0,
      0,
      0,
      0,
      0,
      0,
      0,
      0,
      0,
      0,
      0,
      0,
      0,
      1320,
      1320,
      1320,
      1320,
      1320,
      1320,
      1320,
      1320,
      1320,
      1320,
      1320,
      1320,
      1320,
      1320,
      1320
    ],
    [
      1311,
      1311,
      1311,
      1311,
      1311,
      1311,
      1338,
      1338,
      1338,
      1338,
      1338,
      1338,
      1338,
      1338,
      1339,
      1339,
      1339,
      1339,
      1339,
      1339,
      1339,
      1339,
      1339,
      1339,
      1339,
      1339,
      1339,
      1339,
      1339,
      1339,
      1339,
      1339,
      1339,
      1339,
      1339,
      1318,
      1318,
      1318,
      1318,
      1318,
      1318,
      1318,
      1318,
      1318,
      1318,
      1318,
      1318,
      0,
      0,
      0,
      0,
      0,
      0,
      0,
      0,
      0,
      0,
      0,
      0,
      0,
      0,
      0,
      0,
      0,
      1307,
      1307,
      1307,
      1307,
      1307,
      1307,
      1307,
      1307,
      1307,
      1313,
      1350,
      1313,
      1313,
      1313,
      1313,
      1313,
      1313,
      1313,
      1313,
      1313,
      1314,
      1314,
      1314,
      1314,
      1314,
      1314,
      1314,
      1314,
      1314,
      1314,
      1315,
      1315,
      1315,
      1315,
      0,
      0,
      0,
      0,
      0,
      0,
      0,
      0,
      0,
      0,
      0,
      0,
      0,
      0,
      0,
      0,
      0,
      0,
      1355,
      1323,
      1323,
      1323,
      1323,
      1323,
      1323,
      1323,
      1323,
      1323,
      1324,
      1324,
      1324,
      1324,
      1324,
      1324,
      1324,
      1324,
      1324,
      1324,
      1324,
      1324,
      1308,
      1308,
      1308,
      1308,
      1308,
      1308,
      1330,
      1330,
      1330,
      1330,
      1330,
      1330,
      1330,
      1330,
      1330,
      1330,
      1330,
      1330,
      1330,
      1330,
      1330,
      1330,
      1330,
      1330,
      1348,
      1348,
      1348,
      1348,
      1348,
      1348,
      1348,
      1348,
      1348,
      1348,
      1348,
      1348,
      1348,
      1333,
      1333,
      1333,
      1333,
      1333,
      1333,
      1326,
      1326,
      1326,
      1326,
      1326,
      1326,
      1326,
      1326,
      1331,
      1331,
      1331,
      1331,
      1331,
      1331,
      1331,
      1331,
      1331,
      1331,
      1331,
      0,
      0,
      1340,
      1340,
      1340,
      1340,
      1340,
      0,
      1325,
      1325,
      1325,
      1325,
      1325,
      1325,
      1325,
      1325,
      1325,
      1325,
      1325,
      1325,
      1325,
      1321,
      1321,
      1321,
      1321,
      1321,
      1321,
      1321,
      1321,
      1321,
      1321,
      1321,
      0,
      0,
      0,
      0,
      1334,
      1334,
      1334,
      1334,
      1334,
      1334,
      1334,
      1334,
      1303,
      1303,
      1303,
      1303,
      1303,
      1303,
      1303,
      1303,
      1303,
      1341,
      1327,
      1327,
      1327,
      1327,
      1327,
      1327,
      1327,
      1327,
      1327,
      1327,
      1327,
      1327,
      1327,
      0,
      0,
      0,
      0,
      0,
      0,
      0,
      1304,
      1319,
      1319,
      1319,
      1319,
      1319,
      1319,
      1319,
      1335,
      1335,
      1335,
      1335,
      1335,
      1335,
      1335,
      0,
      0,
      0,
      0,
      0,
      0,
      0,
      0,
      0,
      0,
      0,
      0,
      0,
      0,
      0,
      0,
      0,
      0,
      0,
      0,
      0,
      0,
      0,
      0,
      0,
      0,
      0,
      0,
      1328,
      1328,
      1328,
      1328,
      1328,
      1328,
      1328,
      1328,
      1328,
      1328,
      1328,
      1328,
      1328,
      1328,
      1328,
      1300,
      1300,
      1300,
      1300,
      0,
      0,
      0,
      0,
      0,
      0,
      0,
      0,
      0,
      0,
      0,
      0,
      0,
      0,
      0,
      0,
      0,
      0,
      0,
      0,
      0,
      0,
      0,
      0,
      0,
      0,
      0,
      0,
      0,
      0,
      0,
      0,
      0,
      0,
      0,
      0,
      0,
      0,
      0,
      0,
      0,
      1329,
      1329,
      1329,
      1329,
      1329,
      1336,
      1336,
      1336,
      1336,
      1336,
      1336,
      1336,
      1337,
      1337,
      1337,
      1317,
      1317,
      1317,
      1317,
      1317,
      1317,
      1317,
      1317,
      1317,
      1317,
      1317,
      1332,
      1332,
      1332,
      1332,
      1332,
      1332,
      1332,
      1332,
      1332,
      1332,
      1332,
      1332,
      1332,
      1353,
      1353,
      1353,
      1353,
      1353,
      1353,
      1343,
      1343,
      1343,
      1343,
      1343,
      0,
      0,
      0,
      0,
      0,
      0,
      0,
      0,
      0,
      0,
      0,
      0,
      0,
      0,
      0,
      0,
      0,
      1305,
      1305,
      1305,
      1305,
      1305,
      1305,
      1305,
      1305,
      1305,
      1305,
      1322,
      1322,
      1322,
      1322,
      1322,
      1322,
      1322,
      1322,
      1322,
      1322,
      1310,
      1310,
      1310,
      1310,
      1310,
      1310,
      0,
      0,
      0,
      0,
      0,
      0,
      0,
      0,
      0,
      0,
      0,
      0,
      0,
      0,
      0,
      0,
      0,
      0,
      0,
      0,
      0,
      0,
      0,
      0,
      0,
      0,
      0,
      0,
      0,
      0,
      0,
      0,
      0,
      1320,
      1320,
      1320,
      1320,
      1320,
      1320,
      1320,
      1320,
      1320
    ],
    [
      1311,
      1311,
      1311,
      1311,
      1311,
      1338,
      1338,
      1338,
      1338,
      1338,
      1338,
      1338,
      1338,
      1339,
      1339,
      1339,
      1339,
      1339,
      1339,
      1339,
      1339,
      1339,
      1339,
      1339,
      1339,
      1339,
      1339,
      1339,
      1339,
      1339,
      1339,
      1345,
      1345,
      1345,
      1345,
      1345,
      1318,
      1318,
      1318,
      1318,
      1318,
      1318,
      1318,
      1318,
      1318,
      1318,
      1318,
      1318,
      0,
      0,
      0,
      0,
      0,
      0,
      0,
      0,
      0,
      0,
      0,
      0,
      0,
      0,
      0,
      0,
      1307,
      1307,
      1307,
      1307,
      1307,
      1307,
      1307,
      1307,
      1307,
      1350,
      1350,
      1313,
      1313,
      1313,
      1313,
      1313,
      1313,
      1313,
      1313,
      1313,
      1313,
      1314,
      1314,
      1314,
      1314,
      1314,
      1314,
      1314,
      1314,
      1314,
      1315,
      1315,
      1315,
      1315,
      0,
      0,
      0,
      0,
      0,
      0,
      0,
      0,
      0,
      0,
      0,
      0,
      0,
      0,
      0,
      0,
      0,
      0,
      1355,
      1323,
      1323,
      1323,
      1323,
      1323,
      1323,
      1323,
      1323,
      1323,
      1324,
      1324,
      1324,
      1324,
      1324,
      1324,
      1324,
      1324,
      1324,
      1324,
      1324,
      1324,
      1324,
      1324,
      1324,
      1324,
      1330,
      1330,
      1330,
      1330,
      1330,
      1330,
      1330,
      1330,
      1330,
      1330,
      1330,
      1330,
      1330,
      1330,
      1330,
      1330,
      1330,
      1330,
      1330,
      1330,
      1330,
      1348,
      1348,
      1348,
      1348,
      1348,
      1348,
      1348,
      1348,
      1348,
      1348,
      1348,
      1348,
      1348,
      1333,
      1333,
      1333,
      1333,
      1333,
      1326,
      1326,
      1326,
      1326,
      1326,
      1326,
      1326,
      1326,
      1331,
      1331,
      1331,
      1331,
      1331,
      1331,
      1331,
      1331,
      1331,
      1331,
      1331,
      0,
      0,
      1340,
      1340,
      1340,
      1340,
      1340,
      0,
      0,
      1325,
      1325,
      1325,
      1325,
      1325,
      1325,
      1325,
      1325,
      1325,
      1325,
      1325,
      1325,
      1321,
      1321,
      1321,
      1321,
      1321,
      1321,
      1321,
      1321,
      1321,
      1321,
      1321,
      0,
      0,
      0,
      0,
      1334,
      1334,
      1334,
      1334,
      1334,
      1334,
      1334,
      1334,
      1303,
      1303,
      1303,
      1341,
      1341,
      1341,
      1341,
      1341,
      1341,
      1341,
      1327,
      1327,
      1327,
      1327,
      1327,
      1327,
      1327,
      1327,
      1327,
      1327,
      1327,
      1327,
      0,
      0,
      0,
      0,
      0,
      0,
      0,
      0,
      0,
      0,
      1319,
      1319,
      1319,
      1319,
      1319,
      1319,
      1335,
      1335,
      1335,
      1335,
      1335,
      1335,
      1335,
      0,
      0,
      0,
      0,
      0,
      0,
      0,
      0,
      0,
      0,
      0,
      1359,
      1344,
      1344,
      1344,
      1344,
      1344,
      1344,
      1344,
      1344,
      1344,
      0,
      0,
      0,
      0,
      0,
      0,
      0,
      1328,
      1328,
      1328,
      1328,
      1328,
      1328,
      1328,
      1328,
      1328,
      1328,
      1328,
      1328,
      1328,
      1328,
      0,
      0,
      0,
      0,
      0,
      0,
      0,
      0,
      0,
      0,
      0,
      0,
      0,
      0,
      0,
      0,
      0,
      0,
      0,
      0,
      0,
      0,
      0,
      0,
      0,
      0,
      0,
      0,
      0,
      0,
      0,
      0,
      0,
      0,
      0,
      0,
      0,
      0,
      0,
      0,
      0,
      0,
      0,
      0,
      0,
      1329,
      1329,
      1329,
      1329,
      1329,
      1329,
      1336,
      1336,
      1336,
      1336,
      1336,
      1336,
      1336,
      1337,
      1337,
      1337,
      1317,
      1317,
      1317,
      1317,
      1317,
      1317,
      1317,
      1317,
      1317,
      1317,
      1317,
      1317,
      1332,
      1332,
      1332,
      1332,
      1332,
      1332,
      1332,
      1332,
      1332,
      1332,
      1332,
      1332,
      1353,
      1353,
      1353,
      1353,
      1353,
      1353,
      1343,
      1343,
      1343,
      1343,
      1343,
      0,
      0,
      0,
      0,
      0,
      0,
      0,
      0,
      0,
      0,
      0,
      0,
      0,
      0,
      0,
      0,
      0,
      1305,
      1305,
      1305,
      1305,
      1305,
      1305,
      1305,
      1305,
      1305,
      1305,
      1322,
      1322,
      1322,
      1322,
      1322,
      1322,
      1322,
      1322,
      1322,
      1322,
      1310,
      1310,
      1310,
      1310,
      1310,
      1310,
      0,
      0,
      0,
      0,
      0,
      0,
      0,
      0,
      0,
      0,
      0,
      0,
      0,
      0,
      0,
      0,
      0,
      0,
      0,
      0,
      0,
      0,
      0,
      0,
      0,
      0,
      0,
      0,
      0,
      0,
      0,
      0,
      0,
      0,
      1320,
      1320,
      1320,
      1320,
      1320,
      1320,
      1320,
      1320
    ],
    [
      1338,
      1338,
      1338,
      1338,
      1338,
      1338,
      1338,
      1338,
      1338,
      1338,
      1338,
      1338,
      0,
      1339,
      1339,
      1339,
      1339,
      1339,
      1339,
      1339,
      1339,
      1339,
      1339,
      1339,
      1339,
      1339,
      1339,
      1339,
      1339,
      1339,
      1345,
      1345,
      1345,
      1345,
      1345,
      1345,
      1345,
      1345,
      1346,
      1346,
      1346,
      1346,
      1346,
      1347,
      1347,
      1347,
      1347,
      1347,
      1347,
      0,
      0,
      0,
      0,
      0,
      0,
      0,
      0,
      0,
      0,
      0,
      0,
      0,
      0,
      0,
      1307,
      1307,
      1307,
      1307,
      1307,
      1307,
      1307,
      1307,
      1307,
      1350,
      1350,
      1313,
      1313,
      1313,
      1313,
      1313,
      1313,
      1313,
      1313,
      1313,
      1313,
      1313,
      1313,
      1314,
      1314,
      1314,
      1314,
      1314,
      1314,
      0,
      0,
      0,
      0,
      0,
      0,
      0,
      0,
      0,
      0,
      0,
      0,
      0,
      0,
      0,
      0,
      0,
      0,
      0,
      0,
      0,
      0,
      0,
      1355,
      1323,
      1323,
      1323,
      1323,
      1323,
      1323,
      1323,
      1324,
      1324,
      1324,
      1324,
      1324,
      1324,
      1324,
      1324,
      1324,
      1324,
      1324,
      1324,
      1324,
      1324,
      1324,
      1324,
      1324,
      1356,
      1356,
      1356,
      1356,
      1330,
      1330,
      1330,
      1330,
      1330,
      1330,
      1330,
      1330,
      1330,
      1330,
      1330,
      1330,
      1330,
      1330,
      1330,
      1330,
      1330,
      1330,
      1330,
      1348,
      1348,
      1348,
      1348,
      1348,
      1348,
      1348,
      1348,
      1348,
      1348,
      1348,
      1348,
      1348,
      1333,
      1333,
      1333,
      1333,
      1326,
      1326,
      1326,
      1326,
      1326,
      1326,
      1326,
      1326,
      1331,
      1331,
      1331,
      1331,
      1331,
      1331,
      1331,
      1331,
      1331,
      1331,
      1331,
      1331,
      0,
      1340,
      1340,
      1340,
      1340,
      1340,
      0,
      0,
      1325,
      1325,
      1325,
      1325,
      1325,
      1325,
      1325,
      1325,
      1325,
      1325,
      1325,
      1325,
      1321,
      1321,
      1321,
      1321,
      1321,
      1321,
      1321,
      1321,
      1321,
      1321,
      1321,
      0,
      0,
      0,
      0,
      1334,
      1334,
      1334,
      1334,
      1334,
      1334,
      1334,
      1334,
      1303,
      1303,
      1303,
      1341,
      1341,
      1341,
      1341,
      1341,
      1341,
      1341,
      1327,
      1327,
      1327,
      1327,
      1327,
      1327,
      1327,
      1327,
      1327,
      1327,
      1327,
      0,
      0,
      0,
      0,
      0,
      0,
      0,
      0,
      0,
      0,
      0,
      1342,
      1342,
      1342,
      1342,
      1342,
      1335,
      1335,
      1335,
      1335,
      1335,
      1335,
      1335,
      1335,
      0,
      0,
      0,
      0,
      0,
      0,
      0,
      0,
      0,
      0,
      1359,
      1359,
      1359,
      1344,
      1344,
      1344,
      1344,
      1344,
      1344,
      1344,
      1344,
      1344,
      0,
      0,
      0,
      0,
      0,
      1349,
      1328,
      1328,
      1328,
      1328,
      1328,
      1328,
      1328,
      0,
      0,
      0,
      0,
      0,
      0,
      0,
      0,
      0,
      0,
      0,
      0,
      0,
      0,
      0,
      0,
      0,
      0,
      0,
      0,
      0,
      0,
      0,
      0,
      0,
      0,
      0,
      0,
      0,
      0,
      0,
      0,
      0,
      0,
      0,
      0,
      0,
      0,
      0,
      0,
      0,
      0,
      0,
      0,
      0,
      0,
      0,
      0,
      0,
      0,
      0,
      0,
      1351,
      1351,
      1351,
      1351,
      1351,
      1351,
      1336,
      1336,
      1336,
      1336,
      1336,
      1336,
      1336,
      1337,
      1337,
      1337,
      1317,
      1317,
      1317,
      1317,
      1352,
      1352,
      1352,
      1352,
      1352,
      1352,
      1352,
      1352,
      1352,
      1332,
      1332,
      1332,
      1332,
      1332,
      1332,
      1332,
      1332,
      1332,
      1332,
      1332,
      1353,
      1353,
      1353,
      1353,
      1353,
      1353,
      1343,
      1343,
      1343,
      1343,
      1343,
      0,
      0,
      0,
      0,
      0,
      0,
      0,
      0,
      0,
      0,
      0,
      0,
      0,
      0,
      0,
      0,
      0,
      1305,
      1305,
      1305,
      1305,
      1305,
      1305,
      1305,
      1305,
      1305,
      1305,
      1322,
      1322,
      1322,
      1322,
      1322,
      1322,
      1322,
      1322,
      1322,
      1322,
      1322,
      1310,
      1310,
      1310,
      1310,
      1310,
      0,
      0,
      0,
      0,
      0,
      0,
      0,
      0,
      0,
      0,
      0,
      0,
      0,
      0,
      0,
      0,
      0,
      0,
      0,
      0,
      0,
      0,
      0,
      0,
      0,
      0,
      0,
      0,
      0,
      0,
      0,
      0,
      0,
      0,
      0,
      0,
      0,
      0,
      1320,
      1320,
      1320,
      1320
    ],
    [
      1338,
      1338,
      1338,
      1338,
      1338,
      1338,
      1338,
      1338,
      1338,
      1338,
      1338,
      1338,
      0,
      0,
      1339,
      1339,
      1339,
      1339,
      1339,
      1339,
      1339,
      1339,
      1339,
      1339,
      1339,
      1339,
      1339,
      1339,
      1345,
      1345,
      1345,
      1345,
      1345,
      1345,
      1345,
      1345,
      1345,
      1345,
      1346,
      1346,
      1346,
      1347,
      1347,
      1347,
      1347,
      1347,
      1347,
      1347,
      1347,
      1347,
      0,
      0,
      0,
      0,
      0,
      0,
      0,
      0,
      0,
      0,
      0,
      0,
      0,
      0,
      0,
      1307,
      1307,
      1307,
      1307,
      1307,
      1307,
      1307,
      1350,
      1350,
      1350,
      1313,
      1313,
      1313,
      1313,
      1313,
      1313,
      1313,
      1313,
      1313,
      1313,
      1313,
      1313,
      1314,
      1314,
      1314,
      1314,
      1314,
      1314,
      0,
      0,
      0,
      0,
      0,
      0,
      0,
      0,
      0,
      0,
      0,
      0,
      0,
      0,
      0,
      0,
      0,
      0,
      0,
      0,
      0,
      0,
      0,
      1355,
      1323,
      1323,
      1323,
      1323,
      1323,
      1323,
      1323,
      0,
      0,
      0,
      0,
      0,
      0,
      0,
      0,
      0,
      0,
      0,
      0,
      0,
      0,
      0,
      0,
      1356,
      1356,
      1356,
      1356,
      1356,
      0,
      1330,
      1330,
      1330,
      1330,
      1330,
      1330,
      1330,
      1330,
      1330,
      1330,
      1330,
      1330,
      1330,
      1330,
      1330,
      1330,
      1330,
      1330,
      1348,
      1348,
      1348,
      1348,
      1348,
      1348,
      1348,
      1348,
      1348,
      1348,
      1348,
      1348,
      1348,
      1333,
      1333,
      1333,
      1333,
      1326,
      1326,
      1326,
      1326,
      1326,
      1326,
      1326,
      1331,
      1331,
      1331,
      1331,
      1331,
      1331,
      1331,
      1331,
      1331,
      1331,
      1331,
      1331,
      1331,
      0,
      1340,
      1340,
      1340,
      1340,
      1340,
      0,
      0,
      1325,
      1325,
      1325,
      1325,
      1325,
      1325,
      1325,
      1325,
      1325,
      1325,
      1325,
      1325,
      1321,
      1321,
      1321,
      1321,
      1321,
      1321,
      1321,
      1321,
      1321,
      1321,
      0,
      0,
      0,
      0,
      0,
      1334,
      1334,
      1334,
      1334,
      1334,
      1334,
      1334,
      1334,
      1303,
      1303,
      1358,
      1341,
      1341,
      1341,
      1341,
      1341,
      1341,
      1341,
      1327,
      1327,
      1327,
      0,
      0,
      0,
      0,
      0,
      0,
      0,
      0,
      0,
      0,
      0,
      0,
      0,
      0,
      0,
      0,
      0,
      0,
      0,
      1342,
      1342,
      1342,
      1342,
      1342,
      1335,
      1335,
      1335,
      1335,
      1335,
      1335,
      1335,
      1335,
      0,
      0,
      0,
      0,
      0,
      0,
      0,
      1359,
      1359,
      1359,
      1359,
      1359,
      1359,
      1344,
      1344,
      1344,
      1344,
      1344,
      1344,
      1344,
      1344,
      1344,
      1349,
      1349,
      1349,
      1349,
      1349,
      1349,
      1349,
      1349,
      1349,
      1349,
      1328,
      1328,
      1328,
      0,
      0,
      0,
      0,
      0,
      0,
      0,
      0,
      0,
      0,
      0,
      0,
      0,
      0,
      0,
      0,
      0,
      0,
      0,
      0,
      0,
      0,
      0,
      0,
      0,
      0,
      0,
      0,
      0,
      0,
      0,
      0,
      0,
      0,
      0,
      0,
      0,
      0,
      0,
      0,
      0,
      0,
      0,
      0,
      0,
      0,
      0,
      0,
      0,
      0,
      0,
      0,
      1361,
      1351,
      1351,
      1351,
      1351,
      1351,
      1351,
      1336,
      1336,
      1336,
      1336,
      1336,
      1337,
      1337,
      1337,
      1337,
      1317,
      1317,
      1317,
      1317,
      1352,
      1352,
      1352,
      1352,
      1352,
      1352,
      1352,
      1352,
      1352,
      1366,
      1366,
      1332,
      1332,
      1332,
      1332,
      1332,
      1332,
      1332,
      1332,
      1353,
      1353,
      1353,
      1353,
      1353,
      1353,
      1353,
      1343,
      1343,
      1343,
      1343,
      1343,
      0,
      0,
      0,
      0,
      0,
      0,
      0,
      0,
      0,
      0,
      0,
      0,
      0,
      0,
      0,
      0,
      0,
      0,
      1305,
      1305,
      1305,
      1305,
      1305,
      1305,
      1305,
      1305,
      1305,
      1322,
      1322,
      1322,
      1322,
      1322,
      1322,
      1322,
      1322,
      1322,
      1322,
      1322,
      1310,
      1310,
      1310,
      1310,
      1310,
      0,
      0,
      0,
      0,
      0,
      0,
      0,
      0,
      0,
      0,
      0,
      0,
      0,
      0,
      0,
      0,
      0,
      0,
      0,
      0,
      0,
      0,
      0,
      0,
      0,
      0,
      0,
      0,
      0,
      0,
      0,
      0,
      0,
      0,
      0,
      0,
      0,
      0,
      0,
      1320,
      1320,
      1320
    ],
    [
      1338,
      1338,
      1338,
      1338,
      1338,
      1338,
      1338,
      1338,
      1338,
      1338,
      1338,
      1338,
      0,
      0,
      0,
      1339,
      1339,
      1339,
      1339,
      1339,
      1339,
      1339,
      1339,
      1339,
      1339,
      1339,
      1339,
      1339,
      1345,
      1345,
      1345,
      1345,
      1345,
      1345,
      1345,
      1345,
      1345,
      1345,
      1346,
      1346,
      1346,
      1347,
      1347,
      1347,
      1347,
      1347,
      1347,
      1347,
      1347,
      1347,
      0,
      0,
      0,
      0,
      0,
      0,
      0,
      0,
      0,
      0,
      0,
      0,
      0,
      0,
      0,
      0,
      0,
      0,
      0,
      1307,
      0,
      0,
      1350,
      1350,
      1350,
      1350,
      1313,
      1313,
      1313,
      1313,
      1313,
      1313,
      1313,
      1313,
      1313,
      1313,
      1313,
      1313,
      1313,
      1314,
      1314,
      1314,
      1314,
      0,
      0,
      0,
      0,
      0,
      0,
      0,
      0,
      0,
      0,
      0,
      0,
      0,
      0,
      0,
      0,
      0,
      0,
      0,
      0,
      0,
      0,
      0,
      1355,
      1323,
      1323,
      1323,
      1323,
      1323,
      1323,
      0,
      0,
      0,
      0,
      0,
      0,
      0,
      0,
      0,
      0,
      0,
      0,
      0,
      0,
      0,
      1356,
      1356,
      1356,
      1356,
      1356,
      1356,
      1356,
      0,
      0,
      0,
      0,
      0,
      0,
      0,
      0,
      0,
      0,
      0,
      0,
      0,
      1330,
      1330,
      1330,
      1330,
      1330,
      1348,
      1348,
      1348,
      1348,
      1348,
      1348,
      1348,
      1348,
      1348,
      1348,
      1348,
      1348,
      1348,
      1348,
      1333,
      1333,
      1333,
      1333,
      1333,
      1333,
      1333,
      1333,
      1333,
      1333,
      1333,
      1331,
      1331,
      1331,
      1331,
      1331,
      1331,
      1331,
      1331,
      1331,
      1331,
      1331,
      1331,
      1331,
      0,
      1340,
      1340,
      1340,
      1340,
      1340,
      0,
      0,
      1325,
      1325,
      1325,
      1325,
      1325,
      1325,
      1325,
      1325,
      1325,
      1325,
      1325,
      1325,
      1325,
      1325,
      1321,
      1321,
      1321,
      1321,
      1321,
      1321,
      1321,
      0,
      0,
      0,
      0,
      0,
      0,
      1334,
      1334,
      1334,
      1334,
      1334,
      1334,
      1334,
      1334,
      1334,
      1334,
      1358,
      1341,
      1341,
      1341,
      1341,
      1341,
      1341,
      1341,
      1327,
      1327,
      0,
      0,
      0,
      0,
      0,
      0,
      0,
      0,
      0,
      0,
      0,
      0,
      0,
      0,
      0,
      0,
      0,
      0,
      0,
      0,
      1342,
      1342,
      1342,
      1342,
      1342,
      1335,
      1335,
      1335,
      1335,
      1335,
      1335,
      1335,
      1335,
      0,
      0,
      0,
      0,
      0,
      1359,
      1359,
      1359,
      1359,
      1359,
      1359,
      1359,
      1359,
      1344,
      1344,
      1344,
      1344,
      1344,
      1344,
      1344,
      1344,
      1344,
      1344,
      1349,
      1349,
      1349,
      1349,
      1349,
      1349,
      1349,
      1349,
      1349,
      1328,
      1328,
      1328,
      0,
      0,
      0,
      0,
      0,
      0,
      0,
      0,
      0,
      0,
      0,
      0,
      0,
      0,
      0,
      0,
      0,
      0,
      0,
      0,
      0,
      0,
      0,
      0,
      0,
      0,
      0,
      0,
      0,
      0,
      0,
      0,
      0,
      0,
      0,
      0,
      0,
      0,
      0,
      0,
      0,
      0,
      0,
      0,
      0,
      0,
      0,
      0,
      0,
      0,
      0,
      1361,
      1361,
      1351,
      1351,
      1351,
      1351,
      1351,
      1351,
      1365,
      1336,
      1336,
      1336,
      1336,
      1337,
      1337,
      1337,
      1337,
      1317,
      1317,
      1317,
      1368,
      1352,
      1352,
      1352,
      1352,
      1352,
      1352,
      1352,
      1352,
      1352,
      1366,
      1366,
      1366,
      1332,
      1332,
      1332,
      1332,
      1332,
      1332,
      1332,
      1353,
      1353,
      1353,
      1353,
      1353,
      1353,
      1353,
      1343,
      1343,
      1343,
      1343,
      1343,
      0,
      0,
      0,
      0,
      0,
      0,
      0,
      0,
      0,
      0,
      0,
      0,
      0,
      0,
      0,
      0,
      0,
      1305,
      1305,
      1305,
      1305,
      1305,
      1305,
      1305,
      1305,
      1305,
      1305,
      1322,
      1322,
      1322,
      1322,
      1322,
      1322,
      1322,
      1322,
      1322,
      1322,
      1322,
      1370,
      1310,
      1310,
      1310,
      1310,
      0,
      0,
      0,
      0,
      0,
      0,
      0,
      0,
      0,
      0,
      0,
      0,
      0,
      0,
      0,
      0,
      0,
      0,
      0,
      0,
      0,
      0,
      0,
      0,
      0,
      0,
      0,
      0,
      0,
      0,
      0,
      0,
      0,
      0,
      0,
      0,
      0,
      0,
      0,
      1320,
      1320,
      1320
    ],
    [
      1338,
      1338,
      1338,
      1338,
      1338,
      1338,
      1338,
      1338,
      1338,
      1338,
      1338,
      1338,
      0,
      0,
      0,
      0,
      0,
      0,
      1339,
      1339,
      1339,
      1339,
      1339,
      1339,
      1339,
      1364,
      1364,
      1364,
      1345,
      1345,
      1345,
      1345,
      1345,
      1345,
      1345,
      1345,
      1345,
      1345,
      1346,
      1346,
      1346,
      1347,
      1347,
      1347,
      1347,
      1347,
      1347,
      1347,
      1347,
      1347,
      0,
      0,
      0,
      0,
      0,
      0,
      0,
      0,
      0,
      0,
      0,
      0,
      0,
      0,
      0,
      0,
      0,
      0,
      0,
      0,
      0,
      0,
      1350,
      1350,
      1350,
      1350,
      1313,
      1313,
      1313,
      1313,
      1313,
      1379,
      1354,
      1354,
      1354,
      1354,
      1354,
      1354,
      1354,
      0,
      1314,
      1314,
      0,
      0,
      0,
      0,
      0,
      0,
      0,
      0,
      0,
      0,
      0,
      0,
      0,
      0,
      0,
      0,
      0,
      0,
      0,
      0,
      0,
      0,
      0,
      0,
      1355,
      1355,
      1355,
      1355,
      1355,
      1355,
      1355,
      1355,
      0,
      0,
      0,
      0,
      0,
      0,
      0,
      0,
      0,
      0,
      0,
      0,
      0,
      0,
      1356,
      1356,
      1356,
      1356,
      1356,
      1356,
      1356,
      0,
      0,
      0,
      0,
      0,
      0,
      0,
      0,
      0,
      0,
      0,
      0,
      0,
      1330,
      1330,
      1330,
      1330,
      1348,
      1348,
      1348,
      1348,
      1348,
      1348,
      1348,
      1348,
      1348,
      1348,
      1348,
      1348,
      1348,
      1348,
      1348,
      1333,
      1333,
      1333,
      1333,
      1333,
      1333,
      1333,
      1333,
      1333,
      1333,
      1331,
      1331,
      1331,
      1331,
      1331,
      1331,
      1331,
      1331,
      1331,
      1331,
      1331,
      1331,
      1331,
      1331,
      0,
      0,
      1340,
      1340,
      1340,
      1340,
      0,
      0,
      1325,
      1325,
      1325,
      1325,
      1325,
      1325,
      1325,
      1325,
      1325,
      1325,
      1325,
      1325,
      1325,
      1325,
      1325,
      1321,
      1321,
      1321,
      1321,
      1321,
      0,
      0,
      0,
      0,
      0,
      0,
      0,
      1334,
      1334,
      1334,
      1334,
      1334,
      1334,
      1334,
      1334,
      1334,
      1334,
      1358,
      1341,
      1341,
      1341,
      1341,
      1341,
      1341,
      1341,
      0,
      0,
      0,
      0,
      0,
      0,
      0,
      0,
      0,
      0,
      0,
      0,
      0,
      0,
      0,
      0,
      0,
      0,
      0,
      0,
      0,
      0,
      1342,
      1342,
      1342,
      1342,
      1342,
      1342,
      1335,
      1335,
      1335,
      1335,
      1335,
      1335,
      1335,
      0,
      0,
      0,
      0,
      1359,
      1359,
      1359,
      1359,
      1359,
      1359,
      1359,
      1359,
      1359,
      1359,
      1359,
      1344,
      1344,
      1344,
      1344,
      1344,
      1344,
      1344,
      1344,
      1344,
      1349,
      1349,
      1349,
      1349,
      1349,
      1349,
      1349,
      1349,
      1328,
      1328,
      0,
      0,
      0,
      0,
      0,
      0,
      0,
      0,
      0,
      0,
      0,
      0,
      0,
      0,
      0,
      0,
      0,
      0,
      0,
      0,
      0,
      0,
      0,
      0,
      0,
      0,
      0,
      0,
      0,
      0,
      0,
      0,
      0,
      0,
      0,
      0,
      0,
      0,
      0,
      0,
      0,
      0,
      0,
      0,
      0,
      0,
      0,
      0,
      0,
      0,
      0,
      1361,
      1361,
      1361,
      1351,
      1351,
      1351,
      1351,
      1351,
      1351,
      1365,
      1365,
      1336,
      1336,
      1336,
      1337,
      1337,
      1337,
      1337,
      1317,
      1317,
      1368,
      1368,
      1352,
      1352,
      1352,
      1352,
      1352,
      1352,
      1352,
      1352,
      1352,
      1366,
      1366,
      1366,
      1332,
      1332,
      1332,
      1332,
      1332,
      1332,
      1332,
      1353,
      1353,
      1353,
      1353,
      1353,
      1353,
      1353,
      1343,
      1343,
      1343,
      1343,
      1343,
      1343,
      1343,
      1343,
      0,
      0,
      0,
      0,
      0,
      0,
      0,
      0,
      0,
      0,
      0,
      0,
      0,
      0,
      1322,
      1322,
      1322,
      1322,
      1322,
      1322,
      1322,
      1322,
      1322,
      1322,
      1322,
      1322,
      1370,
      1322,
      1322,
      1322,
      1322,
      1322,
      1322,
      1322,
      1322,
      1370,
      1310,
      1310,
      1310,
      1310,
      0,
      0,
      0,
      0,
      0,
      0,
      0,
      0,
      0,
      0,
      0,
      0,
      0,
      0,
      0,
      0,
      0,
      0,
      0,
      0,
      0,
      0,
      0,
      0,
      0,
      0,
      0,
      0,
      0,
      0,
      0,
      0,
      0,
      0,
      0,
      0,
      0,
      0,
      0,
      1320,
      1320,
      1320
    ],
    [
      1338,
      1338,
      1338,
      1338,
      1338,
      1338,
      1338,
      1338,
      1338,
      1338,
      1338,
      1338,
      0,
      0,
      0,
      0,
      0,
      0,
      1339,
      1339,
      1339,
      1364,
      1364,
      1364,
      1364,
      1364,
      1364,
      1364,
      1345,
      1345,
      1345,
      1345,
      1345,
      1345,
      1345,
      1345,
      1345,
      1345,
      1346,
      1346,
      1346,
      1347,
      1347,
      1347,
      1347,
      1347,
      1347,
      1347,
      1347,
      1347,
      0,
      0,
      0,
      0,
      0,
      0,
      0,
      0,
      0,
      0,
      0,
      0,
      0,
      0,
      0,
      0,
      0,
      0,
      0,
      0,
      0,
      0,
      1350,
      1350,
      1350,
      1350,
      1313,
      1313,
      1313,
      1313,
      1313,
      1379,
      1354,
      1354,
      1354,
      1354,
      1354,
      1354,
      1354,
      0,
      1314,
      1314,
      0,
      0,
      0,
      0,
      0,
      0,
      0,
      0,
      0,
      0,
      0,
      0,
      0,
      0,
      0,
      0,
      0,
      0,
      0,
      0,
      0,
      0,
      0,
      0,
      1355,
      1355,
      1355,
      1355,
      1355,
      1355,
      1355,
      1355,
      0,
      0,
      0,
      0,
      0,
      0,
      0,
      0,
      0,
      0,
      0,
      0,
      0,
      0,
      1356,
      1356,
      1356,
      1356,
      1356,
      1356,
      1356,
      0,
      0,
      0,
      0,
      0,
      0,
      0,
      0,
      0,
      0,
      0,
      0,
      0,
      1330,
      1330,
      1330,
      1330,
      1348,
      1348,
      1348,
      1348,
      1348,
      1348,
      1348,
      1348,
      1348,
      1348,
      1348,
      1348,
      1348,
      1348,
      1348,
      1333,
      1333,
      1376,
      1376,
      1376,
      1376,
      1376,
      1376,
      1376,
      1376,
      1331,
      1331,
      1331,
      1331,
      1331,
      1331,
      1331,
      1331,
      1331,
      1331,
      1331,
      1331,
      1331,
      1331,
      0,
      0,
      0,
      0,
      0,
      0,
      0,
      0,
      1325,
      1325,
      1325,
      1325,
      1325,
      1325,
      1325,
      1325,
      1325,
      1325,
      1325,
      1325,
      1325,
      1325,
      1325,
      0,
      0,
      0,
      0,
      0,
      0,
      0,
      0,
      0,
      0,
      0,
      0,
      0,
      1334,
      1334,
      1334,
      1334,
      1334,
      1334,
      1334,
      1334,
      1334,
      1358,
      1341,
      1341,
      1341,
      1341,
      1341,
      1341,
      0,
      0,
      0,
      0,
      0,
      0,
      0,
      0,
      0,
      0,
      0,
      0,
      0,
      0,
      0,
      0,
      0,
      0,
      0,
      0,
      0,
      0,
      0,
      1360,
      1360,
      1360,
      1360,
      1360,
      1360,
      1360,
      1335,
      1335,
      1335,
      1335,
      1335,
      1335,
      1359,
      1359,
      1359,
      1359,
      1359,
      1359,
      1359,
      1359,
      1359,
      1359,
      1359,
      1359,
      1359,
      1359,
      1359,
      1344,
      1344,
      1344,
      1344,
      1344,
      1344,
      1344,
      1344,
      1344,
      1349,
      1349,
      1349,
      1349,
      1349,
      1349,
      1349,
      1349,
      1328,
      0,
      0,
      0,
      0,
      0,
      0,
      0,
      0,
      0,
      0,
      0,
      0,
      0,
      0,
      0,
      0,
      0,
      0,
      0,
      0,
      0,
      0,
      0,
      0,
      0,
      0,
      0,
      0,
      0,
      0,
      0,
      0,
      0,
      0,
      0,
      0,
      0,
      0,
      0,
      0,
      0,
      0,
      0,
      0,
      0,
      0,
      0,
      0,
      0,
      0,
      0,
      0,
      1361,
      1361,
      1361,
      1351,
      1351,
      1351,
      1351,
      1351,
      1351,
      1365,
      1365,
      1365,
      1365,
      1336,
      1337,
      1337,
      1337,
      1337,
      1317,
      1368,
      1368,
      1368,
      1352,
      1352,
      1352,
      1352,
      1352,
      1352,
      1352,
      1352,
      1352,
      1366,
      1366,
      1366,
      1332,
      1332,
      1332,
      1332,
      1332,
      1332,
      1332,
      1353,
      1353,
      1353,
      1353,
      1353,
      1353,
      1353,
      1343,
      1343,
      1343,
      1343,
      1343,
      1343,
      1343,
      1343,
      1343,
      0,
      0,
      0,
      0,
      0,
      0,
      0,
      0,
      0,
      0,
      0,
      0,
      1370,
      1370,
      1370,
      1370,
      1370,
      1370,
      1370,
      1370,
      1370,
      1370,
      1370,
      1370,
      1370,
      1370,
      1370,
      1322,
      1322,
      1322,
      1322,
      1322,
      1322,
      1322,
      1370,
      1370,
      1310,
      1310,
      1310,
      0,
      0,
      0,
      0,
      0,
      0,
      0,
      0,
      0,
      0,
      0,
      0,
      0,
      0,
      0,
      0,
      0,
      0,
      0,
      0,
      0,
      0,
      0,
      0,
      0,
      0,
      0,
      0,
      0,
      0,
      0,
      0,
      0,
      0,
      0,
      0,
      0,
      0,
      0,
      0,
      0,
      0
    ],
    [
      1338,
      1338,
      1338,
      1338,
      1338,
      1338,
      1338,
      1338,
      1338,
      1338,
      1338,
      1338,
      0,
      0,
      0,
      0,
      0,
      0,
      1339,
      1339,
      1339,
      1364,
      1364,
      1364,
      1364,
      1364,
      1364,
      1364,
      1345,
      1345,
      1345,
      1345,
      1345,
      1345,
      1345,
      1345,
      1345,
      1345,
      1346,
      1346,
      1346,
      1347,
      1347,
      1347,
      1347,
      1347,
      1347,
      1347,
      1347,
      1347,
      0,
      0,
      0,
      0,
      0,
      0,
      0,
      0,
      0,
      0,
      0,
      0,
      0,
      0,
      0,
      0,
      0,
      0,
      0,
      0,
      0,
      0,
      1350,
      1350,
      1350,
      1350,
      1313,
      1313,
      1313,
      1379,
      1379,
      1379,
      1354,
      1354,
      1354,
      1354,
      1354,
      1354,
      1354,
      0,
      0,
      1314,
      0,
      0,
      0,
      0,
      0,
      0,
      0,
      0,
      0,
      0,
      0,
      0,
      0,
      0,
      0,
      0,
      0,
      0,
      0,
      0,
      0,
      0,
      0,
      0,
      1355,
      1355,
      1355,
      1355,
      1355,
      1355,
      1355,
      1355,
      0,
      0,
      0,
      0,
      0,
      0,
      0,
      0,
      0,
      0,
      0,
      0,
      0,
      0,
      0,
      1356,
      1356,
      1356,
      1356,
      1356,
      1356,
      0,
      0,
      0,
      0,
      0,
      0,
      0,
      0,
      0,
      0,
      0,
      0,
      0,
      1330,
      1330,
      1330,
      1380,
      1357,
      1357,
      1357,
      1357,
      1357,
      1357,
      1357,
      1348,
      1348,
      1348,
      1348,
      1348,
      1348,
      1348,
      1348,
      1376,
      1376,
      1376,
      1376,
      1376,
      1376,
      1376,
      1376,
      1376,
      1376,
      1331,
      1331,
      1331,
      1331,
      1331,
      1331,
      1331,
      1331,
      1331,
      1331,
      1331,
      1331,
      1331,
      1331,
      0,
      0,
      0,
      0,
      0,
      0,
      0,
      0,
      1325,
      1325,
      1325,
      1325,
      1325,
      1325,
      1325,
      1325,
      1325,
      1325,
      0,
      0,
      0,
      0,
      0,
      0,
      0,
      0,
      0,
      0,
      0,
      0,
      0,
      0,
      0,
      0,
      0,
      0,
      1334,
      1334,
      1334,
      1334,
      1334,
      1334,
      1334,
      1334,
      1334,
      1358,
      1358,
      1358,
      1358,
      1358,
      1358,
      1358,
      0,
      0,
      0,
      0,
      0,
      0,
      0,
      0,
      0,
      0,
      0,
      0,
      0,
      0,
      0,
      0,
      0,
      0,
      0,
      0,
      0,
      0,
      1360,
      1360,
      1360,
      1360,
      1360,
      1360,
      1360,
      1360,
      1360,
      1335,
      1335,
      1335,
      1335,
      1335,
      1359,
      1359,
      1359,
      1359,
      1359,
      1359,
      1359,
      1359,
      1359,
      1359,
      1359,
      1359,
      1359,
      1359,
      1344,
      1344,
      1344,
      1344,
      1344,
      1344,
      1344,
      1344,
      1344,
      1344,
      1349,
      1349,
      1349,
      1349,
      1349,
      0,
      0,
      0,
      0,
      0,
      0,
      0,
      0,
      0,
      0,
      0,
      0,
      0,
      0,
      0,
      0,
      0,
      0,
      0,
      0,
      0,
      0,
      0,
      0,
      0,
      0,
      0,
      0,
      0,
      0,
      0,
      0,
      0,
      0,
      0,
      0,
      0,
      0,
      0,
      0,
      0,
      0,
      0,
      0,
      0,
      0,
      0,
      0,
      0,
      0,
      0,
      0,
      0,
      0,
      0,
      0,
      1361,
      1361,
      1361,
      1351,
      1351,
      1351,
      1351,
      1351,
      1351,
      1365,
      1365,
      1365,
      1365,
      1337,
      1337,
      1337,
      1337,
      1337,
      1368,
      1368,
      1368,
      1368,
      1352,
      1352,
      1352,
      1352,
      1352,
      1352,
      1352,
      1352,
      1352,
      1366,
      1366,
      1366,
      1332,
      1332,
      1332,
      1332,
      1332,
      1332,
      1332,
      1353,
      1353,
      1353,
      1353,
      1353,
      1353,
      1353,
      1353,
      1353,
      1353,
      1353,
      1353,
      1353,
      1353,
      1353,
      1353,
      0,
      0,
      0,
      0,
      0,
      0,
      0,
      0,
      0,
      0,
      1370,
      1370,
      1370,
      1370,
      1370,
      1370,
      1370,
      1370,
      1370,
      1370,
      1370,
      1370,
      1370,
      1370,
      1370,
      1370,
      1370,
      1370,
      1322,
      1322,
      1370,
      1370,
      1370,
      1370,
      1370,
      1370,
      1362,
      1362,
      1310,
      0,
      0,
      0,
      0,
      0,
      0,
      0,
      0,
      0,
      0,
      0,
      0,
      0,
      0,
      0,
      0,
      0,
      0,
      0,
      0,
      0,
      0,
      0,
      0,
      0,
      0,
      0,
      0,
      0,
      0,
      0,
      0,
      0,
      0,
      0,
      0,
      0,
      0,
      0,
      0,
      0,
      0
    ],
    [
      1338,
      1338,
      1338,
      1338,
      1338,
      1338,
      1338,
      1338,
      1338,
      1338,
      1338,
      1338,
      0,
      0,
      0,
      0,
      0,
      0,
      0,
      0,
      1364,
      1364,
      1364,
      1364,
      1364,
      1364,
      1364,
      1364,
      1364,
      1345,
      1345,
      1345,
      1345,
      1345,
      1345,
      1345,
      1345,
      1345,
      1346,
      1346,
      1346,
      1347,
      1347,
      1347,
      1347,
      1347,
      1347,
      1347,
      1347,
      0,
      0,
      0,
      0,
      0,
      0,
      0,
      0,
      0,
      0,
      0,
      0,
      0,
      0,
      0,
      0,
      0,
      0,
      0,
      0,
      0,
      0,
      0,
      1350,
      1350,
      1350,
      1350,
      1379,
      1379,
      1379,
      1379,
      1379,
      1379,
      1354,
      1354,
      1354,
      1354,
      1354,
      1354,
      1354,
      0,
      0,
      0,
      0,
      0,
      0,
      0,
      0,
      0,
      0,
      0,
      0,
      0,
      0,
      0,
      0,
      0,
      0,
      0,
      0,
      0,
      0,
      0,
      0,
      0,
      0,
      0,
      1355,
      1355,
      1355,
      1355,
      1355,
      1355,
      1355,
      1355,
      0,
      0,
      0,
      0,
      0,
      0,
      0,
      0,
      0,
      0,
      0,
      0,
      0,
      0,
      0,
      1356,
      1356,
      1356,
      1356,
      1356,
      1356,
      0,
      0,
      0,
      0,
      0,
      0,
      0,
      0,
      0,
      0,
      0,
      0,
      0,
      1330,
      1380,
      1380,
      1380,
      1357,
      1357,
      1357,
      1357,
      1357,
      1357,
      1357,
      1348,
      1348,
      1348,
      1348,
      1348,
      1348,
      1348,
      1376,
      1376,
      1376,
      1376,
      1376,
      1376,
      1376,
      1376,
      1376,
      1376,
      1376,
      1331,
      1331,
      1331,
      1331,
      1331,
      1331,
      1331,
      1331,
      1331,
      1331,
      1331,
      1331,
      1331,
      1331,
      0,
      0,
      0,
      0,
      0,
      0,
      0,
      0,
      0,
      0,
      0,
      0,
      0,
      0,
      0,
      1325,
      1325,
      1325,
      0,
      0,
      0,
      0,
      0,
      0,
      0,
      0,
      0,
      0,
      0,
      0,
      0,
      0,
      0,
      0,
      0,
      0,
      1334,
      1334,
      1334,
      1334,
      1334,
      1334,
      1334,
      1334,
      1334,
      1358,
      1358,
      1358,
      1358,
      1358,
      1358,
      0,
      0,
      0,
      0,
      0,
      0,
      0,
      0,
      0,
      0,
      0,
      0,
      0,
      0,
      0,
      0,
      0,
      0,
      0,
      0,
      0,
      0,
      0,
      1360,
      1360,
      1360,
      1360,
      1360,
      1360,
      1360,
      1360,
      1360,
      1335,
      1335,
      1335,
      1335,
      1335,
      1359,
      1359,
      1359,
      1359,
      1359,
      1359,
      1359,
      1359,
      1359,
      1359,
      1359,
      1359,
      1359,
      1359,
      1344,
      1344,
      1344,
      1344,
      1344,
      1344,
      1344,
      1344,
      1344,
      1344,
      1344,
      1344,
      1344,
      1344,
      1344,
      0,
      0,
      0,
      0,
      0,
      0,
      0,
      0,
      0,
      0,
      0,
      0,
      0,
      0,
      0,
      0,
      0,
      0,
      0,
      0,
      0,
      0,
      0,
      0,
      0,
      0,
      0,
      0,
      0,
      0,
      0,
      0,
      0,
      0,
      0,
      0,
      0,
      0,
      0,
      0,
      0,
      0,
      0,
      0,
      0,
      0,
      0,
      0,
      0,
      0,
      0,
      0,
      0,
      0,
      0,
      0,
      1361,
      1361,
      1361,
      1361,
      1361,
      1361,
      1361,
      1361,
      1351,
      1365,
      1365,
      1365,
      1365,
      1337,
      1337,
      1337,
      1337,
      1368,
      1368,
      1368,
      1368,
      1368,
      1352,
      1352,
      1352,
      1352,
      1352,
      1352,
      1352,
      1352,
      1366,
      1366,
      1366,
      1366,
      1332,
      1332,
      1332,
      1332,
      1332,
      1332,
      1353,
      1353,
      1353,
      1353,
      1353,
      1353,
      1353,
      1353,
      1353,
      1353,
      1353,
      1353,
      1353,
      1353,
      1353,
      1353,
      1353,
      1369,
      1369,
      1369,
      1369,
      1369,
      1369,
      1369,
      1369,
      1369,
      1367,
      1370,
      1370,
      1370,
      1370,
      1370,
      1370,
      1370,
      1370,
      1370,
      1370,
      1370,
      1370,
      1370,
      1370,
      1370,
      1370,
      1370,
      1370,
      1370,
      1370,
      1370,
      1370,
      1370,
      1370,
      1370,
      1370,
      1362,
      1362,
      0,
      0,
      0,
      0,
      0,
      0,
      0,
      0,
      0,
      0,
      0,
      0,
      0,
      0,
      0,
      0,
      0,
      0,
      0,
      0,
      0,
      0,
      0,
      0,
      0,
      0,
      0,
      0,
      0,
      0,
      0,
      0,
      0,
      0,
      0,
      0,
      0,
      0,
      1373,
      1373,
      1373,
      1373,
      1373
    ],
    [
      1363,
      1363,
      1363,
      1363,
      1363,
      1363,
      1363,
      1363,
      1338,
      1338,
      1338,
      1338,
      0,
      0,
      0,
      0,
      0,
      0,
      0,
      0,
      1364,
      1364,
      1364,
      1364,
      1364,
      1364,
      1364,
      1364,
      1364,
      1364,
      1364,
      1345,
      1345,
      1345,
      1345,
      1345,
      1345,
      1374,
      1374,
      1374,
      1374,
      1374,
      1347,
      1347,
      1347,
      1347,
      1347,
      1347,
      1347,
      0,
      0,
      0,
      0,
      0,
      0,
      0,
      0,
      0,
      0,
      0,
      0,
      0,
      0,
      0,
      0,
      0,
      0,
      0,
      0,
      0,
      0,
      0,
      1350,
      1350,
      1350,
      1350,
      1379,
      1379,
      1379,
      1379,
      1379,
      1379,
      1354,
      1354,
      1354,
      1354,
      1354,
      1354,
      1354,
      0,
      0,
      0,
      0,
      0,
      0,
      0,
      0,
      0,
      0,
      0,
      0,
      0,
      0,
      0,
      0,
      0,
      0,
      0,
      0,
      0,
      0,
      0,
      0,
      0,
      0,
      0,
      1355,
      1355,
      1355,
      1355,
      1355,
      1355,
      1355,
      1355,
      0,
      0,
      0,
      0,
      0,
      0,
      0,
      0,
      0,
      0,
      0,
      0,
      0,
      0,
      0,
      1356,
      1356,
      1356,
      1356,
      1356,
      1356,
      0,
      0,
      0,
      0,
      0,
      0,
      0,
      0,
      0,
      0,
      0,
      0,
      1380,
      1380,
      1380,
      1380,
      1380,
      1357,
      1357,
      1357,
      1357,
      1357,
      1357,
      1357,
      1348,
      1348,
      1348,
      1348,
      1376,
      1376,
      1376,
      1376,
      1376,
      1376,
      1376,
      1376,
      1376,
      1376,
      1376,
      1376,
      1376,
      1376,
      1331,
      1331,
      1331,
      1331,
      1331,
      1331,
      1331,
      1331,
      1331,
      1331,
      1331,
      1331,
      1331,
      1331,
      0,
      0,
      0,
      0,
      0,
      0,
      0,
      0,
      0,
      0,
      0,
      0,
      0,
      0,
      0,
      0,
      1325,
      1325,
      0,
      0,
      0,
      0,
      0,
      0,
      0,
      0,
      0,
      0,
      0,
      0,
      0,
      0,
      0,
      0,
      0,
      0,
      0,
      0,
      0,
      0,
      0,
      0,
      0,
      0,
      1334,
      1358,
      1358,
      1358,
      1358,
      1358,
      1358,
      0,
      0,
      0,
      0,
      0,
      0,
      0,
      0,
      0,
      0,
      0,
      0,
      0,
      0,
      0,
      0,
      0,
      0,
      0,
      0,
      0,
      0,
      0,
      1360,
      1360,
      1360,
      1360,
      1360,
      1360,
      1360,
      1360,
      1360,
      1335,
      1335,
      1335,
      1335,
      1359,
      1359,
      1359,
      1359,
      1359,
      1359,
      1359,
      1359,
      1359,
      1359,
      1359,
      1359,
      1359,
      1359,
      1359,
      1344,
      1344,
      1344,
      1344,
      1344,
      1344,
      1344,
      1344,
      1344,
      1344,
      1344,
      0,
      0,
      0,
      0,
      0,
      0,
      0,
      0,
      0,
      0,
      0,
      0,
      0,
      0,
      0,
      0,
      0,
      0,
      0,
      0,
      0,
      0,
      0,
      0,
      0,
      0,
      0,
      0,
      0,
      0,
      0,
      0,
      0,
      0,
      0,
      0,
      0,
      0,
      0,
      0,
      0,
      0,
      0,
      0,
      0,
      0,
      0,
      0,
      0,
      0,
      0,
      0,
      0,
      0,
      0,
      0,
      0,
      0,
      0,
      0,
      1361,
      1361,
      1361,
      1361,
      1361,
      1361,
      1361,
      1361,
      1365,
      1365,
      1365,
      1365,
      1365,
      1365,
      1365,
      1365,
      1368,
      1368,
      1368,
      1368,
      1368,
      1368,
      1352,
      1352,
      1352,
      1352,
      1352,
      1352,
      1352,
      1352,
      1366,
      1366,
      1366,
      1366,
      1332,
      1332,
      1332,
      1332,
      1332,
      1332,
      1353,
      1353,
      1353,
      1353,
      1353,
      1353,
      1353,
      1353,
      1353,
      1353,
      1353,
      1353,
      1353,
      1369,
      1369,
      1369,
      1369,
      1369,
      1369,
      1369,
      1369,
      1369,
      1369,
      1369,
      1369,
      0,
      1367,
      1367,
      1370,
      1370,
      1370,
      1370,
      1370,
      1370,
      1370,
      1370,
      1370,
      1370,
      1370,
      1370,
      1370,
      1370,
      1370,
      1370,
      1370,
      1370,
      1370,
      1370,
      1370,
      1370,
      1370,
      1370,
      1370,
      1362,
      1362,
      1362,
      1362,
      1362,
      1362,
      1362,
      1362,
      1362,
      1362,
      0,
      0,
      0,
      0,
      0,
      0,
      0,
      0,
      0,
      0,
      0,
      0,
      0,
      0,
      0,
      0,
      0,
      0,
      0,
      0,
      0,
      0,
      0,
      0,
      0,
      0,
      0,
      0,
      0,
      1373,
      1373,
      1373,
      1373,
      1373,
      1373
    ],
    [
      1363,
      1363,
      1363,
      1363,
      1363,
      1363,
      1363,
      1363,
      1338,
      1338,
      1338,
      1338,
      0,
      0,
      0,
      0,
      0,
      0,
      0,
      0,
      1364,
      1364,
      1364,
      1364,
      1364,
      1364,
      1364,
      1364,
      1364,
      1364,
      1364,
      1364,
      1364,
      1374,
      1374,
      1374,
      1374,
      1374,
      1374,
      1374,
      1374,
      1374,
      1374,
      0,
      0,
      0,
      0,
      0,
      0,
      0,
      0,
      0,
      0,
      0,
      0,
      0,
      0,
      0,
      0,
      0,
      0,
      0,
      0,
      0,
      0,
      0,
      0,
      0,
      0,
      0,
      0,
      0,
      1350,
      1350,
      1350,
      1350,
      1379,
      1379,
      1379,
      1379,
      1379,
      1379,
      1354,
      1354,
      1354,
      1354,
      1354,
      1354,
      1354,
      0,
      0,
      0,
      0,
      0,
      0,
      0,
      0,
      0,
      0,
      0,
      0,
      0,
      0,
      0,
      0,
      0,
      0,
      0,
      0,
      0,
      0,
      0,
      0,
      0,
      0,
      1375,
      1375,
      1375,
      1375,
      1375,
      1355,
      1355,
      1355,
      1355,
      0,
      0,
      0,
      0,
      0,
      0,
      0,
      0,
      0,
      0,
      0,
      0,
      0,
      0,
      0,
      1356,
      1356,
      1356,
      1356,
      1356,
      1356,
      0,
      0,
      0,
      0,
      0,
      0,
      0,
      0,
      0,
      0,
      0,
      0,
      1380,
      1380,
      1380,
      1380,
      1380,
      1357,
      1357,
      1357,
      1357,
      1357,
      1357,
      1357,
      1348,
      1348,
      1376,
      1376,
      1376,
      1376,
      1376,
      1376,
      1376,
      1376,
      1376,
      1376,
      1376,
      1376,
      1376,
      1376,
      1376,
      1376,
      1331,
      1331,
      1331,
      1331,
      1331,
      1331,
      1331,
      1331,
      1331,
      0,
      0,
      0,
      0,
      0,
      0,
      0,
      0,
      0,
      0,
      0,
      0,
      0,
      0,
      0,
      0,
      0,
      0,
      0,
      0,
      0,
      1371,
      1325,
      0,
      0,
      0,
      0,
      0,
      0,
      0,
      0,
      0,
      0,
      0,
      0,
      0,
      0,
      0,
      0,
      0,
      0,
      0,
      0,
      0,
      0,
      0,
      0,
      0,
      0,
      1358,
      1358,
      1358,
      1358,
      1358,
      1358,
      1358,
      0,
      0,
      0,
      0,
      0,
      0,
      0,
      0,
      0,
      0,
      0,
      0,
      0,
      0,
      0,
      0,
      0,
      0,
      0,
      0,
      0,
      0,
      0,
      1360,
      1360,
      1360,
      1360,
      1360,
      1360,
      1360,
      1360,
      1360,
      1335,
      1335,
      1335,
      1359,
      1359,
      1359,
      1359,
      1359,
      1359,
      1359,
      1359,
      1359,
      1359,
      1359,
      1359,
      1359,
      1359,
      1359,
      1359,
      1344,
      1344,
      1344,
      1344,
      1344,
      1344,
      1344,
      1344,
      1344,
      1344,
      0,
      0,
      0,
      0,
      0,
      0,
      0,
      0,
      0,
      0,
      0,
      0,
      0,
      0,
      0,
      0,
      0,
      0,
      0,
      0,
      0,
      0,
      0,
      0,
      0,
      0,
      0,
      0,
      0,
      0,
      0,
      0,
      0,
      0,
      0,
      0,
      0,
      0,
      0,
      0,
      0,
      0,
      0,
      0,
      0,
      0,
      0,
      0,
      0,
      0,
      0,
      0,
      0,
      0,
      0,
      0,
      0,
      0,
      0,
      0,
      0,
      1361,
      1361,
      1361,
      1361,
      1361,
      1361,
      1365,
      1365,
      1365,
      1365,
      1365,
      1365,
      1365,
      1365,
      1365,
      1368,
      1368,
      1368,
      1368,
      1368,
      1368,
      1368,
      1368,
      1366,
      1366,
      1366,
      1366,
      1366,
      1366,
      1366,
      1366,
      1366,
      1366,
      1366,
      1366,
      1366,
      1332,
      1332,
      1332,
      1332,
      1353,
      1353,
      1353,
      1353,
      1353,
      1353,
      1353,
      1353,
      1353,
      1353,
      1377,
      1377,
      1377,
      1377,
      1377,
      1377,
      1377,
      1377,
      1377,
      1369,
      1369,
      1369,
      1369,
      1369,
      0,
      0,
      1367,
      1367,
      1367,
      1367,
      1367,
      1367,
      1367,
      1367,
      1367,
      1370,
      1370,
      1370,
      1370,
      1370,
      1370,
      1370,
      1370,
      1370,
      1370,
      1370,
      1370,
      1370,
      1370,
      1370,
      1370,
      1370,
      1370,
      1362,
      1362,
      1362,
      1362,
      1362,
      1362,
      1362,
      1362,
      1362,
      1362,
      1362,
      0,
      0,
      0,
      0,
      0,
      0,
      0,
      0,
      0,
      0,
      0,
      0,
      0,
      0,
      0,
      0,
      0,
      0,
      0,
      0,
      0,
      0,
      0,
      0,
      0,
      0,
      0,
      0,
      1373,
      1373,
      1373,
      1373,
      1373,
      1373
    ],
    [
      1363,
      1363,
      1363,
      1363,
      1363,
      1363,
      1363,
      1363,
      1338,
      1338,
      1338,
      1338,
      0,
      0,
      0,
      0,
      0,
      0,
      0,
      0,
      1364,
      1364,
      1364,
      1364,
      1364,
      1364,
      1364,
      1364,
      1364,
      1364,
      1364,
      1364,
      1364,
      1364,
      1364,
      1374,
      1374,
      1374,
      1374,
      1374,
      1374,
      1374,
      1374,
      0,
      0,
      0,
      0,
      0,
      0,
      0,
      0,
      0,
      0,
      0,
      0,
      0,
      0,
      0,
      0,
      0,
      0,
      0,
      0,
      0,
      0,
      0,
      0,
      0,
      0,
      0,
      0,
      0,
      1350,
      1350,
      1350,
      1350,
      1379,
      1379,
      1379,
      1379,
      1379,
      1379,
      1354,
      1354,
      1354,
      1354,
      1354,
      1354,
      1354,
      0,
      0,
      0,
      0,
      0,
      0,
      0,
      0,
      0,
      0,
      0,
      0,
      0,
      0,
      0,
      0,
      0,
      0,
      0,
      0,
      0,
      0,
      0,
      0,
      0,
      0,
      1375,
      1375,
      1375,
      1375,
      1375,
      1355,
      1355,
      1355,
      1355,
      0,
      0,
      0,
      0,
      0,
      0,
      0,
      0,
      0,
      0,
      0,
      0,
      0,
      0,
      1385,
      1385,
      1385,
      1385,
      1386,
      1386,
      1386,
      1386,
      0,
      0,
      0,
      0,
      0,
      0,
      0,
      0,
      0,
      1380,
      1380,
      1380,
      1380,
      1380,
      1380,
      1380,
      1357,
      1357,
      1357,
      1357,
      1357,
      1357,
      1357,
      1348,
      1400,
      1400,
      1376,
      1376,
      1376,
      1376,
      1376,
      1376,
      1376,
      1376,
      1376,
      1376,
      1376,
      1376,
      1376,
      1376,
      1331,
      1331,
      1331,
      1331,
      1331,
      1331,
      1331,
      1331,
      1331,
      0,
      0,
      0,
      0,
      0,
      0,
      0,
      0,
      0,
      0,
      0,
      0,
      0,
      0,
      0,
      1371,
      1371,
      1371,
      1371,
      1371,
      1371,
      1371,
      1371,
      0,
      0,
      0,
      0,
      0,
      0,
      0,
      0,
      0,
      0,
      0,
      0,
      0,
      0,
      0,
      0,
      0,
      0,
      0,
      0,
      0,
      0,
      0,
      0,
      0,
      0,
      1382,
      1382,
      1382,
      1382,
      1382,
      1382,
      1382,
      1382,
      0,
      0,
      0,
      0,
      0,
      0,
      0,
      0,
      0,
      0,
      0,
      0,
      0,
      0,
      0,
      0,
      0,
      0,
      0,
      0,
      1390,
      1390,
      0,
      1360,
      1360,
      1360,
      1360,
      1360,
      1360,
      1360,
      1360,
      1360,
      1335,
      0,
      0,
      0,
      0,
      0,
      0,
      1359,
      1359,
      1359,
      1359,
      1359,
      1359,
      1359,
      1359,
      1359,
      1359,
      1359,
      1344,
      1344,
      1344,
      1344,
      1344,
      1344,
      1344,
      1344,
      0,
      0,
      0,
      0,
      0,
      0,
      0,
      0,
      0,
      0,
      0,
      0,
      0,
      0,
      0,
      0,
      0,
      0,
      0,
      0,
      0,
      0,
      0,
      0,
      0,
      0,
      0,
      0,
      0,
      0,
      0,
      0,
      0,
      0,
      0,
      0,
      0,
      0,
      0,
      0,
      0,
      0,
      0,
      0,
      0,
      0,
      0,
      0,
      0,
      0,
      0,
      0,
      0,
      0,
      0,
      0,
      0,
      0,
      0,
      0,
      0,
      0,
      0,
      0,
      1361,
      1361,
      1361,
      1361,
      1361,
      1365,
      1365,
      1365,
      1365,
      1365,
      1365,
      1365,
      1365,
      1365,
      1365,
      1368,
      1368,
      1368,
      1368,
      1368,
      1368,
      1368,
      1368,
      1368,
      1366,
      1366,
      1366,
      1366,
      1366,
      1366,
      1366,
      1366,
      1366,
      1366,
      1366,
      1366,
      1366,
      1332,
      1332,
      1332,
      1353,
      1353,
      1353,
      1353,
      1353,
      1353,
      1353,
      1353,
      1353,
      1377,
      1377,
      1377,
      1377,
      1377,
      1377,
      1377,
      1377,
      1377,
      1377,
      1369,
      1369,
      1369,
      1369,
      1369,
      0,
      0,
      1367,
      1367,
      1367,
      1367,
      1367,
      1367,
      1367,
      1367,
      1367,
      1370,
      1370,
      1370,
      1370,
      1370,
      1370,
      1370,
      1370,
      1370,
      1370,
      1370,
      1370,
      1370,
      1370,
      1370,
      1370,
      1362,
      1362,
      1362,
      1362,
      1362,
      1362,
      1362,
      1362,
      1362,
      1362,
      1362,
      1362,
      1362,
      1362,
      1372,
      1372,
      1372,
      1372,
      1372,
      1372,
      1372,
      1372,
      1372,
      1372,
      1372,
      1372,
      1372,
      1372,
      0,
      0,
      0,
      0,
      0,
      0,
      0,
      0,
      0,
      0,
      0,
      0,
      0,
      1373,
      1373,
      1373,
      1373,
      1373,
      1373
    ],
    [
      1363,
      1363,
      1363,
      1363,
      1363,
      1363,
      1363,
      1363,
      1338,
      1393,
      1393,
      0,
      0,
      0,
      0,
      0,
      0,
      0,
      0,
      0,
      1364,
      1364,
      1364,
      1364,
      1364,
      1364,
      1364,
      1364,
      1364,
      1364,
      1364,
      1374,
      1374,
      1374,
      1374,
      1374,
      1374,
      1374,
      1374,
      1374,
      1374,
      1374,
      1374,
      1374,
      1374,
      1374,
      1374,
      1374,
      1374,
      0,
      0,
      0,
      0,
      0,
      0,
      0,
      0,
      0,
      0,
      0,
      0,
      0,
      0,
      0,
      0,
      0,
      0,
      0,
      0,
      0,
      0,
      0,
      1350,
      1350,
      1350,
      1350,
      1379,
      1379,
      1379,
      1379,
      1379,
      1379,
      1379,
      1379,
      1379,
      1379,
      1379,
      1379,
      0,
      0,
      0,
      0,
      0,
      0,
      0,
      0,
      0,
      0,
      0,
      0,
      0,
      0,
      0,
      0,
      0,
      0,
      0,
      0,
      0,
      0,
      1384,
      1384,
      1384,
      1384,
      1384,
      1375,
      1375,
      1375,
      1375,
      1375,
      1355,
      1355,
      1355,
      1355,
      0,
      0,
      0,
      0,
      0,
      0,
      0,
      0,
      0,
      0,
      0,
      0,
      0,
      0,
      1385,
      1385,
      1385,
      1385,
      1386,
      1386,
      1386,
      1386,
      0,
      0,
      0,
      0,
      0,
      0,
      0,
      0,
      0,
      1380,
      1380,
      1380,
      1380,
      1380,
      1380,
      1380,
      1357,
      1357,
      1357,
      1357,
      1357,
      1357,
      1357,
      1348,
      1400,
      1400,
      1376,
      1376,
      1376,
      1376,
      1376,
      1376,
      1376,
      1376,
      1376,
      1376,
      1376,
      1376,
      1376,
      1376,
      1376,
      1376,
      1331,
      1331,
      1331,
      1331,
      1331,
      1331,
      0,
      0,
      0,
      0,
      0,
      0,
      0,
      0,
      0,
      0,
      0,
      0,
      0,
      0,
      0,
      0,
      1371,
      1371,
      1371,
      1371,
      1371,
      1371,
      1371,
      1371,
      0,
      0,
      0,
      0,
      0,
      0,
      0,
      0,
      0,
      0,
      0,
      0,
      0,
      0,
      0,
      0,
      0,
      0,
      0,
      0,
      0,
      0,
      0,
      0,
      0,
      0,
      1382,
      1382,
      1382,
      1382,
      1382,
      1382,
      1382,
      1382,
      0,
      0,
      0,
      0,
      0,
      0,
      0,
      0,
      0,
      0,
      0,
      0,
      0,
      0,
      0,
      0,
      0,
      0,
      0,
      0,
      1390,
      1390,
      1390,
      1360,
      1360,
      1360,
      1360,
      1360,
      1360,
      1360,
      1360,
      1360,
      0,
      0,
      0,
      0,
      0,
      0,
      0,
      1359,
      1359,
      1359,
      1359,
      1359,
      1359,
      1359,
      1359,
      1359,
      1383,
      1383,
      1383,
      1383,
      1383,
      1383,
      1383,
      1344,
      1344,
      1344,
      0,
      0,
      0,
      0,
      0,
      0,
      0,
      0,
      0,
      0,
      0,
      0,
      0,
      0,
      0,
      0,
      0,
      0,
      0,
      0,
      0,
      0,
      0,
      0,
      0,
      0,
      0,
      0,
      0,
      0,
      0,
      0,
      0,
      0,
      0,
      0,
      0,
      0,
      0,
      0,
      0,
      0,
      0,
      0,
      0,
      0,
      0,
      0,
      0,
      0,
      0,
      0,
      0,
      0,
      0,
      0,
      0,
      0,
      0,
      0,
      0,
      0,
      1397,
      1361,
      1361,
      1361,
      1361,
      1361,
      1361,
      1387,
      1387,
      1387,
      1387,
      1387,
      1387,
      1365,
      1365,
      1387,
      1387,
      1368,
      1368,
      1368,
      1368,
      1368,
      1368,
      1368,
      1368,
      1368,
      1368,
      1366,
      1366,
      1366,
      1366,
      1366,
      1366,
      1366,
      1366,
      1366,
      1366,
      1366,
      1366,
      1332,
      1332,
      1332,
      1353,
      1353,
      1353,
      1353,
      1353,
      1353,
      1353,
      1353,
      1353,
      1377,
      1377,
      1377,
      1377,
      1377,
      1377,
      1377,
      1377,
      1377,
      1377,
      1369,
      1369,
      1369,
      1369,
      1369,
      0,
      0,
      1367,
      1367,
      1367,
      1367,
      1367,
      1367,
      1367,
      1367,
      1367,
      1370,
      1370,
      1370,
      1370,
      1370,
      1370,
      1370,
      1370,
      1370,
      1370,
      1370,
      1370,
      1370,
      1370,
      1370,
      1362,
      1362,
      1362,
      1362,
      1362,
      1362,
      1362,
      1362,
      1378,
      1378,
      1378,
      1378,
      1378,
      1378,
      1378,
      1378,
      1372,
      1372,
      1372,
      1372,
      1372,
      1372,
      1372,
      1372,
      1372,
      1372,
      1372,
      1372,
      1372,
      1372,
      0,
      0,
      0,
      0,
      0,
      0,
      0,
      0,
      0,
      0,
      0,
      0,
      1373,
      1373,
      1373,
      1373,
      1373,
      1373
    ],
    [
      1363,
      1363,
      1363,
      1363,
      1363,
      1363,
      1363,
      1363,
      1393,
      1393,
      1393,
      0,
      0,
      0,
      0,
      0,
      0,
      1364,
      1364,
      1364,
      1364,
      1364,
      1364,
      1364,
      1364,
      1364,
      1364,
      1364,
      1364,
      1364,
      1374,
      1374,
      1374,
      1374,
      1374,
      1374,
      1374,
      1374,
      1374,
      1374,
      1374,
      1374,
      1374,
      1374,
      1374,
      1374,
      1374,
      1374,
      1374,
      0,
      0,
      0,
      0,
      0,
      0,
      0,
      0,
      0,
      1402,
      1402,
      1402,
      1402,
      0,
      0,
      0,
      0,
      0,
      0,
      0,
      0,
      0,
      0,
      1350,
      1379,
      1379,
      1379,
      1379,
      1379,
      1379,
      1379,
      1379,
      1379,
      1379,
      1379,
      1379,
      1379,
      1379,
      0,
      0,
      0,
      0,
      0,
      0,
      0,
      0,
      0,
      0,
      0,
      0,
      0,
      0,
      0,
      0,
      0,
      0,
      0,
      0,
      0,
      0,
      1384,
      1384,
      1384,
      1384,
      1384,
      1384,
      1375,
      1375,
      1375,
      1375,
      1375,
      1355,
      1355,
      1355,
      1355,
      0,
      0,
      0,
      0,
      0,
      0,
      0,
      0,
      0,
      0,
      0,
      0,
      0,
      0,
      1385,
      1385,
      1385,
      1385,
      1386,
      1386,
      1386,
      1386,
      1386,
      1380,
      1380,
      1380,
      1380,
      1380,
      1380,
      1380,
      1380,
      1380,
      1380,
      1380,
      1380,
      1380,
      1380,
      1380,
      1380,
      1357,
      1357,
      1357,
      1357,
      1357,
      1357,
      1400,
      1400,
      1400,
      1376,
      1376,
      1376,
      1376,
      1376,
      1376,
      1376,
      1376,
      1376,
      1376,
      1376,
      1376,
      1376,
      1376,
      1376,
      1376,
      1331,
      1331,
      1331,
      1331,
      1381,
      0,
      0,
      0,
      0,
      0,
      0,
      0,
      0,
      0,
      0,
      0,
      0,
      0,
      0,
      0,
      0,
      0,
      1371,
      1371,
      1371,
      1371,
      1371,
      1371,
      1371,
      1371,
      0,
      0,
      0,
      0,
      0,
      0,
      0,
      0,
      0,
      0,
      0,
      0,
      0,
      0,
      0,
      0,
      0,
      0,
      0,
      0,
      0,
      0,
      1382,
      1382,
      1382,
      1382,
      1382,
      1382,
      1382,
      1382,
      1382,
      1382,
      1382,
      1382,
      0,
      0,
      0,
      0,
      0,
      0,
      0,
      0,
      0,
      0,
      0,
      0,
      0,
      0,
      0,
      0,
      0,
      0,
      0,
      0,
      1390,
      1390,
      1390,
      1360,
      1360,
      1360,
      1360,
      1360,
      1360,
      1360,
      1360,
      0,
      0,
      0,
      0,
      0,
      0,
      0,
      0,
      1359,
      1359,
      1359,
      1359,
      1359,
      1359,
      1359,
      1359,
      1383,
      1383,
      1383,
      1383,
      1383,
      1383,
      1383,
      1383,
      1344,
      1344,
      1344,
      0,
      0,
      0,
      0,
      0,
      0,
      0,
      0,
      0,
      0,
      0,
      0,
      0,
      0,
      0,
      0,
      0,
      0,
      0,
      0,
      0,
      0,
      0,
      0,
      0,
      0,
      0,
      0,
      0,
      0,
      0,
      0,
      0,
      0,
      0,
      0,
      0,
      0,
      0,
      0,
      0,
      0,
      0,
      0,
      0,
      0,
      0,
      0,
      0,
      0,
      0,
      0,
      0,
      0,
      0,
      0,
      0,
      0,
      0,
      0,
      1397,
      1397,
      1397,
      1361,
      1361,
      1361,
      1361,
      1361,
      1361,
      1387,
      1387,
      1387,
      1387,
      1387,
      1387,
      1365,
      1387,
      1387,
      1387,
      1368,
      1368,
      1368,
      1368,
      1368,
      1368,
      1368,
      1368,
      1368,
      1368,
      1366,
      1366,
      1366,
      1366,
      1366,
      1366,
      1366,
      1366,
      1366,
      1366,
      1366,
      1366,
      1332,
      1332,
      1332,
      1353,
      1353,
      1353,
      1353,
      1353,
      1353,
      1353,
      0,
      0,
      1377,
      1377,
      1377,
      1377,
      1377,
      1377,
      1377,
      1377,
      1377,
      1377,
      1369,
      1369,
      1369,
      1369,
      1369,
      0,
      0,
      1367,
      1367,
      1367,
      1367,
      1367,
      1367,
      1367,
      1367,
      1367,
      1370,
      1370,
      1370,
      1370,
      1370,
      1370,
      1370,
      1370,
      1370,
      1370,
      1370,
      1370,
      1370,
      1370,
      1391,
      1391,
      1391,
      1391,
      1391,
      1362,
      1362,
      1362,
      1362,
      1378,
      1378,
      1378,
      1378,
      1378,
      1378,
      1378,
      1378,
      1372,
      1372,
      1372,
      1372,
      1372,
      1372,
      1372,
      1372,
      1372,
      1372,
      1372,
      1372,
      1372,
      1372,
      1372,
      0,
      0,
      0,
      0,
      0,
      0,
      0,
      0,
      0,
      0,
      0,
      1373,
      1373,
      1373,
      1373,
      1373,
      1373
    ],
    [
      1363,
      1363,
      1363,
      1363,
      1363,
      1363,
      1363,
      1363,
      1393,
      1393,
      1393,
      0,
      0,
      0,
      0,
      0,
      0,
      1364,
      1364,
      1364,
      1364,
      1364,
      1364,
      1364,
      1364,
      1364,
      1364,
      1364,
      1364,
      1374,
      1374,
      1374,
      1374,
      1374,
      1374,
      1374,
      1374,
      1374,
      1374,
      1374,
      1374,
      1374,
      1374,
      1374,
      1374,
      1374,
      1374,
      1374,
      1374,
      0,
      0,
      0,
      0,
      0,
      0,
      0,
      0,
      1402,
      1402,
      1402,
      1402,
      1402,
      1402,
      1424,
      0,
      0,
      0,
      0,
      0,
      0,
      0,
      0,
      1379,
      1379,
      1379,
      1379,
      1379,
      1379,
      1379,
      1379,
      1379,
      1379,
      1379,
      1379,
      1379,
      1379,
      0,
      0,
      0,
      0,
      0,
      0,
      0,
      0,
      0,
      0,
      0,
      0,
      0,
      0,
      0,
      0,
      0,
      0,
      0,
      0,
      0,
      0,
      1384,
      1384,
      1384,
      1384,
      1384,
      1384,
      1384,
      1375,
      1375,
      1375,
      1375,
      1375,
      1355,
      1355,
      1409,
      1409,
      1409,
      1409,
      0,
      0,
      0,
      0,
      0,
      0,
      0,
      0,
      0,
      0,
      0,
      1385,
      1385,
      1385,
      1385,
      1385,
      1386,
      1386,
      1386,
      1386,
      1386,
      1386,
      1386,
      1380,
      1380,
      1380,
      1380,
      1380,
      1380,
      1380,
      1380,
      1380,
      1380,
      1380,
      1380,
      1380,
      1380,
      1380,
      1380,
      1380,
      1380,
      1400,
      1400,
      1400,
      1400,
      1400,
      1376,
      1376,
      1376,
      1376,
      1376,
      1376,
      1376,
      1376,
      1376,
      1376,
      1376,
      1376,
      1376,
      1376,
      1376,
      1376,
      1331,
      1331,
      1331,
      1381,
      1381,
      1381,
      1381,
      1381,
      1381,
      1381,
      1381,
      1381,
      1381,
      0,
      0,
      0,
      0,
      0,
      0,
      0,
      0,
      0,
      1371,
      1371,
      1371,
      1371,
      1371,
      1371,
      1371,
      1371,
      0,
      0,
      0,
      0,
      0,
      0,
      1395,
      1395,
      1395,
      1395,
      1395,
      1395,
      0,
      0,
      0,
      0,
      0,
      0,
      0,
      0,
      0,
      0,
      1382,
      1382,
      1382,
      1382,
      1382,
      1382,
      1382,
      1382,
      1382,
      1382,
      1382,
      1382,
      0,
      0,
      0,
      0,
      0,
      0,
      0,
      0,
      0,
      0,
      0,
      0,
      0,
      0,
      0,
      0,
      0,
      0,
      0,
      0,
      1390,
      1390,
      1390,
      1390,
      1390,
      1390,
      1390,
      1390,
      1390,
      1390,
      0,
      0,
      0,
      0,
      0,
      0,
      0,
      0,
      0,
      0,
      0,
      1359,
      1359,
      1359,
      1359,
      1359,
      1383,
      1383,
      1383,
      1383,
      1383,
      1383,
      1383,
      1383,
      1383,
      1344,
      1344,
      1344,
      0,
      0,
      0,
      0,
      0,
      0,
      0,
      0,
      0,
      0,
      0,
      0,
      0,
      0,
      0,
      0,
      0,
      0,
      0,
      0,
      0,
      0,
      0,
      0,
      0,
      0,
      0,
      0,
      0,
      0,
      0,
      0,
      0,
      0,
      0,
      1396,
      1396,
      1396,
      1396,
      1396,
      0,
      0,
      0,
      0,
      0,
      0,
      0,
      0,
      0,
      0,
      0,
      0,
      0,
      0,
      0,
      0,
      0,
      0,
      0,
      1397,
      1397,
      1397,
      1397,
      1361,
      1361,
      1361,
      1361,
      1361,
      1361,
      1387,
      1387,
      1387,
      1387,
      1387,
      1387,
      1387,
      1387,
      1387,
      1387,
      1368,
      1368,
      1368,
      1368,
      1368,
      1368,
      1368,
      1368,
      1368,
      1368,
      1368,
      1368,
      1368,
      1366,
      1366,
      1366,
      1366,
      1366,
      1366,
      1366,
      1366,
      1366,
      0,
      1332,
      1332,
      1353,
      1353,
      1353,
      1353,
      0,
      0,
      0,
      0,
      0,
      1377,
      1377,
      1377,
      1377,
      1377,
      1377,
      1377,
      1377,
      1377,
      1377,
      1369,
      1369,
      1369,
      1369,
      1369,
      0,
      0,
      1367,
      1367,
      1367,
      1367,
      1367,
      1367,
      1367,
      1367,
      1370,
      1370,
      1370,
      1370,
      1370,
      1370,
      1370,
      1370,
      1370,
      1370,
      1370,
      1370,
      1370,
      1391,
      1391,
      1391,
      1391,
      1391,
      1391,
      1391,
      1391,
      1362,
      1362,
      1362,
      1378,
      1378,
      1378,
      1378,
      1378,
      1378,
      1378,
      1378,
      1372,
      1372,
      1372,
      1372,
      1372,
      1372,
      1372,
      1372,
      1372,
      1392,
      1392,
      1392,
      1392,
      1392,
      1392,
      1392,
      0,
      0,
      0,
      0,
      0,
      0,
      0,
      0,
      0,
      0,
      1373,
      1373,
      1373,
      1373,
      1373,
      1373
    ],
    [
      1393,
      1393,
      1393,
      1393,
      1393,
      1393,
      1393,
      1393,
      1393,
      1393,
      1393,
      0,
      0,
      0,
      0,
      0,
      0,
      0,
      0,
      0,
      0,
      0,
      0,
      0,
      0,
      0,
      0,
      0,
      0,
      0,
      0,
      1374,
      1374,
      1374,
      1374,
      1374,
      1374,
      1374,
      1374,
      1374,
      1374,
      1374,
      1374,
      1374,
      1401,
      1401,
      1401,
      1401,
      1401,
      1401,
      1401,
      1401,
      0,
      0,
      0,
      0,
      1402,
      1402,
      1402,
      1402,
      1402,
      1402,
      1402,
      1424,
      1424,
      1424,
      0,
      0,
      0,
      0,
      0,
      0,
      1379,
      1379,
      1379,
      1379,
      1379,
      1379,
      1379,
      1379,
      1379,
      1379,
      1379,
      1379,
      1379,
      0,
      0,
      0,
      0,
      0,
      0,
      0,
      0,
      0,
      0,
      0,
      0,
      0,
      0,
      0,
      0,
      0,
      0,
      0,
      0,
      0,
      1384,
      1384,
      1384,
      1384,
      1384,
      1384,
      1384,
      1384,
      1384,
      1375,
      1375,
      1375,
      1375,
      1375,
      1355,
      1355,
      1409,
      1409,
      1409,
      1409,
      1409,
      0,
      0,
      0,
      0,
      0,
      0,
      0,
      0,
      1385,
      1385,
      1385,
      1385,
      1385,
      1385,
      1385,
      1385,
      1386,
      1386,
      1386,
      1386,
      1386,
      1386,
      1380,
      1380,
      1380,
      1380,
      1380,
      1380,
      1380,
      1380,
      1380,
      1380,
      1380,
      1380,
      1380,
      1380,
      1380,
      1380,
      1380,
      1380,
      1400,
      1400,
      1400,
      1400,
      1400,
      1400,
      1400,
      1376,
      1376,
      1376,
      1376,
      1376,
      1376,
      1376,
      1376,
      1376,
      1376,
      1376,
      1376,
      1376,
      1376,
      1331,
      1331,
      1425,
      1381,
      1381,
      1381,
      1381,
      1381,
      1381,
      1381,
      1381,
      1381,
      1381,
      0,
      0,
      0,
      0,
      0,
      0,
      0,
      0,
      0,
      1371,
      1371,
      1371,
      1371,
      1371,
      1371,
      1371,
      1371,
      0,
      0,
      0,
      0,
      0,
      0,
      1395,
      1395,
      1395,
      1395,
      1395,
      1395,
      1395,
      1395,
      0,
      0,
      0,
      0,
      0,
      0,
      0,
      0,
      1382,
      1382,
      1382,
      1382,
      1382,
      1382,
      1382,
      1382,
      1382,
      1382,
      1382,
      1382,
      0,
      0,
      0,
      0,
      0,
      0,
      0,
      0,
      0,
      0,
      0,
      0,
      0,
      0,
      0,
      0,
      0,
      0,
      0,
      0,
      1390,
      1390,
      1390,
      1390,
      1390,
      1390,
      1390,
      1390,
      0,
      0,
      0,
      0,
      0,
      0,
      0,
      0,
      0,
      0,
      0,
      0,
      0,
      1359,
      1359,
      1359,
      1359,
      1359,
      1383,
      1383,
      1383,
      1383,
      1383,
      1383,
      1383,
      1383,
      1383,
      1344,
      1344,
      1344,
      1412,
      0,
      0,
      0,
      0,
      0,
      0,
      0,
      0,
      0,
      0,
      0,
      0,
      0,
      0,
      0,
      0,
      0,
      0,
      0,
      1406,
      1406,
      1406,
      1406,
      1406,
      1406,
      0,
      0,
      0,
      0,
      0,
      0,
      0,
      0,
      0,
      1396,
      1396,
      1396,
      1396,
      1396,
      0,
      0,
      0,
      0,
      0,
      0,
      0,
      0,
      0,
      0,
      0,
      0,
      0,
      0,
      0,
      0,
      0,
      0,
      1397,
      1397,
      1397,
      1397,
      1397,
      1361,
      1361,
      1361,
      1361,
      1361,
      1387,
      1387,
      1387,
      1387,
      1387,
      1387,
      1387,
      1387,
      1387,
      1387,
      1387,
      1387,
      1388,
      1388,
      1388,
      1388,
      1398,
      1398,
      1398,
      1398,
      1398,
      1398,
      1398,
      1398,
      1366,
      1366,
      1366,
      1366,
      1366,
      1366,
      1366,
      1366,
      1366,
      0,
      0,
      0,
      0,
      0,
      0,
      0,
      0,
      0,
      0,
      0,
      0,
      1377,
      1377,
      1377,
      1377,
      1377,
      1377,
      1377,
      1377,
      1377,
      1377,
      1369,
      1369,
      1369,
      0,
      0,
      0,
      0,
      0,
      0,
      1370,
      1370,
      1370,
      1370,
      1370,
      1370,
      1370,
      1370,
      1370,
      1370,
      1370,
      1370,
      1370,
      1370,
      1370,
      1370,
      1370,
      1370,
      1391,
      1391,
      1391,
      1391,
      1391,
      1391,
      1391,
      1391,
      1391,
      1362,
      1362,
      1362,
      1378,
      1378,
      1378,
      1378,
      1378,
      1378,
      1378,
      1378,
      1372,
      1372,
      1372,
      1372,
      1372,
      1372,
      1372,
      1372,
      1372,
      1392,
      1392,
      1392,
      1392,
      1392,
      1392,
      1392,
      1419,
      0,
      0,
      0,
      0,
      0,
      0,
      0,
      0,
      0,
      1373,
      1373,
      1373,
      1373,
      1373,
      1373
    ],
    [
      1393,
      1393,
      1393,
      1393,
      1393,
      1393,
      1393,
      1393,
      1393,
      1393,
      1393,
      0,
      0,
      0,
      0,
      0,
      0,
      0,
      0,
      0,
      0,
      0,
      0,
      0,
      0,
      0,
      0,
      0,
      0,
      0,
      0,
      0,
      1374,
      1374,
      1374,
      1374,
      1374,
      1374,
      1374,
      1374,
      1374,
      1374,
      1374,
      1374,
      1401,
      1401,
      1401,
      1401,
      1401,
      1401,
      1401,
      1401,
      1401,
      0,
      0,
      0,
      1402,
      1402,
      1402,
      1402,
      1402,
      1402,
      1402,
      1424,
      1424,
      1424,
      0,
      0,
      0,
      0,
      0,
      1379,
      1379,
      1379,
      1379,
      1379,
      1379,
      1379,
      1379,
      1379,
      1379,
      1379,
      1379,
      1379,
      0,
      0,
      0,
      0,
      0,
      0,
      0,
      0,
      0,
      0,
      0,
      0,
      0,
      0,
      0,
      0,
      0,
      0,
      0,
      0,
      0,
      1384,
      1384,
      1384,
      1384,
      1384,
      1384,
      1384,
      1384,
      1384,
      1384,
      1375,
      1375,
      1375,
      1375,
      1375,
      1355,
      1409,
      1409,
      1409,
      1409,
      1409,
      1409,
      1409,
      0,
      0,
      0,
      0,
      0,
      0,
      0,
      1385,
      1385,
      1385,
      1385,
      1385,
      1385,
      1385,
      1385,
      1385,
      1386,
      1386,
      1386,
      1386,
      1386,
      1380,
      1380,
      1380,
      1380,
      1380,
      1380,
      1380,
      1380,
      1380,
      1380,
      1380,
      1380,
      1380,
      1380,
      1380,
      1380,
      1380,
      1400,
      1400,
      1400,
      1400,
      1400,
      1400,
      1400,
      1400,
      1400,
      1376,
      1376,
      1376,
      1376,
      1376,
      1376,
      1376,
      1376,
      1376,
      1376,
      1376,
      1376,
      1376,
      1376,
      1376,
      1425,
      1381,
      1381,
      1381,
      1381,
      1381,
      1381,
      1381,
      1381,
      1381,
      1381,
      0,
      0,
      0,
      1425,
      1425,
      1425,
      1425,
      1425,
      1389,
      1371,
      1371,
      1371,
      1371,
      1371,
      1371,
      1371,
      1371,
      0,
      0,
      0,
      0,
      0,
      0,
      1395,
      1395,
      1395,
      1395,
      1395,
      1395,
      1395,
      1395,
      1395,
      0,
      0,
      0,
      0,
      0,
      0,
      0,
      1382,
      1382,
      1382,
      1382,
      1382,
      1382,
      1382,
      1382,
      1382,
      1382,
      1382,
      1382,
      0,
      0,
      0,
      0,
      0,
      0,
      0,
      0,
      0,
      0,
      0,
      0,
      0,
      0,
      0,
      0,
      0,
      0,
      0,
      0,
      1390,
      1390,
      1390,
      1390,
      1390,
      1390,
      1390,
      1390,
      0,
      0,
      0,
      0,
      0,
      0,
      0,
      0,
      0,
      0,
      0,
      0,
      0,
      1359,
      1359,
      1359,
      1359,
      1359,
      1383,
      1383,
      1383,
      1383,
      1383,
      1383,
      1383,
      1383,
      1383,
      1344,
      1344,
      1344,
      1412,
      0,
      0,
      0,
      0,
      0,
      0,
      0,
      0,
      0,
      0,
      0,
      0,
      0,
      0,
      0,
      0,
      0,
      0,
      0,
      1406,
      1406,
      1406,
      1406,
      1406,
      1406,
      0,
      0,
      0,
      0,
      0,
      0,
      0,
      0,
      0,
      1396,
      1396,
      1396,
      1396,
      1396,
      0,
      0,
      0,
      0,
      0,
      0,
      0,
      0,
      0,
      0,
      0,
      0,
      0,
      0,
      0,
      0,
      0,
      0,
      1397,
      1397,
      1397,
      1397,
      1397,
      1397,
      1397,
      1397,
      1397,
      1387,
      1387,
      1387,
      1387,
      1387,
      1387,
      1387,
      1387,
      1387,
      1387,
      1387,
      1387,
      1387,
      1388,
      1388,
      1388,
      1388,
      1398,
      1398,
      1398,
      1398,
      1398,
      1398,
      1398,
      1398,
      1366,
      1366,
      1366,
      1366,
      1366,
      1366,
      1366,
      1366,
      1366,
      0,
      0,
      0,
      0,
      0,
      0,
      0,
      0,
      0,
      0,
      0,
      0,
      1377,
      1377,
      1377,
      1377,
      1377,
      1377,
      1377,
      1377,
      1377,
      1377,
      0,
      0,
      0,
      0,
      0,
      0,
      0,
      1399,
      1399,
      1399,
      1399,
      1399,
      1399,
      1399,
      1399,
      1370,
      1370,
      1370,
      1370,
      1370,
      1370,
      1370,
      1370,
      1370,
      1370,
      1370,
      1391,
      1391,
      1391,
      1391,
      1391,
      1391,
      1391,
      1391,
      1391,
      1391,
      1391,
      1391,
      1362,
      1378,
      1378,
      1378,
      1378,
      1378,
      1378,
      1378,
      1378,
      1372,
      1372,
      1404,
      1404,
      1404,
      1404,
      1372,
      1372,
      1372,
      1392,
      1392,
      1392,
      1392,
      1392,
      1392,
      1392,
      1419,
      0,
      0,
      0,
      0,
      0,
      0,
      0,
      0,
      0,
      1373,
      1373,
      1373,
      1373,
      1373,
      1373
    ],
    [
      1393,
      1393,
      1393,
      1393,
      1393,
      1393,
      1393,
      1393,
      1393,
      1393,
      1393,
      1393,
      1393,
      0,
      0,
      0,
      0,
      0,
      0,
      0,
      0,
      0,
      0,
      0,
      0,
      0,
      0,
      0,
      0,
      0,
      0,
      0,
      0,
      1374,
      1374,
      1374,
      1374,
      1374,
      1374,
      1374,
      1374,
      1374,
      1374,
      1374,
      1401,
      1401,
      1401,
      1401,
      1401,
      1401,
      1401,
      1401,
      1401,
      1402,
      1402,
      1402,
      1402,
      1402,
      1402,
      1402,
      1402,
      1402,
      1402,
      1424,
      1424,
      1424,
      0,
      0,
      0,
      0,
      0,
      1379,
      1379,
      1379,
      1379,
      1379,
      1379,
      1379,
      1379,
      1379,
      1379,
      1379,
      1379,
      0,
      0,
      0,
      0,
      0,
      0,
      0,
      0,
      0,
      0,
      0,
      0,
      0,
      0,
      0,
      0,
      0,
      0,
      0,
      0,
      0,
      0,
      1384,
      1384,
      1384,
      1384,
      1384,
      1384,
      1384,
      1384,
      1384,
      1384,
      1375,
      1375,
      1375,
      1375,
      1375,
      1355,
      1409,
      1409,
      1409,
      1409,
      1409,
      1409,
      1409,
      1409,
      0,
      0,
      0,
      0,
      0,
      0,
      1385,
      1385,
      1385,
      1385,
      1385,
      1385,
      1385,
      1385,
      1385,
      1386,
      1386,
      1386,
      1386,
      1386,
      1380,
      1380,
      1380,
      1380,
      1380,
      1380,
      1380,
      1380,
      1380,
      1380,
      1380,
      1380,
      1380,
      1380,
      1380,
      1380,
      1380,
      1400,
      1400,
      1400,
      1400,
      1400,
      1400,
      1400,
      1400,
      1400,
      1400,
      1376,
      1376,
      1376,
      1376,
      1376,
      1376,
      1376,
      1376,
      1376,
      1376,
      1376,
      1376,
      1376,
      1376,
      1425,
      1381,
      1381,
      1381,
      1381,
      1381,
      1381,
      1381,
      1381,
      1381,
      1381,
      0,
      0,
      1425,
      1425,
      1425,
      1425,
      1425,
      1389,
      1389,
      1389,
      1389,
      1389,
      1389,
      1389,
      1389,
      1389,
      0,
      0,
      0,
      0,
      0,
      0,
      0,
      1395,
      1395,
      1395,
      1395,
      1395,
      1395,
      1395,
      1395,
      1395,
      0,
      0,
      0,
      0,
      0,
      0,
      0,
      1382,
      1382,
      1382,
      1382,
      1382,
      1382,
      1382,
      1382,
      1382,
      1382,
      1382,
      1382,
      0,
      0,
      0,
      0,
      0,
      0,
      0,
      0,
      0,
      0,
      0,
      0,
      0,
      0,
      0,
      0,
      0,
      0,
      1390,
      1390,
      1390,
      1390,
      1390,
      1390,
      1390,
      1390,
      1390,
      1390,
      0,
      0,
      0,
      0,
      0,
      0,
      0,
      0,
      0,
      0,
      0,
      0,
      0,
      1359,
      1359,
      1359,
      1359,
      1359,
      1383,
      1383,
      1383,
      1383,
      1383,
      1383,
      1383,
      1383,
      1383,
      1344,
      1412,
      1412,
      1412,
      0,
      0,
      0,
      0,
      0,
      0,
      0,
      0,
      0,
      0,
      0,
      0,
      0,
      0,
      0,
      0,
      0,
      0,
      0,
      1406,
      1406,
      1406,
      1406,
      1406,
      1406,
      0,
      0,
      0,
      0,
      0,
      0,
      0,
      0,
      1396,
      1396,
      1396,
      1396,
      1396,
      1396,
      0,
      0,
      0,
      0,
      0,
      0,
      0,
      0,
      0,
      0,
      0,
      0,
      0,
      0,
      0,
      0,
      0,
      1428,
      1397,
      1397,
      1397,
      1397,
      1397,
      1397,
      1397,
      1397,
      1397,
      1387,
      1387,
      1387,
      1387,
      1387,
      1387,
      1387,
      1387,
      1387,
      1387,
      1387,
      1387,
      1387,
      1388,
      1388,
      1388,
      1388,
      1398,
      1398,
      1398,
      1398,
      1398,
      1398,
      1398,
      1398,
      1398,
      1366,
      1366,
      1366,
      1366,
      1366,
      1366,
      1366,
      1366,
      0,
      0,
      0,
      0,
      0,
      0,
      0,
      0,
      0,
      0,
      0,
      0,
      0,
      0,
      0,
      0,
      0,
      0,
      0,
      0,
      0,
      0,
      0,
      0,
      0,
      0,
      0,
      0,
      0,
      1399,
      1399,
      1399,
      1399,
      1399,
      1399,
      1399,
      1399,
      1399,
      1370,
      1370,
      1370,
      1370,
      1370,
      1370,
      1370,
      1370,
      1370,
      1391,
      1391,
      1391,
      1391,
      1391,
      1391,
      1391,
      1391,
      1391,
      1391,
      1391,
      1391,
      1391,
      1391,
      1391,
      1378,
      1378,
      1378,
      1378,
      1378,
      1378,
      1378,
      1372,
      1404,
      1404,
      1404,
      1404,
      1404,
      1372,
      1372,
      1372,
      1392,
      1392,
      1392,
      1392,
      1392,
      1392,
      1392,
      1419,
      1419,
      0,
      0,
      0,
      0,
      0,
      0,
      0,
      1419,
      1373,
      1373,
      1373,
      1373,
      1373,
      1373
    ],
    [
      1393,
      1393,
      1393,
      1393,
      1393,
      1393,
      1393,
      1393,
      1393,
      1393,
      1393,
      1393,
      1394,
      1394,
      1394,
      1394,
      1394,
      0,
      0,
      0,
      0,
      0,
      0,
      0,
      0,
      0,
      0,
      0,
      0,
      0,
      0,
      0,
      0,
      0,
      0,
      1374,
      1374,
      1374,
      1374,
      1374,
      1374,
      0,
      0,
      1374,
      1401,
      1401,
      1401,
      1401,
      1401,
      1401,
      1401,
      1401,
      1401,
      1402,
      1402,
      1402,
      1402,
      1402,
      1402,
      1402,
      1402,
      1402,
      1402,
      1424,
      1424,
      1424,
      0,
      0,
      0,
      0,
      1415,
      1415,
      1415,
      1415,
      1415,
      1379,
      1379,
      1379,
      1379,
      0,
      0,
      0,
      0,
      0,
      0,
      0,
      0,
      0,
      0,
      0,
      0,
      0,
      0,
      0,
      0,
      0,
      0,
      0,
      0,
      0,
      0,
      0,
      0,
      0,
      0,
      1384,
      1384,
      1384,
      1384,
      1384,
      1384,
      1384,
      1384,
      1384,
      1384,
      1384,
      1384,
      1384,
      1384,
      1384,
      1355,
      1409,
      1409,
      1409,
      1409,
      1409,
      1409,
      1409,
      1409,
      1409,
      0,
      0,
      0,
      0,
      0,
      1385,
      1385,
      1385,
      1385,
      1385,
      1385,
      1385,
      1385,
      1385,
      1386,
      1386,
      1386,
      1386,
      1386,
      1380,
      1380,
      1380,
      1380,
      1380,
      1380,
      1380,
      1380,
      1380,
      1380,
      1380,
      1380,
      1400,
      1400,
      1400,
      1400,
      1400,
      1400,
      1400,
      1400,
      1400,
      1400,
      1400,
      1400,
      1400,
      1400,
      1400,
      1376,
      1376,
      1376,
      1376,
      1376,
      1376,
      1376,
      1376,
      1376,
      1376,
      1376,
      1376,
      1376,
      1376,
      1425,
      1381,
      1381,
      1381,
      1381,
      1381,
      1381,
      1381,
      1381,
      1381,
      1381,
      0,
      1425,
      1425,
      1425,
      1425,
      1425,
      1425,
      1389,
      1389,
      1389,
      1389,
      1389,
      1389,
      1389,
      1389,
      0,
      0,
      0,
      0,
      0,
      0,
      0,
      0,
      1395,
      1395,
      1395,
      1395,
      1395,
      1395,
      1395,
      1395,
      1395,
      1440,
      0,
      0,
      0,
      0,
      0,
      0,
      0,
      1382,
      1382,
      1411,
      1411,
      1411,
      1382,
      1382,
      1382,
      1382,
      1382,
      1382,
      0,
      0,
      0,
      0,
      0,
      0,
      0,
      0,
      0,
      0,
      0,
      0,
      0,
      0,
      0,
      0,
      0,
      0,
      1390,
      1390,
      1390,
      1390,
      1390,
      1390,
      1390,
      1390,
      0,
      0,
      0,
      0,
      0,
      0,
      0,
      0,
      0,
      0,
      0,
      0,
      0,
      0,
      0,
      0,
      0,
      0,
      0,
      1359,
      1383,
      1383,
      1383,
      1383,
      1383,
      1383,
      1383,
      1383,
      1383,
      1412,
      1412,
      1412,
      1412,
      0,
      0,
      0,
      0,
      0,
      0,
      0,
      0,
      0,
      0,
      0,
      0,
      0,
      0,
      0,
      0,
      0,
      0,
      0,
      1406,
      1406,
      1406,
      1406,
      1406,
      1406,
      1406,
      1406,
      0,
      0,
      0,
      0,
      1396,
      1396,
      1396,
      1396,
      1396,
      1396,
      1396,
      1396,
      0,
      0,
      0,
      0,
      0,
      0,
      0,
      0,
      0,
      0,
      0,
      0,
      0,
      0,
      0,
      0,
      0,
      1428,
      1397,
      1397,
      1397,
      1397,
      1397,
      1397,
      1397,
      0,
      0,
      0,
      0,
      0,
      0,
      1387,
      1387,
      1387,
      1387,
      1387,
      1387,
      1387,
      1387,
      1387,
      1388,
      1388,
      1388,
      1388,
      1398,
      1398,
      1398,
      1398,
      1398,
      1398,
      1398,
      1398,
      1398,
      1398,
      0,
      1366,
      1366,
      1366,
      1366,
      1366,
      1366,
      0,
      0,
      0,
      0,
      0,
      0,
      0,
      0,
      0,
      0,
      0,
      0,
      0,
      0,
      0,
      0,
      0,
      0,
      0,
      0,
      0,
      0,
      0,
      0,
      0,
      0,
      0,
      0,
      0,
      1399,
      1399,
      1399,
      1399,
      1399,
      1399,
      1399,
      1399,
      1399,
      1399,
      1399,
      1399,
      1399,
      1399,
      1399,
      1399,
      1399,
      1399,
      1391,
      1391,
      1391,
      1391,
      1391,
      1391,
      1391,
      1391,
      1391,
      1391,
      1391,
      1391,
      1391,
      1391,
      1391,
      1391,
      1391,
      1404,
      1404,
      1404,
      1404,
      1404,
      1404,
      1404,
      1404,
      1404,
      1404,
      1404,
      1404,
      1372,
      1372,
      1392,
      1392,
      1392,
      1392,
      1392,
      1392,
      1392,
      1419,
      1419,
      1419,
      0,
      0,
      0,
      0,
      0,
      0,
      1419,
      1373,
      1373,
      1373,
      1373,
      1373,
      1373
    ],
    [
      1393,
      1393,
      1393,
      1393,
      1393,
      1393,
      1393,
      1393,
      1393,
      1393,
      1393,
      1393,
      1394,
      1394,
      1394,
      1394,
      1394,
      0,
      0,
      0,
      0,
      0,
      0,
      0,
      0,
      0,
      0,
      0,
      1407,
      1407,
      1407,
      1407,
      1407,
      1407,
      1407,
      1374,
      1374,
      1374,
      1374,
      1374,
      1374,
      0,
      0,
      0,
      1401,
      1401,
      1401,
      1401,
      1401,
      1401,
      1401,
      1401,
      1401,
      1401,
      1402,
      1402,
      1402,
      1402,
      1402,
      1402,
      1402,
      1402,
      1402,
      1424,
      1424,
      1424,
      1424,
      1424,
      0,
      1415,
      1415,
      1415,
      1415,
      1415,
      1415,
      1379,
      1379,
      1379,
      1379,
      0,
      0,
      0,
      0,
      0,
      0,
      0,
      0,
      0,
      0,
      0,
      0,
      0,
      0,
      0,
      0,
      0,
      0,
      0,
      0,
      0,
      0,
      0,
      0,
      0,
      0,
      1384,
      1384,
      1384,
      1384,
      1384,
      1384,
      1384,
      1384,
      1384,
      1384,
      1384,
      1384,
      1384,
      1384,
      1409,
      1409,
      1409,
      1409,
      1409,
      1409,
      1409,
      1409,
      1409,
      1409,
      1409,
      0,
      0,
      0,
      0,
      0,
      1385,
      1385,
      1385,
      1385,
      1385,
      1385,
      1385,
      1385,
      1385,
      1386,
      1386,
      1386,
      1386,
      1386,
      1408,
      1408,
      1380,
      1380,
      1380,
      1380,
      1380,
      1380,
      1380,
      1380,
      1405,
      1405,
      1405,
      1405,
      1405,
      1405,
      1405,
      1400,
      1400,
      1400,
      1400,
      1400,
      1400,
      1400,
      1400,
      1400,
      1400,
      1376,
      1376,
      1376,
      1376,
      1376,
      1376,
      1376,
      1376,
      1376,
      1376,
      1376,
      1376,
      1376,
      1376,
      1425,
      1381,
      1381,
      1381,
      1381,
      1381,
      1381,
      1381,
      1381,
      1381,
      1381,
      1425,
      1425,
      1425,
      1425,
      1425,
      1425,
      1389,
      1389,
      1389,
      1389,
      1389,
      1389,
      1389,
      1389,
      0,
      0,
      0,
      0,
      0,
      0,
      0,
      0,
      0,
      1395,
      1395,
      1395,
      1395,
      1395,
      1395,
      1395,
      1395,
      1395,
      1440,
      1440,
      1440,
      0,
      0,
      0,
      0,
      0,
      1382,
      1382,
      1411,
      1411,
      1411,
      1411,
      1411,
      1411,
      1382,
      1382,
      1382,
      1443,
      0,
      0,
      0,
      0,
      0,
      0,
      0,
      0,
      0,
      0,
      0,
      0,
      0,
      0,
      0,
      0,
      0,
      1390,
      1390,
      1390,
      1390,
      1390,
      1390,
      1390,
      1390,
      0,
      0,
      0,
      0,
      0,
      0,
      0,
      0,
      0,
      0,
      0,
      0,
      0,
      0,
      0,
      0,
      0,
      0,
      0,
      0,
      0,
      1383,
      1383,
      1383,
      1383,
      1383,
      1383,
      1383,
      1383,
      1412,
      1412,
      1412,
      1412,
      0,
      0,
      0,
      0,
      0,
      0,
      0,
      0,
      0,
      0,
      0,
      0,
      0,
      0,
      0,
      0,
      0,
      0,
      0,
      1406,
      1406,
      1406,
      1406,
      1406,
      1406,
      1406,
      1406,
      1406,
      0,
      0,
      0,
      1396,
      1396,
      1396,
      1396,
      1396,
      1396,
      1396,
      1396,
      0,
      0,
      0,
      0,
      0,
      0,
      0,
      0,
      0,
      0,
      0,
      0,
      0,
      0,
      0,
      0,
      0,
      1428,
      1397,
      1397,
      1397,
      1397,
      1397,
      0,
      0,
      0,
      0,
      0,
      0,
      0,
      0,
      1387,
      1387,
      1387,
      1387,
      1387,
      1387,
      1388,
      1388,
      1388,
      1388,
      1388,
      1388,
      1388,
      1398,
      1398,
      1398,
      1398,
      1398,
      1398,
      1398,
      1398,
      1398,
      1398,
      0,
      0,
      0,
      0,
      0,
      0,
      0,
      0,
      0,
      0,
      0,
      0,
      0,
      0,
      0,
      0,
      0,
      0,
      0,
      0,
      0,
      0,
      0,
      0,
      0,
      0,
      0,
      0,
      0,
      0,
      0,
      0,
      0,
      0,
      0,
      0,
      1399,
      1399,
      1399,
      1399,
      1399,
      1399,
      1399,
      1399,
      1399,
      1403,
      1403,
      1403,
      1403,
      1403,
      1403,
      1403,
      1403,
      1391,
      1391,
      1391,
      1391,
      1391,
      1391,
      1391,
      1391,
      1391,
      1391,
      1391,
      1391,
      1391,
      1391,
      1391,
      1391,
      1391,
      1391,
      1391,
      1404,
      1404,
      1404,
      1404,
      1404,
      1404,
      1404,
      1404,
      1404,
      1404,
      1404,
      1404,
      1404,
      1392,
      1392,
      1392,
      1392,
      1392,
      1392,
      1392,
      1419,
      1419,
      1419,
      0,
      0,
      0,
      0,
      0,
      0,
      1419,
      1419,
      1373,
      1373,
      1373,
      1373,
      1373
    ],
    [
      1393,
      1393,
      1393,
      1393,
      1393,
      1393,
      1393,
      1393,
      1393,
      1393,
      1393,
      1393,
      1394,
      1394,
      1394,
      1394,
      1394,
      0,
      0,
      0,
      0,
      0,
      0,
      0,
      0,
      0,
      0,
      0,
      1407,
      1407,
      1407,
      1407,
      1407,
      1407,
      1407,
      1374,
      1374,
      1374,
      1374,
      1374,
      0,
      0,
      0,
      0,
      0,
      1401,
      1401,
      1401,
      1401,
      1401,
      1401,
      1401,
      1401,
      1401,
      1402,
      1402,
      1402,
      1402,
      1402,
      1402,
      1402,
      1402,
      1424,
      1424,
      1424,
      1424,
      1424,
      1424,
      0,
      1415,
      1415,
      1415,
      1415,
      1415,
      1415,
      1379,
      1379,
      1379,
      1379,
      0,
      0,
      0,
      0,
      0,
      0,
      0,
      0,
      0,
      0,
      0,
      0,
      0,
      0,
      0,
      0,
      0,
      0,
      0,
      0,
      0,
      0,
      0,
      0,
      0,
      0,
      1384,
      1384,
      1384,
      1384,
      1384,
      1384,
      1384,
      1384,
      1384,
      1384,
      1384,
      1384,
      1384,
      1384,
      1409,
      1409,
      1409,
      1409,
      1409,
      1409,
      1409,
      1409,
      1409,
      1409,
      1409,
      0,
      0,
      0,
      0,
      0,
      1385,
      1385,
      1385,
      1385,
      1385,
      1385,
      1385,
      1385,
      1385,
      1386,
      1386,
      1386,
      1386,
      1408,
      1408,
      1408,
      1380,
      1380,
      1380,
      1380,
      1380,
      1380,
      1380,
      1405,
      1405,
      1405,
      1405,
      1405,
      1405,
      1405,
      1405,
      1421,
      1400,
      1400,
      1400,
      1400,
      1400,
      1400,
      1400,
      1400,
      1400,
      1376,
      1376,
      1376,
      1376,
      1376,
      1376,
      1376,
      1376,
      1376,
      1376,
      1376,
      1376,
      1376,
      1376,
      1425,
      1425,
      1381,
      1381,
      1381,
      1381,
      1381,
      1381,
      1381,
      1381,
      1381,
      1425,
      1425,
      1425,
      1425,
      1425,
      1425,
      1389,
      1389,
      1389,
      1389,
      1389,
      1439,
      1439,
      1439,
      0,
      0,
      0,
      0,
      0,
      0,
      0,
      1450,
      0,
      1395,
      1395,
      1395,
      1395,
      1395,
      1395,
      1395,
      1395,
      1395,
      1440,
      1440,
      1440,
      0,
      0,
      0,
      0,
      0,
      1382,
      1411,
      1411,
      1411,
      1411,
      1411,
      1411,
      1411,
      1382,
      1382,
      1443,
      1443,
      0,
      0,
      0,
      0,
      0,
      0,
      0,
      0,
      0,
      0,
      0,
      0,
      0,
      0,
      0,
      0,
      0,
      0,
      1390,
      1390,
      1390,
      1390,
      1390,
      1390,
      1390,
      0,
      0,
      0,
      0,
      0,
      0,
      0,
      0,
      0,
      0,
      0,
      0,
      0,
      0,
      0,
      0,
      0,
      0,
      0,
      0,
      0,
      0,
      1383,
      1383,
      1383,
      1383,
      1383,
      1383,
      1412,
      1412,
      1412,
      1412,
      1412,
      0,
      0,
      0,
      0,
      0,
      0,
      0,
      0,
      0,
      0,
      0,
      0,
      0,
      0,
      0,
      0,
      0,
      0,
      0,
      1406,
      1406,
      1406,
      1406,
      1406,
      1406,
      1406,
      1406,
      1406,
      0,
      0,
      0,
      1396,
      1396,
      1396,
      1396,
      1396,
      1396,
      1396,
      0,
      0,
      0,
      0,
      0,
      0,
      0,
      0,
      0,
      0,
      0,
      0,
      0,
      0,
      0,
      0,
      0,
      0,
      1428,
      1397,
      1397,
      1397,
      1397,
      1397,
      0,
      0,
      0,
      0,
      0,
      0,
      0,
      0,
      1387,
      1387,
      1387,
      1387,
      1387,
      1388,
      1388,
      1388,
      1388,
      1388,
      1388,
      1388,
      1388,
      1398,
      1398,
      1398,
      1398,
      1398,
      1398,
      1398,
      1398,
      1398,
      1398,
      0,
      0,
      0,
      0,
      0,
      0,
      0,
      0,
      0,
      0,
      0,
      0,
      0,
      0,
      0,
      0,
      0,
      0,
      0,
      0,
      0,
      0,
      0,
      0,
      0,
      0,
      0,
      0,
      0,
      0,
      0,
      0,
      0,
      0,
      0,
      1399,
      1399,
      1399,
      1399,
      1399,
      1399,
      1399,
      1399,
      1399,
      1399,
      1403,
      1403,
      1403,
      1403,
      1403,
      1403,
      1403,
      1403,
      1391,
      1391,
      1391,
      1391,
      1391,
      1391,
      1391,
      1391,
      1391,
      1391,
      1391,
      1391,
      1391,
      1391,
      1391,
      1391,
      1391,
      1391,
      1391,
      1404,
      1404,
      1404,
      1404,
      1404,
      1404,
      1404,
      1404,
      1404,
      1404,
      1404,
      1404,
      1404,
      1414,
      1392,
      1392,
      1392,
      1392,
      1392,
      1392,
      1419,
      1419,
      1419,
      1419,
      1419,
      1419,
      0,
      0,
      0,
      1419,
      1419,
      1419,
      1419,
      1419,
      1419,
      1419
    ],
    [
      1393,
      1393,
      1393,
      1393,
      1393,
      1393,
      1393,
      1393,
      1393,
      1393,
      1393,
      1393,
      1394,
      1394,
      1394,
      1394,
      1394,
      0,
      0,
      0,
      0,
      0,
      0,
      0,
      0,
      0,
      0,
      0,
      1407,
      1407,
      1407,
      1407,
      1407,
      1407,
      1407,
      1374,
      1374,
      1374,
      1374,
      1374,
      0,
      0,
      0,
      0,
      0,
      0,
      1401,
      1401,
      1401,
      1401,
      1401,
      1401,
      1401,
      1401,
      1402,
      1402,
      1402,
      1402,
      1402,
      1402,
      1402,
      1402,
      1424,
      1424,
      1424,
      1424,
      1424,
      1424,
      1415,
      1415,
      1415,
      1415,
      1415,
      1415,
      1415,
      1379,
      1379,
      1379,
      1379,
      0,
      0,
      0,
      0,
      0,
      0,
      0,
      0,
      0,
      0,
      0,
      0,
      0,
      0,
      0,
      0,
      0,
      0,
      0,
      0,
      0,
      0,
      0,
      1432,
      1432,
      0,
      1384,
      1384,
      1384,
      1384,
      1384,
      1384,
      1384,
      1384,
      1384,
      1384,
      1384,
      1384,
      1384,
      1384,
      1409,
      1409,
      1409,
      1409,
      1409,
      1409,
      1409,
      1409,
      1409,
      1409,
      1409,
      0,
      0,
      0,
      0,
      0,
      1385,
      1385,
      1385,
      1385,
      1385,
      1385,
      1385,
      1385,
      1385,
      1386,
      1386,
      1386,
      1386,
      1408,
      1408,
      1408,
      1380,
      1380,
      1380,
      1380,
      1380,
      1405,
      1405,
      1405,
      1405,
      1405,
      1405,
      1405,
      1405,
      1405,
      1405,
      1421,
      1400,
      1400,
      1400,
      1400,
      1400,
      1400,
      1400,
      1400,
      1400,
      1400,
      1400,
      1376,
      1376,
      1376,
      1422,
      1422,
      1422,
      1422,
      1422,
      1376,
      1376,
      1376,
      1376,
      1425,
      1425,
      1425,
      1381,
      1381,
      1381,
      1381,
      1381,
      1381,
      1425,
      1425,
      1425,
      1425,
      1425,
      1425,
      1425,
      1410,
      1410,
      1410,
      1410,
      1389,
      1389,
      1439,
      1439,
      0,
      0,
      0,
      0,
      0,
      0,
      0,
      0,
      1450,
      1450,
      1395,
      1395,
      1395,
      1395,
      1395,
      1395,
      1395,
      1395,
      1395,
      1440,
      1440,
      1440,
      1440,
      1440,
      0,
      0,
      0,
      1382,
      1411,
      1411,
      1411,
      1411,
      1411,
      1411,
      1411,
      1382,
      1382,
      1443,
      1443,
      0,
      0,
      0,
      0,
      0,
      0,
      0,
      0,
      0,
      0,
      0,
      0,
      0,
      0,
      0,
      0,
      0,
      0,
      1390,
      1390,
      1390,
      1390,
      1390,
      1390,
      1390,
      1390,
      0,
      0,
      0,
      0,
      0,
      0,
      0,
      0,
      0,
      0,
      0,
      0,
      0,
      0,
      0,
      0,
      0,
      0,
      0,
      0,
      0,
      0,
      0,
      0,
      0,
      1412,
      1412,
      1412,
      1412,
      1412,
      1412,
      1412,
      0,
      0,
      0,
      0,
      0,
      0,
      0,
      0,
      0,
      0,
      0,
      0,
      0,
      0,
      0,
      0,
      0,
      0,
      0,
      1406,
      1406,
      1406,
      1406,
      1406,
      1406,
      1406,
      1406,
      1406,
      0,
      1396,
      1396,
      1396,
      1396,
      1396,
      1396,
      1396,
      1396,
      1396,
      0,
      0,
      0,
      0,
      0,
      0,
      0,
      0,
      0,
      0,
      0,
      0,
      0,
      0,
      0,
      0,
      0,
      0,
      1428,
      1397,
      1397,
      1397,
      1397,
      1397,
      0,
      0,
      0,
      0,
      0,
      0,
      0,
      0,
      1387,
      1387,
      1387,
      1387,
      1388,
      1388,
      1388,
      1388,
      1388,
      1388,
      1388,
      1388,
      1388,
      1398,
      1398,
      1398,
      1398,
      1398,
      1398,
      1398,
      0,
      0,
      0,
      0,
      0,
      0,
      0,
      0,
      0,
      0,
      0,
      0,
      0,
      0,
      0,
      0,
      0,
      0,
      0,
      0,
      0,
      0,
      0,
      0,
      0,
      0,
      0,
      0,
      0,
      0,
      0,
      0,
      0,
      0,
      0,
      0,
      0,
      0,
      0,
      1399,
      1399,
      1399,
      1399,
      1399,
      1399,
      1399,
      1399,
      1399,
      1403,
      1403,
      1403,
      1403,
      1403,
      1403,
      1391,
      1391,
      1391,
      1391,
      1391,
      1391,
      1391,
      1391,
      1391,
      1391,
      1391,
      1391,
      1391,
      1391,
      1391,
      1391,
      1391,
      1391,
      1391,
      1391,
      1391,
      1404,
      1404,
      1404,
      1404,
      1404,
      1404,
      1404,
      1404,
      1404,
      1404,
      1404,
      1404,
      1404,
      1414,
      1414,
      1392,
      1392,
      1392,
      1392,
      1392,
      1419,
      1419,
      1419,
      1419,
      1419,
      1419,
      1419,
      1419,
      1419,
      1419,
      1419,
      1419,
      1419,
      1419,
      1419,
      1419
    ],
    [
      1393,
      1393,
      1393,
      1393,
      1393,
      1393,
      1393,
      1393,
      1393,
      1393,
      1394,
      1394,
      1394,
      1394,
      1394,
      1394,
      1394,
      0,
      0,
      0,
      0,
      0,
      0,
      0,
      0,
      0,
      0,
      0,
      1407,
      1407,
      1407,
      1407,
      1407,
      1407,
      1407,
      1374,
      1374,
      1374,
      1374,
      1374,
      0,
      0,
      0,
      0,
      0,
      0,
      1401,
      1401,
      1401,
      1401,
      1401,
      1401,
      1401,
      1401,
      1401,
      1401,
      1402,
      1402,
      1402,
      1402,
      1402,
      1402,
      1424,
      1424,
      1424,
      1424,
      1424,
      1424,
      1415,
      1415,
      1415,
      1415,
      1415,
      1415,
      1415,
      1379,
      1415,
      1415,
      1379,
      0,
      0,
      0,
      0,
      0,
      0,
      0,
      0,
      0,
      0,
      0,
      0,
      0,
      0,
      0,
      0,
      0,
      0,
      0,
      0,
      0,
      0,
      0,
      1432,
      1432,
      0,
      1384,
      1384,
      1384,
      1384,
      1384,
      1384,
      1384,
      1384,
      1384,
      1384,
      1384,
      1384,
      1409,
      1409,
      1409,
      1409,
      1409,
      1409,
      1409,
      1409,
      1409,
      1409,
      1409,
      1409,
      1409,
      0,
      0,
      0,
      0,
      0,
      0,
      0,
      0,
      0,
      1385,
      1385,
      1385,
      1385,
      0,
      1386,
      1386,
      1408,
      1408,
      1408,
      1408,
      1408,
      1408,
      1408,
      1408,
      1408,
      1442,
      1405,
      1405,
      1405,
      1405,
      1405,
      1405,
      1405,
      1405,
      1405,
      1405,
      1421,
      1400,
      1400,
      1400,
      1400,
      1400,
      1400,
      1400,
      1400,
      1400,
      1400,
      1400,
      1376,
      1427,
      1422,
      1422,
      1422,
      1422,
      1422,
      1422,
      1422,
      1376,
      1425,
      1425,
      1425,
      1425,
      1425,
      1425,
      1425,
      1425,
      1425,
      1425,
      1425,
      1425,
      1425,
      1425,
      1425,
      1425,
      1410,
      1410,
      1410,
      1410,
      1410,
      1410,
      1439,
      1389,
      1439,
      1439,
      0,
      0,
      0,
      0,
      0,
      0,
      0,
      0,
      1450,
      1450,
      1395,
      1395,
      1395,
      1395,
      1395,
      1395,
      1395,
      1395,
      1395,
      1440,
      1440,
      1440,
      1440,
      1440,
      0,
      1440,
      1411,
      1411,
      1411,
      1411,
      1411,
      1411,
      1411,
      1411,
      1411,
      1382,
      1443,
      1443,
      1443,
      0,
      0,
      0,
      0,
      0,
      0,
      0,
      0,
      0,
      0,
      0,
      0,
      0,
      0,
      0,
      0,
      0,
      0,
      1390,
      1390,
      1390,
      1390,
      1390,
      1390,
      1390,
      1390,
      0,
      0,
      0,
      0,
      0,
      0,
      0,
      0,
      0,
      0,
      0,
      0,
      0,
      0,
      0,
      0,
      0,
      0,
      0,
      0,
      0,
      0,
      0,
      0,
      0,
      1412,
      1412,
      1412,
      1412,
      1412,
      1412,
      1412,
      1412,
      1412,
      0,
      0,
      0,
      0,
      0,
      0,
      0,
      0,
      0,
      0,
      0,
      0,
      0,
      0,
      0,
      0,
      0,
      1406,
      1406,
      1406,
      1406,
      1406,
      1406,
      1406,
      1406,
      1406,
      0,
      1396,
      1396,
      1396,
      1396,
      1396,
      1396,
      1396,
      1396,
      1396,
      0,
      0,
      0,
      0,
      0,
      0,
      0,
      0,
      0,
      0,
      0,
      0,
      0,
      0,
      0,
      0,
      0,
      0,
      1428,
      1397,
      1397,
      1397,
      1397,
      1397,
      0,
      0,
      0,
      0,
      0,
      0,
      0,
      0,
      1387,
      1387,
      1388,
      1388,
      1388,
      1388,
      1388,
      1388,
      1388,
      1388,
      1388,
      1388,
      1388,
      1398,
      1398,
      1398,
      1398,
      1398,
      1398,
      1398,
      0,
      0,
      0,
      0,
      0,
      0,
      0,
      0,
      0,
      0,
      0,
      0,
      0,
      0,
      0,
      0,
      0,
      0,
      0,
      0,
      0,
      0,
      0,
      0,
      0,
      0,
      0,
      0,
      0,
      0,
      0,
      0,
      0,
      0,
      0,
      0,
      0,
      0,
      0,
      1413,
      1413,
      1413,
      1413,
      1413,
      1413,
      1399,
      1399,
      1399,
      1403,
      1403,
      1403,
      1403,
      1403,
      1403,
      1391,
      1391,
      1391,
      1391,
      1391,
      1391,
      1391,
      1391,
      1391,
      1391,
      1391,
      1391,
      1391,
      1391,
      1391,
      1391,
      1391,
      0,
      0,
      0,
      0,
      0,
      0,
      0,
      1404,
      1404,
      1404,
      1404,
      1404,
      1404,
      1404,
      1404,
      1404,
      1404,
      1414,
      1414,
      1414,
      1392,
      1392,
      1392,
      1392,
      1419,
      1419,
      1419,
      1419,
      1419,
      1419,
      1419,
      1419,
      1419,
      1419,
      1419,
      1419,
      1419,
      1419,
      1419,
      1419
    ],
    [
      1393,
      1393,
      1393,
      1393,
      1393,
      1393,
      1393,
      1393,
      1393,
      1393,
      1394,
      1394,
      1394,
      1394,
      1394,
      1394,
      1394,
      0,
      0,
      0,
      0,
      0,
      0,
      0,
      0,
      0,
      0,
      0,
      1407,
      1407,
      1407,
      1407,
      1407,
      1407,
      1407,
      1374,
      1374,
      1374,
      1374,
      0,
      0,
      0,
      0,
      0,
      0,
      0,
      1401,
      1401,
      1401,
      1401,
      1401,
      1401,
      1401,
      1401,
      1401,
      1401,
      1401,
      1402,
      1402,
      1402,
      1402,
      1402,
      1424,
      1424,
      1424,
      1424,
      1424,
      1424,
      1415,
      1415,
      1415,
      1415,
      1415,
      1415,
      1415,
      1415,
      1415,
      1415,
      1379,
      0,
      0,
      0,
      0,
      0,
      0,
      0,
      0,
      0,
      0,
      0,
      0,
      0,
      0,
      0,
      0,
      0,
      0,
      0,
      0,
      0,
      0,
      0,
      1432,
      1432,
      0,
      1384,
      1384,
      1384,
      1417,
      1417,
      1417,
      1417,
      1417,
      1417,
      1384,
      1384,
      1384,
      1409,
      1409,
      1409,
      1409,
      1409,
      1409,
      1409,
      1409,
      1409,
      1409,
      1409,
      1409,
      1409,
      1409,
      1409,
      0,
      0,
      0,
      0,
      0,
      0,
      0,
      0,
      0,
      0,
      0,
      0,
      0,
      1408,
      1408,
      1408,
      1408,
      1408,
      1408,
      1408,
      1408,
      1408,
      1442,
      1442,
      1405,
      1405,
      1405,
      1405,
      1405,
      1405,
      1405,
      1405,
      1405,
      1405,
      1421,
      1400,
      1400,
      1400,
      1400,
      1400,
      1400,
      1400,
      1400,
      1400,
      1400,
      1400,
      1427,
      1427,
      1422,
      1422,
      1422,
      1422,
      1422,
      1422,
      1422,
      1422,
      1425,
      1425,
      1425,
      1425,
      1425,
      1425,
      1425,
      1425,
      1425,
      1425,
      1425,
      1425,
      1425,
      1425,
      1425,
      1410,
      1410,
      1410,
      1410,
      1410,
      1410,
      1410,
      1439,
      1439,
      1439,
      1439,
      0,
      0,
      0,
      0,
      0,
      0,
      0,
      0,
      1450,
      1450,
      1450,
      1395,
      1395,
      1395,
      1395,
      1395,
      1395,
      1395,
      1395,
      1440,
      1440,
      1440,
      1440,
      1440,
      1440,
      1440,
      1411,
      1411,
      1411,
      1411,
      1411,
      1411,
      1411,
      1411,
      1411,
      1443,
      1443,
      1443,
      1443,
      0,
      0,
      0,
      0,
      0,
      0,
      0,
      0,
      0,
      0,
      0,
      0,
      0,
      0,
      0,
      0,
      0,
      0,
      1390,
      1390,
      1390,
      1390,
      1390,
      1390,
      1390,
      1390,
      0,
      0,
      0,
      0,
      0,
      0,
      0,
      0,
      0,
      0,
      0,
      0,
      0,
      0,
      0,
      0,
      0,
      0,
      0,
      0,
      0,
      0,
      0,
      0,
      1412,
      1412,
      1412,
      1412,
      1412,
      1412,
      1412,
      1412,
      1412,
      1412,
      1412,
      0,
      0,
      0,
      0,
      0,
      0,
      0,
      0,
      0,
      0,
      0,
      0,
      0,
      0,
      0,
      0,
      1406,
      1406,
      1406,
      1406,
      1406,
      1406,
      1406,
      1406,
      1406,
      1406,
      1396,
      1396,
      1396,
      1396,
      1396,
      1396,
      1396,
      1396,
      1396,
      0,
      0,
      0,
      0,
      0,
      0,
      0,
      0,
      0,
      0,
      0,
      0,
      0,
      0,
      0,
      0,
      0,
      0,
      1428,
      1428,
      1428,
      1428,
      1428,
      0,
      0,
      0,
      0,
      0,
      0,
      0,
      0,
      0,
      1387,
      1418,
      1418,
      1418,
      1418,
      1418,
      1418,
      1418,
      1418,
      1388,
      1388,
      1388,
      1388,
      1398,
      1398,
      1398,
      1398,
      1398,
      1398,
      1398,
      0,
      0,
      0,
      0,
      0,
      0,
      0,
      0,
      0,
      0,
      0,
      0,
      0,
      0,
      0,
      0,
      0,
      0,
      0,
      0,
      0,
      0,
      0,
      0,
      0,
      0,
      0,
      0,
      0,
      0,
      0,
      0,
      0,
      0,
      0,
      0,
      0,
      0,
      1413,
      1413,
      1413,
      1413,
      1413,
      1413,
      1413,
      1416,
      1416,
      1416,
      1403,
      1403,
      1403,
      1403,
      1403,
      1403,
      1391,
      1391,
      1391,
      1391,
      1391,
      1391,
      1391,
      1391,
      1391,
      1391,
      1391,
      1391,
      1391,
      1391,
      1391,
      1391,
      1391,
      0,
      0,
      0,
      0,
      0,
      0,
      0,
      1404,
      1404,
      1404,
      1404,
      1404,
      1404,
      1404,
      1404,
      1404,
      1404,
      1414,
      1414,
      1414,
      1414,
      1414,
      1414,
      1414,
      1419,
      1419,
      1419,
      1419,
      1419,
      1419,
      1419,
      1419,
      1419,
      1419,
      1419,
      1419,
      1419,
      1419,
      1419,
      1419
    ],
    [
      1423,
      1423,
      1423,
      1423,
      1423,
      1423,
      1423,
      1435,
      1393,
      1393,
      1394,
      1394,
      1394,
      1394,
      1394,
      0,
      0,
      0,
      0,
      0,
      0,
      0,
      0,
      0,
      0,
      0,
      0,
      0,
      1407,
      1407,
      1407,
      1407,
      1407,
      1407,
      1407,
      1374,
      1374,
      0,
      0,
      0,
      0,
      0,
      0,
      0,
      0,
      0,
      1401,
      1401,
      1420,
      1420,
      1420,
      1420,
      1420,
      1420,
      1420,
      1420,
      1420,
      1420,
      1420,
      1402,
      1402,
      1424,
      1424,
      1424,
      1424,
      1424,
      1424,
      1424,
      1415,
      1415,
      1415,
      1415,
      1415,
      1415,
      1415,
      1415,
      1415,
      1415,
      1379,
      0,
      0,
      0,
      0,
      0,
      0,
      0,
      0,
      0,
      0,
      0,
      0,
      0,
      0,
      0,
      0,
      0,
      0,
      0,
      0,
      0,
      0,
      0,
      1432,
      1432,
      0,
      1384,
      1384,
      1384,
      1417,
      1417,
      1417,
      1417,
      1417,
      1417,
      1417,
      1384,
      1384,
      1409,
      1409,
      1409,
      1409,
      1409,
      1409,
      1409,
      1409,
      1409,
      1409,
      1409,
      1409,
      1409,
      1409,
      1409,
      0,
      0,
      0,
      0,
      0,
      0,
      0,
      0,
      0,
      0,
      0,
      0,
      0,
      0,
      0,
      1408,
      1408,
      1408,
      1408,
      1408,
      1442,
      1442,
      1442,
      1442,
      1405,
      1405,
      1405,
      1405,
      1405,
      1405,
      1405,
      1405,
      1405,
      1421,
      1421,
      1400,
      1400,
      1400,
      1400,
      1400,
      1400,
      1400,
      1400,
      1400,
      1400,
      1427,
      1427,
      1427,
      1422,
      1422,
      1422,
      1422,
      1422,
      1422,
      1422,
      1422,
      1425,
      1425,
      1425,
      1425,
      1425,
      1425,
      1425,
      1425,
      1425,
      1425,
      1425,
      1425,
      1425,
      1425,
      1410,
      1410,
      1410,
      1410,
      1410,
      1410,
      1410,
      1410,
      1439,
      1439,
      1439,
      1439,
      0,
      0,
      0,
      0,
      0,
      0,
      0,
      0,
      1450,
      1450,
      1450,
      1450,
      1395,
      1395,
      1395,
      1395,
      1395,
      1440,
      1440,
      1440,
      1440,
      1440,
      1440,
      1440,
      1440,
      1440,
      1411,
      1411,
      1411,
      1411,
      1411,
      1411,
      1411,
      1411,
      1411,
      1443,
      1443,
      1443,
      1443,
      0,
      0,
      0,
      0,
      0,
      0,
      0,
      0,
      0,
      0,
      0,
      0,
      0,
      0,
      0,
      0,
      0,
      0,
      1390,
      1390,
      1390,
      1390,
      1390,
      1390,
      1390,
      1390,
      0,
      0,
      0,
      0,
      0,
      0,
      0,
      0,
      0,
      0,
      0,
      0,
      0,
      0,
      0,
      0,
      0,
      0,
      0,
      0,
      0,
      0,
      0,
      0,
      1412,
      1412,
      1412,
      1412,
      1412,
      1412,
      1412,
      1412,
      1412,
      1412,
      1412,
      0,
      0,
      0,
      0,
      0,
      0,
      0,
      0,
      0,
      0,
      0,
      0,
      0,
      0,
      0,
      0,
      1406,
      1406,
      1406,
      1406,
      1406,
      1406,
      1406,
      1406,
      1406,
      1406,
      1396,
      1396,
      1396,
      1396,
      1396,
      1396,
      1396,
      1396,
      1396,
      0,
      0,
      0,
      0,
      0,
      0,
      0,
      0,
      0,
      0,
      0,
      0,
      0,
      0,
      0,
      0,
      0,
      0,
      1428,
      1428,
      1428,
      1428,
      0,
      0,
      0,
      0,
      0,
      0,
      0,
      0,
      0,
      0,
      1418,
      1418,
      1418,
      1418,
      1418,
      1418,
      1418,
      1418,
      1418,
      1388,
      1388,
      1388,
      1388,
      1398,
      1398,
      1398,
      1398,
      1398,
      1426,
      1426,
      1426,
      1426,
      1426,
      0,
      0,
      0,
      0,
      0,
      0,
      0,
      0,
      0,
      0,
      0,
      0,
      0,
      0,
      0,
      0,
      0,
      0,
      0,
      0,
      0,
      0,
      0,
      0,
      0,
      0,
      0,
      0,
      0,
      0,
      0,
      0,
      0,
      0,
      0,
      1413,
      1413,
      1413,
      1413,
      1413,
      1413,
      1413,
      1416,
      1416,
      1416,
      1416,
      1416,
      1416,
      1416,
      1416,
      1416,
      1391,
      1391,
      1391,
      1391,
      1391,
      1391,
      1391,
      1391,
      1391,
      1391,
      1391,
      1391,
      1391,
      1391,
      0,
      0,
      0,
      0,
      0,
      0,
      0,
      0,
      0,
      0,
      1404,
      1404,
      1404,
      1404,
      1404,
      1404,
      1404,
      1404,
      1404,
      1404,
      1414,
      1414,
      1414,
      1414,
      1414,
      1414,
      1419,
      1419,
      1419,
      1419,
      1419,
      1419,
      1419,
      1419,
      1419,
      1419,
      1419,
      1419,
      1419,
      1419,
      1419,
      1419,
      1419
    ],
    [
      1423,
      1423,
      1423,
      1423,
      1423,
      1423,
      1423,
      1435,
      1393,
      0,
      0,
      0,
      0,
      0,
      0,
      0,
      0,
      0,
      0,
      0,
      0,
      0,
      0,
      0,
      0,
      0,
      0,
      0,
      1407,
      1407,
      1407,
      1407,
      1407,
      1407,
      1407,
      1374,
      0,
      0,
      0,
      0,
      0,
      0,
      0,
      0,
      0,
      0,
      1401,
      1401,
      1420,
      1420,
      1420,
      1420,
      1420,
      1420,
      1420,
      1420,
      1420,
      1420,
      1420,
      1402,
      1402,
      1424,
      1424,
      1424,
      1424,
      1424,
      1424,
      1415,
      1415,
      1415,
      1415,
      1415,
      1415,
      1415,
      1415,
      1415,
      1415,
      1415,
      1415,
      0,
      0,
      0,
      0,
      0,
      0,
      0,
      0,
      0,
      0,
      0,
      0,
      0,
      0,
      0,
      0,
      0,
      0,
      0,
      1432,
      1432,
      1432,
      1432,
      1432,
      1432,
      0,
      1384,
      1384,
      1384,
      1417,
      1417,
      1417,
      1417,
      1417,
      1417,
      1417,
      1384,
      1384,
      1409,
      1409,
      1409,
      1409,
      1409,
      1409,
      1409,
      1409,
      1409,
      1409,
      1409,
      1409,
      1409,
      1409,
      1409,
      0,
      0,
      0,
      0,
      0,
      0,
      0,
      0,
      0,
      0,
      0,
      0,
      0,
      0,
      0,
      1408,
      1408,
      1408,
      1408,
      1442,
      1442,
      1442,
      1442,
      1442,
      1405,
      1405,
      1405,
      1405,
      1405,
      1405,
      1421,
      1421,
      1421,
      1421,
      1421,
      1400,
      1400,
      1400,
      1400,
      1400,
      1400,
      1400,
      1400,
      1400,
      1400,
      1427,
      1427,
      1427,
      1422,
      1422,
      1422,
      1422,
      1422,
      1422,
      1422,
      1422,
      1422,
      1425,
      1425,
      1425,
      1425,
      1425,
      1425,
      1425,
      1425,
      1425,
      1425,
      1425,
      1425,
      1425,
      1410,
      1410,
      1410,
      1410,
      1410,
      1410,
      1410,
      1410,
      1439,
      1439,
      1439,
      1439,
      0,
      0,
      0,
      0,
      0,
      0,
      0,
      0,
      1450,
      1450,
      1450,
      1450,
      1450,
      1450,
      1440,
      1440,
      1440,
      1440,
      1440,
      1440,
      1440,
      1440,
      1440,
      1440,
      1440,
      1440,
      1411,
      1411,
      1411,
      1411,
      1411,
      1411,
      1411,
      1411,
      1411,
      1443,
      1443,
      1443,
      1443,
      0,
      0,
      0,
      0,
      0,
      0,
      0,
      0,
      0,
      0,
      0,
      0,
      0,
      0,
      0,
      0,
      0,
      0,
      0,
      0,
      1390,
      0,
      0,
      0,
      0,
      0,
      0,
      0,
      0,
      0,
      0,
      0,
      0,
      0,
      0,
      0,
      0,
      0,
      0,
      0,
      0,
      0,
      0,
      0,
      0,
      0,
      0,
      0,
      0,
      0,
      1412,
      1412,
      1412,
      1412,
      1412,
      1412,
      1412,
      1412,
      1412,
      1412,
      1412,
      0,
      0,
      0,
      0,
      0,
      0,
      0,
      0,
      0,
      0,
      0,
      0,
      0,
      0,
      0,
      0,
      0,
      0,
      1406,
      1406,
      1406,
      1406,
      1406,
      1406,
      1406,
      1406,
      1396,
      1396,
      1396,
      1396,
      1396,
      1396,
      1396,
      1396,
      1396,
      0,
      0,
      0,
      0,
      0,
      0,
      0,
      0,
      0,
      0,
      0,
      0,
      0,
      0,
      0,
      0,
      0,
      0,
      1428,
      1428,
      1428,
      1428,
      0,
      0,
      0,
      0,
      0,
      0,
      0,
      0,
      0,
      0,
      1418,
      1418,
      1418,
      1418,
      1418,
      1418,
      1418,
      1418,
      1418,
      1388,
      1388,
      1388,
      1388,
      1398,
      1398,
      1398,
      1398,
      1426,
      1426,
      1426,
      1426,
      1426,
      1426,
      1453,
      1453,
      0,
      0,
      0,
      0,
      0,
      0,
      0,
      0,
      0,
      0,
      0,
      0,
      0,
      0,
      0,
      0,
      0,
      0,
      0,
      0,
      0,
      0,
      0,
      0,
      0,
      0,
      0,
      0,
      0,
      0,
      0,
      0,
      0,
      1413,
      1413,
      1413,
      1413,
      1413,
      1413,
      1413,
      1416,
      1416,
      1416,
      1416,
      1416,
      1416,
      1416,
      1416,
      1416,
      1416,
      1391,
      1391,
      1391,
      1391,
      1391,
      1391,
      1391,
      1391,
      1391,
      1391,
      1430,
      1430,
      1430,
      1430,
      1430,
      0,
      0,
      0,
      0,
      0,
      0,
      0,
      0,
      1404,
      1404,
      1404,
      1404,
      1404,
      1404,
      1404,
      1404,
      1404,
      1404,
      1414,
      1414,
      1414,
      1414,
      1414,
      1419,
      1419,
      1419,
      1419,
      1419,
      1419,
      1419,
      1419,
      1419,
      1419,
      1419,
      1419,
      1419,
      1419,
      1419,
      1419,
      1419,
      1419
    ],
    [
      1423,
      1423,
      1423,
      1423,
      1423,
      1423,
      1423,
      1435,
      1435,
      0,
      0,
      0,
      0,
      0,
      0,
      0,
      0,
      0,
      0,
      0,
      0,
      0,
      0,
      0,
      0,
      0,
      0,
      0,
      1407,
      1407,
      1407,
      1407,
      1407,
      1407,
      1407,
      1374,
      0,
      0,
      0,
      0,
      0,
      0,
      0,
      0,
      0,
      0,
      1401,
      1401,
      1420,
      1420,
      1420,
      1420,
      1420,
      1420,
      1420,
      1420,
      1420,
      1420,
      1420,
      1402,
      1402,
      1424,
      1424,
      1424,
      1424,
      1424,
      1415,
      1415,
      1415,
      1415,
      1415,
      1415,
      1415,
      1415,
      1415,
      1415,
      1415,
      1415,
      1415,
      1415,
      1415,
      0,
      0,
      0,
      0,
      0,
      0,
      0,
      0,
      0,
      0,
      0,
      0,
      0,
      0,
      0,
      0,
      1432,
      1432,
      1432,
      1432,
      1432,
      1432,
      1432,
      0,
      1384,
      1384,
      1384,
      1417,
      1417,
      1417,
      1417,
      1417,
      1417,
      1417,
      1456,
      1456,
      1446,
      1446,
      1446,
      1446,
      1409,
      1409,
      1409,
      1409,
      1409,
      1409,
      1409,
      1409,
      1409,
      1409,
      1409,
      1409,
      0,
      0,
      0,
      0,
      0,
      0,
      0,
      0,
      0,
      0,
      0,
      0,
      0,
      0,
      1408,
      1408,
      1408,
      1442,
      1442,
      1442,
      1442,
      1442,
      1442,
      1442,
      1442,
      1442,
      1421,
      1421,
      1421,
      1421,
      1421,
      1421,
      1421,
      1421,
      1421,
      1421,
      1400,
      1400,
      1400,
      1400,
      1400,
      1400,
      1400,
      1400,
      1427,
      1427,
      1427,
      1422,
      1422,
      1422,
      1422,
      1422,
      1422,
      1422,
      1422,
      1422,
      1422,
      1422,
      1425,
      1425,
      1425,
      1425,
      1425,
      1425,
      1425,
      1425,
      1425,
      1425,
      1425,
      1410,
      1410,
      1410,
      1410,
      1410,
      1410,
      1410,
      1410,
      1439,
      1439,
      1439,
      1439,
      0,
      0,
      0,
      0,
      0,
      0,
      0,
      0,
      1450,
      1450,
      1450,
      1450,
      1450,
      1450,
      1440,
      1440,
      1440,
      1440,
      1440,
      1440,
      1440,
      1440,
      1440,
      1440,
      1440,
      1440,
      1411,
      1411,
      1411,
      1411,
      1411,
      1411,
      1411,
      1411,
      1411,
      1443,
      1443,
      1443,
      1443,
      0,
      0,
      0,
      0,
      0,
      0,
      0,
      0,
      0,
      0,
      0,
      0,
      0,
      0,
      0,
      0,
      0,
      0,
      0,
      0,
      0,
      0,
      0,
      0,
      0,
      0,
      0,
      0,
      0,
      0,
      0,
      0,
      0,
      0,
      0,
      0,
      0,
      0,
      0,
      0,
      0,
      0,
      0,
      0,
      0,
      0,
      0,
      0,
      1412,
      1412,
      1412,
      1412,
      1412,
      1412,
      1412,
      1412,
      1412,
      1412,
      1412,
      1412,
      1412,
      1412,
      1412,
      0,
      0,
      0,
      0,
      0,
      0,
      0,
      0,
      0,
      0,
      0,
      0,
      0,
      1406,
      1406,
      1406,
      1406,
      1406,
      1406,
      1406,
      1406,
      1406,
      1406,
      1406,
      1396,
      1396,
      1396,
      1396,
      1396,
      1396,
      1396,
      1396,
      1396,
      0,
      0,
      0,
      0,
      0,
      0,
      0,
      0,
      0,
      0,
      0,
      0,
      0,
      0,
      0,
      0,
      0,
      0,
      1428,
      1428,
      1428,
      1428,
      0,
      0,
      0,
      0,
      0,
      0,
      0,
      0,
      0,
      0,
      1418,
      1418,
      1418,
      1418,
      1418,
      1418,
      1418,
      1418,
      1418,
      1388,
      1388,
      1388,
      1388,
      1398,
      1398,
      1398,
      1398,
      1426,
      1426,
      1426,
      1426,
      1426,
      1426,
      1453,
      1453,
      1453,
      0,
      0,
      0,
      0,
      0,
      0,
      0,
      0,
      0,
      0,
      0,
      0,
      0,
      1434,
      1434,
      1434,
      1434,
      1434,
      1434,
      1434,
      1434,
      0,
      0,
      0,
      0,
      0,
      0,
      0,
      0,
      0,
      0,
      0,
      1413,
      1413,
      1413,
      1413,
      1413,
      1413,
      1416,
      1416,
      1416,
      1416,
      1416,
      1416,
      1416,
      1416,
      1416,
      1416,
      1416,
      1416,
      1391,
      1391,
      1391,
      1391,
      1391,
      1391,
      1391,
      1430,
      1430,
      1430,
      1430,
      1430,
      1430,
      1430,
      1430,
      0,
      0,
      0,
      0,
      0,
      0,
      0,
      1404,
      1404,
      1404,
      1404,
      1404,
      1404,
      1404,
      1404,
      1414,
      1414,
      1414,
      1414,
      1414,
      1414,
      1414,
      1419,
      1419,
      1419,
      1419,
      1419,
      1419,
      1419,
      1419,
      1419,
      1419,
      1419,
      1419,
      1419,
      1419,
      1419,
      1419,
      1419,
      1419
    ],
    [
      1423,
      1423,
      1423,
      1423,
      1423,
      1423,
      1423,
      1435,
      1435,
      1435,
      1435,
      1435,
      0,
      0,
      0,
      0,
      0,
      0,
      0,
      0,
      0,
      0,
      0,
      0,
      0,
      0,
      0,
      0,
      1407,
      1407,
      1407,
      1407,
      1407,
      1407,
      1407,
      0,
      0,
      0,
      0,
      0,
      0,
      0,
      0,
      0,
      0,
      0,
      1401,
      1401,
      1420,
      1420,
      1420,
      1420,
      1420,
      1420,
      1420,
      1420,
      1420,
      1420,
      1420,
      1402,
      1402,
      1424,
      1424,
      1424,
      1424,
      1424,
      1415,
      1415,
      1415,
      1415,
      1415,
      1415,
      1415,
      1415,
      1415,
      1415,
      1415,
      1415,
      1415,
      1415,
      1415,
      1415,
      0,
      0,
      0,
      0,
      0,
      0,
      0,
      0,
      0,
      0,
      0,
      0,
      0,
      0,
      0,
      1432,
      1432,
      1432,
      1432,
      1432,
      1432,
      1432,
      1432,
      1384,
      1384,
      1384,
      1417,
      1417,
      1417,
      1417,
      1417,
      1417,
      1417,
      1456,
      1456,
      1446,
      1446,
      1446,
      1446,
      1409,
      1409,
      1409,
      1409,
      1409,
      1409,
      1409,
      1409,
      1409,
      1409,
      1409,
      1409,
      1409,
      1409,
      0,
      0,
      0,
      0,
      0,
      0,
      0,
      0,
      0,
      0,
      0,
      0,
      1408,
      1408,
      1442,
      1442,
      1442,
      1442,
      1442,
      1442,
      1442,
      1442,
      1442,
      1442,
      1421,
      1421,
      1421,
      1421,
      1421,
      1421,
      1421,
      1421,
      1421,
      1427,
      1427,
      1427,
      1427,
      1427,
      1427,
      1427,
      1427,
      1427,
      1427,
      1427,
      1427,
      1422,
      1422,
      1422,
      1422,
      1422,
      1422,
      1422,
      1422,
      1422,
      1422,
      1422,
      1422,
      1425,
      1425,
      1425,
      1425,
      1425,
      1425,
      1425,
      1425,
      1425,
      1425,
      1410,
      1410,
      1410,
      1410,
      1410,
      1410,
      1410,
      1410,
      1439,
      1439,
      1439,
      1439,
      0,
      0,
      0,
      0,
      0,
      0,
      0,
      0,
      1450,
      1450,
      1450,
      1450,
      1450,
      1450,
      1440,
      1440,
      1440,
      1440,
      1440,
      1440,
      1440,
      1440,
      1440,
      1440,
      1440,
      1440,
      1411,
      1411,
      1411,
      1411,
      1411,
      1411,
      1411,
      1411,
      1411,
      1443,
      1443,
      1443,
      1443,
      0,
      0,
      0,
      0,
      0,
      0,
      0,
      0,
      0,
      0,
      0,
      0,
      0,
      0,
      0,
      0,
      0,
      0,
      0,
      0,
      0,
      0,
      0,
      0,
      0,
      0,
      0,
      0,
      0,
      0,
      0,
      0,
      0,
      0,
      0,
      0,
      0,
      0,
      0,
      0,
      0,
      0,
      0,
      0,
      0,
      0,
      0,
      1412,
      1412,
      1412,
      1412,
      1412,
      1412,
      1412,
      1412,
      1412,
      1412,
      1412,
      1412,
      1412,
      1412,
      1412,
      1412,
      0,
      0,
      0,
      0,
      0,
      0,
      0,
      0,
      0,
      0,
      0,
      1433,
      1433,
      1433,
      1433,
      1433,
      1433,
      1433,
      1444,
      1444,
      1406,
      1406,
      1406,
      1406,
      1406,
      1406,
      1406,
      1406,
      1406,
      0,
      0,
      0,
      0,
      0,
      0,
      0,
      0,
      0,
      0,
      0,
      0,
      0,
      0,
      0,
      0,
      0,
      0,
      0,
      0,
      0,
      0,
      1428,
      1428,
      1428,
      1428,
      1428,
      0,
      0,
      0,
      0,
      0,
      0,
      0,
      0,
      0,
      1418,
      1418,
      1418,
      1418,
      1418,
      1418,
      1418,
      1418,
      1418,
      1388,
      1388,
      1388,
      1388,
      1398,
      1398,
      1398,
      1398,
      1426,
      1426,
      1426,
      1426,
      1426,
      1426,
      1453,
      1453,
      1453,
      0,
      0,
      0,
      0,
      0,
      0,
      0,
      0,
      0,
      1434,
      1434,
      1434,
      1434,
      1434,
      1434,
      1434,
      1434,
      1434,
      1434,
      1434,
      1434,
      0,
      0,
      0,
      0,
      0,
      0,
      0,
      0,
      0,
      0,
      0,
      1413,
      1413,
      1413,
      1413,
      1413,
      1413,
      1416,
      1416,
      1416,
      1416,
      1416,
      1416,
      1429,
      1429,
      1429,
      1429,
      1429,
      1429,
      1429,
      1391,
      1391,
      1391,
      1391,
      1391,
      1460,
      1430,
      1430,
      1430,
      1430,
      1430,
      1430,
      1430,
      1430,
      0,
      0,
      0,
      0,
      0,
      0,
      0,
      1404,
      1404,
      1404,
      1404,
      1404,
      1404,
      1404,
      1414,
      1414,
      1414,
      1414,
      1414,
      1414,
      1414,
      1414,
      1419,
      1419,
      1419,
      1419,
      1419,
      1419,
      1419,
      1419,
      1419,
      1419,
      1419,
      1419,
      1419,
      1419,
      1419,
      1419,
      1419,
      1419
    ],
    [
      1423,
      1423,
      1423,
      1423,
      1423,
      1423,
      1423,
      1435,
      1435,
      1435,
      1435,
      1435,
      1435,
      1435,
      0,
      0,
      0,
      0,
      0,
      0,
      0,
      0,
      0,
      0,
      0,
      0,
      0,
      0,
      0,
      0,
      0,
      0,
      0,
      0,
      0,
      0,
      0,
      0,
      0,
      0,
      0,
      0,
      0,
      0,
      0,
      1448,
      1401,
      1401,
      1420,
      1420,
      1420,
      1420,
      1420,
      1420,
      1420,
      1420,
      1420,
      1420,
      1420,
      1402,
      1402,
      1424,
      1424,
      1424,
      1424,
      1424,
      1415,
      1415,
      1415,
      1415,
      1415,
      1415,
      1415,
      1415,
      1415,
      1415,
      1415,
      1415,
      1415,
      1415,
      1415,
      1415,
      1415,
      0,
      0,
      0,
      0,
      0,
      0,
      0,
      0,
      0,
      0,
      0,
      0,
      0,
      1432,
      1432,
      1432,
      1432,
      1432,
      1432,
      1432,
      1432,
      1432,
      1432,
      1384,
      1384,
      1417,
      1417,
      1417,
      1417,
      1417,
      1417,
      1417,
      1456,
      1456,
      1446,
      1446,
      1446,
      1446,
      1446,
      1446,
      1446,
      1409,
      1409,
      1409,
      1409,
      1409,
      1409,
      1457,
      1457,
      1457,
      1457,
      1457,
      0,
      0,
      0,
      0,
      0,
      0,
      0,
      0,
      0,
      1442,
      1442,
      1442,
      1442,
      1442,
      1442,
      1442,
      1442,
      1442,
      1442,
      1442,
      1442,
      1442,
      1442,
      1421,
      1421,
      1421,
      1421,
      1421,
      1421,
      1421,
      1421,
      1421,
      1421,
      1427,
      1427,
      1427,
      1427,
      1427,
      1427,
      1427,
      1427,
      1427,
      1427,
      1427,
      1427,
      1422,
      1422,
      1422,
      1422,
      1422,
      1422,
      1422,
      1422,
      1422,
      1422,
      1422,
      1422,
      1422,
      1422,
      1438,
      1438,
      1425,
      1425,
      1425,
      1425,
      1425,
      1425,
      1425,
      1425,
      1425,
      1425,
      1425,
      1425,
      1425,
      1439,
      1439,
      1439,
      1439,
      1439,
      0,
      0,
      0,
      0,
      0,
      0,
      0,
      0,
      1450,
      1450,
      1450,
      1450,
      1450,
      1450,
      0,
      0,
      0,
      0,
      1440,
      1440,
      1440,
      1440,
      1440,
      1440,
      1440,
      1440,
      1440,
      1411,
      1411,
      1411,
      1411,
      1411,
      1411,
      1411,
      1411,
      1443,
      1443,
      1443,
      1443,
      0,
      0,
      0,
      0,
      0,
      0,
      0,
      0,
      0,
      0,
      0,
      0,
      0,
      0,
      0,
      0,
      0,
      0,
      0,
      0,
      0,
      0,
      0,
      0,
      0,
      0,
      0,
      0,
      0,
      0,
      0,
      0,
      0,
      0,
      0,
      0,
      0,
      0,
      0,
      0,
      0,
      0,
      0,
      0,
      0,
      0,
      0,
      0,
      0,
      0,
      0,
      0,
      1447,
      1447,
      1447,
      1447,
      1447,
      1447,
      1412,
      1412,
      1412,
      1412,
      1412,
      0,
      0,
      0,
      0,
      0,
      0,
      0,
      0,
      0,
      0,
      1470,
      1433,
      1433,
      1433,
      1433,
      1433,
      1433,
      1433,
      1444,
      1444,
      1444,
      1406,
      1406,
      1406,
      1406,
      1406,
      1406,
      1406,
      0,
      0,
      0,
      0,
      0,
      0,
      0,
      0,
      0,
      0,
      0,
      0,
      0,
      0,
      0,
      0,
      0,
      0,
      0,
      0,
      0,
      0,
      0,
      1428,
      1428,
      1428,
      1428,
      1428,
      0,
      0,
      0,
      0,
      0,
      0,
      0,
      0,
      0,
      1418,
      1418,
      1418,
      1418,
      1418,
      1418,
      1418,
      1418,
      1418,
      1388,
      1388,
      0,
      1398,
      1398,
      1398,
      1398,
      1398,
      1426,
      1426,
      1426,
      1426,
      1426,
      1426,
      1453,
      1453,
      1453,
      0,
      0,
      0,
      0,
      0,
      0,
      0,
      0,
      1434,
      1434,
      1434,
      1434,
      1434,
      1434,
      1434,
      1434,
      1434,
      1434,
      1434,
      1434,
      1434,
      1434,
      1434,
      1434,
      0,
      0,
      0,
      0,
      0,
      0,
      0,
      0,
      1413,
      1413,
      1413,
      1413,
      1413,
      1445,
      1445,
      1445,
      1445,
      1416,
      1416,
      1416,
      1429,
      1429,
      1429,
      1429,
      1429,
      1429,
      1429,
      1460,
      1460,
      1460,
      1391,
      1460,
      1460,
      1430,
      1430,
      1430,
      1430,
      1430,
      1430,
      1430,
      1430,
      0,
      0,
      0,
      0,
      0,
      0,
      0,
      1404,
      1404,
      1404,
      1404,
      1404,
      0,
      0,
      1431,
      1431,
      1431,
      1431,
      1431,
      1414,
      1414,
      1414,
      1419,
      1419,
      1419,
      1419,
      1419,
      1419,
      1419,
      1419,
      1419,
      1419,
      1419,
      1419,
      1419,
      1419,
      1419,
      1419,
      1419,
      1419
    ],
    [
      1423,
      1423,
      1423,
      1423,
      1423,
      1423,
      1423,
      1435,
      1435,
      1435,
      1435,
      1435,
      1435,
      1435,
      0,
      0,
      0,
      0,
      0,
      0,
      0,
      0,
      0,
      0,
      0,
      0,
      0,
      0,
      0,
      0,
      0,
      0,
      0,
      0,
      0,
      0,
      0,
      0,
      0,
      0,
      0,
      0,
      0,
      0,
      0,
      1448,
      1448,
      1448,
      1420,
      1420,
      1420,
      1420,
      1420,
      1420,
      1420,
      1420,
      1420,
      1424,
      1424,
      1424,
      1424,
      1424,
      1424,
      1424,
      1424,
      1424,
      1415,
      1415,
      1415,
      1415,
      1415,
      1415,
      1415,
      1415,
      1415,
      1415,
      1436,
      1436,
      1436,
      1436,
      1436,
      1436,
      1436,
      1436,
      0,
      0,
      0,
      0,
      0,
      0,
      0,
      0,
      0,
      0,
      0,
      0,
      1432,
      1432,
      1432,
      1432,
      1432,
      1432,
      1432,
      1432,
      1432,
      1432,
      1441,
      1441,
      1417,
      1417,
      1417,
      1417,
      1417,
      1417,
      1417,
      1456,
      1456,
      1446,
      1446,
      1446,
      1446,
      1446,
      1446,
      1446,
      1409,
      1409,
      1409,
      1409,
      1457,
      1457,
      1457,
      1437,
      1437,
      1437,
      1437,
      1437,
      0,
      0,
      0,
      0,
      0,
      0,
      0,
      0,
      1442,
      1442,
      1442,
      1442,
      1442,
      1442,
      1442,
      1442,
      1442,
      1442,
      1442,
      1442,
      1442,
      1442,
      1442,
      1442,
      1442,
      1442,
      1449,
      1449,
      1449,
      1449,
      1427,
      1427,
      1427,
      1427,
      1427,
      1427,
      1427,
      1427,
      1427,
      1427,
      1427,
      1427,
      1427,
      1427,
      1422,
      1422,
      1422,
      1422,
      1422,
      1422,
      1422,
      1422,
      1422,
      1422,
      1422,
      1422,
      1422,
      1438,
      1438,
      1438,
      1425,
      1425,
      1425,
      1425,
      1425,
      1425,
      1425,
      1425,
      1425,
      1425,
      1425,
      1425,
      1425,
      1439,
      1439,
      1439,
      1439,
      1439,
      1439,
      1439,
      0,
      0,
      0,
      0,
      0,
      0,
      1450,
      1450,
      1450,
      1450,
      1450,
      1450,
      0,
      0,
      0,
      0,
      1440,
      1440,
      1440,
      1440,
      1440,
      1440,
      1440,
      1440,
      1440,
      1440,
      1411,
      1411,
      1411,
      1411,
      1411,
      1411,
      1411,
      1443,
      1443,
      1443,
      1443,
      0,
      0,
      0,
      0,
      0,
      0,
      0,
      0,
      0,
      0,
      0,
      0,
      0,
      0,
      0,
      0,
      0,
      0,
      0,
      0,
      0,
      0,
      0,
      0,
      0,
      0,
      0,
      0,
      0,
      0,
      0,
      0,
      0,
      0,
      0,
      0,
      0,
      0,
      0,
      0,
      0,
      0,
      0,
      0,
      0,
      0,
      0,
      0,
      0,
      0,
      0,
      0,
      0,
      0,
      0,
      1447,
      1447,
      1447,
      1412,
      1412,
      1412,
      1412,
      1412,
      0,
      0,
      0,
      0,
      0,
      0,
      0,
      0,
      0,
      1470,
      1470,
      1433,
      1433,
      1433,
      1433,
      1433,
      1433,
      1433,
      1444,
      1444,
      1444,
      1406,
      1406,
      1406,
      1406,
      1406,
      1406,
      1406,
      0,
      0,
      0,
      0,
      0,
      0,
      0,
      0,
      0,
      0,
      0,
      0,
      0,
      0,
      0,
      0,
      0,
      0,
      0,
      0,
      0,
      0,
      0,
      1428,
      1428,
      1428,
      1428,
      1428,
      0,
      0,
      0,
      0,
      0,
      0,
      0,
      0,
      0,
      1418,
      1418,
      1418,
      1418,
      1418,
      1418,
      1418,
      1418,
      1418,
      1388,
      0,
      0,
      0,
      0,
      1398,
      0,
      1474,
      1426,
      1426,
      1426,
      1426,
      1426,
      1426,
      1453,
      1453,
      1453,
      0,
      0,
      0,
      0,
      0,
      0,
      1434,
      1434,
      1434,
      1434,
      1434,
      1434,
      1434,
      1434,
      1434,
      1434,
      1434,
      1434,
      1434,
      1434,
      1434,
      1434,
      1434,
      1459,
      1459,
      1459,
      1459,
      1459,
      1459,
      1459,
      1459,
      1459,
      1445,
      1445,
      1445,
      1445,
      1445,
      1445,
      1445,
      1445,
      1445,
      1445,
      1416,
      1416,
      1429,
      1429,
      1429,
      1429,
      1429,
      1429,
      1429,
      1460,
      1460,
      1460,
      1460,
      1460,
      1460,
      1430,
      1430,
      1430,
      1430,
      1430,
      1430,
      1430,
      1430,
      0,
      0,
      0,
      0,
      0,
      0,
      0,
      1404,
      1404,
      1404,
      1404,
      1404,
      0,
      0,
      1431,
      1431,
      1431,
      1431,
      1431,
      1414,
      1414,
      1414,
      1419,
      1419,
      1419,
      1419,
      1419,
      1419,
      1419,
      1419,
      1419,
      1419,
      1419,
      1419,
      1419,
      1419,
      1419,
      1419,
      1419,
      1419
    ],
    [
      1423,
      1423,
      1423,
      1423,
      1423,
      1435,
      1435,
      1435,
      1435,
      1435,
      1435,
      1435,
      1435,
      1435,
      1435,
      0,
      0,
      0,
      0,
      0,
      0,
      0,
      0,
      0,
      0,
      0,
      0,
      0,
      0,
      0,
      0,
      0,
      0,
      0,
      0,
      0,
      0,
      0,
      0,
      0,
      0,
      0,
      0,
      0,
      0,
      1448,
      1448,
      1448,
      1420,
      1420,
      1420,
      1420,
      1420,
      1420,
      1420,
      1420,
      1424,
      1424,
      1424,
      1424,
      1424,
      1424,
      1424,
      1424,
      1424,
      1424,
      1415,
      1415,
      1415,
      1415,
      1415,
      1415,
      1415,
      1415,
      1415,
      1415,
      1436,
      1436,
      1436,
      1436,
      1436,
      1436,
      1436,
      1436,
      0,
      0,
      0,
      0,
      0,
      0,
      0,
      0,
      0,
      0,
      0,
      0,
      1432,
      1432,
      1432,
      1432,
      1432,
      1432,
      1432,
      1432,
      1432,
      1432,
      1441,
      1441,
      1441,
      1441,
      1417,
      1417,
      1417,
      1417,
      1456,
      1456,
      1456,
      1446,
      1446,
      1446,
      1446,
      1446,
      1446,
      1446,
      1409,
      1409,
      1409,
      1409,
      1457,
      1457,
      1457,
      1437,
      1437,
      1437,
      1437,
      1437,
      1437,
      1437,
      0,
      0,
      0,
      0,
      1476,
      1476,
      1442,
      1442,
      1442,
      1442,
      1442,
      1442,
      1442,
      1442,
      1442,
      1442,
      1442,
      1442,
      1442,
      1442,
      1442,
      1442,
      1442,
      1442,
      1449,
      1449,
      1449,
      1449,
      1449,
      1449,
      1449,
      1449,
      1449,
      1449,
      1449,
      1427,
      1427,
      1427,
      1427,
      1427,
      1427,
      1427,
      1422,
      1422,
      1422,
      1422,
      1422,
      1438,
      1438,
      1438,
      1438,
      1438,
      1438,
      1438,
      1438,
      1438,
      1438,
      1438,
      1425,
      1425,
      1425,
      1425,
      1425,
      1425,
      1425,
      1425,
      1455,
      1455,
      1455,
      1455,
      1439,
      1439,
      1439,
      1439,
      1439,
      1439,
      1439,
      1439,
      1439,
      1439,
      1450,
      1450,
      1450,
      1450,
      1450,
      1450,
      1450,
      1450,
      1450,
      1450,
      1450,
      0,
      0,
      0,
      1440,
      1440,
      1440,
      1440,
      1440,
      1440,
      1440,
      1440,
      1440,
      1440,
      1440,
      1443,
      1443,
      1443,
      1443,
      1443,
      1443,
      1443,
      1443,
      1443,
      1443,
      0,
      0,
      0,
      0,
      0,
      0,
      0,
      0,
      0,
      0,
      0,
      0,
      0,
      0,
      0,
      0,
      0,
      1482,
      1451,
      1451,
      1451,
      1451,
      1451,
      1451,
      1451,
      0,
      0,
      0,
      0,
      0,
      0,
      0,
      0,
      0,
      0,
      0,
      0,
      0,
      0,
      0,
      0,
      0,
      0,
      0,
      0,
      0,
      0,
      0,
      0,
      0,
      0,
      0,
      0,
      0,
      0,
      1447,
      1447,
      1447,
      1447,
      1447,
      1447,
      1447,
      1447,
      0,
      0,
      0,
      0,
      0,
      0,
      0,
      1470,
      1470,
      1470,
      1470,
      1433,
      1433,
      1433,
      1433,
      1433,
      1433,
      1433,
      1444,
      1444,
      1444,
      1444,
      1444,
      1444,
      1444,
      1444,
      0,
      0,
      0,
      0,
      0,
      0,
      0,
      0,
      0,
      0,
      0,
      0,
      0,
      0,
      0,
      0,
      0,
      0,
      0,
      0,
      0,
      0,
      0,
      0,
      0,
      1428,
      1428,
      1428,
      1428,
      1428,
      0,
      0,
      0,
      0,
      0,
      0,
      0,
      0,
      0,
      0,
      1418,
      1418,
      1418,
      1418,
      1418,
      1418,
      1418,
      1418,
      1388,
      0,
      0,
      0,
      0,
      0,
      0,
      1474,
      1426,
      1426,
      1426,
      1426,
      1426,
      1426,
      1453,
      1453,
      1453,
      0,
      0,
      0,
      0,
      0,
      1434,
      1434,
      1434,
      1434,
      1434,
      1434,
      1434,
      1434,
      1434,
      1434,
      1434,
      1434,
      1434,
      1434,
      1434,
      1434,
      1459,
      1459,
      1459,
      1459,
      1459,
      1459,
      1459,
      1459,
      1459,
      1459,
      1459,
      1445,
      1445,
      1445,
      1445,
      1445,
      1445,
      1445,
      1445,
      1445,
      1445,
      1445,
      1416,
      1429,
      1429,
      1429,
      1429,
      1429,
      1429,
      1429,
      1460,
      1460,
      1460,
      1460,
      1460,
      1460,
      1430,
      1430,
      1430,
      1430,
      1430,
      1430,
      1430,
      1430,
      0,
      0,
      0,
      0,
      0,
      0,
      0,
      0,
      0,
      0,
      0,
      0,
      0,
      0,
      1431,
      1431,
      1431,
      1431,
      1431,
      1414,
      1414,
      1414,
      1419,
      1419,
      1419,
      1419,
      1419,
      1419,
      1419,
      1419,
      1419,
      1419,
      1419,
      1419,
      1419,
      1419,
      1419,
      1419,
      1419,
      1419
    ],
    [
      1435,
      1435,
      1435,
      1435,
      1435,
      1435,
      1435,
      1435,
      1435,
      1435,
      1435,
      1435,
      1435,
      1435,
      1435,
      0,
      0,
      0,
      0,
      0,
      0,
      0,
      0,
      0,
      0,
      0,
      0,
      0,
      0,
      0,
      0,
      0,
      0,
      0,
      0,
      0,
      0,
      0,
      0,
      0,
      0,
      0,
      0,
      0,
      0,
      1448,
      1448,
      1448,
      1420,
      1420,
      1420,
      1420,
      1420,
      1420,
      1420,
      1420,
      1424,
      1424,
      1424,
      1424,
      1424,
      1424,
      1424,
      1424,
      1424,
      1424,
      1415,
      1415,
      1415,
      1415,
      1415,
      1415,
      1415,
      1415,
      1415,
      1415,
      1436,
      1436,
      1436,
      1436,
      1436,
      1436,
      1436,
      1436,
      0,
      0,
      0,
      0,
      0,
      0,
      0,
      0,
      0,
      0,
      0,
      0,
      0,
      1432,
      1432,
      1432,
      1432,
      1432,
      1432,
      1432,
      1432,
      1432,
      1441,
      1441,
      1441,
      1441,
      1441,
      1456,
      1456,
      1456,
      1456,
      1456,
      1456,
      1446,
      1446,
      1446,
      1446,
      1446,
      1446,
      1446,
      1446,
      1446,
      1446,
      1446,
      1457,
      1457,
      1457,
      1437,
      1437,
      1437,
      1437,
      1437,
      1437,
      1437,
      1437,
      1476,
      1476,
      1476,
      1476,
      1476,
      1442,
      1442,
      1442,
      1442,
      1442,
      1442,
      1442,
      1442,
      1442,
      1442,
      1442,
      1442,
      1442,
      1442,
      1442,
      1442,
      1449,
      1449,
      1449,
      1449,
      1449,
      1449,
      1449,
      1449,
      1449,
      1449,
      1449,
      1449,
      1449,
      1427,
      1427,
      1427,
      1427,
      1427,
      1427,
      1427,
      1422,
      1422,
      1422,
      1422,
      1422,
      1438,
      1438,
      1438,
      1438,
      1438,
      1438,
      1438,
      1438,
      1438,
      1438,
      1438,
      1425,
      1425,
      1425,
      1425,
      1425,
      1425,
      1425,
      1425,
      1455,
      1455,
      1455,
      1455,
      1439,
      1439,
      1439,
      1439,
      1439,
      1439,
      1439,
      1439,
      1439,
      1439,
      1450,
      1450,
      1450,
      1450,
      1450,
      1450,
      1450,
      1450,
      1450,
      1450,
      1450,
      0,
      0,
      0,
      1440,
      1440,
      1440,
      1440,
      1440,
      1440,
      1440,
      1440,
      1440,
      1440,
      1440,
      1443,
      1443,
      1443,
      1443,
      1443,
      1443,
      1443,
      1443,
      1443,
      1443,
      0,
      0,
      0,
      0,
      0,
      0,
      0,
      1458,
      1458,
      0,
      0,
      0,
      0,
      0,
      0,
      0,
      1482,
      1482,
      1451,
      1451,
      1451,
      1451,
      1451,
      1451,
      1451,
      1451,
      0,
      0,
      0,
      0,
      0,
      0,
      0,
      0,
      0,
      0,
      0,
      0,
      0,
      0,
      0,
      0,
      0,
      0,
      0,
      0,
      0,
      0,
      0,
      0,
      0,
      0,
      0,
      0,
      0,
      1447,
      1447,
      1447,
      1447,
      1447,
      1447,
      1447,
      1447,
      0,
      0,
      0,
      0,
      0,
      0,
      1473,
      1470,
      1470,
      1470,
      1470,
      1433,
      1433,
      1433,
      1433,
      1433,
      1433,
      1433,
      1444,
      1444,
      1444,
      1444,
      1444,
      1444,
      1444,
      1452,
      1452,
      1452,
      1452,
      1452,
      1452,
      1452,
      0,
      0,
      0,
      0,
      0,
      0,
      0,
      0,
      0,
      0,
      0,
      0,
      0,
      0,
      0,
      0,
      0,
      0,
      0,
      1428,
      0,
      0,
      0,
      0,
      0,
      0,
      0,
      0,
      0,
      0,
      0,
      0,
      0,
      0,
      0,
      1418,
      1418,
      1418,
      1418,
      1418,
      1418,
      1418,
      0,
      0,
      0,
      0,
      0,
      0,
      0,
      1474,
      1474,
      1426,
      1426,
      1426,
      1426,
      1426,
      1453,
      1453,
      1453,
      1453,
      1453,
      1453,
      1453,
      1453,
      1434,
      1434,
      1434,
      1434,
      1434,
      1434,
      1434,
      1434,
      1434,
      1434,
      1434,
      1434,
      1434,
      1434,
      1434,
      1459,
      1459,
      1459,
      1459,
      1459,
      1459,
      1459,
      1459,
      1459,
      1459,
      1459,
      1459,
      1445,
      1445,
      1445,
      1445,
      1445,
      1445,
      1445,
      1445,
      1445,
      1445,
      1445,
      1445,
      1445,
      1429,
      1429,
      1429,
      1429,
      1429,
      1460,
      1460,
      1460,
      1460,
      1460,
      1460,
      1460,
      1430,
      1430,
      1430,
      1430,
      1430,
      1430,
      1430,
      1430,
      0,
      0,
      0,
      0,
      0,
      0,
      0,
      0,
      0,
      0,
      0,
      0,
      0,
      0,
      1431,
      1431,
      1431,
      1431,
      1431,
      1431,
      1414,
      1414,
      1419,
      1419,
      1419,
      1419,
      1419,
      1419,
      1419,
      1461,
      1461,
      1461,
      1461,
      1461,
      1461,
      1461,
      1461,
      1461,
      1461,
      1461
    ],
    [
      1435,
      1435,
      1435,
      1435,
      1435,
      1435,
      1435,
      1435,
      1435,
      1435,
      1435,
      1435,
      1435,
      1435,
      1435,
      0,
      0,
      0,
      0,
      0,
      0,
      0,
      0,
      0,
      0,
      0,
      0,
      0,
      0,
      0,
      0,
      0,
      0,
      0,
      0,
      0,
      0,
      1448,
      1448,
      1448,
      1448,
      1448,
      1448,
      1448,
      1448,
      1448,
      1448,
      1448,
      1420,
      1420,
      1420,
      1420,
      1420,
      1420,
      0,
      0,
      0,
      0,
      0,
      0,
      0,
      0,
      0,
      1424,
      1424,
      1424,
      1415,
      1415,
      1415,
      1415,
      1415,
      1415,
      1415,
      1415,
      1415,
      1415,
      1436,
      1436,
      1436,
      1436,
      1436,
      1436,
      1436,
      1436,
      0,
      0,
      0,
      0,
      0,
      0,
      0,
      0,
      0,
      0,
      0,
      0,
      0,
      0,
      0,
      1432,
      1432,
      1432,
      1432,
      1432,
      1441,
      1441,
      1441,
      1441,
      1441,
      1441,
      1441,
      1456,
      1456,
      1456,
      1456,
      1456,
      1456,
      1446,
      1446,
      1446,
      1446,
      1446,
      1446,
      1446,
      1446,
      1446,
      1446,
      1446,
      1457,
      1457,
      1457,
      1437,
      1437,
      1437,
      1437,
      1437,
      1437,
      1437,
      1437,
      1476,
      1476,
      1476,
      1476,
      1476,
      1442,
      1442,
      1442,
      1442,
      1442,
      1442,
      1442,
      1442,
      1442,
      1442,
      1442,
      1442,
      1442,
      1442,
      1449,
      1449,
      1449,
      1449,
      1449,
      1449,
      1449,
      1449,
      1449,
      1449,
      1449,
      1449,
      1449,
      1449,
      1449,
      1427,
      1454,
      1454,
      1454,
      1427,
      1427,
      1427,
      1422,
      1422,
      1422,
      1422,
      1422,
      1438,
      1438,
      1438,
      1438,
      1438,
      1438,
      1438,
      1438,
      1438,
      1438,
      1438,
      1425,
      1425,
      1455,
      1455,
      1455,
      1455,
      1455,
      1455,
      1455,
      1455,
      1455,
      1455,
      1439,
      1439,
      1439,
      1439,
      1439,
      1439,
      1439,
      1439,
      1439,
      1439,
      1439,
      1450,
      1450,
      1450,
      1450,
      1450,
      1450,
      1450,
      1450,
      1450,
      1450,
      0,
      0,
      0,
      1440,
      1440,
      1440,
      1440,
      1440,
      1440,
      1440,
      1440,
      1440,
      1440,
      1440,
      1440,
      1443,
      1443,
      1443,
      1443,
      1443,
      1443,
      1443,
      1443,
      1443,
      0,
      0,
      0,
      0,
      0,
      1458,
      1458,
      1458,
      1458,
      0,
      0,
      0,
      0,
      0,
      0,
      0,
      1482,
      1482,
      1451,
      1451,
      1451,
      1451,
      1451,
      1451,
      1451,
      1451,
      1477,
      0,
      0,
      0,
      0,
      0,
      0,
      0,
      0,
      0,
      0,
      0,
      0,
      0,
      0,
      0,
      0,
      0,
      0,
      0,
      0,
      0,
      0,
      0,
      0,
      0,
      0,
      0,
      1447,
      1447,
      1447,
      1447,
      1447,
      1447,
      1447,
      1447,
      0,
      0,
      0,
      0,
      0,
      1473,
      1473,
      1473,
      1470,
      1470,
      1470,
      1470,
      1433,
      1433,
      1433,
      1433,
      1433,
      1433,
      1433,
      1444,
      1444,
      1444,
      1444,
      1444,
      1444,
      1452,
      1452,
      1452,
      1452,
      1452,
      1452,
      1452,
      1452,
      1452,
      0,
      0,
      0,
      0,
      0,
      0,
      0,
      0,
      0,
      0,
      0,
      0,
      0,
      0,
      0,
      0,
      0,
      0,
      0,
      0,
      0,
      0,
      0,
      0,
      0,
      0,
      0,
      0,
      0,
      0,
      0,
      0,
      0,
      0,
      0,
      0,
      0,
      0,
      0,
      0,
      0,
      0,
      0,
      0,
      0,
      0,
      0,
      0,
      1474,
      1474,
      1453,
      1453,
      1453,
      1453,
      1453,
      1453,
      1453,
      1453,
      1453,
      1453,
      1453,
      1434,
      1434,
      1434,
      1434,
      1434,
      1434,
      1434,
      1434,
      1434,
      1434,
      1434,
      1434,
      1434,
      1434,
      1434,
      1434,
      1459,
      1459,
      1459,
      1459,
      1459,
      1459,
      1459,
      1459,
      1459,
      1459,
      1459,
      1459,
      1459,
      1445,
      1445,
      1445,
      1445,
      1445,
      1445,
      1445,
      1445,
      1445,
      1445,
      1445,
      1445,
      1445,
      1445,
      1445,
      1445,
      1445,
      1460,
      1460,
      1460,
      1460,
      1460,
      1460,
      1460,
      1460,
      1430,
      1430,
      1430,
      1430,
      1430,
      1430,
      1430,
      1430,
      0,
      0,
      0,
      0,
      0,
      0,
      0,
      0,
      0,
      0,
      0,
      0,
      0,
      0,
      0,
      0,
      1431,
      1431,
      1431,
      1431,
      1431,
      1414,
      1419,
      0,
      0,
      0,
      1419,
      1419,
      1419,
      1461,
      1461,
      1461,
      1461,
      1461,
      1461,
      1461,
      1461,
      1461,
      1461,
      1461
    ],
    [
      1435,
      1435,
      1435,
      1435,
      1435,
      1435,
      1435,
      1435,
      1435,
      1435,
      1435,
      1435,
      1435,
      1435,
      1435,
      0,
      0,
      0,
      0,
      0,
      0,
      0,
      0,
      0,
      0,
      0,
      0,
      0,
      0,
      0,
      0,
      0,
      0,
      0,
      0,
      1462,
      1462,
      1462,
      1462,
      1462,
      1462,
      1462,
      1448,
      1448,
      1448,
      1448,
      1448,
      1448,
      1420,
      1420,
      1420,
      1420,
      1420,
      0,
      0,
      0,
      0,
      0,
      0,
      0,
      0,
      0,
      0,
      1424,
      1424,
      1424,
      1424,
      1424,
      1424,
      1424,
      1415,
      1415,
      1415,
      1415,
      1415,
      1415,
      1436,
      1436,
      1436,
      1436,
      1436,
      1436,
      1436,
      1436,
      0,
      0,
      0,
      0,
      0,
      0,
      0,
      0,
      0,
      0,
      0,
      0,
      0,
      0,
      0,
      1432,
      1432,
      1432,
      1432,
      1441,
      1441,
      1441,
      1441,
      1441,
      1441,
      1441,
      1456,
      1456,
      1456,
      1456,
      1456,
      1456,
      1456,
      1456,
      1456,
      1456,
      1446,
      1446,
      1446,
      1446,
      1446,
      1446,
      1446,
      1446,
      1457,
      1457,
      1457,
      1437,
      1437,
      1437,
      1437,
      1437,
      1437,
      1437,
      1437,
      1476,
      1476,
      1476,
      1476,
      1476,
      1442,
      1442,
      1442,
      1442,
      1442,
      1442,
      1442,
      1442,
      1442,
      1442,
      1442,
      1442,
      1442,
      1442,
      1449,
      1449,
      1449,
      1449,
      1449,
      1449,
      1449,
      1449,
      1449,
      1449,
      1449,
      1449,
      1449,
      1449,
      1449,
      1454,
      1454,
      1454,
      1454,
      1454,
      1427,
      1427,
      1422,
      1422,
      1438,
      1438,
      1438,
      1438,
      1438,
      1438,
      1438,
      1438,
      1438,
      1438,
      1438,
      1438,
      1438,
      1438,
      1425,
      1455,
      1455,
      1455,
      1455,
      1455,
      1455,
      1455,
      1455,
      1455,
      1455,
      0,
      0,
      0,
      0,
      1439,
      1439,
      1439,
      1439,
      1464,
      1464,
      1464,
      1464,
      1464,
      1464,
      1450,
      1450,
      1450,
      1450,
      1450,
      1450,
      1450,
      1450,
      0,
      0,
      0,
      0,
      1440,
      1440,
      1440,
      1440,
      1440,
      1440,
      1440,
      1440,
      1440,
      1440,
      1440,
      1440,
      1443,
      1443,
      1443,
      1443,
      1443,
      1443,
      1443,
      1443,
      0,
      0,
      0,
      1458,
      1458,
      1458,
      1458,
      1458,
      1458,
      0,
      0,
      0,
      0,
      0,
      1482,
      1482,
      1482,
      1482,
      1451,
      1451,
      1451,
      1451,
      1451,
      1451,
      1451,
      1451,
      1477,
      1477,
      1477,
      1477,
      0,
      0,
      0,
      0,
      0,
      0,
      0,
      0,
      0,
      0,
      0,
      0,
      0,
      0,
      0,
      0,
      0,
      0,
      0,
      0,
      0,
      0,
      0,
      1447,
      1447,
      1447,
      1447,
      1447,
      1447,
      1447,
      1447,
      1447,
      0,
      0,
      0,
      0,
      0,
      1473,
      1473,
      1473,
      1470,
      1470,
      1470,
      1470,
      1433,
      1433,
      1433,
      1433,
      1433,
      1433,
      1433,
      1444,
      1444,
      1444,
      1444,
      1444,
      1444,
      1452,
      1452,
      1452,
      1452,
      1452,
      1452,
      1452,
      1452,
      1452,
      0,
      0,
      0,
      0,
      0,
      0,
      0,
      0,
      0,
      0,
      0,
      0,
      0,
      0,
      0,
      0,
      0,
      0,
      0,
      0,
      0,
      0,
      0,
      0,
      0,
      0,
      0,
      0,
      0,
      0,
      0,
      0,
      0,
      0,
      0,
      0,
      0,
      0,
      0,
      0,
      0,
      0,
      0,
      0,
      0,
      0,
      0,
      0,
      1474,
      1474,
      1474,
      1453,
      1453,
      1453,
      1453,
      1453,
      1453,
      1453,
      1453,
      1453,
      1467,
      1467,
      1467,
      1467,
      1467,
      1467,
      1467,
      1467,
      1434,
      1434,
      1434,
      1434,
      1434,
      1434,
      1434,
      1434,
      1434,
      0,
      1459,
      1459,
      1459,
      1459,
      1459,
      1459,
      1459,
      1459,
      1459,
      1459,
      1459,
      1459,
      1459,
      1459,
      1459,
      1445,
      1445,
      1445,
      1445,
      1445,
      1445,
      1445,
      1445,
      1445,
      1445,
      1445,
      1445,
      1445,
      1445,
      1460,
      1460,
      1460,
      1460,
      1460,
      1460,
      1460,
      1460,
      1460,
      1460,
      1430,
      1430,
      1430,
      1430,
      1430,
      0,
      0,
      0,
      0,
      0,
      0,
      0,
      0,
      0,
      0,
      0,
      0,
      0,
      0,
      0,
      0,
      0,
      0,
      0,
      0,
      0,
      0,
      1414,
      0,
      0,
      0,
      0,
      0,
      1419,
      1419,
      1461,
      1461,
      1461,
      1461,
      1461,
      1461,
      1461,
      1461,
      1461,
      1461,
      1461
    ],
    [
      1435,
      1435,
      1435,
      1435,
      1435,
      1435,
      1435,
      1435,
      1435,
      1435,
      1435,
      1435,
      1435,
      1435,
      1435,
      0,
      0,
      0,
      0,
      0,
      0,
      0,
      0,
      0,
      0,
      0,
      0,
      0,
      0,
      0,
      0,
      0,
      0,
      0,
      0,
      1462,
      1462,
      1462,
      1462,
      1462,
      1462,
      1462,
      1462,
      1462,
      1448,
      1448,
      1448,
      1448,
      1420,
      1420,
      1420,
      1420,
      0,
      0,
      0,
      0,
      0,
      0,
      0,
      0,
      0,
      0,
      0,
      0,
      0,
      0,
      0,
      0,
      0,
      0,
      1468,
      1468,
      1468,
      1468,
      1415,
      1415,
      1436,
      1436,
      1436,
      1436,
      1436,
      1436,
      1436,
      1436,
      0,
      0,
      0,
      0,
      0,
      0,
      0,
      0,
      0,
      0,
      0,
      0,
      0,
      0,
      0,
      1432,
      1432,
      1432,
      1463,
      1463,
      1463,
      1463,
      1463,
      1463,
      1441,
      1441,
      1456,
      1456,
      1456,
      1456,
      1456,
      1456,
      1456,
      1456,
      1456,
      1456,
      1446,
      1446,
      1446,
      1446,
      1446,
      1446,
      1446,
      1446,
      1457,
      1457,
      1457,
      1457,
      1457,
      1437,
      1437,
      1437,
      1437,
      1437,
      1437,
      1476,
      1476,
      1476,
      1476,
      1476,
      1476,
      1442,
      1442,
      1442,
      1442,
      1442,
      1442,
      1442,
      1442,
      1442,
      1442,
      1442,
      1442,
      1442,
      1449,
      1449,
      1449,
      1449,
      1449,
      1449,
      1449,
      1449,
      1449,
      1449,
      1449,
      1449,
      1449,
      1449,
      1449,
      1454,
      1454,
      1454,
      1454,
      1454,
      1454,
      1427,
      1422,
      1438,
      1438,
      1438,
      1438,
      1438,
      1438,
      1438,
      1438,
      1438,
      1438,
      1438,
      1438,
      1438,
      1438,
      1438,
      1455,
      1455,
      1455,
      1455,
      1455,
      1455,
      1455,
      1455,
      1455,
      1455,
      1455,
      0,
      0,
      0,
      0,
      1439,
      1439,
      1439,
      1439,
      1464,
      1464,
      1464,
      1464,
      1464,
      1464,
      1464,
      1450,
      1450,
      1450,
      1450,
      1450,
      1450,
      1450,
      0,
      0,
      0,
      0,
      1440,
      1440,
      1440,
      1440,
      1440,
      1440,
      1440,
      1440,
      1440,
      1440,
      1440,
      1440,
      1443,
      1443,
      1443,
      1443,
      1443,
      1443,
      1443,
      1443,
      0,
      0,
      0,
      1458,
      1458,
      1458,
      1458,
      1458,
      1458,
      0,
      0,
      0,
      0,
      1482,
      1482,
      1482,
      1482,
      1482,
      1451,
      1451,
      1451,
      1451,
      1451,
      1451,
      1451,
      1451,
      1477,
      1477,
      1477,
      1477,
      1477,
      1477,
      0,
      0,
      0,
      0,
      0,
      0,
      0,
      0,
      0,
      0,
      0,
      0,
      0,
      0,
      0,
      0,
      0,
      1447,
      1447,
      1447,
      1447,
      1447,
      1447,
      1447,
      1447,
      1447,
      1447,
      1447,
      1447,
      1447,
      0,
      0,
      0,
      0,
      0,
      1473,
      1473,
      1473,
      1470,
      1470,
      1470,
      1470,
      1470,
      1444,
      1444,
      1444,
      1444,
      1444,
      1444,
      1444,
      1444,
      1444,
      1444,
      1444,
      1444,
      1452,
      1452,
      1452,
      1452,
      1452,
      1452,
      1452,
      1452,
      1452,
      0,
      0,
      0,
      0,
      0,
      0,
      0,
      0,
      0,
      0,
      0,
      0,
      0,
      0,
      0,
      0,
      0,
      0,
      0,
      0,
      0,
      0,
      0,
      0,
      0,
      0,
      0,
      0,
      0,
      0,
      0,
      0,
      0,
      0,
      0,
      0,
      0,
      0,
      0,
      0,
      0,
      0,
      0,
      0,
      0,
      0,
      0,
      0,
      1474,
      1474,
      1474,
      1453,
      1453,
      1453,
      1453,
      1453,
      1453,
      1453,
      1453,
      1467,
      1467,
      1467,
      1467,
      1467,
      1467,
      1467,
      1467,
      1467,
      1434,
      1434,
      1434,
      1434,
      1434,
      1434,
      1434,
      1434,
      0,
      0,
      1459,
      1459,
      1459,
      1459,
      1459,
      1459,
      1459,
      1459,
      1459,
      1459,
      1459,
      1459,
      1459,
      1459,
      1459,
      1445,
      1445,
      1445,
      1445,
      1445,
      1445,
      1445,
      1445,
      1445,
      1445,
      1445,
      1460,
      1460,
      1460,
      1460,
      1460,
      1460,
      1460,
      1460,
      1460,
      1460,
      1460,
      1460,
      1460,
      1460,
      1460,
      1460,
      1460,
      0,
      0,
      0,
      0,
      0,
      0,
      0,
      0,
      0,
      0,
      0,
      0,
      0,
      0,
      0,
      0,
      0,
      0,
      0,
      0,
      0,
      0,
      0,
      0,
      0,
      0,
      0,
      0,
      0,
      0,
      1419,
      1461,
      1461,
      1461,
      1461,
      1461,
      1461,
      1461,
      1461,
      1461,
      1461,
      1461
    ],
    [
      1435,
      1435,
      1435,
      1435,
      1435,
      1435,
      1435,
      1435,
      1435,
      1435,
      1435,
      1435,
      1435,
      1435,
      1435,
      0,
      0,
      0,
      0,
      0,
      0,
      0,
      0,
      0,
      0,
      0,
      0,
      0,
      0,
      0,
      0,
      0,
      0,
      0,
      0,
      1462,
      1462,
      1462,
      1462,
      1462,
      1462,
      1462,
      1462,
      1462,
      1448,
      1448,
      1448,
      1448,
      1448,
      1448,
      1448,
      1448,
      0,
      0,
      0,
      0,
      0,
      0,
      0,
      0,
      0,
      0,
      0,
      0,
      0,
      0,
      0,
      0,
      0,
      1468,
      1468,
      1468,
      1468,
      1468,
      1468,
      1415,
      1436,
      1436,
      1436,
      1436,
      1436,
      1436,
      1436,
      1436,
      0,
      0,
      0,
      0,
      0,
      0,
      0,
      0,
      0,
      0,
      0,
      0,
      0,
      0,
      0,
      1432,
      1432,
      1463,
      1463,
      1463,
      1463,
      1463,
      1463,
      1463,
      1463,
      1441,
      1456,
      1456,
      1456,
      1456,
      1456,
      1456,
      1456,
      1456,
      1456,
      1456,
      1446,
      1446,
      1446,
      1446,
      1446,
      1446,
      1446,
      1446,
      1457,
      1457,
      1457,
      1457,
      1457,
      1437,
      1437,
      1437,
      1437,
      1437,
      1437,
      1476,
      1476,
      1476,
      1476,
      1476,
      1476,
      1476,
      1442,
      1442,
      1442,
      1442,
      1442,
      1442,
      1442,
      1442,
      1442,
      1442,
      1442,
      1442,
      1449,
      1449,
      1449,
      1449,
      1449,
      1449,
      1449,
      1449,
      1449,
      1449,
      1449,
      1449,
      1449,
      1449,
      1454,
      1454,
      1454,
      1454,
      1454,
      1454,
      1454,
      1427,
      1427,
      1427,
      1427,
      1427,
      1427,
      1427,
      1438,
      1438,
      1438,
      1438,
      1438,
      1438,
      1438,
      1438,
      1438,
      1455,
      1455,
      1455,
      1455,
      1455,
      1455,
      1455,
      1455,
      1455,
      1455,
      1455,
      1455,
      0,
      0,
      0,
      0,
      0,
      1439,
      1439,
      1439,
      1464,
      1464,
      1464,
      1464,
      1464,
      1464,
      1464,
      1450,
      1450,
      1450,
      1450,
      1450,
      1450,
      1450,
      0,
      0,
      0,
      0,
      0,
      0,
      0,
      0,
      1440,
      1440,
      1440,
      1440,
      1440,
      1440,
      1440,
      1440,
      1443,
      1465,
      1465,
      1465,
      1465,
      1465,
      1465,
      1443,
      0,
      0,
      0,
      1458,
      1458,
      1458,
      1458,
      1458,
      1458,
      0,
      0,
      0,
      1482,
      1482,
      1482,
      1482,
      1482,
      1482,
      1451,
      1451,
      1451,
      1451,
      1451,
      1451,
      1451,
      1451,
      1477,
      1477,
      1477,
      1477,
      1477,
      1477,
      0,
      0,
      0,
      0,
      0,
      0,
      0,
      0,
      0,
      0,
      0,
      0,
      0,
      0,
      0,
      0,
      0,
      1447,
      1447,
      1447,
      1447,
      1447,
      1447,
      1447,
      1447,
      1447,
      1447,
      1447,
      1447,
      1447,
      0,
      0,
      0,
      0,
      0,
      1473,
      1473,
      1473,
      1470,
      1470,
      1470,
      1470,
      1470,
      1470,
      1470,
      1444,
      1444,
      1444,
      1444,
      1444,
      1444,
      1444,
      1444,
      1444,
      1444,
      1452,
      1452,
      1452,
      1452,
      1452,
      1452,
      1452,
      1452,
      1452,
      0,
      0,
      0,
      0,
      0,
      0,
      0,
      0,
      0,
      0,
      0,
      0,
      0,
      0,
      0,
      0,
      0,
      0,
      0,
      0,
      0,
      0,
      0,
      0,
      0,
      0,
      0,
      0,
      0,
      0,
      0,
      0,
      0,
      0,
      0,
      0,
      0,
      0,
      0,
      0,
      0,
      0,
      0,
      0,
      0,
      0,
      0,
      0,
      1474,
      1474,
      1474,
      1453,
      1453,
      1453,
      1453,
      1453,
      1453,
      1453,
      1466,
      1467,
      1467,
      1467,
      1467,
      1467,
      1467,
      1467,
      1467,
      1467,
      1467,
      1434,
      1434,
      1434,
      1434,
      1434,
      1434,
      1434,
      0,
      0,
      1459,
      1459,
      1459,
      1459,
      1459,
      1459,
      1459,
      1459,
      1459,
      1459,
      1459,
      1459,
      1459,
      1459,
      1459,
      1445,
      1445,
      1445,
      1445,
      1445,
      1445,
      1445,
      1445,
      1445,
      1445,
      1445,
      1460,
      1460,
      1460,
      1460,
      1460,
      1460,
      1460,
      1460,
      1460,
      1460,
      1460,
      1460,
      1460,
      1460,
      1460,
      1460,
      0,
      0,
      0,
      0,
      0,
      0,
      0,
      0,
      0,
      0,
      0,
      0,
      0,
      0,
      0,
      0,
      0,
      0,
      0,
      0,
      0,
      0,
      0,
      0,
      0,
      0,
      0,
      0,
      0,
      0,
      0,
      1419,
      1461,
      1461,
      1461,
      1461,
      1461,
      1461,
      1461,
      1461,
      1461,
      1461,
      1461
    ],
    [
      1435,
      1435,
      1435,
      1435,
      1435,
      1435,
      1435,
      1435,
      1435,
      1435,
      1435,
      1435,
      1435,
      1435,
      1435,
      0,
      0,
      0,
      0,
      0,
      0,
      0,
      0,
      0,
      0,
      0,
      0,
      0,
      0,
      0,
      0,
      0,
      0,
      0,
      0,
      1462,
      1462,
      1462,
      1462,
      1462,
      1462,
      1462,
      1462,
      1462,
      1448,
      1448,
      1448,
      1448,
      1448,
      1448,
      1448,
      0,
      0,
      0,
      0,
      0,
      0,
      0,
      0,
      0,
      0,
      0,
      0,
      0,
      0,
      0,
      0,
      0,
      1468,
      1468,
      1468,
      1468,
      1468,
      1468,
      1472,
      1472,
      1472,
      1436,
      1436,
      1436,
      1436,
      1436,
      1436,
      0,
      0,
      0,
      0,
      0,
      0,
      0,
      0,
      0,
      0,
      0,
      0,
      0,
      0,
      0,
      0,
      0,
      0,
      1463,
      1463,
      1463,
      1463,
      1463,
      1463,
      1463,
      1463,
      1463,
      1456,
      1456,
      1456,
      1456,
      1456,
      1456,
      1456,
      1456,
      1456,
      1456,
      1446,
      1446,
      1446,
      1446,
      1446,
      1446,
      1446,
      1446,
      1457,
      1457,
      1457,
      1457,
      1457,
      1437,
      1437,
      1437,
      1437,
      1437,
      1437,
      1476,
      1476,
      1476,
      1476,
      1476,
      1476,
      1476,
      1476,
      1476,
      1476,
      1476,
      1476,
      1476,
      1476,
      1476,
      1476,
      1476,
      1442,
      1442,
      1449,
      1449,
      1449,
      1449,
      1449,
      1449,
      1449,
      1449,
      1449,
      1449,
      1449,
      1449,
      1449,
      1454,
      1454,
      1454,
      1454,
      1454,
      1454,
      1454,
      1454,
      1454,
      1454,
      1454,
      1454,
      1454,
      1454,
      1454,
      1454,
      1438,
      1438,
      1438,
      1438,
      1438,
      1438,
      1438,
      1455,
      1455,
      1455,
      1455,
      1455,
      1455,
      1455,
      1455,
      1455,
      1455,
      1455,
      1455,
      1455,
      0,
      0,
      0,
      0,
      0,
      0,
      1439,
      1439,
      1464,
      1464,
      1464,
      1464,
      1464,
      1464,
      1464,
      1464,
      1450,
      1450,
      1450,
      1450,
      1450,
      1450,
      0,
      0,
      0,
      0,
      0,
      0,
      0,
      0,
      0,
      1440,
      1440,
      1440,
      1440,
      1440,
      1440,
      1440,
      1443,
      1465,
      1465,
      1465,
      1465,
      1465,
      1465,
      1465,
      0,
      0,
      0,
      1458,
      1458,
      1458,
      1458,
      1458,
      1458,
      1458,
      0,
      1482,
      1482,
      1482,
      1482,
      1482,
      1482,
      1482,
      1451,
      1451,
      1451,
      1451,
      1451,
      1451,
      1451,
      1451,
      1477,
      1477,
      1477,
      1477,
      1477,
      1477,
      0,
      0,
      0,
      0,
      0,
      0,
      0,
      0,
      0,
      0,
      0,
      0,
      0,
      0,
      0,
      0,
      1447,
      1447,
      1447,
      1447,
      1447,
      1447,
      1447,
      1447,
      1447,
      1447,
      1447,
      1447,
      1447,
      1447,
      1473,
      1473,
      1473,
      1473,
      1473,
      1473,
      1473,
      1473,
      1470,
      1470,
      1470,
      1470,
      1470,
      1470,
      1470,
      1470,
      1470,
      0,
      0,
      0,
      0,
      0,
      1444,
      1444,
      1444,
      1452,
      1452,
      1452,
      1452,
      1452,
      1452,
      1452,
      1452,
      1452,
      0,
      0,
      0,
      0,
      0,
      0,
      0,
      0,
      0,
      0,
      0,
      0,
      0,
      0,
      0,
      0,
      0,
      0,
      0,
      0,
      0,
      0,
      0,
      0,
      0,
      0,
      0,
      0,
      0,
      0,
      0,
      0,
      0,
      0,
      0,
      0,
      0,
      0,
      0,
      0,
      0,
      0,
      0,
      0,
      0,
      0,
      0,
      0,
      1474,
      1474,
      1474,
      1453,
      1453,
      1453,
      1453,
      1453,
      1466,
      1466,
      1466,
      1467,
      1467,
      1467,
      1467,
      1467,
      1467,
      1467,
      1467,
      1467,
      1467,
      1467,
      1467,
      1434,
      1434,
      1434,
      1434,
      1434,
      0,
      0,
      1459,
      1459,
      1459,
      1459,
      1459,
      1459,
      1459,
      1459,
      1459,
      1459,
      1459,
      1459,
      1459,
      1459,
      1459,
      1445,
      1445,
      1445,
      1445,
      1445,
      1445,
      1445,
      1445,
      1445,
      1445,
      1445,
      1460,
      1460,
      1460,
      1460,
      1460,
      1460,
      1460,
      1460,
      1460,
      1460,
      1460,
      1460,
      1460,
      1460,
      1460,
      1460,
      0,
      0,
      0,
      0,
      0,
      0,
      0,
      0,
      0,
      0,
      0,
      0,
      0,
      0,
      0,
      0,
      0,
      0,
      0,
      0,
      0,
      0,
      0,
      0,
      0,
      0,
      0,
      0,
      0,
      0,
      0,
      1419,
      1461,
      1461,
      1461,
      1461,
      1461,
      1461,
      1461,
      1461,
      1461,
      1461,
      1461
    ],
    [
      1435,
      1435,
      1435,
      1435,
      1435,
      1435,
      1435,
      1435,
      1435,
      1435,
      1435,
      1435,
      1435,
      0,
      0,
      0,
      0,
      0,
      0,
      0,
      0,
      0,
      0,
      0,
      0,
      0,
      0,
      0,
      0,
      0,
      0,
      0,
      0,
      0,
      0,
      1462,
      1462,
      1462,
      1462,
      1462,
      1462,
      1462,
      1462,
      1462,
      1448,
      1448,
      1448,
      1448,
      1448,
      1448,
      1448,
      0,
      0,
      0,
      0,
      0,
      0,
      0,
      0,
      0,
      0,
      0,
      0,
      0,
      0,
      0,
      0,
      1468,
      1468,
      1468,
      1468,
      1468,
      1468,
      1468,
      1472,
      1472,
      1472,
      1472,
      1472,
      1472,
      1472,
      1472,
      0,
      0,
      0,
      0,
      0,
      0,
      0,
      0,
      0,
      0,
      0,
      0,
      0,
      0,
      0,
      0,
      0,
      0,
      0,
      1463,
      1463,
      1463,
      1463,
      1463,
      1463,
      1463,
      1463,
      1463,
      1463,
      1456,
      1456,
      1456,
      1456,
      1456,
      1456,
      1456,
      1456,
      1456,
      1446,
      1446,
      1446,
      1446,
      1446,
      1446,
      1446,
      1446,
      1457,
      1457,
      1457,
      1457,
      1457,
      1437,
      1437,
      1437,
      1437,
      1437,
      1437,
      1476,
      1476,
      1476,
      1476,
      1476,
      1476,
      1476,
      1476,
      1476,
      1476,
      1476,
      1476,
      1476,
      1476,
      1476,
      1476,
      1476,
      1476,
      0,
      1449,
      1449,
      1449,
      1449,
      1449,
      1449,
      1449,
      1449,
      1449,
      1449,
      1449,
      1449,
      1454,
      1454,
      1454,
      1454,
      1454,
      1454,
      1454,
      1454,
      1454,
      1454,
      1454,
      1454,
      1454,
      1454,
      1454,
      1454,
      1454,
      1454,
      1469,
      1469,
      1469,
      1469,
      1469,
      1469,
      1455,
      1455,
      1455,
      1455,
      1455,
      1455,
      1455,
      1455,
      1455,
      1455,
      1455,
      1455,
      1455,
      0,
      0,
      0,
      0,
      0,
      0,
      0,
      1439,
      1464,
      1464,
      1464,
      1464,
      1464,
      1464,
      1464,
      1464,
      1450,
      1450,
      1450,
      1450,
      1450,
      1450,
      0,
      0,
      0,
      0,
      0,
      0,
      0,
      0,
      0,
      0,
      0,
      0,
      1440,
      1440,
      1440,
      1440,
      1443,
      1465,
      1465,
      1465,
      1465,
      1465,
      1465,
      1465,
      1458,
      0,
      0,
      1458,
      1458,
      1458,
      1458,
      1458,
      1458,
      1458,
      1482,
      1482,
      1482,
      1482,
      1482,
      1482,
      1482,
      1482,
      1482,
      1451,
      1451,
      1451,
      1451,
      1451,
      1451,
      1451,
      1477,
      1477,
      1477,
      1477,
      1477,
      1477,
      1477,
      0,
      0,
      0,
      0,
      0,
      0,
      0,
      0,
      0,
      0,
      0,
      0,
      0,
      0,
      0,
      1447,
      1447,
      1447,
      1447,
      1447,
      1447,
      1447,
      1447,
      1447,
      1447,
      1447,
      1447,
      1447,
      1447,
      1447,
      1473,
      1473,
      1473,
      1473,
      1473,
      1473,
      1473,
      1470,
      1470,
      1470,
      1470,
      1470,
      1470,
      1470,
      1470,
      1470,
      0,
      0,
      0,
      0,
      0,
      0,
      0,
      1444,
      1452,
      1452,
      1452,
      1452,
      1452,
      1452,
      1452,
      1452,
      0,
      0,
      0,
      0,
      0,
      0,
      0,
      0,
      0,
      0,
      0,
      0,
      0,
      0,
      0,
      0,
      0,
      0,
      0,
      0,
      0,
      0,
      0,
      0,
      0,
      0,
      0,
      0,
      0,
      0,
      0,
      0,
      0,
      0,
      0,
      0,
      0,
      0,
      0,
      0,
      0,
      0,
      0,
      0,
      0,
      0,
      0,
      1474,
      1474,
      1474,
      1474,
      1474,
      1474,
      1474,
      1474,
      1466,
      1466,
      1466,
      1466,
      1466,
      1467,
      1467,
      1467,
      1467,
      1467,
      1467,
      1467,
      1467,
      1467,
      1467,
      1467,
      1467,
      1434,
      1434,
      1434,
      1434,
      1434,
      0,
      0,
      1459,
      1459,
      1459,
      1459,
      1459,
      1459,
      1459,
      1459,
      1459,
      1459,
      1459,
      1459,
      1459,
      1459,
      1459,
      1445,
      1445,
      1445,
      1445,
      1445,
      1445,
      1445,
      1445,
      1445,
      1445,
      1471,
      0,
      1460,
      1460,
      1460,
      1460,
      1460,
      1460,
      1460,
      1460,
      1460,
      1460,
      1460,
      1460,
      1460,
      1460,
      1460,
      0,
      0,
      0,
      0,
      0,
      0,
      0,
      0,
      0,
      0,
      0,
      0,
      0,
      0,
      0,
      0,
      0,
      0,
      0,
      0,
      0,
      0,
      0,
      0,
      0,
      0,
      0,
      0,
      0,
      0,
      0,
      0,
      1461,
      1461,
      1461,
      1461,
      1461,
      1461,
      1461,
      1461,
      1461,
      1461,
      1461
    ],
    [
      1435,
      1435,
      1435,
      1435,
      1435,
      1435,
      1435,
      1435,
      1435,
      1435,
      1435,
      1435,
      0,
      0,
      0,
      0,
      0,
      0,
      0,
      0,
      0,
      0,
      0,
      0,
      0,
      0,
      0,
      0,
      0,
      0,
      0,
      0,
      0,
      0,
      0,
      1462,
      1462,
      1462,
      1462,
      1462,
      1462,
      1462,
      1462,
      1480,
      1448,
      1448,
      0,
      0,
      0,
      0,
      0,
      0,
      0,
      0,
      0,
      0,
      0,
      0,
      0,
      0,
      0,
      0,
      0,
      0,
      1468,
      1468,
      1468,
      1468,
      1468,
      1468,
      1468,
      1468,
      1468,
      1468,
      1472,
      1472,
      1472,
      1472,
      1472,
      1472,
      1472,
      0,
      0,
      0,
      0,
      0,
      0,
      0,
      0,
      0,
      0,
      0,
      0,
      0,
      0,
      0,
      0,
      0,
      0,
      0,
      0,
      1463,
      1463,
      1463,
      1463,
      1463,
      1463,
      1463,
      1463,
      1463,
      1463,
      1456,
      1456,
      1456,
      1456,
      1456,
      1456,
      1456,
      1456,
      1446,
      1446,
      1446,
      1446,
      1446,
      1446,
      1446,
      1446,
      1446,
      1446,
      1457,
      1457,
      1457,
      1457,
      1437,
      1437,
      1437,
      1437,
      1437,
      1437,
      1476,
      1476,
      1476,
      1476,
      1476,
      1476,
      1476,
      1476,
      1476,
      1476,
      1476,
      1476,
      1476,
      1476,
      1476,
      1476,
      1476,
      0,
      0,
      0,
      1449,
      1449,
      1449,
      1449,
      1449,
      1449,
      1449,
      1449,
      1449,
      1449,
      1449,
      1454,
      1454,
      1454,
      1454,
      1454,
      1454,
      1454,
      1454,
      1454,
      1454,
      1454,
      1454,
      1486,
      1486,
      1486,
      1486,
      1486,
      1486,
      1469,
      1469,
      1469,
      1469,
      1469,
      1469,
      1455,
      1455,
      1455,
      1455,
      1455,
      1455,
      1455,
      1455,
      1455,
      1455,
      1455,
      1455,
      1455,
      0,
      0,
      0,
      0,
      0,
      0,
      0,
      1495,
      1495,
      1464,
      1464,
      1464,
      1464,
      1464,
      1464,
      1464,
      0,
      1450,
      1450,
      1450,
      1450,
      1450,
      0,
      0,
      0,
      0,
      0,
      0,
      0,
      0,
      0,
      0,
      0,
      0,
      1440,
      1440,
      1440,
      1440,
      1443,
      1465,
      1465,
      1465,
      1465,
      1465,
      1465,
      1465,
      1458,
      1458,
      1458,
      1458,
      1458,
      1458,
      1458,
      1458,
      1458,
      1482,
      1482,
      1482,
      1482,
      1482,
      1482,
      1482,
      1482,
      1482,
      1482,
      1451,
      1451,
      1451,
      1451,
      1451,
      1451,
      1477,
      1477,
      1477,
      1477,
      1477,
      1477,
      1477,
      1477,
      0,
      0,
      0,
      0,
      0,
      0,
      0,
      0,
      0,
      0,
      0,
      0,
      0,
      0,
      1489,
      1489,
      1489,
      1489,
      1489,
      1447,
      1447,
      1447,
      1447,
      1447,
      1447,
      1447,
      1447,
      1447,
      1447,
      1447,
      1473,
      1473,
      1473,
      1473,
      1473,
      1473,
      1473,
      1470,
      1470,
      1470,
      1470,
      1470,
      1470,
      1470,
      1470,
      1470,
      0,
      0,
      0,
      0,
      0,
      0,
      0,
      0,
      0,
      0,
      0,
      0,
      0,
      0,
      0,
      0,
      0,
      0,
      0,
      0,
      0,
      0,
      0,
      0,
      0,
      0,
      0,
      0,
      0,
      0,
      0,
      0,
      0,
      0,
      0,
      0,
      0,
      0,
      0,
      0,
      0,
      0,
      0,
      0,
      0,
      0,
      0,
      0,
      0,
      0,
      0,
      0,
      0,
      0,
      0,
      0,
      0,
      0,
      0,
      0,
      0,
      0,
      1474,
      1474,
      1474,
      1474,
      1474,
      1474,
      1474,
      1474,
      1474,
      1466,
      1466,
      1466,
      1466,
      1466,
      1467,
      1467,
      1467,
      1467,
      1467,
      1467,
      1467,
      1467,
      1467,
      1467,
      1467,
      1467,
      1434,
      1434,
      1434,
      1434,
      1434,
      0,
      0,
      1459,
      1459,
      1459,
      1459,
      1459,
      1459,
      1459,
      1459,
      1459,
      1459,
      1459,
      1459,
      1459,
      1459,
      1459,
      1445,
      1445,
      1445,
      1445,
      1445,
      1445,
      1471,
      1471,
      1471,
      1471,
      1471,
      0,
      1460,
      1460,
      1460,
      1460,
      1460,
      1460,
      1490,
      1490,
      1490,
      1490,
      1490,
      1490,
      1490,
      1490,
      1490,
      0,
      0,
      0,
      0,
      0,
      0,
      0,
      0,
      0,
      0,
      0,
      0,
      0,
      0,
      0,
      0,
      0,
      0,
      0,
      0,
      0,
      0,
      0,
      0,
      0,
      0,
      0,
      0,
      0,
      0,
      0,
      0,
      0,
      1461,
      1461,
      1461,
      1461,
      1461,
      1461,
      1461,
      1461,
      1461,
      1461
    ],
    [
      1435,
      1435,
      1435,
      1435,
      1435,
      1435,
      1435,
      0,
      0,
      0,
      0,
      0,
      0,
      0,
      0,
      0,
      0,
      0,
      0,
      0,
      0,
      0,
      0,
      0,
      0,
      0,
      0,
      0,
      0,
      0,
      0,
      0,
      0,
      0,
      0,
      1462,
      1462,
      1462,
      1462,
      1462,
      1462,
      1462,
      1480,
      1480,
      1448,
      1448,
      0,
      0,
      0,
      0,
      0,
      0,
      0,
      0,
      0,
      0,
      0,
      0,
      0,
      0,
      0,
      0,
      1468,
      1468,
      1468,
      1468,
      1468,
      1468,
      1468,
      1468,
      1468,
      1468,
      1468,
      1468,
      1472,
      1472,
      1472,
      1472,
      1472,
      1472,
      1472,
      1472,
      1475,
      1475,
      1475,
      1475,
      1475,
      0,
      0,
      0,
      0,
      0,
      0,
      0,
      0,
      0,
      0,
      0,
      0,
      0,
      0,
      1463,
      1463,
      1463,
      1463,
      1463,
      1463,
      1463,
      1463,
      1463,
      1463,
      1456,
      1456,
      1456,
      1456,
      1456,
      1456,
      1456,
      1456,
      1456,
      1456,
      1456,
      1456,
      1446,
      1446,
      1446,
      1446,
      1446,
      1446,
      1446,
      1446,
      1446,
      1457,
      1437,
      1437,
      1437,
      1437,
      1437,
      1437,
      1476,
      1476,
      1476,
      1476,
      1476,
      1476,
      1476,
      1476,
      1476,
      1476,
      1476,
      1476,
      1476,
      1476,
      0,
      0,
      0,
      0,
      0,
      0,
      1449,
      1449,
      1449,
      1449,
      1449,
      1449,
      1449,
      1449,
      1449,
      1449,
      1486,
      1486,
      1486,
      1486,
      1486,
      1486,
      1486,
      1486,
      1486,
      1486,
      1486,
      1486,
      1486,
      1486,
      1486,
      1486,
      1469,
      1469,
      1469,
      1469,
      1469,
      1469,
      1469,
      1469,
      1469,
      1469,
      1455,
      1455,
      1455,
      1455,
      1455,
      1455,
      1455,
      1455,
      1455,
      1455,
      0,
      0,
      0,
      0,
      0,
      0,
      0,
      0,
      0,
      1495,
      1495,
      1495,
      1464,
      1464,
      1464,
      1464,
      1464,
      1464,
      0,
      0,
      1450,
      1450,
      1450,
      1450,
      0,
      0,
      0,
      0,
      0,
      0,
      0,
      0,
      0,
      0,
      0,
      0,
      0,
      1440,
      1440,
      1440,
      1443,
      1465,
      1465,
      1465,
      1465,
      1465,
      1465,
      1465,
      1458,
      1458,
      1458,
      1458,
      1458,
      1458,
      1458,
      1458,
      1482,
      1482,
      1482,
      1482,
      1482,
      1482,
      1482,
      1482,
      1482,
      1482,
      1482,
      1482,
      1482,
      1482,
      1482,
      1482,
      1477,
      1477,
      1477,
      1477,
      1477,
      1477,
      1477,
      1477,
      1477,
      0,
      0,
      0,
      0,
      0,
      0,
      0,
      0,
      0,
      0,
      0,
      0,
      0,
      1489,
      1489,
      1489,
      1489,
      1489,
      1489,
      1447,
      1447,
      1447,
      1447,
      1447,
      1447,
      1447,
      1447,
      1447,
      1447,
      1473,
      1473,
      1473,
      1473,
      1473,
      1473,
      1473,
      1473,
      1470,
      1470,
      1470,
      1470,
      1470,
      1470,
      1470,
      1470,
      0,
      0,
      0,
      0,
      0,
      0,
      0,
      0,
      0,
      0,
      0,
      0,
      0,
      0,
      0,
      0,
      0,
      0,
      0,
      0,
      0,
      0,
      0,
      0,
      0,
      0,
      0,
      0,
      0,
      0,
      0,
      0,
      0,
      0,
      0,
      0,
      0,
      0,
      0,
      0,
      0,
      0,
      0,
      0,
      0,
      0,
      0,
      0,
      0,
      0,
      0,
      0,
      0,
      0,
      0,
      0,
      0,
      0,
      0,
      0,
      0,
      0,
      1513,
      1474,
      1474,
      1474,
      1474,
      1474,
      1474,
      1474,
      1474,
      1474,
      1466,
      1466,
      1466,
      1466,
      1466,
      1467,
      1467,
      1467,
      1467,
      1467,
      1467,
      1467,
      1467,
      1467,
      1467,
      1467,
      1467,
      1434,
      1434,
      1434,
      0,
      0,
      0,
      0,
      1459,
      1459,
      1459,
      1459,
      1459,
      1459,
      1459,
      1459,
      1459,
      1459,
      1459,
      1459,
      1459,
      1459,
      1459,
      1471,
      1471,
      1471,
      1471,
      1471,
      1471,
      1471,
      1471,
      1471,
      1471,
      1471,
      0,
      1460,
      1460,
      1460,
      1460,
      1460,
      1490,
      1490,
      1490,
      1490,
      1490,
      1490,
      1490,
      1490,
      1490,
      1490,
      0,
      0,
      0,
      0,
      0,
      0,
      0,
      0,
      0,
      0,
      0,
      0,
      0,
      0,
      0,
      0,
      0,
      0,
      0,
      0,
      0,
      0,
      0,
      0,
      0,
      0,
      0,
      0,
      0,
      0,
      0,
      0,
      0,
      0,
      1461,
      1461,
      1461,
      1461,
      1461,
      1461,
      1461,
      1461,
      1461
    ],
    [
      1435,
      1435,
      1435,
      1435,
      1435,
      1435,
      1435,
      0,
      0,
      0,
      0,
      0,
      0,
      0,
      0,
      0,
      0,
      0,
      0,
      0,
      0,
      0,
      0,
      0,
      0,
      0,
      0,
      0,
      0,
      0,
      0,
      0,
      0,
      0,
      0,
      0,
      1462,
      1462,
      1462,
      1462,
      1462,
      1462,
      1480,
      1480,
      1480,
      1448,
      0,
      0,
      0,
      0,
      0,
      0,
      0,
      0,
      0,
      0,
      0,
      0,
      0,
      0,
      0,
      0,
      0,
      0,
      1468,
      1468,
      1468,
      1468,
      1468,
      1468,
      1468,
      1468,
      1468,
      1468,
      1472,
      1472,
      1472,
      1472,
      1472,
      1472,
      1493,
      1493,
      1475,
      1475,
      1475,
      1475,
      1475,
      1475,
      1475,
      1475,
      1475,
      1475,
      1475,
      0,
      0,
      0,
      0,
      0,
      0,
      0,
      0,
      0,
      1463,
      1463,
      1463,
      1463,
      1463,
      1463,
      1463,
      1463,
      1463,
      0,
      1456,
      1456,
      1456,
      1456,
      1456,
      1456,
      1456,
      1456,
      1456,
      1456,
      1456,
      1446,
      1446,
      1446,
      1446,
      1446,
      1446,
      1446,
      1446,
      1446,
      1457,
      1437,
      1437,
      1437,
      1437,
      1437,
      1437,
      1437,
      1476,
      1476,
      1476,
      1476,
      1476,
      1476,
      1476,
      1476,
      1476,
      1476,
      1476,
      1476,
      0,
      0,
      0,
      0,
      0,
      0,
      0,
      1449,
      1449,
      1449,
      1449,
      1449,
      1449,
      1449,
      1449,
      1449,
      1486,
      1486,
      1486,
      1486,
      1486,
      1486,
      1486,
      1486,
      1486,
      1486,
      1486,
      1486,
      1486,
      1486,
      1486,
      1486,
      1486,
      1469,
      1469,
      1469,
      1469,
      1469,
      1469,
      1469,
      1469,
      1469,
      1469,
      1469,
      1455,
      1455,
      1455,
      1455,
      1455,
      1455,
      1455,
      1455,
      0,
      0,
      0,
      0,
      0,
      0,
      0,
      0,
      0,
      0,
      1495,
      1495,
      1495,
      1495,
      1464,
      1464,
      1464,
      1464,
      1464,
      0,
      0,
      0,
      1450,
      0,
      0,
      0,
      0,
      0,
      0,
      0,
      0,
      0,
      0,
      0,
      0,
      0,
      0,
      0,
      0,
      1440,
      1440,
      1443,
      1465,
      1465,
      1465,
      1465,
      1465,
      1465,
      1465,
      1458,
      1458,
      1458,
      1458,
      1458,
      1458,
      1458,
      1458,
      1482,
      1482,
      1482,
      1482,
      1482,
      1482,
      1482,
      1482,
      1482,
      1482,
      1482,
      1482,
      1482,
      1477,
      1477,
      1477,
      1477,
      1477,
      1477,
      1477,
      1477,
      1477,
      1477,
      1477,
      1477,
      0,
      0,
      0,
      0,
      0,
      0,
      0,
      0,
      0,
      0,
      0,
      0,
      1509,
      1489,
      1489,
      1489,
      1489,
      1489,
      1489,
      1489,
      1447,
      1447,
      1447,
      1447,
      1447,
      1447,
      1447,
      1447,
      1473,
      1473,
      1473,
      1473,
      1473,
      1473,
      1473,
      1473,
      1473,
      1470,
      1470,
      1470,
      1470,
      1470,
      1470,
      1470,
      1470,
      0,
      0,
      0,
      0,
      0,
      0,
      0,
      0,
      0,
      0,
      0,
      0,
      0,
      0,
      0,
      0,
      0,
      0,
      0,
      0,
      0,
      0,
      0,
      0,
      0,
      0,
      0,
      0,
      0,
      0,
      0,
      0,
      0,
      0,
      1478,
      1478,
      1478,
      1478,
      0,
      0,
      0,
      0,
      0,
      0,
      0,
      0,
      0,
      0,
      0,
      0,
      0,
      0,
      0,
      0,
      0,
      0,
      0,
      0,
      0,
      0,
      0,
      1513,
      1513,
      1474,
      1474,
      1474,
      1474,
      1474,
      1474,
      1474,
      1474,
      1474,
      1474,
      1474,
      1474,
      1474,
      1466,
      1467,
      1467,
      1467,
      1467,
      1467,
      1467,
      1467,
      1467,
      1467,
      1467,
      1467,
      1467,
      1434,
      1434,
      0,
      0,
      0,
      0,
      0,
      1459,
      1459,
      1459,
      1459,
      1459,
      1459,
      1459,
      1459,
      1459,
      1459,
      1459,
      1459,
      1459,
      1459,
      1471,
      1471,
      1471,
      1471,
      1471,
      1471,
      1471,
      1471,
      1471,
      1471,
      1471,
      1471,
      0,
      1460,
      1460,
      1460,
      1460,
      1460,
      1490,
      1490,
      1490,
      1490,
      1490,
      1490,
      1490,
      1490,
      1490,
      1490,
      0,
      0,
      0,
      0,
      0,
      0,
      0,
      0,
      0,
      0,
      0,
      0,
      0,
      0,
      0,
      0,
      0,
      0,
      0,
      0,
      0,
      0,
      0,
      0,
      0,
      0,
      0,
      0,
      0,
      0,
      0,
      0,
      0,
      0,
      0,
      1461,
      1461,
      1461,
      1461,
      1461,
      1461,
      1461,
      1461
    ],
    [
      1435,
      1435,
      1435,
      1435,
      1435,
      1435,
      0,
      0,
      0,
      0,
      0,
      0,
      0,
      0,
      0,
      0,
      0,
      0,
      0,
      0,
      0,
      0,
      0,
      0,
      0,
      0,
      0,
      0,
      0,
      0,
      0,
      0,
      0,
      0,
      0,
      0,
      0,
      0,
      1462,
      1462,
      1480,
      1480,
      1480,
      1480,
      1480,
      1448,
      0,
      0,
      0,
      0,
      0,
      0,
      0,
      0,
      0,
      0,
      0,
      0,
      0,
      0,
      0,
      0,
      0,
      0,
      1468,
      1468,
      1468,
      1468,
      1468,
      1468,
      1468,
      1468,
      1468,
      1472,
      1472,
      1472,
      1472,
      1472,
      1472,
      1472,
      1493,
      1493,
      1475,
      1475,
      1475,
      1475,
      1475,
      1475,
      1475,
      1475,
      1475,
      1475,
      1475,
      0,
      0,
      0,
      0,
      0,
      0,
      0,
      0,
      0,
      0,
      1463,
      1463,
      1463,
      1463,
      1463,
      1463,
      0,
      0,
      0,
      1456,
      1456,
      1456,
      1456,
      1456,
      1456,
      1456,
      1456,
      1456,
      1456,
      1456,
      1446,
      1446,
      1446,
      1446,
      1446,
      1446,
      1446,
      1446,
      1446,
      1457,
      1437,
      1479,
      1479,
      1479,
      1479,
      1479,
      1479,
      1479,
      1476,
      1476,
      1476,
      1476,
      1476,
      1476,
      1476,
      1476,
      1476,
      1476,
      1476,
      0,
      0,
      0,
      0,
      0,
      0,
      0,
      0,
      1449,
      1449,
      1449,
      1449,
      1449,
      1449,
      1486,
      1486,
      1486,
      1486,
      1486,
      1486,
      1486,
      1486,
      1486,
      1486,
      1486,
      1486,
      1486,
      1486,
      1486,
      1486,
      1486,
      1486,
      1486,
      1469,
      1469,
      1469,
      1469,
      1469,
      1469,
      1469,
      1469,
      1469,
      1469,
      1469,
      1455,
      1455,
      1455,
      1455,
      1455,
      1455,
      0,
      0,
      0,
      0,
      0,
      0,
      0,
      0,
      0,
      0,
      0,
      0,
      1495,
      1495,
      1495,
      1495,
      1464,
      1464,
      1464,
      1464,
      1464,
      0,
      0,
      0,
      0,
      0,
      0,
      0,
      0,
      0,
      0,
      0,
      0,
      0,
      0,
      0,
      0,
      0,
      0,
      0,
      0,
      0,
      0,
      1443,
      1465,
      1465,
      1465,
      1465,
      1465,
      1465,
      1465,
      1458,
      1458,
      1458,
      1458,
      1458,
      1458,
      1458,
      1458,
      1482,
      1482,
      1482,
      1482,
      1482,
      1482,
      1482,
      1482,
      1482,
      1482,
      1482,
      1482,
      1477,
      1477,
      1477,
      1477,
      1477,
      1477,
      1477,
      1477,
      1477,
      1477,
      1477,
      1477,
      1477,
      0,
      0,
      0,
      0,
      0,
      0,
      0,
      0,
      0,
      0,
      0,
      1509,
      1509,
      1489,
      1489,
      1489,
      1489,
      1489,
      1489,
      1489,
      1447,
      1447,
      1447,
      1447,
      1447,
      1447,
      1447,
      1447,
      1473,
      1473,
      1473,
      1473,
      1473,
      1473,
      1473,
      1473,
      1473,
      1470,
      1470,
      1470,
      1470,
      1470,
      1470,
      1470,
      1470,
      0,
      0,
      0,
      0,
      0,
      0,
      0,
      0,
      0,
      0,
      0,
      0,
      0,
      0,
      0,
      0,
      0,
      0,
      0,
      0,
      0,
      0,
      0,
      0,
      0,
      0,
      0,
      0,
      0,
      0,
      0,
      0,
      0,
      0,
      1478,
      1478,
      1478,
      1478,
      0,
      0,
      0,
      0,
      0,
      0,
      0,
      0,
      0,
      0,
      0,
      0,
      0,
      0,
      0,
      0,
      0,
      0,
      0,
      0,
      0,
      0,
      1513,
      1513,
      1513,
      1474,
      1474,
      1474,
      1474,
      1474,
      1474,
      1474,
      1474,
      1474,
      1474,
      1474,
      1474,
      1474,
      1474,
      1467,
      1467,
      1467,
      1467,
      1467,
      1467,
      1467,
      1467,
      1467,
      1467,
      1467,
      1467,
      1434,
      0,
      0,
      0,
      0,
      0,
      0,
      0,
      0,
      0,
      0,
      0,
      0,
      0,
      0,
      0,
      0,
      0,
      0,
      0,
      1471,
      1471,
      1471,
      1471,
      1471,
      1471,
      1471,
      1471,
      1471,
      1471,
      1471,
      1471,
      1471,
      0,
      1460,
      1460,
      1460,
      1460,
      1490,
      1490,
      1490,
      1490,
      1490,
      1490,
      1490,
      1490,
      1490,
      1490,
      1490,
      0,
      0,
      0,
      0,
      0,
      0,
      0,
      0,
      0,
      0,
      0,
      0,
      0,
      0,
      0,
      0,
      0,
      1485,
      1485,
      1485,
      1485,
      1485,
      1485,
      0,
      0,
      0,
      0,
      0,
      0,
      0,
      0,
      0,
      0,
      0,
      0,
      0,
      1461,
      1461,
      1461,
      1461,
      1461,
      1461,
      1461
    ],
    [
      0,
      0,
      0,
      0,
      0,
      0,
      0,
      0,
      0,
      0,
      0,
      0,
      0,
      0,
      0,
      0,
      0,
      0,
      0,
      0,
      0,
      0,
      0,
      0,
      0,
      0,
      0,
      0,
      0,
      0,
      0,
      0,
      0,
      0,
      0,
      0,
      0,
      0,
      1462,
      1462,
      1480,
      1480,
      1480,
      1480,
      1480,
      1480,
      1480,
      0,
      0,
      0,
      0,
      0,
      0,
      0,
      0,
      0,
      0,
      0,
      0,
      0,
      0,
      0,
      0,
      0,
      1472,
      1472,
      1472,
      1472,
      1472,
      1472,
      1472,
      1472,
      1472,
      1472,
      1472,
      1472,
      1472,
      1472,
      1472,
      1472,
      1493,
      1493,
      1475,
      1475,
      1475,
      1475,
      1475,
      1475,
      1475,
      1475,
      1475,
      1475,
      1475,
      0,
      0,
      0,
      0,
      0,
      0,
      0,
      0,
      0,
      0,
      0,
      0,
      0,
      0,
      0,
      0,
      0,
      0,
      0,
      1456,
      1456,
      1456,
      1456,
      1456,
      1456,
      1456,
      1456,
      1456,
      1456,
      1456,
      1446,
      1446,
      1446,
      0,
      0,
      0,
      0,
      1446,
      1446,
      1457,
      1437,
      1479,
      1479,
      1479,
      1479,
      1479,
      1479,
      1479,
      1476,
      1476,
      1476,
      1476,
      1476,
      1476,
      1476,
      1476,
      1476,
      1476,
      1476,
      0,
      0,
      0,
      0,
      0,
      0,
      0,
      0,
      0,
      1449,
      1449,
      1449,
      1449,
      1486,
      1486,
      1486,
      1486,
      1486,
      1486,
      1486,
      1486,
      1486,
      1486,
      1486,
      1486,
      1486,
      1486,
      1486,
      1487,
      1487,
      1487,
      1487,
      1487,
      1487,
      1469,
      1469,
      1469,
      1469,
      1469,
      1469,
      1481,
      1481,
      1481,
      1481,
      1455,
      1455,
      1455,
      1455,
      1455,
      1455,
      0,
      0,
      0,
      0,
      0,
      0,
      0,
      0,
      0,
      0,
      0,
      0,
      1495,
      1495,
      1495,
      1495,
      1464,
      1464,
      1464,
      1464,
      1464,
      0,
      0,
      0,
      0,
      0,
      0,
      0,
      0,
      0,
      0,
      0,
      0,
      0,
      0,
      0,
      0,
      0,
      0,
      0,
      0,
      0,
      0,
      1443,
      1465,
      1465,
      1465,
      1465,
      1465,
      1465,
      1465,
      1458,
      1458,
      1458,
      1458,
      1458,
      1458,
      1482,
      1482,
      1482,
      1482,
      1482,
      1482,
      1482,
      1482,
      1482,
      1482,
      1482,
      1482,
      1482,
      1482,
      1482,
      1477,
      1477,
      1477,
      1477,
      1477,
      1477,
      1477,
      1477,
      1477,
      1477,
      1477,
      1477,
      0,
      0,
      0,
      0,
      0,
      0,
      0,
      0,
      0,
      0,
      0,
      1509,
      1509,
      1489,
      1489,
      1489,
      1489,
      1489,
      1489,
      1489,
      1489,
      1447,
      1447,
      1447,
      1447,
      1447,
      1447,
      1473,
      1473,
      1473,
      1473,
      1473,
      1473,
      1473,
      1473,
      1473,
      1473,
      1470,
      1470,
      1470,
      1470,
      1470,
      1470,
      1470,
      1470,
      0,
      0,
      0,
      0,
      0,
      0,
      0,
      0,
      0,
      0,
      0,
      0,
      0,
      0,
      1497,
      1497,
      1497,
      1497,
      0,
      0,
      0,
      1483,
      1483,
      1483,
      1483,
      1483,
      1483,
      1483,
      1483,
      0,
      0,
      0,
      0,
      0,
      1478,
      1478,
      1478,
      1478,
      0,
      0,
      0,
      0,
      0,
      0,
      0,
      0,
      0,
      0,
      0,
      0,
      0,
      0,
      0,
      0,
      0,
      0,
      0,
      0,
      0,
      1513,
      1513,
      1513,
      1513,
      1474,
      1474,
      1474,
      1474,
      1474,
      1474,
      1474,
      1474,
      1474,
      1474,
      1474,
      1474,
      1474,
      1474,
      1467,
      1467,
      1467,
      1467,
      1467,
      1467,
      1467,
      1467,
      1467,
      1467,
      1467,
      1467,
      0,
      0,
      0,
      0,
      0,
      0,
      0,
      0,
      0,
      0,
      0,
      0,
      0,
      0,
      0,
      0,
      0,
      0,
      0,
      1484,
      1471,
      1471,
      1471,
      1471,
      1471,
      1471,
      1471,
      1471,
      1471,
      1471,
      1471,
      1471,
      1471,
      0,
      0,
      1490,
      1490,
      1490,
      1490,
      1490,
      1490,
      1490,
      1490,
      1490,
      1490,
      1490,
      1490,
      1490,
      1490,
      0,
      0,
      0,
      0,
      0,
      0,
      0,
      0,
      0,
      1485,
      1485,
      1485,
      1485,
      1485,
      1485,
      1485,
      1485,
      1485,
      1485,
      1485,
      1485,
      1485,
      1485,
      0,
      0,
      0,
      0,
      0,
      0,
      0,
      0,
      0,
      0,
      0,
      0,
      0,
      0,
      1461,
      1461,
      1461,
      1461,
      1461,
      1461
    ],
    [
      0,
      0,
      0,
      0,
      0,
      0,
      0,
      0,
      0,
      0,
      0,
      0,
      0,
      0,
      0,
      0,
      0,
      0,
      0,
      0,
      0,
      0,
      0,
      0,
      0,
      0,
      0,
      0,
      0,
      0,
      0,
      0,
      0,
      0,
      0,
      0,
      0,
      0,
      1462,
      1462,
      1480,
      1480,
      1480,
      1480,
      1480,
      1480,
      1480,
      0,
      0,
      0,
      0,
      0,
      0,
      0,
      0,
      0,
      0,
      0,
      0,
      0,
      0,
      0,
      0,
      0,
      1472,
      1472,
      1472,
      1472,
      1472,
      1472,
      1472,
      1472,
      1472,
      1472,
      1472,
      1472,
      1472,
      1472,
      1472,
      1472,
      1493,
      1493,
      1475,
      1475,
      1475,
      1475,
      1475,
      1475,
      1475,
      1475,
      1494,
      1494,
      1494,
      1494,
      1494,
      0,
      0,
      0,
      0,
      0,
      0,
      0,
      0,
      0,
      0,
      0,
      0,
      0,
      0,
      0,
      0,
      0,
      0,
      0,
      1456,
      1456,
      1456,
      1456,
      1456,
      1456,
      1456,
      1456,
      1456,
      1456,
      1446,
      0,
      0,
      0,
      0,
      0,
      1446,
      1446,
      1457,
      1437,
      1479,
      1479,
      1479,
      1479,
      1479,
      1479,
      1479,
      1479,
      1476,
      1476,
      1476,
      1476,
      1476,
      1476,
      1476,
      1476,
      1476,
      1476,
      0,
      0,
      0,
      0,
      0,
      0,
      0,
      0,
      0,
      1449,
      1449,
      1449,
      1449,
      1486,
      1486,
      1486,
      1486,
      1486,
      1486,
      1486,
      1486,
      1486,
      1486,
      1486,
      1486,
      1486,
      1486,
      1487,
      1487,
      1487,
      1487,
      1487,
      1487,
      1487,
      1488,
      1488,
      1488,
      1488,
      1488,
      1481,
      1481,
      1481,
      1481,
      1481,
      1481,
      1481,
      1455,
      1455,
      1455,
      1455,
      0,
      0,
      0,
      0,
      0,
      0,
      0,
      0,
      0,
      0,
      0,
      0,
      1495,
      1495,
      1495,
      1495,
      1464,
      1464,
      1464,
      1464,
      1464,
      0,
      0,
      0,
      0,
      0,
      0,
      0,
      0,
      0,
      0,
      0,
      0,
      0,
      0,
      0,
      0,
      0,
      0,
      0,
      0,
      0,
      0,
      0,
      0,
      0,
      0,
      0,
      1458,
      1458,
      1458,
      1458,
      1458,
      1458,
      1458,
      1458,
      1458,
      1482,
      1482,
      1482,
      1482,
      1482,
      1482,
      1482,
      1482,
      1482,
      1482,
      1482,
      1482,
      1482,
      1482,
      1482,
      1520,
      1477,
      1477,
      1477,
      1477,
      1477,
      1477,
      1477,
      1477,
      1477,
      1477,
      1477,
      0,
      0,
      0,
      0,
      0,
      0,
      0,
      0,
      0,
      0,
      1509,
      1509,
      1509,
      1489,
      1489,
      1489,
      1489,
      1489,
      1489,
      1489,
      1489,
      1489,
      1489,
      1447,
      1447,
      1447,
      1447,
      1473,
      1473,
      1473,
      1473,
      1473,
      1473,
      1473,
      1473,
      1473,
      1473,
      1470,
      1470,
      1470,
      1470,
      1470,
      1470,
      0,
      0,
      0,
      0,
      0,
      0,
      0,
      0,
      0,
      0,
      0,
      0,
      0,
      0,
      0,
      0,
      1497,
      1497,
      1497,
      1497,
      0,
      0,
      1521,
      1483,
      1483,
      1483,
      1483,
      1483,
      1483,
      1483,
      1483,
      0,
      0,
      0,
      0,
      0,
      1478,
      1478,
      1478,
      1478,
      0,
      0,
      0,
      0,
      0,
      0,
      0,
      0,
      0,
      0,
      0,
      0,
      0,
      0,
      0,
      0,
      0,
      0,
      0,
      0,
      1513,
      1513,
      1513,
      1513,
      1513,
      1474,
      1474,
      1474,
      1474,
      1474,
      1474,
      1474,
      1474,
      1474,
      1474,
      1474,
      1474,
      1474,
      1474,
      1467,
      1467,
      1467,
      1467,
      1467,
      1467,
      1467,
      1467,
      1467,
      1467,
      0,
      0,
      0,
      0,
      0,
      0,
      0,
      0,
      0,
      0,
      0,
      0,
      0,
      0,
      0,
      0,
      0,
      0,
      0,
      0,
      0,
      1484,
      1484,
      1484,
      1484,
      1484,
      1484,
      1484,
      1484,
      1471,
      1471,
      1471,
      1471,
      1471,
      0,
      0,
      0,
      1490,
      1490,
      1490,
      1490,
      1490,
      1490,
      1490,
      1490,
      1490,
      1490,
      1490,
      1490,
      1490,
      1490,
      0,
      0,
      0,
      0,
      0,
      0,
      0,
      0,
      1491,
      1485,
      1485,
      1485,
      1485,
      1485,
      1485,
      1485,
      1485,
      1485,
      1485,
      1485,
      1485,
      1485,
      1485,
      1485,
      0,
      0,
      0,
      0,
      0,
      0,
      0,
      0,
      0,
      0,
      0,
      0,
      0,
      0,
      1461,
      1461,
      1461,
      1461,
      1461
    ],
    [
      0,
      0,
      0,
      0,
      0,
      0,
      0,
      0,
      0,
      0,
      0,
      0,
      0,
      0,
      0,
      0,
      0,
      0,
      0,
      0,
      0,
      0,
      0,
      0,
      0,
      0,
      0,
      0,
      0,
      0,
      0,
      0,
      0,
      0,
      0,
      0,
      0,
      0,
      1462,
      1462,
      1480,
      1480,
      1480,
      1480,
      1480,
      1480,
      1480,
      1480,
      0,
      0,
      0,
      0,
      0,
      0,
      0,
      0,
      0,
      0,
      0,
      0,
      0,
      0,
      0,
      1472,
      1472,
      1472,
      1472,
      1472,
      1472,
      1472,
      1472,
      1472,
      1472,
      1472,
      1472,
      1472,
      1472,
      1472,
      1472,
      1472,
      1493,
      1493,
      1475,
      1475,
      1475,
      1475,
      1475,
      1475,
      1494,
      1494,
      1494,
      1494,
      1494,
      1494,
      1494,
      1494,
      0,
      0,
      0,
      0,
      0,
      0,
      0,
      0,
      0,
      0,
      0,
      0,
      0,
      0,
      0,
      0,
      0,
      0,
      1456,
      1456,
      1456,
      1456,
      1456,
      1456,
      1456,
      1456,
      1456,
      1456,
      1456,
      0,
      0,
      0,
      0,
      0,
      1446,
      1446,
      1457,
      1437,
      1479,
      1479,
      1479,
      1479,
      1479,
      1479,
      1479,
      1479,
      1476,
      1476,
      1476,
      1506,
      1476,
      1476,
      1476,
      1476,
      1476,
      1476,
      1476,
      1476,
      0,
      0,
      0,
      0,
      0,
      0,
      0,
      0,
      0,
      0,
      1486,
      1486,
      1486,
      1486,
      1486,
      1486,
      1486,
      1486,
      1486,
      1486,
      1486,
      1486,
      1486,
      1486,
      1486,
      1487,
      1487,
      1487,
      1487,
      1487,
      1487,
      1487,
      1488,
      1488,
      1488,
      1488,
      1488,
      1481,
      1481,
      1481,
      1481,
      1481,
      1481,
      1481,
      0,
      1455,
      1455,
      1455,
      0,
      0,
      0,
      0,
      0,
      0,
      0,
      0,
      0,
      0,
      0,
      0,
      1495,
      1495,
      1495,
      1495,
      1495,
      0,
      0,
      0,
      0,
      0,
      0,
      0,
      0,
      0,
      0,
      0,
      0,
      0,
      0,
      0,
      0,
      0,
      0,
      0,
      0,
      0,
      0,
      0,
      0,
      0,
      0,
      0,
      0,
      0,
      0,
      0,
      0,
      0,
      0,
      0,
      0,
      0,
      0,
      1458,
      1458,
      1503,
      1503,
      1503,
      1503,
      1482,
      1482,
      1482,
      1482,
      1482,
      1482,
      1482,
      1482,
      1482,
      1482,
      1520,
      1520,
      1477,
      1477,
      1477,
      1477,
      1477,
      1477,
      1477,
      1477,
      1477,
      1477,
      1477,
      0,
      0,
      0,
      0,
      0,
      0,
      0,
      0,
      0,
      0,
      1509,
      1509,
      1509,
      1489,
      1489,
      1489,
      1489,
      1489,
      1489,
      1489,
      1489,
      1489,
      1489,
      1489,
      1447,
      1447,
      1447,
      1473,
      0,
      0,
      0,
      0,
      0,
      0,
      1473,
      1473,
      1473,
      1470,
      1470,
      1470,
      1470,
      1470,
      1470,
      0,
      0,
      0,
      0,
      0,
      0,
      0,
      0,
      0,
      0,
      0,
      0,
      0,
      0,
      0,
      0,
      1497,
      1497,
      1497,
      1497,
      0,
      1521,
      1521,
      1483,
      1483,
      1483,
      1483,
      1483,
      1483,
      1483,
      1483,
      0,
      0,
      0,
      0,
      0,
      1478,
      1478,
      0,
      0,
      0,
      0,
      0,
      0,
      0,
      0,
      0,
      0,
      0,
      0,
      0,
      0,
      0,
      0,
      0,
      0,
      0,
      0,
      0,
      0,
      1513,
      1513,
      1513,
      1513,
      1513,
      1474,
      1474,
      1474,
      1474,
      1474,
      1474,
      1474,
      1474,
      1474,
      1474,
      1474,
      1474,
      1474,
      1474,
      1474,
      1467,
      1467,
      1467,
      1467,
      1467,
      1467,
      1467,
      1467,
      1467,
      0,
      0,
      0,
      0,
      0,
      0,
      0,
      0,
      0,
      0,
      0,
      0,
      0,
      0,
      0,
      0,
      0,
      1526,
      0,
      0,
      0,
      1484,
      1484,
      1484,
      1484,
      1484,
      1484,
      1484,
      1484,
      1471,
      1471,
      1471,
      1471,
      1471,
      0,
      0,
      0,
      1490,
      1490,
      1490,
      1490,
      1490,
      1490,
      1490,
      1490,
      1490,
      1490,
      1490,
      1490,
      1490,
      1490,
      0,
      0,
      0,
      0,
      0,
      0,
      0,
      1491,
      1491,
      1491,
      1485,
      1485,
      1485,
      1485,
      1485,
      1485,
      1485,
      1485,
      1485,
      1485,
      1485,
      1485,
      1485,
      1485,
      1514,
      0,
      0,
      0,
      0,
      0,
      0,
      0,
      0,
      0,
      0,
      0,
      0,
      0,
      0,
      0,
      0,
      0,
      0
    ],
    [
      0,
      0,
      0,
      0,
      0,
      0,
      0,
      0,
      0,
      0,
      0,
      0,
      0,
      0,
      0,
      0,
      0,
      0,
      0,
      0,
      0,
      0,
      0,
      0,
      0,
      0,
      0,
      0,
      0,
      0,
      0,
      0,
      0,
      0,
      0,
      0,
      0,
      0,
      1462,
      1462,
      1480,
      1480,
      1480,
      1480,
      1480,
      1480,
      1480,
      1480,
      0,
      0,
      0,
      0,
      0,
      0,
      0,
      0,
      0,
      0,
      0,
      0,
      0,
      1496,
      1496,
      1496,
      1496,
      1496,
      1496,
      1472,
      1472,
      1472,
      1472,
      1472,
      1472,
      1472,
      1472,
      1472,
      1472,
      1472,
      1472,
      1493,
      1493,
      1493,
      1493,
      1493,
      1493,
      1475,
      1475,
      1493,
      1494,
      1494,
      1494,
      1494,
      1494,
      1494,
      1494,
      1494,
      1494,
      0,
      0,
      0,
      0,
      0,
      0,
      0,
      0,
      0,
      0,
      0,
      0,
      0,
      0,
      0,
      0,
      0,
      1456,
      1456,
      1456,
      1456,
      1456,
      1456,
      1456,
      1456,
      1456,
      1456,
      1456,
      0,
      0,
      0,
      0,
      0,
      1446,
      1446,
      1457,
      1437,
      1479,
      1479,
      1479,
      1479,
      1479,
      1479,
      1479,
      1479,
      1476,
      1476,
      1476,
      1506,
      1476,
      1476,
      1476,
      1476,
      1476,
      1476,
      1476,
      1476,
      0,
      0,
      0,
      0,
      0,
      0,
      0,
      0,
      0,
      0,
      1486,
      1486,
      1486,
      1486,
      1486,
      1486,
      1486,
      1486,
      1486,
      1486,
      1486,
      1486,
      1486,
      1507,
      1507,
      1487,
      1487,
      1487,
      1487,
      1487,
      1487,
      1487,
      1488,
      1488,
      1488,
      1488,
      1488,
      1481,
      1481,
      1481,
      1481,
      1481,
      1481,
      1481,
      0,
      0,
      0,
      0,
      0,
      0,
      0,
      0,
      0,
      0,
      0,
      0,
      0,
      1495,
      1495,
      1495,
      1495,
      1495,
      1495,
      1495,
      1495,
      1495,
      0,
      0,
      0,
      0,
      0,
      0,
      0,
      0,
      0,
      0,
      0,
      0,
      0,
      0,
      0,
      0,
      0,
      0,
      0,
      0,
      0,
      0,
      0,
      0,
      0,
      0,
      0,
      0,
      0,
      0,
      0,
      0,
      0,
      0,
      0,
      0,
      0,
      1458,
      1458,
      1503,
      1503,
      1503,
      1503,
      1482,
      1482,
      1482,
      1482,
      1482,
      1482,
      0,
      0,
      0,
      1520,
      1520,
      1520,
      1477,
      1477,
      1477,
      1477,
      1477,
      1477,
      1477,
      1477,
      1477,
      1477,
      1477,
      0,
      0,
      0,
      0,
      0,
      0,
      0,
      0,
      0,
      0,
      1509,
      1509,
      1509,
      1509,
      1509,
      1489,
      1489,
      1489,
      1489,
      1489,
      1489,
      1489,
      1489,
      1489,
      1525,
      1447,
      1447,
      1473,
      0,
      0,
      0,
      0,
      0,
      0,
      1500,
      1500,
      1473,
      1470,
      1470,
      1470,
      1470,
      1470,
      0,
      0,
      0,
      0,
      0,
      0,
      0,
      0,
      0,
      0,
      1497,
      1497,
      1497,
      1497,
      1497,
      1497,
      1497,
      1497,
      1497,
      1497,
      1497,
      1521,
      1521,
      1521,
      1483,
      1483,
      1483,
      1483,
      1483,
      1483,
      1483,
      1483,
      0,
      0,
      0,
      0,
      0,
      1478,
      1478,
      0,
      0,
      0,
      0,
      0,
      0,
      0,
      0,
      0,
      0,
      0,
      0,
      0,
      0,
      0,
      0,
      0,
      0,
      0,
      0,
      0,
      1513,
      1513,
      1513,
      1513,
      1513,
      1513,
      1513,
      1513,
      1513,
      1513,
      1513,
      1513,
      1513,
      0,
      0,
      0,
      0,
      0,
      0,
      0,
      0,
      0,
      1467,
      1467,
      1467,
      1467,
      1467,
      1467,
      0,
      0,
      0,
      0,
      0,
      0,
      0,
      0,
      0,
      0,
      0,
      0,
      0,
      0,
      0,
      0,
      0,
      0,
      0,
      1526,
      0,
      1526,
      1526,
      1484,
      1484,
      1484,
      1484,
      1484,
      1484,
      1484,
      1484,
      1484,
      0,
      0,
      1471,
      1471,
      0,
      0,
      0,
      1490,
      1490,
      1490,
      1490,
      1490,
      1490,
      1490,
      1490,
      1490,
      1490,
      1490,
      1490,
      1490,
      1490,
      0,
      0,
      0,
      0,
      0,
      0,
      0,
      1491,
      1491,
      1491,
      1491,
      1491,
      1491,
      1491,
      1485,
      1485,
      1485,
      1485,
      1485,
      1485,
      1485,
      1485,
      1485,
      1485,
      1514,
      1514,
      0,
      0,
      0,
      0,
      0,
      0,
      0,
      0,
      0,
      0,
      0,
      0,
      0,
      0,
      0,
      0,
      0
    ],
    [
      0,
      0,
      0,
      0,
      0,
      0,
      0,
      0,
      0,
      0,
      0,
      0,
      0,
      0,
      0,
      0,
      0,
      0,
      0,
      0,
      0,
      0,
      0,
      0,
      0,
      0,
      0,
      0,
      0,
      0,
      0,
      0,
      0,
      0,
      0,
      0,
      0,
      0,
      1462,
      1462,
      1480,
      1480,
      1480,
      1480,
      1480,
      1480,
      1480,
      1480,
      1515,
      0,
      0,
      0,
      0,
      0,
      0,
      0,
      0,
      0,
      0,
      0,
      1512,
      1512,
      1496,
      1496,
      1496,
      1496,
      1496,
      1496,
      1496,
      1492,
      1492,
      1492,
      1492,
      1492,
      1492,
      1472,
      1472,
      1472,
      1472,
      1493,
      1493,
      1493,
      1493,
      1493,
      1493,
      1493,
      1493,
      1493,
      1494,
      1494,
      1494,
      1494,
      1494,
      1494,
      1494,
      1494,
      1494,
      0,
      0,
      0,
      0,
      0,
      0,
      0,
      0,
      0,
      0,
      0,
      0,
      0,
      0,
      0,
      0,
      1456,
      1456,
      1456,
      1456,
      1456,
      1456,
      1456,
      1456,
      1456,
      1456,
      1456,
      1456,
      0,
      0,
      0,
      0,
      0,
      0,
      0,
      0,
      1437,
      1479,
      1479,
      1479,
      1479,
      1479,
      1479,
      1479,
      1479,
      0,
      1506,
      1506,
      1506,
      1476,
      1476,
      1476,
      1476,
      1476,
      1476,
      1476,
      1476,
      0,
      0,
      0,
      0,
      0,
      0,
      0,
      0,
      0,
      0,
      0,
      0,
      0,
      1486,
      1486,
      1486,
      1486,
      1486,
      1486,
      1486,
      1486,
      1486,
      1486,
      1507,
      1507,
      1487,
      1487,
      1487,
      1487,
      1487,
      1487,
      1487,
      1488,
      1488,
      1488,
      1488,
      1488,
      1481,
      1481,
      1481,
      1481,
      1481,
      1481,
      1481,
      0,
      0,
      0,
      0,
      0,
      0,
      0,
      0,
      0,
      0,
      0,
      0,
      1495,
      1495,
      1495,
      1495,
      1495,
      1495,
      1495,
      1495,
      1495,
      1495,
      0,
      0,
      0,
      0,
      0,
      0,
      0,
      0,
      0,
      0,
      0,
      0,
      0,
      0,
      0,
      0,
      0,
      0,
      0,
      0,
      0,
      0,
      0,
      0,
      0,
      0,
      0,
      0,
      0,
      0,
      0,
      0,
      0,
      0,
      0,
      0,
      0,
      1503,
      1503,
      1503,
      1503,
      1503,
      1503,
      1482,
      1482,
      1482,
      1482,
      1482,
      0,
      0,
      0,
      0,
      1520,
      1520,
      1520,
      1477,
      1477,
      1477,
      1477,
      1477,
      1477,
      1477,
      1477,
      1477,
      1477,
      1477,
      0,
      0,
      0,
      0,
      0,
      0,
      0,
      0,
      0,
      0,
      1509,
      1509,
      1509,
      1509,
      1509,
      1509,
      1489,
      1489,
      1489,
      1489,
      1489,
      1489,
      1489,
      1489,
      1525,
      1525,
      1500,
      1473,
      0,
      0,
      0,
      0,
      0,
      0,
      1500,
      1500,
      1500,
      1470,
      1470,
      1470,
      1470,
      0,
      0,
      0,
      0,
      0,
      0,
      0,
      0,
      0,
      0,
      1497,
      1497,
      1497,
      1497,
      1497,
      1497,
      1497,
      1497,
      1497,
      1497,
      1497,
      1497,
      1521,
      1521,
      1521,
      1483,
      1483,
      1483,
      1483,
      1483,
      1483,
      1483,
      1483,
      0,
      0,
      0,
      0,
      0,
      0,
      0,
      0,
      0,
      0,
      0,
      0,
      1498,
      1498,
      1498,
      1498,
      1498,
      0,
      0,
      0,
      0,
      0,
      0,
      0,
      0,
      0,
      0,
      1513,
      1513,
      1513,
      1513,
      1513,
      1513,
      1513,
      1513,
      1513,
      1513,
      1513,
      1513,
      1513,
      0,
      0,
      0,
      0,
      0,
      0,
      0,
      0,
      0,
      0,
      1467,
      1467,
      1467,
      1467,
      1467,
      0,
      0,
      0,
      0,
      0,
      0,
      0,
      0,
      0,
      0,
      0,
      0,
      0,
      0,
      0,
      0,
      0,
      0,
      0,
      0,
      1526,
      1526,
      1526,
      1526,
      1484,
      1484,
      1484,
      1484,
      1484,
      1484,
      1484,
      1484,
      1484,
      0,
      0,
      1471,
      1471,
      0,
      0,
      0,
      1490,
      1490,
      1490,
      1490,
      1490,
      1490,
      1490,
      1490,
      1490,
      1490,
      1490,
      1490,
      1490,
      1490,
      0,
      0,
      0,
      0,
      0,
      0,
      0,
      1491,
      1491,
      1491,
      1491,
      1491,
      1491,
      1491,
      1485,
      1485,
      1485,
      1485,
      1485,
      1485,
      1485,
      1485,
      1485,
      1485,
      1514,
      1514,
      0,
      0,
      0,
      0,
      0,
      0,
      0,
      0,
      0,
      0,
      0,
      0,
      0,
      0,
      0,
      0,
      0
    ],
    [
      0,
      0,
      0,
      0,
      0,
      0,
      0,
      0,
      0,
      0,
      0,
      0,
      0,
      0,
      0,
      0,
      0,
      0,
      0,
      0,
      0,
      0,
      0,
      0,
      0,
      0,
      0,
      0,
      0,
      0,
      0,
      0,
      0,
      0,
      0,
      0,
      1517,
      0,
      1462,
      1462,
      1480,
      1480,
      1480,
      1480,
      1480,
      1480,
      1480,
      1480,
      1515,
      1515,
      1515,
      1515,
      0,
      0,
      0,
      1515,
      1515,
      1515,
      0,
      0,
      1512,
      1512,
      1512,
      1496,
      1496,
      1496,
      1496,
      1496,
      1496,
      1492,
      1492,
      1492,
      1492,
      1492,
      1492,
      1472,
      1472,
      1472,
      1472,
      1493,
      1493,
      1493,
      1493,
      1493,
      1493,
      1493,
      1493,
      1493,
      1494,
      1494,
      1494,
      1494,
      1494,
      1494,
      1494,
      1494,
      1494,
      0,
      0,
      0,
      0,
      0,
      0,
      0,
      0,
      0,
      0,
      0,
      0,
      0,
      0,
      1499,
      1499,
      1499,
      1499,
      1499,
      1499,
      1499,
      1499,
      1499,
      1456,
      1456,
      1456,
      1456,
      1456,
      0,
      0,
      0,
      0,
      0,
      0,
      0,
      0,
      1437,
      1479,
      1479,
      1479,
      1479,
      1479,
      1479,
      1479,
      0,
      0,
      1506,
      1506,
      1506,
      1476,
      1476,
      1476,
      1476,
      1476,
      1476,
      1476,
      1476,
      0,
      0,
      0,
      0,
      0,
      0,
      0,
      0,
      0,
      0,
      0,
      0,
      0,
      1486,
      1486,
      1486,
      1486,
      1486,
      1486,
      1486,
      1486,
      1486,
      1507,
      1507,
      1507,
      1487,
      1487,
      1487,
      1487,
      1487,
      1487,
      1487,
      1488,
      1488,
      1488,
      1488,
      1488,
      1481,
      1481,
      1481,
      1481,
      1481,
      1481,
      1481,
      0,
      0,
      0,
      0,
      0,
      0,
      0,
      0,
      0,
      0,
      0,
      1495,
      1495,
      1495,
      1495,
      1495,
      1495,
      1495,
      1495,
      1495,
      1495,
      1495,
      0,
      0,
      0,
      0,
      0,
      0,
      0,
      0,
      0,
      0,
      0,
      0,
      0,
      0,
      0,
      0,
      0,
      0,
      0,
      0,
      0,
      0,
      0,
      1502,
      1502,
      1502,
      1502,
      0,
      0,
      0,
      0,
      0,
      0,
      0,
      0,
      0,
      0,
      1503,
      1503,
      1503,
      1503,
      1503,
      1503,
      1482,
      1482,
      1482,
      1482,
      0,
      0,
      0,
      0,
      0,
      1520,
      1520,
      1520,
      1477,
      1504,
      1504,
      1504,
      1504,
      1477,
      1477,
      1477,
      1477,
      1477,
      0,
      0,
      0,
      0,
      0,
      0,
      0,
      0,
      0,
      0,
      0,
      1509,
      1509,
      1509,
      1509,
      1509,
      1509,
      1509,
      1489,
      1489,
      1489,
      1489,
      1489,
      1489,
      1489,
      1525,
      1525,
      1500,
      1500,
      0,
      0,
      0,
      0,
      0,
      0,
      1500,
      1500,
      1500,
      1470,
      1470,
      1470,
      0,
      0,
      0,
      0,
      0,
      0,
      0,
      0,
      0,
      0,
      1510,
      1497,
      1497,
      1497,
      1497,
      1497,
      1497,
      1497,
      1497,
      1497,
      1497,
      1497,
      1497,
      1521,
      1521,
      1521,
      1483,
      1483,
      1483,
      1483,
      1483,
      1483,
      1483,
      1483,
      0,
      1522,
      1522,
      0,
      0,
      0,
      0,
      0,
      0,
      0,
      0,
      0,
      1498,
      1498,
      1498,
      1498,
      1498,
      1498,
      0,
      0,
      0,
      0,
      0,
      0,
      0,
      0,
      0,
      1513,
      1513,
      1513,
      1513,
      1513,
      1513,
      1513,
      1513,
      1513,
      1513,
      1513,
      1513,
      0,
      0,
      0,
      0,
      0,
      0,
      0,
      0,
      0,
      0,
      0,
      1467,
      1467,
      1467,
      1467,
      1467,
      0,
      0,
      0,
      0,
      0,
      0,
      0,
      0,
      0,
      0,
      0,
      0,
      0,
      0,
      0,
      0,
      0,
      0,
      0,
      0,
      1526,
      1526,
      1526,
      1526,
      1526,
      1484,
      1484,
      1484,
      1484,
      1484,
      1484,
      1484,
      1484,
      0,
      0,
      0,
      0,
      0,
      0,
      0,
      1490,
      1490,
      1490,
      1490,
      1490,
      1490,
      1490,
      1490,
      1490,
      1490,
      1490,
      1490,
      1490,
      0,
      0,
      0,
      0,
      0,
      0,
      0,
      0,
      1491,
      1491,
      1491,
      1491,
      1491,
      1491,
      1491,
      1491,
      1485,
      1485,
      1485,
      1485,
      1485,
      1485,
      1485,
      1485,
      1485,
      1514,
      1514,
      0,
      0,
      0,
      0,
      0,
      0,
      0,
      0,
      0,
      0,
      0,
      0,
      0,
      0,
      0,
      0,
      0
    ],
    [
      0,
      0,
      0,
      0,
      0,
      0,
      0,
      0,
      0,
      0,
      0,
      0,
      0,
      0,
      0,
      0,
      0,
      0,
      0,
      0,
      0,
      0,
      0,
      0,
      0,
      0,
      0,
      0,
      0,
      0,
      0,
      0,
      0,
      0,
      0,
      0,
      1517,
      1517,
      1462,
      1462,
      1480,
      1480,
      1480,
      1480,
      1480,
      1480,
      1480,
      1515,
      1515,
      1515,
      1515,
      1515,
      1515,
      1515,
      1515,
      1515,
      1515,
      1515,
      0,
      1512,
      1512,
      1512,
      1512,
      1496,
      1496,
      1496,
      1496,
      1496,
      1496,
      1492,
      1492,
      1492,
      1492,
      1492,
      1492,
      1472,
      1472,
      1472,
      1493,
      1493,
      1493,
      1493,
      1493,
      1493,
      1493,
      1493,
      1493,
      1493,
      1494,
      1494,
      1494,
      1494,
      1494,
      1494,
      1494,
      1494,
      1494,
      0,
      0,
      0,
      0,
      0,
      0,
      0,
      0,
      0,
      0,
      0,
      0,
      0,
      0,
      1499,
      1499,
      1499,
      1499,
      1499,
      1499,
      1499,
      1499,
      1499,
      1518,
      1456,
      1456,
      1456,
      1456,
      0,
      0,
      0,
      0,
      0,
      0,
      0,
      0,
      0,
      1479,
      1479,
      1479,
      1479,
      1479,
      1479,
      0,
      0,
      0,
      1506,
      1506,
      1506,
      1506,
      1506,
      1506,
      1506,
      1506,
      1506,
      1506,
      1476,
      0,
      0,
      0,
      0,
      0,
      0,
      0,
      0,
      0,
      0,
      0,
      0,
      0,
      0,
      0,
      0,
      0,
      0,
      1486,
      1486,
      1486,
      1507,
      1507,
      1507,
      1507,
      1487,
      1487,
      1487,
      1487,
      1487,
      1487,
      1487,
      1488,
      1488,
      1488,
      1488,
      1488,
      1481,
      1481,
      1481,
      1481,
      1481,
      1481,
      1481,
      0,
      0,
      0,
      0,
      0,
      0,
      0,
      0,
      0,
      0,
      1495,
      1495,
      1495,
      1495,
      1495,
      1495,
      1495,
      1495,
      1495,
      1495,
      1495,
      1495,
      1495,
      1495,
      1495,
      1495,
      1495,
      1495,
      1502,
      1502,
      1502,
      1502,
      1502,
      1502,
      1502,
      1502,
      1502,
      1502,
      1502,
      1502,
      1502,
      1502,
      1502,
      1502,
      1502,
      1502,
      1502,
      1502,
      1502,
      0,
      0,
      0,
      0,
      0,
      0,
      0,
      0,
      0,
      0,
      1503,
      1503,
      1503,
      1503,
      1503,
      1503,
      1503,
      1503,
      1482,
      1482,
      0,
      0,
      0,
      0,
      0,
      1520,
      1520,
      1520,
      1520,
      1504,
      1504,
      1504,
      1504,
      1504,
      1504,
      1477,
      1477,
      1477,
      0,
      0,
      0,
      0,
      0,
      0,
      0,
      0,
      0,
      0,
      0,
      1509,
      1509,
      1509,
      1509,
      1509,
      1509,
      1509,
      1489,
      1489,
      1489,
      1489,
      1489,
      1489,
      1489,
      1525,
      1525,
      1500,
      1500,
      0,
      1500,
      1500,
      1500,
      1500,
      1500,
      1500,
      1500,
      1500,
      1500,
      1500,
      1500,
      0,
      0,
      0,
      0,
      0,
      0,
      0,
      0,
      0,
      0,
      1510,
      1497,
      1497,
      1497,
      1497,
      1497,
      1497,
      1497,
      1497,
      1497,
      1497,
      1497,
      1497,
      1521,
      1521,
      1521,
      1483,
      1483,
      1483,
      1483,
      1483,
      1483,
      1483,
      1483,
      1522,
      1522,
      1522,
      0,
      0,
      0,
      0,
      0,
      0,
      0,
      0,
      0,
      1498,
      1498,
      1498,
      1498,
      1498,
      1498,
      0,
      0,
      0,
      0,
      0,
      0,
      0,
      0,
      1513,
      1513,
      1513,
      1513,
      1513,
      1513,
      1513,
      1513,
      1513,
      1513,
      1513,
      1513,
      0,
      0,
      0,
      0,
      0,
      0,
      0,
      0,
      0,
      0,
      0,
      0,
      0,
      1467,
      1467,
      1467,
      1467,
      0,
      0,
      0,
      0,
      0,
      0,
      0,
      0,
      0,
      0,
      0,
      0,
      0,
      0,
      0,
      0,
      0,
      0,
      0,
      0,
      1526,
      1526,
      1526,
      1526,
      1526,
      1484,
      1484,
      1484,
      1484,
      1484,
      1484,
      1484,
      1484,
      0,
      0,
      0,
      0,
      0,
      0,
      0,
      0,
      0,
      0,
      1490,
      1490,
      1490,
      1490,
      1490,
      1490,
      1490,
      1490,
      1490,
      0,
      0,
      0,
      0,
      0,
      0,
      0,
      0,
      0,
      0,
      1491,
      1491,
      1491,
      1491,
      1491,
      1491,
      1491,
      1485,
      1485,
      1485,
      1485,
      1485,
      1485,
      1485,
      1485,
      1485,
      1514,
      1514,
      0,
      0,
      0,
      0,
      0,
      0,
      0,
      0,
      0,
      0,
      0,
      0,
      0,
      0,
      0,
      0,
      0
    ],
    [
      0,
      0,
      0,
      0,
      0,
      0,
      0,
      0,
      0,
      0,
      0,
      0,
      0,
      0,
      0,
      0,
      0,
      0,
      0,
      0,
      0,
      0,
      0,
      0,
      0,
      0,
      0,
      0,
      0,
      0,
      0,
      0,
      0,
      0,
      0,
      0,
      1517,
      1517,
      1517,
      1462,
      1480,
      1480,
      1480,
      1480,
      1480,
      1480,
      1480,
      1515,
      1515,
      1515,
      1515,
      1515,
      1515,
      1515,
      1515,
      1515,
      1515,
      1515,
      0,
      1512,
      1512,
      1512,
      1512,
      1496,
      1496,
      1496,
      1496,
      1496,
      1496,
      1492,
      1492,
      1492,
      1492,
      1492,
      1492,
      1472,
      1472,
      1501,
      1501,
      1493,
      1493,
      1493,
      1493,
      1493,
      1493,
      1493,
      1493,
      1493,
      1494,
      1494,
      1494,
      1494,
      1494,
      1494,
      1494,
      1494,
      1494,
      0,
      0,
      0,
      0,
      0,
      0,
      0,
      0,
      0,
      0,
      0,
      0,
      0,
      0,
      1499,
      1499,
      1499,
      1499,
      1499,
      1499,
      1499,
      1499,
      1499,
      1518,
      1456,
      1456,
      1456,
      1456,
      0,
      0,
      0,
      0,
      0,
      0,
      0,
      0,
      0,
      0,
      0,
      0,
      0,
      0,
      0,
      0,
      0,
      0,
      1506,
      1506,
      1506,
      1506,
      1506,
      1506,
      1506,
      1506,
      1506,
      1506,
      1476,
      0,
      0,
      0,
      0,
      0,
      0,
      0,
      0,
      0,
      0,
      0,
      0,
      0,
      0,
      0,
      0,
      0,
      0,
      0,
      0,
      1507,
      1507,
      1507,
      1507,
      1507,
      1487,
      1487,
      1487,
      1487,
      1487,
      1487,
      1487,
      0,
      0,
      0,
      0,
      0,
      0,
      1481,
      1481,
      1481,
      1481,
      1481,
      0,
      0,
      0,
      0,
      0,
      0,
      0,
      0,
      0,
      0,
      1508,
      1508,
      1508,
      1508,
      1508,
      1508,
      1495,
      1495,
      1495,
      1495,
      1495,
      1495,
      1495,
      1495,
      1495,
      1495,
      1495,
      1495,
      1502,
      1502,
      1502,
      1502,
      1502,
      1502,
      1502,
      1502,
      1502,
      1502,
      1502,
      1502,
      1502,
      1502,
      1502,
      1502,
      1502,
      1502,
      1502,
      1502,
      1502,
      1502,
      0,
      0,
      0,
      0,
      0,
      0,
      0,
      0,
      0,
      0,
      1503,
      1503,
      1503,
      1503,
      1503,
      1503,
      1503,
      1503,
      1503,
      1503,
      0,
      0,
      0,
      0,
      0,
      1520,
      1520,
      1520,
      1520,
      1504,
      1504,
      1504,
      1504,
      1504,
      1504,
      1477,
      1477,
      1477,
      0,
      0,
      0,
      0,
      0,
      0,
      0,
      0,
      0,
      0,
      0,
      1509,
      1509,
      1509,
      1509,
      1509,
      1509,
      1509,
      1489,
      1489,
      1489,
      1489,
      1489,
      1489,
      1489,
      1525,
      1525,
      1500,
      1500,
      1500,
      1500,
      1500,
      1500,
      1500,
      1500,
      1500,
      1500,
      1500,
      1500,
      1500,
      1500,
      0,
      0,
      0,
      0,
      0,
      0,
      0,
      0,
      0,
      0,
      1510,
      1497,
      1497,
      1497,
      1497,
      1497,
      1497,
      1497,
      1497,
      1497,
      1497,
      1497,
      1497,
      1521,
      1521,
      1521,
      1483,
      1483,
      1483,
      1483,
      1483,
      1483,
      1483,
      1483,
      1522,
      1522,
      1522,
      0,
      0,
      0,
      0,
      0,
      0,
      0,
      0,
      0,
      1498,
      1498,
      1498,
      1498,
      1498,
      1498,
      0,
      0,
      0,
      0,
      0,
      0,
      0,
      0,
      1513,
      1513,
      1513,
      1513,
      1513,
      1513,
      1513,
      1513,
      1513,
      1513,
      1513,
      0,
      0,
      0,
      0,
      0,
      0,
      0,
      0,
      0,
      0,
      0,
      0,
      0,
      0,
      1467,
      1467,
      1467,
      0,
      0,
      0,
      0,
      0,
      0,
      0,
      0,
      0,
      0,
      0,
      0,
      0,
      0,
      0,
      0,
      0,
      0,
      0,
      0,
      0,
      1526,
      1526,
      1526,
      1526,
      1526,
      1484,
      1484,
      1484,
      1484,
      1484,
      1484,
      1484,
      1484,
      0,
      0,
      0,
      0,
      0,
      0,
      0,
      0,
      0,
      0,
      1490,
      1490,
      1490,
      1490,
      1490,
      1490,
      1490,
      1490,
      0,
      0,
      0,
      0,
      0,
      0,
      0,
      0,
      0,
      0,
      0,
      1505,
      1505,
      1505,
      1505,
      1505,
      1505,
      1505,
      1485,
      1485,
      1485,
      1485,
      1485,
      1485,
      1485,
      1485,
      1514,
      1514,
      1514,
      0,
      0,
      0,
      0,
      0,
      0,
      0,
      0,
      0,
      0,
      0,
      0,
      0,
      0,
      0,
      0,
      0
    ],
    [
      0,
      0,
      0,
      0,
      0,
      0,
      0,
      0,
      0,
      0,
      0,
      0,
      0,
      0,
      0,
      0,
      0,
      0,
      0,
      0,
      0,
      0,
      0,
      0,
      0,
      0,
      0,
      0,
      0,
      0,
      0,
      0,
      0,
      0,
      0,
      0,
      1517,
      1517,
      1517,
      1517,
      1480,
      1480,
      1480,
      1480,
      1480,
      1480,
      1515,
      1515,
      1515,
      1515,
      1515,
      1515,
      1515,
      1515,
      1515,
      1515,
      1515,
      1515,
      0,
      1512,
      1512,
      1512,
      1512,
      1496,
      1496,
      1496,
      1496,
      1496,
      1496,
      1492,
      1492,
      1492,
      1492,
      1492,
      1492,
      1472,
      1501,
      1501,
      1501,
      1501,
      1501,
      1493,
      1493,
      1493,
      1493,
      1493,
      1493,
      1493,
      1493,
      1494,
      1494,
      1494,
      1494,
      1494,
      1494,
      1494,
      1494,
      0,
      0,
      0,
      0,
      0,
      0,
      0,
      0,
      0,
      0,
      0,
      0,
      0,
      0,
      1499,
      1499,
      1499,
      1499,
      1499,
      1499,
      1499,
      1499,
      1499,
      1518,
      1456,
      1456,
      1456,
      1518,
      0,
      0,
      0,
      0,
      0,
      0,
      0,
      0,
      0,
      0,
      0,
      0,
      0,
      0,
      0,
      0,
      0,
      0,
      1506,
      1506,
      1506,
      1506,
      1506,
      1506,
      1506,
      1506,
      1506,
      1506,
      1476,
      0,
      0,
      0,
      0,
      0,
      0,
      0,
      0,
      0,
      0,
      0,
      0,
      0,
      0,
      0,
      0,
      0,
      0,
      0,
      0,
      1507,
      1507,
      1507,
      1507,
      1507,
      1507,
      1507,
      0,
      0,
      0,
      0,
      0,
      0,
      0,
      0,
      0,
      0,
      0,
      0,
      0,
      0,
      0,
      0,
      0,
      0,
      0,
      0,
      0,
      0,
      0,
      0,
      1508,
      1508,
      1508,
      1508,
      1508,
      1508,
      1508,
      1508,
      1508,
      1495,
      1495,
      1495,
      1495,
      1495,
      1495,
      1495,
      1495,
      1495,
      1495,
      1495,
      1502,
      1502,
      1502,
      1502,
      1502,
      1502,
      1502,
      1502,
      1502,
      1502,
      1502,
      1502,
      1502,
      1502,
      1502,
      1502,
      1502,
      1502,
      1502,
      1502,
      1502,
      0,
      0,
      0,
      0,
      0,
      0,
      0,
      0,
      0,
      1503,
      1503,
      1503,
      1503,
      1503,
      1503,
      1503,
      1503,
      1503,
      1503,
      1503,
      1503,
      0,
      0,
      0,
      0,
      0,
      1520,
      1520,
      1520,
      1520,
      1520,
      1520,
      1504,
      1504,
      1504,
      1504,
      1504,
      1504,
      1504,
      0,
      0,
      0,
      0,
      0,
      0,
      0,
      0,
      0,
      0,
      0,
      1509,
      1509,
      1509,
      1509,
      1509,
      1509,
      1509,
      1509,
      1525,
      1525,
      1525,
      1525,
      1525,
      1525,
      1525,
      1525,
      1500,
      1500,
      1500,
      1500,
      1500,
      1500,
      1500,
      1500,
      1500,
      1500,
      1500,
      1500,
      1500,
      1500,
      0,
      0,
      0,
      0,
      0,
      0,
      0,
      0,
      0,
      0,
      1510,
      1497,
      1497,
      1497,
      1497,
      1497,
      1497,
      1497,
      1497,
      1497,
      1497,
      1497,
      1497,
      1521,
      1521,
      1521,
      1521,
      1521,
      1521,
      1521,
      1521,
      1521,
      1521,
      1522,
      1522,
      1522,
      1522,
      0,
      0,
      0,
      0,
      0,
      0,
      0,
      0,
      0,
      1498,
      1498,
      1498,
      1498,
      1498,
      1498,
      0,
      0,
      0,
      0,
      0,
      0,
      0,
      0,
      1513,
      1513,
      1513,
      1513,
      1513,
      1513,
      1513,
      1513,
      1513,
      1513,
      0,
      0,
      0,
      0,
      0,
      0,
      0,
      0,
      0,
      0,
      0,
      0,
      0,
      0,
      0,
      0,
      0,
      0,
      0,
      0,
      0,
      0,
      0,
      0,
      0,
      0,
      0,
      0,
      0,
      0,
      0,
      0,
      0,
      0,
      0,
      0,
      0,
      0,
      0,
      1526,
      1526,
      1526,
      1526,
      1526,
      1526,
      0,
      0,
      0,
      0,
      0,
      0,
      0,
      0,
      0,
      0,
      0,
      0,
      0,
      0,
      0,
      0,
      0,
      1490,
      1490,
      1490,
      1490,
      1490,
      0,
      0,
      1490,
      0,
      0,
      0,
      0,
      0,
      0,
      0,
      0,
      0,
      0,
      0,
      1505,
      1505,
      1505,
      1505,
      1505,
      1505,
      1514,
      1514,
      1514,
      1514,
      1514,
      1514,
      1514,
      1514,
      1514,
      1514,
      1514,
      1514,
      0,
      0,
      0,
      0,
      0,
      0,
      0,
      1537,
      1537,
      1537,
      1537,
      1537,
      1537,
      0,
      0,
      0,
      0
    ],
    [
      0,
      0,
      0,
      0,
      0,
      0,
      0,
      0,
      0,
      0,
      1511,
      1511,
      1511,
      1511,
      1511,
      1511,
      1511,
      1511,
      0,
      0,
      0,
      0,
      0,
      0,
      0,
      0,
      0,
      0,
      0,
      0,
      0,
      0,
      0,
      0,
      0,
      0,
      1517,
      1517,
      1517,
      1517,
      1517,
      1515,
      1515,
      1515,
      1515,
      1515,
      1515,
      1515,
      1515,
      1515,
      1515,
      1515,
      1515,
      1515,
      1515,
      1515,
      1515,
      1515,
      0,
      1512,
      1512,
      1512,
      1512,
      1496,
      1496,
      1496,
      1496,
      1496,
      1496,
      1492,
      1492,
      1492,
      1492,
      1492,
      1492,
      1472,
      1501,
      1501,
      1501,
      1501,
      1501,
      1501,
      1493,
      1493,
      1493,
      1493,
      1493,
      1493,
      1493,
      1493,
      1494,
      1494,
      1494,
      1494,
      1494,
      1494,
      0,
      0,
      0,
      0,
      0,
      0,
      0,
      0,
      0,
      0,
      0,
      0,
      0,
      0,
      0,
      1499,
      1499,
      1499,
      1499,
      1499,
      1499,
      1499,
      1499,
      1499,
      1518,
      1518,
      1518,
      1518,
      1518,
      0,
      0,
      0,
      0,
      0,
      0,
      0,
      0,
      0,
      0,
      0,
      0,
      0,
      0,
      0,
      0,
      0,
      0,
      1506,
      1506,
      1506,
      1506,
      1506,
      1506,
      1506,
      1506,
      1506,
      1506,
      1476,
      0,
      0,
      0,
      0,
      0,
      0,
      0,
      0,
      0,
      0,
      0,
      0,
      0,
      0,
      0,
      0,
      0,
      0,
      1507,
      1507,
      1507,
      1507,
      1507,
      1507,
      1507,
      1507,
      1507,
      0,
      0,
      0,
      0,
      0,
      0,
      0,
      0,
      0,
      0,
      0,
      0,
      0,
      0,
      0,
      0,
      0,
      0,
      0,
      0,
      0,
      0,
      0,
      0,
      1508,
      1508,
      1508,
      1508,
      1508,
      1508,
      1508,
      1508,
      1508,
      1495,
      1495,
      1495,
      1495,
      1495,
      1495,
      1495,
      1495,
      1495,
      1502,
      1502,
      1502,
      1502,
      1502,
      1502,
      1502,
      1502,
      1502,
      1502,
      1502,
      1502,
      1502,
      1502,
      1502,
      1502,
      1502,
      1502,
      1502,
      1502,
      1502,
      1502,
      0,
      0,
      0,
      0,
      0,
      0,
      0,
      0,
      0,
      1503,
      1503,
      1503,
      1503,
      1503,
      1503,
      1503,
      1503,
      1503,
      1503,
      1503,
      1503,
      1503,
      0,
      0,
      0,
      0,
      1520,
      1520,
      1520,
      1520,
      1520,
      1520,
      1520,
      1520,
      1520,
      1504,
      1504,
      1504,
      1504,
      1504,
      1504,
      0,
      0,
      0,
      0,
      0,
      0,
      0,
      0,
      0,
      0,
      1509,
      1509,
      1509,
      1509,
      1509,
      1509,
      1509,
      1509,
      1509,
      1525,
      1525,
      1525,
      1525,
      1525,
      1525,
      1525,
      1525,
      1525,
      1525,
      1500,
      1500,
      1500,
      1500,
      1500,
      1500,
      1500,
      1500,
      1500,
      1500,
      0,
      0,
      0,
      0,
      0,
      0,
      0,
      0,
      0,
      0,
      0,
      1510,
      1510,
      1510,
      1510,
      1510,
      1510,
      1497,
      1497,
      1497,
      1497,
      1497,
      1497,
      1497,
      1521,
      1521,
      1521,
      1521,
      1521,
      1521,
      1521,
      1521,
      1522,
      1522,
      1522,
      1522,
      1522,
      1522,
      0,
      0,
      0,
      0,
      0,
      0,
      0,
      0,
      0,
      0,
      1498,
      1498,
      1498,
      1498,
      1498,
      0,
      0,
      0,
      0,
      0,
      0,
      0,
      1513,
      1513,
      1513,
      1513,
      1513,
      1513,
      1513,
      1513,
      1513,
      1513,
      0,
      0,
      0,
      0,
      0,
      0,
      0,
      0,
      0,
      0,
      0,
      0,
      0,
      0,
      0,
      0,
      0,
      0,
      0,
      0,
      0,
      0,
      0,
      0,
      0,
      0,
      0,
      0,
      0,
      0,
      0,
      0,
      0,
      0,
      1526,
      1526,
      1526,
      1526,
      1526,
      1526,
      1526,
      1526,
      1526,
      1526,
      1526,
      1526,
      1526,
      0,
      0,
      0,
      0,
      0,
      0,
      0,
      0,
      0,
      0,
      0,
      0,
      0,
      0,
      0,
      0,
      0,
      0,
      0,
      0,
      0,
      0,
      0,
      0,
      0,
      0,
      0,
      0,
      0,
      0,
      0,
      0,
      0,
      0,
      0,
      1505,
      1505,
      1505,
      1505,
      1505,
      1505,
      1514,
      1514,
      1514,
      1514,
      1514,
      1514,
      1514,
      1514,
      1514,
      1514,
      1514,
      1514,
      0,
      0,
      0,
      0,
      0,
      1537,
      1537,
      1537,
      1537,
      1537,
      1537,
      1537,
      1537,
      1537,
      1537,
      1537,
      1537
    ],
    [
      0,
      0,
      0,
      0,
      0,
      0,
      0,
      0,
      0,
      0,
      1511,
      1511,
      1511,
      1511,
      1511,
      1511,
      1511,
      1511,
      1511,
      0,
      0,
      0,
      0,
      0,
      0,
      0,
      0,
      0,
      0,
      0,
      0,
      0,
      0,
      0,
      0,
      0,
      1517,
      1517,
      1517,
      1517,
      1517,
      1517,
      1515,
      1515,
      1515,
      1515,
      1515,
      1515,
      1515,
      1515,
      1515,
      1515,
      1515,
      1515,
      1515,
      1515,
      1515,
      1515,
      0,
      1512,
      1512,
      1512,
      1512,
      1512,
      1512,
      1512,
      1496,
      1496,
      1496,
      1492,
      1492,
      1492,
      1492,
      1492,
      1492,
      1516,
      1501,
      1501,
      1501,
      1501,
      1501,
      1501,
      1501,
      1501,
      1501,
      1501,
      1501,
      1501,
      1501,
      1501,
      1501,
      1528,
      1528,
      1528,
      1528,
      1528,
      0,
      0,
      0,
      0,
      0,
      0,
      0,
      0,
      0,
      0,
      0,
      0,
      0,
      0,
      0,
      1499,
      1499,
      1499,
      1499,
      1499,
      1499,
      1499,
      1499,
      1499,
      1518,
      1518,
      1518,
      1518,
      1518,
      0,
      0,
      0,
      0,
      0,
      0,
      0,
      0,
      0,
      0,
      0,
      0,
      0,
      0,
      0,
      0,
      0,
      0,
      1506,
      1506,
      1506,
      1506,
      1506,
      1506,
      1506,
      1506,
      1506,
      1506,
      0,
      0,
      0,
      0,
      0,
      0,
      0,
      0,
      0,
      0,
      0,
      0,
      0,
      0,
      0,
      0,
      0,
      0,
      0,
      1507,
      1507,
      1507,
      1507,
      1507,
      1507,
      1507,
      1507,
      1507,
      0,
      0,
      0,
      0,
      0,
      0,
      0,
      0,
      0,
      0,
      0,
      0,
      0,
      0,
      0,
      0,
      0,
      0,
      0,
      0,
      0,
      0,
      0,
      0,
      1508,
      1508,
      1508,
      1508,
      1508,
      1508,
      1508,
      1508,
      1508,
      1495,
      1495,
      1495,
      1495,
      1495,
      1495,
      1495,
      1519,
      1519,
      1519,
      1519,
      1519,
      1519,
      1502,
      1502,
      1502,
      1502,
      1502,
      1502,
      1502,
      1502,
      1502,
      1502,
      1502,
      1502,
      1502,
      1502,
      1502,
      1502,
      1502,
      1502,
      0,
      0,
      0,
      0,
      0,
      0,
      0,
      0,
      0,
      1503,
      1503,
      1503,
      1503,
      1503,
      1503,
      1503,
      1503,
      1503,
      1503,
      1503,
      1503,
      1503,
      0,
      0,
      0,
      0,
      1520,
      1520,
      1520,
      1520,
      1520,
      1520,
      1520,
      1520,
      1520,
      1504,
      1504,
      1504,
      1504,
      1504,
      1504,
      0,
      0,
      0,
      0,
      0,
      0,
      0,
      0,
      0,
      0,
      1509,
      1509,
      1509,
      1509,
      1509,
      1509,
      1509,
      1509,
      1509,
      1509,
      1525,
      1525,
      1525,
      1525,
      1525,
      1525,
      1525,
      1525,
      1525,
      1500,
      1500,
      1500,
      1500,
      1500,
      1500,
      1500,
      1500,
      1500,
      0,
      0,
      0,
      0,
      0,
      0,
      0,
      0,
      0,
      0,
      0,
      0,
      1510,
      1510,
      1510,
      1510,
      1510,
      1510,
      1497,
      1497,
      1497,
      1497,
      1521,
      1521,
      1521,
      1521,
      1521,
      1521,
      1521,
      1521,
      1521,
      1522,
      1522,
      1522,
      1522,
      1522,
      1522,
      1522,
      1522,
      0,
      0,
      0,
      0,
      0,
      0,
      0,
      0,
      0,
      0,
      1498,
      1498,
      1498,
      1498,
      1498,
      0,
      0,
      0,
      0,
      0,
      0,
      0,
      1513,
      1513,
      1513,
      1513,
      1513,
      1513,
      1513,
      1513,
      1513,
      0,
      0,
      0,
      0,
      0,
      0,
      0,
      0,
      0,
      0,
      0,
      0,
      0,
      0,
      0,
      0,
      0,
      0,
      0,
      0,
      0,
      0,
      0,
      0,
      0,
      0,
      0,
      0,
      0,
      0,
      0,
      0,
      0,
      0,
      0,
      1526,
      1526,
      1526,
      1526,
      1526,
      1526,
      1526,
      1526,
      1523,
      1523,
      1523,
      1523,
      1523,
      1523,
      1523,
      1523,
      0,
      0,
      0,
      0,
      0,
      0,
      0,
      0,
      0,
      0,
      0,
      0,
      0,
      0,
      0,
      0,
      0,
      0,
      0,
      0,
      0,
      0,
      0,
      0,
      0,
      0,
      0,
      0,
      0,
      0,
      0,
      0,
      1505,
      1505,
      1505,
      1505,
      1505,
      1505,
      1514,
      1514,
      1514,
      1514,
      1514,
      1514,
      1514,
      1514,
      1514,
      1514,
      1514,
      1514,
      0,
      0,
      0,
      0,
      1514,
      1537,
      1537,
      1537,
      1537,
      1537,
      1537,
      1537,
      1537,
      1537,
      1537,
      1537,
      1537
    ],
    [
      0,
      0,
      0,
      0,
      0,
      0,
      0,
      0,
      0,
      0,
      1511,
      1511,
      1511,
      1511,
      1511,
      1511,
      1511,
      1511,
      1511,
      0,
      0,
      0,
      0,
      0,
      0,
      0,
      0,
      0,
      0,
      0,
      1517,
      1517,
      1517,
      1517,
      1517,
      1517,
      1517,
      1517,
      1517,
      1517,
      1517,
      1517,
      1517,
      1517,
      1515,
      1515,
      1515,
      1515,
      1515,
      1515,
      1515,
      1515,
      1515,
      1515,
      1515,
      1515,
      1515,
      1515,
      0,
      1512,
      1512,
      1512,
      1512,
      1512,
      1512,
      1512,
      1496,
      1496,
      1496,
      1492,
      1492,
      1492,
      1516,
      1516,
      1516,
      1516,
      1501,
      1501,
      1501,
      1501,
      1501,
      1501,
      1501,
      1501,
      1501,
      1501,
      1501,
      1501,
      1501,
      1501,
      1501,
      1528,
      1528,
      1528,
      1528,
      1528,
      0,
      0,
      0,
      0,
      0,
      0,
      0,
      0,
      0,
      0,
      0,
      0,
      0,
      0,
      0,
      1499,
      1499,
      1499,
      1499,
      1499,
      1499,
      1499,
      1499,
      1518,
      1518,
      1518,
      1518,
      1518,
      1518,
      1518,
      1518,
      0,
      0,
      0,
      0,
      0,
      0,
      0,
      0,
      0,
      0,
      0,
      0,
      0,
      0,
      0,
      0,
      1506,
      1506,
      1506,
      1506,
      1506,
      1506,
      1506,
      1506,
      1506,
      1506,
      0,
      0,
      0,
      0,
      0,
      0,
      0,
      0,
      0,
      0,
      0,
      0,
      0,
      0,
      0,
      0,
      0,
      0,
      0,
      1507,
      1507,
      1507,
      1507,
      1507,
      1507,
      1507,
      1507,
      1507,
      0,
      0,
      0,
      0,
      0,
      0,
      0,
      0,
      0,
      0,
      0,
      0,
      0,
      0,
      0,
      0,
      0,
      0,
      0,
      0,
      0,
      0,
      0,
      0,
      1508,
      1508,
      1508,
      1508,
      1508,
      1508,
      1508,
      1508,
      1508,
      1495,
      1495,
      1495,
      1495,
      1495,
      1495,
      1495,
      1519,
      1519,
      1519,
      1519,
      1519,
      1519,
      1519,
      1502,
      1502,
      1502,
      1502,
      1502,
      1502,
      1502,
      1502,
      1502,
      1502,
      1502,
      1502,
      1502,
      1502,
      1502,
      1502,
      1502,
      0,
      0,
      0,
      0,
      0,
      0,
      0,
      0,
      1503,
      1503,
      1503,
      1503,
      1503,
      1503,
      1503,
      1503,
      1503,
      1503,
      1503,
      1503,
      1503,
      1503,
      0,
      0,
      0,
      0,
      1520,
      1520,
      1520,
      1520,
      1520,
      1520,
      1520,
      1520,
      1520,
      1504,
      1504,
      1504,
      1504,
      1504,
      1504,
      0,
      0,
      0,
      0,
      0,
      0,
      0,
      0,
      0,
      0,
      1509,
      1509,
      1509,
      1509,
      1509,
      1509,
      1509,
      1509,
      1509,
      1509,
      1509,
      1509,
      1525,
      1525,
      1525,
      1525,
      1525,
      1525,
      1525,
      1525,
      1525,
      1500,
      1500,
      1500,
      1500,
      1500,
      0,
      0,
      0,
      0,
      0,
      0,
      0,
      0,
      0,
      0,
      0,
      0,
      0,
      0,
      1510,
      1510,
      1510,
      1510,
      1510,
      1510,
      1497,
      1497,
      1497,
      1521,
      1521,
      1521,
      1521,
      1521,
      1521,
      1521,
      1521,
      1521,
      1521,
      1522,
      1522,
      1522,
      1522,
      1522,
      1522,
      1522,
      1522,
      0,
      0,
      0,
      0,
      0,
      0,
      0,
      0,
      0,
      0,
      0,
      1498,
      1498,
      1498,
      1498,
      0,
      0,
      0,
      0,
      0,
      0,
      0,
      1513,
      1513,
      1513,
      1513,
      1513,
      1513,
      0,
      0,
      0,
      0,
      0,
      0,
      0,
      0,
      0,
      0,
      0,
      0,
      0,
      0,
      0,
      0,
      0,
      0,
      0,
      0,
      0,
      0,
      0,
      0,
      0,
      0,
      0,
      0,
      0,
      0,
      0,
      0,
      0,
      0,
      0,
      0,
      0,
      0,
      1526,
      1526,
      1526,
      1526,
      1526,
      1526,
      1526,
      1526,
      1523,
      1523,
      1523,
      1523,
      1523,
      1523,
      1523,
      1523,
      1523,
      1523,
      1523,
      1523,
      0,
      0,
      0,
      0,
      0,
      0,
      0,
      0,
      0,
      0,
      0,
      0,
      0,
      0,
      0,
      0,
      0,
      0,
      0,
      0,
      0,
      0,
      0,
      0,
      0,
      0,
      0,
      0,
      1532,
      1532,
      1532,
      1532,
      1532,
      1532,
      1532,
      1514,
      1514,
      1514,
      1514,
      1514,
      1514,
      1514,
      1514,
      1514,
      1514,
      1514,
      1514,
      1514,
      1514,
      1514,
      1514,
      1537,
      1537,
      1537,
      1537,
      1537,
      1537,
      1537,
      1537,
      1537,
      1537,
      1537,
      1537
    ],
    [
      0,
      0,
      0,
      0,
      0,
      0,
      0,
      0,
      0,
      0,
      1511,
      1511,
      1511,
      1511,
      1511,
      1511,
      1511,
      1511,
      1511,
      0,
      0,
      0,
      0,
      0,
      0,
      0,
      0,
      0,
      0,
      0,
      1517,
      1517,
      1517,
      1517,
      1517,
      1517,
      1517,
      1517,
      1517,
      1517,
      1517,
      1517,
      1517,
      1517,
      1515,
      1515,
      1515,
      1515,
      1515,
      1515,
      1515,
      1515,
      1515,
      1515,
      1515,
      1515,
      1515,
      1515,
      0,
      1512,
      1512,
      1512,
      1512,
      1512,
      1512,
      1512,
      1496,
      1496,
      1496,
      1492,
      1492,
      1492,
      1516,
      1516,
      1516,
      1516,
      1501,
      1501,
      1501,
      1501,
      1501,
      1528,
      1528,
      1528,
      1528,
      1528,
      1528,
      1528,
      1528,
      1528,
      1528,
      1528,
      1528,
      1528,
      1528,
      1528,
      0,
      0,
      0,
      0,
      0,
      0,
      0,
      0,
      0,
      0,
      0,
      0,
      0,
      0,
      0,
      0,
      0,
      0,
      0,
      0,
      1518,
      1518,
      1518,
      1518,
      1518,
      1518,
      1518,
      1518,
      1518,
      1518,
      1518,
      1518,
      0,
      0,
      0,
      0,
      0,
      0,
      0,
      0,
      0,
      0,
      0,
      0,
      0,
      0,
      0,
      1506,
      1506,
      1506,
      1506,
      1506,
      1506,
      1506,
      0,
      0,
      0,
      0,
      0,
      0,
      0,
      0,
      0,
      0,
      0,
      1524,
      1524,
      1524,
      0,
      0,
      0,
      0,
      0,
      0,
      0,
      0,
      1507,
      1507,
      1507,
      1507,
      1507,
      1507,
      1507,
      0,
      0,
      0,
      0,
      0,
      0,
      0,
      0,
      0,
      0,
      0,
      0,
      0,
      0,
      0,
      0,
      0,
      0,
      0,
      0,
      0,
      0,
      0,
      0,
      0,
      0,
      1508,
      1508,
      1508,
      1508,
      1508,
      1508,
      1508,
      1508,
      1508,
      1495,
      1495,
      1495,
      1495,
      1495,
      1495,
      1495,
      1519,
      1519,
      1519,
      1519,
      1519,
      1519,
      1519,
      1502,
      1502,
      1502,
      1502,
      1502,
      0,
      0,
      0,
      0,
      0,
      1502,
      1502,
      1502,
      1502,
      1502,
      1502,
      1502,
      0,
      0,
      0,
      0,
      0,
      0,
      0,
      0,
      0,
      0,
      1503,
      1503,
      1503,
      1503,
      1503,
      1503,
      1503,
      1503,
      1503,
      1503,
      1503,
      1503,
      0,
      0,
      0,
      0,
      1520,
      1520,
      1520,
      1520,
      1520,
      1520,
      1520,
      1520,
      1520,
      1504,
      1504,
      1504,
      1504,
      1504,
      1504,
      0,
      0,
      0,
      0,
      0,
      0,
      0,
      0,
      0,
      0,
      1509,
      1509,
      1509,
      1509,
      1509,
      1509,
      1509,
      1509,
      1509,
      1509,
      1509,
      1509,
      1525,
      1525,
      1525,
      1525,
      1525,
      1525,
      1525,
      1525,
      1525,
      1500,
      1500,
      1500,
      1500,
      1500,
      0,
      0,
      0,
      0,
      0,
      0,
      0,
      0,
      0,
      0,
      0,
      1510,
      1510,
      1510,
      1510,
      1510,
      1510,
      1510,
      1510,
      1510,
      1497,
      1497,
      1536,
      1521,
      1521,
      1521,
      1521,
      1521,
      1521,
      1522,
      1522,
      1522,
      1522,
      1522,
      1522,
      1522,
      1522,
      1522,
      1522,
      1522,
      1522,
      0,
      0,
      0,
      0,
      0,
      0,
      0,
      0,
      0,
      0,
      0,
      0,
      0,
      0,
      0,
      0,
      0,
      0,
      0,
      0,
      0,
      0,
      1513,
      1513,
      1513,
      1513,
      1513,
      1513,
      0,
      0,
      0,
      0,
      0,
      0,
      0,
      0,
      0,
      0,
      0,
      0,
      0,
      0,
      0,
      0,
      0,
      0,
      0,
      0,
      0,
      0,
      0,
      0,
      0,
      0,
      0,
      0,
      0,
      0,
      0,
      0,
      0,
      0,
      0,
      0,
      0,
      0,
      1526,
      1526,
      1526,
      1526,
      1526,
      1526,
      1526,
      1526,
      1523,
      1523,
      1523,
      1523,
      1523,
      1523,
      1523,
      1523,
      1523,
      1523,
      1523,
      1523,
      0,
      0,
      0,
      0,
      0,
      0,
      0,
      0,
      0,
      0,
      0,
      0,
      0,
      0,
      0,
      0,
      0,
      0,
      0,
      0,
      0,
      0,
      0,
      0,
      0,
      0,
      0,
      1532,
      1532,
      1532,
      1532,
      1532,
      1532,
      1532,
      1532,
      1514,
      1514,
      1514,
      1514,
      1514,
      1514,
      1514,
      1514,
      1514,
      1514,
      1514,
      1514,
      1514,
      1514,
      1514,
      1514,
      1537,
      1537,
      1537,
      1537,
      1537,
      1537,
      1537,
      1537,
      1537,
      1537,
      1537,
      1537
    ],
    [
      0,
      0,
      0,
      0,
      0,
      0,
      0,
      0,
      0,
      0,
      1511,
      1511,
      1511,
      1511,
      1511,
      1511,
      1511,
      1511,
      1511,
      0,
      0,
      0,
      0,
      0,
      0,
      0,
      0,
      0,
      0,
      0,
      0,
      0,
      1517,
      1517,
      1517,
      1517,
      1517,
      1517,
      1517,
      1517,
      1517,
      1517,
      1517,
      1515,
      1515,
      1515,
      1515,
      1515,
      1515,
      1515,
      1515,
      1515,
      1515,
      1515,
      1515,
      1515,
      1515,
      1515,
      0,
      1512,
      1512,
      1512,
      1512,
      1512,
      1512,
      1512,
      1496,
      1496,
      1496,
      1492,
      1492,
      1492,
      1516,
      1516,
      1516,
      1516,
      1516,
      1516,
      1516,
      1516,
      1516,
      1528,
      1528,
      1528,
      1528,
      1528,
      1528,
      1528,
      1528,
      1528,
      1528,
      1528,
      1528,
      1528,
      1528,
      1528,
      1528,
      1528,
      0,
      0,
      0,
      0,
      0,
      0,
      0,
      0,
      0,
      0,
      0,
      0,
      0,
      0,
      0,
      0,
      1518,
      1518,
      1518,
      1518,
      1518,
      1518,
      1518,
      1518,
      1518,
      1518,
      1518,
      1518,
      1518,
      1518,
      0,
      0,
      0,
      0,
      0,
      0,
      0,
      0,
      0,
      0,
      0,
      0,
      0,
      0,
      0,
      0,
      0,
      0,
      0,
      0,
      0,
      0,
      0,
      0,
      0,
      0,
      0,
      0,
      0,
      0,
      0,
      0,
      0,
      1524,
      1524,
      1524,
      1524,
      1524,
      1524,
      1524,
      1524,
      1524,
      1524,
      0,
      1507,
      1507,
      1507,
      1507,
      1507,
      1507,
      1507,
      1507,
      0,
      0,
      0,
      0,
      0,
      0,
      0,
      0,
      0,
      0,
      0,
      0,
      0,
      0,
      0,
      0,
      0,
      0,
      0,
      0,
      0,
      0,
      0,
      0,
      0,
      1508,
      1508,
      1508,
      1508,
      1508,
      1508,
      1508,
      1508,
      1508,
      1495,
      1529,
      1495,
      1495,
      1495,
      1495,
      1495,
      1519,
      1519,
      1519,
      1519,
      1519,
      1519,
      1519,
      1502,
      1502,
      1502,
      1502,
      0,
      0,
      0,
      0,
      0,
      0,
      1502,
      1502,
      1502,
      1502,
      1502,
      1502,
      0,
      0,
      0,
      0,
      0,
      0,
      0,
      0,
      0,
      0,
      0,
      0,
      1503,
      1503,
      1503,
      1503,
      1503,
      1503,
      1503,
      1503,
      1503,
      1503,
      1503,
      0,
      0,
      0,
      0,
      1520,
      1520,
      1520,
      1520,
      1520,
      1520,
      1520,
      1520,
      1520,
      1504,
      1504,
      1504,
      1504,
      1504,
      1504,
      1504,
      1504,
      1504,
      1504,
      1509,
      1509,
      1509,
      1509,
      1509,
      1509,
      1509,
      1509,
      1509,
      1509,
      1509,
      1509,
      1509,
      1509,
      1509,
      1509,
      1509,
      1530,
      1548,
      1548,
      1525,
      1525,
      1525,
      1525,
      1525,
      1525,
      1525,
      1525,
      1500,
      1500,
      1500,
      1500,
      0,
      0,
      0,
      0,
      0,
      0,
      0,
      0,
      0,
      1510,
      1510,
      1510,
      1510,
      1510,
      1510,
      1510,
      1510,
      1510,
      1510,
      1510,
      1497,
      1497,
      1536,
      1521,
      1521,
      1521,
      1521,
      1521,
      1521,
      1522,
      1522,
      1522,
      1522,
      1522,
      1522,
      1522,
      1522,
      1522,
      1522,
      1522,
      1522,
      0,
      0,
      0,
      0,
      0,
      0,
      0,
      0,
      0,
      0,
      0,
      0,
      0,
      0,
      0,
      0,
      0,
      0,
      0,
      0,
      0,
      0,
      1513,
      1513,
      1513,
      1513,
      1513,
      1513,
      0,
      0,
      0,
      0,
      0,
      0,
      0,
      0,
      0,
      0,
      0,
      0,
      0,
      0,
      0,
      0,
      0,
      0,
      0,
      0,
      0,
      0,
      0,
      0,
      0,
      0,
      0,
      0,
      0,
      0,
      0,
      0,
      0,
      0,
      0,
      0,
      0,
      0,
      1526,
      1526,
      1526,
      1526,
      1526,
      1526,
      1526,
      1526,
      1523,
      1523,
      1523,
      1523,
      1523,
      1523,
      1523,
      1523,
      1523,
      1523,
      1523,
      0,
      0,
      0,
      0,
      0,
      0,
      0,
      0,
      0,
      0,
      0,
      0,
      0,
      0,
      0,
      0,
      0,
      0,
      0,
      0,
      0,
      0,
      0,
      0,
      0,
      0,
      0,
      1532,
      1532,
      1532,
      1532,
      1532,
      1532,
      1532,
      1532,
      1532,
      1514,
      1514,
      1514,
      1514,
      1514,
      1514,
      1514,
      1514,
      1514,
      1514,
      1514,
      1514,
      1514,
      1514,
      1514,
      1537,
      1537,
      1537,
      1537,
      1537,
      1537,
      1537,
      1537,
      1537,
      1537,
      1537,
      1537,
      1537
    ],
    [
      0,
      0,
      0,
      0,
      0,
      0,
      0,
      0,
      0,
      0,
      1511,
      1511,
      1511,
      1511,
      1511,
      1511,
      1511,
      1511,
      0,
      0,
      0,
      0,
      0,
      0,
      0,
      0,
      0,
      0,
      1527,
      1527,
      1527,
      1527,
      1527,
      1527,
      1517,
      1517,
      1517,
      1517,
      1517,
      1517,
      1517,
      1517,
      1517,
      1517,
      1517,
      1515,
      1515,
      1515,
      1515,
      1515,
      1515,
      1515,
      1515,
      1515,
      1515,
      1515,
      1515,
      1515,
      0,
      1512,
      1512,
      1512,
      1512,
      1512,
      1512,
      1512,
      1496,
      1496,
      1496,
      1492,
      1492,
      1492,
      1516,
      1516,
      1516,
      1516,
      1516,
      1516,
      1516,
      1516,
      1516,
      1528,
      1528,
      1528,
      1528,
      1528,
      1528,
      1528,
      1528,
      1528,
      1528,
      1528,
      1528,
      1528,
      1528,
      1528,
      1528,
      1528,
      0,
      0,
      0,
      0,
      0,
      0,
      0,
      0,
      0,
      0,
      0,
      0,
      0,
      0,
      0,
      0,
      1518,
      1518,
      1518,
      1518,
      1518,
      1518,
      1518,
      1518,
      1518,
      1518,
      1518,
      1518,
      1518,
      0,
      0,
      0,
      0,
      0,
      0,
      0,
      0,
      0,
      0,
      0,
      0,
      0,
      0,
      0,
      0,
      0,
      0,
      0,
      0,
      0,
      0,
      0,
      0,
      0,
      0,
      0,
      0,
      0,
      0,
      0,
      0,
      1524,
      1524,
      1524,
      1524,
      1524,
      1524,
      1524,
      1524,
      1524,
      1524,
      1524,
      1524,
      0,
      1507,
      1507,
      1507,
      1507,
      1507,
      1507,
      1507,
      1507,
      1507,
      0,
      0,
      0,
      0,
      0,
      0,
      0,
      0,
      0,
      0,
      0,
      0,
      0,
      0,
      0,
      0,
      0,
      0,
      0,
      0,
      0,
      0,
      0,
      0,
      1508,
      1508,
      1508,
      1508,
      1508,
      1508,
      1508,
      1508,
      1508,
      1529,
      1529,
      1529,
      1529,
      1495,
      1495,
      1495,
      1519,
      1519,
      1519,
      1519,
      1519,
      1519,
      1519,
      1502,
      1502,
      1502,
      1502,
      0,
      0,
      0,
      0,
      0,
      0,
      1502,
      1502,
      1502,
      1502,
      1502,
      0,
      0,
      0,
      0,
      0,
      0,
      0,
      0,
      0,
      0,
      0,
      0,
      0,
      1503,
      1503,
      1503,
      1503,
      1503,
      1503,
      1503,
      1503,
      1503,
      1503,
      1503,
      0,
      0,
      0,
      0,
      1520,
      1520,
      1520,
      1520,
      1520,
      1520,
      1520,
      1520,
      1520,
      1520,
      1520,
      1504,
      1504,
      1504,
      1504,
      1504,
      1504,
      1504,
      1504,
      1509,
      1509,
      1509,
      1509,
      1509,
      1509,
      1509,
      1509,
      1531,
      1531,
      1530,
      1530,
      1530,
      1530,
      1530,
      1530,
      1530,
      1530,
      1548,
      1548,
      1525,
      1525,
      1525,
      1525,
      1525,
      1525,
      1525,
      1525,
      1500,
      1500,
      1500,
      0,
      0,
      0,
      0,
      0,
      0,
      0,
      0,
      0,
      0,
      1510,
      1510,
      1510,
      1510,
      1510,
      1510,
      1510,
      1510,
      1510,
      1510,
      1510,
      1497,
      1497,
      1536,
      1521,
      1521,
      1521,
      1521,
      1521,
      1521,
      1522,
      1522,
      1522,
      1522,
      1522,
      1522,
      1522,
      1522,
      1522,
      1522,
      1522,
      1522,
      0,
      0,
      0,
      0,
      0,
      0,
      0,
      0,
      0,
      0,
      0,
      0,
      0,
      0,
      0,
      0,
      0,
      0,
      0,
      0,
      0,
      0,
      1513,
      1513,
      1513,
      1513,
      1513,
      1513,
      0,
      0,
      0,
      0,
      0,
      0,
      0,
      0,
      0,
      0,
      0,
      0,
      0,
      0,
      0,
      0,
      0,
      0,
      0,
      0,
      0,
      0,
      0,
      0,
      0,
      0,
      0,
      0,
      0,
      0,
      0,
      0,
      0,
      0,
      0,
      0,
      0,
      0,
      1526,
      1526,
      1526,
      1526,
      1526,
      1526,
      1526,
      1526,
      1523,
      1523,
      1523,
      1523,
      1523,
      1523,
      1523,
      1523,
      1523,
      0,
      0,
      0,
      0,
      0,
      0,
      0,
      0,
      0,
      0,
      0,
      0,
      0,
      0,
      0,
      0,
      0,
      0,
      0,
      0,
      0,
      0,
      0,
      0,
      0,
      0,
      0,
      0,
      1532,
      1532,
      1532,
      1532,
      1532,
      1532,
      1532,
      1532,
      1532,
      1532,
      1514,
      1514,
      1514,
      1514,
      1514,
      1514,
      1514,
      1514,
      1514,
      1514,
      1514,
      1514,
      1514,
      1537,
      1537,
      1537,
      1537,
      1537,
      1537,
      1537,
      1537,
      1537,
      1537,
      1537,
      1537,
      1537,
      1537,
      1537
    ],
    [
      0,
      0,
      0,
      0,
      0,
      0,
      0,
      0,
      0,
      0,
      0,
      1511,
      1511,
      1511,
      1511,
      1511,
      1511,
      1511,
      0,
      0,
      0,
      0,
      0,
      0,
      0,
      0,
      0,
      1527,
      1527,
      1527,
      1527,
      1527,
      1527,
      1527,
      0,
      1517,
      1517,
      1517,
      1517,
      1517,
      1517,
      1517,
      1517,
      1515,
      1515,
      1515,
      1515,
      1515,
      1515,
      1515,
      1515,
      1515,
      1515,
      1515,
      1515,
      1515,
      1515,
      1515,
      0,
      1512,
      1512,
      1512,
      1512,
      1512,
      1512,
      1512,
      1496,
      1496,
      1496,
      1492,
      1492,
      1516,
      1516,
      1516,
      1516,
      1516,
      1516,
      1516,
      1516,
      1516,
      1516,
      1516,
      1528,
      1528,
      1528,
      1528,
      1528,
      1528,
      1528,
      1528,
      1528,
      1528,
      1528,
      1528,
      1528,
      1528,
      1528,
      1528,
      1528,
      0,
      0,
      0,
      0,
      0,
      0,
      0,
      0,
      0,
      0,
      0,
      0,
      0,
      0,
      0,
      1518,
      1518,
      1518,
      1518,
      1518,
      1518,
      1518,
      1518,
      1518,
      1518,
      1518,
      1518,
      1518,
      0,
      0,
      0,
      0,
      0,
      0,
      0,
      0,
      0,
      0,
      0,
      0,
      0,
      0,
      0,
      0,
      0,
      0,
      0,
      0,
      0,
      0,
      0,
      0,
      0,
      0,
      0,
      0,
      0,
      0,
      1524,
      1524,
      1524,
      1524,
      1524,
      1524,
      1524,
      1524,
      1524,
      1524,
      1524,
      1524,
      1524,
      1524,
      0,
      1507,
      1507,
      1507,
      1507,
      1542,
      1542,
      1542,
      1542,
      1542,
      1542,
      0,
      0,
      0,
      0,
      0,
      0,
      0,
      0,
      0,
      0,
      0,
      0,
      0,
      0,
      0,
      0,
      0,
      0,
      0,
      0,
      0,
      0,
      0,
      0,
      0,
      1529,
      1529,
      1529,
      1529,
      1529,
      1529,
      1529,
      1529,
      1529,
      1529,
      1529,
      1529,
      1529,
      1529,
      1519,
      1519,
      1519,
      1519,
      1519,
      1519,
      1519,
      1502,
      1547,
      1547,
      0,
      0,
      0,
      0,
      0,
      0,
      0,
      1502,
      1502,
      1502,
      1502,
      1502,
      0,
      0,
      0,
      0,
      0,
      0,
      0,
      0,
      0,
      0,
      0,
      0,
      0,
      1503,
      1503,
      1503,
      1503,
      1503,
      1503,
      1503,
      1503,
      1503,
      1503,
      1503,
      0,
      0,
      0,
      0,
      1520,
      1520,
      1520,
      1520,
      1520,
      1520,
      1520,
      1520,
      1520,
      1520,
      1520,
      1520,
      1520,
      1504,
      1504,
      1504,
      1504,
      1535,
      1535,
      1535,
      1535,
      1535,
      1535,
      1531,
      1531,
      1531,
      1531,
      1531,
      1531,
      1530,
      1530,
      1530,
      1530,
      1530,
      1530,
      1530,
      1530,
      1548,
      1548,
      1525,
      1525,
      1525,
      1525,
      1525,
      1525,
      1525,
      1525,
      1500,
      1500,
      1500,
      0,
      0,
      0,
      0,
      0,
      0,
      0,
      0,
      0,
      0,
      1510,
      1510,
      1510,
      1510,
      1510,
      1510,
      1510,
      1510,
      1510,
      1510,
      1510,
      1497,
      1536,
      1536,
      1521,
      1521,
      1521,
      1521,
      1521,
      1521,
      1522,
      1522,
      1522,
      1522,
      1522,
      1522,
      1522,
      1522,
      1522,
      1522,
      1522,
      1522,
      0,
      0,
      0,
      0,
      0,
      0,
      0,
      0,
      0,
      0,
      0,
      0,
      0,
      0,
      0,
      0,
      0,
      0,
      0,
      0,
      0,
      0,
      1513,
      1513,
      1513,
      1513,
      1513,
      1513,
      0,
      0,
      0,
      0,
      0,
      0,
      0,
      0,
      0,
      0,
      0,
      0,
      0,
      0,
      0,
      0,
      0,
      0,
      0,
      0,
      0,
      0,
      0,
      0,
      0,
      0,
      0,
      0,
      0,
      0,
      0,
      0,
      0,
      0,
      0,
      0,
      0,
      0,
      1526,
      1526,
      1526,
      1526,
      1526,
      1526,
      1526,
      1526,
      1523,
      1523,
      1523,
      1523,
      1523,
      1523,
      1523,
      1523,
      1523,
      0,
      0,
      0,
      0,
      0,
      0,
      0,
      0,
      0,
      0,
      0,
      0,
      0,
      0,
      0,
      0,
      0,
      0,
      0,
      0,
      0,
      0,
      0,
      0,
      0,
      0,
      0,
      0,
      1532,
      1532,
      1532,
      1532,
      1532,
      1532,
      1532,
      1532,
      1532,
      1532,
      1514,
      1514,
      1514,
      1514,
      1514,
      1514,
      1514,
      1514,
      1514,
      1514,
      1514,
      1514,
      1514,
      1537,
      1537,
      1537,
      1537,
      1537,
      1537,
      1537,
      1537,
      1537,
      1537,
      1537,
      1538,
      1538,
      1538,
      1538
    ],
    [
      0,
      0,
      0,
      0,
      0,
      0,
      0,
      0,
      0,
      0,
      0,
      0,
      0,
      0,
      0,
      0,
      0,
      0,
      0,
      0,
      0,
      0,
      0,
      0,
      0,
      0,
      0,
      1527,
      1527,
      1527,
      1527,
      1527,
      1527,
      1527,
      0,
      0,
      0,
      1517,
      1517,
      1517,
      1517,
      1517,
      1517,
      1517,
      1515,
      1515,
      1515,
      1515,
      1515,
      1515,
      1515,
      1515,
      1515,
      1515,
      1515,
      1515,
      1515,
      1515,
      1533,
      1512,
      1512,
      1512,
      1512,
      1512,
      1512,
      1512,
      1496,
      1496,
      1496,
      1492,
      1516,
      1516,
      1516,
      1516,
      1516,
      1516,
      1516,
      1534,
      1534,
      1534,
      1534,
      1534,
      1534,
      1534,
      1528,
      1528,
      1528,
      1528,
      1528,
      1528,
      1528,
      1528,
      1528,
      1528,
      1528,
      1528,
      1528,
      1528,
      1528,
      1528,
      0,
      0,
      0,
      0,
      0,
      0,
      0,
      0,
      0,
      0,
      0,
      0,
      0,
      0,
      1518,
      1518,
      1518,
      1518,
      1518,
      1518,
      1518,
      1518,
      1518,
      1518,
      1518,
      0,
      0,
      0,
      0,
      0,
      0,
      0,
      0,
      0,
      0,
      0,
      0,
      0,
      0,
      0,
      0,
      0,
      0,
      0,
      0,
      0,
      0,
      0,
      0,
      0,
      0,
      0,
      0,
      0,
      0,
      1524,
      1524,
      1524,
      1524,
      1524,
      1524,
      1524,
      1524,
      1524,
      1524,
      1524,
      1524,
      1524,
      1524,
      1524,
      1524,
      0,
      1507,
      1507,
      1507,
      1542,
      1542,
      1542,
      1542,
      1542,
      1542,
      1542,
      1542,
      1542,
      0,
      0,
      0,
      0,
      0,
      0,
      0,
      0,
      0,
      0,
      0,
      0,
      0,
      0,
      0,
      0,
      0,
      0,
      0,
      0,
      0,
      0,
      0,
      0,
      1529,
      1529,
      1529,
      1529,
      1529,
      1529,
      1529,
      1529,
      1529,
      1529,
      1529,
      1529,
      1529,
      1519,
      1519,
      1519,
      1519,
      1519,
      1519,
      1519,
      1502,
      1547,
      1547,
      0,
      0,
      0,
      0,
      0,
      0,
      0,
      1502,
      1502,
      1502,
      1502,
      1502,
      0,
      0,
      0,
      0,
      0,
      0,
      0,
      0,
      0,
      0,
      0,
      0,
      1503,
      1503,
      1503,
      1503,
      1503,
      1503,
      1503,
      1503,
      1503,
      1503,
      1503,
      1503,
      0,
      0,
      0,
      0,
      1520,
      1520,
      1520,
      1520,
      1520,
      1520,
      1520,
      1520,
      1520,
      1520,
      1520,
      1520,
      1520,
      1504,
      1504,
      1577,
      1535,
      1535,
      1535,
      1535,
      1535,
      1535,
      1535,
      1558,
      1531,
      1531,
      1531,
      1531,
      1531,
      1530,
      1530,
      1530,
      1530,
      1530,
      1530,
      1530,
      1530,
      1548,
      1548,
      1525,
      1525,
      1525,
      1525,
      1525,
      1525,
      1525,
      1525,
      1500,
      0,
      0,
      0,
      0,
      0,
      0,
      0,
      0,
      0,
      0,
      0,
      0,
      0,
      0,
      1536,
      1536,
      1536,
      1536,
      1536,
      1536,
      1536,
      1536,
      1536,
      1536,
      1536,
      1536,
      1521,
      1521,
      1521,
      1521,
      1521,
      1521,
      1522,
      1522,
      1522,
      1522,
      1522,
      1522,
      1522,
      1522,
      1522,
      0,
      0,
      0,
      0,
      0,
      0,
      0,
      0,
      0,
      0,
      0,
      0,
      0,
      0,
      0,
      0,
      0,
      0,
      0,
      0,
      0,
      0,
      0,
      0,
      0,
      1513,
      1513,
      1513,
      1513,
      1513,
      0,
      0,
      0,
      0,
      0,
      0,
      0,
      0,
      0,
      0,
      0,
      0,
      0,
      0,
      0,
      0,
      0,
      0,
      0,
      0,
      0,
      0,
      0,
      0,
      0,
      0,
      0,
      0,
      0,
      0,
      0,
      0,
      0,
      0,
      0,
      0,
      0,
      0,
      0,
      1526,
      1526,
      1526,
      1526,
      1526,
      1526,
      1526,
      1526,
      1523,
      1523,
      1523,
      1523,
      1523,
      1523,
      1523,
      1523,
      1523,
      0,
      0,
      0,
      0,
      0,
      0,
      0,
      0,
      0,
      0,
      0,
      0,
      0,
      0,
      0,
      0,
      0,
      0,
      0,
      0,
      0,
      0,
      0,
      0,
      0,
      0,
      0,
      0,
      1532,
      1532,
      1532,
      1532,
      1532,
      1532,
      1532,
      1532,
      1532,
      1532,
      1514,
      1514,
      1514,
      1514,
      1514,
      1514,
      1514,
      1514,
      1514,
      1514,
      1514,
      1514,
      1537,
      1537,
      1537,
      1537,
      1537,
      1537,
      1537,
      1537,
      1537,
      1537,
      1537,
      1537,
      1538,
      1538,
      1538,
      1538
    ],
    [
      0,
      0,
      0,
      0,
      0,
      0,
      0,
      0,
      0,
      0,
      0,
      0,
      0,
      0,
      0,
      0,
      0,
      0,
      0,
      0,
      0,
      0,
      0,
      0,
      0,
      0,
      0,
      1527,
      1527,
      1527,
      1527,
      1527,
      1527,
      1527,
      0,
      0,
      0,
      1517,
      1517,
      1517,
      1517,
      1517,
      1517,
      1517,
      1515,
      1515,
      1515,
      1515,
      1515,
      1515,
      1515,
      1515,
      1515,
      1515,
      1515,
      1515,
      1515,
      1515,
      1533,
      1533,
      1512,
      1512,
      1512,
      1512,
      1512,
      1512,
      1512,
      1512,
      1496,
      0,
      1516,
      1516,
      1516,
      1516,
      1516,
      1516,
      1534,
      1534,
      1534,
      1534,
      1534,
      1534,
      1534,
      1534,
      0,
      1528,
      1528,
      1528,
      1528,
      1528,
      1528,
      1528,
      1528,
      1528,
      1528,
      1528,
      1528,
      1528,
      1528,
      1528,
      1528,
      1528,
      1528,
      0,
      0,
      0,
      0,
      0,
      0,
      0,
      0,
      0,
      0,
      0,
      0,
      0,
      0,
      0,
      0,
      0,
      0,
      0,
      0,
      0,
      0,
      0,
      0,
      0,
      0,
      0,
      0,
      0,
      0,
      0,
      0,
      0,
      0,
      0,
      0,
      0,
      0,
      0,
      0,
      0,
      0,
      0,
      0,
      0,
      0,
      0,
      0,
      0,
      0,
      0,
      0,
      1524,
      1524,
      1524,
      1524,
      1524,
      1524,
      1524,
      1524,
      1524,
      1524,
      1524,
      1524,
      1524,
      1524,
      1524,
      1524,
      0,
      1524,
      1507,
      1507,
      1542,
      1542,
      1542,
      1542,
      1542,
      1542,
      1542,
      1542,
      1542,
      1542,
      0,
      0,
      0,
      0,
      0,
      0,
      0,
      0,
      0,
      0,
      0,
      0,
      0,
      0,
      0,
      0,
      0,
      0,
      0,
      0,
      0,
      0,
      0,
      1529,
      1529,
      1529,
      1529,
      1529,
      1529,
      1529,
      1529,
      1529,
      1529,
      1529,
      1529,
      1529,
      1529,
      1519,
      1519,
      1519,
      1519,
      1519,
      1519,
      1547,
      1547,
      1547,
      0,
      0,
      0,
      0,
      0,
      0,
      0,
      0,
      0,
      0,
      0,
      0,
      0,
      0,
      0,
      0,
      0,
      0,
      0,
      0,
      0,
      0,
      1539,
      1539,
      1539,
      1539,
      1539,
      1539,
      1503,
      1503,
      1503,
      1503,
      1503,
      1503,
      1503,
      1503,
      0,
      0,
      0,
      0,
      1520,
      1520,
      1520,
      1520,
      1520,
      1520,
      1520,
      1520,
      1520,
      1520,
      1520,
      1520,
      1520,
      1504,
      1504,
      1577,
      1535,
      1535,
      1535,
      1535,
      1535,
      1535,
      1535,
      1558,
      1558,
      1531,
      1531,
      1531,
      1531,
      1530,
      1530,
      1530,
      1530,
      1530,
      1530,
      1530,
      1530,
      1548,
      1548,
      1525,
      1525,
      1525,
      1525,
      1525,
      1525,
      1525,
      1525,
      0,
      0,
      0,
      0,
      0,
      0,
      0,
      0,
      0,
      0,
      1540,
      1540,
      1540,
      1540,
      1540,
      1540,
      1540,
      1536,
      1536,
      1536,
      1536,
      1536,
      1536,
      1536,
      1536,
      1536,
      1536,
      1521,
      1521,
      1521,
      1521,
      1521,
      1521,
      1522,
      1522,
      1522,
      1522,
      1522,
      1522,
      1522,
      1522,
      0,
      0,
      0,
      0,
      0,
      0,
      0,
      0,
      0,
      0,
      0,
      0,
      0,
      0,
      0,
      0,
      0,
      0,
      0,
      0,
      0,
      0,
      0,
      0,
      0,
      0,
      1513,
      1513,
      1513,
      1513,
      1513,
      0,
      0,
      0,
      0,
      0,
      0,
      0,
      0,
      0,
      0,
      0,
      0,
      0,
      0,
      0,
      0,
      0,
      0,
      0,
      0,
      0,
      0,
      0,
      0,
      0,
      0,
      0,
      0,
      0,
      0,
      0,
      0,
      0,
      0,
      0,
      0,
      0,
      0,
      0,
      1526,
      1526,
      1526,
      1526,
      1526,
      1526,
      1526,
      1526,
      1523,
      1523,
      1523,
      1523,
      1523,
      1523,
      1523,
      1523,
      1523,
      0,
      0,
      0,
      0,
      0,
      0,
      0,
      0,
      0,
      0,
      0,
      0,
      0,
      0,
      0,
      0,
      0,
      0,
      0,
      0,
      0,
      0,
      0,
      0,
      0,
      0,
      0,
      1543,
      1532,
      1532,
      1532,
      1532,
      1532,
      1532,
      1532,
      1532,
      1532,
      1532,
      1514,
      1514,
      0,
      0,
      0,
      0,
      0,
      0,
      1514,
      1514,
      1514,
      1514,
      1537,
      1537,
      1537,
      1537,
      1537,
      1537,
      1537,
      1537,
      1537,
      1537,
      1537,
      1538,
      1538,
      1538,
      1538,
      1538
    ],
    [
      0,
      0,
      0,
      0,
      0,
      0,
      0,
      0,
      0,
      0,
      0,
      0,
      0,
      0,
      0,
      0,
      0,
      0,
      0,
      0,
      0,
      0,
      0,
      0,
      0,
      0,
      0,
      1527,
      1527,
      1527,
      1527,
      1527,
      1527,
      1527,
      0,
      0,
      0,
      1517,
      1517,
      1517,
      1517,
      1517,
      1517,
      1517,
      1515,
      1515,
      1515,
      1515,
      1515,
      1515,
      1515,
      1515,
      1515,
      1515,
      1515,
      1515,
      1515,
      1515,
      1533,
      1533,
      1533,
      1533,
      1533,
      1533,
      1533,
      1533,
      1533,
      0,
      0,
      0,
      0,
      0,
      1516,
      1516,
      1516,
      1516,
      1534,
      1534,
      1534,
      1534,
      1534,
      1534,
      1534,
      1534,
      0,
      1528,
      1528,
      1528,
      1528,
      1528,
      1528,
      1528,
      1528,
      1528,
      1528,
      1528,
      1545,
      1545,
      1545,
      1545,
      1545,
      1545,
      1545,
      1545,
      0,
      0,
      0,
      0,
      0,
      0,
      0,
      0,
      0,
      0,
      0,
      0,
      0,
      0,
      0,
      0,
      0,
      0,
      0,
      0,
      0,
      0,
      0,
      0,
      0,
      0,
      0,
      0,
      0,
      0,
      0,
      0,
      0,
      0,
      0,
      0,
      0,
      0,
      0,
      0,
      0,
      0,
      0,
      0,
      0,
      0,
      0,
      0,
      0,
      0,
      0,
      0,
      0,
      1524,
      1524,
      1524,
      1524,
      1524,
      1524,
      1524,
      1524,
      1524,
      1524,
      1524,
      1524,
      1524,
      1524,
      1524,
      1524,
      1507,
      1507,
      1542,
      1542,
      1542,
      1542,
      1542,
      1542,
      1542,
      1542,
      1542,
      1542,
      0,
      0,
      0,
      0,
      0,
      0,
      0,
      0,
      0,
      0,
      0,
      0,
      0,
      0,
      0,
      0,
      0,
      0,
      0,
      0,
      0,
      0,
      0,
      0,
      0,
      1529,
      1529,
      1529,
      1529,
      1529,
      1529,
      1529,
      1529,
      1529,
      1529,
      1529,
      1529,
      1529,
      1529,
      1529,
      1529,
      1529,
      1547,
      1547,
      1547,
      1547,
      0,
      0,
      0,
      0,
      0,
      0,
      0,
      0,
      0,
      0,
      0,
      0,
      0,
      0,
      0,
      0,
      0,
      0,
      0,
      0,
      0,
      0,
      1539,
      1539,
      1539,
      1539,
      1539,
      1539,
      1539,
      1539,
      1503,
      1503,
      1503,
      1503,
      1503,
      1503,
      0,
      0,
      0,
      0,
      0,
      0,
      0,
      0,
      0,
      0,
      0,
      0,
      0,
      0,
      0,
      1520,
      1520,
      1504,
      1577,
      1577,
      1535,
      1535,
      1535,
      1535,
      1535,
      1535,
      1535,
      1558,
      1558,
      1558,
      1531,
      1531,
      1531,
      1531,
      1530,
      1530,
      1530,
      1530,
      1530,
      1530,
      1530,
      1548,
      1548,
      1525,
      1525,
      1525,
      1525,
      1525,
      1525,
      1525,
      1525,
      0,
      0,
      0,
      0,
      0,
      0,
      0,
      0,
      0,
      0,
      1540,
      1540,
      1540,
      1540,
      1540,
      1540,
      1540,
      1540,
      1540,
      1536,
      1536,
      1536,
      1536,
      1536,
      1536,
      1536,
      1536,
      1536,
      1536,
      1536,
      1536,
      1521,
      1521,
      1522,
      1522,
      1522,
      1522,
      1522,
      1522,
      1522,
      0,
      0,
      0,
      0,
      0,
      0,
      0,
      0,
      0,
      0,
      0,
      0,
      0,
      0,
      0,
      0,
      0,
      0,
      0,
      0,
      0,
      0,
      0,
      0,
      0,
      0,
      0,
      0,
      0,
      0,
      0,
      0,
      0,
      0,
      0,
      0,
      0,
      0,
      0,
      0,
      0,
      0,
      0,
      0,
      0,
      0,
      0,
      0,
      0,
      0,
      0,
      0,
      0,
      0,
      0,
      0,
      0,
      0,
      0,
      0,
      0,
      0,
      0,
      0,
      0,
      0,
      0,
      0,
      0,
      0,
      0,
      0,
      1526,
      1526,
      1526,
      1526,
      1526,
      1526,
      1526,
      1523,
      1523,
      1523,
      1523,
      1523,
      1523,
      1523,
      1523,
      1523,
      0,
      0,
      0,
      0,
      0,
      0,
      0,
      0,
      0,
      0,
      0,
      0,
      0,
      0,
      0,
      0,
      0,
      0,
      0,
      0,
      0,
      0,
      0,
      0,
      1543,
      1543,
      1543,
      1543,
      1532,
      1532,
      1532,
      1532,
      1532,
      1532,
      1532,
      1532,
      1532,
      1532,
      1514,
      0,
      0,
      0,
      0,
      0,
      0,
      0,
      1514,
      1514,
      1514,
      1514,
      1537,
      1537,
      1537,
      1537,
      1537,
      1537,
      1537,
      1537,
      1537,
      1537,
      1537,
      1538,
      1538,
      1538,
      1538,
      1538
    ],
    [
      0,
      0,
      0,
      0,
      0,
      0,
      0,
      0,
      0,
      0,
      0,
      0,
      0,
      0,
      0,
      0,
      0,
      0,
      0,
      0,
      0,
      0,
      0,
      0,
      0,
      0,
      0,
      0,
      1527,
      1527,
      1527,
      1527,
      1527,
      1527,
      0,
      0,
      0,
      1517,
      1517,
      1517,
      1517,
      1517,
      1517,
      1517,
      1517,
      1515,
      1515,
      1515,
      1515,
      1515,
      1515,
      1515,
      1515,
      1515,
      1515,
      1515,
      1515,
      1533,
      1533,
      1533,
      1533,
      1533,
      1533,
      1533,
      1533,
      1533,
      0,
      0,
      0,
      0,
      0,
      0,
      1516,
      1516,
      1516,
      1516,
      1534,
      1534,
      1534,
      1534,
      1534,
      1534,
      1534,
      1534,
      0,
      1528,
      1528,
      1528,
      1528,
      1528,
      1528,
      1528,
      1528,
      1528,
      1528,
      1528,
      1545,
      1545,
      1545,
      1545,
      1545,
      1545,
      1545,
      1545,
      1545,
      0,
      0,
      0,
      0,
      0,
      0,
      0,
      0,
      0,
      0,
      0,
      0,
      0,
      0,
      0,
      0,
      0,
      0,
      0,
      0,
      0,
      0,
      0,
      0,
      0,
      0,
      0,
      0,
      0,
      0,
      0,
      0,
      0,
      0,
      0,
      0,
      0,
      0,
      0,
      0,
      0,
      0,
      0,
      0,
      0,
      0,
      0,
      0,
      0,
      0,
      0,
      0,
      1524,
      1524,
      1524,
      1524,
      1524,
      1524,
      1524,
      1524,
      1524,
      1524,
      1524,
      1524,
      1524,
      1524,
      1524,
      1524,
      1524,
      1524,
      1542,
      1542,
      1542,
      1542,
      1542,
      1542,
      1542,
      1542,
      1542,
      1542,
      0,
      0,
      0,
      0,
      0,
      0,
      0,
      0,
      0,
      0,
      0,
      0,
      0,
      0,
      0,
      0,
      0,
      0,
      0,
      0,
      0,
      0,
      0,
      0,
      0,
      1529,
      1529,
      1529,
      1529,
      1529,
      1529,
      1529,
      1529,
      1529,
      1529,
      1529,
      1529,
      1529,
      1529,
      1529,
      1529,
      1547,
      1547,
      1547,
      1547,
      1547,
      1547,
      1547,
      1547,
      1547,
      1547,
      0,
      0,
      0,
      0,
      0,
      0,
      0,
      0,
      0,
      0,
      0,
      0,
      0,
      0,
      0,
      0,
      1552,
      1539,
      1539,
      1539,
      1539,
      1539,
      1539,
      1539,
      1539,
      1503,
      1503,
      1503,
      1503,
      1503,
      0,
      0,
      0,
      0,
      0,
      0,
      0,
      0,
      0,
      0,
      0,
      0,
      0,
      0,
      0,
      0,
      1520,
      0,
      0,
      1577,
      1577,
      1535,
      1535,
      1535,
      1535,
      1535,
      1535,
      1535,
      1558,
      1558,
      1558,
      1558,
      1531,
      1531,
      1531,
      1531,
      1531,
      1531,
      1531,
      1530,
      1530,
      1530,
      1548,
      1548,
      1525,
      1525,
      1525,
      1525,
      1525,
      1525,
      1525,
      1553,
      0,
      0,
      0,
      0,
      0,
      0,
      0,
      0,
      0,
      1540,
      1540,
      1540,
      1540,
      1540,
      1540,
      1540,
      1540,
      1540,
      1540,
      1536,
      1536,
      1536,
      1536,
      1536,
      1536,
      1536,
      1536,
      1536,
      1536,
      1536,
      1536,
      1536,
      0,
      0,
      0,
      0,
      0,
      0,
      0,
      0,
      0,
      0,
      0,
      0,
      0,
      0,
      0,
      0,
      0,
      0,
      0,
      0,
      0,
      0,
      0,
      0,
      0,
      0,
      0,
      0,
      0,
      0,
      0,
      0,
      0,
      0,
      0,
      0,
      0,
      0,
      0,
      0,
      0,
      0,
      0,
      0,
      0,
      0,
      0,
      0,
      0,
      0,
      0,
      0,
      0,
      0,
      0,
      0,
      0,
      0,
      0,
      0,
      0,
      0,
      0,
      0,
      0,
      0,
      0,
      0,
      0,
      0,
      0,
      0,
      0,
      0,
      0,
      0,
      0,
      0,
      0,
      0,
      0,
      0,
      0,
      0,
      0,
      1526,
      1526,
      1523,
      1523,
      1523,
      1523,
      1541,
      1541,
      1541,
      1541,
      1541,
      0,
      0,
      1549,
      0,
      0,
      0,
      0,
      0,
      0,
      0,
      0,
      0,
      0,
      0,
      0,
      0,
      0,
      1543,
      1543,
      1543,
      1543,
      1543,
      1543,
      1543,
      1543,
      1543,
      1543,
      1543,
      1532,
      1532,
      1532,
      1532,
      1532,
      1532,
      1532,
      1532,
      1532,
      1532,
      0,
      0,
      0,
      0,
      0,
      0,
      0,
      0,
      1514,
      1514,
      1514,
      1514,
      1537,
      1537,
      1537,
      1537,
      1537,
      1537,
      1537,
      1537,
      1537,
      1537,
      1537,
      1538,
      1538,
      1538,
      1538,
      1538
    ],
    [
      0,
      0,
      0,
      0,
      0,
      0,
      0,
      0,
      0,
      0,
      0,
      0,
      0,
      0,
      0,
      0,
      0,
      0,
      0,
      0,
      0,
      0,
      0,
      0,
      0,
      0,
      0,
      0,
      0,
      0,
      0,
      0,
      0,
      0,
      0,
      0,
      0,
      0,
      1517,
      1517,
      1544,
      1544,
      1544,
      1544,
      1544,
      1544,
      1515,
      1515,
      1515,
      1515,
      1515,
      1515,
      1515,
      1515,
      1515,
      1515,
      1533,
      1533,
      1533,
      1533,
      1533,
      1533,
      1533,
      1533,
      0,
      0,
      0,
      0,
      0,
      0,
      0,
      0,
      1516,
      1516,
      1516,
      1516,
      1534,
      1534,
      1534,
      1534,
      1534,
      1534,
      1534,
      1534,
      0,
      1528,
      1528,
      1528,
      1528,
      1528,
      1528,
      1528,
      1528,
      1528,
      1528,
      1528,
      1545,
      1545,
      1545,
      1545,
      1545,
      1545,
      1545,
      1545,
      1545,
      1545,
      1545,
      0,
      0,
      0,
      0,
      0,
      0,
      0,
      0,
      0,
      0,
      0,
      0,
      0,
      0,
      0,
      0,
      0,
      0,
      0,
      0,
      0,
      0,
      0,
      0,
      0,
      0,
      0,
      0,
      0,
      0,
      0,
      0,
      0,
      0,
      0,
      0,
      0,
      0,
      0,
      0,
      0,
      0,
      0,
      0,
      0,
      0,
      0,
      0,
      0,
      0,
      1524,
      1524,
      1524,
      1524,
      1524,
      1524,
      1524,
      1524,
      1524,
      1524,
      1524,
      1524,
      1524,
      1524,
      1524,
      1524,
      1524,
      1524,
      1524,
      1542,
      1542,
      1542,
      1542,
      1542,
      1542,
      1542,
      1542,
      1542,
      0,
      0,
      0,
      0,
      0,
      0,
      0,
      0,
      0,
      0,
      0,
      0,
      0,
      0,
      0,
      0,
      0,
      0,
      0,
      0,
      0,
      0,
      0,
      0,
      0,
      1529,
      1529,
      1529,
      1529,
      1529,
      1529,
      1529,
      1529,
      1529,
      1529,
      1529,
      1529,
      1529,
      1529,
      1529,
      1547,
      1547,
      1547,
      1547,
      1547,
      1547,
      1547,
      1547,
      1547,
      0,
      0,
      0,
      0,
      0,
      0,
      0,
      0,
      0,
      0,
      0,
      0,
      0,
      0,
      0,
      0,
      1552,
      1552,
      1552,
      1539,
      1539,
      1539,
      1539,
      1539,
      1539,
      1539,
      1539,
      1503,
      1503,
      1503,
      1503,
      1503,
      0,
      0,
      0,
      0,
      0,
      0,
      0,
      0,
      0,
      0,
      0,
      0,
      0,
      0,
      0,
      0,
      0,
      0,
      0,
      1577,
      1577,
      1535,
      1535,
      1535,
      1535,
      1535,
      1535,
      1535,
      1558,
      1558,
      1558,
      1558,
      1531,
      1531,
      1531,
      1531,
      1531,
      1531,
      1531,
      1531,
      1531,
      1531,
      1548,
      1548,
      1548,
      1548,
      1548,
      1548,
      1548,
      1548,
      1553,
      1553,
      0,
      0,
      0,
      0,
      0,
      0,
      0,
      0,
      0,
      1540,
      1540,
      1540,
      1540,
      1540,
      1540,
      1540,
      1540,
      1540,
      1540,
      1554,
      1536,
      1536,
      1536,
      1536,
      1536,
      1536,
      1536,
      1536,
      1536,
      1536,
      1536,
      1536,
      0,
      0,
      0,
      0,
      0,
      0,
      0,
      0,
      0,
      0,
      0,
      0,
      0,
      0,
      0,
      0,
      0,
      0,
      0,
      0,
      0,
      0,
      0,
      0,
      0,
      0,
      0,
      0,
      0,
      0,
      0,
      0,
      0,
      0,
      0,
      0,
      0,
      0,
      0,
      0,
      0,
      0,
      0,
      0,
      0,
      0,
      0,
      0,
      0,
      0,
      0,
      0,
      0,
      0,
      0,
      0,
      0,
      0,
      0,
      0,
      0,
      0,
      0,
      0,
      0,
      0,
      0,
      0,
      0,
      0,
      0,
      0,
      0,
      0,
      0,
      0,
      0,
      0,
      0,
      0,
      0,
      0,
      0,
      0,
      0,
      1526,
      1526,
      1523,
      1523,
      1523,
      1523,
      1541,
      1541,
      1541,
      1541,
      1541,
      1549,
      1549,
      1549,
      0,
      0,
      0,
      0,
      0,
      0,
      0,
      0,
      0,
      0,
      0,
      0,
      0,
      0,
      1543,
      1543,
      1543,
      1543,
      1543,
      1543,
      1543,
      1543,
      1543,
      1543,
      1543,
      1532,
      1532,
      1532,
      1532,
      1532,
      1532,
      1532,
      1532,
      1532,
      0,
      0,
      0,
      0,
      0,
      0,
      0,
      0,
      0,
      1514,
      1514,
      1514,
      1514,
      1537,
      1537,
      1537,
      1537,
      1537,
      1537,
      1537,
      1537,
      1537,
      1537,
      1537,
      1538,
      1538,
      1538,
      1538,
      1538
    ],
    [
      0,
      0,
      0,
      0,
      0,
      0,
      0,
      0,
      0,
      0,
      0,
      0,
      0,
      0,
      0,
      0,
      0,
      0,
      0,
      0,
      0,
      0,
      0,
      0,
      0,
      0,
      0,
      0,
      0,
      0,
      0,
      0,
      0,
      0,
      0,
      0,
      0,
      0,
      1517,
      1544,
      1544,
      1544,
      1544,
      1544,
      1544,
      1544,
      1544,
      1515,
      1515,
      1515,
      1515,
      1515,
      1515,
      1515,
      1515,
      1533,
      1533,
      1533,
      1533,
      1533,
      1533,
      1533,
      0,
      0,
      0,
      0,
      0,
      0,
      0,
      0,
      0,
      0,
      0,
      0,
      0,
      1516,
      1534,
      1534,
      1534,
      1534,
      1534,
      1534,
      1534,
      1534,
      0,
      1528,
      1528,
      1528,
      1528,
      1528,
      1528,
      1528,
      1528,
      1528,
      1528,
      1528,
      1545,
      1545,
      1545,
      1545,
      1545,
      1545,
      1545,
      1545,
      1545,
      1545,
      1545,
      1545,
      1545,
      0,
      0,
      0,
      0,
      0,
      0,
      0,
      0,
      0,
      0,
      0,
      0,
      0,
      0,
      0,
      0,
      0,
      0,
      0,
      0,
      0,
      0,
      0,
      0,
      0,
      0,
      0,
      0,
      0,
      0,
      0,
      0,
      0,
      0,
      0,
      0,
      0,
      0,
      0,
      0,
      0,
      0,
      0,
      0,
      0,
      0,
      0,
      0,
      1524,
      1524,
      1524,
      1524,
      1524,
      1524,
      1524,
      1524,
      1524,
      1524,
      1524,
      1524,
      1524,
      1524,
      1524,
      1524,
      1524,
      1524,
      1524,
      1524,
      1542,
      1542,
      1542,
      1542,
      1542,
      1542,
      1542,
      1542,
      0,
      0,
      0,
      0,
      0,
      0,
      0,
      0,
      0,
      0,
      0,
      0,
      0,
      0,
      0,
      0,
      0,
      0,
      0,
      0,
      0,
      0,
      0,
      0,
      0,
      1529,
      1529,
      1546,
      1546,
      1546,
      1546,
      1546,
      1546,
      1546,
      1529,
      1529,
      1529,
      1547,
      1547,
      1547,
      1547,
      1547,
      1547,
      1547,
      1547,
      1547,
      1547,
      1551,
      1551,
      1551,
      1551,
      1551,
      1551,
      1551,
      1551,
      1551,
      1551,
      0,
      0,
      0,
      0,
      0,
      0,
      0,
      1552,
      1552,
      1552,
      1552,
      1539,
      1539,
      1539,
      1539,
      1539,
      1539,
      1539,
      1539,
      1503,
      0,
      0,
      0,
      0,
      0,
      0,
      0,
      0,
      0,
      0,
      0,
      0,
      0,
      0,
      0,
      0,
      0,
      0,
      0,
      0,
      0,
      0,
      0,
      1577,
      1577,
      1535,
      1535,
      1535,
      1535,
      1535,
      1535,
      1535,
      1558,
      1558,
      1558,
      1558,
      1558,
      1531,
      1531,
      1531,
      1531,
      1531,
      1531,
      1531,
      1531,
      1531,
      1548,
      1548,
      1548,
      1548,
      1548,
      1548,
      1553,
      1553,
      1553,
      1553,
      0,
      0,
      0,
      0,
      0,
      0,
      0,
      0,
      0,
      1540,
      1540,
      1540,
      1540,
      1540,
      1540,
      1540,
      1540,
      1540,
      1540,
      1554,
      1536,
      1536,
      1536,
      1536,
      1536,
      1536,
      1536,
      1536,
      1536,
      1536,
      1536,
      0,
      0,
      0,
      0,
      0,
      0,
      0,
      0,
      0,
      0,
      0,
      0,
      0,
      0,
      0,
      0,
      0,
      0,
      0,
      0,
      0,
      0,
      0,
      0,
      0,
      0,
      0,
      0,
      0,
      0,
      0,
      0,
      0,
      0,
      0,
      0,
      0,
      0,
      0,
      0,
      0,
      0,
      0,
      0,
      0,
      0,
      0,
      0,
      0,
      0,
      0,
      0,
      0,
      0,
      0,
      0,
      0,
      0,
      0,
      0,
      0,
      0,
      0,
      0,
      0,
      0,
      0,
      0,
      0,
      0,
      0,
      0,
      0,
      0,
      0,
      0,
      0,
      0,
      0,
      0,
      0,
      0,
      0,
      0,
      0,
      0,
      1526,
      1526,
      1523,
      1523,
      1523,
      1523,
      1541,
      1541,
      1541,
      1541,
      1541,
      1549,
      1549,
      1549,
      0,
      0,
      0,
      0,
      0,
      0,
      0,
      0,
      0,
      0,
      0,
      0,
      0,
      0,
      1543,
      1543,
      1543,
      1543,
      1543,
      1543,
      1543,
      1543,
      1543,
      1543,
      1543,
      1532,
      1532,
      1532,
      1532,
      1532,
      1532,
      1532,
      1532,
      1532,
      0,
      0,
      0,
      0,
      0,
      0,
      0,
      0,
      0,
      0,
      0,
      1514,
      1514,
      1537,
      1537,
      1537,
      1537,
      1537,
      1537,
      1537,
      1537,
      1537,
      1537,
      1538,
      1538,
      1538,
      1538,
      1538,
      1538
    ],
    [
      0,
      0,
      0,
      0,
      0,
      0,
      0,
      0,
      0,
      0,
      0,
      0,
      0,
      0,
      0,
      0,
      0,
      0,
      0,
      0,
      0,
      0,
      0,
      0,
      0,
      0,
      0,
      0,
      0,
      0,
      0,
      0,
      0,
      0,
      0,
      0,
      0,
      0,
      1517,
      1544,
      1544,
      1544,
      1544,
      1544,
      1544,
      1544,
      1544,
      1515,
      1515,
      1515,
      1515,
      1515,
      1515,
      1515,
      1515,
      1557,
      1557,
      1557,
      1557,
      1557,
      1533,
      1533,
      0,
      0,
      0,
      0,
      0,
      0,
      0,
      0,
      0,
      0,
      0,
      0,
      0,
      0,
      1534,
      1534,
      1534,
      1534,
      1534,
      1534,
      0,
      0,
      0,
      0,
      0,
      0,
      0,
      0,
      0,
      0,
      1528,
      1528,
      1528,
      1528,
      1545,
      1545,
      1545,
      1545,
      1545,
      1545,
      1545,
      1545,
      1545,
      1545,
      1545,
      1545,
      1545,
      0,
      0,
      0,
      0,
      0,
      0,
      0,
      0,
      0,
      0,
      0,
      0,
      0,
      0,
      0,
      0,
      0,
      0,
      0,
      0,
      0,
      0,
      0,
      0,
      0,
      0,
      0,
      0,
      0,
      0,
      0,
      0,
      0,
      0,
      0,
      0,
      0,
      0,
      0,
      0,
      0,
      0,
      0,
      0,
      0,
      0,
      0,
      0,
      1524,
      1524,
      1524,
      1524,
      1524,
      1524,
      1524,
      1524,
      1524,
      1524,
      1524,
      1524,
      1524,
      1524,
      1524,
      1524,
      1524,
      1524,
      1524,
      1524,
      1542,
      1542,
      1542,
      1542,
      1542,
      1542,
      1542,
      1542,
      0,
      0,
      0,
      0,
      0,
      0,
      0,
      0,
      0,
      0,
      0,
      0,
      0,
      0,
      0,
      0,
      0,
      0,
      0,
      0,
      0,
      0,
      0,
      0,
      0,
      1529,
      1529,
      1546,
      1546,
      1546,
      1546,
      1546,
      1546,
      1546,
      1546,
      1529,
      1529,
      1547,
      1547,
      1547,
      1547,
      1547,
      1547,
      1547,
      1547,
      1547,
      1547,
      1551,
      1551,
      1551,
      1551,
      1551,
      1551,
      1551,
      1551,
      1551,
      1551,
      1551,
      1551,
      1551,
      1552,
      1552,
      1552,
      1552,
      1552,
      1552,
      1552,
      1552,
      1539,
      1539,
      1539,
      1539,
      1539,
      1539,
      1539,
      1539,
      1503,
      0,
      0,
      0,
      0,
      0,
      0,
      0,
      0,
      0,
      0,
      0,
      0,
      0,
      0,
      0,
      0,
      0,
      0,
      0,
      0,
      0,
      0,
      0,
      1577,
      1577,
      1535,
      1535,
      1535,
      1535,
      1535,
      1535,
      1535,
      1558,
      1558,
      1558,
      1558,
      1558,
      1531,
      1531,
      1531,
      1548,
      1548,
      1548,
      1548,
      1548,
      1548,
      1548,
      1548,
      1548,
      1548,
      1548,
      1553,
      1553,
      1553,
      1553,
      1553,
      0,
      0,
      0,
      0,
      0,
      0,
      0,
      0,
      0,
      1540,
      1540,
      1540,
      1540,
      1540,
      1540,
      1540,
      1540,
      1540,
      1540,
      1554,
      1554,
      1554,
      1536,
      1554,
      1554,
      1554,
      1554,
      1554,
      1554,
      0,
      0,
      0,
      0,
      0,
      0,
      0,
      0,
      0,
      0,
      0,
      0,
      0,
      0,
      0,
      0,
      0,
      0,
      0,
      0,
      0,
      0,
      0,
      0,
      0,
      0,
      0,
      0,
      0,
      0,
      0,
      0,
      0,
      0,
      0,
      0,
      0,
      0,
      0,
      0,
      0,
      0,
      0,
      0,
      0,
      0,
      0,
      0,
      0,
      0,
      0,
      0,
      0,
      0,
      0,
      0,
      0,
      0,
      0,
      0,
      0,
      0,
      0,
      0,
      0,
      0,
      0,
      0,
      0,
      0,
      0,
      0,
      0,
      0,
      0,
      0,
      0,
      0,
      0,
      0,
      0,
      0,
      0,
      0,
      0,
      0,
      0,
      0,
      1526,
      1526,
      1523,
      1523,
      1523,
      1523,
      1541,
      1541,
      1541,
      1541,
      1541,
      1549,
      1549,
      1549,
      0,
      0,
      0,
      0,
      0,
      0,
      0,
      0,
      0,
      0,
      0,
      0,
      0,
      0,
      1543,
      1543,
      1543,
      1543,
      1543,
      1543,
      1543,
      1543,
      1543,
      1543,
      1543,
      1532,
      1532,
      1532,
      1532,
      1532,
      1532,
      1532,
      1532,
      0,
      0,
      0,
      0,
      0,
      0,
      0,
      0,
      0,
      0,
      0,
      0,
      0,
      1514,
      1537,
      1537,
      1537,
      1537,
      1537,
      1537,
      1537,
      1537,
      1538,
      1538,
      1538,
      1538,
      1538,
      1538,
      1538,
      1538
    ],
    [
      0,
      0,
      0,
      0,
      0,
      0,
      0,
      0,
      0,
      0,
      0,
      0,
      0,
      0,
      0,
      0,
      0,
      0,
      0,
      0,
      0,
      0,
      0,
      0,
      0,
      0,
      0,
      0,
      0,
      0,
      0,
      0,
      0,
      0,
      0,
      0,
      0,
      0,
      1517,
      1544,
      1544,
      1544,
      1544,
      1544,
      1544,
      1544,
      1544,
      1515,
      1515,
      1515,
      1515,
      1515,
      1515,
      1515,
      1557,
      1557,
      1557,
      1557,
      1557,
      1557,
      1557,
      1533,
      0,
      0,
      0,
      0,
      0,
      0,
      0,
      0,
      0,
      0,
      0,
      0,
      0,
      0,
      0,
      0,
      0,
      0,
      0,
      0,
      0,
      0,
      0,
      0,
      0,
      0,
      0,
      0,
      0,
      0,
      0,
      0,
      0,
      1528,
      1545,
      1545,
      1545,
      1545,
      1545,
      1545,
      1545,
      1545,
      1545,
      1545,
      1545,
      1545,
      1545,
      0,
      0,
      0,
      0,
      0,
      0,
      0,
      0,
      0,
      0,
      0,
      0,
      0,
      0,
      0,
      0,
      0,
      0,
      0,
      0,
      0,
      0,
      0,
      0,
      0,
      0,
      0,
      0,
      0,
      0,
      0,
      0,
      1559,
      1559,
      1559,
      1559,
      1559,
      0,
      0,
      0,
      0,
      0,
      0,
      0,
      0,
      0,
      0,
      0,
      0,
      0,
      0,
      0,
      1524,
      1524,
      1524,
      1524,
      1524,
      1524,
      1524,
      1524,
      1524,
      1524,
      1524,
      1524,
      1524,
      1524,
      1524,
      1524,
      1542,
      1542,
      1542,
      1542,
      1542,
      1542,
      1542,
      1542,
      0,
      0,
      0,
      0,
      0,
      0,
      0,
      0,
      0,
      0,
      0,
      0,
      0,
      0,
      0,
      0,
      0,
      0,
      0,
      0,
      0,
      0,
      0,
      0,
      0,
      1529,
      1529,
      1546,
      1546,
      1546,
      1546,
      1546,
      1546,
      1546,
      1546,
      1566,
      1566,
      1547,
      1547,
      1547,
      1547,
      1547,
      1547,
      1547,
      1547,
      1547,
      1547,
      1551,
      1551,
      1551,
      1551,
      1551,
      1551,
      1551,
      1551,
      1551,
      1551,
      1551,
      1551,
      1551,
      1551,
      1551,
      1552,
      1552,
      1552,
      1552,
      1552,
      1552,
      1539,
      1539,
      1539,
      1539,
      1539,
      1539,
      1539,
      1539,
      1503,
      0,
      0,
      0,
      0,
      0,
      0,
      0,
      0,
      0,
      0,
      0,
      0,
      0,
      0,
      0,
      0,
      0,
      0,
      0,
      0,
      0,
      0,
      0,
      1577,
      1577,
      1577,
      1535,
      1535,
      1535,
      1535,
      1535,
      1535,
      1558,
      1558,
      1558,
      1558,
      1558,
      1531,
      1531,
      1531,
      1548,
      1548,
      1548,
      1548,
      1548,
      1548,
      1548,
      1548,
      1548,
      1553,
      1553,
      1553,
      1553,
      1553,
      1553,
      1553,
      0,
      0,
      0,
      0,
      0,
      0,
      0,
      0,
      0,
      1540,
      1540,
      1540,
      1540,
      1540,
      1540,
      1540,
      1540,
      1540,
      1540,
      1554,
      1554,
      1554,
      1554,
      1554,
      1554,
      1554,
      1554,
      1568,
      1568,
      1568,
      0,
      0,
      0,
      0,
      0,
      0,
      0,
      0,
      0,
      0,
      0,
      0,
      0,
      0,
      0,
      0,
      0,
      0,
      0,
      0,
      0,
      0,
      0,
      0,
      0,
      0,
      0,
      0,
      0,
      0,
      0,
      0,
      0,
      0,
      0,
      1555,
      1555,
      1555,
      1555,
      1555,
      1555,
      1555,
      1555,
      1555,
      1555,
      0,
      0,
      0,
      0,
      0,
      0,
      0,
      0,
      0,
      0,
      0,
      0,
      0,
      0,
      0,
      0,
      0,
      0,
      0,
      0,
      0,
      0,
      0,
      0,
      0,
      0,
      0,
      0,
      0,
      0,
      0,
      0,
      0,
      0,
      0,
      0,
      0,
      0,
      0,
      0,
      0,
      0,
      1526,
      1526,
      1523,
      1523,
      1523,
      1541,
      1541,
      1541,
      1541,
      1541,
      1541,
      1549,
      1549,
      1549,
      1549,
      1549,
      1549,
      1550,
      1550,
      1550,
      1550,
      0,
      0,
      0,
      0,
      0,
      0,
      0,
      1543,
      1543,
      1543,
      1543,
      1543,
      1543,
      1543,
      1543,
      1543,
      1543,
      1543,
      1543,
      1532,
      1532,
      1532,
      1532,
      1532,
      1532,
      0,
      0,
      0,
      0,
      0,
      0,
      0,
      0,
      0,
      0,
      0,
      0,
      0,
      0,
      1571,
      1537,
      1537,
      1537,
      1537,
      1537,
      1537,
      1537,
      1538,
      1538,
      1538,
      1538,
      1538,
      1538,
      1538,
      1538,
      1538
    ],
    [
      0,
      0,
      0,
      0,
      0,
      0,
      0,
      0,
      0,
      0,
      0,
      0,
      0,
      0,
      0,
      0,
      0,
      0,
      0,
      0,
      0,
      0,
      0,
      0,
      0,
      0,
      0,
      0,
      0,
      0,
      0,
      0,
      0,
      0,
      0,
      0,
      0,
      0,
      1517,
      1544,
      1544,
      1544,
      1544,
      1544,
      1544,
      1544,
      1544,
      1515,
      1515,
      1515,
      1515,
      1515,
      1515,
      1515,
      1557,
      1557,
      1557,
      1557,
      1557,
      1557,
      1557,
      1557,
      0,
      0,
      0,
      0,
      0,
      0,
      0,
      0,
      0,
      0,
      0,
      0,
      0,
      0,
      0,
      0,
      0,
      0,
      0,
      0,
      0,
      0,
      0,
      0,
      0,
      0,
      0,
      0,
      0,
      0,
      0,
      0,
      0,
      0,
      1545,
      1545,
      1545,
      1545,
      1545,
      1545,
      1545,
      1545,
      1545,
      1545,
      1545,
      1545,
      1545,
      0,
      0,
      1574,
      0,
      0,
      0,
      0,
      0,
      0,
      0,
      0,
      0,
      0,
      0,
      0,
      0,
      0,
      0,
      0,
      0,
      0,
      0,
      0,
      0,
      0,
      0,
      0,
      0,
      0,
      0,
      0,
      0,
      1559,
      1559,
      1559,
      1559,
      1559,
      1559,
      1559,
      0,
      0,
      0,
      0,
      0,
      0,
      0,
      0,
      0,
      0,
      0,
      0,
      0,
      1524,
      1524,
      1524,
      1524,
      1524,
      1524,
      1524,
      1524,
      1524,
      1524,
      1524,
      1524,
      1524,
      1524,
      1524,
      1524,
      1542,
      1542,
      1542,
      1542,
      1542,
      1542,
      1556,
      1542,
      0,
      0,
      0,
      0,
      0,
      0,
      0,
      0,
      0,
      0,
      0,
      0,
      0,
      0,
      0,
      0,
      0,
      0,
      0,
      0,
      0,
      0,
      0,
      0,
      0,
      0,
      1529,
      1546,
      1546,
      1546,
      1546,
      1546,
      1546,
      1546,
      1546,
      1566,
      1566,
      1566,
      1547,
      1547,
      1547,
      1547,
      1547,
      1547,
      1547,
      1547,
      1547,
      1551,
      1551,
      1551,
      1551,
      1551,
      1551,
      1551,
      1551,
      1551,
      1551,
      1551,
      1551,
      1551,
      1551,
      1551,
      1552,
      1552,
      1552,
      1552,
      1552,
      1552,
      1539,
      1539,
      1539,
      1539,
      1539,
      1539,
      1539,
      1539,
      0,
      0,
      0,
      0,
      0,
      0,
      0,
      0,
      0,
      0,
      0,
      0,
      0,
      0,
      0,
      0,
      0,
      0,
      0,
      0,
      0,
      0,
      0,
      0,
      1577,
      1577,
      1577,
      1558,
      1558,
      1558,
      1558,
      1558,
      1558,
      1558,
      1558,
      1558,
      1558,
      1558,
      1531,
      1531,
      1531,
      1548,
      1548,
      1548,
      1548,
      1548,
      1548,
      1548,
      1548,
      1553,
      1553,
      1553,
      1553,
      1553,
      1553,
      1553,
      1553,
      0,
      0,
      0,
      0,
      0,
      0,
      0,
      0,
      0,
      1570,
      1540,
      1540,
      1540,
      1540,
      1540,
      1540,
      1540,
      1540,
      1554,
      1554,
      1554,
      1554,
      1554,
      1554,
      1554,
      1554,
      1554,
      1568,
      1568,
      1568,
      0,
      0,
      0,
      0,
      0,
      0,
      0,
      0,
      0,
      0,
      0,
      0,
      0,
      0,
      0,
      0,
      0,
      0,
      0,
      0,
      0,
      0,
      0,
      0,
      0,
      0,
      0,
      0,
      0,
      0,
      0,
      0,
      0,
      0,
      0,
      1555,
      1555,
      1555,
      1555,
      1555,
      1555,
      1555,
      1555,
      1555,
      1555,
      0,
      0,
      0,
      0,
      0,
      0,
      0,
      0,
      0,
      0,
      0,
      0,
      0,
      0,
      0,
      0,
      0,
      0,
      0,
      0,
      0,
      0,
      0,
      0,
      0,
      0,
      0,
      0,
      0,
      0,
      0,
      0,
      0,
      0,
      0,
      0,
      0,
      0,
      0,
      0,
      0,
      0,
      1526,
      1526,
      1523,
      1541,
      1541,
      1541,
      1541,
      1541,
      1541,
      1541,
      1541,
      1549,
      1549,
      1549,
      1549,
      1549,
      1549,
      1550,
      1550,
      1550,
      1550,
      0,
      0,
      0,
      0,
      0,
      0,
      0,
      1543,
      1543,
      1543,
      1543,
      1543,
      1543,
      1543,
      1543,
      1543,
      1543,
      1543,
      1543,
      1543,
      0,
      0,
      0,
      0,
      0,
      0,
      0,
      0,
      0,
      0,
      0,
      0,
      0,
      0,
      0,
      0,
      0,
      0,
      0,
      1571,
      1571,
      1537,
      1537,
      1537,
      1537,
      1588,
      1588,
      1588,
      1588,
      1588,
      1538,
      1538,
      1572,
      1572,
      1572,
      1572
    ],
    [
      0,
      0,
      0,
      0,
      0,
      0,
      0,
      0,
      0,
      0,
      0,
      0,
      0,
      0,
      0,
      0,
      0,
      0,
      0,
      0,
      0,
      0,
      0,
      0,
      0,
      0,
      0,
      0,
      0,
      0,
      0,
      0,
      0,
      0,
      0,
      0,
      0,
      0,
      0,
      1544,
      1544,
      1544,
      1544,
      1544,
      1544,
      1544,
      1544,
      1515,
      1573,
      1573,
      1515,
      1515,
      1515,
      1515,
      1557,
      1557,
      1557,
      1557,
      1557,
      1557,
      1557,
      1557,
      0,
      0,
      0,
      0,
      0,
      0,
      0,
      0,
      0,
      0,
      0,
      0,
      0,
      0,
      0,
      0,
      0,
      0,
      0,
      0,
      0,
      0,
      0,
      0,
      0,
      0,
      0,
      0,
      0,
      0,
      0,
      0,
      0,
      0,
      0,
      1545,
      1545,
      1545,
      1545,
      1545,
      1545,
      1545,
      1545,
      1545,
      1545,
      1545,
      1545,
      1574,
      1574,
      1574,
      0,
      0,
      0,
      0,
      0,
      0,
      0,
      0,
      0,
      0,
      0,
      0,
      0,
      0,
      0,
      0,
      0,
      0,
      0,
      0,
      0,
      0,
      0,
      0,
      0,
      0,
      0,
      0,
      0,
      1559,
      1559,
      1559,
      1559,
      1559,
      1559,
      1559,
      1559,
      0,
      1560,
      1560,
      1560,
      1560,
      1560,
      1560,
      1560,
      1560,
      1560,
      1560,
      1560,
      1560,
      1524,
      1524,
      1524,
      1524,
      1524,
      1524,
      1524,
      1524,
      1524,
      1524,
      1524,
      1524,
      1524,
      1524,
      1524,
      1542,
      1556,
      1556,
      1556,
      1556,
      1556,
      1556,
      1542,
      0,
      0,
      1561,
      1561,
      0,
      1561,
      1561,
      0,
      0,
      0,
      0,
      0,
      0,
      0,
      0,
      0,
      0,
      0,
      0,
      0,
      0,
      0,
      0,
      0,
      0,
      0,
      0,
      1546,
      1546,
      1546,
      1546,
      1546,
      1546,
      1546,
      1546,
      1566,
      1566,
      1566,
      1566,
      1547,
      1547,
      1547,
      1547,
      1547,
      1547,
      1547,
      1547,
      1551,
      1551,
      1551,
      1551,
      1551,
      1551,
      1551,
      1551,
      1551,
      1551,
      1551,
      1551,
      1551,
      1551,
      1551,
      1552,
      1552,
      1552,
      1552,
      1552,
      1552,
      1552,
      1552,
      1552,
      1552,
      1552,
      1552,
      1552,
      0,
      0,
      0,
      0,
      0,
      0,
      0,
      0,
      0,
      0,
      0,
      0,
      0,
      0,
      0,
      0,
      0,
      0,
      0,
      0,
      0,
      0,
      0,
      0,
      0,
      1577,
      1577,
      1577,
      1558,
      1558,
      1558,
      1558,
      1558,
      1558,
      1558,
      1558,
      1558,
      1558,
      1558,
      1531,
      1531,
      1531,
      1548,
      1548,
      1548,
      1548,
      1548,
      1548,
      1548,
      1548,
      1553,
      1553,
      1553,
      1553,
      1553,
      1553,
      1553,
      1553,
      0,
      0,
      0,
      0,
      0,
      0,
      0,
      0,
      0,
      1570,
      1540,
      1540,
      1540,
      1540,
      1540,
      1540,
      1540,
      1554,
      1554,
      1554,
      1554,
      1554,
      1554,
      1554,
      1554,
      1554,
      1554,
      1568,
      1568,
      1568,
      0,
      0,
      0,
      0,
      0,
      0,
      0,
      0,
      0,
      0,
      0,
      0,
      0,
      0,
      0,
      0,
      0,
      0,
      0,
      0,
      0,
      0,
      0,
      0,
      0,
      0,
      0,
      0,
      0,
      0,
      0,
      0,
      0,
      0,
      0,
      0,
      1555,
      1555,
      1555,
      1555,
      1555,
      1555,
      1555,
      1555,
      1555,
      0,
      0,
      0,
      0,
      0,
      0,
      0,
      0,
      0,
      0,
      0,
      0,
      0,
      0,
      0,
      0,
      0,
      0,
      0,
      0,
      0,
      0,
      0,
      0,
      0,
      0,
      0,
      0,
      0,
      0,
      0,
      0,
      0,
      0,
      0,
      0,
      0,
      0,
      0,
      0,
      0,
      0,
      1526,
      1526,
      1541,
      1541,
      1541,
      1541,
      1541,
      1541,
      1541,
      1541,
      1541,
      1549,
      1549,
      1549,
      1549,
      1549,
      1549,
      1550,
      1550,
      1550,
      1550,
      1550,
      1550,
      0,
      0,
      0,
      0,
      0,
      1543,
      1543,
      1543,
      1543,
      1543,
      1543,
      1543,
      1543,
      1543,
      1543,
      1543,
      1543,
      1543,
      1543,
      0,
      0,
      0,
      0,
      0,
      0,
      0,
      0,
      0,
      0,
      0,
      0,
      0,
      0,
      0,
      0,
      0,
      0,
      1571,
      1571,
      1571,
      1571,
      1571,
      1588,
      1588,
      1588,
      1588,
      1588,
      1588,
      1538,
      1572,
      1572,
      1572,
      1572,
      1572
    ],
    [
      0,
      0,
      0,
      0,
      0,
      0,
      0,
      0,
      0,
      0,
      0,
      0,
      0,
      0,
      0,
      0,
      0,
      0,
      0,
      0,
      0,
      0,
      0,
      0,
      0,
      0,
      0,
      0,
      0,
      0,
      0,
      0,
      0,
      0,
      0,
      0,
      0,
      0,
      0,
      1544,
      1544,
      1544,
      1544,
      1544,
      1544,
      1544,
      1544,
      1573,
      1573,
      1573,
      1573,
      1515,
      1515,
      1573,
      1557,
      1557,
      1557,
      1557,
      1557,
      1557,
      1557,
      1557,
      0,
      0,
      0,
      0,
      0,
      0,
      0,
      0,
      0,
      0,
      0,
      0,
      0,
      0,
      0,
      0,
      0,
      0,
      0,
      0,
      0,
      0,
      0,
      0,
      0,
      0,
      0,
      0,
      0,
      0,
      0,
      0,
      0,
      0,
      0,
      0,
      0,
      0,
      1545,
      1545,
      1545,
      1545,
      1545,
      1545,
      1545,
      1545,
      1545,
      1574,
      1574,
      1574,
      0,
      0,
      0,
      0,
      0,
      0,
      0,
      0,
      0,
      0,
      0,
      0,
      0,
      0,
      0,
      0,
      0,
      0,
      0,
      0,
      0,
      0,
      0,
      0,
      0,
      0,
      0,
      0,
      0,
      1559,
      1559,
      1559,
      1559,
      1559,
      1559,
      1559,
      1559,
      1560,
      1560,
      1560,
      1560,
      1560,
      1560,
      1560,
      1560,
      1560,
      1560,
      1560,
      1560,
      1560,
      1524,
      1524,
      1524,
      1524,
      1524,
      1524,
      1524,
      1524,
      1524,
      1524,
      1524,
      1524,
      1576,
      1576,
      1576,
      1576,
      1556,
      1556,
      1556,
      1556,
      1556,
      1556,
      1542,
      0,
      1561,
      1561,
      1561,
      1561,
      1561,
      1561,
      0,
      0,
      0,
      0,
      0,
      0,
      0,
      0,
      0,
      0,
      0,
      0,
      0,
      0,
      0,
      0,
      0,
      0,
      0,
      0,
      0,
      1546,
      1546,
      1546,
      1546,
      1546,
      1546,
      1546,
      1566,
      1566,
      1566,
      1566,
      1547,
      1547,
      1547,
      1547,
      1547,
      1547,
      1547,
      1547,
      1551,
      1551,
      1551,
      1551,
      1551,
      1551,
      1551,
      1551,
      1551,
      1551,
      1551,
      1551,
      1551,
      1551,
      1551,
      1552,
      1552,
      1552,
      1552,
      1552,
      1552,
      1552,
      1552,
      1552,
      0,
      0,
      0,
      0,
      0,
      0,
      0,
      0,
      0,
      0,
      0,
      0,
      0,
      0,
      0,
      0,
      0,
      0,
      0,
      0,
      0,
      0,
      0,
      0,
      0,
      0,
      0,
      0,
      0,
      1577,
      1577,
      1577,
      1558,
      1558,
      1558,
      1558,
      1558,
      1558,
      1558,
      1558,
      1558,
      1558,
      1558,
      1531,
      1531,
      1531,
      1548,
      1548,
      1548,
      1548,
      1548,
      1548,
      1548,
      1553,
      1553,
      1553,
      1553,
      1553,
      1553,
      1553,
      1553,
      1553,
      0,
      0,
      0,
      0,
      0,
      0,
      0,
      0,
      0,
      1570,
      1570,
      1570,
      1570,
      1570,
      1570,
      1570,
      1554,
      1554,
      1554,
      1554,
      1554,
      1554,
      1554,
      1554,
      1554,
      1554,
      1554,
      1568,
      1568,
      1568,
      0,
      0,
      0,
      0,
      0,
      0,
      0,
      0,
      0,
      0,
      0,
      0,
      0,
      0,
      0,
      0,
      0,
      0,
      0,
      0,
      0,
      0,
      0,
      0,
      0,
      0,
      0,
      0,
      0,
      0,
      0,
      0,
      1563,
      1563,
      1563,
      1563,
      1555,
      1555,
      1555,
      1555,
      1555,
      1555,
      1555,
      1555,
      1555,
      0,
      0,
      0,
      0,
      0,
      0,
      0,
      0,
      0,
      0,
      0,
      0,
      0,
      0,
      0,
      0,
      0,
      0,
      0,
      0,
      0,
      0,
      0,
      0,
      0,
      0,
      0,
      0,
      0,
      0,
      0,
      0,
      0,
      0,
      0,
      0,
      0,
      0,
      0,
      0,
      0,
      0,
      1526,
      1564,
      1564,
      1564,
      1564,
      1564,
      1564,
      1541,
      1541,
      1541,
      1541,
      1549,
      1549,
      1549,
      1549,
      1549,
      1549,
      1550,
      1550,
      1550,
      1550,
      1550,
      1550,
      0,
      0,
      0,
      0,
      0,
      0,
      0,
      0,
      0,
      0,
      0,
      0,
      0,
      0,
      0,
      0,
      0,
      0,
      0,
      0,
      0,
      0,
      0,
      0,
      0,
      0,
      0,
      0,
      0,
      0,
      0,
      0,
      0,
      0,
      0,
      0,
      0,
      1571,
      1571,
      1571,
      1571,
      1571,
      1588,
      1588,
      1588,
      1588,
      1588,
      1572,
      1572,
      1572,
      1572,
      1572,
      1572,
      1572
    ],
    [
      0,
      0,
      0,
      0,
      0,
      0,
      0,
      0,
      0,
      0,
      0,
      0,
      0,
      0,
      0,
      0,
      0,
      0,
      0,
      0,
      0,
      0,
      0,
      0,
      0,
      0,
      0,
      0,
      0,
      0,
      0,
      0,
      0,
      0,
      0,
      0,
      0,
      0,
      0,
      0,
      1544,
      1544,
      1544,
      1544,
      1544,
      1544,
      1544,
      1573,
      1573,
      1573,
      1573,
      1573,
      1573,
      1573,
      1557,
      1557,
      1557,
      1557,
      1557,
      1557,
      1557,
      1557,
      0,
      0,
      0,
      0,
      0,
      0,
      0,
      0,
      0,
      0,
      0,
      0,
      0,
      0,
      0,
      0,
      0,
      0,
      0,
      0,
      0,
      0,
      0,
      0,
      0,
      0,
      0,
      0,
      0,
      0,
      0,
      0,
      0,
      0,
      0,
      0,
      0,
      0,
      0,
      0,
      1545,
      1545,
      1545,
      1545,
      1545,
      1545,
      1545,
      1574,
      1574,
      1574,
      0,
      0,
      0,
      0,
      0,
      0,
      0,
      0,
      0,
      0,
      0,
      0,
      0,
      0,
      0,
      0,
      0,
      0,
      0,
      0,
      0,
      0,
      0,
      0,
      0,
      0,
      0,
      0,
      0,
      1559,
      1559,
      1559,
      1559,
      1559,
      1559,
      1559,
      1559,
      1560,
      1560,
      1560,
      1560,
      1560,
      1560,
      1560,
      1560,
      1560,
      1560,
      1560,
      1560,
      1560,
      1524,
      1524,
      1524,
      1524,
      1524,
      1524,
      1524,
      1524,
      1524,
      1524,
      1524,
      1576,
      1576,
      1576,
      1576,
      1576,
      1556,
      1556,
      1556,
      1556,
      1556,
      1556,
      1542,
      0,
      1561,
      1561,
      1561,
      1561,
      1561,
      1561,
      0,
      0,
      0,
      0,
      0,
      0,
      0,
      0,
      0,
      0,
      0,
      0,
      0,
      0,
      0,
      0,
      0,
      0,
      0,
      0,
      0,
      0,
      1546,
      1546,
      1546,
      1546,
      1546,
      1546,
      1566,
      1566,
      1566,
      1566,
      1566,
      1547,
      1547,
      1547,
      1547,
      1547,
      1547,
      1547,
      1551,
      1551,
      1551,
      1551,
      1551,
      1551,
      1551,
      1551,
      1551,
      1551,
      1551,
      1551,
      1551,
      1551,
      1551,
      1552,
      1552,
      1552,
      1552,
      1552,
      1552,
      1552,
      1552,
      1552,
      0,
      0,
      0,
      0,
      0,
      0,
      0,
      0,
      0,
      0,
      0,
      0,
      0,
      0,
      0,
      0,
      0,
      0,
      0,
      0,
      0,
      0,
      0,
      0,
      1577,
      1577,
      1577,
      1577,
      1577,
      1577,
      1577,
      1577,
      1558,
      1558,
      1558,
      1558,
      1558,
      1558,
      1558,
      1558,
      1558,
      1558,
      1558,
      1567,
      1567,
      1548,
      1548,
      1548,
      1548,
      1548,
      1548,
      1548,
      1553,
      1553,
      1553,
      1553,
      1553,
      1553,
      1553,
      1553,
      1553,
      1553,
      0,
      0,
      0,
      0,
      0,
      0,
      0,
      0,
      0,
      1570,
      1570,
      1570,
      1570,
      1570,
      1570,
      1570,
      1554,
      1554,
      1554,
      1554,
      1554,
      1554,
      1554,
      1554,
      1554,
      1554,
      1554,
      1568,
      1568,
      1568,
      0,
      0,
      0,
      0,
      0,
      0,
      0,
      0,
      0,
      0,
      0,
      0,
      0,
      0,
      0,
      0,
      0,
      0,
      0,
      0,
      0,
      0,
      0,
      0,
      0,
      0,
      0,
      0,
      0,
      0,
      0,
      0,
      1563,
      1563,
      1563,
      1563,
      1563,
      1555,
      1555,
      1555,
      1555,
      1555,
      1555,
      1555,
      1555,
      0,
      0,
      0,
      0,
      0,
      0,
      0,
      0,
      0,
      0,
      0,
      0,
      0,
      0,
      0,
      0,
      0,
      0,
      0,
      0,
      0,
      0,
      0,
      0,
      0,
      0,
      0,
      0,
      0,
      0,
      0,
      0,
      0,
      0,
      0,
      0,
      0,
      0,
      0,
      0,
      0,
      0,
      1564,
      1564,
      1564,
      1564,
      1564,
      1564,
      1564,
      1541,
      1541,
      1541,
      1541,
      1549,
      1549,
      1549,
      1549,
      1549,
      0,
      0,
      0,
      0,
      0,
      0,
      0,
      0,
      0,
      0,
      0,
      0,
      0,
      0,
      0,
      0,
      0,
      0,
      0,
      0,
      0,
      0,
      0,
      0,
      0,
      0,
      0,
      0,
      0,
      0,
      0,
      0,
      0,
      0,
      0,
      0,
      0,
      0,
      0,
      0,
      0,
      0,
      0,
      0,
      1571,
      1571,
      1571,
      1571,
      1571,
      1571,
      1571,
      1571,
      1588,
      1588,
      1572,
      1572,
      1572,
      1572,
      1572,
      1572,
      1572
    ],
    [
      0,
      0,
      0,
      0,
      0,
      0,
      0,
      0,
      0,
      0,
      0,
      0,
      0,
      0,
      0,
      0,
      0,
      0,
      0,
      0,
      0,
      0,
      0,
      0,
      0,
      0,
      0,
      0,
      0,
      0,
      0,
      0,
      0,
      0,
      0,
      0,
      0,
      0,
      0,
      0,
      0,
      0,
      1573,
      1573,
      1573,
      1573,
      1573,
      1573,
      1573,
      1573,
      1573,
      1573,
      1573,
      1573,
      1557,
      1557,
      1557,
      1557,
      1557,
      1557,
      1557,
      1557,
      0,
      0,
      0,
      0,
      0,
      0,
      0,
      0,
      0,
      0,
      0,
      0,
      0,
      0,
      0,
      0,
      0,
      0,
      0,
      0,
      0,
      0,
      0,
      0,
      0,
      0,
      0,
      0,
      0,
      0,
      0,
      0,
      0,
      0,
      0,
      0,
      0,
      0,
      0,
      0,
      0,
      0,
      0,
      0,
      0,
      1574,
      1574,
      1574,
      1574,
      1574,
      0,
      0,
      0,
      0,
      0,
      0,
      0,
      0,
      0,
      0,
      0,
      0,
      0,
      0,
      0,
      0,
      0,
      0,
      0,
      0,
      0,
      0,
      0,
      0,
      0,
      0,
      0,
      0,
      0,
      1559,
      1559,
      1559,
      1559,
      1559,
      1559,
      1559,
      1559,
      1560,
      1560,
      1560,
      1560,
      1560,
      1560,
      1560,
      1560,
      1560,
      1560,
      1560,
      1560,
      1560,
      1524,
      1576,
      1576,
      1576,
      1576,
      1576,
      1576,
      1576,
      1576,
      1576,
      1576,
      1576,
      1576,
      1576,
      1576,
      1576,
      1556,
      1556,
      1556,
      1556,
      1556,
      1556,
      1542,
      1561,
      1561,
      1561,
      1561,
      1561,
      1561,
      1561,
      0,
      0,
      0,
      0,
      0,
      0,
      0,
      0,
      0,
      0,
      0,
      0,
      0,
      0,
      0,
      0,
      0,
      0,
      0,
      0,
      0,
      0,
      0,
      1566,
      1566,
      1566,
      1566,
      1566,
      1566,
      1566,
      1566,
      1566,
      1566,
      1547,
      1547,
      1547,
      1547,
      1547,
      1547,
      1547,
      1547,
      1551,
      1551,
      1551,
      1551,
      1551,
      1551,
      1551,
      1551,
      1551,
      1551,
      1551,
      1551,
      1551,
      1551,
      1552,
      1562,
      1562,
      1562,
      1562,
      1562,
      1562,
      1562,
      1584,
      1584,
      1584,
      1584,
      1584,
      1584,
      1584,
      0,
      0,
      0,
      0,
      0,
      0,
      0,
      0,
      0,
      0,
      0,
      0,
      0,
      0,
      0,
      0,
      0,
      0,
      1577,
      1577,
      1577,
      1577,
      1577,
      1577,
      1577,
      1577,
      1577,
      1558,
      1558,
      1558,
      1558,
      1558,
      1558,
      1558,
      1558,
      1558,
      1567,
      1567,
      1567,
      1548,
      1548,
      1548,
      1548,
      1548,
      1548,
      1548,
      1553,
      1553,
      1553,
      1553,
      1553,
      1553,
      1553,
      1553,
      1553,
      1553,
      0,
      0,
      0,
      0,
      0,
      0,
      1570,
      1570,
      1570,
      1570,
      1570,
      1570,
      1570,
      1570,
      1570,
      1570,
      1570,
      1570,
      1570,
      1570,
      1570,
      1570,
      1570,
      1570,
      1568,
      1568,
      1568,
      1568,
      1568,
      1568,
      0,
      0,
      0,
      0,
      0,
      0,
      0,
      0,
      0,
      0,
      0,
      0,
      0,
      0,
      0,
      0,
      0,
      0,
      0,
      0,
      0,
      0,
      0,
      0,
      0,
      0,
      0,
      0,
      0,
      0,
      0,
      0,
      1563,
      1563,
      1563,
      1563,
      1563,
      1555,
      1555,
      1555,
      1555,
      1555,
      0,
      0,
      0,
      0,
      0,
      0,
      0,
      0,
      0,
      0,
      0,
      0,
      0,
      0,
      0,
      0,
      0,
      0,
      0,
      0,
      0,
      0,
      0,
      0,
      0,
      0,
      0,
      0,
      0,
      0,
      0,
      0,
      0,
      0,
      0,
      0,
      0,
      0,
      0,
      0,
      0,
      0,
      0,
      0,
      0,
      1564,
      1564,
      1564,
      1564,
      1564,
      1564,
      1564,
      1541,
      1541,
      1541,
      1541,
      1549,
      0,
      0,
      0,
      0,
      0,
      0,
      0,
      0,
      0,
      0,
      0,
      0,
      0,
      0,
      0,
      0,
      0,
      0,
      0,
      0,
      0,
      0,
      0,
      0,
      0,
      0,
      0,
      0,
      0,
      0,
      0,
      0,
      0,
      0,
      0,
      0,
      0,
      0,
      0,
      0,
      0,
      0,
      0,
      0,
      0,
      1571,
      1571,
      1571,
      1571,
      1571,
      1571,
      1571,
      1571,
      1571,
      1571,
      1571,
      1588,
      1588,
      1572,
      1572,
      1572,
      1572,
      1572,
      1572,
      1572
    ],
    [
      0,
      0,
      0,
      0,
      0,
      0,
      0,
      0,
      0,
      0,
      0,
      0,
      0,
      0,
      0,
      0,
      0,
      0,
      0,
      0,
      0,
      0,
      0,
      0,
      0,
      0,
      0,
      0,
      0,
      0,
      0,
      0,
      0,
      0,
      0,
      0,
      0,
      0,
      0,
      0,
      0,
      0,
      1573,
      1573,
      1573,
      1573,
      1573,
      1573,
      1573,
      1573,
      1573,
      1573,
      1573,
      1573,
      1557,
      1557,
      1557,
      1557,
      1557,
      1557,
      1557,
      1578,
      1578,
      0,
      0,
      0,
      0,
      0,
      0,
      0,
      0,
      0,
      0,
      0,
      0,
      0,
      0,
      0,
      0,
      0,
      0,
      0,
      0,
      0,
      0,
      0,
      0,
      0,
      0,
      0,
      0,
      0,
      0,
      0,
      0,
      0,
      0,
      0,
      0,
      0,
      0,
      0,
      0,
      0,
      0,
      0,
      1574,
      1574,
      1574,
      1574,
      1574,
      1574,
      0,
      0,
      1565,
      1565,
      1565,
      1565,
      1565,
      0,
      0,
      0,
      0,
      0,
      0,
      0,
      0,
      0,
      0,
      0,
      0,
      0,
      0,
      0,
      0,
      0,
      0,
      0,
      0,
      0,
      0,
      0,
      1559,
      1559,
      1559,
      1559,
      1559,
      1559,
      1559,
      1560,
      1560,
      1560,
      1560,
      1560,
      1560,
      1560,
      1560,
      1560,
      1560,
      1560,
      1560,
      1560,
      1524,
      1575,
      1575,
      1575,
      1575,
      1575,
      1575,
      1576,
      1576,
      1576,
      1576,
      1576,
      1576,
      1576,
      1576,
      1576,
      1576,
      1576,
      1576,
      1576,
      1576,
      1576,
      1542,
      1561,
      1561,
      1561,
      1561,
      1561,
      1561,
      1561,
      1561,
      1561,
      1561,
      1561,
      0,
      0,
      0,
      0,
      0,
      0,
      0,
      0,
      0,
      0,
      0,
      0,
      0,
      0,
      0,
      0,
      0,
      0,
      0,
      1566,
      1566,
      1566,
      1566,
      1566,
      1566,
      1566,
      1566,
      1566,
      1566,
      1547,
      1547,
      1547,
      1547,
      1547,
      1547,
      1547,
      1547,
      1547,
      1551,
      1551,
      1551,
      1551,
      1551,
      1551,
      1551,
      1551,
      1551,
      1551,
      1551,
      1551,
      1562,
      1562,
      1562,
      1562,
      1562,
      1562,
      1562,
      1562,
      1562,
      1562,
      1562,
      1562,
      1562,
      1584,
      1584,
      1584,
      0,
      0,
      0,
      0,
      0,
      0,
      0,
      0,
      0,
      0,
      0,
      0,
      0,
      0,
      0,
      0,
      0,
      0,
      1577,
      1577,
      1577,
      1577,
      1577,
      1577,
      1577,
      1577,
      1577,
      1577,
      1558,
      1558,
      1558,
      1558,
      1558,
      1558,
      1558,
      1558,
      1567,
      1567,
      1567,
      1548,
      1548,
      1548,
      1548,
      1548,
      1553,
      1553,
      1553,
      1553,
      1553,
      1553,
      1553,
      1553,
      1553,
      1553,
      1553,
      1553,
      1553,
      1553,
      1553,
      1553,
      1553,
      1553,
      1570,
      1570,
      1570,
      1570,
      1570,
      1570,
      1570,
      1570,
      1570,
      1570,
      1570,
      1570,
      1570,
      1570,
      1570,
      1570,
      1570,
      1568,
      1568,
      1568,
      1568,
      1568,
      1568,
      1568,
      0,
      0,
      0,
      0,
      0,
      0,
      0,
      0,
      0,
      0,
      0,
      0,
      0,
      0,
      0,
      0,
      0,
      0,
      0,
      0,
      0,
      0,
      0,
      0,
      0,
      0,
      0,
      0,
      0,
      0,
      0,
      0,
      1563,
      1563,
      1563,
      1563,
      1563,
      1555,
      1555,
      1555,
      1555,
      1555,
      0,
      0,
      0,
      0,
      0,
      0,
      0,
      0,
      0,
      0,
      0,
      0,
      0,
      0,
      0,
      0,
      0,
      0,
      0,
      0,
      0,
      0,
      0,
      0,
      0,
      0,
      0,
      0,
      0,
      0,
      0,
      0,
      0,
      0,
      0,
      0,
      0,
      0,
      0,
      0,
      0,
      0,
      0,
      0,
      1585,
      1564,
      1564,
      1564,
      1564,
      1564,
      1564,
      1564,
      1541,
      1541,
      1541,
      1541,
      0,
      0,
      0,
      0,
      0,
      0,
      0,
      0,
      0,
      0,
      0,
      0,
      0,
      0,
      0,
      0,
      0,
      0,
      0,
      0,
      0,
      0,
      0,
      0,
      0,
      0,
      0,
      0,
      0,
      0,
      0,
      0,
      0,
      0,
      0,
      0,
      0,
      0,
      0,
      0,
      0,
      0,
      0,
      0,
      0,
      0,
      1571,
      1571,
      1571,
      1571,
      1571,
      1571,
      1571,
      1571,
      1571,
      1571,
      1571,
      1588,
      1588,
      1572,
      1572,
      1572,
      1572,
      1572,
      1572,
      1572
    ],
    [
      0,
      0,
      0,
      0,
      0,
      0,
      0,
      0,
      0,
      0,
      0,
      0,
      0,
      0,
      0,
      0,
      0,
      0,
      0,
      0,
      0,
      0,
      0,
      0,
      0,
      0,
      0,
      0,
      0,
      0,
      0,
      0,
      0,
      0,
      0,
      0,
      0,
      0,
      0,
      0,
      0,
      0,
      1573,
      1573,
      1573,
      1573,
      1573,
      1573,
      1573,
      1573,
      1573,
      1573,
      1573,
      1573,
      1557,
      1557,
      1557,
      1557,
      1557,
      1557,
      1557,
      1578,
      1578,
      0,
      0,
      0,
      0,
      0,
      0,
      0,
      0,
      0,
      0,
      0,
      0,
      0,
      0,
      0,
      0,
      0,
      0,
      0,
      0,
      0,
      0,
      0,
      0,
      0,
      0,
      0,
      0,
      0,
      0,
      0,
      0,
      0,
      0,
      0,
      1569,
      1569,
      1569,
      1569,
      1569,
      1569,
      1569,
      1569,
      1574,
      1574,
      1574,
      1574,
      1574,
      1574,
      0,
      0,
      1565,
      1565,
      1565,
      1565,
      1565,
      0,
      0,
      0,
      0,
      0,
      0,
      0,
      0,
      0,
      0,
      0,
      0,
      0,
      0,
      0,
      0,
      0,
      0,
      0,
      0,
      0,
      0,
      0,
      1559,
      1559,
      1559,
      1559,
      1559,
      1559,
      1559,
      1560,
      1560,
      1560,
      1560,
      1560,
      1560,
      1560,
      1560,
      1560,
      1560,
      1560,
      1560,
      1560,
      1575,
      1575,
      1575,
      1575,
      1575,
      1575,
      1575,
      1576,
      1576,
      1576,
      1576,
      1576,
      1576,
      1576,
      1576,
      1576,
      1576,
      1576,
      1576,
      1576,
      1576,
      1576,
      1561,
      1561,
      1561,
      1561,
      1561,
      1561,
      1561,
      1561,
      1561,
      1561,
      1561,
      0,
      0,
      0,
      0,
      0,
      0,
      0,
      0,
      0,
      0,
      0,
      0,
      0,
      0,
      0,
      0,
      0,
      0,
      0,
      0,
      1625,
      1566,
      1566,
      1566,
      1566,
      1566,
      1566,
      1566,
      1566,
      1566,
      1547,
      1547,
      1547,
      1582,
      1582,
      1582,
      1582,
      1582,
      1582,
      1582,
      1583,
      1583,
      1583,
      1583,
      1583,
      1583,
      1583,
      1583,
      1583,
      1583,
      1583,
      1583,
      1562,
      1562,
      1562,
      1562,
      1562,
      1562,
      1562,
      1562,
      1562,
      1562,
      1562,
      1562,
      1584,
      1584,
      1584,
      0,
      0,
      0,
      0,
      0,
      0,
      0,
      0,
      0,
      0,
      0,
      0,
      0,
      0,
      0,
      0,
      0,
      0,
      1577,
      1577,
      1577,
      1577,
      1577,
      1577,
      1577,
      1577,
      1577,
      1577,
      1577,
      1567,
      1567,
      1567,
      1567,
      1567,
      1567,
      1567,
      1567,
      1567,
      1567,
      1567,
      1567,
      1567,
      1567,
      1579,
      1579,
      1579,
      1579,
      1579,
      1579,
      1579,
      1579,
      1553,
      1553,
      1553,
      1553,
      1553,
      1553,
      1553,
      1553,
      1553,
      1553,
      1553,
      1570,
      1570,
      1570,
      1570,
      1570,
      1570,
      1570,
      1570,
      1570,
      1570,
      1570,
      1570,
      1570,
      1570,
      1570,
      1570,
      1570,
      1568,
      1568,
      1568,
      1568,
      1568,
      1568,
      1568,
      0,
      0,
      0,
      0,
      0,
      0,
      0,
      0,
      0,
      0,
      0,
      0,
      0,
      0,
      0,
      0,
      0,
      0,
      0,
      0,
      0,
      0,
      0,
      0,
      0,
      0,
      0,
      1596,
      0,
      0,
      0,
      0,
      1563,
      1563,
      1563,
      1563,
      1563,
      1555,
      1555,
      1555,
      1555,
      1555,
      0,
      0,
      0,
      0,
      0,
      0,
      0,
      0,
      0,
      0,
      0,
      0,
      0,
      0,
      0,
      0,
      0,
      0,
      0,
      0,
      0,
      0,
      0,
      0,
      0,
      0,
      0,
      0,
      0,
      0,
      0,
      0,
      0,
      0,
      0,
      0,
      0,
      0,
      0,
      0,
      0,
      1585,
      1585,
      1585,
      1585,
      1564,
      1564,
      1564,
      1564,
      1564,
      1564,
      1564,
      1541,
      1541,
      0,
      0,
      0,
      0,
      0,
      0,
      0,
      0,
      0,
      0,
      0,
      0,
      0,
      0,
      0,
      0,
      0,
      0,
      0,
      0,
      0,
      0,
      0,
      0,
      0,
      0,
      0,
      0,
      0,
      0,
      0,
      0,
      0,
      0,
      0,
      0,
      0,
      0,
      0,
      0,
      0,
      0,
      0,
      0,
      0,
      0,
      0,
      0,
      1571,
      1571,
      1571,
      1571,
      1571,
      1571,
      1571,
      1571,
      1571,
      1571,
      1571,
      1588,
      1588,
      1572,
      1572,
      1572,
      1572,
      1572,
      1572,
      1572
    ],
    [
      0,
      0,
      0,
      0,
      0,
      0,
      0,
      0,
      0,
      0,
      0,
      0,
      0,
      0,
      0,
      0,
      0,
      0,
      0,
      0,
      0,
      0,
      0,
      0,
      0,
      0,
      0,
      0,
      0,
      0,
      0,
      0,
      0,
      0,
      0,
      0,
      0,
      0,
      0,
      0,
      0,
      0,
      1573,
      1573,
      1573,
      1573,
      1573,
      1573,
      1573,
      1573,
      1573,
      1573,
      1573,
      1573,
      1573,
      1557,
      1557,
      1557,
      1557,
      1557,
      1557,
      1578,
      1578,
      0,
      0,
      0,
      0,
      0,
      0,
      0,
      0,
      0,
      0,
      0,
      0,
      0,
      0,
      0,
      0,
      0,
      0,
      0,
      0,
      0,
      0,
      0,
      0,
      0,
      0,
      0,
      0,
      0,
      0,
      0,
      0,
      0,
      0,
      0,
      1569,
      1569,
      1569,
      1569,
      1569,
      1569,
      1569,
      1569,
      1574,
      1574,
      1574,
      1574,
      1574,
      1574,
      0,
      0,
      1565,
      1565,
      1565,
      1565,
      1565,
      0,
      0,
      0,
      0,
      0,
      0,
      0,
      0,
      0,
      0,
      0,
      0,
      0,
      0,
      0,
      0,
      0,
      0,
      0,
      0,
      0,
      0,
      0,
      0,
      1559,
      1559,
      1559,
      1559,
      1559,
      1560,
      1560,
      1560,
      1560,
      1560,
      1560,
      1560,
      1560,
      1560,
      1560,
      1560,
      1560,
      1560,
      1560,
      1575,
      1575,
      1575,
      1575,
      1575,
      1575,
      1575,
      1575,
      1576,
      1576,
      1576,
      1576,
      1576,
      1576,
      1576,
      1576,
      1576,
      1576,
      1576,
      1576,
      1576,
      1561,
      1561,
      1561,
      1561,
      1561,
      1561,
      1561,
      1561,
      1561,
      1561,
      1561,
      1561,
      0,
      0,
      0,
      0,
      0,
      0,
      0,
      0,
      0,
      0,
      0,
      0,
      0,
      0,
      0,
      0,
      0,
      0,
      0,
      0,
      1625,
      1566,
      1566,
      1566,
      1566,
      1566,
      1566,
      1566,
      1566,
      1566,
      1547,
      1547,
      1547,
      1582,
      1582,
      1582,
      1582,
      1582,
      1582,
      1582,
      1582,
      1582,
      1582,
      1583,
      1583,
      1583,
      1583,
      1583,
      1583,
      1583,
      1583,
      1583,
      1562,
      1562,
      1562,
      1562,
      1562,
      1562,
      1562,
      1562,
      1562,
      1562,
      1562,
      1562,
      1584,
      1584,
      1584,
      0,
      0,
      0,
      0,
      0,
      0,
      0,
      0,
      0,
      0,
      0,
      0,
      0,
      0,
      0,
      0,
      0,
      0,
      0,
      0,
      0,
      0,
      1577,
      1577,
      1577,
      1577,
      1577,
      1577,
      1577,
      1577,
      1577,
      1577,
      1577,
      1567,
      1567,
      1567,
      1567,
      1567,
      1567,
      1567,
      1567,
      1579,
      1579,
      1579,
      1579,
      1579,
      1579,
      1579,
      1579,
      1579,
      1579,
      1553,
      1553,
      1553,
      1553,
      1553,
      1553,
      1553,
      1553,
      1580,
      1580,
      1580,
      1580,
      1580,
      1570,
      1570,
      1570,
      1570,
      1570,
      1570,
      1570,
      1570,
      1570,
      1570,
      1570,
      1570,
      1570,
      1570,
      1570,
      1568,
      1568,
      1568,
      1568,
      1568,
      1568,
      1568,
      0,
      0,
      0,
      0,
      0,
      0,
      0,
      0,
      0,
      0,
      0,
      0,
      0,
      0,
      0,
      0,
      0,
      0,
      0,
      0,
      0,
      0,
      0,
      0,
      0,
      0,
      0,
      1596,
      1596,
      1596,
      1596,
      0,
      1563,
      1563,
      1563,
      1563,
      1563,
      1555,
      1555,
      1555,
      0,
      0,
      0,
      0,
      0,
      0,
      0,
      0,
      0,
      0,
      0,
      0,
      0,
      0,
      0,
      0,
      0,
      0,
      0,
      0,
      0,
      0,
      0,
      0,
      0,
      0,
      0,
      0,
      0,
      0,
      0,
      0,
      0,
      0,
      0,
      0,
      0,
      0,
      0,
      0,
      0,
      0,
      0,
      1585,
      1585,
      1585,
      1585,
      1564,
      1564,
      1564,
      1564,
      1564,
      1564,
      1564,
      1541,
      1541,
      0,
      0,
      0,
      0,
      0,
      0,
      0,
      0,
      0,
      0,
      0,
      0,
      0,
      0,
      0,
      0,
      0,
      0,
      0,
      0,
      0,
      0,
      0,
      0,
      0,
      0,
      0,
      0,
      0,
      0,
      0,
      0,
      0,
      0,
      0,
      0,
      0,
      0,
      0,
      0,
      0,
      0,
      0,
      0,
      0,
      0,
      0,
      0,
      1571,
      1571,
      1571,
      1571,
      1571,
      1571,
      1571,
      1571,
      1571,
      1571,
      1571,
      1588,
      1588,
      1572,
      1572,
      1572,
      1572,
      1572,
      1572,
      1572
    ],
    [
      0,
      0,
      0,
      0,
      0,
      0,
      0,
      0,
      0,
      0,
      0,
      0,
      0,
      0,
      0,
      0,
      0,
      0,
      0,
      0,
      0,
      0,
      0,
      0,
      0,
      0,
      0,
      0,
      0,
      0,
      0,
      0,
      0,
      0,
      0,
      0,
      0,
      0,
      0,
      0,
      0,
      0,
      0,
      0,
      1573,
      1573,
      1573,
      1573,
      1573,
      1573,
      1573,
      1573,
      1573,
      1573,
      1573,
      1573,
      1557,
      1557,
      1557,
      1557,
      1557,
      1578,
      1578,
      0,
      0,
      0,
      0,
      0,
      0,
      0,
      0,
      0,
      0,
      0,
      0,
      0,
      0,
      0,
      0,
      0,
      0,
      0,
      0,
      0,
      0,
      0,
      0,
      0,
      0,
      0,
      0,
      0,
      0,
      0,
      0,
      0,
      0,
      0,
      1569,
      1569,
      1569,
      1569,
      1569,
      1569,
      1574,
      1574,
      1574,
      1574,
      1574,
      1574,
      1574,
      1574,
      1574,
      0,
      1565,
      1565,
      1565,
      1565,
      1565,
      0,
      0,
      0,
      0,
      0,
      0,
      0,
      0,
      0,
      0,
      0,
      0,
      0,
      0,
      0,
      0,
      0,
      0,
      0,
      0,
      0,
      0,
      0,
      0,
      0,
      0,
      0,
      0,
      1560,
      1560,
      1560,
      1560,
      1560,
      1560,
      1560,
      1560,
      1560,
      1560,
      1560,
      1560,
      1560,
      1560,
      1560,
      1575,
      1575,
      1575,
      1575,
      1575,
      1575,
      1575,
      1575,
      1576,
      1576,
      1576,
      1576,
      1576,
      1576,
      1576,
      1576,
      1576,
      1576,
      1576,
      0,
      0,
      0,
      0,
      0,
      0,
      0,
      0,
      0,
      0,
      0,
      0,
      0,
      0,
      0,
      0,
      0,
      0,
      0,
      0,
      0,
      0,
      0,
      0,
      0,
      0,
      0,
      0,
      0,
      0,
      0,
      0,
      0,
      0,
      1625,
      1566,
      1566,
      1566,
      1566,
      1566,
      1566,
      1566,
      1566,
      1566,
      1547,
      1547,
      1547,
      1582,
      1582,
      1582,
      1582,
      1582,
      1582,
      1582,
      1582,
      1582,
      1582,
      1582,
      1583,
      1583,
      1583,
      1583,
      1583,
      1583,
      1583,
      1583,
      1562,
      1562,
      1562,
      1562,
      1562,
      1562,
      1562,
      1562,
      1562,
      1562,
      1562,
      1562,
      1584,
      1584,
      1584,
      0,
      0,
      0,
      0,
      0,
      0,
      0,
      0,
      0,
      0,
      0,
      0,
      0,
      0,
      0,
      0,
      0,
      0,
      0,
      0,
      0,
      0,
      1577,
      1577,
      1577,
      1577,
      1577,
      1577,
      1577,
      1577,
      1577,
      1577,
      1577,
      1577,
      1567,
      1567,
      1567,
      1567,
      1567,
      1567,
      1567,
      1579,
      1579,
      1579,
      1579,
      1579,
      1579,
      1579,
      1579,
      1579,
      1579,
      1553,
      1553,
      1553,
      1553,
      1553,
      1553,
      1553,
      1580,
      1580,
      1580,
      1580,
      1580,
      1580,
      1580,
      1570,
      1570,
      1570,
      1570,
      1570,
      1570,
      1570,
      1570,
      1570,
      1570,
      1570,
      1570,
      1570,
      1570,
      1568,
      1568,
      1568,
      1568,
      1568,
      1568,
      1568,
      0,
      0,
      0,
      0,
      0,
      0,
      0,
      0,
      0,
      0,
      0,
      0,
      0,
      0,
      0,
      0,
      0,
      0,
      0,
      0,
      0,
      0,
      0,
      0,
      0,
      0,
      0,
      1596,
      1596,
      1596,
      1596,
      0,
      1563,
      1563,
      1563,
      1563,
      1563,
      0,
      0,
      0,
      0,
      0,
      0,
      0,
      0,
      0,
      0,
      0,
      0,
      0,
      0,
      0,
      0,
      0,
      0,
      0,
      0,
      0,
      0,
      0,
      0,
      0,
      0,
      0,
      0,
      0,
      0,
      0,
      0,
      0,
      0,
      0,
      0,
      0,
      0,
      0,
      0,
      0,
      0,
      0,
      0,
      0,
      1585,
      1585,
      1585,
      1585,
      1585,
      1564,
      1564,
      1564,
      1564,
      1564,
      1564,
      1564,
      1541,
      1541,
      0,
      0,
      0,
      0,
      0,
      0,
      0,
      0,
      0,
      0,
      0,
      0,
      0,
      0,
      0,
      0,
      0,
      0,
      0,
      0,
      0,
      0,
      0,
      0,
      0,
      0,
      0,
      0,
      0,
      0,
      0,
      0,
      0,
      0,
      0,
      0,
      0,
      0,
      0,
      0,
      0,
      0,
      0,
      0,
      0,
      0,
      0,
      0,
      1571,
      1571,
      1571,
      1571,
      1571,
      1571,
      1571,
      1571,
      1571,
      1571,
      1588,
      1588,
      1588,
      1572,
      1572,
      1572,
      1572,
      1572,
      1572,
      1572
    ],
    [
      0,
      0,
      0,
      0,
      0,
      0,
      0,
      0,
      0,
      0,
      0,
      0,
      0,
      0,
      0,
      0,
      0,
      0,
      0,
      0,
      0,
      0,
      0,
      0,
      0,
      0,
      0,
      0,
      0,
      0,
      0,
      0,
      0,
      0,
      0,
      0,
      0,
      0,
      0,
      0,
      0,
      0,
      0,
      0,
      1573,
      1573,
      1573,
      1573,
      1573,
      1573,
      1573,
      1573,
      1573,
      1573,
      1573,
      1573,
      1578,
      1578,
      1578,
      1578,
      1578,
      1578,
      1578,
      0,
      0,
      0,
      0,
      0,
      0,
      0,
      0,
      0,
      0,
      0,
      1581,
      1581,
      1581,
      1581,
      1581,
      1581,
      1581,
      1581,
      1581,
      1581,
      1586,
      1586,
      1586,
      1586,
      1586,
      1586,
      1586,
      0,
      0,
      0,
      0,
      0,
      0,
      0,
      1569,
      1569,
      1569,
      1569,
      1569,
      1574,
      1574,
      1574,
      1574,
      1574,
      1574,
      1574,
      1574,
      1574,
      1574,
      0,
      1565,
      1565,
      1565,
      1565,
      1565,
      0,
      0,
      0,
      0,
      0,
      0,
      0,
      0,
      0,
      0,
      0,
      0,
      0,
      0,
      0,
      0,
      0,
      0,
      0,
      0,
      0,
      0,
      0,
      0,
      0,
      0,
      0,
      1560,
      1560,
      1560,
      1560,
      1560,
      1560,
      1560,
      1560,
      1560,
      1560,
      1560,
      1560,
      1560,
      1560,
      1560,
      1575,
      1575,
      1575,
      1575,
      1575,
      1575,
      1575,
      1575,
      1575,
      1576,
      1576,
      1576,
      1576,
      1576,
      1576,
      1576,
      1576,
      1576,
      1576,
      0,
      0,
      0,
      0,
      0,
      0,
      0,
      0,
      0,
      0,
      0,
      0,
      0,
      0,
      0,
      0,
      0,
      0,
      0,
      0,
      0,
      0,
      0,
      0,
      0,
      0,
      0,
      0,
      0,
      0,
      0,
      0,
      0,
      0,
      0,
      1625,
      1625,
      1625,
      1625,
      1566,
      1566,
      1566,
      1566,
      1566,
      1566,
      1566,
      1547,
      1547,
      1582,
      1582,
      1582,
      1582,
      1582,
      1582,
      1582,
      1582,
      1582,
      1582,
      1582,
      1582,
      1583,
      1583,
      1583,
      1583,
      1583,
      1583,
      1583,
      1583,
      1583,
      1583,
      1583,
      1562,
      1562,
      1562,
      1562,
      1562,
      1562,
      1562,
      1562,
      1584,
      1584,
      1584,
      0,
      0,
      0,
      0,
      0,
      0,
      0,
      0,
      0,
      0,
      0,
      0,
      0,
      0,
      0,
      0,
      0,
      0,
      0,
      0,
      0,
      0,
      0,
      1577,
      1577,
      1577,
      1577,
      1577,
      1577,
      1577,
      1577,
      1617,
      1617,
      1617,
      1617,
      1567,
      1567,
      1567,
      1567,
      1567,
      1567,
      1579,
      1579,
      1579,
      1579,
      1579,
      1579,
      1579,
      1579,
      1579,
      1579,
      1553,
      1553,
      1553,
      1553,
      1553,
      1553,
      1553,
      1580,
      1580,
      1580,
      1580,
      1580,
      1580,
      1580,
      1570,
      1570,
      1570,
      1570,
      1570,
      1570,
      1570,
      1570,
      1570,
      1570,
      1570,
      1570,
      1570,
      1570,
      1568,
      1568,
      1568,
      1568,
      1568,
      1568,
      1568,
      0,
      0,
      0,
      0,
      0,
      0,
      0,
      0,
      0,
      0,
      0,
      0,
      0,
      0,
      0,
      0,
      0,
      0,
      0,
      0,
      0,
      0,
      0,
      0,
      0,
      0,
      0,
      1596,
      1596,
      1596,
      1596,
      0,
      1563,
      1563,
      1563,
      1563,
      1563,
      0,
      0,
      0,
      0,
      0,
      0,
      0,
      0,
      0,
      0,
      0,
      0,
      0,
      0,
      0,
      0,
      0,
      0,
      0,
      0,
      0,
      0,
      0,
      0,
      0,
      0,
      0,
      0,
      0,
      0,
      0,
      0,
      0,
      0,
      0,
      0,
      0,
      0,
      0,
      0,
      0,
      0,
      0,
      0,
      0,
      1585,
      1585,
      1585,
      1585,
      1585,
      1564,
      1564,
      1564,
      1564,
      1564,
      1564,
      1564,
      1541,
      0,
      0,
      0,
      0,
      0,
      0,
      0,
      0,
      0,
      0,
      0,
      0,
      0,
      0,
      0,
      0,
      0,
      0,
      0,
      0,
      0,
      0,
      0,
      0,
      0,
      0,
      0,
      0,
      0,
      0,
      0,
      0,
      0,
      0,
      0,
      0,
      0,
      0,
      0,
      0,
      0,
      0,
      0,
      0,
      0,
      0,
      0,
      0,
      0,
      1571,
      1571,
      1571,
      1571,
      1571,
      1571,
      1571,
      1571,
      1571,
      1588,
      1588,
      1588,
      1588,
      1572,
      1572,
      1572,
      1572,
      1572,
      1572,
      1572
    ],
    [
      0,
      0,
      0,
      0,
      0,
      0,
      0,
      0,
      0,
      0,
      0,
      0,
      0,
      0,
      0,
      0,
      0,
      0,
      0,
      0,
      0,
      0,
      0,
      0,
      0,
      0,
      0,
      0,
      0,
      0,
      0,
      0,
      0,
      0,
      0,
      0,
      0,
      0,
      0,
      0,
      0,
      0,
      0,
      0,
      1573,
      1573,
      1573,
      1573,
      1573,
      1573,
      1573,
      1573,
      1573,
      1573,
      1573,
      1573,
      1578,
      1578,
      1578,
      1578,
      1578,
      1578,
      1578,
      0,
      0,
      0,
      0,
      0,
      0,
      0,
      0,
      0,
      0,
      0,
      1581,
      1581,
      1581,
      1581,
      1581,
      1581,
      1581,
      1581,
      1586,
      1586,
      1586,
      1586,
      1586,
      1586,
      1586,
      1586,
      1586,
      1590,
      0,
      0,
      0,
      0,
      0,
      0,
      0,
      1574,
      1574,
      1574,
      1574,
      1574,
      1574,
      1574,
      1574,
      1574,
      1574,
      1574,
      1574,
      1574,
      1574,
      0,
      0,
      0,
      0,
      0,
      0,
      0,
      0,
      0,
      0,
      0,
      0,
      0,
      0,
      0,
      0,
      0,
      0,
      0,
      0,
      0,
      0,
      0,
      0,
      0,
      0,
      0,
      0,
      0,
      0,
      0,
      0,
      0,
      1560,
      1560,
      1560,
      1560,
      1560,
      1560,
      1560,
      1560,
      1560,
      1560,
      1560,
      1560,
      1560,
      1560,
      1560,
      1575,
      1575,
      1575,
      1575,
      1575,
      1575,
      1575,
      1575,
      1575,
      1576,
      1576,
      1576,
      1576,
      1576,
      1576,
      1576,
      1576,
      1576,
      1576,
      0,
      0,
      0,
      0,
      0,
      0,
      0,
      0,
      0,
      0,
      0,
      0,
      0,
      0,
      0,
      0,
      0,
      0,
      0,
      0,
      0,
      0,
      0,
      0,
      0,
      0,
      0,
      0,
      0,
      0,
      0,
      0,
      0,
      0,
      0,
      1625,
      1625,
      1625,
      1625,
      1566,
      1566,
      1566,
      1566,
      1566,
      1566,
      1566,
      1566,
      1582,
      1582,
      1582,
      1582,
      1582,
      1582,
      1582,
      1582,
      1582,
      1582,
      1582,
      1582,
      1582,
      1582,
      1583,
      1583,
      1583,
      1583,
      1583,
      1583,
      1583,
      1583,
      1583,
      1583,
      1583,
      1583,
      1583,
      1562,
      1562,
      1562,
      1562,
      1584,
      1584,
      1584,
      1584,
      0,
      0,
      0,
      0,
      0,
      0,
      0,
      0,
      0,
      0,
      0,
      0,
      0,
      0,
      0,
      0,
      0,
      0,
      0,
      0,
      0,
      0,
      0,
      0,
      0,
      0,
      1577,
      1577,
      1577,
      1577,
      1577,
      1617,
      1617,
      1617,
      1617,
      1617,
      1567,
      1567,
      1567,
      1567,
      1567,
      1579,
      1579,
      1579,
      1579,
      1579,
      1579,
      1579,
      1579,
      1579,
      1579,
      1553,
      1553,
      1553,
      1553,
      1553,
      1553,
      1553,
      1580,
      1580,
      1580,
      1580,
      1580,
      1580,
      1580,
      1570,
      1570,
      1570,
      1570,
      1570,
      1570,
      1570,
      1570,
      1570,
      1570,
      1570,
      1570,
      1570,
      1568,
      1568,
      1568,
      1568,
      1568,
      1568,
      1568,
      1568,
      0,
      0,
      0,
      0,
      0,
      0,
      0,
      0,
      0,
      0,
      0,
      0,
      0,
      0,
      0,
      0,
      0,
      0,
      0,
      0,
      0,
      0,
      0,
      0,
      0,
      0,
      0,
      1596,
      1596,
      1596,
      1596,
      0,
      0,
      0,
      0,
      0,
      0,
      0,
      0,
      0,
      0,
      0,
      0,
      0,
      0,
      0,
      0,
      0,
      0,
      0,
      0,
      0,
      0,
      0,
      0,
      0,
      0,
      0,
      0,
      0,
      0,
      0,
      0,
      0,
      0,
      0,
      0,
      0,
      0,
      0,
      0,
      0,
      0,
      0,
      0,
      0,
      0,
      0,
      0,
      0,
      0,
      1598,
      1585,
      1585,
      1585,
      1585,
      1585,
      1585,
      1585,
      1564,
      1564,
      1564,
      1564,
      1564,
      0,
      0,
      0,
      0,
      0,
      0,
      0,
      0,
      0,
      0,
      0,
      0,
      0,
      0,
      0,
      0,
      0,
      0,
      0,
      0,
      0,
      0,
      0,
      0,
      0,
      0,
      0,
      0,
      0,
      0,
      0,
      0,
      0,
      0,
      0,
      0,
      0,
      0,
      0,
      0,
      0,
      0,
      0,
      0,
      1571,
      1571,
      1571,
      1571,
      1571,
      1571,
      1571,
      1571,
      1571,
      1571,
      1571,
      1571,
      1571,
      1571,
      1571,
      1588,
      1588,
      1588,
      1588,
      1572,
      1572,
      1572,
      1572,
      1572,
      1572,
      1572
    ],
    [
      0,
      0,
      0,
      0,
      0,
      0,
      0,
      0,
      0,
      0,
      0,
      0,
      0,
      0,
      0,
      0,
      0,
      0,
      0,
      0,
      0,
      0,
      0,
      0,
      0,
      0,
      0,
      0,
      0,
      0,
      0,
      0,
      0,
      0,
      0,
      0,
      0,
      0,
      0,
      0,
      0,
      0,
      0,
      0,
      1573,
      1573,
      1573,
      1573,
      1573,
      1573,
      1573,
      1573,
      1573,
      1573,
      1578,
      1578,
      1578,
      1578,
      1578,
      1578,
      1578,
      1578,
      1578,
      0,
      0,
      0,
      0,
      0,
      0,
      0,
      0,
      0,
      0,
      1581,
      1581,
      1581,
      1581,
      1581,
      1581,
      1581,
      1581,
      1581,
      1586,
      1586,
      1586,
      1586,
      1586,
      1586,
      1586,
      1586,
      1586,
      1590,
      1590,
      0,
      0,
      0,
      0,
      0,
      0,
      1574,
      1574,
      1574,
      1574,
      1574,
      1574,
      1574,
      1574,
      1574,
      1574,
      1574,
      1574,
      1574,
      1574,
      0,
      0,
      0,
      0,
      0,
      0,
      0,
      0,
      0,
      0,
      0,
      0,
      0,
      0,
      0,
      0,
      0,
      0,
      0,
      0,
      0,
      1591,
      1591,
      1591,
      1591,
      1591,
      1591,
      1591,
      0,
      0,
      0,
      1560,
      1560,
      1560,
      1560,
      1560,
      1560,
      1560,
      1560,
      1560,
      1560,
      1560,
      1560,
      1560,
      1560,
      1560,
      1560,
      1560,
      1575,
      1575,
      1575,
      1575,
      1575,
      1575,
      1575,
      1575,
      1575,
      1576,
      1576,
      1576,
      1576,
      1576,
      1576,
      1576,
      1576,
      1576,
      1576,
      0,
      0,
      0,
      0,
      0,
      0,
      0,
      0,
      0,
      0,
      0,
      0,
      0,
      0,
      0,
      0,
      0,
      0,
      0,
      0,
      0,
      0,
      0,
      0,
      0,
      0,
      0,
      0,
      0,
      0,
      0,
      0,
      0,
      0,
      0,
      1625,
      1625,
      1625,
      1625,
      1566,
      1566,
      1566,
      1566,
      1566,
      1566,
      1566,
      1566,
      1566,
      1582,
      1582,
      1582,
      1582,
      1582,
      1582,
      1582,
      1582,
      1582,
      1582,
      1582,
      1582,
      1582,
      1583,
      1583,
      1583,
      1583,
      1583,
      1583,
      1583,
      1583,
      1583,
      1583,
      1583,
      1583,
      1583,
      1562,
      1562,
      1584,
      1584,
      1584,
      1584,
      1584,
      1584,
      0,
      0,
      0,
      0,
      0,
      0,
      0,
      0,
      0,
      0,
      0,
      0,
      0,
      0,
      0,
      0,
      0,
      0,
      0,
      0,
      0,
      0,
      0,
      0,
      0,
      0,
      0,
      1577,
      1577,
      1577,
      1577,
      1617,
      1617,
      1617,
      1617,
      1617,
      1567,
      1567,
      1567,
      1567,
      1567,
      1579,
      1579,
      1579,
      1579,
      1579,
      1579,
      1579,
      1579,
      1579,
      1579,
      1553,
      1553,
      1553,
      1553,
      1553,
      1553,
      1553,
      1580,
      1580,
      1580,
      1580,
      1580,
      1580,
      1580,
      1570,
      1570,
      1570,
      1570,
      1570,
      1570,
      1570,
      1570,
      1570,
      1570,
      1570,
      1570,
      1570,
      1568,
      1568,
      1568,
      1568,
      1568,
      1568,
      1568,
      1568,
      1568,
      0,
      0,
      0,
      0,
      0,
      0,
      0,
      0,
      0,
      0,
      0,
      0,
      0,
      0,
      0,
      0,
      0,
      0,
      0,
      0,
      0,
      0,
      0,
      0,
      0,
      0,
      1596,
      1596,
      1596,
      1596,
      0,
      0,
      0,
      0,
      0,
      0,
      0,
      0,
      0,
      0,
      0,
      0,
      0,
      0,
      0,
      0,
      0,
      0,
      0,
      0,
      0,
      0,
      0,
      0,
      0,
      0,
      0,
      0,
      0,
      0,
      0,
      0,
      0,
      0,
      0,
      0,
      0,
      0,
      0,
      0,
      0,
      0,
      0,
      0,
      0,
      0,
      0,
      0,
      0,
      1598,
      1598,
      1585,
      1585,
      1585,
      1585,
      1585,
      1585,
      1585,
      1585,
      1585,
      1585,
      0,
      0,
      0,
      0,
      0,
      0,
      0,
      0,
      0,
      0,
      0,
      0,
      0,
      0,
      0,
      0,
      0,
      0,
      0,
      0,
      0,
      0,
      0,
      0,
      0,
      0,
      0,
      0,
      0,
      0,
      0,
      0,
      0,
      0,
      0,
      0,
      0,
      0,
      0,
      0,
      0,
      0,
      0,
      0,
      0,
      0,
      1571,
      1571,
      1571,
      1571,
      1571,
      1571,
      1571,
      1571,
      1571,
      1571,
      1571,
      1571,
      1571,
      1571,
      1571,
      1588,
      1588,
      1588,
      1588,
      1572,
      1572,
      1572,
      1572,
      1572,
      1572,
      1572
    ],
    [
      0,
      0,
      0,
      0,
      0,
      0,
      0,
      0,
      0,
      0,
      0,
      0,
      0,
      0,
      0,
      0,
      1594,
      1594,
      1594,
      1594,
      1594,
      1594,
      1594,
      0,
      0,
      0,
      0,
      0,
      0,
      0,
      0,
      0,
      0,
      0,
      0,
      0,
      0,
      0,
      0,
      0,
      0,
      0,
      0,
      0,
      0,
      0,
      1573,
      1573,
      1573,
      1573,
      1573,
      1573,
      1573,
      1578,
      1578,
      1578,
      1578,
      1578,
      1578,
      1578,
      1578,
      0,
      0,
      0,
      0,
      0,
      0,
      0,
      0,
      0,
      0,
      0,
      1581,
      1581,
      1581,
      1581,
      1581,
      1581,
      1581,
      1581,
      1581,
      1581,
      1586,
      1586,
      1586,
      1586,
      1586,
      1586,
      1586,
      1586,
      1586,
      1590,
      1590,
      1590,
      1590,
      1590,
      1590,
      1590,
      1590,
      1590,
      1590,
      1574,
      1574,
      1574,
      1574,
      1574,
      1574,
      1574,
      1574,
      1574,
      1574,
      1574,
      0,
      0,
      0,
      0,
      0,
      0,
      0,
      0,
      0,
      0,
      0,
      0,
      0,
      0,
      0,
      0,
      0,
      0,
      0,
      0,
      0,
      0,
      1591,
      1591,
      1591,
      1591,
      1591,
      1591,
      1591,
      0,
      0,
      0,
      1560,
      1587,
      1587,
      1587,
      1587,
      1587,
      1587,
      1560,
      1560,
      1560,
      1560,
      1560,
      1560,
      1560,
      1560,
      1560,
      1560,
      1575,
      1575,
      1575,
      1575,
      1575,
      1575,
      1575,
      1576,
      1576,
      1576,
      1576,
      1576,
      1576,
      1576,
      1576,
      1576,
      1576,
      1576,
      1576,
      0,
      0,
      0,
      0,
      0,
      0,
      0,
      0,
      0,
      0,
      0,
      0,
      0,
      0,
      0,
      0,
      0,
      0,
      0,
      0,
      0,
      0,
      0,
      0,
      0,
      0,
      0,
      0,
      0,
      0,
      0,
      0,
      1625,
      1625,
      1625,
      1625,
      1625,
      1625,
      1625,
      1566,
      1566,
      1566,
      1592,
      1592,
      1592,
      1592,
      1592,
      1592,
      1582,
      1582,
      1582,
      1582,
      1582,
      1582,
      1582,
      1582,
      1582,
      1582,
      1582,
      1582,
      1582,
      1583,
      1583,
      1583,
      1583,
      1583,
      1583,
      1583,
      1583,
      1583,
      1583,
      1583,
      1583,
      1583,
      1562,
      1584,
      1584,
      1584,
      1584,
      1584,
      1584,
      1584,
      1584,
      1584,
      1584,
      1584,
      1584,
      0,
      0,
      0,
      0,
      0,
      0,
      0,
      0,
      0,
      0,
      0,
      0,
      0,
      0,
      0,
      0,
      0,
      0,
      0,
      0,
      0,
      0,
      1617,
      1617,
      1617,
      1617,
      1617,
      1617,
      1617,
      1617,
      1617,
      1567,
      1567,
      1567,
      1567,
      1579,
      1579,
      1579,
      1579,
      1579,
      1579,
      1579,
      1579,
      1579,
      1579,
      1579,
      1553,
      1604,
      1604,
      1604,
      1553,
      1553,
      1553,
      1580,
      1580,
      1580,
      1580,
      1580,
      1580,
      1580,
      1570,
      1570,
      1570,
      1570,
      1570,
      1570,
      1570,
      1570,
      1570,
      1570,
      1570,
      1570,
      1570,
      1568,
      1568,
      1568,
      1568,
      1568,
      1568,
      1568,
      1568,
      1568,
      0,
      0,
      0,
      0,
      0,
      0,
      0,
      0,
      0,
      0,
      0,
      0,
      0,
      0,
      0,
      0,
      0,
      0,
      0,
      0,
      0,
      1596,
      1596,
      1596,
      1596,
      1596,
      1596,
      1596,
      1596,
      1596,
      0,
      0,
      0,
      0,
      0,
      0,
      0,
      0,
      0,
      0,
      0,
      0,
      0,
      0,
      0,
      0,
      0,
      0,
      0,
      0,
      0,
      0,
      0,
      0,
      0,
      0,
      0,
      0,
      0,
      0,
      1597,
      0,
      0,
      0,
      0,
      0,
      0,
      0,
      0,
      0,
      0,
      0,
      0,
      0,
      0,
      0,
      0,
      0,
      0,
      1598,
      1598,
      1585,
      1585,
      1585,
      1598,
      1598,
      1598,
      1598,
      1598,
      1598,
      1598,
      0,
      0,
      0,
      0,
      0,
      0,
      0,
      0,
      0,
      0,
      0,
      0,
      0,
      0,
      0,
      0,
      0,
      0,
      0,
      0,
      0,
      0,
      0,
      0,
      0,
      0,
      0,
      0,
      0,
      1606,
      1599,
      1599,
      1599,
      1599,
      1599,
      1599,
      1599,
      0,
      0,
      0,
      0,
      0,
      0,
      0,
      1600,
      1600,
      1600,
      1600,
      1571,
      1571,
      1571,
      1571,
      1571,
      1571,
      1571,
      1571,
      1571,
      1571,
      1571,
      1571,
      1588,
      1588,
      1588,
      1588,
      1588,
      1588,
      1588,
      1572,
      1572,
      1572,
      1572,
      1572
    ],
    [
      0,
      0,
      0,
      0,
      0,
      0,
      0,
      0,
      0,
      0,
      0,
      0,
      0,
      0,
      1594,
      1594,
      1594,
      1594,
      1594,
      1594,
      1594,
      1594,
      1594,
      0,
      0,
      0,
      0,
      0,
      0,
      0,
      0,
      0,
      0,
      0,
      0,
      0,
      0,
      0,
      0,
      0,
      0,
      0,
      0,
      0,
      0,
      0,
      1573,
      1573,
      1573,
      1573,
      1573,
      1573,
      1631,
      1631,
      1589,
      1589,
      1589,
      1589,
      1578,
      1578,
      1578,
      0,
      0,
      0,
      0,
      0,
      0,
      0,
      0,
      0,
      0,
      1581,
      1581,
      1581,
      1581,
      1581,
      1581,
      1581,
      1581,
      1581,
      1581,
      1581,
      1586,
      1586,
      1586,
      1586,
      1586,
      1586,
      1586,
      1586,
      1586,
      1590,
      1590,
      1590,
      1590,
      1590,
      1601,
      1601,
      1601,
      1601,
      1601,
      1601,
      1601,
      1601,
      1574,
      1574,
      1574,
      1574,
      1574,
      1574,
      1574,
      1574,
      0,
      0,
      0,
      0,
      0,
      0,
      0,
      0,
      0,
      0,
      0,
      0,
      0,
      0,
      0,
      0,
      0,
      0,
      0,
      0,
      1591,
      1591,
      1591,
      1591,
      1591,
      1591,
      1591,
      1591,
      1591,
      1591,
      0,
      0,
      1560,
      1587,
      1587,
      1587,
      1587,
      1587,
      1587,
      1560,
      1560,
      1560,
      1560,
      1560,
      1560,
      1560,
      1560,
      1575,
      1575,
      1575,
      1575,
      1575,
      1575,
      1575,
      1575,
      1575,
      1576,
      1576,
      1576,
      1576,
      1576,
      1576,
      1576,
      1576,
      1576,
      1576,
      1576,
      1576,
      0,
      0,
      0,
      0,
      0,
      0,
      0,
      0,
      0,
      0,
      0,
      0,
      0,
      0,
      0,
      0,
      0,
      0,
      0,
      0,
      0,
      0,
      0,
      0,
      0,
      0,
      0,
      0,
      0,
      0,
      0,
      1625,
      1625,
      1625,
      1625,
      1625,
      1625,
      1625,
      1625,
      1566,
      1625,
      1592,
      1592,
      1592,
      1592,
      1592,
      1592,
      1592,
      1582,
      1582,
      1582,
      1582,
      1582,
      1582,
      1582,
      1582,
      1582,
      1582,
      1582,
      1582,
      1582,
      1609,
      1583,
      1583,
      1583,
      1583,
      1583,
      1583,
      1583,
      1583,
      1583,
      1583,
      1583,
      1583,
      1609,
      1609,
      1609,
      1584,
      1584,
      1584,
      1584,
      1584,
      1584,
      1584,
      1584,
      1584,
      1584,
      0,
      0,
      0,
      0,
      0,
      0,
      0,
      0,
      0,
      0,
      0,
      0,
      0,
      0,
      0,
      0,
      0,
      0,
      0,
      0,
      0,
      0,
      0,
      1617,
      1617,
      1617,
      1617,
      1617,
      1617,
      1617,
      1617,
      1567,
      1567,
      1567,
      1567,
      1579,
      1579,
      1579,
      1579,
      1579,
      1579,
      1579,
      1579,
      1579,
      1579,
      1579,
      1604,
      1604,
      1604,
      1604,
      1604,
      1604,
      1553,
      1580,
      1580,
      1580,
      1580,
      1580,
      1580,
      1580,
      0,
      1570,
      1570,
      1570,
      1570,
      1570,
      1570,
      1570,
      1570,
      1570,
      1570,
      1570,
      1570,
      1568,
      1568,
      1568,
      1568,
      1568,
      1568,
      1568,
      1568,
      1568,
      0,
      0,
      0,
      0,
      0,
      0,
      0,
      0,
      0,
      0,
      0,
      0,
      0,
      0,
      0,
      0,
      0,
      0,
      0,
      0,
      0,
      1596,
      1596,
      1596,
      1596,
      1596,
      1596,
      1596,
      1596,
      1596,
      0,
      0,
      0,
      0,
      0,
      0,
      0,
      0,
      0,
      0,
      0,
      0,
      0,
      0,
      0,
      0,
      0,
      0,
      0,
      0,
      0,
      0,
      0,
      0,
      0,
      0,
      0,
      0,
      0,
      1597,
      1597,
      1612,
      1612,
      1612,
      0,
      0,
      0,
      0,
      0,
      0,
      0,
      0,
      0,
      0,
      0,
      0,
      0,
      0,
      1612,
      1598,
      1598,
      1585,
      1585,
      1585,
      1598,
      1598,
      1598,
      1598,
      1598,
      1598,
      1598,
      0,
      0,
      0,
      0,
      0,
      0,
      0,
      0,
      0,
      0,
      0,
      0,
      0,
      0,
      0,
      0,
      0,
      0,
      0,
      1613,
      1613,
      1613,
      1613,
      1613,
      0,
      0,
      0,
      0,
      0,
      1606,
      1599,
      1599,
      1599,
      1599,
      1599,
      1599,
      1599,
      1599,
      0,
      0,
      0,
      0,
      0,
      1600,
      1600,
      1600,
      1600,
      1600,
      1600,
      1600,
      1571,
      1571,
      1571,
      1571,
      1571,
      1571,
      1571,
      1571,
      1571,
      1571,
      1588,
      1588,
      1588,
      1588,
      1588,
      1588,
      1588,
      1588,
      1572,
      1572,
      1572,
      1572
    ],
    [
      0,
      0,
      0,
      0,
      0,
      0,
      0,
      0,
      0,
      0,
      0,
      0,
      0,
      0,
      1594,
      1594,
      1594,
      1594,
      1594,
      1594,
      1594,
      1594,
      1594,
      1594,
      0,
      0,
      0,
      0,
      0,
      0,
      0,
      0,
      0,
      0,
      0,
      0,
      0,
      0,
      0,
      0,
      0,
      0,
      0,
      0,
      0,
      0,
      1573,
      1573,
      1573,
      1573,
      1573,
      1631,
      1631,
      1631,
      1589,
      1589,
      1589,
      1589,
      1578,
      1578,
      1578,
      0,
      0,
      0,
      0,
      0,
      0,
      0,
      0,
      0,
      0,
      1581,
      1581,
      1581,
      1581,
      1581,
      1581,
      1581,
      1581,
      1581,
      1581,
      1581,
      1586,
      1586,
      1586,
      1586,
      1586,
      1586,
      1586,
      1586,
      1586,
      1590,
      1590,
      1590,
      1590,
      1601,
      1601,
      1601,
      1601,
      1601,
      1601,
      1601,
      1601,
      1601,
      1601,
      1574,
      1574,
      1574,
      1574,
      1574,
      1574,
      1574,
      0,
      0,
      0,
      0,
      0,
      0,
      0,
      0,
      0,
      0,
      0,
      0,
      0,
      0,
      0,
      0,
      0,
      1591,
      1591,
      1591,
      1591,
      1591,
      1591,
      1591,
      1591,
      1591,
      1591,
      1591,
      1591,
      1591,
      1591,
      0,
      1560,
      1587,
      1587,
      1587,
      1587,
      1587,
      1587,
      1560,
      1560,
      1560,
      1560,
      1595,
      1595,
      1595,
      1595,
      1595,
      1595,
      1595,
      1595,
      1595,
      1575,
      1575,
      1575,
      1575,
      1602,
      1602,
      1602,
      1602,
      1602,
      1602,
      1602,
      1602,
      1602,
      1602,
      1576,
      1576,
      0,
      0,
      0,
      0,
      0,
      0,
      0,
      0,
      0,
      0,
      0,
      0,
      0,
      0,
      0,
      0,
      0,
      0,
      0,
      0,
      0,
      0,
      0,
      0,
      0,
      0,
      0,
      0,
      0,
      0,
      0,
      1625,
      1625,
      1625,
      1625,
      1625,
      1625,
      1625,
      1625,
      1625,
      1625,
      1592,
      1592,
      1592,
      1592,
      1592,
      1592,
      1592,
      1582,
      1582,
      1582,
      1582,
      1582,
      1582,
      1582,
      1582,
      1582,
      1582,
      1582,
      1582,
      1582,
      1609,
      1609,
      1609,
      1609,
      1609,
      1583,
      1609,
      1609,
      1609,
      1609,
      1609,
      1609,
      1609,
      1609,
      1609,
      1609,
      1584,
      1584,
      1584,
      1584,
      1584,
      1584,
      1584,
      1584,
      1584,
      1584,
      0,
      0,
      0,
      0,
      0,
      0,
      0,
      0,
      0,
      0,
      0,
      0,
      0,
      0,
      0,
      0,
      0,
      1610,
      1610,
      1610,
      1610,
      1610,
      1610,
      1610,
      1617,
      1617,
      1617,
      1617,
      1617,
      1617,
      1617,
      1617,
      1617,
      1579,
      1579,
      1579,
      1579,
      1579,
      1579,
      1579,
      1579,
      1579,
      1579,
      1579,
      1579,
      1604,
      1604,
      1604,
      1604,
      1604,
      1604,
      1604,
      1604,
      1580,
      1580,
      1580,
      1580,
      1580,
      1580,
      1580,
      0,
      1570,
      1570,
      1570,
      1570,
      1570,
      1570,
      1570,
      1570,
      1570,
      1570,
      1570,
      1570,
      1568,
      1568,
      1568,
      1568,
      1568,
      1568,
      1568,
      1568,
      1568,
      1568,
      0,
      0,
      0,
      0,
      0,
      0,
      0,
      0,
      0,
      0,
      0,
      0,
      0,
      0,
      0,
      0,
      0,
      0,
      0,
      0,
      1596,
      1596,
      1596,
      1596,
      1596,
      1596,
      1596,
      1596,
      1596,
      0,
      0,
      0,
      0,
      0,
      0,
      0,
      0,
      0,
      0,
      0,
      0,
      0,
      0,
      0,
      0,
      0,
      0,
      0,
      0,
      0,
      0,
      0,
      0,
      0,
      0,
      1597,
      1597,
      1597,
      1597,
      1597,
      1612,
      1612,
      1612,
      0,
      0,
      0,
      0,
      0,
      0,
      0,
      0,
      0,
      0,
      0,
      0,
      1612,
      1612,
      1612,
      1598,
      1598,
      1585,
      1585,
      1585,
      1598,
      1598,
      1598,
      0,
      0,
      0,
      0,
      0,
      0,
      0,
      0,
      0,
      0,
      0,
      0,
      0,
      0,
      0,
      0,
      0,
      0,
      0,
      0,
      0,
      0,
      0,
      1613,
      1613,
      1613,
      1613,
      1613,
      1613,
      1606,
      1606,
      1606,
      1606,
      1606,
      1599,
      1599,
      1599,
      1599,
      1599,
      1599,
      1599,
      1599,
      1607,
      1607,
      1607,
      1607,
      1600,
      1600,
      1600,
      1600,
      1600,
      1600,
      1600,
      1600,
      1638,
      1571,
      1571,
      1571,
      1571,
      1571,
      1571,
      1571,
      1571,
      1571,
      1588,
      1588,
      1588,
      1588,
      1588,
      1588,
      1588,
      1588,
      1588,
      1572,
      1572,
      1572
    ],
    [
      0,
      0,
      0,
      0,
      0,
      0,
      0,
      0,
      0,
      0,
      0,
      0,
      0,
      0,
      1594,
      1594,
      1594,
      1594,
      1594,
      1594,
      1594,
      1594,
      1594,
      1594,
      1628,
      0,
      0,
      0,
      0,
      0,
      0,
      0,
      0,
      0,
      0,
      0,
      0,
      0,
      0,
      0,
      0,
      0,
      0,
      0,
      0,
      0,
      0,
      1573,
      1573,
      1573,
      1631,
      1631,
      1631,
      1631,
      1589,
      1589,
      1589,
      1589,
      1578,
      1578,
      1578,
      0,
      0,
      0,
      0,
      0,
      0,
      0,
      0,
      0,
      0,
      1581,
      1581,
      1581,
      1581,
      1581,
      0,
      0,
      0,
      0,
      0,
      1581,
      1586,
      1586,
      1586,
      1586,
      1586,
      1586,
      1586,
      1586,
      1586,
      1590,
      1590,
      1590,
      1590,
      1601,
      1601,
      1601,
      1601,
      1601,
      1601,
      1601,
      1601,
      1601,
      1601,
      1601,
      1574,
      1574,
      1574,
      1574,
      1574,
      0,
      0,
      0,
      0,
      0,
      0,
      0,
      0,
      0,
      0,
      0,
      0,
      0,
      0,
      0,
      0,
      1591,
      1591,
      1591,
      1591,
      1591,
      1591,
      1591,
      1591,
      1591,
      1591,
      1591,
      1591,
      1591,
      1591,
      1591,
      1591,
      0,
      1560,
      1587,
      1587,
      1587,
      1587,
      1587,
      1587,
      1560,
      1560,
      1595,
      1595,
      1595,
      1595,
      1595,
      1595,
      1595,
      1595,
      1595,
      1595,
      1595,
      1575,
      1575,
      1575,
      1575,
      1602,
      1602,
      1602,
      1602,
      1602,
      1602,
      1602,
      1602,
      1602,
      1602,
      1602,
      0,
      0,
      0,
      0,
      0,
      0,
      0,
      0,
      0,
      0,
      0,
      0,
      0,
      0,
      0,
      0,
      0,
      0,
      0,
      0,
      0,
      0,
      0,
      0,
      0,
      0,
      0,
      0,
      0,
      0,
      0,
      0,
      1625,
      1625,
      1625,
      1625,
      1625,
      1625,
      1625,
      1625,
      1625,
      1625,
      1592,
      1592,
      1592,
      1592,
      1592,
      1592,
      1592,
      1582,
      0,
      0,
      1582,
      1582,
      1582,
      1582,
      1582,
      1582,
      1582,
      1609,
      1609,
      1609,
      1609,
      1609,
      1609,
      1609,
      1609,
      1609,
      1609,
      1609,
      1609,
      1609,
      1609,
      1609,
      1609,
      1609,
      1609,
      1609,
      1584,
      1584,
      1603,
      1603,
      1603,
      1603,
      1603,
      1603,
      1603,
      1603,
      1603,
      1603,
      1603,
      0,
      0,
      0,
      0,
      0,
      0,
      0,
      0,
      0,
      0,
      0,
      0,
      0,
      0,
      1610,
      1610,
      1610,
      1610,
      1610,
      1610,
      1610,
      1610,
      1610,
      1610,
      1617,
      1617,
      1617,
      1617,
      1617,
      1593,
      1593,
      1593,
      1593,
      1593,
      1593,
      1593,
      1579,
      1579,
      1579,
      1579,
      1604,
      1604,
      1604,
      1604,
      1604,
      1604,
      1604,
      1604,
      1604,
      1604,
      1604,
      1604,
      1604,
      1604,
      1604,
      0,
      0,
      0,
      1570,
      1570,
      1570,
      1570,
      1570,
      1570,
      0,
      0,
      0,
      0,
      0,
      1570,
      1570,
      1570,
      1568,
      1568,
      0,
      1611,
      1611,
      1611,
      1611,
      1611,
      1611,
      0,
      0,
      0,
      0,
      0,
      0,
      0,
      0,
      0,
      0,
      0,
      0,
      0,
      0,
      0,
      0,
      0,
      0,
      0,
      1596,
      1596,
      1596,
      1596,
      1596,
      1596,
      1596,
      1596,
      1596,
      0,
      0,
      0,
      0,
      0,
      0,
      0,
      1605,
      1605,
      1605,
      1605,
      1605,
      1605,
      1620,
      0,
      0,
      0,
      0,
      0,
      0,
      0,
      0,
      0,
      0,
      0,
      0,
      1597,
      1597,
      1597,
      1597,
      1597,
      1612,
      1612,
      1612,
      1612,
      1612,
      1612,
      1612,
      1612,
      1612,
      1612,
      1612,
      1612,
      1612,
      1612,
      1612,
      1612,
      1612,
      1612,
      1598,
      1598,
      1598,
      1598,
      1598,
      1598,
      1598,
      1598,
      0,
      0,
      0,
      0,
      0,
      0,
      0,
      0,
      0,
      0,
      0,
      0,
      0,
      0,
      0,
      0,
      0,
      0,
      0,
      0,
      0,
      0,
      1613,
      1613,
      1613,
      1613,
      1613,
      1613,
      1613,
      1606,
      1606,
      1606,
      1606,
      1606,
      1599,
      1599,
      1599,
      1599,
      1599,
      1599,
      1599,
      1599,
      1607,
      1607,
      1607,
      1607,
      1600,
      1600,
      1600,
      1600,
      1600,
      1600,
      1600,
      1600,
      1638,
      0,
      1571,
      1571,
      1571,
      1571,
      1571,
      1571,
      1571,
      1571,
      1588,
      1588,
      1588,
      1588,
      1588,
      1588,
      1588,
      1588,
      1588,
      1588,
      1588,
      1588
    ],
    [
      0,
      0,
      0,
      0,
      0,
      0,
      0,
      0,
      0,
      0,
      0,
      0,
      0,
      0,
      1594,
      1594,
      1594,
      1594,
      1594,
      1594,
      1594,
      1594,
      1594,
      1594,
      1628,
      1628,
      0,
      0,
      0,
      0,
      0,
      0,
      0,
      0,
      0,
      0,
      0,
      0,
      0,
      1608,
      1608,
      1608,
      1608,
      1608,
      1608,
      1608,
      1608,
      1573,
      1573,
      1573,
      1631,
      1631,
      1631,
      1631,
      1589,
      1589,
      1589,
      1589,
      1578,
      1578,
      0,
      0,
      0,
      0,
      0,
      0,
      0,
      0,
      0,
      0,
      0,
      1581,
      1581,
      1581,
      1581,
      0,
      0,
      0,
      0,
      0,
      0,
      1581,
      1586,
      1621,
      1621,
      1586,
      1586,
      1586,
      1586,
      1586,
      1586,
      1590,
      1590,
      1590,
      1590,
      1601,
      1601,
      1601,
      1601,
      1601,
      1601,
      1601,
      1601,
      1601,
      1601,
      1601,
      1601,
      1601,
      1601,
      1615,
      1615,
      1615,
      1615,
      1615,
      1615,
      1615,
      0,
      0,
      0,
      0,
      0,
      0,
      0,
      0,
      0,
      0,
      0,
      1591,
      1591,
      1591,
      1591,
      1591,
      1591,
      1591,
      1591,
      1591,
      1591,
      1591,
      1591,
      1591,
      1591,
      1591,
      1591,
      1591,
      1560,
      1587,
      1587,
      1587,
      1587,
      1587,
      1587,
      1560,
      1647,
      1595,
      1595,
      1595,
      1595,
      1595,
      1595,
      1595,
      1595,
      1595,
      1595,
      1595,
      1575,
      1575,
      1575,
      1602,
      1602,
      1602,
      1602,
      1602,
      1602,
      1602,
      1602,
      1602,
      1602,
      1602,
      1602,
      0,
      0,
      0,
      0,
      0,
      0,
      0,
      0,
      1619,
      0,
      0,
      0,
      0,
      0,
      0,
      0,
      0,
      0,
      0,
      0,
      0,
      0,
      0,
      0,
      0,
      0,
      0,
      0,
      0,
      0,
      0,
      0,
      1625,
      1625,
      1625,
      1625,
      1625,
      1625,
      1625,
      1625,
      1625,
      1625,
      1592,
      1592,
      1592,
      1592,
      1592,
      1592,
      1592,
      1582,
      0,
      0,
      1582,
      1582,
      1582,
      1582,
      1582,
      1582,
      1609,
      1609,
      1609,
      1609,
      1609,
      1609,
      1609,
      1609,
      1609,
      1609,
      1609,
      1609,
      1609,
      1609,
      1609,
      1609,
      1609,
      1609,
      1609,
      1609,
      1584,
      1584,
      1603,
      1603,
      1603,
      1603,
      1603,
      1603,
      1603,
      1603,
      1603,
      1603,
      1603,
      0,
      0,
      0,
      0,
      0,
      0,
      0,
      0,
      0,
      0,
      0,
      0,
      0,
      0,
      1610,
      1610,
      1610,
      1610,
      1610,
      1610,
      1610,
      1617,
      1617,
      1617,
      1617,
      1617,
      1617,
      1617,
      1593,
      1593,
      1593,
      1593,
      1593,
      1593,
      1593,
      1593,
      1579,
      1579,
      1579,
      1579,
      1630,
      1604,
      1604,
      1604,
      1604,
      1604,
      1604,
      1604,
      1604,
      1604,
      1604,
      1604,
      1604,
      1604,
      0,
      0,
      0,
      0,
      1570,
      1570,
      1570,
      1570,
      1570,
      0,
      0,
      0,
      0,
      0,
      0,
      1570,
      1570,
      1570,
      1568,
      1568,
      0,
      1611,
      1611,
      1611,
      1611,
      1611,
      1611,
      1633,
      0,
      0,
      0,
      0,
      0,
      0,
      0,
      0,
      0,
      0,
      0,
      0,
      0,
      0,
      0,
      0,
      0,
      0,
      1596,
      1596,
      1596,
      1596,
      1596,
      1596,
      1596,
      1596,
      1596,
      0,
      0,
      0,
      0,
      0,
      0,
      0,
      1605,
      1605,
      1605,
      1605,
      1605,
      1605,
      1620,
      1620,
      0,
      0,
      0,
      0,
      0,
      0,
      0,
      0,
      0,
      0,
      0,
      1597,
      1597,
      1597,
      1597,
      1597,
      1612,
      1612,
      1612,
      1612,
      1612,
      1612,
      1612,
      1612,
      1612,
      1612,
      1612,
      1612,
      1612,
      1612,
      1612,
      1612,
      1612,
      1612,
      1598,
      1598,
      1598,
      1598,
      1598,
      1598,
      1598,
      1598,
      1618,
      1618,
      1618,
      1618,
      1618,
      1618,
      1618,
      1618,
      1618,
      1618,
      1618,
      1618,
      1618,
      1618,
      1618,
      1618,
      1618,
      0,
      0,
      0,
      0,
      0,
      1613,
      1613,
      1613,
      1613,
      1613,
      1613,
      1613,
      1613,
      1606,
      1606,
      1606,
      1606,
      1599,
      1599,
      1599,
      1599,
      1599,
      1599,
      1599,
      1599,
      1607,
      1607,
      1607,
      1607,
      1600,
      1600,
      1600,
      1600,
      1600,
      1600,
      1600,
      1600,
      1638,
      0,
      0,
      1571,
      1571,
      1571,
      1571,
      1571,
      1571,
      1571,
      1588,
      1588,
      1588,
      1588,
      1588,
      1588,
      1588,
      1588,
      1588,
      1588,
      1588,
      1588
    ],
    [
      0,
      0,
      0,
      0,
      0,
      0,
      0,
      0,
      0,
      0,
      0,
      0,
      0,
      0,
      1594,
      1594,
      1594,
      1594,
      1594,
      1594,
      1594,
      1594,
      1594,
      1594,
      1628,
      1628,
      1628,
      1628,
      1628,
      1628,
      0,
      0,
      1614,
      1614,
      1614,
      1614,
      1614,
      1614,
      1614,
      1608,
      1608,
      1608,
      1608,
      1608,
      1608,
      1608,
      1608,
      1608,
      1573,
      1573,
      1631,
      1631,
      1631,
      1631,
      1589,
      1589,
      1589,
      1589,
      1578,
      0,
      0,
      0,
      0,
      0,
      0,
      0,
      0,
      0,
      0,
      0,
      0,
      0,
      0,
      0,
      0,
      0,
      0,
      0,
      0,
      0,
      0,
      1581,
      1586,
      1621,
      1621,
      1586,
      1586,
      1586,
      1586,
      1586,
      1586,
      1590,
      1590,
      1590,
      1590,
      1601,
      1601,
      1601,
      1601,
      1601,
      1601,
      1601,
      1601,
      1601,
      1601,
      1601,
      1601,
      1601,
      1601,
      1615,
      1615,
      1615,
      1615,
      1615,
      1615,
      1615,
      0,
      0,
      0,
      0,
      0,
      0,
      0,
      0,
      0,
      0,
      0,
      1591,
      1591,
      1591,
      1591,
      1591,
      1591,
      1591,
      1591,
      1591,
      1591,
      1591,
      1591,
      1591,
      1591,
      1591,
      1591,
      1591,
      1560,
      1587,
      1587,
      1587,
      1587,
      1587,
      1587,
      1587,
      1647,
      1595,
      1595,
      1595,
      1595,
      1595,
      1595,
      1595,
      1595,
      1595,
      1595,
      1595,
      1575,
      1575,
      1575,
      1602,
      1602,
      1602,
      1602,
      1602,
      1602,
      1602,
      1602,
      1602,
      1602,
      1602,
      1602,
      0,
      0,
      0,
      0,
      1619,
      1619,
      0,
      1619,
      1619,
      0,
      0,
      0,
      0,
      0,
      0,
      0,
      0,
      0,
      0,
      0,
      0,
      0,
      0,
      0,
      0,
      0,
      0,
      0,
      0,
      0,
      0,
      0,
      1625,
      1625,
      1625,
      1625,
      1625,
      1625,
      1625,
      1625,
      1625,
      1625,
      1625,
      1592,
      1592,
      1592,
      1592,
      1592,
      1592,
      1582,
      0,
      0,
      1582,
      1582,
      1582,
      1582,
      1582,
      1609,
      1609,
      1609,
      1609,
      1609,
      1609,
      1609,
      1609,
      1609,
      1609,
      1609,
      1609,
      1609,
      1609,
      1609,
      1609,
      1609,
      1609,
      1609,
      1609,
      1609,
      1584,
      1584,
      1603,
      1603,
      1603,
      1603,
      1603,
      1603,
      1603,
      1603,
      1603,
      1603,
      1603,
      0,
      0,
      0,
      0,
      0,
      0,
      0,
      0,
      0,
      0,
      0,
      0,
      0,
      0,
      1610,
      1610,
      1610,
      1610,
      1610,
      1610,
      1610,
      1617,
      1617,
      1617,
      1617,
      1617,
      1617,
      1617,
      1593,
      1593,
      1593,
      1593,
      1593,
      1593,
      1593,
      1593,
      1579,
      1579,
      1579,
      1579,
      1630,
      1604,
      1604,
      1604,
      1604,
      1604,
      1604,
      1604,
      1604,
      1604,
      1604,
      1604,
      1604,
      0,
      0,
      0,
      0,
      0,
      1570,
      1570,
      1570,
      0,
      0,
      0,
      0,
      0,
      0,
      0,
      0,
      0,
      0,
      0,
      0,
      0,
      0,
      1611,
      1611,
      1611,
      1611,
      1611,
      1611,
      1633,
      1633,
      0,
      0,
      0,
      0,
      0,
      0,
      0,
      0,
      0,
      0,
      0,
      0,
      0,
      0,
      0,
      0,
      0,
      1596,
      1596,
      1596,
      1596,
      1596,
      1596,
      1596,
      1596,
      1596,
      0,
      0,
      0,
      0,
      0,
      0,
      0,
      1605,
      1605,
      1605,
      1605,
      1605,
      1605,
      1620,
      1620,
      1620,
      1620,
      1620,
      1620,
      0,
      0,
      0,
      0,
      0,
      0,
      0,
      1597,
      1597,
      1597,
      1597,
      1597,
      1597,
      1597,
      1612,
      1612,
      1612,
      1612,
      1612,
      1612,
      1612,
      1612,
      1612,
      1612,
      1612,
      1612,
      1612,
      1612,
      1612,
      1612,
      1612,
      1598,
      1598,
      1598,
      1598,
      1598,
      1598,
      1598,
      1598,
      1618,
      1618,
      1618,
      1618,
      1618,
      1618,
      1618,
      1618,
      1618,
      1618,
      1618,
      1618,
      1618,
      1618,
      1618,
      1618,
      1618,
      1618,
      0,
      0,
      0,
      1613,
      1613,
      1613,
      1613,
      1613,
      1613,
      1613,
      1613,
      1606,
      1606,
      1606,
      1606,
      1599,
      1599,
      1599,
      1599,
      1599,
      1599,
      1599,
      1599,
      1607,
      1607,
      1607,
      1607,
      1600,
      1600,
      1600,
      1600,
      1600,
      1600,
      1600,
      1600,
      1638,
      0,
      0,
      0,
      1571,
      1571,
      1571,
      1571,
      1571,
      1571,
      1588,
      1588,
      1588,
      1588,
      1588,
      1588,
      1588,
      1588,
      0,
      0,
      0,
      0
    ],
    [
      0,
      0,
      0,
      0,
      0,
      0,
      0,
      0,
      0,
      0,
      0,
      0,
      0,
      0,
      0,
      1594,
      1594,
      1594,
      1594,
      1594,
      1594,
      1594,
      1594,
      1594,
      1628,
      1628,
      1628,
      1628,
      1628,
      1628,
      1628,
      1628,
      1614,
      1614,
      1614,
      1614,
      1614,
      1614,
      1614,
      1608,
      1608,
      1608,
      1608,
      1608,
      1608,
      1608,
      1608,
      1608,
      1608,
      1608,
      1631,
      1631,
      1631,
      1631,
      1631,
      1631,
      1631,
      1631,
      0,
      0,
      0,
      0,
      0,
      0,
      0,
      0,
      0,
      0,
      0,
      0,
      0,
      0,
      0,
      0,
      0,
      0,
      0,
      0,
      0,
      0,
      0,
      1581,
      1586,
      1621,
      1621,
      1586,
      1586,
      1586,
      1586,
      1586,
      1586,
      1590,
      1590,
      1590,
      1590,
      1601,
      1601,
      1601,
      1601,
      1601,
      1601,
      1601,
      1601,
      1601,
      1601,
      1601,
      1601,
      1601,
      1601,
      1615,
      1615,
      1615,
      1615,
      1615,
      1615,
      1615,
      0,
      0,
      0,
      0,
      0,
      0,
      0,
      0,
      0,
      0,
      0,
      1591,
      1591,
      1591,
      1591,
      1591,
      1591,
      1591,
      1591,
      1591,
      1591,
      1591,
      1591,
      1591,
      1591,
      1591,
      1591,
      1591,
      1591,
      1591,
      1587,
      1587,
      1587,
      1587,
      1587,
      1587,
      1647,
      1595,
      1595,
      1595,
      1595,
      1595,
      1595,
      1595,
      1595,
      1595,
      1595,
      1595,
      1595,
      1575,
      1602,
      1602,
      1602,
      1602,
      1602,
      1602,
      1602,
      1602,
      1602,
      1602,
      1602,
      1602,
      1602,
      0,
      0,
      0,
      0,
      0,
      1619,
      1619,
      1619,
      1619,
      1619,
      1619,
      1619,
      1619,
      1619,
      1619,
      1619,
      0,
      1616,
      1616,
      1616,
      1616,
      1616,
      0,
      0,
      0,
      0,
      0,
      0,
      0,
      0,
      0,
      0,
      1625,
      1625,
      1625,
      1625,
      1625,
      1625,
      1625,
      1625,
      1625,
      1625,
      1625,
      1625,
      1592,
      1592,
      1592,
      1592,
      1592,
      0,
      0,
      0,
      0,
      0,
      0,
      1609,
      1609,
      1609,
      1609,
      1609,
      1609,
      1609,
      1609,
      1609,
      1609,
      1609,
      1609,
      1609,
      1609,
      1609,
      1609,
      1609,
      1609,
      1609,
      1609,
      1609,
      1609,
      1609,
      1584,
      1584,
      1603,
      1603,
      1603,
      1603,
      1603,
      1603,
      1603,
      1603,
      1603,
      1603,
      1603,
      0,
      0,
      0,
      0,
      0,
      0,
      0,
      0,
      0,
      0,
      0,
      0,
      0,
      0,
      1610,
      1610,
      1610,
      1610,
      1610,
      1610,
      1610,
      1617,
      1617,
      1617,
      1617,
      1617,
      1617,
      1617,
      1593,
      1593,
      1593,
      1593,
      1593,
      1593,
      1593,
      1593,
      1579,
      1579,
      1579,
      1579,
      1630,
      1630,
      1630,
      1604,
      1604,
      1604,
      1604,
      1604,
      1604,
      1604,
      1604,
      1604,
      1604,
      0,
      0,
      0,
      0,
      0,
      0,
      0,
      0,
      0,
      0,
      0,
      0,
      0,
      0,
      0,
      0,
      0,
      0,
      0,
      0,
      0,
      0,
      1611,
      1611,
      1611,
      1611,
      1611,
      1611,
      1633,
      1633,
      1633,
      1633,
      1633,
      1633,
      1633,
      1633,
      0,
      0,
      0,
      0,
      0,
      0,
      0,
      0,
      0,
      0,
      0,
      1596,
      1596,
      1596,
      1596,
      1596,
      1596,
      1596,
      1596,
      1596,
      0,
      0,
      0,
      0,
      0,
      0,
      0,
      1605,
      1605,
      1605,
      1605,
      1605,
      1605,
      1620,
      1620,
      1620,
      1620,
      1620,
      1622,
      1622,
      1622,
      1622,
      1622,
      0,
      0,
      0,
      1597,
      1597,
      1597,
      1597,
      1597,
      1597,
      1597,
      1612,
      1612,
      1612,
      1612,
      1612,
      1612,
      1612,
      1612,
      1612,
      1612,
      1612,
      1612,
      1612,
      1612,
      1612,
      1612,
      1612,
      1598,
      1598,
      1598,
      1598,
      1598,
      1598,
      1598,
      1598,
      1598,
      1624,
      1618,
      1618,
      1618,
      1618,
      1618,
      1618,
      1618,
      1618,
      1618,
      1618,
      1618,
      1618,
      1618,
      1618,
      1618,
      1618,
      0,
      0,
      0,
      1613,
      1613,
      1613,
      1613,
      1613,
      1613,
      1613,
      1613,
      1606,
      1606,
      1606,
      1606,
      1599,
      1599,
      1599,
      1599,
      1599,
      1599,
      1599,
      1599,
      1607,
      1607,
      1607,
      1607,
      1600,
      1600,
      1600,
      1600,
      1600,
      1600,
      1600,
      1600,
      1638,
      0,
      0,
      0,
      0,
      0,
      0,
      0,
      1571,
      1571,
      1571,
      0,
      0,
      0,
      0,
      0,
      1588,
      1588,
      0,
      0,
      0,
      0
    ],
    [
      0,
      0,
      0,
      0,
      0,
      0,
      0,
      0,
      0,
      0,
      0,
      0,
      0,
      0,
      0,
      0,
      1594,
      1594,
      1594,
      1594,
      1594,
      1594,
      1594,
      1594,
      1628,
      1628,
      1628,
      1628,
      1628,
      1628,
      1628,
      1628,
      1614,
      1614,
      1614,
      1614,
      1614,
      1614,
      1614,
      1608,
      1608,
      1608,
      1608,
      1608,
      1608,
      1608,
      1608,
      1608,
      1631,
      1631,
      1631,
      1631,
      1631,
      1631,
      1631,
      1631,
      1631,
      1631,
      0,
      0,
      0,
      0,
      0,
      0,
      0,
      0,
      0,
      0,
      0,
      0,
      0,
      0,
      0,
      0,
      0,
      0,
      0,
      0,
      0,
      0,
      0,
      0,
      1621,
      1621,
      1621,
      1621,
      1621,
      1586,
      1586,
      1586,
      1586,
      1590,
      1590,
      1590,
      1590,
      1601,
      1601,
      1601,
      1601,
      1601,
      1601,
      1601,
      1601,
      1601,
      1601,
      1601,
      1601,
      1601,
      1601,
      1615,
      1615,
      1615,
      1615,
      1615,
      1615,
      1615,
      0,
      0,
      0,
      0,
      0,
      0,
      0,
      0,
      0,
      1641,
      1641,
      1591,
      1591,
      1591,
      1591,
      1591,
      1591,
      1591,
      1591,
      1591,
      1591,
      1591,
      1591,
      1591,
      1591,
      1591,
      1591,
      1591,
      1591,
      1591,
      1587,
      1587,
      1587,
      1587,
      1587,
      1587,
      1647,
      1595,
      1595,
      1595,
      1595,
      1595,
      1595,
      1595,
      1595,
      1595,
      1595,
      1595,
      1595,
      1602,
      1602,
      1602,
      1602,
      1602,
      1602,
      1602,
      1602,
      1602,
      1602,
      1602,
      1602,
      1602,
      1602,
      0,
      0,
      0,
      0,
      0,
      1619,
      1619,
      1619,
      1619,
      1619,
      1619,
      1619,
      1619,
      1619,
      1619,
      1619,
      0,
      1616,
      1616,
      1616,
      1616,
      0,
      0,
      0,
      0,
      0,
      0,
      0,
      0,
      0,
      0,
      0,
      1625,
      1625,
      1625,
      1625,
      1625,
      1625,
      1625,
      1625,
      1625,
      1625,
      1625,
      1625,
      1625,
      1625,
      1625,
      1625,
      1625,
      0,
      0,
      0,
      0,
      0,
      1626,
      1626,
      1626,
      1626,
      1626,
      1626,
      1626,
      1626,
      1626,
      1609,
      1609,
      1609,
      1609,
      1609,
      1609,
      1609,
      1609,
      1609,
      1609,
      1609,
      1609,
      1609,
      1609,
      1609,
      1584,
      1584,
      1603,
      1603,
      1603,
      1603,
      1603,
      1603,
      1603,
      1603,
      1603,
      1603,
      1603,
      1603,
      0,
      0,
      0,
      0,
      0,
      0,
      0,
      0,
      0,
      0,
      0,
      0,
      0,
      1610,
      1610,
      1610,
      1610,
      1610,
      1610,
      1610,
      1617,
      1617,
      1617,
      1617,
      1617,
      1617,
      1617,
      1593,
      1593,
      1593,
      1593,
      1593,
      1593,
      1593,
      1593,
      1593,
      1593,
      1579,
      1630,
      1630,
      1630,
      1630,
      1604,
      1604,
      1604,
      1604,
      1604,
      1604,
      1630,
      1630,
      0,
      0,
      0,
      0,
      0,
      0,
      0,
      0,
      0,
      0,
      0,
      0,
      0,
      0,
      0,
      0,
      0,
      0,
      0,
      0,
      0,
      0,
      0,
      0,
      1611,
      1611,
      1611,
      1611,
      1611,
      1611,
      1633,
      1633,
      1633,
      1633,
      1633,
      1633,
      1633,
      1633,
      0,
      0,
      0,
      0,
      0,
      0,
      0,
      0,
      0,
      0,
      1596,
      1596,
      1596,
      1596,
      1596,
      1596,
      1596,
      1596,
      1596,
      1596,
      0,
      0,
      0,
      0,
      0,
      0,
      0,
      1605,
      1605,
      1605,
      1605,
      1605,
      1605,
      1620,
      1620,
      1620,
      1620,
      1622,
      1622,
      1622,
      1622,
      1622,
      1622,
      1622,
      0,
      0,
      1597,
      1597,
      1597,
      1597,
      1597,
      1597,
      1597,
      1597,
      1612,
      1612,
      1612,
      1612,
      1612,
      1612,
      1612,
      1612,
      1612,
      1612,
      1612,
      1612,
      1612,
      1612,
      1612,
      1612,
      1598,
      1598,
      1598,
      1623,
      1623,
      1623,
      1623,
      1623,
      1624,
      1624,
      1624,
      1624,
      1624,
      1624,
      1624,
      1618,
      1618,
      1618,
      1618,
      1618,
      1618,
      1618,
      1618,
      1618,
      1618,
      1618,
      0,
      0,
      0,
      1613,
      1613,
      1613,
      1613,
      1613,
      1613,
      1613,
      1613,
      1606,
      1606,
      1606,
      1606,
      1606,
      1599,
      1599,
      1599,
      1599,
      1599,
      1599,
      1599,
      1607,
      1607,
      1607,
      1607,
      1600,
      1600,
      1600,
      1600,
      1600,
      1600,
      1600,
      1600,
      1638,
      0,
      0,
      0,
      0,
      0,
      0,
      0,
      0,
      0,
      0,
      0,
      0,
      0,
      0,
      0,
      0,
      0,
      0,
      0,
      0,
      0
    ],
    [
      0,
      0,
      0,
      0,
      0,
      0,
      0,
      0,
      0,
      0,
      0,
      0,
      0,
      0,
      0,
      0,
      0,
      1594,
      1594,
      1594,
      1594,
      1594,
      1594,
      1594,
      1628,
      1628,
      1628,
      1628,
      1628,
      1628,
      1628,
      1628,
      1614,
      1614,
      1614,
      1614,
      1614,
      1614,
      1614,
      1608,
      1608,
      1608,
      1608,
      1608,
      1608,
      1608,
      1608,
      1608,
      1631,
      1631,
      1631,
      1631,
      1631,
      1631,
      1631,
      1631,
      1640,
      0,
      0,
      0,
      0,
      0,
      0,
      0,
      0,
      0,
      0,
      0,
      0,
      0,
      0,
      0,
      0,
      0,
      0,
      0,
      0,
      0,
      0,
      0,
      0,
      0,
      1621,
      1621,
      1621,
      1621,
      1621,
      1586,
      1586,
      1586,
      1586,
      1590,
      1590,
      1590,
      1590,
      1590,
      1601,
      1601,
      1601,
      1601,
      1601,
      1601,
      1601,
      1601,
      1601,
      1601,
      1601,
      1601,
      1615,
      1615,
      1615,
      1615,
      1615,
      1615,
      1615,
      1615,
      0,
      0,
      0,
      0,
      0,
      0,
      0,
      0,
      0,
      1641,
      1641,
      1641,
      1591,
      1591,
      1591,
      1591,
      1591,
      1591,
      1591,
      1591,
      1591,
      1591,
      1591,
      1591,
      1591,
      1591,
      1591,
      1591,
      1591,
      1591,
      1587,
      1587,
      1587,
      1587,
      1587,
      1587,
      1647,
      1595,
      1595,
      1595,
      1595,
      1595,
      1595,
      1595,
      1595,
      1595,
      1595,
      1602,
      1602,
      1602,
      1602,
      1602,
      1602,
      1602,
      1602,
      1602,
      1602,
      1602,
      1602,
      1602,
      1602,
      1602,
      1602,
      0,
      0,
      0,
      0,
      0,
      1619,
      1619,
      1619,
      1619,
      1619,
      1619,
      1619,
      1619,
      1619,
      1619,
      1619,
      0,
      1616,
      1616,
      1616,
      1616,
      0,
      0,
      0,
      0,
      0,
      0,
      0,
      0,
      0,
      0,
      0,
      1625,
      1625,
      1625,
      1625,
      1625,
      1625,
      1625,
      1625,
      1625,
      1625,
      1625,
      1625,
      1625,
      1625,
      1625,
      1625,
      0,
      0,
      0,
      0,
      0,
      0,
      1626,
      1626,
      1626,
      1626,
      1626,
      1626,
      1626,
      1626,
      1626,
      1609,
      1609,
      1609,
      1609,
      1609,
      1609,
      1609,
      1609,
      1609,
      1609,
      1609,
      1609,
      1609,
      1609,
      1609,
      1584,
      1584,
      1603,
      1603,
      1603,
      1603,
      1603,
      1603,
      1603,
      1634,
      1634,
      1634,
      1634,
      1634,
      1634,
      0,
      0,
      0,
      0,
      0,
      0,
      0,
      0,
      0,
      0,
      0,
      0,
      1610,
      1610,
      1610,
      1610,
      1610,
      1610,
      1617,
      1617,
      1617,
      1617,
      1617,
      1617,
      1617,
      1636,
      1593,
      1593,
      1593,
      1593,
      1593,
      1593,
      1593,
      1593,
      1593,
      1593,
      1630,
      1630,
      1630,
      1630,
      1630,
      1604,
      1604,
      1604,
      1604,
      1604,
      1604,
      1630,
      0,
      0,
      0,
      0,
      0,
      0,
      0,
      0,
      0,
      0,
      0,
      0,
      0,
      0,
      0,
      0,
      0,
      0,
      0,
      0,
      0,
      0,
      0,
      0,
      0,
      1611,
      1611,
      1611,
      1611,
      1611,
      1611,
      1633,
      1633,
      1633,
      1633,
      1633,
      1633,
      1633,
      1633,
      0,
      0,
      0,
      0,
      0,
      0,
      0,
      0,
      0,
      0,
      1596,
      1596,
      1596,
      1596,
      1596,
      1596,
      1596,
      1596,
      1596,
      0,
      0,
      0,
      0,
      0,
      0,
      0,
      0,
      1605,
      1605,
      1605,
      1605,
      1605,
      1605,
      1620,
      1620,
      1620,
      1620,
      1622,
      1622,
      1622,
      1622,
      1622,
      1622,
      1622,
      1597,
      0,
      1597,
      1597,
      1597,
      1597,
      1597,
      1597,
      1597,
      1597,
      1612,
      1612,
      1612,
      1612,
      1612,
      1612,
      1612,
      1612,
      1612,
      1612,
      1612,
      1612,
      1612,
      1612,
      1612,
      1612,
      1623,
      1623,
      1623,
      1623,
      1623,
      1623,
      1623,
      1623,
      1624,
      1624,
      1624,
      1624,
      1624,
      1624,
      1624,
      1618,
      1618,
      1618,
      1618,
      1618,
      1618,
      1618,
      1618,
      1618,
      1618,
      1618,
      0,
      0,
      0,
      1613,
      1613,
      1613,
      1613,
      1613,
      1613,
      1613,
      1613,
      1606,
      1643,
      1643,
      1643,
      1643,
      1637,
      1637,
      1637,
      1637,
      1637,
      1637,
      1637,
      1637,
      1637,
      1637,
      1637,
      1637,
      1600,
      1600,
      1600,
      1600,
      1600,
      1600,
      1600,
      1638,
      0,
      0,
      0,
      0,
      0,
      0,
      0,
      0,
      0,
      0,
      0,
      0,
      0,
      0,
      0,
      0,
      0,
      0,
      0,
      0,
      0
    ],
    [
      0,
      0,
      0,
      0,
      0,
      0,
      0,
      0,
      0,
      0,
      0,
      0,
      0,
      0,
      0,
      0,
      0,
      0,
      1628,
      1628,
      1628,
      1628,
      1628,
      1628,
      1628,
      1628,
      1628,
      1628,
      1628,
      1628,
      1628,
      1628,
      1614,
      1614,
      1614,
      1614,
      1614,
      1614,
      1614,
      1608,
      1608,
      1608,
      1608,
      1608,
      1608,
      1608,
      1608,
      1631,
      1631,
      1631,
      1631,
      1631,
      1631,
      1631,
      1631,
      1631,
      1640,
      0,
      0,
      0,
      0,
      0,
      0,
      0,
      0,
      0,
      0,
      0,
      0,
      0,
      0,
      0,
      0,
      0,
      0,
      0,
      0,
      0,
      0,
      0,
      0,
      0,
      1621,
      1621,
      1621,
      1621,
      1621,
      1586,
      1586,
      1586,
      1586,
      1590,
      0,
      0,
      0,
      0,
      0,
      1601,
      1601,
      1601,
      1601,
      1601,
      1601,
      1601,
      1601,
      1601,
      1601,
      1615,
      1615,
      1615,
      1615,
      1615,
      1615,
      1615,
      1615,
      0,
      0,
      0,
      0,
      0,
      0,
      0,
      0,
      0,
      0,
      1641,
      1641,
      1641,
      1641,
      1641,
      1641,
      1641,
      1641,
      1641,
      1641,
      1641,
      1641,
      1641,
      1591,
      1591,
      1591,
      1591,
      1591,
      1591,
      1591,
      1591,
      1587,
      1587,
      1587,
      1587,
      1587,
      1587,
      1647,
      1595,
      1595,
      1595,
      1595,
      1595,
      1595,
      1595,
      1595,
      1595,
      1595,
      1602,
      1602,
      1602,
      1602,
      1602,
      1602,
      1602,
      1602,
      1602,
      1602,
      1602,
      1602,
      1602,
      1602,
      1602,
      1602,
      0,
      0,
      0,
      0,
      0,
      1619,
      1619,
      1619,
      1619,
      1619,
      1619,
      1619,
      1619,
      1619,
      1619,
      1619,
      1616,
      1616,
      1616,
      1616,
      1616,
      0,
      0,
      0,
      0,
      0,
      0,
      0,
      0,
      0,
      0,
      0,
      0,
      1625,
      1625,
      1625,
      1625,
      1625,
      1625,
      1625,
      1625,
      1625,
      1625,
      1625,
      1625,
      1625,
      1625,
      1625,
      0,
      0,
      0,
      0,
      0,
      0,
      1626,
      1626,
      1626,
      1626,
      1626,
      1626,
      1626,
      1626,
      1626,
      1609,
      1609,
      1609,
      1609,
      1609,
      1609,
      1609,
      1609,
      1609,
      1609,
      1609,
      1609,
      1609,
      1609,
      1609,
      1584,
      1584,
      1603,
      1603,
      1603,
      1603,
      1603,
      1603,
      1634,
      1634,
      1634,
      1634,
      1634,
      1634,
      1657,
      0,
      0,
      0,
      0,
      0,
      0,
      0,
      0,
      0,
      0,
      0,
      0,
      0,
      0,
      0,
      0,
      0,
      0,
      1617,
      1617,
      1617,
      1617,
      1617,
      1617,
      1617,
      1636,
      1636,
      1627,
      1627,
      1627,
      1627,
      1627,
      1627,
      1627,
      1627,
      1627,
      1630,
      1630,
      1630,
      1630,
      1630,
      1630,
      1630,
      1630,
      1630,
      1630,
      1630,
      1630,
      0,
      0,
      0,
      0,
      0,
      0,
      0,
      0,
      0,
      0,
      0,
      0,
      0,
      0,
      0,
      0,
      0,
      0,
      0,
      0,
      0,
      0,
      0,
      0,
      0,
      1611,
      1611,
      1611,
      1611,
      1611,
      1611,
      1633,
      1633,
      1633,
      1633,
      1633,
      1633,
      1633,
      1633,
      0,
      0,
      0,
      0,
      0,
      0,
      0,
      0,
      0,
      0,
      1596,
      1596,
      1596,
      1596,
      1596,
      1596,
      1596,
      1596,
      1596,
      0,
      0,
      0,
      0,
      0,
      0,
      0,
      0,
      0,
      1620,
      1620,
      1620,
      1620,
      1620,
      1620,
      1620,
      1620,
      1620,
      1622,
      1622,
      1622,
      1622,
      1622,
      1622,
      1622,
      1597,
      0,
      1597,
      1597,
      1597,
      1597,
      1597,
      1597,
      1597,
      1597,
      1612,
      1612,
      1612,
      1612,
      1612,
      1612,
      1612,
      1612,
      1612,
      1612,
      1612,
      1612,
      1612,
      1612,
      1612,
      1623,
      1623,
      1623,
      1623,
      1623,
      1623,
      1623,
      1623,
      1623,
      1624,
      1624,
      1624,
      1624,
      1624,
      1624,
      1624,
      1624,
      1618,
      1618,
      1618,
      1618,
      1618,
      1618,
      1618,
      1618,
      1618,
      1618,
      0,
      0,
      0,
      0,
      1613,
      1613,
      1613,
      1613,
      1613,
      1613,
      1613,
      1606,
      1643,
      1643,
      1643,
      1643,
      1643,
      1637,
      1637,
      1637,
      1637,
      1637,
      1637,
      1637,
      1637,
      1637,
      1637,
      1637,
      1637,
      1600,
      1600,
      1600,
      1600,
      1600,
      1638,
      1638,
      0,
      0,
      0,
      0,
      0,
      0,
      0,
      0,
      0,
      0,
      0,
      0,
      0,
      0,
      0,
      0,
      0,
      0,
      0,
      0,
      0
    ],
    [
      0,
      0,
      0,
      0,
      0,
      0,
      0,
      0,
      0,
      0,
      0,
      0,
      0,
      0,
      1651,
      1651,
      1651,
      1651,
      1651,
      1628,
      1628,
      1628,
      1628,
      1628,
      1628,
      1628,
      1628,
      1628,
      1628,
      1628,
      1628,
      1628,
      1628,
      1628,
      1628,
      1628,
      1614,
      1614,
      1614,
      1608,
      1608,
      1608,
      1608,
      1608,
      1608,
      1608,
      1608,
      1631,
      1631,
      1631,
      1631,
      1631,
      1631,
      1631,
      1631,
      1631,
      1640,
      0,
      0,
      0,
      0,
      0,
      0,
      0,
      0,
      0,
      0,
      0,
      0,
      0,
      0,
      0,
      0,
      0,
      0,
      0,
      0,
      0,
      0,
      0,
      0,
      0,
      1621,
      1621,
      1621,
      1621,
      1621,
      1586,
      1586,
      1586,
      1586,
      1590,
      0,
      0,
      0,
      0,
      0,
      0,
      1601,
      1601,
      1601,
      1601,
      1601,
      1601,
      1601,
      1601,
      1615,
      1615,
      1615,
      1615,
      1615,
      1615,
      1615,
      0,
      0,
      0,
      0,
      0,
      0,
      0,
      0,
      0,
      1641,
      1641,
      1641,
      1641,
      1641,
      1641,
      1641,
      1641,
      1641,
      1641,
      1641,
      1641,
      1641,
      1641,
      1641,
      1641,
      1591,
      1591,
      1591,
      1591,
      1591,
      1591,
      1591,
      1591,
      1587,
      1587,
      1587,
      1647,
      1647,
      1647,
      1647,
      1647,
      1629,
      1629,
      1629,
      1629,
      1629,
      1629,
      1629,
      1629,
      1666,
      1666,
      1666,
      1602,
      1602,
      1602,
      1632,
      1632,
      1632,
      1632,
      1632,
      1632,
      1602,
      1602,
      1602,
      1602,
      1602,
      0,
      0,
      0,
      0,
      0,
      1619,
      1619,
      1619,
      1619,
      1619,
      1619,
      1619,
      1619,
      1619,
      1619,
      1616,
      1616,
      1616,
      1616,
      1616,
      1616,
      0,
      0,
      0,
      0,
      0,
      0,
      0,
      0,
      0,
      0,
      0,
      0,
      0,
      1625,
      1625,
      1625,
      1625,
      1625,
      1625,
      1625,
      1625,
      1625,
      1625,
      1625,
      1625,
      1625,
      1625,
      0,
      0,
      0,
      0,
      0,
      0,
      1626,
      1626,
      1626,
      1626,
      1626,
      1626,
      1626,
      1626,
      1626,
      1609,
      1609,
      1609,
      1609,
      1609,
      1609,
      1609,
      1609,
      1609,
      1609,
      1609,
      1609,
      1609,
      1609,
      1609,
      1603,
      1603,
      1603,
      1603,
      1603,
      1603,
      1635,
      1634,
      1634,
      1634,
      1634,
      1634,
      1634,
      1634,
      1657,
      1657,
      0,
      0,
      0,
      0,
      0,
      0,
      0,
      0,
      0,
      0,
      0,
      0,
      0,
      0,
      0,
      0,
      0,
      1617,
      1617,
      1617,
      1617,
      1617,
      1617,
      1636,
      1636,
      1636,
      1627,
      1627,
      1627,
      1627,
      1627,
      1627,
      1627,
      1627,
      1627,
      1630,
      1630,
      1630,
      1630,
      1630,
      1630,
      1630,
      1630,
      1630,
      1630,
      1630,
      1630,
      1630,
      0,
      0,
      0,
      0,
      0,
      0,
      0,
      0,
      0,
      0,
      0,
      0,
      0,
      0,
      0,
      0,
      0,
      0,
      0,
      0,
      0,
      0,
      0,
      0,
      0,
      0,
      0,
      0,
      0,
      1633,
      1633,
      1633,
      1633,
      1633,
      1633,
      1633,
      1633,
      1633,
      0,
      0,
      0,
      0,
      0,
      0,
      0,
      0,
      0,
      1596,
      1596,
      1596,
      1596,
      1596,
      1596,
      1596,
      1596,
      0,
      0,
      0,
      0,
      0,
      0,
      0,
      0,
      0,
      0,
      0,
      0,
      0,
      0,
      0,
      0,
      0,
      0,
      1620,
      1620,
      1622,
      1622,
      1622,
      1622,
      1622,
      1622,
      1622,
      1597,
      1597,
      1597,
      1597,
      1597,
      1597,
      1597,
      1597,
      1597,
      1597,
      1612,
      1612,
      1612,
      1612,
      1612,
      1612,
      1612,
      1612,
      1612,
      1612,
      1612,
      1612,
      1612,
      1612,
      1623,
      1623,
      1623,
      1623,
      1623,
      1623,
      1623,
      1623,
      1623,
      1624,
      1624,
      1624,
      1624,
      1624,
      1624,
      1618,
      1618,
      1618,
      1618,
      1618,
      1618,
      1618,
      1618,
      1618,
      1618,
      1618,
      1618,
      1618,
      0,
      0,
      0,
      0,
      0,
      1643,
      1643,
      1643,
      1643,
      1643,
      1643,
      1643,
      1643,
      1643,
      1643,
      1643,
      1643,
      1643,
      1637,
      1637,
      1637,
      1637,
      1637,
      1637,
      1637,
      1637,
      1637,
      1637,
      1637,
      1637,
      1638,
      1638,
      1638,
      1638,
      1638,
      1638,
      0,
      0,
      0,
      0,
      0,
      0,
      0,
      0,
      0,
      0,
      0,
      0,
      0,
      0,
      0,
      0,
      0,
      0,
      0,
      0,
      0
    ],
    [
      0,
      0,
      0,
      0,
      1639,
      1639,
      1639,
      1639,
      1639,
      1639,
      1639,
      0,
      0,
      0,
      1651,
      1651,
      1651,
      1651,
      1651,
      1651,
      1651,
      1651,
      1651,
      1628,
      1628,
      1628,
      1628,
      1628,
      1628,
      1628,
      1628,
      1628,
      1628,
      1628,
      1628,
      1628,
      1614,
      1614,
      1614,
      1608,
      1608,
      1608,
      1608,
      1608,
      1608,
      1608,
      1608,
      1631,
      1631,
      1631,
      1631,
      1631,
      1631,
      1631,
      1631,
      1631,
      1640,
      0,
      0,
      0,
      0,
      0,
      0,
      0,
      0,
      0,
      0,
      0,
      0,
      0,
      0,
      0,
      0,
      0,
      0,
      0,
      0,
      0,
      0,
      0,
      0,
      0,
      1621,
      1621,
      1621,
      1621,
      1621,
      1586,
      1586,
      1586,
      0,
      0,
      0,
      0,
      0,
      0,
      0,
      0,
      0,
      0,
      0,
      0,
      1601,
      1601,
      1601,
      1601,
      1652,
      1652,
      1652,
      1652,
      1615,
      1615,
      1615,
      0,
      0,
      0,
      0,
      0,
      0,
      0,
      0,
      0,
      0,
      1641,
      1641,
      1641,
      1641,
      1641,
      1641,
      1641,
      1641,
      1641,
      1641,
      1641,
      1641,
      1641,
      1641,
      1641,
      1591,
      1591,
      1591,
      1591,
      1591,
      1591,
      1591,
      1591,
      1647,
      1647,
      1647,
      1647,
      1647,
      1647,
      1647,
      1647,
      1629,
      1629,
      1629,
      1629,
      1629,
      1629,
      1629,
      1666,
      1666,
      1666,
      1666,
      1602,
      1602,
      1602,
      1632,
      1632,
      1632,
      1632,
      1632,
      1632,
      1602,
      1602,
      1602,
      1602,
      0,
      0,
      0,
      0,
      0,
      0,
      1619,
      1619,
      1619,
      1619,
      1619,
      1619,
      1619,
      1619,
      1619,
      1619,
      1616,
      1616,
      1616,
      1616,
      1616,
      1616,
      0,
      0,
      0,
      0,
      0,
      0,
      0,
      0,
      0,
      0,
      0,
      0,
      0,
      1625,
      1625,
      1625,
      1625,
      1625,
      1625,
      1625,
      1625,
      1649,
      1649,
      1649,
      1649,
      0,
      0,
      0,
      0,
      0,
      0,
      0,
      0,
      1626,
      1626,
      1626,
      1626,
      1626,
      1626,
      1626,
      1626,
      1626,
      1609,
      1656,
      1656,
      1609,
      1609,
      1609,
      1609,
      1609,
      1609,
      1609,
      1609,
      1609,
      1609,
      1609,
      1603,
      1603,
      1603,
      1603,
      1603,
      1603,
      1635,
      1635,
      1634,
      1634,
      1634,
      1634,
      1634,
      1634,
      1634,
      1657,
      1657,
      1657,
      0,
      0,
      0,
      0,
      0,
      0,
      0,
      0,
      0,
      0,
      0,
      0,
      0,
      0,
      0,
      0,
      1636,
      1636,
      1636,
      1636,
      1636,
      1636,
      1636,
      1636,
      1636,
      1627,
      1627,
      1627,
      1627,
      1627,
      1627,
      1627,
      1627,
      1627,
      1627,
      1630,
      1630,
      1630,
      1630,
      1630,
      1630,
      1630,
      1630,
      1630,
      1630,
      1630,
      1630,
      0,
      0,
      0,
      0,
      0,
      0,
      0,
      0,
      0,
      0,
      0,
      0,
      0,
      0,
      0,
      0,
      0,
      0,
      0,
      0,
      0,
      0,
      0,
      0,
      0,
      0,
      0,
      0,
      1633,
      1633,
      1633,
      1633,
      1633,
      1633,
      1633,
      1633,
      1633,
      1633,
      1633,
      1633,
      1633,
      1633,
      1633,
      1633,
      1633,
      1633,
      1633,
      1596,
      1596,
      1596,
      1596,
      1596,
      1596,
      1596,
      1596,
      0,
      0,
      0,
      0,
      0,
      0,
      0,
      0,
      0,
      0,
      0,
      0,
      0,
      0,
      0,
      0,
      0,
      0,
      1620,
      1620,
      1622,
      1622,
      1622,
      1622,
      1622,
      1622,
      1622,
      1597,
      1597,
      1597,
      1597,
      1597,
      1597,
      1597,
      1597,
      1597,
      1612,
      1612,
      1612,
      1612,
      1612,
      1612,
      1612,
      1612,
      1612,
      1612,
      1612,
      1612,
      1612,
      1612,
      1623,
      1623,
      1623,
      1623,
      1623,
      1623,
      1623,
      1623,
      1624,
      1624,
      1624,
      1624,
      1624,
      1624,
      1624,
      1618,
      1618,
      1618,
      1618,
      1618,
      1618,
      1618,
      1618,
      1618,
      1618,
      1618,
      1618,
      1618,
      1618,
      0,
      0,
      0,
      0,
      0,
      0,
      1643,
      1643,
      1643,
      1643,
      1643,
      1643,
      1643,
      1643,
      1643,
      1643,
      1643,
      1643,
      1637,
      1637,
      1637,
      1637,
      1637,
      1637,
      1637,
      1637,
      1637,
      1637,
      1637,
      1637,
      1637,
      1638,
      1638,
      1638,
      1638,
      1638,
      0,
      0,
      0,
      0,
      0,
      0,
      0,
      0,
      0,
      0,
      0,
      0,
      0,
      0,
      0,
      0,
      0,
      0,
      0,
      0,
      0
    ],
    [
      0,
      0,
      0,
      1639,
      1639,
      1639,
      1639,
      1639,
      1639,
      1639,
      1639,
      1639,
      0,
      0,
      1651,
      1651,
      1651,
      1651,
      1651,
      1651,
      1651,
      1651,
      1651,
      1628,
      1628,
      1628,
      1628,
      1628,
      1628,
      1628,
      1628,
      1628,
      1628,
      1628,
      1628,
      1628,
      1628,
      1646,
      1614,
      1608,
      1608,
      1608,
      1608,
      1608,
      1608,
      1608,
      1608,
      1631,
      1631,
      1631,
      1631,
      1631,
      1631,
      1631,
      1631,
      1640,
      1640,
      0,
      0,
      0,
      0,
      0,
      0,
      0,
      0,
      0,
      0,
      0,
      0,
      0,
      0,
      0,
      0,
      0,
      0,
      0,
      0,
      0,
      0,
      0,
      0,
      0,
      1621,
      1621,
      1621,
      1621,
      1621,
      1621,
      1586,
      1586,
      0,
      0,
      0,
      0,
      0,
      0,
      0,
      0,
      0,
      0,
      0,
      0,
      1601,
      1601,
      1601,
      0,
      1652,
      1652,
      1652,
      1652,
      1615,
      1615,
      1615,
      1662,
      0,
      0,
      0,
      0,
      1665,
      1665,
      1665,
      1665,
      1665,
      1665,
      1641,
      1641,
      1641,
      1641,
      1641,
      1641,
      1641,
      1641,
      1641,
      1641,
      1641,
      1641,
      1641,
      1641,
      1641,
      1641,
      1641,
      1647,
      1647,
      1647,
      1647,
      1647,
      1647,
      1647,
      1647,
      1647,
      1647,
      1647,
      1647,
      1647,
      1629,
      1629,
      1629,
      1629,
      1629,
      1629,
      1629,
      1666,
      1666,
      1666,
      1666,
      1666,
      1666,
      1602,
      1632,
      1632,
      1632,
      1632,
      1632,
      1632,
      1602,
      1602,
      0,
      0,
      0,
      0,
      0,
      0,
      0,
      0,
      1619,
      1619,
      1619,
      1619,
      1619,
      1619,
      1619,
      1619,
      1619,
      1619,
      1616,
      1616,
      1616,
      1616,
      1616,
      1616,
      0,
      0,
      0,
      0,
      0,
      0,
      0,
      0,
      0,
      0,
      0,
      0,
      0,
      1625,
      1625,
      1625,
      1625,
      1625,
      1625,
      1625,
      1625,
      1625,
      1625,
      1649,
      1649,
      0,
      0,
      0,
      0,
      0,
      0,
      0,
      0,
      1626,
      1626,
      1626,
      1626,
      1626,
      1626,
      1626,
      1626,
      1626,
      1656,
      1656,
      1656,
      1609,
      1609,
      1609,
      1609,
      1609,
      1635,
      1635,
      1635,
      1635,
      1635,
      1635,
      1635,
      1635,
      1635,
      1635,
      1635,
      1635,
      1635,
      1635,
      1634,
      1634,
      1634,
      1634,
      1634,
      1634,
      1634,
      1657,
      1657,
      1657,
      0,
      0,
      0,
      0,
      0,
      0,
      0,
      0,
      0,
      0,
      0,
      0,
      0,
      0,
      0,
      0,
      1636,
      1636,
      1636,
      1636,
      1636,
      1636,
      1636,
      1636,
      1636,
      1627,
      1627,
      1627,
      1627,
      1627,
      1627,
      1627,
      1627,
      1627,
      1627,
      1630,
      1630,
      1630,
      1630,
      1630,
      1630,
      1630,
      1630,
      1630,
      1630,
      1630,
      0,
      0,
      0,
      0,
      0,
      0,
      0,
      0,
      0,
      0,
      0,
      0,
      0,
      0,
      0,
      0,
      0,
      0,
      0,
      0,
      0,
      0,
      0,
      0,
      0,
      0,
      0,
      0,
      0,
      1633,
      1633,
      1633,
      1633,
      1633,
      1633,
      1633,
      1633,
      1633,
      1633,
      1633,
      1633,
      1633,
      1633,
      1633,
      1633,
      1633,
      1633,
      1644,
      1644,
      1644,
      1644,
      1644,
      1644,
      1596,
      1596,
      1596,
      0,
      0,
      0,
      0,
      0,
      0,
      0,
      0,
      0,
      0,
      0,
      0,
      0,
      0,
      0,
      0,
      0,
      0,
      0,
      1620,
      1622,
      1622,
      1622,
      1622,
      1622,
      1622,
      1622,
      1597,
      1597,
      1597,
      1597,
      1597,
      1597,
      1597,
      1597,
      1612,
      1612,
      1612,
      1612,
      1612,
      1612,
      1612,
      1612,
      1612,
      1612,
      1612,
      1612,
      1612,
      1612,
      1623,
      1623,
      1623,
      1623,
      1623,
      1623,
      1623,
      1623,
      1623,
      1624,
      1624,
      1624,
      1624,
      1624,
      1624,
      1618,
      1618,
      1618,
      1618,
      1618,
      1618,
      1618,
      1618,
      1618,
      0,
      0,
      0,
      0,
      0,
      0,
      0,
      0,
      0,
      0,
      0,
      0,
      0,
      1643,
      1643,
      1643,
      1643,
      1643,
      1643,
      1643,
      1643,
      1643,
      1643,
      1643,
      1637,
      1637,
      1637,
      1637,
      1637,
      1637,
      1637,
      1637,
      1637,
      1637,
      1637,
      1637,
      1637,
      1638,
      1638,
      1638,
      1638,
      1638,
      0,
      0,
      0,
      0,
      0,
      0,
      0,
      0,
      0,
      0,
      0,
      0,
      0,
      0,
      0,
      0,
      0,
      0,
      0,
      0,
      0
    ],
    [
      1639,
      1639,
      1639,
      1639,
      1639,
      1639,
      1639,
      1639,
      1639,
      1639,
      1639,
      1639,
      0,
      0,
      1651,
      1651,
      1651,
      1651,
      1651,
      1651,
      1651,
      1651,
      1646,
      1646,
      1646,
      1646,
      1646,
      1646,
      1646,
      1646,
      1646,
      1646,
      1628,
      1628,
      1628,
      1628,
      1628,
      1646,
      1646,
      1608,
      1608,
      1608,
      1608,
      1608,
      1608,
      1672,
      1608,
      1631,
      1631,
      1631,
      1631,
      1631,
      1631,
      1631,
      1640,
      1640,
      1640,
      1640,
      1640,
      1640,
      1640,
      0,
      0,
      0,
      0,
      0,
      0,
      0,
      0,
      0,
      0,
      0,
      0,
      0,
      0,
      0,
      0,
      0,
      0,
      0,
      0,
      0,
      0,
      1621,
      1621,
      1621,
      1621,
      1621,
      1621,
      0,
      0,
      0,
      0,
      0,
      0,
      0,
      0,
      0,
      0,
      0,
      0,
      0,
      0,
      1601,
      1601,
      0,
      1652,
      1652,
      1652,
      1652,
      1615,
      1652,
      1652,
      1662,
      1662,
      1662,
      0,
      0,
      1662,
      1665,
      1665,
      1665,
      1665,
      1665,
      1665,
      1641,
      1641,
      1641,
      1641,
      1641,
      1641,
      1641,
      1641,
      1641,
      1641,
      1641,
      1641,
      1641,
      1641,
      1641,
      1641,
      1641,
      1641,
      1647,
      1647,
      1647,
      1647,
      1647,
      1647,
      1647,
      1647,
      1647,
      1647,
      1647,
      1629,
      1629,
      1629,
      1629,
      1629,
      1629,
      1629,
      1629,
      1666,
      1666,
      1666,
      1666,
      1666,
      1602,
      1632,
      1632,
      1632,
      1632,
      1632,
      1632,
      1602,
      0,
      0,
      0,
      0,
      0,
      0,
      0,
      0,
      0,
      1619,
      1619,
      1619,
      1619,
      1619,
      1619,
      1619,
      1619,
      1619,
      1619,
      1616,
      1616,
      1616,
      1616,
      1616,
      1616,
      0,
      0,
      0,
      0,
      0,
      0,
      0,
      0,
      0,
      0,
      0,
      0,
      0,
      1625,
      1649,
      1649,
      1649,
      1649,
      1649,
      1649,
      1649,
      1649,
      1649,
      1649,
      1649,
      0,
      0,
      0,
      0,
      0,
      0,
      0,
      0,
      0,
      1626,
      1626,
      1626,
      1626,
      1626,
      1626,
      1626,
      1626,
      1656,
      1656,
      1656,
      1656,
      1609,
      1609,
      1609,
      1635,
      1635,
      1635,
      1635,
      1635,
      1635,
      1635,
      1635,
      1635,
      1635,
      1635,
      1635,
      1635,
      1635,
      1635,
      1634,
      1634,
      1634,
      1634,
      1634,
      1634,
      1634,
      1657,
      1657,
      1657,
      0,
      0,
      0,
      0,
      0,
      0,
      0,
      0,
      0,
      0,
      0,
      0,
      0,
      0,
      0,
      0,
      1636,
      1636,
      1636,
      1636,
      1636,
      1636,
      1636,
      1636,
      1636,
      1627,
      1627,
      1642,
      1642,
      1642,
      1642,
      1642,
      1642,
      1642,
      1642,
      0,
      1630,
      1630,
      1630,
      1630,
      1630,
      1630,
      1630,
      1630,
      1630,
      0,
      0,
      0,
      0,
      0,
      0,
      0,
      0,
      0,
      0,
      0,
      0,
      0,
      0,
      0,
      0,
      0,
      0,
      0,
      0,
      0,
      0,
      0,
      0,
      0,
      0,
      0,
      1633,
      1633,
      1633,
      1633,
      1633,
      1633,
      1633,
      1633,
      1633,
      1633,
      1633,
      1633,
      1633,
      1633,
      1633,
      1633,
      1633,
      1633,
      1667,
      1667,
      1667,
      1644,
      1644,
      1644,
      1644,
      1644,
      1644,
      0,
      1596,
      1596,
      0,
      0,
      0,
      0,
      0,
      0,
      0,
      0,
      0,
      0,
      0,
      0,
      0,
      0,
      0,
      0,
      0,
      0,
      0,
      0,
      0,
      0,
      1622,
      1622,
      1622,
      1622,
      1622,
      1597,
      1597,
      1597,
      1597,
      1597,
      1597,
      1597,
      1597,
      1597,
      1597,
      1612,
      1612,
      1612,
      1612,
      1612,
      1612,
      1612,
      1612,
      1612,
      1612,
      1612,
      1645,
      1645,
      1645,
      1645,
      1645,
      1645,
      1645,
      1623,
      1623,
      1623,
      1624,
      1624,
      1624,
      1624,
      1624,
      1624,
      1618,
      1618,
      1618,
      1618,
      1618,
      1618,
      1618,
      1618,
      1618,
      0,
      0,
      0,
      0,
      0,
      0,
      0,
      0,
      0,
      0,
      0,
      0,
      0,
      1643,
      1643,
      1643,
      1643,
      1643,
      1643,
      1643,
      1643,
      1643,
      1643,
      1643,
      1637,
      1637,
      1637,
      1637,
      1637,
      1637,
      1637,
      1637,
      1637,
      1638,
      1638,
      1638,
      1638,
      1638,
      1638,
      1638,
      1638,
      1638,
      1638,
      1638,
      0,
      0,
      0,
      0,
      0,
      0,
      0,
      0,
      0,
      0,
      0,
      0,
      0,
      0,
      0,
      0,
      0,
      0,
      0
    ],
    [
      1639,
      1639,
      1639,
      1639,
      1639,
      1639,
      1639,
      1639,
      1639,
      1639,
      1639,
      1639,
      0,
      0,
      1651,
      1651,
      1651,
      1651,
      1651,
      1651,
      1651,
      1646,
      1646,
      1646,
      1646,
      1646,
      1646,
      1646,
      1646,
      1646,
      1646,
      1646,
      1646,
      1628,
      1628,
      1628,
      1628,
      1646,
      1646,
      1608,
      1608,
      1608,
      1608,
      1608,
      1608,
      1672,
      1608,
      1631,
      1631,
      1631,
      1631,
      1631,
      1631,
      1631,
      1640,
      1640,
      1640,
      1640,
      1640,
      1640,
      1640,
      0,
      0,
      0,
      0,
      0,
      0,
      0,
      0,
      0,
      0,
      0,
      0,
      0,
      0,
      0,
      0,
      0,
      0,
      0,
      0,
      0,
      0,
      0,
      0,
      0,
      0,
      0,
      0,
      0,
      0,
      0,
      0,
      0,
      0,
      0,
      0,
      0,
      0,
      0,
      0,
      0,
      0,
      0,
      0,
      0,
      1652,
      1652,
      1652,
      1652,
      1652,
      1652,
      1652,
      1662,
      1662,
      1662,
      1662,
      1662,
      1662,
      1665,
      1665,
      1665,
      1665,
      1665,
      1665,
      1665,
      1641,
      1641,
      1641,
      1641,
      1641,
      1641,
      1641,
      1641,
      1641,
      1641,
      1641,
      1641,
      1641,
      1641,
      1641,
      1641,
      1641,
      1647,
      1647,
      1647,
      1647,
      1647,
      1647,
      1647,
      1647,
      1647,
      1647,
      1647,
      1629,
      1648,
      1648,
      1648,
      1648,
      1648,
      1648,
      1648,
      1666,
      1666,
      1666,
      1666,
      1666,
      1602,
      1632,
      1632,
      1632,
      1632,
      1632,
      1632,
      1602,
      0,
      0,
      0,
      0,
      0,
      0,
      0,
      0,
      0,
      0,
      1619,
      1619,
      1619,
      1619,
      1619,
      1619,
      1619,
      1619,
      1619,
      1616,
      1616,
      1616,
      1616,
      1616,
      1616,
      0,
      0,
      0,
      0,
      0,
      0,
      0,
      0,
      0,
      0,
      0,
      0,
      1649,
      1649,
      1649,
      1649,
      1649,
      1649,
      1649,
      1649,
      1649,
      1649,
      1649,
      1649,
      1649,
      0,
      0,
      0,
      0,
      0,
      0,
      0,
      0,
      0,
      0,
      1656,
      1656,
      1656,
      1656,
      1656,
      1656,
      1656,
      1656,
      1656,
      1656,
      1656,
      1609,
      1609,
      1635,
      1635,
      1635,
      1635,
      1635,
      1635,
      1635,
      1635,
      1635,
      1635,
      1635,
      1635,
      1635,
      1635,
      1635,
      1635,
      1634,
      1634,
      1634,
      1634,
      1634,
      1634,
      1634,
      1657,
      1657,
      1657,
      1657,
      0,
      0,
      0,
      0,
      0,
      0,
      0,
      0,
      0,
      0,
      0,
      0,
      0,
      0,
      0,
      1636,
      1636,
      1636,
      1636,
      1636,
      1636,
      1636,
      1636,
      1636,
      1627,
      1642,
      1642,
      1642,
      1642,
      1642,
      1642,
      1642,
      1642,
      1642,
      0,
      0,
      0,
      1630,
      1630,
      1630,
      1630,
      1630,
      1630,
      1658,
      1658,
      1658,
      1658,
      1658,
      0,
      0,
      0,
      0,
      0,
      0,
      0,
      0,
      0,
      0,
      0,
      0,
      0,
      0,
      0,
      0,
      0,
      0,
      0,
      0,
      0,
      0,
      0,
      1633,
      1633,
      1633,
      1633,
      1633,
      1633,
      1633,
      1633,
      1633,
      1633,
      1633,
      1633,
      1633,
      1633,
      1633,
      1633,
      1633,
      1633,
      1667,
      1667,
      1667,
      1667,
      1644,
      1644,
      1644,
      1644,
      1644,
      0,
      0,
      0,
      0,
      0,
      0,
      0,
      0,
      0,
      0,
      0,
      0,
      0,
      0,
      0,
      0,
      0,
      0,
      0,
      0,
      0,
      0,
      0,
      0,
      0,
      0,
      0,
      0,
      0,
      1597,
      1597,
      1597,
      1597,
      1597,
      1597,
      1597,
      1597,
      1597,
      1597,
      1597,
      1612,
      1612,
      1612,
      1612,
      1612,
      1612,
      1612,
      1612,
      1612,
      1612,
      1645,
      1645,
      1645,
      1645,
      1645,
      1645,
      1645,
      1645,
      1623,
      1623,
      1623,
      1624,
      1624,
      1624,
      1624,
      1624,
      1618,
      1618,
      1618,
      1618,
      1618,
      1618,
      1618,
      1618,
      1618,
      1618,
      0,
      0,
      0,
      0,
      0,
      0,
      0,
      0,
      0,
      0,
      0,
      0,
      0,
      0,
      1643,
      1643,
      1643,
      1643,
      1643,
      1643,
      1643,
      1643,
      1643,
      1643,
      1637,
      1637,
      1637,
      1637,
      1637,
      1637,
      1637,
      1637,
      1637,
      1638,
      1638,
      1638,
      1638,
      1638,
      1638,
      1638,
      1638,
      1638,
      1638,
      1638,
      0,
      0,
      0,
      0,
      0,
      0,
      0,
      0,
      0,
      0,
      0,
      0,
      0,
      0,
      0,
      0,
      0,
      0,
      0
    ],
    [
      1639,
      1639,
      1639,
      1639,
      1639,
      1639,
      1639,
      1639,
      1639,
      1639,
      1639,
      1639,
      0,
      0,
      1651,
      1651,
      1651,
      1651,
      1651,
      1651,
      1651,
      1646,
      1646,
      1646,
      1646,
      1646,
      1646,
      1646,
      1646,
      1646,
      1646,
      1646,
      1646,
      1646,
      1646,
      1646,
      1646,
      1646,
      1646,
      1608,
      1608,
      1608,
      1608,
      1608,
      1608,
      1672,
      1668,
      1631,
      1631,
      1631,
      1631,
      1631,
      1631,
      1631,
      1640,
      1640,
      1640,
      1640,
      1640,
      1640,
      0,
      0,
      0,
      0,
      0,
      0,
      0,
      0,
      0,
      0,
      0,
      0,
      0,
      0,
      0,
      0,
      0,
      0,
      0,
      0,
      0,
      1655,
      1655,
      1655,
      1655,
      0,
      0,
      0,
      0,
      0,
      0,
      0,
      0,
      0,
      0,
      0,
      0,
      0,
      0,
      0,
      0,
      0,
      0,
      0,
      0,
      0,
      1652,
      1652,
      1652,
      1652,
      1652,
      1652,
      1652,
      1662,
      1662,
      1662,
      1662,
      1662,
      1662,
      1665,
      1665,
      1665,
      1665,
      1665,
      1665,
      1665,
      1641,
      1641,
      1641,
      1641,
      1641,
      1641,
      1641,
      1641,
      1641,
      1641,
      1641,
      1641,
      1641,
      1641,
      1641,
      1641,
      1647,
      1647,
      1647,
      1647,
      1647,
      1647,
      1647,
      1647,
      1647,
      1647,
      1647,
      1647,
      1674,
      1648,
      1648,
      1648,
      1648,
      1648,
      1648,
      1648,
      1648,
      1666,
      1666,
      1666,
      1666,
      1666,
      1632,
      1632,
      1632,
      1632,
      1632,
      0,
      0,
      0,
      0,
      0,
      0,
      0,
      0,
      0,
      0,
      0,
      0,
      1619,
      1619,
      1619,
      1619,
      1619,
      1619,
      1619,
      1619,
      1619,
      1619,
      1619,
      1619,
      1619,
      1619,
      1619,
      0,
      0,
      0,
      0,
      0,
      0,
      0,
      0,
      0,
      0,
      0,
      0,
      1649,
      1649,
      1649,
      1649,
      1649,
      1649,
      1649,
      1649,
      1649,
      1649,
      1649,
      1649,
      1649,
      0,
      0,
      0,
      0,
      0,
      0,
      0,
      0,
      0,
      0,
      0,
      0,
      1656,
      1656,
      1656,
      1656,
      1656,
      1656,
      1656,
      1656,
      1656,
      1609,
      1650,
      1650,
      1650,
      1650,
      1650,
      1650,
      1650,
      1650,
      1650,
      1650,
      1650,
      1650,
      1650,
      1635,
      1635,
      1635,
      1635,
      1634,
      1634,
      1634,
      1634,
      1634,
      1634,
      1634,
      1657,
      1657,
      1657,
      1657,
      1657,
      1657,
      0,
      0,
      0,
      0,
      0,
      0,
      0,
      0,
      0,
      0,
      0,
      0,
      0,
      1636,
      1636,
      1636,
      1636,
      1636,
      1636,
      1636,
      1636,
      1636,
      1627,
      1642,
      1642,
      1642,
      1642,
      1642,
      1642,
      1642,
      1642,
      1642,
      0,
      0,
      0,
      1630,
      1630,
      1630,
      1630,
      1630,
      1658,
      1658,
      1658,
      1658,
      1658,
      1658,
      0,
      0,
      0,
      0,
      0,
      0,
      0,
      0,
      0,
      0,
      0,
      0,
      0,
      0,
      0,
      1653,
      1653,
      1653,
      1653,
      1653,
      1653,
      1653,
      0,
      1633,
      1633,
      1659,
      1659,
      1659,
      1659,
      1659,
      1659,
      1659,
      1659,
      1659,
      1659,
      1633,
      1633,
      1633,
      1633,
      1633,
      1633,
      1667,
      1667,
      1667,
      1667,
      1644,
      1644,
      1644,
      1644,
      1644,
      0,
      0,
      0,
      0,
      0,
      0,
      0,
      0,
      0,
      0,
      1654,
      1654,
      1654,
      1654,
      1654,
      1654,
      1654,
      1654,
      1654,
      1654,
      1654,
      1654,
      1654,
      1654,
      1654,
      1654,
      1654,
      1654,
      1597,
      1597,
      1597,
      1597,
      1597,
      1597,
      1597,
      1597,
      1597,
      1597,
      1597,
      1597,
      1612,
      1612,
      1612,
      1612,
      1612,
      1612,
      1612,
      1612,
      1612,
      1612,
      1645,
      1645,
      1645,
      1645,
      1645,
      1645,
      1645,
      1645,
      0,
      0,
      0,
      1624,
      1624,
      1624,
      1624,
      1661,
      1661,
      1661,
      1661,
      1661,
      1661,
      1661,
      1618,
      1618,
      1618,
      1618,
      0,
      0,
      0,
      0,
      0,
      0,
      0,
      0,
      0,
      0,
      0,
      0,
      0,
      0,
      0,
      0,
      1643,
      1643,
      1643,
      1643,
      1643,
      1643,
      1643,
      1637,
      1637,
      1637,
      1637,
      1637,
      1637,
      1637,
      1637,
      1637,
      1637,
      1638,
      1638,
      1638,
      1638,
      1638,
      1638,
      1638,
      1638,
      1638,
      1638,
      1638,
      0,
      0,
      0,
      0,
      0,
      0,
      0,
      0,
      0,
      0,
      0,
      0,
      0,
      0,
      0,
      0,
      0,
      0,
      0
    ],
    [
      1639,
      1639,
      1639,
      1639,
      1639,
      1639,
      1639,
      1639,
      1639,
      1639,
      1639,
      1639,
      0,
      0,
      1651,
      1651,
      1651,
      1651,
      1651,
      1651,
      1651,
      1651,
      1651,
      1651,
      1651,
      1651,
      1646,
      1646,
      1646,
      1646,
      1646,
      1646,
      1646,
      1646,
      1646,
      1646,
      1646,
      1646,
      1646,
      1608,
      1608,
      1608,
      1608,
      1608,
      1608,
      1672,
      1668,
      1668,
      1631,
      1631,
      1631,
      1631,
      1631,
      1640,
      1640,
      1640,
      1640,
      1640,
      1669,
      1669,
      1669,
      1669,
      1669,
      1669,
      1669,
      0,
      0,
      0,
      0,
      0,
      0,
      0,
      0,
      0,
      1655,
      1655,
      1655,
      1655,
      1655,
      1655,
      1655,
      1655,
      1655,
      1655,
      1655,
      0,
      0,
      0,
      0,
      0,
      0,
      0,
      0,
      0,
      0,
      0,
      0,
      0,
      0,
      0,
      0,
      0,
      0,
      0,
      0,
      0,
      1652,
      1652,
      1652,
      1652,
      1652,
      1652,
      1652,
      1662,
      1662,
      1662,
      1662,
      1662,
      1662,
      1665,
      1665,
      1665,
      1665,
      1665,
      1665,
      1665,
      1641,
      1641,
      1641,
      1641,
      1641,
      1641,
      1641,
      1641,
      1641,
      1641,
      1641,
      1641,
      1641,
      1641,
      1641,
      1641,
      1647,
      1647,
      1647,
      1647,
      1647,
      1647,
      1647,
      1647,
      1647,
      1647,
      1647,
      1647,
      1674,
      1648,
      1648,
      1648,
      1648,
      1648,
      1648,
      1648,
      1648,
      1666,
      1666,
      1666,
      1666,
      1666,
      1666,
      1666,
      1666,
      0,
      0,
      0,
      0,
      0,
      0,
      0,
      0,
      0,
      0,
      0,
      0,
      0,
      0,
      1619,
      1619,
      1619,
      1619,
      1619,
      1619,
      1619,
      1619,
      1619,
      1619,
      1619,
      1619,
      1619,
      1619,
      1619,
      1619,
      1649,
      1649,
      1649,
      1649,
      1649,
      1649,
      1649,
      1649,
      1649,
      1649,
      1649,
      1649,
      1649,
      1649,
      1649,
      1649,
      1649,
      1649,
      1649,
      1649,
      1649,
      1649,
      1649,
      1649,
      0,
      0,
      0,
      0,
      0,
      0,
      0,
      0,
      0,
      1656,
      1656,
      1656,
      1656,
      1656,
      1656,
      1656,
      1656,
      1656,
      1656,
      1656,
      1682,
      1682,
      1650,
      1650,
      1650,
      1650,
      1650,
      1650,
      1650,
      1650,
      1650,
      1650,
      1650,
      1650,
      1650,
      1635,
      1635,
      1635,
      1635,
      1635,
      1635,
      1657,
      1657,
      1657,
      1657,
      1657,
      1657,
      1657,
      1657,
      1657,
      1657,
      1657,
      1657,
      1663,
      1663,
      1663,
      1663,
      1663,
      1663,
      1663,
      0,
      0,
      0,
      0,
      0,
      1636,
      1636,
      1636,
      1636,
      1636,
      1636,
      1636,
      1636,
      1636,
      1627,
      1642,
      1642,
      1642,
      1642,
      1642,
      1642,
      1642,
      1642,
      1642,
      0,
      0,
      0,
      1630,
      1630,
      1630,
      1630,
      1658,
      1658,
      1658,
      1658,
      1658,
      1658,
      1658,
      0,
      0,
      0,
      0,
      0,
      0,
      0,
      0,
      0,
      0,
      0,
      0,
      0,
      0,
      1653,
      1653,
      1653,
      1653,
      1653,
      1653,
      1653,
      1653,
      0,
      1633,
      1633,
      1659,
      1659,
      1659,
      1659,
      1659,
      1659,
      1659,
      1659,
      1659,
      1659,
      1633,
      1633,
      1633,
      1633,
      1633,
      1633,
      1667,
      1667,
      1667,
      1667,
      1644,
      1644,
      1644,
      1644,
      1644,
      0,
      0,
      0,
      0,
      0,
      0,
      0,
      0,
      0,
      0,
      1654,
      1654,
      1654,
      1654,
      1654,
      1654,
      1654,
      1654,
      1654,
      1654,
      1654,
      1654,
      1654,
      1654,
      1654,
      1654,
      1654,
      1654,
      0,
      0,
      0,
      0,
      1597,
      1597,
      1597,
      1597,
      1597,
      1660,
      1660,
      1660,
      1660,
      1660,
      1660,
      1612,
      1612,
      1612,
      1612,
      1612,
      1612,
      1612,
      1645,
      1645,
      1645,
      1645,
      1645,
      1645,
      1645,
      1645,
      0,
      0,
      0,
      1624,
      1624,
      1624,
      1624,
      1661,
      1661,
      1661,
      1661,
      1661,
      1661,
      1661,
      1618,
      1618,
      1618,
      1618,
      0,
      0,
      0,
      0,
      0,
      0,
      0,
      0,
      0,
      0,
      0,
      0,
      0,
      0,
      0,
      0,
      1643,
      1643,
      1643,
      1643,
      1643,
      1643,
      1643,
      1637,
      1637,
      1637,
      1637,
      1637,
      1637,
      1637,
      1637,
      1637,
      1637,
      1637,
      1637,
      1638,
      1638,
      1638,
      1638,
      1638,
      1638,
      1638,
      1638,
      1638,
      0,
      0,
      0,
      0,
      0,
      0,
      0,
      0,
      0,
      0,
      0,
      0,
      0,
      0,
      0,
      0,
      0,
      0,
      0
    ],
    [
      1639,
      1639,
      1639,
      1639,
      1639,
      1639,
      1639,
      1639,
      1639,
      1639,
      1639,
      1639,
      0,
      0,
      1651,
      1651,
      1651,
      1651,
      1651,
      1651,
      1651,
      1651,
      1651,
      1651,
      1651,
      1651,
      1646,
      1646,
      1646,
      1646,
      1646,
      1646,
      1646,
      1646,
      1646,
      1646,
      1646,
      1646,
      1646,
      1608,
      1608,
      1608,
      1608,
      1608,
      1608,
      1672,
      1668,
      1668,
      1668,
      1668,
      1668,
      1668,
      1640,
      1640,
      1640,
      1640,
      1640,
      1640,
      1669,
      1669,
      1669,
      1669,
      1669,
      1669,
      1669,
      1669,
      1669,
      1669,
      1669,
      1669,
      1669,
      1669,
      1669,
      1669,
      1655,
      1655,
      1655,
      1655,
      1655,
      1655,
      1655,
      1655,
      1655,
      1655,
      1655,
      0,
      0,
      0,
      0,
      0,
      0,
      0,
      0,
      0,
      0,
      0,
      0,
      0,
      0,
      0,
      0,
      0,
      0,
      0,
      0,
      0,
      1652,
      1652,
      1652,
      1652,
      1652,
      1652,
      1652,
      1662,
      1662,
      1662,
      1662,
      1662,
      1662,
      1665,
      1665,
      1665,
      1665,
      1665,
      1665,
      1665,
      1665,
      1641,
      1641,
      1641,
      1641,
      1641,
      1641,
      1641,
      1641,
      1641,
      1641,
      1641,
      1641,
      1641,
      1647,
      1647,
      1647,
      1647,
      1647,
      1647,
      1647,
      1647,
      1647,
      1647,
      1647,
      1647,
      1674,
      1674,
      1674,
      1648,
      1648,
      1648,
      1648,
      1648,
      1648,
      1648,
      1648,
      1666,
      1666,
      1666,
      1666,
      1666,
      1666,
      1666,
      1666,
      0,
      0,
      0,
      0,
      0,
      0,
      0,
      0,
      0,
      0,
      0,
      0,
      0,
      0,
      1619,
      1619,
      1619,
      1619,
      1619,
      1619,
      1619,
      1619,
      1619,
      1619,
      1619,
      1619,
      1619,
      1619,
      1619,
      1619,
      1649,
      1649,
      1649,
      1649,
      1649,
      1649,
      1649,
      1649,
      1649,
      1649,
      1649,
      1649,
      1649,
      1649,
      1649,
      1649,
      1649,
      1649,
      1649,
      1649,
      1649,
      1649,
      1649,
      1649,
      0,
      0,
      0,
      0,
      0,
      0,
      1656,
      1656,
      1656,
      1656,
      1656,
      1656,
      1656,
      1656,
      1656,
      1656,
      1656,
      1656,
      1656,
      1656,
      1682,
      1682,
      1650,
      1650,
      1650,
      1650,
      1650,
      1650,
      1650,
      1650,
      1650,
      1650,
      1650,
      1650,
      1650,
      1635,
      1635,
      1635,
      1635,
      1635,
      1635,
      1635,
      1657,
      1657,
      1657,
      1657,
      1657,
      1657,
      1657,
      1657,
      1657,
      1657,
      1657,
      1663,
      1663,
      1663,
      1663,
      1663,
      1663,
      1663,
      1663,
      0,
      0,
      0,
      0,
      1636,
      1636,
      1636,
      1636,
      1636,
      1636,
      1636,
      1636,
      1636,
      1636,
      1642,
      1642,
      1642,
      1642,
      1642,
      1642,
      1642,
      1642,
      1642,
      0,
      0,
      0,
      0,
      0,
      1658,
      1658,
      1658,
      1658,
      1658,
      1658,
      1658,
      1658,
      1658,
      0,
      0,
      0,
      0,
      0,
      0,
      0,
      0,
      0,
      0,
      0,
      0,
      0,
      0,
      1653,
      1653,
      1653,
      1653,
      1653,
      1653,
      1653,
      1653,
      0,
      1633,
      1633,
      1659,
      1659,
      1659,
      1659,
      1659,
      1659,
      1659,
      1659,
      1659,
      1659,
      1633,
      1633,
      1633,
      1633,
      1633,
      1633,
      1667,
      1667,
      1667,
      1667,
      1644,
      1644,
      1644,
      1644,
      1644,
      0,
      0,
      0,
      0,
      0,
      0,
      0,
      0,
      0,
      0,
      1654,
      1654,
      1654,
      1654,
      1654,
      1654,
      1654,
      1654,
      1654,
      1654,
      1654,
      1654,
      1654,
      1654,
      1654,
      1654,
      1654,
      1654,
      0,
      0,
      0,
      0,
      1597,
      1597,
      1597,
      1597,
      1660,
      1660,
      1660,
      1660,
      1660,
      1660,
      1684,
      1612,
      1612,
      1612,
      1612,
      1612,
      1612,
      1612,
      1645,
      1645,
      1645,
      1645,
      1645,
      1645,
      1645,
      1645,
      0,
      0,
      0,
      0,
      0,
      1624,
      1661,
      1661,
      1661,
      1661,
      1661,
      1661,
      1661,
      1661,
      1618,
      1618,
      1618,
      1618,
      0,
      0,
      0,
      0,
      0,
      0,
      0,
      0,
      0,
      0,
      0,
      0,
      0,
      0,
      0,
      0,
      0,
      0,
      1643,
      1643,
      1643,
      1643,
      1637,
      1637,
      1637,
      1637,
      1637,
      1637,
      1637,
      1637,
      1664,
      1664,
      1664,
      1664,
      1664,
      1664,
      1638,
      1638,
      1638,
      1638,
      1638,
      1638,
      1638,
      1638,
      0,
      0,
      0,
      0,
      0,
      0,
      0,
      0,
      0,
      0,
      0,
      0,
      0,
      0,
      0,
      0,
      0,
      0,
      0
    ],
    [
      1639,
      1639,
      1639,
      1639,
      1639,
      1639,
      1639,
      1639,
      1639,
      1639,
      1639,
      1639,
      0,
      1676,
      1651,
      1651,
      1651,
      1651,
      1651,
      1651,
      1651,
      1651,
      1651,
      1651,
      1651,
      1651,
      1646,
      1646,
      1646,
      1646,
      1646,
      1646,
      1646,
      1646,
      1646,
      1646,
      1646,
      1646,
      1646,
      1608,
      1608,
      1608,
      1608,
      1608,
      1608,
      1672,
      1668,
      1668,
      1668,
      1668,
      1668,
      1668,
      1668,
      1668,
      1668,
      1640,
      1640,
      1640,
      1669,
      1669,
      1669,
      1669,
      1669,
      1669,
      1669,
      1669,
      1669,
      1669,
      1669,
      1669,
      1669,
      1669,
      1669,
      1669,
      1669,
      1655,
      1655,
      1655,
      1655,
      1655,
      1655,
      1655,
      1655,
      1655,
      1655,
      0,
      0,
      0,
      0,
      0,
      0,
      0,
      0,
      0,
      0,
      0,
      0,
      0,
      0,
      0,
      0,
      0,
      0,
      0,
      0,
      0,
      1652,
      1652,
      1652,
      1652,
      1652,
      1652,
      1652,
      1662,
      1662,
      1662,
      1662,
      1662,
      1662,
      1665,
      1665,
      1665,
      1665,
      1665,
      1665,
      1665,
      1665,
      1641,
      1641,
      1641,
      1641,
      1641,
      1641,
      1641,
      1641,
      1641,
      1641,
      1641,
      1641,
      1641,
      1641,
      1641,
      1647,
      1647,
      1647,
      1647,
      1647,
      1647,
      1647,
      1647,
      1647,
      1647,
      1674,
      1674,
      1674,
      1648,
      1648,
      1648,
      1648,
      1648,
      1648,
      1648,
      1648,
      1666,
      1666,
      1687,
      1666,
      1666,
      1666,
      1666,
      1666,
      0,
      0,
      0,
      0,
      0,
      0,
      0,
      0,
      0,
      0,
      0,
      0,
      0,
      0,
      1619,
      1619,
      1619,
      1619,
      1619,
      1619,
      1619,
      1619,
      1619,
      1619,
      1619,
      1619,
      1619,
      1619,
      1619,
      1619,
      1649,
      1649,
      1649,
      1649,
      1649,
      1649,
      1649,
      1649,
      1649,
      1649,
      1649,
      1649,
      1649,
      1649,
      1649,
      1649,
      1649,
      1649,
      1649,
      1649,
      1649,
      1649,
      1649,
      0,
      0,
      0,
      0,
      0,
      0,
      0,
      1656,
      1656,
      1656,
      1656,
      1656,
      1656,
      1656,
      1656,
      1656,
      1656,
      1656,
      1656,
      1656,
      1656,
      1682,
      1682,
      1650,
      1650,
      1650,
      1650,
      1650,
      1650,
      1650,
      1650,
      1650,
      1650,
      1650,
      1650,
      1650,
      1635,
      1635,
      1635,
      0,
      0,
      0,
      0,
      0,
      1657,
      1657,
      1657,
      1657,
      1657,
      1657,
      1657,
      1657,
      1657,
      1657,
      1657,
      1663,
      1663,
      1663,
      1663,
      1663,
      1663,
      1663,
      0,
      0,
      0,
      0,
      1636,
      1636,
      1636,
      1636,
      1636,
      1636,
      1636,
      1636,
      1636,
      1636,
      1642,
      1642,
      1642,
      1642,
      1642,
      1642,
      1642,
      1642,
      0,
      0,
      0,
      0,
      0,
      1658,
      1658,
      1658,
      1658,
      1658,
      1658,
      1658,
      1658,
      1658,
      1658,
      0,
      0,
      0,
      0,
      0,
      0,
      0,
      0,
      0,
      0,
      0,
      0,
      0,
      0,
      1653,
      1653,
      1653,
      1653,
      1653,
      1653,
      1653,
      1653,
      0,
      1633,
      1633,
      1659,
      1659,
      1659,
      1659,
      1659,
      1659,
      1659,
      1659,
      1659,
      1659,
      1633,
      1633,
      1633,
      1633,
      1633,
      1633,
      1667,
      1667,
      1667,
      1667,
      1644,
      1644,
      1644,
      1644,
      1644,
      0,
      0,
      0,
      0,
      0,
      0,
      0,
      0,
      0,
      0,
      1654,
      1654,
      1654,
      1654,
      1654,
      1654,
      1654,
      1675,
      1675,
      1675,
      1675,
      0,
      0,
      0,
      0,
      0,
      0,
      0,
      0,
      0,
      0,
      0,
      1597,
      1597,
      1597,
      1597,
      1660,
      1660,
      1660,
      1660,
      1660,
      1660,
      1684,
      1684,
      1684,
      1612,
      1612,
      1612,
      1612,
      1612,
      0,
      1645,
      1645,
      1645,
      1645,
      1645,
      1645,
      1645,
      0,
      0,
      0,
      0,
      0,
      0,
      1661,
      1661,
      1661,
      1661,
      1661,
      1661,
      1661,
      1661,
      1661,
      1618,
      1618,
      1618,
      0,
      0,
      0,
      0,
      0,
      0,
      0,
      0,
      0,
      0,
      0,
      0,
      0,
      0,
      0,
      0,
      0,
      0,
      1680,
      1680,
      1643,
      1643,
      1637,
      1637,
      1637,
      1637,
      1637,
      1637,
      1637,
      1637,
      1664,
      1664,
      1664,
      1664,
      1664,
      1664,
      1638,
      1638,
      1638,
      1638,
      1638,
      1638,
      1638,
      1638,
      0,
      0,
      0,
      0,
      0,
      0,
      0,
      0,
      0,
      0,
      0,
      0,
      0,
      0,
      0,
      0,
      0,
      0,
      0
    ],
    [
      1639,
      1681,
      1681,
      1639,
      1639,
      1639,
      1639,
      1639,
      1639,
      1639,
      1639,
      1676,
      1676,
      1676,
      1651,
      1651,
      1651,
      1651,
      1651,
      1651,
      1651,
      1651,
      1651,
      1651,
      1651,
      1651,
      1651,
      1646,
      1646,
      1646,
      1646,
      1646,
      1646,
      1646,
      1646,
      1646,
      1646,
      1646,
      1646,
      1646,
      1646,
      1646,
      1646,
      1646,
      1646,
      1672,
      1668,
      1668,
      1668,
      1668,
      1668,
      1668,
      1668,
      1668,
      1668,
      1668,
      1640,
      1640,
      1669,
      1669,
      1669,
      1669,
      1669,
      1669,
      1669,
      1669,
      1669,
      1669,
      1669,
      1669,
      1669,
      1669,
      1669,
      1669,
      1669,
      1669,
      1655,
      1655,
      1655,
      1655,
      1655,
      1655,
      1655,
      1655,
      1655,
      1655,
      1655,
      1655,
      0,
      0,
      0,
      0,
      0,
      0,
      0,
      0,
      0,
      0,
      0,
      0,
      0,
      0,
      0,
      0,
      0,
      0,
      1652,
      1652,
      1652,
      1652,
      1652,
      1652,
      1652,
      1662,
      1662,
      1662,
      1662,
      1662,
      1662,
      1665,
      1665,
      1665,
      1665,
      1665,
      1665,
      1665,
      1665,
      1665,
      1641,
      1641,
      1641,
      1641,
      1641,
      1641,
      1641,
      1641,
      1670,
      1670,
      1670,
      1670,
      1670,
      1670,
      1670,
      1647,
      1647,
      1647,
      1647,
      1647,
      1647,
      1647,
      1647,
      1674,
      1674,
      1674,
      1674,
      1648,
      1648,
      1648,
      1648,
      1648,
      1648,
      1648,
      1648,
      1687,
      1687,
      1687,
      1666,
      1666,
      1666,
      1666,
      1666,
      1666,
      1666,
      0,
      0,
      0,
      0,
      0,
      0,
      0,
      0,
      0,
      0,
      0,
      0,
      1619,
      1619,
      1619,
      1619,
      1619,
      1619,
      1619,
      1619,
      1619,
      1619,
      1619,
      1619,
      1619,
      1619,
      1619,
      1619,
      1619,
      1649,
      1649,
      1649,
      1649,
      1649,
      1649,
      1649,
      1649,
      1649,
      1649,
      1649,
      1649,
      0,
      0,
      0,
      0,
      0,
      0,
      0,
      0,
      0,
      0,
      0,
      0,
      0,
      0,
      0,
      0,
      0,
      0,
      0,
      1656,
      1656,
      1656,
      1656,
      1656,
      1656,
      1656,
      1656,
      1656,
      1656,
      1656,
      1656,
      1682,
      1682,
      1682,
      1650,
      1650,
      1650,
      1650,
      1650,
      1650,
      1650,
      1650,
      1650,
      1650,
      1650,
      1650,
      1635,
      1635,
      0,
      0,
      0,
      0,
      0,
      0,
      0,
      1657,
      1657,
      1657,
      1657,
      1657,
      1657,
      1657,
      1657,
      1657,
      1657,
      1663,
      1663,
      1663,
      1663,
      1663,
      1663,
      1663,
      1663,
      0,
      0,
      0,
      1636,
      1636,
      1636,
      1636,
      1636,
      1636,
      1636,
      1636,
      1636,
      1636,
      1636,
      1642,
      1642,
      1642,
      1642,
      1642,
      1642,
      0,
      0,
      0,
      0,
      0,
      0,
      1658,
      1658,
      1658,
      1658,
      1658,
      1658,
      1658,
      1658,
      1658,
      0,
      0,
      0,
      0,
      0,
      0,
      0,
      0,
      0,
      0,
      0,
      0,
      0,
      0,
      0,
      1653,
      1653,
      1653,
      1653,
      1653,
      1653,
      1653,
      1653,
      0,
      1633,
      1633,
      1659,
      1659,
      1659,
      1659,
      1659,
      1659,
      1659,
      1659,
      1659,
      1659,
      1633,
      1633,
      1633,
      1633,
      1633,
      1633,
      1667,
      1667,
      1667,
      1667,
      1667,
      1667,
      1667,
      1667,
      1644,
      0,
      0,
      0,
      0,
      0,
      0,
      0,
      0,
      0,
      0,
      1654,
      1654,
      1654,
      1654,
      1654,
      1654,
      1654,
      1675,
      1675,
      1675,
      1675,
      0,
      0,
      0,
      0,
      0,
      0,
      0,
      0,
      0,
      0,
      0,
      1597,
      1597,
      1597,
      1597,
      1660,
      1660,
      1660,
      1660,
      1660,
      1660,
      1684,
      1684,
      1684,
      1612,
      1612,
      1612,
      1612,
      1612,
      0,
      0,
      1645,
      1645,
      1645,
      1645,
      1645,
      0,
      0,
      0,
      0,
      0,
      0,
      0,
      1661,
      1661,
      1661,
      1661,
      1661,
      1661,
      1661,
      1661,
      1661,
      1618,
      1618,
      1618,
      0,
      0,
      0,
      0,
      0,
      0,
      0,
      0,
      0,
      0,
      0,
      0,
      0,
      0,
      0,
      0,
      0,
      0,
      1680,
      1680,
      1680,
      1680,
      1680,
      1680,
      1680,
      1680,
      1637,
      1637,
      1637,
      1637,
      1664,
      1664,
      1664,
      1664,
      1664,
      1664,
      1638,
      1638,
      1638,
      1638,
      1638,
      1638,
      1638,
      1638,
      0,
      0,
      0,
      0,
      0,
      0,
      0,
      0,
      0,
      0,
      0,
      0,
      0,
      0,
      0,
      0,
      0,
      0,
      0
    ],
    [
      1681,
      1681,
      1681,
      1639,
      1639,
      1639,
      1639,
      1639,
      1639,
      1639,
      1639,
      1676,
      1676,
      1676,
      1651,
      1651,
      1651,
      1651,
      1651,
      1651,
      1651,
      1651,
      1651,
      1651,
      1651,
      1651,
      1651,
      1651,
      1651,
      1646,
      1646,
      1646,
      1646,
      1646,
      1646,
      1646,
      1646,
      1646,
      1646,
      1646,
      1646,
      1646,
      1646,
      1672,
      1672,
      1672,
      1668,
      1668,
      1668,
      1668,
      1668,
      1668,
      1668,
      1668,
      1668,
      1668,
      1668,
      1668,
      1669,
      1669,
      1669,
      1669,
      1669,
      1669,
      1669,
      1669,
      1669,
      1669,
      1669,
      1669,
      1669,
      1669,
      1669,
      1669,
      1669,
      1669,
      1655,
      1655,
      1655,
      1655,
      1655,
      1655,
      1655,
      1655,
      1655,
      1655,
      1655,
      1655,
      0,
      0,
      0,
      0,
      0,
      0,
      0,
      0,
      0,
      0,
      0,
      0,
      0,
      0,
      0,
      0,
      0,
      0,
      1652,
      1652,
      1652,
      1652,
      1652,
      1652,
      1652,
      1662,
      1662,
      1662,
      1662,
      1662,
      1662,
      1665,
      1665,
      1665,
      1665,
      1665,
      1665,
      1665,
      1665,
      1665,
      1641,
      1641,
      1641,
      1641,
      1641,
      1641,
      1641,
      1686,
      1670,
      1670,
      1670,
      1670,
      1670,
      1670,
      1670,
      1674,
      1647,
      1647,
      1647,
      1647,
      1647,
      1647,
      1647,
      1674,
      1674,
      1674,
      1674,
      1648,
      1648,
      1648,
      1648,
      1648,
      1648,
      1648,
      1687,
      1687,
      1687,
      1687,
      1666,
      1666,
      1666,
      1666,
      1666,
      1666,
      1666,
      0,
      0,
      0,
      0,
      0,
      0,
      0,
      0,
      0,
      0,
      0,
      0,
      1619,
      1619,
      1619,
      1619,
      1619,
      1671,
      1671,
      1671,
      1671,
      1671,
      1671,
      1671,
      1671,
      1671,
      1671,
      1671,
      1671,
      1671,
      1649,
      1649,
      1649,
      1649,
      1649,
      1649,
      1649,
      1649,
      1649,
      1649,
      0,
      0,
      0,
      0,
      0,
      0,
      0,
      0,
      0,
      0,
      0,
      0,
      0,
      0,
      0,
      0,
      0,
      1701,
      1701,
      1701,
      1701,
      1656,
      1656,
      1656,
      1656,
      1656,
      1656,
      1656,
      1656,
      1656,
      1656,
      1656,
      1682,
      1682,
      1682,
      1682,
      1650,
      1650,
      1650,
      1650,
      1650,
      1650,
      1650,
      1650,
      1650,
      1650,
      1650,
      1650,
      0,
      0,
      0,
      0,
      0,
      0,
      0,
      0,
      1657,
      1657,
      1657,
      1657,
      1657,
      1657,
      1657,
      1657,
      1657,
      1657,
      1663,
      1663,
      1663,
      1663,
      1663,
      1663,
      1663,
      1663,
      1636,
      1636,
      1636,
      1636,
      1636,
      1636,
      1636,
      1636,
      1636,
      1636,
      1636,
      1636,
      1636,
      1636,
      1636,
      0,
      0,
      0,
      0,
      0,
      0,
      0,
      0,
      0,
      0,
      0,
      1658,
      1658,
      1658,
      1658,
      1658,
      1658,
      1658,
      1658,
      0,
      0,
      0,
      0,
      0,
      0,
      0,
      0,
      0,
      0,
      0,
      0,
      0,
      0,
      0,
      0,
      1653,
      1653,
      1653,
      1653,
      1653,
      1653,
      1653,
      1653,
      0,
      1659,
      1659,
      1659,
      1659,
      1659,
      1659,
      1659,
      1659,
      1659,
      1659,
      1659,
      1659,
      1633,
      1633,
      1667,
      1667,
      1667,
      1667,
      1667,
      1667,
      1667,
      1667,
      1667,
      1667,
      1667,
      1667,
      0,
      0,
      0,
      0,
      0,
      0,
      0,
      0,
      0,
      0,
      0,
      1654,
      1654,
      1654,
      1654,
      1654,
      1654,
      1654,
      1675,
      1675,
      1675,
      1675,
      0,
      0,
      0,
      0,
      0,
      0,
      0,
      0,
      0,
      0,
      0,
      0,
      0,
      1597,
      1597,
      1660,
      1660,
      1660,
      1660,
      1660,
      1660,
      1684,
      1684,
      1684,
      1684,
      1612,
      1612,
      1612,
      1612,
      0,
      0,
      0,
      0,
      0,
      0,
      0,
      0,
      0,
      0,
      0,
      0,
      0,
      0,
      1661,
      1661,
      1661,
      1661,
      1661,
      1661,
      1661,
      1661,
      1661,
      1661,
      1618,
      0,
      0,
      0,
      0,
      0,
      0,
      0,
      0,
      0,
      0,
      0,
      0,
      0,
      0,
      0,
      0,
      0,
      0,
      0,
      1680,
      1680,
      1680,
      1680,
      1680,
      1680,
      1680,
      1680,
      1637,
      1637,
      1637,
      1637,
      1664,
      1664,
      1664,
      1664,
      1664,
      1664,
      1638,
      1638,
      1638,
      0,
      0,
      0,
      0,
      0,
      0,
      0,
      0,
      0,
      0,
      0,
      0,
      0,
      0,
      0,
      0,
      0,
      0,
      0,
      0,
      0,
      0,
      0,
      0
    ],
    [
      1681,
      1681,
      1681,
      1681,
      1676,
      1676,
      1676,
      1676,
      1676,
      1676,
      1676,
      1676,
      1676,
      1676,
      1651,
      1651,
      1651,
      1651,
      1651,
      1651,
      1651,
      1651,
      1651,
      1651,
      1651,
      1651,
      1651,
      1651,
      1651,
      1651,
      1651,
      1646,
      1646,
      1646,
      1646,
      1646,
      1646,
      1646,
      1646,
      1646,
      1672,
      1672,
      1672,
      1672,
      1672,
      1672,
      1668,
      1668,
      1668,
      1668,
      1668,
      1668,
      1668,
      1668,
      1668,
      1668,
      1668,
      1668,
      1669,
      1669,
      1669,
      1669,
      1669,
      1669,
      1669,
      1669,
      1669,
      1669,
      1669,
      1669,
      1669,
      1669,
      1669,
      1669,
      1669,
      1669,
      1655,
      1655,
      1655,
      1655,
      1655,
      1655,
      1655,
      1655,
      1655,
      1655,
      1655,
      1655,
      0,
      0,
      0,
      0,
      0,
      0,
      0,
      0,
      0,
      0,
      0,
      0,
      0,
      0,
      0,
      0,
      0,
      0,
      1652,
      1662,
      1662,
      1662,
      1662,
      1662,
      1662,
      1662,
      1662,
      1662,
      1662,
      1662,
      1662,
      1665,
      1665,
      1665,
      1665,
      1665,
      1665,
      1665,
      1665,
      1665,
      0,
      1641,
      1641,
      1641,
      1641,
      1641,
      1641,
      1686,
      1670,
      1670,
      1670,
      1670,
      1670,
      1670,
      1670,
      1674,
      1674,
      1674,
      1674,
      1647,
      1647,
      1647,
      1647,
      1674,
      1674,
      1674,
      1674,
      1674,
      1648,
      1648,
      1648,
      1648,
      1648,
      1648,
      1687,
      1687,
      1687,
      1687,
      1666,
      1666,
      1666,
      1666,
      1666,
      1666,
      1666,
      0,
      0,
      0,
      0,
      0,
      0,
      0,
      0,
      0,
      0,
      0,
      0,
      1619,
      1619,
      1619,
      0,
      0,
      1671,
      1671,
      1671,
      1671,
      1671,
      1671,
      1671,
      1671,
      1671,
      1671,
      1671,
      1671,
      1671,
      1671,
      1671,
      1671,
      1671,
      1649,
      1649,
      1649,
      1649,
      1649,
      0,
      0,
      0,
      0,
      0,
      0,
      0,
      0,
      0,
      0,
      0,
      0,
      0,
      0,
      0,
      0,
      0,
      1701,
      1701,
      1701,
      1701,
      1701,
      1701,
      1698,
      1656,
      1656,
      1656,
      1656,
      1656,
      1677,
      1682,
      1682,
      1682,
      1682,
      1682,
      1682,
      1682,
      1682,
      1682,
      1682,
      1682,
      1682,
      1682,
      1682,
      1682,
      1682,
      1682,
      1682,
      1682,
      0,
      0,
      0,
      0,
      0,
      0,
      0,
      0,
      1657,
      1657,
      1657,
      1657,
      1657,
      1657,
      1657,
      1657,
      1657,
      1663,
      1663,
      1663,
      1663,
      1663,
      1663,
      1663,
      1663,
      1663,
      1636,
      1636,
      1636,
      1636,
      1636,
      1636,
      1636,
      1636,
      1636,
      1636,
      1636,
      1636,
      1636,
      1636,
      1636,
      1636,
      0,
      0,
      0,
      0,
      0,
      0,
      0,
      0,
      0,
      0,
      1658,
      1658,
      1658,
      1658,
      1658,
      1658,
      1658,
      0,
      0,
      0,
      0,
      0,
      0,
      0,
      0,
      0,
      0,
      0,
      0,
      0,
      0,
      0,
      0,
      0,
      0,
      1653,
      1653,
      1653,
      1653,
      1653,
      1653,
      1653,
      1659,
      1659,
      1659,
      1659,
      1659,
      1659,
      1659,
      1659,
      1659,
      1659,
      1659,
      1659,
      1659,
      1659,
      1659,
      1667,
      1667,
      1667,
      1667,
      1667,
      1667,
      1667,
      1667,
      1667,
      1667,
      1667,
      1667,
      0,
      0,
      0,
      0,
      0,
      0,
      0,
      0,
      0,
      0,
      0,
      0,
      1654,
      1654,
      1654,
      1654,
      1654,
      1654,
      1675,
      1675,
      1675,
      1675,
      0,
      0,
      0,
      0,
      0,
      0,
      0,
      0,
      0,
      0,
      0,
      0,
      0,
      0,
      1597,
      1660,
      1660,
      1660,
      1660,
      1660,
      1660,
      1684,
      1684,
      1684,
      1684,
      1684,
      0,
      0,
      0,
      0,
      0,
      0,
      0,
      0,
      0,
      0,
      0,
      0,
      0,
      0,
      0,
      0,
      0,
      1661,
      1661,
      1661,
      1661,
      1661,
      1661,
      1661,
      1661,
      1661,
      1661,
      0,
      0,
      0,
      0,
      0,
      0,
      0,
      0,
      0,
      0,
      0,
      0,
      0,
      0,
      0,
      0,
      0,
      0,
      1680,
      1680,
      1680,
      1680,
      1680,
      1680,
      1680,
      1680,
      1680,
      1680,
      1680,
      1637,
      1637,
      1637,
      1664,
      1664,
      1664,
      1664,
      1664,
      1664,
      1638,
      1638,
      1638,
      0,
      0,
      0,
      0,
      0,
      0,
      0,
      0,
      0,
      0,
      0,
      0,
      0,
      0,
      0,
      0,
      0,
      0,
      0,
      0,
      0,
      0,
      0,
      0
    ],
    [
      1681,
      1681,
      1681,
      1681,
      1676,
      1676,
      1676,
      1676,
      1676,
      1676,
      1676,
      1676,
      1676,
      1676,
      1651,
      1651,
      1651,
      1651,
      1651,
      1651,
      1651,
      1651,
      1651,
      0,
      0,
      0,
      0,
      0,
      0,
      0,
      0,
      0,
      1646,
      1646,
      1646,
      1646,
      1646,
      1646,
      1646,
      1672,
      1672,
      1672,
      1672,
      1672,
      1672,
      1672,
      1672,
      1668,
      1668,
      1668,
      1668,
      1668,
      1668,
      1668,
      1668,
      1668,
      1668,
      1668,
      1669,
      1669,
      1669,
      1669,
      1669,
      1669,
      1669,
      1669,
      1669,
      1669,
      1669,
      1669,
      1669,
      1669,
      1669,
      1669,
      1669,
      1669,
      1655,
      1655,
      1655,
      1655,
      1655,
      1655,
      1655,
      1655,
      1655,
      1655,
      1655,
      1655,
      0,
      0,
      0,
      0,
      0,
      0,
      0,
      0,
      0,
      0,
      0,
      0,
      0,
      0,
      0,
      0,
      0,
      0,
      0,
      0,
      0,
      1662,
      1662,
      1662,
      1662,
      1662,
      1662,
      1662,
      1662,
      1662,
      1662,
      1665,
      1665,
      1665,
      1665,
      1665,
      1665,
      1665,
      1665,
      1665,
      0,
      0,
      1673,
      1673,
      1673,
      1673,
      1686,
      1686,
      1670,
      1670,
      1670,
      1670,
      1670,
      1670,
      1670,
      1674,
      1674,
      1674,
      1674,
      1674,
      1674,
      1674,
      1674,
      1674,
      1674,
      1674,
      1674,
      1674,
      1674,
      1674,
      1674,
      1687,
      1687,
      1687,
      1687,
      1687,
      1687,
      1687,
      1666,
      1666,
      1666,
      1666,
      1666,
      1666,
      1666,
      0,
      0,
      0,
      0,
      0,
      0,
      0,
      0,
      0,
      0,
      0,
      0,
      0,
      0,
      0,
      0,
      0,
      1671,
      1671,
      1671,
      1671,
      1671,
      1671,
      1671,
      1671,
      1671,
      1671,
      1671,
      1671,
      1671,
      1671,
      1671,
      1671,
      1671,
      1649,
      1649,
      1649,
      1649,
      1649,
      0,
      0,
      0,
      0,
      0,
      0,
      0,
      0,
      0,
      0,
      0,
      0,
      0,
      0,
      0,
      0,
      1701,
      1701,
      1701,
      1701,
      1701,
      1701,
      1701,
      1698,
      1698,
      1656,
      1656,
      1656,
      1677,
      1677,
      1677,
      1682,
      1682,
      1682,
      1682,
      1682,
      1682,
      1682,
      1682,
      1682,
      1682,
      1682,
      1682,
      1682,
      1682,
      1682,
      1682,
      1682,
      1682,
      0,
      0,
      0,
      0,
      0,
      0,
      0,
      0,
      0,
      1657,
      1657,
      1657,
      1657,
      1657,
      1657,
      1657,
      1663,
      1663,
      1663,
      1663,
      1663,
      1663,
      1663,
      1663,
      1663,
      1663,
      1636,
      1636,
      1636,
      1636,
      1636,
      1636,
      1636,
      1636,
      1636,
      1636,
      1636,
      1636,
      1636,
      1636,
      1636,
      0,
      0,
      0,
      0,
      0,
      0,
      0,
      0,
      0,
      0,
      0,
      1658,
      1658,
      1658,
      1658,
      1658,
      1658,
      0,
      0,
      0,
      0,
      0,
      0,
      1683,
      1683,
      1683,
      1683,
      1683,
      1683,
      0,
      0,
      0,
      0,
      0,
      0,
      0,
      0,
      1653,
      1653,
      1653,
      1653,
      1653,
      1659,
      1659,
      1659,
      1659,
      1659,
      1659,
      1659,
      1659,
      1659,
      1659,
      1659,
      1659,
      1659,
      1659,
      1659,
      1659,
      1667,
      1667,
      1667,
      1667,
      1667,
      1667,
      1667,
      1667,
      1667,
      1667,
      1667,
      1691,
      0,
      0,
      0,
      0,
      0,
      0,
      0,
      0,
      0,
      0,
      0,
      0,
      1654,
      1654,
      1654,
      1654,
      1654,
      1654,
      1675,
      1675,
      1675,
      1675,
      1675,
      0,
      0,
      0,
      0,
      0,
      0,
      0,
      0,
      0,
      0,
      0,
      0,
      0,
      1597,
      1660,
      1660,
      1660,
      1660,
      1660,
      1660,
      1684,
      1684,
      1684,
      1684,
      1684,
      1684,
      1684,
      0,
      0,
      0,
      0,
      0,
      0,
      0,
      0,
      0,
      0,
      0,
      0,
      0,
      0,
      0,
      1661,
      1661,
      1661,
      1661,
      1661,
      1661,
      1661,
      1661,
      1661,
      1661,
      1661,
      1661,
      1661,
      0,
      0,
      0,
      0,
      0,
      0,
      0,
      0,
      0,
      0,
      0,
      0,
      0,
      0,
      1680,
      1680,
      1680,
      1680,
      1680,
      1680,
      1680,
      0,
      0,
      0,
      0,
      0,
      1637,
      1637,
      1637,
      1664,
      1664,
      1664,
      1664,
      1664,
      1664,
      1638,
      1638,
      0,
      0,
      0,
      0,
      0,
      0,
      0,
      0,
      0,
      0,
      0,
      0,
      0,
      0,
      0,
      0,
      0,
      0,
      0,
      0,
      0,
      0,
      0,
      0,
      0
    ],
    [
      1681,
      1681,
      1681,
      1681,
      1676,
      1676,
      1676,
      1676,
      1676,
      1676,
      1676,
      1676,
      1676,
      1676,
      1676,
      1676,
      1676,
      1676,
      1676,
      1676,
      1676,
      1676,
      1676,
      1676,
      0,
      0,
      0,
      0,
      0,
      0,
      0,
      0,
      0,
      1646,
      1646,
      1646,
      1646,
      1646,
      1646,
      1672,
      1672,
      1672,
      1672,
      1672,
      1672,
      1672,
      1672,
      1668,
      1668,
      1668,
      1668,
      1668,
      1668,
      1668,
      1668,
      1668,
      1668,
      1668,
      1668,
      1668,
      1669,
      1669,
      1669,
      1669,
      1669,
      1669,
      1669,
      1669,
      1669,
      1669,
      1669,
      1669,
      1669,
      1669,
      1669,
      1669,
      1655,
      1705,
      1655,
      1655,
      1655,
      1655,
      1655,
      1655,
      1655,
      1655,
      1655,
      1655,
      0,
      0,
      0,
      0,
      0,
      0,
      0,
      0,
      0,
      0,
      0,
      0,
      0,
      0,
      0,
      0,
      0,
      0,
      0,
      0,
      0,
      0,
      1662,
      1662,
      1662,
      1662,
      1662,
      1662,
      1662,
      1662,
      1662,
      1665,
      1665,
      1665,
      1665,
      1665,
      1665,
      1665,
      1665,
      1665,
      0,
      0,
      1673,
      1673,
      1673,
      1673,
      1686,
      1686,
      1670,
      1670,
      1670,
      1670,
      1670,
      1670,
      1670,
      1674,
      1674,
      1674,
      1674,
      1674,
      1674,
      1674,
      1674,
      1674,
      1674,
      1674,
      1674,
      1674,
      1674,
      1674,
      1674,
      1687,
      1687,
      1687,
      1687,
      1687,
      1687,
      1687,
      1666,
      1666,
      1666,
      1666,
      1666,
      1666,
      1666,
      0,
      0,
      0,
      0,
      0,
      0,
      0,
      0,
      0,
      0,
      0,
      0,
      0,
      0,
      0,
      0,
      0,
      1671,
      1671,
      1671,
      1671,
      1671,
      1671,
      1671,
      1671,
      1671,
      1671,
      1671,
      1671,
      1671,
      1671,
      1671,
      1671,
      1671,
      1649,
      1649,
      1649,
      1649,
      0,
      0,
      0,
      0,
      0,
      0,
      0,
      0,
      0,
      0,
      0,
      0,
      0,
      0,
      0,
      0,
      1701,
      1701,
      1701,
      1701,
      1701,
      1701,
      1701,
      1701,
      1698,
      1698,
      1698,
      1677,
      1677,
      1677,
      1677,
      1677,
      1677,
      1677,
      1682,
      1682,
      1682,
      1682,
      1682,
      1682,
      1682,
      1682,
      1682,
      1682,
      1682,
      1682,
      1682,
      1682,
      1682,
      1682,
      0,
      0,
      0,
      0,
      0,
      0,
      0,
      0,
      0,
      1657,
      1657,
      1657,
      1657,
      1657,
      1657,
      1657,
      1663,
      1663,
      1663,
      1663,
      1663,
      1663,
      1663,
      1663,
      1663,
      1636,
      1636,
      1636,
      1636,
      1636,
      1636,
      1636,
      1636,
      1636,
      1636,
      1636,
      1636,
      1636,
      0,
      0,
      0,
      0,
      0,
      0,
      0,
      0,
      0,
      0,
      0,
      0,
      0,
      0,
      0,
      0,
      0,
      0,
      0,
      0,
      0,
      0,
      0,
      0,
      0,
      0,
      1683,
      1683,
      1683,
      1683,
      1683,
      1683,
      1721,
      0,
      0,
      0,
      0,
      0,
      0,
      0,
      0,
      0,
      0,
      0,
      0,
      1659,
      1659,
      1659,
      1659,
      1659,
      1659,
      1659,
      1659,
      1659,
      1659,
      1659,
      1659,
      1659,
      1659,
      1659,
      1694,
      1678,
      1678,
      1678,
      1678,
      1678,
      1678,
      1667,
      1667,
      1667,
      1667,
      1667,
      1691,
      0,
      0,
      0,
      0,
      0,
      0,
      0,
      0,
      1679,
      1679,
      1679,
      1679,
      1679,
      1654,
      1654,
      1654,
      1654,
      1654,
      1675,
      1675,
      1675,
      1675,
      1675,
      1675,
      0,
      0,
      0,
      0,
      0,
      0,
      0,
      0,
      0,
      0,
      0,
      0,
      0,
      1684,
      1684,
      1684,
      1684,
      1684,
      1684,
      1684,
      1684,
      1684,
      1684,
      1684,
      1684,
      1684,
      1684,
      0,
      0,
      0,
      0,
      0,
      0,
      0,
      0,
      0,
      0,
      0,
      0,
      0,
      0,
      0,
      1661,
      1661,
      1661,
      1661,
      1661,
      1661,
      1661,
      1661,
      1661,
      1661,
      1661,
      1661,
      1661,
      0,
      0,
      0,
      0,
      0,
      0,
      0,
      0,
      0,
      0,
      0,
      0,
      0,
      1680,
      1680,
      1680,
      1680,
      1680,
      1680,
      0,
      0,
      0,
      0,
      0,
      0,
      0,
      0,
      1637,
      1664,
      1664,
      1664,
      1664,
      1664,
      1664,
      1638,
      0,
      0,
      0,
      0,
      0,
      0,
      0,
      0,
      0,
      0,
      0,
      0,
      0,
      0,
      0,
      0,
      0,
      0,
      0,
      0,
      0,
      0,
      0,
      0,
      0,
      0
    ],
    [
      1681,
      1681,
      1681,
      1681,
      1681,
      1676,
      1676,
      1676,
      1676,
      1676,
      1676,
      1676,
      1676,
      1676,
      1676,
      1676,
      1676,
      1676,
      1676,
      1676,
      1676,
      1676,
      1676,
      1676,
      1676,
      0,
      0,
      0,
      0,
      0,
      0,
      0,
      0,
      0,
      0,
      0,
      0,
      1672,
      1672,
      1672,
      1672,
      1672,
      1672,
      1672,
      1672,
      1672,
      1672,
      1668,
      1668,
      1668,
      1668,
      1668,
      1668,
      1668,
      1668,
      1668,
      1668,
      1668,
      1668,
      1668,
      1668,
      1668,
      1685,
      1685,
      1669,
      1669,
      1669,
      1669,
      1669,
      1669,
      1669,
      1669,
      1669,
      1669,
      1669,
      1669,
      1705,
      1705,
      1655,
      1655,
      1655,
      1655,
      1655,
      1655,
      1655,
      1655,
      1655,
      0,
      0,
      0,
      0,
      0,
      0,
      0,
      0,
      0,
      0,
      0,
      0,
      0,
      0,
      0,
      0,
      0,
      0,
      0,
      0,
      0,
      0,
      0,
      0,
      1662,
      1662,
      1662,
      1662,
      1662,
      1662,
      1662,
      1662,
      1665,
      1665,
      1665,
      1665,
      1665,
      1665,
      1665,
      1665,
      1665,
      0,
      0,
      1673,
      1673,
      1673,
      1673,
      1686,
      1686,
      1670,
      1670,
      1670,
      1670,
      1670,
      1670,
      1670,
      1674,
      1674,
      1674,
      1674,
      1674,
      1674,
      1674,
      1674,
      1674,
      1674,
      1674,
      1674,
      1674,
      1674,
      1674,
      1674,
      1687,
      1687,
      1687,
      1687,
      1687,
      1687,
      1687,
      1687,
      1687,
      1687,
      1687,
      1687,
      1687,
      1687,
      1687,
      0,
      0,
      0,
      0,
      0,
      0,
      0,
      0,
      0,
      0,
      0,
      0,
      0,
      0,
      0,
      0,
      0,
      0,
      0,
      0,
      0,
      1671,
      1671,
      1671,
      1671,
      1671,
      1671,
      1671,
      1649,
      1649,
      1649,
      1649,
      1649,
      1649,
      0,
      0,
      0,
      0,
      0,
      0,
      0,
      0,
      0,
      0,
      0,
      0,
      0,
      0,
      0,
      0,
      0,
      0,
      0,
      1701,
      1701,
      1701,
      1701,
      1701,
      1701,
      1701,
      1701,
      1698,
      1698,
      1698,
      1698,
      1677,
      1677,
      1677,
      1677,
      1677,
      1677,
      1682,
      1682,
      1682,
      1682,
      1682,
      1682,
      1682,
      1682,
      1682,
      1682,
      1682,
      1682,
      1682,
      1682,
      1682,
      1682,
      0,
      0,
      0,
      0,
      0,
      0,
      0,
      0,
      0,
      0,
      0,
      1657,
      1657,
      1657,
      1657,
      1663,
      1663,
      1663,
      1663,
      1663,
      1663,
      1663,
      1663,
      1663,
      1636,
      1636,
      1636,
      1636,
      1636,
      1636,
      1636,
      1693,
      1693,
      1693,
      1693,
      1636,
      1636,
      1636,
      0,
      0,
      0,
      0,
      0,
      0,
      0,
      0,
      0,
      0,
      0,
      0,
      0,
      0,
      0,
      0,
      0,
      0,
      0,
      0,
      0,
      0,
      0,
      0,
      0,
      1738,
      1683,
      1683,
      1683,
      1683,
      1683,
      1683,
      1721,
      1721,
      0,
      0,
      0,
      0,
      0,
      0,
      0,
      0,
      0,
      0,
      1659,
      1659,
      1659,
      1659,
      1659,
      1659,
      1659,
      1659,
      1659,
      1659,
      1659,
      1659,
      1659,
      1659,
      1659,
      1659,
      1694,
      1678,
      1678,
      1678,
      1678,
      1678,
      1678,
      1667,
      1667,
      1667,
      1667,
      1667,
      1691,
      0,
      0,
      0,
      0,
      0,
      0,
      0,
      0,
      1679,
      1679,
      1679,
      1679,
      1679,
      1654,
      1654,
      1654,
      1654,
      1654,
      1675,
      1675,
      1675,
      1675,
      1675,
      1675,
      1675,
      0,
      0,
      0,
      0,
      0,
      0,
      0,
      0,
      0,
      0,
      0,
      0,
      0,
      1684,
      1684,
      1684,
      1684,
      1684,
      1684,
      1684,
      1684,
      1684,
      1684,
      1684,
      1684,
      1684,
      1684,
      1684,
      0,
      0,
      0,
      0,
      0,
      0,
      0,
      0,
      0,
      0,
      0,
      0,
      0,
      0,
      1661,
      1661,
      1661,
      1661,
      1661,
      1661,
      1688,
      1688,
      1688,
      1688,
      1688,
      1688,
      1688,
      0,
      0,
      0,
      0,
      0,
      0,
      0,
      0,
      0,
      0,
      0,
      0,
      1680,
      1680,
      1680,
      1680,
      1680,
      1680,
      0,
      0,
      0,
      0,
      0,
      0,
      0,
      0,
      0,
      1664,
      1664,
      1664,
      1664,
      1664,
      0,
      0,
      0,
      0,
      0,
      0,
      0,
      0,
      0,
      0,
      0,
      0,
      0,
      0,
      0,
      0,
      0,
      0,
      0,
      0,
      0,
      0,
      0,
      0,
      0,
      0,
      0,
      0
    ],
    [
      1681,
      1681,
      1681,
      1681,
      1681,
      1676,
      1676,
      1676,
      1676,
      1676,
      1676,
      1676,
      1676,
      1676,
      1676,
      1676,
      1676,
      1676,
      1676,
      1676,
      1676,
      1676,
      1676,
      1676,
      1676,
      1676,
      0,
      0,
      0,
      0,
      0,
      0,
      0,
      0,
      0,
      0,
      0,
      0,
      0,
      0,
      0,
      0,
      0,
      0,
      0,
      0,
      0,
      0,
      0,
      0,
      1668,
      1668,
      1668,
      1668,
      1668,
      1668,
      1668,
      1668,
      1668,
      1668,
      1668,
      1668,
      1685,
      1685,
      1669,
      1669,
      1669,
      1669,
      1669,
      1669,
      1669,
      1669,
      1669,
      1669,
      1669,
      1705,
      1705,
      1705,
      1655,
      1655,
      1655,
      1655,
      1655,
      1655,
      1655,
      1655,
      1689,
      1689,
      1689,
      1689,
      1689,
      1689,
      0,
      0,
      0,
      0,
      0,
      0,
      0,
      0,
      0,
      0,
      0,
      0,
      0,
      0,
      0,
      0,
      0,
      0,
      0,
      0,
      0,
      0,
      0,
      0,
      0,
      0,
      1662,
      1665,
      1665,
      1665,
      1665,
      1665,
      1665,
      1665,
      1665,
      0,
      0,
      0,
      1673,
      1673,
      1673,
      1673,
      1686,
      1686,
      1670,
      1670,
      1670,
      1670,
      1670,
      1670,
      1670,
      1674,
      1674,
      1674,
      1674,
      1674,
      1674,
      1674,
      1674,
      1674,
      1674,
      1674,
      1674,
      1674,
      1674,
      1674,
      1674,
      1687,
      1687,
      1687,
      1687,
      1687,
      1687,
      1687,
      1687,
      1687,
      1687,
      1687,
      1687,
      1687,
      1687,
      1687,
      1687,
      1687,
      1687,
      0,
      0,
      0,
      0,
      0,
      0,
      0,
      0,
      0,
      0,
      0,
      0,
      0,
      0,
      0,
      0,
      0,
      0,
      0,
      0,
      0,
      0,
      0,
      0,
      0,
      0,
      0,
      0,
      0,
      0,
      0,
      0,
      0,
      0,
      0,
      0,
      0,
      0,
      0,
      0,
      0,
      0,
      0,
      0,
      0,
      0,
      0,
      0,
      0,
      0,
      1701,
      1701,
      1701,
      1701,
      1701,
      1701,
      1701,
      1701,
      1698,
      1698,
      1698,
      1698,
      1677,
      1677,
      1677,
      1677,
      1677,
      1677,
      1677,
      1682,
      1682,
      1682,
      1682,
      1682,
      1682,
      1682,
      1682,
      1682,
      1682,
      1682,
      1682,
      1682,
      1682,
      1682,
      0,
      0,
      0,
      0,
      0,
      0,
      0,
      0,
      0,
      0,
      0,
      0,
      0,
      0,
      0,
      0,
      0,
      0,
      0,
      0,
      0,
      0,
      0,
      0,
      0,
      0,
      0,
      1636,
      1636,
      1636,
      1693,
      1693,
      1693,
      1693,
      1693,
      1636,
      1636,
      1636,
      0,
      0,
      0,
      0,
      0,
      0,
      0,
      0,
      0,
      0,
      0,
      0,
      0,
      0,
      0,
      0,
      0,
      0,
      0,
      0,
      0,
      0,
      0,
      0,
      1738,
      1738,
      1683,
      1683,
      1683,
      1683,
      1683,
      1683,
      1721,
      1721,
      1721,
      1721,
      0,
      0,
      0,
      0,
      0,
      0,
      0,
      0,
      0,
      0,
      0,
      1659,
      1659,
      1659,
      1659,
      1659,
      1659,
      1659,
      1659,
      1659,
      1659,
      1659,
      1659,
      1694,
      1694,
      1678,
      1678,
      1678,
      1678,
      1678,
      1678,
      1667,
      1667,
      1667,
      1667,
      1667,
      1691,
      0,
      0,
      0,
      0,
      0,
      0,
      0,
      0,
      1679,
      1679,
      1679,
      1679,
      1679,
      1654,
      1654,
      1654,
      1654,
      1654,
      1675,
      1675,
      1675,
      1675,
      1675,
      1675,
      1675,
      1675,
      0,
      0,
      0,
      0,
      0,
      0,
      0,
      1692,
      1692,
      1692,
      1692,
      1692,
      1692,
      1684,
      1684,
      1684,
      1684,
      1684,
      1684,
      1684,
      1684,
      1684,
      1684,
      1684,
      1684,
      1684,
      1684,
      0,
      0,
      0,
      0,
      0,
      0,
      0,
      0,
      0,
      0,
      0,
      0,
      0,
      0,
      0,
      0,
      1661,
      1661,
      1661,
      1661,
      1688,
      1688,
      1688,
      1688,
      1688,
      1688,
      1688,
      0,
      0,
      0,
      0,
      0,
      0,
      0,
      0,
      0,
      0,
      0,
      0,
      1680,
      1680,
      1680,
      1680,
      1680,
      1680,
      0,
      0,
      0,
      0,
      0,
      0,
      0,
      0,
      0,
      0,
      0,
      0,
      0,
      0,
      0,
      0,
      0,
      0,
      0,
      0,
      0,
      0,
      0,
      0,
      0,
      0,
      0,
      0,
      0,
      0,
      0,
      0,
      0,
      0,
      0,
      0,
      0,
      0,
      0,
      0,
      0,
      0
    ],
    [
      1681,
      1681,
      1681,
      1681,
      1681,
      1676,
      1676,
      1676,
      1676,
      1676,
      1676,
      1676,
      1676,
      1676,
      1676,
      1676,
      1676,
      1676,
      1676,
      1676,
      1676,
      1676,
      1676,
      1676,
      1676,
      1676,
      1676,
      0,
      0,
      0,
      0,
      0,
      0,
      0,
      0,
      0,
      0,
      0,
      0,
      0,
      0,
      0,
      0,
      0,
      0,
      0,
      0,
      0,
      0,
      0,
      0,
      1685,
      1685,
      1685,
      1685,
      1685,
      1685,
      1685,
      1685,
      1685,
      1685,
      1685,
      1685,
      1685,
      1669,
      1669,
      1669,
      1669,
      1669,
      1669,
      1669,
      1669,
      1669,
      1669,
      1705,
      1705,
      1705,
      1705,
      1655,
      1655,
      1655,
      1655,
      1655,
      1655,
      1689,
      1689,
      1689,
      1689,
      1689,
      1689,
      1689,
      1689,
      0,
      0,
      0,
      0,
      0,
      0,
      0,
      0,
      0,
      0,
      0,
      0,
      0,
      0,
      0,
      0,
      0,
      0,
      0,
      0,
      0,
      0,
      0,
      0,
      0,
      0,
      0,
      1665,
      1665,
      1665,
      1665,
      1665,
      1665,
      1665,
      1665,
      0,
      0,
      0,
      1673,
      1673,
      1673,
      1673,
      1686,
      1686,
      1686,
      1686,
      1686,
      1686,
      1686,
      1686,
      1674,
      1674,
      1674,
      1674,
      1674,
      1674,
      1674,
      1674,
      1674,
      1674,
      0,
      0,
      0,
      0,
      0,
      0,
      0,
      0,
      0,
      0,
      1687,
      1687,
      1687,
      1687,
      1687,
      1687,
      1687,
      1687,
      1687,
      1687,
      1687,
      1687,
      1687,
      1687,
      1687,
      1687,
      1687,
      0,
      0,
      0,
      0,
      0,
      0,
      0,
      0,
      0,
      0,
      0,
      0,
      0,
      0,
      0,
      0,
      0,
      0,
      0,
      0,
      0,
      0,
      0,
      0,
      0,
      0,
      0,
      0,
      0,
      0,
      0,
      0,
      0,
      0,
      0,
      0,
      0,
      0,
      0,
      0,
      0,
      0,
      0,
      0,
      0,
      0,
      0,
      0,
      1701,
      1701,
      1701,
      1701,
      1701,
      1701,
      1701,
      1701,
      1698,
      1698,
      1698,
      1698,
      1677,
      1677,
      1677,
      1677,
      1677,
      1677,
      1682,
      1682,
      1682,
      1682,
      1682,
      1682,
      1682,
      1682,
      1682,
      1682,
      1682,
      1682,
      1682,
      1682,
      1682,
      1682,
      0,
      0,
      0,
      0,
      0,
      0,
      0,
      0,
      0,
      0,
      0,
      0,
      0,
      0,
      0,
      0,
      0,
      0,
      0,
      0,
      0,
      0,
      0,
      0,
      0,
      0,
      0,
      1636,
      1636,
      1702,
      1693,
      1693,
      1693,
      1693,
      1693,
      1693,
      0,
      1636,
      0,
      0,
      0,
      0,
      0,
      0,
      0,
      0,
      0,
      0,
      0,
      0,
      0,
      0,
      0,
      0,
      0,
      0,
      0,
      0,
      0,
      0,
      0,
      0,
      1738,
      1738,
      1683,
      1683,
      1683,
      1683,
      1683,
      1683,
      1721,
      1721,
      1721,
      1721,
      0,
      0,
      0,
      0,
      0,
      0,
      0,
      0,
      0,
      0,
      0,
      1659,
      1659,
      1659,
      1659,
      1659,
      1659,
      1659,
      1659,
      1659,
      1659,
      1659,
      1694,
      1694,
      1694,
      1678,
      1678,
      1678,
      1678,
      1678,
      1678,
      1667,
      1667,
      1667,
      1667,
      1667,
      1691,
      0,
      0,
      0,
      0,
      0,
      0,
      0,
      0,
      1679,
      1679,
      1679,
      1679,
      1679,
      1654,
      1654,
      1654,
      1696,
      1696,
      1696,
      1696,
      1675,
      1675,
      1675,
      1675,
      1675,
      1675,
      1675,
      1675,
      0,
      0,
      0,
      0,
      0,
      1692,
      1692,
      1692,
      1692,
      1692,
      1692,
      1692,
      1684,
      1684,
      1684,
      1684,
      1684,
      1684,
      1684,
      1684,
      1684,
      1684,
      1684,
      1684,
      1684,
      0,
      0,
      0,
      0,
      0,
      0,
      0,
      0,
      0,
      0,
      0,
      0,
      0,
      0,
      0,
      1724,
      1724,
      1661,
      1661,
      1661,
      1688,
      1688,
      1688,
      1688,
      1688,
      1688,
      1688,
      0,
      0,
      0,
      0,
      0,
      0,
      0,
      0,
      0,
      0,
      0,
      0,
      1680,
      1680,
      1680,
      1680,
      1680,
      1680,
      0,
      0,
      0,
      0,
      0,
      0,
      0,
      0,
      0,
      0,
      0,
      0,
      0,
      0,
      0,
      0,
      0,
      0,
      0,
      0,
      0,
      0,
      0,
      0,
      0,
      0,
      0,
      0,
      0,
      0,
      0,
      0,
      0,
      0,
      0,
      0,
      0,
      0,
      0,
      1703,
      1703,
      1703
    ],
    [
      1681,
      1681,
      1681,
      1681,
      1681,
      1676,
      1676,
      1676,
      1676,
      1676,
      1676,
      1676,
      1676,
      1676,
      1676,
      1676,
      1676,
      1676,
      1676,
      1715,
      1715,
      1715,
      1715,
      1715,
      1715,
      1715,
      1715,
      0,
      0,
      0,
      0,
      0,
      0,
      0,
      0,
      0,
      0,
      0,
      0,
      0,
      0,
      0,
      0,
      0,
      0,
      0,
      0,
      0,
      0,
      0,
      0,
      0,
      1685,
      1685,
      1685,
      1685,
      1685,
      1685,
      1685,
      1685,
      1685,
      1685,
      1685,
      1685,
      1669,
      1669,
      1669,
      1669,
      1669,
      1669,
      1669,
      1669,
      1669,
      1669,
      1705,
      1705,
      1705,
      1705,
      1705,
      1705,
      1705,
      1655,
      1655,
      1705,
      1689,
      1689,
      1689,
      1689,
      1689,
      1689,
      1689,
      1689,
      0,
      0,
      0,
      0,
      0,
      0,
      0,
      0,
      1690,
      1690,
      1690,
      1690,
      1690,
      1690,
      1690,
      1690,
      1690,
      1690,
      1690,
      1690,
      1690,
      1690,
      1690,
      1690,
      1690,
      0,
      0,
      0,
      1665,
      1665,
      1665,
      1665,
      1665,
      1665,
      0,
      0,
      0,
      0,
      0,
      0,
      0,
      1686,
      1686,
      1686,
      1686,
      1686,
      1686,
      1686,
      1686,
      1686,
      1674,
      1674,
      1674,
      1674,
      1674,
      1674,
      1674,
      1674,
      1674,
      0,
      0,
      0,
      0,
      0,
      0,
      0,
      0,
      0,
      0,
      0,
      1687,
      1687,
      1687,
      1687,
      1687,
      1687,
      1687,
      1687,
      1687,
      1687,
      1687,
      1687,
      1687,
      1687,
      1687,
      1687,
      0,
      0,
      0,
      0,
      0,
      0,
      0,
      0,
      0,
      0,
      0,
      0,
      0,
      0,
      0,
      0,
      0,
      0,
      0,
      0,
      0,
      0,
      0,
      0,
      0,
      0,
      0,
      0,
      0,
      0,
      0,
      0,
      0,
      0,
      0,
      0,
      0,
      0,
      0,
      0,
      0,
      0,
      0,
      0,
      0,
      0,
      0,
      0,
      0,
      1701,
      1701,
      1701,
      1701,
      1701,
      1701,
      1701,
      1698,
      1698,
      1698,
      1698,
      1698,
      1677,
      1677,
      1677,
      1677,
      1677,
      1677,
      1682,
      1682,
      1682,
      1682,
      1682,
      1682,
      1682,
      1682,
      1682,
      1682,
      1682,
      1682,
      1682,
      0,
      0,
      0,
      0,
      0,
      0,
      0,
      0,
      0,
      0,
      0,
      0,
      0,
      0,
      0,
      0,
      0,
      0,
      0,
      0,
      0,
      0,
      0,
      0,
      0,
      0,
      0,
      0,
      0,
      0,
      1702,
      1702,
      1702,
      1693,
      1693,
      1693,
      1693,
      1693,
      1693,
      0,
      1636,
      0,
      0,
      0,
      0,
      0,
      0,
      0,
      0,
      0,
      0,
      0,
      0,
      0,
      0,
      0,
      0,
      0,
      0,
      0,
      0,
      0,
      0,
      0,
      0,
      1738,
      1738,
      1683,
      1683,
      1683,
      1683,
      1683,
      1683,
      1721,
      1721,
      1721,
      1721,
      0,
      0,
      0,
      0,
      0,
      0,
      0,
      0,
      0,
      0,
      0,
      1659,
      1659,
      1699,
      1699,
      1699,
      1699,
      1694,
      1694,
      1694,
      1694,
      1694,
      1694,
      1694,
      1694,
      1678,
      1678,
      1678,
      1678,
      1678,
      1678,
      1667,
      1667,
      1667,
      1667,
      1691,
      1691,
      1691,
      1691,
      1691,
      1691,
      1691,
      0,
      0,
      0,
      1679,
      1679,
      1679,
      1679,
      1679,
      1696,
      1696,
      1696,
      1696,
      1696,
      1696,
      1696,
      1675,
      1675,
      1675,
      1675,
      1675,
      1675,
      1675,
      1675,
      1675,
      0,
      0,
      0,
      0,
      1692,
      1692,
      1692,
      1692,
      1692,
      1692,
      1692,
      1692,
      1692,
      1692,
      1684,
      1684,
      1684,
      1684,
      1684,
      1684,
      1684,
      1684,
      1684,
      1684,
      0,
      0,
      0,
      0,
      0,
      0,
      0,
      0,
      0,
      0,
      0,
      0,
      0,
      0,
      0,
      1724,
      1724,
      1661,
      1661,
      1661,
      1688,
      1688,
      1688,
      1688,
      1688,
      1688,
      1688,
      0,
      0,
      0,
      0,
      0,
      0,
      0,
      0,
      0,
      0,
      0,
      0,
      1680,
      1680,
      1680,
      1680,
      1680,
      1680,
      1680,
      0,
      0,
      0,
      0,
      0,
      0,
      0,
      0,
      0,
      0,
      0,
      0,
      0,
      0,
      0,
      0,
      0,
      0,
      0,
      0,
      1697,
      1697,
      1697,
      1697,
      1697,
      1697,
      1697,
      0,
      0,
      0,
      0,
      1703,
      1703,
      1703,
      1703,
      1703,
      1703,
      1703,
      1703,
      1703,
      1703
    ],
    [
      1681,
      1681,
      1681,
      1681,
      1681,
      1676,
      1676,
      1676,
      1676,
      1676,
      1676,
      1676,
      1676,
      1676,
      1676,
      1709,
      1676,
      1676,
      1676,
      1715,
      1715,
      1715,
      1715,
      1715,
      1715,
      1715,
      1715,
      1715,
      0,
      0,
      0,
      0,
      0,
      0,
      0,
      0,
      0,
      0,
      0,
      0,
      0,
      0,
      0,
      0,
      0,
      0,
      0,
      0,
      0,
      0,
      0,
      0,
      1685,
      1685,
      1685,
      1685,
      1685,
      1685,
      1685,
      1685,
      1685,
      1685,
      1685,
      1685,
      1669,
      1669,
      1669,
      1669,
      1669,
      1669,
      1669,
      1669,
      1669,
      1705,
      1705,
      1705,
      1705,
      1705,
      1705,
      1705,
      1705,
      1705,
      1705,
      1705,
      1689,
      1689,
      1689,
      1689,
      1689,
      1689,
      1689,
      1689,
      1710,
      0,
      0,
      0,
      0,
      0,
      0,
      0,
      1690,
      1690,
      1690,
      1690,
      1690,
      1690,
      1690,
      1690,
      1690,
      1690,
      1690,
      0,
      0,
      0,
      0,
      0,
      0,
      0,
      0,
      0,
      0,
      0,
      0,
      0,
      0,
      0,
      0,
      0,
      0,
      0,
      0,
      0,
      1686,
      1686,
      1686,
      1686,
      1686,
      1686,
      1686,
      1686,
      1686,
      1686,
      1674,
      1674,
      1674,
      1674,
      1674,
      1674,
      1674,
      1674,
      0,
      0,
      0,
      0,
      0,
      0,
      0,
      0,
      0,
      0,
      0,
      0,
      1687,
      1687,
      1687,
      1687,
      1687,
      1687,
      1687,
      1687,
      1687,
      1687,
      1687,
      1687,
      1687,
      1687,
      1687,
      0,
      0,
      0,
      0,
      0,
      0,
      0,
      0,
      0,
      0,
      0,
      0,
      0,
      0,
      0,
      0,
      0,
      0,
      0,
      0,
      0,
      0,
      0,
      0,
      0,
      0,
      0,
      0,
      0,
      0,
      0,
      0,
      0,
      0,
      0,
      0,
      0,
      0,
      0,
      0,
      0,
      0,
      0,
      0,
      0,
      0,
      0,
      0,
      1701,
      1701,
      1701,
      1701,
      1701,
      1701,
      1701,
      1701,
      1698,
      1698,
      1698,
      1698,
      1698,
      1698,
      1677,
      1698,
      1698,
      1698,
      1698,
      1698,
      1682,
      1682,
      1682,
      1682,
      1682,
      1682,
      1682,
      1682,
      1682,
      1682,
      1682,
      0,
      0,
      0,
      0,
      0,
      0,
      0,
      0,
      0,
      0,
      0,
      0,
      0,
      0,
      0,
      0,
      0,
      0,
      0,
      0,
      0,
      0,
      0,
      0,
      0,
      0,
      0,
      0,
      0,
      0,
      0,
      0,
      1702,
      1702,
      1702,
      1693,
      1693,
      1693,
      1693,
      1693,
      1693,
      0,
      1636,
      0,
      0,
      0,
      0,
      0,
      0,
      0,
      0,
      0,
      0,
      0,
      0,
      0,
      0,
      0,
      0,
      0,
      0,
      0,
      0,
      0,
      0,
      0,
      0,
      1738,
      1738,
      1683,
      1683,
      1683,
      1683,
      1683,
      1683,
      1721,
      1721,
      1721,
      1721,
      1721,
      0,
      0,
      0,
      0,
      0,
      0,
      0,
      0,
      0,
      0,
      1659,
      1739,
      1699,
      1699,
      1699,
      1699,
      1699,
      1699,
      1694,
      1694,
      1694,
      1694,
      1694,
      1694,
      1678,
      1678,
      1678,
      1678,
      1678,
      1678,
      1667,
      1667,
      1691,
      1691,
      1691,
      1691,
      1691,
      1691,
      1691,
      1691,
      1691,
      1691,
      1695,
      1695,
      1679,
      1679,
      1679,
      1679,
      1679,
      1696,
      1696,
      1696,
      1696,
      1696,
      1696,
      1696,
      1675,
      1675,
      1675,
      1675,
      1675,
      1675,
      1675,
      1675,
      1675,
      1675,
      1675,
      0,
      0,
      1692,
      1692,
      1692,
      1692,
      1692,
      1692,
      1692,
      1692,
      1692,
      1692,
      1684,
      1684,
      1684,
      1684,
      1684,
      1684,
      1684,
      1684,
      1684,
      1684,
      0,
      1718,
      1718,
      0,
      0,
      0,
      0,
      0,
      0,
      0,
      0,
      0,
      0,
      0,
      1724,
      1724,
      1724,
      1661,
      1661,
      1661,
      1688,
      1688,
      1688,
      1688,
      1688,
      1688,
      1688,
      1742,
      0,
      0,
      0,
      0,
      0,
      0,
      0,
      0,
      0,
      0,
      0,
      1680,
      1680,
      1680,
      1680,
      1680,
      1680,
      1680,
      1680,
      0,
      0,
      0,
      0,
      0,
      0,
      0,
      0,
      0,
      0,
      0,
      0,
      0,
      0,
      0,
      0,
      0,
      1697,
      1697,
      1697,
      1697,
      1697,
      1697,
      1697,
      1697,
      1697,
      1697,
      1697,
      0,
      0,
      1703,
      1703,
      1703,
      1703,
      1703,
      1703,
      1703,
      1703,
      1703,
      1703
    ],
    [
      1681,
      1681,
      1681,
      1681,
      1681,
      1676,
      1704,
      1704,
      1704,
      1704,
      1704,
      1676,
      1676,
      1676,
      1676,
      1709,
      1709,
      1709,
      1676,
      1715,
      1715,
      1715,
      1715,
      1715,
      1715,
      1715,
      1715,
      1715,
      0,
      0,
      0,
      0,
      0,
      0,
      0,
      0,
      0,
      0,
      0,
      0,
      0,
      0,
      0,
      0,
      0,
      0,
      0,
      0,
      0,
      0,
      0,
      0,
      1685,
      1685,
      1685,
      1685,
      1685,
      1685,
      1685,
      1685,
      1685,
      1685,
      1669,
      1669,
      1669,
      1669,
      1669,
      1669,
      1669,
      1669,
      1669,
      1705,
      1705,
      1705,
      1705,
      1705,
      1705,
      1705,
      1705,
      1705,
      1705,
      1705,
      1705,
      1705,
      1689,
      1689,
      1689,
      1689,
      1689,
      1689,
      1689,
      1689,
      1710,
      1710,
      1710,
      1710,
      0,
      0,
      0,
      0,
      1690,
      1690,
      1690,
      1690,
      1690,
      1690,
      1690,
      1690,
      1690,
      1690,
      1690,
      0,
      0,
      0,
      0,
      0,
      0,
      0,
      0,
      0,
      0,
      0,
      0,
      0,
      0,
      0,
      0,
      0,
      0,
      0,
      0,
      0,
      1686,
      1686,
      1686,
      1686,
      1686,
      1686,
      1686,
      0,
      0,
      0,
      0,
      0,
      0,
      0,
      0,
      0,
      0,
      0,
      0,
      0,
      0,
      0,
      0,
      0,
      0,
      0,
      0,
      0,
      0,
      0,
      0,
      1687,
      1687,
      1687,
      1687,
      1687,
      1687,
      1687,
      1687,
      1687,
      1687,
      1687,
      1687,
      1687,
      0,
      0,
      0,
      0,
      0,
      0,
      0,
      0,
      0,
      0,
      0,
      0,
      0,
      0,
      0,
      0,
      0,
      0,
      0,
      0,
      0,
      0,
      0,
      0,
      0,
      0,
      0,
      0,
      0,
      0,
      0,
      0,
      0,
      0,
      0,
      0,
      0,
      0,
      0,
      0,
      0,
      0,
      0,
      0,
      0,
      0,
      0,
      0,
      1701,
      1701,
      1701,
      1701,
      1701,
      1701,
      1701,
      1701,
      1698,
      1698,
      1698,
      1698,
      1698,
      1698,
      1698,
      1698,
      1698,
      1698,
      1698,
      1698,
      1698,
      1682,
      1682,
      1682,
      1682,
      1682,
      1682,
      1682,
      1682,
      1682,
      1682,
      1682,
      0,
      0,
      0,
      0,
      0,
      0,
      0,
      0,
      0,
      0,
      0,
      0,
      0,
      0,
      0,
      0,
      0,
      0,
      0,
      0,
      0,
      0,
      0,
      0,
      0,
      0,
      0,
      0,
      0,
      0,
      0,
      1702,
      1702,
      1702,
      1702,
      1693,
      1693,
      1693,
      1693,
      1693,
      1693,
      0,
      0,
      0,
      0,
      0,
      0,
      0,
      0,
      0,
      0,
      0,
      0,
      0,
      0,
      0,
      0,
      0,
      0,
      0,
      0,
      0,
      0,
      0,
      0,
      0,
      0,
      1738,
      1738,
      1683,
      1683,
      1683,
      1683,
      1683,
      1683,
      1721,
      1721,
      1721,
      1721,
      1721,
      0,
      0,
      0,
      0,
      0,
      0,
      0,
      0,
      0,
      0,
      1739,
      1739,
      1699,
      1699,
      1699,
      1699,
      1699,
      1699,
      1699,
      1694,
      1694,
      1694,
      1694,
      1694,
      1678,
      1678,
      1678,
      1678,
      1678,
      1678,
      1708,
      1691,
      1691,
      1691,
      1691,
      1691,
      1691,
      1691,
      1691,
      1691,
      1691,
      1691,
      1695,
      1695,
      1695,
      1695,
      1695,
      1695,
      1696,
      1696,
      1696,
      1696,
      1696,
      1696,
      1696,
      1696,
      1696,
      1675,
      1675,
      1675,
      1675,
      1675,
      1675,
      1675,
      1675,
      1675,
      1675,
      1675,
      1692,
      1692,
      1692,
      1692,
      1692,
      1692,
      1692,
      1692,
      1692,
      1692,
      1692,
      1692,
      1684,
      1684,
      1684,
      1684,
      1684,
      1684,
      1684,
      1684,
      1684,
      1718,
      1718,
      1718,
      0,
      0,
      0,
      0,
      0,
      0,
      0,
      0,
      0,
      0,
      0,
      1724,
      1724,
      1724,
      1724,
      1661,
      1661,
      1688,
      1688,
      1688,
      1688,
      1688,
      1688,
      1688,
      1742,
      0,
      0,
      0,
      0,
      0,
      0,
      0,
      0,
      0,
      0,
      0,
      1680,
      1680,
      1680,
      1680,
      1680,
      1680,
      1680,
      1680,
      0,
      0,
      0,
      0,
      0,
      0,
      0,
      0,
      0,
      0,
      0,
      0,
      0,
      0,
      0,
      0,
      1697,
      1697,
      1697,
      1697,
      1697,
      1697,
      1697,
      1697,
      1697,
      1697,
      1697,
      1697,
      1730,
      0,
      1703,
      1703,
      1703,
      1703,
      1703,
      1703,
      1703,
      1703,
      1703,
      1703
    ],
    [
      1681,
      1681,
      1681,
      1681,
      1681,
      1676,
      1704,
      1704,
      1704,
      1704,
      1704,
      1704,
      1709,
      1709,
      1709,
      1709,
      1709,
      1709,
      1676,
      1715,
      1715,
      1715,
      1715,
      1715,
      1715,
      1715,
      1715,
      1715,
      1715,
      1715,
      0,
      0,
      0,
      0,
      0,
      0,
      0,
      0,
      0,
      0,
      0,
      0,
      0,
      0,
      0,
      0,
      0,
      0,
      0,
      0,
      0,
      0,
      1685,
      1685,
      1685,
      1685,
      1685,
      1685,
      1685,
      1685,
      1685,
      1716,
      1716,
      1700,
      1700,
      1700,
      1700,
      1700,
      1669,
      1669,
      1669,
      1705,
      1705,
      1705,
      1705,
      1705,
      1705,
      1705,
      1705,
      1705,
      1705,
      1705,
      1705,
      1705,
      1689,
      1689,
      1689,
      1689,
      1689,
      1689,
      1689,
      1689,
      1710,
      1710,
      1710,
      1710,
      0,
      0,
      0,
      0,
      1690,
      1690,
      1690,
      1690,
      1690,
      1690,
      1690,
      1690,
      1690,
      1690,
      1690,
      0,
      0,
      0,
      0,
      0,
      0,
      0,
      0,
      0,
      0,
      0,
      0,
      0,
      0,
      0,
      0,
      0,
      0,
      0,
      0,
      1706,
      1706,
      1706,
      1706,
      1706,
      1706,
      1686,
      1686,
      0,
      0,
      0,
      0,
      0,
      0,
      0,
      0,
      0,
      0,
      0,
      0,
      0,
      0,
      0,
      0,
      0,
      0,
      0,
      0,
      1707,
      1707,
      1707,
      1707,
      1707,
      1687,
      1687,
      1687,
      1687,
      0,
      0,
      0,
      0,
      0,
      0,
      0,
      0,
      0,
      0,
      0,
      0,
      0,
      0,
      0,
      0,
      0,
      0,
      0,
      0,
      0,
      0,
      0,
      0,
      0,
      0,
      0,
      0,
      0,
      0,
      0,
      0,
      0,
      0,
      0,
      0,
      0,
      0,
      0,
      0,
      0,
      0,
      0,
      0,
      0,
      0,
      0,
      0,
      0,
      0,
      0,
      0,
      0,
      0,
      0,
      1701,
      1701,
      1701,
      1701,
      1701,
      1701,
      1701,
      1701,
      1701,
      1698,
      1698,
      1698,
      1698,
      1698,
      1698,
      1698,
      1698,
      1698,
      1698,
      1698,
      1698,
      1698,
      1698,
      1698,
      1698,
      1698,
      0,
      0,
      0,
      0,
      0,
      0,
      0,
      0,
      0,
      0,
      0,
      0,
      0,
      0,
      0,
      0,
      0,
      0,
      0,
      0,
      0,
      0,
      0,
      0,
      0,
      0,
      0,
      0,
      0,
      0,
      0,
      0,
      0,
      0,
      0,
      1702,
      1702,
      1702,
      1702,
      1702,
      1702,
      1702,
      1693,
      1693,
      1693,
      1693,
      1693,
      1693,
      1693,
      0,
      0,
      0,
      0,
      0,
      0,
      0,
      0,
      0,
      0,
      0,
      0,
      0,
      0,
      0,
      0,
      0,
      0,
      0,
      0,
      0,
      0,
      0,
      0,
      0,
      1738,
      1738,
      1738,
      1738,
      1738,
      1738,
      1738,
      1738,
      1721,
      1721,
      1721,
      1721,
      1721,
      0,
      0,
      0,
      0,
      0,
      0,
      0,
      0,
      0,
      1739,
      1739,
      1739,
      1699,
      1699,
      1699,
      1699,
      1699,
      1699,
      1699,
      1694,
      1694,
      1694,
      1694,
      1694,
      1694,
      1678,
      1678,
      1678,
      1678,
      1708,
      1708,
      1691,
      1691,
      1691,
      1691,
      1691,
      1691,
      1691,
      1691,
      1691,
      1691,
      1695,
      1695,
      1695,
      1695,
      1695,
      1695,
      1695,
      1696,
      1696,
      1696,
      1696,
      1696,
      1696,
      1696,
      1696,
      1696,
      1675,
      1675,
      1675,
      1675,
      1675,
      1675,
      1675,
      1675,
      1675,
      1675,
      1675,
      1692,
      1692,
      1692,
      1692,
      1692,
      1692,
      1692,
      1692,
      1692,
      1692,
      1692,
      1692,
      1692,
      1692,
      1692,
      1692,
      1692,
      1692,
      1692,
      1718,
      1718,
      1718,
      1718,
      1718,
      0,
      0,
      0,
      0,
      0,
      0,
      0,
      0,
      0,
      0,
      0,
      1724,
      1724,
      1724,
      1724,
      1724,
      1661,
      1688,
      1688,
      1688,
      1688,
      1688,
      1688,
      1742,
      1742,
      0,
      0,
      0,
      0,
      0,
      0,
      0,
      0,
      0,
      0,
      0,
      1680,
      1680,
      1680,
      1680,
      1680,
      1680,
      1680,
      1680,
      0,
      0,
      0,
      0,
      0,
      0,
      0,
      0,
      0,
      0,
      0,
      0,
      0,
      0,
      0,
      0,
      1697,
      1697,
      1697,
      1697,
      1697,
      1697,
      1697,
      1697,
      1697,
      1697,
      1697,
      1697,
      1730,
      0,
      1703,
      1703,
      1703,
      1703,
      1703,
      1703,
      1703,
      1703,
      1703,
      1703
    ],
    [
      1731,
      1681,
      1681,
      1681,
      1681,
      1676,
      1704,
      1704,
      1704,
      1704,
      1704,
      1709,
      1709,
      1709,
      1709,
      1709,
      1709,
      1709,
      1709,
      1715,
      1715,
      1715,
      1715,
      1715,
      1715,
      1715,
      1715,
      1715,
      1715,
      1715,
      1715,
      1715,
      0,
      0,
      0,
      0,
      0,
      0,
      0,
      0,
      0,
      0,
      0,
      0,
      0,
      0,
      0,
      0,
      0,
      0,
      0,
      0,
      1685,
      1685,
      1685,
      1685,
      1685,
      1685,
      1685,
      1716,
      1716,
      1716,
      1716,
      1700,
      1700,
      1700,
      1700,
      1700,
      1669,
      1669,
      1669,
      1705,
      1705,
      1705,
      1705,
      1705,
      1705,
      1705,
      1705,
      1705,
      1705,
      1705,
      1705,
      1705,
      1689,
      1689,
      1689,
      1689,
      1689,
      1689,
      1689,
      1689,
      1710,
      1710,
      1710,
      1710,
      0,
      0,
      0,
      1690,
      1690,
      1690,
      1690,
      1690,
      1690,
      1690,
      1690,
      1690,
      1690,
      1690,
      1690,
      0,
      0,
      0,
      0,
      0,
      0,
      0,
      0,
      0,
      0,
      0,
      0,
      0,
      0,
      0,
      0,
      0,
      0,
      0,
      1706,
      1706,
      1706,
      1706,
      1706,
      1706,
      1706,
      1706,
      1686,
      0,
      0,
      0,
      0,
      0,
      0,
      0,
      0,
      0,
      0,
      0,
      0,
      0,
      0,
      0,
      0,
      0,
      0,
      0,
      1707,
      1707,
      1707,
      1707,
      1707,
      1707,
      1707,
      1687,
      1687,
      1687,
      0,
      0,
      0,
      0,
      0,
      0,
      0,
      0,
      0,
      0,
      0,
      0,
      0,
      0,
      0,
      0,
      0,
      0,
      0,
      0,
      0,
      1712,
      1712,
      1712,
      1712,
      1712,
      1712,
      1712,
      1712,
      1712,
      0,
      0,
      0,
      0,
      0,
      0,
      0,
      0,
      0,
      0,
      0,
      0,
      0,
      0,
      0,
      0,
      0,
      0,
      0,
      1701,
      1701,
      1701,
      1701,
      1701,
      1701,
      1701,
      1701,
      1701,
      1701,
      1701,
      1701,
      1701,
      1701,
      1701,
      1698,
      1698,
      1698,
      1698,
      1698,
      1698,
      1698,
      1698,
      1698,
      1698,
      1698,
      1698,
      1698,
      1698,
      1698,
      1698,
      1698,
      0,
      0,
      0,
      0,
      0,
      0,
      0,
      0,
      0,
      0,
      0,
      0,
      0,
      0,
      0,
      0,
      0,
      0,
      0,
      0,
      0,
      0,
      0,
      0,
      0,
      0,
      0,
      0,
      0,
      0,
      0,
      0,
      0,
      0,
      0,
      1702,
      1702,
      1702,
      1702,
      1702,
      1702,
      1702,
      1702,
      1702,
      1693,
      1693,
      1693,
      1693,
      1693,
      1693,
      1693,
      0,
      0,
      0,
      0,
      0,
      0,
      0,
      0,
      0,
      0,
      0,
      0,
      0,
      0,
      0,
      0,
      0,
      0,
      0,
      0,
      0,
      0,
      0,
      1738,
      1738,
      1738,
      1738,
      1738,
      1738,
      1738,
      1721,
      1721,
      1721,
      1721,
      1721,
      1721,
      0,
      0,
      0,
      0,
      0,
      0,
      0,
      0,
      0,
      1739,
      1739,
      1739,
      1699,
      1699,
      1699,
      1699,
      1699,
      1699,
      1699,
      1694,
      1694,
      1694,
      1694,
      1694,
      1694,
      1708,
      1708,
      1708,
      1708,
      1708,
      1708,
      1691,
      1691,
      1691,
      1691,
      1691,
      1691,
      1691,
      1691,
      1691,
      1695,
      1695,
      1695,
      1695,
      1695,
      1695,
      1696,
      1696,
      1696,
      1696,
      1696,
      1696,
      1696,
      1696,
      1696,
      1696,
      1696,
      1696,
      1675,
      1675,
      1675,
      1675,
      1675,
      1675,
      1675,
      1675,
      1675,
      1675,
      1675,
      1692,
      1692,
      1692,
      1692,
      1692,
      1692,
      1692,
      1692,
      1692,
      1692,
      1692,
      1692,
      1692,
      1692,
      1692,
      1692,
      1718,
      1718,
      1718,
      1718,
      1718,
      1718,
      1718,
      1718,
      1718,
      0,
      0,
      0,
      0,
      0,
      0,
      0,
      0,
      0,
      1724,
      1724,
      1724,
      1724,
      1724,
      1688,
      1688,
      1688,
      1688,
      1688,
      1688,
      1688,
      1742,
      1742,
      0,
      0,
      0,
      0,
      0,
      0,
      0,
      0,
      0,
      0,
      0,
      0,
      1680,
      1680,
      1680,
      1680,
      1680,
      1680,
      1680,
      0,
      0,
      0,
      0,
      0,
      0,
      0,
      0,
      0,
      0,
      0,
      0,
      0,
      0,
      0,
      0,
      1697,
      1697,
      1697,
      1697,
      1697,
      1697,
      1697,
      1697,
      1697,
      1697,
      1697,
      1697,
      1730,
      1703,
      1703,
      1703,
      1703,
      1703,
      1703,
      1703,
      1703,
      1703,
      1703,
      1703
    ],
    [
      1731,
      1731,
      1681,
      1681,
      1681,
      1676,
      1704,
      1704,
      1704,
      1704,
      1704,
      1709,
      1709,
      1709,
      1709,
      1709,
      1709,
      1709,
      1709,
      1709,
      1715,
      1715,
      1715,
      1715,
      1715,
      1715,
      1715,
      1715,
      1715,
      1715,
      1715,
      1715,
      1715,
      0,
      0,
      0,
      0,
      0,
      0,
      0,
      0,
      0,
      0,
      0,
      0,
      0,
      0,
      0,
      0,
      0,
      0,
      0,
      1685,
      1685,
      1685,
      1685,
      1685,
      1685,
      1685,
      1716,
      1716,
      1716,
      1716,
      1700,
      1700,
      1700,
      1700,
      1700,
      1669,
      1669,
      1669,
      1705,
      1705,
      1705,
      1705,
      1705,
      1705,
      1705,
      1705,
      1705,
      1705,
      1705,
      1705,
      1705,
      1689,
      1689,
      1689,
      1689,
      1689,
      1689,
      1689,
      1689,
      1710,
      1710,
      1710,
      1710,
      0,
      0,
      0,
      1711,
      1711,
      1711,
      1711,
      1711,
      1690,
      1690,
      1690,
      1690,
      1690,
      1690,
      1690,
      0,
      0,
      0,
      0,
      0,
      0,
      0,
      0,
      0,
      0,
      0,
      0,
      0,
      0,
      0,
      0,
      0,
      0,
      0,
      1706,
      1706,
      1706,
      1706,
      1706,
      1706,
      1706,
      1706,
      1686,
      0,
      0,
      0,
      0,
      0,
      0,
      0,
      0,
      0,
      0,
      0,
      0,
      0,
      0,
      0,
      0,
      0,
      0,
      0,
      1707,
      1707,
      1707,
      1707,
      1707,
      1707,
      1707,
      1687,
      1687,
      1687,
      0,
      0,
      0,
      0,
      0,
      0,
      0,
      0,
      0,
      0,
      0,
      0,
      0,
      0,
      0,
      0,
      0,
      0,
      1720,
      1712,
      1712,
      1712,
      1712,
      1712,
      1712,
      1712,
      1712,
      1712,
      1712,
      1712,
      0,
      0,
      0,
      0,
      0,
      0,
      0,
      0,
      0,
      0,
      0,
      0,
      0,
      0,
      0,
      0,
      0,
      1701,
      1701,
      1701,
      1701,
      1701,
      1701,
      1701,
      1701,
      1701,
      1701,
      1701,
      1701,
      1701,
      1701,
      1701,
      1701,
      1701,
      1698,
      1698,
      1698,
      1698,
      1698,
      1698,
      1698,
      1698,
      1698,
      1698,
      1698,
      1698,
      1698,
      0,
      0,
      0,
      0,
      0,
      0,
      0,
      0,
      0,
      0,
      0,
      0,
      0,
      0,
      0,
      0,
      0,
      0,
      0,
      0,
      0,
      0,
      0,
      0,
      0,
      0,
      0,
      0,
      0,
      0,
      0,
      0,
      0,
      0,
      0,
      0,
      0,
      1702,
      1702,
      1702,
      1702,
      1702,
      1702,
      1702,
      1702,
      1702,
      1702,
      1702,
      1693,
      1693,
      1693,
      1693,
      1693,
      1693,
      1693,
      1693,
      0,
      0,
      0,
      0,
      1726,
      1726,
      1726,
      1726,
      1726,
      1726,
      0,
      0,
      0,
      0,
      0,
      0,
      0,
      0,
      0,
      0,
      0,
      0,
      1738,
      1738,
      1738,
      1738,
      1738,
      1738,
      1738,
      1721,
      1721,
      1721,
      1721,
      1721,
      1721,
      0,
      0,
      0,
      0,
      0,
      0,
      0,
      0,
      0,
      1739,
      1739,
      1739,
      1699,
      1699,
      1699,
      1699,
      1699,
      1699,
      1699,
      1694,
      1694,
      1694,
      1694,
      1694,
      1708,
      1708,
      1708,
      1708,
      1708,
      1708,
      1708,
      1691,
      1691,
      1691,
      1691,
      1691,
      1691,
      1691,
      1691,
      1691,
      1695,
      1695,
      1695,
      1695,
      1695,
      1695,
      1696,
      1696,
      1696,
      1696,
      1696,
      1696,
      1696,
      1696,
      1696,
      1696,
      1696,
      1696,
      1696,
      1675,
      1675,
      1675,
      1675,
      1675,
      1675,
      1675,
      1675,
      1675,
      1675,
      1692,
      1692,
      1692,
      1692,
      1692,
      1692,
      1692,
      1692,
      1692,
      1692,
      1692,
      1692,
      1692,
      1692,
      1718,
      1718,
      1718,
      1718,
      1718,
      1718,
      1718,
      1718,
      1718,
      1718,
      1718,
      1718,
      1718,
      1718,
      1718,
      1718,
      0,
      0,
      0,
      1724,
      1724,
      1724,
      1724,
      1724,
      1724,
      1688,
      1688,
      1688,
      1688,
      1688,
      1688,
      1742,
      1742,
      1742,
      0,
      0,
      0,
      0,
      0,
      0,
      0,
      0,
      0,
      0,
      0,
      0,
      0,
      0,
      0,
      0,
      0,
      0,
      0,
      0,
      0,
      0,
      0,
      0,
      0,
      0,
      0,
      0,
      0,
      0,
      0,
      0,
      0,
      0,
      0,
      1697,
      1697,
      1697,
      1697,
      1697,
      1697,
      1697,
      1697,
      1697,
      1697,
      1697,
      1697,
      1730,
      1703,
      1703,
      1703,
      1703,
      1703,
      1703,
      1703,
      1703,
      1703,
      1703,
      1703
    ],
    [
      1731,
      1731,
      1731,
      1681,
      1681,
      1676,
      1704,
      1704,
      1704,
      1704,
      1704,
      1709,
      1709,
      1709,
      1709,
      1709,
      1709,
      1709,
      1709,
      1709,
      1715,
      1715,
      1715,
      1715,
      1715,
      1715,
      1715,
      1715,
      1715,
      1715,
      1715,
      1715,
      1715,
      1715,
      0,
      0,
      0,
      0,
      0,
      0,
      0,
      0,
      0,
      0,
      0,
      0,
      0,
      0,
      0,
      0,
      0,
      0,
      1685,
      1685,
      1685,
      1685,
      1685,
      1685,
      1685,
      1716,
      1716,
      1716,
      1716,
      1700,
      1700,
      1700,
      1700,
      1700,
      1669,
      1669,
      1669,
      0,
      1705,
      1705,
      1705,
      1705,
      1705,
      1705,
      1705,
      1705,
      1705,
      1705,
      1705,
      1705,
      1689,
      1689,
      1689,
      1689,
      1689,
      1689,
      1689,
      1689,
      1710,
      1710,
      1710,
      1710,
      1710,
      1710,
      1711,
      1711,
      1711,
      1711,
      1711,
      1711,
      1690,
      1690,
      1690,
      1690,
      1690,
      1690,
      1690,
      0,
      0,
      0,
      0,
      0,
      0,
      0,
      0,
      0,
      0,
      0,
      0,
      0,
      0,
      0,
      0,
      0,
      0,
      0,
      1706,
      1706,
      1706,
      1706,
      1706,
      1706,
      1706,
      1706,
      1686,
      0,
      0,
      0,
      0,
      0,
      0,
      0,
      0,
      0,
      0,
      0,
      0,
      0,
      0,
      0,
      0,
      0,
      0,
      0,
      1707,
      1707,
      1707,
      1707,
      1707,
      1707,
      1707,
      1687,
      1687,
      1687,
      0,
      0,
      0,
      0,
      0,
      0,
      0,
      0,
      0,
      0,
      0,
      0,
      0,
      0,
      0,
      0,
      0,
      0,
      1720,
      1720,
      1712,
      1712,
      1712,
      1712,
      1712,
      1712,
      1712,
      1712,
      1712,
      1712,
      1712,
      0,
      0,
      0,
      0,
      0,
      0,
      0,
      0,
      0,
      0,
      0,
      0,
      0,
      0,
      0,
      0,
      1713,
      1713,
      1713,
      1713,
      1713,
      1713,
      1713,
      1713,
      1701,
      1701,
      1701,
      1701,
      1701,
      1701,
      1701,
      1701,
      1701,
      1725,
      1725,
      1698,
      1698,
      1698,
      1698,
      1698,
      1698,
      1698,
      1698,
      1698,
      1698,
      1698,
      0,
      0,
      0,
      0,
      0,
      0,
      0,
      0,
      0,
      0,
      0,
      0,
      0,
      0,
      0,
      0,
      0,
      0,
      0,
      0,
      0,
      0,
      0,
      0,
      0,
      0,
      0,
      0,
      0,
      0,
      0,
      0,
      0,
      0,
      0,
      1719,
      1719,
      1719,
      1719,
      1719,
      1719,
      1702,
      1702,
      1702,
      1702,
      1702,
      1702,
      1702,
      1693,
      1693,
      1714,
      1714,
      1714,
      1714,
      1714,
      1714,
      1714,
      0,
      0,
      0,
      1726,
      1726,
      1726,
      1726,
      1726,
      1726,
      1726,
      1726,
      1726,
      0,
      0,
      0,
      0,
      0,
      1738,
      1738,
      1738,
      1738,
      1738,
      1738,
      1738,
      1738,
      1738,
      1738,
      1721,
      1721,
      1721,
      1721,
      1721,
      1721,
      1721,
      0,
      0,
      0,
      0,
      0,
      0,
      0,
      0,
      0,
      1739,
      1739,
      1739,
      1699,
      1699,
      1699,
      1699,
      1699,
      1699,
      1699,
      1694,
      1694,
      1722,
      1722,
      1722,
      1722,
      1708,
      1708,
      1708,
      1708,
      1708,
      1708,
      1708,
      1708,
      1691,
      1691,
      1691,
      1691,
      1691,
      1691,
      1717,
      1717,
      1717,
      1717,
      1717,
      1717,
      1695,
      1696,
      1696,
      1696,
      1696,
      1696,
      1696,
      1696,
      1696,
      1696,
      1696,
      1696,
      1696,
      1696,
      1675,
      1675,
      1675,
      1675,
      1675,
      1675,
      1675,
      1675,
      1675,
      1675,
      1675,
      1692,
      1692,
      1692,
      1692,
      1692,
      1692,
      1692,
      1692,
      1692,
      1692,
      1692,
      1692,
      1692,
      1718,
      1718,
      1718,
      1718,
      1718,
      1718,
      1718,
      1718,
      1718,
      1718,
      1718,
      1718,
      1718,
      1718,
      1718,
      1718,
      0,
      0,
      0,
      1724,
      1724,
      1724,
      1724,
      1724,
      1724,
      1724,
      1724,
      1724,
      1724,
      1724,
      1724,
      1742,
      1742,
      1742,
      0,
      0,
      0,
      0,
      0,
      0,
      0,
      0,
      0,
      0,
      0,
      0,
      0,
      0,
      0,
      0,
      0,
      0,
      0,
      0,
      0,
      0,
      0,
      0,
      0,
      0,
      0,
      0,
      0,
      0,
      0,
      0,
      0,
      0,
      0,
      1697,
      1697,
      1697,
      1697,
      1697,
      1697,
      1697,
      1697,
      1697,
      1697,
      1697,
      1697,
      1730,
      1703,
      1703,
      1703,
      1703,
      1703,
      1703,
      1703,
      1703,
      1703,
      1703,
      1703
    ],
    [
      1731,
      1731,
      1731,
      1731,
      1731,
      1676,
      1704,
      1704,
      1704,
      1704,
      1704,
      1709,
      1709,
      1709,
      1709,
      1709,
      1709,
      1709,
      1709,
      1709,
      1709,
      1709,
      1715,
      1715,
      1715,
      1715,
      1715,
      1715,
      1715,
      1715,
      1715,
      1715,
      1715,
      1715,
      0,
      0,
      0,
      0,
      0,
      0,
      0,
      0,
      0,
      0,
      0,
      0,
      0,
      0,
      0,
      0,
      0,
      0,
      1685,
      1685,
      1685,
      1685,
      1716,
      1716,
      1716,
      1716,
      1716,
      1716,
      1716,
      1700,
      1700,
      1700,
      1700,
      1700,
      1669,
      1669,
      0,
      0,
      1705,
      1705,
      1705,
      1705,
      1705,
      1705,
      1705,
      1705,
      1705,
      1705,
      1705,
      1705,
      1705,
      1705,
      1705,
      1705,
      1705,
      1705,
      1710,
      1710,
      1710,
      1710,
      1710,
      1710,
      1710,
      1710,
      1711,
      1711,
      1711,
      1711,
      1711,
      1711,
      1690,
      1690,
      1690,
      1690,
      1690,
      1690,
      1690,
      0,
      0,
      0,
      0,
      0,
      0,
      0,
      0,
      0,
      0,
      0,
      0,
      0,
      0,
      0,
      0,
      0,
      0,
      0,
      1706,
      1706,
      1706,
      1706,
      1706,
      1706,
      1706,
      1706,
      1686,
      0,
      0,
      0,
      0,
      0,
      0,
      0,
      0,
      0,
      0,
      0,
      0,
      0,
      0,
      0,
      0,
      0,
      0,
      0,
      1707,
      1707,
      1707,
      1707,
      1707,
      1707,
      1707,
      0,
      0,
      0,
      0,
      0,
      0,
      0,
      0,
      0,
      0,
      0,
      0,
      0,
      0,
      0,
      0,
      0,
      0,
      0,
      0,
      0,
      1720,
      1720,
      1712,
      1712,
      1712,
      1712,
      1712,
      1712,
      1712,
      1712,
      1712,
      1712,
      1712,
      0,
      0,
      0,
      0,
      0,
      0,
      0,
      0,
      0,
      0,
      0,
      0,
      0,
      0,
      0,
      1735,
      1713,
      1713,
      1713,
      1713,
      1713,
      1713,
      1713,
      1713,
      1713,
      1713,
      1713,
      1713,
      1713,
      1713,
      1701,
      1701,
      1701,
      1725,
      1725,
      1698,
      1698,
      1698,
      1698,
      1698,
      1698,
      1698,
      1725,
      1725,
      1725,
      1725,
      0,
      0,
      0,
      0,
      0,
      0,
      0,
      0,
      0,
      0,
      0,
      0,
      0,
      0,
      0,
      0,
      0,
      0,
      0,
      0,
      0,
      0,
      0,
      0,
      0,
      0,
      0,
      0,
      0,
      0,
      0,
      0,
      0,
      1736,
      1736,
      1719,
      1719,
      1719,
      1719,
      1719,
      1719,
      1719,
      1702,
      1702,
      1702,
      1702,
      1702,
      1702,
      1693,
      1693,
      1714,
      1714,
      1714,
      1714,
      1714,
      1714,
      1714,
      0,
      0,
      0,
      1726,
      1726,
      1726,
      1726,
      1726,
      1726,
      1726,
      1726,
      1726,
      1726,
      1726,
      1726,
      1726,
      1726,
      1738,
      1738,
      1738,
      1738,
      1738,
      1738,
      1738,
      1738,
      1738,
      1738,
      1721,
      1721,
      1721,
      1721,
      1721,
      1721,
      1721,
      0,
      0,
      0,
      0,
      0,
      0,
      0,
      0,
      0,
      1739,
      1739,
      1739,
      1699,
      1699,
      1699,
      1699,
      1699,
      1699,
      1699,
      1694,
      1694,
      1722,
      1722,
      1722,
      1722,
      1708,
      1708,
      1708,
      1708,
      1708,
      1708,
      1708,
      1708,
      1691,
      1691,
      1691,
      1691,
      1728,
      1728,
      1717,
      1717,
      1717,
      1717,
      1717,
      1717,
      1740,
      1696,
      1696,
      1696,
      1696,
      1696,
      1696,
      1696,
      1696,
      1696,
      1696,
      1696,
      1696,
      1696,
      1675,
      1675,
      1675,
      1675,
      1675,
      1675,
      1675,
      1675,
      1675,
      1675,
      1675,
      1692,
      1692,
      1692,
      1692,
      1692,
      1692,
      1692,
      1692,
      1692,
      1692,
      1692,
      1692,
      1692,
      1692,
      1718,
      1718,
      1718,
      1718,
      1718,
      1718,
      1718,
      1718,
      1718,
      1718,
      1718,
      1718,
      1718,
      1718,
      1718,
      0,
      0,
      0,
      1724,
      1724,
      1724,
      1724,
      1724,
      1724,
      1724,
      1724,
      1724,
      1724,
      1724,
      1742,
      1742,
      1742,
      1742,
      0,
      0,
      0,
      0,
      0,
      0,
      0,
      0,
      0,
      0,
      0,
      0,
      0,
      0,
      0,
      0,
      0,
      0,
      0,
      0,
      0,
      0,
      0,
      0,
      0,
      0,
      0,
      0,
      0,
      0,
      0,
      0,
      0,
      0,
      0,
      1697,
      1697,
      1697,
      1697,
      1697,
      1697,
      1697,
      1697,
      1697,
      1697,
      1697,
      1697,
      1730,
      1703,
      1703,
      1703,
      1703,
      1703,
      1703,
      1703,
      1703,
      1703,
      1703,
      1703
    ],
    [
      1731,
      1731,
      1731,
      1731,
      1731,
      1731,
      1704,
      1709,
      1709,
      1709,
      1709,
      1709,
      1709,
      1709,
      1709,
      1709,
      1709,
      1709,
      1709,
      1709,
      1709,
      1709,
      1709,
      1715,
      1715,
      1715,
      1715,
      1715,
      1715,
      1715,
      1715,
      1715,
      1715,
      1715,
      0,
      0,
      0,
      0,
      0,
      0,
      0,
      0,
      0,
      0,
      0,
      0,
      0,
      0,
      0,
      0,
      0,
      0,
      1685,
      1685,
      1685,
      1716,
      1716,
      1716,
      1716,
      1716,
      1716,
      1716,
      1716,
      1716,
      1716,
      1716,
      1716,
      1716,
      1716,
      1669,
      0,
      0,
      1705,
      1705,
      1705,
      1705,
      1705,
      1705,
      1705,
      1705,
      1705,
      1705,
      1705,
      1705,
      1705,
      1705,
      1705,
      1705,
      1705,
      1710,
      1710,
      1710,
      1710,
      1710,
      1710,
      1710,
      1710,
      1710,
      1711,
      1711,
      1711,
      1711,
      1711,
      1711,
      1690,
      1690,
      1690,
      1690,
      0,
      0,
      0,
      0,
      0,
      0,
      0,
      0,
      0,
      0,
      0,
      0,
      0,
      0,
      0,
      0,
      0,
      0,
      0,
      0,
      0,
      0,
      1706,
      1706,
      1706,
      1706,
      1706,
      1706,
      1706,
      1706,
      1686,
      0,
      0,
      0,
      0,
      0,
      0,
      0,
      0,
      0,
      0,
      0,
      0,
      0,
      0,
      0,
      0,
      0,
      0,
      0,
      1707,
      1707,
      1707,
      1707,
      1707,
      1707,
      0,
      0,
      0,
      0,
      0,
      0,
      0,
      0,
      0,
      0,
      0,
      0,
      0,
      0,
      0,
      0,
      0,
      0,
      0,
      0,
      0,
      0,
      1720,
      1720,
      1712,
      1712,
      1712,
      1712,
      1712,
      1712,
      1712,
      1712,
      1712,
      1712,
      1712,
      0,
      0,
      0,
      0,
      1735,
      1735,
      1735,
      1735,
      0,
      0,
      0,
      0,
      0,
      0,
      1735,
      1735,
      1713,
      1713,
      1713,
      1713,
      1713,
      1713,
      1713,
      1713,
      1713,
      1713,
      1713,
      1713,
      1713,
      1713,
      1713,
      1701,
      1725,
      1725,
      1725,
      1725,
      1725,
      1725,
      1725,
      1725,
      1725,
      1725,
      1725,
      1725,
      1725,
      1725,
      0,
      0,
      0,
      0,
      0,
      0,
      0,
      0,
      0,
      0,
      0,
      0,
      0,
      0,
      0,
      0,
      0,
      0,
      0,
      0,
      0,
      0,
      0,
      0,
      0,
      0,
      0,
      0,
      0,
      0,
      0,
      0,
      1736,
      1736,
      1736,
      1736,
      1719,
      1719,
      1719,
      1719,
      1719,
      1719,
      1719,
      1702,
      1702,
      1702,
      1702,
      1702,
      1693,
      1693,
      1714,
      1714,
      1714,
      1714,
      1714,
      1714,
      1714,
      0,
      0,
      0,
      1726,
      1726,
      1726,
      1726,
      1726,
      1726,
      1726,
      1726,
      1726,
      1726,
      1726,
      1726,
      1726,
      1726,
      1738,
      1738,
      1738,
      1738,
      1738,
      1738,
      1738,
      1738,
      1738,
      1738,
      1721,
      1721,
      1721,
      1721,
      1721,
      1721,
      1721,
      0,
      0,
      0,
      0,
      0,
      0,
      0,
      0,
      0,
      1739,
      1739,
      1739,
      1739,
      1739,
      1739,
      1739,
      1739,
      1739,
      1722,
      1722,
      1722,
      1722,
      1722,
      1722,
      1722,
      1708,
      1708,
      1727,
      1727,
      1727,
      1727,
      1727,
      1727,
      1727,
      1691,
      1691,
      1691,
      1728,
      1728,
      1717,
      1717,
      1717,
      1717,
      1717,
      1717,
      1740,
      1740,
      1740,
      1696,
      1696,
      1696,
      1696,
      1696,
      1696,
      1696,
      1675,
      1675,
      1675,
      1675,
      1675,
      1675,
      1675,
      1675,
      1675,
      1675,
      1723,
      1723,
      1723,
      1723,
      1723,
      1723,
      1729,
      1692,
      1692,
      1692,
      1692,
      1692,
      1692,
      1692,
      1692,
      1692,
      1692,
      1692,
      1692,
      1718,
      1718,
      1718,
      1718,
      1718,
      1718,
      1718,
      1718,
      1718,
      1718,
      1718,
      1718,
      1718,
      1718,
      1718,
      1724,
      1724,
      1724,
      1724,
      1724,
      1724,
      1724,
      1724,
      1724,
      1724,
      1724,
      1724,
      1742,
      1742,
      1742,
      1742,
      1742,
      1742,
      0,
      0,
      0,
      0,
      0,
      0,
      0,
      0,
      0,
      0,
      0,
      0,
      0,
      0,
      0,
      0,
      0,
      0,
      0,
      0,
      0,
      0,
      0,
      0,
      0,
      0,
      0,
      0,
      0,
      0,
      0,
      0,
      0,
      0,
      0,
      0,
      1697,
      1697,
      1697,
      1697,
      1697,
      1697,
      1697,
      1730,
      1730,
      1730,
      1730,
      1730,
      1703,
      1703,
      1703,
      1703,
      1703,
      1703,
      1703,
      1703,
      1703,
      1703,
      1703
    ],
    [
      1731,
      1731,
      1731,
      1731,
      1731,
      1731,
      1709,
      1709,
      1709,
      1709,
      1709,
      1709,
      1709,
      1709,
      1709,
      1709,
      1709,
      1709,
      1709,
      1709,
      1709,
      1709,
      1709,
      1715,
      1715,
      1715,
      1715,
      1715,
      1715,
      1715,
      1715,
      1715,
      1715,
      1715,
      0,
      0,
      0,
      0,
      0,
      0,
      0,
      0,
      0,
      0,
      0,
      0,
      0,
      0,
      0,
      0,
      0,
      0,
      1685,
      1685,
      1716,
      1716,
      1716,
      1716,
      1716,
      1716,
      1716,
      1716,
      1716,
      1716,
      1716,
      1716,
      1716,
      1716,
      1716,
      0,
      0,
      0,
      0,
      0,
      0,
      1705,
      1705,
      1705,
      1705,
      1705,
      1705,
      1705,
      1705,
      1705,
      1705,
      1705,
      1705,
      1705,
      1734,
      1734,
      1734,
      1734,
      1734,
      1710,
      1710,
      1710,
      1710,
      1711,
      1711,
      1711,
      1711,
      1711,
      1711,
      1711,
      1690,
      1690,
      1690,
      1690,
      0,
      0,
      0,
      0,
      0,
      0,
      0,
      0,
      0,
      0,
      0,
      0,
      0,
      0,
      0,
      0,
      0,
      0,
      0,
      0,
      0,
      0,
      1706,
      1706,
      1706,
      1706,
      1706,
      1706,
      1706,
      1706,
      1686,
      0,
      0,
      0,
      0,
      0,
      0,
      0,
      0,
      0,
      0,
      0,
      0,
      0,
      0,
      0,
      0,
      0,
      0,
      0,
      0,
      1707,
      1707,
      1707,
      1707,
      1707,
      0,
      0,
      0,
      0,
      0,
      0,
      0,
      0,
      0,
      0,
      0,
      0,
      0,
      0,
      0,
      0,
      0,
      0,
      0,
      0,
      0,
      0,
      1720,
      1720,
      1712,
      1712,
      1712,
      1712,
      1712,
      1712,
      1712,
      1712,
      1712,
      1712,
      1712,
      0,
      1735,
      1735,
      1735,
      1735,
      1735,
      1735,
      1735,
      1735,
      1735,
      1735,
      0,
      1735,
      1735,
      1735,
      1735,
      1713,
      1713,
      1713,
      1713,
      1713,
      1713,
      1713,
      1713,
      1713,
      1713,
      1713,
      1713,
      1713,
      1713,
      1725,
      1725,
      1725,
      1725,
      1725,
      1725,
      1725,
      1725,
      1725,
      1725,
      1725,
      1725,
      1725,
      1725,
      1725,
      1725,
      0,
      0,
      0,
      0,
      0,
      0,
      0,
      0,
      0,
      0,
      0,
      0,
      0,
      0,
      0,
      0,
      0,
      0,
      0,
      0,
      0,
      0,
      0,
      0,
      0,
      0,
      0,
      0,
      0,
      0,
      0,
      0,
      1736,
      1736,
      1736,
      1736,
      1719,
      1719,
      1719,
      1719,
      1719,
      1719,
      1719,
      1702,
      1702,
      1702,
      1702,
      1737,
      1693,
      1693,
      1714,
      1714,
      1714,
      1714,
      1714,
      1714,
      1714,
      0,
      1726,
      1726,
      1726,
      1726,
      1726,
      1726,
      1726,
      1726,
      1726,
      1726,
      1726,
      1726,
      1726,
      1726,
      1726,
      1726,
      1738,
      1738,
      1738,
      1738,
      1738,
      1738,
      1738,
      1738,
      1738,
      1738,
      1721,
      1721,
      1721,
      1721,
      1721,
      1721,
      1721,
      0,
      0,
      0,
      0,
      0,
      0,
      0,
      1739,
      1739,
      1739,
      1739,
      1739,
      1739,
      1739,
      1739,
      1739,
      1739,
      1722,
      1722,
      1722,
      1722,
      1722,
      1722,
      1722,
      1722,
      1708,
      1708,
      1727,
      1727,
      1727,
      1727,
      1727,
      1727,
      1727,
      1728,
      1728,
      1728,
      1728,
      1728,
      1717,
      1717,
      1717,
      1717,
      1717,
      1717,
      1740,
      1740,
      1740,
      1696,
      1696,
      1696,
      1696,
      1696,
      1696,
      1696,
      1696,
      1675,
      1675,
      1675,
      1675,
      1675,
      1675,
      1741,
      1675,
      1723,
      1723,
      1723,
      1723,
      1723,
      1723,
      1723,
      1729,
      1729,
      1729,
      1729,
      1729,
      1692,
      1692,
      1692,
      1692,
      1692,
      1692,
      1692,
      1718,
      1718,
      1718,
      1718,
      1718,
      1718,
      1718,
      1718,
      1718,
      1718,
      1718,
      1718,
      1718,
      1718,
      1718,
      1724,
      1724,
      1724,
      1724,
      1724,
      1724,
      1724,
      1724,
      1724,
      1724,
      1724,
      1742,
      1742,
      1742,
      1742,
      1742,
      1742,
      1742,
      1742,
      0,
      0,
      0,
      0,
      0,
      0,
      0,
      0,
      0,
      0,
      0,
      0,
      0,
      0,
      0,
      0,
      0,
      0,
      0,
      0,
      0,
      0,
      0,
      0,
      0,
      0,
      0,
      0,
      0,
      0,
      0,
      0,
      0,
      0,
      0,
      0,
      0,
      1730,
      1730,
      1730,
      1730,
      1730,
      1730,
      1730,
      1730,
      1730,
      1730,
      1730,
      1703,
      1703,
      1703,
      1703,
      1703,
      1703,
      1703,
      1703,
      1703,
      1703,
      1703
    ],
    [
      1731,
      1731,
      1731,
      1731,
      1731,
      1731,
      1731,
      1709,
      1709,
      1709,
      1709,
      1709,
      1709,
      1709,
      1709,
      1709,
      1709,
      1709,
      1709,
      1709,
      1709,
      1709,
      1709,
      1709,
      1715,
      1715,
      1715,
      1715,
      1715,
      1715,
      1715,
      1715,
      1715,
      1715,
      0,
      0,
      0,
      0,
      0,
      0,
      0,
      0,
      0,
      0,
      0,
      0,
      0,
      0,
      0,
      0,
      0,
      0,
      1685,
      1685,
      1716,
      1716,
      1716,
      1716,
      1716,
      1716,
      1716,
      1716,
      1716,
      1716,
      1716,
      1716,
      1716,
      1716,
      0,
      0,
      0,
      0,
      0,
      0,
      0,
      0,
      0,
      1734,
      1734,
      1734,
      1734,
      1734,
      1734,
      1734,
      1734,
      1734,
      1734,
      1734,
      1734,
      1734,
      1734,
      1734,
      1734,
      1734,
      1734,
      1734,
      1711,
      1711,
      1711,
      1711,
      1711,
      1711,
      1711,
      1711,
      1690,
      1690,
      1690,
      1690,
      0,
      0,
      0,
      0,
      0,
      0,
      0,
      0,
      0,
      0,
      0,
      0,
      0,
      0,
      0,
      0,
      0,
      0,
      0,
      0,
      0,
      0,
      0,
      1706,
      1706,
      1706,
      1706,
      1706,
      1706,
      1706,
      0,
      0,
      0,
      0,
      0,
      0,
      0,
      0,
      0,
      0,
      0,
      0,
      0,
      0,
      0,
      0,
      0,
      0,
      0,
      0,
      0,
      0,
      0,
      0,
      0,
      0,
      0,
      0,
      0,
      0,
      0,
      0,
      0,
      0,
      0,
      0,
      0,
      0,
      0,
      0,
      0,
      0,
      0,
      0,
      0,
      1720,
      1720,
      1720,
      1720,
      1720,
      1720,
      1720,
      1720,
      1720,
      1712,
      1712,
      1712,
      1712,
      1712,
      1712,
      1712,
      1735,
      1735,
      1735,
      1735,
      1735,
      1735,
      1735,
      1735,
      1735,
      1735,
      1735,
      1735,
      1735,
      1735,
      1735,
      1735,
      1713,
      1713,
      1713,
      1713,
      1713,
      1713,
      1713,
      1713,
      1713,
      1713,
      1713,
      1713,
      1725,
      1725,
      1725,
      1725,
      1725,
      1725,
      1725,
      1725,
      1725,
      1725,
      1725,
      1725,
      1725,
      1725,
      1725,
      1725,
      1725,
      1725,
      0,
      0,
      0,
      0,
      0,
      0,
      0,
      0,
      0,
      0,
      0,
      0,
      0,
      0,
      0,
      0,
      0,
      0,
      0,
      0,
      0,
      0,
      0,
      0,
      0,
      0,
      0,
      0,
      1736,
      1736,
      1736,
      1736,
      1736,
      1736,
      1736,
      1736,
      1719,
      1719,
      1719,
      1719,
      1719,
      1719,
      1719,
      1702,
      1702,
      1702,
      1702,
      1737,
      1693,
      1693,
      1714,
      1714,
      1714,
      1714,
      1714,
      1714,
      1714,
      1726,
      1726,
      1726,
      1726,
      1726,
      1726,
      1726,
      1726,
      1726,
      1726,
      1726,
      1726,
      1726,
      1726,
      1726,
      1726,
      1726,
      1738,
      1738,
      1738,
      1738,
      1738,
      1738,
      1738,
      1738,
      1738,
      1738,
      1721,
      1721,
      1721,
      1721,
      1721,
      1721,
      1721,
      1721,
      0,
      0,
      0,
      0,
      0,
      0,
      1739,
      1739,
      1739,
      1739,
      1739,
      1739,
      1739,
      1739,
      1722,
      1722,
      1722,
      1722,
      1722,
      1722,
      1722,
      1722,
      1722,
      1722,
      1708,
      1708,
      1727,
      1727,
      1727,
      1727,
      1727,
      1727,
      1727,
      1728,
      1728,
      1728,
      1728,
      1728,
      1717,
      1717,
      1717,
      1717,
      1717,
      1717,
      1740,
      1740,
      1740,
      1696,
      1696,
      1696,
      1696,
      1696,
      1696,
      1696,
      1696,
      1675,
      1675,
      1675,
      1675,
      1675,
      1741,
      1741,
      1741,
      1723,
      1723,
      1723,
      1723,
      1723,
      1723,
      1723,
      1729,
      1729,
      1729,
      1729,
      1729,
      1729,
      1729,
      1729,
      1729,
      1729,
      1729,
      1729,
      1718,
      1718,
      1718,
      1718,
      1718,
      1718,
      1718,
      1718,
      1718,
      1718,
      1718,
      1718,
      1718,
      1718,
      1724,
      1724,
      1724,
      1724,
      1724,
      1724,
      1724,
      1724,
      1724,
      1724,
      1724,
      1724,
      1742,
      1742,
      1742,
      1742,
      1742,
      1742,
      1742,
      1742,
      0,
      0,
      0,
      0,
      0,
      0,
      0,
      0,
      0,
      0,
      0,
      0,
      0,
      0,
      0,
      0,
      0,
      0,
      0,
      0,
      0,
      0,
      0,
      0,
      0,
      0,
      0,
      0,
      0,
      0,
      0,
      0,
      0,
      0,
      0,
      0,
      0,
      1730,
      1730,
      1730,
      1730,
      1730,
      1730,
      1730,
      1730,
      1730,
      1730,
      1730,
      1703,
      1703,
      1703,
      1703,
      1703,
      1703,
      1703,
      1703,
      1703,
      1703,
      1703
    ],
    [
      1731,
      1731,
      1731,
      1731,
      1731,
      1731,
      1731,
      1731,
      1731,
      1709,
      1709,
      1709,
      1709,
      1709,
      1709,
      1709,
      1709,
      1709,
      1709,
      1709,
      1709,
      1709,
      1709,
      1709,
      1709,
      1715,
      1715,
      1715,
      1715,
      1715,
      1715,
      1715,
      1715,
      1715,
      0,
      0,
      0,
      0,
      0,
      0,
      0,
      0,
      0,
      1733,
      1733,
      1733,
      1733,
      1733,
      1733,
      1733,
      1733,
      1733,
      1733,
      1733,
      1716,
      1716,
      1716,
      1716,
      1716,
      1716,
      1716,
      1716,
      1716,
      1716,
      1716,
      1716,
      1716,
      0,
      0,
      0,
      0,
      0,
      0,
      0,
      0,
      0,
      0,
      0,
      1734,
      1734,
      1734,
      1734,
      1734,
      1734,
      1734,
      1734,
      1734,
      1734,
      1734,
      1734,
      1734,
      1734,
      1734,
      1734,
      1734,
      1734,
      1711,
      1711,
      1711,
      1711,
      1711,
      1711,
      1711,
      1711,
      1690,
      1690,
      1690,
      1690,
      0,
      0,
      0,
      0,
      0,
      0,
      0,
      0,
      0,
      0,
      0,
      0,
      0,
      0,
      0,
      0,
      0,
      0,
      0,
      0,
      0,
      0,
      0,
      0,
      0,
      0,
      0,
      0,
      0,
      0,
      0,
      0,
      0,
      0,
      0,
      0,
      0,
      0,
      0,
      0,
      0,
      0,
      0,
      0,
      0,
      0,
      0,
      0,
      0,
      0,
      0,
      0,
      0,
      0,
      0,
      0,
      0,
      0,
      0,
      0,
      0,
      0,
      0,
      0,
      0,
      0,
      0,
      0,
      0,
      0,
      0,
      0,
      0,
      0,
      0,
      1720,
      1720,
      1720,
      1720,
      1720,
      1720,
      1720,
      1720,
      1720,
      1720,
      1720,
      1720,
      1720,
      1720,
      1712,
      1735,
      1735,
      1735,
      1735,
      1735,
      1735,
      1735,
      1735,
      1735,
      1735,
      1735,
      1735,
      1735,
      1735,
      1735,
      1735,
      1735,
      1713,
      1713,
      1713,
      1713,
      1713,
      1713,
      1713,
      1713,
      1713,
      1713,
      1713,
      1725,
      1725,
      1725,
      1725,
      1725,
      1725,
      1725,
      1725,
      1725,
      1725,
      1725,
      1725,
      1725,
      1725,
      1725,
      1725,
      1725,
      1725,
      1725,
      1725,
      1725,
      1725,
      1725,
      1725,
      0,
      0,
      0,
      0,
      0,
      0,
      0,
      0,
      0,
      0,
      0,
      0,
      0,
      0,
      0,
      0,
      0,
      0,
      0,
      0,
      0,
      0,
      1736,
      1736,
      1736,
      1736,
      1736,
      1736,
      1736,
      1736,
      1736,
      1719,
      1719,
      1719,
      1719,
      1719,
      1719,
      1737,
      1737,
      1737,
      1737,
      1737,
      1737,
      1737,
      1714,
      1714,
      1714,
      1714,
      1714,
      1714,
      1714,
      1714,
      1726,
      1726,
      1726,
      1726,
      1726,
      1726,
      1726,
      1726,
      1726,
      1726,
      1726,
      1726,
      1726,
      1726,
      1726,
      1726,
      1726,
      1738,
      1738,
      1738,
      1738,
      1738,
      1738,
      1738,
      1738,
      1738,
      1738,
      1721,
      1721,
      1721,
      1721,
      1721,
      1721,
      1721,
      1721,
      0,
      0,
      0,
      0,
      0,
      1739,
      1739,
      1739,
      1739,
      1739,
      1739,
      1739,
      1739,
      1739,
      1722,
      1722,
      1722,
      1722,
      1722,
      1722,
      1722,
      1722,
      1722,
      1722,
      1708,
      1708,
      1727,
      1727,
      1727,
      1727,
      1727,
      1727,
      1727,
      1728,
      1728,
      1728,
      1728,
      1728,
      1717,
      1717,
      1717,
      1717,
      1717,
      1717,
      1740,
      1740,
      1740,
      1740,
      1740,
      1740,
      1740,
      1740,
      1740,
      1740,
      1740,
      1741,
      1741,
      1741,
      1741,
      1741,
      1741,
      1741,
      1741,
      1723,
      1723,
      1723,
      1723,
      1723,
      1723,
      1723,
      1729,
      1729,
      1729,
      1729,
      1729,
      1729,
      1729,
      1729,
      1729,
      1729,
      1729,
      1729,
      1729,
      1718,
      1718,
      1718,
      1718,
      1718,
      1718,
      1718,
      1718,
      1724,
      1724,
      1724,
      1724,
      1724,
      1724,
      1724,
      1724,
      1724,
      1724,
      1724,
      1724,
      1724,
      1724,
      1724,
      1724,
      1724,
      1724,
      1742,
      1742,
      1742,
      1742,
      1742,
      1742,
      1742,
      0,
      0,
      0,
      0,
      0,
      0,
      0,
      0,
      0,
      0,
      0,
      0,
      0,
      0,
      0,
      0,
      0,
      0,
      0,
      0,
      0,
      0,
      0,
      0,
      0,
      0,
      0,
      0,
      0,
      0,
      0,
      0,
      0,
      0,
      0,
      0,
      0,
      1730,
      1730,
      1730,
      1730,
      1730,
      1730,
      1730,
      1730,
      1730,
      1730,
      1730,
      1730,
      1730,
      1703,
      1703,
      1703,
      1703,
      1703,
      1703,
      1703,
      1703,
      1703
    ],
    [
      1731,
      1731,
      1731,
      1731,
      1731,
      1731,
      1731,
      1731,
      1731,
      1709,
      1709,
      1709,
      1709,
      1709,
      1709,
      1709,
      1709,
      1709,
      1709,
      1709,
      1709,
      1709,
      1709,
      1709,
      1709,
      1715,
      1715,
      1715,
      1715,
      1715,
      1715,
      1715,
      1715,
      1715,
      0,
      0,
      0,
      0,
      0,
      0,
      0,
      1732,
      1732,
      1732,
      1732,
      1732,
      1732,
      1733,
      1733,
      1733,
      1733,
      1733,
      1733,
      1733,
      1716,
      1716,
      1716,
      1716,
      1716,
      1716,
      1716,
      1716,
      1716,
      1716,
      0,
      0,
      0,
      0,
      0,
      0,
      0,
      0,
      0,
      0,
      0,
      0,
      0,
      0,
      1734,
      1734,
      1734,
      1734,
      1734,
      1734,
      1734,
      1734,
      1734,
      1734,
      1734,
      1734,
      1734,
      1734,
      1734,
      1734,
      1734,
      1711,
      1711,
      1711,
      1711,
      1711,
      1711,
      1711,
      1711,
      1711,
      1690,
      1690,
      1690,
      1690,
      0,
      0,
      0,
      0,
      0,
      0,
      0,
      0,
      0,
      0,
      0,
      0,
      0,
      0,
      0,
      0,
      0,
      0,
      0,
      0,
      0,
      0,
      0,
      0,
      0,
      0,
      0,
      0,
      0,
      0,
      0,
      0,
      0,
      0,
      0,
      0,
      0,
      0,
      0,
      0,
      0,
      0,
      0,
      0,
      0,
      0,
      0,
      0,
      0,
      0,
      0,
      0,
      0,
      0,
      0,
      0,
      0,
      0,
      0,
      0,
      0,
      0,
      0,
      0,
      0,
      0,
      0,
      0,
      0,
      0,
      0,
      0,
      0,
      0,
      1720,
      1720,
      1720,
      1720,
      1720,
      1720,
      1720,
      1720,
      1720,
      1720,
      1720,
      1720,
      1720,
      1720,
      1720,
      1735,
      1735,
      1735,
      1735,
      1735,
      1735,
      1735,
      1735,
      1735,
      1735,
      1735,
      1735,
      1735,
      1735,
      1735,
      1735,
      1735,
      1735,
      1725,
      1725,
      1725,
      1725,
      1725,
      1725,
      1725,
      1725,
      1725,
      1725,
      1725,
      1725,
      1725,
      1725,
      1725,
      1725,
      1725,
      1725,
      1725,
      1725,
      1725,
      1725,
      1725,
      1725,
      1725,
      1725,
      1725,
      1725,
      1725,
      1725,
      1725,
      1725,
      1725,
      1725,
      1725,
      0,
      0,
      0,
      0,
      0,
      0,
      0,
      0,
      0,
      0,
      0,
      0,
      0,
      0,
      0,
      0,
      0,
      0,
      0,
      0,
      1736,
      1736,
      1736,
      1736,
      1736,
      1736,
      1736,
      1736,
      1736,
      1736,
      1736,
      1719,
      1719,
      1719,
      1719,
      1719,
      1719,
      1737,
      1737,
      1737,
      1737,
      1737,
      1737,
      1737,
      1737,
      1714,
      1714,
      1714,
      1714,
      1714,
      1714,
      1726,
      1726,
      1726,
      1726,
      1726,
      1726,
      1726,
      1726,
      1726,
      1726,
      1726,
      1726,
      1726,
      1726,
      1726,
      1726,
      1726,
      1726,
      1738,
      1738,
      1738,
      1738,
      1738,
      1738,
      1738,
      1738,
      1738,
      1738,
      1721,
      1721,
      1721,
      1721,
      1721,
      1721,
      1721,
      1721,
      0,
      0,
      0,
      0,
      1739,
      1739,
      1739,
      1739,
      1739,
      1739,
      1739,
      1739,
      1739,
      1739,
      1722,
      1722,
      1722,
      1722,
      1722,
      1722,
      1722,
      1722,
      1722,
      1722,
      1708,
      1708,
      1727,
      1727,
      1727,
      1727,
      1727,
      1727,
      1727,
      1728,
      1728,
      1728,
      1728,
      1728,
      1717,
      1717,
      1717,
      1717,
      1717,
      1717,
      1740,
      1740,
      1740,
      1740,
      1740,
      1740,
      1740,
      1740,
      1740,
      1740,
      1740,
      1740,
      1741,
      1741,
      1741,
      1741,
      1741,
      1741,
      1741,
      1723,
      1723,
      1723,
      1723,
      1723,
      1723,
      1723,
      1729,
      1729,
      1729,
      1729,
      1729,
      1729,
      1729,
      1729,
      1729,
      1729,
      1729,
      1729,
      1718,
      1718,
      1718,
      1718,
      1718,
      1718,
      1718,
      1718,
      1718,
      1724,
      1724,
      1724,
      1724,
      1724,
      1724,
      1724,
      1724,
      1724,
      1724,
      1724,
      1724,
      1724,
      1724,
      1724,
      1724,
      1724,
      1724,
      1742,
      1742,
      1742,
      1742,
      1742,
      1742,
      1742,
      1742,
      0,
      0,
      0,
      0,
      0,
      0,
      0,
      0,
      0,
      0,
      0,
      0,
      0,
      0,
      0,
      0,
      0,
      0,
      0,
      0,
      0,
      0,
      0,
      0,
      0,
      0,
      0,
      0,
      0,
      0,
      0,
      0,
      0,
      0,
      0,
      0,
      1730,
      1730,
      1730,
      1730,
      1730,
      1730,
      1730,
      1730,
      1730,
      1730,
      1730,
      1730,
      1730,
      1730,
      1730,
      1703,
      1703,
      1703,
      1703,
      1703,
      1703,
      1703
    ],
    [
      1731,
      1731,
      1731,
      1731,
      1731,
      1731,
      1731,
      1731,
      1731,
      1709,
      1709,
      1709,
      1709,
      1709,
      1709,
      1709,
      1709,
      1709,
      1709,
      1709,
      1709,
      1709,
      1709,
      1709,
      1709,
      1715,
      1715,
      1715,
      1715,
      1715,
      1715,
      1715,
      1715,
      0,
      0,
      0,
      0,
      0,
      0,
      0,
      0,
      1732,
      1732,
      1732,
      1732,
      1732,
      1732,
      1732,
      1733,
      1733,
      1733,
      1733,
      1733,
      1733,
      1716,
      1716,
      1716,
      1716,
      1716,
      1716,
      1716,
      1716,
      1716,
      1716,
      0,
      0,
      0,
      0,
      0,
      0,
      0,
      0,
      0,
      0,
      0,
      0,
      0,
      0,
      0,
      1734,
      1734,
      1734,
      1734,
      1734,
      1734,
      1734,
      1734,
      1734,
      1734,
      1734,
      1734,
      1734,
      1734,
      1734,
      1711,
      1711,
      1711,
      1711,
      1711,
      1711,
      1711,
      1711,
      1711,
      1711,
      1690,
      1690,
      1690,
      1690,
      0,
      0,
      0,
      0,
      0,
      0,
      0,
      0,
      0,
      0,
      0,
      0,
      0,
      0,
      0,
      0,
      0,
      0,
      0,
      0,
      0,
      0,
      0,
      0,
      0,
      0,
      0,
      0,
      0,
      0,
      0,
      0,
      0,
      0,
      0,
      0,
      0,
      0,
      0,
      0,
      0,
      0,
      0,
      0,
      0,
      0,
      0,
      0,
      0,
      0,
      0,
      0,
      0,
      0,
      0,
      0,
      0,
      0,
      0,
      0,
      0,
      0,
      0,
      0,
      0,
      0,
      0,
      0,
      0,
      0,
      0,
      0,
      0,
      0,
      1720,
      1720,
      1720,
      1720,
      1720,
      1720,
      1720,
      1720,
      1720,
      1720,
      1720,
      1720,
      1720,
      1720,
      1720,
      1735,
      1735,
      1735,
      1735,
      1735,
      1735,
      1735,
      1735,
      1735,
      1735,
      1735,
      1735,
      1735,
      1735,
      1735,
      1735,
      1735,
      1735,
      1735,
      1735,
      1725,
      1725,
      1725,
      1725,
      1725,
      1725,
      1725,
      1725,
      1725,
      1725,
      1725,
      1725,
      1725,
      1725,
      1725,
      1725,
      1725,
      1725,
      1725,
      1725,
      1725,
      1725,
      1725,
      1725,
      1725,
      1725,
      1725,
      1725,
      1725,
      1725,
      1725,
      1725,
      0,
      0,
      0,
      0,
      0,
      0,
      0,
      0,
      0,
      0,
      0,
      0,
      0,
      0,
      0,
      0,
      0,
      0,
      0,
      0,
      1736,
      1736,
      1736,
      1736,
      1736,
      1736,
      1736,
      1736,
      1736,
      1736,
      1736,
      1736,
      1736,
      1736,
      1736,
      1736,
      1736,
      1736,
      1737,
      1737,
      1737,
      1737,
      1737,
      1737,
      1737,
      1737,
      1737,
      1737,
      1737,
      1737,
      1737,
      1726,
      1726,
      1726,
      1726,
      1726,
      1726,
      1726,
      1726,
      1726,
      1726,
      1726,
      1726,
      1726,
      1726,
      1726,
      1726,
      1726,
      1726,
      1726,
      1738,
      1738,
      1738,
      1738,
      1738,
      1738,
      1738,
      1738,
      1738,
      1738,
      1721,
      1721,
      1721,
      1721,
      1721,
      1721,
      1721,
      1721,
      0,
      0,
      0,
      0,
      1739,
      1739,
      1739,
      1739,
      1739,
      1739,
      1739,
      1739,
      1739,
      1739,
      1739,
      1722,
      1722,
      1722,
      1722,
      1722,
      1722,
      1722,
      1722,
      1722,
      1708,
      1708,
      1727,
      1727,
      1727,
      1727,
      1727,
      1727,
      1727,
      1728,
      1728,
      1728,
      1728,
      1728,
      1728,
      1728,
      1728,
      1728,
      1728,
      1740,
      1740,
      1740,
      1740,
      1740,
      1740,
      1740,
      1740,
      1740,
      1740,
      1740,
      1740,
      1740,
      1741,
      1741,
      1741,
      1741,
      1741,
      1741,
      1741,
      1723,
      1723,
      1723,
      1723,
      1723,
      1723,
      1723,
      1729,
      1729,
      1729,
      1729,
      1729,
      1729,
      1729,
      1729,
      1729,
      1729,
      1729,
      1729,
      1729,
      1718,
      1718,
      1718,
      1718,
      1718,
      1718,
      1718,
      1718,
      1724,
      1724,
      1724,
      1724,
      1724,
      1724,
      1724,
      1724,
      1724,
      1724,
      1724,
      1724,
      1724,
      1724,
      1724,
      1724,
      1724,
      1724,
      1724,
      1742,
      1742,
      1742,
      1742,
      1742,
      1742,
      1742,
      1742,
      0,
      0,
      0,
      0,
      0,
      0,
      0,
      0,
      0,
      0,
      0,
      0,
      0,
      0,
      0,
      0,
      0,
      0,
      0,
      0,
      0,
      0,
      0,
      0,
      0,
      0,
      0,
      0,
      0,
      0,
      0,
      0,
      0,
      0,
      0,
      1730,
      1730,
      1730,
      1730,
      1730,
      1730,
      1730,
      1730,
      1730,
      1730,
      1730,
      1730,
      1730,
      1730,
      1730,
      1703,
      1703,
      1703,
      1703,
      1703,
      1703,
      1703
    ],
    [
      1731,
      1731,
      1731,
      1731,
      1731,
      1731,
      1731,
      1731,
      1731,
      1709,
      1709,
      1709,
      1709,
      1709,
      1709,
      1709,
      1709,
      1709,
      1709,
      1709,
      1709,
      1709,
      1709,
      1709,
      1709,
      1715,
      1715,
      1715,
      1715,
      1715,
      1715,
      1715,
      1715,
      0,
      0,
      0,
      0,
      0,
      0,
      0,
      0,
      1732,
      1732,
      1732,
      1732,
      1732,
      1732,
      1732,
      1733,
      1733,
      1733,
      1733,
      1733,
      1733,
      1716,
      1716,
      1716,
      1716,
      1716,
      1716,
      1716,
      1716,
      1716,
      1716,
      0,
      0,
      0,
      0,
      0,
      0,
      0,
      0,
      0,
      0,
      0,
      0,
      0,
      0,
      0,
      0,
      1734,
      1734,
      1734,
      1734,
      1734,
      1734,
      1734,
      1734,
      1734,
      1734,
      1734,
      1734,
      1734,
      1711,
      1711,
      1711,
      1711,
      1711,
      1711,
      1711,
      1711,
      1711,
      1711,
      1711,
      1690,
      1690,
      1690,
      1690,
      0,
      0,
      0,
      0,
      0,
      0,
      0,
      0,
      0,
      0,
      0,
      0,
      0,
      0,
      0,
      0,
      0,
      0,
      0,
      0,
      0,
      0,
      0,
      0,
      0,
      0,
      0,
      0,
      0,
      0,
      0,
      0,
      0,
      0,
      0,
      0,
      0,
      0,
      0,
      0,
      0,
      0,
      0,
      0,
      0,
      0,
      0,
      0,
      0,
      0,
      0,
      0,
      0,
      0,
      0,
      0,
      0,
      0,
      0,
      0,
      0,
      0,
      0,
      0,
      0,
      0,
      0,
      0,
      0,
      0,
      0,
      0,
      0,
      0,
      1720,
      1720,
      1720,
      1720,
      1720,
      1720,
      1720,
      1720,
      1720,
      1720,
      1720,
      1720,
      1735,
      1735,
      1735,
      1735,
      1735,
      1735,
      1735,
      1735,
      1735,
      1735,
      1735,
      1735,
      1735,
      1735,
      1735,
      1735,
      1735,
      1735,
      1735,
      1735,
      1735,
      1735,
      1735,
      1725,
      1725,
      1725,
      1725,
      1725,
      1725,
      1725,
      1725,
      1725,
      1725,
      1725,
      1725,
      1725,
      1725,
      1725,
      1725,
      1725,
      1725,
      1725,
      1725,
      1725,
      1725,
      1725,
      1725,
      1725,
      1725,
      1725,
      1725,
      1725,
      1725,
      1725,
      0,
      0,
      0,
      0,
      0,
      0,
      0,
      0,
      0,
      0,
      0,
      0,
      0,
      0,
      0,
      0,
      0,
      0,
      0,
      0,
      0,
      1736,
      1736,
      1736,
      1736,
      1736,
      1736,
      1736,
      1736,
      1736,
      1736,
      1736,
      1736,
      1736,
      1736,
      1736,
      1736,
      1736,
      1737,
      1737,
      1737,
      1737,
      1737,
      1737,
      1737,
      1737,
      1737,
      1737,
      1737,
      1737,
      1737,
      1726,
      1726,
      1726,
      1726,
      1726,
      1726,
      1726,
      1726,
      1726,
      1726,
      1726,
      1726,
      1726,
      1726,
      1726,
      1726,
      1726,
      1726,
      1726,
      1726,
      1738,
      1738,
      1738,
      1738,
      1738,
      1738,
      1738,
      1738,
      1738,
      1738,
      1721,
      1721,
      1721,
      1721,
      1721,
      1721,
      1721,
      1721,
      0,
      0,
      0,
      0,
      1739,
      1739,
      1739,
      1739,
      1739,
      1739,
      1739,
      1739,
      1739,
      1739,
      1739,
      1739,
      1739,
      1722,
      1722,
      1722,
      1722,
      1722,
      1722,
      1722,
      1708,
      1708,
      1727,
      1727,
      1727,
      1727,
      1727,
      1727,
      1727,
      1728,
      1728,
      1728,
      1728,
      1728,
      1728,
      1728,
      1728,
      1728,
      1728,
      1740,
      1740,
      1740,
      1740,
      1740,
      1740,
      1740,
      1740,
      1740,
      1740,
      1740,
      1740,
      1740,
      1741,
      1741,
      1741,
      1741,
      1741,
      1741,
      1741,
      1723,
      1723,
      1723,
      1723,
      1723,
      1723,
      1723,
      1729,
      1729,
      1729,
      1729,
      1729,
      1729,
      1729,
      1729,
      1729,
      1729,
      1729,
      1729,
      1729,
      1729,
      1729,
      1729,
      1729,
      1718,
      1718,
      1718,
      1718,
      1724,
      1724,
      1724,
      1724,
      1724,
      1724,
      1724,
      1724,
      1724,
      1724,
      1724,
      1724,
      1724,
      1724,
      1724,
      1724,
      1724,
      1724,
      1724,
      1742,
      1742,
      1742,
      1742,
      1742,
      1742,
      1742,
      1742,
      1742,
      0,
      0,
      0,
      0,
      0,
      0,
      0,
      0,
      0,
      0,
      0,
      0,
      0,
      0,
      0,
      0,
      0,
      0,
      0,
      0,
      0,
      0,
      0,
      0,
      0,
      0,
      0,
      0,
      0,
      0,
      0,
      0,
      0,
      0,
      1730,
      1730,
      1730,
      1730,
      1730,
      1730,
      1730,
      1730,
      1730,
      1730,
      1730,
      1730,
      1730,
      1730,
      1730,
      1730,
      1703,
      1703,
      1703,
      1703,
      1703,
      1703
    ],
    [
      1731,
      1731,
      1731,
      1731,
      1731,
      1731,
      1731,
      1731,
      1731,
      1709,
      1709,
      1709,
      1709,
      1709,
      1709,
      1709,
      1709,
      1709,
      1709,
      1709,
      1709,
      1709,
      1709,
      1709,
      1709,
      1715,
      1715,
      1715,
      1715,
      1715,
      1715,
      1715,
      0,
      0,
      0,
      0,
      0,
      0,
      0,
      0,
      0,
      1732,
      1732,
      1732,
      1732,
      1732,
      1732,
      1732,
      1733,
      1733,
      1733,
      1733,
      1733,
      1733,
      1716,
      1716,
      1716,
      1716,
      1716,
      1716,
      1716,
      1716,
      1716,
      1716,
      0,
      0,
      0,
      0,
      0,
      0,
      0,
      0,
      0,
      0,
      0,
      0,
      0,
      0,
      0,
      1734,
      1734,
      1734,
      1734,
      1734,
      1734,
      1734,
      1734,
      1734,
      1734,
      1734,
      1734,
      1734,
      1734,
      1711,
      1711,
      1711,
      1711,
      1711,
      1711,
      1711,
      1711,
      1711,
      1711,
      1711,
      1690,
      1690,
      1690,
      1690,
      0,
      0,
      0,
      0,
      0,
      0,
      0,
      0,
      0,
      0,
      0,
      0,
      0,
      0,
      0,
      0,
      0,
      0,
      0,
      0,
      0,
      0,
      0,
      0,
      0,
      0,
      0,
      0,
      0,
      0,
      0,
      0,
      0,
      0,
      0,
      0,
      0,
      0,
      0,
      0,
      0,
      0,
      0,
      0,
      0,
      0,
      0,
      0,
      0,
      0,
      0,
      0,
      0,
      0,
      0,
      0,
      0,
      0,
      0,
      0,
      0,
      0,
      0,
      0,
      0,
      0,
      0,
      0,
      0,
      0,
      0,
      0,
      0,
      0,
      1720,
      1720,
      1720,
      1720,
      1720,
      1720,
      1720,
      1720,
      1720,
      1720,
      1720,
      1720,
      1735,
      1735,
      1735,
      1735,
      1735,
      1735,
      1735,
      1735,
      1735,
      1735,
      1735,
      1735,
      1735,
      1735,
      1735,
      1735,
      1735,
      1735,
      1735,
      1735,
      1735,
      1735,
      1735,
      1725,
      1725,
      1725,
      1725,
      1725,
      1725,
      1725,
      1725,
      1725,
      1725,
      1725,
      1725,
      1725,
      1725,
      1725,
      1725,
      1725,
      1725,
      1725,
      1725,
      1725,
      1725,
      1725,
      1725,
      1725,
      1725,
      1725,
      1725,
      1725,
      1725,
      0,
      0,
      0,
      0,
      0,
      0,
      0,
      0,
      0,
      0,
      0,
      0,
      0,
      0,
      0,
      0,
      0,
      0,
      0,
      0,
      0,
      0,
      1736,
      1736,
      1736,
      1736,
      1736,
      1736,
      1736,
      1736,
      1736,
      1736,
      1736,
      1736,
      1736,
      1736,
      1736,
      1736,
      1736,
      1737,
      1737,
      1737,
      1737,
      1737,
      1737,
      1737,
      1737,
      1737,
      1737,
      1737,
      1737,
      1737,
      1737,
      1726,
      1726,
      1726,
      1726,
      1726,
      1726,
      1726,
      1726,
      1726,
      1726,
      1726,
      1726,
      1726,
      1726,
      1726,
      1726,
      1726,
      1726,
      1726,
      1738,
      1738,
      1738,
      1738,
      1738,
      1738,
      1738,
      1738,
      1721,
      1721,
      1721,
      1721,
      1721,
      1721,
      1721,
      1721,
      1721,
      1721,
      0,
      0,
      0,
      0,
      1739,
      1739,
      1739,
      1739,
      1739,
      1739,
      1739,
      1739,
      1739,
      1739,
      1739,
      1739,
      1739,
      1739,
      1739,
      1722,
      1722,
      1722,
      1722,
      1722,
      1708,
      1708,
      1727,
      1727,
      1727,
      1727,
      1727,
      1727,
      1727,
      1728,
      1728,
      1728,
      1728,
      1728,
      1728,
      1728,
      1728,
      1728,
      1740,
      1740,
      1740,
      1740,
      1740,
      1740,
      1740,
      1740,
      1740,
      1740,
      1740,
      1740,
      1740,
      1740,
      1741,
      1741,
      1741,
      1741,
      1741,
      1741,
      1741,
      1723,
      1723,
      1723,
      1723,
      1723,
      1723,
      1723,
      1729,
      1729,
      1729,
      1729,
      1729,
      1729,
      1729,
      1729,
      1729,
      1729,
      1729,
      1729,
      1729,
      1729,
      1729,
      1729,
      1729,
      1718,
      1718,
      1718,
      1718,
      1724,
      1724,
      1724,
      1724,
      1724,
      1724,
      1724,
      1724,
      1724,
      1724,
      1724,
      1724,
      1724,
      1724,
      1724,
      1724,
      1724,
      1724,
      1724,
      1742,
      1742,
      1742,
      1742,
      1742,
      1742,
      1742,
      1742,
      1742,
      0,
      0,
      0,
      0,
      0,
      0,
      0,
      0,
      0,
      0,
      0,
      0,
      0,
      0,
      0,
      0,
      0,
      0,
      0,
      0,
      0,
      0,
      0,
      0,
      0,
      0,
      0,
      0,
      0,
      0,
      0,
      0,
      0,
      0,
      1730,
      1730,
      1730,
      1730,
      1730,
      1730,
      1730,
      1730,
      1730,
      1730,
      1730,
      1730,
      1730,
      1730,
      1730,
      1730,
      1703,
      1703,
      1703,
      1703,
      1703,
      1703
    ],
    [
      1731,
      1731,
      1731,
      1731,
      1731,
      1731,
      1731,
      1731,
      1731,
      1709,
      1709,
      1709,
      1709,
      1709,
      1709,
      1709,
      1709,
      1709,
      1709,
      1709,
      1709,
      1709,
      1709,
      1709,
      1709,
      1715,
      1715,
      1715,
      1715,
      1715,
      1715,
      1715,
      0,
      0,
      0,
      0,
      0,
      0,
      0,
      0,
      0,
      1732,
      1732,
      1732,
      1732,
      1732,
      1732,
      1732,
      1733,
      1733,
      1733,
      1733,
      1733,
      1733,
      1716,
      1716,
      1716,
      1716,
      1716,
      1716,
      1716,
      1716,
      1716,
      1716,
      0,
      0,
      0,
      0,
      0,
      0,
      0,
      0,
      0,
      0,
      0,
      0,
      0,
      0,
      0,
      1734,
      1734,
      1734,
      1734,
      1734,
      1734,
      1734,
      1734,
      1734,
      1734,
      1734,
      1734,
      1734,
      1734,
      1711,
      1711,
      1711,
      1711,
      1711,
      1711,
      1711,
      1711,
      1711,
      1711,
      1711,
      1690,
      1690,
      1690,
      1690,
      0,
      0,
      0,
      0,
      0,
      0,
      0,
      0,
      0,
      0,
      0,
      0,
      0,
      0,
      0,
      0,
      0,
      0,
      0,
      0,
      0,
      0,
      0,
      0,
      0,
      0,
      0,
      0,
      0,
      0,
      0,
      0,
      0,
      0,
      0,
      0,
      0,
      0,
      0,
      0,
      0,
      0,
      0,
      0,
      0,
      0,
      0,
      0,
      0,
      0,
      0,
      0,
      0,
      0,
      0,
      0,
      0,
      0,
      0,
      0,
      0,
      0,
      0,
      0,
      0,
      0,
      0,
      0,
      0,
      0,
      0,
      0,
      0,
      0,
      1720,
      1720,
      1720,
      1720,
      1720,
      1720,
      1720,
      1720,
      1720,
      1735,
      1735,
      1735,
      1735,
      1735,
      1735,
      1735,
      1735,
      1735,
      1735,
      1735,
      1735,
      1735,
      1735,
      1735,
      1735,
      1735,
      1735,
      1735,
      1735,
      1735,
      1735,
      1735,
      1735,
      1735,
      1735,
      1725,
      1725,
      1725,
      1725,
      1725,
      1725,
      1725,
      1725,
      1725,
      1725,
      1725,
      1725,
      1725,
      1725,
      1725,
      1725,
      1725,
      1725,
      1725,
      1725,
      1725,
      1725,
      1725,
      1725,
      1725,
      1725,
      1725,
      1725,
      1725,
      1725,
      0,
      0,
      0,
      0,
      0,
      0,
      0,
      0,
      0,
      0,
      0,
      0,
      0,
      0,
      0,
      0,
      0,
      0,
      0,
      0,
      0,
      0,
      1736,
      1736,
      1736,
      1736,
      1736,
      1736,
      1736,
      1736,
      1736,
      1736,
      1736,
      1736,
      1736,
      1736,
      1736,
      1736,
      1737,
      1737,
      1737,
      1737,
      1737,
      1737,
      1737,
      1737,
      1737,
      1737,
      1737,
      1737,
      1737,
      1737,
      1726,
      1726,
      1726,
      1726,
      1726,
      1726,
      1726,
      1726,
      1726,
      1726,
      1726,
      1726,
      1726,
      1726,
      1726,
      1726,
      1726,
      1726,
      1726,
      1726,
      1738,
      1738,
      1738,
      1738,
      1738,
      1738,
      1738,
      1738,
      1721,
      1721,
      1721,
      1721,
      1721,
      1721,
      1721,
      1721,
      1721,
      1721,
      0,
      0,
      0,
      0,
      1739,
      1739,
      1739,
      1739,
      1739,
      1739,
      1739,
      1739,
      1739,
      1739,
      1739,
      1739,
      1739,
      1739,
      1739,
      1722,
      1722,
      1722,
      1722,
      1722,
      1708,
      1708,
      1727,
      1727,
      1727,
      1727,
      1727,
      1727,
      1727,
      1728,
      1728,
      1728,
      1728,
      1728,
      1728,
      1728,
      1728,
      1728,
      1740,
      1740,
      1740,
      1740,
      1740,
      1740,
      1740,
      1740,
      1740,
      1740,
      1740,
      1740,
      1740,
      1740,
      1741,
      1741,
      1741,
      1741,
      1741,
      1741,
      1741,
      1723,
      1723,
      1723,
      1723,
      1723,
      1723,
      1723,
      1729,
      1729,
      1729,
      1729,
      1729,
      1729,
      1729,
      1729,
      1729,
      1729,
      1729,
      1729,
      1729,
      1729,
      1729,
      1729,
      1729,
      1718,
      1718,
      1718,
      1718,
      1724,
      1724,
      1724,
      1724,
      1724,
      1724,
      1724,
      1724,
      1724,
      1724,
      1724,
      1724,
      1724,
      1724,
      1724,
      1724,
      1724,
      1724,
      1724,
      1742,
      1742,
      1742,
      1742,
      1742,
      1742,
      1742,
      1742,
      1742,
      0,
      0,
      0,
      0,
      0,
      0,
      0,
      0,
      0,
      0,
      0,
      0,
      0,
      0,
      0,
      0,
      0,
      0,
      0,
      0,
      0,
      0,
      0,
      0,
      0,
      0,
      0,
      0,
      0,
      0,
      0,
      0,
      0,
      0,
      1730,
      1730,
      1730,
      1730,
      1730,
      1730,
      1730,
      1730,
      1730,
      1730,
      1730,
      1730,
      1730,
      1730,
      1730,
      1730,
      1703,
      1703,
      1703,
      1703,
      1703,
      1703
    ]
  ]
}
]]></system-out>
  </testcase>
  <testcase name="Ep7Loading" classname="Sanitytesting.cellannotation" time="1.907">
    <system-out><![CDATA[Sending POST request to ep7 loading 
HTTP/1.1 200 
Server: nginx/1.18.0
Date: Wed, 13 Sep 2023 11:13:03 GMT
Content-Length: 3229
Connection: keep-alive
x-request-id: 02a6a487-d556-47fa-8461-9bff677dfe1b
access-control-allow-origin: *
access-control-allow-methods: GET, POST, PUT, OPTIONS
access-control-allow-headers: X-Custom-Header
Pragma: no-cache
Cache-Control: no-cache; no-store, must-revalidate, private
Expires: Thu, 01 Jan 1970 00:00:00 UTC
Access-Control-Allow-Origin: *

{
  "image_mask": "b'iVBORw0KGgoAAAANSUhEUgAAAgAAAAIACAYAAAD0eNT6AAAJKElEQVR4nO3dwWrbUBBA0Tcl///L01XakhBKS2I5uufsDAbPSlyP7KfZ3QMAtPy4egAA4PEEAAAECQAACBIAABAkAAAgSAAAQJAAAIAgAQAAQQIAAIIEAAAECQAACBIAABAkAAAgSAAAQJAAAIAgAQAAQQIAAIIEAAAECQAACBIAABAkAAAgSAAAQJAAAIAgAQAAQQIAAIIEAAAECQAACBIAABAkAAAgSAAAQJAAAIAgAQAAQQIAAIIEAAAECQAACBIAABAkAAAgSAAAQJAAAIAgAQAAQQIAAIIEAAAECQAACBIAABAkAAA4Z2bPzF49Bo8jAAAgaHYFHwDU2AAAvLIGJ0QAAECQWwAAEGQDAABBAgAAggQAAAQJAAAIEgAAECQAACBIAABAkAAAgCABAABBAgAAggQAAAQJAAAIEgAAECQAACBIAABAkAAAgCABAABBAgAAggQAAAQJAAAIEgAAECQAACBIAABAkAAAgCABAABBAgAAggQAAAQJAAAIEgAAECQAACBIAABAkAAAgCABAABBAgAAggQAAAQJAAAIEgAAECQAACBIAABAkAAAgCABAABBAgAAggQAAAQJAAAIEgAAECQAACBIAABAkAAAgCABAABBAgAAggQAAAQJAAAIEgAAECQAACBIAABAkAAAgCABAABBAgAAggQAAAQJAAAIEgAAECQAACBIAABAkAAAgCABAABBAgAAggQAAAQJAAAIEgAAECQAACBIAABAkAAAgCABAABBAgAAggQAAAQJAAAIEgAAECQAACBIAABAkAAAgCABAABBAgAAggQAAAQJAAAIEgAAECQAACBIAABAkAAAgCABAABBAgAAggQAAAQJAAB4BjN7ZvZRHycAACBodh8WGwDAk7ABAIAgAQAAQQIAAIIEAAAECQAACBIAABAkAAAgSAAAQJAAAIAgAQAAQQIAAIIEAAAECQAACBIAABAkAAAgSAAAQJAAAIAgAQAAQQIAAIIEAAAECQAACBIAABAkAAAgSAAAQJAAAIAgAQAAQQIAgPub2TOzV4/xTAQAAATNriACgBobAAAIEgAAECQAACBIAABAkAAAgCABAABBAgAAggQAAAQJAAAIEgAAECQAACBIAABAkAAAgCABAABBAgAAggQAAAQJAAAIEgAAECQAACBIAABAkAAAgCABAABBAgAAggQAAAQJAAAIEgAAECQAACBIAABAkAAAgCABAABBAgAAggQAAAQJAAAIEgAAECQAACBIAABAkAAAgCABAABBAgAAggQAAAQJAAAIEgAA3NvMnpm9eoxnIwAAIGh2RREA1NgAAECQAACAIAEAAEECAACCBAAABAkAAAgSAAAQJAAAuAcn/v0TAQBXcKECLvZy9QAA8Cl25+oRvhNHAQNAkFsAABAkAAAgSAAAQJAAAIAgAQAAQQIAAIIEAAAECQAACBIAABAkAAAgSAAAQJAAAIAgAQAAQQIAAIIEAAAECQAACBIAABAkAAAgSAAAQJAAAIAgAQAAQQIAAIIEAAAECQAACBIAABAkAAAgSAAAQJAAAIAgAQAAz2Rmz8x+9ccIAAAImt0vjwwA4MnYAABAkAAAgCABAABBAgAAggQAAAQJAAAIEgAAECQAACBIAABAkAAAgCABAABBAgAAggQAAAQJAAAIEgAAECQAACBIAABAkAAAgCABAABBAgAAggQAAAQJAAAIEgAAECQAACBIAABAkAAAgCABAABBAgAAggQAAAQJAAAIEgAAECQAACBIAABAkAAAgCABAABBAgAAggQAAAQJAAAIEgAAECQAACBIAABAkAAAgCABAABBAgAAggQAAAQJAAAIEgAAECQAACBIAABAkAAAgCABAABBAgAAggQAAAQJAAAIEgAAECQAACBIAABAkAAAgCABAABBAgAAggQAAAQJAAAIEgAAECQAACBIAABAkAAAgCABAABBAgAAggQAAAQJAAAIEgAAECQAACBIAABAkAAAgCABAABBAgAAggQAAAQJAAAIEgAAECQAACBIAABAkAAAgCABAABBAgAAggQAAAQJAAAIEgAAECQAACBIAABAkAAAgCABAABBAgAAggQAAAQJAAAIEgAAECQAACBIAABAkAAAgCABAABBAgAAggQAAAQJAAAIEgAAECQAACBIAABAkAAAgCABAABBAgAAggQAAAQJAAAIEgAAECQAACBIAABAkAAAgCABAABBAgAAggQAAAQJAAAIEgAAECQAACBIAABAkAAAgCABAABBAgAAggQAAAQJAAAIEgAAECQAACBIAABAkAAAgCABAABBAgAAggQAAAQJAAAIEgAAECQAACBIAABAkAAAgCABAABBs+fsOeec3bl4FgDgQWwAACBodvfqGQCAB7MBAIAgAQAAQQIAAIJerh4AAHigmT3HBgAAkvwLAACCbAAAIEgAAECQAACAIAEAAEECAACCBAAABAkAAAi6ZwDM7OtJRwDAe/cMAPiTIAR4557PAtidq0cAgGfmKGAACHILAACCBMBncZ8ZgG9EAABAkN8AAECQDQAABAkAAAgSAAAQJAAAIEgAAECQAACAIAEAAEECAACCBAAABAkAAAgSAAAQJAAAIEgAAECQAACAIAEAAEECAACCBAAABAkAACiY2TOzry8FAAAEze7+/V0AwK3YAABAkAAAgCABAABBAgAAggQAAAQJAAAIEgAAECQAACBIAABAkAAAgCABAABBAgAAggQAAAQJAAAIEgAAECQAACBIAABAkAAAgCABAABBAgAAggQAAAQJAAAIEgAAECQAACBIAABAkAAAgKD7B8DMnpm9egwAeCb3DwAA4J3Z9eWYC71uZ3bn4kkAUmwAACDIBgAAgmwAACBIAABAkAAAgCABAABBAgAAggTAd+NkQwA+gQC4k4/iQDQA8MbL1QPwj5yYB785SRL+mwC4k48ugi6OALzhJEAACPIbAAAIEgAAECQAACBIAABAkAAAgCABAABBAgAAggQAAAQJAAAIEgAAECQAACBIAABAkAAAgO9gZn89AvsTCAAACPI4YAAIsgEAgCABAABBAgAAggQAAAQJAAAIEgAAECQAACBIAABAkAAAgCABAABBAgAAggQAAAQJAAAI+gmYpW3ho0qgLwAAAABJRU5ErkJggg=='"
}
]]></system-out>
  </testcase>
  <testcase name="save" classname="Sanitytesting.cellannotation" time="0.636">
    <system-out><![CDATA[Sending POST request to save 
HTTP/1.1 200 OK
Server: nginx/1.18.0
Date: Wed, 13 Sep 2023 11:13:03 GMT
Content-Type: application/json
Content-Length: 107
Connection: keep-alive
Vary: Accept, Origin
Allow: OPTIONS, POST
X-Frame-Options: ALLOW-FROM HTTPS://LOCALHOST/
X-Content-Type-Options: nosniff
Referrer-Policy: same-origin
Access-Control-Allow-Origin: *

{
    "status": true,
    "msg": "Annotated data saved Successfully",
    "metrics": "Exception on metrics calculation"
}
]]></system-out>
  </testcase>
</testsuite>