<?xml version="1.0" encoding="UTF-8"?>
<!-- Generated by org.testng.reporters.JUnitReportReporter -->
<testsuite hostname="vivobook-asuslaptop-x512flc-x512fl" failures="0" tests="5" name="Sanitytesting.cellannotation" time="11.490" errors="0" timestamp="2023-09-20T16:51:18 IST" skipped="0">
  <testcase classname="Sanitytesting.cellannotation" name="Tileloading" time="3.333"/>
  <testcase classname="Sanitytesting.cellannotation" name="Ep1Loading" time="3.027"/>
  <testcase classname="Sanitytesting.cellannotation" name="Ep4Loading" time="2.196"/>
  <testcase classname="Sanitytesting.cellannotation" name="Ep7Loading" time="1.803"/>
  <testcase classname="Sanitytesting.cellannotation" name="save" time="1.131"/>
</testsuite> <!-- Sanitytesting.cellannotation -->
