<?xml version="1.0" encoding="UTF-8"?>
<!-- Generated by org.testng.reporters.JUnitReportReporter -->
<testsuite hostname="vivobook-asuslaptop-x512flc-x512fl" failures="0" tests="5" name="Sanitytesting.cellannotation" time="22.477" errors="0" timestamp="2023-09-12T15:59:44 IST" skipped="0">
  <testcase classname="Sanitytesting.cellannotation" name="Tileloading" time="14.096"/>
  <testcase classname="Sanitytesting.cellannotation" name="Ep1Loading" time="3.323"/>
  <testcase classname="Sanitytesting.cellannotation" name="Ep4Loading" time="2.746"/>
  <testcase classname="Sanitytesting.cellannotation" name="Ep7Loading" time="1.949"/>
  <testcase classname="Sanitytesting.cellannotation" name="save" time="0.363"/>
</testsuite> <!-- Sanitytesting.cellannotation -->
