<?xml version="1.0" encoding="UTF-8"?>
<!-- Generated by org.testng.reporters.JUnitReportReporter -->
<testsuite hostname="vivobook-asuslaptop-x512flc-x512fl" failures="0" tests="5" name="Sanitytesting.cellannotation" time="9.521" errors="0" timestamp="2023-09-20T15:21:52 IST" skipped="0">
  <testcase classname="Sanitytesting.cellannotation" name="Tileloading" time="2.377"/>
  <testcase classname="Sanitytesting.cellannotation" name="Ep1Loading" time="2.742"/>
  <testcase classname="Sanitytesting.cellannotation" name="Ep4Loading" time="2.048"/>
  <testcase classname="Sanitytesting.cellannotation" name="Ep7Loading" time="1.528"/>
  <testcase classname="Sanitytesting.cellannotation" name="save" time="0.826"/>
</testsuite> <!-- Sanitytesting.cellannotation -->
