<?xml version="1.0" encoding="UTF-8"?>
<!-- Generated by org.testng.reporters.JUnitReportReporter -->
<testsuite hostname="vivobook-asuslaptop-x512flc-x512fl" failures="0" tests="1" name="Sanitytesting.cellannotation" time="5.312" errors="0" timestamp="2023-09-13T19:43:14 IST" skipped="0">
  <testcase classname="Sanitytesting.cellannotation" name="save" time="5.312"/>
</testsuite> <!-- Sanitytesting.cellannotation -->
