<?xml version="1.0" encoding="UTF-8"?>
<!-- Generated by org.testng.reporters.JUnitReportReporter -->
<testsuite hostname="vivobook-asuslaptop-x512flc-x512fl" failures="0" tests="1" name="Sanitytesting.cellannotation" time="7.316" errors="0" timestamp="2023-09-13T20:14:35 IST" skipped="0">
  <testcase classname="Sanitytesting.cellannotation" name="save" time="7.316"/>
</testsuite> <!-- Sanitytesting.cellannotation -->
